order:    [ 1 5 9 0 2 4 6 8 10 13 14 15 3 7 11 12 16 17 ]
atoms:    [ CA CA CA N C N C N C N CA C HA H H HA H HA ]
residues: [ 0 1 2 0 0 1 1 2 2 3 3 3 0 1 2 2 3 3 ]

d_0_5=4.605374475506 eijMax=9.761E-03 rmsd=1.522E-01 s=[ 0 0 0 0 1 0 1 1 0 0 0 0 0 0 1 0 1 0 ]
d_0_5=4.605374475506 eijMax=9.761E-03 rmsd=1.522E-01 s=[ 0 0 0 1 0 1 0 0 1 1 1 1 1 1 0 1 0 1 ]
d_0_5=4.606343223874 eijMax=9.326E-03 rmsd=1.453E-01 s=[ 0 0 0 0 1 0 1 1 0 0 0 0 0 0 1 0 1 0 ]
d_0_5=4.606343223874 eijMax=9.326E-03 rmsd=1.453E-01 s=[ 0 0 0 1 0 1 0 0 1 1 1 1 1 1 0 1 0 1 ]
d_0_5=4.607311972242 eijMax=8.888E-03 rmsd=1.383E-01 s=[ 0 0 0 0 1 0 1 1 0 0 0 0 0 0 1 0 1 0 ]
d_0_5=4.607311972242 eijMax=8.888E-03 rmsd=1.383E-01 s=[ 0 0 0 1 0 1 0 0 1 1 1 1 1 1 0 1 0 1 ]
d_0_5=4.608280720611 eijMax=8.447E-03 rmsd=1.313E-01 s=[ 0 0 0 0 1 0 1 1 0 0 0 0 0 0 1 0 1 0 ]
d_0_5=4.608280720611 eijMax=8.447E-03 rmsd=1.313E-01 s=[ 0 0 0 1 0 1 0 0 1 1 1 1 1 1 0 1 0 1 ]
d_0_5=4.609249468979 eijMax=8.002E-03 rmsd=1.242E-01 s=[ 0 0 0 0 1 0 1 1 0 0 0 0 0 0 1 0 1 0 ]
d_0_5=4.609249468979 eijMax=8.002E-03 rmsd=1.242E-01 s=[ 0 0 0 1 0 1 0 0 1 1 1 1 1 1 0 1 0 1 ]
d_0_5=4.610218217347 eijMax=7.554E-03 rmsd=1.172E-01 s=[ 0 0 0 0 1 0 1 1 0 0 0 0 0 0 1 0 1 0 ]
d_0_5=4.610218217347 eijMax=7.554E-03 rmsd=1.172E-01 s=[ 0 0 0 1 0 1 0 0 1 1 1 1 1 1 0 1 0 1 ]
d_0_5=4.611186965716 eijMax=7.103E-03 rmsd=1.100E-01 s=[ 0 0 0 0 1 0 1 1 0 0 0 0 0 0 1 0 1 0 ]
d_0_5=4.611186965716 eijMax=7.103E-03 rmsd=1.100E-01 s=[ 0 0 0 1 0 1 0 0 1 1 1 1 1 1 0 1 0 1 ]
d_0_5=4.612155714084 eijMax=6.648E-03 rmsd=1.029E-01 s=[ 0 0 0 0 1 0 1 1 0 0 0 0 0 0 1 0 1 0 ]
d_0_5=4.612155714084 eijMax=6.648E-03 rmsd=1.029E-01 s=[ 0 0 0 1 0 1 0 0 1 1 1 1 1 1 0 1 0 1 ]
d_0_5=4.613124462452 eijMax=6.190E-03 rmsd=9.568E-02 s=[ 0 0 0 0 1 0 1 1 0 0 0 0 0 0 1 0 1 0 ]
d_0_5=4.613124462452 eijMax=6.190E-03 rmsd=9.568E-02 s=[ 0 0 0 1 0 1 0 0 1 1 1 1 1 1 0 1 0 1 ]
d_0_5=4.614093210821 eijMax=5.728E-03 rmsd=8.844E-02 s=[ 0 0 0 0 1 0 1 1 0 0 0 0 0 0 1 0 1 0 ]
d_0_5=4.614093210821 eijMax=5.728E-03 rmsd=8.844E-02 s=[ 0 0 0 1 0 1 0 0 1 1 1 1 1 1 0 1 0 1 ]
d_0_5=4.615061959189 eijMax=5.263E-03 rmsd=8.116E-02 s=[ 0 0 0 0 1 0 1 1 0 0 0 0 0 0 1 0 1 0 ]
d_0_5=4.615061959189 eijMax=5.263E-03 rmsd=8.116E-02 s=[ 0 0 0 1 0 1 0 0 1 1 1 1 1 1 0 1 0 1 ]
d_0_5=4.616030707558 eijMax=4.793E-03 rmsd=7.385E-02 s=[ 0 0 0 0 1 0 1 1 0 0 0 0 0 0 1 0 1 0 ]
d_0_5=4.616030707558 eijMax=4.793E-03 rmsd=7.385E-02 s=[ 0 0 0 1 0 1 0 0 1 1 1 1 1 1 0 1 0 1 ]
d_0_5=4.616999455926 eijMax=4.320E-03 rmsd=6.649E-02 s=[ 0 0 0 0 1 0 1 1 0 0 0 0 0 0 1 0 1 0 ]
d_0_5=4.616999455926 eijMax=4.320E-03 rmsd=6.649E-02 s=[ 0 0 0 1 0 1 0 0 1 1 1 1 1 1 0 1 0 1 ]
d_0_5=4.617968204294 eijMax=3.843E-03 rmsd=5.908E-02 s=[ 0 0 0 0 1 0 1 1 0 0 0 0 0 0 1 0 1 0 ]
d_0_5=4.617968204294 eijMax=3.843E-03 rmsd=5.908E-02 s=[ 0 0 0 1 0 1 0 0 1 1 1 1 1 1 0 1 0 1 ]
d_0_5=4.618936952663 eijMax=3.362E-03 rmsd=5.163E-02 s=[ 0 0 0 0 1 0 1 1 0 0 0 0 0 0 1 0 1 0 ]
d_0_5=4.618936952663 eijMax=3.362E-03 rmsd=5.163E-02 s=[ 0 0 0 1 0 1 0 0 1 1 1 1 1 1 0 1 0 1 ]
d_0_5=4.619905701031 eijMax=2.877E-03 rmsd=4.414E-02 s=[ 0 0 0 0 1 0 1 1 0 0 0 0 0 0 1 0 1 0 ]
d_0_5=4.619905701031 eijMax=2.877E-03 rmsd=4.414E-02 s=[ 0 0 0 1 0 1 0 0 1 1 1 1 1 1 0 1 0 1 ]
d_0_5=4.620874449399 eijMax=2.388E-03 rmsd=3.660E-02 s=[ 0 0 0 0 1 0 1 1 0 0 0 0 0 0 1 0 1 0 ]
d_0_5=4.620874449399 eijMax=2.388E-03 rmsd=3.660E-02 s=[ 0 0 0 1 0 1 0 0 1 1 1 1 1 1 0 1 0 1 ]
d_0_5=4.621843197768 eijMax=1.895E-03 rmsd=2.901E-02 s=[ 0 0 0 0 1 0 1 1 0 0 0 0 0 0 1 0 1 0 ]
d_0_5=4.621843197768 eijMax=1.895E-03 rmsd=2.901E-02 s=[ 0 0 0 1 0 1 0 0 1 1 1 1 1 1 0 1 0 1 ]
d_0_5=4.622811946136 eijMax=1.397E-03 rmsd=2.137E-02 s=[ 0 0 0 0 1 0 1 1 0 0 0 0 0 0 1 0 1 0 ]
d_0_5=4.622811946136 eijMax=1.397E-03 rmsd=2.137E-02 s=[ 0 0 0 1 0 1 0 0 1 1 1 1 1 1 0 1 0 1 ]
d_0_5=4.623780694505 eijMax=8.948E-04 rmsd=1.369E-02 s=[ 0 0 0 0 1 0 1 1 0 0 0 0 0 0 1 0 1 0 ]
d_0_5=4.623780694505 eijMax=8.948E-04 rmsd=1.369E-02 s=[ 0 0 0 1 0 1 0 0 1 1 1 1 1 1 0 1 0 1 ]
d_0_5=4.624749442873 eijMax=3.883E-04 rmsd=5.945E-03 s=[ 0 0 0 0 1 0 1 1 0 0 0 0 0 0 1 0 1 0 ]
d_0_5=4.624749442873 eijMax=3.883E-04 rmsd=5.945E-03 s=[ 0 0 0 1 0 1 0 0 1 1 1 1 1 1 0 1 0 1 ]
d_0_5=4.625718191241 eijMax=1.229E-04 rmsd=1.848E-03 s=[ 0 0 0 0 1 0 1 1 0 0 0 0 0 0 1 0 1 0 ]
d_0_5=4.625718191241 eijMax=1.229E-04 rmsd=1.848E-03 s=[ 0 0 0 1 0 1 0 0 1 1 1 1 1 1 0 1 0 1 ]
d_0_5=4.626686939610 eijMax=6.388E-04 rmsd=9.696E-03 s=[ 0 0 0 0 1 0 1 1 0 0 0 0 0 0 1 0 1 0 ]
d_0_5=4.626686939610 eijMax=6.388E-04 rmsd=9.696E-03 s=[ 0 0 0 1 0 1 0 0 1 1 1 1 1 1 0 1 0 1 ]
d_0_5=4.627655687978 eijMax=1.159E-03 rmsd=1.760E-02 s=[ 0 0 0 0 1 0 1 1 0 0 0 0 0 0 1 0 1 0 ]
d_0_5=4.627655687978 eijMax=1.159E-03 rmsd=1.760E-02 s=[ 0 0 0 1 0 1 0 0 1 1 1 1 1 1 0 1 0 1 ]
d_0_5=4.628624436346 eijMax=1.685E-03 rmsd=2.556E-02 s=[ 0 0 0 0 1 0 1 1 0 0 0 0 0 0 1 0 1 0 ]
d_0_5=4.628624436346 eijMax=1.685E-03 rmsd=2.556E-02 s=[ 0 0 0 1 0 1 0 0 1 1 1 1 1 1 0 1 0 1 ]
d_0_5=4.629593184715 eijMax=2.216E-03 rmsd=3.358E-02 s=[ 0 0 0 0 1 0 1 1 0 0 0 0 0 0 1 0 1 0 ]
d_0_5=4.629593184715 eijMax=2.216E-03 rmsd=3.358E-02 s=[ 0 0 0 1 0 1 0 0 1 1 1 1 1 1 0 1 0 1 ]
d_0_5=4.630561933083 eijMax=2.751E-03 rmsd=4.166E-02 s=[ 0 0 0 0 1 0 1 1 0 0 0 0 0 0 1 0 1 0 ]
d_0_5=4.630561933083 eijMax=2.751E-03 rmsd=4.166E-02 s=[ 0 0 0 1 0 1 0 0 1 1 1 1 1 1 0 1 0 1 ]
d_0_5=4.631530681451 eijMax=3.292E-03 rmsd=4.981E-02 s=[ 0 0 0 0 1 0 1 1 0 0 0 0 0 0 1 0 1 0 ]
d_0_5=4.631530681451 eijMax=3.292E-03 rmsd=4.981E-02 s=[ 0 0 0 1 0 1 0 0 1 1 1 1 1 1 0 1 0 1 ]
d_0_5=4.632499429820 eijMax=3.839E-03 rmsd=5.802E-02 s=[ 0 0 0 0 1 0 1 1 0 0 0 0 0 0 1 0 1 0 ]
d_0_5=4.632499429820 eijMax=3.839E-03 rmsd=5.802E-02 s=[ 0 0 0 1 0 1 0 0 1 1 1 1 1 1 0 1 0 1 ]
d_0_5=4.633468178188 eijMax=4.391E-03 rmsd=6.629E-02 s=[ 0 0 0 0 1 0 1 1 0 0 0 0 0 0 1 0 1 0 ]
d_0_5=4.633468178188 eijMax=4.391E-03 rmsd=6.629E-02 s=[ 0 0 0 1 0 1 0 0 1 1 1 1 1 1 0 1 0 1 ]
d_0_5=4.634436926557 eijMax=4.949E-03 rmsd=7.463E-02 s=[ 0 0 0 0 1 0 1 1 0 0 0 0 0 0 1 0 1 0 ]
d_0_5=4.634436926557 eijMax=4.949E-03 rmsd=7.463E-02 s=[ 0 0 0 1 0 1 0 0 1 1 1 1 1 1 0 1 0 1 ]
d_0_5=4.635405674925 eijMax=5.512E-03 rmsd=7.962E-02 s=[ 0 0 0 0 1 0 1 1 0 0 0 0 0 0 0 0 1 0 ]
d_0_5=4.635405674925 eijMax=5.512E-03 rmsd=7.962E-02 s=[ 0 0 0 1 0 1 0 0 1 1 1 1 1 1 1 1 0 1 ]
d_0_5=4.636374423293 eijMax=6.082E-03 rmsd=8.267E-02 s=[ 0 0 0 0 1 0 1 1 0 0 0 0 0 0 0 0 1 0 ]
d_0_5=4.636374423293 eijMax=6.082E-03 rmsd=8.267E-02 s=[ 0 0 0 1 0 1 0 0 1 1 1 1 1 1 1 1 0 1 ]
d_0_5=4.637343171662 eijMax=6.658E-03 rmsd=8.650E-02 s=[ 0 0 0 0 1 0 1 1 0 0 0 0 0 0 0 0 1 0 ]
d_0_5=4.637343171662 eijMax=6.658E-03 rmsd=8.650E-02 s=[ 0 0 0 1 0 1 0 0 1 1 1 1 1 1 1 1 0 1 ]
d_0_5=4.638311920030 eijMax=7.240E-03 rmsd=9.104E-02 s=[ 0 0 0 0 1 0 1 1 0 0 0 0 0 0 0 0 1 0 ]
d_0_5=4.638311920030 eijMax=7.240E-03 rmsd=9.104E-02 s=[ 0 0 0 1 0 1 0 0 1 1 1 1 1 1 1 1 0 1 ]
d_0_5=4.639280668398 eijMax=7.829E-03 rmsd=9.621E-02 s=[ 0 0 0 0 1 0 1 1 0 0 0 0 0 0 0 0 1 0 ]
d_0_5=4.639280668398 eijMax=7.829E-03 rmsd=9.621E-02 s=[ 0 0 0 1 0 1 0 0 1 1 1 1 1 1 1 1 0 1 ]
d_0_5=4.640249416767 eijMax=8.424E-03 rmsd=1.019E-01 s=[ 0 0 0 0 1 0 1 1 0 0 0 0 0 0 0 0 1 0 ]
d_0_5=4.640249416767 eijMax=8.424E-03 rmsd=1.019E-01 s=[ 0 0 0 1 0 1 0 0 1 1 1 1 1 1 1 1 0 1 ]
d_0_5=4.641218165135 eijMax=9.027E-03 rmsd=1.081E-01 s=[ 0 0 0 0 1 0 1 1 0 0 0 0 0 0 0 0 1 0 ]
d_0_5=4.641218165135 eijMax=9.027E-03 rmsd=1.081E-01 s=[ 0 0 0 1 0 1 0 0 1 1 1 1 1 1 1 1 0 1 ]
d_0_5=4.642186913504 eijMax=9.636E-03 rmsd=1.148E-01 s=[ 0 0 0 0 1 0 1 1 0 0 0 0 0 0 0 0 1 0 ]
d_0_5=4.642186913504 eijMax=9.636E-03 rmsd=1.148E-01 s=[ 0 0 0 1 0 1 0 0 1 1 1 1 1 1 1 1 0 1 ]
d_0_5=4.711936796026 eijMax=8.016E-03 rmsd=6.008E-01 s=[ 0 0 0 0 1 0 1 0 0 0 0 0 0 1 1 0 0 0 ]
d_0_5=4.711936796026 eijMax=8.016E-03 rmsd=6.008E-01 s=[ 0 0 0 1 0 1 0 1 1 1 1 1 1 0 0 1 1 1 ]
d_0_5=4.712905544394 eijMax=7.913E-03 rmsd=6.009E-01 s=[ 0 0 0 0 1 0 1 0 0 0 0 0 0 1 1 0 0 0 ]
d_0_5=4.712905544394 eijMax=7.913E-03 rmsd=6.009E-01 s=[ 0 0 0 1 0 1 0 1 1 1 1 1 1 0 0 1 1 1 ]
d_0_5=4.713874292763 eijMax=7.913E-03 rmsd=6.010E-01 s=[ 0 0 0 0 1 0 1 0 0 0 0 0 0 1 1 0 0 0 ]
d_0_5=4.713874292763 eijMax=7.913E-03 rmsd=6.010E-01 s=[ 0 0 0 1 0 1 0 1 1 1 1 1 1 0 0 1 1 1 ]
d_0_5=4.714843041131 eijMax=7.913E-03 rmsd=6.012E-01 s=[ 0 0 0 0 1 0 1 0 0 0 0 0 0 1 1 0 0 0 ]
d_0_5=4.714843041131 eijMax=7.913E-03 rmsd=6.012E-01 s=[ 0 0 0 1 0 1 0 1 1 1 1 1 1 0 0 1 1 1 ]
d_0_5=4.715811789499 eijMax=7.913E-03 rmsd=6.014E-01 s=[ 0 0 0 0 1 0 1 0 0 0 0 0 0 1 1 0 0 0 ]
d_0_5=4.715811789499 eijMax=7.913E-03 rmsd=6.014E-01 s=[ 0 0 0 1 0 1 0 1 1 1 1 1 1 0 0 1 1 1 ]
d_0_5=4.716780537868 eijMax=7.913E-03 rmsd=6.017E-01 s=[ 0 0 0 0 1 0 1 0 0 0 0 0 0 1 1 0 0 0 ]
d_0_5=4.716780537868 eijMax=7.913E-03 rmsd=6.017E-01 s=[ 0 0 0 1 0 1 0 1 1 1 1 1 1 0 0 1 1 1 ]
d_0_5=4.717749286236 eijMax=7.913E-03 rmsd=6.021E-01 s=[ 0 0 0 0 1 0 1 0 0 0 0 0 0 1 1 0 0 0 ]
d_0_5=4.717749286236 eijMax=7.913E-03 rmsd=6.021E-01 s=[ 0 0 0 1 0 1 0 1 1 1 1 1 1 0 0 1 1 1 ]
d_0_5=4.718718034605 eijMax=7.913E-03 rmsd=6.025E-01 s=[ 0 0 0 0 1 0 1 0 0 0 0 0 0 1 1 0 0 0 ]
d_0_5=4.718718034605 eijMax=7.913E-03 rmsd=6.025E-01 s=[ 0 0 0 1 0 1 0 1 1 1 1 1 1 0 0 1 1 1 ]
d_0_5=4.719686782973 eijMax=7.913E-03 rmsd=6.029E-01 s=[ 0 0 0 0 1 0 1 0 0 0 0 0 0 1 1 0 0 0 ]
d_0_5=4.719686782973 eijMax=7.913E-03 rmsd=6.029E-01 s=[ 0 0 0 1 0 1 0 1 1 1 1 1 1 0 0 1 1 1 ]
d_0_5=4.720655531341 eijMax=7.913E-03 rmsd=6.034E-01 s=[ 0 0 0 0 1 0 1 0 0 0 0 0 0 1 1 0 0 0 ]
d_0_5=4.720655531341 eijMax=7.913E-03 rmsd=6.034E-01 s=[ 0 0 0 1 0 1 0 1 1 1 1 1 1 0 0 1 1 1 ]
d_0_5=4.721624279710 eijMax=7.913E-03 rmsd=6.040E-01 s=[ 0 0 0 0 1 0 1 0 0 0 0 0 0 1 1 0 0 0 ]
d_0_5=4.721624279710 eijMax=7.913E-03 rmsd=6.040E-01 s=[ 0 0 0 1 0 1 0 1 1 1 1 1 1 0 0 1 1 1 ]
d_0_5=4.722593028078 eijMax=7.913E-03 rmsd=6.047E-01 s=[ 0 0 0 0 1 0 1 0 0 0 0 0 0 1 1 0 0 0 ]
d_0_5=4.722593028078 eijMax=7.913E-03 rmsd=6.047E-01 s=[ 0 0 0 1 0 1 0 1 1 1 1 1 1 0 0 1 1 1 ]
d_0_5=4.723561776446 eijMax=7.913E-03 rmsd=6.054E-01 s=[ 0 0 0 0 1 0 1 0 0 0 0 0 0 1 1 0 0 0 ]
d_0_5=4.723561776446 eijMax=7.913E-03 rmsd=6.054E-01 s=[ 0 0 0 1 0 1 0 1 1 1 1 1 1 0 0 1 1 1 ]
d_0_5=4.724530524815 eijMax=7.913E-03 rmsd=6.061E-01 s=[ 0 0 0 0 1 0 1 0 0 0 0 0 0 1 1 0 0 0 ]
d_0_5=4.724530524815 eijMax=7.913E-03 rmsd=6.061E-01 s=[ 0 0 0 1 0 1 0 1 1 1 1 1 1 0 0 1 1 1 ]
d_0_5=4.725499273183 eijMax=7.913E-03 rmsd=6.069E-01 s=[ 0 0 0 0 1 0 1 0 0 0 0 0 0 1 1 0 0 0 ]
d_0_5=4.725499273183 eijMax=7.913E-03 rmsd=6.069E-01 s=[ 0 0 0 1 0 1 0 1 1 1 1 1 1 0 0 1 1 1 ]
d_0_5=4.726468021552 eijMax=7.913E-03 rmsd=6.078E-01 s=[ 0 0 0 0 1 0 1 0 0 0 0 0 0 1 1 0 0 0 ]
d_0_5=4.726468021552 eijMax=7.913E-03 rmsd=6.078E-01 s=[ 0 0 0 1 0 1 0 1 1 1 1 1 1 0 0 1 1 1 ]
d_0_5=4.727436769920 eijMax=7.913E-03 rmsd=6.088E-01 s=[ 0 0 0 0 1 0 1 0 0 0 0 0 0 1 1 0 0 0 ]
d_0_5=4.727436769920 eijMax=7.913E-03 rmsd=6.088E-01 s=[ 0 0 0 1 0 1 0 1 1 1 1 1 1 0 0 1 1 1 ]
d_0_5=4.728405518288 eijMax=7.913E-03 rmsd=6.098E-01 s=[ 0 0 0 0 1 0 1 0 0 0 0 0 0 1 1 0 0 0 ]
d_0_5=4.728405518288 eijMax=7.913E-03 rmsd=6.098E-01 s=[ 0 0 0 1 0 1 0 1 1 1 1 1 1 0 0 1 1 1 ]
d_0_5=4.729374266657 eijMax=7.913E-03 rmsd=6.109E-01 s=[ 0 0 0 0 1 0 1 0 0 0 0 0 0 1 1 0 0 0 ]
d_0_5=4.729374266657 eijMax=7.913E-03 rmsd=6.109E-01 s=[ 0 0 0 1 0 1 0 1 1 1 1 1 1 0 0 1 1 1 ]
d_0_5=4.730343015025 eijMax=7.913E-03 rmsd=6.120E-01 s=[ 0 0 0 0 1 0 1 0 0 0 0 0 0 1 1 0 0 0 ]
d_0_5=4.730343015025 eijMax=7.913E-03 rmsd=6.120E-01 s=[ 0 0 0 1 0 1 0 1 1 1 1 1 1 0 0 1 1 1 ]
d_0_5=4.731311763393 eijMax=7.913E-03 rmsd=6.132E-01 s=[ 0 0 0 0 1 0 1 0 0 0 0 0 0 1 1 0 0 0 ]
d_0_5=4.731311763393 eijMax=7.913E-03 rmsd=6.132E-01 s=[ 0 0 0 1 0 1 0 1 1 1 1 1 1 0 0 1 1 1 ]
d_0_5=4.732280511762 eijMax=7.913E-03 rmsd=6.145E-01 s=[ 0 0 0 0 1 0 1 0 0 0 0 0 0 1 1 0 0 0 ]
d_0_5=4.732280511762 eijMax=7.913E-03 rmsd=6.145E-01 s=[ 0 0 0 1 0 1 0 1 1 1 1 1 1 0 0 1 1 1 ]
d_0_5=4.733249260130 eijMax=7.913E-03 rmsd=6.158E-01 s=[ 0 0 0 0 1 0 1 0 0 0 0 0 0 1 1 0 0 0 ]
d_0_5=4.733249260130 eijMax=7.913E-03 rmsd=6.158E-01 s=[ 0 0 0 1 0 1 0 1 1 1 1 1 1 0 0 1 1 1 ]
d_0_5=4.734218008498 eijMax=7.913E-03 rmsd=6.172E-01 s=[ 0 0 0 0 1 0 1 0 0 0 0 0 0 1 1 0 0 0 ]
d_0_5=4.734218008498 eijMax=7.913E-03 rmsd=6.172E-01 s=[ 0 0 0 1 0 1 0 1 1 1 1 1 1 0 0 1 1 1 ]
d_0_5=4.735186756867 eijMax=7.913E-03 rmsd=6.187E-01 s=[ 0 0 0 0 1 0 1 0 0 0 0 0 0 1 1 0 0 0 ]
d_0_5=4.735186756867 eijMax=7.913E-03 rmsd=6.187E-01 s=[ 0 0 0 1 0 1 0 1 1 1 1 1 1 0 0 1 1 1 ]
d_0_5=4.736155505235 eijMax=7.913E-03 rmsd=6.203E-01 s=[ 0 0 0 0 1 0 1 0 0 0 0 0 0 1 1 0 0 0 ]
d_0_5=4.736155505235 eijMax=7.913E-03 rmsd=6.203E-01 s=[ 0 0 0 1 0 1 0 1 1 1 1 1 1 0 0 1 1 1 ]
d_0_5=4.737124253604 eijMax=7.913E-03 rmsd=6.219E-01 s=[ 0 0 0 0 1 0 1 0 0 0 0 0 0 1 1 0 0 0 ]
d_0_5=4.737124253604 eijMax=7.913E-03 rmsd=6.219E-01 s=[ 0 0 0 1 0 1 0 1 1 1 1 1 1 0 0 1 1 1 ]
d_0_5=4.738093001972 eijMax=7.913E-03 rmsd=6.228E-01 s=[ 0 0 0 0 1 0 1 0 0 0 0 0 0 1 0 0 0 0 ]
d_0_5=4.738093001972 eijMax=7.913E-03 rmsd=6.228E-01 s=[ 0 0 0 1 0 1 0 1 1 1 1 1 1 0 1 1 1 1 ]
d_0_5=4.739061750340 eijMax=7.913E-03 rmsd=6.238E-01 s=[ 0 0 0 0 1 0 1 0 0 0 0 0 0 1 0 0 0 0 ]
d_0_5=4.739061750340 eijMax=7.913E-03 rmsd=6.238E-01 s=[ 0 0 0 1 0 1 0 1 1 1 1 1 1 0 1 1 1 1 ]
d_0_5=4.740030498709 eijMax=7.913E-03 rmsd=6.248E-01 s=[ 0 0 0 0 1 0 1 0 0 0 0 0 0 1 0 0 0 0 ]
d_0_5=4.740030498709 eijMax=7.913E-03 rmsd=6.248E-01 s=[ 0 0 0 1 0 1 0 1 1 1 1 1 1 0 1 1 1 1 ]
d_0_5=4.740999247077 eijMax=7.913E-03 rmsd=6.258E-01 s=[ 0 0 0 0 1 0 1 0 0 0 0 0 0 1 0 0 0 0 ]
d_0_5=4.740999247077 eijMax=7.913E-03 rmsd=6.258E-01 s=[ 0 0 0 1 0 1 0 1 1 1 1 1 1 0 1 1 1 1 ]
d_0_5=4.741967995445 eijMax=7.913E-03 rmsd=6.270E-01 s=[ 0 0 0 0 1 0 1 0 0 0 0 0 0 1 0 0 0 0 ]
d_0_5=4.741967995445 eijMax=7.913E-03 rmsd=6.270E-01 s=[ 0 0 0 1 0 1 0 1 1 1 1 1 1 0 1 1 1 1 ]
d_0_5=4.742936743814 eijMax=7.913E-03 rmsd=6.282E-01 s=[ 0 0 0 0 1 0 1 0 0 0 0 0 0 1 0 0 0 0 ]
d_0_5=4.742936743814 eijMax=7.913E-03 rmsd=6.282E-01 s=[ 0 0 0 1 0 1 0 1 1 1 1 1 1 0 1 1 1 1 ]
d_0_5=4.743905492182 eijMax=7.913E-03 rmsd=6.295E-01 s=[ 0 0 0 0 1 0 1 0 0 0 0 0 0 1 0 0 0 0 ]
d_0_5=4.743905492182 eijMax=7.913E-03 rmsd=6.295E-01 s=[ 0 0 0 1 0 1 0 1 1 1 1 1 1 0 1 1 1 1 ]
d_0_5=4.744874240551 eijMax=7.913E-03 rmsd=6.309E-01 s=[ 0 0 0 0 1 0 1 0 0 0 0 0 0 1 0 0 0 0 ]
d_0_5=4.744874240551 eijMax=7.913E-03 rmsd=6.309E-01 s=[ 0 0 0 1 0 1 0 1 1 1 1 1 1 0 1 1 1 1 ]
d_0_5=4.745842988919 eijMax=7.913E-03 rmsd=6.323E-01 s=[ 0 0 0 0 1 0 1 0 0 0 0 0 0 1 0 0 0 0 ]
d_0_5=4.745842988919 eijMax=7.913E-03 rmsd=6.323E-01 s=[ 0 0 0 1 0 1 0 1 1 1 1 1 1 0 1 1 1 1 ]
d_0_5=4.746811737287 eijMax=7.913E-03 rmsd=6.339E-01 s=[ 0 0 0 0 1 0 1 0 0 0 0 0 0 1 0 0 0 0 ]
d_0_5=4.746811737287 eijMax=7.913E-03 rmsd=6.339E-01 s=[ 0 0 0 1 0 1 0 1 1 1 1 1 1 0 1 1 1 1 ]
d_0_5=4.747780485656 eijMax=7.913E-03 rmsd=6.355E-01 s=[ 0 0 0 0 1 0 1 0 0 0 0 0 0 1 0 0 0 0 ]
d_0_5=4.747780485656 eijMax=7.913E-03 rmsd=6.355E-01 s=[ 0 0 0 1 0 1 0 1 1 1 1 1 1 0 1 1 1 1 ]
d_0_5=4.748749234024 eijMax=7.913E-03 rmsd=6.372E-01 s=[ 0 0 0 0 1 0 1 0 0 0 0 0 0 1 0 0 0 0 ]
d_0_5=4.748749234024 eijMax=7.913E-03 rmsd=6.372E-01 s=[ 0 0 0 1 0 1 0 1 1 1 1 1 1 0 1 1 1 1 ]
d_0_5=4.749717982392 eijMax=7.913E-03 rmsd=6.390E-01 s=[ 0 0 0 0 1 0 1 0 0 0 0 0 0 1 0 0 0 0 ]
d_0_5=4.749717982392 eijMax=7.913E-03 rmsd=6.390E-01 s=[ 0 0 0 1 0 1 0 1 1 1 1 1 1 0 1 1 1 1 ]
d_0_5=4.750686730761 eijMax=8.295E-03 rmsd=6.408E-01 s=[ 0 0 0 0 1 0 1 0 0 0 0 0 0 1 0 0 0 0 ]
d_0_5=4.750686730761 eijMax=8.295E-03 rmsd=6.408E-01 s=[ 0 0 0 1 0 1 0 1 1 1 1 1 1 0 1 1 1 1 ]
d_0_5=4.751655479129 eijMax=8.786E-03 rmsd=6.428E-01 s=[ 0 0 0 0 1 0 1 0 0 0 0 0 0 1 0 0 0 0 ]
d_0_5=4.751655479129 eijMax=8.786E-03 rmsd=6.428E-01 s=[ 0 0 0 1 0 1 0 1 1 1 1 1 1 0 1 1 1 1 ]
d_0_5=4.752624227497 eijMax=9.284E-03 rmsd=6.449E-01 s=[ 0 0 0 0 1 0 1 0 0 0 0 0 0 1 0 0 0 0 ]
d_0_5=4.752624227497 eijMax=9.284E-03 rmsd=6.449E-01 s=[ 0 0 0 1 0 1 0 1 1 1 1 1 1 0 1 1 1 1 ]
d_0_5=4.753592975866 eijMax=9.786E-03 rmsd=6.470E-01 s=[ 0 0 0 0 1 0 1 0 0 0 0 0 0 1 0 0 0 0 ]
d_0_5=4.753592975866 eijMax=9.786E-03 rmsd=6.470E-01 s=[ 0 0 0 1 0 1 0 1 1 1 1 1 1 0 1 1 1 1 ]
num ..... 1000
nnodes .. 18
nedges .. 65
nsols ... 756
nnonhsols 166
tsecs ... 12.906464
