d_0_5=4.613740938687 eijMax=7.913E-03 rmsd=1.432E-01 s=[ 0 0 0 0 1 0 1 1 0 0 0 0 0 0 1 0 0 0 ]
d_0_5=4.613740938687 eijMax=5.896E-03 rmsd=9.108E-02 s=[ 0 0 0 0 1 0 1 1 0 0 0 0 0 0 1 0 1 0 ]
d_0_5=4.613740938687 eijMax=7.913E-03 rmsd=1.880E-01 s=[ 0 0 0 0 1 0 1 1 0 0 0 0 0 1 1 0 0 0 ]
d_0_5=4.613740938687 eijMax=5.896E-03 rmsd=1.390E-01 s=[ 0 0 0 0 1 0 1 1 0 0 0 0 0 1 1 0 1 0 ]
d_0_5=4.613740938687 eijMax=5.896E-03 rmsd=1.390E-01 s=[ 0 0 0 1 0 1 0 0 1 1 1 1 1 0 0 1 0 1 ]
d_0_5=4.613740938687 eijMax=7.913E-03 rmsd=1.880E-01 s=[ 0 0 0 1 0 1 0 0 1 1 1 1 1 0 0 1 1 1 ]
d_0_5=4.613740938687 eijMax=5.896E-03 rmsd=9.108E-02 s=[ 0 0 0 1 0 1 0 0 1 1 1 1 1 1 0 1 0 1 ]
d_0_5=4.613740938687 eijMax=7.913E-03 rmsd=1.432E-01 s=[ 0 0 0 1 0 1 0 0 1 1 1 1 1 1 0 1 1 1 ]
d_0_5=4.623516490404 eijMax=1.032E-03 rmsd=1.579E-02 s=[ 0 0 0 0 1 0 1 1 0 0 0 0 0 0 1 0 1 0 ]
d_0_5=4.623516490404 eijMax=3.514E-03 rmsd=9.269E-02 s=[ 0 0 0 0 1 0 1 1 0 0 0 0 0 1 1 0 1 0 ]
d_0_5=4.623516490404 eijMax=3.514E-03 rmsd=9.269E-02 s=[ 0 0 0 1 0 1 0 0 1 1 1 1 1 0 0 1 0 1 ]
d_0_5=4.623516490404 eijMax=1.032E-03 rmsd=1.579E-02 s=[ 0 0 0 1 0 1 0 0 1 1 1 1 1 1 0 1 0 1 ]
d_0_5=4.633292042121 eijMax=4.290E-03 rmsd=7.597E-02 s=[ 0 0 0 0 1 0 1 1 0 0 0 0 0 0 0 0 1 0 ]
d_0_5=4.633292042121 eijMax=4.290E-03 rmsd=6.478E-02 s=[ 0 0 0 0 1 0 1 1 0 0 0 0 0 0 1 0 1 0 ]
d_0_5=4.633292042121 eijMax=4.290E-03 rmsd=1.153E-01 s=[ 0 0 0 0 1 0 1 1 0 0 0 0 0 1 0 0 1 0 ]
d_0_5=4.633292042121 eijMax=4.290E-03 rmsd=1.000E-01 s=[ 0 0 0 0 1 0 1 1 0 0 0 0 0 1 1 0 1 0 ]
d_0_5=4.633292042121 eijMax=4.290E-03 rmsd=1.000E-01 s=[ 0 0 0 1 0 1 0 0 1 1 1 1 1 0 0 1 0 1 ]
d_0_5=4.633292042121 eijMax=4.290E-03 rmsd=1.153E-01 s=[ 0 0 0 1 0 1 0 0 1 1 1 1 1 0 1 1 0 1 ]
d_0_5=4.633292042121 eijMax=4.290E-03 rmsd=6.478E-02 s=[ 0 0 0 1 0 1 0 0 1 1 1 1 1 1 0 1 0 1 ]
d_0_5=4.633292042121 eijMax=4.290E-03 rmsd=7.597E-02 s=[ 0 0 0 1 0 1 0 0 1 1 1 1 1 1 1 1 0 1 ]
d_0_5=4.711496455859 eijMax=8.173E-03 rmsd=6.409E-01 s=[ 0 0 0 0 1 0 1 0 0 0 0 0 0 0 1 0 0 0 ]
d_0_5=4.711496455859 eijMax=8.173E-03 rmsd=6.712E-01 s=[ 0 0 0 0 1 0 1 0 0 0 0 0 0 0 1 0 1 0 ]
d_0_5=4.711496455859 eijMax=8.173E-03 rmsd=6.008E-01 s=[ 0 0 0 0 1 0 1 0 0 0 0 0 0 1 1 0 0 0 ]
d_0_5=4.711496455859 eijMax=8.173E-03 rmsd=6.301E-01 s=[ 0 0 0 0 1 0 1 0 0 0 0 0 0 1 1 0 1 0 ]
d_0_5=4.711496455859 eijMax=8.173E-03 rmsd=6.301E-01 s=[ 0 0 0 1 0 1 0 1 1 1 1 1 1 0 0 1 0 1 ]
d_0_5=4.711496455859 eijMax=8.173E-03 rmsd=6.008E-01 s=[ 0 0 0 1 0 1 0 1 1 1 1 1 1 0 0 1 1 1 ]
d_0_5=4.711496455859 eijMax=8.173E-03 rmsd=6.712E-01 s=[ 0 0 0 1 0 1 0 1 1 1 1 1 1 1 0 1 0 1 ]
d_0_5=4.711496455859 eijMax=8.173E-03 rmsd=6.409E-01 s=[ 0 0 0 1 0 1 0 1 1 1 1 1 1 1 0 1 1 1 ]
d_0_5=4.721272007576 eijMax=7.913E-03 rmsd=6.478E-01 s=[ 0 0 0 0 1 0 1 0 0 0 0 0 0 0 1 0 0 0 ]
d_0_5=4.721272007576 eijMax=4.577E-03 rmsd=6.764E-01 s=[ 0 0 0 0 1 0 1 0 0 0 0 0 0 0 1 0 1 0 ]
d_0_5=4.721272007576 eijMax=7.913E-03 rmsd=6.038E-01 s=[ 0 0 0 0 1 0 1 0 0 0 0 0 0 1 1 0 0 0 ]
d_0_5=4.721272007576 eijMax=4.577E-03 rmsd=6.315E-01 s=[ 0 0 0 0 1 0 1 0 0 0 0 0 0 1 1 0 1 0 ]
d_0_5=4.721272007576 eijMax=4.577E-03 rmsd=6.315E-01 s=[ 0 0 0 1 0 1 0 1 1 1 1 1 1 0 0 1 0 1 ]
d_0_5=4.721272007576 eijMax=7.913E-03 rmsd=6.038E-01 s=[ 0 0 0 1 0 1 0 1 1 1 1 1 1 0 0 1 1 1 ]
d_0_5=4.721272007576 eijMax=4.577E-03 rmsd=6.764E-01 s=[ 0 0 0 1 0 1 0 1 1 1 1 1 1 1 0 1 0 1 ]
d_0_5=4.721272007576 eijMax=7.913E-03 rmsd=6.478E-01 s=[ 0 0 0 1 0 1 0 1 1 1 1 1 1 1 0 1 1 1 ]
d_0_5=4.731047559293 eijMax=7.913E-03 rmsd=6.641E-01 s=[ 0 0 0 0 1 0 1 0 0 0 0 0 0 0 0 0 0 0 ]
d_0_5=4.731047559293 eijMax=6.831E-04 rmsd=6.915E-01 s=[ 0 0 0 0 1 0 1 0 0 0 0 0 0 0 0 0 1 0 ]
d_0_5=4.731047559293 eijMax=7.913E-03 rmsd=6.602E-01 s=[ 0 0 0 0 1 0 1 0 0 0 0 0 0 0 1 0 0 0 ]
d_0_5=4.731047559293 eijMax=3.635E-03 rmsd=6.867E-01 s=[ 0 0 0 0 1 0 1 0 0 0 0 0 0 0 1 0 1 0 ]
d_0_5=4.731047559293 eijMax=7.913E-03 rmsd=6.182E-01 s=[ 0 0 0 0 1 0 1 0 0 0 0 0 0 1 0 0 0 0 ]
d_0_5=4.731047559293 eijMax=3.514E-03 rmsd=6.447E-01 s=[ 0 0 0 0 1 0 1 0 0 0 0 0 0 1 0 0 1 0 ]
d_0_5=4.731047559293 eijMax=7.913E-03 rmsd=6.129E-01 s=[ 0 0 0 0 1 0 1 0 0 0 0 0 0 1 1 0 0 0 ]
d_0_5=4.731047559293 eijMax=3.635E-03 rmsd=6.384E-01 s=[ 0 0 0 0 1 0 1 0 0 0 0 0 0 1 1 0 1 0 ]
d_0_5=4.731047559293 eijMax=3.635E-03 rmsd=6.384E-01 s=[ 0 0 0 1 0 1 0 1 1 1 1 1 1 0 0 1 0 1 ]
d_0_5=4.731047559293 eijMax=7.913E-03 rmsd=6.129E-01 s=[ 0 0 0 1 0 1 0 1 1 1 1 1 1 0 0 1 1 1 ]
d_0_5=4.731047559293 eijMax=3.514E-03 rmsd=6.447E-01 s=[ 0 0 0 1 0 1 0 1 1 1 1 1 1 0 1 1 0 1 ]
d_0_5=4.731047559293 eijMax=7.913E-03 rmsd=6.182E-01 s=[ 0 0 0 1 0 1 0 1 1 1 1 1 1 0 1 1 1 1 ]
d_0_5=4.731047559293 eijMax=3.635E-03 rmsd=6.867E-01 s=[ 0 0 0 1 0 1 0 1 1 1 1 1 1 1 0 1 0 1 ]
d_0_5=4.731047559293 eijMax=7.913E-03 rmsd=6.602E-01 s=[ 0 0 0 1 0 1 0 1 1 1 1 1 1 1 0 1 1 1 ]
d_0_5=4.731047559293 eijMax=6.831E-04 rmsd=6.915E-01 s=[ 0 0 0 1 0 1 0 1 1 1 1 1 1 1 1 1 0 1 ]
d_0_5=4.731047559293 eijMax=7.913E-03 rmsd=6.641E-01 s=[ 0 0 0 1 0 1 0 1 1 1 1 1 1 1 1 1 1 1 ]
d_0_5=4.740823111010 eijMax=7.913E-03 rmsd=6.751E-01 s=[ 0 0 0 0 1 0 1 0 0 0 0 0 0 0 0 0 0 0 ]
d_0_5=4.740823111010 eijMax=3.567E-03 rmsd=7.002E-01 s=[ 0 0 0 0 1 0 1 0 0 0 0 0 0 0 0 0 1 0 ]
d_0_5=4.740823111010 eijMax=7.913E-03 rmsd=6.790E-01 s=[ 0 0 0 0 1 0 1 0 0 0 0 0 0 0 1 0 0 0 ]
d_0_5=4.740823111010 eijMax=3.635E-03 rmsd=7.029E-01 s=[ 0 0 0 0 1 0 1 0 0 0 0 0 0 0 1 0 1 0 ]
d_0_5=4.740823111010 eijMax=7.913E-03 rmsd=6.256E-01 s=[ 0 0 0 0 1 0 1 0 0 0 0 0 0 1 0 0 0 0 ]
d_0_5=4.740823111010 eijMax=3.567E-03 rmsd=6.498E-01 s=[ 0 0 0 0 1 0 1 0 0 0 0 0 0 1 0 0 1 0 ]
d_0_5=4.740823111010 eijMax=7.913E-03 rmsd=6.287E-01 s=[ 0 0 0 0 1 0 1 0 0 0 0 0 0 1 1 0 0 0 ]
d_0_5=4.740823111010 eijMax=3.635E-03 rmsd=6.517E-01 s=[ 0 0 0 0 1 0 1 0 0 0 0 0 0 1 1 0 1 0 ]
d_0_5=4.740823111010 eijMax=3.635E-03 rmsd=6.517E-01 s=[ 0 0 0 1 0 1 0 1 1 1 1 1 1 0 0 1 0 1 ]
d_0_5=4.740823111010 eijMax=7.913E-03 rmsd=6.287E-01 s=[ 0 0 0 1 0 1 0 1 1 1 1 1 1 0 0 1 1 1 ]
d_0_5=4.740823111010 eijMax=3.567E-03 rmsd=6.498E-01 s=[ 0 0 0 1 0 1 0 1 1 1 1 1 1 0 1 1 0 1 ]
d_0_5=4.740823111010 eijMax=7.913E-03 rmsd=6.256E-01 s=[ 0 0 0 1 0 1 0 1 1 1 1 1 1 0 1 1 1 1 ]
d_0_5=4.740823111010 eijMax=3.635E-03 rmsd=7.029E-01 s=[ 0 0 0 1 0 1 0 1 1 1 1 1 1 1 0 1 0 1 ]
d_0_5=4.740823111010 eijMax=7.913E-03 rmsd=6.790E-01 s=[ 0 0 0 1 0 1 0 1 1 1 1 1 1 1 0 1 1 1 ]
d_0_5=4.740823111010 eijMax=3.567E-03 rmsd=7.002E-01 s=[ 0 0 0 1 0 1 0 1 1 1 1 1 1 1 1 1 0 1 ]
d_0_5=4.740823111010 eijMax=7.913E-03 rmsd=6.751E-01 s=[ 0 0 0 1 0 1 0 1 1 1 1 1 1 1 1 1 1 1 ]
d_0_5=4.750598662727 eijMax=8.250E-03 rmsd=6.931E-01 s=[ 0 0 0 0 1 0 1 0 0 0 0 0 0 0 0 0 0 0 ]
d_0_5=4.750598662727 eijMax=8.250E-03 rmsd=7.153E-01 s=[ 0 0 0 0 1 0 1 0 0 0 0 0 0 0 0 0 1 0 ]
d_0_5=4.750598662727 eijMax=8.250E-03 rmsd=7.257E-01 s=[ 0 0 0 0 1 0 1 0 0 0 0 0 0 0 1 0 1 0 ]
d_0_5=4.750598662727 eijMax=8.250E-03 rmsd=6.407E-01 s=[ 0 0 0 0 1 0 1 0 0 0 0 0 0 1 0 0 0 0 ]
d_0_5=4.750598662727 eijMax=8.250E-03 rmsd=6.619E-01 s=[ 0 0 0 0 1 0 1 0 0 0 0 0 0 1 0 0 1 0 ]
d_0_5=4.750598662727 eijMax=8.250E-03 rmsd=6.721E-01 s=[ 0 0 0 0 1 0 1 0 0 0 0 0 0 1 1 0 1 0 ]
d_0_5=4.750598662727 eijMax=8.250E-03 rmsd=6.721E-01 s=[ 0 0 0 1 0 1 0 1 1 1 1 1 1 0 0 1 0 1 ]
d_0_5=4.750598662727 eijMax=8.250E-03 rmsd=6.619E-01 s=[ 0 0 0 1 0 1 0 1 1 1 1 1 1 0 1 1 0 1 ]
d_0_5=4.750598662727 eijMax=8.250E-03 rmsd=6.407E-01 s=[ 0 0 0 1 0 1 0 1 1 1 1 1 1 0 1 1 1 1 ]
d_0_5=4.750598662727 eijMax=8.250E-03 rmsd=7.257E-01 s=[ 0 0 0 1 0 1 0 1 1 1 1 1 1 1 0 1 0 1 ]
d_0_5=4.750598662727 eijMax=8.250E-03 rmsd=7.153E-01 s=[ 0 0 0 1 0 1 0 1 1 1 1 1 1 1 1 1 0 1 ]
d_0_5=4.750598662727 eijMax=8.250E-03 rmsd=6.931E-01 s=[ 0 0 0 1 0 1 0 1 1 1 1 1 1 1 1 1 1 1 ]
num ..... 100
nnodes .. 18
nedges .. 65
nsols ... 80
tsecs ... 1.298017
