order:    [ 1 5 10 0 2 4 6 9 11 13 14 15 3 7 8 12 16 17 ]
atoms:    [ CA CA CA N C N C N C N CA C HA H HA H H HA ]
residues: [ 0 1 2 0 0 1 1 2 2 3 3 3 0 1 1 2 3 3 ]

d_0_5=4.332485495025 eijMax=1.721E-04 rmsd=3.548E-03 s=[ 0 0 0 0 0 1 1 1 1 1 1 1 1 1 1 1 0 1 ]
d_0_5=4.332485495025 eijMax=1.721E-04 rmsd=3.548E-03 s=[ 0 0 0 1 1 0 0 0 0 0 0 0 0 0 0 0 1 0 ]
d_0_5=4.333806302032 eijMax=1.980E-04 rmsd=1.247E-02 s=[ 0 0 0 0 0 0 1 1 1 1 1 1 1 1 1 1 0 1 ]
d_0_5=4.333806302032 eijMax=1.114E-03 rmsd=2.217E-02 s=[ 0 0 0 0 0 1 1 1 1 1 1 1 1 0 1 1 0 1 ]
d_0_5=4.333806302032 eijMax=1.114E-03 rmsd=2.217E-02 s=[ 0 0 0 1 1 0 0 0 0 0 0 0 0 1 0 0 1 0 ]
d_0_5=4.333806302032 eijMax=1.980E-04 rmsd=1.247E-02 s=[ 0 0 0 1 1 1 0 0 0 0 0 0 0 0 0 0 1 0 ]
d_0_5=4.335127109039 eijMax=1.067E-03 rmsd=1.813E-02 s=[ 0 0 0 0 0 0 1 1 1 1 1 1 1 0 1 1 0 1 ]
d_0_5=4.335127109039 eijMax=2.371E-03 rmsd=4.919E-02 s=[ 0 0 0 0 0 1 1 1 1 1 1 1 1 0 1 1 0 1 ]
d_0_5=4.335127109039 eijMax=2.371E-03 rmsd=4.919E-02 s=[ 0 0 0 1 1 0 0 0 0 0 0 0 0 1 0 0 1 0 ]
d_0_5=4.335127109039 eijMax=1.067E-03 rmsd=1.813E-02 s=[ 0 0 0 1 1 1 0 0 0 0 0 0 0 1 0 0 1 0 ]
d_0_5=4.336447916046 eijMax=2.303E-03 rmsd=4.362E-02 s=[ 0 0 0 0 0 0 1 1 1 1 1 1 1 0 1 1 0 1 ]
d_0_5=4.336447916046 eijMax=3.596E-03 rmsd=7.635E-02 s=[ 0 0 0 0 0 1 1 1 1 1 1 1 1 0 1 1 0 1 ]
d_0_5=4.336447916046 eijMax=3.596E-03 rmsd=7.635E-02 s=[ 0 0 0 1 1 0 0 0 0 0 0 0 0 1 0 0 1 0 ]
d_0_5=4.336447916046 eijMax=2.303E-03 rmsd=4.362E-02 s=[ 0 0 0 1 1 1 0 0 0 0 0 0 0 1 0 0 1 0 ]
d_0_5=4.337768723053 eijMax=3.509E-03 rmsd=6.999E-02 s=[ 0 0 0 0 0 0 1 1 1 1 1 1 1 0 1 1 0 1 ]
d_0_5=4.337768723053 eijMax=4.790E-03 rmsd=1.036E-01 s=[ 0 0 0 0 0 1 1 1 1 1 1 1 1 0 1 1 0 1 ]
d_0_5=4.337768723053 eijMax=4.790E-03 rmsd=1.036E-01 s=[ 0 0 0 1 1 0 0 0 0 0 0 0 0 1 0 0 1 0 ]
d_0_5=4.337768723053 eijMax=3.509E-03 rmsd=6.999E-02 s=[ 0 0 0 1 1 1 0 0 0 0 0 0 0 1 0 0 1 0 ]
d_0_5=4.339089530060 eijMax=4.685E-03 rmsd=9.659E-02 s=[ 0 0 0 0 0 0 1 1 1 1 1 1 1 0 1 1 0 1 ]
d_0_5=4.339089530060 eijMax=5.952E-03 rmsd=1.188E-01 s=[ 0 0 0 0 0 1 1 1 1 1 1 1 1 0 1 0 0 1 ]
d_0_5=4.339089530060 eijMax=5.952E-03 rmsd=1.188E-01 s=[ 0 0 0 1 1 0 0 0 0 0 0 0 0 1 0 1 1 0 ]
d_0_5=4.339089530060 eijMax=4.685E-03 rmsd=9.659E-02 s=[ 0 0 0 1 1 1 0 0 0 0 0 0 0 1 0 0 1 0 ]
d_0_5=4.340410337067 eijMax=5.830E-03 rmsd=1.233E-01 s=[ 0 0 0 0 0 0 1 1 1 1 1 1 1 0 1 1 0 1 ]
d_0_5=4.340410337067 eijMax=7.081E-03 rmsd=1.425E-01 s=[ 0 0 0 0 0 1 1 1 1 1 1 1 1 0 1 0 0 1 ]
d_0_5=4.340410337067 eijMax=7.081E-03 rmsd=1.425E-01 s=[ 0 0 0 1 1 0 0 0 0 0 0 0 0 1 0 1 1 0 ]
d_0_5=4.340410337067 eijMax=5.830E-03 rmsd=1.233E-01 s=[ 0 0 0 1 1 1 0 0 0 0 0 0 0 1 0 0 1 0 ]
d_0_5=4.341731144074 eijMax=6.944E-03 rmsd=1.422E-01 s=[ 0 0 0 0 0 0 1 1 1 1 1 1 1 0 1 0 1 1 ]
d_0_5=4.341731144074 eijMax=8.176E-03 rmsd=1.675E-01 s=[ 0 0 0 0 0 1 1 1 1 1 1 1 1 0 1 0 0 1 ]
d_0_5=4.341731144074 eijMax=8.176E-03 rmsd=1.675E-01 s=[ 0 0 0 1 1 0 0 0 0 0 0 0 0 1 0 1 1 0 ]
d_0_5=4.341731144074 eijMax=6.944E-03 rmsd=1.422E-01 s=[ 0 0 0 1 1 1 0 0 0 0 0 0 0 1 0 1 0 0 ]
num ..... 1000
nnodes .. 18
nedges .. 68
nsols ... 124
nnonhsols 30
tsecs ... 9.322335
