order:    [ 1 5 10 0 2 4 6 9 11 13 14 15 3 7 8 12 16 17 ]
atoms:    [ CA CA CA N C N C N C N CA C HA H HA H H HA ]
residues: [ 0 1 2 0 0 1 1 2 2 3 3 3 0 1 1 2 3 3 ]

We use a different pair of symbles to represent the bits values which are associated with the HA and H of the discretized distance, and another one to represent the bits of other hydrogens.
For the HA and H from the discretized distance:
	"+" means 0
	"-" means 1
For any other hydrogens:
	">" means 0
	"<" means 1

d_0_5=4.332485495025 s=[ 0 0 0 0 0 1 1 1 1 1 1 1 < < < < > < ]
4.332485495025 s=[ 0 0 0 0 0 1 1 1 1 1 1 1 < > < < > < ]

d_0_5=4.332485495025 s=[ 0 0 0 1 1 0 0 0 0 0 0 0 > > > > < > ]
4.332485495025 s=[ 0 0 0 1 1 0 0 0 0 0 0 0 > < > > < > ]

d_0_5=4.333806302032 s=[ 0 0 0 0 0 0 1 1 1 1 1 1 < < < < > < ]
4.333806302032 s=[ 0 0 0 0 0 0 1 1 1 1 1 1 < > < < > < ]
4.333806302032 s=[ 0 0 0 0 0 0 1 1 1 1 1 1 < > < < < < ]
4.333806302032 s=[ 0 0 0 0 0 0 1 1 1 1 1 1 < < < < < < ]

d_0_5=4.333806302032 s=[ 0 0 0 0 0 1 1 1 1 1 1 1 < > < < > < ]
4.333806302032 s=[ 0 0 0 0 0 1 1 1 1 1 1 1 < > < < < < ]
4.333806302032 s=[ 0 0 0 0 0 1 1 1 1 1 1 1 < < < < > < ]
4.333806302032 s=[ 0 0 0 0 0 1 1 1 1 1 1 1 < < < < < < ]

d_0_5=4.333806302032 s=[ 0 0 0 1 1 0 0 0 0 0 0 0 > < > > < > ]
4.333806302032 s=[ 0 0 0 1 1 0 0 0 0 0 0 0 > > > > > > ]
4.333806302032 s=[ 0 0 0 1 1 0 0 0 0 0 0 0 > > > > < > ]
4.333806302032 s=[ 0 0 0 1 1 0 0 0 0 0 0 0 > < > > > > ]

d_0_5=4.333806302032 s=[ 0 0 0 1 1 1 0 0 0 0 0 0 > > > > < > ]
4.333806302032 s=[ 0 0 0 1 1 1 0 0 0 0 0 0 > > > > > > ]
4.333806302032 s=[ 0 0 0 1 1 1 0 0 0 0 0 0 > < > > > > ]
4.333806302032 s=[ 0 0 0 1 1 1 0 0 0 0 0 0 > < > > < > ]

d_0_5=4.335127109039 s=[ 0 0 0 0 0 0 1 1 1 1 1 1 < > < < > < ]
4.335127109039 s=[ 0 0 0 0 0 0 1 1 1 1 1 1 < > < < < < ]
4.335127109039 s=[ 0 0 0 0 0 0 1 1 1 1 1 1 < < < < > < ]
4.335127109039 s=[ 0 0 0 0 0 0 1 1 1 1 1 1 < < < < < < ]

d_0_5=4.335127109039 s=[ 0 0 0 0 0 1 1 1 1 1 1 1 < > < < > < ]
4.335127109039 s=[ 0 0 0 0 0 1 1 1 1 1 1 1 < > < < < < ]
4.335127109039 s=[ 0 0 0 0 0 1 1 1 1 1 1 1 < < < < > < ]
4.335127109039 s=[ 0 0 0 0 0 1 1 1 1 1 1 1 < < < < < < ]

d_0_5=4.335127109039 s=[ 0 0 0 1 1 0 0 0 0 0 0 0 > < > > < > ]
4.335127109039 s=[ 0 0 0 1 1 0 0 0 0 0 0 0 > > > > > > ]
4.335127109039 s=[ 0 0 0 1 1 0 0 0 0 0 0 0 > > > > < > ]
4.335127109039 s=[ 0 0 0 1 1 0 0 0 0 0 0 0 > < > > > > ]

d_0_5=4.335127109039 s=[ 0 0 0 1 1 1 0 0 0 0 0 0 > < > > < > ]
4.335127109039 s=[ 0 0 0 1 1 1 0 0 0 0 0 0 > > > > > > ]
4.335127109039 s=[ 0 0 0 1 1 1 0 0 0 0 0 0 > > > > < > ]
4.335127109039 s=[ 0 0 0 1 1 1 0 0 0 0 0 0 > < > > > > ]

d_0_5=4.336447916046 s=[ 0 0 0 0 0 0 1 1 1 1 1 1 < > < < > < ]
4.336447916046 s=[ 0 0 0 0 0 0 1 1 1 1 1 1 < > < < < < ]
4.336447916046 s=[ 0 0 0 0 0 0 1 1 1 1 1 1 < < < < > < ]
4.336447916046 s=[ 0 0 0 0 0 0 1 1 1 1 1 1 < < < < < < ]

d_0_5=4.336447916046 s=[ 0 0 0 0 0 1 1 1 1 1 1 1 < > < < > < ]
4.336447916046 s=[ 0 0 0 0 0 1 1 1 1 1 1 1 < > < < < < ]
4.336447916046 s=[ 0 0 0 0 0 1 1 1 1 1 1 1 < < < < > < ]
4.336447916046 s=[ 0 0 0 0 0 1 1 1 1 1 1 1 < < < < < < ]

d_0_5=4.336447916046 s=[ 0 0 0 1 1 0 0 0 0 0 0 0 > < > > < > ]
4.336447916046 s=[ 0 0 0 1 1 0 0 0 0 0 0 0 > > > > > > ]
4.336447916046 s=[ 0 0 0 1 1 0 0 0 0 0 0 0 > > > > < > ]
4.336447916046 s=[ 0 0 0 1 1 0 0 0 0 0 0 0 > < > > > > ]

d_0_5=4.336447916046 s=[ 0 0 0 1 1 1 0 0 0 0 0 0 > < > > < > ]
4.336447916046 s=[ 0 0 0 1 1 1 0 0 0 0 0 0 > > > > > > ]
4.336447916046 s=[ 0 0 0 1 1 1 0 0 0 0 0 0 > > > > < > ]
4.336447916046 s=[ 0 0 0 1 1 1 0 0 0 0 0 0 > < > > > > ]

d_0_5=4.337768723053 s=[ 0 0 0 0 0 0 1 1 1 1 1 1 < > < < > < ]
4.337768723053 s=[ 0 0 0 0 0 0 1 1 1 1 1 1 < > < < < < ]
4.337768723053 s=[ 0 0 0 0 0 0 1 1 1 1 1 1 < < < < > < ]
4.337768723053 s=[ 0 0 0 0 0 0 1 1 1 1 1 1 < < < < < < ]

d_0_5=4.337768723053 s=[ 0 0 0 0 0 1 1 1 1 1 1 1 < > < < > < ]
4.337768723053 s=[ 0 0 0 0 0 1 1 1 1 1 1 1 < > < < < < ]
4.337768723053 s=[ 0 0 0 0 0 1 1 1 1 1 1 1 < < < < > < ]
4.337768723053 s=[ 0 0 0 0 0 1 1 1 1 1 1 1 < < < < < < ]

d_0_5=4.337768723053 s=[ 0 0 0 1 1 0 0 0 0 0 0 0 > < > > < > ]
4.337768723053 s=[ 0 0 0 1 1 0 0 0 0 0 0 0 > > > > > > ]
4.337768723053 s=[ 0 0 0 1 1 0 0 0 0 0 0 0 > > > > < > ]
4.337768723053 s=[ 0 0 0 1 1 0 0 0 0 0 0 0 > < > > > > ]

d_0_5=4.337768723053 s=[ 0 0 0 1 1 1 0 0 0 0 0 0 > < > > < > ]
4.337768723053 s=[ 0 0 0 1 1 1 0 0 0 0 0 0 > > > > > > ]
4.337768723053 s=[ 0 0 0 1 1 1 0 0 0 0 0 0 > > > > < > ]
4.337768723053 s=[ 0 0 0 1 1 1 0 0 0 0 0 0 > < > > > > ]

d_0_5=4.339089530060 s=[ 0 0 0 0 0 0 1 1 1 1 1 1 < > < < > < ]
4.339089530060 s=[ 0 0 0 0 0 0 1 1 1 1 1 1 < > < < < < ]
4.339089530060 s=[ 0 0 0 0 0 0 1 1 1 1 1 1 < < < < > < ]
4.339089530060 s=[ 0 0 0 0 0 0 1 1 1 1 1 1 < < < < < < ]

d_0_5=4.339089530060 s=[ 0 0 0 0 0 1 1 1 1 1 1 1 < > < > > < ]
4.339089530060 s=[ 0 0 0 0 0 1 1 1 1 1 1 1 < > < > < < ]
4.339089530060 s=[ 0 0 0 0 0 1 1 1 1 1 1 1 < > < < > < ]
4.339089530060 s=[ 0 0 0 0 0 1 1 1 1 1 1 1 < > < < < < ]
4.339089530060 s=[ 0 0 0 0 0 1 1 1 1 1 1 1 < < < > > < ]
4.339089530060 s=[ 0 0 0 0 0 1 1 1 1 1 1 1 < < < > < < ]
4.339089530060 s=[ 0 0 0 0 0 1 1 1 1 1 1 1 < < < < > < ]
4.339089530060 s=[ 0 0 0 0 0 1 1 1 1 1 1 1 < < < < < < ]

d_0_5=4.339089530060 s=[ 0 0 0 1 1 0 0 0 0 0 0 0 > < > < < > ]
4.339089530060 s=[ 0 0 0 1 1 0 0 0 0 0 0 0 > > > > > > ]
4.339089530060 s=[ 0 0 0 1 1 0 0 0 0 0 0 0 > > > > < > ]
4.339089530060 s=[ 0 0 0 1 1 0 0 0 0 0 0 0 > > > < > > ]
4.339089530060 s=[ 0 0 0 1 1 0 0 0 0 0 0 0 > > > < < > ]
4.339089530060 s=[ 0 0 0 1 1 0 0 0 0 0 0 0 > < > > > > ]
4.339089530060 s=[ 0 0 0 1 1 0 0 0 0 0 0 0 > < > > < > ]
4.339089530060 s=[ 0 0 0 1 1 0 0 0 0 0 0 0 > < > < > > ]

d_0_5=4.339089530060 s=[ 0 0 0 1 1 1 0 0 0 0 0 0 > < > > < > ]
4.339089530060 s=[ 0 0 0 1 1 1 0 0 0 0 0 0 > > > > > > ]
4.339089530060 s=[ 0 0 0 1 1 1 0 0 0 0 0 0 > > > > < > ]
4.339089530060 s=[ 0 0 0 1 1 1 0 0 0 0 0 0 > < > > > > ]

d_0_5=4.340410337067 s=[ 0 0 0 0 0 0 1 1 1 1 1 1 < > < < > < ]
4.340410337067 s=[ 0 0 0 0 0 0 1 1 1 1 1 1 < > < < < < ]
4.340410337067 s=[ 0 0 0 0 0 0 1 1 1 1 1 1 < < < < < < ]

d_0_5=4.340410337067 s=[ 0 0 0 0 0 1 1 1 1 1 1 1 < > < > > < ]
4.340410337067 s=[ 0 0 0 0 0 1 1 1 1 1 1 1 < > < > < < ]
4.340410337067 s=[ 0 0 0 0 0 1 1 1 1 1 1 1 < > < < < < ]
4.340410337067 s=[ 0 0 0 0 0 1 1 1 1 1 1 1 < < < > > < ]
4.340410337067 s=[ 0 0 0 0 0 1 1 1 1 1 1 1 < < < > < < ]
4.340410337067 s=[ 0 0 0 0 0 1 1 1 1 1 1 1 < < < < < < ]

d_0_5=4.340410337067 s=[ 0 0 0 1 1 0 0 0 0 0 0 0 > < > < < > ]
4.340410337067 s=[ 0 0 0 1 1 0 0 0 0 0 0 0 > > > > > > ]
4.340410337067 s=[ 0 0 0 1 1 0 0 0 0 0 0 0 > > > < > > ]
4.340410337067 s=[ 0 0 0 1 1 0 0 0 0 0 0 0 > > > < < > ]
4.340410337067 s=[ 0 0 0 1 1 0 0 0 0 0 0 0 > < > > > > ]
4.340410337067 s=[ 0 0 0 1 1 0 0 0 0 0 0 0 > < > < > > ]

d_0_5=4.340410337067 s=[ 0 0 0 1 1 1 0 0 0 0 0 0 > < > > < > ]
4.340410337067 s=[ 0 0 0 1 1 1 0 0 0 0 0 0 > > > > > > ]
4.340410337067 s=[ 0 0 0 1 1 1 0 0 0 0 0 0 > < > > > > ]

d_0_5=4.341731144074 s=[ 0 0 0 0 0 0 1 1 1 1 1 1 < > < > < < ]
4.341731144074 s=[ 0 0 0 0 0 0 1 1 1 1 1 1 < > < < < < ]
4.341731144074 s=[ 0 0 0 0 0 0 1 1 1 1 1 1 < < < > < < ]
4.341731144074 s=[ 0 0 0 0 0 0 1 1 1 1 1 1 < < < < < < ]

d_0_5=4.341731144074 s=[ 0 0 0 0 0 1 1 1 1 1 1 1 < > < > > < ]
4.341731144074 s=[ 0 0 0 0 0 1 1 1 1 1 1 1 < > < > < < ]
4.341731144074 s=[ 0 0 0 0 0 1 1 1 1 1 1 1 < > < < < < ]

d_0_5=4.341731144074 s=[ 0 0 0 1 1 0 0 0 0 0 0 0 > < > < < > ]
4.341731144074 s=[ 0 0 0 1 1 0 0 0 0 0 0 0 > < > > > > ]
4.341731144074 s=[ 0 0 0 1 1 0 0 0 0 0 0 0 > < > < > > ]

d_0_5=4.341731144074 s=[ 0 0 0 1 1 1 0 0 0 0 0 0 > < > < > > ]
4.341731144074 s=[ 0 0 0 1 1 1 0 0 0 0 0 0 > > > > > > ]
4.341731144074 s=[ 0 0 0 1 1 1 0 0 0 0 0 0 > > > < > > ]
4.341731144074 s=[ 0 0 0 1 1 1 0 0 0 0 0 0 > < > > > > ]

