order:    [ 1 5 10 0 2 4 6 9 11 13 14 15 3 7 8 12 16 17 ]
atoms:    [ CA CA CA N C N C N C N CA C HA H HA H H HA ]
residues: [ 0 1 2 0 0 1 1 2 2 3 3 3 0 1 1 2 3 3 ]

d_0_5=4.458697317327 eijMax=9.879E-03 rmsd=3.554E-02 s=[ 0 0 0 0 1 0 1 0 0 1 1 0 0 0 0 0 0 0 ]
d_0_5=4.458697317327 eijMax=9.879E-03 rmsd=3.554E-02 s=[ 0 0 0 1 0 1 0 1 1 0 0 1 1 1 1 1 1 1 ]
d_0_5=4.459663676126 eijMax=8.532E-03 rmsd=3.064E-02 s=[ 0 0 0 0 1 0 1 0 0 1 1 0 0 0 0 0 0 0 ]
d_0_5=4.459663676126 eijMax=8.532E-03 rmsd=3.064E-02 s=[ 0 0 0 1 0 1 0 1 1 0 0 1 1 1 1 1 1 1 ]
d_0_5=4.460630034925 eijMax=7.185E-03 rmsd=2.575E-02 s=[ 0 0 0 0 1 0 1 0 0 1 1 0 0 0 0 0 0 0 ]
d_0_5=4.460630034925 eijMax=7.185E-03 rmsd=2.575E-02 s=[ 0 0 0 1 0 1 0 1 1 0 0 1 1 1 1 1 1 1 ]
d_0_5=4.461596393724 eijMax=5.836E-03 rmsd=2.088E-02 s=[ 0 0 0 0 1 0 1 0 0 1 1 0 0 0 0 0 0 0 ]
d_0_5=4.461596393724 eijMax=5.836E-03 rmsd=2.088E-02 s=[ 0 0 0 1 0 1 0 1 1 0 0 1 1 1 1 1 1 1 ]
d_0_5=4.462562752523 eijMax=4.486E-03 rmsd=1.602E-02 s=[ 0 0 0 0 1 0 1 0 0 1 1 0 0 0 0 0 0 0 ]
d_0_5=4.462562752523 eijMax=4.486E-03 rmsd=1.602E-02 s=[ 0 0 0 1 0 1 0 1 1 0 0 1 1 1 1 1 1 1 ]
d_0_5=4.463529111321 eijMax=3.135E-03 rmsd=1.117E-02 s=[ 0 0 0 0 1 0 1 0 0 1 1 0 0 0 0 0 0 0 ]
d_0_5=4.463529111321 eijMax=3.135E-03 rmsd=1.117E-02 s=[ 0 0 0 1 0 1 0 1 1 0 0 1 1 1 1 1 1 1 ]
d_0_5=4.464495470120 eijMax=1.783E-03 rmsd=6.339E-03 s=[ 0 0 0 0 1 0 1 0 0 1 1 0 0 0 0 0 0 0 ]
d_0_5=4.464495470120 eijMax=1.783E-03 rmsd=6.339E-03 s=[ 0 0 0 1 0 1 0 1 1 0 0 1 1 1 1 1 1 1 ]
d_0_5=4.465461828919 eijMax=4.293E-04 rmsd=1.520E-03 s=[ 0 0 0 0 1 0 1 0 0 1 1 0 0 0 0 0 0 0 ]
d_0_5=4.465461828919 eijMax=4.293E-04 rmsd=1.520E-03 s=[ 0 0 0 1 0 1 0 1 1 0 0 1 1 1 1 1 1 1 ]
d_0_5=4.466428187718 eijMax=9.254E-04 rmsd=3.288E-03 s=[ 0 0 0 0 1 0 1 0 0 1 1 0 0 0 0 0 0 0 ]
d_0_5=4.466428187718 eijMax=9.254E-04 rmsd=3.288E-03 s=[ 0 0 0 1 0 1 0 1 1 0 0 1 1 1 1 1 1 1 ]
d_0_5=4.467394546517 eijMax=2.281E-03 rmsd=8.080E-03 s=[ 0 0 0 0 1 0 1 0 0 1 1 0 0 0 0 0 0 0 ]
d_0_5=4.467394546517 eijMax=2.281E-03 rmsd=8.080E-03 s=[ 0 0 0 1 0 1 0 1 1 0 0 1 1 1 1 1 1 1 ]
d_0_5=4.468360905315 eijMax=3.638E-03 rmsd=1.286E-02 s=[ 0 0 0 0 1 0 1 0 0 1 1 0 0 0 0 0 0 0 ]
d_0_5=4.468360905315 eijMax=3.638E-03 rmsd=1.286E-02 s=[ 0 0 0 1 0 1 0 1 1 0 0 1 1 1 1 1 1 1 ]
d_0_5=4.469327264114 eijMax=4.996E-03 rmsd=1.763E-02 s=[ 0 0 0 0 1 0 1 0 0 1 1 0 0 0 0 0 0 0 ]
d_0_5=4.469327264114 eijMax=4.996E-03 rmsd=1.763E-02 s=[ 0 0 0 1 0 1 0 1 1 0 0 1 1 1 1 1 1 1 ]
d_0_5=4.470293622913 eijMax=6.355E-03 rmsd=2.238E-02 s=[ 0 0 0 0 1 0 1 0 0 1 1 0 0 0 0 0 0 0 ]
d_0_5=4.470293622913 eijMax=6.355E-03 rmsd=2.238E-02 s=[ 0 0 0 1 0 1 0 1 1 0 0 1 1 1 1 1 1 1 ]
d_0_5=4.471259981712 eijMax=7.715E-03 rmsd=2.712E-02 s=[ 0 0 0 0 1 0 1 0 0 1 1 0 0 0 0 0 0 0 ]
d_0_5=4.471259981712 eijMax=7.715E-03 rmsd=2.712E-02 s=[ 0 0 0 1 0 1 0 1 1 0 0 1 1 1 1 1 1 1 ]
d_0_5=4.472226340511 eijMax=9.076E-03 rmsd=3.185E-02 s=[ 0 0 0 0 1 0 1 0 0 1 1 0 0 0 0 0 0 0 ]
d_0_5=4.472226340511 eijMax=9.076E-03 rmsd=3.185E-02 s=[ 0 0 0 1 0 1 0 1 1 0 0 1 1 1 1 1 1 1 ]
d_0_5=4.691589787838 eijMax=8.804E-03 rmsd=1.309E+00 s=[ 0 0 0 0 1 1 1 1 1 1 1 0 0 1 0 1 0 0 ]
d_0_5=4.691589787838 eijMax=8.804E-03 rmsd=1.309E+00 s=[ 0 0 0 1 0 0 0 0 0 0 0 1 1 0 1 0 1 1 ]
d_0_5=4.692556146637 eijMax=7.149E-03 rmsd=1.305E+00 s=[ 0 0 0 0 1 1 1 1 1 1 1 0 0 1 0 1 0 0 ]
d_0_5=4.692556146637 eijMax=7.149E-03 rmsd=1.305E+00 s=[ 0 0 0 1 0 0 0 0 0 0 0 1 1 0 1 0 1 1 ]
d_0_5=4.693522505435 eijMax=5.455E-03 rmsd=1.301E+00 s=[ 0 0 0 0 1 1 1 1 1 1 1 0 0 1 0 1 0 0 ]
d_0_5=4.693522505435 eijMax=5.455E-03 rmsd=1.301E+00 s=[ 0 0 0 1 0 0 0 0 0 0 0 1 1 0 1 0 1 1 ]
d_0_5=4.694488864234 eijMax=3.720E-03 rmsd=1.297E+00 s=[ 0 0 0 0 1 1 1 1 1 1 1 0 0 1 0 1 0 0 ]
d_0_5=4.694488864234 eijMax=3.720E-03 rmsd=1.297E+00 s=[ 0 0 0 1 0 0 0 0 0 0 0 1 1 0 1 0 1 1 ]
d_0_5=4.695455223033 eijMax=1.942E-03 rmsd=1.292E+00 s=[ 0 0 0 0 1 1 1 1 1 1 1 0 0 1 0 1 0 0 ]
d_0_5=4.695455223033 eijMax=1.942E-03 rmsd=1.292E+00 s=[ 0 0 0 1 0 0 0 0 0 0 0 1 1 0 1 0 1 1 ]
d_0_5=4.696421581832 eijMax=1.172E-04 rmsd=1.288E+00 s=[ 0 0 0 0 1 1 1 1 1 1 1 0 0 1 0 1 0 0 ]
d_0_5=4.696421581832 eijMax=1.172E-04 rmsd=1.288E+00 s=[ 0 0 0 1 0 0 0 0 0 0 0 1 1 0 1 0 1 1 ]
d_0_5=4.697387940631 eijMax=1.757E-03 rmsd=1.283E+00 s=[ 0 0 0 0 1 1 1 1 1 1 1 0 0 1 0 1 0 0 ]
d_0_5=4.697387940631 eijMax=1.757E-03 rmsd=1.283E+00 s=[ 0 0 0 1 0 0 0 0 0 0 0 1 1 0 1 0 1 1 ]
d_0_5=4.698354299429 eijMax=3.685E-03 rmsd=1.278E+00 s=[ 0 0 0 0 1 1 1 1 1 1 1 0 0 1 0 1 0 0 ]
d_0_5=4.698354299429 eijMax=3.685E-03 rmsd=1.278E+00 s=[ 0 0 0 1 0 0 0 0 0 0 0 1 1 0 1 0 1 1 ]
d_0_5=4.699320658228 eijMax=5.671E-03 rmsd=1.273E+00 s=[ 0 0 0 0 1 1 1 1 1 1 1 0 0 1 0 1 0 0 ]
d_0_5=4.699320658228 eijMax=5.671E-03 rmsd=1.273E+00 s=[ 0 0 0 1 0 0 0 0 0 0 0 1 1 0 1 0 1 1 ]
d_0_5=4.700287017027 eijMax=7.720E-03 rmsd=1.267E+00 s=[ 0 0 0 0 1 1 1 1 1 1 1 0 0 1 0 1 0 0 ]
d_0_5=4.700287017027 eijMax=7.720E-03 rmsd=1.267E+00 s=[ 0 0 0 1 0 0 0 0 0 0 0 1 1 0 1 0 1 1 ]
d_0_5=4.701253375826 eijMax=9.837E-03 rmsd=1.262E+00 s=[ 0 0 0 0 1 1 1 1 1 1 1 0 0 1 0 1 0 0 ]
d_0_5=4.701253375826 eijMax=9.837E-03 rmsd=1.262E+00 s=[ 0 0 0 1 0 0 0 0 0 0 0 1 1 0 1 0 1 1 ]
num ..... 1000
nnodes .. 18
nedges .. 64
nsols ... 104
nnonhsols 52
tsecs ... 16.286180
