order:    [ 1 4 9 0 2 3 5 8 10 13 14 15 6 7 11 12 16 17 ]
atoms:    [ CA CA CA N C N C N C N CA C H HA H HA H HA ]
residues: [ 0 1 2 0 0 1 1 2 2 3 3 3 1 1 2 2 3 3 ]

d_0_4=4.198419776667 eijMax=7.179E-03 rmsd=2.132E-01 s=[ 0 0 0 0 1 0 1 0 0 1 0 0 0 0 1 0 1 0 ]
d_0_4=4.198419776667 eijMax=1.200E-03 rmsd=1.203E-01 s=[ 0 0 0 0 1 0 1 1 0 1 0 0 0 0 0 0 1 0 ]
d_0_4=4.198419776667 eijMax=1.200E-03 rmsd=1.203E-01 s=[ 0 0 0 1 0 1 0 0 1 0 1 1 1 1 1 1 0 1 ]
d_0_4=4.198419776667 eijMax=7.179E-03 rmsd=2.132E-01 s=[ 0 0 0 1 0 1 0 1 1 0 1 1 1 1 0 1 0 1 ]
d_0_4=4.218024845859 eijMax=4.604E-04 rmsd=2.768E-02 s=[ 0 0 0 0 1 0 1 1 0 1 0 0 1 0 1 0 1 0 ]
d_0_4=4.218024845859 eijMax=4.175E-03 rmsd=1.636E-01 s=[ 0 0 0 0 1 1 1 0 0 1 0 0 0 0 1 0 1 0 ]
d_0_4=4.218024845859 eijMax=4.781E-03 rmsd=1.703E-01 s=[ 0 0 0 0 1 1 1 1 0 1 0 0 0 0 0 0 1 0 ]
d_0_4=4.218024845859 eijMax=4.781E-03 rmsd=1.703E-01 s=[ 0 0 0 1 0 0 0 0 1 0 1 1 1 1 1 1 0 1 ]
d_0_4=4.218024845859 eijMax=4.175E-03 rmsd=1.636E-01 s=[ 0 0 0 1 0 0 0 1 1 0 1 1 1 1 0 1 0 1 ]
d_0_4=4.218024845859 eijMax=4.604E-04 rmsd=2.768E-02 s=[ 0 0 0 1 0 1 0 0 1 0 1 1 0 1 0 1 0 1 ]
d_0_4=4.237629915051 eijMax=4.604E-04 rmsd=1.386E-01 s=[ 0 0 0 0 1 0 1 1 0 1 0 0 1 0 1 0 1 0 ]
d_0_4=4.237629915051 eijMax=4.106E-03 rmsd=2.246E-01 s=[ 0 0 0 0 1 1 1 0 0 1 0 0 1 0 1 0 1 0 ]
d_0_4=4.237629915051 eijMax=4.373E-03 rmsd=7.467E-02 s=[ 0 0 0 0 1 1 1 1 0 1 0 0 0 0 0 0 1 0 ]
d_0_4=4.237629915051 eijMax=4.373E-03 rmsd=7.467E-02 s=[ 0 0 0 1 0 0 0 0 1 0 1 1 1 1 1 1 0 1 ]
d_0_4=4.237629915051 eijMax=4.106E-03 rmsd=2.246E-01 s=[ 0 0 0 1 0 0 0 1 1 0 1 1 0 1 0 1 0 1 ]
d_0_4=4.237629915051 eijMax=4.604E-04 rmsd=1.386E-01 s=[ 0 0 0 1 0 1 0 0 1 0 1 1 0 1 0 1 0 1 ]
d_0_4=4.257234984242 eijMax=3.605E-03 rmsd=3.086E-01 s=[ 0 0 0 0 1 1 1 0 0 1 0 0 1 0 1 0 1 0 ]
d_0_4=4.257234984242 eijMax=4.596E-03 rmsd=1.044E-01 s=[ 0 0 0 0 1 1 1 1 0 1 0 0 1 0 1 0 1 0 ]
d_0_4=4.257234984242 eijMax=4.596E-03 rmsd=1.044E-01 s=[ 0 0 0 1 0 0 0 0 1 0 1 1 0 1 0 1 0 1 ]
d_0_4=4.257234984242 eijMax=3.605E-03 rmsd=3.086E-01 s=[ 0 0 0 1 0 0 0 1 1 0 1 1 0 1 0 1 0 1 ]
d_0_4=4.276840053434 eijMax=5.246E-03 rmsd=1.919E-01 s=[ 0 0 0 0 1 1 1 1 0 1 0 0 1 0 1 0 1 0 ]
d_0_4=4.276840053434 eijMax=5.246E-03 rmsd=1.919E-01 s=[ 0 0 0 1 0 0 0 0 1 0 1 1 0 1 0 1 0 1 ]
num ..... 100
nnodes .. 18
nedges .. 66
nsols ... 58
nnonhsols 22
tsecs ... 0.943095
