d_0_4=4.803184640340 eijMax=6.217E-04 rmsd=3.399E-02 s=[ 0 0 0 0 1 0 0 0 0 0 0 0 0 0 0 0 1 0 ]
d_0_4=4.803184640340 eijMax=6.217E-04 rmsd=5.569E-02 s=[ 0 0 0 0 1 0 0 0 0 0 0 0 0 0 1 0 1 0 ]
d_0_4=4.803184640340 eijMax=6.217E-04 rmsd=3.557E-02 s=[ 0 0 0 0 1 0 0 0 0 0 0 0 1 0 0 0 1 0 ]
d_0_4=4.803184640340 eijMax=6.217E-04 rmsd=5.668E-02 s=[ 0 0 0 0 1 0 0 0 0 0 0 0 1 0 1 0 1 0 ]
d_0_4=4.803184640340 eijMax=6.217E-04 rmsd=5.668E-02 s=[ 0 0 0 1 0 1 1 1 1 1 1 1 0 1 0 1 0 1 ]
d_0_4=4.803184640340 eijMax=6.217E-04 rmsd=3.557E-02 s=[ 0 0 0 1 0 1 1 1 1 1 1 1 0 1 1 1 0 1 ]
d_0_4=4.803184640340 eijMax=6.217E-04 rmsd=5.569E-02 s=[ 0 0 0 1 0 1 1 1 1 1 1 1 1 1 0 1 0 1 ]
d_0_4=4.803184640340 eijMax=6.217E-04 rmsd=3.399E-02 s=[ 0 0 0 1 0 1 1 1 1 1 1 1 1 1 1 1 0 1 ]
d_0_4=4.804549363333 eijMax=2.306E-04 rmsd=1.171E-02 s=[ 0 0 0 0 1 0 0 0 0 0 0 0 0 0 0 0 1 0 ]
d_0_4=4.804549363333 eijMax=3.273E-04 rmsd=3.745E-02 s=[ 0 0 0 0 1 0 0 0 0 0 0 0 0 0 1 0 1 0 ]
d_0_4=4.804549363333 eijMax=2.306E-04 rmsd=1.347E-02 s=[ 0 0 0 0 1 0 0 0 0 0 0 0 1 0 0 0 1 0 ]
d_0_4=4.804549363333 eijMax=3.273E-04 rmsd=3.805E-02 s=[ 0 0 0 0 1 0 0 0 0 0 0 0 1 0 1 0 1 0 ]
d_0_4=4.804549363333 eijMax=3.273E-04 rmsd=3.805E-02 s=[ 0 0 0 1 0 1 1 1 1 1 1 1 0 1 0 1 0 1 ]
d_0_4=4.804549363333 eijMax=2.306E-04 rmsd=1.347E-02 s=[ 0 0 0 1 0 1 1 1 1 1 1 1 0 1 1 1 0 1 ]
d_0_4=4.804549363333 eijMax=3.273E-04 rmsd=3.745E-02 s=[ 0 0 0 1 0 1 1 1 1 1 1 1 1 1 0 1 0 1 ]
d_0_4=4.804549363333 eijMax=2.306E-04 rmsd=1.171E-02 s=[ 0 0 0 1 0 1 1 1 1 1 1 1 1 1 1 1 0 1 ]
d_0_4=4.805914086326 eijMax=1.932E-04 rmsd=1.134E-02 s=[ 0 0 0 0 1 0 0 0 0 0 0 0 0 0 0 0 1 0 ]
d_0_4=4.805914086326 eijMax=3.273E-04 rmsd=2.626E-02 s=[ 0 0 0 0 1 0 0 0 0 0 0 0 0 0 1 0 1 0 ]
d_0_4=4.805914086326 eijMax=1.932E-04 rmsd=1.029E-02 s=[ 0 0 0 0 1 0 0 0 0 0 0 0 1 0 0 0 1 0 ]
d_0_4=4.805914086326 eijMax=3.273E-04 rmsd=2.585E-02 s=[ 0 0 0 0 1 0 0 0 0 0 0 0 1 0 1 0 1 0 ]
d_0_4=4.805914086326 eijMax=1.479E-03 rmsd=3.028E-02 s=[ 0 0 0 0 1 1 0 0 0 0 0 0 0 0 0 0 1 0 ]
d_0_4=4.805914086326 eijMax=1.479E-03 rmsd=5.316E-02 s=[ 0 0 0 0 1 1 0 0 0 0 0 0 0 0 1 0 1 0 ]
d_0_4=4.805914086326 eijMax=1.479E-03 rmsd=3.116E-02 s=[ 0 0 0 0 1 1 0 0 0 0 0 0 1 0 0 0 1 0 ]
d_0_4=4.805914086326 eijMax=1.479E-03 rmsd=5.368E-02 s=[ 0 0 0 0 1 1 0 0 0 0 0 0 1 0 1 0 1 0 ]
d_0_4=4.805914086326 eijMax=1.479E-03 rmsd=5.368E-02 s=[ 0 0 0 1 0 0 1 1 1 1 1 1 0 1 0 1 0 1 ]
d_0_4=4.805914086326 eijMax=1.479E-03 rmsd=3.116E-02 s=[ 0 0 0 1 0 0 1 1 1 1 1 1 0 1 1 1 0 1 ]
d_0_4=4.805914086326 eijMax=1.479E-03 rmsd=5.316E-02 s=[ 0 0 0 1 0 0 1 1 1 1 1 1 1 1 0 1 0 1 ]
d_0_4=4.805914086326 eijMax=1.479E-03 rmsd=3.028E-02 s=[ 0 0 0 1 0 0 1 1 1 1 1 1 1 1 1 1 0 1 ]
d_0_4=4.805914086326 eijMax=3.273E-04 rmsd=2.585E-02 s=[ 0 0 0 1 0 1 1 1 1 1 1 1 0 1 0 1 0 1 ]
d_0_4=4.805914086326 eijMax=1.932E-04 rmsd=1.029E-02 s=[ 0 0 0 1 0 1 1 1 1 1 1 1 0 1 1 1 0 1 ]
d_0_4=4.805914086326 eijMax=3.273E-04 rmsd=2.626E-02 s=[ 0 0 0 1 0 1 1 1 1 1 1 1 1 1 0 1 0 1 ]
d_0_4=4.805914086326 eijMax=1.932E-04 rmsd=1.134E-02 s=[ 0 0 0 1 0 1 1 1 1 1 1 1 1 1 1 1 0 1 ]
d_0_4=4.807278809319 eijMax=6.513E-04 rmsd=3.518E-02 s=[ 0 0 0 0 1 0 0 0 0 0 0 0 0 0 0 0 1 0 ]
d_0_4=4.807278809319 eijMax=6.513E-04 rmsd=3.269E-02 s=[ 0 0 0 0 1 0 0 0 0 0 0 0 0 0 1 0 1 0 ]
d_0_4=4.807278809319 eijMax=6.513E-04 rmsd=3.387E-02 s=[ 0 0 0 0 1 0 0 0 0 0 0 0 1 0 0 0 1 0 ]
d_0_4=4.807278809319 eijMax=6.513E-04 rmsd=3.129E-02 s=[ 0 0 0 0 1 0 0 0 0 0 0 0 1 0 1 0 1 0 ]
d_0_4=4.807278809319 eijMax=1.059E-03 rmsd=1.184E-02 s=[ 0 0 0 0 1 1 0 0 0 0 0 0 0 0 0 0 1 0 ]
d_0_4=4.807278809319 eijMax=1.059E-03 rmsd=3.674E-02 s=[ 0 0 0 0 1 1 0 0 0 0 0 0 0 0 1 0 1 0 ]
d_0_4=4.807278809319 eijMax=1.059E-03 rmsd=1.125E-02 s=[ 0 0 0 0 1 1 0 0 0 0 0 0 1 0 0 0 1 0 ]
d_0_4=4.807278809319 eijMax=1.059E-03 rmsd=3.657E-02 s=[ 0 0 0 0 1 1 0 0 0 0 0 0 1 0 1 0 1 0 ]
d_0_4=4.807278809319 eijMax=1.059E-03 rmsd=3.657E-02 s=[ 0 0 0 1 0 0 1 1 1 1 1 1 0 1 0 1 0 1 ]
d_0_4=4.807278809319 eijMax=1.059E-03 rmsd=1.125E-02 s=[ 0 0 0 1 0 0 1 1 1 1 1 1 0 1 1 1 0 1 ]
d_0_4=4.807278809319 eijMax=1.059E-03 rmsd=3.674E-02 s=[ 0 0 0 1 0 0 1 1 1 1 1 1 1 1 0 1 0 1 ]
d_0_4=4.807278809319 eijMax=1.059E-03 rmsd=1.184E-02 s=[ 0 0 0 1 0 0 1 1 1 1 1 1 1 1 1 1 0 1 ]
d_0_4=4.807278809319 eijMax=6.513E-04 rmsd=3.129E-02 s=[ 0 0 0 1 0 1 1 1 1 1 1 1 0 1 0 1 0 1 ]
d_0_4=4.807278809319 eijMax=6.513E-04 rmsd=3.387E-02 s=[ 0 0 0 1 0 1 1 1 1 1 1 1 0 1 1 1 0 1 ]
d_0_4=4.807278809319 eijMax=6.513E-04 rmsd=3.269E-02 s=[ 0 0 0 1 0 1 1 1 1 1 1 1 1 1 0 1 0 1 ]
d_0_4=4.807278809319 eijMax=6.513E-04 rmsd=3.518E-02 s=[ 0 0 0 1 0 1 1 1 1 1 1 1 1 1 1 1 0 1 ]
d_0_4=4.808643532312 eijMax=1.146E-03 rmsd=5.989E-02 s=[ 0 0 0 0 1 0 0 0 0 0 0 0 0 0 0 0 1 0 ]
d_0_4=4.808643532312 eijMax=1.146E-03 rmsd=5.159E-02 s=[ 0 0 0 0 1 0 0 0 0 0 0 0 0 0 1 0 1 0 ]
d_0_4=4.808643532312 eijMax=1.146E-03 rmsd=5.854E-02 s=[ 0 0 0 0 1 0 0 0 0 0 0 0 1 0 0 0 1 0 ]
d_0_4=4.808643532312 eijMax=1.146E-03 rmsd=5.002E-02 s=[ 0 0 0 0 1 0 0 0 0 0 0 0 1 0 1 0 1 0 ]
d_0_4=4.808643532312 eijMax=6.050E-04 rmsd=2.093E-02 s=[ 0 0 0 0 1 1 0 0 0 0 0 0 0 0 0 0 1 0 ]
d_0_4=4.808643532312 eijMax=6.050E-04 rmsd=3.037E-02 s=[ 0 0 0 0 1 1 0 0 0 0 0 0 0 0 1 0 1 0 ]
d_0_4=4.808643532312 eijMax=6.050E-04 rmsd=1.887E-02 s=[ 0 0 0 0 1 1 0 0 0 0 0 0 1 0 0 0 1 0 ]
d_0_4=4.808643532312 eijMax=6.050E-04 rmsd=2.901E-02 s=[ 0 0 0 0 1 1 0 0 0 0 0 0 1 0 1 0 1 0 ]
d_0_4=4.808643532312 eijMax=6.050E-04 rmsd=2.901E-02 s=[ 0 0 0 1 0 0 1 1 1 1 1 1 0 1 0 1 0 1 ]
d_0_4=4.808643532312 eijMax=6.050E-04 rmsd=1.887E-02 s=[ 0 0 0 1 0 0 1 1 1 1 1 1 0 1 1 1 0 1 ]
d_0_4=4.808643532312 eijMax=6.050E-04 rmsd=3.037E-02 s=[ 0 0 0 1 0 0 1 1 1 1 1 1 1 1 0 1 0 1 ]
d_0_4=4.808643532312 eijMax=6.050E-04 rmsd=2.093E-02 s=[ 0 0 0 1 0 0 1 1 1 1 1 1 1 1 1 1 0 1 ]
d_0_4=4.808643532312 eijMax=1.146E-03 rmsd=5.002E-02 s=[ 0 0 0 1 0 1 1 1 1 1 1 1 0 1 0 1 0 1 ]
d_0_4=4.808643532312 eijMax=1.146E-03 rmsd=5.854E-02 s=[ 0 0 0 1 0 1 1 1 1 1 1 1 0 1 1 1 0 1 ]
d_0_4=4.808643532312 eijMax=1.146E-03 rmsd=5.159E-02 s=[ 0 0 0 1 0 1 1 1 1 1 1 1 1 1 0 1 0 1 ]
d_0_4=4.808643532312 eijMax=1.146E-03 rmsd=5.989E-02 s=[ 0 0 0 1 0 1 1 1 1 1 1 1 1 1 1 1 0 1 ]
d_0_4=4.810008255305 eijMax=1.679E-03 rmsd=8.553E-02 s=[ 0 0 0 0 1 0 0 0 0 0 0 0 0 0 0 0 1 0 ]
d_0_4=4.810008255305 eijMax=1.679E-03 rmsd=7.486E-02 s=[ 0 0 0 0 1 0 0 0 0 0 0 0 0 0 1 0 1 0 ]
d_0_4=4.810008255305 eijMax=1.679E-03 rmsd=8.417E-02 s=[ 0 0 0 0 1 0 0 0 0 0 0 0 1 0 0 0 1 0 ]
d_0_4=4.810008255305 eijMax=1.679E-03 rmsd=7.331E-02 s=[ 0 0 0 0 1 0 0 0 0 0 0 0 1 0 1 0 1 0 ]
d_0_4=4.810008255305 eijMax=1.135E-04 rmsd=4.393E-02 s=[ 0 0 0 0 1 1 0 0 0 0 0 0 0 0 0 0 1 0 ]
d_0_4=4.810008255305 eijMax=3.273E-04 rmsd=4.076E-02 s=[ 0 0 0 0 1 1 0 0 0 0 0 0 0 0 1 0 1 0 ]
d_0_4=4.810008255305 eijMax=1.135E-04 rmsd=4.216E-02 s=[ 0 0 0 0 1 1 0 0 0 0 0 0 1 0 0 0 1 0 ]
d_0_4=4.810008255305 eijMax=3.273E-04 rmsd=3.887E-02 s=[ 0 0 0 0 1 1 0 0 0 0 0 0 1 0 1 0 1 0 ]
d_0_4=4.810008255305 eijMax=3.273E-04 rmsd=3.887E-02 s=[ 0 0 0 1 0 0 1 1 1 1 1 1 0 1 0 1 0 1 ]
d_0_4=4.810008255305 eijMax=1.135E-04 rmsd=4.216E-02 s=[ 0 0 0 1 0 0 1 1 1 1 1 1 0 1 1 1 0 1 ]
d_0_4=4.810008255305 eijMax=3.273E-04 rmsd=4.076E-02 s=[ 0 0 0 1 0 0 1 1 1 1 1 1 1 1 0 1 0 1 ]
d_0_4=4.810008255305 eijMax=1.135E-04 rmsd=4.393E-02 s=[ 0 0 0 1 0 0 1 1 1 1 1 1 1 1 1 1 0 1 ]
d_0_4=4.810008255305 eijMax=1.679E-03 rmsd=7.331E-02 s=[ 0 0 0 1 0 1 1 1 1 1 1 1 0 1 0 1 0 1 ]
d_0_4=4.810008255305 eijMax=1.679E-03 rmsd=8.417E-02 s=[ 0 0 0 1 0 1 1 1 1 1 1 1 0 1 1 1 0 1 ]
d_0_4=4.810008255305 eijMax=1.679E-03 rmsd=7.486E-02 s=[ 0 0 0 1 0 1 1 1 1 1 1 1 1 1 0 1 0 1 ]
d_0_4=4.810008255305 eijMax=1.679E-03 rmsd=8.553E-02 s=[ 0 0 0 1 0 1 1 1 1 1 1 1 1 1 1 1 0 1 ]
d_0_4=4.811372978298 eijMax=2.253E-03 rmsd=1.122E-01 s=[ 0 0 0 0 1 0 0 0 0 0 0 0 0 0 0 0 1 0 ]
d_0_4=4.811372978298 eijMax=2.253E-03 rmsd=1.003E-01 s=[ 0 0 0 0 1 0 0 0 0 0 0 0 0 0 1 0 1 0 ]
d_0_4=4.811372978298 eijMax=2.253E-03 rmsd=1.108E-01 s=[ 0 0 0 0 1 0 0 0 0 0 0 0 1 0 0 0 1 0 ]
d_0_4=4.811372978298 eijMax=2.253E-03 rmsd=9.875E-02 s=[ 0 0 0 0 1 0 0 0 0 0 0 0 1 0 1 0 1 0 ]
d_0_4=4.811372978298 eijMax=4.172E-04 rmsd=6.892E-02 s=[ 0 0 0 0 1 1 0 0 0 0 0 0 0 0 0 0 1 0 ]
d_0_4=4.811372978298 eijMax=4.172E-04 rmsd=6.083E-02 s=[ 0 0 0 0 1 1 0 0 0 0 0 0 0 0 1 0 1 0 ]
d_0_4=4.811372978298 eijMax=4.172E-04 rmsd=6.727E-02 s=[ 0 0 0 0 1 1 0 0 0 0 0 0 1 0 0 0 1 0 ]
d_0_4=4.811372978298 eijMax=4.172E-04 rmsd=5.897E-02 s=[ 0 0 0 0 1 1 0 0 0 0 0 0 1 0 1 0 1 0 ]
d_0_4=4.811372978298 eijMax=4.172E-04 rmsd=5.897E-02 s=[ 0 0 0 1 0 0 1 1 1 1 1 1 0 1 0 1 0 1 ]
d_0_4=4.811372978298 eijMax=4.172E-04 rmsd=6.727E-02 s=[ 0 0 0 1 0 0 1 1 1 1 1 1 0 1 1 1 0 1 ]
d_0_4=4.811372978298 eijMax=4.172E-04 rmsd=6.083E-02 s=[ 0 0 0 1 0 0 1 1 1 1 1 1 1 1 0 1 0 1 ]
d_0_4=4.811372978298 eijMax=4.172E-04 rmsd=6.892E-02 s=[ 0 0 0 1 0 0 1 1 1 1 1 1 1 1 1 1 0 1 ]
d_0_4=4.811372978298 eijMax=2.253E-03 rmsd=9.875E-02 s=[ 0 0 0 1 0 1 1 1 1 1 1 1 0 1 0 1 0 1 ]
d_0_4=4.811372978298 eijMax=2.253E-03 rmsd=1.108E-01 s=[ 0 0 0 1 0 1 1 1 1 1 1 1 0 1 1 1 0 1 ]
d_0_4=4.811372978298 eijMax=2.253E-03 rmsd=1.003E-01 s=[ 0 0 0 1 0 1 1 1 1 1 1 1 1 1 0 1 0 1 ]
d_0_4=4.811372978298 eijMax=2.253E-03 rmsd=1.122E-01 s=[ 0 0 0 1 0 1 1 1 1 1 1 1 1 1 1 1 0 1 ]
d_0_4=4.812737701291 eijMax=2.870E-03 rmsd=1.399E-01 s=[ 0 0 0 0 1 0 0 0 0 0 0 0 0 0 0 0 1 0 ]
d_0_4=4.812737701291 eijMax=2.870E-03 rmsd=1.272E-01 s=[ 0 0 0 0 1 0 0 0 0 0 0 0 0 0 1 0 1 0 ]
d_0_4=4.812737701291 eijMax=2.870E-03 rmsd=1.385E-01 s=[ 0 0 0 0 1 0 0 0 0 0 0 0 1 0 0 0 1 0 ]
d_0_4=4.812737701291 eijMax=2.870E-03 rmsd=1.258E-01 s=[ 0 0 0 0 1 0 0 0 0 0 0 0 1 0 1 0 1 0 ]
d_0_4=4.812737701291 eijMax=9.895E-04 rmsd=9.514E-02 s=[ 0 0 0 0 1 1 0 0 0 0 0 0 0 0 0 0 1 0 ]
d_0_4=4.812737701291 eijMax=9.895E-04 rmsd=8.480E-02 s=[ 0 0 0 0 1 1 0 0 0 0 0 0 0 0 1 0 1 0 ]
d_0_4=4.812737701291 eijMax=9.895E-04 rmsd=9.357E-02 s=[ 0 0 0 0 1 1 0 0 0 0 0 0 1 0 0 0 1 0 ]
d_0_4=4.812737701291 eijMax=9.895E-04 rmsd=8.304E-02 s=[ 0 0 0 0 1 1 0 0 0 0 0 0 1 0 1 0 1 0 ]
d_0_4=4.812737701291 eijMax=9.895E-04 rmsd=8.304E-02 s=[ 0 0 0 1 0 0 1 1 1 1 1 1 0 1 0 1 0 1 ]
d_0_4=4.812737701291 eijMax=9.895E-04 rmsd=9.357E-02 s=[ 0 0 0 1 0 0 1 1 1 1 1 1 0 1 1 1 0 1 ]
d_0_4=4.812737701291 eijMax=9.895E-04 rmsd=8.480E-02 s=[ 0 0 0 1 0 0 1 1 1 1 1 1 1 1 0 1 0 1 ]
d_0_4=4.812737701291 eijMax=9.895E-04 rmsd=9.514E-02 s=[ 0 0 0 1 0 0 1 1 1 1 1 1 1 1 1 1 0 1 ]
d_0_4=4.812737701291 eijMax=2.870E-03 rmsd=1.258E-01 s=[ 0 0 0 1 0 1 1 1 1 1 1 1 0 1 0 1 0 1 ]
d_0_4=4.812737701291 eijMax=2.870E-03 rmsd=1.385E-01 s=[ 0 0 0 1 0 1 1 1 1 1 1 1 0 1 1 1 0 1 ]
d_0_4=4.812737701291 eijMax=2.870E-03 rmsd=1.272E-01 s=[ 0 0 0 1 0 1 1 1 1 1 1 1 1 1 0 1 0 1 ]
d_0_4=4.812737701291 eijMax=2.870E-03 rmsd=1.399E-01 s=[ 0 0 0 1 0 1 1 1 1 1 1 1 1 1 1 1 0 1 ]
d_0_4=4.814102424284 eijMax=3.534E-03 rmsd=1.556E-01 s=[ 0 0 0 0 1 0 0 0 0 0 0 0 0 0 1 0 1 0 ]
d_0_4=4.814102424284 eijMax=3.534E-03 rmsd=1.542E-01 s=[ 0 0 0 0 1 0 0 0 0 0 0 0 1 0 1 0 1 0 ]
d_0_4=4.814102424284 eijMax=1.606E-03 rmsd=1.225E-01 s=[ 0 0 0 0 1 1 0 0 0 0 0 0 0 0 0 0 1 0 ]
d_0_4=4.814102424284 eijMax=1.606E-03 rmsd=1.109E-01 s=[ 0 0 0 0 1 1 0 0 0 0 0 0 0 0 1 0 1 0 ]
d_0_4=4.814102424284 eijMax=1.606E-03 rmsd=1.210E-01 s=[ 0 0 0 0 1 1 0 0 0 0 0 0 1 0 0 0 1 0 ]
d_0_4=4.814102424284 eijMax=1.606E-03 rmsd=1.093E-01 s=[ 0 0 0 0 1 1 0 0 0 0 0 0 1 0 1 0 1 0 ]
d_0_4=4.814102424284 eijMax=1.606E-03 rmsd=1.093E-01 s=[ 0 0 0 1 0 0 1 1 1 1 1 1 0 1 0 1 0 1 ]
d_0_4=4.814102424284 eijMax=1.606E-03 rmsd=1.210E-01 s=[ 0 0 0 1 0 0 1 1 1 1 1 1 0 1 1 1 0 1 ]
d_0_4=4.814102424284 eijMax=1.606E-03 rmsd=1.109E-01 s=[ 0 0 0 1 0 0 1 1 1 1 1 1 1 1 0 1 0 1 ]
d_0_4=4.814102424284 eijMax=1.606E-03 rmsd=1.225E-01 s=[ 0 0 0 1 0 0 1 1 1 1 1 1 1 1 1 1 0 1 ]
d_0_4=4.814102424284 eijMax=3.534E-03 rmsd=1.542E-01 s=[ 0 0 0 1 0 1 1 1 1 1 1 1 0 1 0 1 0 1 ]
d_0_4=4.814102424284 eijMax=3.534E-03 rmsd=1.556E-01 s=[ 0 0 0 1 0 1 1 1 1 1 1 1 1 1 0 1 0 1 ]
d_0_4=4.815467147277 eijMax=4.246E-03 rmsd=1.854E-01 s=[ 0 0 0 0 1 0 0 0 0 0 0 0 0 0 1 0 1 0 ]
d_0_4=4.815467147277 eijMax=4.246E-03 rmsd=1.840E-01 s=[ 0 0 0 0 1 0 0 0 0 0 0 0 1 0 1 0 1 0 ]
d_0_4=4.815467147277 eijMax=2.269E-03 rmsd=1.511E-01 s=[ 0 0 0 0 1 1 0 0 0 0 0 0 0 0 0 0 1 0 ]
d_0_4=4.815467147277 eijMax=2.269E-03 rmsd=1.388E-01 s=[ 0 0 0 0 1 1 0 0 0 0 0 0 0 0 1 0 1 0 ]
d_0_4=4.815467147277 eijMax=2.269E-03 rmsd=1.496E-01 s=[ 0 0 0 0 1 1 0 0 0 0 0 0 1 0 0 0 1 0 ]
d_0_4=4.815467147277 eijMax=2.269E-03 rmsd=1.371E-01 s=[ 0 0 0 0 1 1 0 0 0 0 0 0 1 0 1 0 1 0 ]
d_0_4=4.815467147277 eijMax=2.269E-03 rmsd=1.371E-01 s=[ 0 0 0 1 0 0 1 1 1 1 1 1 0 1 0 1 0 1 ]
d_0_4=4.815467147277 eijMax=2.269E-03 rmsd=1.496E-01 s=[ 0 0 0 1 0 0 1 1 1 1 1 1 0 1 1 1 0 1 ]
d_0_4=4.815467147277 eijMax=2.269E-03 rmsd=1.388E-01 s=[ 0 0 0 1 0 0 1 1 1 1 1 1 1 1 0 1 0 1 ]
d_0_4=4.815467147277 eijMax=2.269E-03 rmsd=1.511E-01 s=[ 0 0 0 1 0 0 1 1 1 1 1 1 1 1 1 1 0 1 ]
d_0_4=4.815467147277 eijMax=4.246E-03 rmsd=1.840E-01 s=[ 0 0 0 1 0 1 1 1 1 1 1 1 0 1 0 1 0 1 ]
d_0_4=4.815467147277 eijMax=4.246E-03 rmsd=1.854E-01 s=[ 0 0 0 1 0 1 1 1 1 1 1 1 1 1 0 1 0 1 ]
d_0_4=4.816831870270 eijMax=2.983E-03 rmsd=1.681E-01 s=[ 0 0 0 0 1 1 0 0 0 0 0 0 0 0 1 0 1 0 ]
d_0_4=4.816831870270 eijMax=2.983E-03 rmsd=1.665E-01 s=[ 0 0 0 0 1 1 0 0 0 0 0 0 1 0 1 0 1 0 ]
d_0_4=4.816831870270 eijMax=2.983E-03 rmsd=1.665E-01 s=[ 0 0 0 1 0 0 1 1 1 1 1 1 0 1 0 1 0 1 ]
d_0_4=4.816831870270 eijMax=2.983E-03 rmsd=1.681E-01 s=[ 0 0 0 1 0 0 1 1 1 1 1 1 1 1 0 1 0 1 ]
d_0_4=4.818196593263 eijMax=3.749E-03 rmsd=1.990E-01 s=[ 0 0 0 0 1 1 0 0 0 0 0 0 0 0 1 0 1 0 ]
d_0_4=4.818196593263 eijMax=3.749E-03 rmsd=1.975E-01 s=[ 0 0 0 0 1 1 0 0 0 0 0 0 1 0 1 0 1 0 ]
d_0_4=4.818196593263 eijMax=3.749E-03 rmsd=1.975E-01 s=[ 0 0 0 1 0 0 1 1 1 1 1 1 0 1 0 1 0 1 ]
d_0_4=4.818196593263 eijMax=3.749E-03 rmsd=1.990E-01 s=[ 0 0 0 1 0 0 1 1 1 1 1 1 1 1 0 1 0 1 ]
num ..... 1000
nnodes .. 18
nedges .. 68
nsols ... 144
tsecs ... 10.553566
