order:    [ 1 4 9 0 2 3 5 8 10 13 14 15 6 7 11 12 16 17 ]
atoms:    [ CA CA CA N C N C N C N CA C H HA H HA H HA ]
residues: [ 0 1 2 0 0 1 1 2 2 3 3 3 1 1 2 2 3 3 ]

d_0_4=4.803184640340 eijMax=6.217E-04 rmsd=3.399E-02 s=[ 0 0 0 0 1 0 0 0 0 0 0 0 0 0 0 0 1 0 ]
d_0_4=4.803184640340 eijMax=6.217E-04 rmsd=3.399E-02 s=[ 0 0 0 1 0 1 1 1 1 1 1 1 1 1 1 1 0 1 ]
d_0_4=4.804549363333 eijMax=2.306E-04 rmsd=1.171E-02 s=[ 0 0 0 0 1 0 0 0 0 0 0 0 0 0 0 0 1 0 ]
d_0_4=4.804549363333 eijMax=2.306E-04 rmsd=1.171E-02 s=[ 0 0 0 1 0 1 1 1 1 1 1 1 1 1 1 1 0 1 ]
d_0_4=4.805914086326 eijMax=1.932E-04 rmsd=1.029E-02 s=[ 0 0 0 0 1 0 0 0 0 0 0 0 1 0 0 0 1 0 ]
d_0_4=4.805914086326 eijMax=1.479E-03 rmsd=3.028E-02 s=[ 0 0 0 0 1 1 0 0 0 0 0 0 0 0 0 0 1 0 ]
d_0_4=4.805914086326 eijMax=1.479E-03 rmsd=3.028E-02 s=[ 0 0 0 1 0 0 1 1 1 1 1 1 1 1 1 1 0 1 ]
d_0_4=4.805914086326 eijMax=1.932E-04 rmsd=1.029E-02 s=[ 0 0 0 1 0 1 1 1 1 1 1 1 0 1 1 1 0 1 ]
d_0_4=4.807278809319 eijMax=6.513E-04 rmsd=3.129E-02 s=[ 0 0 0 0 1 0 0 0 0 0 0 0 1 0 1 0 1 0 ]
d_0_4=4.807278809319 eijMax=1.059E-03 rmsd=1.125E-02 s=[ 0 0 0 0 1 1 0 0 0 0 0 0 1 0 0 0 1 0 ]
d_0_4=4.807278809319 eijMax=1.059E-03 rmsd=1.125E-02 s=[ 0 0 0 1 0 0 1 1 1 1 1 1 0 1 1 1 0 1 ]
d_0_4=4.807278809319 eijMax=6.513E-04 rmsd=3.129E-02 s=[ 0 0 0 1 0 1 1 1 1 1 1 1 0 1 0 1 0 1 ]
d_0_4=4.808643532312 eijMax=1.146E-03 rmsd=5.002E-02 s=[ 0 0 0 0 1 0 0 0 0 0 0 0 1 0 1 0 1 0 ]
d_0_4=4.808643532312 eijMax=6.050E-04 rmsd=1.887E-02 s=[ 0 0 0 0 1 1 0 0 0 0 0 0 1 0 0 0 1 0 ]
d_0_4=4.808643532312 eijMax=6.050E-04 rmsd=1.887E-02 s=[ 0 0 0 1 0 0 1 1 1 1 1 1 0 1 1 1 0 1 ]
d_0_4=4.808643532312 eijMax=1.146E-03 rmsd=5.002E-02 s=[ 0 0 0 1 0 1 1 1 1 1 1 1 0 1 0 1 0 1 ]
d_0_4=4.810008255305 eijMax=1.679E-03 rmsd=7.331E-02 s=[ 0 0 0 0 1 0 0 0 0 0 0 0 1 0 1 0 1 0 ]
d_0_4=4.810008255305 eijMax=3.273E-04 rmsd=3.887E-02 s=[ 0 0 0 0 1 1 0 0 0 0 0 0 1 0 1 0 1 0 ]
d_0_4=4.810008255305 eijMax=3.273E-04 rmsd=3.887E-02 s=[ 0 0 0 1 0 0 1 1 1 1 1 1 0 1 0 1 0 1 ]
d_0_4=4.810008255305 eijMax=1.679E-03 rmsd=7.331E-02 s=[ 0 0 0 1 0 1 1 1 1 1 1 1 0 1 0 1 0 1 ]
d_0_4=4.811372978298 eijMax=2.253E-03 rmsd=9.875E-02 s=[ 0 0 0 0 1 0 0 0 0 0 0 0 1 0 1 0 1 0 ]
d_0_4=4.811372978298 eijMax=4.172E-04 rmsd=5.897E-02 s=[ 0 0 0 0 1 1 0 0 0 0 0 0 1 0 1 0 1 0 ]
d_0_4=4.811372978298 eijMax=4.172E-04 rmsd=5.897E-02 s=[ 0 0 0 1 0 0 1 1 1 1 1 1 0 1 0 1 0 1 ]
d_0_4=4.811372978298 eijMax=2.253E-03 rmsd=9.875E-02 s=[ 0 0 0 1 0 1 1 1 1 1 1 1 0 1 0 1 0 1 ]
d_0_4=4.812737701291 eijMax=2.870E-03 rmsd=1.258E-01 s=[ 0 0 0 0 1 0 0 0 0 0 0 0 1 0 1 0 1 0 ]
d_0_4=4.812737701291 eijMax=9.895E-04 rmsd=8.304E-02 s=[ 0 0 0 0 1 1 0 0 0 0 0 0 1 0 1 0 1 0 ]
d_0_4=4.812737701291 eijMax=9.895E-04 rmsd=8.304E-02 s=[ 0 0 0 1 0 0 1 1 1 1 1 1 0 1 0 1 0 1 ]
d_0_4=4.812737701291 eijMax=2.870E-03 rmsd=1.258E-01 s=[ 0 0 0 1 0 1 1 1 1 1 1 1 0 1 0 1 0 1 ]
d_0_4=4.814102424284 eijMax=3.534E-03 rmsd=1.542E-01 s=[ 0 0 0 0 1 0 0 0 0 0 0 0 1 0 1 0 1 0 ]
d_0_4=4.814102424284 eijMax=1.606E-03 rmsd=1.093E-01 s=[ 0 0 0 0 1 1 0 0 0 0 0 0 1 0 1 0 1 0 ]
d_0_4=4.814102424284 eijMax=1.606E-03 rmsd=1.093E-01 s=[ 0 0 0 1 0 0 1 1 1 1 1 1 0 1 0 1 0 1 ]
d_0_4=4.814102424284 eijMax=3.534E-03 rmsd=1.542E-01 s=[ 0 0 0 1 0 1 1 1 1 1 1 1 0 1 0 1 0 1 ]
d_0_4=4.815467147277 eijMax=4.246E-03 rmsd=1.840E-01 s=[ 0 0 0 0 1 0 0 0 0 0 0 0 1 0 1 0 1 0 ]
d_0_4=4.815467147277 eijMax=2.269E-03 rmsd=1.371E-01 s=[ 0 0 0 0 1 1 0 0 0 0 0 0 1 0 1 0 1 0 ]
d_0_4=4.815467147277 eijMax=2.269E-03 rmsd=1.371E-01 s=[ 0 0 0 1 0 0 1 1 1 1 1 1 0 1 0 1 0 1 ]
d_0_4=4.815467147277 eijMax=4.246E-03 rmsd=1.840E-01 s=[ 0 0 0 1 0 1 1 1 1 1 1 1 0 1 0 1 0 1 ]
d_0_4=4.816831870270 eijMax=2.983E-03 rmsd=1.665E-01 s=[ 0 0 0 0 1 1 0 0 0 0 0 0 1 0 1 0 1 0 ]
d_0_4=4.816831870270 eijMax=2.983E-03 rmsd=1.665E-01 s=[ 0 0 0 1 0 0 1 1 1 1 1 1 0 1 0 1 0 1 ]
d_0_4=4.818196593263 eijMax=3.749E-03 rmsd=1.975E-01 s=[ 0 0 0 0 1 1 0 0 0 0 0 0 1 0 1 0 1 0 ]
d_0_4=4.818196593263 eijMax=3.749E-03 rmsd=1.975E-01 s=[ 0 0 0 1 0 0 1 1 1 1 1 1 0 1 0 1 0 1 ]
num ..... 1000
nnodes .. 18
nedges .. 68
nsols ... 144
nbbsols . 40
tsecs ... 10.553566
