order:    [ 1 7 8 0 12 11 10 13 9 6 4 5 3 2 ]
atoms:    [ CA CA C N C CA N H HA N CA C N C ]
residues: [ 0 2 2 0 3 3 3 3 2 2 1 1 1 0 ]

We use a different pair of symbles to represent the bits values which are associated with the HA and H of the discretized distance, and another one to represent the bits of other hydrogens.
For the HA and H from the discretized distance:
	"+" means 0
	"-" means 1
For any other hydrogens:
	">" means 0
	"<" means 1

d_13_9=3.062780956667 s=[ 0 0 0 0 1 0 0 + + 1 0 0 1 1 ] xyz6=( 11.446605, -1.263788, 16.913035 )

d_13_9=3.062780956667 s=[ 0 0 0 0 1 0 0 + + 1 0 1 0 1 ] xyz6=( 11.446605, -1.263788, 16.913035 )

d_13_9=3.062780956667 s=[ 0 0 0 0 1 0 0 + + 1 1 0 0 1 ] xyz6=( 11.446605, -1.263788, 16.913035 )

d_13_9=3.062780956667 s=[ 0 0 0 0 1 0 0 + + 1 1 0 1 1 ] xyz6=( 11.446605, -1.263788, 16.913035 )

d_13_9=3.062780956667 s=[ 0 0 0 0 1 0 0 + + 1 1 1 0 1 ] xyz6=( 11.446605, -1.263788, 16.913035 )

d_13_9=3.085003178889 s=[ 0 0 0 0 1 0 0 + + 1 0 1 1 1 ] xyz6=( 11.481906, -1.242527, 16.906031 )

d_13_9=3.085003178889 s=[ 0 0 0 0 1 0 0 + + 1 1 0 0 1 ] xyz6=( 11.481906, -1.242527, 16.906031 )

d_13_9=3.085003178889 s=[ 0 0 0 0 1 0 0 + - 0 1 0 1 0 ] xyz6=( 11.899467, -0.828849, 16.749557 )

d_13_9=3.107225401111 s=[ 0 0 0 0 1 0 0 + + 1 1 0 0 1 ] xyz6=( 11.516960, -1.219949, 16.898412 )

d_13_9=3.107225401111 s=[ 0 0 0 0 1 0 0 + + 1 1 1 1 0 ] xyz6=( 11.516960, -1.219949, 16.898412 )

d_13_9=3.107225401111 s=[ 0 0 0 0 1 0 0 + - 0 1 0 1 0 ] xyz6=( 11.877707, -0.862556, 16.763227 )

d_13_9=3.129447623333 s=[ 0 0 0 0 1 0 0 + + 1 1 0 0 1 ] xyz6=( 11.551743, -1.196003, 16.890150 )

d_13_9=3.129447623333 s=[ 0 0 0 0 1 0 0 + + 1 1 1 1 0 ] xyz6=( 11.551743, -1.196003, 16.890150 )

d_13_9=3.129447623333 s=[ 0 0 0 0 1 0 0 + - 0 1 0 1 0 ] xyz6=( 11.854427, -0.896134, 16.776724 )

d_13_9=3.151669845556 s=[ 0 0 0 0 1 0 0 + + 1 1 0 0 1 ] xyz6=( 11.586231, -1.170631, 16.881219 )

d_13_9=3.173892067778 s=[ 0 0 0 0 1 0 0 + + 1 1 0 0 1 ] xyz6=( 11.620396, -1.143768, 16.871587 )

d_13_9=3.196114290000 s=[ 0 0 0 0 1 0 0 + - 0 1 1 1 0 ] xyz6=( 11.774773, -0.995893, 16.816037 )

d_13_9=3.062780956667 s=[ 0 0 0 0 1 0 0 - + 1 0 0 1 1 ] xyz6=( 11.446282, -1.263976, 16.913096 )

d_13_9=3.062780956667 s=[ 0 0 0 0 1 0 0 - + 1 0 1 0 1 ] xyz6=( 11.446282, -1.263976, 16.913096 )

d_13_9=3.062780956667 s=[ 0 0 0 0 1 0 0 - + 1 1 0 0 1 ] xyz6=( 11.446282, -1.263976, 16.913096 )

d_13_9=3.062780956667 s=[ 0 0 0 0 1 0 0 - + 1 1 0 1 1 ] xyz6=( 11.446282, -1.263976, 16.913096 )

d_13_9=3.062780956667 s=[ 0 0 0 0 1 0 0 - + 1 1 1 0 1 ] xyz6=( 11.446282, -1.263976, 16.913096 )

d_13_9=3.085003178889 s=[ 0 0 0 0 1 0 0 - + 1 0 1 1 1 ] xyz6=( 11.481590, -1.242724, 16.906097 )

d_13_9=3.085003178889 s=[ 0 0 0 0 1 0 0 - + 1 1 0 0 1 ] xyz6=( 11.481590, -1.242724, 16.906097 )

d_13_9=3.085003178889 s=[ 0 0 0 0 1 0 0 - - 0 1 0 1 0 ] xyz6=( 11.899326, -0.829074, 16.749649 )

d_13_9=3.107225401111 s=[ 0 0 0 0 1 0 0 - + 1 1 0 0 1 ] xyz6=( 11.516650, -1.220156, 16.898482 )

d_13_9=3.107225401111 s=[ 0 0 0 0 1 0 0 - + 1 1 1 1 0 ] xyz6=( 11.516650, -1.220156, 16.898482 )

d_13_9=3.107225401111 s=[ 0 0 0 0 1 0 0 - - 0 1 0 1 0 ] xyz6=( 11.877559, -0.862777, 16.763316 )

d_13_9=3.129447623333 s=[ 0 0 0 0 1 0 0 - + 1 1 0 0 1 ] xyz6=( 11.551440, -1.196219, 16.890226 )

d_13_9=3.129447623333 s=[ 0 0 0 0 1 0 0 - + 1 1 1 1 0 ] xyz6=( 11.551440, -1.196219, 16.890226 )

d_13_9=3.129447623333 s=[ 0 0 0 0 1 0 0 - - 0 1 0 1 0 ] xyz6=( 11.854272, -0.896350, 16.776811 )

d_13_9=3.151669845556 s=[ 0 0 0 0 1 0 0 - + 1 1 0 0 1 ] xyz6=( 11.585935, -1.170856, 16.881299 )

d_13_9=3.173892067778 s=[ 0 0 0 0 1 0 0 - + 1 1 0 0 1 ] xyz6=( 11.620108, -1.144002, 16.871672 )

d_13_9=3.196114290000 s=[ 0 0 0 0 1 0 0 - - 0 1 1 1 0 ] xyz6=( 11.774596, -0.996094, 16.816115 )

d_13_9=3.062780956667 s=[ 0 0 0 1 0 1 1 + - 0 0 0 1 0 ] xyz6=( 11.461583, 0.765592, 15.992820 )

d_13_9=3.062780956667 s=[ 0 0 0 1 0 1 1 + - 0 0 1 0 0 ] xyz6=( 11.461583, 0.765592, 15.992820 )

d_13_9=3.062780956667 s=[ 0 0 0 1 0 1 1 + - 0 0 1 1 0 ] xyz6=( 11.461583, 0.765592, 15.992820 )

d_13_9=3.062780956667 s=[ 0 0 0 1 0 1 1 + - 0 1 0 1 0 ] xyz6=( 11.461583, 0.765592, 15.992820 )

d_13_9=3.062780956667 s=[ 0 0 0 1 0 1 1 + - 0 1 1 0 0 ] xyz6=( 11.461583, 0.765592, 15.992820 )

d_13_9=3.085003178889 s=[ 0 0 0 1 0 1 1 + + 1 0 1 0 1 ] xyz6=( 11.908219, 0.350453, 16.214810 )

d_13_9=3.085003178889 s=[ 0 0 0 1 0 1 1 + - 0 0 1 1 0 ] xyz6=( 11.496582, 0.745885, 16.004393 )

d_13_9=3.085003178889 s=[ 0 0 0 1 0 1 1 + - 0 1 0 0 0 ] xyz6=( 11.496582, 0.745885, 16.004393 )

d_13_9=3.107225401111 s=[ 0 0 0 1 0 1 1 + + 1 0 1 0 1 ] xyz6=( 11.886952, 0.383211, 16.198342 )

d_13_9=3.107225401111 s=[ 0 0 0 1 0 1 1 + - 0 0 0 0 1 ] xyz6=( 11.531313, 0.724849, 16.016549 )

d_13_9=3.107225401111 s=[ 0 0 0 1 0 1 1 + - 0 0 1 1 0 ] xyz6=( 11.531313, 0.724849, 16.016549 )

d_13_9=3.129447623333 s=[ 0 0 0 1 0 1 1 + + 1 0 1 0 1 ] xyz6=( 11.864164, 0.415771, 16.181849 )

d_13_9=3.129447623333 s=[ 0 0 0 1 0 1 1 + - 0 0 0 0 1 ] xyz6=( 11.565754, 0.702433, 16.029311 )

d_13_9=3.129447623333 s=[ 0 0 0 1 0 1 1 + - 0 0 1 1 0 ] xyz6=( 11.565754, 0.702433, 16.029311 )

d_13_9=3.151669845556 s=[ 0 0 0 1 0 1 1 + - 0 0 1 1 0 ] xyz6=( 11.599878, 0.678577, 16.042702 )

d_13_9=3.173892067778 s=[ 0 0 0 1 0 1 1 + - 0 0 1 1 0 ] xyz6=( 11.633657, 0.653216, 16.056751 )

d_13_9=3.196114290000 s=[ 0 0 0 1 0 1 1 + + 1 0 0 0 1 ] xyz6=( 11.785965, 0.512047, 16.132272 )

d_13_9=3.062780956667 s=[ 0 0 0 1 0 1 1 - - 0 0 0 1 0 ] xyz6=( 11.461903, 0.765418, 15.992923 )

d_13_9=3.062780956667 s=[ 0 0 0 1 0 1 1 - - 0 0 1 0 0 ] xyz6=( 11.461903, 0.765418, 15.992923 )

d_13_9=3.062780956667 s=[ 0 0 0 1 0 1 1 - - 0 0 1 1 0 ] xyz6=( 11.461903, 0.765418, 15.992923 )

d_13_9=3.062780956667 s=[ 0 0 0 1 0 1 1 - - 0 1 0 1 0 ] xyz6=( 11.461903, 0.765418, 15.992923 )

d_13_9=3.062780956667 s=[ 0 0 0 1 0 1 1 - - 0 1 1 0 0 ] xyz6=( 11.461903, 0.765418, 15.992923 )

d_13_9=3.085003178889 s=[ 0 0 0 1 0 1 1 - + 1 0 1 0 1 ] xyz6=( 11.908356, 0.350234, 16.214920 )

d_13_9=3.085003178889 s=[ 0 0 0 1 0 1 1 - - 0 0 1 1 0 ] xyz6=( 11.496896, 0.745701, 16.004500 )

d_13_9=3.085003178889 s=[ 0 0 0 1 0 1 1 - - 0 1 0 0 0 ] xyz6=( 11.496896, 0.745701, 16.004500 )

d_13_9=3.107225401111 s=[ 0 0 0 1 0 1 1 - + 1 0 1 0 1 ] xyz6=( 11.887097, 0.382996, 16.198450 )

d_13_9=3.107225401111 s=[ 0 0 0 1 0 1 1 - - 0 0 0 0 1 ] xyz6=( 11.531620, 0.724656, 16.016660 )

d_13_9=3.107225401111 s=[ 0 0 0 1 0 1 1 - - 0 0 1 1 0 ] xyz6=( 11.531620, 0.724656, 16.016660 )

d_13_9=3.129447623333 s=[ 0 0 0 1 0 1 1 - + 1 0 1 0 1 ] xyz6=( 11.864316, 0.415562, 16.181956 )

d_13_9=3.129447623333 s=[ 0 0 0 1 0 1 1 - - 0 0 0 0 1 ] xyz6=( 11.566054, 0.702231, 16.029425 )

d_13_9=3.129447623333 s=[ 0 0 0 1 0 1 1 - - 0 0 1 1 0 ] xyz6=( 11.566054, 0.702231, 16.029425 )

d_13_9=3.151669845556 s=[ 0 0 0 1 0 1 1 - - 0 0 1 1 0 ] xyz6=( 11.600171, 0.678365, 16.042820 )

d_13_9=3.173892067778 s=[ 0 0 0 1 0 1 1 - - 0 0 1 1 0 ] xyz6=( 11.633942, 0.652994, 16.056873 )

d_13_9=3.196114290000 s=[ 0 0 0 1 0 1 1 - + 1 0 0 0 1 ] xyz6=( 11.786140, 0.511855, 16.132372 )

