xyz6=( 11.446605 -1.263788 16.913035 )
xyz6=( 11.446605 -1.263788 16.913035 )
xyz6=( 11.446605 -1.263788 16.913035 )
xyz6=( 11.446605 -1.263788 16.913035 )
xyz6=( 11.446605 -1.263788 16.913035 )
xyz6=( 11.481906 -1.242527 16.906031 )
xyz6=( 11.481906 -1.242527 16.906031 )
xyz6=( 11.899467 -0.828849 16.749557 )
xyz6=( 11.516960 -1.219949 16.898412 )
xyz6=( 11.516960 -1.219949 16.898412 )
xyz6=( 11.877707 -0.862556 16.763227 )
xyz6=( 11.551743 -1.196003 16.890150 )
xyz6=( 11.551743 -1.196003 16.890150 )
xyz6=( 11.854427 -0.896134 16.776724 )
xyz6=( 11.586231 -1.170631 16.881219 )
xyz6=( 11.620396 -1.143768 16.871587 )
xyz6=( 11.774773 -0.995893 16.816037 )
xyz6=( 11.446282 -1.263976 16.913096 )
xyz6=( 11.446282 -1.263976 16.913096 )
xyz6=( 11.446282 -1.263976 16.913096 )
xyz6=( 11.446282 -1.263976 16.913096 )
xyz6=( 11.446282 -1.263976 16.913096 )
xyz6=( 11.481590 -1.242724 16.906097 )
xyz6=( 11.481590 -1.242724 16.906097 )
xyz6=( 11.899326 -0.829074 16.749649 )
xyz6=( 11.516650 -1.220156 16.898482 )
xyz6=( 11.516650 -1.220156 16.898482 )
xyz6=( 11.877559 -0.862777 16.763316 )
xyz6=( 11.551440 -1.196219 16.890226 )
xyz6=( 11.551440 -1.196219 16.890226 )
xyz6=( 11.854272 -0.896350 16.776811 )
xyz6=( 11.585935 -1.170856 16.881299 )
xyz6=( 11.620108 -1.144002 16.871672 )
xyz6=( 11.774596 -0.996094 16.816115 )
xyz6=( 11.461583 0.765592 15.992820 )
xyz6=( 11.461583 0.765592 15.992820 )
xyz6=( 11.461583 0.765592 15.992820 )
xyz6=( 11.461583 0.765592 15.992820 )
xyz6=( 11.461583 0.765592 15.992820 )
xyz6=( 11.908219 0.350453 16.214810 )
xyz6=( 11.496582 0.745885 16.004393 )
xyz6=( 11.496582 0.745885 16.004393 )
xyz6=( 11.886952 0.383211 16.198342 )
xyz6=( 11.531313 0.724849 16.016549 )
xyz6=( 11.531313 0.724849 16.016549 )
xyz6=( 11.864164 0.415771 16.181849 )
xyz6=( 11.565754 0.702433 16.029311 )
xyz6=( 11.565754 0.702433 16.029311 )
xyz6=( 11.599878 0.678577 16.042702 )
xyz6=( 11.633657 0.653216 16.056751 )
xyz6=( 11.785965 0.512047 16.132272 )
xyz6=( 11.461903 0.765418 15.992923 )
xyz6=( 11.461903 0.765418 15.992923 )
xyz6=( 11.461903 0.765418 15.992923 )
xyz6=( 11.461903 0.765418 15.992923 )
xyz6=( 11.461903 0.765418 15.992923 )
xyz6=( 11.908356 0.350234 16.214920 )
xyz6=( 11.496896 0.745701 16.004500 )
xyz6=( 11.496896 0.745701 16.004500 )
xyz6=( 11.887097 0.382996 16.198450 )
xyz6=( 11.531620 0.724656 16.016660 )
xyz6=( 11.531620 0.724656 16.016660 )
xyz6=( 11.864316 0.415562 16.181956 )
xyz6=( 11.566054 0.702231 16.029425 )
xyz6=( 11.566054 0.702231 16.029425 )
xyz6=( 11.600171 0.678365 16.042820 )
xyz6=( 11.633942 0.652994 16.056873 )
xyz6=( 11.786140 0.511855 16.132372 )
