xyz6=( 11.424021 -1.276653 16.917180 )
xyz6=( 11.424021 -1.276653 16.917180 )
xyz6=( 11.424021 -1.276653 16.917180 )
xyz6=( 11.424021 -1.276653 16.917180 )
xyz6=( 11.424021 -1.276653 16.917180 )
xyz6=( 11.424021 -1.276653 16.917180 )
xyz6=( 11.427253 -1.274846 16.916603 )
xyz6=( 11.427253 -1.274846 16.916603 )
xyz6=( 11.427253 -1.274846 16.916603 )
xyz6=( 11.427253 -1.274846 16.916603 )
xyz6=( 11.427253 -1.274846 16.916603 )
xyz6=( 11.427253 -1.274846 16.916603 )
xyz6=( 11.430483 -1.273029 16.916020 )
xyz6=( 11.430483 -1.273029 16.916020 )
xyz6=( 11.430483 -1.273029 16.916020 )
xyz6=( 11.430483 -1.273029 16.916020 )
xyz6=( 11.430483 -1.273029 16.916020 )
xyz6=( 11.430483 -1.273029 16.916020 )
xyz6=( 11.433711 -1.271201 16.915433 )
xyz6=( 11.433711 -1.271201 16.915433 )
xyz6=( 11.433711 -1.271201 16.915433 )
xyz6=( 11.433711 -1.271201 16.915433 )
xyz6=( 11.433711 -1.271201 16.915433 )
xyz6=( 11.436937 -1.269364 16.914841 )
xyz6=( 11.436937 -1.269364 16.914841 )
xyz6=( 11.436937 -1.269364 16.914841 )
xyz6=( 11.436937 -1.269364 16.914841 )
xyz6=( 11.436937 -1.269364 16.914841 )
xyz6=( 11.440162 -1.267515 16.914243 )
xyz6=( 11.440162 -1.267515 16.914243 )
xyz6=( 11.440162 -1.267515 16.914243 )
xyz6=( 11.440162 -1.267515 16.914243 )
xyz6=( 11.440162 -1.267515 16.914243 )
xyz6=( 11.443384 -1.265657 16.913641 )
xyz6=( 11.443384 -1.265657 16.913641 )
xyz6=( 11.443384 -1.265657 16.913641 )
xyz6=( 11.443384 -1.265657 16.913641 )
xyz6=( 11.443384 -1.265657 16.913641 )
xyz6=( 11.446605 -1.263788 16.913035 )
xyz6=( 11.446605 -1.263788 16.913035 )
xyz6=( 11.446605 -1.263788 16.913035 )
xyz6=( 11.446605 -1.263788 16.913035 )
xyz6=( 11.446605 -1.263788 16.913035 )
xyz6=( 11.449824 -1.261908 16.912423 )
xyz6=( 11.449824 -1.261908 16.912423 )
xyz6=( 11.449824 -1.261908 16.912423 )
xyz6=( 11.449824 -1.261908 16.912423 )
xyz6=( 11.453041 -1.260018 16.911806 )
xyz6=( 11.453041 -1.260018 16.911806 )
xyz6=( 11.453041 -1.260018 16.911806 )
xyz6=( 11.456256 -1.258117 16.911184 )
xyz6=( 11.456256 -1.258117 16.911184 )
xyz6=( 11.456256 -1.258117 16.911184 )
xyz6=( 11.914371 -0.804262 16.739513 )
xyz6=( 11.459469 -1.256206 16.910558 )
xyz6=( 11.459469 -1.256206 16.910558 )
xyz6=( 11.912549 -0.807339 16.740773 )
xyz6=( 11.462681 -1.254284 16.909926 )
xyz6=( 11.462681 -1.254284 16.909926 )
xyz6=( 11.910716 -0.810414 16.742032 )
xyz6=( 11.465890 -1.252351 16.909290 )
xyz6=( 11.908871 -0.813489 16.743289 )
xyz6=( 11.469097 -1.250408 16.908648 )
xyz6=( 11.907014 -0.816563 16.744545 )
xyz6=( 11.472303 -1.248454 16.908001 )
xyz6=( 11.905145 -0.819636 16.745800 )
xyz6=( 11.475506 -1.246489 16.907350 )
xyz6=( 11.475506 -1.246489 16.907350 )
xyz6=( 11.903264 -0.822708 16.747054 )
xyz6=( 11.478707 -1.244513 16.906693 )
xyz6=( 11.478707 -1.244513 16.906693 )
xyz6=( 11.901372 -0.825779 16.748306 )
xyz6=( 11.481906 -1.242527 16.906031 )
xyz6=( 11.481906 -1.242527 16.906031 )
xyz6=( 11.899467 -0.828849 16.749557 )
xyz6=( 11.485104 -1.240530 16.905364 )
xyz6=( 11.485104 -1.240530 16.905364 )
xyz6=( 11.897550 -0.831918 16.750806 )
xyz6=( 11.488299 -1.238521 16.904693 )
xyz6=( 11.488299 -1.238521 16.904693 )
xyz6=( 11.895621 -0.834987 16.752055 )
xyz6=( 11.491492 -1.236502 16.904015 )
xyz6=( 11.491492 -1.236502 16.904015 )
xyz6=( 11.893679 -0.838054 16.753302 )
xyz6=( 11.494683 -1.234472 16.903333 )
xyz6=( 11.494683 -1.234472 16.903333 )
xyz6=( 11.891726 -0.841120 16.754547 )
xyz6=( 11.497872 -1.232431 16.902646 )
xyz6=( 11.497872 -1.232431 16.902646 )
xyz6=( 11.889760 -0.844186 16.755791 )
xyz6=( 11.501059 -1.230378 16.901953 )
xyz6=( 11.887782 -0.847250 16.757034 )
xyz6=( 11.504243 -1.228315 16.901255 )
xyz6=( 11.885792 -0.850313 16.758275 )
xyz6=( 11.507426 -1.226240 16.900552 )
xyz6=( 11.883789 -0.853376 16.759515 )
xyz6=( 11.510606 -1.224154 16.899844 )
xyz6=( 11.881774 -0.856437 16.760754 )
xyz6=( 11.513784 -1.222057 16.899130 )
xyz6=( 11.879747 -0.859497 16.761991 )
xyz6=( 11.516960 -1.219949 16.898412 )
xyz6=( 11.516960 -1.219949 16.898412 )
xyz6=( 11.877707 -0.862556 16.763227 )
xyz6=( 11.520133 -1.217830 16.897687 )
xyz6=( 11.520133 -1.217830 16.897687 )
xyz6=( 11.875654 -0.865615 16.764461 )
xyz6=( 11.523305 -1.215699 16.896958 )
xyz6=( 11.523305 -1.215699 16.896958 )
xyz6=( 11.873589 -0.868672 16.765694 )
xyz6=( 11.526474 -1.213556 16.896223 )
xyz6=( 11.526474 -1.213556 16.896223 )
xyz6=( 11.871511 -0.871727 16.766926 )
xyz6=( 11.529641 -1.211403 16.895483 )
xyz6=( 11.529641 -1.211403 16.895483 )
xyz6=( 11.869420 -0.874782 16.768156 )
xyz6=( 11.532805 -1.209238 16.894738 )
xyz6=( 11.532805 -1.209238 16.894738 )
xyz6=( 11.867317 -0.877836 16.769384 )
xyz6=( 11.535967 -1.207061 16.893987 )
xyz6=( 11.535967 -1.207061 16.893987 )
xyz6=( 11.865201 -0.880888 16.770611 )
xyz6=( 11.539127 -1.204873 16.893230 )
xyz6=( 11.539127 -1.204873 16.893230 )
xyz6=( 11.863072 -0.883940 16.771837 )
xyz6=( 11.542285 -1.202673 16.892469 )
xyz6=( 11.542285 -1.202673 16.892469 )
xyz6=( 11.860930 -0.886990 16.773061 )
xyz6=( 11.545440 -1.200461 16.891701 )
xyz6=( 11.545440 -1.200461 16.891701 )
xyz6=( 11.858775 -0.890039 16.774283 )
xyz6=( 11.548593 -1.198238 16.890929 )
xyz6=( 11.548593 -1.198238 16.890929 )
xyz6=( 11.856608 -0.893087 16.775504 )
xyz6=( 11.551743 -1.196003 16.890150 )
xyz6=( 11.551743 -1.196003 16.890150 )
xyz6=( 11.854427 -0.896134 16.776724 )
xyz6=( 11.554891 -1.193756 16.889367 )
xyz6=( 11.554891 -1.193756 16.889367 )
xyz6=( 11.852233 -0.899179 16.777942 )
xyz6=( 11.558036 -1.191498 16.888577 )
xyz6=( 11.558036 -1.191498 16.888577 )
xyz6=( 11.561179 -1.189227 16.887782 )
xyz6=( 11.561179 -1.189227 16.887782 )
xyz6=( 11.564320 -1.186945 16.886982 )
xyz6=( 11.564320 -1.186945 16.886982 )
xyz6=( 11.567458 -1.184651 16.886176 )
xyz6=( 11.570593 -1.182345 16.885364 )
xyz6=( 11.573726 -1.180026 16.884546 )
xyz6=( 11.576856 -1.177696 16.883723 )
xyz6=( 11.579984 -1.175353 16.882894 )
xyz6=( 11.583109 -1.172998 16.882060 )
xyz6=( 11.586231 -1.170631 16.881219 )
xyz6=( 11.589351 -1.168251 16.880373 )
xyz6=( 11.592468 -1.165860 16.879521 )
xyz6=( 11.595582 -1.163455 16.878664 )
xyz6=( 11.598694 -1.161039 16.877800 )
xyz6=( 11.601803 -1.158609 16.876930 )
xyz6=( 11.604909 -1.156168 16.876055 )
xyz6=( 11.608012 -1.153713 16.875173 )
xyz6=( 11.611112 -1.151246 16.874286 )
xyz6=( 11.614210 -1.148766 16.873392 )
xyz6=( 11.617304 -1.146273 16.872493 )
xyz6=( 11.620396 -1.143768 16.871587 )
xyz6=( 11.623485 -1.141249 16.870676 )
xyz6=( 11.626571 -1.138718 16.869758 )
xyz6=( 11.629654 -1.136173 16.868834 )
xyz6=( 11.632733 -1.133615 16.867904 )
xyz6=( 11.635810 -1.131044 16.866968 )
xyz6=( 11.638884 -1.128460 16.866025 )
xyz6=( 11.641955 -1.125863 16.865077 )
xyz6=( 11.645022 -1.123252 16.864121 )
xyz6=( 11.780046 -0.989896 16.813710 )
xyz6=( 11.777417 -0.992896 16.814875 )
xyz6=( 11.774773 -0.995893 16.816037 )
xyz6=( 11.423694 -1.276835 16.917239 )
xyz6=( 11.423694 -1.276835 16.917239 )
xyz6=( 11.423694 -1.276835 16.917239 )
xyz6=( 11.423694 -1.276835 16.917239 )
xyz6=( 11.423694 -1.276835 16.917239 )
xyz6=( 11.423694 -1.276835 16.917239 )
xyz6=( 11.426926 -1.275029 16.916661 )
xyz6=( 11.426926 -1.275029 16.916661 )
xyz6=( 11.426926 -1.275029 16.916661 )
xyz6=( 11.426926 -1.275029 16.916661 )
xyz6=( 11.426926 -1.275029 16.916661 )
xyz6=( 11.426926 -1.275029 16.916661 )
xyz6=( 11.430157 -1.273213 16.916079 )
xyz6=( 11.430157 -1.273213 16.916079 )
xyz6=( 11.430157 -1.273213 16.916079 )
xyz6=( 11.430157 -1.273213 16.916079 )
xyz6=( 11.430157 -1.273213 16.916079 )
xyz6=( 11.430157 -1.273213 16.916079 )
xyz6=( 11.433386 -1.271386 16.915492 )
xyz6=( 11.433386 -1.271386 16.915492 )
xyz6=( 11.433386 -1.271386 16.915492 )
xyz6=( 11.433386 -1.271386 16.915492 )
xyz6=( 11.433386 -1.271386 16.915492 )
xyz6=( 11.436613 -1.269549 16.914900 )
xyz6=( 11.436613 -1.269549 16.914900 )
xyz6=( 11.436613 -1.269549 16.914900 )
xyz6=( 11.436613 -1.269549 16.914900 )
xyz6=( 11.436613 -1.269549 16.914900 )
xyz6=( 11.439838 -1.267702 16.914304 )
xyz6=( 11.439838 -1.267702 16.914304 )
xyz6=( 11.439838 -1.267702 16.914304 )
xyz6=( 11.439838 -1.267702 16.914304 )
xyz6=( 11.439838 -1.267702 16.914304 )
xyz6=( 11.443061 -1.265844 16.913702 )
xyz6=( 11.443061 -1.265844 16.913702 )
xyz6=( 11.443061 -1.265844 16.913702 )
xyz6=( 11.443061 -1.265844 16.913702 )
xyz6=( 11.443061 -1.265844 16.913702 )
xyz6=( 11.446282 -1.263976 16.913096 )
xyz6=( 11.446282 -1.263976 16.913096 )
xyz6=( 11.446282 -1.263976 16.913096 )
xyz6=( 11.446282 -1.263976 16.913096 )
xyz6=( 11.446282 -1.263976 16.913096 )
xyz6=( 11.449502 -1.262097 16.912484 )
xyz6=( 11.449502 -1.262097 16.912484 )
xyz6=( 11.449502 -1.262097 16.912484 )
xyz6=( 11.449502 -1.262097 16.912484 )
xyz6=( 11.452719 -1.260208 16.911868 )
xyz6=( 11.452719 -1.260208 16.911868 )
xyz6=( 11.452719 -1.260208 16.911868 )
xyz6=( 11.455935 -1.258308 16.911247 )
xyz6=( 11.455935 -1.258308 16.911247 )
xyz6=( 11.455935 -1.258308 16.911247 )
xyz6=( 11.914236 -0.804490 16.739606 )
xyz6=( 11.459149 -1.256397 16.910621 )
xyz6=( 11.459149 -1.256397 16.910621 )
xyz6=( 11.912414 -0.807566 16.740866 )
xyz6=( 11.462360 -1.254476 16.909990 )
xyz6=( 11.462360 -1.254476 16.909990 )
xyz6=( 11.910580 -0.810642 16.742125 )
xyz6=( 11.465570 -1.252544 16.909353 )
xyz6=( 11.908734 -0.813716 16.743382 )
xyz6=( 11.468778 -1.250602 16.908712 )
xyz6=( 11.906877 -0.816790 16.744638 )
xyz6=( 11.471984 -1.248649 16.908066 )
xyz6=( 11.905007 -0.819862 16.745892 )
xyz6=( 11.475188 -1.246685 16.907415 )
xyz6=( 11.903126 -0.822934 16.747146 )
xyz6=( 11.478390 -1.244710 16.906759 )
xyz6=( 11.478390 -1.244710 16.906759 )
xyz6=( 11.901232 -0.826005 16.748398 )
xyz6=( 11.481590 -1.242724 16.906097 )
xyz6=( 11.481590 -1.242724 16.906097 )
xyz6=( 11.899326 -0.829074 16.749649 )
xyz6=( 11.484787 -1.240728 16.905431 )
xyz6=( 11.484787 -1.240728 16.905431 )
xyz6=( 11.897409 -0.832143 16.750898 )
xyz6=( 11.487983 -1.238720 16.904759 )
xyz6=( 11.487983 -1.238720 16.904759 )
xyz6=( 11.895479 -0.835211 16.752146 )
xyz6=( 11.491177 -1.236702 16.904082 )
xyz6=( 11.491177 -1.236702 16.904082 )
xyz6=( 11.893537 -0.838278 16.753393 )
xyz6=( 11.494368 -1.234672 16.903401 )
xyz6=( 11.494368 -1.234672 16.903401 )
xyz6=( 11.891583 -0.841344 16.754638 )
xyz6=( 11.497558 -1.232632 16.902714 )
xyz6=( 11.497558 -1.232632 16.902714 )
xyz6=( 11.889617 -0.844409 16.755882 )
xyz6=( 11.500745 -1.230581 16.902021 )
xyz6=( 11.887638 -0.847473 16.757124 )
xyz6=( 11.503930 -1.228518 16.901324 )
xyz6=( 11.885647 -0.850536 16.758366 )
xyz6=( 11.507113 -1.226444 16.900621 )
xyz6=( 11.883644 -0.853598 16.759605 )
xyz6=( 11.510294 -1.224359 16.899914 )
xyz6=( 11.881628 -0.856659 16.760844 )
xyz6=( 11.513473 -1.222263 16.899200 )
xyz6=( 11.879600 -0.859719 16.762081 )
xyz6=( 11.516650 -1.220156 16.898482 )
xyz6=( 11.516650 -1.220156 16.898482 )
xyz6=( 11.877559 -0.862777 16.763316 )
xyz6=( 11.519824 -1.218037 16.897758 )
xyz6=( 11.519824 -1.218037 16.897758 )
xyz6=( 11.875506 -0.865835 16.764550 )
xyz6=( 11.522996 -1.215907 16.897029 )
xyz6=( 11.522996 -1.215907 16.897029 )
xyz6=( 11.873440 -0.868892 16.765783 )
xyz6=( 11.526165 -1.213766 16.896295 )
xyz6=( 11.526165 -1.213766 16.896295 )
xyz6=( 11.871361 -0.871947 16.767014 )
xyz6=( 11.529333 -1.211613 16.895555 )
xyz6=( 11.529333 -1.211613 16.895555 )
xyz6=( 11.869270 -0.875002 16.768244 )
xyz6=( 11.532498 -1.209448 16.894810 )
xyz6=( 11.532498 -1.209448 16.894810 )
xyz6=( 11.867166 -0.878055 16.769472 )
xyz6=( 11.535661 -1.207272 16.894060 )
xyz6=( 11.535661 -1.207272 16.894060 )
xyz6=( 11.865049 -0.881107 16.770699 )
xyz6=( 11.538821 -1.205085 16.893304 )
xyz6=( 11.538821 -1.205085 16.893304 )
xyz6=( 11.862919 -0.884158 16.771924 )
xyz6=( 11.541980 -1.202886 16.892542 )
xyz6=( 11.541980 -1.202886 16.892542 )
xyz6=( 11.860777 -0.887208 16.773148 )
xyz6=( 11.545135 -1.200675 16.891776 )
xyz6=( 11.545135 -1.200675 16.891776 )
xyz6=( 11.858622 -0.890256 16.774370 )
xyz6=( 11.548289 -1.198453 16.891003 )
xyz6=( 11.548289 -1.198453 16.891003 )
xyz6=( 11.856453 -0.893304 16.775591 )
xyz6=( 11.551440 -1.196219 16.890226 )
xyz6=( 11.551440 -1.196219 16.890226 )
xyz6=( 11.854272 -0.896350 16.776811 )
xyz6=( 11.554588 -1.193973 16.889442 )
xyz6=( 11.554588 -1.193973 16.889442 )
xyz6=( 11.852077 -0.899395 16.778028 )
xyz6=( 11.557734 -1.191715 16.888653 )
xyz6=( 11.557734 -1.191715 16.888653 )
xyz6=( 11.560878 -1.189446 16.887859 )
xyz6=( 11.560878 -1.189446 16.887859 )
xyz6=( 11.564019 -1.187164 16.887059 )
xyz6=( 11.564019 -1.187164 16.887059 )
xyz6=( 11.567158 -1.184871 16.886253 )
xyz6=( 11.570294 -1.182565 16.885442 )
xyz6=( 11.573427 -1.180248 16.884625 )
xyz6=( 11.576558 -1.177918 16.883802 )
xyz6=( 11.579686 -1.175576 16.882974 )
xyz6=( 11.582812 -1.173222 16.882139 )
xyz6=( 11.585935 -1.170856 16.881299 )
xyz6=( 11.589056 -1.168477 16.880454 )
xyz6=( 11.592173 -1.166086 16.879602 )
xyz6=( 11.595288 -1.163683 16.878745 )
xyz6=( 11.598401 -1.161267 16.877881 )
xyz6=( 11.601510 -1.158839 16.877012 )
xyz6=( 11.604617 -1.156398 16.876137 )
xyz6=( 11.607721 -1.153944 16.875256 )
xyz6=( 11.610822 -1.151478 16.874369 )
xyz6=( 11.613920 -1.148998 16.873476 )
xyz6=( 11.617016 -1.146507 16.872577 )
xyz6=( 11.620108 -1.144002 16.871672 )
xyz6=( 11.623198 -1.141484 16.870761 )
xyz6=( 11.626284 -1.138953 16.869844 )
xyz6=( 11.629368 -1.136410 16.868920 )
xyz6=( 11.632448 -1.133853 16.867990 )
xyz6=( 11.635526 -1.131283 16.867055 )
xyz6=( 11.638600 -1.128699 16.866113 )
xyz6=( 11.641672 -1.126103 16.865164 )
xyz6=( 11.644740 -1.123493 16.864210 )
xyz6=( 11.779870 -0.990097 16.813788 )
xyz6=( 11.777240 -0.993096 16.814953 )
xyz6=( 11.774596 -0.996094 16.816115 )
xyz6=( 11.439181 0.777462 15.985749 )
xyz6=( 11.439181 0.777462 15.985749 )
xyz6=( 11.439181 0.777462 15.985749 )
xyz6=( 11.439181 0.777462 15.985749 )
xyz6=( 11.439181 0.777462 15.985749 )
xyz6=( 11.439181 0.777462 15.985749 )
xyz6=( 11.442387 0.775798 15.986745 )
xyz6=( 11.442387 0.775798 15.986745 )
xyz6=( 11.442387 0.775798 15.986745 )
xyz6=( 11.442387 0.775798 15.986745 )
xyz6=( 11.442387 0.775798 15.986745 )
xyz6=( 11.442387 0.775798 15.986745 )
xyz6=( 11.445592 0.774123 15.987746 )
xyz6=( 11.445592 0.774123 15.987746 )
xyz6=( 11.445592 0.774123 15.987746 )
xyz6=( 11.445592 0.774123 15.987746 )
xyz6=( 11.445592 0.774123 15.987746 )
xyz6=( 11.445592 0.774123 15.987746 )
xyz6=( 11.448794 0.772438 15.988752 )
xyz6=( 11.448794 0.772438 15.988752 )
xyz6=( 11.448794 0.772438 15.988752 )
xyz6=( 11.448794 0.772438 15.988752 )
xyz6=( 11.448794 0.772438 15.988752 )
xyz6=( 11.451994 0.770742 15.989762 )
xyz6=( 11.451994 0.770742 15.989762 )
xyz6=( 11.451994 0.770742 15.989762 )
xyz6=( 11.451994 0.770742 15.989762 )
xyz6=( 11.451994 0.770742 15.989762 )
xyz6=( 11.455192 0.769036 15.990776 )
xyz6=( 11.455192 0.769036 15.990776 )
xyz6=( 11.455192 0.769036 15.990776 )
xyz6=( 11.455192 0.769036 15.990776 )
xyz6=( 11.455192 0.769036 15.990776 )
xyz6=( 11.458389 0.767319 15.991796 )
xyz6=( 11.458389 0.767319 15.991796 )
xyz6=( 11.458389 0.767319 15.991796 )
xyz6=( 11.458389 0.767319 15.991796 )
xyz6=( 11.458389 0.767319 15.991796 )
xyz6=( 11.461583 0.765592 15.992820 )
xyz6=( 11.461583 0.765592 15.992820 )
xyz6=( 11.461583 0.765592 15.992820 )
xyz6=( 11.461583 0.765592 15.992820 )
xyz6=( 11.461583 0.765592 15.992820 )
xyz6=( 11.464775 0.763854 15.993848 )
xyz6=( 11.464775 0.763854 15.993848 )
xyz6=( 11.464775 0.763854 15.993848 )
xyz6=( 11.464775 0.763854 15.993848 )
xyz6=( 11.467965 0.762105 15.994881 )
xyz6=( 11.467965 0.762105 15.994881 )
xyz6=( 11.467965 0.762105 15.994881 )
xyz6=( 11.922763 0.326516 16.226769 )
xyz6=( 11.471153 0.760346 15.995919 )
xyz6=( 11.471153 0.760346 15.995919 )
xyz6=( 11.471153 0.760346 15.995919 )
xyz6=( 11.920986 0.329513 16.225275 )
xyz6=( 11.474339 0.758576 15.996962 )
xyz6=( 11.474339 0.758576 15.996962 )
xyz6=( 11.919198 0.332509 16.223781 )
xyz6=( 11.477523 0.756795 15.998009 )
xyz6=( 11.477523 0.756795 15.998009 )
xyz6=( 11.917398 0.335503 16.222286 )
xyz6=( 11.480705 0.755004 15.999061 )
xyz6=( 11.915586 0.338496 16.220791 )
xyz6=( 11.483885 0.753202 16.000118 )
xyz6=( 11.913762 0.341488 16.219296 )
xyz6=( 11.487062 0.751389 16.001180 )
xyz6=( 11.911927 0.344478 16.217801 )
xyz6=( 11.490237 0.749565 16.002246 )
xyz6=( 11.910079 0.347466 16.216306 )
xyz6=( 11.493411 0.747730 16.003317 )
xyz6=( 11.493411 0.747730 16.003317 )
xyz6=( 11.908219 0.350453 16.214810 )
xyz6=( 11.496582 0.745885 16.004393 )
xyz6=( 11.496582 0.745885 16.004393 )
xyz6=( 11.906347 0.353439 16.213314 )
xyz6=( 11.499750 0.744028 16.005474 )
xyz6=( 11.499750 0.744028 16.005474 )
xyz6=( 11.904463 0.356423 16.211818 )
xyz6=( 11.502917 0.742160 16.006559 )
xyz6=( 11.502917 0.742160 16.006559 )
xyz6=( 11.902566 0.359406 16.210321 )
xyz6=( 11.506081 0.740282 16.007650 )
xyz6=( 11.506081 0.740282 16.007650 )
xyz6=( 11.900658 0.362387 16.208825 )
xyz6=( 11.509243 0.738392 16.008745 )
xyz6=( 11.509243 0.738392 16.008745 )
xyz6=( 11.898737 0.365366 16.207328 )
xyz6=( 11.512403 0.736491 16.009845 )
xyz6=( 11.512403 0.736491 16.009845 )
xyz6=( 11.896804 0.368344 16.205831 )
xyz6=( 11.515560 0.734579 16.010950 )
xyz6=( 11.894858 0.371321 16.204333 )
xyz6=( 11.518716 0.732655 16.012060 )
xyz6=( 11.892901 0.374296 16.202836 )
xyz6=( 11.521868 0.730721 16.013175 )
xyz6=( 11.890930 0.377269 16.201338 )
xyz6=( 11.525019 0.728775 16.014295 )
xyz6=( 11.888948 0.380241 16.199840 )
xyz6=( 11.528167 0.726818 16.015420 )
xyz6=( 11.886952 0.383211 16.198342 )
xyz6=( 11.531313 0.724849 16.016549 )
xyz6=( 11.531313 0.724849 16.016549 )
xyz6=( 11.884944 0.386179 16.196844 )
xyz6=( 11.534456 0.722869 16.017684 )
xyz6=( 11.534456 0.722869 16.017684 )
xyz6=( 11.882924 0.389146 16.195345 )
xyz6=( 11.537597 0.720878 16.018824 )
xyz6=( 11.537597 0.720878 16.018824 )
xyz6=( 11.880891 0.392111 16.193846 )
xyz6=( 11.540736 0.718875 16.019969 )
xyz6=( 11.540736 0.718875 16.019969 )
xyz6=( 11.878845 0.395075 16.192347 )
xyz6=( 11.543872 0.716861 16.021119 )
xyz6=( 11.543872 0.716861 16.021119 )
xyz6=( 11.876786 0.398037 16.190848 )
xyz6=( 11.547005 0.714835 16.022274 )
xyz6=( 11.547005 0.714835 16.022274 )
xyz6=( 11.874715 0.400997 16.189349 )
xyz6=( 11.550136 0.712797 16.023434 )
xyz6=( 11.550136 0.712797 16.023434 )
xyz6=( 11.872630 0.403955 16.187849 )
xyz6=( 11.553265 0.710748 16.024599 )
xyz6=( 11.553265 0.710748 16.024599 )
xyz6=( 11.870533 0.406912 16.186350 )
xyz6=( 11.556391 0.708687 16.025769 )
xyz6=( 11.556391 0.708687 16.025769 )
xyz6=( 11.868423 0.409867 16.184850 )
xyz6=( 11.559514 0.706614 16.026945 )
xyz6=( 11.559514 0.706614 16.026945 )
xyz6=( 11.866300 0.412820 16.183350 )
xyz6=( 11.562635 0.704529 16.028125 )
xyz6=( 11.562635 0.704529 16.028125 )
xyz6=( 11.864164 0.415771 16.181849 )
xyz6=( 11.565754 0.702433 16.029311 )
xyz6=( 11.565754 0.702433 16.029311 )
xyz6=( 11.862014 0.418721 16.180349 )
xyz6=( 11.568869 0.700325 16.030502 )
xyz6=( 11.568869 0.700325 16.030502 )
xyz6=( 11.571982 0.698205 16.031698 )
xyz6=( 11.571982 0.698205 16.031698 )
xyz6=( 11.575093 0.696072 16.032900 )
xyz6=( 11.575093 0.696072 16.032900 )
xyz6=( 11.578200 0.693928 16.034106 )
xyz6=( 11.578200 0.693928 16.034106 )
xyz6=( 11.581306 0.691772 16.035318 )
xyz6=( 11.584408 0.689603 16.036535 )
xyz6=( 11.587507 0.687423 16.037758 )
xyz6=( 11.590604 0.685230 16.038986 )
xyz6=( 11.593698 0.683025 16.040219 )
xyz6=( 11.596790 0.680807 16.041458 )
xyz6=( 11.599878 0.678577 16.042702 )
xyz6=( 11.602964 0.676335 16.043952 )
xyz6=( 11.606046 0.674080 16.045207 )
xyz6=( 11.609126 0.671813 16.046467 )
xyz6=( 11.612203 0.669533 16.047733 )
xyz6=( 11.615277 0.667240 16.049005 )
xyz6=( 11.618348 0.664935 16.050282 )
xyz6=( 11.621416 0.662617 16.051565 )
xyz6=( 11.624481 0.660286 16.052853 )
xyz6=( 11.627543 0.657942 16.054147 )
xyz6=( 11.630601 0.655586 16.055446 )
xyz6=( 11.633657 0.653216 16.056751 )
xyz6=( 11.636710 0.650833 16.058062 )
xyz6=( 11.639759 0.648437 16.059379 )
xyz6=( 11.642805 0.646028 16.060701 )
xyz6=( 11.645848 0.643606 16.062029 )
xyz6=( 11.648888 0.641170 16.063363 )
xyz6=( 11.651925 0.638721 16.064703 )
xyz6=( 11.654958 0.636259 16.066048 )
xyz6=( 11.657988 0.633783 16.067400 )
xyz6=( 11.791151 0.506280 16.135279 )
xyz6=( 11.788566 0.509165 16.133775 )
xyz6=( 11.785965 0.512047 16.132272 )
xyz6=( 11.439505 0.777295 15.985850 )
xyz6=( 11.439505 0.777295 15.985850 )
xyz6=( 11.439505 0.777295 15.985850 )
xyz6=( 11.439505 0.777295 15.985850 )
xyz6=( 11.439505 0.777295 15.985850 )
xyz6=( 11.439505 0.777295 15.985850 )
xyz6=( 11.442711 0.775629 15.986846 )
xyz6=( 11.442711 0.775629 15.986846 )
xyz6=( 11.442711 0.775629 15.986846 )
xyz6=( 11.442711 0.775629 15.986846 )
xyz6=( 11.442711 0.775629 15.986846 )
xyz6=( 11.442711 0.775629 15.986846 )
xyz6=( 11.445915 0.773954 15.987847 )
xyz6=( 11.445915 0.773954 15.987847 )
xyz6=( 11.445915 0.773954 15.987847 )
xyz6=( 11.445915 0.773954 15.987847 )
xyz6=( 11.445915 0.773954 15.987847 )
xyz6=( 11.445915 0.773954 15.987847 )
xyz6=( 11.449116 0.772267 15.988853 )
xyz6=( 11.449116 0.772267 15.988853 )
xyz6=( 11.449116 0.772267 15.988853 )
xyz6=( 11.449116 0.772267 15.988853 )
xyz6=( 11.449116 0.772267 15.988853 )
xyz6=( 11.452316 0.770571 15.989864 )
xyz6=( 11.452316 0.770571 15.989864 )
xyz6=( 11.452316 0.770571 15.989864 )
xyz6=( 11.452316 0.770571 15.989864 )
xyz6=( 11.452316 0.770571 15.989864 )
xyz6=( 11.455514 0.768864 15.990879 )
xyz6=( 11.455514 0.768864 15.990879 )
xyz6=( 11.455514 0.768864 15.990879 )
xyz6=( 11.455514 0.768864 15.990879 )
xyz6=( 11.455514 0.768864 15.990879 )
xyz6=( 11.458710 0.767146 15.991898 )
xyz6=( 11.458710 0.767146 15.991898 )
xyz6=( 11.458710 0.767146 15.991898 )
xyz6=( 11.458710 0.767146 15.991898 )
xyz6=( 11.458710 0.767146 15.991898 )
xyz6=( 11.461903 0.765418 15.992923 )
xyz6=( 11.461903 0.765418 15.992923 )
xyz6=( 11.461903 0.765418 15.992923 )
xyz6=( 11.461903 0.765418 15.992923 )
xyz6=( 11.461903 0.765418 15.992923 )
xyz6=( 11.465095 0.763679 15.993951 )
xyz6=( 11.465095 0.763679 15.993951 )
xyz6=( 11.465095 0.763679 15.993951 )
xyz6=( 11.465095 0.763679 15.993951 )
xyz6=( 11.468284 0.761930 15.994985 )
xyz6=( 11.468284 0.761930 15.994985 )
xyz6=( 11.468284 0.761930 15.994985 )
xyz6=( 11.922894 0.326294 16.226880 )
xyz6=( 11.471472 0.760170 15.996023 )
xyz6=( 11.471472 0.760170 15.996023 )
xyz6=( 11.471472 0.760170 15.996023 )
xyz6=( 11.921118 0.329291 16.225385 )
xyz6=( 11.474657 0.758399 15.997066 )
xyz6=( 11.474657 0.758399 15.997066 )
xyz6=( 11.919331 0.332287 16.223891 )
xyz6=( 11.477841 0.756617 15.998114 )
xyz6=( 11.477841 0.756617 15.998114 )
xyz6=( 11.917532 0.335282 16.222396 )
xyz6=( 11.481022 0.754825 15.999166 )
xyz6=( 11.915720 0.338275 16.220902 )
xyz6=( 11.484201 0.753022 16.000224 )
xyz6=( 11.913897 0.341267 16.219406 )
xyz6=( 11.487378 0.751208 16.001285 )
xyz6=( 11.912062 0.344258 16.217911 )
xyz6=( 11.490553 0.749383 16.002352 )
xyz6=( 11.490553 0.749383 16.002352 )
xyz6=( 11.910215 0.347247 16.216415 )
xyz6=( 11.493725 0.747548 16.003424 )
xyz6=( 11.493725 0.747548 16.003424 )
xyz6=( 11.908356 0.350234 16.214920 )
xyz6=( 11.496896 0.745701 16.004500 )
xyz6=( 11.496896 0.745701 16.004500 )
xyz6=( 11.906484 0.353220 16.213424 )
xyz6=( 11.500064 0.743844 16.005581 )
xyz6=( 11.500064 0.743844 16.005581 )
xyz6=( 11.904601 0.356205 16.211927 )
xyz6=( 11.503230 0.741975 16.006667 )
xyz6=( 11.503230 0.741975 16.006667 )
xyz6=( 11.902705 0.359188 16.210431 )
xyz6=( 11.506393 0.740095 16.007758 )
xyz6=( 11.506393 0.740095 16.007758 )
xyz6=( 11.900798 0.362169 16.208934 )
xyz6=( 11.509555 0.738205 16.008853 )
xyz6=( 11.509555 0.738205 16.008853 )
xyz6=( 11.898877 0.365149 16.207437 )
xyz6=( 11.512714 0.736303 16.009954 )
xyz6=( 11.512714 0.736303 16.009954 )
xyz6=( 11.896945 0.368128 16.205940 )
xyz6=( 11.515871 0.734390 16.011059 )
xyz6=( 11.895000 0.371105 16.204442 )
xyz6=( 11.519025 0.732466 16.012169 )
xyz6=( 11.893043 0.374080 16.202944 )
xyz6=( 11.522178 0.730530 16.013285 )
xyz6=( 11.891074 0.377054 16.201447 )
xyz6=( 11.525327 0.728584 16.014405 )
xyz6=( 11.889091 0.380026 16.199948 )
xyz6=( 11.528475 0.726626 16.015530 )
xyz6=( 11.887097 0.382996 16.198450 )
xyz6=( 11.531620 0.724656 16.016660 )
xyz6=( 11.531620 0.724656 16.016660 )
xyz6=( 11.885090 0.385965 16.196952 )
xyz6=( 11.534763 0.722675 16.017795 )
xyz6=( 11.534763 0.722675 16.017795 )
xyz6=( 11.883070 0.388933 16.195453 )
xyz6=( 11.537903 0.720683 16.018935 )
xyz6=( 11.537903 0.720683 16.018935 )
xyz6=( 11.881037 0.391898 16.193954 )
xyz6=( 11.541041 0.718679 16.020081 )
xyz6=( 11.541041 0.718679 16.020081 )
xyz6=( 11.878992 0.394862 16.192455 )
xyz6=( 11.544176 0.716664 16.021231 )
xyz6=( 11.544176 0.716664 16.021231 )
xyz6=( 11.876934 0.397824 16.190956 )
xyz6=( 11.547309 0.714637 16.022386 )
xyz6=( 11.547309 0.714637 16.022386 )
xyz6=( 11.874863 0.400785 16.189456 )
xyz6=( 11.550440 0.712599 16.023546 )
xyz6=( 11.550440 0.712599 16.023546 )
xyz6=( 11.872780 0.403744 16.187956 )
xyz6=( 11.553568 0.710549 16.024712 )
xyz6=( 11.553568 0.710549 16.024712 )
xyz6=( 11.870683 0.406701 16.186457 )
xyz6=( 11.556693 0.708487 16.025883 )
xyz6=( 11.556693 0.708487 16.025883 )
xyz6=( 11.868574 0.409656 16.184957 )
xyz6=( 11.559816 0.706413 16.027058 )
xyz6=( 11.559816 0.706413 16.027058 )
xyz6=( 11.866451 0.412610 16.183456 )
xyz6=( 11.562936 0.704328 16.028239 )
xyz6=( 11.562936 0.704328 16.028239 )
xyz6=( 11.864316 0.415562 16.181956 )
xyz6=( 11.566054 0.702231 16.029425 )
xyz6=( 11.566054 0.702231 16.029425 )
xyz6=( 11.862167 0.418512 16.180455 )
xyz6=( 11.569169 0.700121 16.030617 )
xyz6=( 11.569169 0.700121 16.030617 )
xyz6=( 11.572281 0.698000 16.031813 )
xyz6=( 11.572281 0.698000 16.031813 )
xyz6=( 11.575391 0.695867 16.033015 )
xyz6=( 11.575391 0.695867 16.033015 )
xyz6=( 11.578498 0.693722 16.034222 )
xyz6=( 11.578498 0.693722 16.034222 )
xyz6=( 11.581602 0.691565 16.035434 )
xyz6=( 11.584704 0.689396 16.036652 )
xyz6=( 11.587803 0.687214 16.037875 )
xyz6=( 11.590899 0.685021 16.039103 )
xyz6=( 11.593992 0.682815 16.040337 )
xyz6=( 11.597083 0.680596 16.041576 )
xyz6=( 11.600171 0.678365 16.042820 )
xyz6=( 11.603256 0.676122 16.044070 )
xyz6=( 11.606337 0.673867 16.045326 )
xyz6=( 11.609417 0.671598 16.046587 )
xyz6=( 11.612493 0.669318 16.047853 )
xyz6=( 11.615566 0.667024 16.049125 )
xyz6=( 11.618636 0.664718 16.050402 )
xyz6=( 11.621703 0.662399 16.051685 )
xyz6=( 11.624768 0.660067 16.052974 )
xyz6=( 11.627829 0.657723 16.054268 )
xyz6=( 11.630887 0.655365 16.055568 )
xyz6=( 11.633942 0.652994 16.056873 )
xyz6=( 11.636994 0.650611 16.058184 )
xyz6=( 11.640042 0.648214 16.059501 )
xyz6=( 11.643088 0.645804 16.060824 )
xyz6=( 11.646130 0.643381 16.062152 )
xyz6=( 11.649169 0.640944 16.063487 )
xyz6=( 11.652205 0.638494 16.064827 )
xyz6=( 11.655237 0.636031 16.066173 )
xyz6=( 11.658267 0.633554 16.067524 )
xyz6=( 11.791324 0.506087 16.135380 )
xyz6=( 11.788739 0.508972 16.133876 )
xyz6=( 11.786140 0.511855 16.132372 )
