xyz6=( 0.166102 30.218272 13.089744 )
xyz6=( 0.166102 30.218272 13.089744 )
xyz6=( 0.268652 30.379723 13.105852 )
xyz6=( 0.145120 30.179085 13.084157 )
xyz6=( 0.145120 30.179085 13.084157 )
xyz6=( 0.287663 30.405487 13.107288 )
xyz6=( 0.130819 30.150744 13.079742 )
xyz6=( 0.130819 30.150744 13.079742 )
xyz6=( 0.303695 30.426408 13.108198 )
xyz6=( 0.119501 30.127243 13.075849 )
xyz6=( 0.119501 30.127243 13.075849 )
xyz6=( 0.317931 30.444407 13.108792 )
xyz6=( 0.109983 30.106661 13.072271 )
xyz6=( 0.109983 30.106661 13.072271 )
xyz6=( 0.330931 30.460395 13.109167 )
xyz6=( 0.330931 30.460395 13.109167 )
xyz6=( 0.101705 30.088089 13.068909 )
xyz6=( 0.101705 30.088089 13.068909 )
xyz6=( 0.343014 30.474889 13.109379 )
xyz6=( 0.343014 30.474889 13.109379 )
xyz6=( 0.094348 30.071009 13.065707 )
xyz6=( 0.094348 30.071009 13.065707 )
xyz6=( 0.354381 30.488214 13.109463 )
xyz6=( 0.354381 30.488214 13.109463 )
xyz6=( 0.087712 30.055095 13.062630 )
xyz6=( 0.087712 30.055095 13.062630 )
xyz6=( 0.365167 30.500593 13.109444 )
xyz6=( 0.365167 30.500593 13.109444 )
xyz6=( 0.081660 30.040124 13.059653 )
xyz6=( 0.081660 30.040124 13.059653 )
xyz6=( 0.375473 30.512187 13.109339 )
xyz6=( 0.076093 30.025938 13.056760 )
xyz6=( 0.076093 30.025938 13.056760 )
xyz6=( 0.070938 30.012416 13.053938 )
xyz6=( 0.070938 30.012416 13.053938 )
xyz6=( 0.066140 29.999468 13.051177 )
xyz6=( 0.066140 29.999468 13.051177 )
xyz6=( 0.061653 29.987022 13.048469 )
xyz6=( 0.061653 29.987022 13.048469 )
xyz6=( 0.057441 29.975019 13.045808 )
xyz6=( 0.057441 29.975019 13.045808 )
xyz6=( 0.053477 29.963412 13.043188 )
xyz6=( 0.053477 29.963412 13.043188 )
xyz6=( 0.049734 29.952161 13.040606 )
xyz6=( 0.049734 29.952161 13.040606 )
xyz6=( 0.046192 29.941233 13.038057 )
xyz6=( 0.046192 29.941233 13.038057 )
xyz6=( 0.042835 29.930599 13.035539 )
xyz6=( 0.042835 29.930599 13.035539 )
xyz6=( 0.039646 29.920235 13.033049 )
xyz6=( 0.039646 29.920235 13.033049 )
xyz6=( 0.036614 29.910120 13.030585 )
xyz6=( 0.036614 29.910120 13.030585 )
xyz6=( 0.033725 29.900234 13.028144 )
xyz6=( 0.033725 29.900234 13.028144 )
xyz6=( 0.030971 29.890562 13.025725 )
xyz6=( 0.030971 29.890562 13.025725 )
xyz6=( 0.028343 29.881090 13.023327 )
xyz6=( 0.028343 29.881090 13.023327 )
xyz6=( 0.025832 29.871803 13.020947 )
xyz6=( 0.025832 29.871803 13.020947 )
xyz6=( 0.023431 29.862692 13.018586 )
xyz6=( 0.023431 29.862692 13.018586 )
xyz6=( 0.023431 29.862692 13.018586 )
xyz6=( 0.021134 29.853745 13.016241 )
xyz6=( 0.021134 29.853745 13.016241 )
xyz6=( 0.021134 29.853745 13.016241 )
xyz6=( 0.018935 29.844952 13.013911 )
xyz6=( 0.018935 29.844952 13.013911 )
xyz6=( 0.018935 29.844952 13.013911 )
xyz6=( 0.016830 29.836307 13.011596 )
xyz6=( 0.016830 29.836307 13.011596 )
xyz6=( 0.016830 29.836307 13.011596 )
xyz6=( 0.014812 29.827800 13.009295 )
xyz6=( 0.014812 29.827800 13.009295 )
xyz6=( 0.014812 29.827800 13.009295 )
xyz6=( 0.012878 29.819424 13.007007 )
xyz6=( 0.012878 29.819424 13.007007 )
xyz6=( 0.012878 29.819424 13.007007 )
xyz6=( 0.011024 29.811174 13.004731 )
xyz6=( 0.011024 29.811174 13.004731 )
xyz6=( 0.011024 29.811174 13.004731 )
xyz6=( 0.009247 29.803043 13.002467 )
xyz6=( 0.009247 29.803043 13.002467 )
xyz6=( 0.007542 29.795026 13.000215 )
xyz6=( 0.007542 29.795026 13.000215 )
xyz6=( 0.005906 29.787117 12.997972 )
xyz6=( 0.005906 29.787117 12.997972 )
xyz6=( 0.004338 29.779313 12.995740 )
xyz6=( 0.004338 29.779313 12.995740 )
xyz6=( 0.002833 29.771607 12.993517 )
xyz6=( 0.002833 29.771607 12.993517 )
xyz6=( 0.001390 29.763998 12.991304 )
xyz6=( 0.001390 29.763998 12.991304 )
xyz6=( 0.000006 29.756480 12.989099 )
xyz6=( 0.000006 29.756480 12.989099 )
xyz6=( -0.001320 29.749050 12.986903 )
xyz6=( -0.001320 29.749050 12.986903 )
xyz6=( -0.002592 29.741705 12.984714 )
xyz6=( -0.002592 29.741705 12.984714 )
xyz6=( -0.003811 29.734442 12.982533 )
xyz6=( -0.003811 29.734442 12.982533 )
xyz6=( -0.004978 29.727257 12.980360 )
xyz6=( -0.004978 29.727257 12.980360 )
xyz6=( -0.006096 29.720149 12.978194 )
xyz6=( -0.006096 29.720149 12.978194 )
xyz6=( -0.007166 29.713114 12.976034 )
xyz6=( -0.007166 29.713114 12.976034 )
xyz6=( -0.007166 29.713114 12.976034 )
xyz6=( -0.008189 29.706150 12.973881 )
xyz6=( -0.008189 29.706150 12.973881 )
xyz6=( -0.008189 29.706150 12.973881 )
xyz6=( -0.009167 29.699255 12.971734 )
xyz6=( -0.009167 29.699255 12.971734 )
xyz6=( -0.009167 29.699255 12.971734 )
xyz6=( -0.010102 29.692427 12.969593 )
xyz6=( -0.010102 29.692427 12.969593 )
xyz6=( -0.010102 29.692427 12.969593 )
xyz6=( -0.010993 29.685663 12.967458 )
xyz6=( -0.010993 29.685663 12.967458 )
xyz6=( -0.010993 29.685663 12.967458 )
xyz6=( -0.011844 29.678962 12.965329 )
xyz6=( -0.011844 29.678962 12.965329 )
xyz6=( -0.011844 29.678962 12.965329 )
xyz6=( -0.012654 29.672321 12.963204 )
xyz6=( -0.012654 29.672321 12.963204 )
xyz6=( -0.012654 29.672321 12.963204 )
xyz6=( -0.013426 29.665740 12.961086 )
xyz6=( -0.013426 29.665740 12.961086 )
xyz6=( -0.013426 29.665740 12.961086 )
xyz6=( -0.014159 29.659216 12.958972 )
xyz6=( -0.014159 29.659216 12.958972 )
xyz6=( -0.014159 29.659216 12.958972 )
xyz6=( -0.014855 29.652747 12.956863 )
xyz6=( -0.014855 29.652747 12.956863 )
xyz6=( -0.014855 29.652747 12.956863 )
xyz6=( -0.015515 29.646333 12.954758 )
xyz6=( -0.015515 29.646333 12.954758 )
xyz6=( -0.015515 29.646333 12.954758 )
xyz6=( -0.016140 29.639972 12.952658 )
xyz6=( -0.016140 29.639972 12.952658 )
xyz6=( -0.016140 29.639972 12.952658 )
xyz6=( -0.016731 29.633662 12.950563 )
xyz6=( -0.016731 29.633662 12.950563 )
xyz6=( -0.016731 29.633662 12.950563 )
xyz6=( -0.017287 29.627402 12.948472 )
xyz6=( -0.017287 29.627402 12.948472 )
xyz6=( -0.017287 29.627402 12.948472 )
xyz6=( -0.017811 29.621190 12.946385 )
xyz6=( -0.017811 29.621190 12.946385 )
xyz6=( -0.017811 29.621190 12.946385 )
xyz6=( -0.018303 29.615027 12.944301 )
xyz6=( -0.018303 29.615027 12.944301 )
xyz6=( -0.018303 29.615027 12.944301 )
xyz6=( -0.018764 29.608910 12.942222 )
xyz6=( -0.018764 29.608910 12.942222 )
xyz6=( -0.018764 29.608910 12.942222 )
xyz6=( -0.019194 29.602838 12.940146 )
xyz6=( -0.019194 29.602838 12.940146 )
xyz6=( -0.019194 29.602838 12.940146 )
xyz6=( -0.019594 29.596810 12.938074 )
xyz6=( -0.019594 29.596810 12.938074 )
xyz6=( -0.019594 29.596810 12.938074 )
xyz6=( -0.019964 29.590826 12.936006 )
xyz6=( -0.019964 29.590826 12.936006 )
xyz6=( -0.019964 29.590826 12.936006 )
xyz6=( -0.020306 29.584884 12.933941 )
xyz6=( -0.020306 29.584884 12.933941 )
xyz6=( -0.020306 29.584884 12.933941 )
xyz6=( -0.020619 29.578984 12.931879 )
xyz6=( -0.020619 29.578984 12.931879 )
xyz6=( -0.020619 29.578984 12.931879 )
xyz6=( -0.020905 29.573124 12.929820 )
xyz6=( -0.020905 29.573124 12.929820 )
xyz6=( -0.020905 29.573124 12.929820 )
xyz6=( -0.021164 29.567303 12.927765 )
xyz6=( -0.021164 29.567303 12.927765 )
xyz6=( -0.021164 29.567303 12.927765 )
xyz6=( -0.021396 29.561522 12.925712 )
xyz6=( -0.021396 29.561522 12.925712 )
xyz6=( -0.021396 29.561522 12.925712 )
xyz6=( -0.021602 29.555778 12.923663 )
xyz6=( -0.021602 29.555778 12.923663 )
xyz6=( -0.021602 29.555778 12.923663 )
xyz6=( -0.021782 29.550071 12.921616 )
xyz6=( -0.021782 29.550071 12.921616 )
xyz6=( -0.021782 29.550071 12.921616 )
xyz6=( -0.021937 29.544401 12.919572 )
xyz6=( -0.021937 29.544401 12.919572 )
xyz6=( -0.021937 29.544401 12.919572 )
xyz6=( -0.022067 29.538767 12.917531 )
xyz6=( -0.022067 29.538767 12.917531 )
xyz6=( -0.022067 29.538767 12.917531 )
xyz6=( -0.022173 29.533167 12.915492 )
xyz6=( -0.022173 29.533167 12.915492 )
xyz6=( -0.022173 29.533167 12.915492 )
xyz6=( -0.022255 29.527602 12.913456 )
xyz6=( -0.022255 29.527602 12.913456 )
xyz6=( -0.022255 29.527602 12.913456 )
xyz6=( -0.022255 29.527602 12.913456 )
xyz6=( -0.022314 29.522071 12.911422 )
xyz6=( -0.022314 29.522071 12.911422 )
xyz6=( -0.022314 29.522071 12.911422 )
xyz6=( -0.022314 29.522071 12.911422 )
xyz6=( -0.022349 29.516573 12.909390 )
xyz6=( -0.022349 29.516573 12.909390 )
xyz6=( -0.022349 29.516573 12.909390 )
xyz6=( -0.022349 29.516573 12.909390 )
xyz6=( -0.022362 29.511107 12.907361 )
xyz6=( -0.022362 29.511107 12.907361 )
xyz6=( -0.022362 29.511107 12.907361 )
xyz6=( -0.022362 29.511107 12.907361 )
xyz6=( -0.022352 29.505673 12.905335 )
xyz6=( -0.022352 29.505673 12.905335 )
xyz6=( -0.022352 29.505673 12.905335 )
xyz6=( -0.022352 29.505673 12.905335 )
xyz6=( -0.022321 29.500270 12.903310 )
xyz6=( -0.022321 29.500270 12.903310 )
xyz6=( -0.022321 29.500270 12.903310 )
xyz6=( -0.022321 29.500270 12.903310 )
xyz6=( -0.022267 29.494899 12.901288 )
xyz6=( -0.022267 29.494899 12.901288 )
xyz6=( -0.022267 29.494899 12.901288 )
xyz6=( -0.022267 29.494899 12.901288 )
xyz6=( -0.022192 29.489557 12.899267 )
xyz6=( -0.022192 29.489557 12.899267 )
xyz6=( -0.022192 29.489557 12.899267 )
xyz6=( -0.022192 29.489557 12.899267 )
xyz6=( -0.022096 29.484245 12.897249 )
xyz6=( -0.022096 29.484245 12.897249 )
xyz6=( -0.022096 29.484245 12.897249 )
xyz6=( -0.022096 29.484245 12.897249 )
xyz6=( -0.021980 29.478963 12.895233 )
xyz6=( -0.021980 29.478963 12.895233 )
xyz6=( -0.021980 29.478963 12.895233 )
xyz6=( -0.021980 29.478963 12.895233 )
xyz6=( -0.021843 29.473709 12.893218 )
xyz6=( -0.021843 29.473709 12.893218 )
xyz6=( -0.021843 29.473709 12.893218 )
xyz6=( -0.021843 29.473709 12.893218 )
xyz6=( -0.021685 29.468483 12.891206 )
xyz6=( -0.021685 29.468483 12.891206 )
xyz6=( -0.021685 29.468483 12.891206 )
xyz6=( -0.021685 29.468483 12.891206 )
xyz6=( -0.021508 29.463285 12.889195 )
xyz6=( -0.021508 29.463285 12.889195 )
xyz6=( -0.021508 29.463285 12.889195 )
xyz6=( -0.021508 29.463285 12.889195 )
xyz6=( -0.021311 29.458115 12.887186 )
xyz6=( -0.021311 29.458115 12.887186 )
xyz6=( -0.021311 29.458115 12.887186 )
xyz6=( -0.021311 29.458115 12.887186 )
xyz6=( -0.021095 29.452971 12.885179 )
xyz6=( -0.021095 29.452971 12.885179 )
xyz6=( -0.021095 29.452971 12.885179 )
xyz6=( -0.021095 29.452971 12.885179 )
xyz6=( -0.020860 29.447855 12.883174 )
xyz6=( -0.020860 29.447855 12.883174 )
xyz6=( -0.020860 29.447855 12.883174 )
xyz6=( -0.020860 29.447855 12.883174 )
xyz6=( 0.166324 30.218674 13.089798 )
xyz6=( 0.166324 30.218674 13.089798 )
xyz6=( 0.268246 30.379162 13.105817 )
xyz6=( 0.145207 30.179254 13.084183 )
xyz6=( 0.145207 30.179254 13.084183 )
xyz6=( 0.287303 30.405009 13.107264 )
xyz6=( 0.130862 30.150831 13.079756 )
xyz6=( 0.130862 30.150831 13.079756 )
xyz6=( 0.303359 30.425977 13.108182 )
xyz6=( 0.119520 30.127284 13.075856 )
xyz6=( 0.119520 30.127284 13.075856 )
xyz6=( 0.317610 30.444007 13.108781 )
xyz6=( 0.109988 30.106672 13.072273 )
xyz6=( 0.109988 30.106672 13.072273 )
xyz6=( 0.330621 30.460018 13.109160 )
xyz6=( 0.330621 30.460018 13.109160 )
xyz6=( 0.101700 30.088078 13.068907 )
xyz6=( 0.101700 30.088078 13.068907 )
xyz6=( 0.342711 30.474529 13.109375 )
xyz6=( 0.342711 30.474529 13.109375 )
xyz6=( 0.094336 30.070981 13.065701 )
xyz6=( 0.094336 30.070981 13.065701 )
xyz6=( 0.354083 30.487869 13.109462 )
xyz6=( 0.354083 30.487869 13.109462 )
xyz6=( 0.087695 30.055053 13.062621 )
xyz6=( 0.087695 30.055053 13.062621 )
xyz6=( 0.364875 30.500261 13.109446 )
xyz6=( 0.364875 30.500261 13.109446 )
xyz6=( 0.081639 30.040071 13.059643 )
xyz6=( 0.081639 30.040071 13.059643 )
xyz6=( 0.375184 30.511865 13.109343 )
xyz6=( 0.375184 30.511865 13.109343 )
xyz6=( 0.076069 30.025875 13.056748 )
xyz6=( 0.076069 30.025875 13.056748 )
xyz6=( 0.070912 30.012345 13.053924 )
xyz6=( 0.070912 30.012345 13.053924 )
xyz6=( 0.066111 29.999390 13.051161 )
xyz6=( 0.066111 29.999390 13.051161 )
xyz6=( 0.061623 29.986938 13.048451 )
xyz6=( 0.061623 29.986938 13.048451 )
xyz6=( 0.057410 29.974929 13.045788 )
xyz6=( 0.057410 29.974929 13.045788 )
xyz6=( 0.053445 29.963317 13.043167 )
xyz6=( 0.053445 29.963317 13.043167 )
xyz6=( 0.049701 29.952062 13.040583 )
xyz6=( 0.049701 29.952062 13.040583 )
xyz6=( 0.046159 29.941129 13.038033 )
xyz6=( 0.046159 29.941129 13.038033 )
xyz6=( 0.042801 29.930492 13.035513 )
xyz6=( 0.042801 29.930492 13.035513 )
xyz6=( 0.039613 29.920124 13.033022 )
xyz6=( 0.039613 29.920124 13.033022 )
xyz6=( 0.036580 29.910005 13.030557 )
xyz6=( 0.036580 29.910005 13.030557 )
xyz6=( 0.033691 29.900117 13.028115 )
xyz6=( 0.033691 29.900117 13.028115 )
xyz6=( 0.030937 29.890442 13.025695 )
xyz6=( 0.030937 29.890442 13.025695 )
xyz6=( 0.028309 29.880967 13.023296 )
xyz6=( 0.028309 29.880967 13.023296 )
xyz6=( 0.025798 29.871678 13.020915 )
xyz6=( 0.025798 29.871678 13.020915 )
xyz6=( 0.023397 29.862564 13.018552 )
xyz6=( 0.023397 29.862564 13.018552 )
xyz6=( 0.023397 29.862564 13.018552 )
xyz6=( 0.021101 29.853615 13.016206 )
xyz6=( 0.021101 29.853615 13.016206 )
xyz6=( 0.021101 29.853615 13.016206 )
xyz6=( 0.018903 29.844820 13.013876 )
xyz6=( 0.018903 29.844820 13.013876 )
xyz6=( 0.018903 29.844820 13.013876 )
xyz6=( 0.016797 29.836173 13.011560 )
xyz6=( 0.016797 29.836173 13.011560 )
xyz6=( 0.016797 29.836173 13.011560 )
xyz6=( 0.014780 29.827664 13.009258 )
xyz6=( 0.014780 29.827664 13.009258 )
xyz6=( 0.014780 29.827664 13.009258 )
xyz6=( 0.012847 29.819287 13.006969 )
xyz6=( 0.012847 29.819287 13.006969 )
xyz6=( 0.012847 29.819287 13.006969 )
xyz6=( 0.010993 29.811035 13.004693 )
xyz6=( 0.010993 29.811035 13.004693 )
xyz6=( 0.010993 29.811035 13.004693 )
xyz6=( 0.009216 29.802902 13.002428 )
xyz6=( 0.009216 29.802902 13.002428 )
xyz6=( 0.007512 29.794883 13.000174 )
xyz6=( 0.007512 29.794883 13.000174 )
xyz6=( 0.005877 29.786973 12.997931 )
xyz6=( 0.005877 29.786973 12.997931 )
xyz6=( 0.004309 29.779167 12.995698 )
xyz6=( 0.004309 29.779167 12.995698 )
xyz6=( 0.002805 29.771461 12.993475 )
xyz6=( 0.002805 29.771461 12.993475 )
xyz6=( 0.001362 29.763850 12.991261 )
xyz6=( 0.001362 29.763850 12.991261 )
xyz6=( -0.000021 29.756331 12.989055 )
xyz6=( -0.000021 29.756331 12.989055 )
xyz6=( -0.001347 29.748900 12.986858 )
xyz6=( -0.001347 29.748900 12.986858 )
xyz6=( -0.002618 29.741553 12.984669 )
xyz6=( -0.002618 29.741553 12.984669 )
xyz6=( -0.003836 29.734289 12.982487 )
xyz6=( -0.003836 29.734289 12.982487 )
xyz6=( -0.005003 29.727104 12.980313 )
xyz6=( -0.005003 29.727104 12.980313 )
xyz6=( -0.006120 29.719994 12.978146 )
xyz6=( -0.006120 29.719994 12.978146 )
xyz6=( -0.007189 29.712959 12.975986 )
xyz6=( -0.007189 29.712959 12.975986 )
xyz6=( -0.007189 29.712959 12.975986 )
xyz6=( -0.008212 29.705994 12.973832 )
xyz6=( -0.008212 29.705994 12.973832 )
xyz6=( -0.008212 29.705994 12.973832 )
xyz6=( -0.009189 29.699098 12.971685 )
xyz6=( -0.009189 29.699098 12.971685 )
xyz6=( -0.009189 29.699098 12.971685 )
xyz6=( -0.010123 29.692269 12.969543 )
xyz6=( -0.010123 29.692269 12.969543 )
xyz6=( -0.010123 29.692269 12.969543 )
xyz6=( -0.011014 29.685504 12.967408 )
xyz6=( -0.011014 29.685504 12.967408 )
xyz6=( -0.011014 29.685504 12.967408 )
xyz6=( -0.011864 29.678802 12.965278 )
xyz6=( -0.011864 29.678802 12.965278 )
xyz6=( -0.011864 29.678802 12.965278 )
xyz6=( -0.012674 29.672161 12.963153 )
xyz6=( -0.012674 29.672161 12.963153 )
xyz6=( -0.012674 29.672161 12.963153 )
xyz6=( -0.013444 29.665579 12.961033 )
xyz6=( -0.013444 29.665579 12.961033 )
xyz6=( -0.013444 29.665579 12.961033 )
xyz6=( -0.014177 29.659054 12.958919 )
xyz6=( -0.014177 29.659054 12.958919 )
xyz6=( -0.014177 29.659054 12.958919 )
xyz6=( -0.014872 29.652585 12.956809 )
xyz6=( -0.014872 29.652585 12.956809 )
xyz6=( -0.014872 29.652585 12.956809 )
xyz6=( -0.015532 29.646170 12.954705 )
xyz6=( -0.015532 29.646170 12.954705 )
xyz6=( -0.015532 29.646170 12.954705 )
xyz6=( -0.016156 29.639808 12.952604 )
xyz6=( -0.016156 29.639808 12.952604 )
xyz6=( -0.016156 29.639808 12.952604 )
xyz6=( -0.016746 29.633497 12.950508 )
xyz6=( -0.016746 29.633497 12.950508 )
xyz6=( -0.016746 29.633497 12.950508 )
xyz6=( -0.017302 29.627237 12.948416 )
xyz6=( -0.017302 29.627237 12.948416 )
xyz6=( -0.017302 29.627237 12.948416 )
xyz6=( -0.017825 29.621025 12.946329 )
xyz6=( -0.017825 29.621025 12.946329 )
xyz6=( -0.017825 29.621025 12.946329 )
xyz6=( -0.018316 29.614861 12.944245 )
xyz6=( -0.018316 29.614861 12.944245 )
xyz6=( -0.018316 29.614861 12.944245 )
xyz6=( -0.018776 29.608743 12.942165 )
xyz6=( -0.018776 29.608743 12.942165 )
xyz6=( -0.018776 29.608743 12.942165 )
xyz6=( -0.019205 29.602671 12.940089 )
xyz6=( -0.019205 29.602671 12.940089 )
xyz6=( -0.019205 29.602671 12.940089 )
xyz6=( -0.019604 29.596643 12.938017 )
xyz6=( -0.019604 29.596643 12.938017 )
xyz6=( -0.019604 29.596643 12.938017 )
xyz6=( -0.019974 29.590658 12.935948 )
xyz6=( -0.019974 29.590658 12.935948 )
xyz6=( -0.019974 29.590658 12.935948 )
xyz6=( -0.020315 29.584716 12.933882 )
xyz6=( -0.020315 29.584716 12.933882 )
xyz6=( -0.020315 29.584716 12.933882 )
xyz6=( -0.020628 29.578815 12.931820 )
xyz6=( -0.020628 29.578815 12.931820 )
xyz6=( -0.020628 29.578815 12.931820 )
xyz6=( -0.020913 29.572954 12.929761 )
xyz6=( -0.020913 29.572954 12.929761 )
xyz6=( -0.020913 29.572954 12.929761 )
xyz6=( -0.021171 29.567134 12.927705 )
xyz6=( -0.021171 29.567134 12.927705 )
xyz6=( -0.021171 29.567134 12.927705 )
xyz6=( -0.021402 29.561351 12.925652 )
xyz6=( -0.021402 29.561351 12.925652 )
xyz6=( -0.021402 29.561351 12.925652 )
xyz6=( -0.021607 29.555607 12.923602 )
xyz6=( -0.021607 29.555607 12.923602 )
xyz6=( -0.021607 29.555607 12.923602 )
xyz6=( -0.021787 29.549900 12.921554 )
xyz6=( -0.021787 29.549900 12.921554 )
xyz6=( -0.021787 29.549900 12.921554 )
xyz6=( -0.021941 29.544230 12.919510 )
xyz6=( -0.021941 29.544230 12.919510 )
xyz6=( -0.021941 29.544230 12.919510 )
xyz6=( -0.022071 29.538595 12.917468 )
xyz6=( -0.022071 29.538595 12.917468 )
xyz6=( -0.022071 29.538595 12.917468 )
xyz6=( -0.022176 29.532995 12.915429 )
xyz6=( -0.022176 29.532995 12.915429 )
xyz6=( -0.022176 29.532995 12.915429 )
xyz6=( -0.022257 29.527430 12.913392 )
xyz6=( -0.022257 29.527430 12.913392 )
xyz6=( -0.022257 29.527430 12.913392 )
xyz6=( -0.022257 29.527430 12.913392 )
xyz6=( -0.022315 29.521898 12.911358 )
xyz6=( -0.022315 29.521898 12.911358 )
xyz6=( -0.022315 29.521898 12.911358 )
xyz6=( -0.022315 29.521898 12.911358 )
xyz6=( -0.022350 29.516400 12.909326 )
xyz6=( -0.022350 29.516400 12.909326 )
xyz6=( -0.022350 29.516400 12.909326 )
xyz6=( -0.022350 29.516400 12.909326 )
xyz6=( -0.022362 29.510934 12.907297 )
xyz6=( -0.022362 29.510934 12.907297 )
xyz6=( -0.022362 29.510934 12.907297 )
xyz6=( -0.022362 29.510934 12.907297 )
xyz6=( -0.022352 29.505500 12.905270 )
xyz6=( -0.022352 29.505500 12.905270 )
xyz6=( -0.022352 29.505500 12.905270 )
xyz6=( -0.022352 29.505500 12.905270 )
xyz6=( -0.022319 29.500097 12.903245 )
xyz6=( -0.022319 29.500097 12.903245 )
xyz6=( -0.022319 29.500097 12.903245 )
xyz6=( -0.022319 29.500097 12.903245 )
xyz6=( -0.022265 29.494725 12.901222 )
xyz6=( -0.022265 29.494725 12.901222 )
xyz6=( -0.022265 29.494725 12.901222 )
xyz6=( -0.022265 29.494725 12.901222 )
xyz6=( -0.022189 29.489383 12.899201 )
xyz6=( -0.022189 29.489383 12.899201 )
xyz6=( -0.022189 29.489383 12.899201 )
xyz6=( -0.022189 29.489383 12.899201 )
xyz6=( -0.022093 29.484071 12.897183 )
xyz6=( -0.022093 29.484071 12.897183 )
xyz6=( -0.022093 29.484071 12.897183 )
xyz6=( -0.022093 29.484071 12.897183 )
xyz6=( -0.021975 29.478788 12.895166 )
xyz6=( -0.021975 29.478788 12.895166 )
xyz6=( -0.021975 29.478788 12.895166 )
xyz6=( -0.021975 29.478788 12.895166 )
xyz6=( -0.021838 29.473534 12.893151 )
xyz6=( -0.021838 29.473534 12.893151 )
xyz6=( -0.021838 29.473534 12.893151 )
xyz6=( -0.021838 29.473534 12.893151 )
xyz6=( -0.021680 29.468308 12.891138 )
xyz6=( -0.021680 29.468308 12.891138 )
xyz6=( -0.021680 29.468308 12.891138 )
xyz6=( -0.021680 29.468308 12.891138 )
xyz6=( -0.021502 29.463110 12.889127 )
xyz6=( -0.021502 29.463110 12.889127 )
xyz6=( -0.021502 29.463110 12.889127 )
xyz6=( -0.021502 29.463110 12.889127 )
xyz6=( -0.021304 29.457939 12.887118 )
xyz6=( -0.021304 29.457939 12.887118 )
xyz6=( -0.021304 29.457939 12.887118 )
xyz6=( -0.021304 29.457939 12.887118 )
xyz6=( -0.021088 29.452796 12.885110 )
xyz6=( -0.021088 29.452796 12.885110 )
xyz6=( -0.021088 29.452796 12.885110 )
xyz6=( -0.021088 29.452796 12.885110 )
xyz6=( -0.020852 29.447679 12.883105 )
xyz6=( -0.020852 29.447679 12.883105 )
xyz6=( -0.020852 29.447679 12.883105 )
xyz6=( -0.020852 29.447679 12.883105 )
xyz6=( -0.022092 29.484035 12.897169 )
xyz6=( -0.022092 29.484035 12.897169 )
xyz6=( -0.022272 29.526249 12.912959 )
xyz6=( -0.022272 29.526249 12.912959 )
xyz6=( -0.006448 29.308122 12.824981 )
xyz6=( -0.021578 29.556464 12.923908 )
xyz6=( -0.021578 29.556464 12.923908 )
xyz6=( -0.001459 29.279120 12.812046 )
xyz6=( -0.020496 29.581356 12.932709 )
xyz6=( -0.020496 29.581356 12.932709 )
xyz6=( 0.003146 29.255442 12.801258 )
xyz6=( -0.019180 29.603046 12.940218 )
xyz6=( -0.019180 29.603046 12.940218 )
xyz6=( 0.007522 29.234967 12.791760 )
xyz6=( -0.017700 29.622534 12.946837 )
xyz6=( -0.017700 29.622534 12.946837 )
xyz6=( 0.011740 29.216696 12.783150 )
xyz6=( 0.011740 29.216696 12.783150 )
xyz6=( -0.016100 29.640387 12.952796 )
xyz6=( -0.016100 29.640387 12.952796 )
xyz6=( 0.015842 29.200060 12.775198 )
xyz6=( 0.015842 29.200060 12.775198 )
xyz6=( -0.014405 29.656963 12.958239 )
xyz6=( -0.014405 29.656963 12.958239 )
xyz6=( 0.019854 29.184702 12.767761 )
xyz6=( 0.019854 29.184702 12.767761 )
xyz6=( -0.012632 29.672507 12.963264 )
xyz6=( -0.012632 29.672507 12.963264 )
xyz6=( 0.023794 29.170378 12.760739 )
xyz6=( 0.023794 29.170378 12.760739 )
xyz6=( -0.010795 29.687193 12.967942 )
xyz6=( -0.010795 29.687193 12.967942 )
xyz6=( 0.027673 29.156912 12.754063 )
xyz6=( 0.027673 29.156912 12.754063 )
xyz6=( -0.008902 29.701151 12.972326 )
xyz6=( -0.008902 29.701151 12.972326 )
xyz6=( -0.006961 29.714481 12.976455 )
xyz6=( -0.006961 29.714481 12.976455 )
xyz6=( -0.004977 29.727263 12.980362 )
xyz6=( -0.004977 29.727263 12.980362 )
xyz6=( -0.002956 29.739559 12.984072 )
xyz6=( -0.002956 29.739559 12.984072 )
xyz6=( -0.000901 29.751421 12.987606 )
xyz6=( -0.000901 29.751421 12.987606 )
xyz6=( 0.001184 29.762894 12.990981 )
xyz6=( 0.001184 29.762894 12.990981 )
xyz6=( 0.003298 29.774014 12.994214 )
xyz6=( 0.003298 29.774014 12.994214 )
xyz6=( 0.005438 29.784812 12.997315 )
xyz6=( 0.005438 29.784812 12.997315 )
xyz6=( 0.007602 29.795314 13.000296 )
xyz6=( 0.007602 29.795314 13.000296 )
xyz6=( 0.009788 29.805544 13.003166 )
xyz6=( 0.009788 29.805544 13.003166 )
xyz6=( 0.011995 29.815522 13.005933 )
xyz6=( 0.011995 29.815522 13.005933 )
xyz6=( 0.014221 29.825266 13.008605 )
xyz6=( 0.014221 29.825266 13.008605 )
xyz6=( 0.016466 29.834791 13.011188 )
xyz6=( 0.016466 29.834791 13.011188 )
xyz6=( 0.018728 29.844113 13.013687 )
xyz6=( 0.018728 29.844113 13.013687 )
xyz6=( 0.021007 29.853243 13.016108 )
xyz6=( 0.021007 29.853243 13.016108 )
xyz6=( 0.021007 29.853243 13.016108 )
xyz6=( 0.023301 29.862192 13.018455 )
xyz6=( 0.023301 29.862192 13.018455 )
xyz6=( 0.023301 29.862192 13.018455 )
xyz6=( 0.025610 29.870972 13.020733 )
xyz6=( 0.025610 29.870972 13.020733 )
xyz6=( 0.025610 29.870972 13.020733 )
xyz6=( 0.027933 29.879591 13.022945 )
xyz6=( 0.027933 29.879591 13.022945 )
xyz6=( 0.027933 29.879591 13.022945 )
xyz6=( 0.030270 29.888058 13.025094 )
xyz6=( 0.030270 29.888058 13.025094 )
xyz6=( 0.030270 29.888058 13.025094 )
xyz6=( 0.032619 29.896380 13.027184 )
xyz6=( 0.032619 29.896380 13.027184 )
xyz6=( 0.032619 29.896380 13.027184 )
xyz6=( 0.034982 29.904566 13.029217 )
xyz6=( 0.034982 29.904566 13.029217 )
xyz6=( 0.034982 29.904566 13.029217 )
xyz6=( 0.037356 29.912620 13.031197 )
xyz6=( 0.037356 29.912620 13.031197 )
xyz6=( 0.039742 29.920549 13.033125 )
xyz6=( 0.039742 29.920549 13.033125 )
xyz6=( 0.042139 29.928359 13.035004 )
xyz6=( 0.042139 29.928359 13.035004 )
xyz6=( 0.044547 29.936055 13.036836 )
xyz6=( 0.044547 29.936055 13.036836 )
xyz6=( 0.046965 29.943642 13.038622 )
xyz6=( 0.046965 29.943642 13.038622 )
xyz6=( 0.049393 29.951123 13.040365 )
xyz6=( 0.049393 29.951123 13.040365 )
xyz6=( 0.051832 29.958504 13.042067 )
xyz6=( 0.051832 29.958504 13.042067 )
xyz6=( 0.054279 29.965788 13.043728 )
xyz6=( 0.054279 29.965788 13.043728 )
xyz6=( 0.056737 29.972978 13.045351 )
xyz6=( 0.056737 29.972978 13.045351 )
xyz6=( 0.059203 29.980079 13.046936 )
xyz6=( 0.059203 29.980079 13.046936 )
xyz6=( 0.061678 29.987093 13.048485 )
xyz6=( 0.061678 29.987093 13.048485 )
xyz6=( 0.064161 29.994023 13.049999 )
xyz6=( 0.064161 29.994023 13.049999 )
xyz6=( 0.066653 30.000872 13.051479 )
xyz6=( 0.066653 30.000872 13.051479 )
xyz6=( 0.066653 30.000872 13.051479 )
xyz6=( 0.069154 30.007643 13.052927 )
xyz6=( 0.069154 30.007643 13.052927 )
xyz6=( 0.069154 30.007643 13.052927 )
xyz6=( 0.071662 30.014338 13.054343 )
xyz6=( 0.071662 30.014338 13.054343 )
xyz6=( 0.071662 30.014338 13.054343 )
xyz6=( 0.074178 30.020959 13.055729 )
xyz6=( 0.074178 30.020959 13.055729 )
xyz6=( 0.074178 30.020959 13.055729 )
xyz6=( 0.076702 30.027510 13.057085 )
xyz6=( 0.076702 30.027510 13.057085 )
xyz6=( 0.076702 30.027510 13.057085 )
xyz6=( 0.079233 30.033991 13.058411 )
xyz6=( 0.079233 30.033991 13.058411 )
xyz6=( 0.079233 30.033991 13.058411 )
xyz6=( 0.081772 30.040406 13.059710 )
xyz6=( 0.081772 30.040406 13.059710 )
xyz6=( 0.081772 30.040406 13.059710 )
xyz6=( 0.084318 30.046755 13.060981 )
xyz6=( 0.084318 30.046755 13.060981 )
xyz6=( 0.084318 30.046755 13.060981 )
xyz6=( 0.086871 30.053041 13.062226 )
xyz6=( 0.086871 30.053041 13.062226 )
xyz6=( 0.086871 30.053041 13.062226 )
xyz6=( 0.089431 30.059265 13.063445 )
xyz6=( 0.089431 30.059265 13.063445 )
xyz6=( 0.089431 30.059265 13.063445 )
xyz6=( 0.091998 30.065430 13.064638 )
xyz6=( 0.091998 30.065430 13.064638 )
xyz6=( 0.091998 30.065430 13.064638 )
xyz6=( 0.094571 30.071536 13.065807 )
xyz6=( 0.094571 30.071536 13.065807 )
xyz6=( 0.094571 30.071536 13.065807 )
xyz6=( 0.097152 30.077586 13.066952 )
xyz6=( 0.097152 30.077586 13.066952 )
xyz6=( 0.097152 30.077586 13.066952 )
xyz6=( 0.099739 30.083580 13.068074 )
xyz6=( 0.099739 30.083580 13.068074 )
xyz6=( 0.099739 30.083580 13.068074 )
xyz6=( 0.102332 30.089520 13.069172 )
xyz6=( 0.102332 30.089520 13.069172 )
xyz6=( 0.102332 30.089520 13.069172 )
xyz6=( 0.104932 30.095407 13.070249 )
xyz6=( 0.104932 30.095407 13.070249 )
xyz6=( 0.104932 30.095407 13.070249 )
xyz6=( 0.107538 30.101244 13.071303 )
xyz6=( 0.107538 30.101244 13.071303 )
xyz6=( 0.107538 30.101244 13.071303 )
xyz6=( 0.110150 30.107029 13.072336 )
xyz6=( 0.110150 30.107029 13.072336 )
xyz6=( 0.110150 30.107029 13.072336 )
xyz6=( 0.112768 30.112766 13.073349 )
xyz6=( 0.112768 30.112766 13.073349 )
xyz6=( 0.112768 30.112766 13.073349 )
xyz6=( 0.115392 30.118455 13.074341 )
xyz6=( 0.115392 30.118455 13.074341 )
xyz6=( 0.115392 30.118455 13.074341 )
xyz6=( 0.118022 30.124097 13.075313 )
xyz6=( 0.118022 30.124097 13.075313 )
xyz6=( 0.118022 30.124097 13.075313 )
xyz6=( 0.120658 30.129693 13.076265 )
xyz6=( 0.120658 30.129693 13.076265 )
xyz6=( 0.120658 30.129693 13.076265 )
xyz6=( 0.123300 30.135245 13.077198 )
xyz6=( 0.123300 30.135245 13.077198 )
xyz6=( 0.123300 30.135245 13.077198 )
xyz6=( 0.125948 30.140752 13.078112 )
xyz6=( 0.125948 30.140752 13.078112 )
xyz6=( 0.125948 30.140752 13.078112 )
xyz6=( 0.128601 30.146216 13.079008 )
xyz6=( 0.128601 30.146216 13.079008 )
xyz6=( 0.128601 30.146216 13.079008 )
xyz6=( 0.131259 30.151639 13.079886 )
xyz6=( 0.131259 30.151639 13.079886 )
xyz6=( 0.131259 30.151639 13.079886 )
xyz6=( 0.133924 30.157019 13.080746 )
xyz6=( 0.133924 30.157019 13.080746 )
xyz6=( 0.133924 30.157019 13.080746 )
xyz6=( 0.136593 30.162360 13.081589 )
xyz6=( 0.136593 30.162360 13.081589 )
xyz6=( 0.136593 30.162360 13.081589 )
xyz6=( 0.139268 30.167661 13.082415 )
xyz6=( 0.139268 30.167661 13.082415 )
xyz6=( 0.139268 30.167661 13.082415 )
xyz6=( 0.141949 30.172923 13.083224 )
xyz6=( 0.141949 30.172923 13.083224 )
xyz6=( 0.141949 30.172923 13.083224 )
xyz6=( 0.144635 30.178146 13.084016 )
xyz6=( 0.144635 30.178146 13.084016 )
xyz6=( 0.144635 30.178146 13.084016 )
xyz6=( 0.144635 30.178146 13.084016 )
xyz6=( 0.147326 30.183332 13.084792 )
xyz6=( 0.147326 30.183332 13.084792 )
xyz6=( 0.147326 30.183332 13.084792 )
xyz6=( 0.147326 30.183332 13.084792 )
xyz6=( 0.150022 30.188482 13.085552 )
xyz6=( 0.150022 30.188482 13.085552 )
xyz6=( 0.150022 30.188482 13.085552 )
xyz6=( 0.150022 30.188482 13.085552 )
xyz6=( 0.152723 30.193595 13.086297 )
xyz6=( 0.152723 30.193595 13.086297 )
xyz6=( 0.152723 30.193595 13.086297 )
xyz6=( 0.152723 30.193595 13.086297 )
xyz6=( 0.155430 30.198673 13.087026 )
xyz6=( 0.155430 30.198673 13.087026 )
xyz6=( 0.155430 30.198673 13.087026 )
xyz6=( 0.155430 30.198673 13.087026 )
xyz6=( 0.158141 30.203716 13.087740 )
xyz6=( 0.158141 30.203716 13.087740 )
xyz6=( 0.158141 30.203716 13.087740 )
xyz6=( 0.158141 30.203716 13.087740 )
xyz6=( 0.160858 30.208724 13.088439 )
xyz6=( 0.160858 30.208724 13.088439 )
xyz6=( 0.160858 30.208724 13.088439 )
xyz6=( 0.160858 30.208724 13.088439 )
xyz6=( 0.163579 30.213699 13.089123 )
xyz6=( 0.163579 30.213699 13.089123 )
xyz6=( 0.163579 30.213699 13.089123 )
xyz6=( 0.163579 30.213699 13.089123 )
xyz6=( 0.166306 30.218641 13.089793 )
xyz6=( 0.166306 30.218641 13.089793 )
xyz6=( 0.166306 30.218641 13.089793 )
xyz6=( 0.166306 30.218641 13.089793 )
xyz6=( 0.169037 30.223550 13.090449 )
xyz6=( 0.169037 30.223550 13.090449 )
xyz6=( 0.169037 30.223550 13.090449 )
xyz6=( 0.169037 30.223550 13.090449 )
xyz6=( 0.171773 30.228427 13.091091 )
xyz6=( 0.171773 30.228427 13.091091 )
xyz6=( 0.171773 30.228427 13.091091 )
xyz6=( 0.171773 30.228427 13.091091 )
xyz6=( 0.174514 30.233272 13.091719 )
xyz6=( 0.174514 30.233272 13.091719 )
xyz6=( 0.174514 30.233272 13.091719 )
xyz6=( 0.174514 30.233272 13.091719 )
xyz6=( 0.177260 30.238087 13.092333 )
xyz6=( 0.177260 30.238087 13.092333 )
xyz6=( 0.177260 30.238087 13.092333 )
xyz6=( 0.177260 30.238087 13.092333 )
xyz6=( 0.180010 30.242870 13.092934 )
xyz6=( 0.180010 30.242870 13.092934 )
xyz6=( 0.180010 30.242870 13.092934 )
xyz6=( 0.180010 30.242870 13.092934 )
xyz6=( 0.182766 30.247624 13.093521 )
xyz6=( 0.182766 30.247624 13.093521 )
xyz6=( 0.182766 30.247624 13.093521 )
xyz6=( 0.182766 30.247624 13.093521 )
xyz6=( 0.185526 30.252348 13.094096 )
xyz6=( 0.185526 30.252348 13.094096 )
xyz6=( 0.185526 30.252348 13.094096 )
xyz6=( 0.185526 30.252348 13.094096 )
xyz6=( -0.022101 29.484467 12.897334 )
xyz6=( -0.022101 29.484467 12.897334 )
xyz6=( -0.022270 29.526429 12.913025 )
xyz6=( -0.022270 29.526429 12.913025 )
xyz6=( -0.006348 29.307494 12.824705 )
xyz6=( -0.021575 29.556555 12.923941 )
xyz6=( -0.021575 29.556555 12.923941 )
xyz6=( -0.001360 29.278582 12.811803 )
xyz6=( -0.020494 29.581399 12.932724 )
xyz6=( -0.020494 29.581399 12.932724 )
xyz6=( 0.003246 29.254953 12.801033 )
xyz6=( -0.019179 29.603057 12.940222 )
xyz6=( -0.019179 29.603057 12.940222 )
xyz6=( 0.007623 29.234512 12.791547 )
xyz6=( -0.017701 29.622522 12.946833 )
xyz6=( -0.017701 29.622522 12.946833 )
xyz6=( 0.011843 29.216264 12.782945 )
xyz6=( 0.011843 29.216264 12.782945 )
xyz6=( -0.016103 29.640357 12.952786 )
xyz6=( -0.016103 29.640357 12.952786 )
xyz6=( 0.015947 29.199647 12.774999 )
xyz6=( 0.015947 29.199647 12.774999 )
xyz6=( -0.014410 29.656920 12.958225 )
xyz6=( -0.014410 29.656920 12.958225 )
xyz6=( 0.019961 29.184304 12.767567 )
xyz6=( 0.019961 29.184304 12.767567 )
xyz6=( -0.012639 29.672452 12.963246 )
xyz6=( -0.012639 29.672452 12.963246 )
xyz6=( 0.023902 29.169992 12.760549 )
xyz6=( 0.023902 29.169992 12.760549 )
xyz6=( -0.010803 29.687129 12.967922 )
xyz6=( -0.010803 29.687129 12.967922 )
xyz6=( 0.027784 29.156538 12.753876 )
xyz6=( -0.008912 29.701078 12.972303 )
xyz6=( -0.008912 29.701078 12.972303 )
xyz6=( -0.006973 29.714401 12.976430 )
xyz6=( -0.006973 29.714401 12.976430 )
xyz6=( -0.004991 29.727176 12.980335 )
xyz6=( -0.004991 29.727176 12.980335 )
xyz6=( -0.002972 29.739467 12.984044 )
xyz6=( -0.002972 29.739467 12.984044 )
xyz6=( -0.000919 29.751324 12.987577 )
xyz6=( -0.000919 29.751324 12.987577 )
xyz6=( 0.001166 29.762793 12.990952 )
xyz6=( 0.001166 29.762793 12.990952 )
xyz6=( 0.003278 29.773909 12.994183 )
xyz6=( 0.003278 29.773909 12.994183 )
xyz6=( 0.005416 29.784703 12.997284 )
xyz6=( 0.005416 29.784703 12.997284 )
xyz6=( 0.007578 29.795201 13.000264 )
xyz6=( 0.007578 29.795201 13.000264 )
xyz6=( 0.009763 29.805428 13.003134 )
xyz6=( 0.009763 29.805428 13.003134 )
xyz6=( 0.011968 29.815403 13.005901 )
xyz6=( 0.011968 29.815403 13.005901 )
xyz6=( 0.014193 29.825144 13.008572 )
xyz6=( 0.014193 29.825144 13.008572 )
xyz6=( 0.016437 29.834668 13.011155 )
xyz6=( 0.016437 29.834668 13.011155 )
xyz6=( 0.018697 29.843987 13.013654 )
xyz6=( 0.018697 29.843987 13.013654 )
xyz6=( 0.020974 29.853115 13.016074 )
xyz6=( 0.020974 29.853115 13.016074 )
xyz6=( 0.020974 29.853115 13.016074 )
xyz6=( 0.023267 29.862062 13.018422 )
xyz6=( 0.023267 29.862062 13.018422 )
xyz6=( 0.023267 29.862062 13.018422 )
xyz6=( 0.025575 29.870840 13.020699 )
xyz6=( 0.025575 29.870840 13.020699 )
xyz6=( 0.025575 29.870840 13.020699 )
xyz6=( 0.027897 29.879458 13.022911 )
xyz6=( 0.027897 29.879458 13.022911 )
xyz6=( 0.027897 29.879458 13.022911 )
xyz6=( 0.030232 29.887923 13.025060 )
xyz6=( 0.030232 29.887923 13.025060 )
xyz6=( 0.030232 29.887923 13.025060 )
xyz6=( 0.032580 29.896244 13.027150 )
xyz6=( 0.032580 29.896244 13.027150 )
xyz6=( 0.032580 29.896244 13.027150 )
xyz6=( 0.034941 29.904427 13.029183 )
xyz6=( 0.034941 29.904427 13.029183 )
xyz6=( 0.034941 29.904427 13.029183 )
xyz6=( 0.037314 29.912480 13.031163 )
xyz6=( 0.037314 29.912480 13.031163 )
xyz6=( 0.039699 29.920408 13.033091 )
xyz6=( 0.039699 29.920408 13.033091 )
xyz6=( 0.042095 29.928217 13.034970 )
xyz6=( 0.042095 29.928217 13.034970 )
xyz6=( 0.044501 29.935912 13.036802 )
xyz6=( 0.044501 29.935912 13.036802 )
xyz6=( 0.046919 29.943498 13.038588 )
xyz6=( 0.046919 29.943498 13.038588 )
xyz6=( 0.049346 29.950978 13.040332 )
xyz6=( 0.049346 29.950978 13.040332 )
xyz6=( 0.051783 29.958358 13.042033 )
xyz6=( 0.051783 29.958358 13.042033 )
xyz6=( 0.054230 29.965641 13.043695 )
xyz6=( 0.054230 29.965641 13.043695 )
xyz6=( 0.056686 29.972830 13.045317 )
xyz6=( 0.056686 29.972830 13.045317 )
xyz6=( 0.059151 29.979930 13.046903 )
xyz6=( 0.059151 29.979930 13.046903 )
xyz6=( 0.061625 29.986943 13.048452 )
xyz6=( 0.061625 29.986943 13.048452 )
xyz6=( 0.064107 29.993872 13.049966 )
xyz6=( 0.064107 29.993872 13.049966 )
xyz6=( 0.066598 30.000721 13.051447 )
xyz6=( 0.066598 30.000721 13.051447 )
xyz6=( 0.066598 30.000721 13.051447 )
xyz6=( 0.069097 30.007491 13.052895 )
xyz6=( 0.069097 30.007491 13.052895 )
xyz6=( 0.069097 30.007491 13.052895 )
xyz6=( 0.071604 30.014185 13.054311 )
xyz6=( 0.071604 30.014185 13.054311 )
xyz6=( 0.071604 30.014185 13.054311 )
xyz6=( 0.074119 30.020806 13.055697 )
xyz6=( 0.074119 30.020806 13.055697 )
xyz6=( 0.074119 30.020806 13.055697 )
xyz6=( 0.076642 30.027356 13.057053 )
xyz6=( 0.076642 30.027356 13.057053 )
xyz6=( 0.076642 30.027356 13.057053 )
xyz6=( 0.079172 30.033837 13.058380 )
xyz6=( 0.079172 30.033837 13.058380 )
xyz6=( 0.079172 30.033837 13.058380 )
xyz6=( 0.081710 30.040251 13.059679 )
xyz6=( 0.081710 30.040251 13.059679 )
xyz6=( 0.081710 30.040251 13.059679 )
xyz6=( 0.084255 30.046600 13.060950 )
xyz6=( 0.084255 30.046600 13.060950 )
xyz6=( 0.084255 30.046600 13.060950 )
xyz6=( 0.086807 30.052885 13.062195 )
xyz6=( 0.086807 30.052885 13.062195 )
xyz6=( 0.086807 30.052885 13.062195 )
xyz6=( 0.089366 30.059109 13.063414 )
xyz6=( 0.089366 30.059109 13.063414 )
xyz6=( 0.089366 30.059109 13.063414 )
xyz6=( 0.091932 30.065273 13.064608 )
xyz6=( 0.091932 30.065273 13.064608 )
xyz6=( 0.091932 30.065273 13.064608 )
xyz6=( 0.094505 30.071379 13.065777 )
xyz6=( 0.094505 30.071379 13.065777 )
xyz6=( 0.094505 30.071379 13.065777 )
xyz6=( 0.097084 30.077428 13.066922 )
xyz6=( 0.097084 30.077428 13.066922 )
xyz6=( 0.097084 30.077428 13.066922 )
xyz6=( 0.099670 30.083422 13.068044 )
xyz6=( 0.099670 30.083422 13.068044 )
xyz6=( 0.099670 30.083422 13.068044 )
xyz6=( 0.102263 30.089362 13.069143 )
xyz6=( 0.102263 30.089362 13.069143 )
xyz6=( 0.102263 30.089362 13.069143 )
xyz6=( 0.104861 30.095249 13.070220 )
xyz6=( 0.104861 30.095249 13.070220 )
xyz6=( 0.104861 30.095249 13.070220 )
xyz6=( 0.107466 30.101085 13.071275 )
xyz6=( 0.107466 30.101085 13.071275 )
xyz6=( 0.107466 30.101085 13.071275 )
xyz6=( 0.110078 30.106870 13.072308 )
xyz6=( 0.110078 30.106870 13.072308 )
xyz6=( 0.110078 30.106870 13.072308 )
xyz6=( 0.112695 30.112607 13.073321 )
xyz6=( 0.112695 30.112607 13.073321 )
xyz6=( 0.112695 30.112607 13.073321 )
xyz6=( 0.115318 30.118295 13.074313 )
xyz6=( 0.115318 30.118295 13.074313 )
xyz6=( 0.115318 30.118295 13.074313 )
xyz6=( 0.117947 30.123937 13.075285 )
xyz6=( 0.117947 30.123937 13.075285 )
xyz6=( 0.117947 30.123937 13.075285 )
xyz6=( 0.120583 30.129533 13.076238 )
xyz6=( 0.120583 30.129533 13.076238 )
xyz6=( 0.120583 30.129533 13.076238 )
xyz6=( 0.123223 30.135084 13.077171 )
xyz6=( 0.123223 30.135084 13.077171 )
xyz6=( 0.123223 30.135084 13.077171 )
xyz6=( 0.125870 30.140591 13.078086 )
xyz6=( 0.125870 30.140591 13.078086 )
xyz6=( 0.125870 30.140591 13.078086 )
xyz6=( 0.128522 30.146056 13.078982 )
xyz6=( 0.128522 30.146056 13.078982 )
xyz6=( 0.128522 30.146056 13.078982 )
xyz6=( 0.131180 30.151478 13.079860 )
xyz6=( 0.131180 30.151478 13.079860 )
xyz6=( 0.131180 30.151478 13.079860 )
xyz6=( 0.133844 30.156858 13.080721 )
xyz6=( 0.133844 30.156858 13.080721 )
xyz6=( 0.133844 30.156858 13.080721 )
xyz6=( 0.136512 30.162199 13.081564 )
xyz6=( 0.136512 30.162199 13.081564 )
xyz6=( 0.136512 30.162199 13.081564 )
xyz6=( 0.139187 30.167499 13.082390 )
xyz6=( 0.139187 30.167499 13.082390 )
xyz6=( 0.139187 30.167499 13.082390 )
xyz6=( 0.141866 30.172761 13.083199 )
xyz6=( 0.141866 30.172761 13.083199 )
xyz6=( 0.141866 30.172761 13.083199 )
xyz6=( 0.144551 30.177985 13.083992 )
xyz6=( 0.144551 30.177985 13.083992 )
xyz6=( 0.144551 30.177985 13.083992 )
xyz6=( 0.144551 30.177985 13.083992 )
xyz6=( 0.147241 30.183171 13.084768 )
xyz6=( 0.147241 30.183171 13.084768 )
xyz6=( 0.147241 30.183171 13.084768 )
xyz6=( 0.147241 30.183171 13.084768 )
xyz6=( 0.149937 30.188320 13.085529 )
xyz6=( 0.149937 30.188320 13.085529 )
xyz6=( 0.149937 30.188320 13.085529 )
xyz6=( 0.149937 30.188320 13.085529 )
xyz6=( 0.152637 30.193433 13.086273 )
xyz6=( 0.152637 30.193433 13.086273 )
xyz6=( 0.152637 30.193433 13.086273 )
xyz6=( 0.152637 30.193433 13.086273 )
xyz6=( 0.155343 30.198511 13.087003 )
xyz6=( 0.155343 30.198511 13.087003 )
xyz6=( 0.155343 30.198511 13.087003 )
xyz6=( 0.155343 30.198511 13.087003 )
xyz6=( 0.158054 30.203554 13.087717 )
xyz6=( 0.158054 30.203554 13.087717 )
xyz6=( 0.158054 30.203554 13.087717 )
xyz6=( 0.158054 30.203554 13.087717 )
xyz6=( 0.160769 30.208562 13.088417 )
xyz6=( 0.160769 30.208562 13.088417 )
xyz6=( 0.160769 30.208562 13.088417 )
xyz6=( 0.160769 30.208562 13.088417 )
xyz6=( 0.163490 30.213537 13.089101 )
xyz6=( 0.163490 30.213537 13.089101 )
xyz6=( 0.163490 30.213537 13.089101 )
xyz6=( 0.163490 30.213537 13.089101 )
xyz6=( 0.166216 30.218478 13.089772 )
xyz6=( 0.166216 30.218478 13.089772 )
xyz6=( 0.166216 30.218478 13.089772 )
xyz6=( 0.166216 30.218478 13.089772 )
xyz6=( 0.168946 30.223388 13.090428 )
xyz6=( 0.168946 30.223388 13.090428 )
xyz6=( 0.168946 30.223388 13.090428 )
xyz6=( 0.168946 30.223388 13.090428 )
xyz6=( 0.171682 30.228265 13.091070 )
xyz6=( 0.171682 30.228265 13.091070 )
xyz6=( 0.171682 30.228265 13.091070 )
xyz6=( 0.171682 30.228265 13.091070 )
xyz6=( 0.174422 30.233110 13.091698 )
xyz6=( 0.174422 30.233110 13.091698 )
xyz6=( 0.174422 30.233110 13.091698 )
xyz6=( 0.174422 30.233110 13.091698 )
xyz6=( 0.177167 30.237924 13.092312 )
xyz6=( 0.177167 30.237924 13.092312 )
xyz6=( 0.177167 30.237924 13.092312 )
xyz6=( 0.177167 30.237924 13.092312 )
xyz6=( 0.179917 30.242708 13.092914 )
xyz6=( 0.179917 30.242708 13.092914 )
xyz6=( 0.179917 30.242708 13.092914 )
xyz6=( 0.179917 30.242708 13.092914 )
xyz6=( 0.182671 30.247462 13.093502 )
xyz6=( 0.182671 30.247462 13.093502 )
xyz6=( 0.182671 30.247462 13.093502 )
xyz6=( 0.182671 30.247462 13.093502 )
xyz6=( 0.185430 30.252186 13.094076 )
xyz6=( 0.185430 30.252186 13.094076 )
xyz6=( 0.185430 30.252186 13.094076 )
xyz6=( 0.185430 30.252186 13.094076 )
