xyz6=( 0.166102 30.218272 13.089744 )
xyz6=( 0.166102 30.218272 13.089744 )
xyz6=( 0.066140 29.999468 13.051177 )
xyz6=( 0.066140 29.999468 13.051177 )
xyz6=( 0.028343 29.881090 13.023327 )
xyz6=( 0.028343 29.881090 13.023327 )
xyz6=( 0.005906 29.787117 12.997972 )
xyz6=( 0.005906 29.787117 12.997972 )
xyz6=( -0.008189 29.706150 12.973881 )
xyz6=( -0.008189 29.706150 12.973881 )
xyz6=( -0.008189 29.706150 12.973881 )
xyz6=( -0.016731 29.633662 12.950563 )
xyz6=( -0.016731 29.633662 12.950563 )
xyz6=( -0.016731 29.633662 12.950563 )
xyz6=( -0.021164 29.567303 12.927765 )
xyz6=( -0.021164 29.567303 12.927765 )
xyz6=( -0.021164 29.567303 12.927765 )
xyz6=( -0.022352 29.505673 12.905335 )
xyz6=( -0.022352 29.505673 12.905335 )
xyz6=( -0.022352 29.505673 12.905335 )
xyz6=( -0.022352 29.505673 12.905335 )
xyz6=( -0.020860 29.447855 12.883174 )
xyz6=( -0.020860 29.447855 12.883174 )
xyz6=( -0.020860 29.447855 12.883174 )
xyz6=( -0.020860 29.447855 12.883174 )
xyz6=( 0.166324 30.218674 13.089798 )
xyz6=( 0.166324 30.218674 13.089798 )
xyz6=( 0.066111 29.999390 13.051161 )
xyz6=( 0.066111 29.999390 13.051161 )
xyz6=( 0.028309 29.880967 13.023296 )
xyz6=( 0.028309 29.880967 13.023296 )
xyz6=( 0.005877 29.786973 12.997931 )
xyz6=( 0.005877 29.786973 12.997931 )
xyz6=( -0.008212 29.705994 12.973832 )
xyz6=( -0.008212 29.705994 12.973832 )
xyz6=( -0.008212 29.705994 12.973832 )
xyz6=( -0.016746 29.633497 12.950508 )
xyz6=( -0.016746 29.633497 12.950508 )
xyz6=( -0.016746 29.633497 12.950508 )
xyz6=( -0.021171 29.567134 12.927705 )
xyz6=( -0.021171 29.567134 12.927705 )
xyz6=( -0.021171 29.567134 12.927705 )
xyz6=( -0.022352 29.505500 12.905270 )
xyz6=( -0.022352 29.505500 12.905270 )
xyz6=( -0.022352 29.505500 12.905270 )
xyz6=( -0.022352 29.505500 12.905270 )
xyz6=( -0.020852 29.447679 12.883105 )
xyz6=( -0.020852 29.447679 12.883105 )
xyz6=( -0.020852 29.447679 12.883105 )
xyz6=( -0.020852 29.447679 12.883105 )
xyz6=( -0.022092 29.484035 12.897169 )
xyz6=( -0.022092 29.484035 12.897169 )
xyz6=( -0.006961 29.714481 12.976455 )
xyz6=( -0.006961 29.714481 12.976455 )
xyz6=( 0.016466 29.834791 13.011188 )
xyz6=( 0.016466 29.834791 13.011188 )
xyz6=( 0.042139 29.928359 13.035004 )
xyz6=( 0.042139 29.928359 13.035004 )
xyz6=( 0.069154 30.007643 13.052927 )
xyz6=( 0.069154 30.007643 13.052927 )
xyz6=( 0.069154 30.007643 13.052927 )
xyz6=( 0.097152 30.077586 13.066952 )
xyz6=( 0.097152 30.077586 13.066952 )
xyz6=( 0.097152 30.077586 13.066952 )
xyz6=( 0.125948 30.140752 13.078112 )
xyz6=( 0.125948 30.140752 13.078112 )
xyz6=( 0.125948 30.140752 13.078112 )
xyz6=( 0.155430 30.198673 13.087026 )
xyz6=( 0.155430 30.198673 13.087026 )
xyz6=( 0.155430 30.198673 13.087026 )
xyz6=( 0.155430 30.198673 13.087026 )
xyz6=( 0.185526 30.252348 13.094096 )
xyz6=( 0.185526 30.252348 13.094096 )
xyz6=( 0.185526 30.252348 13.094096 )
xyz6=( 0.185526 30.252348 13.094096 )
xyz6=( -0.022101 29.484467 12.897334 )
xyz6=( -0.022101 29.484467 12.897334 )
xyz6=( -0.006973 29.714401 12.976430 )
xyz6=( -0.006973 29.714401 12.976430 )
xyz6=( 0.016437 29.834668 13.011155 )
xyz6=( 0.016437 29.834668 13.011155 )
xyz6=( 0.042095 29.928217 13.034970 )
xyz6=( 0.042095 29.928217 13.034970 )
xyz6=( 0.069097 30.007491 13.052895 )
xyz6=( 0.069097 30.007491 13.052895 )
xyz6=( 0.069097 30.007491 13.052895 )
xyz6=( 0.097084 30.077428 13.066922 )
xyz6=( 0.097084 30.077428 13.066922 )
xyz6=( 0.097084 30.077428 13.066922 )
xyz6=( 0.125870 30.140591 13.078086 )
xyz6=( 0.125870 30.140591 13.078086 )
xyz6=( 0.125870 30.140591 13.078086 )
xyz6=( 0.155343 30.198511 13.087003 )
xyz6=( 0.155343 30.198511 13.087003 )
xyz6=( 0.155343 30.198511 13.087003 )
xyz6=( 0.155343 30.198511 13.087003 )
xyz6=( 0.185430 30.252186 13.094076 )
xyz6=( 0.185430 30.252186 13.094076 )
xyz6=( 0.185430 30.252186 13.094076 )
xyz6=( 0.185430 30.252186 13.094076 )
