order:    [ 5 1 2 4 7 3 0 9 10 13 12 11 8 6 ]
atoms:    [ CA CA C N H HA N CA C C CA N N C ]
residues: [ 1 0 0 1 1 0 0 2 2 3 3 3 2 1 ]

We use a different pair of symbles to represent the bits values which are associated with the HA and H of the discretized distance, and another one to represent the bits of other hydrogens.
For the HA and H from the discretized distance:
	"+" means 0
	"-" means 1
For any other hydrogens:
	">" means 0
	"<" means 1

d_7_3=2.849499700000 s=[ 0 0 0 0 + + 1 1 1 0 1 0 1 1 ]

d_7_3=2.849499700000 s=[ 0 0 0 0 + - 0 0 0 1 0 1 0 0 ]

d_7_3=2.851519902020 s=[ 0 0 0 0 + + 1 1 1 0 1 0 1 1 ]

d_7_3=2.851519902020 s=[ 0 0 0 0 + - 0 0 0 1 0 1 0 0 ]

d_7_3=2.853540104040 s=[ 0 0 0 0 + + 1 1 1 0 1 0 1 1 ]

d_7_3=2.853540104040 s=[ 0 0 0 0 + - 0 0 0 1 0 1 0 0 ]

d_7_3=2.855560306061 s=[ 0 0 0 0 + + 1 1 1 0 1 0 1 1 ]

d_7_3=2.855560306061 s=[ 0 0 0 0 + - 0 0 0 1 0 1 0 0 ]

d_7_3=2.857580508081 s=[ 0 0 0 0 + + 1 1 1 0 1 0 1 1 ]

d_7_3=2.857580508081 s=[ 0 0 0 0 + - 0 0 0 1 0 1 0 0 ]

d_7_3=2.859600710101 s=[ 0 0 0 0 + + 1 1 1 0 1 0 1 1 ]

d_7_3=2.859600710101 s=[ 0 0 0 0 + - 0 0 0 1 0 1 0 0 ]

d_7_3=2.861620912121 s=[ 0 0 0 0 + + 1 1 1 0 1 0 1 1 ]

d_7_3=2.861620912121 s=[ 0 0 0 0 + - 0 0 0 1 0 1 0 0 ]

d_7_3=2.863641114141 s=[ 0 0 0 0 + + 1 1 1 0 1 0 1 1 ]

d_7_3=2.863641114141 s=[ 0 0 0 0 + - 0 0 0 1 0 1 0 0 ]

d_7_3=2.865661316162 s=[ 0 0 0 0 + + 1 1 1 0 1 0 1 1 ]

d_7_3=2.865661316162 s=[ 0 0 0 0 + - 0 0 0 1 0 1 0 0 ]

d_7_3=2.867681518182 s=[ 0 0 0 0 + + 1 1 1 0 1 0 1 1 ]

d_7_3=2.867681518182 s=[ 0 0 0 0 + - 0 0 0 1 0 1 0 0 ]

d_7_3=2.869701720202 s=[ 0 0 0 0 + + 1 1 1 0 1 0 1 1 ]

d_7_3=2.869701720202 s=[ 0 0 0 0 + - 0 0 0 1 0 1 0 0 ]

d_7_3=2.871721922222 s=[ 0 0 0 0 + + 1 1 1 0 1 0 1 1 ]

d_7_3=2.871721922222 s=[ 0 0 0 0 + - 0 0 0 1 0 1 0 0 ]

d_7_3=2.873742124242 s=[ 0 0 0 0 + + 1 1 1 0 1 0 1 1 ]

d_7_3=2.873742124242 s=[ 0 0 0 0 + - 0 0 0 1 0 1 0 0 ]

d_7_3=2.875762326263 s=[ 0 0 0 0 + + 1 1 1 0 1 0 1 1 ]

d_7_3=2.875762326263 s=[ 0 0 0 0 + - 0 0 0 1 0 1 0 0 ]

d_7_3=2.877782528283 s=[ 0 0 0 0 + + 1 1 1 0 1 0 1 1 ]

d_7_3=2.877782528283 s=[ 0 0 0 0 + - 0 0 0 1 0 1 0 0 ]

d_7_3=2.879802730303 s=[ 0 0 0 0 + + 1 1 1 0 1 0 1 1 ]

d_7_3=2.879802730303 s=[ 0 0 0 0 + - 0 0 0 1 0 1 0 0 ]

d_7_3=2.881822932323 s=[ 0 0 0 0 + + 1 1 1 0 1 0 1 1 ]

d_7_3=2.881822932323 s=[ 0 0 0 0 + - 0 0 0 1 0 1 0 0 ]

d_7_3=2.883843134343 s=[ 0 0 0 0 + + 1 1 1 0 1 0 1 1 ]

d_7_3=2.883843134343 s=[ 0 0 0 0 + - 0 0 0 1 0 1 0 0 ]

d_7_3=2.885863336364 s=[ 0 0 0 0 + + 1 1 1 0 1 0 1 1 ]

d_7_3=2.885863336364 s=[ 0 0 0 0 + - 0 0 0 1 0 1 0 0 ]

d_7_3=2.887883538384 s=[ 0 0 0 0 + + 1 1 1 0 1 0 1 1 ]

d_7_3=2.887883538384 s=[ 0 0 0 0 + - 0 0 0 1 0 1 0 0 ]

d_7_3=2.889903740404 s=[ 0 0 0 0 + + 1 1 1 0 1 0 1 1 ]

d_7_3=2.889903740404 s=[ 0 0 0 0 + - 0 0 0 1 0 1 0 0 ]

d_7_3=2.891923942424 s=[ 0 0 0 0 + + 1 1 1 0 1 0 1 1 ]

d_7_3=2.891923942424 s=[ 0 0 0 0 + - 0 0 0 1 0 1 0 0 ]

d_7_3=2.893944144444 s=[ 0 0 0 0 + + 1 1 1 0 1 0 1 1 ]

d_7_3=2.893944144444 s=[ 0 0 0 0 + - 0 0 0 1 0 1 0 0 ]

d_7_3=2.895964346465 s=[ 0 0 0 0 + + 1 1 1 0 1 0 1 1 ]

d_7_3=2.895964346465 s=[ 0 0 0 0 + - 0 0 0 1 0 1 0 0 ]

d_7_3=2.897984548485 s=[ 0 0 0 0 + + 1 1 1 0 1 0 1 1 ]

d_7_3=2.897984548485 s=[ 0 0 0 0 + - 0 0 0 1 0 1 0 0 ]

d_7_3=2.900004750505 s=[ 0 0 0 0 + + 1 1 1 0 1 0 1 1 ]

d_7_3=2.900004750505 s=[ 0 0 0 0 + - 0 0 0 1 0 1 0 0 ]

d_7_3=2.902024952525 s=[ 0 0 0 0 + + 1 1 1 0 1 0 1 1 ]

d_7_3=2.902024952525 s=[ 0 0 0 0 + - 0 0 0 1 0 1 0 0 ]

d_7_3=2.904045154545 s=[ 0 0 0 0 + + 1 1 1 0 1 0 1 1 ]

d_7_3=2.904045154545 s=[ 0 0 0 0 + - 0 0 0 1 0 1 0 0 ]

d_7_3=2.906065356566 s=[ 0 0 0 0 + + 1 1 1 0 1 0 1 1 ]

d_7_3=2.906065356566 s=[ 0 0 0 0 + - 0 0 0 1 0 1 0 0 ]

d_7_3=2.908085558586 s=[ 0 0 0 0 + + 1 1 1 0 1 0 1 1 ]

d_7_3=2.908085558586 s=[ 0 0 0 0 + - 0 0 0 1 0 1 0 0 ]

d_7_3=2.910105760606 s=[ 0 0 0 0 + + 1 1 1 0 1 0 1 1 ]

d_7_3=2.910105760606 s=[ 0 0 0 0 + - 0 0 0 1 0 1 0 0 ]

d_7_3=2.912125962626 s=[ 0 0 0 0 + + 1 1 1 0 1 0 1 1 ]

d_7_3=2.912125962626 s=[ 0 0 0 0 + - 0 0 0 1 0 1 0 0 ]

d_7_3=2.914146164646 s=[ 0 0 0 0 + + 1 1 1 0 1 0 1 1 ]

d_7_3=2.914146164646 s=[ 0 0 0 0 + - 0 0 0 1 0 1 0 0 ]

d_7_3=2.916166366667 s=[ 0 0 0 0 + + 1 1 1 0 1 0 1 1 ]

d_7_3=2.916166366667 s=[ 0 0 0 0 + - 0 0 0 1 0 1 0 0 ]

d_7_3=2.918186568687 s=[ 0 0 0 0 + + 1 1 1 0 1 0 1 1 ]

d_7_3=2.918186568687 s=[ 0 0 0 0 + - 0 0 0 1 0 1 0 0 ]

d_7_3=2.920206770707 s=[ 0 0 0 0 + + 1 1 1 0 1 0 1 1 ]

d_7_3=2.920206770707 s=[ 0 0 0 0 + - 0 0 0 1 0 1 0 0 ]

d_7_3=2.922226972727 s=[ 0 0 0 0 + + 1 1 1 0 1 0 1 1 ]

d_7_3=2.922226972727 s=[ 0 0 0 0 + - 0 0 0 1 0 1 0 0 ]

d_7_3=2.924247174747 s=[ 0 0 0 0 + + 1 1 1 0 1 0 1 1 ]

d_7_3=2.924247174747 s=[ 0 0 0 0 + - 0 0 0 1 0 1 0 0 ]

d_7_3=2.926267376768 s=[ 0 0 0 0 + + 1 1 1 0 1 0 1 1 ]

d_7_3=2.926267376768 s=[ 0 0 0 0 + - 0 0 0 1 0 1 0 0 ]

d_7_3=2.928287578788 s=[ 0 0 0 0 + + 1 1 1 0 1 0 1 1 ]

d_7_3=2.928287578788 s=[ 0 0 0 0 + - 0 0 0 1 0 1 0 0 ]

d_7_3=2.930307780808 s=[ 0 0 0 0 + + 1 1 1 0 1 0 1 1 ]

d_7_3=2.930307780808 s=[ 0 0 0 0 + - 0 0 0 1 0 1 0 0 ]

d_7_3=2.932327982828 s=[ 0 0 0 0 + + 1 1 1 0 1 0 1 1 ]

d_7_3=2.932327982828 s=[ 0 0 0 0 + - 0 0 0 1 0 1 0 0 ]

d_7_3=2.934348184848 s=[ 0 0 0 0 + + 1 1 1 0 1 0 1 1 ]

d_7_3=2.934348184848 s=[ 0 0 0 0 + - 0 0 0 1 0 1 0 0 ]

d_7_3=2.936368386869 s=[ 0 0 0 0 + + 1 1 1 0 1 0 1 1 ]

d_7_3=2.936368386869 s=[ 0 0 0 0 + - 0 0 0 1 0 1 0 0 ]

d_7_3=2.938388588889 s=[ 0 0 0 0 + + 1 1 1 0 1 0 1 1 ]

d_7_3=2.938388588889 s=[ 0 0 0 0 + - 0 0 0 1 0 1 0 0 ]

d_7_3=2.940408790909 s=[ 0 0 0 0 + + 1 1 1 0 1 0 1 1 ]

d_7_3=2.940408790909 s=[ 0 0 0 0 + - 0 0 0 1 0 1 0 0 ]

d_7_3=2.942428992929 s=[ 0 0 0 0 + + 1 1 1 0 1 0 1 1 ]

d_7_3=2.942428992929 s=[ 0 0 0 0 + - 0 0 0 1 0 1 0 0 ]

d_7_3=2.944449194949 s=[ 0 0 0 0 + + 1 1 1 0 1 0 1 1 ]

d_7_3=2.944449194949 s=[ 0 0 0 0 + - 0 0 0 1 0 1 0 0 ]

d_7_3=2.946469396970 s=[ 0 0 0 0 + + 1 1 1 0 1 0 1 1 ]

d_7_3=2.946469396970 s=[ 0 0 0 0 + - 0 0 0 1 0 1 0 0 ]

d_7_3=2.948489598990 s=[ 0 0 0 0 + + 1 1 1 0 1 0 1 1 ]

d_7_3=2.948489598990 s=[ 0 0 0 0 + - 0 0 0 1 0 1 0 0 ]

d_7_3=2.950509801010 s=[ 0 0 0 0 + + 1 1 1 0 1 0 1 1 ]

d_7_3=2.950509801010 s=[ 0 0 0 0 + - 0 0 0 1 0 1 0 0 ]

d_7_3=2.952530003030 s=[ 0 0 0 0 + + 1 1 1 0 1 0 1 1 ]

d_7_3=2.952530003030 s=[ 0 0 0 0 + - 0 0 0 1 0 1 0 0 ]

d_7_3=2.954550205051 s=[ 0 0 0 0 + + 1 1 1 0 1 0 1 1 ]

d_7_3=2.954550205051 s=[ 0 0 0 0 + - 0 0 0 1 0 1 0 0 ]

d_7_3=2.956570407071 s=[ 0 0 0 0 + + 1 1 1 0 1 0 1 1 ]

d_7_3=2.956570407071 s=[ 0 0 0 0 + - 0 0 0 1 0 1 0 0 ]

d_7_3=2.958590609091 s=[ 0 0 0 0 + + 1 1 1 0 1 0 1 1 ]

d_7_3=2.958590609091 s=[ 0 0 0 0 + - 0 0 0 1 0 1 0 0 ]

d_7_3=2.960610811111 s=[ 0 0 0 0 + + 1 1 1 0 1 0 1 1 ]

d_7_3=2.960610811111 s=[ 0 0 0 0 + - 0 0 0 1 0 1 0 0 ]

d_7_3=2.962631013131 s=[ 0 0 0 0 + + 1 1 1 0 1 0 1 1 ]

d_7_3=2.962631013131 s=[ 0 0 0 0 + - 0 0 0 1 0 1 0 0 ]

d_7_3=2.964651215152 s=[ 0 0 0 0 + + 1 1 1 0 1 0 1 1 ]

d_7_3=2.964651215152 s=[ 0 0 0 0 + - 0 0 0 1 0 1 0 0 ]

d_7_3=2.966671417172 s=[ 0 0 0 0 + + 1 1 1 0 1 0 1 1 ]

d_7_3=2.966671417172 s=[ 0 0 0 0 + - 0 0 0 1 0 1 0 0 ]

d_7_3=2.968691619192 s=[ 0 0 0 0 + + 1 1 1 0 1 0 1 1 ]

d_7_3=2.968691619192 s=[ 0 0 0 0 + - 0 0 0 1 0 1 0 0 ]

d_7_3=2.970711821212 s=[ 0 0 0 0 + + 1 1 1 0 1 0 1 1 ]

d_7_3=2.970711821212 s=[ 0 0 0 0 + - 0 0 0 1 0 1 0 0 ]

d_7_3=2.972732023232 s=[ 0 0 0 0 + + 1 1 1 0 1 0 1 1 ]

d_7_3=2.972732023232 s=[ 0 0 0 0 + - 0 0 0 1 0 1 0 0 ]

d_7_3=2.974752225253 s=[ 0 0 0 0 + + 1 1 1 0 1 0 1 1 ]

d_7_3=2.974752225253 s=[ 0 0 0 0 + - 0 0 0 1 0 1 0 0 ]

d_7_3=2.976772427273 s=[ 0 0 0 0 + + 1 1 1 0 1 0 1 1 ]

d_7_3=2.976772427273 s=[ 0 0 0 0 + - 0 0 0 1 0 1 0 0 ]

d_7_3=2.978792629293 s=[ 0 0 0 0 + + 1 1 1 0 1 0 1 1 ]

d_7_3=2.978792629293 s=[ 0 0 0 0 + - 0 0 0 1 0 1 0 0 ]

d_7_3=2.980812831313 s=[ 0 0 0 0 + + 1 1 1 0 1 0 1 1 ]

d_7_3=2.980812831313 s=[ 0 0 0 0 + - 0 0 0 1 0 1 0 0 ]

d_7_3=2.982833033333 s=[ 0 0 0 0 + + 1 1 1 0 1 0 1 1 ]

d_7_3=2.982833033333 s=[ 0 0 0 0 + - 0 0 0 1 0 1 0 0 ]

d_7_3=2.984853235354 s=[ 0 0 0 0 + + 1 1 1 0 1 0 1 1 ]

d_7_3=2.984853235354 s=[ 0 0 0 0 + - 0 0 0 1 0 1 0 0 ]

d_7_3=2.986873437374 s=[ 0 0 0 0 + + 1 1 1 0 1 0 1 1 ]

d_7_3=2.986873437374 s=[ 0 0 0 0 + - 0 0 0 1 0 1 0 0 ]

d_7_3=2.988893639394 s=[ 0 0 0 0 + + 1 1 1 0 1 0 1 1 ]

d_7_3=2.988893639394 s=[ 0 0 0 0 + - 0 0 0 1 0 1 0 0 ]

d_7_3=2.990913841414 s=[ 0 0 0 0 + + 1 1 1 0 1 0 1 1 ]

d_7_3=2.990913841414 s=[ 0 0 0 0 + - 0 0 0 1 0 1 0 0 ]

d_7_3=2.992934043434 s=[ 0 0 0 0 + + 1 1 1 0 1 0 1 1 ]

d_7_3=2.992934043434 s=[ 0 0 0 0 + - 0 0 0 1 0 1 0 0 ]

d_7_3=2.994954245455 s=[ 0 0 0 0 + + 1 1 1 0 1 0 1 1 ]

d_7_3=2.994954245455 s=[ 0 0 0 0 + - 0 0 0 1 0 1 0 0 ]

d_7_3=2.996974447475 s=[ 0 0 0 0 + + 1 1 1 0 1 0 1 1 ]

d_7_3=2.996974447475 s=[ 0 0 0 0 + - 0 0 0 1 0 1 0 0 ]

d_7_3=2.998994649495 s=[ 0 0 0 0 + + 1 1 1 0 1 0 1 1 ]

d_7_3=2.998994649495 s=[ 0 0 0 0 + - 0 0 0 1 0 1 0 0 ]

d_7_3=3.001014851515 s=[ 0 0 0 0 + + 1 1 1 0 1 0 1 1 ]

d_7_3=3.001014851515 s=[ 0 0 0 0 + - 0 0 0 1 0 1 0 0 ]

d_7_3=3.003035053535 s=[ 0 0 0 0 + + 1 1 1 0 1 0 1 1 ]

d_7_3=3.003035053535 s=[ 0 0 0 0 + - 0 0 0 1 0 1 0 0 ]

d_7_3=3.005055255556 s=[ 0 0 0 0 + + 1 1 1 0 1 0 1 1 ]

d_7_3=3.005055255556 s=[ 0 0 0 0 + - 0 0 0 1 0 1 0 0 ]

d_7_3=3.007075457576 s=[ 0 0 0 0 + + 1 1 1 0 1 0 1 1 ]

d_7_3=3.007075457576 s=[ 0 0 0 0 + - 0 0 0 1 0 1 0 0 ]

d_7_3=3.009095659596 s=[ 0 0 0 0 + + 1 1 1 0 1 0 1 1 ]

d_7_3=3.009095659596 s=[ 0 0 0 0 + - 0 0 0 1 0 1 0 0 ]

d_7_3=3.011115861616 s=[ 0 0 0 0 + + 1 1 1 0 1 0 1 1 ]

d_7_3=3.011115861616 s=[ 0 0 0 0 + - 0 0 0 1 0 1 0 0 ]

d_7_3=3.013136063636 s=[ 0 0 0 0 + + 1 1 1 0 1 0 1 1 ]

d_7_3=3.013136063636 s=[ 0 0 0 0 + - 0 0 0 1 0 1 0 0 ]

d_7_3=3.015156265657 s=[ 0 0 0 0 + + 1 1 1 0 1 0 1 1 ]

d_7_3=3.015156265657 s=[ 0 0 0 0 + - 0 0 0 1 0 1 0 0 ]

d_7_3=3.017176467677 s=[ 0 0 0 0 + + 1 1 1 0 1 0 1 1 ]

d_7_3=3.017176467677 s=[ 0 0 0 0 + - 0 0 0 1 0 1 0 0 ]

d_7_3=3.019196669697 s=[ 0 0 0 0 + + 1 1 1 0 1 0 1 1 ]

d_7_3=3.019196669697 s=[ 0 0 0 0 + - 0 0 0 1 0 1 0 0 ]

d_7_3=3.021216871717 s=[ 0 0 0 0 + + 1 1 1 0 1 0 1 1 ]

d_7_3=3.021216871717 s=[ 0 0 0 0 + - 0 0 0 1 0 1 0 0 ]

d_7_3=3.023237073737 s=[ 0 0 0 0 + + 1 1 1 0 1 0 1 1 ]

d_7_3=3.023237073737 s=[ 0 0 0 0 + - 0 0 0 1 0 1 0 0 ]

d_7_3=3.025257275758 s=[ 0 0 0 0 + + 1 1 1 0 1 0 1 1 ]

d_7_3=3.025257275758 s=[ 0 0 0 0 + - 0 0 0 1 0 1 0 0 ]

d_7_3=3.027277477778 s=[ 0 0 0 0 + + 1 1 1 0 1 0 1 1 ]

d_7_3=3.027277477778 s=[ 0 0 0 0 + - 0 0 0 1 0 1 0 0 ]

d_7_3=3.029297679798 s=[ 0 0 0 0 + + 1 1 1 0 1 0 1 1 ]

d_7_3=3.029297679798 s=[ 0 0 0 0 + - 0 0 0 1 0 1 0 0 ]

d_7_3=3.031317881818 s=[ 0 0 0 0 + + 1 1 1 0 1 0 1 1 ]

d_7_3=3.031317881818 s=[ 0 0 0 0 + - 0 0 0 1 0 1 0 0 ]

d_7_3=3.033338083838 s=[ 0 0 0 0 + + 1 1 1 0 1 0 1 1 ]

d_7_3=3.033338083838 s=[ 0 0 0 0 + - 0 0 0 1 0 1 0 0 ]

d_7_3=3.035358285859 s=[ 0 0 0 0 + + 1 1 1 0 1 0 1 1 ]

d_7_3=3.035358285859 s=[ 0 0 0 0 + - 0 0 0 1 0 1 0 0 ]

d_7_3=3.037378487879 s=[ 0 0 0 0 + + 1 1 1 0 1 0 1 1 ]

d_7_3=3.037378487879 s=[ 0 0 0 0 + - 0 0 0 1 0 1 0 0 ]

d_7_3=3.039398689899 s=[ 0 0 0 0 + + 1 1 1 0 1 0 1 1 ]

d_7_3=3.039398689899 s=[ 0 0 0 0 + - 0 0 0 1 0 1 0 0 ]

d_7_3=3.041418891919 s=[ 0 0 0 0 + + 1 1 1 0 1 0 1 1 ]

d_7_3=3.041418891919 s=[ 0 0 0 0 + - 0 0 0 1 0 1 0 0 ]

d_7_3=3.043439093939 s=[ 0 0 0 0 + - 0 0 0 1 0 1 0 0 ]

d_7_3=3.045459295960 s=[ 0 0 0 0 + - 0 0 0 1 0 1 0 0 ]

d_7_3=2.849499700000 s=[ 0 0 0 0 - + 1 1 1 0 1 0 1 1 ]

d_7_3=2.849499700000 s=[ 0 0 0 0 - - 0 0 0 1 0 1 0 0 ]

d_7_3=2.851519902020 s=[ 0 0 0 0 - + 1 1 1 0 1 0 1 1 ]

d_7_3=2.851519902020 s=[ 0 0 0 0 - - 0 0 0 1 0 1 0 0 ]

d_7_3=2.853540104040 s=[ 0 0 0 0 - + 1 1 1 0 1 0 1 1 ]

d_7_3=2.853540104040 s=[ 0 0 0 0 - - 0 0 0 1 0 1 0 0 ]

d_7_3=2.855560306061 s=[ 0 0 0 0 - + 1 1 1 0 1 0 1 1 ]

d_7_3=2.855560306061 s=[ 0 0 0 0 - - 0 0 0 1 0 1 0 0 ]

d_7_3=2.857580508081 s=[ 0 0 0 0 - + 1 1 1 0 1 0 1 1 ]

d_7_3=2.857580508081 s=[ 0 0 0 0 - - 0 0 0 1 0 1 0 0 ]

d_7_3=2.859600710101 s=[ 0 0 0 0 - + 1 1 1 0 1 0 1 1 ]

d_7_3=2.859600710101 s=[ 0 0 0 0 - - 0 0 0 1 0 1 0 0 ]

d_7_3=2.861620912121 s=[ 0 0 0 0 - + 1 1 1 0 1 0 1 1 ]

d_7_3=2.861620912121 s=[ 0 0 0 0 - - 0 0 0 1 0 1 0 0 ]

d_7_3=2.863641114141 s=[ 0 0 0 0 - + 1 1 1 0 1 0 1 1 ]

d_7_3=2.863641114141 s=[ 0 0 0 0 - - 0 0 0 1 0 1 0 0 ]

d_7_3=2.865661316162 s=[ 0 0 0 0 - + 1 1 1 0 1 0 1 1 ]

d_7_3=2.865661316162 s=[ 0 0 0 0 - - 0 0 0 1 0 1 0 0 ]

d_7_3=2.867681518182 s=[ 0 0 0 0 - + 1 1 1 0 1 0 1 1 ]

d_7_3=2.867681518182 s=[ 0 0 0 0 - - 0 0 0 1 0 1 0 0 ]

d_7_3=2.869701720202 s=[ 0 0 0 0 - + 1 1 1 0 1 0 1 1 ]

d_7_3=2.869701720202 s=[ 0 0 0 0 - - 0 0 0 1 0 1 0 0 ]

d_7_3=2.871721922222 s=[ 0 0 0 0 - + 1 1 1 0 1 0 1 1 ]

d_7_3=2.871721922222 s=[ 0 0 0 0 - - 0 0 0 1 0 1 0 0 ]

d_7_3=2.873742124242 s=[ 0 0 0 0 - + 1 1 1 0 1 0 1 1 ]

d_7_3=2.873742124242 s=[ 0 0 0 0 - - 0 0 0 1 0 1 0 0 ]

d_7_3=2.875762326263 s=[ 0 0 0 0 - + 1 1 1 0 1 0 1 1 ]

d_7_3=2.875762326263 s=[ 0 0 0 0 - - 0 0 0 1 0 1 0 0 ]

d_7_3=2.877782528283 s=[ 0 0 0 0 - + 1 1 1 0 1 0 1 1 ]

d_7_3=2.877782528283 s=[ 0 0 0 0 - - 0 0 0 1 0 1 0 0 ]

d_7_3=2.879802730303 s=[ 0 0 0 0 - + 1 1 1 0 1 0 1 1 ]

d_7_3=2.879802730303 s=[ 0 0 0 0 - - 0 0 0 1 0 1 0 0 ]

d_7_3=2.881822932323 s=[ 0 0 0 0 - + 1 1 1 0 1 0 1 1 ]

d_7_3=2.881822932323 s=[ 0 0 0 0 - - 0 0 0 1 0 1 0 0 ]

d_7_3=2.883843134343 s=[ 0 0 0 0 - + 1 1 1 0 1 0 1 1 ]

d_7_3=2.883843134343 s=[ 0 0 0 0 - - 0 0 0 1 0 1 0 0 ]

d_7_3=2.885863336364 s=[ 0 0 0 0 - + 1 1 1 0 1 0 1 1 ]

d_7_3=2.885863336364 s=[ 0 0 0 0 - - 0 0 0 1 0 1 0 0 ]

d_7_3=2.887883538384 s=[ 0 0 0 0 - + 1 1 1 0 1 0 1 1 ]

d_7_3=2.887883538384 s=[ 0 0 0 0 - - 0 0 0 1 0 1 0 0 ]

d_7_3=2.889903740404 s=[ 0 0 0 0 - + 1 1 1 0 1 0 1 1 ]

d_7_3=2.889903740404 s=[ 0 0 0 0 - - 0 0 0 1 0 1 0 0 ]

d_7_3=2.891923942424 s=[ 0 0 0 0 - + 1 1 1 0 1 0 1 1 ]

d_7_3=2.891923942424 s=[ 0 0 0 0 - - 0 0 0 1 0 1 0 0 ]

d_7_3=2.893944144444 s=[ 0 0 0 0 - + 1 1 1 0 1 0 1 1 ]

d_7_3=2.893944144444 s=[ 0 0 0 0 - - 0 0 0 1 0 1 0 0 ]

d_7_3=2.895964346465 s=[ 0 0 0 0 - + 1 1 1 0 1 0 1 1 ]

d_7_3=2.895964346465 s=[ 0 0 0 0 - - 0 0 0 1 0 1 0 0 ]

d_7_3=2.897984548485 s=[ 0 0 0 0 - + 1 1 1 0 1 0 1 1 ]

d_7_3=2.897984548485 s=[ 0 0 0 0 - - 0 0 0 1 0 1 0 0 ]

d_7_3=2.900004750505 s=[ 0 0 0 0 - + 1 1 1 0 1 0 1 1 ]

d_7_3=2.900004750505 s=[ 0 0 0 0 - - 0 0 0 1 0 1 0 0 ]

d_7_3=2.902024952525 s=[ 0 0 0 0 - + 1 1 1 0 1 0 1 1 ]

d_7_3=2.902024952525 s=[ 0 0 0 0 - - 0 0 0 1 0 1 0 0 ]

d_7_3=2.904045154545 s=[ 0 0 0 0 - + 1 1 1 0 1 0 1 1 ]

d_7_3=2.904045154545 s=[ 0 0 0 0 - - 0 0 0 1 0 1 0 0 ]

d_7_3=2.906065356566 s=[ 0 0 0 0 - + 1 1 1 0 1 0 1 1 ]

d_7_3=2.906065356566 s=[ 0 0 0 0 - - 0 0 0 1 0 1 0 0 ]

d_7_3=2.908085558586 s=[ 0 0 0 0 - + 1 1 1 0 1 0 1 1 ]

d_7_3=2.908085558586 s=[ 0 0 0 0 - - 0 0 0 1 0 1 0 0 ]

d_7_3=2.910105760606 s=[ 0 0 0 0 - + 1 1 1 0 1 0 1 1 ]

d_7_3=2.910105760606 s=[ 0 0 0 0 - - 0 0 0 1 0 1 0 0 ]

d_7_3=2.912125962626 s=[ 0 0 0 0 - + 1 1 1 0 1 0 1 1 ]

d_7_3=2.912125962626 s=[ 0 0 0 0 - - 0 0 0 1 0 1 0 0 ]

d_7_3=2.914146164646 s=[ 0 0 0 0 - + 1 1 1 0 1 0 1 1 ]

d_7_3=2.914146164646 s=[ 0 0 0 0 - - 0 0 0 1 0 1 0 0 ]

d_7_3=2.916166366667 s=[ 0 0 0 0 - + 1 1 1 0 1 0 1 1 ]

d_7_3=2.916166366667 s=[ 0 0 0 0 - - 0 0 0 1 0 1 0 0 ]

d_7_3=2.918186568687 s=[ 0 0 0 0 - + 1 1 1 0 1 0 1 1 ]

d_7_3=2.918186568687 s=[ 0 0 0 0 - - 0 0 0 1 0 1 0 0 ]

d_7_3=2.920206770707 s=[ 0 0 0 0 - + 1 1 1 0 1 0 1 1 ]

d_7_3=2.920206770707 s=[ 0 0 0 0 - - 0 0 0 1 0 1 0 0 ]

d_7_3=2.922226972727 s=[ 0 0 0 0 - + 1 1 1 0 1 0 1 1 ]

d_7_3=2.922226972727 s=[ 0 0 0 0 - - 0 0 0 1 0 1 0 0 ]

d_7_3=2.924247174747 s=[ 0 0 0 0 - + 1 1 1 0 1 0 1 1 ]

d_7_3=2.924247174747 s=[ 0 0 0 0 - - 0 0 0 1 0 1 0 0 ]

d_7_3=2.926267376768 s=[ 0 0 0 0 - + 1 1 1 0 1 0 1 1 ]

d_7_3=2.926267376768 s=[ 0 0 0 0 - - 0 0 0 1 0 1 0 0 ]

d_7_3=2.928287578788 s=[ 0 0 0 0 - + 1 1 1 0 1 0 1 1 ]

d_7_3=2.928287578788 s=[ 0 0 0 0 - - 0 0 0 1 0 1 0 0 ]

d_7_3=2.930307780808 s=[ 0 0 0 0 - + 1 1 1 0 1 0 1 1 ]

d_7_3=2.930307780808 s=[ 0 0 0 0 - - 0 0 0 1 0 1 0 0 ]

d_7_3=2.932327982828 s=[ 0 0 0 0 - + 1 1 1 0 1 0 1 1 ]

d_7_3=2.932327982828 s=[ 0 0 0 0 - - 0 0 0 1 0 1 0 0 ]

d_7_3=2.934348184848 s=[ 0 0 0 0 - + 1 1 1 0 1 0 1 1 ]

d_7_3=2.934348184848 s=[ 0 0 0 0 - - 0 0 0 1 0 1 0 0 ]

d_7_3=2.936368386869 s=[ 0 0 0 0 - + 1 1 1 0 1 0 1 1 ]

d_7_3=2.936368386869 s=[ 0 0 0 0 - - 0 0 0 1 0 1 0 0 ]

d_7_3=2.938388588889 s=[ 0 0 0 0 - + 1 1 1 0 1 0 1 1 ]

d_7_3=2.938388588889 s=[ 0 0 0 0 - - 0 0 0 1 0 1 0 0 ]

d_7_3=2.940408790909 s=[ 0 0 0 0 - + 1 1 1 0 1 0 1 1 ]

d_7_3=2.940408790909 s=[ 0 0 0 0 - - 0 0 0 1 0 1 0 0 ]

d_7_3=2.942428992929 s=[ 0 0 0 0 - + 1 1 1 0 1 0 1 1 ]

d_7_3=2.942428992929 s=[ 0 0 0 0 - - 0 0 0 1 0 1 0 0 ]

d_7_3=2.944449194949 s=[ 0 0 0 0 - + 1 1 1 0 1 0 1 1 ]

d_7_3=2.944449194949 s=[ 0 0 0 0 - - 0 0 0 1 0 1 0 0 ]

d_7_3=2.946469396970 s=[ 0 0 0 0 - + 1 1 1 0 1 0 1 1 ]

d_7_3=2.946469396970 s=[ 0 0 0 0 - - 0 0 0 1 0 1 0 0 ]

d_7_3=2.948489598990 s=[ 0 0 0 0 - + 1 1 1 0 1 0 1 1 ]

d_7_3=2.948489598990 s=[ 0 0 0 0 - - 0 0 0 1 0 1 0 0 ]

d_7_3=2.950509801010 s=[ 0 0 0 0 - + 1 1 1 0 1 0 1 1 ]

d_7_3=2.950509801010 s=[ 0 0 0 0 - - 0 0 0 1 0 1 0 0 ]

d_7_3=2.952530003030 s=[ 0 0 0 0 - + 1 1 1 0 1 0 1 1 ]

d_7_3=2.952530003030 s=[ 0 0 0 0 - - 0 0 0 1 0 1 0 0 ]

d_7_3=2.954550205051 s=[ 0 0 0 0 - + 1 1 1 0 1 0 1 1 ]

d_7_3=2.954550205051 s=[ 0 0 0 0 - - 0 0 0 1 0 1 0 0 ]

d_7_3=2.956570407071 s=[ 0 0 0 0 - + 1 1 1 0 1 0 1 1 ]

d_7_3=2.956570407071 s=[ 0 0 0 0 - - 0 0 0 1 0 1 0 0 ]

d_7_3=2.958590609091 s=[ 0 0 0 0 - + 1 1 1 0 1 0 1 1 ]

d_7_3=2.958590609091 s=[ 0 0 0 0 - - 0 0 0 1 0 1 0 0 ]

d_7_3=2.960610811111 s=[ 0 0 0 0 - + 1 1 1 0 1 0 1 1 ]

d_7_3=2.960610811111 s=[ 0 0 0 0 - - 0 0 0 1 0 1 0 0 ]

d_7_3=2.962631013131 s=[ 0 0 0 0 - + 1 1 1 0 1 0 1 1 ]

d_7_3=2.962631013131 s=[ 0 0 0 0 - - 0 0 0 1 0 1 0 0 ]

d_7_3=2.964651215152 s=[ 0 0 0 0 - + 1 1 1 0 1 0 1 1 ]

d_7_3=2.964651215152 s=[ 0 0 0 0 - - 0 0 0 1 0 1 0 0 ]

d_7_3=2.966671417172 s=[ 0 0 0 0 - + 1 1 1 0 1 0 1 1 ]

d_7_3=2.966671417172 s=[ 0 0 0 0 - - 0 0 0 1 0 1 0 0 ]

d_7_3=2.968691619192 s=[ 0 0 0 0 - + 1 1 1 0 1 0 1 1 ]

d_7_3=2.968691619192 s=[ 0 0 0 0 - - 0 0 0 1 0 1 0 0 ]

d_7_3=2.970711821212 s=[ 0 0 0 0 - + 1 1 1 0 1 0 1 1 ]

d_7_3=2.970711821212 s=[ 0 0 0 0 - - 0 0 0 1 0 1 0 0 ]

d_7_3=2.972732023232 s=[ 0 0 0 0 - + 1 1 1 0 1 0 1 1 ]

d_7_3=2.972732023232 s=[ 0 0 0 0 - - 0 0 0 1 0 1 0 0 ]

d_7_3=2.974752225253 s=[ 0 0 0 0 - + 1 1 1 0 1 0 1 1 ]

d_7_3=2.974752225253 s=[ 0 0 0 0 - - 0 0 0 1 0 1 0 0 ]

d_7_3=2.976772427273 s=[ 0 0 0 0 - + 1 1 1 0 1 0 1 1 ]

d_7_3=2.976772427273 s=[ 0 0 0 0 - - 0 0 0 1 0 1 0 0 ]

d_7_3=2.978792629293 s=[ 0 0 0 0 - + 1 1 1 0 1 0 1 1 ]

d_7_3=2.978792629293 s=[ 0 0 0 0 - - 0 0 0 1 0 1 0 0 ]

d_7_3=2.980812831313 s=[ 0 0 0 0 - + 1 1 1 0 1 0 1 1 ]

d_7_3=2.980812831313 s=[ 0 0 0 0 - - 0 0 0 1 0 1 0 0 ]

d_7_3=2.982833033333 s=[ 0 0 0 0 - + 1 1 1 0 1 0 1 1 ]

d_7_3=2.982833033333 s=[ 0 0 0 0 - - 0 0 0 1 0 1 0 0 ]

d_7_3=2.984853235354 s=[ 0 0 0 0 - + 1 1 1 0 1 0 1 1 ]

d_7_3=2.984853235354 s=[ 0 0 0 0 - - 0 0 0 1 0 1 0 0 ]

d_7_3=2.986873437374 s=[ 0 0 0 0 - + 1 1 1 0 1 0 1 1 ]

d_7_3=2.986873437374 s=[ 0 0 0 0 - - 0 0 0 1 0 1 0 0 ]

d_7_3=2.988893639394 s=[ 0 0 0 0 - + 1 1 1 0 1 0 1 1 ]

d_7_3=2.988893639394 s=[ 0 0 0 0 - - 0 0 0 1 0 1 0 0 ]

d_7_3=2.990913841414 s=[ 0 0 0 0 - + 1 1 1 0 1 0 1 1 ]

d_7_3=2.990913841414 s=[ 0 0 0 0 - - 0 0 0 1 0 1 0 0 ]

d_7_3=2.992934043434 s=[ 0 0 0 0 - + 1 1 1 0 1 0 1 1 ]

d_7_3=2.992934043434 s=[ 0 0 0 0 - - 0 0 0 1 0 1 0 0 ]

d_7_3=2.994954245455 s=[ 0 0 0 0 - + 1 1 1 0 1 0 1 1 ]

d_7_3=2.994954245455 s=[ 0 0 0 0 - - 0 0 0 1 0 1 0 0 ]

d_7_3=2.996974447475 s=[ 0 0 0 0 - + 1 1 1 0 1 0 1 1 ]

d_7_3=2.996974447475 s=[ 0 0 0 0 - - 0 0 0 1 0 1 0 0 ]

d_7_3=2.998994649495 s=[ 0 0 0 0 - + 1 1 1 0 1 0 1 1 ]

d_7_3=2.998994649495 s=[ 0 0 0 0 - - 0 0 0 1 0 1 0 0 ]

d_7_3=3.001014851515 s=[ 0 0 0 0 - + 1 1 1 0 1 0 1 1 ]

d_7_3=3.001014851515 s=[ 0 0 0 0 - - 0 0 0 1 0 1 0 0 ]

d_7_3=3.003035053535 s=[ 0 0 0 0 - + 1 1 1 0 1 0 1 1 ]

d_7_3=3.003035053535 s=[ 0 0 0 0 - - 0 0 0 1 0 1 0 0 ]

d_7_3=3.005055255556 s=[ 0 0 0 0 - + 1 1 1 0 1 0 1 1 ]

d_7_3=3.005055255556 s=[ 0 0 0 0 - - 0 0 0 1 0 1 0 0 ]

d_7_3=3.007075457576 s=[ 0 0 0 0 - + 1 1 1 0 1 0 1 1 ]

d_7_3=3.007075457576 s=[ 0 0 0 0 - - 0 0 0 1 0 1 0 0 ]

d_7_3=3.009095659596 s=[ 0 0 0 0 - + 1 1 1 0 1 0 1 1 ]

d_7_3=3.009095659596 s=[ 0 0 0 0 - - 0 0 0 1 0 1 0 0 ]

d_7_3=3.011115861616 s=[ 0 0 0 0 - + 1 1 1 0 1 0 1 1 ]

d_7_3=3.011115861616 s=[ 0 0 0 0 - - 0 0 0 1 0 1 0 0 ]

d_7_3=3.013136063636 s=[ 0 0 0 0 - + 1 1 1 0 1 0 1 1 ]

d_7_3=3.013136063636 s=[ 0 0 0 0 - - 0 0 0 1 0 1 0 0 ]

d_7_3=3.015156265657 s=[ 0 0 0 0 - + 1 1 1 0 1 0 1 1 ]

d_7_3=3.015156265657 s=[ 0 0 0 0 - - 0 0 0 1 0 1 0 0 ]

d_7_3=3.017176467677 s=[ 0 0 0 0 - + 1 1 1 0 1 0 1 1 ]

d_7_3=3.017176467677 s=[ 0 0 0 0 - - 0 0 0 1 0 1 0 0 ]

d_7_3=3.019196669697 s=[ 0 0 0 0 - + 1 1 1 0 1 0 1 1 ]

d_7_3=3.019196669697 s=[ 0 0 0 0 - - 0 0 0 1 0 1 0 0 ]

d_7_3=3.021216871717 s=[ 0 0 0 0 - + 1 1 1 0 1 0 1 1 ]

d_7_3=3.021216871717 s=[ 0 0 0 0 - - 0 0 0 1 0 1 0 0 ]

d_7_3=3.023237073737 s=[ 0 0 0 0 - + 1 1 1 0 1 0 1 1 ]

d_7_3=3.023237073737 s=[ 0 0 0 0 - - 0 0 0 1 0 1 0 0 ]

d_7_3=3.025257275758 s=[ 0 0 0 0 - + 1 1 1 0 1 0 1 1 ]

d_7_3=3.025257275758 s=[ 0 0 0 0 - - 0 0 0 1 0 1 0 0 ]

d_7_3=3.027277477778 s=[ 0 0 0 0 - + 1 1 1 0 1 0 1 1 ]

d_7_3=3.027277477778 s=[ 0 0 0 0 - - 0 0 0 1 0 1 0 0 ]

d_7_3=3.029297679798 s=[ 0 0 0 0 - + 1 1 1 0 1 0 1 1 ]

d_7_3=3.029297679798 s=[ 0 0 0 0 - - 0 0 0 1 0 1 0 0 ]

d_7_3=3.031317881818 s=[ 0 0 0 0 - + 1 1 1 0 1 0 1 1 ]

d_7_3=3.031317881818 s=[ 0 0 0 0 - - 0 0 0 1 0 1 0 0 ]

d_7_3=3.033338083838 s=[ 0 0 0 0 - + 1 1 1 0 1 0 1 1 ]

d_7_3=3.033338083838 s=[ 0 0 0 0 - - 0 0 0 1 0 1 0 0 ]

d_7_3=3.035358285859 s=[ 0 0 0 0 - + 1 1 1 0 1 0 1 1 ]

d_7_3=3.035358285859 s=[ 0 0 0 0 - - 0 0 0 1 0 1 0 0 ]

d_7_3=3.037378487879 s=[ 0 0 0 0 - + 1 1 1 0 1 0 1 1 ]

d_7_3=3.037378487879 s=[ 0 0 0 0 - - 0 0 0 1 0 1 0 0 ]

d_7_3=3.039398689899 s=[ 0 0 0 0 - + 1 1 1 0 1 0 1 1 ]

d_7_3=3.039398689899 s=[ 0 0 0 0 - - 0 0 0 1 0 1 0 0 ]

d_7_3=3.041418891919 s=[ 0 0 0 0 - + 1 1 1 0 1 0 1 1 ]

d_7_3=3.041418891919 s=[ 0 0 0 0 - - 0 0 0 1 0 1 0 0 ]

d_7_3=3.043439093939 s=[ 0 0 0 0 - + 1 1 1 0 1 0 1 1 ]

d_7_3=3.043439093939 s=[ 0 0 0 0 - - 0 0 0 1 0 1 0 0 ]

d_7_3=3.045459295960 s=[ 0 0 0 0 - - 0 0 0 1 0 1 0 0 ]

d_7_3=2.849499700000 s=[ 0 0 0 1 + + 1 1 1 0 1 0 1 1 ]

d_7_3=2.849499700000 s=[ 0 0 0 1 + - 0 0 0 1 0 1 0 0 ]

d_7_3=2.851519902020 s=[ 0 0 0 1 + + 1 1 1 0 1 0 1 1 ]

d_7_3=2.851519902020 s=[ 0 0 0 1 + - 0 0 0 1 0 1 0 0 ]

d_7_3=2.853540104040 s=[ 0 0 0 1 + + 1 1 1 0 1 0 1 1 ]

d_7_3=2.853540104040 s=[ 0 0 0 1 + - 0 0 0 1 0 1 0 0 ]

d_7_3=2.855560306061 s=[ 0 0 0 1 + + 1 1 1 0 1 0 1 1 ]

d_7_3=2.855560306061 s=[ 0 0 0 1 + - 0 0 0 1 0 1 0 0 ]

d_7_3=2.857580508081 s=[ 0 0 0 1 + + 1 1 1 0 1 0 1 1 ]

d_7_3=2.857580508081 s=[ 0 0 0 1 + - 0 0 0 1 0 1 0 0 ]

d_7_3=2.859600710101 s=[ 0 0 0 1 + + 1 1 1 0 1 0 1 1 ]

d_7_3=2.859600710101 s=[ 0 0 0 1 + - 0 0 0 1 0 1 0 0 ]

d_7_3=2.861620912121 s=[ 0 0 0 1 + + 1 1 1 0 1 0 1 1 ]

d_7_3=2.861620912121 s=[ 0 0 0 1 + - 0 0 0 1 0 1 0 0 ]

d_7_3=2.863641114141 s=[ 0 0 0 1 + + 1 1 1 0 1 0 1 1 ]

d_7_3=2.863641114141 s=[ 0 0 0 1 + - 0 0 0 1 0 1 0 0 ]

d_7_3=2.865661316162 s=[ 0 0 0 1 + + 1 1 1 0 1 0 1 1 ]

d_7_3=2.865661316162 s=[ 0 0 0 1 + - 0 0 0 1 0 1 0 0 ]

d_7_3=2.867681518182 s=[ 0 0 0 1 + + 1 1 1 0 1 0 1 1 ]

d_7_3=2.867681518182 s=[ 0 0 0 1 + - 0 0 0 1 0 1 0 0 ]

d_7_3=2.869701720202 s=[ 0 0 0 1 + + 1 1 1 0 1 0 1 1 ]

d_7_3=2.869701720202 s=[ 0 0 0 1 + - 0 0 0 1 0 1 0 0 ]

d_7_3=2.871721922222 s=[ 0 0 0 1 + + 1 1 1 0 1 0 1 1 ]

d_7_3=2.871721922222 s=[ 0 0 0 1 + - 0 0 0 1 0 1 0 0 ]

d_7_3=2.873742124242 s=[ 0 0 0 1 + + 1 1 1 0 1 0 1 1 ]

d_7_3=2.873742124242 s=[ 0 0 0 1 + - 0 0 0 1 0 1 0 0 ]

d_7_3=2.875762326263 s=[ 0 0 0 1 + + 1 1 1 0 1 0 1 1 ]

d_7_3=2.875762326263 s=[ 0 0 0 1 + - 0 0 0 1 0 1 0 0 ]

d_7_3=2.877782528283 s=[ 0 0 0 1 + + 1 1 1 0 1 0 1 1 ]

d_7_3=2.877782528283 s=[ 0 0 0 1 + - 0 0 0 1 0 1 0 0 ]

d_7_3=2.879802730303 s=[ 0 0 0 1 + + 1 1 1 0 1 0 1 1 ]

d_7_3=2.879802730303 s=[ 0 0 0 1 + - 0 0 0 1 0 1 0 0 ]

d_7_3=2.881822932323 s=[ 0 0 0 1 + + 1 1 1 0 1 0 1 1 ]

d_7_3=2.881822932323 s=[ 0 0 0 1 + - 0 0 0 1 0 1 0 0 ]

d_7_3=2.883843134343 s=[ 0 0 0 1 + + 1 1 1 0 1 0 1 1 ]

d_7_3=2.883843134343 s=[ 0 0 0 1 + - 0 0 0 1 0 1 0 0 ]

d_7_3=2.885863336364 s=[ 0 0 0 1 + + 1 1 1 0 1 0 1 1 ]

d_7_3=2.885863336364 s=[ 0 0 0 1 + - 0 0 0 1 0 1 0 0 ]

d_7_3=2.887883538384 s=[ 0 0 0 1 + + 1 1 1 0 1 0 1 1 ]

d_7_3=2.887883538384 s=[ 0 0 0 1 + - 0 0 0 1 0 1 0 0 ]

d_7_3=2.889903740404 s=[ 0 0 0 1 + + 1 1 1 0 1 0 1 1 ]

d_7_3=2.889903740404 s=[ 0 0 0 1 + - 0 0 0 1 0 1 0 0 ]

d_7_3=2.891923942424 s=[ 0 0 0 1 + + 1 1 1 0 1 0 1 1 ]

d_7_3=2.891923942424 s=[ 0 0 0 1 + - 0 0 0 1 0 1 0 0 ]

d_7_3=2.893944144444 s=[ 0 0 0 1 + + 1 1 1 0 1 0 1 1 ]

d_7_3=2.893944144444 s=[ 0 0 0 1 + - 0 0 0 1 0 1 0 0 ]

d_7_3=2.895964346465 s=[ 0 0 0 1 + + 1 1 1 0 1 0 1 1 ]

d_7_3=2.895964346465 s=[ 0 0 0 1 + - 0 0 0 1 0 1 0 0 ]

d_7_3=2.897984548485 s=[ 0 0 0 1 + + 1 1 1 0 1 0 1 1 ]

d_7_3=2.897984548485 s=[ 0 0 0 1 + - 0 0 0 1 0 1 0 0 ]

d_7_3=2.900004750505 s=[ 0 0 0 1 + + 1 1 1 0 1 0 1 1 ]

d_7_3=2.900004750505 s=[ 0 0 0 1 + - 0 0 0 1 0 1 0 0 ]

d_7_3=2.902024952525 s=[ 0 0 0 1 + + 1 1 1 0 1 0 1 1 ]

d_7_3=2.902024952525 s=[ 0 0 0 1 + - 0 0 0 1 0 1 0 0 ]

d_7_3=2.904045154545 s=[ 0 0 0 1 + + 1 1 1 0 1 0 1 1 ]

d_7_3=2.904045154545 s=[ 0 0 0 1 + - 0 0 0 1 0 1 0 0 ]

d_7_3=2.906065356566 s=[ 0 0 0 1 + + 1 1 1 0 1 0 1 1 ]

d_7_3=2.906065356566 s=[ 0 0 0 1 + - 0 0 0 1 0 1 0 0 ]

d_7_3=2.908085558586 s=[ 0 0 0 1 + + 1 1 1 0 1 0 1 1 ]

d_7_3=2.908085558586 s=[ 0 0 0 1 + - 0 0 0 1 0 1 0 0 ]

d_7_3=2.910105760606 s=[ 0 0 0 1 + + 1 1 1 0 1 0 1 1 ]

d_7_3=2.910105760606 s=[ 0 0 0 1 + - 0 0 0 1 0 1 0 0 ]

d_7_3=2.912125962626 s=[ 0 0 0 1 + + 1 1 1 0 1 0 1 1 ]

d_7_3=2.912125962626 s=[ 0 0 0 1 + - 0 0 0 1 0 1 0 0 ]

d_7_3=2.914146164646 s=[ 0 0 0 1 + + 1 1 1 0 1 0 1 1 ]

d_7_3=2.914146164646 s=[ 0 0 0 1 + - 0 0 0 1 0 1 0 0 ]

d_7_3=2.916166366667 s=[ 0 0 0 1 + + 1 1 1 0 1 0 1 1 ]

d_7_3=2.916166366667 s=[ 0 0 0 1 + - 0 0 0 1 0 1 0 0 ]

d_7_3=2.918186568687 s=[ 0 0 0 1 + + 1 1 1 0 1 0 1 1 ]

d_7_3=2.918186568687 s=[ 0 0 0 1 + - 0 0 0 1 0 1 0 0 ]

d_7_3=2.920206770707 s=[ 0 0 0 1 + + 1 1 1 0 1 0 1 1 ]

d_7_3=2.920206770707 s=[ 0 0 0 1 + - 0 0 0 1 0 1 0 0 ]

d_7_3=2.922226972727 s=[ 0 0 0 1 + + 1 1 1 0 1 0 1 1 ]

d_7_3=2.922226972727 s=[ 0 0 0 1 + - 0 0 0 1 0 1 0 0 ]

d_7_3=2.924247174747 s=[ 0 0 0 1 + + 1 1 1 0 1 0 1 1 ]

d_7_3=2.924247174747 s=[ 0 0 0 1 + - 0 0 0 1 0 1 0 0 ]

d_7_3=2.926267376768 s=[ 0 0 0 1 + + 1 1 1 0 1 0 1 1 ]

d_7_3=2.926267376768 s=[ 0 0 0 1 + - 0 0 0 1 0 1 0 0 ]

d_7_3=2.928287578788 s=[ 0 0 0 1 + + 1 1 1 0 1 0 1 1 ]

d_7_3=2.928287578788 s=[ 0 0 0 1 + - 0 0 0 1 0 1 0 0 ]

d_7_3=2.930307780808 s=[ 0 0 0 1 + + 1 1 1 0 1 0 1 1 ]

d_7_3=2.930307780808 s=[ 0 0 0 1 + - 0 0 0 1 0 1 0 0 ]

d_7_3=2.932327982828 s=[ 0 0 0 1 + + 1 1 1 0 1 0 1 1 ]

d_7_3=2.932327982828 s=[ 0 0 0 1 + - 0 0 0 1 0 1 0 0 ]

d_7_3=2.934348184848 s=[ 0 0 0 1 + + 1 1 1 0 1 0 1 1 ]

d_7_3=2.934348184848 s=[ 0 0 0 1 + - 0 0 0 1 0 1 0 0 ]

d_7_3=2.936368386869 s=[ 0 0 0 1 + + 1 1 1 0 1 0 1 1 ]

d_7_3=2.936368386869 s=[ 0 0 0 1 + - 0 0 0 1 0 1 0 0 ]

d_7_3=2.938388588889 s=[ 0 0 0 1 + + 1 1 1 0 1 0 1 1 ]

d_7_3=2.938388588889 s=[ 0 0 0 1 + - 0 0 0 1 0 1 0 0 ]

d_7_3=2.940408790909 s=[ 0 0 0 1 + + 1 1 1 0 1 0 1 1 ]

d_7_3=2.940408790909 s=[ 0 0 0 1 + - 0 0 0 1 0 1 0 0 ]

d_7_3=2.942428992929 s=[ 0 0 0 1 + + 1 1 1 0 1 0 1 1 ]

d_7_3=2.942428992929 s=[ 0 0 0 1 + - 0 0 0 1 0 1 0 0 ]

d_7_3=2.944449194949 s=[ 0 0 0 1 + + 1 1 1 0 1 0 1 1 ]

d_7_3=2.944449194949 s=[ 0 0 0 1 + - 0 0 0 1 0 1 0 0 ]

d_7_3=2.946469396970 s=[ 0 0 0 1 + + 1 1 1 0 1 0 1 1 ]

d_7_3=2.946469396970 s=[ 0 0 0 1 + - 0 0 0 1 0 1 0 0 ]

d_7_3=2.948489598990 s=[ 0 0 0 1 + + 1 1 1 0 1 0 1 1 ]

d_7_3=2.948489598990 s=[ 0 0 0 1 + - 0 0 0 1 0 1 0 0 ]

d_7_3=2.950509801010 s=[ 0 0 0 1 + + 1 1 1 0 1 0 1 1 ]

d_7_3=2.950509801010 s=[ 0 0 0 1 + - 0 0 0 1 0 1 0 0 ]

d_7_3=2.952530003030 s=[ 0 0 0 1 + + 1 1 1 0 1 0 1 1 ]

d_7_3=2.952530003030 s=[ 0 0 0 1 + - 0 0 0 1 0 1 0 0 ]

d_7_3=2.954550205051 s=[ 0 0 0 1 + + 1 1 1 0 1 0 1 1 ]

d_7_3=2.954550205051 s=[ 0 0 0 1 + - 0 0 0 1 0 1 0 0 ]

d_7_3=2.956570407071 s=[ 0 0 0 1 + + 1 1 1 0 1 0 1 1 ]

d_7_3=2.956570407071 s=[ 0 0 0 1 + - 0 0 0 1 0 1 0 0 ]

d_7_3=2.958590609091 s=[ 0 0 0 1 + + 1 1 1 0 1 0 1 1 ]

d_7_3=2.958590609091 s=[ 0 0 0 1 + - 0 0 0 1 0 1 0 0 ]

d_7_3=2.960610811111 s=[ 0 0 0 1 + + 1 1 1 0 1 0 1 1 ]

d_7_3=2.960610811111 s=[ 0 0 0 1 + - 0 0 0 1 0 1 0 0 ]

d_7_3=2.962631013131 s=[ 0 0 0 1 + + 1 1 1 0 1 0 1 1 ]

d_7_3=2.962631013131 s=[ 0 0 0 1 + - 0 0 0 1 0 1 0 0 ]

d_7_3=2.964651215152 s=[ 0 0 0 1 + + 1 1 1 0 1 0 1 1 ]

d_7_3=2.964651215152 s=[ 0 0 0 1 + - 0 0 0 1 0 1 0 0 ]

d_7_3=2.966671417172 s=[ 0 0 0 1 + + 1 1 1 0 1 0 1 1 ]

d_7_3=2.966671417172 s=[ 0 0 0 1 + - 0 0 0 1 0 1 0 0 ]

d_7_3=2.968691619192 s=[ 0 0 0 1 + + 1 1 1 0 1 0 1 1 ]

d_7_3=2.968691619192 s=[ 0 0 0 1 + - 0 0 0 1 0 1 0 0 ]

d_7_3=2.970711821212 s=[ 0 0 0 1 + + 1 1 1 0 1 0 1 1 ]

d_7_3=2.970711821212 s=[ 0 0 0 1 + - 0 0 0 1 0 1 0 0 ]

d_7_3=2.972732023232 s=[ 0 0 0 1 + + 1 1 1 0 1 0 1 1 ]

d_7_3=2.972732023232 s=[ 0 0 0 1 + - 0 0 0 1 0 1 0 0 ]

d_7_3=2.974752225253 s=[ 0 0 0 1 + + 1 1 1 0 1 0 1 1 ]

d_7_3=2.974752225253 s=[ 0 0 0 1 + - 0 0 0 1 0 1 0 0 ]

d_7_3=2.976772427273 s=[ 0 0 0 1 + + 1 1 1 0 1 0 1 1 ]

d_7_3=2.976772427273 s=[ 0 0 0 1 + - 0 0 0 1 0 1 0 0 ]

d_7_3=2.978792629293 s=[ 0 0 0 1 + + 1 1 1 0 1 0 1 1 ]

d_7_3=2.978792629293 s=[ 0 0 0 1 + - 0 0 0 1 0 1 0 0 ]

d_7_3=2.980812831313 s=[ 0 0 0 1 + + 1 1 1 0 1 0 1 1 ]

d_7_3=2.980812831313 s=[ 0 0 0 1 + - 0 0 0 1 0 1 0 0 ]

d_7_3=2.982833033333 s=[ 0 0 0 1 + + 1 1 1 0 1 0 1 1 ]

d_7_3=2.982833033333 s=[ 0 0 0 1 + - 0 0 0 1 0 1 0 0 ]

d_7_3=2.984853235354 s=[ 0 0 0 1 + + 1 1 1 0 1 0 1 1 ]

d_7_3=2.984853235354 s=[ 0 0 0 1 + - 0 0 0 1 0 1 0 0 ]

d_7_3=2.986873437374 s=[ 0 0 0 1 + + 1 1 1 0 1 0 1 1 ]

d_7_3=2.986873437374 s=[ 0 0 0 1 + - 0 0 0 1 0 1 0 0 ]

d_7_3=2.988893639394 s=[ 0 0 0 1 + + 1 1 1 0 1 0 1 1 ]

d_7_3=2.988893639394 s=[ 0 0 0 1 + - 0 0 0 1 0 1 0 0 ]

d_7_3=2.990913841414 s=[ 0 0 0 1 + + 1 1 1 0 1 0 1 1 ]

d_7_3=2.990913841414 s=[ 0 0 0 1 + - 0 0 0 1 0 1 0 0 ]

d_7_3=2.992934043434 s=[ 0 0 0 1 + + 1 1 1 0 1 0 1 1 ]

d_7_3=2.992934043434 s=[ 0 0 0 1 + - 0 0 0 1 0 1 0 0 ]

d_7_3=2.994954245455 s=[ 0 0 0 1 + + 1 1 1 0 1 0 1 1 ]

d_7_3=2.994954245455 s=[ 0 0 0 1 + - 0 0 0 1 0 1 0 0 ]

d_7_3=2.996974447475 s=[ 0 0 0 1 + + 1 1 1 0 1 0 1 1 ]

d_7_3=2.996974447475 s=[ 0 0 0 1 + - 0 0 0 1 0 1 0 0 ]

d_7_3=2.998994649495 s=[ 0 0 0 1 + + 1 1 1 0 1 0 1 1 ]

d_7_3=2.998994649495 s=[ 0 0 0 1 + - 0 0 0 1 0 1 0 0 ]

d_7_3=3.001014851515 s=[ 0 0 0 1 + + 1 1 1 0 1 0 1 1 ]

d_7_3=3.001014851515 s=[ 0 0 0 1 + - 0 0 0 1 0 1 0 0 ]

d_7_3=3.003035053535 s=[ 0 0 0 1 + + 1 1 1 0 1 0 1 1 ]

d_7_3=3.003035053535 s=[ 0 0 0 1 + - 0 0 0 1 0 1 0 0 ]

d_7_3=3.005055255556 s=[ 0 0 0 1 + + 1 1 1 0 1 0 1 1 ]

d_7_3=3.005055255556 s=[ 0 0 0 1 + - 0 0 0 1 0 1 0 0 ]

d_7_3=3.007075457576 s=[ 0 0 0 1 + + 1 1 1 0 1 0 1 1 ]

d_7_3=3.007075457576 s=[ 0 0 0 1 + - 0 0 0 1 0 1 0 0 ]

d_7_3=3.009095659596 s=[ 0 0 0 1 + + 1 1 1 0 1 0 1 1 ]

d_7_3=3.009095659596 s=[ 0 0 0 1 + - 0 0 0 1 0 1 0 0 ]

d_7_3=3.011115861616 s=[ 0 0 0 1 + + 1 1 1 0 1 0 1 1 ]

d_7_3=3.011115861616 s=[ 0 0 0 1 + - 0 0 0 1 0 1 0 0 ]

d_7_3=3.013136063636 s=[ 0 0 0 1 + + 1 1 1 0 1 0 1 1 ]

d_7_3=3.013136063636 s=[ 0 0 0 1 + - 0 0 0 1 0 1 0 0 ]

d_7_3=3.015156265657 s=[ 0 0 0 1 + + 1 1 1 0 1 0 1 1 ]

d_7_3=3.015156265657 s=[ 0 0 0 1 + - 0 0 0 1 0 1 0 0 ]

d_7_3=3.017176467677 s=[ 0 0 0 1 + + 1 1 1 0 1 0 1 1 ]

d_7_3=3.017176467677 s=[ 0 0 0 1 + - 0 0 0 1 0 1 0 0 ]

d_7_3=3.019196669697 s=[ 0 0 0 1 + + 1 1 1 0 1 0 1 1 ]

d_7_3=3.019196669697 s=[ 0 0 0 1 + - 0 0 0 1 0 1 0 0 ]

d_7_3=3.021216871717 s=[ 0 0 0 1 + + 1 1 1 0 1 0 1 1 ]

d_7_3=3.021216871717 s=[ 0 0 0 1 + - 0 0 0 1 0 1 0 0 ]

d_7_3=3.023237073737 s=[ 0 0 0 1 + + 1 1 1 0 1 0 1 1 ]

d_7_3=3.023237073737 s=[ 0 0 0 1 + - 0 0 0 1 0 1 0 0 ]

d_7_3=3.025257275758 s=[ 0 0 0 1 + + 1 1 1 0 1 0 1 1 ]

d_7_3=3.025257275758 s=[ 0 0 0 1 + - 0 0 0 1 0 1 0 0 ]

d_7_3=3.027277477778 s=[ 0 0 0 1 + + 1 1 1 0 1 0 1 1 ]

d_7_3=3.027277477778 s=[ 0 0 0 1 + - 0 0 0 1 0 1 0 0 ]

d_7_3=3.029297679798 s=[ 0 0 0 1 + + 1 1 1 0 1 0 1 1 ]

d_7_3=3.029297679798 s=[ 0 0 0 1 + - 0 0 0 1 0 1 0 0 ]

d_7_3=3.031317881818 s=[ 0 0 0 1 + + 1 1 1 0 1 0 1 1 ]

d_7_3=3.031317881818 s=[ 0 0 0 1 + - 0 0 0 1 0 1 0 0 ]

d_7_3=3.033338083838 s=[ 0 0 0 1 + + 1 1 1 0 1 0 1 1 ]

d_7_3=3.033338083838 s=[ 0 0 0 1 + - 0 0 0 1 0 1 0 0 ]

d_7_3=3.035358285859 s=[ 0 0 0 1 + + 1 1 1 0 1 0 1 1 ]

d_7_3=3.035358285859 s=[ 0 0 0 1 + - 0 0 0 1 0 1 0 0 ]

d_7_3=3.037378487879 s=[ 0 0 0 1 + + 1 1 1 0 1 0 1 1 ]

d_7_3=3.037378487879 s=[ 0 0 0 1 + - 0 0 0 1 0 1 0 0 ]

d_7_3=3.039398689899 s=[ 0 0 0 1 + + 1 1 1 0 1 0 1 1 ]

d_7_3=3.039398689899 s=[ 0 0 0 1 + - 0 0 0 1 0 1 0 0 ]

d_7_3=3.041418891919 s=[ 0 0 0 1 + + 1 1 1 0 1 0 1 1 ]

d_7_3=3.041418891919 s=[ 0 0 0 1 + - 0 0 0 1 0 1 0 0 ]

d_7_3=3.043439093939 s=[ 0 0 0 1 + + 1 1 1 0 1 0 1 1 ]

d_7_3=3.043439093939 s=[ 0 0 0 1 + - 0 0 0 1 0 1 0 0 ]

d_7_3=3.045459295960 s=[ 0 0 0 1 + + 1 1 1 0 1 0 1 1 ]

d_7_3=2.849499700000 s=[ 0 0 0 1 - + 1 1 1 0 1 0 1 1 ]

d_7_3=2.849499700000 s=[ 0 0 0 1 - - 0 0 0 1 0 1 0 0 ]

d_7_3=2.851519902020 s=[ 0 0 0 1 - + 1 1 1 0 1 0 1 1 ]

d_7_3=2.851519902020 s=[ 0 0 0 1 - - 0 0 0 1 0 1 0 0 ]

d_7_3=2.853540104040 s=[ 0 0 0 1 - + 1 1 1 0 1 0 1 1 ]

d_7_3=2.853540104040 s=[ 0 0 0 1 - - 0 0 0 1 0 1 0 0 ]

d_7_3=2.855560306061 s=[ 0 0 0 1 - + 1 1 1 0 1 0 1 1 ]

d_7_3=2.855560306061 s=[ 0 0 0 1 - - 0 0 0 1 0 1 0 0 ]

d_7_3=2.857580508081 s=[ 0 0 0 1 - + 1 1 1 0 1 0 1 1 ]

d_7_3=2.857580508081 s=[ 0 0 0 1 - - 0 0 0 1 0 1 0 0 ]

d_7_3=2.859600710101 s=[ 0 0 0 1 - + 1 1 1 0 1 0 1 1 ]

d_7_3=2.859600710101 s=[ 0 0 0 1 - - 0 0 0 1 0 1 0 0 ]

d_7_3=2.861620912121 s=[ 0 0 0 1 - + 1 1 1 0 1 0 1 1 ]

d_7_3=2.861620912121 s=[ 0 0 0 1 - - 0 0 0 1 0 1 0 0 ]

d_7_3=2.863641114141 s=[ 0 0 0 1 - + 1 1 1 0 1 0 1 1 ]

d_7_3=2.863641114141 s=[ 0 0 0 1 - - 0 0 0 1 0 1 0 0 ]

d_7_3=2.865661316162 s=[ 0 0 0 1 - + 1 1 1 0 1 0 1 1 ]

d_7_3=2.865661316162 s=[ 0 0 0 1 - - 0 0 0 1 0 1 0 0 ]

d_7_3=2.867681518182 s=[ 0 0 0 1 - + 1 1 1 0 1 0 1 1 ]

d_7_3=2.867681518182 s=[ 0 0 0 1 - - 0 0 0 1 0 1 0 0 ]

d_7_3=2.869701720202 s=[ 0 0 0 1 - + 1 1 1 0 1 0 1 1 ]

d_7_3=2.869701720202 s=[ 0 0 0 1 - - 0 0 0 1 0 1 0 0 ]

d_7_3=2.871721922222 s=[ 0 0 0 1 - + 1 1 1 0 1 0 1 1 ]

d_7_3=2.871721922222 s=[ 0 0 0 1 - - 0 0 0 1 0 1 0 0 ]

d_7_3=2.873742124242 s=[ 0 0 0 1 - + 1 1 1 0 1 0 1 1 ]

d_7_3=2.873742124242 s=[ 0 0 0 1 - - 0 0 0 1 0 1 0 0 ]

d_7_3=2.875762326263 s=[ 0 0 0 1 - + 1 1 1 0 1 0 1 1 ]

d_7_3=2.875762326263 s=[ 0 0 0 1 - - 0 0 0 1 0 1 0 0 ]

d_7_3=2.877782528283 s=[ 0 0 0 1 - + 1 1 1 0 1 0 1 1 ]

d_7_3=2.877782528283 s=[ 0 0 0 1 - - 0 0 0 1 0 1 0 0 ]

d_7_3=2.879802730303 s=[ 0 0 0 1 - + 1 1 1 0 1 0 1 1 ]

d_7_3=2.879802730303 s=[ 0 0 0 1 - - 0 0 0 1 0 1 0 0 ]

d_7_3=2.881822932323 s=[ 0 0 0 1 - + 1 1 1 0 1 0 1 1 ]

d_7_3=2.881822932323 s=[ 0 0 0 1 - - 0 0 0 1 0 1 0 0 ]

d_7_3=2.883843134343 s=[ 0 0 0 1 - + 1 1 1 0 1 0 1 1 ]

d_7_3=2.883843134343 s=[ 0 0 0 1 - - 0 0 0 1 0 1 0 0 ]

d_7_3=2.885863336364 s=[ 0 0 0 1 - + 1 1 1 0 1 0 1 1 ]

d_7_3=2.885863336364 s=[ 0 0 0 1 - - 0 0 0 1 0 1 0 0 ]

d_7_3=2.887883538384 s=[ 0 0 0 1 - + 1 1 1 0 1 0 1 1 ]

d_7_3=2.887883538384 s=[ 0 0 0 1 - - 0 0 0 1 0 1 0 0 ]

d_7_3=2.889903740404 s=[ 0 0 0 1 - + 1 1 1 0 1 0 1 1 ]

d_7_3=2.889903740404 s=[ 0 0 0 1 - - 0 0 0 1 0 1 0 0 ]

d_7_3=2.891923942424 s=[ 0 0 0 1 - + 1 1 1 0 1 0 1 1 ]

d_7_3=2.891923942424 s=[ 0 0 0 1 - - 0 0 0 1 0 1 0 0 ]

d_7_3=2.893944144444 s=[ 0 0 0 1 - + 1 1 1 0 1 0 1 1 ]

d_7_3=2.893944144444 s=[ 0 0 0 1 - - 0 0 0 1 0 1 0 0 ]

d_7_3=2.895964346465 s=[ 0 0 0 1 - + 1 1 1 0 1 0 1 1 ]

d_7_3=2.895964346465 s=[ 0 0 0 1 - - 0 0 0 1 0 1 0 0 ]

d_7_3=2.897984548485 s=[ 0 0 0 1 - + 1 1 1 0 1 0 1 1 ]

d_7_3=2.897984548485 s=[ 0 0 0 1 - - 0 0 0 1 0 1 0 0 ]

d_7_3=2.900004750505 s=[ 0 0 0 1 - + 1 1 1 0 1 0 1 1 ]

d_7_3=2.900004750505 s=[ 0 0 0 1 - - 0 0 0 1 0 1 0 0 ]

d_7_3=2.902024952525 s=[ 0 0 0 1 - + 1 1 1 0 1 0 1 1 ]

d_7_3=2.902024952525 s=[ 0 0 0 1 - - 0 0 0 1 0 1 0 0 ]

d_7_3=2.904045154545 s=[ 0 0 0 1 - + 1 1 1 0 1 0 1 1 ]

d_7_3=2.904045154545 s=[ 0 0 0 1 - - 0 0 0 1 0 1 0 0 ]

d_7_3=2.906065356566 s=[ 0 0 0 1 - + 1 1 1 0 1 0 1 1 ]

d_7_3=2.906065356566 s=[ 0 0 0 1 - - 0 0 0 1 0 1 0 0 ]

d_7_3=2.908085558586 s=[ 0 0 0 1 - + 1 1 1 0 1 0 1 1 ]

d_7_3=2.908085558586 s=[ 0 0 0 1 - - 0 0 0 1 0 1 0 0 ]

d_7_3=2.910105760606 s=[ 0 0 0 1 - + 1 1 1 0 1 0 1 1 ]

d_7_3=2.910105760606 s=[ 0 0 0 1 - - 0 0 0 1 0 1 0 0 ]

d_7_3=2.912125962626 s=[ 0 0 0 1 - + 1 1 1 0 1 0 1 1 ]

d_7_3=2.912125962626 s=[ 0 0 0 1 - - 0 0 0 1 0 1 0 0 ]

d_7_3=2.914146164646 s=[ 0 0 0 1 - + 1 1 1 0 1 0 1 1 ]

d_7_3=2.914146164646 s=[ 0 0 0 1 - - 0 0 0 1 0 1 0 0 ]

d_7_3=2.916166366667 s=[ 0 0 0 1 - + 1 1 1 0 1 0 1 1 ]

d_7_3=2.916166366667 s=[ 0 0 0 1 - - 0 0 0 1 0 1 0 0 ]

d_7_3=2.918186568687 s=[ 0 0 0 1 - + 1 1 1 0 1 0 1 1 ]

d_7_3=2.918186568687 s=[ 0 0 0 1 - - 0 0 0 1 0 1 0 0 ]

d_7_3=2.920206770707 s=[ 0 0 0 1 - + 1 1 1 0 1 0 1 1 ]

d_7_3=2.920206770707 s=[ 0 0 0 1 - - 0 0 0 1 0 1 0 0 ]

d_7_3=2.922226972727 s=[ 0 0 0 1 - + 1 1 1 0 1 0 1 1 ]

d_7_3=2.922226972727 s=[ 0 0 0 1 - - 0 0 0 1 0 1 0 0 ]

d_7_3=2.924247174747 s=[ 0 0 0 1 - + 1 1 1 0 1 0 1 1 ]

d_7_3=2.924247174747 s=[ 0 0 0 1 - - 0 0 0 1 0 1 0 0 ]

d_7_3=2.926267376768 s=[ 0 0 0 1 - + 1 1 1 0 1 0 1 1 ]

d_7_3=2.926267376768 s=[ 0 0 0 1 - - 0 0 0 1 0 1 0 0 ]

d_7_3=2.928287578788 s=[ 0 0 0 1 - + 1 1 1 0 1 0 1 1 ]

d_7_3=2.928287578788 s=[ 0 0 0 1 - - 0 0 0 1 0 1 0 0 ]

d_7_3=2.930307780808 s=[ 0 0 0 1 - + 1 1 1 0 1 0 1 1 ]

d_7_3=2.930307780808 s=[ 0 0 0 1 - - 0 0 0 1 0 1 0 0 ]

d_7_3=2.932327982828 s=[ 0 0 0 1 - + 1 1 1 0 1 0 1 1 ]

d_7_3=2.932327982828 s=[ 0 0 0 1 - - 0 0 0 1 0 1 0 0 ]

d_7_3=2.934348184848 s=[ 0 0 0 1 - + 1 1 1 0 1 0 1 1 ]

d_7_3=2.934348184848 s=[ 0 0 0 1 - - 0 0 0 1 0 1 0 0 ]

d_7_3=2.936368386869 s=[ 0 0 0 1 - + 1 1 1 0 1 0 1 1 ]

d_7_3=2.936368386869 s=[ 0 0 0 1 - - 0 0 0 1 0 1 0 0 ]

d_7_3=2.938388588889 s=[ 0 0 0 1 - + 1 1 1 0 1 0 1 1 ]

d_7_3=2.938388588889 s=[ 0 0 0 1 - - 0 0 0 1 0 1 0 0 ]

d_7_3=2.940408790909 s=[ 0 0 0 1 - + 1 1 1 0 1 0 1 1 ]

d_7_3=2.940408790909 s=[ 0 0 0 1 - - 0 0 0 1 0 1 0 0 ]

d_7_3=2.942428992929 s=[ 0 0 0 1 - + 1 1 1 0 1 0 1 1 ]

d_7_3=2.942428992929 s=[ 0 0 0 1 - - 0 0 0 1 0 1 0 0 ]

d_7_3=2.944449194949 s=[ 0 0 0 1 - + 1 1 1 0 1 0 1 1 ]

d_7_3=2.944449194949 s=[ 0 0 0 1 - - 0 0 0 1 0 1 0 0 ]

d_7_3=2.946469396970 s=[ 0 0 0 1 - + 1 1 1 0 1 0 1 1 ]

d_7_3=2.946469396970 s=[ 0 0 0 1 - - 0 0 0 1 0 1 0 0 ]

d_7_3=2.948489598990 s=[ 0 0 0 1 - + 1 1 1 0 1 0 1 1 ]

d_7_3=2.948489598990 s=[ 0 0 0 1 - - 0 0 0 1 0 1 0 0 ]

d_7_3=2.950509801010 s=[ 0 0 0 1 - + 1 1 1 0 1 0 1 1 ]

d_7_3=2.950509801010 s=[ 0 0 0 1 - - 0 0 0 1 0 1 0 0 ]

d_7_3=2.952530003030 s=[ 0 0 0 1 - + 1 1 1 0 1 0 1 1 ]

d_7_3=2.952530003030 s=[ 0 0 0 1 - - 0 0 0 1 0 1 0 0 ]

d_7_3=2.954550205051 s=[ 0 0 0 1 - + 1 1 1 0 1 0 1 1 ]

d_7_3=2.954550205051 s=[ 0 0 0 1 - - 0 0 0 1 0 1 0 0 ]

d_7_3=2.956570407071 s=[ 0 0 0 1 - + 1 1 1 0 1 0 1 1 ]

d_7_3=2.956570407071 s=[ 0 0 0 1 - - 0 0 0 1 0 1 0 0 ]

d_7_3=2.958590609091 s=[ 0 0 0 1 - + 1 1 1 0 1 0 1 1 ]

d_7_3=2.958590609091 s=[ 0 0 0 1 - - 0 0 0 1 0 1 0 0 ]

d_7_3=2.960610811111 s=[ 0 0 0 1 - + 1 1 1 0 1 0 1 1 ]

d_7_3=2.960610811111 s=[ 0 0 0 1 - - 0 0 0 1 0 1 0 0 ]

d_7_3=2.962631013131 s=[ 0 0 0 1 - + 1 1 1 0 1 0 1 1 ]

d_7_3=2.962631013131 s=[ 0 0 0 1 - - 0 0 0 1 0 1 0 0 ]

d_7_3=2.964651215152 s=[ 0 0 0 1 - + 1 1 1 0 1 0 1 1 ]

d_7_3=2.964651215152 s=[ 0 0 0 1 - - 0 0 0 1 0 1 0 0 ]

d_7_3=2.966671417172 s=[ 0 0 0 1 - + 1 1 1 0 1 0 1 1 ]

d_7_3=2.966671417172 s=[ 0 0 0 1 - - 0 0 0 1 0 1 0 0 ]

d_7_3=2.968691619192 s=[ 0 0 0 1 - + 1 1 1 0 1 0 1 1 ]

d_7_3=2.968691619192 s=[ 0 0 0 1 - - 0 0 0 1 0 1 0 0 ]

d_7_3=2.970711821212 s=[ 0 0 0 1 - + 1 1 1 0 1 0 1 1 ]

d_7_3=2.970711821212 s=[ 0 0 0 1 - - 0 0 0 1 0 1 0 0 ]

d_7_3=2.972732023232 s=[ 0 0 0 1 - + 1 1 1 0 1 0 1 1 ]

d_7_3=2.972732023232 s=[ 0 0 0 1 - - 0 0 0 1 0 1 0 0 ]

d_7_3=2.974752225253 s=[ 0 0 0 1 - + 1 1 1 0 1 0 1 1 ]

d_7_3=2.974752225253 s=[ 0 0 0 1 - - 0 0 0 1 0 1 0 0 ]

d_7_3=2.976772427273 s=[ 0 0 0 1 - + 1 1 1 0 1 0 1 1 ]

d_7_3=2.976772427273 s=[ 0 0 0 1 - - 0 0 0 1 0 1 0 0 ]

d_7_3=2.978792629293 s=[ 0 0 0 1 - + 1 1 1 0 1 0 1 1 ]

d_7_3=2.978792629293 s=[ 0 0 0 1 - - 0 0 0 1 0 1 0 0 ]

d_7_3=2.980812831313 s=[ 0 0 0 1 - + 1 1 1 0 1 0 1 1 ]

d_7_3=2.980812831313 s=[ 0 0 0 1 - - 0 0 0 1 0 1 0 0 ]

d_7_3=2.982833033333 s=[ 0 0 0 1 - + 1 1 1 0 1 0 1 1 ]

d_7_3=2.982833033333 s=[ 0 0 0 1 - - 0 0 0 1 0 1 0 0 ]

d_7_3=2.984853235354 s=[ 0 0 0 1 - + 1 1 1 0 1 0 1 1 ]

d_7_3=2.984853235354 s=[ 0 0 0 1 - - 0 0 0 1 0 1 0 0 ]

d_7_3=2.986873437374 s=[ 0 0 0 1 - + 1 1 1 0 1 0 1 1 ]

d_7_3=2.986873437374 s=[ 0 0 0 1 - - 0 0 0 1 0 1 0 0 ]

d_7_3=2.988893639394 s=[ 0 0 0 1 - + 1 1 1 0 1 0 1 1 ]

d_7_3=2.988893639394 s=[ 0 0 0 1 - - 0 0 0 1 0 1 0 0 ]

d_7_3=2.990913841414 s=[ 0 0 0 1 - + 1 1 1 0 1 0 1 1 ]

d_7_3=2.990913841414 s=[ 0 0 0 1 - - 0 0 0 1 0 1 0 0 ]

d_7_3=2.992934043434 s=[ 0 0 0 1 - + 1 1 1 0 1 0 1 1 ]

d_7_3=2.992934043434 s=[ 0 0 0 1 - - 0 0 0 1 0 1 0 0 ]

d_7_3=2.994954245455 s=[ 0 0 0 1 - + 1 1 1 0 1 0 1 1 ]

d_7_3=2.994954245455 s=[ 0 0 0 1 - - 0 0 0 1 0 1 0 0 ]

d_7_3=2.996974447475 s=[ 0 0 0 1 - + 1 1 1 0 1 0 1 1 ]

d_7_3=2.996974447475 s=[ 0 0 0 1 - - 0 0 0 1 0 1 0 0 ]

d_7_3=2.998994649495 s=[ 0 0 0 1 - + 1 1 1 0 1 0 1 1 ]

d_7_3=2.998994649495 s=[ 0 0 0 1 - - 0 0 0 1 0 1 0 0 ]

d_7_3=3.001014851515 s=[ 0 0 0 1 - + 1 1 1 0 1 0 1 1 ]

d_7_3=3.001014851515 s=[ 0 0 0 1 - - 0 0 0 1 0 1 0 0 ]

d_7_3=3.003035053535 s=[ 0 0 0 1 - + 1 1 1 0 1 0 1 1 ]

d_7_3=3.003035053535 s=[ 0 0 0 1 - - 0 0 0 1 0 1 0 0 ]

d_7_3=3.005055255556 s=[ 0 0 0 1 - + 1 1 1 0 1 0 1 1 ]

d_7_3=3.005055255556 s=[ 0 0 0 1 - - 0 0 0 1 0 1 0 0 ]

d_7_3=3.007075457576 s=[ 0 0 0 1 - + 1 1 1 0 1 0 1 1 ]

d_7_3=3.007075457576 s=[ 0 0 0 1 - - 0 0 0 1 0 1 0 0 ]

d_7_3=3.009095659596 s=[ 0 0 0 1 - + 1 1 1 0 1 0 1 1 ]

d_7_3=3.009095659596 s=[ 0 0 0 1 - - 0 0 0 1 0 1 0 0 ]

d_7_3=3.011115861616 s=[ 0 0 0 1 - + 1 1 1 0 1 0 1 1 ]

d_7_3=3.011115861616 s=[ 0 0 0 1 - - 0 0 0 1 0 1 0 0 ]

d_7_3=3.013136063636 s=[ 0 0 0 1 - + 1 1 1 0 1 0 1 1 ]

d_7_3=3.013136063636 s=[ 0 0 0 1 - - 0 0 0 1 0 1 0 0 ]

d_7_3=3.015156265657 s=[ 0 0 0 1 - + 1 1 1 0 1 0 1 1 ]

d_7_3=3.015156265657 s=[ 0 0 0 1 - - 0 0 0 1 0 1 0 0 ]

d_7_3=3.017176467677 s=[ 0 0 0 1 - + 1 1 1 0 1 0 1 1 ]

d_7_3=3.017176467677 s=[ 0 0 0 1 - - 0 0 0 1 0 1 0 0 ]

d_7_3=3.019196669697 s=[ 0 0 0 1 - + 1 1 1 0 1 0 1 1 ]

d_7_3=3.019196669697 s=[ 0 0 0 1 - - 0 0 0 1 0 1 0 0 ]

d_7_3=3.021216871717 s=[ 0 0 0 1 - + 1 1 1 0 1 0 1 1 ]

d_7_3=3.021216871717 s=[ 0 0 0 1 - - 0 0 0 1 0 1 0 0 ]

d_7_3=3.023237073737 s=[ 0 0 0 1 - + 1 1 1 0 1 0 1 1 ]

d_7_3=3.023237073737 s=[ 0 0 0 1 - - 0 0 0 1 0 1 0 0 ]

d_7_3=3.025257275758 s=[ 0 0 0 1 - + 1 1 1 0 1 0 1 1 ]

d_7_3=3.025257275758 s=[ 0 0 0 1 - - 0 0 0 1 0 1 0 0 ]

d_7_3=3.027277477778 s=[ 0 0 0 1 - + 1 1 1 0 1 0 1 1 ]

d_7_3=3.027277477778 s=[ 0 0 0 1 - - 0 0 0 1 0 1 0 0 ]

d_7_3=3.029297679798 s=[ 0 0 0 1 - + 1 1 1 0 1 0 1 1 ]

d_7_3=3.029297679798 s=[ 0 0 0 1 - - 0 0 0 1 0 1 0 0 ]

d_7_3=3.031317881818 s=[ 0 0 0 1 - + 1 1 1 0 1 0 1 1 ]

d_7_3=3.031317881818 s=[ 0 0 0 1 - - 0 0 0 1 0 1 0 0 ]

d_7_3=3.033338083838 s=[ 0 0 0 1 - + 1 1 1 0 1 0 1 1 ]

d_7_3=3.033338083838 s=[ 0 0 0 1 - - 0 0 0 1 0 1 0 0 ]

d_7_3=3.035358285859 s=[ 0 0 0 1 - + 1 1 1 0 1 0 1 1 ]

d_7_3=3.035358285859 s=[ 0 0 0 1 - - 0 0 0 1 0 1 0 0 ]

d_7_3=3.037378487879 s=[ 0 0 0 1 - + 1 1 1 0 1 0 1 1 ]

d_7_3=3.037378487879 s=[ 0 0 0 1 - - 0 0 0 1 0 1 0 0 ]

d_7_3=3.039398689899 s=[ 0 0 0 1 - + 1 1 1 0 1 0 1 1 ]

d_7_3=3.039398689899 s=[ 0 0 0 1 - - 0 0 0 1 0 1 0 0 ]

d_7_3=3.041418891919 s=[ 0 0 0 1 - + 1 1 1 0 1 0 1 1 ]

d_7_3=3.041418891919 s=[ 0 0 0 1 - - 0 0 0 1 0 1 0 0 ]

d_7_3=3.043439093939 s=[ 0 0 0 1 - + 1 1 1 0 1 0 1 1 ]

d_7_3=3.045459295960 s=[ 0 0 0 1 - + 1 1 1 0 1 0 1 1 ]

