order:    [ 5 1 2 4 7 3 0 9 10 13 12 11 8 6 ]
atoms:    [ CA CA C N H HA N CA C C CA N N C ]
residues: [ 1 0 0 1 1 0 0 2 2 3 3 3 2 1 ]

We use a different pair of symbles to represent the bits values which are associated with the HA and H of the discretized distance, and another one to represent the bits of other hydrogens.
For the HA and H from the discretized distance:
	"+" means 0
	"-" means 1
For any other hydrogens:
	">" means 0
	"<" means 1

d_7_3=2.849499700000 s=[ 0 0 0 0 + + 1 1 1 0 1 0 1 1 ] xyz0=( 6.549260, -20.906574, 37.120129 )

d_7_3=2.849499700000 s=[ 0 0 0 0 + - 0 0 0 1 0 1 0 0 ] xyz0=( 5.956086, -19.661881, 37.324922 )

d_7_3=2.871721922222 s=[ 0 0 0 0 + + 1 1 1 0 1 0 1 1 ] xyz0=( 6.535806, -20.874232, 37.105031 )

d_7_3=2.871721922222 s=[ 0 0 0 0 + - 0 0 0 1 0 1 0 0 ] xyz0=( 5.970195, -19.687377, 37.300308 )

d_7_3=2.893944144444 s=[ 0 0 0 0 + + 1 1 1 0 1 0 1 1 ] xyz0=( 6.522032, -20.841402, 37.090917 )

d_7_3=2.893944144444 s=[ 0 0 0 0 + - 0 0 0 1 0 1 0 0 ] xyz0=( 5.984594, -19.713665, 37.276467 )

d_7_3=2.916166366667 s=[ 0 0 0 0 + + 1 1 1 0 1 0 1 1 ] xyz0=( 6.507935, -20.808080, 37.077801 )

d_7_3=2.916166366667 s=[ 0 0 0 0 + - 0 0 0 1 0 1 0 0 ] xyz0=( 5.999286, -19.740752, 37.253412 )

d_7_3=2.938388588889 s=[ 0 0 0 0 + + 1 1 1 0 1 0 1 1 ] xyz0=( 6.493512, -20.774262, 37.065702 )

d_7_3=2.938388588889 s=[ 0 0 0 0 + - 0 0 0 1 0 1 0 0 ] xyz0=( 6.014274, -19.768648, 37.231159 )

d_7_3=2.960610811111 s=[ 0 0 0 0 + + 1 1 1 0 1 0 1 1 ] xyz0=( 6.478760, -20.739943, 37.054638 )

d_7_3=2.960610811111 s=[ 0 0 0 0 + - 0 0 0 1 0 1 0 0 ] xyz0=( 6.029562, -19.797364, 37.209724 )

d_7_3=2.982833033333 s=[ 0 0 0 0 + + 1 1 1 0 1 0 1 1 ] xyz0=( 6.463673, -20.705120, 37.044636 )

d_7_3=2.982833033333 s=[ 0 0 0 0 + - 0 0 0 1 0 1 0 0 ] xyz0=( 6.045153, -19.826913, 37.189130 )

d_7_3=3.005055255556 s=[ 0 0 0 0 + + 1 1 1 0 1 0 1 1 ] xyz0=( 6.448247, -20.669786, 37.035720 )

d_7_3=3.005055255556 s=[ 0 0 0 0 + - 0 0 0 1 0 1 0 0 ] xyz0=( 6.061051, -19.857310, 37.169399 )

d_7_3=3.027277477778 s=[ 0 0 0 0 + + 1 1 1 0 1 0 1 1 ] xyz0=( 6.432474, -20.633933, 37.027921 )

d_7_3=3.027277477778 s=[ 0 0 0 0 + - 0 0 0 1 0 1 0 0 ] xyz0=( 6.077262, -19.888570, 37.150559 )

d_7_3=2.849499700000 s=[ 0 0 0 0 - + 1 1 1 0 1 0 1 1 ] xyz0=( 6.550009, -20.908382, 37.121008 )

d_7_3=2.849499700000 s=[ 0 0 0 0 - - 0 0 0 1 0 1 0 0 ] xyz0=( 5.956874, -19.663297, 37.323515 )

d_7_3=2.871721922222 s=[ 0 0 0 0 - + 1 1 1 0 1 0 1 1 ] xyz0=( 6.536570, -20.876061, 37.105853 )

d_7_3=2.871721922222 s=[ 0 0 0 0 - - 0 0 0 1 0 1 0 0 ] xyz0=( 5.970995, -19.688832, 37.298949 )

d_7_3=2.893944144444 s=[ 0 0 0 0 - + 1 1 1 0 1 0 1 1 ] xyz0=( 6.522810, -20.843250, 37.091680 )

d_7_3=2.893944144444 s=[ 0 0 0 0 - - 0 0 0 1 0 1 0 0 ] xyz0=( 5.985407, -19.715158, 37.275158 )

d_7_3=2.916166366667 s=[ 0 0 0 0 - + 1 1 1 0 1 0 1 1 ] xyz0=( 6.508727, -20.809946, 37.078504 )

d_7_3=2.916166366667 s=[ 0 0 0 0 - - 0 0 0 1 0 1 0 0 ] xyz0=( 6.000112, -19.742282, 37.252154 )

d_7_3=2.938388588889 s=[ 0 0 0 0 - + 1 1 1 0 1 0 1 1 ] xyz0=( 6.494318, -20.776144, 37.066344 )

d_7_3=2.938388588889 s=[ 0 0 0 0 - - 0 0 0 1 0 1 0 0 ] xyz0=( 6.015111, -19.770213, 37.229953 )

d_7_3=2.960610811111 s=[ 0 0 0 0 - + 1 1 1 0 1 0 1 1 ] xyz0=( 6.479579, -20.741840, 37.055219 )

d_7_3=2.960610811111 s=[ 0 0 0 0 - - 0 0 0 1 0 1 0 0 ] xyz0=( 6.030409, -19.798964, 37.208572 )

d_7_3=2.982833033333 s=[ 0 0 0 0 - + 1 1 1 0 1 0 1 1 ] xyz0=( 6.464504, -20.707030, 37.045153 )

d_7_3=2.982833033333 s=[ 0 0 0 0 - - 0 0 0 1 0 1 0 0 ] xyz0=( 6.046010, -19.828546, 37.188033 )

d_7_3=3.005055255556 s=[ 0 0 0 0 - + 1 1 1 0 1 0 1 1 ] xyz0=( 6.449088, -20.671707, 37.036173 )

d_7_3=3.005055255556 s=[ 0 0 0 0 - - 0 0 0 1 0 1 0 0 ] xyz0=( 6.061918, -19.858975, 37.168359 )

d_7_3=3.027277477778 s=[ 0 0 0 0 - + 1 1 1 0 1 0 1 1 ] xyz0=( 6.433327, -20.635864, 37.028310 )

d_7_3=3.027277477778 s=[ 0 0 0 0 - - 0 0 0 1 0 1 0 0 ] xyz0=( 6.078137, -19.890265, 37.149577 )

d_7_3=2.849499700000 s=[ 0 0 0 1 + + 1 1 1 0 1 0 1 1 ] xyz0=( 6.547448, -20.902200, 37.118016 )

d_7_3=2.849499700000 s=[ 0 0 0 1 + - 0 0 0 1 0 1 0 0 ] xyz0=( 5.954187, -19.658470, 37.328333 )

d_7_3=2.871721922222 s=[ 0 0 0 1 + + 1 1 1 0 1 0 1 1 ] xyz0=( 6.533956, -20.869808, 37.103059 )

d_7_3=2.871721922222 s=[ 0 0 0 1 + - 0 0 0 1 0 1 0 0 ] xyz0=( 5.968263, -19.683871, 37.303603 )

d_7_3=2.893944144444 s=[ 0 0 0 1 + + 1 1 1 0 1 0 1 1 ] xyz0=( 6.520147, -20.836932, 37.089087 )

d_7_3=2.893944144444 s=[ 0 0 0 1 + - 0 0 0 1 0 1 0 0 ] xyz0=( 5.982632, -19.710067, 37.279643 )

d_7_3=2.916166366667 s=[ 0 0 0 1 + + 1 1 1 0 1 0 1 1 ] xyz0=( 6.506017, -20.803567, 37.076117 )

d_7_3=2.916166366667 s=[ 0 0 0 1 + - 0 0 0 1 0 1 0 0 ] xyz0=( 5.997294, -19.737065, 37.256465 )

d_7_3=2.938388588889 s=[ 0 0 0 1 + + 1 1 1 0 1 0 1 1 ] xyz0=( 6.491563, -20.769710, 37.064165 )

d_7_3=2.938388588889 s=[ 0 0 0 1 + - 0 0 0 1 0 1 0 0 ] xyz0=( 6.012255, -19.764874, 37.234085 )

d_7_3=2.960610811111 s=[ 0 0 0 1 + + 1 1 1 0 1 0 1 1 ] xyz0=( 6.476780, -20.735357, 37.053251 )

d_7_3=2.960610811111 s=[ 0 0 0 1 + - 0 0 0 1 0 1 0 0 ] xyz0=( 6.027516, -19.793507, 37.212520 )

d_7_3=2.982833033333 s=[ 0 0 0 1 + + 1 1 1 0 1 0 1 1 ] xyz0=( 6.461664, -20.700503, 37.043400 )

d_7_3=2.982833033333 s=[ 0 0 0 1 + - 0 0 0 1 0 1 0 0 ] xyz0=( 6.043083, -19.822975, 37.191792 )

d_7_3=3.005055255556 s=[ 0 0 0 1 + + 1 1 1 0 1 0 1 1 ] xyz0=( 6.446210, -20.665142, 37.034639 )

d_7_3=3.005055255556 s=[ 0 0 0 1 + - 0 0 0 1 0 1 0 0 ] xyz0=( 6.058958, -19.853294, 37.171924 )

d_7_3=3.027277477778 s=[ 0 0 0 1 + + 1 1 1 0 1 0 1 1 ] xyz0=( 6.430413, -20.629267, 37.026998 )

d_7_3=3.027277477778 s=[ 0 0 0 1 + - 0 0 0 1 0 1 0 0 ] xyz0=( 6.075148, -19.884480, 37.152943 )

d_7_3=2.849499700000 s=[ 0 0 0 1 - + 1 1 1 0 1 0 1 1 ] xyz0=( 6.548199, -20.904011, 37.118888 )

d_7_3=2.849499700000 s=[ 0 0 0 1 - - 0 0 0 1 0 1 0 0 ] xyz0=( 5.954973, -19.659880, 37.326920 )

d_7_3=2.871721922222 s=[ 0 0 0 1 - + 1 1 1 0 1 0 1 1 ] xyz0=( 6.534722, -20.871640, 37.103873 )

d_7_3=2.871721922222 s=[ 0 0 0 1 - - 0 0 0 1 0 1 0 0 ] xyz0=( 5.969062, -19.685321, 37.302237 )

d_7_3=2.893944144444 s=[ 0 0 0 1 - + 1 1 1 0 1 0 1 1 ] xyz0=( 6.520928, -20.838783, 37.089842 )

d_7_3=2.893944144444 s=[ 0 0 0 1 - - 0 0 0 1 0 1 0 0 ] xyz0=( 5.983443, -19.711555, 37.278326 )

d_7_3=2.916166366667 s=[ 0 0 0 1 - + 1 1 1 0 1 0 1 1 ] xyz0=( 6.506811, -20.805435, 37.076812 )

d_7_3=2.916166366667 s=[ 0 0 0 1 - - 0 0 0 1 0 1 0 0 ] xyz0=( 5.998118, -19.738589, 37.255199 )

d_7_3=2.938388588889 s=[ 0 0 0 1 - + 1 1 1 0 1 0 1 1 ] xyz0=( 6.492370, -20.771595, 37.064798 )

d_7_3=2.938388588889 s=[ 0 0 0 1 - - 0 0 0 1 0 1 0 0 ] xyz0=( 6.013090, -19.766435, 37.232871 )

d_7_3=2.960610811111 s=[ 0 0 0 1 - + 1 1 1 0 1 0 1 1 ] xyz0=( 6.477600, -20.737256, 37.053823 )

d_7_3=2.960610811111 s=[ 0 0 0 1 - - 0 0 0 1 0 1 0 0 ] xyz0=( 6.028363, -19.795102, 37.211361 )

d_7_3=2.982833033333 s=[ 0 0 0 1 - + 1 1 1 0 1 0 1 1 ] xyz0=( 6.462496, -20.702414, 37.043909 )

d_7_3=2.982833033333 s=[ 0 0 0 1 - - 0 0 0 1 0 1 0 0 ] xyz0=( 6.043939, -19.824604, 37.190688 )

d_7_3=3.005055255556 s=[ 0 0 0 1 - + 1 1 1 0 1 0 1 1 ] xyz0=( 6.447054, -20.667064, 37.035084 )

d_7_3=3.005055255556 s=[ 0 0 0 1 - - 0 0 0 1 0 1 0 0 ] xyz0=( 6.059824, -19.854955, 37.170877 )

d_7_3=3.027277477778 s=[ 0 0 0 1 - + 1 1 1 0 1 0 1 1 ] xyz0=( 6.431266, -20.631199, 37.027378 )

d_7_3=3.027277477778 s=[ 0 0 0 1 - - 0 0 0 1 0 1 0 0 ] xyz0=( 6.076023, -19.886171, 37.151954 )

