xyz0=( 6.549260 -20.906574 37.120129 )
xyz0=( 5.956086 -19.661881 37.324922 )
xyz0=( 6.535806 -20.874232 37.105031 )
xyz0=( 5.970195 -19.687377 37.300308 )
xyz0=( 6.522032 -20.841402 37.090917 )
xyz0=( 5.984594 -19.713665 37.276467 )
xyz0=( 6.507935 -20.808080 37.077801 )
xyz0=( 5.999286 -19.740752 37.253412 )
xyz0=( 6.493512 -20.774262 37.065702 )
xyz0=( 6.014274 -19.768648 37.231159 )
xyz0=( 6.478760 -20.739943 37.054638 )
xyz0=( 6.029562 -19.797364 37.209724 )
xyz0=( 6.463673 -20.705120 37.044636 )
xyz0=( 6.045153 -19.826913 37.189130 )
xyz0=( 6.448247 -20.669786 37.035720 )
xyz0=( 6.061051 -19.857310 37.169399 )
xyz0=( 6.432474 -20.633933 37.027921 )
xyz0=( 6.077262 -19.888570 37.150559 )
xyz0=( 6.550009 -20.908382 37.121008 )
xyz0=( 5.956874 -19.663297 37.323515 )
xyz0=( 6.536570 -20.876061 37.105853 )
xyz0=( 5.970995 -19.688832 37.298949 )
xyz0=( 6.522810 -20.843250 37.091680 )
xyz0=( 5.985407 -19.715158 37.275158 )
xyz0=( 6.508727 -20.809946 37.078504 )
xyz0=( 6.000112 -19.742282 37.252154 )
xyz0=( 6.494318 -20.776144 37.066344 )
xyz0=( 6.015111 -19.770213 37.229953 )
xyz0=( 6.479579 -20.741840 37.055219 )
xyz0=( 6.030409 -19.798964 37.208572 )
xyz0=( 6.464504 -20.707030 37.045153 )
xyz0=( 6.046010 -19.828546 37.188033 )
xyz0=( 6.449088 -20.671707 37.036173 )
xyz0=( 6.061918 -19.858975 37.168359 )
xyz0=( 6.433327 -20.635864 37.028310 )
xyz0=( 6.078137 -19.890265 37.149577 )
xyz0=( 6.547448 -20.902200 37.118016 )
xyz0=( 5.954187 -19.658470 37.328333 )
xyz0=( 6.533956 -20.869808 37.103059 )
xyz0=( 5.968263 -19.683871 37.303603 )
xyz0=( 6.520147 -20.836932 37.089087 )
xyz0=( 5.982632 -19.710067 37.279643 )
xyz0=( 6.506017 -20.803567 37.076117 )
xyz0=( 5.997294 -19.737065 37.256465 )
xyz0=( 6.491563 -20.769710 37.064165 )
xyz0=( 6.012255 -19.764874 37.234085 )
xyz0=( 6.476780 -20.735357 37.053251 )
xyz0=( 6.027516 -19.793507 37.212520 )
xyz0=( 6.461664 -20.700503 37.043400 )
xyz0=( 6.043083 -19.822975 37.191792 )
xyz0=( 6.446210 -20.665142 37.034639 )
xyz0=( 6.058958 -19.853294 37.171924 )
xyz0=( 6.430413 -20.629267 37.026998 )
xyz0=( 6.075148 -19.884480 37.152943 )
xyz0=( 6.548199 -20.904011 37.118888 )
xyz0=( 5.954973 -19.659880 37.326920 )
xyz0=( 6.534722 -20.871640 37.103873 )
xyz0=( 5.969062 -19.685321 37.302237 )
xyz0=( 6.520928 -20.838783 37.089842 )
xyz0=( 5.983443 -19.711555 37.278326 )
xyz0=( 6.506811 -20.805435 37.076812 )
xyz0=( 5.998118 -19.738589 37.255199 )
xyz0=( 6.492370 -20.771595 37.064798 )
xyz0=( 6.013090 -19.766435 37.232871 )
xyz0=( 6.477600 -20.737256 37.053823 )
xyz0=( 6.028363 -19.795102 37.211361 )
xyz0=( 6.462496 -20.702414 37.043909 )
xyz0=( 6.043939 -19.824604 37.190688 )
xyz0=( 6.447054 -20.667064 37.035084 )
xyz0=( 6.059824 -19.854955 37.170877 )
xyz0=( 6.431266 -20.631199 37.027378 )
xyz0=( 6.076023 -19.886171 37.151954 )
