xyz0=( 6.549260 -20.906574 37.120129 )
xyz0=( 5.956086 -19.661881 37.324922 )
xyz0=( 6.548050 -20.903654 37.118716 )
xyz0=( 5.957357 -19.664167 37.322653 )
xyz0=( 6.546838 -20.900730 37.117311 )
xyz0=( 5.958630 -19.666458 37.320390 )
xyz0=( 6.545623 -20.897802 37.115914 )
xyz0=( 5.959905 -19.668757 37.318133 )
xyz0=( 6.544405 -20.894869 37.114525 )
xyz0=( 5.961183 -19.671061 37.315883 )
xyz0=( 6.543184 -20.891933 37.113145 )
xyz0=( 5.962463 -19.673373 37.313639 )
xyz0=( 6.541961 -20.888993 37.111772 )
xyz0=( 5.963746 -19.675690 37.311401 )
xyz0=( 6.540735 -20.886049 37.110408 )
xyz0=( 5.965031 -19.678015 37.309170 )
xyz0=( 6.539507 -20.883101 37.109051 )
xyz0=( 5.966318 -19.680346 37.306945 )
xyz0=( 6.538276 -20.880149 37.107703 )
xyz0=( 5.967608 -19.682683 37.304726 )
xyz0=( 6.537042 -20.877192 37.106363 )
xyz0=( 5.968900 -19.685027 37.302514 )
xyz0=( 6.535806 -20.874232 37.105031 )
xyz0=( 5.970195 -19.687377 37.300308 )
xyz0=( 6.534567 -20.871268 37.103707 )
xyz0=( 5.971492 -19.689734 37.298109 )
xyz0=( 6.533325 -20.868299 37.102391 )
xyz0=( 5.972791 -19.692098 37.295916 )
xyz0=( 6.532081 -20.865327 37.101083 )
xyz0=( 5.974093 -19.694468 37.293729 )
xyz0=( 6.530834 -20.862351 37.099784 )
xyz0=( 5.975397 -19.696844 37.291549 )
xyz0=( 6.529585 -20.859370 37.098492 )
xyz0=( 5.976704 -19.699228 37.289375 )
xyz0=( 6.528332 -20.856385 37.097209 )
xyz0=( 5.978013 -19.701617 37.287208 )
xyz0=( 6.527078 -20.853397 37.095934 )
xyz0=( 5.979324 -19.704014 37.285047 )
xyz0=( 6.525820 -20.850404 37.094668 )
xyz0=( 5.980638 -19.706417 37.282892 )
xyz0=( 6.524560 -20.847407 37.093409 )
xyz0=( 5.981954 -19.708826 37.280744 )
xyz0=( 6.523297 -20.844407 37.092159 )
xyz0=( 5.983273 -19.711242 37.278602 )
xyz0=( 6.522032 -20.841402 37.090917 )
xyz0=( 5.984594 -19.713665 37.276467 )
xyz0=( 6.520763 -20.838393 37.089683 )
xyz0=( 5.985917 -19.716094 37.274339 )
xyz0=( 6.519493 -20.835380 37.088457 )
xyz0=( 5.987243 -19.718530 37.272217 )
xyz0=( 6.518219 -20.832363 37.087240 )
xyz0=( 5.988572 -19.720973 37.270101 )
xyz0=( 6.516943 -20.829342 37.086031 )
xyz0=( 5.989903 -19.723422 37.267992 )
xyz0=( 6.515664 -20.826317 37.084830 )
xyz0=( 5.991236 -19.725878 37.265890 )
xyz0=( 6.514383 -20.823287 37.083638 )
xyz0=( 5.992571 -19.728340 37.263794 )
xyz0=( 6.513098 -20.820254 37.082454 )
xyz0=( 5.993909 -19.730809 37.261704 )
xyz0=( 6.511812 -20.817216 37.081278 )
xyz0=( 5.995250 -19.733285 37.259621 )
xyz0=( 6.510522 -20.814175 37.080111 )
xyz0=( 5.996593 -19.735767 37.257545 )
xyz0=( 6.509230 -20.811129 37.078952 )
xyz0=( 5.997938 -19.738256 37.255475 )
xyz0=( 6.507935 -20.808080 37.077801 )
xyz0=( 5.999286 -19.740752 37.253412 )
xyz0=( 6.506637 -20.805026 37.076659 )
xyz0=( 6.000636 -19.743254 37.251356 )
xyz0=( 6.505337 -20.801968 37.075525 )
xyz0=( 6.001989 -19.745764 37.249306 )
xyz0=( 6.504034 -20.798906 37.074400 )
xyz0=( 6.003344 -19.748279 37.247263 )
xyz0=( 6.502728 -20.795840 37.073283 )
xyz0=( 6.004702 -19.750802 37.245227 )
xyz0=( 6.501420 -20.792769 37.072174 )
xyz0=( 6.006062 -19.753331 37.243197 )
xyz0=( 6.500109 -20.789695 37.071074 )
xyz0=( 6.007425 -19.755867 37.241174 )
xyz0=( 6.498795 -20.786617 37.069983 )
xyz0=( 6.008790 -19.758410 37.239157 )
xyz0=( 6.497478 -20.783534 37.068900 )
xyz0=( 6.010157 -19.760959 37.237148 )
xyz0=( 6.496159 -20.780447 37.067825 )
xyz0=( 6.011527 -19.763515 37.235145 )
xyz0=( 6.494837 -20.777357 37.066759 )
xyz0=( 6.012899 -19.766078 37.233148 )
xyz0=( 6.493512 -20.774262 37.065702 )
xyz0=( 6.014274 -19.768648 37.231159 )
xyz0=( 6.492185 -20.771162 37.064653 )
xyz0=( 6.015652 -19.771225 37.229176 )
xyz0=( 6.490855 -20.768059 37.063612 )
xyz0=( 6.017032 -19.773808 37.227200 )
xyz0=( 6.489522 -20.764952 37.062581 )
xyz0=( 6.018414 -19.776398 37.225231 )
xyz0=( 6.488186 -20.761840 37.061558 )
xyz0=( 6.019799 -19.778995 37.223269 )
xyz0=( 6.486848 -20.758725 37.060543 )
xyz0=( 6.021186 -19.781599 37.221313 )
xyz0=( 6.485507 -20.755605 37.059537 )
xyz0=( 6.022576 -19.784209 37.219365 )
xyz0=( 6.484163 -20.752481 37.058540 )
xyz0=( 6.023968 -19.786826 37.217423 )
xyz0=( 6.482816 -20.749353 37.057552 )
xyz0=( 6.025363 -19.789451 37.215488 )
xyz0=( 6.481467 -20.746221 37.056572 )
xyz0=( 6.026760 -19.792082 37.213560 )
xyz0=( 6.480115 -20.743084 37.055601 )
xyz0=( 6.028160 -19.794720 37.211639 )
xyz0=( 6.478760 -20.739943 37.054638 )
xyz0=( 6.029562 -19.797364 37.209724 )
xyz0=( 6.477402 -20.736799 37.053685 )
xyz0=( 6.030967 -19.800016 37.207817 )
xyz0=( 6.476042 -20.733650 37.052740 )
xyz0=( 6.032374 -19.802675 37.205917 )
xyz0=( 6.474679 -20.730496 37.051804 )
xyz0=( 6.033784 -19.805340 37.204024 )
xyz0=( 6.473313 -20.727339 37.050877 )
xyz0=( 6.035196 -19.808012 37.202137 )
xyz0=( 6.471944 -20.724178 37.049959 )
xyz0=( 6.036611 -19.810692 37.200258 )
xyz0=( 6.470573 -20.721012 37.049049 )
xyz0=( 6.038028 -19.813378 37.198386 )
xyz0=( 6.469198 -20.717842 37.048149 )
xyz0=( 6.039448 -19.816071 37.196520 )
xyz0=( 6.467821 -20.714668 37.047257 )
xyz0=( 6.040870 -19.818771 37.194662 )
xyz0=( 6.466441 -20.711489 37.046374 )
xyz0=( 6.042295 -19.821478 37.192811 )
xyz0=( 6.465059 -20.708307 37.045500 )
xyz0=( 6.043723 -19.824192 37.190967 )
xyz0=( 6.463673 -20.705120 37.044636 )
xyz0=( 6.045153 -19.826913 37.189130 )
xyz0=( 6.462285 -20.701929 37.043780 )
xyz0=( 6.046585 -19.829641 37.187300 )
xyz0=( 6.460894 -20.698734 37.042933 )
xyz0=( 6.048020 -19.832376 37.185478 )
xyz0=( 6.459500 -20.695534 37.042095 )
xyz0=( 6.049458 -19.835119 37.183662 )
xyz0=( 6.458103 -20.692331 37.041266 )
xyz0=( 6.050898 -19.837868 37.181854 )
xyz0=( 6.456704 -20.689123 37.040446 )
xyz0=( 6.052341 -19.840624 37.180053 )
xyz0=( 6.455301 -20.685910 37.039636 )
xyz0=( 6.053786 -19.843387 37.178259 )
xyz0=( 6.453896 -20.682694 37.038834 )
xyz0=( 6.055234 -19.846157 37.176473 )
xyz0=( 6.452488 -20.679473 37.038042 )
xyz0=( 6.056684 -19.848935 37.174693 )
xyz0=( 6.451077 -20.676248 37.037259 )
xyz0=( 6.058137 -19.851719 37.172921 )
xyz0=( 6.449663 -20.673019 37.036484 )
xyz0=( 6.059593 -19.854511 37.171157 )
xyz0=( 6.448247 -20.669786 37.035720 )
xyz0=( 6.061051 -19.857310 37.169399 )
xyz0=( 6.446827 -20.666548 37.034964 )
xyz0=( 6.062512 -19.860115 37.167649 )
xyz0=( 6.445405 -20.663306 37.034218 )
xyz0=( 6.063975 -19.862929 37.165907 )
xyz0=( 6.443980 -20.660059 37.033481 )
xyz0=( 6.065441 -19.865749 37.164171 )
xyz0=( 6.442552 -20.656809 37.032753 )
xyz0=( 6.066909 -19.868576 37.162444 )
xyz0=( 6.441121 -20.653554 37.032034 )
xyz0=( 6.068380 -19.871411 37.160723 )
xyz0=( 6.439687 -20.650295 37.031325 )
xyz0=( 6.069854 -19.874252 37.159010 )
xyz0=( 6.438250 -20.647031 37.030626 )
xyz0=( 6.071330 -19.877101 37.157305 )
xyz0=( 6.436811 -20.643763 37.029935 )
xyz0=( 6.072809 -19.879958 37.155607 )
xyz0=( 6.435368 -20.640491 37.029255 )
xyz0=( 6.074291 -19.882821 37.153917 )
xyz0=( 6.433923 -20.637214 37.028583 )
xyz0=( 6.075775 -19.885692 37.152234 )
xyz0=( 6.432474 -20.633933 37.027921 )
xyz0=( 6.077262 -19.888570 37.150559 )
xyz0=( 6.431023 -20.630648 37.027269 )
xyz0=( 6.078751 -19.891455 37.148891 )
xyz0=( 6.429569 -20.627359 37.026626 )
xyz0=( 6.080243 -19.894348 37.147231 )
xyz0=( 6.428112 -20.624065 37.025993 )
xyz0=( 6.081738 -19.897247 37.145579 )
xyz0=( 6.426652 -20.620767 37.025369 )
xyz0=( 6.083235 -19.900155 37.143934 )
xyz0=( 6.425189 -20.617464 37.024755 )
xyz0=( 6.084735 -19.903069 37.142297 )
xyz0=( 6.423723 -20.614157 37.024151 )
xyz0=( 6.086238 -19.905991 37.140668 )
xyz0=( 6.422254 -20.610846 37.023556 )
xyz0=( 6.087743 -19.908921 37.139047 )
xyz0=( 6.089251 -19.911857 37.137433 )
xyz0=( 6.090762 -19.914802 37.135827 )
xyz0=( 6.550009 -20.908382 37.121008 )
xyz0=( 5.956874 -19.663297 37.323515 )
xyz0=( 6.548801 -20.905464 37.119590 )
xyz0=( 5.958145 -19.665586 37.321250 )
xyz0=( 6.547589 -20.902542 37.118180 )
xyz0=( 5.959420 -19.667881 37.318991 )
xyz0=( 6.546376 -20.899616 37.116778 )
xyz0=( 5.960696 -19.670183 37.316739 )
xyz0=( 6.545159 -20.896685 37.115384 )
xyz0=( 5.961975 -19.672491 37.314493 )
xyz0=( 6.543940 -20.893751 37.113998 )
xyz0=( 5.963257 -19.674806 37.312253 )
xyz0=( 6.542718 -20.890813 37.112621 )
xyz0=( 5.964541 -19.677128 37.310020 )
xyz0=( 6.541494 -20.887871 37.111251 )
xyz0=( 5.965827 -19.679456 37.307793 )
xyz0=( 6.540267 -20.884924 37.109889 )
xyz0=( 5.967115 -19.681790 37.305573 )
xyz0=( 6.539037 -20.881974 37.108536 )
xyz0=( 5.968406 -19.684131 37.303358 )
xyz0=( 6.537805 -20.879020 37.107190 )
xyz0=( 5.969700 -19.686478 37.301151 )
xyz0=( 6.536570 -20.876061 37.105853 )
xyz0=( 5.970995 -19.688832 37.298949 )
xyz0=( 6.535332 -20.873099 37.104523 )
xyz0=( 5.972294 -19.691193 37.296754 )
xyz0=( 6.534092 -20.870132 37.103202 )
xyz0=( 5.973594 -19.693560 37.294566 )
xyz0=( 6.532849 -20.867162 37.101889 )
xyz0=( 5.974897 -19.695933 37.292383 )
xyz0=( 6.531603 -20.864187 37.100584 )
xyz0=( 5.976203 -19.698313 37.290208 )
xyz0=( 6.530355 -20.861208 37.099288 )
xyz0=( 5.977510 -19.700700 37.288038 )
xyz0=( 6.529104 -20.858225 37.097999 )
xyz0=( 5.978820 -19.703093 37.285875 )
xyz0=( 6.527851 -20.855238 37.096719 )
xyz0=( 5.980133 -19.705493 37.283719 )
xyz0=( 6.526595 -20.852248 37.095447 )
xyz0=( 5.981448 -19.707899 37.281569 )
xyz0=( 6.525336 -20.849252 37.094183 )
xyz0=( 5.982765 -19.710312 37.279425 )
xyz0=( 6.524074 -20.846253 37.092927 )
xyz0=( 5.984085 -19.712732 37.277288 )
xyz0=( 6.522810 -20.843250 37.091680 )
xyz0=( 5.985407 -19.715158 37.275158 )
xyz0=( 6.521543 -20.840243 37.090440 )
xyz0=( 5.986732 -19.717590 37.273034 )
xyz0=( 6.520274 -20.837232 37.089209 )
xyz0=( 5.988059 -19.720030 37.270916 )
xyz0=( 6.519002 -20.834216 37.087987 )
xyz0=( 5.989389 -19.722476 37.268805 )
xyz0=( 6.517727 -20.831197 37.086772 )
xyz0=( 5.990720 -19.724928 37.266701 )
xyz0=( 6.516449 -20.828173 37.085566 )
xyz0=( 5.992055 -19.727387 37.264603 )
xyz0=( 6.515169 -20.825146 37.084368 )
xyz0=( 5.993392 -19.729853 37.262512 )
xyz0=( 6.513886 -20.822114 37.083179 )
xyz0=( 5.994731 -19.732325 37.260427 )
xyz0=( 6.512600 -20.819078 37.081998 )
xyz0=( 5.996072 -19.734804 37.258349 )
xyz0=( 6.511312 -20.816038 37.080825 )
xyz0=( 5.997416 -19.737290 37.256277 )
xyz0=( 6.510021 -20.812994 37.079660 )
xyz0=( 5.998763 -19.739783 37.254212 )
xyz0=( 6.508727 -20.809946 37.078504 )
xyz0=( 6.000112 -19.742282 37.252154 )
xyz0=( 6.507431 -20.806893 37.077356 )
xyz0=( 6.001463 -19.744787 37.250102 )
xyz0=( 6.506132 -20.803837 37.076217 )
xyz0=( 6.002817 -19.747300 37.248057 )
xyz0=( 6.504830 -20.800777 37.075086 )
xyz0=( 6.004173 -19.749819 37.246019 )
xyz0=( 6.503526 -20.797712 37.073964 )
xyz0=( 6.005532 -19.752345 37.243987 )
xyz0=( 6.502219 -20.794643 37.072850 )
xyz0=( 6.006893 -19.754877 37.241962 )
xyz0=( 6.500909 -20.791570 37.071744 )
xyz0=( 6.008256 -19.757416 37.239944 )
xyz0=( 6.499596 -20.788493 37.070647 )
xyz0=( 6.009623 -19.759962 37.237932 )
xyz0=( 6.498281 -20.785412 37.069558 )
xyz0=( 6.010991 -19.762515 37.235927 )
xyz0=( 6.496963 -20.782327 37.068478 )
xyz0=( 6.012362 -19.765074 37.233929 )
xyz0=( 6.495642 -20.779238 37.067407 )
xyz0=( 6.013735 -19.767640 37.231937 )
xyz0=( 6.494318 -20.776144 37.066344 )
xyz0=( 6.015111 -19.770213 37.229953 )
xyz0=( 6.492992 -20.773046 37.065289 )
xyz0=( 6.016490 -19.772793 37.227975 )
xyz0=( 6.491663 -20.769944 37.064243 )
xyz0=( 6.017870 -19.775380 37.226004 )
xyz0=( 6.490331 -20.766838 37.063206 )
xyz0=( 6.019254 -19.777973 37.224040 )
xyz0=( 6.488997 -20.763728 37.062177 )
xyz0=( 6.020640 -19.780573 37.222082 )
xyz0=( 6.487660 -20.760614 37.061157 )
xyz0=( 6.022028 -19.783180 37.220132 )
xyz0=( 6.486320 -20.757495 37.060146 )
xyz0=( 6.023418 -19.785793 37.218188 )
xyz0=( 6.484977 -20.754373 37.059143 )
xyz0=( 6.024812 -19.788414 37.216251 )
xyz0=( 6.483631 -20.751246 37.058149 )
xyz0=( 6.026207 -19.791041 37.214321 )
xyz0=( 6.482283 -20.748115 37.057163 )
xyz0=( 6.027606 -19.793675 37.212398 )
xyz0=( 6.480932 -20.744980 37.056187 )
xyz0=( 6.029006 -19.796316 37.210482 )
xyz0=( 6.479579 -20.741840 37.055219 )
xyz0=( 6.030409 -19.798964 37.208572 )
xyz0=( 6.478222 -20.738697 37.054259 )
xyz0=( 6.031815 -19.801619 37.206670 )
xyz0=( 6.476863 -20.735549 37.053309 )
xyz0=( 6.033223 -19.804280 37.204775 )
xyz0=( 6.475501 -20.732397 37.052367 )
xyz0=( 6.034634 -19.806949 37.202886 )
xyz0=( 6.474136 -20.729241 37.051434 )
xyz0=( 6.036047 -19.809624 37.201005 )
xyz0=( 6.472768 -20.726081 37.050510 )
xyz0=( 6.037463 -19.812307 37.199131 )
xyz0=( 6.471398 -20.722916 37.049595 )
xyz0=( 6.038881 -19.814996 37.197264 )
xyz0=( 6.470025 -20.719747 37.048689 )
xyz0=( 6.040302 -19.817692 37.195403 )
xyz0=( 6.468649 -20.716574 37.047791 )
xyz0=( 6.041725 -19.820395 37.193550 )
xyz0=( 6.467270 -20.713397 37.046903 )
xyz0=( 6.043151 -19.823105 37.191704 )
xyz0=( 6.465888 -20.710216 37.046023 )
xyz0=( 6.044579 -19.825822 37.189865 )
xyz0=( 6.464504 -20.707030 37.045153 )
xyz0=( 6.046010 -19.828546 37.188033 )
xyz0=( 6.463116 -20.703840 37.044291 )
xyz0=( 6.047444 -19.831277 37.186209 )
xyz0=( 6.461726 -20.700646 37.043438 )
xyz0=( 6.048879 -19.834015 37.184391 )
xyz0=( 6.460334 -20.697447 37.042595 )
xyz0=( 6.050318 -19.836760 37.182581 )
xyz0=( 6.458938 -20.694245 37.041760 )
xyz0=( 6.051759 -19.839512 37.180778 )
xyz0=( 6.457539 -20.691038 37.040935 )
xyz0=( 6.053203 -19.842272 37.178982 )
xyz0=( 6.456138 -20.687827 37.040118 )
xyz0=( 6.054649 -19.845038 37.177193 )
xyz0=( 6.454734 -20.684611 37.039311 )
xyz0=( 6.056097 -19.847811 37.175412 )
xyz0=( 6.453327 -20.681392 37.038513 )
xyz0=( 6.057549 -19.850591 37.173638 )
xyz0=( 6.451917 -20.678168 37.037723 )
xyz0=( 6.059002 -19.853379 37.171871 )
xyz0=( 6.450504 -20.674939 37.036944 )
xyz0=( 6.060459 -19.856173 37.170112 )
xyz0=( 6.449088 -20.671707 37.036173 )
xyz0=( 6.061918 -19.858975 37.168359 )
xyz0=( 6.447670 -20.668470 37.035411 )
xyz0=( 6.063379 -19.861783 37.166615 )
xyz0=( 6.446249 -20.665229 37.034659 )
xyz0=( 6.064843 -19.864599 37.164877 )
xyz0=( 6.444824 -20.661983 37.033916 )
xyz0=( 6.066310 -19.867422 37.163147 )
xyz0=( 6.443397 -20.658734 37.033183 )
xyz0=( 6.067779 -19.870252 37.161425 )
xyz0=( 6.441967 -20.655480 37.032458 )
xyz0=( 6.069251 -19.873090 37.159710 )
xyz0=( 6.440535 -20.652221 37.031743 )
xyz0=( 6.070726 -19.875934 37.158002 )
xyz0=( 6.439099 -20.648958 37.031038 )
xyz0=( 6.072203 -19.878786 37.156302 )
xyz0=( 6.437660 -20.645691 37.030342 )
xyz0=( 6.073682 -19.881645 37.154610 )
xyz0=( 6.436219 -20.642420 37.029655 )
xyz0=( 6.075165 -19.884511 37.152925 )
xyz0=( 6.434774 -20.639144 37.028977 )
xyz0=( 6.076650 -19.887385 37.151247 )
xyz0=( 6.433327 -20.635864 37.028310 )
xyz0=( 6.078137 -19.890265 37.149577 )
xyz0=( 6.431877 -20.632580 37.027651 )
xyz0=( 6.079627 -19.893153 37.147915 )
xyz0=( 6.430423 -20.629291 37.027003 )
xyz0=( 6.081120 -19.896049 37.146260 )
xyz0=( 6.428967 -20.625998 37.026363 )
xyz0=( 6.082615 -19.898951 37.144614 )
xyz0=( 6.427508 -20.622700 37.025734 )
xyz0=( 6.084114 -19.901861 37.142974 )
xyz0=( 6.426046 -20.619398 37.025114 )
xyz0=( 6.085614 -19.904778 37.141343 )
xyz0=( 6.424581 -20.616092 37.024503 )
xyz0=( 6.087118 -19.907703 37.139719 )
xyz0=( 6.423113 -20.612781 37.023903 )
xyz0=( 6.088624 -19.910635 37.138103 )
xyz0=( 6.421642 -20.609466 37.023312 )
xyz0=( 6.090132 -19.913574 37.136495 )
xyz0=( 6.091644 -19.916521 37.134894 )
xyz0=( 6.547448 -20.902200 37.118016 )
xyz0=( 5.954187 -19.658470 37.328333 )
xyz0=( 6.546234 -20.899275 37.116616 )
xyz0=( 5.955455 -19.660747 37.326054 )
xyz0=( 6.545018 -20.896346 37.115224 )
xyz0=( 5.956725 -19.663030 37.323780 )
xyz0=( 6.543800 -20.893414 37.113840 )
xyz0=( 5.957997 -19.665319 37.321513 )
xyz0=( 6.542578 -20.890477 37.112464 )
xyz0=( 5.959272 -19.667615 37.319252 )
xyz0=( 6.541355 -20.887536 37.111096 )
xyz0=( 5.960549 -19.669918 37.316998 )
xyz0=( 6.540128 -20.884592 37.109736 )
xyz0=( 5.961829 -19.672227 37.314750 )
xyz0=( 6.538899 -20.881643 37.108384 )
xyz0=( 5.963111 -19.674543 37.312508 )
xyz0=( 6.537667 -20.878690 37.107041 )
xyz0=( 5.964395 -19.676865 37.310272 )
xyz0=( 6.536433 -20.875734 37.105705 )
xyz0=( 5.965682 -19.679194 37.308043 )
xyz0=( 6.535196 -20.872773 37.104378 )
xyz0=( 5.966972 -19.681529 37.305820 )
xyz0=( 6.533956 -20.869808 37.103059 )
xyz0=( 5.968263 -19.683871 37.303603 )
xyz0=( 6.532714 -20.866840 37.101748 )
xyz0=( 5.969557 -19.686220 37.301393 )
xyz0=( 6.531469 -20.863867 37.100445 )
xyz0=( 5.970854 -19.688575 37.299189 )
xyz0=( 6.530222 -20.860890 37.099150 )
xyz0=( 5.972153 -19.690936 37.296992 )
xyz0=( 6.528972 -20.857909 37.097863 )
xyz0=( 5.973454 -19.693305 37.294801 )
xyz0=( 6.527719 -20.854925 37.096585 )
xyz0=( 5.974758 -19.695679 37.292616 )
xyz0=( 6.526464 -20.851936 37.095315 )
xyz0=( 5.976064 -19.698061 37.290438 )
xyz0=( 6.525206 -20.848943 37.094053 )
xyz0=( 5.977373 -19.700449 37.288266 )
xyz0=( 6.523945 -20.845946 37.092799 )
xyz0=( 5.978684 -19.702843 37.286100 )
xyz0=( 6.522682 -20.842945 37.091554 )
xyz0=( 5.979997 -19.705245 37.283941 )
xyz0=( 6.521416 -20.839941 37.090316 )
xyz0=( 5.981313 -19.707652 37.281789 )
xyz0=( 6.520147 -20.836932 37.089087 )
xyz0=( 5.982632 -19.710067 37.279643 )
xyz0=( 6.518876 -20.833919 37.087867 )
xyz0=( 5.983952 -19.712488 37.277503 )
xyz0=( 6.517602 -20.830902 37.086654 )
xyz0=( 5.985276 -19.714916 37.275370 )
xyz0=( 6.516326 -20.827881 37.085450 )
xyz0=( 5.986601 -19.717350 37.273243 )
xyz0=( 6.515046 -20.824856 37.084254 )
xyz0=( 5.987929 -19.719791 37.271123 )
xyz0=( 6.513764 -20.821827 37.083067 )
xyz0=( 5.989260 -19.722239 37.269009 )
xyz0=( 6.512480 -20.818793 37.081887 )
xyz0=( 5.990593 -19.724693 37.266902 )
xyz0=( 6.511193 -20.815756 37.080716 )
xyz0=( 5.991928 -19.727154 37.264802 )
xyz0=( 6.509903 -20.812715 37.079554 )
xyz0=( 5.993266 -19.729622 37.262708 )
xyz0=( 6.508610 -20.809670 37.078400 )
xyz0=( 5.994606 -19.732096 37.260620 )
xyz0=( 6.507315 -20.806620 37.077254 )
xyz0=( 5.995949 -19.734577 37.258539 )
xyz0=( 6.506017 -20.803567 37.076117 )
xyz0=( 5.997294 -19.737065 37.256465 )
xyz0=( 6.504717 -20.800509 37.074988 )
xyz0=( 5.998642 -19.739559 37.254397 )
xyz0=( 6.503413 -20.797448 37.073867 )
xyz0=( 5.999992 -19.742060 37.252336 )
xyz0=( 6.502107 -20.794382 37.072755 )
xyz0=( 6.001345 -19.744568 37.250281 )
xyz0=( 6.500799 -20.791313 37.071652 )
xyz0=( 6.002700 -19.747083 37.248233 )
xyz0=( 6.499487 -20.788239 37.070557 )
xyz0=( 6.004058 -19.749604 37.246192 )
xyz0=( 6.498173 -20.785161 37.069470 )
xyz0=( 6.005418 -19.752132 37.244157 )
xyz0=( 6.496857 -20.782079 37.068392 )
xyz0=( 6.006780 -19.754667 37.242129 )
xyz0=( 6.495537 -20.778993 37.067322 )
xyz0=( 6.008145 -19.757209 37.240108 )
xyz0=( 6.494215 -20.775903 37.066261 )
xyz0=( 6.009513 -19.759757 37.238094 )
xyz0=( 6.492890 -20.772809 37.065209 )
xyz0=( 6.010883 -19.762312 37.236086 )
xyz0=( 6.491563 -20.769710 37.064165 )
xyz0=( 6.012255 -19.764874 37.234085 )
xyz0=( 6.490232 -20.766608 37.063129 )
xyz0=( 6.013630 -19.767443 37.232090 )
xyz0=( 6.488899 -20.763501 37.062102 )
xyz0=( 6.015007 -19.770019 37.230103 )
xyz0=( 6.487564 -20.760391 37.061084 )
xyz0=( 6.016387 -19.772601 37.228122 )
xyz0=( 6.486225 -20.757276 37.060075 )
xyz0=( 6.017770 -19.775190 37.226148 )
xyz0=( 6.484884 -20.754157 37.059074 )
xyz0=( 6.019154 -19.777786 37.224180 )
xyz0=( 6.483540 -20.751034 37.058082 )
xyz0=( 6.020542 -19.780389 37.222220 )
xyz0=( 6.482194 -20.747907 37.057098 )
xyz0=( 6.021932 -19.782999 37.220266 )
xyz0=( 6.480844 -20.744776 37.056123 )
xyz0=( 6.023324 -19.785616 37.218319 )
xyz0=( 6.479492 -20.741640 37.055157 )
xyz0=( 6.024719 -19.788239 37.216379 )
xyz0=( 6.478137 -20.738501 37.054200 )
xyz0=( 6.026116 -19.790870 37.214446 )
xyz0=( 6.476780 -20.735357 37.053251 )
xyz0=( 6.027516 -19.793507 37.212520 )
xyz0=( 6.475420 -20.732209 37.052311 )
xyz0=( 6.028919 -19.796151 37.210601 )
xyz0=( 6.474056 -20.729058 37.051380 )
xyz0=( 6.030324 -19.798802 37.208689 )
xyz0=( 6.472691 -20.725901 37.050458 )
xyz0=( 6.031731 -19.801460 37.206783 )
xyz0=( 6.471322 -20.722741 37.049545 )
xyz0=( 6.033141 -19.804125 37.204885 )
xyz0=( 6.469951 -20.719577 37.048640 )
xyz0=( 6.034554 -19.806797 37.202993 )
xyz0=( 6.468577 -20.716408 37.047745 )
xyz0=( 6.035969 -19.809476 37.201109 )
xyz0=( 6.467200 -20.713236 37.046858 )
xyz0=( 6.037387 -19.812162 37.199232 )
xyz0=( 6.465820 -20.710059 37.045980 )
xyz0=( 6.038807 -19.814855 37.197361 )
xyz0=( 6.464437 -20.706878 37.045111 )
xyz0=( 6.040230 -19.817555 37.195498 )
xyz0=( 6.463052 -20.703692 37.044251 )
xyz0=( 6.041655 -19.820262 37.193642 )
xyz0=( 6.461664 -20.700503 37.043400 )
xyz0=( 6.043083 -19.822975 37.191792 )
xyz0=( 6.460273 -20.697309 37.042558 )
xyz0=( 6.044513 -19.825696 37.189950 )
xyz0=( 6.458880 -20.694112 37.041726 )
xyz0=( 6.045946 -19.828424 37.188115 )
xyz0=( 6.457483 -20.690910 37.040902 )
xyz0=( 6.047382 -19.831159 37.186287 )
xyz0=( 6.456084 -20.687703 37.040087 )
xyz0=( 6.048820 -19.833901 37.184467 )
xyz0=( 6.454682 -20.684493 37.039281 )
xyz0=( 6.050260 -19.836650 37.182653 )
xyz0=( 6.453277 -20.681278 37.038485 )
xyz0=( 6.051703 -19.839406 37.180847 )
xyz0=( 6.451869 -20.678059 37.037697 )
xyz0=( 6.053149 -19.842170 37.179048 )
xyz0=( 6.450459 -20.674836 37.036919 )
xyz0=( 6.054598 -19.844940 37.177256 )
xyz0=( 6.449046 -20.671609 37.036150 )
xyz0=( 6.056049 -19.847718 37.175472 )
xyz0=( 6.447629 -20.668378 37.035390 )
xyz0=( 6.057502 -19.850502 37.173694 )
xyz0=( 6.446210 -20.665142 37.034639 )
xyz0=( 6.058958 -19.853294 37.171924 )
xyz0=( 6.444789 -20.661902 37.033898 )
xyz0=( 6.060417 -19.856093 37.170162 )
xyz0=( 6.443364 -20.658657 37.033166 )
xyz0=( 6.061878 -19.858899 37.168406 )
xyz0=( 6.441936 -20.655409 37.032443 )
xyz0=( 6.063342 -19.861713 37.166659 )
xyz0=( 6.440506 -20.652156 37.031729 )
xyz0=( 6.064809 -19.864533 37.164918 )
xyz0=( 6.439073 -20.648899 37.031025 )
xyz0=( 6.066278 -19.867361 37.163185 )
xyz0=( 6.437637 -20.645638 37.030330 )
xyz0=( 6.067750 -19.870196 37.161459 )
xyz0=( 6.436198 -20.642372 37.029645 )
xyz0=( 6.069224 -19.873038 37.159741 )
xyz0=( 6.434756 -20.639102 37.028969 )
xyz0=( 6.070701 -19.875888 37.158030 )
xyz0=( 6.433311 -20.635828 37.028302 )
xyz0=( 6.072181 -19.878744 37.156327 )
xyz0=( 6.431863 -20.632550 37.027645 )
xyz0=( 6.073663 -19.881608 37.154631 )
xyz0=( 6.430413 -20.629267 37.026998 )
xyz0=( 6.075148 -19.884480 37.152943 )
xyz0=( 6.428959 -20.625980 37.026360 )
xyz0=( 6.076636 -19.887358 37.151262 )
xyz0=( 6.427503 -20.622689 37.025731 )
xyz0=( 6.078126 -19.890244 37.149589 )
xyz0=( 6.426044 -20.619393 37.025113 )
xyz0=( 6.079619 -19.893138 37.147924 )
xyz0=( 6.424582 -20.616093 37.024503 )
xyz0=( 6.081115 -19.896038 37.146266 )
xyz0=( 6.423116 -20.612789 37.023904 )
xyz0=( 6.082613 -19.898946 37.144616 )
xyz0=( 6.421648 -20.609480 37.023314 )
xyz0=( 6.084114 -19.901862 37.142974 )
xyz0=( 6.420178 -20.606167 37.022734 )
xyz0=( 6.085618 -19.904785 37.141339 )
xyz0=( 6.418704 -20.602850 37.022164 )
xyz0=( 6.087124 -19.907715 37.139712 )
xyz0=( 6.417227 -20.599528 37.021603 )
xyz0=( 6.548199 -20.904011 37.118888 )
xyz0=( 5.954973 -19.659880 37.326920 )
xyz0=( 6.546987 -20.901088 37.117483 )
xyz0=( 5.956242 -19.662161 37.324644 )
xyz0=( 6.545772 -20.898162 37.116085 )
xyz0=( 5.957513 -19.664447 37.322375 )
xyz0=( 6.544555 -20.895231 37.114696 )
xyz0=( 5.958786 -19.666740 37.320112 )
xyz0=( 6.543335 -20.892296 37.113315 )
xyz0=( 5.960063 -19.669040 37.317856 )
xyz0=( 6.542112 -20.889357 37.111942 )
xyz0=( 5.961341 -19.671346 37.315606 )
xyz0=( 6.540887 -20.886414 37.110576 )
xyz0=( 5.962622 -19.673659 37.313362 )
xyz0=( 6.539660 -20.883468 37.109219 )
xyz0=( 5.963905 -19.675978 37.311124 )
xyz0=( 6.538429 -20.880517 37.107871 )
xyz0=( 5.965191 -19.678304 37.308893 )
xyz0=( 6.537196 -20.877562 37.106530 )
xyz0=( 5.966479 -19.680637 37.306668 )
xyz0=( 6.535961 -20.874603 37.105197 )
xyz0=( 5.967769 -19.682975 37.304450 )
xyz0=( 6.534722 -20.871640 37.103873 )
xyz0=( 5.969062 -19.685321 37.302237 )
xyz0=( 6.533482 -20.868673 37.102556 )
xyz0=( 5.970358 -19.687673 37.300032 )
xyz0=( 6.532238 -20.865702 37.101248 )
xyz0=( 5.971655 -19.690031 37.297832 )
xyz0=( 6.530992 -20.862727 37.099948 )
xyz0=( 5.972955 -19.692397 37.295639 )
xyz0=( 6.529743 -20.859748 37.098656 )
xyz0=( 5.974258 -19.694768 37.293453 )
xyz0=( 6.528492 -20.856765 37.097372 )
xyz0=( 5.975563 -19.697147 37.291272 )
xyz0=( 6.527238 -20.853778 37.096097 )
xyz0=( 5.976870 -19.699531 37.289099 )
xyz0=( 6.525981 -20.850787 37.094829 )
xyz0=( 5.978180 -19.701923 37.286931 )
xyz0=( 6.524722 -20.847792 37.093570 )
xyz0=( 5.979492 -19.704321 37.284770 )
xyz0=( 6.523460 -20.844793 37.092319 )
xyz0=( 5.980807 -19.706725 37.282616 )
xyz0=( 6.522195 -20.841790 37.091077 )
xyz0=( 5.982124 -19.709137 37.280468 )
xyz0=( 6.520928 -20.838783 37.089842 )
xyz0=( 5.983443 -19.711555 37.278326 )
xyz0=( 6.519658 -20.835771 37.088616 )
xyz0=( 5.984765 -19.713979 37.276191 )
xyz0=( 6.518385 -20.832756 37.087398 )
xyz0=( 5.986090 -19.716410 37.274063 )
xyz0=( 6.517110 -20.829737 37.086188 )
xyz0=( 5.987416 -19.718848 37.271941 )
xyz0=( 6.515832 -20.826713 37.084987 )
xyz0=( 5.988746 -19.721292 37.269825 )
xyz0=( 6.514551 -20.823686 37.083794 )
xyz0=( 5.990077 -19.723743 37.267716 )
xyz0=( 6.513268 -20.820654 37.082610 )
xyz0=( 5.991411 -19.726201 37.265614 )
xyz0=( 6.511982 -20.817619 37.081433 )
xyz0=( 5.992748 -19.728665 37.263518 )
xyz0=( 6.510693 -20.814579 37.080265 )
xyz0=( 5.994087 -19.731136 37.261428 )
xyz0=( 6.509402 -20.811535 37.079106 )
xyz0=( 5.995428 -19.733614 37.259345 )
xyz0=( 6.508108 -20.808487 37.077954 )
xyz0=( 5.996772 -19.736098 37.257269 )
xyz0=( 6.506811 -20.805435 37.076812 )
xyz0=( 5.998118 -19.738589 37.255199 )
xyz0=( 6.505512 -20.802379 37.075677 )
xyz0=( 5.999467 -19.741087 37.253136 )
xyz0=( 6.504210 -20.799319 37.074551 )
xyz0=( 6.000818 -19.743592 37.251080 )
xyz0=( 6.502905 -20.796255 37.073434 )
xyz0=( 6.002172 -19.746103 37.249030 )
xyz0=( 6.501598 -20.793187 37.072324 )
xyz0=( 6.003528 -19.748621 37.246987 )
xyz0=( 6.500288 -20.790115 37.071224 )
xyz0=( 6.004887 -19.751145 37.244950 )
xyz0=( 6.498975 -20.787038 37.070132 )
xyz0=( 6.006248 -19.753677 37.242920 )
xyz0=( 6.497659 -20.783958 37.069048 )
xyz0=( 6.007611 -19.756215 37.240897 )
xyz0=( 6.496341 -20.780873 37.067973 )
xyz0=( 6.008977 -19.758760 37.238881 )
xyz0=( 6.495020 -20.777784 37.066906 )
xyz0=( 6.010346 -19.761311 37.236871 )
xyz0=( 6.493697 -20.774692 37.065848 )
xyz0=( 6.011717 -19.763870 37.234868 )
xyz0=( 6.492370 -20.771595 37.064798 )
xyz0=( 6.013090 -19.766435 37.232871 )
xyz0=( 6.491041 -20.768494 37.063757 )
xyz0=( 6.014466 -19.769007 37.230882 )
xyz0=( 6.489709 -20.765388 37.062725 )
xyz0=( 6.015845 -19.771586 37.228899 )
xyz0=( 6.488375 -20.762279 37.061701 )
xyz0=( 6.017226 -19.774171 37.226923 )
xyz0=( 6.487037 -20.759166 37.060686 )
xyz0=( 6.018609 -19.776764 37.224954 )
xyz0=( 6.485697 -20.756048 37.059680 )
xyz0=( 6.019995 -19.779363 37.222991 )
xyz0=( 6.484355 -20.752927 37.058682 )
xyz0=( 6.021383 -19.781969 37.221036 )
xyz0=( 6.483009 -20.749801 37.057693 )
xyz0=( 6.022774 -19.784582 37.219087 )
xyz0=( 6.481661 -20.746671 37.056712 )
xyz0=( 6.024167 -19.787202 37.217145 )
xyz0=( 6.480310 -20.743537 37.055740 )
xyz0=( 6.025563 -19.789828 37.215210 )
xyz0=( 6.478956 -20.740398 37.054777 )
xyz0=( 6.026962 -19.792462 37.213282 )
xyz0=( 6.477600 -20.737256 37.053823 )
xyz0=( 6.028363 -19.795102 37.211361 )
xyz0=( 6.476241 -20.734109 37.052878 )
xyz0=( 6.029766 -19.797750 37.209447 )
xyz0=( 6.474879 -20.730959 37.051941 )
xyz0=( 6.031172 -19.800404 37.207539 )
xyz0=( 6.473514 -20.727804 37.051013 )
xyz0=( 6.032580 -19.803065 37.205639 )
xyz0=( 6.472147 -20.724645 37.050094 )
xyz0=( 6.033991 -19.805733 37.203745 )
xyz0=( 6.470776 -20.721482 37.049184 )
xyz0=( 6.035405 -19.808408 37.201859 )
xyz0=( 6.469403 -20.718314 37.048282 )
xyz0=( 6.036821 -19.811090 37.199980 )
xyz0=( 6.468027 -20.715143 37.047390 )
xyz0=( 6.038239 -19.813779 37.198107 )
xyz0=( 6.466649 -20.711967 37.046506 )
xyz0=( 6.039660 -19.816475 37.196242 )
xyz0=( 6.465267 -20.708787 37.045632 )
xyz0=( 6.041084 -19.819177 37.194384 )
xyz0=( 6.463883 -20.705603 37.044766 )
xyz0=( 6.042510 -19.821887 37.192532 )
xyz0=( 6.462496 -20.702414 37.043909 )
xyz0=( 6.043939 -19.824604 37.190688 )
xyz0=( 6.461106 -20.699222 37.043061 )
xyz0=( 6.045370 -19.827328 37.188851 )
xyz0=( 6.459714 -20.696025 37.042223 )
xyz0=( 6.046804 -19.830059 37.187021 )
xyz0=( 6.458318 -20.692824 37.041393 )
xyz0=( 6.048240 -19.832797 37.185199 )
xyz0=( 6.456920 -20.689619 37.040573 )
xyz0=( 6.049679 -19.835542 37.183383 )
xyz0=( 6.455519 -20.686410 37.039761 )
xyz0=( 6.051121 -19.838294 37.181575 )
xyz0=( 6.454115 -20.683196 37.038959 )
xyz0=( 6.052565 -19.841053 37.179774 )
xyz0=( 6.452709 -20.679978 37.038165 )
xyz0=( 6.054012 -19.843819 37.177980 )
xyz0=( 6.451299 -20.676756 37.037381 )
xyz0=( 6.055461 -19.846592 37.176193 )
xyz0=( 6.449887 -20.673530 37.036606 )
xyz0=( 6.056913 -19.849373 37.174414 )
xyz0=( 6.448472 -20.670299 37.035840 )
xyz0=( 6.058367 -19.852160 37.172642 )
xyz0=( 6.447054 -20.667064 37.035084 )
xyz0=( 6.059824 -19.854955 37.170877 )
xyz0=( 6.445633 -20.663825 37.034337 )
xyz0=( 6.061284 -19.857757 37.169120 )
xyz0=( 6.444209 -20.660582 37.033599 )
xyz0=( 6.062746 -19.860566 37.167370 )
xyz0=( 6.442783 -20.657334 37.032870 )
xyz0=( 6.064211 -19.863382 37.165627 )
xyz0=( 6.441353 -20.654082 37.032150 )
xyz0=( 6.065678 -19.866205 37.163892 )
xyz0=( 6.439921 -20.650826 37.031440 )
xyz0=( 6.067148 -19.869036 37.162164 )
xyz0=( 6.438486 -20.647566 37.030740 )
xyz0=( 6.068621 -19.871874 37.160443 )
xyz0=( 6.437048 -20.644301 37.030048 )
xyz0=( 6.070096 -19.874719 37.158730 )
xyz0=( 6.435607 -20.641032 37.029366 )
xyz0=( 6.071574 -19.877571 37.157025 )
xyz0=( 6.434163 -20.637758 37.028694 )
xyz0=( 6.073054 -19.880431 37.155327 )
xyz0=( 6.432716 -20.634481 37.028031 )
xyz0=( 6.074537 -19.883297 37.153637 )
xyz0=( 6.431266 -20.631199 37.027378 )
xyz0=( 6.076023 -19.886171 37.151954 )
xyz0=( 6.429814 -20.627913 37.026734 )
xyz0=( 6.077511 -19.889053 37.150279 )
xyz0=( 6.428359 -20.624622 37.026099 )
xyz0=( 6.079002 -19.891942 37.148611 )
xyz0=( 6.426900 -20.621327 37.025475 )
xyz0=( 6.080496 -19.894838 37.146951 )
xyz0=( 6.425439 -20.618028 37.024859 )
xyz0=( 6.081992 -19.897741 37.145299 )
xyz0=( 6.423975 -20.614724 37.024254 )
xyz0=( 6.083491 -19.900652 37.143654 )
xyz0=( 6.422508 -20.611416 37.023658 )
xyz0=( 6.084993 -19.903570 37.142017 )
xyz0=( 6.421038 -20.608104 37.023072 )
xyz0=( 6.086497 -19.906496 37.140388 )
xyz0=( 6.419565 -20.604787 37.022495 )
xyz0=( 6.418089 -20.601466 37.021929 )
