xyz6=( 12.228713 49.050563 -1.666932 )
xyz6=( 12.228713 49.050563 -1.666932 )
xyz6=( 12.225211 49.049852 -1.670811 )
xyz6=( 12.225211 49.049852 -1.670811 )
xyz6=( 12.221711 49.049130 -1.674714 )
xyz6=( 12.221711 49.049130 -1.674714 )
xyz6=( 12.058559 48.997844 -1.895939 )
xyz6=( 12.055297 48.996348 -1.901409 )
xyz6=( 12.052042 48.994831 -1.906923 )
xyz6=( 12.048795 48.993292 -1.912481 )
xyz6=( 12.045555 48.991730 -1.918084 )
xyz6=( 12.042324 48.990145 -1.923733 )
xyz6=( 12.039101 48.988537 -1.929429 )
xyz6=( 12.039101 48.988537 -1.929429 )
xyz6=( 12.035886 48.986905 -1.935173 )
xyz6=( 12.035886 48.986905 -1.935173 )
xyz6=( 12.940577 49.039285 -1.225280 )
xyz6=( 12.940577 49.039285 -1.225280 )
xyz6=( 12.945590 49.038440 -1.223876 )
xyz6=( 12.945590 49.038440 -1.223876 )
xyz6=( 12.950623 49.037583 -1.222485 )
xyz6=( 12.950623 49.037583 -1.222485 )
xyz6=( 13.220041 48.979443 -1.175337 )
xyz6=( 13.226355 48.977796 -1.174865 )
xyz6=( 13.232704 48.976127 -1.174420 )
xyz6=( 13.239090 48.974435 -1.174002 )
xyz6=( 13.245511 48.972720 -1.173612 )
xyz6=( 13.251970 48.970981 -1.173249 )
xyz6=( 13.258466 48.969219 -1.172915 )
xyz6=( 13.258466 48.969219 -1.172915 )
xyz6=( 13.265001 48.967432 -1.172610 )
xyz6=( 13.265001 48.967432 -1.172610 )
