d_7_3=2.137206402222 eijMax=2.411E-03 rmsd=1.080E+00 s=[ 0 0 0 0 1 0 1 0 0 1 1 0 0 0 ]
d_7_3=2.137206402222 eijMax=7.246E-03 rmsd=1.230E+00 s=[ 0 0 0 0 1 1 1 0 0 1 1 0 0 0 ]
d_7_3=2.139226604242 eijMax=1.107E-03 rmsd=1.036E+00 s=[ 0 0 0 0 1 0 1 0 0 1 1 0 0 0 ]
d_7_3=2.139226604242 eijMax=9.217E-03 rmsd=3.381E+00 s=[ 0 0 0 0 1 0 1 1 1 0 0 1 1 1 ]
d_7_3=2.139226604242 eijMax=8.773E-03 rmsd=1.276E+00 s=[ 0 0 0 0 1 1 1 0 0 1 1 0 0 0 ]
d_7_3=2.141246806263 eijMax=2.415E-04 rmsd=1.005E+00 s=[ 0 0 0 0 1 0 1 0 0 1 1 0 0 0 ]
d_7_3=2.141246806263 eijMax=8.210E-03 rmsd=3.378E+00 s=[ 0 0 0 0 1 0 1 1 1 0 0 1 1 1 ]
d_7_3=2.141246806263 eijMax=9.861E-03 rmsd=1.309E+00 s=[ 0 0 0 0 1 1 1 0 0 1 1 0 0 0 ]
d_7_3=2.143267008283 eijMax=4.210E-04 rmsd=9.804E-01 s=[ 0 0 0 0 1 0 1 0 0 1 1 0 0 0 ]
d_7_3=2.143267008283 eijMax=7.392E-03 rmsd=3.376E+00 s=[ 0 0 0 0 1 0 1 1 1 0 0 1 1 1 ]
d_7_3=2.145287210303 eijMax=9.574E-04 rmsd=9.589E-01 s=[ 0 0 0 0 1 0 1 0 0 1 1 0 0 0 ]
d_7_3=2.145287210303 eijMax=6.689E-03 rmsd=3.373E+00 s=[ 0 0 0 0 1 0 1 1 1 0 0 1 1 1 ]
d_7_3=2.147307412323 eijMax=1.405E-03 rmsd=9.399E-01 s=[ 0 0 0 0 1 0 1 0 0 1 1 0 0 0 ]
d_7_3=2.147307412323 eijMax=6.065E-03 rmsd=3.371E+00 s=[ 0 0 0 0 1 0 1 1 1 0 0 1 1 1 ]
d_7_3=2.149327614343 eijMax=1.784E-03 rmsd=9.227E-01 s=[ 0 0 0 0 1 0 1 0 0 1 1 0 0 0 ]
d_7_3=2.149327614343 eijMax=5.502E-03 rmsd=3.369E+00 s=[ 0 0 0 0 1 0 1 1 1 0 0 1 1 1 ]
d_7_3=2.151347816364 eijMax=2.108E-03 rmsd=9.070E-01 s=[ 0 0 0 0 1 0 1 0 0 1 1 0 0 0 ]
d_7_3=2.151347816364 eijMax=4.985E-03 rmsd=3.368E+00 s=[ 0 0 0 0 1 0 1 1 1 0 0 1 1 1 ]
d_7_3=2.151347816364 eijMax=9.951E-03 rmsd=3.626E-01 s=[ 0 0 0 0 1 1 0 1 1 0 0 1 1 1 ]
d_7_3=2.153368018384 eijMax=2.388E-03 rmsd=8.926E-01 s=[ 0 0 0 0 1 0 1 0 0 1 1 0 0 0 ]
d_7_3=2.153368018384 eijMax=4.507E-03 rmsd=3.366E+00 s=[ 0 0 0 0 1 0 1 1 1 0 0 1 1 1 ]
d_7_3=2.153368018384 eijMax=9.511E-03 rmsd=3.381E-01 s=[ 0 0 0 0 1 1 0 1 1 0 0 1 1 1 ]
d_7_3=2.155388220404 eijMax=2.629E-03 rmsd=8.791E-01 s=[ 0 0 0 0 1 0 1 0 0 1 1 0 0 0 ]
d_7_3=2.155388220404 eijMax=9.921E-03 rmsd=1.267E+00 s=[ 0 0 0 0 1 0 1 0 0 1 1 0 1 1 ]
d_7_3=2.155388220404 eijMax=4.062E-03 rmsd=3.364E+00 s=[ 0 0 0 0 1 0 1 1 1 0 0 1 1 1 ]
d_7_3=2.155388220404 eijMax=9.068E-03 rmsd=3.148E-01 s=[ 0 0 0 0 1 1 0 1 1 0 0 1 1 1 ]
d_7_3=2.157408422424 eijMax=2.838E-03 rmsd=8.665E-01 s=[ 0 0 0 0 1 0 1 0 0 1 1 0 0 0 ]
d_7_3=2.157408422424 eijMax=9.036E-03 rmsd=1.261E+00 s=[ 0 0 0 0 1 0 1 0 0 1 1 0 1 1 ]
d_7_3=2.157408422424 eijMax=3.644E-03 rmsd=3.363E+00 s=[ 0 0 0 0 1 0 1 1 1 0 0 1 1 1 ]
d_7_3=2.157408422424 eijMax=8.622E-03 rmsd=2.926E-01 s=[ 0 0 0 0 1 1 0 1 1 0 0 1 1 1 ]
d_7_3=2.159428624444 eijMax=3.017E-03 rmsd=8.547E-01 s=[ 0 0 0 0 1 0 1 0 0 1 1 0 0 0 ]
d_7_3=2.159428624444 eijMax=8.157E-03 rmsd=1.255E+00 s=[ 0 0 0 0 1 0 1 0 0 1 1 0 1 1 ]
d_7_3=2.159428624444 eijMax=3.249E-03 rmsd=3.361E+00 s=[ 0 0 0 0 1 0 1 1 1 0 0 1 1 1 ]
d_7_3=2.159428624444 eijMax=8.171E-03 rmsd=2.713E-01 s=[ 0 0 0 0 1 1 0 1 1 0 0 1 1 1 ]
d_7_3=2.161448826465 eijMax=3.170E-03 rmsd=8.435E-01 s=[ 0 0 0 0 1 0 1 0 0 1 1 0 0 0 ]
d_7_3=2.161448826465 eijMax=7.284E-03 rmsd=1.249E+00 s=[ 0 0 0 0 1 0 1 0 0 1 1 0 1 1 ]
d_7_3=2.161448826465 eijMax=2.876E-03 rmsd=3.360E+00 s=[ 0 0 0 0 1 0 1 1 1 0 0 1 1 1 ]
d_7_3=2.161448826465 eijMax=7.716E-03 rmsd=2.508E-01 s=[ 0 0 0 0 1 1 0 1 1 0 0 1 1 1 ]
d_7_3=2.163469028485 eijMax=3.300E-03 rmsd=8.330E-01 s=[ 0 0 0 0 1 0 1 0 0 1 1 0 0 0 ]
d_7_3=2.163469028485 eijMax=6.417E-03 rmsd=1.244E+00 s=[ 0 0 0 0 1 0 1 0 0 1 1 0 1 1 ]
d_7_3=2.163469028485 eijMax=2.522E-03 rmsd=3.358E+00 s=[ 0 0 0 0 1 0 1 1 1 0 0 1 1 1 ]
d_7_3=2.163469028485 eijMax=7.254E-03 rmsd=2.311E-01 s=[ 0 0 0 0 1 1 0 1 1 0 0 1 1 1 ]
d_7_3=2.165489230505 eijMax=3.408E-03 rmsd=8.230E-01 s=[ 0 0 0 0 1 0 1 0 0 1 1 0 0 0 ]
d_7_3=2.165489230505 eijMax=5.554E-03 rmsd=1.240E+00 s=[ 0 0 0 0 1 0 1 0 0 1 1 0 1 1 ]
d_7_3=2.165489230505 eijMax=2.185E-03 rmsd=3.357E+00 s=[ 0 0 0 0 1 0 1 1 1 0 0 1 1 1 ]
d_7_3=2.165489230505 eijMax=6.787E-03 rmsd=2.120E-01 s=[ 0 0 0 0 1 1 0 1 1 0 0 1 1 1 ]
d_7_3=2.167509432525 eijMax=3.498E-03 rmsd=8.135E-01 s=[ 0 0 0 0 1 0 1 0 0 1 1 0 0 0 ]
d_7_3=2.167509432525 eijMax=4.695E-03 rmsd=1.235E+00 s=[ 0 0 0 0 1 0 1 0 0 1 1 0 1 1 ]
d_7_3=2.167509432525 eijMax=1.862E-03 rmsd=3.356E+00 s=[ 0 0 0 0 1 0 1 1 1 0 0 1 1 1 ]
d_7_3=2.167509432525 eijMax=6.313E-03 rmsd=1.934E-01 s=[ 0 0 0 0 1 1 0 1 1 0 0 1 1 1 ]
d_7_3=2.169529634545 eijMax=3.569E-03 rmsd=8.045E-01 s=[ 0 0 0 0 1 0 1 0 0 1 1 0 0 0 ]
d_7_3=2.169529634545 eijMax=3.839E-03 rmsd=1.232E+00 s=[ 0 0 0 0 1 0 1 0 0 1 1 0 1 1 ]
d_7_3=2.169529634545 eijMax=1.554E-03 rmsd=3.355E+00 s=[ 0 0 0 0 1 0 1 1 1 0 0 1 1 1 ]
d_7_3=2.169529634545 eijMax=9.912E-03 rmsd=1.195E+00 s=[ 0 0 0 0 1 1 0 1 1 0 0 1 0 0 ]
d_7_3=2.169529634545 eijMax=5.833E-03 rmsd=1.754E-01 s=[ 0 0 0 0 1 1 0 1 1 0 0 1 1 1 ]
d_7_3=2.171549836566 eijMax=3.624E-03 rmsd=7.959E-01 s=[ 0 0 0 0 1 0 1 0 0 1 1 0 0 0 ]
d_7_3=2.171549836566 eijMax=2.986E-03 rmsd=1.228E+00 s=[ 0 0 0 0 1 0 1 0 0 1 1 0 1 1 ]
d_7_3=2.171549836566 eijMax=1.259E-03 rmsd=3.353E+00 s=[ 0 0 0 0 1 0 1 1 1 0 0 1 1 1 ]
d_7_3=2.171549836566 eijMax=9.437E-03 rmsd=1.194E+00 s=[ 0 0 0 0 1 1 0 1 1 0 0 1 0 0 ]
d_7_3=2.171549836566 eijMax=5.346E-03 rmsd=1.578E-01 s=[ 0 0 0 0 1 1 0 1 1 0 0 1 1 1 ]
d_7_3=2.173570038586 eijMax=3.664E-03 rmsd=7.877E-01 s=[ 0 0 0 0 1 0 1 0 0 1 1 0 0 0 ]
d_7_3=2.173570038586 eijMax=2.135E-03 rmsd=1.225E+00 s=[ 0 0 0 0 1 0 1 0 0 1 1 0 1 1 ]
d_7_3=2.173570038586 eijMax=9.757E-04 rmsd=3.352E+00 s=[ 0 0 0 0 1 0 1 1 1 0 0 1 1 1 ]
d_7_3=2.173570038586 eijMax=8.970E-03 rmsd=1.194E+00 s=[ 0 0 0 0 1 1 0 1 1 0 0 1 0 0 ]
d_7_3=2.173570038586 eijMax=4.851E-03 rmsd=1.406E-01 s=[ 0 0 0 0 1 1 0 1 1 0 0 1 1 1 ]
d_7_3=2.175590240606 eijMax=3.690E-03 rmsd=7.799E-01 s=[ 0 0 0 0 1 0 1 0 0 1 1 0 0 0 ]
d_7_3=2.175590240606 eijMax=1.287E-03 rmsd=1.222E+00 s=[ 0 0 0 0 1 0 1 0 0 1 1 0 1 1 ]
d_7_3=2.175590240606 eijMax=7.033E-04 rmsd=3.351E+00 s=[ 0 0 0 0 1 0 1 1 1 0 0 1 1 1 ]
d_7_3=2.175590240606 eijMax=8.513E-03 rmsd=1.194E+00 s=[ 0 0 0 0 1 1 0 1 1 0 0 1 0 0 ]
d_7_3=2.175590240606 eijMax=4.348E-03 rmsd=1.239E-01 s=[ 0 0 0 0 1 1 0 1 1 0 0 1 1 1 ]
d_7_3=2.177610442626 eijMax=3.703E-03 rmsd=7.724E-01 s=[ 0 0 0 0 1 0 1 0 0 1 1 0 0 0 ]
d_7_3=2.177610442626 eijMax=4.411E-04 rmsd=1.219E+00 s=[ 0 0 0 0 1 0 1 0 0 1 1 0 1 1 ]
d_7_3=2.177610442626 eijMax=4.412E-04 rmsd=3.350E+00 s=[ 0 0 0 0 1 0 1 1 1 0 0 1 1 1 ]
d_7_3=2.177610442626 eijMax=8.064E-03 rmsd=1.194E+00 s=[ 0 0 0 0 1 1 0 1 1 0 0 1 0 0 ]
d_7_3=2.177610442626 eijMax=3.838E-03 rmsd=1.075E-01 s=[ 0 0 0 0 1 1 0 1 1 0 0 1 1 1 ]
d_7_3=2.179630644646 eijMax=3.703E-03 rmsd=7.653E-01 s=[ 0 0 0 0 1 0 1 0 0 1 1 0 0 0 ]
d_7_3=2.179630644646 eijMax=4.034E-04 rmsd=1.216E+00 s=[ 0 0 0 0 1 0 1 0 0 1 1 0 1 1 ]
d_7_3=2.179630644646 eijMax=1.886E-04 rmsd=3.349E+00 s=[ 0 0 0 0 1 0 1 1 1 0 0 1 1 1 ]
d_7_3=2.179630644646 eijMax=7.623E-03 rmsd=1.194E+00 s=[ 0 0 0 0 1 1 0 1 1 0 0 1 0 0 ]
d_7_3=2.179630644646 eijMax=3.320E-03 rmsd=9.138E-02 s=[ 0 0 0 0 1 1 0 1 1 0 0 1 1 1 ]
d_7_3=2.179630644646 eijMax=9.416E-03 rmsd=1.816E+00 s=[ 0 0 0 0 1 1 1 0 0 1 1 0 1 1 ]
d_7_3=2.181650846667 eijMax=9.775E-03 rmsd=1.705E+00 s=[ 0 0 0 0 1 0 0 1 1 0 0 1 0 0 ]
d_7_3=2.181650846667 eijMax=3.691E-03 rmsd=7.585E-01 s=[ 0 0 0 0 1 0 1 0 0 1 1 0 0 0 ]
d_7_3=2.181650846667 eijMax=1.246E-03 rmsd=1.214E+00 s=[ 0 0 0 0 1 0 1 0 0 1 1 0 1 1 ]
d_7_3=2.181650846667 eijMax=5.497E-05 rmsd=3.348E+00 s=[ 0 0 0 0 1 0 1 1 1 0 0 1 1 1 ]
d_7_3=2.181650846667 eijMax=7.191E-03 rmsd=1.195E+00 s=[ 0 0 0 0 1 1 0 1 1 0 0 1 0 0 ]
d_7_3=2.181650846667 eijMax=2.793E-03 rmsd=7.560E-02 s=[ 0 0 0 0 1 1 0 1 1 0 0 1 1 1 ]
d_7_3=2.181650846667 eijMax=8.794E-03 rmsd=1.826E+00 s=[ 0 0 0 0 1 1 1 0 0 1 1 0 1 1 ]
d_7_3=2.183671048687 eijMax=9.192E-03 rmsd=1.714E+00 s=[ 0 0 0 0 1 0 0 1 1 0 0 1 0 0 ]
d_7_3=2.183671048687 eijMax=3.669E-03 rmsd=7.520E-01 s=[ 0 0 0 0 1 0 1 0 0 1 1 0 0 0 ]
d_7_3=2.183671048687 eijMax=2.088E-03 rmsd=1.212E+00 s=[ 0 0 0 0 1 0 1 0 0 1 1 0 1 1 ]
d_7_3=2.183671048687 eijMax=2.901E-04 rmsd=3.347E+00 s=[ 0 0 0 0 1 0 1 1 1 0 0 1 1 1 ]
d_7_3=2.183671048687 eijMax=6.767E-03 rmsd=1.196E+00 s=[ 0 0 0 0 1 1 0 1 1 0 0 1 0 0 ]
d_7_3=2.183671048687 eijMax=2.257E-03 rmsd=6.012E-02 s=[ 0 0 0 0 1 1 0 1 1 0 0 1 1 1 ]
d_7_3=2.183671048687 eijMax=8.170E-03 rmsd=1.835E+00 s=[ 0 0 0 0 1 1 1 0 0 1 1 0 1 1 ]
d_7_3=2.185691250707 eijMax=8.606E-03 rmsd=1.723E+00 s=[ 0 0 0 0 1 0 0 1 1 0 0 1 0 0 ]
d_7_3=2.185691250707 eijMax=3.636E-03 rmsd=7.458E-01 s=[ 0 0 0 0 1 0 1 0 0 1 1 0 0 0 ]
d_7_3=2.185691250707 eijMax=2.929E-03 rmsd=1.210E+00 s=[ 0 0 0 0 1 0 1 0 0 1 1 0 1 1 ]
d_7_3=2.185691250707 eijMax=5.172E-04 rmsd=3.346E+00 s=[ 0 0 0 0 1 0 1 1 1 0 0 1 1 1 ]
d_7_3=2.185691250707 eijMax=6.352E-03 rmsd=1.197E+00 s=[ 0 0 0 0 1 1 0 1 1 0 0 1 0 0 ]
d_7_3=2.185691250707 eijMax=1.713E-03 rmsd=4.490E-02 s=[ 0 0 0 0 1 1 0 1 1 0 0 1 1 1 ]
d_7_3=2.185691250707 eijMax=7.544E-03 rmsd=1.844E+00 s=[ 0 0 0 0 1 1 1 0 0 1 1 0 1 1 ]
d_7_3=2.187711452727 eijMax=8.015E-03 rmsd=1.733E+00 s=[ 0 0 0 0 1 0 0 1 1 0 0 1 0 0 ]
d_7_3=2.187711452727 eijMax=3.593E-03 rmsd=7.399E-01 s=[ 0 0 0 0 1 0 1 0 0 1 1 0 0 0 ]
d_7_3=2.187711452727 eijMax=3.768E-03 rmsd=1.208E+00 s=[ 0 0 0 0 1 0 1 0 0 1 1 0 1 1 ]
d_7_3=2.187711452727 eijMax=7.367E-04 rmsd=3.345E+00 s=[ 0 0 0 0 1 0 1 1 1 0 0 1 1 1 ]
d_7_3=2.187711452727 eijMax=5.944E-03 rmsd=1.198E+00 s=[ 0 0 0 0 1 1 0 1 1 0 0 1 0 0 ]
d_7_3=2.187711452727 eijMax=1.160E-03 rmsd=2.992E-02 s=[ 0 0 0 0 1 1 0 1 1 0 0 1 1 1 ]
d_7_3=2.187711452727 eijMax=6.915E-03 rmsd=1.853E+00 s=[ 0 0 0 0 1 1 1 0 0 1 1 0 1 1 ]
d_7_3=2.189731654747 eijMax=7.421E-03 rmsd=1.742E+00 s=[ 0 0 0 0 1 0 0 1 1 0 0 1 0 0 ]
d_7_3=2.189731654747 eijMax=3.542E-03 rmsd=7.342E-01 s=[ 0 0 0 0 1 0 1 0 0 1 1 0 0 0 ]
d_7_3=2.189731654747 eijMax=4.607E-03 rmsd=1.206E+00 s=[ 0 0 0 0 1 0 1 0 0 1 1 0 1 1 ]
d_7_3=2.189731654747 eijMax=9.491E-04 rmsd=3.344E+00 s=[ 0 0 0 0 1 0 1 1 1 0 0 1 1 1 ]
d_7_3=2.189731654747 eijMax=5.545E-03 rmsd=1.199E+00 s=[ 0 0 0 0 1 1 0 1 1 0 0 1 0 0 ]
d_7_3=2.189731654747 eijMax=5.976E-04 rmsd=1.518E-02 s=[ 0 0 0 0 1 1 0 1 1 0 0 1 1 1 ]
d_7_3=2.189731654747 eijMax=6.284E-03 rmsd=1.862E+00 s=[ 0 0 0 0 1 1 1 0 0 1 1 0 1 1 ]
d_7_3=2.191751856768 eijMax=6.823E-03 rmsd=1.751E+00 s=[ 0 0 0 0 1 0 0 1 1 0 0 1 0 0 ]
d_7_3=2.191751856768 eijMax=3.481E-03 rmsd=7.288E-01 s=[ 0 0 0 0 1 0 1 0 0 1 1 0 0 0 ]
d_7_3=2.191751856768 eijMax=5.445E-03 rmsd=1.205E+00 s=[ 0 0 0 0 1 0 1 0 0 1 1 0 1 1 ]
d_7_3=2.191751856768 eijMax=1.155E-03 rmsd=3.343E+00 s=[ 0 0 0 0 1 0 1 1 1 0 0 1 1 1 ]
d_7_3=2.191751856768 eijMax=5.153E-03 rmsd=1.200E+00 s=[ 0 0 0 0 1 1 0 1 1 0 0 1 0 0 ]
d_7_3=2.191751856768 eijMax=2.574E-05 rmsd=6.622E-04 s=[ 0 0 0 0 1 1 0 1 1 0 0 1 1 1 ]
d_7_3=2.191751856768 eijMax=5.652E-03 rmsd=1.870E+00 s=[ 0 0 0 0 1 1 1 0 0 1 1 0 1 1 ]
d_7_3=2.193772058788 eijMax=6.221E-03 rmsd=1.759E+00 s=[ 0 0 0 0 1 0 0 1 1 0 0 1 0 0 ]
d_7_3=2.193772058788 eijMax=3.412E-03 rmsd=7.236E-01 s=[ 0 0 0 0 1 0 1 0 0 1 1 0 0 0 ]
d_7_3=2.193772058788 eijMax=6.282E-03 rmsd=1.203E+00 s=[ 0 0 0 0 1 0 1 0 0 1 1 0 1 1 ]
d_7_3=2.193772058788 eijMax=1.354E-03 rmsd=3.342E+00 s=[ 0 0 0 0 1 0 1 1 1 0 0 1 1 1 ]
d_7_3=2.193772058788 eijMax=4.769E-03 rmsd=1.202E+00 s=[ 0 0 0 0 1 1 0 1 1 0 0 1 0 0 ]
d_7_3=2.193772058788 eijMax=5.558E-04 rmsd=1.365E-02 s=[ 0 0 0 0 1 1 0 1 1 0 0 1 1 1 ]
d_7_3=2.193772058788 eijMax=5.017E-03 rmsd=1.879E+00 s=[ 0 0 0 0 1 1 1 0 0 1 1 0 1 1 ]
d_7_3=2.195792260808 eijMax=5.616E-03 rmsd=1.768E+00 s=[ 0 0 0 0 1 0 0 1 1 0 0 1 0 0 ]
d_7_3=2.195792260808 eijMax=3.334E-03 rmsd=7.187E-01 s=[ 0 0 0 0 1 0 1 0 0 1 1 0 0 0 ]
d_7_3=2.195792260808 eijMax=7.119E-03 rmsd=1.202E+00 s=[ 0 0 0 0 1 0 1 0 0 1 1 0 1 1 ]
d_7_3=2.195792260808 eijMax=1.546E-03 rmsd=3.341E+00 s=[ 0 0 0 0 1 0 1 1 1 0 0 1 1 1 ]
d_7_3=2.195792260808 eijMax=4.394E-03 rmsd=1.203E+00 s=[ 0 0 0 0 1 1 0 1 1 0 0 1 0 0 ]
d_7_3=2.195792260808 eijMax=1.147E-03 rmsd=2.777E-02 s=[ 0 0 0 0 1 1 0 1 1 0 0 1 1 1 ]
d_7_3=2.195792260808 eijMax=4.381E-03 rmsd=1.887E+00 s=[ 0 0 0 0 1 1 1 0 0 1 1 0 1 1 ]
d_7_3=2.197812462828 eijMax=5.007E-03 rmsd=1.776E+00 s=[ 0 0 0 0 1 0 0 1 1 0 0 1 0 0 ]
d_7_3=2.197812462828 eijMax=3.250E-03 rmsd=7.140E-01 s=[ 0 0 0 0 1 0 1 0 0 1 1 0 0 0 ]
d_7_3=2.197812462828 eijMax=7.956E-03 rmsd=1.201E+00 s=[ 0 0 0 0 1 0 1 0 0 1 1 0 1 1 ]
d_7_3=2.197812462828 eijMax=1.733E-03 rmsd=3.340E+00 s=[ 0 0 0 0 1 0 1 1 1 0 0 1 1 1 ]
d_7_3=2.197812462828 eijMax=4.026E-03 rmsd=1.205E+00 s=[ 0 0 0 0 1 1 0 1 1 0 0 1 0 0 ]
d_7_3=2.197812462828 eijMax=1.749E-03 rmsd=4.171E-02 s=[ 0 0 0 0 1 1 0 1 1 0 0 1 1 1 ]
d_7_3=2.197812462828 eijMax=3.743E-03 rmsd=1.895E+00 s=[ 0 0 0 0 1 1 1 0 0 1 1 0 1 1 ]
d_7_3=2.199832664848 eijMax=4.395E-03 rmsd=1.785E+00 s=[ 0 0 0 0 1 0 0 1 1 0 0 1 0 0 ]
d_7_3=2.199832664848 eijMax=3.158E-03 rmsd=7.096E-01 s=[ 0 0 0 0 1 0 1 0 0 1 1 0 0 0 ]
d_7_3=2.199832664848 eijMax=8.793E-03 rmsd=1.200E+00 s=[ 0 0 0 0 1 0 1 0 0 1 1 0 1 1 ]
d_7_3=2.199832664848 eijMax=1.915E-03 rmsd=3.339E+00 s=[ 0 0 0 0 1 0 1 1 1 0 0 1 1 1 ]
d_7_3=2.199832664848 eijMax=3.666E-03 rmsd=1.207E+00 s=[ 0 0 0 0 1 1 0 1 1 0 0 1 0 0 ]
d_7_3=2.199832664848 eijMax=2.360E-03 rmsd=5.548E-02 s=[ 0 0 0 0 1 1 0 1 1 0 0 1 1 1 ]
d_7_3=2.199832664848 eijMax=3.105E-03 rmsd=1.903E+00 s=[ 0 0 0 0 1 1 1 0 0 1 1 0 1 1 ]
d_7_3=2.201852866869 eijMax=3.780E-03 rmsd=1.793E+00 s=[ 0 0 0 0 1 0 0 1 1 0 0 1 0 0 ]
d_7_3=2.201852866869 eijMax=3.059E-03 rmsd=7.053E-01 s=[ 0 0 0 0 1 0 1 0 0 1 1 0 0 0 ]
d_7_3=2.201852866869 eijMax=9.629E-03 rmsd=1.199E+00 s=[ 0 0 0 0 1 0 1 0 0 1 1 0 1 1 ]
d_7_3=2.201852866869 eijMax=2.090E-03 rmsd=3.338E+00 s=[ 0 0 0 0 1 0 1 1 1 0 0 1 1 1 ]
d_7_3=2.201852866869 eijMax=3.314E-03 rmsd=1.209E+00 s=[ 0 0 0 0 1 1 0 1 1 0 0 1 0 0 ]
d_7_3=2.201852866869 eijMax=2.983E-03 rmsd=6.908E-02 s=[ 0 0 0 0 1 1 0 1 1 0 0 1 1 1 ]
d_7_3=2.201852866869 eijMax=2.464E-03 rmsd=1.911E+00 s=[ 0 0 0 0 1 1 1 0 0 1 1 0 1 1 ]
d_7_3=2.203873068889 eijMax=3.161E-03 rmsd=1.801E+00 s=[ 0 0 0 0 1 0 0 1 1 0 0 1 0 0 ]
d_7_3=2.203873068889 eijMax=2.953E-03 rmsd=7.013E-01 s=[ 0 0 0 0 1 0 1 0 0 1 1 0 0 0 ]
d_7_3=2.203873068889 eijMax=2.261E-03 rmsd=3.338E+00 s=[ 0 0 0 0 1 0 1 1 1 0 0 1 1 1 ]
d_7_3=2.203873068889 eijMax=2.969E-03 rmsd=1.211E+00 s=[ 0 0 0 0 1 1 0 1 1 0 0 1 0 0 ]
d_7_3=2.203873068889 eijMax=3.616E-03 rmsd=8.252E-02 s=[ 0 0 0 0 1 1 0 1 1 0 0 1 1 1 ]
d_7_3=2.203873068889 eijMax=1.823E-03 rmsd=1.919E+00 s=[ 0 0 0 0 1 1 1 0 0 1 1 0 1 1 ]
d_7_3=2.205893270909 eijMax=2.539E-03 rmsd=1.810E+00 s=[ 0 0 0 0 1 0 0 1 1 0 0 1 0 0 ]
d_7_3=2.205893270909 eijMax=2.841E-03 rmsd=6.975E-01 s=[ 0 0 0 0 1 0 1 0 0 1 1 0 0 0 ]
d_7_3=2.205893270909 eijMax=2.426E-03 rmsd=3.337E+00 s=[ 0 0 0 0 1 0 1 1 1 0 0 1 1 1 ]
d_7_3=2.205893270909 eijMax=2.633E-03 rmsd=1.213E+00 s=[ 0 0 0 0 1 1 0 1 1 0 0 1 0 0 ]
d_7_3=2.205893270909 eijMax=4.260E-03 rmsd=9.582E-02 s=[ 0 0 0 0 1 1 0 1 1 0 0 1 1 1 ]
d_7_3=2.205893270909 eijMax=1.181E-03 rmsd=1.926E+00 s=[ 0 0 0 0 1 1 1 0 0 1 1 0 1 1 ]
d_7_3=2.207913472929 eijMax=1.915E-03 rmsd=1.818E+00 s=[ 0 0 0 0 1 0 0 1 1 0 0 1 0 0 ]
d_7_3=2.207913472929 eijMax=2.724E-03 rmsd=6.939E-01 s=[ 0 0 0 0 1 0 1 0 0 1 1 0 0 0 ]
d_7_3=2.207913472929 eijMax=2.587E-03 rmsd=3.336E+00 s=[ 0 0 0 0 1 0 1 1 1 0 0 1 1 1 ]
d_7_3=2.207913472929 eijMax=2.304E-03 rmsd=1.215E+00 s=[ 0 0 0 0 1 1 0 1 1 0 0 1 0 0 ]
d_7_3=2.207913472929 eijMax=4.915E-03 rmsd=1.090E-01 s=[ 0 0 0 0 1 1 0 1 1 0 0 1 1 1 ]
d_7_3=2.207913472929 eijMax=5.377E-04 rmsd=1.934E+00 s=[ 0 0 0 0 1 1 1 0 0 1 1 0 1 1 ]
d_7_3=2.209933674949 eijMax=1.287E-03 rmsd=1.826E+00 s=[ 0 0 0 0 1 0 0 1 1 0 0 1 0 0 ]
d_7_3=2.209933674949 eijMax=2.600E-03 rmsd=6.905E-01 s=[ 0 0 0 0 1 0 1 0 0 1 1 0 0 0 ]
d_7_3=2.209933674949 eijMax=2.743E-03 rmsd=3.335E+00 s=[ 0 0 0 0 1 0 1 1 1 0 0 1 1 1 ]
d_7_3=2.209933674949 eijMax=1.984E-03 rmsd=1.217E+00 s=[ 0 0 0 0 1 1 0 1 1 0 0 1 0 0 ]
d_7_3=2.209933674949 eijMax=5.581E-03 rmsd=1.220E-01 s=[ 0 0 0 0 1 1 0 1 1 0 0 1 1 1 ]
d_7_3=2.209933674949 eijMax=1.062E-04 rmsd=1.942E+00 s=[ 0 0 0 0 1 1 1 0 0 1 1 0 1 1 ]
d_7_3=2.211953876970 eijMax=6.566E-04 rmsd=1.833E+00 s=[ 0 0 0 0 1 0 0 1 1 0 0 1 0 0 ]
d_7_3=2.211953876970 eijMax=2.471E-03 rmsd=6.873E-01 s=[ 0 0 0 0 1 0 1 0 0 1 1 0 0 0 ]
d_7_3=2.211953876970 eijMax=2.894E-03 rmsd=3.335E+00 s=[ 0 0 0 0 1 0 1 1 1 0 0 1 1 1 ]
d_7_3=2.211953876970 eijMax=1.671E-03 rmsd=1.220E+00 s=[ 0 0 0 0 1 1 0 1 1 0 0 1 0 0 ]
d_7_3=2.211953876970 eijMax=6.259E-03 rmsd=1.349E-01 s=[ 0 0 0 0 1 1 0 1 1 0 0 1 1 1 ]
d_7_3=2.211953876970 eijMax=7.510E-04 rmsd=1.949E+00 s=[ 0 0 0 0 1 1 1 0 0 1 1 0 1 1 ]
d_7_3=2.213974078990 eijMax=2.318E-05 rmsd=1.841E+00 s=[ 0 0 0 0 1 0 0 1 1 0 0 1 0 0 ]
d_7_3=2.213974078990 eijMax=2.337E-03 rmsd=6.843E-01 s=[ 0 0 0 0 1 0 1 0 0 1 1 0 0 0 ]
d_7_3=2.213974078990 eijMax=3.041E-03 rmsd=3.334E+00 s=[ 0 0 0 0 1 0 1 1 1 0 0 1 1 1 ]
d_7_3=2.213974078990 eijMax=1.366E-03 rmsd=1.222E+00 s=[ 0 0 0 0 1 1 0 1 1 0 0 1 0 0 ]
d_7_3=2.213974078990 eijMax=6.949E-03 rmsd=1.477E-01 s=[ 0 0 0 0 1 1 0 1 1 0 0 1 1 1 ]
d_7_3=2.213974078990 eijMax=1.396E-03 rmsd=1.956E+00 s=[ 0 0 0 0 1 1 1 0 0 1 1 0 1 1 ]
d_7_3=2.215994281010 eijMax=6.130E-04 rmsd=1.849E+00 s=[ 0 0 0 0 1 0 0 1 1 0 0 1 0 0 ]
d_7_3=2.215994281010 eijMax=2.197E-03 rmsd=6.814E-01 s=[ 0 0 0 0 1 0 1 0 0 1 1 0 0 0 ]
d_7_3=2.215994281010 eijMax=3.183E-03 rmsd=3.333E+00 s=[ 0 0 0 0 1 0 1 1 1 0 0 1 1 1 ]
d_7_3=2.215994281010 eijMax=1.069E-03 rmsd=1.225E+00 s=[ 0 0 0 0 1 1 0 1 1 0 0 1 0 0 ]
d_7_3=2.215994281010 eijMax=7.651E-03 rmsd=1.603E-01 s=[ 0 0 0 0 1 1 0 1 1 0 0 1 1 1 ]
d_7_3=2.215994281010 eijMax=2.042E-03 rmsd=1.964E+00 s=[ 0 0 0 0 1 1 1 0 0 1 1 0 1 1 ]
d_7_3=2.218014483030 eijMax=1.252E-03 rmsd=1.857E+00 s=[ 0 0 0 0 1 0 0 1 1 0 0 1 0 0 ]
d_7_3=2.218014483030 eijMax=2.053E-03 rmsd=6.788E-01 s=[ 0 0 0 0 1 0 1 0 0 1 1 0 0 0 ]
d_7_3=2.218014483030 eijMax=3.322E-03 rmsd=3.332E+00 s=[ 0 0 0 0 1 0 1 1 1 0 0 1 1 1 ]
d_7_3=2.218014483030 eijMax=7.803E-04 rmsd=1.228E+00 s=[ 0 0 0 0 1 1 0 1 1 0 0 1 0 0 ]
d_7_3=2.218014483030 eijMax=8.365E-03 rmsd=1.729E-01 s=[ 0 0 0 0 1 1 0 1 1 0 0 1 1 1 ]
d_7_3=2.218014483030 eijMax=2.689E-03 rmsd=1.971E+00 s=[ 0 0 0 0 1 1 1 0 0 1 1 0 1 1 ]
d_7_3=2.220034685051 eijMax=1.894E-03 rmsd=1.864E+00 s=[ 0 0 0 0 1 0 0 1 1 0 0 1 0 0 ]
d_7_3=2.220034685051 eijMax=1.904E-03 rmsd=6.763E-01 s=[ 0 0 0 0 1 0 1 0 0 1 1 0 0 0 ]
d_7_3=2.220034685051 eijMax=3.457E-03 rmsd=3.332E+00 s=[ 0 0 0 0 1 0 1 1 1 0 0 1 1 1 ]
d_7_3=2.220034685051 eijMax=4.993E-04 rmsd=1.230E+00 s=[ 0 0 0 0 1 1 0 1 1 0 0 1 0 0 ]
d_7_3=2.220034685051 eijMax=9.092E-03 rmsd=1.853E-01 s=[ 0 0 0 0 1 1 0 1 1 0 0 1 1 1 ]
d_7_3=2.220034685051 eijMax=3.335E-03 rmsd=1.978E+00 s=[ 0 0 0 0 1 1 1 0 0 1 1 0 1 1 ]
d_7_3=2.222054887071 eijMax=2.538E-03 rmsd=1.872E+00 s=[ 0 0 0 0 1 0 0 1 1 0 0 1 0 0 ]
d_7_3=2.222054887071 eijMax=1.751E-03 rmsd=6.740E-01 s=[ 0 0 0 0 1 0 1 0 0 1 1 0 0 0 ]
d_7_3=2.222054887071 eijMax=3.587E-03 rmsd=3.331E+00 s=[ 0 0 0 0 1 0 1 1 1 0 0 1 1 1 ]
d_7_3=2.222054887071 eijMax=2.262E-04 rmsd=1.233E+00 s=[ 0 0 0 0 1 1 0 1 1 0 0 1 0 0 ]
d_7_3=2.222054887071 eijMax=9.831E-03 rmsd=1.977E-01 s=[ 0 0 0 0 1 1 0 1 1 0 0 1 1 1 ]
d_7_3=2.222054887071 eijMax=3.982E-03 rmsd=1.985E+00 s=[ 0 0 0 0 1 1 1 0 0 1 1 0 1 1 ]
d_7_3=2.224075089091 eijMax=3.185E-03 rmsd=1.879E+00 s=[ 0 0 0 0 1 0 0 1 1 0 0 1 0 0 ]
d_7_3=2.224075089091 eijMax=1.593E-03 rmsd=6.718E-01 s=[ 0 0 0 0 1 0 1 0 0 1 1 0 0 0 ]
d_7_3=2.224075089091 eijMax=3.714E-03 rmsd=3.330E+00 s=[ 0 0 0 0 1 0 1 1 1 0 0 1 1 1 ]
d_7_3=2.224075089091 eijMax=3.882E-05 rmsd=1.236E+00 s=[ 0 0 0 0 1 1 0 1 1 0 0 1 0 0 ]
d_7_3=2.224075089091 eijMax=4.630E-03 rmsd=1.992E+00 s=[ 0 0 0 0 1 1 1 0 0 1 1 0 1 1 ]
d_7_3=2.226095291111 eijMax=3.834E-03 rmsd=1.886E+00 s=[ 0 0 0 0 1 0 0 1 1 0 0 1 0 0 ]
d_7_3=2.226095291111 eijMax=1.431E-03 rmsd=6.699E-01 s=[ 0 0 0 0 1 0 1 0 0 1 1 0 0 0 ]
d_7_3=2.226095291111 eijMax=3.837E-03 rmsd=3.330E+00 s=[ 0 0 0 0 1 0 1 1 1 0 0 1 1 1 ]
d_7_3=2.226095291111 eijMax=2.958E-04 rmsd=1.239E+00 s=[ 0 0 0 0 1 1 0 1 1 0 0 1 0 0 ]
d_7_3=2.226095291111 eijMax=5.277E-03 rmsd=1.999E+00 s=[ 0 0 0 0 1 1 1 0 0 1 1 0 1 1 ]
d_7_3=2.228115493131 eijMax=4.486E-03 rmsd=1.894E+00 s=[ 0 0 0 0 1 0 0 1 1 0 0 1 0 0 ]
d_7_3=2.228115493131 eijMax=1.266E-03 rmsd=6.681E-01 s=[ 0 0 0 0 1 0 1 0 0 1 1 0 0 0 ]
d_7_3=2.228115493131 eijMax=3.957E-03 rmsd=3.329E+00 s=[ 0 0 0 0 1 0 1 1 1 0 0 1 1 1 ]
d_7_3=2.228115493131 eijMax=5.447E-04 rmsd=1.242E+00 s=[ 0 0 0 0 1 1 0 1 1 0 0 1 0 0 ]
d_7_3=2.228115493131 eijMax=5.925E-03 rmsd=2.005E+00 s=[ 0 0 0 0 1 1 1 0 0 1 1 0 1 1 ]
d_7_3=2.230135695152 eijMax=5.141E-03 rmsd=1.901E+00 s=[ 0 0 0 0 1 0 0 1 1 0 0 1 0 0 ]
d_7_3=2.230135695152 eijMax=1.096E-03 rmsd=6.664E-01 s=[ 0 0 0 0 1 0 1 0 0 1 1 0 0 0 ]
d_7_3=2.230135695152 eijMax=4.073E-03 rmsd=3.328E+00 s=[ 0 0 0 0 1 0 1 1 1 0 0 1 1 1 ]
d_7_3=2.230135695152 eijMax=7.856E-04 rmsd=1.245E+00 s=[ 0 0 0 0 1 1 0 1 1 0 0 1 0 0 ]
d_7_3=2.230135695152 eijMax=6.572E-03 rmsd=2.012E+00 s=[ 0 0 0 0 1 1 1 0 0 1 1 0 1 1 ]
d_7_3=2.232155897172 eijMax=5.798E-03 rmsd=1.908E+00 s=[ 0 0 0 0 1 0 0 1 1 0 0 1 0 0 ]
d_7_3=2.232155897172 eijMax=9.236E-04 rmsd=6.650E-01 s=[ 0 0 0 0 1 0 1 0 0 1 1 0 0 0 ]
d_7_3=2.232155897172 eijMax=4.186E-03 rmsd=3.328E+00 s=[ 0 0 0 0 1 0 1 1 1 0 0 1 1 1 ]
d_7_3=2.232155897172 eijMax=1.018E-03 rmsd=1.249E+00 s=[ 0 0 0 0 1 1 0 1 1 0 0 1 0 0 ]
d_7_3=2.232155897172 eijMax=7.220E-03 rmsd=2.019E+00 s=[ 0 0 0 0 1 1 1 0 0 1 1 0 1 1 ]
d_7_3=2.234176099192 eijMax=6.457E-03 rmsd=1.915E+00 s=[ 0 0 0 0 1 0 0 1 1 0 0 1 0 0 ]
d_7_3=2.234176099192 eijMax=7.473E-04 rmsd=6.636E-01 s=[ 0 0 0 0 1 0 1 0 0 1 1 0 0 0 ]
d_7_3=2.234176099192 eijMax=4.296E-03 rmsd=3.327E+00 s=[ 0 0 0 0 1 0 1 1 1 0 0 1 1 1 ]
d_7_3=2.234176099192 eijMax=1.243E-03 rmsd=1.252E+00 s=[ 0 0 0 0 1 1 0 1 1 0 0 1 0 0 ]
d_7_3=2.234176099192 eijMax=7.867E-03 rmsd=2.025E+00 s=[ 0 0 0 0 1 1 1 0 0 1 1 0 1 1 ]
d_7_3=2.236196301212 eijMax=7.118E-03 rmsd=1.922E+00 s=[ 0 0 0 0 1 0 0 1 1 0 0 1 0 0 ]
d_7_3=2.236196301212 eijMax=5.677E-04 rmsd=6.625E-01 s=[ 0 0 0 0 1 0 1 0 0 1 1 0 0 0 ]
d_7_3=2.236196301212 eijMax=4.402E-03 rmsd=3.327E+00 s=[ 0 0 0 0 1 0 1 1 1 0 0 1 1 1 ]
d_7_3=2.236196301212 eijMax=1.459E-03 rmsd=1.255E+00 s=[ 0 0 0 0 1 1 0 1 1 0 0 1 0 0 ]
d_7_3=2.236196301212 eijMax=8.514E-03 rmsd=2.032E+00 s=[ 0 0 0 0 1 1 1 0 0 1 1 0 1 1 ]
d_7_3=2.238216503232 eijMax=7.782E-03 rmsd=1.929E+00 s=[ 0 0 0 0 1 0 0 1 1 0 0 1 0 0 ]
d_7_3=2.238216503232 eijMax=3.850E-04 rmsd=6.614E-01 s=[ 0 0 0 0 1 0 1 0 0 1 1 0 0 0 ]
d_7_3=2.238216503232 eijMax=4.505E-03 rmsd=3.326E+00 s=[ 0 0 0 0 1 0 1 1 1 0 0 1 1 1 ]
d_7_3=2.238216503232 eijMax=1.667E-03 rmsd=1.259E+00 s=[ 0 0 0 0 1 1 0 1 1 0 0 1 0 0 ]
d_7_3=2.238216503232 eijMax=9.161E-03 rmsd=2.038E+00 s=[ 0 0 0 0 1 1 1 0 0 1 1 0 1 1 ]
d_7_3=2.240236705253 eijMax=8.448E-03 rmsd=1.936E+00 s=[ 0 0 0 0 1 0 0 1 1 0 0 1 0 0 ]
d_7_3=2.240236705253 eijMax=1.992E-04 rmsd=6.606E-01 s=[ 0 0 0 0 1 0 1 0 0 1 1 0 0 0 ]
d_7_3=2.240236705253 eijMax=4.606E-03 rmsd=3.325E+00 s=[ 0 0 0 0 1 0 1 1 1 0 0 1 1 1 ]
d_7_3=2.240236705253 eijMax=1.867E-03 rmsd=1.262E+00 s=[ 0 0 0 0 1 1 0 1 1 0 0 1 0 0 ]
d_7_3=2.240236705253 eijMax=9.808E-03 rmsd=2.044E+00 s=[ 0 0 0 0 1 1 1 0 0 1 1 0 1 1 ]
d_7_3=2.242256907273 eijMax=9.117E-03 rmsd=1.943E+00 s=[ 0 0 0 0 1 0 0 1 1 0 0 1 0 0 ]
d_7_3=2.242256907273 eijMax=1.066E-05 rmsd=6.598E-01 s=[ 0 0 0 0 1 0 1 0 0 1 1 0 0 0 ]
d_7_3=2.242256907273 eijMax=4.703E-03 rmsd=3.325E+00 s=[ 0 0 0 0 1 0 1 1 1 0 0 1 1 1 ]
d_7_3=2.242256907273 eijMax=2.058E-03 rmsd=1.265E+00 s=[ 0 0 0 0 1 1 0 1 1 0 0 1 0 0 ]
d_7_3=2.244277109293 eijMax=9.788E-03 rmsd=1.950E+00 s=[ 0 0 0 0 1 0 0 1 1 0 0 1 0 0 ]
d_7_3=2.244277109293 eijMax=9.916E-03 rmsd=1.654E+00 s=[ 0 0 0 0 1 0 0 1 1 0 0 1 1 1 ]
d_7_3=2.244277109293 eijMax=1.807E-04 rmsd=6.593E-01 s=[ 0 0 0 0 1 0 1 0 0 1 1 0 0 0 ]
d_7_3=2.244277109293 eijMax=4.797E-03 rmsd=3.324E+00 s=[ 0 0 0 0 1 0 1 1 1 0 0 1 1 1 ]
d_7_3=2.244277109293 eijMax=2.241E-03 rmsd=1.269E+00 s=[ 0 0 0 0 1 1 0 1 1 0 0 1 0 0 ]
d_7_3=2.246297311313 eijMax=9.784E-03 rmsd=1.662E+00 s=[ 0 0 0 0 1 0 0 1 1 0 0 1 1 1 ]
d_7_3=2.246297311313 eijMax=3.746E-04 rmsd=6.588E-01 s=[ 0 0 0 0 1 0 1 0 0 1 1 0 0 0 ]
d_7_3=2.246297311313 eijMax=4.888E-03 rmsd=3.324E+00 s=[ 0 0 0 0 1 0 1 1 1 0 0 1 1 1 ]
d_7_3=2.246297311313 eijMax=2.416E-03 rmsd=1.273E+00 s=[ 0 0 0 0 1 1 0 1 1 0 0 1 0 0 ]
d_7_3=2.248317513333 eijMax=9.652E-03 rmsd=1.670E+00 s=[ 0 0 0 0 1 0 0 1 1 0 0 1 1 1 ]
d_7_3=2.248317513333 eijMax=5.710E-04 rmsd=6.585E-01 s=[ 0 0 0 0 1 0 1 0 0 1 1 0 0 0 ]
d_7_3=2.248317513333 eijMax=4.977E-03 rmsd=3.323E+00 s=[ 0 0 0 0 1 0 1 1 1 0 0 1 1 1 ]
d_7_3=2.248317513333 eijMax=2.582E-03 rmsd=1.276E+00 s=[ 0 0 0 0 1 1 0 1 1 0 0 1 0 0 ]
d_7_3=2.250337715354 eijMax=9.519E-03 rmsd=1.678E+00 s=[ 0 0 0 0 1 0 0 1 1 0 0 1 1 1 ]
d_7_3=2.250337715354 eijMax=7.698E-04 rmsd=6.583E-01 s=[ 0 0 0 0 1 0 1 0 0 1 1 0 0 0 ]
d_7_3=2.250337715354 eijMax=5.062E-03 rmsd=3.323E+00 s=[ 0 0 0 0 1 0 1 1 1 0 0 1 1 1 ]
d_7_3=2.250337715354 eijMax=2.740E-03 rmsd=1.280E+00 s=[ 0 0 0 0 1 1 0 1 1 0 0 1 0 0 ]
d_7_3=2.252357917374 eijMax=9.384E-03 rmsd=1.686E+00 s=[ 0 0 0 0 1 0 0 1 1 0 0 1 1 1 ]
d_7_3=2.252357917374 eijMax=9.708E-04 rmsd=6.583E-01 s=[ 0 0 0 0 1 0 1 0 0 1 1 0 0 0 ]
d_7_3=2.252357917374 eijMax=5.145E-03 rmsd=3.322E+00 s=[ 0 0 0 0 1 0 1 1 1 0 0 1 1 1 ]
d_7_3=2.252357917374 eijMax=2.889E-03 rmsd=1.284E+00 s=[ 0 0 0 0 1 1 0 1 1 0 0 1 0 0 ]
d_7_3=2.254378119394 eijMax=9.249E-03 rmsd=1.694E+00 s=[ 0 0 0 0 1 0 0 1 1 0 0 1 1 1 ]
d_7_3=2.254378119394 eijMax=1.174E-03 rmsd=6.584E-01 s=[ 0 0 0 0 1 0 1 0 0 1 1 0 0 0 ]
d_7_3=2.254378119394 eijMax=5.226E-03 rmsd=3.322E+00 s=[ 0 0 0 0 1 0 1 1 1 0 0 1 1 1 ]
d_7_3=2.254378119394 eijMax=3.030E-03 rmsd=1.288E+00 s=[ 0 0 0 0 1 1 0 1 1 0 0 1 0 0 ]
d_7_3=2.256398321414 eijMax=9.113E-03 rmsd=1.701E+00 s=[ 0 0 0 0 1 0 0 1 1 0 0 1 1 1 ]
d_7_3=2.256398321414 eijMax=1.379E-03 rmsd=6.586E-01 s=[ 0 0 0 0 1 0 1 0 0 1 1 0 0 0 ]
d_7_3=2.256398321414 eijMax=5.303E-03 rmsd=3.321E+00 s=[ 0 0 0 0 1 0 1 1 1 0 0 1 1 1 ]
d_7_3=2.256398321414 eijMax=3.162E-03 rmsd=1.292E+00 s=[ 0 0 0 0 1 1 0 1 1 0 0 1 0 0 ]
d_7_3=2.258418523434 eijMax=8.976E-03 rmsd=1.709E+00 s=[ 0 0 0 0 1 0 0 1 1 0 0 1 1 1 ]
d_7_3=2.258418523434 eijMax=1.586E-03 rmsd=6.589E-01 s=[ 0 0 0 0 1 0 1 0 0 1 1 0 0 0 ]
d_7_3=2.258418523434 eijMax=5.379E-03 rmsd=3.321E+00 s=[ 0 0 0 0 1 0 1 1 1 0 0 1 1 1 ]
d_7_3=2.258418523434 eijMax=3.285E-03 rmsd=1.296E+00 s=[ 0 0 0 0 1 1 0 1 1 0 0 1 0 0 ]
d_7_3=2.260438725455 eijMax=8.838E-03 rmsd=1.717E+00 s=[ 0 0 0 0 1 0 0 1 1 0 0 1 1 1 ]
d_7_3=2.260438725455 eijMax=1.795E-03 rmsd=6.594E-01 s=[ 0 0 0 0 1 0 1 0 0 1 1 0 0 0 ]
d_7_3=2.260438725455 eijMax=5.451E-03 rmsd=3.320E+00 s=[ 0 0 0 0 1 0 1 1 1 0 0 1 1 1 ]
d_7_3=2.260438725455 eijMax=3.400E-03 rmsd=1.300E+00 s=[ 0 0 0 0 1 1 0 1 1 0 0 1 0 0 ]
d_7_3=2.262458927475 eijMax=8.699E-03 rmsd=1.724E+00 s=[ 0 0 0 0 1 0 0 1 1 0 0 1 1 1 ]
d_7_3=2.262458927475 eijMax=2.006E-03 rmsd=6.600E-01 s=[ 0 0 0 0 1 0 1 0 0 1 1 0 0 0 ]
d_7_3=2.262458927475 eijMax=5.521E-03 rmsd=3.320E+00 s=[ 0 0 0 0 1 0 1 1 1 0 0 1 1 1 ]
d_7_3=2.262458927475 eijMax=3.505E-03 rmsd=1.304E+00 s=[ 0 0 0 0 1 1 0 1 1 0 0 1 0 0 ]
d_7_3=2.264479129495 eijMax=8.560E-03 rmsd=1.732E+00 s=[ 0 0 0 0 1 0 0 1 1 0 0 1 1 1 ]
d_7_3=2.264479129495 eijMax=2.219E-03 rmsd=6.607E-01 s=[ 0 0 0 0 1 0 1 0 0 1 1 0 0 0 ]
d_7_3=2.264479129495 eijMax=5.589E-03 rmsd=3.319E+00 s=[ 0 0 0 0 1 0 1 1 1 0 0 1 1 1 ]
d_7_3=2.264479129495 eijMax=3.602E-03 rmsd=1.308E+00 s=[ 0 0 0 0 1 1 0 1 1 0 0 1 0 0 ]
d_7_3=2.266499331515 eijMax=8.419E-03 rmsd=1.739E+00 s=[ 0 0 0 0 1 0 0 1 1 0 0 1 1 1 ]
d_7_3=2.266499331515 eijMax=2.433E-03 rmsd=6.615E-01 s=[ 0 0 0 0 1 0 1 0 0 1 1 0 0 0 ]
d_7_3=2.266499331515 eijMax=5.654E-03 rmsd=3.319E+00 s=[ 0 0 0 0 1 0 1 1 1 0 0 1 1 1 ]
d_7_3=2.266499331515 eijMax=3.690E-03 rmsd=1.312E+00 s=[ 0 0 0 0 1 1 0 1 1 0 0 1 0 0 ]
d_7_3=2.268519533535 eijMax=8.278E-03 rmsd=1.747E+00 s=[ 0 0 0 0 1 0 0 1 1 0 0 1 1 1 ]
d_7_3=2.268519533535 eijMax=2.648E-03 rmsd=6.625E-01 s=[ 0 0 0 0 1 0 1 0 0 1 1 0 0 0 ]
d_7_3=2.268519533535 eijMax=5.717E-03 rmsd=3.318E+00 s=[ 0 0 0 0 1 0 1 1 1 0 0 1 1 1 ]
d_7_3=2.268519533535 eijMax=3.770E-03 rmsd=1.316E+00 s=[ 0 0 0 0 1 1 0 1 1 0 0 1 0 0 ]
d_7_3=2.270539735556 eijMax=8.135E-03 rmsd=1.754E+00 s=[ 0 0 0 0 1 0 0 1 1 0 0 1 1 1 ]
d_7_3=2.270539735556 eijMax=2.865E-03 rmsd=6.635E-01 s=[ 0 0 0 0 1 0 1 0 0 1 1 0 0 0 ]
d_7_3=2.270539735556 eijMax=5.778E-03 rmsd=3.316E+00 s=[ 0 0 0 0 1 0 1 1 1 0 0 1 1 1 ]
d_7_3=2.270539735556 eijMax=3.840E-03 rmsd=1.320E+00 s=[ 0 0 0 0 1 1 0 1 1 0 0 1 0 0 ]
d_7_3=2.272559937576 eijMax=7.992E-03 rmsd=1.761E+00 s=[ 0 0 0 0 1 0 0 1 1 0 0 1 1 1 ]
d_7_3=2.272559937576 eijMax=3.083E-03 rmsd=6.647E-01 s=[ 0 0 0 0 1 0 1 0 0 1 1 0 0 0 ]
d_7_3=2.272559937576 eijMax=5.836E-03 rmsd=3.311E+00 s=[ 0 0 0 0 1 0 1 1 1 0 0 1 1 1 ]
d_7_3=2.272559937576 eijMax=3.901E-03 rmsd=1.324E+00 s=[ 0 0 0 0 1 1 0 1 1 0 0 1 0 0 ]
d_7_3=2.274580139596 eijMax=7.848E-03 rmsd=1.768E+00 s=[ 0 0 0 0 1 0 0 1 1 0 0 1 1 1 ]
d_7_3=2.274580139596 eijMax=3.302E-03 rmsd=6.660E-01 s=[ 0 0 0 0 1 0 1 0 0 1 1 0 0 0 ]
d_7_3=2.274580139596 eijMax=5.892E-03 rmsd=3.305E+00 s=[ 0 0 0 0 1 0 1 1 1 0 0 1 1 1 ]
d_7_3=2.274580139596 eijMax=3.953E-03 rmsd=1.329E+00 s=[ 0 0 0 0 1 1 0 1 1 0 0 1 0 0 ]
d_7_3=2.276600341616 eijMax=7.703E-03 rmsd=1.775E+00 s=[ 0 0 0 0 1 0 0 1 1 0 0 1 1 1 ]
d_7_3=2.276600341616 eijMax=3.522E-03 rmsd=6.673E-01 s=[ 0 0 0 0 1 0 1 0 0 1 1 0 0 0 ]
d_7_3=2.276600341616 eijMax=5.946E-03 rmsd=3.299E+00 s=[ 0 0 0 0 1 0 1 1 1 0 0 1 1 1 ]
d_7_3=2.276600341616 eijMax=3.996E-03 rmsd=1.333E+00 s=[ 0 0 0 0 1 1 0 1 1 0 0 1 0 0 ]
d_7_3=2.278620543636 eijMax=7.557E-03 rmsd=1.782E+00 s=[ 0 0 0 0 1 0 0 1 1 0 0 1 1 1 ]
d_7_3=2.278620543636 eijMax=3.744E-03 rmsd=6.688E-01 s=[ 0 0 0 0 1 0 1 0 0 1 1 0 0 0 ]
d_7_3=2.278620543636 eijMax=5.997E-03 rmsd=3.294E+00 s=[ 0 0 0 0 1 0 1 1 1 0 0 1 1 1 ]
d_7_3=2.278620543636 eijMax=4.030E-03 rmsd=1.338E+00 s=[ 0 0 0 0 1 1 0 1 1 0 0 1 0 0 ]
d_7_3=2.280640745657 eijMax=7.411E-03 rmsd=1.789E+00 s=[ 0 0 0 0 1 0 0 1 1 0 0 1 1 1 ]
d_7_3=2.280640745657 eijMax=3.966E-03 rmsd=6.704E-01 s=[ 0 0 0 0 1 0 1 0 0 1 1 0 0 0 ]
d_7_3=2.280640745657 eijMax=6.047E-03 rmsd=3.288E+00 s=[ 0 0 0 0 1 0 1 1 1 0 0 1 1 1 ]
d_7_3=2.280640745657 eijMax=4.054E-03 rmsd=1.342E+00 s=[ 0 0 0 0 1 1 0 1 1 0 0 1 0 0 ]
d_7_3=2.282660947677 eijMax=7.264E-03 rmsd=1.796E+00 s=[ 0 0 0 0 1 0 0 1 1 0 0 1 1 1 ]
d_7_3=2.282660947677 eijMax=4.189E-03 rmsd=6.721E-01 s=[ 0 0 0 0 1 0 1 0 0 1 1 0 0 0 ]
d_7_3=2.282660947677 eijMax=6.094E-03 rmsd=3.283E+00 s=[ 0 0 0 0 1 0 1 1 1 0 0 1 1 1 ]
d_7_3=2.282660947677 eijMax=4.070E-03 rmsd=1.346E+00 s=[ 0 0 0 0 1 1 0 1 1 0 0 1 0 0 ]
d_7_3=2.284681149697 eijMax=7.115E-03 rmsd=1.803E+00 s=[ 0 0 0 0 1 0 0 1 1 0 0 1 1 1 ]
d_7_3=2.284681149697 eijMax=4.413E-03 rmsd=6.739E-01 s=[ 0 0 0 0 1 0 1 0 0 1 1 0 0 0 ]
d_7_3=2.284681149697 eijMax=6.139E-03 rmsd=3.277E+00 s=[ 0 0 0 0 1 0 1 1 1 0 0 1 1 1 ]
d_7_3=2.284681149697 eijMax=4.075E-03 rmsd=1.351E+00 s=[ 0 0 0 0 1 1 0 1 1 0 0 1 0 0 ]
d_7_3=2.286701351717 eijMax=6.966E-03 rmsd=1.810E+00 s=[ 0 0 0 0 1 0 0 1 1 0 0 1 1 1 ]
d_7_3=2.286701351717 eijMax=4.638E-03 rmsd=6.758E-01 s=[ 0 0 0 0 1 0 1 0 0 1 1 0 0 0 ]
d_7_3=2.286701351717 eijMax=6.182E-03 rmsd=3.272E+00 s=[ 0 0 0 0 1 0 1 1 1 0 0 1 1 1 ]
d_7_3=2.286701351717 eijMax=4.072E-03 rmsd=1.356E+00 s=[ 0 0 0 0 1 1 0 1 1 0 0 1 0 0 ]
d_7_3=2.288721553737 eijMax=6.817E-03 rmsd=1.817E+00 s=[ 0 0 0 0 1 0 0 1 1 0 0 1 1 1 ]
d_7_3=2.288721553737 eijMax=4.864E-03 rmsd=6.777E-01 s=[ 0 0 0 0 1 0 1 0 0 1 1 0 0 0 ]
d_7_3=2.288721553737 eijMax=6.223E-03 rmsd=3.267E+00 s=[ 0 0 0 0 1 0 1 1 1 0 0 1 1 1 ]
d_7_3=2.288721553737 eijMax=4.059E-03 rmsd=1.360E+00 s=[ 0 0 0 0 1 1 0 1 1 0 0 1 0 0 ]
d_7_3=2.290741755758 eijMax=6.666E-03 rmsd=1.824E+00 s=[ 0 0 0 0 1 0 0 1 1 0 0 1 1 1 ]
d_7_3=2.290741755758 eijMax=5.090E-03 rmsd=6.798E-01 s=[ 0 0 0 0 1 0 1 0 0 1 1 0 0 0 ]
d_7_3=2.290741755758 eijMax=6.262E-03 rmsd=3.261E+00 s=[ 0 0 0 0 1 0 1 1 1 0 0 1 1 1 ]
d_7_3=2.290741755758 eijMax=4.037E-03 rmsd=1.365E+00 s=[ 0 0 0 0 1 1 0 1 1 0 0 1 0 0 ]
d_7_3=2.292761957778 eijMax=6.515E-03 rmsd=1.830E+00 s=[ 0 0 0 0 1 0 0 1 1 0 0 1 1 1 ]
d_7_3=2.292761957778 eijMax=5.316E-03 rmsd=6.820E-01 s=[ 0 0 0 0 1 0 1 0 0 1 1 0 0 0 ]
d_7_3=2.292761957778 eijMax=6.298E-03 rmsd=3.256E+00 s=[ 0 0 0 0 1 0 1 1 1 0 0 1 1 1 ]
d_7_3=2.292761957778 eijMax=4.005E-03 rmsd=1.369E+00 s=[ 0 0 0 0 1 1 0 1 1 0 0 1 0 0 ]
d_7_3=2.294782159798 eijMax=6.363E-03 rmsd=1.837E+00 s=[ 0 0 0 0 1 0 0 1 1 0 0 1 1 1 ]
d_7_3=2.294782159798 eijMax=5.543E-03 rmsd=6.842E-01 s=[ 0 0 0 0 1 0 1 0 0 1 1 0 0 0 ]
d_7_3=2.294782159798 eijMax=6.333E-03 rmsd=3.251E+00 s=[ 0 0 0 0 1 0 1 1 1 0 0 1 1 1 ]
d_7_3=2.294782159798 eijMax=3.963E-03 rmsd=1.374E+00 s=[ 0 0 0 0 1 1 0 1 1 0 0 1 0 0 ]
d_7_3=2.296802361818 eijMax=6.210E-03 rmsd=1.844E+00 s=[ 0 0 0 0 1 0 0 1 1 0 0 1 1 1 ]
d_7_3=2.296802361818 eijMax=5.770E-03 rmsd=6.865E-01 s=[ 0 0 0 0 1 0 1 0 0 1 1 0 0 0 ]
d_7_3=2.296802361818 eijMax=6.366E-03 rmsd=3.245E+00 s=[ 0 0 0 0 1 0 1 1 1 0 0 1 1 1 ]
d_7_3=2.296802361818 eijMax=3.912E-03 rmsd=1.379E+00 s=[ 0 0 0 0 1 1 0 1 1 0 0 1 0 0 ]
d_7_3=2.298822563838 eijMax=6.056E-03 rmsd=1.850E+00 s=[ 0 0 0 0 1 0 0 1 1 0 0 1 1 1 ]
d_7_3=2.298822563838 eijMax=5.998E-03 rmsd=6.890E-01 s=[ 0 0 0 0 1 0 1 0 0 1 1 0 0 0 ]
d_7_3=2.298822563838 eijMax=6.397E-03 rmsd=3.240E+00 s=[ 0 0 0 0 1 0 1 1 1 0 0 1 1 1 ]
d_7_3=2.298822563838 eijMax=3.851E-03 rmsd=1.384E+00 s=[ 0 0 0 0 1 1 0 1 1 0 0 1 0 0 ]
d_7_3=2.300842765859 eijMax=5.902E-03 rmsd=1.857E+00 s=[ 0 0 0 0 1 0 0 1 1 0 0 1 1 1 ]
d_7_3=2.300842765859 eijMax=6.226E-03 rmsd=6.915E-01 s=[ 0 0 0 0 1 0 1 0 0 1 1 0 0 0 ]
d_7_3=2.300842765859 eijMax=6.425E-03 rmsd=3.235E+00 s=[ 0 0 0 0 1 0 1 1 1 0 0 1 1 1 ]
d_7_3=2.300842765859 eijMax=3.781E-03 rmsd=1.388E+00 s=[ 0 0 0 0 1 1 0 1 1 0 0 1 0 0 ]
d_7_3=2.302862967879 eijMax=5.747E-03 rmsd=1.863E+00 s=[ 0 0 0 0 1 0 0 1 1 0 0 1 1 1 ]
d_7_3=2.302862967879 eijMax=6.454E-03 rmsd=6.941E-01 s=[ 0 0 0 0 1 0 1 0 0 1 1 0 0 0 ]
d_7_3=2.302862967879 eijMax=6.452E-03 rmsd=3.230E+00 s=[ 0 0 0 0 1 0 1 1 1 0 0 1 1 1 ]
d_7_3=2.302862967879 eijMax=3.700E-03 rmsd=1.393E+00 s=[ 0 0 0 0 1 1 0 1 1 0 0 1 0 0 ]
d_7_3=2.304883169899 eijMax=5.591E-03 rmsd=1.870E+00 s=[ 0 0 0 0 1 0 0 1 1 0 0 1 1 1 ]
d_7_3=2.304883169899 eijMax=6.682E-03 rmsd=6.967E-01 s=[ 0 0 0 0 1 0 1 0 0 1 1 0 0 0 ]
d_7_3=2.304883169899 eijMax=6.477E-03 rmsd=3.225E+00 s=[ 0 0 0 0 1 0 1 1 1 0 0 1 1 1 ]
d_7_3=2.304883169899 eijMax=3.610E-03 rmsd=1.398E+00 s=[ 0 0 0 0 1 1 0 1 1 0 0 1 0 0 ]
d_7_3=2.306903371919 eijMax=5.434E-03 rmsd=1.876E+00 s=[ 0 0 0 0 1 0 0 1 1 0 0 1 1 1 ]
d_7_3=2.306903371919 eijMax=6.910E-03 rmsd=6.995E-01 s=[ 0 0 0 0 1 0 1 0 0 1 1 0 0 0 ]
d_7_3=2.306903371919 eijMax=6.500E-03 rmsd=3.220E+00 s=[ 0 0 0 0 1 0 1 1 1 0 0 1 1 1 ]
d_7_3=2.306903371919 eijMax=3.510E-03 rmsd=1.403E+00 s=[ 0 0 0 0 1 1 0 1 1 0 0 1 0 0 ]
d_7_3=2.308923573939 eijMax=5.277E-03 rmsd=1.882E+00 s=[ 0 0 0 0 1 0 0 1 1 0 0 1 1 1 ]
d_7_3=2.308923573939 eijMax=7.138E-03 rmsd=7.023E-01 s=[ 0 0 0 0 1 0 1 0 0 1 1 0 0 0 ]
d_7_3=2.308923573939 eijMax=6.521E-03 rmsd=3.214E+00 s=[ 0 0 0 0 1 0 1 1 1 0 0 1 1 1 ]
d_7_3=2.308923573939 eijMax=3.399E-03 rmsd=1.408E+00 s=[ 0 0 0 0 1 1 0 1 1 0 0 1 0 0 ]
d_7_3=2.310943775960 eijMax=5.119E-03 rmsd=1.889E+00 s=[ 0 0 0 0 1 0 0 1 1 0 0 1 1 1 ]
d_7_3=2.310943775960 eijMax=7.366E-03 rmsd=7.052E-01 s=[ 0 0 0 0 1 0 1 0 0 1 1 0 0 0 ]
d_7_3=2.310943775960 eijMax=6.540E-03 rmsd=3.209E+00 s=[ 0 0 0 0 1 0 1 1 1 0 0 1 1 1 ]
d_7_3=2.310943775960 eijMax=3.279E-03 rmsd=1.413E+00 s=[ 0 0 0 0 1 1 0 1 1 0 0 1 0 0 ]
d_7_3=2.312963977980 eijMax=4.960E-03 rmsd=1.895E+00 s=[ 0 0 0 0 1 0 0 1 1 0 0 1 1 1 ]
d_7_3=2.312963977980 eijMax=7.594E-03 rmsd=7.081E-01 s=[ 0 0 0 0 1 0 1 0 0 1 1 0 0 0 ]
d_7_3=2.312963977980 eijMax=6.557E-03 rmsd=3.204E+00 s=[ 0 0 0 0 1 0 1 1 1 0 0 1 1 1 ]
d_7_3=2.312963977980 eijMax=3.149E-03 rmsd=1.418E+00 s=[ 0 0 0 0 1 1 0 1 1 0 0 1 0 0 ]
d_7_3=2.314984180000 eijMax=4.801E-03 rmsd=1.901E+00 s=[ 0 0 0 0 1 0 0 1 1 0 0 1 1 1 ]
d_7_3=2.314984180000 eijMax=7.822E-03 rmsd=7.112E-01 s=[ 0 0 0 0 1 0 1 0 0 1 1 0 0 0 ]
d_7_3=2.314984180000 eijMax=6.572E-03 rmsd=3.199E+00 s=[ 0 0 0 0 1 0 1 1 1 0 0 1 1 1 ]
d_7_3=2.314984180000 eijMax=3.008E-03 rmsd=1.423E+00 s=[ 0 0 0 0 1 1 0 1 1 0 0 1 0 0 ]
d_7_3=2.137206402222 eijMax=7.246E-03 rmsd=1.230E+00 s=[ 0 0 0 1 0 0 0 1 1 0 0 1 1 1 ]
d_7_3=2.137206402222 eijMax=2.411E-03 rmsd=1.080E+00 s=[ 0 0 0 1 0 1 0 1 1 0 0 1 1 1 ]
d_7_3=2.139226604242 eijMax=8.773E-03 rmsd=1.276E+00 s=[ 0 0 0 1 0 0 0 1 1 0 0 1 1 1 ]
d_7_3=2.139226604242 eijMax=9.217E-03 rmsd=3.381E+00 s=[ 0 0 0 1 0 1 0 0 0 1 1 0 0 0 ]
d_7_3=2.139226604242 eijMax=1.107E-03 rmsd=1.036E+00 s=[ 0 0 0 1 0 1 0 1 1 0 0 1 1 1 ]
d_7_3=2.141246806263 eijMax=9.861E-03 rmsd=1.309E+00 s=[ 0 0 0 1 0 0 0 1 1 0 0 1 1 1 ]
d_7_3=2.141246806263 eijMax=8.210E-03 rmsd=3.378E+00 s=[ 0 0 0 1 0 1 0 0 0 1 1 0 0 0 ]
d_7_3=2.141246806263 eijMax=2.415E-04 rmsd=1.005E+00 s=[ 0 0 0 1 0 1 0 1 1 0 0 1 1 1 ]
d_7_3=2.143267008283 eijMax=7.392E-03 rmsd=3.376E+00 s=[ 0 0 0 1 0 1 0 0 0 1 1 0 0 0 ]
d_7_3=2.143267008283 eijMax=4.210E-04 rmsd=9.804E-01 s=[ 0 0 0 1 0 1 0 1 1 0 0 1 1 1 ]
d_7_3=2.145287210303 eijMax=6.689E-03 rmsd=3.373E+00 s=[ 0 0 0 1 0 1 0 0 0 1 1 0 0 0 ]
d_7_3=2.145287210303 eijMax=9.574E-04 rmsd=9.589E-01 s=[ 0 0 0 1 0 1 0 1 1 0 0 1 1 1 ]
d_7_3=2.147307412323 eijMax=6.065E-03 rmsd=3.371E+00 s=[ 0 0 0 1 0 1 0 0 0 1 1 0 0 0 ]
d_7_3=2.147307412323 eijMax=1.405E-03 rmsd=9.399E-01 s=[ 0 0 0 1 0 1 0 1 1 0 0 1 1 1 ]
d_7_3=2.149327614343 eijMax=5.502E-03 rmsd=3.369E+00 s=[ 0 0 0 1 0 1 0 0 0 1 1 0 0 0 ]
d_7_3=2.149327614343 eijMax=1.784E-03 rmsd=9.227E-01 s=[ 0 0 0 1 0 1 0 1 1 0 0 1 1 1 ]
d_7_3=2.151347816364 eijMax=9.951E-03 rmsd=3.626E-01 s=[ 0 0 0 1 0 0 1 0 0 1 1 0 0 0 ]
d_7_3=2.151347816364 eijMax=4.985E-03 rmsd=3.368E+00 s=[ 0 0 0 1 0 1 0 0 0 1 1 0 0 0 ]
d_7_3=2.151347816364 eijMax=2.108E-03 rmsd=9.070E-01 s=[ 0 0 0 1 0 1 0 1 1 0 0 1 1 1 ]
d_7_3=2.153368018384 eijMax=9.511E-03 rmsd=3.381E-01 s=[ 0 0 0 1 0 0 1 0 0 1 1 0 0 0 ]
d_7_3=2.153368018384 eijMax=4.507E-03 rmsd=3.366E+00 s=[ 0 0 0 1 0 1 0 0 0 1 1 0 0 0 ]
d_7_3=2.153368018384 eijMax=2.388E-03 rmsd=8.926E-01 s=[ 0 0 0 1 0 1 0 1 1 0 0 1 1 1 ]
d_7_3=2.155388220404 eijMax=9.068E-03 rmsd=3.148E-01 s=[ 0 0 0 1 0 0 1 0 0 1 1 0 0 0 ]
d_7_3=2.155388220404 eijMax=4.062E-03 rmsd=3.364E+00 s=[ 0 0 0 1 0 1 0 0 0 1 1 0 0 0 ]
d_7_3=2.155388220404 eijMax=9.921E-03 rmsd=1.267E+00 s=[ 0 0 0 1 0 1 0 1 1 0 0 1 0 0 ]
d_7_3=2.155388220404 eijMax=2.629E-03 rmsd=8.791E-01 s=[ 0 0 0 1 0 1 0 1 1 0 0 1 1 1 ]
d_7_3=2.157408422424 eijMax=8.622E-03 rmsd=2.926E-01 s=[ 0 0 0 1 0 0 1 0 0 1 1 0 0 0 ]
d_7_3=2.157408422424 eijMax=3.644E-03 rmsd=3.363E+00 s=[ 0 0 0 1 0 1 0 0 0 1 1 0 0 0 ]
d_7_3=2.157408422424 eijMax=9.036E-03 rmsd=1.261E+00 s=[ 0 0 0 1 0 1 0 1 1 0 0 1 0 0 ]
d_7_3=2.157408422424 eijMax=2.838E-03 rmsd=8.665E-01 s=[ 0 0 0 1 0 1 0 1 1 0 0 1 1 1 ]
d_7_3=2.159428624444 eijMax=8.171E-03 rmsd=2.713E-01 s=[ 0 0 0 1 0 0 1 0 0 1 1 0 0 0 ]
d_7_3=2.159428624444 eijMax=3.249E-03 rmsd=3.361E+00 s=[ 0 0 0 1 0 1 0 0 0 1 1 0 0 0 ]
d_7_3=2.159428624444 eijMax=8.157E-03 rmsd=1.255E+00 s=[ 0 0 0 1 0 1 0 1 1 0 0 1 0 0 ]
d_7_3=2.159428624444 eijMax=3.017E-03 rmsd=8.547E-01 s=[ 0 0 0 1 0 1 0 1 1 0 0 1 1 1 ]
d_7_3=2.161448826465 eijMax=7.716E-03 rmsd=2.508E-01 s=[ 0 0 0 1 0 0 1 0 0 1 1 0 0 0 ]
d_7_3=2.161448826465 eijMax=2.876E-03 rmsd=3.360E+00 s=[ 0 0 0 1 0 1 0 0 0 1 1 0 0 0 ]
d_7_3=2.161448826465 eijMax=7.284E-03 rmsd=1.249E+00 s=[ 0 0 0 1 0 1 0 1 1 0 0 1 0 0 ]
d_7_3=2.161448826465 eijMax=3.170E-03 rmsd=8.435E-01 s=[ 0 0 0 1 0 1 0 1 1 0 0 1 1 1 ]
d_7_3=2.163469028485 eijMax=7.254E-03 rmsd=2.311E-01 s=[ 0 0 0 1 0 0 1 0 0 1 1 0 0 0 ]
d_7_3=2.163469028485 eijMax=2.522E-03 rmsd=3.358E+00 s=[ 0 0 0 1 0 1 0 0 0 1 1 0 0 0 ]
d_7_3=2.163469028485 eijMax=6.417E-03 rmsd=1.244E+00 s=[ 0 0 0 1 0 1 0 1 1 0 0 1 0 0 ]
d_7_3=2.163469028485 eijMax=3.300E-03 rmsd=8.330E-01 s=[ 0 0 0 1 0 1 0 1 1 0 0 1 1 1 ]
d_7_3=2.165489230505 eijMax=6.787E-03 rmsd=2.120E-01 s=[ 0 0 0 1 0 0 1 0 0 1 1 0 0 0 ]
d_7_3=2.165489230505 eijMax=2.185E-03 rmsd=3.357E+00 s=[ 0 0 0 1 0 1 0 0 0 1 1 0 0 0 ]
d_7_3=2.165489230505 eijMax=5.554E-03 rmsd=1.240E+00 s=[ 0 0 0 1 0 1 0 1 1 0 0 1 0 0 ]
d_7_3=2.165489230505 eijMax=3.408E-03 rmsd=8.230E-01 s=[ 0 0 0 1 0 1 0 1 1 0 0 1 1 1 ]
d_7_3=2.167509432525 eijMax=6.313E-03 rmsd=1.934E-01 s=[ 0 0 0 1 0 0 1 0 0 1 1 0 0 0 ]
d_7_3=2.167509432525 eijMax=1.862E-03 rmsd=3.356E+00 s=[ 0 0 0 1 0 1 0 0 0 1 1 0 0 0 ]
d_7_3=2.167509432525 eijMax=4.695E-03 rmsd=1.235E+00 s=[ 0 0 0 1 0 1 0 1 1 0 0 1 0 0 ]
d_7_3=2.167509432525 eijMax=3.498E-03 rmsd=8.135E-01 s=[ 0 0 0 1 0 1 0 1 1 0 0 1 1 1 ]
d_7_3=2.169529634545 eijMax=5.833E-03 rmsd=1.754E-01 s=[ 0 0 0 1 0 0 1 0 0 1 1 0 0 0 ]
d_7_3=2.169529634545 eijMax=9.912E-03 rmsd=1.195E+00 s=[ 0 0 0 1 0 0 1 0 0 1 1 0 1 1 ]
d_7_3=2.169529634545 eijMax=1.554E-03 rmsd=3.355E+00 s=[ 0 0 0 1 0 1 0 0 0 1 1 0 0 0 ]
d_7_3=2.169529634545 eijMax=3.839E-03 rmsd=1.232E+00 s=[ 0 0 0 1 0 1 0 1 1 0 0 1 0 0 ]
d_7_3=2.169529634545 eijMax=3.569E-03 rmsd=8.045E-01 s=[ 0 0 0 1 0 1 0 1 1 0 0 1 1 1 ]
d_7_3=2.171549836566 eijMax=5.346E-03 rmsd=1.578E-01 s=[ 0 0 0 1 0 0 1 0 0 1 1 0 0 0 ]
d_7_3=2.171549836566 eijMax=9.437E-03 rmsd=1.194E+00 s=[ 0 0 0 1 0 0 1 0 0 1 1 0 1 1 ]
d_7_3=2.171549836566 eijMax=1.259E-03 rmsd=3.353E+00 s=[ 0 0 0 1 0 1 0 0 0 1 1 0 0 0 ]
d_7_3=2.171549836566 eijMax=2.986E-03 rmsd=1.228E+00 s=[ 0 0 0 1 0 1 0 1 1 0 0 1 0 0 ]
d_7_3=2.171549836566 eijMax=3.624E-03 rmsd=7.959E-01 s=[ 0 0 0 1 0 1 0 1 1 0 0 1 1 1 ]
d_7_3=2.173570038586 eijMax=4.851E-03 rmsd=1.406E-01 s=[ 0 0 0 1 0 0 1 0 0 1 1 0 0 0 ]
d_7_3=2.173570038586 eijMax=8.970E-03 rmsd=1.194E+00 s=[ 0 0 0 1 0 0 1 0 0 1 1 0 1 1 ]
d_7_3=2.173570038586 eijMax=9.757E-04 rmsd=3.352E+00 s=[ 0 0 0 1 0 1 0 0 0 1 1 0 0 0 ]
d_7_3=2.173570038586 eijMax=2.135E-03 rmsd=1.225E+00 s=[ 0 0 0 1 0 1 0 1 1 0 0 1 0 0 ]
d_7_3=2.173570038586 eijMax=3.664E-03 rmsd=7.877E-01 s=[ 0 0 0 1 0 1 0 1 1 0 0 1 1 1 ]
d_7_3=2.175590240606 eijMax=4.348E-03 rmsd=1.239E-01 s=[ 0 0 0 1 0 0 1 0 0 1 1 0 0 0 ]
d_7_3=2.175590240606 eijMax=8.513E-03 rmsd=1.194E+00 s=[ 0 0 0 1 0 0 1 0 0 1 1 0 1 1 ]
d_7_3=2.175590240606 eijMax=7.033E-04 rmsd=3.351E+00 s=[ 0 0 0 1 0 1 0 0 0 1 1 0 0 0 ]
d_7_3=2.175590240606 eijMax=1.287E-03 rmsd=1.222E+00 s=[ 0 0 0 1 0 1 0 1 1 0 0 1 0 0 ]
d_7_3=2.175590240606 eijMax=3.690E-03 rmsd=7.799E-01 s=[ 0 0 0 1 0 1 0 1 1 0 0 1 1 1 ]
d_7_3=2.177610442626 eijMax=3.838E-03 rmsd=1.075E-01 s=[ 0 0 0 1 0 0 1 0 0 1 1 0 0 0 ]
d_7_3=2.177610442626 eijMax=8.064E-03 rmsd=1.194E+00 s=[ 0 0 0 1 0 0 1 0 0 1 1 0 1 1 ]
d_7_3=2.177610442626 eijMax=4.412E-04 rmsd=3.350E+00 s=[ 0 0 0 1 0 1 0 0 0 1 1 0 0 0 ]
d_7_3=2.177610442626 eijMax=4.411E-04 rmsd=1.219E+00 s=[ 0 0 0 1 0 1 0 1 1 0 0 1 0 0 ]
d_7_3=2.177610442626 eijMax=3.703E-03 rmsd=7.724E-01 s=[ 0 0 0 1 0 1 0 1 1 0 0 1 1 1 ]
d_7_3=2.179630644646 eijMax=9.416E-03 rmsd=1.816E+00 s=[ 0 0 0 1 0 0 0 1 1 0 0 1 0 0 ]
d_7_3=2.179630644646 eijMax=3.320E-03 rmsd=9.138E-02 s=[ 0 0 0 1 0 0 1 0 0 1 1 0 0 0 ]
d_7_3=2.179630644646 eijMax=7.623E-03 rmsd=1.194E+00 s=[ 0 0 0 1 0 0 1 0 0 1 1 0 1 1 ]
d_7_3=2.179630644646 eijMax=1.886E-04 rmsd=3.349E+00 s=[ 0 0 0 1 0 1 0 0 0 1 1 0 0 0 ]
d_7_3=2.179630644646 eijMax=4.034E-04 rmsd=1.216E+00 s=[ 0 0 0 1 0 1 0 1 1 0 0 1 0 0 ]
d_7_3=2.179630644646 eijMax=3.703E-03 rmsd=7.653E-01 s=[ 0 0 0 1 0 1 0 1 1 0 0 1 1 1 ]
d_7_3=2.181650846667 eijMax=8.794E-03 rmsd=1.826E+00 s=[ 0 0 0 1 0 0 0 1 1 0 0 1 0 0 ]
d_7_3=2.181650846667 eijMax=2.793E-03 rmsd=7.560E-02 s=[ 0 0 0 1 0 0 1 0 0 1 1 0 0 0 ]
d_7_3=2.181650846667 eijMax=7.191E-03 rmsd=1.195E+00 s=[ 0 0 0 1 0 0 1 0 0 1 1 0 1 1 ]
d_7_3=2.181650846667 eijMax=5.497E-05 rmsd=3.348E+00 s=[ 0 0 0 1 0 1 0 0 0 1 1 0 0 0 ]
d_7_3=2.181650846667 eijMax=1.246E-03 rmsd=1.214E+00 s=[ 0 0 0 1 0 1 0 1 1 0 0 1 0 0 ]
d_7_3=2.181650846667 eijMax=3.691E-03 rmsd=7.585E-01 s=[ 0 0 0 1 0 1 0 1 1 0 0 1 1 1 ]
d_7_3=2.181650846667 eijMax=9.775E-03 rmsd=1.705E+00 s=[ 0 0 0 1 0 1 1 0 0 1 1 0 1 1 ]
d_7_3=2.183671048687 eijMax=8.170E-03 rmsd=1.835E+00 s=[ 0 0 0 1 0 0 0 1 1 0 0 1 0 0 ]
d_7_3=2.183671048687 eijMax=2.257E-03 rmsd=6.012E-02 s=[ 0 0 0 1 0 0 1 0 0 1 1 0 0 0 ]
d_7_3=2.183671048687 eijMax=6.767E-03 rmsd=1.196E+00 s=[ 0 0 0 1 0 0 1 0 0 1 1 0 1 1 ]
d_7_3=2.183671048687 eijMax=2.901E-04 rmsd=3.347E+00 s=[ 0 0 0 1 0 1 0 0 0 1 1 0 0 0 ]
d_7_3=2.183671048687 eijMax=2.088E-03 rmsd=1.212E+00 s=[ 0 0 0 1 0 1 0 1 1 0 0 1 0 0 ]
d_7_3=2.183671048687 eijMax=3.669E-03 rmsd=7.520E-01 s=[ 0 0 0 1 0 1 0 1 1 0 0 1 1 1 ]
d_7_3=2.183671048687 eijMax=9.192E-03 rmsd=1.714E+00 s=[ 0 0 0 1 0 1 1 0 0 1 1 0 1 1 ]
d_7_3=2.185691250707 eijMax=7.544E-03 rmsd=1.844E+00 s=[ 0 0 0 1 0 0 0 1 1 0 0 1 0 0 ]
d_7_3=2.185691250707 eijMax=1.713E-03 rmsd=4.490E-02 s=[ 0 0 0 1 0 0 1 0 0 1 1 0 0 0 ]
d_7_3=2.185691250707 eijMax=6.352E-03 rmsd=1.197E+00 s=[ 0 0 0 1 0 0 1 0 0 1 1 0 1 1 ]
d_7_3=2.185691250707 eijMax=5.172E-04 rmsd=3.346E+00 s=[ 0 0 0 1 0 1 0 0 0 1 1 0 0 0 ]
d_7_3=2.185691250707 eijMax=2.929E-03 rmsd=1.210E+00 s=[ 0 0 0 1 0 1 0 1 1 0 0 1 0 0 ]
d_7_3=2.185691250707 eijMax=3.636E-03 rmsd=7.458E-01 s=[ 0 0 0 1 0 1 0 1 1 0 0 1 1 1 ]
d_7_3=2.185691250707 eijMax=8.606E-03 rmsd=1.723E+00 s=[ 0 0 0 1 0 1 1 0 0 1 1 0 1 1 ]
d_7_3=2.187711452727 eijMax=6.915E-03 rmsd=1.853E+00 s=[ 0 0 0 1 0 0 0 1 1 0 0 1 0 0 ]
d_7_3=2.187711452727 eijMax=1.160E-03 rmsd=2.992E-02 s=[ 0 0 0 1 0 0 1 0 0 1 1 0 0 0 ]
d_7_3=2.187711452727 eijMax=5.944E-03 rmsd=1.198E+00 s=[ 0 0 0 1 0 0 1 0 0 1 1 0 1 1 ]
d_7_3=2.187711452727 eijMax=7.367E-04 rmsd=3.345E+00 s=[ 0 0 0 1 0 1 0 0 0 1 1 0 0 0 ]
d_7_3=2.187711452727 eijMax=3.768E-03 rmsd=1.208E+00 s=[ 0 0 0 1 0 1 0 1 1 0 0 1 0 0 ]
d_7_3=2.187711452727 eijMax=3.593E-03 rmsd=7.399E-01 s=[ 0 0 0 1 0 1 0 1 1 0 0 1 1 1 ]
d_7_3=2.187711452727 eijMax=8.015E-03 rmsd=1.733E+00 s=[ 0 0 0 1 0 1 1 0 0 1 1 0 1 1 ]
d_7_3=2.189731654747 eijMax=6.284E-03 rmsd=1.862E+00 s=[ 0 0 0 1 0 0 0 1 1 0 0 1 0 0 ]
d_7_3=2.189731654747 eijMax=5.976E-04 rmsd=1.518E-02 s=[ 0 0 0 1 0 0 1 0 0 1 1 0 0 0 ]
d_7_3=2.189731654747 eijMax=5.545E-03 rmsd=1.199E+00 s=[ 0 0 0 1 0 0 1 0 0 1 1 0 1 1 ]
d_7_3=2.189731654747 eijMax=9.491E-04 rmsd=3.344E+00 s=[ 0 0 0 1 0 1 0 0 0 1 1 0 0 0 ]
d_7_3=2.189731654747 eijMax=4.607E-03 rmsd=1.206E+00 s=[ 0 0 0 1 0 1 0 1 1 0 0 1 0 0 ]
d_7_3=2.189731654747 eijMax=3.542E-03 rmsd=7.342E-01 s=[ 0 0 0 1 0 1 0 1 1 0 0 1 1 1 ]
d_7_3=2.189731654747 eijMax=7.421E-03 rmsd=1.742E+00 s=[ 0 0 0 1 0 1 1 0 0 1 1 0 1 1 ]
d_7_3=2.191751856768 eijMax=5.652E-03 rmsd=1.870E+00 s=[ 0 0 0 1 0 0 0 1 1 0 0 1 0 0 ]
d_7_3=2.191751856768 eijMax=2.574E-05 rmsd=6.622E-04 s=[ 0 0 0 1 0 0 1 0 0 1 1 0 0 0 ]
d_7_3=2.191751856768 eijMax=5.153E-03 rmsd=1.200E+00 s=[ 0 0 0 1 0 0 1 0 0 1 1 0 1 1 ]
d_7_3=2.191751856768 eijMax=1.155E-03 rmsd=3.343E+00 s=[ 0 0 0 1 0 1 0 0 0 1 1 0 0 0 ]
d_7_3=2.191751856768 eijMax=5.445E-03 rmsd=1.205E+00 s=[ 0 0 0 1 0 1 0 1 1 0 0 1 0 0 ]
d_7_3=2.191751856768 eijMax=3.481E-03 rmsd=7.288E-01 s=[ 0 0 0 1 0 1 0 1 1 0 0 1 1 1 ]
d_7_3=2.191751856768 eijMax=6.823E-03 rmsd=1.751E+00 s=[ 0 0 0 1 0 1 1 0 0 1 1 0 1 1 ]
d_7_3=2.193772058788 eijMax=5.017E-03 rmsd=1.879E+00 s=[ 0 0 0 1 0 0 0 1 1 0 0 1 0 0 ]
d_7_3=2.193772058788 eijMax=5.558E-04 rmsd=1.365E-02 s=[ 0 0 0 1 0 0 1 0 0 1 1 0 0 0 ]
d_7_3=2.193772058788 eijMax=4.769E-03 rmsd=1.202E+00 s=[ 0 0 0 1 0 0 1 0 0 1 1 0 1 1 ]
d_7_3=2.193772058788 eijMax=1.354E-03 rmsd=3.342E+00 s=[ 0 0 0 1 0 1 0 0 0 1 1 0 0 0 ]
d_7_3=2.193772058788 eijMax=6.282E-03 rmsd=1.203E+00 s=[ 0 0 0 1 0 1 0 1 1 0 0 1 0 0 ]
d_7_3=2.193772058788 eijMax=3.412E-03 rmsd=7.236E-01 s=[ 0 0 0 1 0 1 0 1 1 0 0 1 1 1 ]
d_7_3=2.193772058788 eijMax=6.221E-03 rmsd=1.759E+00 s=[ 0 0 0 1 0 1 1 0 0 1 1 0 1 1 ]
d_7_3=2.195792260808 eijMax=4.381E-03 rmsd=1.887E+00 s=[ 0 0 0 1 0 0 0 1 1 0 0 1 0 0 ]
d_7_3=2.195792260808 eijMax=1.147E-03 rmsd=2.777E-02 s=[ 0 0 0 1 0 0 1 0 0 1 1 0 0 0 ]
d_7_3=2.195792260808 eijMax=4.394E-03 rmsd=1.203E+00 s=[ 0 0 0 1 0 0 1 0 0 1 1 0 1 1 ]
d_7_3=2.195792260808 eijMax=1.546E-03 rmsd=3.341E+00 s=[ 0 0 0 1 0 1 0 0 0 1 1 0 0 0 ]
d_7_3=2.195792260808 eijMax=7.119E-03 rmsd=1.202E+00 s=[ 0 0 0 1 0 1 0 1 1 0 0 1 0 0 ]
d_7_3=2.195792260808 eijMax=3.334E-03 rmsd=7.187E-01 s=[ 0 0 0 1 0 1 0 1 1 0 0 1 1 1 ]
d_7_3=2.195792260808 eijMax=5.616E-03 rmsd=1.768E+00 s=[ 0 0 0 1 0 1 1 0 0 1 1 0 1 1 ]
d_7_3=2.197812462828 eijMax=3.743E-03 rmsd=1.895E+00 s=[ 0 0 0 1 0 0 0 1 1 0 0 1 0 0 ]
d_7_3=2.197812462828 eijMax=1.749E-03 rmsd=4.171E-02 s=[ 0 0 0 1 0 0 1 0 0 1 1 0 0 0 ]
d_7_3=2.197812462828 eijMax=4.026E-03 rmsd=1.205E+00 s=[ 0 0 0 1 0 0 1 0 0 1 1 0 1 1 ]
d_7_3=2.197812462828 eijMax=1.733E-03 rmsd=3.340E+00 s=[ 0 0 0 1 0 1 0 0 0 1 1 0 0 0 ]
d_7_3=2.197812462828 eijMax=7.956E-03 rmsd=1.201E+00 s=[ 0 0 0 1 0 1 0 1 1 0 0 1 0 0 ]
d_7_3=2.197812462828 eijMax=3.250E-03 rmsd=7.140E-01 s=[ 0 0 0 1 0 1 0 1 1 0 0 1 1 1 ]
d_7_3=2.197812462828 eijMax=5.007E-03 rmsd=1.776E+00 s=[ 0 0 0 1 0 1 1 0 0 1 1 0 1 1 ]
d_7_3=2.199832664848 eijMax=3.105E-03 rmsd=1.903E+00 s=[ 0 0 0 1 0 0 0 1 1 0 0 1 0 0 ]
d_7_3=2.199832664848 eijMax=2.360E-03 rmsd=5.548E-02 s=[ 0 0 0 1 0 0 1 0 0 1 1 0 0 0 ]
d_7_3=2.199832664848 eijMax=3.666E-03 rmsd=1.207E+00 s=[ 0 0 0 1 0 0 1 0 0 1 1 0 1 1 ]
d_7_3=2.199832664848 eijMax=1.915E-03 rmsd=3.339E+00 s=[ 0 0 0 1 0 1 0 0 0 1 1 0 0 0 ]
d_7_3=2.199832664848 eijMax=8.793E-03 rmsd=1.200E+00 s=[ 0 0 0 1 0 1 0 1 1 0 0 1 0 0 ]
d_7_3=2.199832664848 eijMax=3.158E-03 rmsd=7.096E-01 s=[ 0 0 0 1 0 1 0 1 1 0 0 1 1 1 ]
d_7_3=2.199832664848 eijMax=4.395E-03 rmsd=1.785E+00 s=[ 0 0 0 1 0 1 1 0 0 1 1 0 1 1 ]
d_7_3=2.201852866869 eijMax=2.464E-03 rmsd=1.911E+00 s=[ 0 0 0 1 0 0 0 1 1 0 0 1 0 0 ]
d_7_3=2.201852866869 eijMax=2.983E-03 rmsd=6.908E-02 s=[ 0 0 0 1 0 0 1 0 0 1 1 0 0 0 ]
d_7_3=2.201852866869 eijMax=3.314E-03 rmsd=1.209E+00 s=[ 0 0 0 1 0 0 1 0 0 1 1 0 1 1 ]
d_7_3=2.201852866869 eijMax=2.090E-03 rmsd=3.338E+00 s=[ 0 0 0 1 0 1 0 0 0 1 1 0 0 0 ]
d_7_3=2.201852866869 eijMax=9.629E-03 rmsd=1.199E+00 s=[ 0 0 0 1 0 1 0 1 1 0 0 1 0 0 ]
d_7_3=2.201852866869 eijMax=3.059E-03 rmsd=7.053E-01 s=[ 0 0 0 1 0 1 0 1 1 0 0 1 1 1 ]
d_7_3=2.201852866869 eijMax=3.780E-03 rmsd=1.793E+00 s=[ 0 0 0 1 0 1 1 0 0 1 1 0 1 1 ]
d_7_3=2.203873068889 eijMax=1.823E-03 rmsd=1.919E+00 s=[ 0 0 0 1 0 0 0 1 1 0 0 1 0 0 ]
d_7_3=2.203873068889 eijMax=3.616E-03 rmsd=8.252E-02 s=[ 0 0 0 1 0 0 1 0 0 1 1 0 0 0 ]
d_7_3=2.203873068889 eijMax=2.969E-03 rmsd=1.211E+00 s=[ 0 0 0 1 0 0 1 0 0 1 1 0 1 1 ]
d_7_3=2.203873068889 eijMax=2.261E-03 rmsd=3.338E+00 s=[ 0 0 0 1 0 1 0 0 0 1 1 0 0 0 ]
d_7_3=2.203873068889 eijMax=2.953E-03 rmsd=7.013E-01 s=[ 0 0 0 1 0 1 0 1 1 0 0 1 1 1 ]
d_7_3=2.203873068889 eijMax=3.161E-03 rmsd=1.801E+00 s=[ 0 0 0 1 0 1 1 0 0 1 1 0 1 1 ]
d_7_3=2.205893270909 eijMax=1.181E-03 rmsd=1.926E+00 s=[ 0 0 0 1 0 0 0 1 1 0 0 1 0 0 ]
d_7_3=2.205893270909 eijMax=4.260E-03 rmsd=9.582E-02 s=[ 0 0 0 1 0 0 1 0 0 1 1 0 0 0 ]
d_7_3=2.205893270909 eijMax=2.633E-03 rmsd=1.213E+00 s=[ 0 0 0 1 0 0 1 0 0 1 1 0 1 1 ]
d_7_3=2.205893270909 eijMax=2.426E-03 rmsd=3.337E+00 s=[ 0 0 0 1 0 1 0 0 0 1 1 0 0 0 ]
d_7_3=2.205893270909 eijMax=2.841E-03 rmsd=6.975E-01 s=[ 0 0 0 1 0 1 0 1 1 0 0 1 1 1 ]
d_7_3=2.205893270909 eijMax=2.539E-03 rmsd=1.810E+00 s=[ 0 0 0 1 0 1 1 0 0 1 1 0 1 1 ]
d_7_3=2.207913472929 eijMax=5.377E-04 rmsd=1.934E+00 s=[ 0 0 0 1 0 0 0 1 1 0 0 1 0 0 ]
d_7_3=2.207913472929 eijMax=4.915E-03 rmsd=1.090E-01 s=[ 0 0 0 1 0 0 1 0 0 1 1 0 0 0 ]
d_7_3=2.207913472929 eijMax=2.304E-03 rmsd=1.215E+00 s=[ 0 0 0 1 0 0 1 0 0 1 1 0 1 1 ]
d_7_3=2.207913472929 eijMax=2.587E-03 rmsd=3.336E+00 s=[ 0 0 0 1 0 1 0 0 0 1 1 0 0 0 ]
d_7_3=2.207913472929 eijMax=2.724E-03 rmsd=6.939E-01 s=[ 0 0 0 1 0 1 0 1 1 0 0 1 1 1 ]
d_7_3=2.207913472929 eijMax=1.915E-03 rmsd=1.818E+00 s=[ 0 0 0 1 0 1 1 0 0 1 1 0 1 1 ]
d_7_3=2.209933674949 eijMax=1.062E-04 rmsd=1.942E+00 s=[ 0 0 0 1 0 0 0 1 1 0 0 1 0 0 ]
d_7_3=2.209933674949 eijMax=5.581E-03 rmsd=1.220E-01 s=[ 0 0 0 1 0 0 1 0 0 1 1 0 0 0 ]
d_7_3=2.209933674949 eijMax=1.984E-03 rmsd=1.217E+00 s=[ 0 0 0 1 0 0 1 0 0 1 1 0 1 1 ]
d_7_3=2.209933674949 eijMax=2.743E-03 rmsd=3.335E+00 s=[ 0 0 0 1 0 1 0 0 0 1 1 0 0 0 ]
d_7_3=2.209933674949 eijMax=2.600E-03 rmsd=6.905E-01 s=[ 0 0 0 1 0 1 0 1 1 0 0 1 1 1 ]
d_7_3=2.209933674949 eijMax=1.287E-03 rmsd=1.826E+00 s=[ 0 0 0 1 0 1 1 0 0 1 1 0 1 1 ]
d_7_3=2.211953876970 eijMax=7.510E-04 rmsd=1.949E+00 s=[ 0 0 0 1 0 0 0 1 1 0 0 1 0 0 ]
d_7_3=2.211953876970 eijMax=6.259E-03 rmsd=1.349E-01 s=[ 0 0 0 1 0 0 1 0 0 1 1 0 0 0 ]
d_7_3=2.211953876970 eijMax=1.671E-03 rmsd=1.220E+00 s=[ 0 0 0 1 0 0 1 0 0 1 1 0 1 1 ]
d_7_3=2.211953876970 eijMax=2.894E-03 rmsd=3.335E+00 s=[ 0 0 0 1 0 1 0 0 0 1 1 0 0 0 ]
d_7_3=2.211953876970 eijMax=2.471E-03 rmsd=6.873E-01 s=[ 0 0 0 1 0 1 0 1 1 0 0 1 1 1 ]
d_7_3=2.211953876970 eijMax=6.566E-04 rmsd=1.833E+00 s=[ 0 0 0 1 0 1 1 0 0 1 1 0 1 1 ]
d_7_3=2.213974078990 eijMax=1.396E-03 rmsd=1.956E+00 s=[ 0 0 0 1 0 0 0 1 1 0 0 1 0 0 ]
d_7_3=2.213974078990 eijMax=6.949E-03 rmsd=1.477E-01 s=[ 0 0 0 1 0 0 1 0 0 1 1 0 0 0 ]
d_7_3=2.213974078990 eijMax=1.366E-03 rmsd=1.222E+00 s=[ 0 0 0 1 0 0 1 0 0 1 1 0 1 1 ]
d_7_3=2.213974078990 eijMax=3.041E-03 rmsd=3.334E+00 s=[ 0 0 0 1 0 1 0 0 0 1 1 0 0 0 ]
d_7_3=2.213974078990 eijMax=2.337E-03 rmsd=6.843E-01 s=[ 0 0 0 1 0 1 0 1 1 0 0 1 1 1 ]
d_7_3=2.213974078990 eijMax=2.318E-05 rmsd=1.841E+00 s=[ 0 0 0 1 0 1 1 0 0 1 1 0 1 1 ]
d_7_3=2.215994281010 eijMax=2.042E-03 rmsd=1.964E+00 s=[ 0 0 0 1 0 0 0 1 1 0 0 1 0 0 ]
d_7_3=2.215994281010 eijMax=7.651E-03 rmsd=1.603E-01 s=[ 0 0 0 1 0 0 1 0 0 1 1 0 0 0 ]
d_7_3=2.215994281010 eijMax=1.069E-03 rmsd=1.225E+00 s=[ 0 0 0 1 0 0 1 0 0 1 1 0 1 1 ]
d_7_3=2.215994281010 eijMax=3.183E-03 rmsd=3.333E+00 s=[ 0 0 0 1 0 1 0 0 0 1 1 0 0 0 ]
d_7_3=2.215994281010 eijMax=2.197E-03 rmsd=6.814E-01 s=[ 0 0 0 1 0 1 0 1 1 0 0 1 1 1 ]
d_7_3=2.215994281010 eijMax=6.130E-04 rmsd=1.849E+00 s=[ 0 0 0 1 0 1 1 0 0 1 1 0 1 1 ]
d_7_3=2.218014483030 eijMax=2.689E-03 rmsd=1.971E+00 s=[ 0 0 0 1 0 0 0 1 1 0 0 1 0 0 ]
d_7_3=2.218014483030 eijMax=8.365E-03 rmsd=1.729E-01 s=[ 0 0 0 1 0 0 1 0 0 1 1 0 0 0 ]
d_7_3=2.218014483030 eijMax=7.803E-04 rmsd=1.228E+00 s=[ 0 0 0 1 0 0 1 0 0 1 1 0 1 1 ]
d_7_3=2.218014483030 eijMax=3.322E-03 rmsd=3.332E+00 s=[ 0 0 0 1 0 1 0 0 0 1 1 0 0 0 ]
d_7_3=2.218014483030 eijMax=2.053E-03 rmsd=6.788E-01 s=[ 0 0 0 1 0 1 0 1 1 0 0 1 1 1 ]
d_7_3=2.218014483030 eijMax=1.252E-03 rmsd=1.857E+00 s=[ 0 0 0 1 0 1 1 0 0 1 1 0 1 1 ]
d_7_3=2.220034685051 eijMax=3.335E-03 rmsd=1.978E+00 s=[ 0 0 0 1 0 0 0 1 1 0 0 1 0 0 ]
d_7_3=2.220034685051 eijMax=9.092E-03 rmsd=1.853E-01 s=[ 0 0 0 1 0 0 1 0 0 1 1 0 0 0 ]
d_7_3=2.220034685051 eijMax=4.993E-04 rmsd=1.230E+00 s=[ 0 0 0 1 0 0 1 0 0 1 1 0 1 1 ]
d_7_3=2.220034685051 eijMax=3.457E-03 rmsd=3.332E+00 s=[ 0 0 0 1 0 1 0 0 0 1 1 0 0 0 ]
d_7_3=2.220034685051 eijMax=1.904E-03 rmsd=6.763E-01 s=[ 0 0 0 1 0 1 0 1 1 0 0 1 1 1 ]
d_7_3=2.220034685051 eijMax=1.894E-03 rmsd=1.864E+00 s=[ 0 0 0 1 0 1 1 0 0 1 1 0 1 1 ]
d_7_3=2.222054887071 eijMax=3.982E-03 rmsd=1.985E+00 s=[ 0 0 0 1 0 0 0 1 1 0 0 1 0 0 ]
d_7_3=2.222054887071 eijMax=9.831E-03 rmsd=1.977E-01 s=[ 0 0 0 1 0 0 1 0 0 1 1 0 0 0 ]
d_7_3=2.222054887071 eijMax=2.262E-04 rmsd=1.233E+00 s=[ 0 0 0 1 0 0 1 0 0 1 1 0 1 1 ]
d_7_3=2.222054887071 eijMax=3.587E-03 rmsd=3.331E+00 s=[ 0 0 0 1 0 1 0 0 0 1 1 0 0 0 ]
d_7_3=2.222054887071 eijMax=1.751E-03 rmsd=6.740E-01 s=[ 0 0 0 1 0 1 0 1 1 0 0 1 1 1 ]
d_7_3=2.222054887071 eijMax=2.538E-03 rmsd=1.872E+00 s=[ 0 0 0 1 0 1 1 0 0 1 1 0 1 1 ]
d_7_3=2.224075089091 eijMax=4.630E-03 rmsd=1.992E+00 s=[ 0 0 0 1 0 0 0 1 1 0 0 1 0 0 ]
d_7_3=2.224075089091 eijMax=3.882E-05 rmsd=1.236E+00 s=[ 0 0 0 1 0 0 1 0 0 1 1 0 1 1 ]
d_7_3=2.224075089091 eijMax=3.714E-03 rmsd=3.330E+00 s=[ 0 0 0 1 0 1 0 0 0 1 1 0 0 0 ]
d_7_3=2.224075089091 eijMax=1.593E-03 rmsd=6.718E-01 s=[ 0 0 0 1 0 1 0 1 1 0 0 1 1 1 ]
d_7_3=2.224075089091 eijMax=3.185E-03 rmsd=1.879E+00 s=[ 0 0 0 1 0 1 1 0 0 1 1 0 1 1 ]
d_7_3=2.226095291111 eijMax=5.277E-03 rmsd=1.999E+00 s=[ 0 0 0 1 0 0 0 1 1 0 0 1 0 0 ]
d_7_3=2.226095291111 eijMax=2.958E-04 rmsd=1.239E+00 s=[ 0 0 0 1 0 0 1 0 0 1 1 0 1 1 ]
d_7_3=2.226095291111 eijMax=3.837E-03 rmsd=3.330E+00 s=[ 0 0 0 1 0 1 0 0 0 1 1 0 0 0 ]
d_7_3=2.226095291111 eijMax=1.431E-03 rmsd=6.699E-01 s=[ 0 0 0 1 0 1 0 1 1 0 0 1 1 1 ]
d_7_3=2.226095291111 eijMax=3.834E-03 rmsd=1.886E+00 s=[ 0 0 0 1 0 1 1 0 0 1 1 0 1 1 ]
d_7_3=2.228115493131 eijMax=5.925E-03 rmsd=2.005E+00 s=[ 0 0 0 1 0 0 0 1 1 0 0 1 0 0 ]
d_7_3=2.228115493131 eijMax=5.447E-04 rmsd=1.242E+00 s=[ 0 0 0 1 0 0 1 0 0 1 1 0 1 1 ]
d_7_3=2.228115493131 eijMax=3.957E-03 rmsd=3.329E+00 s=[ 0 0 0 1 0 1 0 0 0 1 1 0 0 0 ]
d_7_3=2.228115493131 eijMax=1.266E-03 rmsd=6.681E-01 s=[ 0 0 0 1 0 1 0 1 1 0 0 1 1 1 ]
d_7_3=2.228115493131 eijMax=4.486E-03 rmsd=1.894E+00 s=[ 0 0 0 1 0 1 1 0 0 1 1 0 1 1 ]
d_7_3=2.230135695152 eijMax=6.572E-03 rmsd=2.012E+00 s=[ 0 0 0 1 0 0 0 1 1 0 0 1 0 0 ]
d_7_3=2.230135695152 eijMax=7.856E-04 rmsd=1.245E+00 s=[ 0 0 0 1 0 0 1 0 0 1 1 0 1 1 ]
d_7_3=2.230135695152 eijMax=4.073E-03 rmsd=3.328E+00 s=[ 0 0 0 1 0 1 0 0 0 1 1 0 0 0 ]
d_7_3=2.230135695152 eijMax=1.096E-03 rmsd=6.664E-01 s=[ 0 0 0 1 0 1 0 1 1 0 0 1 1 1 ]
d_7_3=2.230135695152 eijMax=5.141E-03 rmsd=1.901E+00 s=[ 0 0 0 1 0 1 1 0 0 1 1 0 1 1 ]
d_7_3=2.232155897172 eijMax=7.220E-03 rmsd=2.019E+00 s=[ 0 0 0 1 0 0 0 1 1 0 0 1 0 0 ]
d_7_3=2.232155897172 eijMax=1.018E-03 rmsd=1.249E+00 s=[ 0 0 0 1 0 0 1 0 0 1 1 0 1 1 ]
d_7_3=2.232155897172 eijMax=4.186E-03 rmsd=3.328E+00 s=[ 0 0 0 1 0 1 0 0 0 1 1 0 0 0 ]
d_7_3=2.232155897172 eijMax=9.236E-04 rmsd=6.650E-01 s=[ 0 0 0 1 0 1 0 1 1 0 0 1 1 1 ]
d_7_3=2.232155897172 eijMax=5.798E-03 rmsd=1.908E+00 s=[ 0 0 0 1 0 1 1 0 0 1 1 0 1 1 ]
d_7_3=2.234176099192 eijMax=7.867E-03 rmsd=2.025E+00 s=[ 0 0 0 1 0 0 0 1 1 0 0 1 0 0 ]
d_7_3=2.234176099192 eijMax=1.243E-03 rmsd=1.252E+00 s=[ 0 0 0 1 0 0 1 0 0 1 1 0 1 1 ]
d_7_3=2.234176099192 eijMax=4.296E-03 rmsd=3.327E+00 s=[ 0 0 0 1 0 1 0 0 0 1 1 0 0 0 ]
d_7_3=2.234176099192 eijMax=7.473E-04 rmsd=6.636E-01 s=[ 0 0 0 1 0 1 0 1 1 0 0 1 1 1 ]
d_7_3=2.234176099192 eijMax=6.457E-03 rmsd=1.915E+00 s=[ 0 0 0 1 0 1 1 0 0 1 1 0 1 1 ]
d_7_3=2.236196301212 eijMax=8.514E-03 rmsd=2.032E+00 s=[ 0 0 0 1 0 0 0 1 1 0 0 1 0 0 ]
d_7_3=2.236196301212 eijMax=1.459E-03 rmsd=1.255E+00 s=[ 0 0 0 1 0 0 1 0 0 1 1 0 1 1 ]
d_7_3=2.236196301212 eijMax=4.402E-03 rmsd=3.327E+00 s=[ 0 0 0 1 0 1 0 0 0 1 1 0 0 0 ]
d_7_3=2.236196301212 eijMax=5.677E-04 rmsd=6.625E-01 s=[ 0 0 0 1 0 1 0 1 1 0 0 1 1 1 ]
d_7_3=2.236196301212 eijMax=7.118E-03 rmsd=1.922E+00 s=[ 0 0 0 1 0 1 1 0 0 1 1 0 1 1 ]
d_7_3=2.238216503232 eijMax=9.161E-03 rmsd=2.038E+00 s=[ 0 0 0 1 0 0 0 1 1 0 0 1 0 0 ]
d_7_3=2.238216503232 eijMax=1.667E-03 rmsd=1.259E+00 s=[ 0 0 0 1 0 0 1 0 0 1 1 0 1 1 ]
d_7_3=2.238216503232 eijMax=4.505E-03 rmsd=3.326E+00 s=[ 0 0 0 1 0 1 0 0 0 1 1 0 0 0 ]
d_7_3=2.238216503232 eijMax=3.850E-04 rmsd=6.614E-01 s=[ 0 0 0 1 0 1 0 1 1 0 0 1 1 1 ]
d_7_3=2.238216503232 eijMax=7.782E-03 rmsd=1.929E+00 s=[ 0 0 0 1 0 1 1 0 0 1 1 0 1 1 ]
d_7_3=2.240236705253 eijMax=9.808E-03 rmsd=2.044E+00 s=[ 0 0 0 1 0 0 0 1 1 0 0 1 0 0 ]
d_7_3=2.240236705253 eijMax=1.867E-03 rmsd=1.262E+00 s=[ 0 0 0 1 0 0 1 0 0 1 1 0 1 1 ]
d_7_3=2.240236705253 eijMax=4.606E-03 rmsd=3.325E+00 s=[ 0 0 0 1 0 1 0 0 0 1 1 0 0 0 ]
d_7_3=2.240236705253 eijMax=1.992E-04 rmsd=6.606E-01 s=[ 0 0 0 1 0 1 0 1 1 0 0 1 1 1 ]
d_7_3=2.240236705253 eijMax=8.448E-03 rmsd=1.936E+00 s=[ 0 0 0 1 0 1 1 0 0 1 1 0 1 1 ]
d_7_3=2.242256907273 eijMax=2.058E-03 rmsd=1.265E+00 s=[ 0 0 0 1 0 0 1 0 0 1 1 0 1 1 ]
d_7_3=2.242256907273 eijMax=4.703E-03 rmsd=3.325E+00 s=[ 0 0 0 1 0 1 0 0 0 1 1 0 0 0 ]
d_7_3=2.242256907273 eijMax=1.066E-05 rmsd=6.598E-01 s=[ 0 0 0 1 0 1 0 1 1 0 0 1 1 1 ]
d_7_3=2.242256907273 eijMax=9.117E-03 rmsd=1.943E+00 s=[ 0 0 0 1 0 1 1 0 0 1 1 0 1 1 ]
d_7_3=2.244277109293 eijMax=2.241E-03 rmsd=1.269E+00 s=[ 0 0 0 1 0 0 1 0 0 1 1 0 1 1 ]
d_7_3=2.244277109293 eijMax=4.797E-03 rmsd=3.324E+00 s=[ 0 0 0 1 0 1 0 0 0 1 1 0 0 0 ]
d_7_3=2.244277109293 eijMax=1.807E-04 rmsd=6.593E-01 s=[ 0 0 0 1 0 1 0 1 1 0 0 1 1 1 ]
d_7_3=2.244277109293 eijMax=9.916E-03 rmsd=1.654E+00 s=[ 0 0 0 1 0 1 1 0 0 1 1 0 0 0 ]
d_7_3=2.244277109293 eijMax=9.788E-03 rmsd=1.950E+00 s=[ 0 0 0 1 0 1 1 0 0 1 1 0 1 1 ]
d_7_3=2.246297311313 eijMax=2.416E-03 rmsd=1.273E+00 s=[ 0 0 0 1 0 0 1 0 0 1 1 0 1 1 ]
d_7_3=2.246297311313 eijMax=4.888E-03 rmsd=3.324E+00 s=[ 0 0 0 1 0 1 0 0 0 1 1 0 0 0 ]
d_7_3=2.246297311313 eijMax=3.746E-04 rmsd=6.588E-01 s=[ 0 0 0 1 0 1 0 1 1 0 0 1 1 1 ]
d_7_3=2.246297311313 eijMax=9.784E-03 rmsd=1.662E+00 s=[ 0 0 0 1 0 1 1 0 0 1 1 0 0 0 ]
d_7_3=2.248317513333 eijMax=2.582E-03 rmsd=1.276E+00 s=[ 0 0 0 1 0 0 1 0 0 1 1 0 1 1 ]
d_7_3=2.248317513333 eijMax=4.977E-03 rmsd=3.323E+00 s=[ 0 0 0 1 0 1 0 0 0 1 1 0 0 0 ]
d_7_3=2.248317513333 eijMax=5.710E-04 rmsd=6.585E-01 s=[ 0 0 0 1 0 1 0 1 1 0 0 1 1 1 ]
d_7_3=2.248317513333 eijMax=9.652E-03 rmsd=1.670E+00 s=[ 0 0 0 1 0 1 1 0 0 1 1 0 0 0 ]
d_7_3=2.250337715354 eijMax=2.740E-03 rmsd=1.280E+00 s=[ 0 0 0 1 0 0 1 0 0 1 1 0 1 1 ]
d_7_3=2.250337715354 eijMax=5.062E-03 rmsd=3.323E+00 s=[ 0 0 0 1 0 1 0 0 0 1 1 0 0 0 ]
d_7_3=2.250337715354 eijMax=7.698E-04 rmsd=6.583E-01 s=[ 0 0 0 1 0 1 0 1 1 0 0 1 1 1 ]
d_7_3=2.250337715354 eijMax=9.519E-03 rmsd=1.678E+00 s=[ 0 0 0 1 0 1 1 0 0 1 1 0 0 0 ]
d_7_3=2.252357917374 eijMax=2.889E-03 rmsd=1.284E+00 s=[ 0 0 0 1 0 0 1 0 0 1 1 0 1 1 ]
d_7_3=2.252357917374 eijMax=5.145E-03 rmsd=3.322E+00 s=[ 0 0 0 1 0 1 0 0 0 1 1 0 0 0 ]
d_7_3=2.252357917374 eijMax=9.708E-04 rmsd=6.583E-01 s=[ 0 0 0 1 0 1 0 1 1 0 0 1 1 1 ]
d_7_3=2.252357917374 eijMax=9.384E-03 rmsd=1.686E+00 s=[ 0 0 0 1 0 1 1 0 0 1 1 0 0 0 ]
d_7_3=2.254378119394 eijMax=3.030E-03 rmsd=1.288E+00 s=[ 0 0 0 1 0 0 1 0 0 1 1 0 1 1 ]
d_7_3=2.254378119394 eijMax=5.226E-03 rmsd=3.322E+00 s=[ 0 0 0 1 0 1 0 0 0 1 1 0 0 0 ]
d_7_3=2.254378119394 eijMax=1.174E-03 rmsd=6.584E-01 s=[ 0 0 0 1 0 1 0 1 1 0 0 1 1 1 ]
d_7_3=2.254378119394 eijMax=9.249E-03 rmsd=1.694E+00 s=[ 0 0 0 1 0 1 1 0 0 1 1 0 0 0 ]
d_7_3=2.256398321414 eijMax=3.162E-03 rmsd=1.292E+00 s=[ 0 0 0 1 0 0 1 0 0 1 1 0 1 1 ]
d_7_3=2.256398321414 eijMax=5.303E-03 rmsd=3.321E+00 s=[ 0 0 0 1 0 1 0 0 0 1 1 0 0 0 ]
d_7_3=2.256398321414 eijMax=1.379E-03 rmsd=6.586E-01 s=[ 0 0 0 1 0 1 0 1 1 0 0 1 1 1 ]
d_7_3=2.256398321414 eijMax=9.113E-03 rmsd=1.701E+00 s=[ 0 0 0 1 0 1 1 0 0 1 1 0 0 0 ]
d_7_3=2.258418523434 eijMax=3.285E-03 rmsd=1.296E+00 s=[ 0 0 0 1 0 0 1 0 0 1 1 0 1 1 ]
d_7_3=2.258418523434 eijMax=5.379E-03 rmsd=3.321E+00 s=[ 0 0 0 1 0 1 0 0 0 1 1 0 0 0 ]
d_7_3=2.258418523434 eijMax=1.586E-03 rmsd=6.589E-01 s=[ 0 0 0 1 0 1 0 1 1 0 0 1 1 1 ]
d_7_3=2.258418523434 eijMax=8.976E-03 rmsd=1.709E+00 s=[ 0 0 0 1 0 1 1 0 0 1 1 0 0 0 ]
d_7_3=2.260438725455 eijMax=3.400E-03 rmsd=1.300E+00 s=[ 0 0 0 1 0 0 1 0 0 1 1 0 1 1 ]
d_7_3=2.260438725455 eijMax=5.451E-03 rmsd=3.320E+00 s=[ 0 0 0 1 0 1 0 0 0 1 1 0 0 0 ]
d_7_3=2.260438725455 eijMax=1.795E-03 rmsd=6.594E-01 s=[ 0 0 0 1 0 1 0 1 1 0 0 1 1 1 ]
d_7_3=2.260438725455 eijMax=8.838E-03 rmsd=1.717E+00 s=[ 0 0 0 1 0 1 1 0 0 1 1 0 0 0 ]
d_7_3=2.262458927475 eijMax=3.505E-03 rmsd=1.304E+00 s=[ 0 0 0 1 0 0 1 0 0 1 1 0 1 1 ]
d_7_3=2.262458927475 eijMax=5.521E-03 rmsd=3.320E+00 s=[ 0 0 0 1 0 1 0 0 0 1 1 0 0 0 ]
d_7_3=2.262458927475 eijMax=2.006E-03 rmsd=6.600E-01 s=[ 0 0 0 1 0 1 0 1 1 0 0 1 1 1 ]
d_7_3=2.262458927475 eijMax=8.699E-03 rmsd=1.724E+00 s=[ 0 0 0 1 0 1 1 0 0 1 1 0 0 0 ]
d_7_3=2.264479129495 eijMax=3.602E-03 rmsd=1.308E+00 s=[ 0 0 0 1 0 0 1 0 0 1 1 0 1 1 ]
d_7_3=2.264479129495 eijMax=5.589E-03 rmsd=3.319E+00 s=[ 0 0 0 1 0 1 0 0 0 1 1 0 0 0 ]
d_7_3=2.264479129495 eijMax=2.219E-03 rmsd=6.607E-01 s=[ 0 0 0 1 0 1 0 1 1 0 0 1 1 1 ]
d_7_3=2.264479129495 eijMax=8.560E-03 rmsd=1.732E+00 s=[ 0 0 0 1 0 1 1 0 0 1 1 0 0 0 ]
d_7_3=2.266499331515 eijMax=3.690E-03 rmsd=1.312E+00 s=[ 0 0 0 1 0 0 1 0 0 1 1 0 1 1 ]
d_7_3=2.266499331515 eijMax=5.654E-03 rmsd=3.319E+00 s=[ 0 0 0 1 0 1 0 0 0 1 1 0 0 0 ]
d_7_3=2.266499331515 eijMax=2.433E-03 rmsd=6.615E-01 s=[ 0 0 0 1 0 1 0 1 1 0 0 1 1 1 ]
d_7_3=2.266499331515 eijMax=8.419E-03 rmsd=1.739E+00 s=[ 0 0 0 1 0 1 1 0 0 1 1 0 0 0 ]
d_7_3=2.268519533535 eijMax=3.770E-03 rmsd=1.316E+00 s=[ 0 0 0 1 0 0 1 0 0 1 1 0 1 1 ]
d_7_3=2.268519533535 eijMax=5.717E-03 rmsd=3.318E+00 s=[ 0 0 0 1 0 1 0 0 0 1 1 0 0 0 ]
d_7_3=2.268519533535 eijMax=2.648E-03 rmsd=6.625E-01 s=[ 0 0 0 1 0 1 0 1 1 0 0 1 1 1 ]
d_7_3=2.268519533535 eijMax=8.278E-03 rmsd=1.747E+00 s=[ 0 0 0 1 0 1 1 0 0 1 1 0 0 0 ]
d_7_3=2.270539735556 eijMax=3.840E-03 rmsd=1.320E+00 s=[ 0 0 0 1 0 0 1 0 0 1 1 0 1 1 ]
d_7_3=2.270539735556 eijMax=5.778E-03 rmsd=3.316E+00 s=[ 0 0 0 1 0 1 0 0 0 1 1 0 0 0 ]
d_7_3=2.270539735556 eijMax=2.865E-03 rmsd=6.635E-01 s=[ 0 0 0 1 0 1 0 1 1 0 0 1 1 1 ]
d_7_3=2.270539735556 eijMax=8.135E-03 rmsd=1.754E+00 s=[ 0 0 0 1 0 1 1 0 0 1 1 0 0 0 ]
d_7_3=2.272559937576 eijMax=3.901E-03 rmsd=1.324E+00 s=[ 0 0 0 1 0 0 1 0 0 1 1 0 1 1 ]
d_7_3=2.272559937576 eijMax=5.836E-03 rmsd=3.311E+00 s=[ 0 0 0 1 0 1 0 0 0 1 1 0 0 0 ]
d_7_3=2.272559937576 eijMax=3.083E-03 rmsd=6.647E-01 s=[ 0 0 0 1 0 1 0 1 1 0 0 1 1 1 ]
d_7_3=2.272559937576 eijMax=7.992E-03 rmsd=1.761E+00 s=[ 0 0 0 1 0 1 1 0 0 1 1 0 0 0 ]
d_7_3=2.274580139596 eijMax=3.953E-03 rmsd=1.329E+00 s=[ 0 0 0 1 0 0 1 0 0 1 1 0 1 1 ]
d_7_3=2.274580139596 eijMax=5.892E-03 rmsd=3.305E+00 s=[ 0 0 0 1 0 1 0 0 0 1 1 0 0 0 ]
d_7_3=2.274580139596 eijMax=3.302E-03 rmsd=6.660E-01 s=[ 0 0 0 1 0 1 0 1 1 0 0 1 1 1 ]
d_7_3=2.274580139596 eijMax=7.848E-03 rmsd=1.768E+00 s=[ 0 0 0 1 0 1 1 0 0 1 1 0 0 0 ]
d_7_3=2.276600341616 eijMax=3.996E-03 rmsd=1.333E+00 s=[ 0 0 0 1 0 0 1 0 0 1 1 0 1 1 ]
d_7_3=2.276600341616 eijMax=5.946E-03 rmsd=3.299E+00 s=[ 0 0 0 1 0 1 0 0 0 1 1 0 0 0 ]
d_7_3=2.276600341616 eijMax=3.522E-03 rmsd=6.673E-01 s=[ 0 0 0 1 0 1 0 1 1 0 0 1 1 1 ]
d_7_3=2.276600341616 eijMax=7.703E-03 rmsd=1.775E+00 s=[ 0 0 0 1 0 1 1 0 0 1 1 0 0 0 ]
d_7_3=2.278620543636 eijMax=4.030E-03 rmsd=1.338E+00 s=[ 0 0 0 1 0 0 1 0 0 1 1 0 1 1 ]
d_7_3=2.278620543636 eijMax=5.997E-03 rmsd=3.294E+00 s=[ 0 0 0 1 0 1 0 0 0 1 1 0 0 0 ]
d_7_3=2.278620543636 eijMax=3.744E-03 rmsd=6.688E-01 s=[ 0 0 0 1 0 1 0 1 1 0 0 1 1 1 ]
d_7_3=2.278620543636 eijMax=7.557E-03 rmsd=1.782E+00 s=[ 0 0 0 1 0 1 1 0 0 1 1 0 0 0 ]
d_7_3=2.280640745657 eijMax=4.054E-03 rmsd=1.342E+00 s=[ 0 0 0 1 0 0 1 0 0 1 1 0 1 1 ]
d_7_3=2.280640745657 eijMax=6.047E-03 rmsd=3.288E+00 s=[ 0 0 0 1 0 1 0 0 0 1 1 0 0 0 ]
d_7_3=2.280640745657 eijMax=3.966E-03 rmsd=6.704E-01 s=[ 0 0 0 1 0 1 0 1 1 0 0 1 1 1 ]
d_7_3=2.280640745657 eijMax=7.411E-03 rmsd=1.789E+00 s=[ 0 0 0 1 0 1 1 0 0 1 1 0 0 0 ]
d_7_3=2.282660947677 eijMax=4.070E-03 rmsd=1.346E+00 s=[ 0 0 0 1 0 0 1 0 0 1 1 0 1 1 ]
d_7_3=2.282660947677 eijMax=6.094E-03 rmsd=3.283E+00 s=[ 0 0 0 1 0 1 0 0 0 1 1 0 0 0 ]
d_7_3=2.282660947677 eijMax=4.189E-03 rmsd=6.721E-01 s=[ 0 0 0 1 0 1 0 1 1 0 0 1 1 1 ]
d_7_3=2.282660947677 eijMax=7.264E-03 rmsd=1.796E+00 s=[ 0 0 0 1 0 1 1 0 0 1 1 0 0 0 ]
d_7_3=2.284681149697 eijMax=4.075E-03 rmsd=1.351E+00 s=[ 0 0 0 1 0 0 1 0 0 1 1 0 1 1 ]
d_7_3=2.284681149697 eijMax=6.139E-03 rmsd=3.277E+00 s=[ 0 0 0 1 0 1 0 0 0 1 1 0 0 0 ]
d_7_3=2.284681149697 eijMax=4.413E-03 rmsd=6.739E-01 s=[ 0 0 0 1 0 1 0 1 1 0 0 1 1 1 ]
d_7_3=2.284681149697 eijMax=7.115E-03 rmsd=1.803E+00 s=[ 0 0 0 1 0 1 1 0 0 1 1 0 0 0 ]
d_7_3=2.286701351717 eijMax=4.072E-03 rmsd=1.356E+00 s=[ 0 0 0 1 0 0 1 0 0 1 1 0 1 1 ]
d_7_3=2.286701351717 eijMax=6.182E-03 rmsd=3.272E+00 s=[ 0 0 0 1 0 1 0 0 0 1 1 0 0 0 ]
d_7_3=2.286701351717 eijMax=4.638E-03 rmsd=6.758E-01 s=[ 0 0 0 1 0 1 0 1 1 0 0 1 1 1 ]
d_7_3=2.286701351717 eijMax=6.966E-03 rmsd=1.810E+00 s=[ 0 0 0 1 0 1 1 0 0 1 1 0 0 0 ]
d_7_3=2.288721553737 eijMax=4.059E-03 rmsd=1.360E+00 s=[ 0 0 0 1 0 0 1 0 0 1 1 0 1 1 ]
d_7_3=2.288721553737 eijMax=6.223E-03 rmsd=3.267E+00 s=[ 0 0 0 1 0 1 0 0 0 1 1 0 0 0 ]
d_7_3=2.288721553737 eijMax=4.864E-03 rmsd=6.777E-01 s=[ 0 0 0 1 0 1 0 1 1 0 0 1 1 1 ]
d_7_3=2.288721553737 eijMax=6.817E-03 rmsd=1.817E+00 s=[ 0 0 0 1 0 1 1 0 0 1 1 0 0 0 ]
d_7_3=2.290741755758 eijMax=4.037E-03 rmsd=1.365E+00 s=[ 0 0 0 1 0 0 1 0 0 1 1 0 1 1 ]
d_7_3=2.290741755758 eijMax=6.262E-03 rmsd=3.261E+00 s=[ 0 0 0 1 0 1 0 0 0 1 1 0 0 0 ]
d_7_3=2.290741755758 eijMax=5.090E-03 rmsd=6.798E-01 s=[ 0 0 0 1 0 1 0 1 1 0 0 1 1 1 ]
d_7_3=2.290741755758 eijMax=6.666E-03 rmsd=1.824E+00 s=[ 0 0 0 1 0 1 1 0 0 1 1 0 0 0 ]
d_7_3=2.292761957778 eijMax=4.005E-03 rmsd=1.369E+00 s=[ 0 0 0 1 0 0 1 0 0 1 1 0 1 1 ]
d_7_3=2.292761957778 eijMax=6.298E-03 rmsd=3.256E+00 s=[ 0 0 0 1 0 1 0 0 0 1 1 0 0 0 ]
d_7_3=2.292761957778 eijMax=5.316E-03 rmsd=6.820E-01 s=[ 0 0 0 1 0 1 0 1 1 0 0 1 1 1 ]
d_7_3=2.292761957778 eijMax=6.515E-03 rmsd=1.830E+00 s=[ 0 0 0 1 0 1 1 0 0 1 1 0 0 0 ]
d_7_3=2.294782159798 eijMax=3.963E-03 rmsd=1.374E+00 s=[ 0 0 0 1 0 0 1 0 0 1 1 0 1 1 ]
d_7_3=2.294782159798 eijMax=6.333E-03 rmsd=3.251E+00 s=[ 0 0 0 1 0 1 0 0 0 1 1 0 0 0 ]
d_7_3=2.294782159798 eijMax=5.543E-03 rmsd=6.842E-01 s=[ 0 0 0 1 0 1 0 1 1 0 0 1 1 1 ]
d_7_3=2.294782159798 eijMax=6.363E-03 rmsd=1.837E+00 s=[ 0 0 0 1 0 1 1 0 0 1 1 0 0 0 ]
d_7_3=2.296802361818 eijMax=3.912E-03 rmsd=1.379E+00 s=[ 0 0 0 1 0 0 1 0 0 1 1 0 1 1 ]
d_7_3=2.296802361818 eijMax=6.366E-03 rmsd=3.245E+00 s=[ 0 0 0 1 0 1 0 0 0 1 1 0 0 0 ]
d_7_3=2.296802361818 eijMax=5.770E-03 rmsd=6.865E-01 s=[ 0 0 0 1 0 1 0 1 1 0 0 1 1 1 ]
d_7_3=2.296802361818 eijMax=6.210E-03 rmsd=1.844E+00 s=[ 0 0 0 1 0 1 1 0 0 1 1 0 0 0 ]
d_7_3=2.298822563838 eijMax=3.851E-03 rmsd=1.384E+00 s=[ 0 0 0 1 0 0 1 0 0 1 1 0 1 1 ]
d_7_3=2.298822563838 eijMax=6.397E-03 rmsd=3.240E+00 s=[ 0 0 0 1 0 1 0 0 0 1 1 0 0 0 ]
d_7_3=2.298822563838 eijMax=5.998E-03 rmsd=6.890E-01 s=[ 0 0 0 1 0 1 0 1 1 0 0 1 1 1 ]
d_7_3=2.298822563838 eijMax=6.056E-03 rmsd=1.850E+00 s=[ 0 0 0 1 0 1 1 0 0 1 1 0 0 0 ]
d_7_3=2.300842765859 eijMax=3.781E-03 rmsd=1.388E+00 s=[ 0 0 0 1 0 0 1 0 0 1 1 0 1 1 ]
d_7_3=2.300842765859 eijMax=6.425E-03 rmsd=3.235E+00 s=[ 0 0 0 1 0 1 0 0 0 1 1 0 0 0 ]
d_7_3=2.300842765859 eijMax=6.226E-03 rmsd=6.915E-01 s=[ 0 0 0 1 0 1 0 1 1 0 0 1 1 1 ]
d_7_3=2.300842765859 eijMax=5.902E-03 rmsd=1.857E+00 s=[ 0 0 0 1 0 1 1 0 0 1 1 0 0 0 ]
d_7_3=2.302862967879 eijMax=3.700E-03 rmsd=1.393E+00 s=[ 0 0 0 1 0 0 1 0 0 1 1 0 1 1 ]
d_7_3=2.302862967879 eijMax=6.452E-03 rmsd=3.230E+00 s=[ 0 0 0 1 0 1 0 0 0 1 1 0 0 0 ]
d_7_3=2.302862967879 eijMax=6.454E-03 rmsd=6.941E-01 s=[ 0 0 0 1 0 1 0 1 1 0 0 1 1 1 ]
d_7_3=2.302862967879 eijMax=5.747E-03 rmsd=1.863E+00 s=[ 0 0 0 1 0 1 1 0 0 1 1 0 0 0 ]
d_7_3=2.304883169899 eijMax=3.610E-03 rmsd=1.398E+00 s=[ 0 0 0 1 0 0 1 0 0 1 1 0 1 1 ]
d_7_3=2.304883169899 eijMax=6.477E-03 rmsd=3.225E+00 s=[ 0 0 0 1 0 1 0 0 0 1 1 0 0 0 ]
d_7_3=2.304883169899 eijMax=6.682E-03 rmsd=6.967E-01 s=[ 0 0 0 1 0 1 0 1 1 0 0 1 1 1 ]
d_7_3=2.304883169899 eijMax=5.591E-03 rmsd=1.870E+00 s=[ 0 0 0 1 0 1 1 0 0 1 1 0 0 0 ]
d_7_3=2.306903371919 eijMax=3.510E-03 rmsd=1.403E+00 s=[ 0 0 0 1 0 0 1 0 0 1 1 0 1 1 ]
d_7_3=2.306903371919 eijMax=6.500E-03 rmsd=3.220E+00 s=[ 0 0 0 1 0 1 0 0 0 1 1 0 0 0 ]
d_7_3=2.306903371919 eijMax=6.910E-03 rmsd=6.995E-01 s=[ 0 0 0 1 0 1 0 1 1 0 0 1 1 1 ]
d_7_3=2.306903371919 eijMax=5.434E-03 rmsd=1.876E+00 s=[ 0 0 0 1 0 1 1 0 0 1 1 0 0 0 ]
d_7_3=2.308923573939 eijMax=3.399E-03 rmsd=1.408E+00 s=[ 0 0 0 1 0 0 1 0 0 1 1 0 1 1 ]
d_7_3=2.308923573939 eijMax=6.521E-03 rmsd=3.214E+00 s=[ 0 0 0 1 0 1 0 0 0 1 1 0 0 0 ]
d_7_3=2.308923573939 eijMax=7.138E-03 rmsd=7.023E-01 s=[ 0 0 0 1 0 1 0 1 1 0 0 1 1 1 ]
d_7_3=2.308923573939 eijMax=5.277E-03 rmsd=1.882E+00 s=[ 0 0 0 1 0 1 1 0 0 1 1 0 0 0 ]
d_7_3=2.310943775960 eijMax=3.279E-03 rmsd=1.413E+00 s=[ 0 0 0 1 0 0 1 0 0 1 1 0 1 1 ]
d_7_3=2.310943775960 eijMax=6.540E-03 rmsd=3.209E+00 s=[ 0 0 0 1 0 1 0 0 0 1 1 0 0 0 ]
d_7_3=2.310943775960 eijMax=7.366E-03 rmsd=7.052E-01 s=[ 0 0 0 1 0 1 0 1 1 0 0 1 1 1 ]
d_7_3=2.310943775960 eijMax=5.119E-03 rmsd=1.889E+00 s=[ 0 0 0 1 0 1 1 0 0 1 1 0 0 0 ]
d_7_3=2.312963977980 eijMax=3.149E-03 rmsd=1.418E+00 s=[ 0 0 0 1 0 0 1 0 0 1 1 0 1 1 ]
d_7_3=2.312963977980 eijMax=6.557E-03 rmsd=3.204E+00 s=[ 0 0 0 1 0 1 0 0 0 1 1 0 0 0 ]
d_7_3=2.312963977980 eijMax=7.594E-03 rmsd=7.081E-01 s=[ 0 0 0 1 0 1 0 1 1 0 0 1 1 1 ]
d_7_3=2.312963977980 eijMax=4.960E-03 rmsd=1.895E+00 s=[ 0 0 0 1 0 1 1 0 0 1 1 0 0 0 ]
d_7_3=2.314984180000 eijMax=3.008E-03 rmsd=1.423E+00 s=[ 0 0 0 1 0 0 1 0 0 1 1 0 1 1 ]
d_7_3=2.314984180000 eijMax=6.572E-03 rmsd=3.199E+00 s=[ 0 0 0 1 0 1 0 0 0 1 1 0 0 0 ]
d_7_3=2.314984180000 eijMax=7.822E-03 rmsd=7.112E-01 s=[ 0 0 0 1 0 1 0 1 1 0 0 1 1 1 ]
d_7_3=2.314984180000 eijMax=4.801E-03 rmsd=1.901E+00 s=[ 0 0 0 1 0 1 1 0 0 1 1 0 0 0 ]
num ..... 100
nnodes .. 14
nedges .. 43
nsols ... 824
tsecs ... 5.405850
