order:    [ 5 1 2 4 7 3 0 9 10 13 12 11 8 6 ]
atoms:    [ CA CA C N H HA N CA C C CA N N C ]
residues: [ 1 0 0 1 1 0 0 2 2 3 3 3 2 1 ]

d_7_3=2.137206402222 eijMax=2.411E-03 rmsd=1.080E+00 s=[ 0 0 0 0 1 0 1 0 0 1 1 0 0 0 ]
d_7_3=2.137206402222 eijMax=7.246E-03 rmsd=1.230E+00 s=[ 0 0 0 0 1 1 1 0 0 1 1 0 0 0 ]
d_7_3=2.159428624444 eijMax=3.017E-03 rmsd=8.547E-01 s=[ 0 0 0 0 1 0 1 0 0 1 1 0 0 0 ]
d_7_3=2.159428624444 eijMax=8.157E-03 rmsd=1.255E+00 s=[ 0 0 0 0 1 0 1 0 0 1 1 0 1 1 ]
d_7_3=2.159428624444 eijMax=3.249E-03 rmsd=3.361E+00 s=[ 0 0 0 0 1 0 1 1 1 0 0 1 1 1 ]
d_7_3=2.159428624444 eijMax=8.171E-03 rmsd=2.713E-01 s=[ 0 0 0 0 1 1 0 1 1 0 0 1 1 1 ]
d_7_3=2.181650846667 eijMax=9.775E-03 rmsd=1.705E+00 s=[ 0 0 0 0 1 0 0 1 1 0 0 1 0 0 ]
d_7_3=2.181650846667 eijMax=3.691E-03 rmsd=7.585E-01 s=[ 0 0 0 0 1 0 1 0 0 1 1 0 0 0 ]
d_7_3=2.181650846667 eijMax=1.246E-03 rmsd=1.214E+00 s=[ 0 0 0 0 1 0 1 0 0 1 1 0 1 1 ]
d_7_3=2.181650846667 eijMax=5.497E-05 rmsd=3.348E+00 s=[ 0 0 0 0 1 0 1 1 1 0 0 1 1 1 ]
d_7_3=2.181650846667 eijMax=7.191E-03 rmsd=1.195E+00 s=[ 0 0 0 0 1 1 0 1 1 0 0 1 0 0 ]
d_7_3=2.181650846667 eijMax=2.793E-03 rmsd=7.560E-02 s=[ 0 0 0 0 1 1 0 1 1 0 0 1 1 1 ]
d_7_3=2.181650846667 eijMax=8.794E-03 rmsd=1.826E+00 s=[ 0 0 0 0 1 1 1 0 0 1 1 0 1 1 ]
d_7_3=2.203873068889 eijMax=3.161E-03 rmsd=1.801E+00 s=[ 0 0 0 0 1 0 0 1 1 0 0 1 0 0 ]
d_7_3=2.203873068889 eijMax=2.953E-03 rmsd=7.013E-01 s=[ 0 0 0 0 1 0 1 0 0 1 1 0 0 0 ]
d_7_3=2.203873068889 eijMax=2.261E-03 rmsd=3.338E+00 s=[ 0 0 0 0 1 0 1 1 1 0 0 1 1 1 ]
d_7_3=2.203873068889 eijMax=2.969E-03 rmsd=1.211E+00 s=[ 0 0 0 0 1 1 0 1 1 0 0 1 0 0 ]
d_7_3=2.203873068889 eijMax=3.616E-03 rmsd=8.252E-02 s=[ 0 0 0 0 1 1 0 1 1 0 0 1 1 1 ]
d_7_3=2.203873068889 eijMax=1.823E-03 rmsd=1.919E+00 s=[ 0 0 0 0 1 1 1 0 0 1 1 0 1 1 ]
d_7_3=2.226095291111 eijMax=3.834E-03 rmsd=1.886E+00 s=[ 0 0 0 0 1 0 0 1 1 0 0 1 0 0 ]
d_7_3=2.226095291111 eijMax=1.431E-03 rmsd=6.699E-01 s=[ 0 0 0 0 1 0 1 0 0 1 1 0 0 0 ]
d_7_3=2.226095291111 eijMax=3.837E-03 rmsd=3.330E+00 s=[ 0 0 0 0 1 0 1 1 1 0 0 1 1 1 ]
d_7_3=2.226095291111 eijMax=2.958E-04 rmsd=1.239E+00 s=[ 0 0 0 0 1 1 0 1 1 0 0 1 0 0 ]
d_7_3=2.226095291111 eijMax=5.277E-03 rmsd=1.999E+00 s=[ 0 0 0 0 1 1 1 0 0 1 1 0 1 1 ]
d_7_3=2.248317513333 eijMax=9.652E-03 rmsd=1.670E+00 s=[ 0 0 0 0 1 0 0 1 1 0 0 1 1 1 ]
d_7_3=2.248317513333 eijMax=5.710E-04 rmsd=6.585E-01 s=[ 0 0 0 0 1 0 1 0 0 1 1 0 0 0 ]
d_7_3=2.248317513333 eijMax=4.977E-03 rmsd=3.323E+00 s=[ 0 0 0 0 1 0 1 1 1 0 0 1 1 1 ]
d_7_3=2.248317513333 eijMax=2.582E-03 rmsd=1.276E+00 s=[ 0 0 0 0 1 1 0 1 1 0 0 1 0 0 ]
d_7_3=2.270539735556 eijMax=8.135E-03 rmsd=1.754E+00 s=[ 0 0 0 0 1 0 0 1 1 0 0 1 1 1 ]
d_7_3=2.270539735556 eijMax=2.865E-03 rmsd=6.635E-01 s=[ 0 0 0 0 1 0 1 0 0 1 1 0 0 0 ]
d_7_3=2.270539735556 eijMax=5.778E-03 rmsd=3.316E+00 s=[ 0 0 0 0 1 0 1 1 1 0 0 1 1 1 ]
d_7_3=2.270539735556 eijMax=3.840E-03 rmsd=1.320E+00 s=[ 0 0 0 0 1 1 0 1 1 0 0 1 0 0 ]
d_7_3=2.292761957778 eijMax=6.515E-03 rmsd=1.830E+00 s=[ 0 0 0 0 1 0 0 1 1 0 0 1 1 1 ]
d_7_3=2.292761957778 eijMax=5.316E-03 rmsd=6.820E-01 s=[ 0 0 0 0 1 0 1 0 0 1 1 0 0 0 ]
d_7_3=2.292761957778 eijMax=6.298E-03 rmsd=3.256E+00 s=[ 0 0 0 0 1 0 1 1 1 0 0 1 1 1 ]
d_7_3=2.292761957778 eijMax=4.005E-03 rmsd=1.369E+00 s=[ 0 0 0 0 1 1 0 1 1 0 0 1 0 0 ]
d_7_3=2.314984180000 eijMax=4.801E-03 rmsd=1.901E+00 s=[ 0 0 0 0 1 0 0 1 1 0 0 1 1 1 ]
d_7_3=2.314984180000 eijMax=7.822E-03 rmsd=7.112E-01 s=[ 0 0 0 0 1 0 1 0 0 1 1 0 0 0 ]
d_7_3=2.314984180000 eijMax=6.572E-03 rmsd=3.199E+00 s=[ 0 0 0 0 1 0 1 1 1 0 0 1 1 1 ]
d_7_3=2.314984180000 eijMax=3.008E-03 rmsd=1.423E+00 s=[ 0 0 0 0 1 1 0 1 1 0 0 1 0 0 ]
d_7_3=2.137206402222 eijMax=7.246E-03 rmsd=1.230E+00 s=[ 0 0 0 1 0 0 0 1 1 0 0 1 1 1 ]
d_7_3=2.137206402222 eijMax=2.411E-03 rmsd=1.080E+00 s=[ 0 0 0 1 0 1 0 1 1 0 0 1 1 1 ]
d_7_3=2.159428624444 eijMax=8.171E-03 rmsd=2.713E-01 s=[ 0 0 0 1 0 0 1 0 0 1 1 0 0 0 ]
d_7_3=2.159428624444 eijMax=3.249E-03 rmsd=3.361E+00 s=[ 0 0 0 1 0 1 0 0 0 1 1 0 0 0 ]
d_7_3=2.159428624444 eijMax=8.157E-03 rmsd=1.255E+00 s=[ 0 0 0 1 0 1 0 1 1 0 0 1 0 0 ]
d_7_3=2.159428624444 eijMax=3.017E-03 rmsd=8.547E-01 s=[ 0 0 0 1 0 1 0 1 1 0 0 1 1 1 ]
d_7_3=2.181650846667 eijMax=8.794E-03 rmsd=1.826E+00 s=[ 0 0 0 1 0 0 0 1 1 0 0 1 0 0 ]
d_7_3=2.181650846667 eijMax=2.793E-03 rmsd=7.560E-02 s=[ 0 0 0 1 0 0 1 0 0 1 1 0 0 0 ]
d_7_3=2.181650846667 eijMax=7.191E-03 rmsd=1.195E+00 s=[ 0 0 0 1 0 0 1 0 0 1 1 0 1 1 ]
d_7_3=2.181650846667 eijMax=5.497E-05 rmsd=3.348E+00 s=[ 0 0 0 1 0 1 0 0 0 1 1 0 0 0 ]
d_7_3=2.181650846667 eijMax=1.246E-03 rmsd=1.214E+00 s=[ 0 0 0 1 0 1 0 1 1 0 0 1 0 0 ]
d_7_3=2.181650846667 eijMax=3.691E-03 rmsd=7.585E-01 s=[ 0 0 0 1 0 1 0 1 1 0 0 1 1 1 ]
d_7_3=2.181650846667 eijMax=9.775E-03 rmsd=1.705E+00 s=[ 0 0 0 1 0 1 1 0 0 1 1 0 1 1 ]
d_7_3=2.203873068889 eijMax=1.823E-03 rmsd=1.919E+00 s=[ 0 0 0 1 0 0 0 1 1 0 0 1 0 0 ]
d_7_3=2.203873068889 eijMax=3.616E-03 rmsd=8.252E-02 s=[ 0 0 0 1 0 0 1 0 0 1 1 0 0 0 ]
d_7_3=2.203873068889 eijMax=2.969E-03 rmsd=1.211E+00 s=[ 0 0 0 1 0 0 1 0 0 1 1 0 1 1 ]
d_7_3=2.203873068889 eijMax=2.261E-03 rmsd=3.338E+00 s=[ 0 0 0 1 0 1 0 0 0 1 1 0 0 0 ]
d_7_3=2.203873068889 eijMax=2.953E-03 rmsd=7.013E-01 s=[ 0 0 0 1 0 1 0 1 1 0 0 1 1 1 ]
d_7_3=2.203873068889 eijMax=3.161E-03 rmsd=1.801E+00 s=[ 0 0 0 1 0 1 1 0 0 1 1 0 1 1 ]
d_7_3=2.226095291111 eijMax=5.277E-03 rmsd=1.999E+00 s=[ 0 0 0 1 0 0 0 1 1 0 0 1 0 0 ]
d_7_3=2.226095291111 eijMax=2.958E-04 rmsd=1.239E+00 s=[ 0 0 0 1 0 0 1 0 0 1 1 0 1 1 ]
d_7_3=2.226095291111 eijMax=3.837E-03 rmsd=3.330E+00 s=[ 0 0 0 1 0 1 0 0 0 1 1 0 0 0 ]
d_7_3=2.226095291111 eijMax=1.431E-03 rmsd=6.699E-01 s=[ 0 0 0 1 0 1 0 1 1 0 0 1 1 1 ]
d_7_3=2.226095291111 eijMax=3.834E-03 rmsd=1.886E+00 s=[ 0 0 0 1 0 1 1 0 0 1 1 0 1 1 ]
d_7_3=2.248317513333 eijMax=2.582E-03 rmsd=1.276E+00 s=[ 0 0 0 1 0 0 1 0 0 1 1 0 1 1 ]
d_7_3=2.248317513333 eijMax=4.977E-03 rmsd=3.323E+00 s=[ 0 0 0 1 0 1 0 0 0 1 1 0 0 0 ]
d_7_3=2.248317513333 eijMax=5.710E-04 rmsd=6.585E-01 s=[ 0 0 0 1 0 1 0 1 1 0 0 1 1 1 ]
d_7_3=2.248317513333 eijMax=9.652E-03 rmsd=1.670E+00 s=[ 0 0 0 1 0 1 1 0 0 1 1 0 0 0 ]
d_7_3=2.270539735556 eijMax=3.840E-03 rmsd=1.320E+00 s=[ 0 0 0 1 0 0 1 0 0 1 1 0 1 1 ]
d_7_3=2.270539735556 eijMax=5.778E-03 rmsd=3.316E+00 s=[ 0 0 0 1 0 1 0 0 0 1 1 0 0 0 ]
d_7_3=2.270539735556 eijMax=2.865E-03 rmsd=6.635E-01 s=[ 0 0 0 1 0 1 0 1 1 0 0 1 1 1 ]
d_7_3=2.270539735556 eijMax=8.135E-03 rmsd=1.754E+00 s=[ 0 0 0 1 0 1 1 0 0 1 1 0 0 0 ]
d_7_3=2.292761957778 eijMax=4.005E-03 rmsd=1.369E+00 s=[ 0 0 0 1 0 0 1 0 0 1 1 0 1 1 ]
d_7_3=2.292761957778 eijMax=6.298E-03 rmsd=3.256E+00 s=[ 0 0 0 1 0 1 0 0 0 1 1 0 0 0 ]
d_7_3=2.292761957778 eijMax=5.316E-03 rmsd=6.820E-01 s=[ 0 0 0 1 0 1 0 1 1 0 0 1 1 1 ]
d_7_3=2.292761957778 eijMax=6.515E-03 rmsd=1.830E+00 s=[ 0 0 0 1 0 1 1 0 0 1 1 0 0 0 ]
d_7_3=2.314984180000 eijMax=3.008E-03 rmsd=1.423E+00 s=[ 0 0 0 1 0 0 1 0 0 1 1 0 1 1 ]
d_7_3=2.314984180000 eijMax=6.572E-03 rmsd=3.199E+00 s=[ 0 0 0 1 0 1 0 0 0 1 1 0 0 0 ]
d_7_3=2.314984180000 eijMax=7.822E-03 rmsd=7.112E-01 s=[ 0 0 0 1 0 1 0 1 1 0 0 1 1 1 ]
d_7_3=2.314984180000 eijMax=4.801E-03 rmsd=1.901E+00 s=[ 0 0 0 1 0 1 1 0 0 1 1 0 0 0 ]
num ..... 10
nnodes .. 14
nedges .. 43
nsols ... 80
nbbsols 80
tsecs ... 0.652579
