order:    [ 5 1 2 4 7 3 0 9 10 13 12 11 8 6 ]
atoms:    [ CA CA C N H HA N CA C C CA N N C ]
residues: [ 1 0 0 1 1 0 0 2 2 3 3 3 2 1 ]

We use a different pair of symbles to represent the bits values which are associated with the HA and H of the discretized distance, and another one to represent the bits of other hydrogens.
For the HA and H from the discretized distance:
	"+" means 0
	"-" means 1
For any other hydrogens:
	">" means 0
	"<" means 1

d_7_3=2.137206402222 s=[ 0 0 0 0 - + 1 0 0 1 1 0 0 0 ]

d_7_3=2.137206402222 s=[ 0 0 0 0 - - 1 0 0 1 1 0 0 0 ]

d_7_3=2.139226604242 s=[ 0 0 0 0 - + 1 0 0 1 1 0 0 0 ]

d_7_3=2.139226604242 s=[ 0 0 0 0 - + 1 1 1 0 0 1 1 1 ]

d_7_3=2.139226604242 s=[ 0 0 0 0 - - 1 0 0 1 1 0 0 0 ]

d_7_3=2.141246806263 s=[ 0 0 0 0 - + 1 0 0 1 1 0 0 0 ]

d_7_3=2.141246806263 s=[ 0 0 0 0 - + 1 1 1 0 0 1 1 1 ]

d_7_3=2.141246806263 s=[ 0 0 0 0 - - 1 0 0 1 1 0 0 0 ]

d_7_3=2.143267008283 s=[ 0 0 0 0 - + 1 0 0 1 1 0 0 0 ]

d_7_3=2.143267008283 s=[ 0 0 0 0 - + 1 1 1 0 0 1 1 1 ]

d_7_3=2.145287210303 s=[ 0 0 0 0 - + 1 0 0 1 1 0 0 0 ]

d_7_3=2.145287210303 s=[ 0 0 0 0 - + 1 1 1 0 0 1 1 1 ]

d_7_3=2.147307412323 s=[ 0 0 0 0 - + 1 0 0 1 1 0 0 0 ]

d_7_3=2.147307412323 s=[ 0 0 0 0 - + 1 1 1 0 0 1 1 1 ]

d_7_3=2.149327614343 s=[ 0 0 0 0 - + 1 0 0 1 1 0 0 0 ]

d_7_3=2.149327614343 s=[ 0 0 0 0 - + 1 1 1 0 0 1 1 1 ]

d_7_3=2.151347816364 s=[ 0 0 0 0 - + 1 0 0 1 1 0 0 0 ]

d_7_3=2.151347816364 s=[ 0 0 0 0 - + 1 1 1 0 0 1 1 1 ]

d_7_3=2.151347816364 s=[ 0 0 0 0 - - 0 1 1 0 0 1 1 1 ]

d_7_3=2.153368018384 s=[ 0 0 0 0 - + 1 0 0 1 1 0 0 0 ]

d_7_3=2.153368018384 s=[ 0 0 0 0 - + 1 1 1 0 0 1 1 1 ]

d_7_3=2.153368018384 s=[ 0 0 0 0 - - 0 1 1 0 0 1 1 1 ]

d_7_3=2.155388220404 s=[ 0 0 0 0 - + 1 0 0 1 1 0 0 0 ]

d_7_3=2.155388220404 s=[ 0 0 0 0 - + 1 0 0 1 1 0 1 1 ]

d_7_3=2.155388220404 s=[ 0 0 0 0 - + 1 1 1 0 0 1 1 1 ]

d_7_3=2.155388220404 s=[ 0 0 0 0 - - 0 1 1 0 0 1 1 1 ]

d_7_3=2.157408422424 s=[ 0 0 0 0 - + 1 0 0 1 1 0 0 0 ]

d_7_3=2.157408422424 s=[ 0 0 0 0 - + 1 0 0 1 1 0 1 1 ]

d_7_3=2.157408422424 s=[ 0 0 0 0 - + 1 1 1 0 0 1 1 1 ]

d_7_3=2.157408422424 s=[ 0 0 0 0 - - 0 1 1 0 0 1 1 1 ]

d_7_3=2.159428624444 s=[ 0 0 0 0 - + 1 0 0 1 1 0 0 0 ]

d_7_3=2.159428624444 s=[ 0 0 0 0 - + 1 0 0 1 1 0 1 1 ]

d_7_3=2.159428624444 s=[ 0 0 0 0 - + 1 1 1 0 0 1 1 1 ]

d_7_3=2.159428624444 s=[ 0 0 0 0 - - 0 1 1 0 0 1 1 1 ]

d_7_3=2.161448826465 s=[ 0 0 0 0 - + 1 0 0 1 1 0 0 0 ]

d_7_3=2.161448826465 s=[ 0 0 0 0 - + 1 0 0 1 1 0 1 1 ]

d_7_3=2.161448826465 s=[ 0 0 0 0 - + 1 1 1 0 0 1 1 1 ]

d_7_3=2.161448826465 s=[ 0 0 0 0 - - 0 1 1 0 0 1 1 1 ]

d_7_3=2.163469028485 s=[ 0 0 0 0 - + 1 0 0 1 1 0 0 0 ]

d_7_3=2.163469028485 s=[ 0 0 0 0 - + 1 0 0 1 1 0 1 1 ]

d_7_3=2.163469028485 s=[ 0 0 0 0 - + 1 1 1 0 0 1 1 1 ]

d_7_3=2.163469028485 s=[ 0 0 0 0 - - 0 1 1 0 0 1 1 1 ]

d_7_3=2.165489230505 s=[ 0 0 0 0 - + 1 0 0 1 1 0 0 0 ]

d_7_3=2.165489230505 s=[ 0 0 0 0 - + 1 0 0 1 1 0 1 1 ]

d_7_3=2.165489230505 s=[ 0 0 0 0 - + 1 1 1 0 0 1 1 1 ]

d_7_3=2.165489230505 s=[ 0 0 0 0 - - 0 1 1 0 0 1 1 1 ]

d_7_3=2.167509432525 s=[ 0 0 0 0 - + 1 0 0 1 1 0 0 0 ]

d_7_3=2.167509432525 s=[ 0 0 0 0 - + 1 0 0 1 1 0 1 1 ]

d_7_3=2.167509432525 s=[ 0 0 0 0 - + 1 1 1 0 0 1 1 1 ]

d_7_3=2.167509432525 s=[ 0 0 0 0 - - 0 1 1 0 0 1 1 1 ]

d_7_3=2.169529634545 s=[ 0 0 0 0 - + 1 0 0 1 1 0 0 0 ]

d_7_3=2.169529634545 s=[ 0 0 0 0 - + 1 0 0 1 1 0 1 1 ]

d_7_3=2.169529634545 s=[ 0 0 0 0 - + 1 1 1 0 0 1 1 1 ]

d_7_3=2.169529634545 s=[ 0 0 0 0 - - 0 1 1 0 0 1 0 0 ]

d_7_3=2.169529634545 s=[ 0 0 0 0 - - 0 1 1 0 0 1 1 1 ]

d_7_3=2.171549836566 s=[ 0 0 0 0 - + 1 0 0 1 1 0 0 0 ]

d_7_3=2.171549836566 s=[ 0 0 0 0 - + 1 0 0 1 1 0 1 1 ]

d_7_3=2.171549836566 s=[ 0 0 0 0 - + 1 1 1 0 0 1 1 1 ]

d_7_3=2.171549836566 s=[ 0 0 0 0 - - 0 1 1 0 0 1 0 0 ]

d_7_3=2.171549836566 s=[ 0 0 0 0 - - 0 1 1 0 0 1 1 1 ]

d_7_3=2.173570038586 s=[ 0 0 0 0 - + 1 0 0 1 1 0 0 0 ]

d_7_3=2.173570038586 s=[ 0 0 0 0 - + 1 0 0 1 1 0 1 1 ]

d_7_3=2.173570038586 s=[ 0 0 0 0 - + 1 1 1 0 0 1 1 1 ]

d_7_3=2.173570038586 s=[ 0 0 0 0 - - 0 1 1 0 0 1 0 0 ]

d_7_3=2.173570038586 s=[ 0 0 0 0 - - 0 1 1 0 0 1 1 1 ]

d_7_3=2.175590240606 s=[ 0 0 0 0 - + 1 0 0 1 1 0 0 0 ]

d_7_3=2.175590240606 s=[ 0 0 0 0 - + 1 0 0 1 1 0 1 1 ]

d_7_3=2.175590240606 s=[ 0 0 0 0 - + 1 1 1 0 0 1 1 1 ]

d_7_3=2.175590240606 s=[ 0 0 0 0 - - 0 1 1 0 0 1 0 0 ]

d_7_3=2.175590240606 s=[ 0 0 0 0 - - 0 1 1 0 0 1 1 1 ]

d_7_3=2.177610442626 s=[ 0 0 0 0 - + 1 0 0 1 1 0 0 0 ]

d_7_3=2.177610442626 s=[ 0 0 0 0 - + 1 0 0 1 1 0 1 1 ]

d_7_3=2.177610442626 s=[ 0 0 0 0 - + 1 1 1 0 0 1 1 1 ]

d_7_3=2.177610442626 s=[ 0 0 0 0 - - 0 1 1 0 0 1 0 0 ]

d_7_3=2.177610442626 s=[ 0 0 0 0 - - 0 1 1 0 0 1 1 1 ]

d_7_3=2.179630644646 s=[ 0 0 0 0 - + 1 0 0 1 1 0 0 0 ]

d_7_3=2.179630644646 s=[ 0 0 0 0 - + 1 0 0 1 1 0 1 1 ]

d_7_3=2.179630644646 s=[ 0 0 0 0 - + 1 1 1 0 0 1 1 1 ]

d_7_3=2.179630644646 s=[ 0 0 0 0 - - 0 1 1 0 0 1 0 0 ]

d_7_3=2.179630644646 s=[ 0 0 0 0 - - 0 1 1 0 0 1 1 1 ]

d_7_3=2.179630644646 s=[ 0 0 0 0 - - 1 0 0 1 1 0 1 1 ]

d_7_3=2.181650846667 s=[ 0 0 0 0 - + 0 1 1 0 0 1 0 0 ]

d_7_3=2.181650846667 s=[ 0 0 0 0 - + 1 0 0 1 1 0 0 0 ]

d_7_3=2.181650846667 s=[ 0 0 0 0 - + 1 0 0 1 1 0 1 1 ]

d_7_3=2.181650846667 s=[ 0 0 0 0 - + 1 1 1 0 0 1 1 1 ]

d_7_3=2.181650846667 s=[ 0 0 0 0 - - 0 1 1 0 0 1 0 0 ]

d_7_3=2.181650846667 s=[ 0 0 0 0 - - 0 1 1 0 0 1 1 1 ]

d_7_3=2.181650846667 s=[ 0 0 0 0 - - 1 0 0 1 1 0 1 1 ]

d_7_3=2.183671048687 s=[ 0 0 0 0 - + 0 1 1 0 0 1 0 0 ]

d_7_3=2.183671048687 s=[ 0 0 0 0 - + 1 0 0 1 1 0 0 0 ]

d_7_3=2.183671048687 s=[ 0 0 0 0 - + 1 0 0 1 1 0 1 1 ]

d_7_3=2.183671048687 s=[ 0 0 0 0 - + 1 1 1 0 0 1 1 1 ]

d_7_3=2.183671048687 s=[ 0 0 0 0 - - 0 1 1 0 0 1 0 0 ]

d_7_3=2.183671048687 s=[ 0 0 0 0 - - 0 1 1 0 0 1 1 1 ]

d_7_3=2.183671048687 s=[ 0 0 0 0 - - 1 0 0 1 1 0 1 1 ]

d_7_3=2.185691250707 s=[ 0 0 0 0 - + 0 1 1 0 0 1 0 0 ]

d_7_3=2.185691250707 s=[ 0 0 0 0 - + 1 0 0 1 1 0 0 0 ]

d_7_3=2.185691250707 s=[ 0 0 0 0 - + 1 0 0 1 1 0 1 1 ]

d_7_3=2.185691250707 s=[ 0 0 0 0 - + 1 1 1 0 0 1 1 1 ]

d_7_3=2.185691250707 s=[ 0 0 0 0 - - 0 1 1 0 0 1 0 0 ]

d_7_3=2.185691250707 s=[ 0 0 0 0 - - 0 1 1 0 0 1 1 1 ]

d_7_3=2.185691250707 s=[ 0 0 0 0 - - 1 0 0 1 1 0 1 1 ]

d_7_3=2.187711452727 s=[ 0 0 0 0 - + 0 1 1 0 0 1 0 0 ]

d_7_3=2.187711452727 s=[ 0 0 0 0 - + 1 0 0 1 1 0 0 0 ]

d_7_3=2.187711452727 s=[ 0 0 0 0 - + 1 0 0 1 1 0 1 1 ]

d_7_3=2.187711452727 s=[ 0 0 0 0 - + 1 1 1 0 0 1 1 1 ]

d_7_3=2.187711452727 s=[ 0 0 0 0 - - 0 1 1 0 0 1 0 0 ]

d_7_3=2.187711452727 s=[ 0 0 0 0 - - 0 1 1 0 0 1 1 1 ]

d_7_3=2.187711452727 s=[ 0 0 0 0 - - 1 0 0 1 1 0 1 1 ]

d_7_3=2.189731654747 s=[ 0 0 0 0 - + 0 1 1 0 0 1 0 0 ]

d_7_3=2.189731654747 s=[ 0 0 0 0 - + 1 0 0 1 1 0 0 0 ]

d_7_3=2.189731654747 s=[ 0 0 0 0 - + 1 0 0 1 1 0 1 1 ]

d_7_3=2.189731654747 s=[ 0 0 0 0 - + 1 1 1 0 0 1 1 1 ]

d_7_3=2.189731654747 s=[ 0 0 0 0 - - 0 1 1 0 0 1 0 0 ]

d_7_3=2.189731654747 s=[ 0 0 0 0 - - 0 1 1 0 0 1 1 1 ]

d_7_3=2.189731654747 s=[ 0 0 0 0 - - 1 0 0 1 1 0 1 1 ]

d_7_3=2.191751856768 s=[ 0 0 0 0 - + 0 1 1 0 0 1 0 0 ]

d_7_3=2.191751856768 s=[ 0 0 0 0 - + 1 0 0 1 1 0 0 0 ]

d_7_3=2.191751856768 s=[ 0 0 0 0 - + 1 0 0 1 1 0 1 1 ]

d_7_3=2.191751856768 s=[ 0 0 0 0 - + 1 1 1 0 0 1 1 1 ]

d_7_3=2.191751856768 s=[ 0 0 0 0 - - 0 1 1 0 0 1 0 0 ]

d_7_3=2.191751856768 s=[ 0 0 0 0 - - 0 1 1 0 0 1 1 1 ]

d_7_3=2.191751856768 s=[ 0 0 0 0 - - 1 0 0 1 1 0 1 1 ]

d_7_3=2.193772058788 s=[ 0 0 0 0 - + 0 1 1 0 0 1 0 0 ]

d_7_3=2.193772058788 s=[ 0 0 0 0 - + 1 0 0 1 1 0 0 0 ]

d_7_3=2.193772058788 s=[ 0 0 0 0 - + 1 0 0 1 1 0 1 1 ]

d_7_3=2.193772058788 s=[ 0 0 0 0 - + 1 1 1 0 0 1 1 1 ]

d_7_3=2.193772058788 s=[ 0 0 0 0 - - 0 1 1 0 0 1 0 0 ]

d_7_3=2.193772058788 s=[ 0 0 0 0 - - 0 1 1 0 0 1 1 1 ]

d_7_3=2.193772058788 s=[ 0 0 0 0 - - 1 0 0 1 1 0 1 1 ]

d_7_3=2.195792260808 s=[ 0 0 0 0 - + 0 1 1 0 0 1 0 0 ]

d_7_3=2.195792260808 s=[ 0 0 0 0 - + 1 0 0 1 1 0 0 0 ]

d_7_3=2.195792260808 s=[ 0 0 0 0 - + 1 0 0 1 1 0 1 1 ]

d_7_3=2.195792260808 s=[ 0 0 0 0 - + 1 1 1 0 0 1 1 1 ]

d_7_3=2.195792260808 s=[ 0 0 0 0 - - 0 1 1 0 0 1 0 0 ]

d_7_3=2.195792260808 s=[ 0 0 0 0 - - 0 1 1 0 0 1 1 1 ]

d_7_3=2.195792260808 s=[ 0 0 0 0 - - 1 0 0 1 1 0 1 1 ]

d_7_3=2.197812462828 s=[ 0 0 0 0 - + 0 1 1 0 0 1 0 0 ]

d_7_3=2.197812462828 s=[ 0 0 0 0 - + 1 0 0 1 1 0 0 0 ]

d_7_3=2.197812462828 s=[ 0 0 0 0 - + 1 0 0 1 1 0 1 1 ]

d_7_3=2.197812462828 s=[ 0 0 0 0 - + 1 1 1 0 0 1 1 1 ]

d_7_3=2.197812462828 s=[ 0 0 0 0 - - 0 1 1 0 0 1 0 0 ]

d_7_3=2.197812462828 s=[ 0 0 0 0 - - 0 1 1 0 0 1 1 1 ]

d_7_3=2.197812462828 s=[ 0 0 0 0 - - 1 0 0 1 1 0 1 1 ]

d_7_3=2.199832664848 s=[ 0 0 0 0 - + 0 1 1 0 0 1 0 0 ]

d_7_3=2.199832664848 s=[ 0 0 0 0 - + 1 0 0 1 1 0 0 0 ]

d_7_3=2.199832664848 s=[ 0 0 0 0 - + 1 0 0 1 1 0 1 1 ]

d_7_3=2.199832664848 s=[ 0 0 0 0 - + 1 1 1 0 0 1 1 1 ]

d_7_3=2.199832664848 s=[ 0 0 0 0 - - 0 1 1 0 0 1 0 0 ]

d_7_3=2.199832664848 s=[ 0 0 0 0 - - 0 1 1 0 0 1 1 1 ]

d_7_3=2.199832664848 s=[ 0 0 0 0 - - 1 0 0 1 1 0 1 1 ]

d_7_3=2.201852866869 s=[ 0 0 0 0 - + 0 1 1 0 0 1 0 0 ]

d_7_3=2.201852866869 s=[ 0 0 0 0 - + 1 0 0 1 1 0 0 0 ]

d_7_3=2.201852866869 s=[ 0 0 0 0 - + 1 0 0 1 1 0 1 1 ]

d_7_3=2.201852866869 s=[ 0 0 0 0 - + 1 1 1 0 0 1 1 1 ]

d_7_3=2.201852866869 s=[ 0 0 0 0 - - 0 1 1 0 0 1 0 0 ]

d_7_3=2.201852866869 s=[ 0 0 0 0 - - 0 1 1 0 0 1 1 1 ]

d_7_3=2.201852866869 s=[ 0 0 0 0 - - 1 0 0 1 1 0 1 1 ]

d_7_3=2.203873068889 s=[ 0 0 0 0 - + 0 1 1 0 0 1 0 0 ]

d_7_3=2.203873068889 s=[ 0 0 0 0 - + 1 0 0 1 1 0 0 0 ]

d_7_3=2.203873068889 s=[ 0 0 0 0 - + 1 1 1 0 0 1 1 1 ]

d_7_3=2.203873068889 s=[ 0 0 0 0 - - 0 1 1 0 0 1 0 0 ]

d_7_3=2.203873068889 s=[ 0 0 0 0 - - 0 1 1 0 0 1 1 1 ]

d_7_3=2.203873068889 s=[ 0 0 0 0 - - 1 0 0 1 1 0 1 1 ]

d_7_3=2.205893270909 s=[ 0 0 0 0 - + 0 1 1 0 0 1 0 0 ]

d_7_3=2.205893270909 s=[ 0 0 0 0 - + 1 0 0 1 1 0 0 0 ]

d_7_3=2.205893270909 s=[ 0 0 0 0 - + 1 1 1 0 0 1 1 1 ]

d_7_3=2.205893270909 s=[ 0 0 0 0 - - 0 1 1 0 0 1 0 0 ]

d_7_3=2.205893270909 s=[ 0 0 0 0 - - 0 1 1 0 0 1 1 1 ]

d_7_3=2.205893270909 s=[ 0 0 0 0 - - 1 0 0 1 1 0 1 1 ]

d_7_3=2.207913472929 s=[ 0 0 0 0 - + 0 1 1 0 0 1 0 0 ]

d_7_3=2.207913472929 s=[ 0 0 0 0 - + 1 0 0 1 1 0 0 0 ]

d_7_3=2.207913472929 s=[ 0 0 0 0 - + 1 1 1 0 0 1 1 1 ]

d_7_3=2.207913472929 s=[ 0 0 0 0 - - 0 1 1 0 0 1 0 0 ]

d_7_3=2.207913472929 s=[ 0 0 0 0 - - 0 1 1 0 0 1 1 1 ]

d_7_3=2.207913472929 s=[ 0 0 0 0 - - 1 0 0 1 1 0 1 1 ]

d_7_3=2.209933674949 s=[ 0 0 0 0 - + 0 1 1 0 0 1 0 0 ]

d_7_3=2.209933674949 s=[ 0 0 0 0 - + 1 0 0 1 1 0 0 0 ]

d_7_3=2.209933674949 s=[ 0 0 0 0 - + 1 1 1 0 0 1 1 1 ]

d_7_3=2.209933674949 s=[ 0 0 0 0 - - 0 1 1 0 0 1 0 0 ]

d_7_3=2.209933674949 s=[ 0 0 0 0 - - 0 1 1 0 0 1 1 1 ]

d_7_3=2.209933674949 s=[ 0 0 0 0 - - 1 0 0 1 1 0 1 1 ]

d_7_3=2.211953876970 s=[ 0 0 0 0 - + 0 1 1 0 0 1 0 0 ]

d_7_3=2.211953876970 s=[ 0 0 0 0 - + 1 0 0 1 1 0 0 0 ]

d_7_3=2.211953876970 s=[ 0 0 0 0 - + 1 1 1 0 0 1 1 1 ]

d_7_3=2.211953876970 s=[ 0 0 0 0 - - 0 1 1 0 0 1 0 0 ]

d_7_3=2.211953876970 s=[ 0 0 0 0 - - 0 1 1 0 0 1 1 1 ]

d_7_3=2.211953876970 s=[ 0 0 0 0 - - 1 0 0 1 1 0 1 1 ]

d_7_3=2.213974078990 s=[ 0 0 0 0 - + 0 1 1 0 0 1 0 0 ]

d_7_3=2.213974078990 s=[ 0 0 0 0 - + 1 0 0 1 1 0 0 0 ]

d_7_3=2.213974078990 s=[ 0 0 0 0 - + 1 1 1 0 0 1 1 1 ]

d_7_3=2.213974078990 s=[ 0 0 0 0 - - 0 1 1 0 0 1 0 0 ]

d_7_3=2.213974078990 s=[ 0 0 0 0 - - 0 1 1 0 0 1 1 1 ]

d_7_3=2.213974078990 s=[ 0 0 0 0 - - 1 0 0 1 1 0 1 1 ]

d_7_3=2.215994281010 s=[ 0 0 0 0 - + 0 1 1 0 0 1 0 0 ]

d_7_3=2.215994281010 s=[ 0 0 0 0 - + 1 0 0 1 1 0 0 0 ]

d_7_3=2.215994281010 s=[ 0 0 0 0 - + 1 1 1 0 0 1 1 1 ]

d_7_3=2.215994281010 s=[ 0 0 0 0 - - 0 1 1 0 0 1 0 0 ]

d_7_3=2.215994281010 s=[ 0 0 0 0 - - 0 1 1 0 0 1 1 1 ]

d_7_3=2.215994281010 s=[ 0 0 0 0 - - 1 0 0 1 1 0 1 1 ]

d_7_3=2.218014483030 s=[ 0 0 0 0 - + 0 1 1 0 0 1 0 0 ]

d_7_3=2.218014483030 s=[ 0 0 0 0 - + 1 0 0 1 1 0 0 0 ]

d_7_3=2.218014483030 s=[ 0 0 0 0 - + 1 1 1 0 0 1 1 1 ]

d_7_3=2.218014483030 s=[ 0 0 0 0 - - 0 1 1 0 0 1 0 0 ]

d_7_3=2.218014483030 s=[ 0 0 0 0 - - 0 1 1 0 0 1 1 1 ]

d_7_3=2.218014483030 s=[ 0 0 0 0 - - 1 0 0 1 1 0 1 1 ]

d_7_3=2.220034685051 s=[ 0 0 0 0 - + 0 1 1 0 0 1 0 0 ]

d_7_3=2.220034685051 s=[ 0 0 0 0 - + 1 0 0 1 1 0 0 0 ]

d_7_3=2.220034685051 s=[ 0 0 0 0 - + 1 1 1 0 0 1 1 1 ]

d_7_3=2.220034685051 s=[ 0 0 0 0 - - 0 1 1 0 0 1 0 0 ]

d_7_3=2.220034685051 s=[ 0 0 0 0 - - 0 1 1 0 0 1 1 1 ]

d_7_3=2.220034685051 s=[ 0 0 0 0 - - 1 0 0 1 1 0 1 1 ]

d_7_3=2.222054887071 s=[ 0 0 0 0 - + 0 1 1 0 0 1 0 0 ]

d_7_3=2.222054887071 s=[ 0 0 0 0 - + 1 0 0 1 1 0 0 0 ]

d_7_3=2.222054887071 s=[ 0 0 0 0 - + 1 1 1 0 0 1 1 1 ]

d_7_3=2.222054887071 s=[ 0 0 0 0 - - 0 1 1 0 0 1 0 0 ]

d_7_3=2.222054887071 s=[ 0 0 0 0 - - 0 1 1 0 0 1 1 1 ]

d_7_3=2.222054887071 s=[ 0 0 0 0 - - 1 0 0 1 1 0 1 1 ]

d_7_3=2.224075089091 s=[ 0 0 0 0 - + 0 1 1 0 0 1 0 0 ]

d_7_3=2.224075089091 s=[ 0 0 0 0 - + 1 0 0 1 1 0 0 0 ]

d_7_3=2.224075089091 s=[ 0 0 0 0 - + 1 1 1 0 0 1 1 1 ]

d_7_3=2.224075089091 s=[ 0 0 0 0 - - 0 1 1 0 0 1 0 0 ]

d_7_3=2.224075089091 s=[ 0 0 0 0 - - 1 0 0 1 1 0 1 1 ]

d_7_3=2.226095291111 s=[ 0 0 0 0 - + 0 1 1 0 0 1 0 0 ]

d_7_3=2.226095291111 s=[ 0 0 0 0 - + 1 0 0 1 1 0 0 0 ]

d_7_3=2.226095291111 s=[ 0 0 0 0 - + 1 1 1 0 0 1 1 1 ]

d_7_3=2.226095291111 s=[ 0 0 0 0 - - 0 1 1 0 0 1 0 0 ]

d_7_3=2.226095291111 s=[ 0 0 0 0 - - 1 0 0 1 1 0 1 1 ]

d_7_3=2.228115493131 s=[ 0 0 0 0 - + 0 1 1 0 0 1 0 0 ]

d_7_3=2.228115493131 s=[ 0 0 0 0 - + 1 0 0 1 1 0 0 0 ]

d_7_3=2.228115493131 s=[ 0 0 0 0 - + 1 1 1 0 0 1 1 1 ]

d_7_3=2.228115493131 s=[ 0 0 0 0 - - 0 1 1 0 0 1 0 0 ]

d_7_3=2.228115493131 s=[ 0 0 0 0 - - 1 0 0 1 1 0 1 1 ]

d_7_3=2.230135695152 s=[ 0 0 0 0 - + 0 1 1 0 0 1 0 0 ]

d_7_3=2.230135695152 s=[ 0 0 0 0 - + 1 0 0 1 1 0 0 0 ]

d_7_3=2.230135695152 s=[ 0 0 0 0 - + 1 1 1 0 0 1 1 1 ]

d_7_3=2.230135695152 s=[ 0 0 0 0 - - 0 1 1 0 0 1 0 0 ]

d_7_3=2.230135695152 s=[ 0 0 0 0 - - 1 0 0 1 1 0 1 1 ]

d_7_3=2.232155897172 s=[ 0 0 0 0 - + 0 1 1 0 0 1 0 0 ]

d_7_3=2.232155897172 s=[ 0 0 0 0 - + 1 0 0 1 1 0 0 0 ]

d_7_3=2.232155897172 s=[ 0 0 0 0 - + 1 1 1 0 0 1 1 1 ]

d_7_3=2.232155897172 s=[ 0 0 0 0 - - 0 1 1 0 0 1 0 0 ]

d_7_3=2.232155897172 s=[ 0 0 0 0 - - 1 0 0 1 1 0 1 1 ]

d_7_3=2.234176099192 s=[ 0 0 0 0 - + 0 1 1 0 0 1 0 0 ]

d_7_3=2.234176099192 s=[ 0 0 0 0 - + 1 0 0 1 1 0 0 0 ]

d_7_3=2.234176099192 s=[ 0 0 0 0 - + 1 1 1 0 0 1 1 1 ]

d_7_3=2.234176099192 s=[ 0 0 0 0 - - 0 1 1 0 0 1 0 0 ]

d_7_3=2.234176099192 s=[ 0 0 0 0 - - 1 0 0 1 1 0 1 1 ]

d_7_3=2.236196301212 s=[ 0 0 0 0 - + 0 1 1 0 0 1 0 0 ]

d_7_3=2.236196301212 s=[ 0 0 0 0 - + 1 0 0 1 1 0 0 0 ]

d_7_3=2.236196301212 s=[ 0 0 0 0 - + 1 1 1 0 0 1 1 1 ]

d_7_3=2.236196301212 s=[ 0 0 0 0 - - 0 1 1 0 0 1 0 0 ]

d_7_3=2.236196301212 s=[ 0 0 0 0 - - 1 0 0 1 1 0 1 1 ]

d_7_3=2.238216503232 s=[ 0 0 0 0 - + 0 1 1 0 0 1 0 0 ]

d_7_3=2.238216503232 s=[ 0 0 0 0 - + 1 0 0 1 1 0 0 0 ]

d_7_3=2.238216503232 s=[ 0 0 0 0 - + 1 1 1 0 0 1 1 1 ]

d_7_3=2.238216503232 s=[ 0 0 0 0 - - 0 1 1 0 0 1 0 0 ]

d_7_3=2.238216503232 s=[ 0 0 0 0 - - 1 0 0 1 1 0 1 1 ]

d_7_3=2.240236705253 s=[ 0 0 0 0 - + 0 1 1 0 0 1 0 0 ]

d_7_3=2.240236705253 s=[ 0 0 0 0 - + 1 0 0 1 1 0 0 0 ]

d_7_3=2.240236705253 s=[ 0 0 0 0 - + 1 1 1 0 0 1 1 1 ]

d_7_3=2.240236705253 s=[ 0 0 0 0 - - 0 1 1 0 0 1 0 0 ]

d_7_3=2.240236705253 s=[ 0 0 0 0 - - 1 0 0 1 1 0 1 1 ]

d_7_3=2.242256907273 s=[ 0 0 0 0 - + 0 1 1 0 0 1 0 0 ]

d_7_3=2.242256907273 s=[ 0 0 0 0 - + 1 0 0 1 1 0 0 0 ]

d_7_3=2.242256907273 s=[ 0 0 0 0 - + 1 1 1 0 0 1 1 1 ]

d_7_3=2.242256907273 s=[ 0 0 0 0 - - 0 1 1 0 0 1 0 0 ]

d_7_3=2.244277109293 s=[ 0 0 0 0 - + 0 1 1 0 0 1 0 0 ]

d_7_3=2.244277109293 s=[ 0 0 0 0 - + 0 1 1 0 0 1 1 1 ]

d_7_3=2.244277109293 s=[ 0 0 0 0 - + 1 0 0 1 1 0 0 0 ]

d_7_3=2.244277109293 s=[ 0 0 0 0 - + 1 1 1 0 0 1 1 1 ]

d_7_3=2.244277109293 s=[ 0 0 0 0 - - 0 1 1 0 0 1 0 0 ]

d_7_3=2.246297311313 s=[ 0 0 0 0 - + 0 1 1 0 0 1 1 1 ]

d_7_3=2.246297311313 s=[ 0 0 0 0 - + 1 0 0 1 1 0 0 0 ]

d_7_3=2.246297311313 s=[ 0 0 0 0 - + 1 1 1 0 0 1 1 1 ]

d_7_3=2.246297311313 s=[ 0 0 0 0 - - 0 1 1 0 0 1 0 0 ]

d_7_3=2.248317513333 s=[ 0 0 0 0 - + 0 1 1 0 0 1 1 1 ]

d_7_3=2.248317513333 s=[ 0 0 0 0 - + 1 0 0 1 1 0 0 0 ]

d_7_3=2.248317513333 s=[ 0 0 0 0 - + 1 1 1 0 0 1 1 1 ]

d_7_3=2.248317513333 s=[ 0 0 0 0 - - 0 1 1 0 0 1 0 0 ]

d_7_3=2.250337715354 s=[ 0 0 0 0 - + 0 1 1 0 0 1 1 1 ]

d_7_3=2.250337715354 s=[ 0 0 0 0 - + 1 0 0 1 1 0 0 0 ]

d_7_3=2.250337715354 s=[ 0 0 0 0 - + 1 1 1 0 0 1 1 1 ]

d_7_3=2.250337715354 s=[ 0 0 0 0 - - 0 1 1 0 0 1 0 0 ]

d_7_3=2.252357917374 s=[ 0 0 0 0 - + 0 1 1 0 0 1 1 1 ]

d_7_3=2.252357917374 s=[ 0 0 0 0 - + 1 0 0 1 1 0 0 0 ]

d_7_3=2.252357917374 s=[ 0 0 0 0 - + 1 1 1 0 0 1 1 1 ]

d_7_3=2.252357917374 s=[ 0 0 0 0 - - 0 1 1 0 0 1 0 0 ]

d_7_3=2.254378119394 s=[ 0 0 0 0 - + 0 1 1 0 0 1 1 1 ]

d_7_3=2.254378119394 s=[ 0 0 0 0 - + 1 0 0 1 1 0 0 0 ]

d_7_3=2.254378119394 s=[ 0 0 0 0 - + 1 1 1 0 0 1 1 1 ]

d_7_3=2.254378119394 s=[ 0 0 0 0 - - 0 1 1 0 0 1 0 0 ]

d_7_3=2.256398321414 s=[ 0 0 0 0 - + 0 1 1 0 0 1 1 1 ]

d_7_3=2.256398321414 s=[ 0 0 0 0 - + 1 0 0 1 1 0 0 0 ]

d_7_3=2.256398321414 s=[ 0 0 0 0 - + 1 1 1 0 0 1 1 1 ]

d_7_3=2.256398321414 s=[ 0 0 0 0 - - 0 1 1 0 0 1 0 0 ]

d_7_3=2.258418523434 s=[ 0 0 0 0 - + 0 1 1 0 0 1 1 1 ]

d_7_3=2.258418523434 s=[ 0 0 0 0 - + 1 0 0 1 1 0 0 0 ]

d_7_3=2.258418523434 s=[ 0 0 0 0 - + 1 1 1 0 0 1 1 1 ]

d_7_3=2.258418523434 s=[ 0 0 0 0 - - 0 1 1 0 0 1 0 0 ]

d_7_3=2.260438725455 s=[ 0 0 0 0 - + 0 1 1 0 0 1 1 1 ]

d_7_3=2.260438725455 s=[ 0 0 0 0 - + 1 0 0 1 1 0 0 0 ]

d_7_3=2.260438725455 s=[ 0 0 0 0 - + 1 1 1 0 0 1 1 1 ]

d_7_3=2.260438725455 s=[ 0 0 0 0 - - 0 1 1 0 0 1 0 0 ]

d_7_3=2.262458927475 s=[ 0 0 0 0 - + 0 1 1 0 0 1 1 1 ]

d_7_3=2.262458927475 s=[ 0 0 0 0 - + 1 0 0 1 1 0 0 0 ]

d_7_3=2.262458927475 s=[ 0 0 0 0 - + 1 1 1 0 0 1 1 1 ]

d_7_3=2.262458927475 s=[ 0 0 0 0 - - 0 1 1 0 0 1 0 0 ]

d_7_3=2.264479129495 s=[ 0 0 0 0 - + 0 1 1 0 0 1 1 1 ]

d_7_3=2.264479129495 s=[ 0 0 0 0 - + 1 0 0 1 1 0 0 0 ]

d_7_3=2.264479129495 s=[ 0 0 0 0 - + 1 1 1 0 0 1 1 1 ]

d_7_3=2.264479129495 s=[ 0 0 0 0 - - 0 1 1 0 0 1 0 0 ]

d_7_3=2.266499331515 s=[ 0 0 0 0 - + 0 1 1 0 0 1 1 1 ]

d_7_3=2.266499331515 s=[ 0 0 0 0 - + 1 0 0 1 1 0 0 0 ]

d_7_3=2.266499331515 s=[ 0 0 0 0 - + 1 1 1 0 0 1 1 1 ]

d_7_3=2.266499331515 s=[ 0 0 0 0 - - 0 1 1 0 0 1 0 0 ]

d_7_3=2.268519533535 s=[ 0 0 0 0 - + 0 1 1 0 0 1 1 1 ]

d_7_3=2.268519533535 s=[ 0 0 0 0 - + 1 0 0 1 1 0 0 0 ]

d_7_3=2.268519533535 s=[ 0 0 0 0 - + 1 1 1 0 0 1 1 1 ]

d_7_3=2.268519533535 s=[ 0 0 0 0 - - 0 1 1 0 0 1 0 0 ]

d_7_3=2.270539735556 s=[ 0 0 0 0 - + 0 1 1 0 0 1 1 1 ]

d_7_3=2.270539735556 s=[ 0 0 0 0 - + 1 0 0 1 1 0 0 0 ]

d_7_3=2.270539735556 s=[ 0 0 0 0 - + 1 1 1 0 0 1 1 1 ]

d_7_3=2.270539735556 s=[ 0 0 0 0 - - 0 1 1 0 0 1 0 0 ]

d_7_3=2.272559937576 s=[ 0 0 0 0 - + 0 1 1 0 0 1 1 1 ]

d_7_3=2.272559937576 s=[ 0 0 0 0 - + 1 0 0 1 1 0 0 0 ]

d_7_3=2.272559937576 s=[ 0 0 0 0 - + 1 1 1 0 0 1 1 1 ]

d_7_3=2.272559937576 s=[ 0 0 0 0 - - 0 1 1 0 0 1 0 0 ]

d_7_3=2.274580139596 s=[ 0 0 0 0 - + 0 1 1 0 0 1 1 1 ]

d_7_3=2.274580139596 s=[ 0 0 0 0 - + 1 0 0 1 1 0 0 0 ]

d_7_3=2.274580139596 s=[ 0 0 0 0 - + 1 1 1 0 0 1 1 1 ]

d_7_3=2.274580139596 s=[ 0 0 0 0 - - 0 1 1 0 0 1 0 0 ]

d_7_3=2.276600341616 s=[ 0 0 0 0 - + 0 1 1 0 0 1 1 1 ]

d_7_3=2.276600341616 s=[ 0 0 0 0 - + 1 0 0 1 1 0 0 0 ]

d_7_3=2.276600341616 s=[ 0 0 0 0 - + 1 1 1 0 0 1 1 1 ]

d_7_3=2.276600341616 s=[ 0 0 0 0 - - 0 1 1 0 0 1 0 0 ]

d_7_3=2.278620543636 s=[ 0 0 0 0 - + 0 1 1 0 0 1 1 1 ]

d_7_3=2.278620543636 s=[ 0 0 0 0 - + 1 0 0 1 1 0 0 0 ]

d_7_3=2.278620543636 s=[ 0 0 0 0 - + 1 1 1 0 0 1 1 1 ]

d_7_3=2.278620543636 s=[ 0 0 0 0 - - 0 1 1 0 0 1 0 0 ]

d_7_3=2.280640745657 s=[ 0 0 0 0 - + 0 1 1 0 0 1 1 1 ]

d_7_3=2.280640745657 s=[ 0 0 0 0 - + 1 0 0 1 1 0 0 0 ]

d_7_3=2.280640745657 s=[ 0 0 0 0 - + 1 1 1 0 0 1 1 1 ]

d_7_3=2.280640745657 s=[ 0 0 0 0 - - 0 1 1 0 0 1 0 0 ]

d_7_3=2.282660947677 s=[ 0 0 0 0 - + 0 1 1 0 0 1 1 1 ]

d_7_3=2.282660947677 s=[ 0 0 0 0 - + 1 0 0 1 1 0 0 0 ]

d_7_3=2.282660947677 s=[ 0 0 0 0 - + 1 1 1 0 0 1 1 1 ]

d_7_3=2.282660947677 s=[ 0 0 0 0 - - 0 1 1 0 0 1 0 0 ]

d_7_3=2.284681149697 s=[ 0 0 0 0 - + 0 1 1 0 0 1 1 1 ]

d_7_3=2.284681149697 s=[ 0 0 0 0 - + 1 0 0 1 1 0 0 0 ]

d_7_3=2.284681149697 s=[ 0 0 0 0 - + 1 1 1 0 0 1 1 1 ]

d_7_3=2.284681149697 s=[ 0 0 0 0 - - 0 1 1 0 0 1 0 0 ]

d_7_3=2.286701351717 s=[ 0 0 0 0 - + 0 1 1 0 0 1 1 1 ]

d_7_3=2.286701351717 s=[ 0 0 0 0 - + 1 0 0 1 1 0 0 0 ]

d_7_3=2.286701351717 s=[ 0 0 0 0 - + 1 1 1 0 0 1 1 1 ]

d_7_3=2.286701351717 s=[ 0 0 0 0 - - 0 1 1 0 0 1 0 0 ]

d_7_3=2.288721553737 s=[ 0 0 0 0 - + 0 1 1 0 0 1 1 1 ]

d_7_3=2.288721553737 s=[ 0 0 0 0 - + 1 0 0 1 1 0 0 0 ]

d_7_3=2.288721553737 s=[ 0 0 0 0 - + 1 1 1 0 0 1 1 1 ]

d_7_3=2.288721553737 s=[ 0 0 0 0 - - 0 1 1 0 0 1 0 0 ]

d_7_3=2.290741755758 s=[ 0 0 0 0 - + 0 1 1 0 0 1 1 1 ]

d_7_3=2.290741755758 s=[ 0 0 0 0 - + 1 0 0 1 1 0 0 0 ]

d_7_3=2.290741755758 s=[ 0 0 0 0 - + 1 1 1 0 0 1 1 1 ]

d_7_3=2.290741755758 s=[ 0 0 0 0 - - 0 1 1 0 0 1 0 0 ]

d_7_3=2.292761957778 s=[ 0 0 0 0 - + 0 1 1 0 0 1 1 1 ]

d_7_3=2.292761957778 s=[ 0 0 0 0 - + 1 0 0 1 1 0 0 0 ]

d_7_3=2.292761957778 s=[ 0 0 0 0 - + 1 1 1 0 0 1 1 1 ]

d_7_3=2.292761957778 s=[ 0 0 0 0 - - 0 1 1 0 0 1 0 0 ]

d_7_3=2.294782159798 s=[ 0 0 0 0 - + 0 1 1 0 0 1 1 1 ]

d_7_3=2.294782159798 s=[ 0 0 0 0 - + 1 0 0 1 1 0 0 0 ]

d_7_3=2.294782159798 s=[ 0 0 0 0 - + 1 1 1 0 0 1 1 1 ]

d_7_3=2.294782159798 s=[ 0 0 0 0 - - 0 1 1 0 0 1 0 0 ]

d_7_3=2.296802361818 s=[ 0 0 0 0 - + 0 1 1 0 0 1 1 1 ]

d_7_3=2.296802361818 s=[ 0 0 0 0 - + 1 0 0 1 1 0 0 0 ]

d_7_3=2.296802361818 s=[ 0 0 0 0 - + 1 1 1 0 0 1 1 1 ]

d_7_3=2.296802361818 s=[ 0 0 0 0 - - 0 1 1 0 0 1 0 0 ]

d_7_3=2.298822563838 s=[ 0 0 0 0 - + 0 1 1 0 0 1 1 1 ]

d_7_3=2.298822563838 s=[ 0 0 0 0 - + 1 0 0 1 1 0 0 0 ]

d_7_3=2.298822563838 s=[ 0 0 0 0 - + 1 1 1 0 0 1 1 1 ]

d_7_3=2.298822563838 s=[ 0 0 0 0 - - 0 1 1 0 0 1 0 0 ]

d_7_3=2.300842765859 s=[ 0 0 0 0 - + 0 1 1 0 0 1 1 1 ]

d_7_3=2.300842765859 s=[ 0 0 0 0 - + 1 0 0 1 1 0 0 0 ]

d_7_3=2.300842765859 s=[ 0 0 0 0 - + 1 1 1 0 0 1 1 1 ]

d_7_3=2.300842765859 s=[ 0 0 0 0 - - 0 1 1 0 0 1 0 0 ]

d_7_3=2.302862967879 s=[ 0 0 0 0 - + 0 1 1 0 0 1 1 1 ]

d_7_3=2.302862967879 s=[ 0 0 0 0 - + 1 0 0 1 1 0 0 0 ]

d_7_3=2.302862967879 s=[ 0 0 0 0 - + 1 1 1 0 0 1 1 1 ]

d_7_3=2.302862967879 s=[ 0 0 0 0 - - 0 1 1 0 0 1 0 0 ]

d_7_3=2.304883169899 s=[ 0 0 0 0 - + 0 1 1 0 0 1 1 1 ]

d_7_3=2.304883169899 s=[ 0 0 0 0 - + 1 0 0 1 1 0 0 0 ]

d_7_3=2.304883169899 s=[ 0 0 0 0 - + 1 1 1 0 0 1 1 1 ]

d_7_3=2.304883169899 s=[ 0 0 0 0 - - 0 1 1 0 0 1 0 0 ]

d_7_3=2.306903371919 s=[ 0 0 0 0 - + 0 1 1 0 0 1 1 1 ]

d_7_3=2.306903371919 s=[ 0 0 0 0 - + 1 0 0 1 1 0 0 0 ]

d_7_3=2.306903371919 s=[ 0 0 0 0 - + 1 1 1 0 0 1 1 1 ]

d_7_3=2.306903371919 s=[ 0 0 0 0 - - 0 1 1 0 0 1 0 0 ]

d_7_3=2.308923573939 s=[ 0 0 0 0 - + 0 1 1 0 0 1 1 1 ]

d_7_3=2.308923573939 s=[ 0 0 0 0 - + 1 0 0 1 1 0 0 0 ]

d_7_3=2.308923573939 s=[ 0 0 0 0 - + 1 1 1 0 0 1 1 1 ]

d_7_3=2.308923573939 s=[ 0 0 0 0 - - 0 1 1 0 0 1 0 0 ]

d_7_3=2.310943775960 s=[ 0 0 0 0 - + 0 1 1 0 0 1 1 1 ]

d_7_3=2.310943775960 s=[ 0 0 0 0 - + 1 0 0 1 1 0 0 0 ]

d_7_3=2.310943775960 s=[ 0 0 0 0 - + 1 1 1 0 0 1 1 1 ]

d_7_3=2.310943775960 s=[ 0 0 0 0 - - 0 1 1 0 0 1 0 0 ]

d_7_3=2.312963977980 s=[ 0 0 0 0 - + 0 1 1 0 0 1 1 1 ]

d_7_3=2.312963977980 s=[ 0 0 0 0 - + 1 0 0 1 1 0 0 0 ]

d_7_3=2.312963977980 s=[ 0 0 0 0 - + 1 1 1 0 0 1 1 1 ]

d_7_3=2.312963977980 s=[ 0 0 0 0 - - 0 1 1 0 0 1 0 0 ]

d_7_3=2.314984180000 s=[ 0 0 0 0 - + 0 1 1 0 0 1 1 1 ]

d_7_3=2.314984180000 s=[ 0 0 0 0 - + 1 0 0 1 1 0 0 0 ]

d_7_3=2.314984180000 s=[ 0 0 0 0 - + 1 1 1 0 0 1 1 1 ]

d_7_3=2.314984180000 s=[ 0 0 0 0 - - 0 1 1 0 0 1 0 0 ]

d_7_3=2.137206402222 s=[ 0 0 0 1 + + 0 1 1 0 0 1 1 1 ]

d_7_3=2.137206402222 s=[ 0 0 0 1 + - 0 1 1 0 0 1 1 1 ]

d_7_3=2.139226604242 s=[ 0 0 0 1 + + 0 1 1 0 0 1 1 1 ]

d_7_3=2.139226604242 s=[ 0 0 0 1 + - 0 0 0 1 1 0 0 0 ]

d_7_3=2.139226604242 s=[ 0 0 0 1 + - 0 1 1 0 0 1 1 1 ]

d_7_3=2.141246806263 s=[ 0 0 0 1 + + 0 1 1 0 0 1 1 1 ]

d_7_3=2.141246806263 s=[ 0 0 0 1 + - 0 0 0 1 1 0 0 0 ]

d_7_3=2.141246806263 s=[ 0 0 0 1 + - 0 1 1 0 0 1 1 1 ]

d_7_3=2.143267008283 s=[ 0 0 0 1 + - 0 0 0 1 1 0 0 0 ]

d_7_3=2.143267008283 s=[ 0 0 0 1 + - 0 1 1 0 0 1 1 1 ]

d_7_3=2.145287210303 s=[ 0 0 0 1 + - 0 0 0 1 1 0 0 0 ]

d_7_3=2.145287210303 s=[ 0 0 0 1 + - 0 1 1 0 0 1 1 1 ]

d_7_3=2.147307412323 s=[ 0 0 0 1 + - 0 0 0 1 1 0 0 0 ]

d_7_3=2.147307412323 s=[ 0 0 0 1 + - 0 1 1 0 0 1 1 1 ]

d_7_3=2.149327614343 s=[ 0 0 0 1 + - 0 0 0 1 1 0 0 0 ]

d_7_3=2.149327614343 s=[ 0 0 0 1 + - 0 1 1 0 0 1 1 1 ]

d_7_3=2.151347816364 s=[ 0 0 0 1 + + 1 0 0 1 1 0 0 0 ]

d_7_3=2.151347816364 s=[ 0 0 0 1 + - 0 0 0 1 1 0 0 0 ]

d_7_3=2.151347816364 s=[ 0 0 0 1 + - 0 1 1 0 0 1 1 1 ]

d_7_3=2.153368018384 s=[ 0 0 0 1 + + 1 0 0 1 1 0 0 0 ]

d_7_3=2.153368018384 s=[ 0 0 0 1 + - 0 0 0 1 1 0 0 0 ]

d_7_3=2.153368018384 s=[ 0 0 0 1 + - 0 1 1 0 0 1 1 1 ]

d_7_3=2.155388220404 s=[ 0 0 0 1 + + 1 0 0 1 1 0 0 0 ]

d_7_3=2.155388220404 s=[ 0 0 0 1 + - 0 0 0 1 1 0 0 0 ]

d_7_3=2.155388220404 s=[ 0 0 0 1 + - 0 1 1 0 0 1 0 0 ]

d_7_3=2.155388220404 s=[ 0 0 0 1 + - 0 1 1 0 0 1 1 1 ]

d_7_3=2.157408422424 s=[ 0 0 0 1 + + 1 0 0 1 1 0 0 0 ]

d_7_3=2.157408422424 s=[ 0 0 0 1 + - 0 0 0 1 1 0 0 0 ]

d_7_3=2.157408422424 s=[ 0 0 0 1 + - 0 1 1 0 0 1 0 0 ]

d_7_3=2.157408422424 s=[ 0 0 0 1 + - 0 1 1 0 0 1 1 1 ]

d_7_3=2.159428624444 s=[ 0 0 0 1 + + 1 0 0 1 1 0 0 0 ]

d_7_3=2.159428624444 s=[ 0 0 0 1 + - 0 0 0 1 1 0 0 0 ]

d_7_3=2.159428624444 s=[ 0 0 0 1 + - 0 1 1 0 0 1 0 0 ]

d_7_3=2.159428624444 s=[ 0 0 0 1 + - 0 1 1 0 0 1 1 1 ]

d_7_3=2.161448826465 s=[ 0 0 0 1 + + 1 0 0 1 1 0 0 0 ]

d_7_3=2.161448826465 s=[ 0 0 0 1 + - 0 0 0 1 1 0 0 0 ]

d_7_3=2.161448826465 s=[ 0 0 0 1 + - 0 1 1 0 0 1 0 0 ]

d_7_3=2.161448826465 s=[ 0 0 0 1 + - 0 1 1 0 0 1 1 1 ]

d_7_3=2.163469028485 s=[ 0 0 0 1 + + 1 0 0 1 1 0 0 0 ]

d_7_3=2.163469028485 s=[ 0 0 0 1 + - 0 0 0 1 1 0 0 0 ]

d_7_3=2.163469028485 s=[ 0 0 0 1 + - 0 1 1 0 0 1 0 0 ]

d_7_3=2.163469028485 s=[ 0 0 0 1 + - 0 1 1 0 0 1 1 1 ]

d_7_3=2.165489230505 s=[ 0 0 0 1 + + 1 0 0 1 1 0 0 0 ]

d_7_3=2.165489230505 s=[ 0 0 0 1 + - 0 0 0 1 1 0 0 0 ]

d_7_3=2.165489230505 s=[ 0 0 0 1 + - 0 1 1 0 0 1 0 0 ]

d_7_3=2.165489230505 s=[ 0 0 0 1 + - 0 1 1 0 0 1 1 1 ]

d_7_3=2.167509432525 s=[ 0 0 0 1 + + 1 0 0 1 1 0 0 0 ]

d_7_3=2.167509432525 s=[ 0 0 0 1 + - 0 0 0 1 1 0 0 0 ]

d_7_3=2.167509432525 s=[ 0 0 0 1 + - 0 1 1 0 0 1 0 0 ]

d_7_3=2.167509432525 s=[ 0 0 0 1 + - 0 1 1 0 0 1 1 1 ]

d_7_3=2.169529634545 s=[ 0 0 0 1 + + 1 0 0 1 1 0 0 0 ]

d_7_3=2.169529634545 s=[ 0 0 0 1 + + 1 0 0 1 1 0 1 1 ]

d_7_3=2.169529634545 s=[ 0 0 0 1 + - 0 0 0 1 1 0 0 0 ]

d_7_3=2.169529634545 s=[ 0 0 0 1 + - 0 1 1 0 0 1 0 0 ]

d_7_3=2.169529634545 s=[ 0 0 0 1 + - 0 1 1 0 0 1 1 1 ]

d_7_3=2.171549836566 s=[ 0 0 0 1 + + 1 0 0 1 1 0 0 0 ]

d_7_3=2.171549836566 s=[ 0 0 0 1 + + 1 0 0 1 1 0 1 1 ]

d_7_3=2.171549836566 s=[ 0 0 0 1 + - 0 0 0 1 1 0 0 0 ]

d_7_3=2.171549836566 s=[ 0 0 0 1 + - 0 1 1 0 0 1 0 0 ]

d_7_3=2.171549836566 s=[ 0 0 0 1 + - 0 1 1 0 0 1 1 1 ]

d_7_3=2.173570038586 s=[ 0 0 0 1 + + 1 0 0 1 1 0 0 0 ]

d_7_3=2.173570038586 s=[ 0 0 0 1 + + 1 0 0 1 1 0 1 1 ]

d_7_3=2.173570038586 s=[ 0 0 0 1 + - 0 0 0 1 1 0 0 0 ]

d_7_3=2.173570038586 s=[ 0 0 0 1 + - 0 1 1 0 0 1 0 0 ]

d_7_3=2.173570038586 s=[ 0 0 0 1 + - 0 1 1 0 0 1 1 1 ]

d_7_3=2.175590240606 s=[ 0 0 0 1 + + 1 0 0 1 1 0 0 0 ]

d_7_3=2.175590240606 s=[ 0 0 0 1 + + 1 0 0 1 1 0 1 1 ]

d_7_3=2.175590240606 s=[ 0 0 0 1 + - 0 0 0 1 1 0 0 0 ]

d_7_3=2.175590240606 s=[ 0 0 0 1 + - 0 1 1 0 0 1 0 0 ]

d_7_3=2.175590240606 s=[ 0 0 0 1 + - 0 1 1 0 0 1 1 1 ]

d_7_3=2.177610442626 s=[ 0 0 0 1 + + 1 0 0 1 1 0 0 0 ]

d_7_3=2.177610442626 s=[ 0 0 0 1 + + 1 0 0 1 1 0 1 1 ]

d_7_3=2.177610442626 s=[ 0 0 0 1 + - 0 0 0 1 1 0 0 0 ]

d_7_3=2.177610442626 s=[ 0 0 0 1 + - 0 1 1 0 0 1 0 0 ]

d_7_3=2.177610442626 s=[ 0 0 0 1 + - 0 1 1 0 0 1 1 1 ]

d_7_3=2.179630644646 s=[ 0 0 0 1 + + 0 1 1 0 0 1 0 0 ]

d_7_3=2.179630644646 s=[ 0 0 0 1 + + 1 0 0 1 1 0 0 0 ]

d_7_3=2.179630644646 s=[ 0 0 0 1 + + 1 0 0 1 1 0 1 1 ]

d_7_3=2.179630644646 s=[ 0 0 0 1 + - 0 0 0 1 1 0 0 0 ]

d_7_3=2.179630644646 s=[ 0 0 0 1 + - 0 1 1 0 0 1 0 0 ]

d_7_3=2.179630644646 s=[ 0 0 0 1 + - 0 1 1 0 0 1 1 1 ]

d_7_3=2.181650846667 s=[ 0 0 0 1 + + 0 1 1 0 0 1 0 0 ]

d_7_3=2.181650846667 s=[ 0 0 0 1 + + 1 0 0 1 1 0 0 0 ]

d_7_3=2.181650846667 s=[ 0 0 0 1 + + 1 0 0 1 1 0 1 1 ]

d_7_3=2.181650846667 s=[ 0 0 0 1 + - 0 0 0 1 1 0 0 0 ]

d_7_3=2.181650846667 s=[ 0 0 0 1 + - 0 1 1 0 0 1 0 0 ]

d_7_3=2.181650846667 s=[ 0 0 0 1 + - 0 1 1 0 0 1 1 1 ]

d_7_3=2.181650846667 s=[ 0 0 0 1 + - 1 0 0 1 1 0 1 1 ]

d_7_3=2.183671048687 s=[ 0 0 0 1 + + 0 1 1 0 0 1 0 0 ]

d_7_3=2.183671048687 s=[ 0 0 0 1 + + 1 0 0 1 1 0 0 0 ]

d_7_3=2.183671048687 s=[ 0 0 0 1 + + 1 0 0 1 1 0 1 1 ]

d_7_3=2.183671048687 s=[ 0 0 0 1 + - 0 0 0 1 1 0 0 0 ]

d_7_3=2.183671048687 s=[ 0 0 0 1 + - 0 1 1 0 0 1 0 0 ]

d_7_3=2.183671048687 s=[ 0 0 0 1 + - 0 1 1 0 0 1 1 1 ]

d_7_3=2.183671048687 s=[ 0 0 0 1 + - 1 0 0 1 1 0 1 1 ]

d_7_3=2.185691250707 s=[ 0 0 0 1 + + 0 1 1 0 0 1 0 0 ]

d_7_3=2.185691250707 s=[ 0 0 0 1 + + 1 0 0 1 1 0 0 0 ]

d_7_3=2.185691250707 s=[ 0 0 0 1 + + 1 0 0 1 1 0 1 1 ]

d_7_3=2.185691250707 s=[ 0 0 0 1 + - 0 0 0 1 1 0 0 0 ]

d_7_3=2.185691250707 s=[ 0 0 0 1 + - 0 1 1 0 0 1 0 0 ]

d_7_3=2.185691250707 s=[ 0 0 0 1 + - 0 1 1 0 0 1 1 1 ]

d_7_3=2.185691250707 s=[ 0 0 0 1 + - 1 0 0 1 1 0 1 1 ]

d_7_3=2.187711452727 s=[ 0 0 0 1 + + 0 1 1 0 0 1 0 0 ]

d_7_3=2.187711452727 s=[ 0 0 0 1 + + 1 0 0 1 1 0 0 0 ]

d_7_3=2.187711452727 s=[ 0 0 0 1 + + 1 0 0 1 1 0 1 1 ]

d_7_3=2.187711452727 s=[ 0 0 0 1 + - 0 0 0 1 1 0 0 0 ]

d_7_3=2.187711452727 s=[ 0 0 0 1 + - 0 1 1 0 0 1 0 0 ]

d_7_3=2.187711452727 s=[ 0 0 0 1 + - 0 1 1 0 0 1 1 1 ]

d_7_3=2.187711452727 s=[ 0 0 0 1 + - 1 0 0 1 1 0 1 1 ]

d_7_3=2.189731654747 s=[ 0 0 0 1 + + 0 1 1 0 0 1 0 0 ]

d_7_3=2.189731654747 s=[ 0 0 0 1 + + 1 0 0 1 1 0 0 0 ]

d_7_3=2.189731654747 s=[ 0 0 0 1 + + 1 0 0 1 1 0 1 1 ]

d_7_3=2.189731654747 s=[ 0 0 0 1 + - 0 0 0 1 1 0 0 0 ]

d_7_3=2.189731654747 s=[ 0 0 0 1 + - 0 1 1 0 0 1 0 0 ]

d_7_3=2.189731654747 s=[ 0 0 0 1 + - 0 1 1 0 0 1 1 1 ]

d_7_3=2.189731654747 s=[ 0 0 0 1 + - 1 0 0 1 1 0 1 1 ]

d_7_3=2.191751856768 s=[ 0 0 0 1 + + 0 1 1 0 0 1 0 0 ]

d_7_3=2.191751856768 s=[ 0 0 0 1 + + 1 0 0 1 1 0 0 0 ]

d_7_3=2.191751856768 s=[ 0 0 0 1 + + 1 0 0 1 1 0 1 1 ]

d_7_3=2.191751856768 s=[ 0 0 0 1 + - 0 0 0 1 1 0 0 0 ]

d_7_3=2.191751856768 s=[ 0 0 0 1 + - 0 1 1 0 0 1 0 0 ]

d_7_3=2.191751856768 s=[ 0 0 0 1 + - 0 1 1 0 0 1 1 1 ]

d_7_3=2.191751856768 s=[ 0 0 0 1 + - 1 0 0 1 1 0 1 1 ]

d_7_3=2.193772058788 s=[ 0 0 0 1 + + 0 1 1 0 0 1 0 0 ]

d_7_3=2.193772058788 s=[ 0 0 0 1 + + 1 0 0 1 1 0 0 0 ]

d_7_3=2.193772058788 s=[ 0 0 0 1 + + 1 0 0 1 1 0 1 1 ]

d_7_3=2.193772058788 s=[ 0 0 0 1 + - 0 0 0 1 1 0 0 0 ]

d_7_3=2.193772058788 s=[ 0 0 0 1 + - 0 1 1 0 0 1 0 0 ]

d_7_3=2.193772058788 s=[ 0 0 0 1 + - 0 1 1 0 0 1 1 1 ]

d_7_3=2.193772058788 s=[ 0 0 0 1 + - 1 0 0 1 1 0 1 1 ]

d_7_3=2.195792260808 s=[ 0 0 0 1 + + 0 1 1 0 0 1 0 0 ]

d_7_3=2.195792260808 s=[ 0 0 0 1 + + 1 0 0 1 1 0 0 0 ]

d_7_3=2.195792260808 s=[ 0 0 0 1 + + 1 0 0 1 1 0 1 1 ]

d_7_3=2.195792260808 s=[ 0 0 0 1 + - 0 0 0 1 1 0 0 0 ]

d_7_3=2.195792260808 s=[ 0 0 0 1 + - 0 1 1 0 0 1 0 0 ]

d_7_3=2.195792260808 s=[ 0 0 0 1 + - 0 1 1 0 0 1 1 1 ]

d_7_3=2.195792260808 s=[ 0 0 0 1 + - 1 0 0 1 1 0 1 1 ]

d_7_3=2.197812462828 s=[ 0 0 0 1 + + 0 1 1 0 0 1 0 0 ]

d_7_3=2.197812462828 s=[ 0 0 0 1 + + 1 0 0 1 1 0 0 0 ]

d_7_3=2.197812462828 s=[ 0 0 0 1 + + 1 0 0 1 1 0 1 1 ]

d_7_3=2.197812462828 s=[ 0 0 0 1 + - 0 0 0 1 1 0 0 0 ]

d_7_3=2.197812462828 s=[ 0 0 0 1 + - 0 1 1 0 0 1 0 0 ]

d_7_3=2.197812462828 s=[ 0 0 0 1 + - 0 1 1 0 0 1 1 1 ]

d_7_3=2.197812462828 s=[ 0 0 0 1 + - 1 0 0 1 1 0 1 1 ]

d_7_3=2.199832664848 s=[ 0 0 0 1 + + 0 1 1 0 0 1 0 0 ]

d_7_3=2.199832664848 s=[ 0 0 0 1 + + 1 0 0 1 1 0 0 0 ]

d_7_3=2.199832664848 s=[ 0 0 0 1 + + 1 0 0 1 1 0 1 1 ]

d_7_3=2.199832664848 s=[ 0 0 0 1 + - 0 0 0 1 1 0 0 0 ]

d_7_3=2.199832664848 s=[ 0 0 0 1 + - 0 1 1 0 0 1 0 0 ]

d_7_3=2.199832664848 s=[ 0 0 0 1 + - 0 1 1 0 0 1 1 1 ]

d_7_3=2.199832664848 s=[ 0 0 0 1 + - 1 0 0 1 1 0 1 1 ]

d_7_3=2.201852866869 s=[ 0 0 0 1 + + 0 1 1 0 0 1 0 0 ]

d_7_3=2.201852866869 s=[ 0 0 0 1 + + 1 0 0 1 1 0 0 0 ]

d_7_3=2.201852866869 s=[ 0 0 0 1 + + 1 0 0 1 1 0 1 1 ]

d_7_3=2.201852866869 s=[ 0 0 0 1 + - 0 0 0 1 1 0 0 0 ]

d_7_3=2.201852866869 s=[ 0 0 0 1 + - 0 1 1 0 0 1 0 0 ]

d_7_3=2.201852866869 s=[ 0 0 0 1 + - 0 1 1 0 0 1 1 1 ]

d_7_3=2.201852866869 s=[ 0 0 0 1 + - 1 0 0 1 1 0 1 1 ]

d_7_3=2.203873068889 s=[ 0 0 0 1 + + 0 1 1 0 0 1 0 0 ]

d_7_3=2.203873068889 s=[ 0 0 0 1 + + 1 0 0 1 1 0 0 0 ]

d_7_3=2.203873068889 s=[ 0 0 0 1 + + 1 0 0 1 1 0 1 1 ]

d_7_3=2.203873068889 s=[ 0 0 0 1 + - 0 0 0 1 1 0 0 0 ]

d_7_3=2.203873068889 s=[ 0 0 0 1 + - 0 1 1 0 0 1 1 1 ]

d_7_3=2.203873068889 s=[ 0 0 0 1 + - 1 0 0 1 1 0 1 1 ]

d_7_3=2.205893270909 s=[ 0 0 0 1 + + 0 1 1 0 0 1 0 0 ]

d_7_3=2.205893270909 s=[ 0 0 0 1 + + 1 0 0 1 1 0 0 0 ]

d_7_3=2.205893270909 s=[ 0 0 0 1 + + 1 0 0 1 1 0 1 1 ]

d_7_3=2.205893270909 s=[ 0 0 0 1 + - 0 0 0 1 1 0 0 0 ]

d_7_3=2.205893270909 s=[ 0 0 0 1 + - 0 1 1 0 0 1 1 1 ]

d_7_3=2.205893270909 s=[ 0 0 0 1 + - 1 0 0 1 1 0 1 1 ]

d_7_3=2.207913472929 s=[ 0 0 0 1 + + 0 1 1 0 0 1 0 0 ]

d_7_3=2.207913472929 s=[ 0 0 0 1 + + 1 0 0 1 1 0 0 0 ]

d_7_3=2.207913472929 s=[ 0 0 0 1 + + 1 0 0 1 1 0 1 1 ]

d_7_3=2.207913472929 s=[ 0 0 0 1 + - 0 0 0 1 1 0 0 0 ]

d_7_3=2.207913472929 s=[ 0 0 0 1 + - 0 1 1 0 0 1 1 1 ]

d_7_3=2.207913472929 s=[ 0 0 0 1 + - 1 0 0 1 1 0 1 1 ]

d_7_3=2.209933674949 s=[ 0 0 0 1 + + 0 1 1 0 0 1 0 0 ]

d_7_3=2.209933674949 s=[ 0 0 0 1 + + 1 0 0 1 1 0 0 0 ]

d_7_3=2.209933674949 s=[ 0 0 0 1 + + 1 0 0 1 1 0 1 1 ]

d_7_3=2.209933674949 s=[ 0 0 0 1 + - 0 0 0 1 1 0 0 0 ]

d_7_3=2.209933674949 s=[ 0 0 0 1 + - 0 1 1 0 0 1 1 1 ]

d_7_3=2.209933674949 s=[ 0 0 0 1 + - 1 0 0 1 1 0 1 1 ]

d_7_3=2.211953876970 s=[ 0 0 0 1 + + 0 1 1 0 0 1 0 0 ]

d_7_3=2.211953876970 s=[ 0 0 0 1 + + 1 0 0 1 1 0 0 0 ]

d_7_3=2.211953876970 s=[ 0 0 0 1 + + 1 0 0 1 1 0 1 1 ]

d_7_3=2.211953876970 s=[ 0 0 0 1 + - 0 0 0 1 1 0 0 0 ]

d_7_3=2.211953876970 s=[ 0 0 0 1 + - 0 1 1 0 0 1 1 1 ]

d_7_3=2.211953876970 s=[ 0 0 0 1 + - 1 0 0 1 1 0 1 1 ]

d_7_3=2.213974078990 s=[ 0 0 0 1 + + 0 1 1 0 0 1 0 0 ]

d_7_3=2.213974078990 s=[ 0 0 0 1 + + 1 0 0 1 1 0 0 0 ]

d_7_3=2.213974078990 s=[ 0 0 0 1 + + 1 0 0 1 1 0 1 1 ]

d_7_3=2.213974078990 s=[ 0 0 0 1 + - 0 0 0 1 1 0 0 0 ]

d_7_3=2.213974078990 s=[ 0 0 0 1 + - 0 1 1 0 0 1 1 1 ]

d_7_3=2.213974078990 s=[ 0 0 0 1 + - 1 0 0 1 1 0 1 1 ]

d_7_3=2.215994281010 s=[ 0 0 0 1 + + 0 1 1 0 0 1 0 0 ]

d_7_3=2.215994281010 s=[ 0 0 0 1 + + 1 0 0 1 1 0 0 0 ]

d_7_3=2.215994281010 s=[ 0 0 0 1 + + 1 0 0 1 1 0 1 1 ]

d_7_3=2.215994281010 s=[ 0 0 0 1 + - 0 0 0 1 1 0 0 0 ]

d_7_3=2.215994281010 s=[ 0 0 0 1 + - 0 1 1 0 0 1 1 1 ]

d_7_3=2.215994281010 s=[ 0 0 0 1 + - 1 0 0 1 1 0 1 1 ]

d_7_3=2.218014483030 s=[ 0 0 0 1 + + 0 1 1 0 0 1 0 0 ]

d_7_3=2.218014483030 s=[ 0 0 0 1 + + 1 0 0 1 1 0 0 0 ]

d_7_3=2.218014483030 s=[ 0 0 0 1 + + 1 0 0 1 1 0 1 1 ]

d_7_3=2.218014483030 s=[ 0 0 0 1 + - 0 0 0 1 1 0 0 0 ]

d_7_3=2.218014483030 s=[ 0 0 0 1 + - 0 1 1 0 0 1 1 1 ]

d_7_3=2.218014483030 s=[ 0 0 0 1 + - 1 0 0 1 1 0 1 1 ]

d_7_3=2.220034685051 s=[ 0 0 0 1 + + 0 1 1 0 0 1 0 0 ]

d_7_3=2.220034685051 s=[ 0 0 0 1 + + 1 0 0 1 1 0 0 0 ]

d_7_3=2.220034685051 s=[ 0 0 0 1 + + 1 0 0 1 1 0 1 1 ]

d_7_3=2.220034685051 s=[ 0 0 0 1 + - 0 0 0 1 1 0 0 0 ]

d_7_3=2.220034685051 s=[ 0 0 0 1 + - 0 1 1 0 0 1 1 1 ]

d_7_3=2.220034685051 s=[ 0 0 0 1 + - 1 0 0 1 1 0 1 1 ]

d_7_3=2.222054887071 s=[ 0 0 0 1 + + 0 1 1 0 0 1 0 0 ]

d_7_3=2.222054887071 s=[ 0 0 0 1 + + 1 0 0 1 1 0 0 0 ]

d_7_3=2.222054887071 s=[ 0 0 0 1 + + 1 0 0 1 1 0 1 1 ]

d_7_3=2.222054887071 s=[ 0 0 0 1 + - 0 0 0 1 1 0 0 0 ]

d_7_3=2.222054887071 s=[ 0 0 0 1 + - 0 1 1 0 0 1 1 1 ]

d_7_3=2.222054887071 s=[ 0 0 0 1 + - 1 0 0 1 1 0 1 1 ]

d_7_3=2.224075089091 s=[ 0 0 0 1 + + 0 1 1 0 0 1 0 0 ]

d_7_3=2.224075089091 s=[ 0 0 0 1 + + 1 0 0 1 1 0 1 1 ]

d_7_3=2.224075089091 s=[ 0 0 0 1 + - 0 0 0 1 1 0 0 0 ]

d_7_3=2.224075089091 s=[ 0 0 0 1 + - 0 1 1 0 0 1 1 1 ]

d_7_3=2.224075089091 s=[ 0 0 0 1 + - 1 0 0 1 1 0 1 1 ]

d_7_3=2.226095291111 s=[ 0 0 0 1 + + 0 1 1 0 0 1 0 0 ]

d_7_3=2.226095291111 s=[ 0 0 0 1 + + 1 0 0 1 1 0 1 1 ]

d_7_3=2.226095291111 s=[ 0 0 0 1 + - 0 0 0 1 1 0 0 0 ]

d_7_3=2.226095291111 s=[ 0 0 0 1 + - 0 1 1 0 0 1 1 1 ]

d_7_3=2.226095291111 s=[ 0 0 0 1 + - 1 0 0 1 1 0 1 1 ]

d_7_3=2.228115493131 s=[ 0 0 0 1 + + 0 1 1 0 0 1 0 0 ]

d_7_3=2.228115493131 s=[ 0 0 0 1 + + 1 0 0 1 1 0 1 1 ]

d_7_3=2.228115493131 s=[ 0 0 0 1 + - 0 0 0 1 1 0 0 0 ]

d_7_3=2.228115493131 s=[ 0 0 0 1 + - 0 1 1 0 0 1 1 1 ]

d_7_3=2.228115493131 s=[ 0 0 0 1 + - 1 0 0 1 1 0 1 1 ]

d_7_3=2.230135695152 s=[ 0 0 0 1 + + 0 1 1 0 0 1 0 0 ]

d_7_3=2.230135695152 s=[ 0 0 0 1 + + 1 0 0 1 1 0 1 1 ]

d_7_3=2.230135695152 s=[ 0 0 0 1 + - 0 0 0 1 1 0 0 0 ]

d_7_3=2.230135695152 s=[ 0 0 0 1 + - 0 1 1 0 0 1 1 1 ]

d_7_3=2.230135695152 s=[ 0 0 0 1 + - 1 0 0 1 1 0 1 1 ]

d_7_3=2.232155897172 s=[ 0 0 0 1 + + 0 1 1 0 0 1 0 0 ]

d_7_3=2.232155897172 s=[ 0 0 0 1 + + 1 0 0 1 1 0 1 1 ]

d_7_3=2.232155897172 s=[ 0 0 0 1 + - 0 0 0 1 1 0 0 0 ]

d_7_3=2.232155897172 s=[ 0 0 0 1 + - 0 1 1 0 0 1 1 1 ]

d_7_3=2.232155897172 s=[ 0 0 0 1 + - 1 0 0 1 1 0 1 1 ]

d_7_3=2.234176099192 s=[ 0 0 0 1 + + 0 1 1 0 0 1 0 0 ]

d_7_3=2.234176099192 s=[ 0 0 0 1 + + 1 0 0 1 1 0 1 1 ]

d_7_3=2.234176099192 s=[ 0 0 0 1 + - 0 0 0 1 1 0 0 0 ]

d_7_3=2.234176099192 s=[ 0 0 0 1 + - 0 1 1 0 0 1 1 1 ]

d_7_3=2.234176099192 s=[ 0 0 0 1 + - 1 0 0 1 1 0 1 1 ]

d_7_3=2.236196301212 s=[ 0 0 0 1 + + 0 1 1 0 0 1 0 0 ]

d_7_3=2.236196301212 s=[ 0 0 0 1 + + 1 0 0 1 1 0 1 1 ]

d_7_3=2.236196301212 s=[ 0 0 0 1 + - 0 0 0 1 1 0 0 0 ]

d_7_3=2.236196301212 s=[ 0 0 0 1 + - 0 1 1 0 0 1 1 1 ]

d_7_3=2.236196301212 s=[ 0 0 0 1 + - 1 0 0 1 1 0 1 1 ]

d_7_3=2.238216503232 s=[ 0 0 0 1 + + 0 1 1 0 0 1 0 0 ]

d_7_3=2.238216503232 s=[ 0 0 0 1 + + 1 0 0 1 1 0 1 1 ]

d_7_3=2.238216503232 s=[ 0 0 0 1 + - 0 0 0 1 1 0 0 0 ]

d_7_3=2.238216503232 s=[ 0 0 0 1 + - 0 1 1 0 0 1 1 1 ]

d_7_3=2.238216503232 s=[ 0 0 0 1 + - 1 0 0 1 1 0 1 1 ]

d_7_3=2.240236705253 s=[ 0 0 0 1 + + 0 1 1 0 0 1 0 0 ]

d_7_3=2.240236705253 s=[ 0 0 0 1 + + 1 0 0 1 1 0 1 1 ]

d_7_3=2.240236705253 s=[ 0 0 0 1 + - 0 0 0 1 1 0 0 0 ]

d_7_3=2.240236705253 s=[ 0 0 0 1 + - 0 1 1 0 0 1 1 1 ]

d_7_3=2.240236705253 s=[ 0 0 0 1 + - 1 0 0 1 1 0 1 1 ]

d_7_3=2.242256907273 s=[ 0 0 0 1 + + 1 0 0 1 1 0 1 1 ]

d_7_3=2.242256907273 s=[ 0 0 0 1 + - 0 0 0 1 1 0 0 0 ]

d_7_3=2.242256907273 s=[ 0 0 0 1 + - 0 1 1 0 0 1 1 1 ]

d_7_3=2.242256907273 s=[ 0 0 0 1 + - 1 0 0 1 1 0 1 1 ]

d_7_3=2.244277109293 s=[ 0 0 0 1 + + 1 0 0 1 1 0 1 1 ]

d_7_3=2.244277109293 s=[ 0 0 0 1 + - 0 0 0 1 1 0 0 0 ]

d_7_3=2.244277109293 s=[ 0 0 0 1 + - 0 1 1 0 0 1 1 1 ]

d_7_3=2.244277109293 s=[ 0 0 0 1 + - 1 0 0 1 1 0 0 0 ]

d_7_3=2.244277109293 s=[ 0 0 0 1 + - 1 0 0 1 1 0 1 1 ]

d_7_3=2.246297311313 s=[ 0 0 0 1 + + 1 0 0 1 1 0 1 1 ]

d_7_3=2.246297311313 s=[ 0 0 0 1 + - 0 0 0 1 1 0 0 0 ]

d_7_3=2.246297311313 s=[ 0 0 0 1 + - 0 1 1 0 0 1 1 1 ]

d_7_3=2.246297311313 s=[ 0 0 0 1 + - 1 0 0 1 1 0 0 0 ]

d_7_3=2.248317513333 s=[ 0 0 0 1 + + 1 0 0 1 1 0 1 1 ]

d_7_3=2.248317513333 s=[ 0 0 0 1 + - 0 0 0 1 1 0 0 0 ]

d_7_3=2.248317513333 s=[ 0 0 0 1 + - 0 1 1 0 0 1 1 1 ]

d_7_3=2.248317513333 s=[ 0 0 0 1 + - 1 0 0 1 1 0 0 0 ]

d_7_3=2.250337715354 s=[ 0 0 0 1 + + 1 0 0 1 1 0 1 1 ]

d_7_3=2.250337715354 s=[ 0 0 0 1 + - 0 0 0 1 1 0 0 0 ]

d_7_3=2.250337715354 s=[ 0 0 0 1 + - 0 1 1 0 0 1 1 1 ]

d_7_3=2.250337715354 s=[ 0 0 0 1 + - 1 0 0 1 1 0 0 0 ]

d_7_3=2.252357917374 s=[ 0 0 0 1 + + 1 0 0 1 1 0 1 1 ]

d_7_3=2.252357917374 s=[ 0 0 0 1 + - 0 0 0 1 1 0 0 0 ]

d_7_3=2.252357917374 s=[ 0 0 0 1 + - 0 1 1 0 0 1 1 1 ]

d_7_3=2.252357917374 s=[ 0 0 0 1 + - 1 0 0 1 1 0 0 0 ]

d_7_3=2.254378119394 s=[ 0 0 0 1 + + 1 0 0 1 1 0 1 1 ]

d_7_3=2.254378119394 s=[ 0 0 0 1 + - 0 0 0 1 1 0 0 0 ]

d_7_3=2.254378119394 s=[ 0 0 0 1 + - 0 1 1 0 0 1 1 1 ]

d_7_3=2.254378119394 s=[ 0 0 0 1 + - 1 0 0 1 1 0 0 0 ]

d_7_3=2.256398321414 s=[ 0 0 0 1 + + 1 0 0 1 1 0 1 1 ]

d_7_3=2.256398321414 s=[ 0 0 0 1 + - 0 0 0 1 1 0 0 0 ]

d_7_3=2.256398321414 s=[ 0 0 0 1 + - 0 1 1 0 0 1 1 1 ]

d_7_3=2.256398321414 s=[ 0 0 0 1 + - 1 0 0 1 1 0 0 0 ]

d_7_3=2.258418523434 s=[ 0 0 0 1 + + 1 0 0 1 1 0 1 1 ]

d_7_3=2.258418523434 s=[ 0 0 0 1 + - 0 0 0 1 1 0 0 0 ]

d_7_3=2.258418523434 s=[ 0 0 0 1 + - 0 1 1 0 0 1 1 1 ]

d_7_3=2.258418523434 s=[ 0 0 0 1 + - 1 0 0 1 1 0 0 0 ]

d_7_3=2.260438725455 s=[ 0 0 0 1 + + 1 0 0 1 1 0 1 1 ]

d_7_3=2.260438725455 s=[ 0 0 0 1 + - 0 0 0 1 1 0 0 0 ]

d_7_3=2.260438725455 s=[ 0 0 0 1 + - 0 1 1 0 0 1 1 1 ]

d_7_3=2.260438725455 s=[ 0 0 0 1 + - 1 0 0 1 1 0 0 0 ]

d_7_3=2.262458927475 s=[ 0 0 0 1 + + 1 0 0 1 1 0 1 1 ]

d_7_3=2.262458927475 s=[ 0 0 0 1 + - 0 0 0 1 1 0 0 0 ]

d_7_3=2.262458927475 s=[ 0 0 0 1 + - 0 1 1 0 0 1 1 1 ]

d_7_3=2.262458927475 s=[ 0 0 0 1 + - 1 0 0 1 1 0 0 0 ]

d_7_3=2.264479129495 s=[ 0 0 0 1 + + 1 0 0 1 1 0 1 1 ]

d_7_3=2.264479129495 s=[ 0 0 0 1 + - 0 0 0 1 1 0 0 0 ]

d_7_3=2.264479129495 s=[ 0 0 0 1 + - 0 1 1 0 0 1 1 1 ]

d_7_3=2.264479129495 s=[ 0 0 0 1 + - 1 0 0 1 1 0 0 0 ]

d_7_3=2.266499331515 s=[ 0 0 0 1 + + 1 0 0 1 1 0 1 1 ]

d_7_3=2.266499331515 s=[ 0 0 0 1 + - 0 0 0 1 1 0 0 0 ]

d_7_3=2.266499331515 s=[ 0 0 0 1 + - 0 1 1 0 0 1 1 1 ]

d_7_3=2.266499331515 s=[ 0 0 0 1 + - 1 0 0 1 1 0 0 0 ]

d_7_3=2.268519533535 s=[ 0 0 0 1 + + 1 0 0 1 1 0 1 1 ]

d_7_3=2.268519533535 s=[ 0 0 0 1 + - 0 0 0 1 1 0 0 0 ]

d_7_3=2.268519533535 s=[ 0 0 0 1 + - 0 1 1 0 0 1 1 1 ]

d_7_3=2.268519533535 s=[ 0 0 0 1 + - 1 0 0 1 1 0 0 0 ]

d_7_3=2.270539735556 s=[ 0 0 0 1 + + 1 0 0 1 1 0 1 1 ]

d_7_3=2.270539735556 s=[ 0 0 0 1 + - 0 0 0 1 1 0 0 0 ]

d_7_3=2.270539735556 s=[ 0 0 0 1 + - 0 1 1 0 0 1 1 1 ]

d_7_3=2.270539735556 s=[ 0 0 0 1 + - 1 0 0 1 1 0 0 0 ]

d_7_3=2.272559937576 s=[ 0 0 0 1 + + 1 0 0 1 1 0 1 1 ]

d_7_3=2.272559937576 s=[ 0 0 0 1 + - 0 0 0 1 1 0 0 0 ]

d_7_3=2.272559937576 s=[ 0 0 0 1 + - 0 1 1 0 0 1 1 1 ]

d_7_3=2.272559937576 s=[ 0 0 0 1 + - 1 0 0 1 1 0 0 0 ]

d_7_3=2.274580139596 s=[ 0 0 0 1 + + 1 0 0 1 1 0 1 1 ]

d_7_3=2.274580139596 s=[ 0 0 0 1 + - 0 0 0 1 1 0 0 0 ]

d_7_3=2.274580139596 s=[ 0 0 0 1 + - 0 1 1 0 0 1 1 1 ]

d_7_3=2.274580139596 s=[ 0 0 0 1 + - 1 0 0 1 1 0 0 0 ]

d_7_3=2.276600341616 s=[ 0 0 0 1 + + 1 0 0 1 1 0 1 1 ]

d_7_3=2.276600341616 s=[ 0 0 0 1 + - 0 0 0 1 1 0 0 0 ]

d_7_3=2.276600341616 s=[ 0 0 0 1 + - 0 1 1 0 0 1 1 1 ]

d_7_3=2.276600341616 s=[ 0 0 0 1 + - 1 0 0 1 1 0 0 0 ]

d_7_3=2.278620543636 s=[ 0 0 0 1 + + 1 0 0 1 1 0 1 1 ]

d_7_3=2.278620543636 s=[ 0 0 0 1 + - 0 0 0 1 1 0 0 0 ]

d_7_3=2.278620543636 s=[ 0 0 0 1 + - 0 1 1 0 0 1 1 1 ]

d_7_3=2.278620543636 s=[ 0 0 0 1 + - 1 0 0 1 1 0 0 0 ]

d_7_3=2.280640745657 s=[ 0 0 0 1 + + 1 0 0 1 1 0 1 1 ]

d_7_3=2.280640745657 s=[ 0 0 0 1 + - 0 0 0 1 1 0 0 0 ]

d_7_3=2.280640745657 s=[ 0 0 0 1 + - 0 1 1 0 0 1 1 1 ]

d_7_3=2.280640745657 s=[ 0 0 0 1 + - 1 0 0 1 1 0 0 0 ]

d_7_3=2.282660947677 s=[ 0 0 0 1 + + 1 0 0 1 1 0 1 1 ]

d_7_3=2.282660947677 s=[ 0 0 0 1 + - 0 0 0 1 1 0 0 0 ]

d_7_3=2.282660947677 s=[ 0 0 0 1 + - 0 1 1 0 0 1 1 1 ]

d_7_3=2.282660947677 s=[ 0 0 0 1 + - 1 0 0 1 1 0 0 0 ]

d_7_3=2.284681149697 s=[ 0 0 0 1 + + 1 0 0 1 1 0 1 1 ]

d_7_3=2.284681149697 s=[ 0 0 0 1 + - 0 0 0 1 1 0 0 0 ]

d_7_3=2.284681149697 s=[ 0 0 0 1 + - 0 1 1 0 0 1 1 1 ]

d_7_3=2.284681149697 s=[ 0 0 0 1 + - 1 0 0 1 1 0 0 0 ]

d_7_3=2.286701351717 s=[ 0 0 0 1 + + 1 0 0 1 1 0 1 1 ]

d_7_3=2.286701351717 s=[ 0 0 0 1 + - 0 0 0 1 1 0 0 0 ]

d_7_3=2.286701351717 s=[ 0 0 0 1 + - 0 1 1 0 0 1 1 1 ]

d_7_3=2.286701351717 s=[ 0 0 0 1 + - 1 0 0 1 1 0 0 0 ]

d_7_3=2.288721553737 s=[ 0 0 0 1 + + 1 0 0 1 1 0 1 1 ]

d_7_3=2.288721553737 s=[ 0 0 0 1 + - 0 0 0 1 1 0 0 0 ]

d_7_3=2.288721553737 s=[ 0 0 0 1 + - 0 1 1 0 0 1 1 1 ]

d_7_3=2.288721553737 s=[ 0 0 0 1 + - 1 0 0 1 1 0 0 0 ]

d_7_3=2.290741755758 s=[ 0 0 0 1 + + 1 0 0 1 1 0 1 1 ]

d_7_3=2.290741755758 s=[ 0 0 0 1 + - 0 0 0 1 1 0 0 0 ]

d_7_3=2.290741755758 s=[ 0 0 0 1 + - 0 1 1 0 0 1 1 1 ]

d_7_3=2.290741755758 s=[ 0 0 0 1 + - 1 0 0 1 1 0 0 0 ]

d_7_3=2.292761957778 s=[ 0 0 0 1 + + 1 0 0 1 1 0 1 1 ]

d_7_3=2.292761957778 s=[ 0 0 0 1 + - 0 0 0 1 1 0 0 0 ]

d_7_3=2.292761957778 s=[ 0 0 0 1 + - 0 1 1 0 0 1 1 1 ]

d_7_3=2.292761957778 s=[ 0 0 0 1 + - 1 0 0 1 1 0 0 0 ]

d_7_3=2.294782159798 s=[ 0 0 0 1 + + 1 0 0 1 1 0 1 1 ]

d_7_3=2.294782159798 s=[ 0 0 0 1 + - 0 0 0 1 1 0 0 0 ]

d_7_3=2.294782159798 s=[ 0 0 0 1 + - 0 1 1 0 0 1 1 1 ]

d_7_3=2.294782159798 s=[ 0 0 0 1 + - 1 0 0 1 1 0 0 0 ]

d_7_3=2.296802361818 s=[ 0 0 0 1 + + 1 0 0 1 1 0 1 1 ]

d_7_3=2.296802361818 s=[ 0 0 0 1 + - 0 0 0 1 1 0 0 0 ]

d_7_3=2.296802361818 s=[ 0 0 0 1 + - 0 1 1 0 0 1 1 1 ]

d_7_3=2.296802361818 s=[ 0 0 0 1 + - 1 0 0 1 1 0 0 0 ]

d_7_3=2.298822563838 s=[ 0 0 0 1 + + 1 0 0 1 1 0 1 1 ]

d_7_3=2.298822563838 s=[ 0 0 0 1 + - 0 0 0 1 1 0 0 0 ]

d_7_3=2.298822563838 s=[ 0 0 0 1 + - 0 1 1 0 0 1 1 1 ]

d_7_3=2.298822563838 s=[ 0 0 0 1 + - 1 0 0 1 1 0 0 0 ]

d_7_3=2.300842765859 s=[ 0 0 0 1 + + 1 0 0 1 1 0 1 1 ]

d_7_3=2.300842765859 s=[ 0 0 0 1 + - 0 0 0 1 1 0 0 0 ]

d_7_3=2.300842765859 s=[ 0 0 0 1 + - 0 1 1 0 0 1 1 1 ]

d_7_3=2.300842765859 s=[ 0 0 0 1 + - 1 0 0 1 1 0 0 0 ]

d_7_3=2.302862967879 s=[ 0 0 0 1 + + 1 0 0 1 1 0 1 1 ]

d_7_3=2.302862967879 s=[ 0 0 0 1 + - 0 0 0 1 1 0 0 0 ]

d_7_3=2.302862967879 s=[ 0 0 0 1 + - 0 1 1 0 0 1 1 1 ]

d_7_3=2.302862967879 s=[ 0 0 0 1 + - 1 0 0 1 1 0 0 0 ]

d_7_3=2.304883169899 s=[ 0 0 0 1 + + 1 0 0 1 1 0 1 1 ]

d_7_3=2.304883169899 s=[ 0 0 0 1 + - 0 0 0 1 1 0 0 0 ]

d_7_3=2.304883169899 s=[ 0 0 0 1 + - 0 1 1 0 0 1 1 1 ]

d_7_3=2.304883169899 s=[ 0 0 0 1 + - 1 0 0 1 1 0 0 0 ]

d_7_3=2.306903371919 s=[ 0 0 0 1 + + 1 0 0 1 1 0 1 1 ]

d_7_3=2.306903371919 s=[ 0 0 0 1 + - 0 0 0 1 1 0 0 0 ]

d_7_3=2.306903371919 s=[ 0 0 0 1 + - 0 1 1 0 0 1 1 1 ]

d_7_3=2.306903371919 s=[ 0 0 0 1 + - 1 0 0 1 1 0 0 0 ]

d_7_3=2.308923573939 s=[ 0 0 0 1 + + 1 0 0 1 1 0 1 1 ]

d_7_3=2.308923573939 s=[ 0 0 0 1 + - 0 0 0 1 1 0 0 0 ]

d_7_3=2.308923573939 s=[ 0 0 0 1 + - 0 1 1 0 0 1 1 1 ]

d_7_3=2.308923573939 s=[ 0 0 0 1 + - 1 0 0 1 1 0 0 0 ]

d_7_3=2.310943775960 s=[ 0 0 0 1 + + 1 0 0 1 1 0 1 1 ]

d_7_3=2.310943775960 s=[ 0 0 0 1 + - 0 0 0 1 1 0 0 0 ]

d_7_3=2.310943775960 s=[ 0 0 0 1 + - 0 1 1 0 0 1 1 1 ]

d_7_3=2.310943775960 s=[ 0 0 0 1 + - 1 0 0 1 1 0 0 0 ]

d_7_3=2.312963977980 s=[ 0 0 0 1 + + 1 0 0 1 1 0 1 1 ]

d_7_3=2.312963977980 s=[ 0 0 0 1 + - 0 0 0 1 1 0 0 0 ]

d_7_3=2.312963977980 s=[ 0 0 0 1 + - 0 1 1 0 0 1 1 1 ]

d_7_3=2.312963977980 s=[ 0 0 0 1 + - 1 0 0 1 1 0 0 0 ]

d_7_3=2.314984180000 s=[ 0 0 0 1 + + 1 0 0 1 1 0 1 1 ]

d_7_3=2.314984180000 s=[ 0 0 0 1 + - 0 0 0 1 1 0 0 0 ]

d_7_3=2.314984180000 s=[ 0 0 0 1 + - 0 1 1 0 0 1 1 1 ]

d_7_3=2.314984180000 s=[ 0 0 0 1 + - 1 0 0 1 1 0 0 0 ]

