xyz0=( 17.165474 30.801422 19.324321 )
xyz0=( 17.054416 30.887357 19.311865 )
xyz0=( 17.197311 30.773258 19.327621 )
xyz0=( 17.197311 30.773258 19.327621 )
xyz0=( 17.019226 30.911057 19.307648 )
xyz0=( 17.219588 30.752487 19.329849 )
xyz0=( 17.219588 30.752487 19.329849 )
xyz0=( 16.993594 30.927357 19.304502 )
xyz0=( 17.237587 30.735024 19.331596 )
xyz0=( 17.237587 30.735024 19.331596 )
xyz0=( 17.253002 30.719556 19.333054 )
xyz0=( 17.253002 30.719556 19.333054 )
xyz0=( 17.266639 30.705461 19.334312 )
xyz0=( 17.266639 30.705461 19.334312 )
xyz0=( 17.278953 30.692386 19.335421 )
xyz0=( 17.278953 30.692386 19.335421 )
xyz0=( 17.290234 30.680107 19.336414 )
xyz0=( 17.290234 30.680107 19.336414 )
xyz0=( 14.929987 29.711840 18.857477 )
xyz0=( 17.300678 30.668473 19.337313 )
xyz0=( 17.300678 30.668473 19.337313 )
xyz0=( 14.930752 29.696235 18.856412 )
xyz0=( 17.310426 30.657373 19.338134 )
xyz0=( 17.310426 30.657373 19.338134 )
xyz0=( 17.310426 30.657373 19.338134 )
xyz0=( 14.931634 29.681499 18.855434 )
xyz0=( 17.319583 30.646728 19.338888 )
xyz0=( 17.319583 30.646728 19.338888 )
xyz0=( 17.319583 30.646728 19.338888 )
xyz0=( 14.932618 29.667500 18.854530 )
xyz0=( 17.328230 30.636474 19.339584 )
xyz0=( 17.328230 30.636474 19.339584 )
xyz0=( 17.328230 30.636474 19.339584 )
xyz0=( 14.933688 29.654137 18.853689 )
xyz0=( 17.336432 30.626561 19.340231 )
xyz0=( 17.336432 30.626561 19.340231 )
xyz0=( 17.336432 30.626561 19.340231 )
xyz0=( 14.934835 29.641330 18.852904 )
xyz0=( 17.344239 30.616950 19.340833 )
xyz0=( 17.344239 30.616950 19.340833 )
xyz0=( 17.344239 30.616950 19.340833 )
xyz0=( 14.936050 29.629016 18.852168 )
xyz0=( 17.351693 30.607609 19.341395 )
xyz0=( 17.351693 30.607609 19.341395 )
xyz0=( 17.351693 30.607609 19.341395 )
xyz0=( 14.937326 29.617140 18.851477 )
xyz0=( 17.358830 30.598510 19.341921 )
xyz0=( 17.358830 30.598510 19.341921 )
xyz0=( 17.358830 30.598510 19.341921 )
xyz0=( 14.938657 29.605658 18.850825 )
xyz0=( 17.365680 30.589630 19.342415 )
xyz0=( 17.365680 30.589630 19.342415 )
xyz0=( 17.365680 30.589630 19.342415 )
xyz0=( 14.940038 29.594535 18.850209 )
xyz0=( 14.940038 29.594535 18.850209 )
xyz0=( 17.372267 30.580950 19.342879 )
xyz0=( 17.372267 30.580950 19.342879 )
xyz0=( 17.372267 30.580950 19.342879 )
xyz0=( 14.941466 29.583739 18.849626 )
xyz0=( 14.941466 29.583739 18.849626 )
xyz0=( 17.378613 30.572453 19.343316 )
xyz0=( 17.378613 30.572453 19.343316 )
xyz0=( 17.378613 30.572453 19.343316 )
xyz0=( 14.942935 29.573241 18.849073 )
xyz0=( 14.942935 29.573241 18.849073 )
xyz0=( 17.384736 30.564125 19.343728 )
xyz0=( 17.384736 30.564125 19.343728 )
xyz0=( 17.384736 30.564125 19.343728 )
xyz0=( 14.944444 29.563020 18.848549 )
xyz0=( 14.944444 29.563020 18.848549 )
xyz0=( 17.390655 30.555952 19.344116 )
xyz0=( 17.390655 30.555952 19.344116 )
xyz0=( 17.390655 30.555952 19.344116 )
xyz0=( 14.945990 29.553054 18.848050 )
xyz0=( 14.945990 29.553054 18.848050 )
xyz0=( 17.396381 30.547925 19.344483 )
xyz0=( 17.396381 30.547925 19.344483 )
xyz0=( 17.396381 30.547925 19.344483 )
xyz0=( 14.947570 29.543325 18.847575 )
xyz0=( 14.947570 29.543325 18.847575 )
xyz0=( 16.752442 31.046193 19.272261 )
xyz0=( 15.058703 30.358372 18.929109 )
xyz0=( 17.401930 30.540031 19.344829 )
xyz0=( 17.401930 30.540031 19.344829 )
xyz0=( 17.401930 30.540031 19.344829 )
xyz0=( 14.949181 29.533817 18.847122 )
xyz0=( 14.949181 29.533817 18.847122 )
xyz0=( 16.743474 31.049532 19.270979 )
xyz0=( 15.062704 30.366834 18.930444 )
xyz0=( 17.407311 30.532264 19.345156 )
xyz0=( 17.407311 30.532264 19.345156 )
xyz0=( 17.407311 30.532264 19.345156 )
xyz0=( 14.950823 29.524515 18.846691 )
xyz0=( 14.950823 29.524515 18.846691 )
xyz0=( 16.734671 31.052741 19.269716 )
xyz0=( 15.066682 30.375101 18.931759 )
xyz0=( 17.412536 30.524615 19.345466 )
xyz0=( 17.412536 30.524615 19.345466 )
xyz0=( 17.412536 30.524615 19.345466 )
xyz0=( 14.952494 29.515408 18.846279 )
xyz0=( 14.952494 29.515408 18.846279 )
xyz0=( 16.726021 31.055828 19.268469 )
xyz0=( 15.070639 30.383185 18.933057 )
xyz0=( 17.417613 30.517077 19.345758 )
xyz0=( 17.417613 30.517077 19.345758 )
xyz0=( 17.417613 30.517077 19.345758 )
xyz0=( 14.954191 29.506483 18.845886 )
xyz0=( 14.954191 29.506483 18.845886 )
xyz0=( 16.717516 31.058799 19.267238 )
xyz0=( 15.074575 30.391096 18.934339 )
xyz0=( 17.422550 30.509643 19.346035 )
xyz0=( 17.422550 30.509643 19.346035 )
xyz0=( 17.422550 30.509643 19.346035 )
xyz0=( 14.955914 29.497731 18.845511 )
xyz0=( 14.955914 29.497731 18.845511 )
xyz0=( 16.709146 31.061662 19.266023 )
xyz0=( 15.078492 30.398843 18.935604 )
xyz0=( 17.427356 30.502308 19.346297 )
xyz0=( 17.427356 30.502308 19.346297 )
xyz0=( 17.427356 30.502308 19.346297 )
xyz0=( 14.957661 29.489141 18.845152 )
xyz0=( 14.957661 29.489141 18.845152 )
xyz0=( 16.700906 31.064422 19.264821 )
xyz0=( 15.082391 30.406435 18.936855 )
xyz0=( 17.432037 30.495066 19.346544 )
xyz0=( 17.432037 30.495066 19.346544 )
xyz0=( 17.432037 30.495066 19.346544 )
xyz0=( 14.959431 29.480705 18.844809 )
xyz0=( 14.959431 29.480705 18.844809 )
xyz0=( 16.692787 31.067084 19.263633 )
xyz0=( 15.086273 30.413881 18.938091 )
xyz0=( 17.436599 30.487913 19.346778 )
xyz0=( 17.436599 30.487913 19.346778 )
xyz0=( 17.436599 30.487913 19.346778 )
xyz0=( 14.961223 29.472416 18.844480 )
xyz0=( 14.961223 29.472416 18.844480 )
xyz0=( 16.684784 31.069654 19.262458 )
xyz0=( 15.090139 30.421187 18.939314 )
xyz0=( 17.441048 30.480844 19.346999 )
xyz0=( 17.441048 30.480844 19.346999 )
xyz0=( 17.441048 30.480844 19.346999 )
xyz0=( 14.963037 29.464265 18.844167 )
xyz0=( 14.963037 29.464265 18.844167 )
xyz0=( 16.676891 31.072135 19.261295 )
xyz0=( 15.093991 30.428359 18.940524 )
xyz0=( 17.445389 30.473855 19.347208 )
xyz0=( 17.445389 30.473855 19.347208 )
xyz0=( 17.445389 30.473855 19.347208 )
xyz0=( 14.964870 29.456247 18.843866 )
xyz0=( 14.964870 29.456247 18.843866 )
xyz0=( 16.669102 31.074532 19.260143 )
xyz0=( 15.097828 30.435404 18.941722 )
xyz0=( 17.449628 30.466942 19.347405 )
xyz0=( 17.449628 30.466942 19.347405 )
xyz0=( 17.449628 30.466942 19.347405 )
xyz0=( 14.966723 29.448356 18.843579 )
xyz0=( 14.966723 29.448356 18.843579 )
xyz0=( 16.661412 31.076849 19.259002 )
xyz0=( 15.101651 30.442328 18.942909 )
xyz0=( 17.453768 30.460102 19.347591 )
xyz0=( 17.453768 30.460102 19.347591 )
xyz0=( 14.968595 29.440585 18.843304 )
xyz0=( 14.968595 29.440585 18.843304 )
xyz0=( 16.653818 31.079088 19.257871 )
xyz0=( 15.105462 30.449135 18.944084 )
xyz0=( 17.457814 30.453331 19.347765 )
xyz0=( 17.457814 30.453331 19.347765 )
xyz0=( 14.970485 29.432930 18.843042 )
xyz0=( 14.970485 29.432930 18.843042 )
xyz0=( 16.646315 31.081254 19.256751 )
xyz0=( 15.109261 30.455831 18.945249 )
xyz0=( 17.461770 30.446627 19.347930 )
xyz0=( 17.461770 30.446627 19.347930 )
xyz0=( 14.972392 29.425385 18.842790 )
xyz0=( 14.972392 29.425385 18.842790 )
xyz0=( 16.638899 31.083350 19.255640 )
xyz0=( 15.113048 30.462420 18.946403 )
xyz0=( 17.465639 30.439987 19.348084 )
xyz0=( 17.465639 30.439987 19.348084 )
xyz0=( 14.974316 29.417947 18.842550 )
xyz0=( 14.974316 29.417947 18.842550 )
xyz0=( 16.631567 31.085377 19.254538 )
xyz0=( 15.116824 30.468906 18.947548 )
xyz0=( 17.469425 30.433407 19.348229 )
xyz0=( 17.469425 30.433407 19.348229 )
xyz0=( 14.976256 29.410610 18.842320 )
xyz0=( 14.976256 29.410610 18.842320 )
xyz0=( 16.624314 31.087339 19.253445 )
xyz0=( 15.120590 30.475293 18.948683 )
xyz0=( 17.473131 30.426887 19.348365 )
xyz0=( 17.473131 30.426887 19.348365 )
xyz0=( 14.978212 29.403372 18.842101 )
xyz0=( 14.978212 29.403372 18.842101 )
xyz0=( 16.617139 31.089237 19.252360 )
xyz0=( 15.124346 30.481585 18.949810 )
xyz0=( 17.476759 30.420423 19.348491 )
xyz0=( 17.476759 30.420423 19.348491 )
xyz0=( 14.980183 29.396228 18.841891 )
xyz0=( 14.980183 29.396228 18.841891 )
xyz0=( 16.610038 31.091076 19.251283 )
xyz0=( 15.128092 30.487786 18.950927 )
xyz0=( 17.480312 30.414013 19.348609 )
xyz0=( 17.480312 30.414013 19.348609 )
xyz0=( 14.982169 29.389175 18.841691 )
xyz0=( 14.982169 29.389175 18.841691 )
xyz0=( 16.603008 31.092855 19.250214 )
xyz0=( 15.131829 30.493897 18.952036 )
xyz0=( 17.483794 30.407656 19.348719 )
xyz0=( 17.483794 30.407656 19.348719 )
xyz0=( 14.984169 29.382210 18.841500 )
xyz0=( 14.984169 29.382210 18.841500 )
xyz0=( 16.596047 31.094578 19.249153 )
xyz0=( 15.135557 30.499924 18.953138 )
xyz0=( 17.487206 30.401349 19.348821 )
xyz0=( 17.487206 30.401349 19.348821 )
xyz0=( 14.986183 29.375330 18.841318 )
xyz0=( 14.986183 29.375330 18.841318 )
xyz0=( 16.589153 31.096246 19.248098 )
xyz0=( 15.139277 30.505867 18.954231 )
xyz0=( 17.490551 30.395091 19.348914 )
xyz0=( 17.490551 30.395091 19.348914 )
xyz0=( 14.988211 29.368531 18.841145 )
xyz0=( 16.582323 31.097862 19.247051 )
xyz0=( 15.142989 30.511731 18.955317 )
xyz0=( 17.493831 30.388880 19.349001 )
xyz0=( 17.493831 30.388880 19.349001 )
xyz0=( 14.990252 29.361812 18.840980 )
xyz0=( 16.575554 31.099426 19.246010 )
xyz0=( 15.146694 30.517517 18.956396 )
xyz0=( 17.497048 30.382714 19.349080 )
xyz0=( 17.497048 30.382714 19.349080 )
xyz0=( 14.992305 29.355169 18.840822 )
xyz0=( 16.568846 31.100940 19.244976 )
xyz0=( 15.150391 30.523228 18.957468 )
xyz0=( 17.500203 30.376593 19.349151 )
xyz0=( 17.500203 30.376593 19.349151 )
xyz0=( 14.994371 29.348601 18.840673 )
xyz0=( 16.562195 31.102407 19.243948 )
xyz0=( 15.154081 30.528867 18.958533 )
xyz0=( 17.503299 30.370514 19.349216 )
xyz0=( 17.503299 30.370514 19.349216 )
xyz0=( 14.996450 29.342104 18.840532 )
xyz0=( 16.555601 31.103826 19.242926 )
xyz0=( 15.157765 30.534435 18.959591 )
xyz0=( 17.506338 30.364476 19.349275 )
xyz0=( 17.506338 30.364476 19.349275 )
xyz0=( 14.998540 29.335678 18.840397 )
xyz0=( 16.549061 31.105200 19.241910 )
xyz0=( 15.161442 30.539934 18.960643 )
xyz0=( 17.509321 30.358478 19.349326 )
xyz0=( 17.509321 30.358478 19.349326 )
xyz0=( 15.000642 29.329319 18.840270 )
xyz0=( 16.542574 31.106530 19.240900 )
xyz0=( 15.165113 30.545367 18.961689 )
xyz0=( 17.512249 30.352519 19.349372 )
xyz0=( 17.512249 30.352519 19.349372 )
xyz0=( 15.002755 29.323025 18.840150 )
xyz0=( 16.536138 31.107816 19.239895 )
xyz0=( 15.168777 30.550735 18.962729 )
xyz0=( 17.515124 30.346598 19.349411 )
xyz0=( 17.515124 30.346598 19.349411 )
xyz0=( 15.004880 29.316796 18.840037 )
xyz0=( 16.529752 31.109061 19.238895 )
xyz0=( 15.172437 30.556040 18.963763 )
xyz0=( 17.517947 30.340713 19.349444 )
xyz0=( 17.517947 30.340713 19.349444 )
xyz0=( 15.007015 29.310629 18.839931 )
xyz0=( 15.176090 30.561284 18.964792 )
xyz0=( 15.176090 30.561284 18.964792 )
xyz0=( 17.520721 30.334864 19.349471 )
xyz0=( 17.520721 30.334864 19.349471 )
xyz0=( 15.009161 29.304523 18.839830 )
xyz0=( 15.179739 30.566468 18.965815 )
xyz0=( 17.523445 30.329050 19.349492 )
xyz0=( 17.523445 30.329050 19.349492 )
xyz0=( 15.011318 29.298475 18.839737 )
xyz0=( 15.183382 30.571594 18.966832 )
xyz0=( 17.526122 30.323268 19.349508 )
xyz0=( 17.526122 30.323268 19.349508 )
xyz0=( 15.013485 29.292485 18.839649 )
xyz0=( 15.187021 30.576664 18.967845 )
xyz0=( 17.528752 30.317520 19.349518 )
xyz0=( 17.528752 30.317520 19.349518 )
xyz0=( 15.015662 29.286550 18.839567 )
xyz0=( 15.190655 30.581678 18.968852 )
xyz0=( 17.531337 30.311803 19.349523 )
xyz0=( 17.531337 30.311803 19.349523 )
xyz0=( 15.017849 29.280671 18.839492 )
xyz0=( 15.194284 30.586638 18.969855 )
xyz0=( 17.533877 30.306118 19.349523 )
xyz0=( 17.533877 30.306118 19.349523 )
xyz0=( 15.020045 29.274844 18.839422 )
xyz0=( 15.197909 30.591545 18.970853 )
xyz0=( 17.536374 30.300463 19.349518 )
xyz0=( 17.536374 30.300463 19.349518 )
xyz0=( 15.022252 29.269069 18.839357 )
xyz0=( 15.201530 30.596401 18.971846 )
xyz0=( 17.538829 30.294837 19.349508 )
xyz0=( 17.538829 30.294837 19.349508 )
xyz0=( 15.024467 29.263345 18.839299 )
xyz0=( 15.205147 30.601206 18.972834 )
xyz0=( 17.541242 30.289239 19.349492 )
xyz0=( 17.541242 30.289239 19.349492 )
xyz0=( 15.026692 29.257671 18.839245 )
xyz0=( 15.208760 30.605963 18.973818 )
xyz0=( 17.543615 30.283670 19.349472 )
xyz0=( 17.543615 30.283670 19.349472 )
xyz0=( 15.028926 29.252045 18.839197 )
xyz0=( 15.212369 30.610671 18.974798 )
xyz0=( 17.545948 30.278129 19.349447 )
xyz0=( 17.545948 30.278129 19.349447 )
xyz0=( 15.031169 29.246466 18.839154 )
xyz0=( 15.215975 30.615332 18.975774 )
xyz0=( 17.548242 30.272614 19.349418 )
xyz0=( 17.548242 30.272614 19.349418 )
xyz0=( 15.033421 29.240934 18.839116 )
xyz0=( 15.219577 30.619947 18.976745 )
xyz0=( 17.550498 30.267125 19.349384 )
xyz0=( 17.550498 30.267125 19.349384 )
xyz0=( 15.035681 29.235447 18.839083 )
xyz0=( 15.223176 30.624517 18.977713 )
xyz0=( 17.552717 30.261661 19.349346 )
xyz0=( 17.552717 30.261661 19.349346 )
xyz0=( 15.037950 29.230004 18.839055 )
xyz0=( 15.226771 30.629043 18.978676 )
xyz0=( 17.554899 30.256223 19.349303 )
xyz0=( 17.554899 30.256223 19.349303 )
xyz0=( 15.040227 29.224605 18.839031 )
xyz0=( 15.230364 30.633526 18.979636 )
xyz0=( 17.557045 30.250809 19.349256 )
xyz0=( 17.557045 30.250809 19.349256 )
xyz0=( 15.042513 29.219248 18.839012 )
xyz0=( 15.233954 30.637966 18.980592 )
xyz0=( 17.559156 30.245419 19.349205 )
xyz0=( 17.559156 30.245419 19.349205 )
xyz0=( 15.044807 29.213933 18.838998 )
xyz0=( 15.237540 30.642364 18.981544 )
xyz0=( 17.561233 30.240052 19.349150 )
xyz0=( 17.561233 30.240052 19.349150 )
xyz0=( 15.047109 29.208658 18.838989 )
xyz0=( 15.241124 30.646722 18.982492 )
xyz0=( 17.563276 30.234708 19.349090 )
xyz0=( 17.563276 30.234708 19.349090 )
xyz0=( 15.049419 29.203424 18.838984 )
xyz0=( 15.244706 30.651039 18.983437 )
xyz0=( 17.565285 30.229387 19.349027 )
xyz0=( 17.565285 30.229387 19.349027 )
xyz0=( 15.051736 29.198229 18.838983 )
xyz0=( 15.248284 30.655318 18.984379 )
xyz0=( 17.567262 30.224087 19.348960 )
xyz0=( 17.567262 30.224087 19.348960 )
xyz0=( 15.054062 29.193072 18.838986 )
xyz0=( 15.251861 30.659557 18.985317 )
xyz0=( 17.569207 30.218809 19.348888 )
xyz0=( 17.569207 30.218809 19.348888 )
xyz0=( 15.056395 29.187954 18.838994 )
xyz0=( 15.255435 30.663759 18.986252 )
xyz0=( 17.571120 30.213552 19.348814 )
xyz0=( 17.571120 30.213552 19.348814 )
xyz0=( 15.058736 29.182872 18.839006 )
xyz0=( 15.259006 30.667924 18.987184 )
xyz0=( 17.573002 30.208316 19.348735 )
xyz0=( 17.573002 30.208316 19.348735 )
xyz0=( 15.061084 29.177827 18.839022 )
xyz0=( 15.262576 30.672052 18.988112 )
xyz0=( 17.574854 30.203099 19.348653 )
xyz0=( 17.574854 30.203099 19.348653 )
xyz0=( 15.063440 29.172818 18.839042 )
xyz0=( 15.266143 30.676144 18.989038 )
xyz0=( 17.576676 30.197903 19.348567 )
xyz0=( 17.576676 30.197903 19.348567 )
xyz0=( 15.065803 29.167844 18.839066 )
xyz0=( 15.269708 30.680200 18.989960 )
xyz0=( 17.578468 30.192727 19.348477 )
xyz0=( 17.578468 30.192727 19.348477 )
xyz0=( 15.068174 29.162904 18.839094 )
xyz0=( 15.273272 30.684222 18.990879 )
xyz0=( 17.580231 30.187569 19.348384 )
xyz0=( 17.580231 30.187569 19.348384 )
xyz0=( 15.070551 29.157998 18.839125 )
xyz0=( 15.276833 30.688210 18.991796 )
xyz0=( 17.581966 30.182430 19.348288 )
xyz0=( 17.581966 30.182430 19.348288 )
xyz0=( 15.072936 29.153126 18.839161 )
xyz0=( 15.280393 30.692164 18.992709 )
xyz0=( 17.583672 30.177310 19.348188 )
xyz0=( 17.583672 30.177310 19.348188 )
xyz0=( 15.075328 29.148287 18.839200 )
xyz0=( 15.283951 30.696085 18.993620 )
xyz0=( 17.585351 30.172207 19.348085 )
xyz0=( 17.585351 30.172207 19.348085 )
xyz0=( 15.077726 29.143480 18.839243 )
xyz0=( 15.287507 30.699974 18.994528 )
xyz0=( 17.587002 30.167123 19.347978 )
xyz0=( 17.587002 30.167123 19.347978 )
xyz0=( 15.080132 29.138705 18.839289 )
xyz0=( 15.291062 30.703830 18.995433 )
xyz0=( 17.588627 30.162056 19.347868 )
xyz0=( 17.588627 30.162056 19.347868 )
xyz0=( 15.082544 29.133961 18.839339 )
xyz0=( 15.294615 30.707654 18.996335 )
xyz0=( 17.590225 30.157006 19.347755 )
xyz0=( 17.590225 30.157006 19.347755 )
xyz0=( 15.084963 29.129248 18.839393 )
xyz0=( 15.298166 30.711448 18.997235 )
xyz0=( 17.591797 30.151973 19.347639 )
xyz0=( 17.591797 30.151973 19.347639 )
xyz0=( 15.087389 29.124565 18.839450 )
xyz0=( 15.301717 30.715211 18.998132 )
xyz0=( 17.593343 30.146957 19.347519 )
xyz0=( 17.593343 30.146957 19.347519 )
xyz0=( 15.089822 29.119913 18.839510 )
xyz0=( 15.132392 30.494812 18.952203 )
xyz0=( 15.065433 30.372519 18.931347 )
xyz0=( 15.155041 30.530324 18.958809 )
xyz0=( 15.047671 30.334225 18.925366 )
xyz0=( 15.047671 30.334225 18.925366 )
xyz0=( 15.171930 30.555309 18.963620 )
xyz0=( 15.035674 30.306455 18.921180 )
xyz0=( 15.035674 30.306455 18.921180 )
xyz0=( 15.026258 30.283392 18.917798 )
xyz0=( 15.026258 30.283392 18.917798 )
xyz0=( 15.018401 30.263171 18.914900 )
xyz0=( 15.018401 30.263171 18.914900 )
xyz0=( 15.011618 30.244906 18.912337 )
xyz0=( 15.011618 30.244906 18.912337 )
xyz0=( 15.005633 30.228093 18.910022 )
xyz0=( 15.005633 30.228093 18.910022 )
xyz0=( 17.557929 30.248559 19.349235 )
xyz0=( 15.000273 30.212416 18.907901 )
xyz0=( 15.000273 30.212416 18.907901 )
xyz0=( 17.563564 30.233948 19.349081 )
xyz0=( 14.995419 30.197657 18.905938 )
xyz0=( 14.995419 30.197657 18.905938 )
xyz0=( 17.568737 30.220088 19.348906 )
xyz0=( 14.990986 30.183662 18.904105 )
xyz0=( 14.990986 30.183662 18.904105 )
xyz0=( 14.990986 30.183662 18.904105 )
xyz0=( 17.573519 30.206865 19.348712 )
xyz0=( 14.986910 30.170313 18.902383 )
xyz0=( 14.986910 30.170313 18.902383 )
xyz0=( 14.986910 30.170313 18.902383 )
xyz0=( 17.577963 30.194192 19.348503 )
xyz0=( 14.983143 30.157524 18.900756 )
xyz0=( 14.983143 30.157524 18.900756 )
xyz0=( 14.983143 30.157524 18.900756 )
xyz0=( 17.582111 30.181998 19.348279 )
xyz0=( 14.979646 30.145222 18.899214 )
xyz0=( 14.979646 30.145222 18.899214 )
xyz0=( 14.979646 30.145222 18.899214 )
xyz0=( 17.585996 30.170228 19.348043 )
xyz0=( 14.976389 30.133351 18.897745 )
xyz0=( 14.976389 30.133351 18.897745 )
xyz0=( 14.976389 30.133351 18.897745 )
xyz0=( 17.589648 30.158838 19.347796 )
xyz0=( 14.973345 30.121866 18.896343 )
xyz0=( 14.973345 30.121866 18.896343 )
xyz0=( 14.973345 30.121866 18.896343 )
xyz0=( 17.593089 30.147787 19.347539 )
xyz0=( 14.970494 30.110727 18.895000 )
xyz0=( 14.970494 30.110727 18.895000 )
xyz0=( 14.970494 30.110727 18.895000 )
xyz0=( 17.596338 30.137046 19.347273 )
xyz0=( 17.596338 30.137046 19.347273 )
xyz0=( 14.967818 30.099902 18.893711 )
xyz0=( 14.967818 30.099902 18.893711 )
xyz0=( 14.967818 30.099902 18.893711 )
xyz0=( 17.599412 30.126586 19.346998 )
xyz0=( 17.599412 30.126586 19.346998 )
xyz0=( 14.965301 30.089362 18.892472 )
xyz0=( 14.965301 30.089362 18.892472 )
xyz0=( 14.965301 30.089362 18.892472 )
xyz0=( 17.602327 30.116383 19.346716 )
xyz0=( 17.602327 30.116383 19.346716 )
xyz0=( 14.962931 30.079085 18.891278 )
xyz0=( 14.962931 30.079085 18.891278 )
xyz0=( 14.962931 30.079085 18.891278 )
xyz0=( 17.605093 30.106419 19.346427 )
xyz0=( 17.605093 30.106419 19.346427 )
xyz0=( 14.960696 30.069050 18.890125 )
xyz0=( 14.960696 30.069050 18.890125 )
xyz0=( 14.960696 30.069050 18.890125 )
xyz0=( 17.607722 30.096674 19.346130 )
xyz0=( 17.607722 30.096674 19.346130 )
xyz0=( 14.958587 30.059238 18.889012 )
xyz0=( 14.958587 30.059238 18.889012 )
xyz0=( 14.958587 30.059238 18.889012 )
xyz0=( 15.344837 30.758711 19.008861 )
xyz0=( 17.610223 30.087133 19.345828 )
xyz0=( 17.610223 30.087133 19.345828 )
xyz0=( 14.956595 30.049634 18.887934 )
xyz0=( 14.956595 30.049634 18.887934 )
xyz0=( 14.956595 30.049634 18.887934 )
xyz0=( 15.351706 30.765284 19.010542 )
xyz0=( 17.612605 30.077782 19.345520 )
xyz0=( 17.612605 30.077782 19.345520 )
xyz0=( 14.954711 30.040223 18.886889 )
xyz0=( 14.954711 30.040223 18.886889 )
xyz0=( 14.954711 30.040223 18.886889 )
xyz0=( 17.177390 30.791083 19.325571 )
xyz0=( 15.358476 30.771673 19.012193 )
xyz0=( 17.614876 30.068609 19.345206 )
xyz0=( 17.614876 30.068609 19.345206 )
xyz0=( 14.952929 30.030993 18.885876 )
xyz0=( 14.952929 30.030993 18.885876 )
xyz0=( 14.952929 30.030993 18.885876 )
xyz0=( 17.170285 30.797277 19.324828 )
xyz0=( 15.365156 30.777891 19.013815 )
xyz0=( 17.617042 30.059603 19.344887 )
xyz0=( 17.617042 30.059603 19.344887 )
xyz0=( 14.951244 30.021932 18.884893 )
xyz0=( 14.951244 30.021932 18.884893 )
xyz0=( 14.951244 30.021932 18.884893 )
xyz0=( 17.163280 30.803301 19.324088 )
xyz0=( 15.371749 30.783946 19.015410 )
xyz0=( 17.619109 30.050754 19.344563 )
xyz0=( 17.619109 30.050754 19.344563 )
xyz0=( 14.949648 30.013031 18.883937 )
xyz0=( 14.949648 30.013031 18.883937 )
xyz0=( 14.949648 30.013031 18.883937 )
xyz0=( 17.156370 30.809165 19.323353 )
xyz0=( 15.378262 30.789848 19.016979 )
xyz0=( 17.621082 30.042053 19.344234 )
xyz0=( 17.621082 30.042053 19.344234 )
xyz0=( 14.948138 30.004281 18.883007 )
xyz0=( 14.948138 30.004281 18.883007 )
xyz0=( 14.948138 30.004281 18.883007 )
xyz0=( 17.149548 30.814879 19.322621 )
xyz0=( 15.384699 30.795606 19.018524 )
xyz0=( 17.622968 30.033491 19.343901 )
xyz0=( 17.622968 30.033491 19.343901 )
xyz0=( 14.946709 29.995672 18.882102 )
xyz0=( 14.946709 29.995672 18.882102 )
xyz0=( 14.946709 29.995672 18.882102 )
xyz0=( 17.142811 30.820450 19.321893 )
xyz0=( 15.391063 30.801226 19.020046 )
xyz0=( 17.624769 30.025062 19.343564 )
xyz0=( 17.624769 30.025062 19.343564 )
xyz0=( 14.945357 29.987198 18.881221 )
xyz0=( 14.945357 29.987198 18.881221 )
xyz0=( 14.945357 29.987198 18.881221 )
xyz0=( 17.136152 30.825886 19.321168 )
xyz0=( 15.397360 30.806716 19.021547 )
xyz0=( 17.626491 30.016758 19.343223 )
xyz0=( 17.626491 30.016758 19.343223 )
xyz0=( 14.944077 29.978852 18.880362 )
xyz0=( 14.944077 29.978852 18.880362 )
xyz0=( 14.944077 29.978852 18.880362 )
xyz0=( 17.129569 30.831194 19.320446 )
xyz0=( 15.403591 30.812082 19.023026 )
xyz0=( 17.628137 30.008573 19.342878 )
xyz0=( 17.628137 30.008573 19.342878 )
xyz0=( 14.942867 29.970627 18.879524 )
xyz0=( 14.942867 29.970627 18.879524 )
xyz0=( 14.942867 29.970627 18.879524 )
xyz0=( 17.123057 30.836380 19.319727 )
xyz0=( 15.409761 30.817330 19.024487 )
xyz0=( 17.629711 30.000502 19.342529 )
xyz0=( 17.629711 30.000502 19.342529 )
xyz0=( 14.941723 29.962518 18.878706 )
xyz0=( 14.941723 29.962518 18.878706 )
xyz0=( 14.941723 29.962518 18.878706 )
xyz0=( 17.116613 30.841450 19.319011 )
xyz0=( 15.415872 30.822465 19.025928 )
xyz0=( 17.631216 29.992539 19.342176 )
xyz0=( 17.631216 29.992539 19.342176 )
xyz0=( 14.940643 29.954518 18.877907 )
xyz0=( 14.940643 29.954518 18.877907 )
xyz0=( 14.940643 29.954518 18.877907 )
xyz0=( 17.110234 30.846409 19.318297 )
xyz0=( 15.421927 30.827493 19.027352 )
xyz0=( 17.632654 29.984680 19.341821 )
xyz0=( 17.632654 29.984680 19.341821 )
xyz0=( 14.939623 29.946624 18.877127 )
xyz0=( 14.939623 29.946624 18.877127 )
xyz0=( 17.103916 30.851261 19.317586 )
xyz0=( 15.427929 30.832417 19.028758 )
xyz0=( 17.634029 29.976920 19.341461 )
xyz0=( 17.634029 29.976920 19.341461 )
xyz0=( 14.938661 29.938831 18.876365 )
xyz0=( 14.938661 29.938831 18.876365 )
xyz0=( 17.097657 30.856012 19.316877 )
xyz0=( 15.433879 30.837242 19.030149 )
xyz0=( 17.635343 29.969254 19.341099 )
xyz0=( 17.635343 29.969254 19.341099 )
xyz0=( 14.937756 29.931134 18.875620 )
xyz0=( 14.937756 29.931134 18.875620 )
xyz0=( 17.091455 30.860665 19.316170 )
xyz0=( 15.439781 30.841972 19.031523 )
xyz0=( 17.636599 29.961679 19.340734 )
xyz0=( 17.636599 29.961679 19.340734 )
xyz0=( 14.936903 29.923529 18.874891 )
xyz0=( 14.936903 29.923529 18.874891 )
xyz0=( 17.085307 30.865225 19.315465 )
xyz0=( 15.445635 30.846611 19.032882 )
xyz0=( 17.637798 29.954191 19.340366 )
xyz0=( 17.637798 29.954191 19.340366 )
xyz0=( 14.936103 29.916013 18.874177 )
xyz0=( 14.936103 29.916013 18.874177 )
xyz0=( 17.079211 30.869695 19.314762 )
xyz0=( 15.451444 30.851161 19.034227 )
xyz0=( 17.638943 29.946788 19.339994 )
xyz0=( 17.638943 29.946788 19.339994 )
xyz0=( 14.935352 29.908582 18.873479 )
xyz0=( 14.935352 29.908582 18.873479 )
xyz0=( 17.073164 30.874078 19.314062 )
xyz0=( 15.457210 30.855627 19.035558 )
xyz0=( 17.640036 29.939464 19.339620 )
xyz0=( 17.640036 29.939464 19.339620 )
xyz0=( 14.934649 29.901234 18.872795 )
xyz0=( 14.934649 29.901234 18.872795 )
xyz0=( 17.067165 30.878378 19.313363 )
xyz0=( 15.462935 30.860012 19.036876 )
xyz0=( 17.641078 29.932219 19.339244 )
xyz0=( 17.641078 29.932219 19.339244 )
xyz0=( 14.933992 29.893964 18.872125 )
xyz0=( 14.933992 29.893964 18.872125 )
xyz0=( 17.061212 30.882597 19.312665 )
xyz0=( 15.468619 30.864317 19.038181 )
xyz0=( 17.642072 29.925048 19.338864 )
xyz0=( 17.642072 29.925048 19.338864 )
xyz0=( 14.933380 29.886771 18.871469 )
xyz0=( 14.933380 29.886771 18.871469 )
xyz0=( 17.055303 30.886739 19.311970 )
xyz0=( 15.474264 30.868547 19.039473 )
xyz0=( 17.643018 29.917950 19.338483 )
xyz0=( 17.643018 29.917950 19.338483 )
xyz0=( 14.932812 29.879651 18.870825 )
xyz0=( 14.932812 29.879651 18.870825 )
xyz0=( 17.049438 30.890806 19.311276 )
xyz0=( 15.479872 30.872702 19.040753 )
xyz0=( 17.643919 29.910921 19.338098 )
xyz0=( 14.932285 29.872602 18.870195 )
xyz0=( 14.932285 29.872602 18.870195 )
xyz0=( 17.043613 30.894800 19.310583 )
xyz0=( 15.485445 30.876787 19.042022 )
xyz0=( 17.644776 29.903960 19.337711 )
xyz0=( 14.931799 29.865622 18.869576 )
xyz0=( 14.931799 29.865622 18.869576 )
xyz0=( 17.037828 30.898724 19.309892 )
xyz0=( 15.490982 30.880802 19.043279 )
xyz0=( 17.645589 29.897064 19.337322 )
xyz0=( 14.931352 29.858708 18.868970 )
xyz0=( 14.931352 29.858708 18.868970 )
xyz0=( 17.032081 30.902580 19.309202 )
xyz0=( 15.496486 30.884751 19.044526 )
xyz0=( 17.646361 29.890231 19.336931 )
xyz0=( 14.930944 29.851859 18.868375 )
xyz0=( 14.930944 29.851859 18.868375 )
xyz0=( 17.026372 30.906370 19.308514 )
xyz0=( 15.501957 30.888635 19.045761 )
xyz0=( 17.647093 29.883460 19.336537 )
xyz0=( 14.930572 29.845072 18.867791 )
xyz0=( 14.930572 29.845072 18.867791 )
xyz0=( 17.020698 30.910096 19.307826 )
xyz0=( 15.507397 30.892455 19.046987 )
xyz0=( 17.647785 29.876747 19.336142 )
xyz0=( 14.930237 29.838345 18.867218 )
xyz0=( 14.930237 29.838345 18.867218 )
xyz0=( 17.015060 30.913760 19.307140 )
xyz0=( 15.512806 30.896214 19.048203 )
xyz0=( 17.648439 29.870093 19.335744 )
xyz0=( 14.929937 29.831677 18.866655 )
xyz0=( 14.929937 29.831677 18.866655 )
xyz0=( 17.009455 30.917364 19.306456 )
xyz0=( 15.518186 30.899914 19.049409 )
xyz0=( 17.649056 29.863494 19.335344 )
xyz0=( 14.929671 29.825066 18.866103 )
xyz0=( 14.929671 29.825066 18.866103 )
xyz0=( 17.003883 30.920909 19.305772 )
xyz0=( 15.523537 30.903556 19.050606 )
xyz0=( 17.649637 29.856949 19.334941 )
xyz0=( 14.929438 29.818510 18.865560 )
xyz0=( 14.929438 29.818510 18.865560 )
xyz0=( 16.998342 30.924397 19.305089 )
xyz0=( 17.650183 29.850458 19.334537 )
xyz0=( 14.929238 29.812007 18.865027 )
xyz0=( 14.929238 29.812007 18.865027 )
xyz0=( 16.992832 30.927830 19.304408 )
xyz0=( 17.650694 29.844017 19.334131 )
xyz0=( 14.929069 29.805557 18.864504 )
xyz0=( 14.929069 29.805557 18.864504 )
xyz0=( 16.987353 30.931208 19.303727 )
xyz0=( 16.987353 30.931208 19.303727 )
xyz0=( 17.651171 29.837627 19.333723 )
xyz0=( 14.928932 29.799158 18.863990 )
xyz0=( 14.928932 29.799158 18.863990 )
xyz0=( 16.981902 30.934534 19.303047 )
xyz0=( 17.651616 29.831285 19.333313 )
xyz0=( 14.928824 29.792808 18.863485 )
xyz0=( 14.928824 29.792808 18.863485 )
xyz0=( 16.976479 30.937808 19.302368 )
xyz0=( 17.652029 29.824990 19.332902 )
xyz0=( 14.928746 29.786507 18.862988 )
xyz0=( 14.928746 29.786507 18.862988 )
xyz0=( 16.971084 30.941033 19.301690 )
xyz0=( 17.652411 29.818741 19.332488 )
xyz0=( 14.928696 29.780252 18.862500 )
xyz0=( 14.928696 29.780252 18.862500 )
xyz0=( 16.965716 30.944208 19.301013 )
xyz0=( 17.652762 29.812538 19.332073 )
xyz0=( 14.928675 29.774043 18.862021 )
xyz0=( 14.928675 29.774043 18.862021 )
xyz0=( 16.960374 30.947336 19.300337 )
xyz0=( 17.653083 29.806378 19.331656 )
xyz0=( 14.928681 29.767879 18.861549 )
xyz0=( 14.928681 29.767879 18.861549 )
xyz0=( 16.955057 30.950417 19.299662 )
xyz0=( 17.653375 29.800262 19.331237 )
xyz0=( 14.928714 29.761759 18.861086 )
xyz0=( 14.928714 29.761759 18.861086 )
xyz0=( 16.949765 30.953452 19.298987 )
xyz0=( 17.653639 29.794187 19.330817 )
xyz0=( 14.928774 29.755681 18.860630 )
xyz0=( 14.928774 29.755681 18.860630 )
xyz0=( 16.944497 30.956443 19.298313 )
xyz0=( 17.653874 29.788152 19.330394 )
xyz0=( 14.928859 29.749645 18.860182 )
xyz0=( 14.928859 29.749645 18.860182 )
xyz0=( 16.939252 30.959391 19.297639 )
xyz0=( 17.654083 29.782158 19.329971 )
xyz0=( 14.928970 29.743649 18.859741 )
xyz0=( 14.928970 29.743649 18.859741 )
xyz0=( 16.934031 30.962295 19.296967 )
xyz0=( 17.654264 29.776203 19.329545 )
xyz0=( 14.929105 29.737693 18.859308 )
xyz0=( 14.929105 29.737693 18.859308 )
xyz0=( 16.928832 30.965158 19.296295 )
xyz0=( 17.654419 29.770286 19.329118 )
xyz0=( 14.929264 29.731776 18.858882 )
xyz0=( 14.929264 29.731776 18.858882 )
xyz0=( 16.923654 30.967980 19.295623 )
xyz0=( 17.654548 29.764406 19.328689 )
xyz0=( 14.929448 29.725897 18.858463 )
xyz0=( 14.929448 29.725897 18.858463 )
xyz0=( 16.918499 30.970762 19.294952 )
xyz0=( 17.654651 29.758563 19.328259 )
xyz0=( 14.929655 29.720055 18.858050 )
xyz0=( 14.929655 29.720055 18.858050 )
xyz0=( 16.913364 30.973505 19.294282 )
xyz0=( 17.654730 29.752755 19.327828 )
xyz0=( 14.929884 29.714250 18.857645 )
xyz0=( 14.929884 29.714250 18.857645 )
xyz0=( 16.908249 30.976209 19.293612 )
xyz0=( 17.654784 29.746982 19.327394 )
xyz0=( 14.930137 29.708480 18.857246 )
xyz0=( 14.930137 29.708480 18.857246 )
xyz0=( 16.903154 30.978876 19.292943 )
xyz0=( 17.654815 29.741244 19.326960 )
xyz0=( 14.930411 29.702745 18.856853 )
xyz0=( 14.930411 29.702745 18.856853 )
xyz0=( 16.898079 30.981505 19.292275 )
xyz0=( 17.654822 29.735539 19.326524 )
xyz0=( 14.930708 29.697044 18.856467 )
xyz0=( 14.930708 29.697044 18.856467 )
xyz0=( 16.893023 30.984098 19.291606 )
xyz0=( 17.654805 29.729868 19.326086 )
xyz0=( 14.931025 29.691377 18.856087 )
xyz0=( 14.931025 29.691377 18.856087 )
xyz0=( 16.887986 30.986655 19.290939 )
xyz0=( 17.654766 29.724228 19.325647 )
xyz0=( 14.931364 29.685743 18.855713 )
xyz0=( 14.931364 29.685743 18.855713 )
xyz0=( 16.882967 30.989178 19.290271 )
xyz0=( 17.654704 29.718620 19.325207 )
xyz0=( 14.931723 29.680141 18.855345 )
xyz0=( 14.931723 29.680141 18.855345 )
xyz0=( 16.877966 30.991666 19.289605 )
xyz0=( 17.654621 29.713044 19.324765 )
xyz0=( 14.932103 29.674571 18.854984 )
xyz0=( 14.932103 29.674571 18.854984 )
xyz0=( 16.872982 30.994120 19.288938 )
xyz0=( 17.654516 29.707498 19.324322 )
xyz0=( 14.932503 29.669032 18.854627 )
xyz0=( 14.932503 29.669032 18.854627 )
xyz0=( 16.868016 30.996541 19.288272 )
xyz0=( 17.654389 29.701981 19.323877 )
xyz0=( 14.932923 29.663524 18.854277 )
xyz0=( 14.932923 29.663524 18.854277 )
xyz0=( 16.863066 30.998929 19.287607 )
xyz0=( 17.654241 29.696494 19.323431 )
xyz0=( 14.933362 29.658045 18.853932 )
xyz0=( 14.933362 29.658045 18.853932 )
xyz0=( 16.858133 31.001285 19.286941 )
xyz0=( 17.654073 29.691036 19.322984 )
xyz0=( 14.933820 29.652596 18.853593 )
xyz0=( 14.933820 29.652596 18.853593 )
xyz0=( 16.853217 31.003609 19.286276 )
xyz0=( 17.653884 29.685607 19.322535 )
xyz0=( 14.934297 29.647175 18.853260 )
xyz0=( 14.934297 29.647175 18.853260 )
xyz0=( 16.848316 31.005902 19.285612 )
xyz0=( 17.653675 29.680205 19.322085 )
xyz0=( 14.934792 29.641784 18.852931 )
xyz0=( 14.934792 29.641784 18.852931 )
xyz0=( 16.843431 31.008165 19.284948 )
xyz0=( 17.653447 29.674830 19.321634 )
xyz0=( 14.935306 29.636420 18.852608 )
xyz0=( 14.935306 29.636420 18.852608 )
xyz0=( 16.838561 31.010397 19.284284 )
xyz0=( 17.653199 29.669483 19.321182 )
xyz0=( 14.935838 29.631083 18.852290 )
xyz0=( 14.935838 29.631083 18.852290 )
xyz0=( 16.833706 31.012600 19.283620 )
xyz0=( 17.652931 29.664162 19.320728 )
xyz0=( 14.936388 29.625774 18.851978 )
xyz0=( 14.936388 29.625774 18.851978 )
xyz0=( 16.828866 31.014774 19.282957 )
xyz0=( 17.652645 29.658867 19.320273 )
xyz0=( 14.936956 29.620491 18.851670 )
xyz0=( 14.936956 29.620491 18.851670 )
xyz0=( 16.824040 31.016918 19.282294 )
xyz0=( 17.652340 29.653597 19.319817 )
xyz0=( 14.937540 29.615234 18.851367 )
xyz0=( 14.937540 29.615234 18.851367 )
xyz0=( 16.819229 31.019035 19.281631 )
xyz0=( 17.652017 29.648353 19.319359 )
xyz0=( 14.938142 29.610003 18.851069 )
xyz0=( 14.938142 29.610003 18.851069 )
xyz0=( 16.814432 31.021123 19.280968 )
xyz0=( 17.651675 29.643134 19.318901 )
xyz0=( 14.938761 29.604797 18.850777 )
xyz0=( 14.938761 29.604797 18.850777 )
xyz0=( 16.809648 31.023184 19.280306 )
