xyz0=( 17.165474 30.801422 19.324321 )
xyz0=( 17.054416 30.887357 19.311865 )
xyz0=( 17.328230 30.636474 19.339584 )
xyz0=( 17.328230 30.636474 19.339584 )
xyz0=( 17.328230 30.636474 19.339584 )
xyz0=( 14.933688 29.654137 18.853689 )
xyz0=( 15.058703 30.358372 18.929109 )
xyz0=( 17.401930 30.540031 19.344829 )
xyz0=( 17.401930 30.540031 19.344829 )
xyz0=( 17.401930 30.540031 19.344829 )
xyz0=( 14.949181 29.533817 18.847122 )
xyz0=( 14.949181 29.533817 18.847122 )
xyz0=( 16.743474 31.049532 19.270979 )
xyz0=( 15.101651 30.442328 18.942909 )
xyz0=( 17.453768 30.460102 19.347591 )
xyz0=( 17.453768 30.460102 19.347591 )
xyz0=( 14.968595 29.440585 18.843304 )
xyz0=( 14.968595 29.440585 18.843304 )
xyz0=( 16.653818 31.079088 19.257871 )
xyz0=( 15.142989 30.511731 18.955317 )
xyz0=( 17.493831 30.388880 19.349001 )
xyz0=( 17.493831 30.388880 19.349001 )
xyz0=( 14.990252 29.361812 18.840980 )
xyz0=( 16.575554 31.099426 19.246010 )
xyz0=( 15.183382 30.571594 18.966832 )
xyz0=( 17.526122 30.323268 19.349508 )
xyz0=( 17.526122 30.323268 19.349508 )
xyz0=( 15.013485 29.292485 18.839649 )
xyz0=( 15.223176 30.624517 18.977713 )
xyz0=( 17.552717 30.261661 19.349346 )
xyz0=( 17.552717 30.261661 19.349346 )
xyz0=( 15.037950 29.230004 18.839055 )
xyz0=( 15.262576 30.672052 18.988112 )
xyz0=( 17.574854 30.203099 19.348653 )
xyz0=( 17.574854 30.203099 19.348653 )
xyz0=( 15.063440 29.172818 18.839042 )
xyz0=( 15.301717 30.715211 18.998132 )
xyz0=( 17.593343 30.146957 19.347519 )
xyz0=( 17.593343 30.146957 19.347519 )
xyz0=( 15.089822 29.119913 18.839510 )
xyz0=( 15.132392 30.494812 18.952203 )
xyz0=( 15.065433 30.372519 18.931347 )
xyz0=( 17.577963 30.194192 19.348503 )
xyz0=( 14.983143 30.157524 18.900756 )
xyz0=( 14.983143 30.157524 18.900756 )
xyz0=( 14.983143 30.157524 18.900756 )
xyz0=( 15.351706 30.765284 19.010542 )
xyz0=( 17.612605 30.077782 19.345520 )
xyz0=( 17.612605 30.077782 19.345520 )
xyz0=( 14.954711 30.040223 18.886889 )
xyz0=( 14.954711 30.040223 18.886889 )
xyz0=( 14.954711 30.040223 18.886889 )
xyz0=( 17.177390 30.791083 19.325571 )
xyz0=( 15.421927 30.827493 19.027352 )
xyz0=( 17.632654 29.984680 19.341821 )
xyz0=( 17.632654 29.984680 19.341821 )
xyz0=( 14.939623 29.946624 18.877127 )
xyz0=( 14.939623 29.946624 18.877127 )
xyz0=( 17.103916 30.851261 19.317586 )
xyz0=( 15.485445 30.876787 19.042022 )
xyz0=( 17.644776 29.903960 19.337711 )
xyz0=( 14.931799 29.865622 18.869576 )
xyz0=( 14.931799 29.865622 18.869576 )
xyz0=( 17.037828 30.898724 19.309892 )
xyz0=( 17.651616 29.831285 19.333313 )
xyz0=( 14.928824 29.792808 18.863485 )
xyz0=( 14.928824 29.792808 18.863485 )
xyz0=( 16.976479 30.937808 19.302368 )
xyz0=( 17.654548 29.764406 19.328689 )
xyz0=( 14.929448 29.725897 18.858463 )
xyz0=( 14.929448 29.725897 18.858463 )
xyz0=( 16.918499 30.970762 19.294952 )
xyz0=( 17.654389 29.701981 19.323877 )
xyz0=( 14.932923 29.663524 18.854277 )
xyz0=( 14.932923 29.663524 18.854277 )
xyz0=( 16.863066 30.998929 19.287607 )
xyz0=( 17.651675 29.643134 19.318901 )
xyz0=( 14.938761 29.604797 18.850777 )
xyz0=( 14.938761 29.604797 18.850777 )
xyz0=( 16.809648 31.023184 19.280306 )
