xyz6=( 21.447352 45.257000 7.814068 )
xyz6=( 21.447352 45.257000 7.814068 )
xyz6=( 21.445292 45.259395 7.811243 )
xyz6=( 21.445292 45.259395 7.811243 )
xyz6=( 21.443235 45.261804 7.808415 )
xyz6=( 21.443235 45.261804 7.808415 )
xyz6=( 21.441182 45.264229 7.805586 )
xyz6=( 21.441182 45.264229 7.805586 )
xyz6=( 21.439133 45.266669 7.802756 )
xyz6=( 21.439133 45.266669 7.802756 )
xyz6=( 21.437089 45.269125 7.799923 )
xyz6=( 21.437089 45.269125 7.799923 )
xyz6=( 21.435048 45.271596 7.797088 )
xyz6=( 21.435048 45.271596 7.797088 )
xyz6=( 21.433011 45.274083 7.794252 )
xyz6=( 21.433011 45.274083 7.794252 )
xyz6=( 21.430978 45.276585 7.791414 )
xyz6=( 21.430978 45.276585 7.791414 )
xyz6=( 21.428950 45.279104 7.788573 )
xyz6=( 21.428950 45.279104 7.788573 )
xyz6=( 21.426925 45.281638 7.785732 )
xyz6=( 21.426925 45.281638 7.785732 )
xyz6=( 21.424905 45.284189 7.782888 )
xyz6=( 21.424905 45.284189 7.782888 )
xyz6=( 21.422889 45.286755 7.780042 )
xyz6=( 21.420877 45.289338 7.777195 )
xyz6=( 21.421239 45.288871 7.777708 )
xyz6=( 21.423354 45.286161 7.780700 )
xyz6=( 21.425484 45.283456 7.783704 )
xyz6=( 21.425484 45.283456 7.783704 )
xyz6=( 21.427628 45.280756 7.786719 )
xyz6=( 21.427628 45.280756 7.786719 )
xyz6=( 21.429787 45.278062 7.789747 )
xyz6=( 21.429787 45.278062 7.789747 )
xyz6=( 21.431960 45.275374 7.792786 )
xyz6=( 21.431960 45.275374 7.792786 )
xyz6=( 21.434149 45.272691 7.795837 )
xyz6=( 21.434149 45.272691 7.795837 )
xyz6=( 21.436352 45.270014 7.798900 )
xyz6=( 21.436352 45.270014 7.798900 )
xyz6=( 21.438570 45.267343 7.801976 )
xyz6=( 21.438570 45.267343 7.801976 )
xyz6=( 21.440804 45.264678 7.805064 )
xyz6=( 21.440804 45.264678 7.805064 )
xyz6=( 21.443052 45.262019 7.808164 )
xyz6=( 21.443052 45.262019 7.808164 )
xyz6=( 21.445316 45.259366 7.811276 )
xyz6=( 21.445316 45.259366 7.811276 )
xyz6=( 21.447596 45.256719 7.814401 )
xyz6=( 21.447596 45.256719 7.814401 )
xyz6=( 21.449891 45.254078 7.817539 )
xyz6=( 21.449891 45.254078 7.817539 )
xyz6=( 21.452201 45.251443 7.820689 )
xyz6=( 21.452201 45.251443 7.820689 )
xyz6=( 21.454528 45.248814 7.823853 )
xyz6=( 21.454528 45.248814 7.823853 )
xyz6=( 21.456870 45.246192 7.827028 )
xyz6=( 21.456870 45.246192 7.827028 )
xyz6=( 21.459229 45.243576 7.830217 )
xyz6=( 21.461604 45.240967 7.833419 )
xyz6=( 21.463995 45.238364 7.836634 )
xyz6=( 21.466402 45.235768 7.839862 )
xyz6=( 21.468826 45.233178 7.843104 )
xyz6=( 21.471266 45.230595 7.846359 )
xyz6=( 21.473724 45.228019 7.849627 )
xyz6=( 21.476198 45.225449 7.852910 )
xyz6=( 21.525889 45.178676 7.917073 )
xyz6=( 21.525889 45.178676 7.917073 )
xyz6=( 21.528218 45.176693 7.920006 )
xyz6=( 21.528218 45.176693 7.920006 )
xyz6=( 21.530559 45.174717 7.922946 )
xyz6=( 21.530559 45.174717 7.922946 )
xyz6=( 21.532911 45.172748 7.925894 )
xyz6=( 21.532911 45.172748 7.925894 )
xyz6=( 21.535275 45.170788 7.928850 )
xyz6=( 21.535275 45.170788 7.928850 )
xyz6=( 21.537650 45.168836 7.931814 )
xyz6=( 21.537650 45.168836 7.931814 )
xyz6=( 21.540036 45.166892 7.934786 )
xyz6=( 21.540036 45.166892 7.934786 )
xyz6=( 21.542434 45.164956 7.937766 )
xyz6=( 21.542434 45.164956 7.937766 )
xyz6=( 21.544844 45.163029 7.940754 )
xyz6=( 21.544844 45.163029 7.940754 )
xyz6=( 21.547265 45.161109 7.943750 )
xyz6=( 21.547265 45.161109 7.943750 )
xyz6=( 21.549698 45.159198 7.946755 )
xyz6=( 21.549698 45.159198 7.946755 )
xyz6=( 21.552143 45.157296 7.949767 )
xyz6=( 21.552143 45.157296 7.949767 )
xyz6=( 21.554600 45.155401 7.952788 )
xyz6=( 21.557069 45.153516 7.955817 )
xyz6=( 21.556622 45.153855 7.955270 )
xyz6=( 21.554031 45.155839 7.952089 )
xyz6=( 21.551440 45.157841 7.948902 )
xyz6=( 21.551440 45.157841 7.948902 )
xyz6=( 21.548851 45.159861 7.945710 )
xyz6=( 21.548851 45.159861 7.945710 )
xyz6=( 21.546264 45.161901 7.942512 )
xyz6=( 21.546264 45.161901 7.942512 )
xyz6=( 21.543677 45.163960 7.939309 )
xyz6=( 21.543677 45.163960 7.939309 )
xyz6=( 21.541093 45.166037 7.936100 )
xyz6=( 21.541093 45.166037 7.936100 )
xyz6=( 21.538509 45.168134 7.932885 )
xyz6=( 21.538509 45.168134 7.932885 )
xyz6=( 21.535927 45.170250 7.929665 )
xyz6=( 21.535927 45.170250 7.929665 )
xyz6=( 21.533347 45.172386 7.926439 )
xyz6=( 21.533347 45.172386 7.926439 )
xyz6=( 21.530768 45.174541 7.923208 )
xyz6=( 21.530768 45.174541 7.923208 )
xyz6=( 21.528191 45.176716 7.919971 )
xyz6=( 21.528191 45.176716 7.919971 )
xyz6=( 21.525615 45.178911 7.916728 )
xyz6=( 21.525615 45.178911 7.916728 )
xyz6=( 21.523041 45.181126 7.913479 )
xyz6=( 21.523041 45.181126 7.913479 )
xyz6=( 21.520468 45.183362 7.910225 )
xyz6=( 21.520468 45.183362 7.910225 )
xyz6=( 21.517897 45.185617 7.906964 )
xyz6=( 21.517897 45.185617 7.906964 )
xyz6=( 21.515328 45.187893 7.903698 )
xyz6=( 21.515328 45.187893 7.903698 )
xyz6=( 21.512760 45.190190 7.900426 )
xyz6=( 21.510194 45.192508 7.897148 )
xyz6=( 21.507630 45.194847 7.893864 )
xyz6=( 21.505068 45.197207 7.890575 )
xyz6=( 21.502507 45.199588 7.887279 )
xyz6=( 21.499948 45.201991 7.883977 )
xyz6=( 21.497392 45.204415 7.880669 )
xyz6=( 21.494837 45.206862 7.877355 )
