order:    [ 1 7 8 0 12 11 10 13 9 6 4 5 3 2 ]
atoms:    [ CA CA C N C CA N H HA N CA C N C ]
residues: [ 0 2 2 0 3 3 3 3 2 2 1 1 1 0 ]

We use a different pair of symbles to represent the bits values which are associated with the HA and H of the discretized distance, and another one to represent the bits of other hydrogens.
For the HA and H from the discretized distance:
	"+" means 0
	"-" means 1
For any other hydrogens:
	">" means 0
	"<" means 1

d_13_9=3.217523310000 s=[ 0 0 0 0 1 1 0 + + 1 0 0 0 0 ] xyz6=( 21.447352, 45.257000, 7.814068 )

d_13_9=3.217523310000 s=[ 0 0 0 0 1 1 0 + + 1 0 1 0 0 ] xyz6=( 21.447352, 45.257000, 7.814068 )

d_13_9=3.239745532222 s=[ 0 0 0 0 1 1 0 + + 1 0 0 0 0 ] xyz6=( 21.424905, 45.284189, 7.782888 )

d_13_9=3.239745532222 s=[ 0 0 0 0 1 1 0 + + 1 0 1 0 0 ] xyz6=( 21.424905, 45.284189, 7.782888 )

d_13_9=3.306412198889 s=[ 0 0 0 0 1 1 0 + - 0 0 0 0 0 ] xyz6=( 21.443052, 45.262019, 7.808164 )

d_13_9=3.306412198889 s=[ 0 0 0 0 1 1 0 + - 0 0 1 0 0 ] xyz6=( 21.443052, 45.262019, 7.808164 )

d_13_9=3.328634421111 s=[ 0 0 0 0 1 1 0 + - 0 0 0 0 0 ] xyz6=( 21.468826, 45.233178, 7.843104 )

d_13_9=3.217523310000 s=[ 0 0 0 1 0 0 1 + - 0 1 0 1 1 ] xyz6=( 21.525889, 45.178676, 7.917073 )

d_13_9=3.217523310000 s=[ 0 0 0 1 0 0 1 + - 0 1 1 1 1 ] xyz6=( 21.525889, 45.178676, 7.917073 )

d_13_9=3.239745532222 s=[ 0 0 0 1 0 0 1 + - 0 1 0 1 1 ] xyz6=( 21.552143, 45.157296, 7.949767 )

d_13_9=3.239745532222 s=[ 0 0 0 1 0 0 1 + - 0 1 1 1 1 ] xyz6=( 21.552143, 45.157296, 7.949767 )

d_13_9=3.306412198889 s=[ 0 0 0 1 0 0 1 + + 1 1 0 1 1 ] xyz6=( 21.530768, 45.174541, 7.923208 )

d_13_9=3.306412198889 s=[ 0 0 0 1 0 0 1 + + 1 1 1 1 1 ] xyz6=( 21.530768, 45.174541, 7.923208 )

d_13_9=3.328634421111 s=[ 0 0 0 1 0 0 1 + + 1 1 1 1 1 ] xyz6=( 21.502507, 45.199588, 7.887279 )

