xyz6=( 21.447352 45.257000 7.814068 )
xyz6=( 21.447352 45.257000 7.814068 )
xyz6=( 21.447148 45.257237 7.813788 )
xyz6=( 21.447148 45.257237 7.813788 )
xyz6=( 21.446943 45.257474 7.813508 )
xyz6=( 21.446943 45.257474 7.813508 )
xyz6=( 21.446739 45.257711 7.813228 )
xyz6=( 21.446739 45.257711 7.813228 )
xyz6=( 21.446535 45.257948 7.812948 )
xyz6=( 21.446535 45.257948 7.812948 )
xyz6=( 21.446331 45.258185 7.812668 )
xyz6=( 21.446331 45.258185 7.812668 )
xyz6=( 21.446126 45.258422 7.812388 )
xyz6=( 21.446126 45.258422 7.812388 )
xyz6=( 21.445922 45.258660 7.812108 )
xyz6=( 21.445922 45.258660 7.812108 )
xyz6=( 21.445718 45.258897 7.811828 )
xyz6=( 21.445718 45.258897 7.811828 )
xyz6=( 21.445514 45.259135 7.811548 )
xyz6=( 21.445514 45.259135 7.811548 )
xyz6=( 21.445310 45.259373 7.811268 )
xyz6=( 21.445310 45.259373 7.811268 )
xyz6=( 21.445106 45.259611 7.810988 )
xyz6=( 21.445106 45.259611 7.810988 )
xyz6=( 21.444902 45.259849 7.810708 )
xyz6=( 21.444902 45.259849 7.810708 )
xyz6=( 21.444698 45.260088 7.810428 )
xyz6=( 21.444698 45.260088 7.810428 )
xyz6=( 21.444494 45.260326 7.810148 )
xyz6=( 21.444494 45.260326 7.810148 )
xyz6=( 21.444291 45.260565 7.809868 )
xyz6=( 21.444291 45.260565 7.809868 )
xyz6=( 21.444087 45.260804 7.809587 )
xyz6=( 21.444087 45.260804 7.809587 )
xyz6=( 21.443883 45.261043 7.809307 )
xyz6=( 21.443883 45.261043 7.809307 )
xyz6=( 21.443679 45.261282 7.809027 )
xyz6=( 21.443679 45.261282 7.809027 )
xyz6=( 21.443476 45.261521 7.808747 )
xyz6=( 21.443476 45.261521 7.808747 )
xyz6=( 21.443272 45.261760 7.808466 )
xyz6=( 21.443272 45.261760 7.808466 )
xyz6=( 21.443068 45.262000 7.808186 )
xyz6=( 21.443068 45.262000 7.808186 )
xyz6=( 21.442865 45.262240 7.807906 )
xyz6=( 21.442865 45.262240 7.807906 )
xyz6=( 21.442661 45.262480 7.807626 )
xyz6=( 21.442661 45.262480 7.807626 )
xyz6=( 21.442458 45.262720 7.807345 )
xyz6=( 21.442458 45.262720 7.807345 )
xyz6=( 21.442254 45.262960 7.807065 )
xyz6=( 21.442254 45.262960 7.807065 )
xyz6=( 21.442051 45.263200 7.806785 )
xyz6=( 21.442051 45.263200 7.806785 )
xyz6=( 21.441848 45.263441 7.806504 )
xyz6=( 21.441848 45.263441 7.806504 )
xyz6=( 21.441644 45.263681 7.806224 )
xyz6=( 21.441644 45.263681 7.806224 )
xyz6=( 21.441441 45.263922 7.805943 )
xyz6=( 21.441441 45.263922 7.805943 )
xyz6=( 21.441238 45.264163 7.805663 )
xyz6=( 21.441238 45.264163 7.805663 )
xyz6=( 21.441034 45.264404 7.805382 )
xyz6=( 21.441034 45.264404 7.805382 )
xyz6=( 21.440831 45.264645 7.805102 )
xyz6=( 21.440831 45.264645 7.805102 )
xyz6=( 21.440628 45.264887 7.804822 )
xyz6=( 21.440628 45.264887 7.804822 )
xyz6=( 21.440425 45.265128 7.804541 )
xyz6=( 21.440425 45.265128 7.804541 )
xyz6=( 21.440222 45.265370 7.804261 )
xyz6=( 21.440222 45.265370 7.804261 )
xyz6=( 21.440019 45.265612 7.803980 )
xyz6=( 21.440019 45.265612 7.803980 )
xyz6=( 21.439816 45.265854 7.803699 )
xyz6=( 21.439816 45.265854 7.803699 )
xyz6=( 21.439613 45.266096 7.803419 )
xyz6=( 21.439613 45.266096 7.803419 )
xyz6=( 21.439410 45.266338 7.803138 )
xyz6=( 21.439410 45.266338 7.803138 )
xyz6=( 21.439207 45.266581 7.802858 )
xyz6=( 21.439207 45.266581 7.802858 )
xyz6=( 21.439004 45.266823 7.802577 )
xyz6=( 21.439004 45.266823 7.802577 )
xyz6=( 21.438802 45.267066 7.802296 )
xyz6=( 21.438802 45.267066 7.802296 )
xyz6=( 21.438599 45.267309 7.802016 )
xyz6=( 21.438599 45.267309 7.802016 )
xyz6=( 21.438396 45.267552 7.801735 )
xyz6=( 21.438396 45.267552 7.801735 )
xyz6=( 21.438193 45.267795 7.801454 )
xyz6=( 21.438193 45.267795 7.801454 )
xyz6=( 21.437991 45.268039 7.801174 )
xyz6=( 21.437991 45.268039 7.801174 )
xyz6=( 21.437788 45.268282 7.800893 )
xyz6=( 21.437788 45.268282 7.800893 )
xyz6=( 21.437586 45.268526 7.800612 )
xyz6=( 21.437586 45.268526 7.800612 )
xyz6=( 21.437383 45.268770 7.800331 )
xyz6=( 21.437383 45.268770 7.800331 )
xyz6=( 21.437181 45.269014 7.800050 )
xyz6=( 21.437181 45.269014 7.800050 )
xyz6=( 21.436978 45.269258 7.799770 )
xyz6=( 21.436978 45.269258 7.799770 )
xyz6=( 21.436776 45.269502 7.799489 )
xyz6=( 21.436776 45.269502 7.799489 )
xyz6=( 21.436573 45.269747 7.799208 )
xyz6=( 21.436573 45.269747 7.799208 )
xyz6=( 21.436371 45.269991 7.798927 )
xyz6=( 21.436371 45.269991 7.798927 )
xyz6=( 21.436169 45.270236 7.798646 )
xyz6=( 21.436169 45.270236 7.798646 )
xyz6=( 21.435967 45.270481 7.798365 )
xyz6=( 21.435967 45.270481 7.798365 )
xyz6=( 21.435764 45.270726 7.798084 )
xyz6=( 21.435764 45.270726 7.798084 )
xyz6=( 21.435562 45.270971 7.797803 )
xyz6=( 21.435562 45.270971 7.797803 )
xyz6=( 21.435360 45.271216 7.797523 )
xyz6=( 21.435360 45.271216 7.797523 )
xyz6=( 21.435158 45.271462 7.797242 )
xyz6=( 21.435158 45.271462 7.797242 )
xyz6=( 21.434956 45.271708 7.796961 )
xyz6=( 21.434956 45.271708 7.796961 )
xyz6=( 21.434754 45.271953 7.796680 )
xyz6=( 21.434754 45.271953 7.796680 )
xyz6=( 21.434552 45.272199 7.796399 )
xyz6=( 21.434552 45.272199 7.796399 )
xyz6=( 21.434350 45.272445 7.796117 )
xyz6=( 21.434350 45.272445 7.796117 )
xyz6=( 21.434148 45.272692 7.795836 )
xyz6=( 21.434148 45.272692 7.795836 )
xyz6=( 21.433946 45.272938 7.795555 )
xyz6=( 21.433946 45.272938 7.795555 )
xyz6=( 21.433745 45.273185 7.795274 )
xyz6=( 21.433745 45.273185 7.795274 )
xyz6=( 21.433543 45.273432 7.794993 )
xyz6=( 21.433543 45.273432 7.794993 )
xyz6=( 21.433341 45.273678 7.794712 )
xyz6=( 21.433341 45.273678 7.794712 )
xyz6=( 21.433139 45.273925 7.794431 )
xyz6=( 21.433139 45.273925 7.794431 )
xyz6=( 21.432938 45.274173 7.794150 )
xyz6=( 21.432938 45.274173 7.794150 )
xyz6=( 21.432736 45.274420 7.793868 )
xyz6=( 21.432736 45.274420 7.793868 )
xyz6=( 21.432535 45.274668 7.793587 )
xyz6=( 21.432535 45.274668 7.793587 )
xyz6=( 21.432333 45.274915 7.793306 )
xyz6=( 21.432333 45.274915 7.793306 )
xyz6=( 21.432132 45.275163 7.793025 )
xyz6=( 21.432132 45.275163 7.793025 )
xyz6=( 21.431930 45.275411 7.792743 )
xyz6=( 21.431930 45.275411 7.792743 )
xyz6=( 21.431729 45.275659 7.792462 )
xyz6=( 21.431729 45.275659 7.792462 )
xyz6=( 21.431527 45.275908 7.792181 )
xyz6=( 21.431527 45.275908 7.792181 )
xyz6=( 21.431326 45.276156 7.791900 )
xyz6=( 21.431326 45.276156 7.791900 )
xyz6=( 21.431125 45.276405 7.791618 )
xyz6=( 21.431125 45.276405 7.791618 )
xyz6=( 21.430923 45.276653 7.791337 )
xyz6=( 21.430923 45.276653 7.791337 )
xyz6=( 21.430722 45.276902 7.791055 )
xyz6=( 21.430722 45.276902 7.791055 )
xyz6=( 21.430521 45.277151 7.790774 )
xyz6=( 21.430521 45.277151 7.790774 )
xyz6=( 21.430320 45.277401 7.790493 )
xyz6=( 21.430320 45.277401 7.790493 )
xyz6=( 21.430119 45.277650 7.790211 )
xyz6=( 21.430119 45.277650 7.790211 )
xyz6=( 21.429918 45.277899 7.789930 )
xyz6=( 21.429918 45.277899 7.789930 )
xyz6=( 21.429717 45.278149 7.789648 )
xyz6=( 21.429717 45.278149 7.789648 )
xyz6=( 21.429516 45.278399 7.789367 )
xyz6=( 21.429516 45.278399 7.789367 )
xyz6=( 21.429315 45.278649 7.789085 )
xyz6=( 21.429315 45.278649 7.789085 )
xyz6=( 21.429114 45.278899 7.788804 )
xyz6=( 21.429114 45.278899 7.788804 )
xyz6=( 21.428913 45.279150 7.788522 )
xyz6=( 21.428913 45.279150 7.788522 )
xyz6=( 21.428712 45.279400 7.788241 )
xyz6=( 21.428712 45.279400 7.788241 )
xyz6=( 21.428512 45.279651 7.787959 )
xyz6=( 21.428512 45.279651 7.787959 )
xyz6=( 21.428311 45.279901 7.787678 )
xyz6=( 21.428311 45.279901 7.787678 )
xyz6=( 21.428110 45.280152 7.787396 )
xyz6=( 21.428110 45.280152 7.787396 )
xyz6=( 21.427910 45.280403 7.787114 )
xyz6=( 21.427910 45.280403 7.787114 )
xyz6=( 21.427709 45.280655 7.786833 )
xyz6=( 21.427709 45.280655 7.786833 )
xyz6=( 21.427508 45.280906 7.786551 )
xyz6=( 21.427508 45.280906 7.786551 )
xyz6=( 21.427308 45.281158 7.786269 )
xyz6=( 21.427308 45.281158 7.786269 )
xyz6=( 21.427107 45.281409 7.785988 )
xyz6=( 21.427107 45.281409 7.785988 )
xyz6=( 21.426907 45.281661 7.785706 )
xyz6=( 21.426907 45.281661 7.785706 )
xyz6=( 21.426707 45.281913 7.785424 )
xyz6=( 21.426707 45.281913 7.785424 )
xyz6=( 21.426506 45.282166 7.785142 )
xyz6=( 21.426506 45.282166 7.785142 )
xyz6=( 21.426306 45.282418 7.784861 )
xyz6=( 21.426306 45.282418 7.784861 )
xyz6=( 21.426106 45.282670 7.784579 )
xyz6=( 21.426106 45.282670 7.784579 )
xyz6=( 21.425905 45.282923 7.784297 )
xyz6=( 21.425905 45.282923 7.784297 )
xyz6=( 21.425705 45.283176 7.784015 )
xyz6=( 21.425705 45.283176 7.784015 )
xyz6=( 21.425505 45.283429 7.783733 )
xyz6=( 21.425505 45.283429 7.783733 )
xyz6=( 21.425305 45.283682 7.783452 )
xyz6=( 21.425305 45.283682 7.783452 )
xyz6=( 21.425105 45.283935 7.783170 )
xyz6=( 21.425105 45.283935 7.783170 )
xyz6=( 21.424905 45.284189 7.782888 )
xyz6=( 21.424905 45.284189 7.782888 )
xyz6=( 21.424705 45.284442 7.782606 )
xyz6=( 21.424705 45.284442 7.782606 )
xyz6=( 21.424505 45.284696 7.782324 )
xyz6=( 21.424505 45.284696 7.782324 )
xyz6=( 21.424305 45.284950 7.782042 )
xyz6=( 21.424305 45.284950 7.782042 )
xyz6=( 21.424105 45.285204 7.781760 )
xyz6=( 21.424105 45.285204 7.781760 )
xyz6=( 21.423905 45.285459 7.781478 )
xyz6=( 21.423905 45.285459 7.781478 )
xyz6=( 21.423706 45.285713 7.781196 )
xyz6=( 21.423706 45.285713 7.781196 )
xyz6=( 21.423506 45.285968 7.780914 )
xyz6=( 21.423306 45.286222 7.780632 )
xyz6=( 21.423106 45.286477 7.780350 )
xyz6=( 21.422907 45.286732 7.780068 )
xyz6=( 21.422707 45.286987 7.779786 )
xyz6=( 21.422508 45.287243 7.779504 )
xyz6=( 21.422308 45.287498 7.779221 )
xyz6=( 21.422109 45.287754 7.778939 )
xyz6=( 21.421909 45.288010 7.778657 )
xyz6=( 21.421710 45.288266 7.778375 )
xyz6=( 21.421511 45.288522 7.778093 )
xyz6=( 21.421311 45.288778 7.777810 )
xyz6=( 21.421112 45.289035 7.777528 )
xyz6=( 21.420913 45.289291 7.777246 )
xyz6=( 21.420803 45.289434 7.777090 )
xyz6=( 21.421011 45.289165 7.777385 )
xyz6=( 21.421220 45.288896 7.777681 )
xyz6=( 21.421429 45.288627 7.777977 )
xyz6=( 21.421638 45.288358 7.778273 )
xyz6=( 21.421848 45.288089 7.778570 )
xyz6=( 21.422057 45.287821 7.778866 )
xyz6=( 21.422266 45.287552 7.779162 )
xyz6=( 21.422476 45.287283 7.779459 )
xyz6=( 21.422686 45.287015 7.779755 )
xyz6=( 21.422896 45.286746 7.780052 )
xyz6=( 21.423106 45.286478 7.780349 )
xyz6=( 21.423316 45.286209 7.780646 )
xyz6=( 21.423527 45.285941 7.780943 )
xyz6=( 21.423737 45.285673 7.781240 )
xyz6=( 21.423737 45.285673 7.781240 )
xyz6=( 21.423948 45.285405 7.781538 )
xyz6=( 21.423948 45.285405 7.781538 )
xyz6=( 21.424159 45.285136 7.781835 )
xyz6=( 21.424159 45.285136 7.781835 )
xyz6=( 21.424369 45.284868 7.782133 )
xyz6=( 21.424369 45.284868 7.782133 )
xyz6=( 21.424581 45.284600 7.782431 )
xyz6=( 21.424581 45.284600 7.782431 )
xyz6=( 21.424792 45.284332 7.782728 )
xyz6=( 21.424792 45.284332 7.782728 )
xyz6=( 21.425003 45.284064 7.783026 )
xyz6=( 21.425003 45.284064 7.783026 )
xyz6=( 21.425215 45.283796 7.783324 )
xyz6=( 21.425215 45.283796 7.783324 )
xyz6=( 21.425426 45.283529 7.783622 )
xyz6=( 21.425426 45.283529 7.783622 )
xyz6=( 21.425638 45.283261 7.783921 )
xyz6=( 21.425638 45.283261 7.783921 )
xyz6=( 21.425850 45.282993 7.784219 )
xyz6=( 21.425850 45.282993 7.784219 )
xyz6=( 21.426062 45.282725 7.784518 )
xyz6=( 21.426062 45.282725 7.784518 )
xyz6=( 21.426274 45.282458 7.784816 )
xyz6=( 21.426274 45.282458 7.784816 )
xyz6=( 21.426487 45.282190 7.785115 )
xyz6=( 21.426487 45.282190 7.785115 )
xyz6=( 21.426699 45.281923 7.785414 )
xyz6=( 21.426699 45.281923 7.785414 )
xyz6=( 21.426912 45.281655 7.785713 )
xyz6=( 21.426912 45.281655 7.785713 )
xyz6=( 21.427125 45.281388 7.786012 )
xyz6=( 21.427125 45.281388 7.786012 )
xyz6=( 21.427338 45.281120 7.786311 )
xyz6=( 21.427338 45.281120 7.786311 )
xyz6=( 21.427551 45.280853 7.786610 )
xyz6=( 21.427551 45.280853 7.786610 )
xyz6=( 21.427764 45.280586 7.786910 )
xyz6=( 21.427764 45.280586 7.786910 )
xyz6=( 21.427977 45.280319 7.787209 )
xyz6=( 21.427977 45.280319 7.787209 )
xyz6=( 21.428191 45.280052 7.787509 )
xyz6=( 21.428191 45.280052 7.787509 )
xyz6=( 21.428404 45.279785 7.787809 )
xyz6=( 21.428404 45.279785 7.787809 )
xyz6=( 21.428618 45.279518 7.788109 )
xyz6=( 21.428618 45.279518 7.788109 )
xyz6=( 21.428832 45.279251 7.788409 )
xyz6=( 21.428832 45.279251 7.788409 )
xyz6=( 21.429046 45.278984 7.788709 )
xyz6=( 21.429046 45.278984 7.788709 )
xyz6=( 21.429260 45.278717 7.789009 )
xyz6=( 21.429260 45.278717 7.789009 )
xyz6=( 21.429475 45.278450 7.789309 )
xyz6=( 21.429475 45.278450 7.789309 )
xyz6=( 21.429689 45.278183 7.789610 )
xyz6=( 21.429689 45.278183 7.789610 )
xyz6=( 21.429904 45.277917 7.789910 )
xyz6=( 21.429904 45.277917 7.789910 )
xyz6=( 21.430119 45.277650 7.790211 )
xyz6=( 21.430119 45.277650 7.790211 )
xyz6=( 21.430334 45.277383 7.790512 )
xyz6=( 21.430334 45.277383 7.790512 )
xyz6=( 21.430549 45.277117 7.790813 )
xyz6=( 21.430549 45.277117 7.790813 )
xyz6=( 21.430764 45.276850 7.791114 )
xyz6=( 21.430764 45.276850 7.791114 )
xyz6=( 21.430980 45.276584 7.791415 )
xyz6=( 21.430980 45.276584 7.791415 )
xyz6=( 21.431195 45.276318 7.791717 )
xyz6=( 21.431195 45.276318 7.791717 )
xyz6=( 21.431411 45.276051 7.792018 )
xyz6=( 21.431411 45.276051 7.792018 )
xyz6=( 21.431627 45.275785 7.792320 )
xyz6=( 21.431627 45.275785 7.792320 )
xyz6=( 21.431843 45.275519 7.792621 )
xyz6=( 21.431843 45.275519 7.792621 )
xyz6=( 21.432059 45.275253 7.792923 )
xyz6=( 21.432059 45.275253 7.792923 )
xyz6=( 21.432275 45.274987 7.793225 )
xyz6=( 21.432275 45.274987 7.793225 )
xyz6=( 21.432491 45.274721 7.793527 )
xyz6=( 21.432491 45.274721 7.793527 )
xyz6=( 21.432708 45.274455 7.793829 )
xyz6=( 21.432708 45.274455 7.793829 )
xyz6=( 21.432925 45.274189 7.794131 )
xyz6=( 21.432925 45.274189 7.794131 )
xyz6=( 21.433141 45.273923 7.794434 )
xyz6=( 21.433141 45.273923 7.794434 )
xyz6=( 21.433358 45.273657 7.794736 )
xyz6=( 21.433358 45.273657 7.794736 )
xyz6=( 21.433576 45.273391 7.795039 )
xyz6=( 21.433576 45.273391 7.795039 )
xyz6=( 21.433793 45.273126 7.795341 )
xyz6=( 21.433793 45.273126 7.795341 )
xyz6=( 21.434010 45.272860 7.795644 )
xyz6=( 21.434010 45.272860 7.795644 )
xyz6=( 21.434228 45.272595 7.795947 )
xyz6=( 21.434228 45.272595 7.795947 )
xyz6=( 21.434446 45.272329 7.796250 )
xyz6=( 21.434446 45.272329 7.796250 )
xyz6=( 21.434663 45.272064 7.796554 )
xyz6=( 21.434663 45.272064 7.796554 )
xyz6=( 21.434881 45.271798 7.796857 )
xyz6=( 21.434881 45.271798 7.796857 )
xyz6=( 21.435100 45.271533 7.797160 )
xyz6=( 21.435100 45.271533 7.797160 )
xyz6=( 21.435318 45.271268 7.797464 )
xyz6=( 21.435318 45.271268 7.797464 )
xyz6=( 21.435536 45.271002 7.797767 )
xyz6=( 21.435536 45.271002 7.797767 )
xyz6=( 21.435755 45.270737 7.798071 )
xyz6=( 21.435755 45.270737 7.798071 )
xyz6=( 21.435974 45.270472 7.798375 )
xyz6=( 21.435974 45.270472 7.798375 )
xyz6=( 21.436193 45.270207 7.798679 )
xyz6=( 21.436193 45.270207 7.798679 )
xyz6=( 21.436412 45.269942 7.798983 )
xyz6=( 21.436412 45.269942 7.798983 )
xyz6=( 21.436631 45.269677 7.799288 )
xyz6=( 21.436631 45.269677 7.799288 )
xyz6=( 21.436850 45.269412 7.799592 )
xyz6=( 21.436850 45.269412 7.799592 )
xyz6=( 21.437070 45.269147 7.799897 )
xyz6=( 21.437070 45.269147 7.799897 )
xyz6=( 21.437289 45.268883 7.800201 )
xyz6=( 21.437289 45.268883 7.800201 )
xyz6=( 21.437509 45.268618 7.800506 )
xyz6=( 21.437509 45.268618 7.800506 )
xyz6=( 21.437729 45.268353 7.800811 )
xyz6=( 21.437729 45.268353 7.800811 )
xyz6=( 21.437949 45.268089 7.801116 )
xyz6=( 21.437949 45.268089 7.801116 )
xyz6=( 21.438169 45.267824 7.801421 )
xyz6=( 21.438169 45.267824 7.801421 )
xyz6=( 21.438390 45.267560 7.801726 )
xyz6=( 21.438390 45.267560 7.801726 )
xyz6=( 21.438610 45.267295 7.802031 )
xyz6=( 21.438610 45.267295 7.802031 )
xyz6=( 21.438831 45.267031 7.802337 )
xyz6=( 21.438831 45.267031 7.802337 )
xyz6=( 21.439052 45.266767 7.802643 )
xyz6=( 21.439052 45.266767 7.802643 )
xyz6=( 21.439273 45.266502 7.802948 )
xyz6=( 21.439273 45.266502 7.802948 )
xyz6=( 21.439494 45.266238 7.803254 )
xyz6=( 21.439494 45.266238 7.803254 )
xyz6=( 21.439715 45.265974 7.803560 )
xyz6=( 21.439715 45.265974 7.803560 )
xyz6=( 21.439937 45.265710 7.803866 )
xyz6=( 21.439937 45.265710 7.803866 )
xyz6=( 21.440158 45.265446 7.804172 )
xyz6=( 21.440158 45.265446 7.804172 )
xyz6=( 21.440380 45.265182 7.804479 )
xyz6=( 21.440380 45.265182 7.804479 )
xyz6=( 21.440602 45.264918 7.804785 )
xyz6=( 21.440602 45.264918 7.804785 )
xyz6=( 21.440824 45.264654 7.805092 )
xyz6=( 21.440824 45.264654 7.805092 )
xyz6=( 21.441046 45.264391 7.805398 )
xyz6=( 21.441046 45.264391 7.805398 )
xyz6=( 21.441268 45.264127 7.805705 )
xyz6=( 21.441268 45.264127 7.805705 )
xyz6=( 21.441491 45.263863 7.806012 )
xyz6=( 21.441491 45.263863 7.806012 )
xyz6=( 21.441713 45.263600 7.806319 )
xyz6=( 21.441713 45.263600 7.806319 )
xyz6=( 21.441936 45.263336 7.806626 )
xyz6=( 21.441936 45.263336 7.806626 )
xyz6=( 21.442159 45.263072 7.806934 )
xyz6=( 21.442159 45.263072 7.806934 )
xyz6=( 21.442382 45.262809 7.807241 )
xyz6=( 21.442382 45.262809 7.807241 )
xyz6=( 21.442605 45.262546 7.807548 )
xyz6=( 21.442605 45.262546 7.807548 )
xyz6=( 21.442829 45.262282 7.807856 )
xyz6=( 21.442829 45.262282 7.807856 )
xyz6=( 21.443052 45.262019 7.808164 )
xyz6=( 21.443052 45.262019 7.808164 )
xyz6=( 21.443276 45.261756 7.808472 )
xyz6=( 21.443276 45.261756 7.808472 )
xyz6=( 21.443500 45.261493 7.808780 )
xyz6=( 21.443500 45.261493 7.808780 )
xyz6=( 21.443724 45.261230 7.809088 )
xyz6=( 21.443724 45.261230 7.809088 )
xyz6=( 21.443948 45.260967 7.809396 )
xyz6=( 21.443948 45.260967 7.809396 )
xyz6=( 21.444172 45.260704 7.809705 )
xyz6=( 21.444172 45.260704 7.809705 )
xyz6=( 21.444396 45.260441 7.810013 )
xyz6=( 21.444396 45.260441 7.810013 )
xyz6=( 21.444621 45.260178 7.810322 )
xyz6=( 21.444621 45.260178 7.810322 )
xyz6=( 21.444846 45.259915 7.810630 )
xyz6=( 21.444846 45.259915 7.810630 )
xyz6=( 21.445071 45.259652 7.810939 )
xyz6=( 21.445071 45.259652 7.810939 )
xyz6=( 21.445296 45.259390 7.811248 )
xyz6=( 21.445296 45.259390 7.811248 )
xyz6=( 21.445521 45.259127 7.811557 )
xyz6=( 21.445521 45.259127 7.811557 )
xyz6=( 21.445746 45.258865 7.811867 )
xyz6=( 21.445746 45.258865 7.811867 )
xyz6=( 21.445972 45.258602 7.812176 )
xyz6=( 21.445972 45.258602 7.812176 )
xyz6=( 21.446197 45.258340 7.812486 )
xyz6=( 21.446197 45.258340 7.812486 )
xyz6=( 21.446423 45.258077 7.812795 )
xyz6=( 21.446423 45.258077 7.812795 )
xyz6=( 21.446649 45.257815 7.813105 )
xyz6=( 21.446649 45.257815 7.813105 )
xyz6=( 21.446875 45.257553 7.813415 )
xyz6=( 21.446875 45.257553 7.813415 )
xyz6=( 21.447101 45.257291 7.813725 )
xyz6=( 21.447101 45.257291 7.813725 )
xyz6=( 21.447328 45.257029 7.814035 )
xyz6=( 21.447328 45.257029 7.814035 )
xyz6=( 21.447554 45.256766 7.814345 )
xyz6=( 21.447554 45.256766 7.814345 )
xyz6=( 21.447781 45.256504 7.814655 )
xyz6=( 21.447781 45.256504 7.814655 )
xyz6=( 21.448008 45.256242 7.814966 )
xyz6=( 21.448008 45.256242 7.814966 )
xyz6=( 21.448235 45.255981 7.815276 )
xyz6=( 21.448235 45.255981 7.815276 )
xyz6=( 21.448462 45.255719 7.815587 )
xyz6=( 21.448462 45.255719 7.815587 )
xyz6=( 21.448690 45.255457 7.815898 )
xyz6=( 21.448690 45.255457 7.815898 )
xyz6=( 21.448917 45.255195 7.816209 )
xyz6=( 21.448917 45.255195 7.816209 )
xyz6=( 21.449145 45.254934 7.816520 )
xyz6=( 21.449145 45.254934 7.816520 )
xyz6=( 21.449372 45.254672 7.816831 )
xyz6=( 21.449372 45.254672 7.816831 )
xyz6=( 21.449600 45.254411 7.817143 )
xyz6=( 21.449600 45.254411 7.817143 )
xyz6=( 21.449828 45.254149 7.817454 )
xyz6=( 21.449828 45.254149 7.817454 )
xyz6=( 21.450057 45.253888 7.817766 )
xyz6=( 21.450057 45.253888 7.817766 )
xyz6=( 21.450285 45.253626 7.818077 )
xyz6=( 21.450285 45.253626 7.818077 )
xyz6=( 21.450514 45.253365 7.818389 )
xyz6=( 21.450514 45.253365 7.818389 )
xyz6=( 21.450742 45.253104 7.818701 )
xyz6=( 21.450742 45.253104 7.818701 )
xyz6=( 21.450971 45.252843 7.819013 )
xyz6=( 21.450971 45.252843 7.819013 )
xyz6=( 21.451200 45.252582 7.819326 )
xyz6=( 21.451200 45.252582 7.819326 )
xyz6=( 21.451429 45.252321 7.819638 )
xyz6=( 21.451429 45.252321 7.819638 )
xyz6=( 21.451659 45.252060 7.819950 )
xyz6=( 21.451659 45.252060 7.819950 )
xyz6=( 21.451888 45.251799 7.820263 )
xyz6=( 21.451888 45.251799 7.820263 )
xyz6=( 21.452118 45.251538 7.820576 )
xyz6=( 21.452118 45.251538 7.820576 )
xyz6=( 21.452348 45.251277 7.820889 )
xyz6=( 21.452348 45.251277 7.820889 )
xyz6=( 21.452578 45.251016 7.821201 )
xyz6=( 21.452578 45.251016 7.821201 )
xyz6=( 21.452808 45.250756 7.821515 )
xyz6=( 21.452808 45.250756 7.821515 )
xyz6=( 21.453038 45.250495 7.821828 )
xyz6=( 21.453038 45.250495 7.821828 )
xyz6=( 21.453268 45.250234 7.822141 )
xyz6=( 21.453268 45.250234 7.822141 )
xyz6=( 21.453499 45.249974 7.822455 )
xyz6=( 21.453499 45.249974 7.822455 )
xyz6=( 21.453730 45.249714 7.822768 )
xyz6=( 21.453730 45.249714 7.822768 )
xyz6=( 21.453961 45.249453 7.823082 )
xyz6=( 21.453961 45.249453 7.823082 )
xyz6=( 21.454192 45.249193 7.823396 )
xyz6=( 21.454192 45.249193 7.823396 )
xyz6=( 21.454423 45.248933 7.823710 )
xyz6=( 21.454423 45.248933 7.823710 )
xyz6=( 21.454654 45.248673 7.824024 )
xyz6=( 21.454654 45.248673 7.824024 )
xyz6=( 21.454886 45.248412 7.824338 )
xyz6=( 21.454886 45.248412 7.824338 )
xyz6=( 21.455117 45.248152 7.824652 )
xyz6=( 21.455117 45.248152 7.824652 )
xyz6=( 21.455349 45.247892 7.824967 )
xyz6=( 21.455349 45.247892 7.824967 )
xyz6=( 21.455581 45.247632 7.825282 )
xyz6=( 21.455581 45.247632 7.825282 )
xyz6=( 21.455813 45.247373 7.825596 )
xyz6=( 21.455813 45.247373 7.825596 )
xyz6=( 21.456046 45.247113 7.825911 )
xyz6=( 21.456046 45.247113 7.825911 )
xyz6=( 21.456278 45.246853 7.826226 )
xyz6=( 21.456278 45.246853 7.826226 )
xyz6=( 21.456511 45.246593 7.826541 )
xyz6=( 21.456511 45.246593 7.826541 )
xyz6=( 21.456743 45.246334 7.826856 )
xyz6=( 21.456743 45.246334 7.826856 )
xyz6=( 21.456976 45.246074 7.827172 )
xyz6=( 21.456976 45.246074 7.827172 )
xyz6=( 21.457209 45.245815 7.827487 )
xyz6=( 21.457209 45.245815 7.827487 )
xyz6=( 21.457443 45.245555 7.827803 )
xyz6=( 21.457443 45.245555 7.827803 )
xyz6=( 21.457676 45.245296 7.828119 )
xyz6=( 21.457676 45.245296 7.828119 )
xyz6=( 21.457910 45.245037 7.828435 )
xyz6=( 21.457910 45.245037 7.828435 )
xyz6=( 21.458143 45.244777 7.828751 )
xyz6=( 21.458143 45.244777 7.828751 )
xyz6=( 21.458377 45.244518 7.829067 )
xyz6=( 21.458377 45.244518 7.829067 )
xyz6=( 21.458611 45.244259 7.829383 )
xyz6=( 21.458611 45.244259 7.829383 )
xyz6=( 21.458845 45.244000 7.829699 )
xyz6=( 21.458845 45.244000 7.829699 )
xyz6=( 21.459080 45.243741 7.830016 )
xyz6=( 21.459314 45.243482 7.830332 )
xyz6=( 21.459549 45.243223 7.830649 )
xyz6=( 21.459784 45.242964 7.830966 )
xyz6=( 21.460019 45.242706 7.831283 )
xyz6=( 21.460254 45.242447 7.831600 )
xyz6=( 21.460489 45.242188 7.831918 )
xyz6=( 21.460725 45.241930 7.832235 )
xyz6=( 21.460960 45.241671 7.832553 )
xyz6=( 21.461196 45.241413 7.832870 )
xyz6=( 21.461432 45.241155 7.833188 )
xyz6=( 21.461668 45.240896 7.833506 )
xyz6=( 21.461904 45.240638 7.833824 )
xyz6=( 21.462141 45.240380 7.834142 )
xyz6=( 21.462377 45.240122 7.834460 )
xyz6=( 21.462614 45.239864 7.834779 )
xyz6=( 21.462851 45.239606 7.835097 )
xyz6=( 21.463088 45.239348 7.835416 )
xyz6=( 21.463325 45.239090 7.835735 )
xyz6=( 21.463563 45.238832 7.836054 )
xyz6=( 21.463800 45.238575 7.836373 )
xyz6=( 21.464038 45.238317 7.836692 )
xyz6=( 21.464276 45.238059 7.837012 )
xyz6=( 21.464514 45.237802 7.837331 )
xyz6=( 21.464752 45.237545 7.837651 )
xyz6=( 21.464990 45.237287 7.837970 )
xyz6=( 21.465229 45.237030 7.838290 )
xyz6=( 21.465467 45.236773 7.838610 )
xyz6=( 21.465706 45.236515 7.838930 )
xyz6=( 21.465945 45.236258 7.839251 )
xyz6=( 21.466184 45.236001 7.839571 )
xyz6=( 21.466424 45.235744 7.839892 )
xyz6=( 21.466663 45.235487 7.840212 )
xyz6=( 21.466903 45.235230 7.840533 )
xyz6=( 21.467143 45.234974 7.840854 )
xyz6=( 21.467383 45.234717 7.841175 )
xyz6=( 21.467623 45.234460 7.841496 )
xyz6=( 21.467863 45.234204 7.841817 )
xyz6=( 21.468103 45.233947 7.842139 )
xyz6=( 21.468344 45.233691 7.842460 )
xyz6=( 21.468585 45.233434 7.842782 )
xyz6=( 21.468826 45.233178 7.843104 )
xyz6=( 21.469067 45.232922 7.843426 )
xyz6=( 21.469308 45.232665 7.843748 )
xyz6=( 21.469550 45.232409 7.844070 )
xyz6=( 21.469791 45.232153 7.844393 )
xyz6=( 21.470033 45.231897 7.844715 )
xyz6=( 21.470275 45.231641 7.845038 )
xyz6=( 21.470517 45.231385 7.845360 )
xyz6=( 21.470759 45.231130 7.845683 )
xyz6=( 21.471002 45.230874 7.846006 )
xyz6=( 21.471244 45.230618 7.846330 )
xyz6=( 21.471487 45.230363 7.846653 )
xyz6=( 21.471730 45.230107 7.846976 )
xyz6=( 21.471973 45.229851 7.847300 )
xyz6=( 21.472216 45.229596 7.847623 )
xyz6=( 21.472460 45.229341 7.847947 )
xyz6=( 21.472703 45.229085 7.848271 )
xyz6=( 21.472947 45.228830 7.848595 )
xyz6=( 21.473191 45.228575 7.848920 )
xyz6=( 21.473435 45.228320 7.849244 )
xyz6=( 21.473679 45.228065 7.849568 )
xyz6=( 21.473924 45.227810 7.849893 )
xyz6=( 21.474168 45.227555 7.850218 )
xyz6=( 21.474413 45.227300 7.850543 )
xyz6=( 21.474658 45.227046 7.850868 )
xyz6=( 21.474903 45.226791 7.851193 )
xyz6=( 21.475148 45.226536 7.851518 )
xyz6=( 21.475394 45.226282 7.851844 )
xyz6=( 21.475639 45.226027 7.852169 )
xyz6=( 21.475885 45.225773 7.852495 )
xyz6=( 21.476131 45.225519 7.852821 )
xyz6=( 21.476377 45.225264 7.853147 )
xyz6=( 21.476624 45.225010 7.853473 )
xyz6=( 21.476870 45.224756 7.853799 )
xyz6=( 21.477117 45.224502 7.854125 )
xyz6=( 21.477363 45.224248 7.854452 )
xyz6=( 21.477610 45.223994 7.854778 )
xyz6=( 21.477857 45.223740 7.855105 )
xyz6=( 21.525889 45.178676 7.917073 )
xyz6=( 21.525889 45.178676 7.917073 )
xyz6=( 21.526119 45.178479 7.917364 )
xyz6=( 21.526119 45.178479 7.917364 )
xyz6=( 21.526350 45.178283 7.917654 )
xyz6=( 21.526350 45.178283 7.917654 )
xyz6=( 21.526580 45.178086 7.917944 )
xyz6=( 21.526580 45.178086 7.917944 )
xyz6=( 21.526811 45.177889 7.918235 )
xyz6=( 21.526811 45.177889 7.918235 )
xyz6=( 21.527042 45.177692 7.918525 )
xyz6=( 21.527042 45.177692 7.918525 )
xyz6=( 21.527273 45.177496 7.918816 )
xyz6=( 21.527273 45.177496 7.918816 )
xyz6=( 21.527504 45.177299 7.919107 )
xyz6=( 21.527504 45.177299 7.919107 )
xyz6=( 21.527735 45.177103 7.919397 )
xyz6=( 21.527735 45.177103 7.919397 )
xyz6=( 21.527966 45.176907 7.919688 )
xyz6=( 21.527966 45.176907 7.919688 )
xyz6=( 21.528197 45.176710 7.919979 )
xyz6=( 21.528197 45.176710 7.919979 )
xyz6=( 21.528429 45.176514 7.920270 )
xyz6=( 21.528429 45.176514 7.920270 )
xyz6=( 21.528660 45.176318 7.920561 )
xyz6=( 21.528660 45.176318 7.920561 )
xyz6=( 21.528892 45.176122 7.920852 )
xyz6=( 21.528892 45.176122 7.920852 )
xyz6=( 21.529124 45.175926 7.921144 )
xyz6=( 21.529124 45.175926 7.921144 )
xyz6=( 21.529356 45.175730 7.921435 )
xyz6=( 21.529356 45.175730 7.921435 )
xyz6=( 21.529588 45.175534 7.921726 )
xyz6=( 21.529588 45.175534 7.921726 )
xyz6=( 21.529820 45.175339 7.922018 )
xyz6=( 21.529820 45.175339 7.922018 )
xyz6=( 21.530052 45.175143 7.922309 )
xyz6=( 21.530052 45.175143 7.922309 )
xyz6=( 21.530284 45.174948 7.922601 )
xyz6=( 21.530284 45.174948 7.922601 )
xyz6=( 21.530517 45.174752 7.922893 )
xyz6=( 21.530517 45.174752 7.922893 )
xyz6=( 21.530749 45.174557 7.923185 )
xyz6=( 21.530749 45.174557 7.923185 )
xyz6=( 21.530982 45.174361 7.923476 )
xyz6=( 21.530982 45.174361 7.923476 )
xyz6=( 21.531215 45.174166 7.923768 )
xyz6=( 21.531215 45.174166 7.923768 )
xyz6=( 21.531448 45.173971 7.924060 )
xyz6=( 21.531448 45.173971 7.924060 )
xyz6=( 21.531681 45.173776 7.924352 )
xyz6=( 21.531681 45.173776 7.924352 )
xyz6=( 21.531914 45.173581 7.924645 )
xyz6=( 21.531914 45.173581 7.924645 )
xyz6=( 21.532147 45.173386 7.924937 )
xyz6=( 21.532147 45.173386 7.924937 )
xyz6=( 21.532380 45.173191 7.925229 )
xyz6=( 21.532380 45.173191 7.925229 )
xyz6=( 21.532614 45.172996 7.925522 )
xyz6=( 21.532614 45.172996 7.925522 )
xyz6=( 21.532847 45.172802 7.925814 )
xyz6=( 21.532847 45.172802 7.925814 )
xyz6=( 21.533081 45.172607 7.926107 )
xyz6=( 21.533081 45.172607 7.926107 )
xyz6=( 21.533315 45.172412 7.926399 )
xyz6=( 21.533315 45.172412 7.926399 )
xyz6=( 21.533549 45.172218 7.926692 )
xyz6=( 21.533549 45.172218 7.926692 )
xyz6=( 21.533783 45.172024 7.926985 )
xyz6=( 21.533783 45.172024 7.926985 )
xyz6=( 21.534017 45.171829 7.927278 )
xyz6=( 21.534017 45.171829 7.927278 )
xyz6=( 21.534251 45.171635 7.927571 )
xyz6=( 21.534251 45.171635 7.927571 )
xyz6=( 21.534486 45.171441 7.927864 )
xyz6=( 21.534486 45.171441 7.927864 )
xyz6=( 21.534720 45.171247 7.928157 )
xyz6=( 21.534720 45.171247 7.928157 )
xyz6=( 21.534955 45.171053 7.928450 )
xyz6=( 21.534955 45.171053 7.928450 )
xyz6=( 21.535189 45.170859 7.928743 )
xyz6=( 21.535189 45.170859 7.928743 )
xyz6=( 21.535424 45.170665 7.929037 )
xyz6=( 21.535424 45.170665 7.929037 )
xyz6=( 21.535659 45.170471 7.929330 )
xyz6=( 21.535659 45.170471 7.929330 )
xyz6=( 21.535894 45.170278 7.929623 )
xyz6=( 21.535894 45.170278 7.929623 )
xyz6=( 21.536129 45.170084 7.929917 )
xyz6=( 21.536129 45.170084 7.929917 )
xyz6=( 21.536364 45.169890 7.930211 )
xyz6=( 21.536364 45.169890 7.930211 )
xyz6=( 21.536600 45.169697 7.930504 )
xyz6=( 21.536600 45.169697 7.930504 )
xyz6=( 21.536835 45.169504 7.930798 )
xyz6=( 21.536835 45.169504 7.930798 )
xyz6=( 21.537071 45.169310 7.931092 )
xyz6=( 21.537071 45.169310 7.931092 )
xyz6=( 21.537307 45.169117 7.931386 )
xyz6=( 21.537307 45.169117 7.931386 )
xyz6=( 21.537542 45.168924 7.931680 )
xyz6=( 21.537542 45.168924 7.931680 )
xyz6=( 21.537778 45.168731 7.931974 )
xyz6=( 21.537778 45.168731 7.931974 )
xyz6=( 21.538014 45.168538 7.932268 )
xyz6=( 21.538014 45.168538 7.932268 )
xyz6=( 21.538250 45.168345 7.932563 )
xyz6=( 21.538250 45.168345 7.932563 )
xyz6=( 21.538487 45.168152 7.932857 )
xyz6=( 21.538487 45.168152 7.932857 )
xyz6=( 21.538723 45.167960 7.933152 )
xyz6=( 21.538723 45.167960 7.933152 )
xyz6=( 21.538960 45.167767 7.933446 )
xyz6=( 21.538960 45.167767 7.933446 )
xyz6=( 21.539196 45.167574 7.933741 )
xyz6=( 21.539196 45.167574 7.933741 )
xyz6=( 21.539433 45.167382 7.934035 )
xyz6=( 21.539433 45.167382 7.934035 )
xyz6=( 21.539670 45.167190 7.934330 )
xyz6=( 21.539670 45.167190 7.934330 )
xyz6=( 21.539907 45.166997 7.934625 )
xyz6=( 21.539907 45.166997 7.934625 )
xyz6=( 21.540144 45.166805 7.934920 )
xyz6=( 21.540144 45.166805 7.934920 )
xyz6=( 21.540381 45.166613 7.935215 )
xyz6=( 21.540381 45.166613 7.935215 )
xyz6=( 21.540618 45.166421 7.935510 )
xyz6=( 21.540618 45.166421 7.935510 )
xyz6=( 21.540856 45.166229 7.935805 )
xyz6=( 21.540856 45.166229 7.935805 )
xyz6=( 21.541093 45.166037 7.936100 )
xyz6=( 21.541093 45.166037 7.936100 )
xyz6=( 21.541331 45.165845 7.936396 )
xyz6=( 21.541331 45.165845 7.936396 )
xyz6=( 21.541569 45.165653 7.936691 )
xyz6=( 21.541569 45.165653 7.936691 )
xyz6=( 21.541806 45.165461 7.936987 )
xyz6=( 21.541806 45.165461 7.936987 )
xyz6=( 21.542044 45.165270 7.937282 )
xyz6=( 21.542044 45.165270 7.937282 )
xyz6=( 21.542282 45.165078 7.937578 )
xyz6=( 21.542282 45.165078 7.937578 )
xyz6=( 21.542521 45.164887 7.937873 )
xyz6=( 21.542521 45.164887 7.937873 )
xyz6=( 21.542759 45.164696 7.938169 )
xyz6=( 21.542759 45.164696 7.938169 )
xyz6=( 21.542997 45.164504 7.938465 )
xyz6=( 21.542997 45.164504 7.938465 )
xyz6=( 21.543236 45.164313 7.938761 )
xyz6=( 21.543236 45.164313 7.938761 )
xyz6=( 21.543475 45.164122 7.939057 )
xyz6=( 21.543475 45.164122 7.939057 )
xyz6=( 21.543713 45.163931 7.939353 )
xyz6=( 21.543713 45.163931 7.939353 )
xyz6=( 21.543952 45.163740 7.939649 )
xyz6=( 21.543952 45.163740 7.939649 )
xyz6=( 21.544191 45.163549 7.939946 )
xyz6=( 21.544191 45.163549 7.939946 )
xyz6=( 21.544430 45.163358 7.940242 )
xyz6=( 21.544430 45.163358 7.940242 )
xyz6=( 21.544670 45.163168 7.940538 )
xyz6=( 21.544670 45.163168 7.940538 )
xyz6=( 21.544909 45.162977 7.940835 )
xyz6=( 21.544909 45.162977 7.940835 )
xyz6=( 21.545148 45.162786 7.941131 )
xyz6=( 21.545148 45.162786 7.941131 )
xyz6=( 21.545388 45.162596 7.941428 )
xyz6=( 21.545388 45.162596 7.941428 )
xyz6=( 21.545628 45.162405 7.941725 )
xyz6=( 21.545628 45.162405 7.941725 )
xyz6=( 21.545867 45.162215 7.942022 )
xyz6=( 21.545867 45.162215 7.942022 )
xyz6=( 21.546107 45.162025 7.942319 )
xyz6=( 21.546107 45.162025 7.942319 )
xyz6=( 21.546347 45.161835 7.942616 )
xyz6=( 21.546347 45.161835 7.942616 )
xyz6=( 21.546588 45.161645 7.942913 )
xyz6=( 21.546588 45.161645 7.942913 )
xyz6=( 21.546828 45.161455 7.943210 )
xyz6=( 21.546828 45.161455 7.943210 )
xyz6=( 21.547068 45.161265 7.943507 )
xyz6=( 21.547068 45.161265 7.943507 )
xyz6=( 21.547309 45.161075 7.943804 )
xyz6=( 21.547309 45.161075 7.943804 )
xyz6=( 21.547549 45.160885 7.944102 )
xyz6=( 21.547549 45.160885 7.944102 )
xyz6=( 21.547790 45.160696 7.944399 )
xyz6=( 21.547790 45.160696 7.944399 )
xyz6=( 21.548031 45.160506 7.944697 )
xyz6=( 21.548031 45.160506 7.944697 )
xyz6=( 21.548272 45.160316 7.944994 )
xyz6=( 21.548272 45.160316 7.944994 )
xyz6=( 21.548513 45.160127 7.945292 )
xyz6=( 21.548513 45.160127 7.945292 )
xyz6=( 21.548754 45.159938 7.945590 )
xyz6=( 21.548754 45.159938 7.945590 )
xyz6=( 21.548995 45.159748 7.945888 )
xyz6=( 21.548995 45.159748 7.945888 )
xyz6=( 21.549237 45.159559 7.946186 )
xyz6=( 21.549237 45.159559 7.946186 )
xyz6=( 21.549478 45.159370 7.946484 )
xyz6=( 21.549478 45.159370 7.946484 )
xyz6=( 21.549720 45.159181 7.946782 )
xyz6=( 21.549720 45.159181 7.946782 )
xyz6=( 21.549962 45.158992 7.947080 )
xyz6=( 21.549962 45.158992 7.947080 )
xyz6=( 21.550204 45.158803 7.947378 )
xyz6=( 21.550204 45.158803 7.947378 )
xyz6=( 21.550446 45.158615 7.947677 )
xyz6=( 21.550446 45.158615 7.947677 )
xyz6=( 21.550688 45.158426 7.947975 )
xyz6=( 21.550688 45.158426 7.947975 )
xyz6=( 21.550930 45.158237 7.948274 )
xyz6=( 21.550930 45.158237 7.948274 )
xyz6=( 21.551172 45.158049 7.948572 )
xyz6=( 21.551172 45.158049 7.948572 )
xyz6=( 21.551415 45.157860 7.948871 )
xyz6=( 21.551415 45.157860 7.948871 )
xyz6=( 21.551657 45.157672 7.949170 )
xyz6=( 21.551657 45.157672 7.949170 )
xyz6=( 21.551900 45.157484 7.949468 )
xyz6=( 21.551900 45.157484 7.949468 )
xyz6=( 21.552143 45.157296 7.949767 )
xyz6=( 21.552143 45.157296 7.949767 )
xyz6=( 21.552386 45.157108 7.950066 )
xyz6=( 21.552386 45.157108 7.950066 )
xyz6=( 21.552629 45.156920 7.950365 )
xyz6=( 21.552629 45.156920 7.950365 )
xyz6=( 21.552872 45.156732 7.950665 )
xyz6=( 21.552872 45.156732 7.950665 )
xyz6=( 21.553115 45.156544 7.950964 )
xyz6=( 21.553115 45.156544 7.950964 )
xyz6=( 21.553359 45.156356 7.951263 )
xyz6=( 21.553359 45.156356 7.951263 )
xyz6=( 21.553602 45.156168 7.951562 )
xyz6=( 21.553602 45.156168 7.951562 )
xyz6=( 21.553846 45.155981 7.951862 )
xyz6=( 21.554090 45.155793 7.952162 )
xyz6=( 21.554334 45.155606 7.952461 )
xyz6=( 21.554578 45.155418 7.952761 )
xyz6=( 21.554822 45.155231 7.953061 )
xyz6=( 21.555066 45.155044 7.953361 )
xyz6=( 21.555310 45.154857 7.953661 )
xyz6=( 21.555555 45.154670 7.953961 )
xyz6=( 21.555799 45.154483 7.954261 )
xyz6=( 21.556044 45.154296 7.954561 )
xyz6=( 21.556289 45.154109 7.954861 )
xyz6=( 21.556534 45.153923 7.955162 )
xyz6=( 21.556779 45.153736 7.955462 )
xyz6=( 21.557024 45.153550 7.955763 )
xyz6=( 21.557160 45.153446 7.955929 )
xyz6=( 21.556903 45.153642 7.955614 )
xyz6=( 21.556646 45.153837 7.955299 )
xyz6=( 21.556389 45.154033 7.954984 )
xyz6=( 21.556132 45.154229 7.954669 )
xyz6=( 21.555875 45.154425 7.954354 )
xyz6=( 21.555618 45.154621 7.954039 )
xyz6=( 21.555361 45.154818 7.953723 )
xyz6=( 21.555105 45.155014 7.953408 )
xyz6=( 21.554848 45.155211 7.953093 )
xyz6=( 21.554591 45.155408 7.952777 )
xyz6=( 21.554334 45.155605 7.952462 )
xyz6=( 21.554077 45.155803 7.952146 )
xyz6=( 21.553821 45.156000 7.951831 )
xyz6=( 21.553564 45.156198 7.951515 )
xyz6=( 21.553564 45.156198 7.951515 )
xyz6=( 21.553307 45.156396 7.951200 )
xyz6=( 21.553307 45.156396 7.951200 )
xyz6=( 21.553050 45.156594 7.950884 )
xyz6=( 21.553050 45.156594 7.950884 )
xyz6=( 21.552794 45.156792 7.950568 )
xyz6=( 21.552794 45.156792 7.950568 )
xyz6=( 21.552537 45.156991 7.950252 )
xyz6=( 21.552537 45.156991 7.950252 )
xyz6=( 21.552280 45.157189 7.949936 )
xyz6=( 21.552280 45.157189 7.949936 )
xyz6=( 21.552024 45.157388 7.949620 )
xyz6=( 21.552024 45.157388 7.949620 )
xyz6=( 21.551767 45.157587 7.949304 )
xyz6=( 21.551767 45.157587 7.949304 )
xyz6=( 21.551510 45.157786 7.948988 )
xyz6=( 21.551510 45.157786 7.948988 )
xyz6=( 21.551254 45.157986 7.948672 )
xyz6=( 21.551254 45.157986 7.948672 )
xyz6=( 21.550997 45.158185 7.948356 )
xyz6=( 21.550997 45.158185 7.948356 )
xyz6=( 21.550741 45.158385 7.948040 )
xyz6=( 21.550741 45.158385 7.948040 )
xyz6=( 21.550484 45.158585 7.947724 )
xyz6=( 21.550484 45.158585 7.947724 )
xyz6=( 21.550227 45.158785 7.947407 )
xyz6=( 21.550227 45.158785 7.947407 )
xyz6=( 21.549971 45.158985 7.947091 )
xyz6=( 21.549971 45.158985 7.947091 )
xyz6=( 21.549714 45.159186 7.946775 )
xyz6=( 21.549714 45.159186 7.946775 )
xyz6=( 21.549458 45.159386 7.946458 )
xyz6=( 21.549458 45.159386 7.946458 )
xyz6=( 21.549201 45.159587 7.946142 )
xyz6=( 21.549201 45.159587 7.946142 )
xyz6=( 21.548945 45.159788 7.945825 )
xyz6=( 21.548945 45.159788 7.945825 )
xyz6=( 21.548688 45.159990 7.945508 )
xyz6=( 21.548688 45.159990 7.945508 )
xyz6=( 21.548432 45.160191 7.945192 )
xyz6=( 21.548432 45.160191 7.945192 )
xyz6=( 21.548175 45.160393 7.944875 )
xyz6=( 21.548175 45.160393 7.944875 )
xyz6=( 21.547919 45.160594 7.944558 )
xyz6=( 21.547919 45.160594 7.944558 )
xyz6=( 21.547662 45.160796 7.944241 )
xyz6=( 21.547662 45.160796 7.944241 )
xyz6=( 21.547406 45.160998 7.943924 )
xyz6=( 21.547406 45.160998 7.943924 )
xyz6=( 21.547149 45.161201 7.943607 )
xyz6=( 21.547149 45.161201 7.943607 )
xyz6=( 21.546893 45.161403 7.943290 )
xyz6=( 21.546893 45.161403 7.943290 )
xyz6=( 21.546637 45.161606 7.942973 )
xyz6=( 21.546637 45.161606 7.942973 )
xyz6=( 21.546380 45.161809 7.942656 )
xyz6=( 21.546380 45.161809 7.942656 )
xyz6=( 21.546124 45.162012 7.942339 )
xyz6=( 21.546124 45.162012 7.942339 )
xyz6=( 21.545868 45.162215 7.942022 )
xyz6=( 21.545868 45.162215 7.942022 )
xyz6=( 21.545611 45.162419 7.941704 )
xyz6=( 21.545611 45.162419 7.941704 )
xyz6=( 21.545355 45.162622 7.941387 )
xyz6=( 21.545355 45.162622 7.941387 )
xyz6=( 21.545099 45.162826 7.941070 )
xyz6=( 21.545099 45.162826 7.941070 )
xyz6=( 21.544842 45.163030 7.940752 )
xyz6=( 21.544842 45.163030 7.940752 )
xyz6=( 21.544586 45.163234 7.940435 )
xyz6=( 21.544586 45.163234 7.940435 )
xyz6=( 21.544330 45.163439 7.940117 )
xyz6=( 21.544330 45.163439 7.940117 )
xyz6=( 21.544073 45.163643 7.939800 )
xyz6=( 21.544073 45.163643 7.939800 )
xyz6=( 21.543817 45.163848 7.939482 )
xyz6=( 21.543817 45.163848 7.939482 )
xyz6=( 21.543561 45.164053 7.939164 )
xyz6=( 21.543561 45.164053 7.939164 )
xyz6=( 21.543305 45.164258 7.938846 )
xyz6=( 21.543305 45.164258 7.938846 )
xyz6=( 21.543049 45.164463 7.938529 )
xyz6=( 21.543049 45.164463 7.938529 )
xyz6=( 21.542792 45.164669 7.938211 )
xyz6=( 21.542792 45.164669 7.938211 )
xyz6=( 21.542536 45.164874 7.937893 )
xyz6=( 21.542536 45.164874 7.937893 )
xyz6=( 21.542280 45.165080 7.937575 )
xyz6=( 21.542280 45.165080 7.937575 )
xyz6=( 21.542024 45.165286 7.937257 )
xyz6=( 21.542024 45.165286 7.937257 )
xyz6=( 21.541768 45.165493 7.936939 )
xyz6=( 21.541768 45.165493 7.936939 )
xyz6=( 21.541512 45.165699 7.936620 )
xyz6=( 21.541512 45.165699 7.936620 )
xyz6=( 21.541256 45.165906 7.936302 )
xyz6=( 21.541256 45.165906 7.936302 )
xyz6=( 21.540999 45.166112 7.935984 )
xyz6=( 21.540999 45.166112 7.935984 )
xyz6=( 21.540743 45.166319 7.935666 )
xyz6=( 21.540743 45.166319 7.935666 )
xyz6=( 21.540487 45.166527 7.935347 )
xyz6=( 21.540487 45.166527 7.935347 )
xyz6=( 21.540231 45.166734 7.935029 )
xyz6=( 21.540231 45.166734 7.935029 )
xyz6=( 21.539975 45.166942 7.934710 )
xyz6=( 21.539975 45.166942 7.934710 )
xyz6=( 21.539719 45.167149 7.934392 )
xyz6=( 21.539719 45.167149 7.934392 )
xyz6=( 21.539463 45.167357 7.934073 )
xyz6=( 21.539463 45.167357 7.934073 )
xyz6=( 21.539207 45.167565 7.933754 )
xyz6=( 21.539207 45.167565 7.933754 )
xyz6=( 21.538951 45.167774 7.933436 )
xyz6=( 21.538951 45.167774 7.933436 )
xyz6=( 21.538695 45.167982 7.933117 )
xyz6=( 21.538695 45.167982 7.933117 )
xyz6=( 21.538439 45.168191 7.932798 )
xyz6=( 21.538439 45.168191 7.932798 )
xyz6=( 21.538183 45.168400 7.932479 )
xyz6=( 21.538183 45.168400 7.932479 )
xyz6=( 21.537928 45.168609 7.932160 )
xyz6=( 21.537928 45.168609 7.932160 )
xyz6=( 21.537672 45.168818 7.931841 )
xyz6=( 21.537672 45.168818 7.931841 )
xyz6=( 21.537416 45.169028 7.931522 )
xyz6=( 21.537416 45.169028 7.931522 )
xyz6=( 21.537160 45.169237 7.931203 )
xyz6=( 21.537160 45.169237 7.931203 )
xyz6=( 21.536904 45.169447 7.930884 )
xyz6=( 21.536904 45.169447 7.930884 )
xyz6=( 21.536648 45.169657 7.930565 )
xyz6=( 21.536648 45.169657 7.930565 )
xyz6=( 21.536392 45.169867 7.930246 )
xyz6=( 21.536392 45.169867 7.930246 )
xyz6=( 21.536137 45.170078 7.929926 )
xyz6=( 21.536137 45.170078 7.929926 )
xyz6=( 21.535881 45.170289 7.929607 )
xyz6=( 21.535881 45.170289 7.929607 )
xyz6=( 21.535625 45.170499 7.929287 )
xyz6=( 21.535625 45.170499 7.929287 )
xyz6=( 21.535369 45.170710 7.928968 )
xyz6=( 21.535369 45.170710 7.928968 )
xyz6=( 21.535113 45.170921 7.928648 )
xyz6=( 21.535113 45.170921 7.928648 )
xyz6=( 21.534858 45.171133 7.928329 )
xyz6=( 21.534858 45.171133 7.928329 )
xyz6=( 21.534602 45.171344 7.928009 )
xyz6=( 21.534602 45.171344 7.928009 )
xyz6=( 21.534346 45.171556 7.927690 )
xyz6=( 21.534346 45.171556 7.927690 )
xyz6=( 21.534091 45.171768 7.927370 )
xyz6=( 21.534091 45.171768 7.927370 )
xyz6=( 21.533835 45.171980 7.927050 )
xyz6=( 21.533835 45.171980 7.927050 )
xyz6=( 21.533579 45.172193 7.926730 )
xyz6=( 21.533579 45.172193 7.926730 )
xyz6=( 21.533324 45.172405 7.926410 )
xyz6=( 21.533324 45.172405 7.926410 )
xyz6=( 21.533068 45.172618 7.926090 )
xyz6=( 21.533068 45.172618 7.926090 )
xyz6=( 21.532812 45.172831 7.925770 )
xyz6=( 21.532812 45.172831 7.925770 )
xyz6=( 21.532557 45.173044 7.925450 )
xyz6=( 21.532557 45.173044 7.925450 )
xyz6=( 21.532301 45.173257 7.925130 )
xyz6=( 21.532301 45.173257 7.925130 )
xyz6=( 21.532046 45.173471 7.924810 )
xyz6=( 21.532046 45.173471 7.924810 )
xyz6=( 21.531790 45.173684 7.924489 )
xyz6=( 21.531790 45.173684 7.924489 )
xyz6=( 21.531534 45.173898 7.924169 )
xyz6=( 21.531534 45.173898 7.924169 )
xyz6=( 21.531279 45.174112 7.923849 )
xyz6=( 21.531279 45.174112 7.923849 )
xyz6=( 21.531023 45.174327 7.923528 )
xyz6=( 21.531023 45.174327 7.923528 )
xyz6=( 21.530768 45.174541 7.923208 )
xyz6=( 21.530768 45.174541 7.923208 )
xyz6=( 21.530512 45.174756 7.922887 )
xyz6=( 21.530512 45.174756 7.922887 )
xyz6=( 21.530257 45.174971 7.922567 )
xyz6=( 21.530257 45.174971 7.922567 )
xyz6=( 21.530002 45.175186 7.922246 )
xyz6=( 21.530002 45.175186 7.922246 )
xyz6=( 21.529746 45.175401 7.921925 )
xyz6=( 21.529746 45.175401 7.921925 )
xyz6=( 21.529491 45.175616 7.921604 )
xyz6=( 21.529491 45.175616 7.921604 )
xyz6=( 21.529235 45.175832 7.921284 )
xyz6=( 21.529235 45.175832 7.921284 )
xyz6=( 21.528980 45.176048 7.920963 )
xyz6=( 21.528980 45.176048 7.920963 )
xyz6=( 21.528724 45.176264 7.920642 )
xyz6=( 21.528724 45.176264 7.920642 )
xyz6=( 21.528469 45.176480 7.920321 )
xyz6=( 21.528469 45.176480 7.920321 )
xyz6=( 21.528214 45.176697 7.920000 )
xyz6=( 21.528214 45.176697 7.920000 )
xyz6=( 21.527958 45.176913 7.919679 )
xyz6=( 21.527958 45.176913 7.919679 )
xyz6=( 21.527703 45.177130 7.919358 )
xyz6=( 21.527703 45.177130 7.919358 )
xyz6=( 21.527448 45.177347 7.919036 )
xyz6=( 21.527448 45.177347 7.919036 )
xyz6=( 21.527193 45.177564 7.918715 )
xyz6=( 21.527193 45.177564 7.918715 )
xyz6=( 21.526937 45.177782 7.918394 )
xyz6=( 21.526937 45.177782 7.918394 )
xyz6=( 21.526682 45.177999 7.918072 )
xyz6=( 21.526682 45.177999 7.918072 )
xyz6=( 21.526427 45.178217 7.917751 )
xyz6=( 21.526427 45.178217 7.917751 )
xyz6=( 21.526172 45.178435 7.917429 )
xyz6=( 21.526172 45.178435 7.917429 )
xyz6=( 21.525916 45.178653 7.917108 )
xyz6=( 21.525916 45.178653 7.917108 )
xyz6=( 21.525661 45.178871 7.916786 )
xyz6=( 21.525661 45.178871 7.916786 )
xyz6=( 21.525406 45.179090 7.916465 )
xyz6=( 21.525406 45.179090 7.916465 )
xyz6=( 21.525151 45.179309 7.916143 )
xyz6=( 21.525151 45.179309 7.916143 )
xyz6=( 21.524896 45.179528 7.915821 )
xyz6=( 21.524896 45.179528 7.915821 )
xyz6=( 21.524641 45.179747 7.915499 )
xyz6=( 21.524641 45.179747 7.915499 )
xyz6=( 21.524385 45.179966 7.915177 )
xyz6=( 21.524385 45.179966 7.915177 )
xyz6=( 21.524130 45.180186 7.914855 )
xyz6=( 21.524130 45.180186 7.914855 )
xyz6=( 21.523875 45.180406 7.914533 )
xyz6=( 21.523875 45.180406 7.914533 )
xyz6=( 21.523620 45.180626 7.914211 )
xyz6=( 21.523620 45.180626 7.914211 )
xyz6=( 21.523365 45.180846 7.913889 )
xyz6=( 21.523365 45.180846 7.913889 )
xyz6=( 21.523110 45.181066 7.913567 )
xyz6=( 21.523110 45.181066 7.913567 )
xyz6=( 21.522855 45.181287 7.913245 )
xyz6=( 21.522855 45.181287 7.913245 )
xyz6=( 21.522600 45.181507 7.912922 )
xyz6=( 21.522600 45.181507 7.912922 )
xyz6=( 21.522345 45.181728 7.912600 )
xyz6=( 21.522345 45.181728 7.912600 )
xyz6=( 21.522090 45.181950 7.912278 )
xyz6=( 21.522090 45.181950 7.912278 )
xyz6=( 21.521835 45.182171 7.911955 )
xyz6=( 21.521835 45.182171 7.911955 )
xyz6=( 21.521580 45.182392 7.911633 )
xyz6=( 21.521580 45.182392 7.911633 )
xyz6=( 21.521325 45.182614 7.911310 )
xyz6=( 21.521325 45.182614 7.911310 )
xyz6=( 21.521070 45.182836 7.910987 )
xyz6=( 21.521070 45.182836 7.910987 )
xyz6=( 21.520815 45.183058 7.910665 )
xyz6=( 21.520815 45.183058 7.910665 )
xyz6=( 21.520561 45.183281 7.910342 )
xyz6=( 21.520561 45.183281 7.910342 )
xyz6=( 21.520306 45.183503 7.910019 )
xyz6=( 21.520306 45.183503 7.910019 )
xyz6=( 21.520051 45.183726 7.909696 )
xyz6=( 21.520051 45.183726 7.909696 )
xyz6=( 21.519796 45.183949 7.909373 )
xyz6=( 21.519796 45.183949 7.909373 )
xyz6=( 21.519541 45.184172 7.909050 )
xyz6=( 21.519541 45.184172 7.909050 )
xyz6=( 21.519286 45.184395 7.908727 )
xyz6=( 21.519286 45.184395 7.908727 )
xyz6=( 21.519032 45.184619 7.908404 )
xyz6=( 21.519032 45.184619 7.908404 )
xyz6=( 21.518777 45.184843 7.908081 )
xyz6=( 21.518777 45.184843 7.908081 )
xyz6=( 21.518522 45.185067 7.907758 )
xyz6=( 21.518522 45.185067 7.907758 )
xyz6=( 21.518267 45.185291 7.907435 )
xyz6=( 21.518267 45.185291 7.907435 )
xyz6=( 21.518013 45.185515 7.907111 )
xyz6=( 21.518013 45.185515 7.907111 )
xyz6=( 21.517758 45.185740 7.906788 )
xyz6=( 21.517758 45.185740 7.906788 )
xyz6=( 21.517503 45.185964 7.906465 )
xyz6=( 21.517503 45.185964 7.906465 )
xyz6=( 21.517249 45.186189 7.906141 )
xyz6=( 21.517249 45.186189 7.906141 )
xyz6=( 21.516994 45.186415 7.905817 )
xyz6=( 21.516994 45.186415 7.905817 )
xyz6=( 21.516739 45.186640 7.905494 )
xyz6=( 21.516739 45.186640 7.905494 )
xyz6=( 21.516485 45.186866 7.905170 )
xyz6=( 21.516485 45.186866 7.905170 )
xyz6=( 21.516230 45.187091 7.904846 )
xyz6=( 21.516230 45.187091 7.904846 )
xyz6=( 21.515976 45.187317 7.904523 )
xyz6=( 21.515976 45.187317 7.904523 )
xyz6=( 21.515721 45.187543 7.904199 )
xyz6=( 21.515721 45.187543 7.904199 )
xyz6=( 21.515466 45.187770 7.903875 )
xyz6=( 21.515466 45.187770 7.903875 )
xyz6=( 21.515212 45.187996 7.903551 )
xyz6=( 21.515212 45.187996 7.903551 )
xyz6=( 21.514957 45.188223 7.903227 )
xyz6=( 21.514957 45.188223 7.903227 )
xyz6=( 21.514703 45.188450 7.902903 )
xyz6=( 21.514703 45.188450 7.902903 )
xyz6=( 21.514448 45.188677 7.902579 )
xyz6=( 21.514448 45.188677 7.902579 )
xyz6=( 21.514194 45.188905 7.902255 )
xyz6=( 21.514194 45.188905 7.902255 )
xyz6=( 21.513940 45.189132 7.901930 )
xyz6=( 21.513940 45.189132 7.901930 )
xyz6=( 21.513685 45.189360 7.901606 )
xyz6=( 21.513685 45.189360 7.901606 )
xyz6=( 21.513431 45.189588 7.901282 )
xyz6=( 21.513431 45.189588 7.901282 )
xyz6=( 21.513176 45.189816 7.900957 )
xyz6=( 21.513176 45.189816 7.900957 )
xyz6=( 21.512922 45.190045 7.900633 )
xyz6=( 21.512668 45.190273 7.900308 )
xyz6=( 21.512413 45.190502 7.899984 )
xyz6=( 21.512159 45.190731 7.899659 )
xyz6=( 21.511905 45.190960 7.899334 )
xyz6=( 21.511650 45.191190 7.899009 )
xyz6=( 21.511396 45.191420 7.898685 )
xyz6=( 21.511142 45.191649 7.898360 )
xyz6=( 21.510887 45.191879 7.898035 )
xyz6=( 21.510633 45.192110 7.897710 )
xyz6=( 21.510379 45.192340 7.897385 )
xyz6=( 21.510125 45.192571 7.897060 )
xyz6=( 21.509871 45.192802 7.896734 )
xyz6=( 21.509617 45.193033 7.896409 )
xyz6=( 21.509362 45.193264 7.896084 )
xyz6=( 21.509108 45.193496 7.895759 )
xyz6=( 21.508854 45.193727 7.895433 )
xyz6=( 21.508600 45.193959 7.895108 )
xyz6=( 21.508346 45.194191 7.894782 )
xyz6=( 21.508092 45.194424 7.894457 )
xyz6=( 21.507838 45.194656 7.894131 )
xyz6=( 21.507584 45.194889 7.893805 )
xyz6=( 21.507330 45.195122 7.893479 )
xyz6=( 21.507076 45.195355 7.893154 )
xyz6=( 21.506822 45.195589 7.892828 )
xyz6=( 21.506568 45.195822 7.892502 )
xyz6=( 21.506314 45.196056 7.892176 )
xyz6=( 21.506060 45.196290 7.891850 )
xyz6=( 21.505806 45.196524 7.891524 )
xyz6=( 21.505552 45.196759 7.891197 )
xyz6=( 21.505298 45.196993 7.890871 )
xyz6=( 21.505045 45.197228 7.890545 )
xyz6=( 21.504791 45.197463 7.890219 )
xyz6=( 21.504537 45.197698 7.889892 )
xyz6=( 21.504283 45.197934 7.889566 )
xyz6=( 21.504029 45.198169 7.889239 )
xyz6=( 21.503776 45.198405 7.888913 )
xyz6=( 21.503522 45.198641 7.888586 )
xyz6=( 21.503268 45.198878 7.888259 )
xyz6=( 21.503014 45.199114 7.887932 )
xyz6=( 21.502761 45.199351 7.887606 )
xyz6=( 21.502507 45.199588 7.887279 )
xyz6=( 21.502253 45.199825 7.886952 )
xyz6=( 21.502000 45.200062 7.886625 )
xyz6=( 21.501746 45.200300 7.886298 )
xyz6=( 21.501493 45.200538 7.885971 )
xyz6=( 21.501239 45.200776 7.885643 )
xyz6=( 21.500986 45.201014 7.885316 )
xyz6=( 21.500732 45.201252 7.884989 )
xyz6=( 21.500478 45.201491 7.884661 )
xyz6=( 21.500225 45.201730 7.884334 )
xyz6=( 21.499971 45.201969 7.884007 )
xyz6=( 21.499718 45.202208 7.883679 )
xyz6=( 21.499465 45.202448 7.883351 )
xyz6=( 21.499211 45.202687 7.883024 )
xyz6=( 21.498958 45.202927 7.882696 )
xyz6=( 21.498704 45.203167 7.882368 )
xyz6=( 21.498451 45.203408 7.882040 )
xyz6=( 21.498198 45.203648 7.881713 )
xyz6=( 21.497944 45.203889 7.881385 )
xyz6=( 21.497691 45.204130 7.881057 )
xyz6=( 21.497438 45.204371 7.880728 )
xyz6=( 21.497184 45.204613 7.880400 )
xyz6=( 21.496931 45.204854 7.880072 )
xyz6=( 21.496678 45.205096 7.879744 )
xyz6=( 21.496425 45.205338 7.879416 )
xyz6=( 21.496171 45.205581 7.879087 )
xyz6=( 21.495918 45.205823 7.878759 )
xyz6=( 21.495665 45.206066 7.878430 )
xyz6=( 21.495412 45.206309 7.878102 )
xyz6=( 21.495159 45.206552 7.877773 )
xyz6=( 21.494906 45.206795 7.877444 )
xyz6=( 21.494653 45.207039 7.877116 )
xyz6=( 21.494399 45.207283 7.876787 )
xyz6=( 21.494146 45.207527 7.876458 )
xyz6=( 21.493893 45.207771 7.876129 )
xyz6=( 21.493640 45.208015 7.875800 )
xyz6=( 21.493387 45.208260 7.875471 )
xyz6=( 21.493134 45.208505 7.875142 )
