xyz6=( 15.008340 44.992958 10.316197 )
xyz6=( 15.008340 44.992958 10.316197 )
xyz6=( 15.008340 44.992958 10.316197 )
xyz6=( 15.008340 44.992958 10.316197 )
xyz6=( 15.007743 44.992940 10.315960 )
xyz6=( 15.007743 44.992940 10.315960 )
xyz6=( 15.007743 44.992940 10.315960 )
xyz6=( 15.007743 44.992940 10.315960 )
xyz6=( 15.007145 44.992922 10.315722 )
xyz6=( 15.007145 44.992922 10.315722 )
xyz6=( 15.007145 44.992922 10.315722 )
xyz6=( 15.007145 44.992922 10.315722 )
xyz6=( 15.006547 44.992904 10.315485 )
xyz6=( 15.006547 44.992904 10.315485 )
xyz6=( 15.006547 44.992904 10.315485 )
xyz6=( 15.006547 44.992904 10.315485 )
xyz6=( 15.005948 44.992885 10.315249 )
xyz6=( 15.005948 44.992885 10.315249 )
xyz6=( 15.005948 44.992885 10.315249 )
xyz6=( 15.005948 44.992885 10.315249 )
xyz6=( 15.005349 44.992867 10.315012 )
xyz6=( 15.005349 44.992867 10.315012 )
xyz6=( 15.005349 44.992867 10.315012 )
xyz6=( 15.005349 44.992867 10.315012 )
xyz6=( 15.004750 44.992849 10.314775 )
xyz6=( 15.004750 44.992849 10.314775 )
xyz6=( 15.004750 44.992849 10.314775 )
xyz6=( 15.004750 44.992849 10.314775 )
xyz6=( 15.004150 44.992832 10.314539 )
xyz6=( 15.004150 44.992832 10.314539 )
xyz6=( 15.004150 44.992832 10.314539 )
xyz6=( 15.004150 44.992832 10.314539 )
xyz6=( 15.003549 44.992814 10.314303 )
xyz6=( 15.003549 44.992814 10.314303 )
xyz6=( 15.003549 44.992814 10.314303 )
xyz6=( 15.003549 44.992814 10.314303 )
xyz6=( 15.002948 44.992796 10.314066 )
xyz6=( 15.002948 44.992796 10.314066 )
xyz6=( 15.002948 44.992796 10.314066 )
xyz6=( 15.002948 44.992796 10.314066 )
xyz6=( 15.002346 44.992779 10.313830 )
xyz6=( 15.002346 44.992779 10.313830 )
xyz6=( 15.002346 44.992779 10.313830 )
xyz6=( 15.002346 44.992779 10.313830 )
xyz6=( 15.001744 44.992761 10.313594 )
xyz6=( 15.001744 44.992761 10.313594 )
xyz6=( 15.001744 44.992761 10.313594 )
xyz6=( 15.001744 44.992761 10.313594 )
xyz6=( 15.001142 44.992744 10.313359 )
xyz6=( 15.001142 44.992744 10.313359 )
xyz6=( 15.001142 44.992744 10.313359 )
xyz6=( 15.001142 44.992744 10.313359 )
xyz6=( 15.000539 44.992727 10.313123 )
xyz6=( 15.000539 44.992727 10.313123 )
xyz6=( 15.000539 44.992727 10.313123 )
xyz6=( 15.000539 44.992727 10.313123 )
xyz6=( 14.999935 44.992710 10.312888 )
xyz6=( 14.999935 44.992710 10.312888 )
xyz6=( 14.999935 44.992710 10.312888 )
xyz6=( 14.999935 44.992710 10.312888 )
xyz6=( 14.999331 44.992693 10.312652 )
xyz6=( 14.999331 44.992693 10.312652 )
xyz6=( 14.999331 44.992693 10.312652 )
xyz6=( 14.999331 44.992693 10.312652 )
xyz6=( 14.998727 44.992676 10.312417 )
xyz6=( 14.998727 44.992676 10.312417 )
xyz6=( 14.998727 44.992676 10.312417 )
xyz6=( 14.998727 44.992676 10.312417 )
xyz6=( 14.998122 44.992659 10.312182 )
xyz6=( 14.998122 44.992659 10.312182 )
xyz6=( 14.998122 44.992659 10.312182 )
xyz6=( 14.998122 44.992659 10.312182 )
xyz6=( 14.997517 44.992642 10.311947 )
xyz6=( 14.997517 44.992642 10.311947 )
xyz6=( 14.997517 44.992642 10.311947 )
xyz6=( 14.997517 44.992642 10.311947 )
xyz6=( 14.996911 44.992626 10.311712 )
xyz6=( 14.996911 44.992626 10.311712 )
xyz6=( 14.996911 44.992626 10.311712 )
xyz6=( 14.996911 44.992626 10.311712 )
xyz6=( 14.996304 44.992609 10.311477 )
xyz6=( 14.996304 44.992609 10.311477 )
xyz6=( 14.996304 44.992609 10.311477 )
xyz6=( 14.996304 44.992609 10.311477 )
xyz6=( 14.995697 44.992593 10.311243 )
xyz6=( 14.995697 44.992593 10.311243 )
xyz6=( 14.995697 44.992593 10.311243 )
xyz6=( 14.995697 44.992593 10.311243 )
xyz6=( 14.995090 44.992577 10.311008 )
xyz6=( 14.995090 44.992577 10.311008 )
xyz6=( 14.995090 44.992577 10.311008 )
xyz6=( 14.995090 44.992577 10.311008 )
xyz6=( 14.994482 44.992561 10.310774 )
xyz6=( 14.994482 44.992561 10.310774 )
xyz6=( 14.994482 44.992561 10.310774 )
xyz6=( 14.994482 44.992561 10.310774 )
xyz6=( 14.993873 44.992544 10.310540 )
xyz6=( 14.993873 44.992544 10.310540 )
xyz6=( 14.993873 44.992544 10.310540 )
xyz6=( 14.993873 44.992544 10.310540 )
xyz6=( 14.993264 44.992529 10.310306 )
xyz6=( 14.993264 44.992529 10.310306 )
xyz6=( 14.993264 44.992529 10.310306 )
xyz6=( 14.993264 44.992529 10.310306 )
xyz6=( 14.992655 44.992513 10.310072 )
xyz6=( 14.992655 44.992513 10.310072 )
xyz6=( 14.992655 44.992513 10.310072 )
xyz6=( 14.992655 44.992513 10.310072 )
xyz6=( 14.992045 44.992497 10.309838 )
xyz6=( 14.992045 44.992497 10.309838 )
xyz6=( 14.992045 44.992497 10.309838 )
xyz6=( 14.992045 44.992497 10.309838 )
xyz6=( 14.991435 44.992481 10.309605 )
xyz6=( 14.991435 44.992481 10.309605 )
xyz6=( 14.991435 44.992481 10.309605 )
xyz6=( 14.991435 44.992481 10.309605 )
xyz6=( 14.990824 44.992466 10.309371 )
xyz6=( 14.990824 44.992466 10.309371 )
xyz6=( 14.990824 44.992466 10.309371 )
xyz6=( 14.990824 44.992466 10.309371 )
xyz6=( 14.990212 44.992450 10.309138 )
xyz6=( 14.990212 44.992450 10.309138 )
xyz6=( 14.990212 44.992450 10.309138 )
xyz6=( 14.989600 44.992435 10.308905 )
xyz6=( 14.989600 44.992435 10.308905 )
xyz6=( 14.989600 44.992435 10.308905 )
xyz6=( 14.988988 44.992420 10.308672 )
xyz6=( 14.988988 44.992420 10.308672 )
xyz6=( 14.988988 44.992420 10.308672 )
xyz6=( 14.988375 44.992405 10.308439 )
xyz6=( 14.988375 44.992405 10.308439 )
xyz6=( 14.988375 44.992405 10.308439 )
xyz6=( 14.987761 44.992390 10.308206 )
xyz6=( 14.987761 44.992390 10.308206 )
xyz6=( 14.987761 44.992390 10.308206 )
xyz6=( 14.987147 44.992375 10.307973 )
xyz6=( 14.987147 44.992375 10.307973 )
xyz6=( 14.987147 44.992375 10.307973 )
xyz6=( 14.986533 44.992360 10.307741 )
xyz6=( 14.986533 44.992360 10.307741 )
xyz6=( 14.986533 44.992360 10.307741 )
xyz6=( 14.985918 44.992345 10.307509 )
xyz6=( 14.985918 44.992345 10.307509 )
xyz6=( 14.985918 44.992345 10.307509 )
xyz6=( 14.985302 44.992331 10.307276 )
xyz6=( 14.985302 44.992331 10.307276 )
xyz6=( 14.985302 44.992331 10.307276 )
xyz6=( 14.984686 44.992316 10.307044 )
xyz6=( 14.984686 44.992316 10.307044 )
xyz6=( 14.984686 44.992316 10.307044 )
xyz6=( 14.984070 44.992302 10.306812 )
xyz6=( 14.984070 44.992302 10.306812 )
xyz6=( 14.984070 44.992302 10.306812 )
xyz6=( 14.983453 44.992288 10.306581 )
xyz6=( 14.983453 44.992288 10.306581 )
xyz6=( 14.983453 44.992288 10.306581 )
xyz6=( 14.982835 44.992274 10.306349 )
xyz6=( 14.982835 44.992274 10.306349 )
xyz6=( 14.982835 44.992274 10.306349 )
xyz6=( 14.982217 44.992260 10.306117 )
xyz6=( 14.982217 44.992260 10.306117 )
xyz6=( 14.982217 44.992260 10.306117 )
xyz6=( 14.981599 44.992246 10.305886 )
xyz6=( 14.981599 44.992246 10.305886 )
xyz6=( 14.981599 44.992246 10.305886 )
xyz6=( 14.980979 44.992232 10.305655 )
xyz6=( 14.980979 44.992232 10.305655 )
xyz6=( 14.980979 44.992232 10.305655 )
xyz6=( 14.980360 44.992218 10.305424 )
xyz6=( 14.980360 44.992218 10.305424 )
xyz6=( 14.980360 44.992218 10.305424 )
xyz6=( 14.979740 44.992205 10.305193 )
xyz6=( 14.979740 44.992205 10.305193 )
xyz6=( 14.979740 44.992205 10.305193 )
xyz6=( 14.979119 44.992191 10.304962 )
xyz6=( 14.979119 44.992191 10.304962 )
xyz6=( 14.979119 44.992191 10.304962 )
xyz6=( 14.978498 44.992178 10.304732 )
xyz6=( 14.978498 44.992178 10.304732 )
xyz6=( 14.978498 44.992178 10.304732 )
xyz6=( 14.977876 44.992165 10.304501 )
xyz6=( 14.977876 44.992165 10.304501 )
xyz6=( 14.977876 44.992165 10.304501 )
xyz6=( 14.977254 44.992151 10.304271 )
xyz6=( 14.977254 44.992151 10.304271 )
xyz6=( 14.977254 44.992151 10.304271 )
xyz6=( 14.976631 44.992138 10.304040 )
xyz6=( 14.976631 44.992138 10.304040 )
xyz6=( 14.976631 44.992138 10.304040 )
xyz6=( 14.976008 44.992125 10.303810 )
xyz6=( 14.976008 44.992125 10.303810 )
xyz6=( 14.976008 44.992125 10.303810 )
xyz6=( 14.975384 44.992113 10.303581 )
xyz6=( 14.975384 44.992113 10.303581 )
xyz6=( 14.975384 44.992113 10.303581 )
xyz6=( 14.974759 44.992100 10.303351 )
xyz6=( 14.974759 44.992100 10.303351 )
xyz6=( 14.974759 44.992100 10.303351 )
xyz6=( 14.974135 44.992087 10.303121 )
xyz6=( 14.974135 44.992087 10.303121 )
xyz6=( 14.974135 44.992087 10.303121 )
xyz6=( 14.973509 44.992075 10.302892 )
xyz6=( 14.973509 44.992075 10.302892 )
xyz6=( 14.973509 44.992075 10.302892 )
xyz6=( 14.972883 44.992063 10.302662 )
xyz6=( 14.972883 44.992063 10.302662 )
xyz6=( 14.972883 44.992063 10.302662 )
xyz6=( 14.972257 44.992050 10.302433 )
xyz6=( 14.972257 44.992050 10.302433 )
xyz6=( 14.972257 44.992050 10.302433 )
xyz6=( 14.971630 44.992038 10.302204 )
xyz6=( 14.971630 44.992038 10.302204 )
xyz6=( 14.971630 44.992038 10.302204 )
xyz6=( 14.971002 44.992026 10.301975 )
xyz6=( 14.971002 44.992026 10.301975 )
xyz6=( 14.971002 44.992026 10.301975 )
xyz6=( 14.970374 44.992014 10.301747 )
xyz6=( 14.970374 44.992014 10.301747 )
xyz6=( 14.970374 44.992014 10.301747 )
xyz6=( 14.969746 44.992002 10.301518 )
xyz6=( 14.969746 44.992002 10.301518 )
xyz6=( 14.969746 44.992002 10.301518 )
xyz6=( 14.969116 44.991991 10.301290 )
xyz6=( 14.969116 44.991991 10.301290 )
xyz6=( 14.969116 44.991991 10.301290 )
xyz6=( 14.968487 44.991979 10.301061 )
xyz6=( 14.968487 44.991979 10.301061 )
xyz6=( 14.968487 44.991979 10.301061 )
xyz6=( 14.967856 44.991968 10.300833 )
xyz6=( 14.967856 44.991968 10.300833 )
xyz6=( 14.967856 44.991968 10.300833 )
xyz6=( 14.967226 44.991956 10.300605 )
xyz6=( 14.967226 44.991956 10.300605 )
xyz6=( 14.967226 44.991956 10.300605 )
xyz6=( 14.966594 44.991945 10.300377 )
xyz6=( 14.966594 44.991945 10.300377 )
xyz6=( 14.966594 44.991945 10.300377 )
xyz6=( 14.965963 44.991934 10.300150 )
xyz6=( 14.965963 44.991934 10.300150 )
xyz6=( 14.965963 44.991934 10.300150 )
xyz6=( 14.965330 44.991923 10.299922 )
xyz6=( 14.965330 44.991923 10.299922 )
xyz6=( 14.965330 44.991923 10.299922 )
xyz6=( 14.964697 44.991912 10.299695 )
xyz6=( 14.964697 44.991912 10.299695 )
xyz6=( 14.964697 44.991912 10.299695 )
xyz6=( 14.964064 44.991901 10.299468 )
xyz6=( 14.964064 44.991901 10.299468 )
xyz6=( 14.964064 44.991901 10.299468 )
xyz6=( 14.963430 44.991891 10.299241 )
xyz6=( 14.963430 44.991891 10.299241 )
xyz6=( 14.963430 44.991891 10.299241 )
xyz6=( 14.962795 44.991880 10.299014 )
xyz6=( 14.962795 44.991880 10.299014 )
xyz6=( 14.962160 44.991870 10.298787 )
xyz6=( 14.962160 44.991870 10.298787 )
xyz6=( 14.961524 44.991860 10.298560 )
xyz6=( 14.961524 44.991860 10.298560 )
xyz6=( 14.960888 44.991849 10.298334 )
xyz6=( 14.960888 44.991849 10.298334 )
xyz6=( 14.960251 44.991839 10.298108 )
xyz6=( 14.960251 44.991839 10.298108 )
xyz6=( 14.959614 44.991829 10.297881 )
xyz6=( 14.959614 44.991829 10.297881 )
xyz6=( 14.958976 44.991820 10.297655 )
xyz6=( 14.958976 44.991820 10.297655 )
xyz6=( 14.958338 44.991810 10.297430 )
xyz6=( 14.958338 44.991810 10.297430 )
xyz6=( 14.957699 44.991800 10.297204 )
xyz6=( 14.957699 44.991800 10.297204 )
xyz6=( 14.957059 44.991791 10.296978 )
xyz6=( 14.957059 44.991791 10.296978 )
xyz6=( 14.956419 44.991781 10.296753 )
xyz6=( 14.956419 44.991781 10.296753 )
xyz6=( 14.955778 44.991772 10.296528 )
xyz6=( 14.955778 44.991772 10.296528 )
xyz6=( 14.955137 44.991763 10.296303 )
xyz6=( 14.955137 44.991763 10.296303 )
xyz6=( 14.954495 44.991754 10.296078 )
xyz6=( 14.954495 44.991754 10.296078 )
xyz6=( 14.953853 44.991745 10.295853 )
xyz6=( 14.953853 44.991745 10.295853 )
xyz6=( 14.953210 44.991736 10.295629 )
xyz6=( 14.953210 44.991736 10.295629 )
xyz6=( 14.952567 44.991728 10.295404 )
xyz6=( 14.952567 44.991728 10.295404 )
xyz6=( 14.951923 44.991719 10.295180 )
xyz6=( 14.951923 44.991719 10.295180 )
xyz6=( 14.951278 44.991711 10.294956 )
xyz6=( 14.951278 44.991711 10.294956 )
xyz6=( 14.950633 44.991703 10.294732 )
xyz6=( 14.950633 44.991703 10.294732 )
xyz6=( 14.949987 44.991694 10.294508 )
xyz6=( 14.949987 44.991694 10.294508 )
xyz6=( 14.949341 44.991686 10.294284 )
xyz6=( 14.949341 44.991686 10.294284 )
xyz6=( 14.948694 44.991678 10.294061 )
xyz6=( 14.948694 44.991678 10.294061 )
xyz6=( 14.948047 44.991671 10.293838 )
xyz6=( 14.948047 44.991671 10.293838 )
xyz6=( 14.947399 44.991663 10.293614 )
xyz6=( 14.947399 44.991663 10.293614 )
xyz6=( 14.946750 44.991655 10.293391 )
xyz6=( 14.946750 44.991655 10.293391 )
xyz6=( 14.946101 44.991648 10.293169 )
xyz6=( 14.946101 44.991648 10.293169 )
xyz6=( 14.945451 44.991641 10.292946 )
xyz6=( 14.945451 44.991641 10.292946 )
xyz6=( 14.944801 44.991634 10.292723 )
xyz6=( 14.944801 44.991634 10.292723 )
xyz6=( 14.944150 44.991626 10.292501 )
xyz6=( 14.944150 44.991626 10.292501 )
xyz6=( 14.943498 44.991620 10.292279 )
xyz6=( 14.943498 44.991620 10.292279 )
xyz6=( 14.942846 44.991613 10.292057 )
xyz6=( 14.942846 44.991613 10.292057 )
xyz6=( 14.942194 44.991606 10.291835 )
xyz6=( 14.942194 44.991606 10.291835 )
xyz6=( 14.941540 44.991599 10.291613 )
xyz6=( 14.941540 44.991599 10.291613 )
xyz6=( 14.940887 44.991593 10.291392 )
xyz6=( 14.940887 44.991593 10.291392 )
xyz6=( 14.940232 44.991587 10.291171 )
xyz6=( 14.940232 44.991587 10.291171 )
xyz6=( 14.939577 44.991581 10.290949 )
xyz6=( 14.939577 44.991581 10.290949 )
xyz6=( 14.938922 44.991574 10.290728 )
xyz6=( 14.938922 44.991574 10.290728 )
xyz6=( 14.938265 44.991569 10.290508 )
xyz6=( 14.938265 44.991569 10.290508 )
xyz6=( 14.937609 44.991563 10.290287 )
xyz6=( 14.937609 44.991563 10.290287 )
xyz6=( 14.936951 44.991557 10.290066 )
xyz6=( 14.936951 44.991557 10.290066 )
xyz6=( 14.936293 44.991551 10.289846 )
xyz6=( 14.936293 44.991551 10.289846 )
xyz6=( 14.935635 44.991546 10.289626 )
xyz6=( 14.935635 44.991546 10.289626 )
xyz6=( 14.934976 44.991541 10.289406 )
xyz6=( 14.934976 44.991541 10.289406 )
xyz6=( 14.934316 44.991536 10.289186 )
xyz6=( 14.934316 44.991536 10.289186 )
xyz6=( 14.933656 44.991531 10.288966 )
xyz6=( 14.933656 44.991531 10.288966 )
xyz6=( 14.932995 44.991526 10.288747 )
xyz6=( 14.932995 44.991526 10.288747 )
xyz6=( 14.932333 44.991521 10.288527 )
xyz6=( 14.932333 44.991521 10.288527 )
xyz6=( 14.931671 44.991516 10.288308 )
xyz6=( 14.931671 44.991516 10.288308 )
xyz6=( 14.931008 44.991512 10.288089 )
xyz6=( 14.931008 44.991512 10.288089 )
xyz6=( 14.930345 44.991507 10.287870 )
xyz6=( 14.930345 44.991507 10.287870 )
xyz6=( 14.929681 44.991503 10.287652 )
xyz6=( 14.929681 44.991503 10.287652 )
xyz6=( 14.929016 44.991499 10.287433 )
xyz6=( 14.929016 44.991499 10.287433 )
xyz6=( 14.928351 44.991495 10.287215 )
xyz6=( 14.928351 44.991495 10.287215 )
xyz6=( 14.927685 44.991491 10.286997 )
xyz6=( 14.927685 44.991491 10.286997 )
xyz6=( 14.927019 44.991487 10.286779 )
xyz6=( 14.927019 44.991487 10.286779 )
xyz6=( 14.926352 44.991484 10.286561 )
xyz6=( 14.926352 44.991484 10.286561 )
xyz6=( 14.925684 44.991480 10.286344 )
xyz6=( 14.925684 44.991480 10.286344 )
xyz6=( 14.925016 44.991477 10.286126 )
xyz6=( 14.925016 44.991477 10.286126 )
xyz6=( 14.924347 44.991474 10.285909 )
xyz6=( 14.924347 44.991474 10.285909 )
xyz6=( 14.923678 44.991470 10.285692 )
xyz6=( 14.923678 44.991470 10.285692 )
xyz6=( 14.923008 44.991467 10.285475 )
xyz6=( 14.923008 44.991467 10.285475 )
xyz6=( 14.922337 44.991465 10.285258 )
xyz6=( 14.922337 44.991465 10.285258 )
xyz6=( 14.921666 44.991462 10.285042 )
xyz6=( 14.921666 44.991462 10.285042 )
xyz6=( 14.920994 44.991459 10.284825 )
xyz6=( 14.920994 44.991459 10.284825 )
xyz6=( 14.920321 44.991457 10.284609 )
xyz6=( 14.920321 44.991457 10.284609 )
xyz6=( 14.919648 44.991455 10.284393 )
xyz6=( 14.919648 44.991455 10.284393 )
xyz6=( 14.918974 44.991452 10.284177 )
xyz6=( 14.918974 44.991452 10.284177 )
xyz6=( 14.918300 44.991450 10.283961 )
xyz6=( 14.918300 44.991450 10.283961 )
xyz6=( 14.917625 44.991449 10.283746 )
xyz6=( 14.917625 44.991449 10.283746 )
xyz6=( 14.916949 44.991447 10.283531 )
xyz6=( 14.916949 44.991447 10.283531 )
xyz6=( 14.916273 44.991445 10.283316 )
xyz6=( 14.916273 44.991445 10.283316 )
xyz6=( 14.915596 44.991444 10.283101 )
xyz6=( 14.915596 44.991444 10.283101 )
xyz6=( 14.914918 44.991442 10.282886 )
xyz6=( 14.914918 44.991442 10.282886 )
xyz6=( 14.914240 44.991441 10.282671 )
xyz6=( 14.914240 44.991441 10.282671 )
xyz6=( 14.913561 44.991440 10.282457 )
xyz6=( 14.913561 44.991440 10.282457 )
xyz6=( 14.912881 44.991439 10.282243 )
xyz6=( 14.912881 44.991439 10.282243 )
xyz6=( 14.912201 44.991438 10.282029 )
xyz6=( 14.912201 44.991438 10.282029 )
xyz6=( 14.911521 44.991438 10.281815 )
xyz6=( 14.911521 44.991438 10.281815 )
xyz6=( 14.910839 44.991437 10.281601 )
xyz6=( 14.910839 44.991437 10.281601 )
xyz6=( 14.910157 44.991437 10.281388 )
xyz6=( 14.910157 44.991437 10.281388 )
xyz6=( 14.909474 44.991437 10.281174 )
xyz6=( 14.909474 44.991437 10.281174 )
xyz6=( 14.908791 44.991436 10.280961 )
xyz6=( 14.908791 44.991436 10.280961 )
xyz6=( 14.908107 44.991436 10.280748 )
xyz6=( 14.908107 44.991436 10.280748 )
xyz6=( 14.907422 44.991437 10.280535 )
xyz6=( 14.907422 44.991437 10.280535 )
xyz6=( 14.906737 44.991437 10.280323 )
xyz6=( 14.906737 44.991437 10.280323 )
xyz6=( 14.906051 44.991437 10.280111 )
xyz6=( 14.906051 44.991437 10.280111 )
xyz6=( 14.905364 44.991438 10.279898 )
xyz6=( 14.905364 44.991438 10.279898 )
xyz6=( 14.904677 44.991439 10.279686 )
xyz6=( 14.904677 44.991439 10.279686 )
xyz6=( 14.903989 44.991440 10.279475 )
xyz6=( 14.903989 44.991440 10.279475 )
xyz6=( 14.903300 44.991441 10.279263 )
xyz6=( 14.903300 44.991441 10.279263 )
xyz6=( 14.902611 44.991442 10.279052 )
xyz6=( 14.902611 44.991442 10.279052 )
xyz6=( 14.901921 44.991443 10.278840 )
xyz6=( 14.901921 44.991443 10.278840 )
xyz6=( 14.901230 44.991445 10.278629 )
xyz6=( 14.901230 44.991445 10.278629 )
xyz6=( 14.900539 44.991446 10.278418 )
xyz6=( 14.900539 44.991446 10.278418 )
xyz6=( 14.899847 44.991448 10.278208 )
xyz6=( 14.899847 44.991448 10.278208 )
xyz6=( 14.899155 44.991450 10.277997 )
xyz6=( 14.899155 44.991450 10.277997 )
xyz6=( 14.898461 44.991452 10.277787 )
xyz6=( 14.898461 44.991452 10.277787 )
xyz6=( 14.897767 44.991454 10.277577 )
xyz6=( 14.897767 44.991454 10.277577 )
xyz6=( 14.897073 44.991456 10.277367 )
xyz6=( 14.897073 44.991456 10.277367 )
xyz6=( 14.896377 44.991459 10.277157 )
xyz6=( 14.896377 44.991459 10.277157 )
xyz6=( 14.895681 44.991461 10.276948 )
xyz6=( 14.895681 44.991461 10.276948 )
xyz6=( 14.894985 44.991464 10.276739 )
xyz6=( 14.894985 44.991464 10.276739 )
xyz6=( 14.894287 44.991467 10.276529 )
xyz6=( 14.894287 44.991467 10.276529 )
xyz6=( 14.893589 44.991470 10.276320 )
xyz6=( 14.893589 44.991470 10.276320 )
xyz6=( 14.892891 44.991473 10.276112 )
xyz6=( 14.892891 44.991473 10.276112 )
xyz6=( 14.892191 44.991476 10.275903 )
xyz6=( 14.892191 44.991476 10.275903 )
xyz6=( 14.891491 44.991480 10.275695 )
xyz6=( 14.891491 44.991480 10.275695 )
xyz6=( 14.890790 44.991484 10.275487 )
xyz6=( 14.890790 44.991484 10.275487 )
xyz6=( 14.890089 44.991487 10.275279 )
xyz6=( 14.890089 44.991487 10.275279 )
xyz6=( 14.889387 44.991491 10.275071 )
xyz6=( 14.889387 44.991491 10.275071 )
xyz6=( 14.888684 44.991495 10.274864 )
xyz6=( 14.888684 44.991495 10.274864 )
xyz6=( 14.887980 44.991500 10.274656 )
xyz6=( 14.887980 44.991500 10.274656 )
xyz6=( 14.887276 44.991504 10.274449 )
xyz6=( 14.887276 44.991504 10.274449 )
xyz6=( 14.886571 44.991508 10.274242 )
xyz6=( 14.886571 44.991508 10.274242 )
xyz6=( 14.885866 44.991513 10.274035 )
xyz6=( 14.885159 44.991518 10.273829 )
xyz6=( 14.884452 44.991523 10.273623 )
xyz6=( 14.883745 44.991528 10.273417 )
xyz6=( 14.883036 44.991533 10.273211 )
xyz6=( 14.882327 44.991539 10.273005 )
xyz6=( 14.881617 44.991544 10.272799 )
xyz6=( 14.880907 44.991550 10.272594 )
xyz6=( 14.880195 44.991556 10.272389 )
xyz6=( 14.879483 44.991562 10.272184 )
xyz6=( 14.878771 44.991568 10.271979 )
xyz6=( 14.878057 44.991575 10.271775 )
xyz6=( 14.877343 44.991581 10.271571 )
xyz6=( 14.876628 44.991588 10.271367 )
xyz6=( 14.875913 44.991595 10.271163 )
xyz6=( 14.875197 44.991602 10.270959 )
xyz6=( 14.874480 44.991609 10.270756 )
xyz6=( 14.873762 44.991616 10.270553 )
xyz6=( 14.873043 44.991624 10.270350 )
xyz6=( 14.872324 44.991631 10.270147 )
xyz6=( 14.871604 44.991639 10.269944 )
xyz6=( 14.870883 44.991647 10.269742 )
xyz6=( 14.870162 44.991655 10.269540 )
xyz6=( 14.869440 44.991663 10.269338 )
xyz6=( 14.868717 44.991672 10.269136 )
xyz6=( 14.867993 44.991680 10.268935 )
xyz6=( 14.867269 44.991689 10.268733 )
xyz6=( 14.866544 44.991698 10.268532 )
xyz6=( 14.865818 44.991707 10.268331 )
xyz6=( 14.865091 44.991716 10.268131 )
xyz6=( 14.864364 44.991726 10.267930 )
xyz6=( 14.863636 44.991735 10.267730 )
xyz6=( 14.862907 44.991745 10.267530 )
xyz6=( 14.862177 44.991755 10.267330 )
xyz6=( 14.861447 44.991765 10.267131 )
xyz6=( 14.860716 44.991775 10.266932 )
xyz6=( 14.859984 44.991785 10.266732 )
xyz6=( 14.859251 44.991796 10.266534 )
xyz6=( 14.858518 44.991806 10.266335 )
xyz6=( 14.857783 44.991817 10.266137 )
xyz6=( 14.857048 44.991828 10.265938 )
xyz6=( 14.856313 44.991840 10.265740 )
xyz6=( 14.855576 44.991851 10.265543 )
xyz6=( 14.854839 44.991863 10.265345 )
xyz6=( 14.854101 44.991874 10.265148 )
xyz6=( 14.853362 44.991886 10.264951 )
xyz6=( 14.852622 44.991898 10.264754 )
xyz6=( 14.851882 44.991910 10.264557 )
xyz6=( 14.851140 44.991923 10.264361 )
xyz6=( 14.850398 44.991935 10.264165 )
xyz6=( 14.849655 44.991948 10.263969 )
xyz6=( 14.848912 44.991961 10.263773 )
xyz6=( 14.848167 44.991974 10.263578 )
xyz6=( 14.847422 44.991987 10.263383 )
xyz6=( 14.846676 44.992001 10.263188 )
xyz6=( 14.845929 44.992014 10.262993 )
xyz6=( 14.845182 44.992028 10.262798 )
xyz6=( 14.844433 44.992042 10.262604 )
xyz6=( 14.843684 44.992056 10.262410 )
xyz6=( 14.842934 44.992070 10.262216 )
xyz6=( 14.842183 44.992085 10.262023 )
xyz6=( 14.841431 44.992100 10.261830 )
xyz6=( 15.801062 45.221560 11.199060 )
xyz6=( 15.801062 45.221560 11.199060 )
xyz6=( 15.801062 45.221560 11.199060 )
xyz6=( 15.801062 45.221560 11.199060 )
xyz6=( 15.801211 45.221756 11.199654 )
xyz6=( 15.801211 45.221756 11.199654 )
xyz6=( 15.801211 45.221756 11.199654 )
xyz6=( 15.801211 45.221756 11.199654 )
xyz6=( 15.801359 45.221953 11.200248 )
xyz6=( 15.801359 45.221953 11.200248 )
xyz6=( 15.801359 45.221953 11.200248 )
xyz6=( 15.801359 45.221953 11.200248 )
xyz6=( 15.801508 45.222150 11.200843 )
xyz6=( 15.801508 45.222150 11.200843 )
xyz6=( 15.801508 45.222150 11.200843 )
xyz6=( 15.801508 45.222150 11.200843 )
xyz6=( 15.801656 45.222348 11.201437 )
xyz6=( 15.801656 45.222348 11.201437 )
xyz6=( 15.801656 45.222348 11.201437 )
xyz6=( 15.801656 45.222348 11.201437 )
xyz6=( 15.801804 45.222545 11.202033 )
xyz6=( 15.801804 45.222545 11.202033 )
xyz6=( 15.801804 45.222545 11.202033 )
xyz6=( 15.801804 45.222545 11.202033 )
xyz6=( 15.801952 45.222743 11.202629 )
xyz6=( 15.801952 45.222743 11.202629 )
xyz6=( 15.801952 45.222743 11.202629 )
xyz6=( 15.801952 45.222743 11.202629 )
xyz6=( 15.802099 45.222940 11.203225 )
xyz6=( 15.802099 45.222940 11.203225 )
xyz6=( 15.802099 45.222940 11.203225 )
xyz6=( 15.802099 45.222940 11.203225 )
xyz6=( 15.802247 45.223138 11.203821 )
xyz6=( 15.802247 45.223138 11.203821 )
xyz6=( 15.802247 45.223138 11.203821 )
xyz6=( 15.802247 45.223138 11.203821 )
xyz6=( 15.802394 45.223337 11.204418 )
xyz6=( 15.802394 45.223337 11.204418 )
xyz6=( 15.802394 45.223337 11.204418 )
xyz6=( 15.802394 45.223337 11.204418 )
xyz6=( 15.802541 45.223535 11.205016 )
xyz6=( 15.802541 45.223535 11.205016 )
xyz6=( 15.802541 45.223535 11.205016 )
xyz6=( 15.802541 45.223535 11.205016 )
xyz6=( 15.802687 45.223733 11.205614 )
xyz6=( 15.802687 45.223733 11.205614 )
xyz6=( 15.802687 45.223733 11.205614 )
xyz6=( 15.802687 45.223733 11.205614 )
xyz6=( 15.802834 45.223932 11.206212 )
xyz6=( 15.802834 45.223932 11.206212 )
xyz6=( 15.802834 45.223932 11.206212 )
xyz6=( 15.802834 45.223932 11.206212 )
xyz6=( 15.802980 45.224131 11.206811 )
xyz6=( 15.802980 45.224131 11.206811 )
xyz6=( 15.802980 45.224131 11.206811 )
xyz6=( 15.802980 45.224131 11.206811 )
xyz6=( 15.803126 45.224330 11.207410 )
xyz6=( 15.803126 45.224330 11.207410 )
xyz6=( 15.803126 45.224330 11.207410 )
xyz6=( 15.803126 45.224330 11.207410 )
xyz6=( 15.803272 45.224529 11.208010 )
xyz6=( 15.803272 45.224529 11.208010 )
xyz6=( 15.803272 45.224529 11.208010 )
xyz6=( 15.803272 45.224529 11.208010 )
xyz6=( 15.803417 45.224728 11.208610 )
xyz6=( 15.803417 45.224728 11.208610 )
xyz6=( 15.803417 45.224728 11.208610 )
xyz6=( 15.803417 45.224728 11.208610 )
xyz6=( 15.803563 45.224928 11.209210 )
xyz6=( 15.803563 45.224928 11.209210 )
xyz6=( 15.803563 45.224928 11.209210 )
xyz6=( 15.803563 45.224928 11.209210 )
xyz6=( 15.803708 45.225128 11.209811 )
xyz6=( 15.803708 45.225128 11.209811 )
xyz6=( 15.803708 45.225128 11.209811 )
xyz6=( 15.803708 45.225128 11.209811 )
xyz6=( 15.803852 45.225328 11.210412 )
xyz6=( 15.803852 45.225328 11.210412 )
xyz6=( 15.803852 45.225328 11.210412 )
xyz6=( 15.803852 45.225328 11.210412 )
xyz6=( 15.803997 45.225528 11.211014 )
xyz6=( 15.803997 45.225528 11.211014 )
xyz6=( 15.803997 45.225528 11.211014 )
xyz6=( 15.803997 45.225528 11.211014 )
xyz6=( 15.804142 45.225728 11.211617 )
xyz6=( 15.804142 45.225728 11.211617 )
xyz6=( 15.804142 45.225728 11.211617 )
xyz6=( 15.804142 45.225728 11.211617 )
xyz6=( 15.804286 45.225929 11.212219 )
xyz6=( 15.804286 45.225929 11.212219 )
xyz6=( 15.804286 45.225929 11.212219 )
xyz6=( 15.804286 45.225929 11.212219 )
xyz6=( 15.804430 45.226129 11.212822 )
xyz6=( 15.804430 45.226129 11.212822 )
xyz6=( 15.804430 45.226129 11.212822 )
xyz6=( 15.804430 45.226129 11.212822 )
xyz6=( 15.804573 45.226330 11.213426 )
xyz6=( 15.804573 45.226330 11.213426 )
xyz6=( 15.804573 45.226330 11.213426 )
xyz6=( 15.804573 45.226330 11.213426 )
xyz6=( 15.804717 45.226531 11.214030 )
xyz6=( 15.804717 45.226531 11.214030 )
xyz6=( 15.804717 45.226531 11.214030 )
xyz6=( 15.804717 45.226531 11.214030 )
xyz6=( 15.804860 45.226732 11.214634 )
xyz6=( 15.804860 45.226732 11.214634 )
xyz6=( 15.804860 45.226732 11.214634 )
xyz6=( 15.804860 45.226732 11.214634 )
xyz6=( 15.805003 45.226934 11.215239 )
xyz6=( 15.805003 45.226934 11.215239 )
xyz6=( 15.805003 45.226934 11.215239 )
xyz6=( 15.805003 45.226934 11.215239 )
xyz6=( 15.805146 45.227135 11.215844 )
xyz6=( 15.805146 45.227135 11.215844 )
xyz6=( 15.805146 45.227135 11.215844 )
xyz6=( 15.805146 45.227135 11.215844 )
xyz6=( 15.805289 45.227337 11.216450 )
xyz6=( 15.805289 45.227337 11.216450 )
xyz6=( 15.805289 45.227337 11.216450 )
xyz6=( 15.805289 45.227337 11.216450 )
xyz6=( 15.805431 45.227539 11.217056 )
xyz6=( 15.805431 45.227539 11.217056 )
xyz6=( 15.805431 45.227539 11.217056 )
xyz6=( 15.805573 45.227741 11.217663 )
xyz6=( 15.805573 45.227741 11.217663 )
xyz6=( 15.805573 45.227741 11.217663 )
xyz6=( 15.805715 45.227944 11.218270 )
xyz6=( 15.805715 45.227944 11.218270 )
xyz6=( 15.805715 45.227944 11.218270 )
xyz6=( 15.805857 45.228146 11.218878 )
xyz6=( 15.805857 45.228146 11.218878 )
xyz6=( 15.805857 45.228146 11.218878 )
xyz6=( 15.805998 45.228349 11.219486 )
xyz6=( 15.805998 45.228349 11.219486 )
xyz6=( 15.805998 45.228349 11.219486 )
xyz6=( 15.806139 45.228552 11.220094 )
xyz6=( 15.806139 45.228552 11.220094 )
xyz6=( 15.806139 45.228552 11.220094 )
xyz6=( 15.806280 45.228755 11.220703 )
xyz6=( 15.806280 45.228755 11.220703 )
xyz6=( 15.806280 45.228755 11.220703 )
xyz6=( 15.806421 45.228958 11.221312 )
xyz6=( 15.806421 45.228958 11.221312 )
xyz6=( 15.806421 45.228958 11.221312 )
xyz6=( 15.806562 45.229162 11.221922 )
xyz6=( 15.806562 45.229162 11.221922 )
xyz6=( 15.806562 45.229162 11.221922 )
xyz6=( 15.806702 45.229365 11.222533 )
xyz6=( 15.806702 45.229365 11.222533 )
xyz6=( 15.806702 45.229365 11.222533 )
xyz6=( 15.806842 45.229569 11.223143 )
xyz6=( 15.806842 45.229569 11.223143 )
xyz6=( 15.806842 45.229569 11.223143 )
xyz6=( 15.806982 45.229773 11.223754 )
xyz6=( 15.806982 45.229773 11.223754 )
xyz6=( 15.806982 45.229773 11.223754 )
xyz6=( 15.807121 45.229977 11.224366 )
xyz6=( 15.807121 45.229977 11.224366 )
xyz6=( 15.807121 45.229977 11.224366 )
xyz6=( 15.807261 45.230182 11.224978 )
xyz6=( 15.807261 45.230182 11.224978 )
xyz6=( 15.807261 45.230182 11.224978 )
xyz6=( 15.807400 45.230386 11.225591 )
xyz6=( 15.807400 45.230386 11.225591 )
xyz6=( 15.807400 45.230386 11.225591 )
xyz6=( 15.807539 45.230591 11.226204 )
xyz6=( 15.807539 45.230591 11.226204 )
xyz6=( 15.807539 45.230591 11.226204 )
xyz6=( 15.807677 45.230796 11.226817 )
xyz6=( 15.807677 45.230796 11.226817 )
xyz6=( 15.807677 45.230796 11.226817 )
xyz6=( 15.807816 45.231001 11.227431 )
xyz6=( 15.807816 45.231001 11.227431 )
xyz6=( 15.807816 45.231001 11.227431 )
xyz6=( 15.807954 45.231207 11.228045 )
xyz6=( 15.807954 45.231207 11.228045 )
xyz6=( 15.807954 45.231207 11.228045 )
xyz6=( 15.808092 45.231412 11.228660 )
xyz6=( 15.808092 45.231412 11.228660 )
xyz6=( 15.808092 45.231412 11.228660 )
xyz6=( 15.808229 45.231618 11.229275 )
xyz6=( 15.808229 45.231618 11.229275 )
xyz6=( 15.808229 45.231618 11.229275 )
xyz6=( 15.808367 45.231824 11.229891 )
xyz6=( 15.808367 45.231824 11.229891 )
xyz6=( 15.808367 45.231824 11.229891 )
xyz6=( 15.808504 45.232030 11.230507 )
xyz6=( 15.808504 45.232030 11.230507 )
xyz6=( 15.808504 45.232030 11.230507 )
xyz6=( 15.808641 45.232236 11.231124 )
xyz6=( 15.808641 45.232236 11.231124 )
xyz6=( 15.808641 45.232236 11.231124 )
xyz6=( 15.808778 45.232443 11.231741 )
xyz6=( 15.808778 45.232443 11.231741 )
xyz6=( 15.808778 45.232443 11.231741 )
xyz6=( 15.808914 45.232649 11.232359 )
xyz6=( 15.808914 45.232649 11.232359 )
xyz6=( 15.808914 45.232649 11.232359 )
xyz6=( 15.809050 45.232856 11.232977 )
xyz6=( 15.809050 45.232856 11.232977 )
xyz6=( 15.809050 45.232856 11.232977 )
xyz6=( 15.809186 45.233063 11.233595 )
xyz6=( 15.809186 45.233063 11.233595 )
xyz6=( 15.809186 45.233063 11.233595 )
xyz6=( 15.809322 45.233271 11.234214 )
xyz6=( 15.809322 45.233271 11.234214 )
xyz6=( 15.809322 45.233271 11.234214 )
xyz6=( 15.809458 45.233478 11.234834 )
xyz6=( 15.809458 45.233478 11.234834 )
xyz6=( 15.809458 45.233478 11.234834 )
xyz6=( 15.809593 45.233686 11.235454 )
xyz6=( 15.809593 45.233686 11.235454 )
xyz6=( 15.809593 45.233686 11.235454 )
xyz6=( 15.809728 45.233894 11.236074 )
xyz6=( 15.809728 45.233894 11.236074 )
xyz6=( 15.809728 45.233894 11.236074 )
xyz6=( 15.809863 45.234102 11.236695 )
xyz6=( 15.809863 45.234102 11.236695 )
xyz6=( 15.809863 45.234102 11.236695 )
xyz6=( 15.809997 45.234310 11.237316 )
xyz6=( 15.809997 45.234310 11.237316 )
xyz6=( 15.809997 45.234310 11.237316 )
xyz6=( 15.810132 45.234519 11.237938 )
xyz6=( 15.810132 45.234519 11.237938 )
xyz6=( 15.810132 45.234519 11.237938 )
xyz6=( 15.810266 45.234727 11.238560 )
xyz6=( 15.810266 45.234727 11.238560 )
xyz6=( 15.810266 45.234727 11.238560 )
xyz6=( 15.810399 45.234936 11.239183 )
xyz6=( 15.810399 45.234936 11.239183 )
xyz6=( 15.810399 45.234936 11.239183 )
xyz6=( 15.810533 45.235145 11.239806 )
xyz6=( 15.810533 45.235145 11.239806 )
xyz6=( 15.810533 45.235145 11.239806 )
xyz6=( 15.810666 45.235354 11.240430 )
xyz6=( 15.810666 45.235354 11.240430 )
xyz6=( 15.810666 45.235354 11.240430 )
xyz6=( 15.810799 45.235564 11.241054 )
xyz6=( 15.810799 45.235564 11.241054 )
xyz6=( 15.810799 45.235564 11.241054 )
xyz6=( 15.810932 45.235774 11.241679 )
xyz6=( 15.810932 45.235774 11.241679 )
xyz6=( 15.810932 45.235774 11.241679 )
xyz6=( 15.811065 45.235983 11.242304 )
xyz6=( 15.811065 45.235983 11.242304 )
xyz6=( 15.811065 45.235983 11.242304 )
xyz6=( 15.811197 45.236193 11.242930 )
xyz6=( 15.811197 45.236193 11.242930 )
xyz6=( 15.811197 45.236193 11.242930 )
xyz6=( 15.811329 45.236404 11.243556 )
xyz6=( 15.811329 45.236404 11.243556 )
xyz6=( 15.811329 45.236404 11.243556 )
xyz6=( 15.811461 45.236614 11.244182 )
xyz6=( 15.811461 45.236614 11.244182 )
xyz6=( 15.811592 45.236825 11.244809 )
xyz6=( 15.811592 45.236825 11.244809 )
xyz6=( 15.811723 45.237036 11.245437 )
xyz6=( 15.811723 45.237036 11.245437 )
xyz6=( 15.811855 45.237247 11.246065 )
xyz6=( 15.811855 45.237247 11.246065 )
xyz6=( 15.811985 45.237458 11.246693 )
xyz6=( 15.811985 45.237458 11.246693 )
xyz6=( 15.812116 45.237670 11.247322 )
xyz6=( 15.812116 45.237670 11.247322 )
xyz6=( 15.812246 45.237881 11.247952 )
xyz6=( 15.812246 45.237881 11.247952 )
xyz6=( 15.812376 45.238093 11.248582 )
xyz6=( 15.812376 45.238093 11.248582 )
xyz6=( 15.812506 45.238305 11.249212 )
xyz6=( 15.812506 45.238305 11.249212 )
xyz6=( 15.812635 45.238518 11.249843 )
xyz6=( 15.812635 45.238518 11.249843 )
xyz6=( 15.812765 45.238730 11.250475 )
xyz6=( 15.812765 45.238730 11.250475 )
xyz6=( 15.812894 45.238943 11.251107 )
xyz6=( 15.812894 45.238943 11.251107 )
xyz6=( 15.813022 45.239156 11.251739 )
xyz6=( 15.813022 45.239156 11.251739 )
xyz6=( 15.813151 45.239369 11.252372 )
xyz6=( 15.813151 45.239369 11.252372 )
xyz6=( 15.813279 45.239582 11.253006 )
xyz6=( 15.813279 45.239582 11.253006 )
xyz6=( 15.813407 45.239796 11.253640 )
xyz6=( 15.813407 45.239796 11.253640 )
xyz6=( 15.813535 45.240009 11.254274 )
xyz6=( 15.813535 45.240009 11.254274 )
xyz6=( 15.813662 45.240223 11.254909 )
xyz6=( 15.813662 45.240223 11.254909 )
xyz6=( 15.813789 45.240438 11.255544 )
xyz6=( 15.813789 45.240438 11.255544 )
xyz6=( 15.813916 45.240652 11.256180 )
xyz6=( 15.813916 45.240652 11.256180 )
xyz6=( 15.814043 45.240866 11.256817 )
xyz6=( 15.814043 45.240866 11.256817 )
xyz6=( 15.814169 45.241081 11.257454 )
xyz6=( 15.814169 45.241081 11.257454 )
xyz6=( 15.814295 45.241296 11.258091 )
xyz6=( 15.814295 45.241296 11.258091 )
xyz6=( 15.814421 45.241511 11.258729 )
xyz6=( 15.814421 45.241511 11.258729 )
xyz6=( 15.814547 45.241727 11.259367 )
xyz6=( 15.814547 45.241727 11.259367 )
xyz6=( 15.814672 45.241943 11.260006 )
xyz6=( 15.814672 45.241943 11.260006 )
xyz6=( 15.814797 45.242158 11.260646 )
xyz6=( 15.814797 45.242158 11.260646 )
xyz6=( 15.814922 45.242374 11.261286 )
xyz6=( 15.814922 45.242374 11.261286 )
xyz6=( 15.815047 45.242591 11.261926 )
xyz6=( 15.815047 45.242591 11.261926 )
xyz6=( 15.815171 45.242807 11.262567 )
xyz6=( 15.815171 45.242807 11.262567 )
xyz6=( 15.815295 45.243024 11.263209 )
xyz6=( 15.815295 45.243024 11.263209 )
xyz6=( 15.815419 45.243241 11.263851 )
xyz6=( 15.815419 45.243241 11.263851 )
xyz6=( 15.815542 45.243458 11.264493 )
xyz6=( 15.815542 45.243458 11.264493 )
xyz6=( 15.815665 45.243675 11.265136 )
xyz6=( 15.815665 45.243675 11.265136 )
xyz6=( 15.815788 45.243893 11.265780 )
xyz6=( 15.815788 45.243893 11.265780 )
xyz6=( 15.815911 45.244111 11.266424 )
xyz6=( 15.815911 45.244111 11.266424 )
xyz6=( 15.816033 45.244329 11.267068 )
xyz6=( 15.816033 45.244329 11.267068 )
xyz6=( 15.816155 45.244547 11.267714 )
xyz6=( 15.816155 45.244547 11.267714 )
xyz6=( 15.816277 45.244765 11.268359 )
xyz6=( 15.816277 45.244765 11.268359 )
xyz6=( 15.816399 45.244984 11.269005 )
xyz6=( 15.816399 45.244984 11.269005 )
xyz6=( 15.816520 45.245203 11.269652 )
xyz6=( 15.816520 45.245203 11.269652 )
xyz6=( 15.816641 45.245422 11.270299 )
xyz6=( 15.816641 45.245422 11.270299 )
xyz6=( 15.816762 45.245641 11.270947 )
xyz6=( 15.816762 45.245641 11.270947 )
xyz6=( 15.816882 45.245861 11.271595 )
xyz6=( 15.816882 45.245861 11.271595 )
xyz6=( 15.817002 45.246080 11.272244 )
xyz6=( 15.817002 45.246080 11.272244 )
xyz6=( 15.817122 45.246300 11.272893 )
xyz6=( 15.817122 45.246300 11.272893 )
xyz6=( 15.817242 45.246520 11.273543 )
xyz6=( 15.817242 45.246520 11.273543 )
xyz6=( 15.817361 45.246741 11.274193 )
xyz6=( 15.817361 45.246741 11.274193 )
xyz6=( 15.817480 45.246961 11.274844 )
xyz6=( 15.817480 45.246961 11.274844 )
xyz6=( 15.817599 45.247182 11.275496 )
xyz6=( 15.817599 45.247182 11.275496 )
xyz6=( 15.817717 45.247403 11.276148 )
xyz6=( 15.817717 45.247403 11.276148 )
xyz6=( 15.817836 45.247625 11.276800 )
xyz6=( 15.817836 45.247625 11.276800 )
xyz6=( 15.817954 45.247846 11.277453 )
xyz6=( 15.817954 45.247846 11.277453 )
xyz6=( 15.818071 45.248068 11.278107 )
xyz6=( 15.818071 45.248068 11.278107 )
xyz6=( 15.818189 45.248290 11.278761 )
xyz6=( 15.818189 45.248290 11.278761 )
xyz6=( 15.818306 45.248512 11.279415 )
xyz6=( 15.818306 45.248512 11.279415 )
xyz6=( 15.818423 45.248734 11.280070 )
xyz6=( 15.818423 45.248734 11.280070 )
xyz6=( 15.818539 45.248957 11.280726 )
xyz6=( 15.818539 45.248957 11.280726 )
xyz6=( 15.818655 45.249180 11.281382 )
xyz6=( 15.818655 45.249180 11.281382 )
xyz6=( 15.818771 45.249403 11.282039 )
xyz6=( 15.818771 45.249403 11.282039 )
xyz6=( 15.818887 45.249626 11.282696 )
xyz6=( 15.818887 45.249626 11.282696 )
xyz6=( 15.819002 45.249850 11.283354 )
xyz6=( 15.819002 45.249850 11.283354 )
xyz6=( 15.819117 45.250074 11.284013 )
xyz6=( 15.819117 45.250074 11.284013 )
xyz6=( 15.819232 45.250298 11.284672 )
xyz6=( 15.819232 45.250298 11.284672 )
xyz6=( 15.819347 45.250522 11.285331 )
xyz6=( 15.819347 45.250522 11.285331 )
xyz6=( 15.819461 45.250746 11.285991 )
xyz6=( 15.819461 45.250746 11.285991 )
xyz6=( 15.819575 45.250971 11.286652 )
xyz6=( 15.819575 45.250971 11.286652 )
xyz6=( 15.819688 45.251196 11.287313 )
xyz6=( 15.819688 45.251196 11.287313 )
xyz6=( 15.819802 45.251421 11.287975 )
xyz6=( 15.819802 45.251421 11.287975 )
xyz6=( 15.819915 45.251647 11.288637 )
xyz6=( 15.819915 45.251647 11.288637 )
xyz6=( 15.820028 45.251872 11.289300 )
xyz6=( 15.820028 45.251872 11.289300 )
xyz6=( 15.820140 45.252098 11.289963 )
xyz6=( 15.820140 45.252098 11.289963 )
xyz6=( 15.820252 45.252324 11.290627 )
xyz6=( 15.820252 45.252324 11.290627 )
xyz6=( 15.820364 45.252550 11.291291 )
xyz6=( 15.820364 45.252550 11.291291 )
xyz6=( 15.820476 45.252777 11.291957 )
xyz6=( 15.820476 45.252777 11.291957 )
xyz6=( 15.820587 45.253004 11.292622 )
xyz6=( 15.820587 45.253004 11.292622 )
xyz6=( 15.820698 45.253231 11.293288 )
xyz6=( 15.820698 45.253231 11.293288 )
xyz6=( 15.820809 45.253458 11.293955 )
xyz6=( 15.820809 45.253458 11.293955 )
xyz6=( 15.820919 45.253686 11.294622 )
xyz6=( 15.820919 45.253686 11.294622 )
xyz6=( 15.821029 45.253913 11.295290 )
xyz6=( 15.821029 45.253913 11.295290 )
xyz6=( 15.821139 45.254141 11.295959 )
xyz6=( 15.821139 45.254141 11.295959 )
xyz6=( 15.821248 45.254369 11.296628 )
xyz6=( 15.821248 45.254369 11.296628 )
xyz6=( 15.821357 45.254598 11.297297 )
xyz6=( 15.821357 45.254598 11.297297 )
xyz6=( 15.821466 45.254827 11.297967 )
xyz6=( 15.821466 45.254827 11.297967 )
xyz6=( 15.821575 45.255056 11.298638 )
xyz6=( 15.821575 45.255056 11.298638 )
xyz6=( 15.821683 45.255285 11.299309 )
xyz6=( 15.821683 45.255285 11.299309 )
xyz6=( 15.821791 45.255514 11.299981 )
xyz6=( 15.821791 45.255514 11.299981 )
xyz6=( 15.821899 45.255744 11.300654 )
xyz6=( 15.821899 45.255744 11.300654 )
xyz6=( 15.822006 45.255974 11.301327 )
xyz6=( 15.822006 45.255974 11.301327 )
xyz6=( 15.822113 45.256204 11.302000 )
xyz6=( 15.822113 45.256204 11.302000 )
xyz6=( 15.822220 45.256434 11.302675 )
xyz6=( 15.822220 45.256434 11.302675 )
xyz6=( 15.822326 45.256665 11.303349 )
xyz6=( 15.822326 45.256665 11.303349 )
xyz6=( 15.822432 45.256896 11.304025 )
xyz6=( 15.822432 45.256896 11.304025 )
xyz6=( 15.822538 45.257127 11.304701 )
xyz6=( 15.822538 45.257127 11.304701 )
xyz6=( 15.822644 45.257358 11.305377 )
xyz6=( 15.822644 45.257358 11.305377 )
xyz6=( 15.822749 45.257590 11.306054 )
xyz6=( 15.822749 45.257590 11.306054 )
xyz6=( 15.822854 45.257822 11.306732 )
xyz6=( 15.822854 45.257822 11.306732 )
xyz6=( 15.822958 45.258054 11.307410 )
xyz6=( 15.822958 45.258054 11.307410 )
xyz6=( 15.823063 45.258286 11.308089 )
xyz6=( 15.823063 45.258286 11.308089 )
xyz6=( 15.823166 45.258519 11.308768 )
xyz6=( 15.823166 45.258519 11.308768 )
xyz6=( 15.823270 45.258751 11.309449 )
xyz6=( 15.823270 45.258751 11.309449 )
xyz6=( 15.823373 45.258985 11.310129 )
xyz6=( 15.823373 45.258985 11.310129 )
xyz6=( 15.823476 45.259218 11.310810 )
xyz6=( 15.823476 45.259218 11.310810 )
xyz6=( 15.823579 45.259451 11.311492 )
xyz6=( 15.823579 45.259451 11.311492 )
xyz6=( 15.823681 45.259685 11.312175 )
xyz6=( 15.823681 45.259685 11.312175 )
xyz6=( 15.823783 45.259919 11.312858 )
xyz6=( 15.823783 45.259919 11.312858 )
xyz6=( 15.823885 45.260154 11.313541 )
xyz6=( 15.823885 45.260154 11.313541 )
xyz6=( 15.823986 45.260388 11.314226 )
xyz6=( 15.823986 45.260388 11.314226 )
xyz6=( 15.824087 45.260623 11.314911 )
xyz6=( 15.824087 45.260623 11.314911 )
xyz6=( 15.824188 45.260858 11.315596 )
xyz6=( 15.824188 45.260858 11.315596 )
xyz6=( 15.824289 45.261094 11.316282 )
xyz6=( 15.824289 45.261094 11.316282 )
xyz6=( 15.824389 45.261329 11.316969 )
xyz6=( 15.824389 45.261329 11.316969 )
xyz6=( 15.824488 45.261565 11.317656 )
xyz6=( 15.824488 45.261565 11.317656 )
xyz6=( 15.824588 45.261801 11.318344 )
xyz6=( 15.824588 45.261801 11.318344 )
xyz6=( 15.824687 45.262038 11.319032 )
xyz6=( 15.824687 45.262038 11.319032 )
xyz6=( 15.824786 45.262274 11.319722 )
xyz6=( 15.824884 45.262511 11.320411 )
xyz6=( 15.824982 45.262748 11.321102 )
xyz6=( 15.825080 45.262986 11.321793 )
xyz6=( 15.825178 45.263223 11.322484 )
xyz6=( 15.825275 45.263461 11.323176 )
xyz6=( 15.825371 45.263700 11.323869 )
xyz6=( 15.825468 45.263938 11.324563 )
xyz6=( 15.825564 45.264177 11.325257 )
xyz6=( 15.825660 45.264416 11.325952 )
xyz6=( 15.825755 45.264655 11.326647 )
xyz6=( 15.825850 45.264895 11.327343 )
xyz6=( 15.825945 45.265134 11.328040 )
xyz6=( 15.826039 45.265374 11.328737 )
xyz6=( 15.826134 45.265615 11.329435 )
xyz6=( 15.826227 45.265855 11.330133 )
xyz6=( 15.826321 45.266096 11.330832 )
xyz6=( 15.826414 45.266337 11.331532 )
xyz6=( 15.826506 45.266579 11.332233 )
xyz6=( 15.826599 45.266820 11.332934 )
xyz6=( 15.826691 45.267062 11.333635 )
xyz6=( 15.826783 45.267304 11.334338 )
xyz6=( 15.826874 45.267547 11.335041 )
xyz6=( 15.826965 45.267790 11.335744 )
xyz6=( 15.827056 45.268033 11.336449 )
xyz6=( 15.827146 45.268276 11.337154 )
xyz6=( 15.827236 45.268519 11.337859 )
xyz6=( 15.827325 45.268763 11.338566 )
xyz6=( 15.827415 45.269007 11.339273 )
xyz6=( 15.827503 45.269252 11.339980 )
xyz6=( 15.827592 45.269496 11.340689 )
xyz6=( 15.827680 45.269741 11.341397 )
xyz6=( 15.827768 45.269987 11.342107 )
xyz6=( 15.827855 45.270232 11.342817 )
xyz6=( 15.827942 45.270478 11.343528 )
xyz6=( 15.828029 45.270724 11.344240 )
xyz6=( 15.828116 45.270970 11.344952 )
xyz6=( 15.828202 45.271217 11.345665 )
xyz6=( 15.828287 45.271464 11.346379 )
xyz6=( 15.828372 45.271711 11.347093 )
xyz6=( 15.828457 45.271959 11.347808 )
xyz6=( 15.828542 45.272206 11.348524 )
xyz6=( 15.828626 45.272454 11.349240 )
xyz6=( 15.828710 45.272703 11.349957 )
xyz6=( 15.828793 45.272951 11.350675 )
xyz6=( 15.828876 45.273200 11.351393 )
xyz6=( 15.828959 45.273449 11.352112 )
xyz6=( 15.829042 45.273699 11.352832 )
xyz6=( 15.829123 45.273949 11.353552 )
xyz6=( 15.829205 45.274199 11.354273 )
xyz6=( 15.829286 45.274449 11.354995 )
xyz6=( 15.829367 45.274700 11.355718 )
xyz6=( 15.829448 45.274951 11.356441 )
xyz6=( 15.829528 45.275202 11.357165 )
xyz6=( 15.829607 45.275454 11.357890 )
xyz6=( 15.829687 45.275705 11.358615 )
xyz6=( 15.829766 45.275958 11.359341 )
xyz6=( 15.829844 45.276210 11.360068 )
xyz6=( 15.829922 45.276463 11.360795 )
xyz6=( 15.830000 45.276716 11.361523 )
xyz6=( 15.830078 45.276969 11.362252 )
xyz6=( 15.830155 45.277223 11.362982 )
