xyz6=( 15.008123 44.992952 10.316110 )
xyz6=( 15.008123 44.992952 10.316110 )
xyz6=( 15.008123 44.992952 10.316110 )
xyz6=( 15.008123 44.992952 10.316110 )
xyz6=( 15.002073 44.992771 10.313723 )
xyz6=( 15.002073 44.992771 10.313723 )
xyz6=( 15.002073 44.992771 10.313723 )
xyz6=( 15.002073 44.992771 10.313723 )
xyz6=( 14.995973 44.992600 10.311349 )
xyz6=( 14.995973 44.992600 10.311349 )
xyz6=( 14.995973 44.992600 10.311349 )
xyz6=( 14.995973 44.992600 10.311349 )
xyz6=( 14.989823 44.992441 10.308989 )
xyz6=( 14.989823 44.992441 10.308989 )
xyz6=( 14.989823 44.992441 10.308989 )
xyz6=( 14.983621 44.992292 10.306644 )
xyz6=( 14.983621 44.992292 10.306644 )
xyz6=( 14.983621 44.992292 10.306644 )
xyz6=( 14.977367 44.992154 10.304313 )
xyz6=( 14.977367 44.992154 10.304313 )
xyz6=( 14.977367 44.992154 10.304313 )
xyz6=( 14.971059 44.992027 10.301996 )
xyz6=( 14.971059 44.992027 10.301996 )
xyz6=( 14.971059 44.992027 10.301996 )
xyz6=( 14.964697 44.991912 10.299695 )
xyz6=( 14.964697 44.991912 10.299695 )
xyz6=( 14.964697 44.991912 10.299695 )
xyz6=( 14.958280 44.991809 10.297409 )
xyz6=( 14.958280 44.991809 10.297409 )
xyz6=( 14.951806 44.991718 10.295139 )
xyz6=( 14.951806 44.991718 10.295139 )
xyz6=( 14.945274 44.991639 10.292885 )
xyz6=( 14.945274 44.991639 10.292885 )
xyz6=( 14.938683 44.991572 10.290648 )
xyz6=( 14.938683 44.991572 10.290648 )
xyz6=( 14.932032 44.991519 10.288428 )
xyz6=( 14.932032 44.991519 10.288428 )
xyz6=( 14.925320 44.991478 10.286225 )
xyz6=( 14.925320 44.991478 10.286225 )
xyz6=( 14.918545 44.991451 10.284040 )
xyz6=( 14.918545 44.991451 10.284040 )
xyz6=( 14.911706 44.991438 10.281873 )
xyz6=( 14.911706 44.991438 10.281873 )
xyz6=( 14.904802 44.991439 10.279725 )
xyz6=( 14.904802 44.991439 10.279725 )
xyz6=( 14.897830 44.991454 10.277596 )
xyz6=( 14.897830 44.991454 10.277596 )
xyz6=( 14.890790 44.991484 10.275487 )
xyz6=( 14.890790 44.991484 10.275487 )
xyz6=( 14.883680 44.991529 10.273398 )
xyz6=( 14.876498 44.991589 10.271330 )
xyz6=( 14.869243 44.991666 10.269283 )
xyz6=( 14.861912 44.991758 10.267258 )
xyz6=( 14.854503 44.991868 10.265255 )
xyz6=( 14.847015 44.991995 10.263276 )
xyz6=( 15.801116 45.221631 11.199276 )
xyz6=( 15.801116 45.221631 11.199276 )
xyz6=( 15.801116 45.221631 11.199276 )
xyz6=( 15.801116 45.221631 11.199276 )
xyz6=( 15.802607 45.223625 11.205288 )
xyz6=( 15.802607 45.223625 11.205288 )
xyz6=( 15.802607 45.223625 11.205288 )
xyz6=( 15.802607 45.223625 11.205288 )
xyz6=( 15.804076 45.225637 11.211343 )
xyz6=( 15.804076 45.225637 11.211343 )
xyz6=( 15.804076 45.225637 11.211343 )
xyz6=( 15.804076 45.225637 11.211343 )
xyz6=( 15.805522 45.227668 11.217442 )
xyz6=( 15.805522 45.227668 11.217442 )
xyz6=( 15.805522 45.227668 11.217442 )
xyz6=( 15.806944 45.229717 11.223588 )
xyz6=( 15.806944 45.229717 11.223588 )
xyz6=( 15.806944 45.229717 11.223588 )
xyz6=( 15.808342 45.231786 11.229779 )
xyz6=( 15.808342 45.231786 11.229779 )
xyz6=( 15.808342 45.231786 11.229779 )
xyz6=( 15.809716 45.233875 11.236018 )
xyz6=( 15.809716 45.233875 11.236018 )
xyz6=( 15.809716 45.233875 11.236018 )
xyz6=( 15.811065 45.235983 11.242304 )
xyz6=( 15.811065 45.235983 11.242304 )
xyz6=( 15.811065 45.235983 11.242304 )
xyz6=( 15.812388 45.238112 11.248639 )
xyz6=( 15.812388 45.238112 11.248639 )
xyz6=( 15.813685 45.240262 11.255024 )
xyz6=( 15.813685 45.240262 11.255024 )
xyz6=( 15.814956 45.242433 11.261460 )
xyz6=( 15.814956 45.242433 11.261460 )
xyz6=( 15.816200 45.244626 11.267948 )
xyz6=( 15.816200 45.244626 11.267948 )
xyz6=( 15.817415 45.246841 11.274489 )
xyz6=( 15.817415 45.246841 11.274489 )
xyz6=( 15.818602 45.249079 11.281084 )
xyz6=( 15.818602 45.249079 11.281084 )
xyz6=( 15.819761 45.251339 11.287734 )
xyz6=( 15.819761 45.251339 11.287734 )
xyz6=( 15.820889 45.253623 11.294440 )
xyz6=( 15.820889 45.253623 11.294440 )
xyz6=( 15.821987 45.255932 11.301204 )
xyz6=( 15.821987 45.255932 11.301204 )
xyz6=( 15.823053 45.258265 11.308027 )
xyz6=( 15.823053 45.258265 11.308027 )
xyz6=( 15.824087 45.260623 11.314911 )
xyz6=( 15.824087 45.260623 11.314911 )
xyz6=( 15.825089 45.263007 11.321855 )
xyz6=( 15.826057 45.265418 11.328864 )
xyz6=( 15.826990 45.267856 11.335937 )
xyz6=( 15.827887 45.270321 11.343076 )
xyz6=( 15.828748 45.272816 11.350283 )
xyz6=( 15.829571 45.275339 11.357560 )
