order:    [ 1 7 8 0 12 11 10 13 9 6 4 5 3 2 ]
atoms:    [ CA CA C N C CA N H HA N CA C N C ]
residues: [ 0 2 2 0 3 3 3 3 2 2 1 1 1 0 ]

We use a different pair of symbles to represent the bits values which are associated with the HA and H of the discretized distance, and another one to represent the bits of other hydrogens.
For the HA and H from the discretized distance:
	"+" means 0
	"-" means 1
For any other hydrogens:
	">" means 0
	"<" means 1

d_13_9=3.521847144747 s=[ 0 0 0 0 1 1 0 + - 0 0 0 0 1 ]

d_13_9=3.521847144747 s=[ 0 0 0 0 1 1 0 + - 0 0 1 0 1 ]

d_13_9=3.521847144747 s=[ 0 0 0 0 1 1 0 + - 0 1 0 0 1 ]

d_13_9=3.521847144747 s=[ 0 0 0 0 1 1 0 + - 0 1 1 0 1 ]

d_13_9=3.523867346768 s=[ 0 0 0 0 1 1 0 + - 0 0 0 0 1 ]

d_13_9=3.523867346768 s=[ 0 0 0 0 1 1 0 + - 0 0 1 0 1 ]

d_13_9=3.523867346768 s=[ 0 0 0 0 1 1 0 + - 0 1 0 0 1 ]

d_13_9=3.523867346768 s=[ 0 0 0 0 1 1 0 + - 0 1 1 0 1 ]

d_13_9=3.525887548788 s=[ 0 0 0 0 1 1 0 + - 0 0 0 0 1 ]

d_13_9=3.525887548788 s=[ 0 0 0 0 1 1 0 + - 0 0 1 0 1 ]

d_13_9=3.525887548788 s=[ 0 0 0 0 1 1 0 + - 0 1 0 0 1 ]

d_13_9=3.525887548788 s=[ 0 0 0 0 1 1 0 + - 0 1 1 0 1 ]

d_13_9=3.527907750808 s=[ 0 0 0 0 1 1 0 + - 0 0 0 0 1 ]

d_13_9=3.527907750808 s=[ 0 0 0 0 1 1 0 + - 0 0 1 0 1 ]

d_13_9=3.527907750808 s=[ 0 0 0 0 1 1 0 + - 0 1 1 0 1 ]

d_13_9=3.529927952828 s=[ 0 0 0 0 1 1 0 + - 0 0 0 0 1 ]

d_13_9=3.529927952828 s=[ 0 0 0 0 1 1 0 + - 0 0 1 0 1 ]

d_13_9=3.529927952828 s=[ 0 0 0 0 1 1 0 + - 0 1 1 0 1 ]

d_13_9=3.531948154848 s=[ 0 0 0 0 1 1 0 + - 0 0 0 0 1 ]

d_13_9=3.531948154848 s=[ 0 0 0 0 1 1 0 + - 0 0 1 0 1 ]

d_13_9=3.531948154848 s=[ 0 0 0 0 1 1 0 + - 0 1 1 0 1 ]

d_13_9=3.533968356869 s=[ 0 0 0 0 1 1 0 + - 0 0 0 0 1 ]

d_13_9=3.533968356869 s=[ 0 0 0 0 1 1 0 + - 0 0 1 0 1 ]

d_13_9=3.533968356869 s=[ 0 0 0 0 1 1 0 + - 0 1 1 0 1 ]

d_13_9=3.535988558889 s=[ 0 0 0 0 1 1 0 + - 0 0 0 0 1 ]

d_13_9=3.535988558889 s=[ 0 0 0 0 1 1 0 + - 0 0 1 0 1 ]

d_13_9=3.535988558889 s=[ 0 0 0 0 1 1 0 + - 0 1 1 0 1 ]

d_13_9=3.538008760909 s=[ 0 0 0 0 1 1 0 + - 0 0 0 0 1 ]

d_13_9=3.538008760909 s=[ 0 0 0 0 1 1 0 + - 0 0 1 0 1 ]

d_13_9=3.540028962929 s=[ 0 0 0 0 1 1 0 + - 0 0 0 0 1 ]

d_13_9=3.540028962929 s=[ 0 0 0 0 1 1 0 + - 0 0 1 0 1 ]

d_13_9=3.542049164949 s=[ 0 0 0 0 1 1 0 + - 0 0 0 0 1 ]

d_13_9=3.542049164949 s=[ 0 0 0 0 1 1 0 + - 0 0 1 0 1 ]

d_13_9=3.544069366970 s=[ 0 0 0 0 1 1 0 + - 0 0 0 0 1 ]

d_13_9=3.544069366970 s=[ 0 0 0 0 1 1 0 + - 0 0 1 0 1 ]

d_13_9=3.546089568990 s=[ 0 0 0 0 1 1 0 + - 0 0 0 0 1 ]

d_13_9=3.546089568990 s=[ 0 0 0 0 1 1 0 + - 0 0 1 0 1 ]

d_13_9=3.548109771010 s=[ 0 0 0 0 1 1 0 + - 0 0 0 0 1 ]

d_13_9=3.548109771010 s=[ 0 0 0 0 1 1 0 + - 0 0 1 0 1 ]

d_13_9=3.550129973030 s=[ 0 0 0 0 1 1 0 + - 0 0 0 0 1 ]

d_13_9=3.550129973030 s=[ 0 0 0 0 1 1 0 + - 0 0 1 0 1 ]

d_13_9=3.552150175051 s=[ 0 0 0 0 1 1 0 + - 0 0 0 0 1 ]

d_13_9=3.552150175051 s=[ 0 0 0 0 1 1 0 + - 0 0 1 0 1 ]

d_13_9=3.554170377071 s=[ 0 0 0 0 1 1 0 + - 0 0 0 0 1 ]

d_13_9=3.554170377071 s=[ 0 0 0 0 1 1 0 + - 0 0 1 0 1 ]

d_13_9=3.556190579091 s=[ 0 0 0 0 1 1 0 + - 0 0 0 0 1 ]

d_13_9=3.556190579091 s=[ 0 0 0 0 1 1 0 + - 0 0 1 0 1 ]

d_13_9=3.558210781111 s=[ 0 0 0 0 1 1 0 + - 0 0 0 0 1 ]

d_13_9=3.558210781111 s=[ 0 0 0 0 1 1 0 + - 0 0 1 0 1 ]

d_13_9=3.560230983131 s=[ 0 0 0 0 1 1 0 + - 0 0 0 0 1 ]

d_13_9=3.562251185152 s=[ 0 0 0 0 1 1 0 + - 0 0 0 0 1 ]

d_13_9=3.564271387172 s=[ 0 0 0 0 1 1 0 + - 0 0 0 0 1 ]

d_13_9=3.566291589192 s=[ 0 0 0 0 1 1 0 + - 0 0 0 0 1 ]

d_13_9=3.568311791212 s=[ 0 0 0 0 1 1 0 + - 0 0 0 0 1 ]

d_13_9=3.570331993232 s=[ 0 0 0 0 1 1 0 + - 0 0 0 0 1 ]

d_13_9=3.521847144747 s=[ 0 0 0 1 0 0 1 + + 1 0 0 1 0 ]

d_13_9=3.521847144747 s=[ 0 0 0 1 0 0 1 + + 1 0 1 1 0 ]

d_13_9=3.521847144747 s=[ 0 0 0 1 0 0 1 + + 1 1 0 1 0 ]

d_13_9=3.521847144747 s=[ 0 0 0 1 0 0 1 + + 1 1 1 1 0 ]

d_13_9=3.523867346768 s=[ 0 0 0 1 0 0 1 + + 1 0 0 1 0 ]

d_13_9=3.523867346768 s=[ 0 0 0 1 0 0 1 + + 1 0 1 1 0 ]

d_13_9=3.523867346768 s=[ 0 0 0 1 0 0 1 + + 1 1 0 1 0 ]

d_13_9=3.523867346768 s=[ 0 0 0 1 0 0 1 + + 1 1 1 1 0 ]

d_13_9=3.525887548788 s=[ 0 0 0 1 0 0 1 + + 1 0 0 1 0 ]

d_13_9=3.525887548788 s=[ 0 0 0 1 0 0 1 + + 1 0 1 1 0 ]

d_13_9=3.525887548788 s=[ 0 0 0 1 0 0 1 + + 1 1 0 1 0 ]

d_13_9=3.525887548788 s=[ 0 0 0 1 0 0 1 + + 1 1 1 1 0 ]

d_13_9=3.527907750808 s=[ 0 0 0 1 0 0 1 + + 1 0 0 1 0 ]

d_13_9=3.527907750808 s=[ 0 0 0 1 0 0 1 + + 1 1 0 1 0 ]

d_13_9=3.527907750808 s=[ 0 0 0 1 0 0 1 + + 1 1 1 1 0 ]

d_13_9=3.529927952828 s=[ 0 0 0 1 0 0 1 + + 1 0 0 1 0 ]

d_13_9=3.529927952828 s=[ 0 0 0 1 0 0 1 + + 1 1 0 1 0 ]

d_13_9=3.529927952828 s=[ 0 0 0 1 0 0 1 + + 1 1 1 1 0 ]

d_13_9=3.531948154848 s=[ 0 0 0 1 0 0 1 + + 1 0 0 1 0 ]

d_13_9=3.531948154848 s=[ 0 0 0 1 0 0 1 + + 1 1 0 1 0 ]

d_13_9=3.531948154848 s=[ 0 0 0 1 0 0 1 + + 1 1 1 1 0 ]

d_13_9=3.533968356869 s=[ 0 0 0 1 0 0 1 + + 1 0 0 1 0 ]

d_13_9=3.533968356869 s=[ 0 0 0 1 0 0 1 + + 1 1 0 1 0 ]

d_13_9=3.533968356869 s=[ 0 0 0 1 0 0 1 + + 1 1 1 1 0 ]

d_13_9=3.535988558889 s=[ 0 0 0 1 0 0 1 + + 1 0 0 1 0 ]

d_13_9=3.535988558889 s=[ 0 0 0 1 0 0 1 + + 1 1 0 1 0 ]

d_13_9=3.535988558889 s=[ 0 0 0 1 0 0 1 + + 1 1 1 1 0 ]

d_13_9=3.538008760909 s=[ 0 0 0 1 0 0 1 + + 1 1 0 1 0 ]

d_13_9=3.538008760909 s=[ 0 0 0 1 0 0 1 + + 1 1 1 1 0 ]

d_13_9=3.540028962929 s=[ 0 0 0 1 0 0 1 + + 1 1 0 1 0 ]

d_13_9=3.540028962929 s=[ 0 0 0 1 0 0 1 + + 1 1 1 1 0 ]

d_13_9=3.542049164949 s=[ 0 0 0 1 0 0 1 + + 1 1 0 1 0 ]

d_13_9=3.542049164949 s=[ 0 0 0 1 0 0 1 + + 1 1 1 1 0 ]

d_13_9=3.544069366970 s=[ 0 0 0 1 0 0 1 + + 1 1 0 1 0 ]

d_13_9=3.544069366970 s=[ 0 0 0 1 0 0 1 + + 1 1 1 1 0 ]

d_13_9=3.546089568990 s=[ 0 0 0 1 0 0 1 + + 1 1 0 1 0 ]

d_13_9=3.546089568990 s=[ 0 0 0 1 0 0 1 + + 1 1 1 1 0 ]

d_13_9=3.548109771010 s=[ 0 0 0 1 0 0 1 + + 1 1 0 1 0 ]

d_13_9=3.548109771010 s=[ 0 0 0 1 0 0 1 + + 1 1 1 1 0 ]

d_13_9=3.550129973030 s=[ 0 0 0 1 0 0 1 + + 1 1 0 1 0 ]

d_13_9=3.550129973030 s=[ 0 0 0 1 0 0 1 + + 1 1 1 1 0 ]

d_13_9=3.552150175051 s=[ 0 0 0 1 0 0 1 + + 1 1 0 1 0 ]

d_13_9=3.552150175051 s=[ 0 0 0 1 0 0 1 + + 1 1 1 1 0 ]

d_13_9=3.554170377071 s=[ 0 0 0 1 0 0 1 + + 1 1 0 1 0 ]

d_13_9=3.554170377071 s=[ 0 0 0 1 0 0 1 + + 1 1 1 1 0 ]

d_13_9=3.556190579091 s=[ 0 0 0 1 0 0 1 + + 1 1 0 1 0 ]

d_13_9=3.556190579091 s=[ 0 0 0 1 0 0 1 + + 1 1 1 1 0 ]

d_13_9=3.558210781111 s=[ 0 0 0 1 0 0 1 + + 1 1 0 1 0 ]

d_13_9=3.558210781111 s=[ 0 0 0 1 0 0 1 + + 1 1 1 1 0 ]

d_13_9=3.560230983131 s=[ 0 0 0 1 0 0 1 + + 1 1 1 1 0 ]

d_13_9=3.562251185152 s=[ 0 0 0 1 0 0 1 + + 1 1 1 1 0 ]

d_13_9=3.564271387172 s=[ 0 0 0 1 0 0 1 + + 1 1 1 1 0 ]

d_13_9=3.566291589192 s=[ 0 0 0 1 0 0 1 + + 1 1 1 1 0 ]

d_13_9=3.568311791212 s=[ 0 0 0 1 0 0 1 + + 1 1 1 1 0 ]

d_13_9=3.570331993232 s=[ 0 0 0 1 0 0 1 + + 1 1 1 1 0 ]

