order:    [ 1 7 8 0 12 11 10 13 9 6 4 5 3 2 ]
atoms:    [ CA CA C N C CA N H HA N CA C N C ]
residues: [ 0 2 2 0 3 3 3 3 2 2 1 1 1 0 ]

d_13_9=3.521847144747 eijMax=1.618E-03 rmsd=3.052E-01 s=[ 0 0 0 0 1 1 0 0 1 0 0 0 0 1 ]
d_13_9=3.521847144747 eijMax=1.830E-04 rmsd=2.446E-01 s=[ 0 0 0 0 1 1 0 0 1 0 0 1 0 1 ]
d_13_9=3.521847144747 eijMax=2.512E-03 rmsd=4.205E-01 s=[ 0 0 0 0 1 1 0 0 1 0 1 0 0 1 ]
d_13_9=3.521847144747 eijMax=4.788E-04 rmsd=3.624E-01 s=[ 0 0 0 0 1 1 0 0 1 0 1 1 0 1 ]
d_13_9=3.523867346768 eijMax=6.518E-04 rmsd=9.093E-02 s=[ 0 0 0 0 1 1 0 0 1 0 0 0 0 1 ]
d_13_9=3.523867346768 eijMax=1.308E-06 rmsd=6.760E-03 s=[ 0 0 0 0 1 1 0 0 1 0 0 1 0 1 ]
d_13_9=3.523867346768 eijMax=5.513E-03 rmsd=6.382E-01 s=[ 0 0 0 0 1 1 0 0 1 0 1 0 0 1 ]
d_13_9=3.523867346768 eijMax=1.678E-03 rmsd=5.827E-01 s=[ 0 0 0 0 1 1 0 0 1 0 1 1 0 1 ]
d_13_9=3.525887548788 eijMax=4.405E-04 rmsd=9.209E-02 s=[ 0 0 0 0 1 1 0 0 1 0 0 0 0 1 ]
d_13_9=3.525887548788 eijMax=7.375E-05 rmsd=1.152E-01 s=[ 0 0 0 0 1 1 0 0 1 0 0 1 0 1 ]
d_13_9=3.525887548788 eijMax=7.924E-03 rmsd=7.421E-01 s=[ 0 0 0 0 1 1 0 0 1 0 1 0 0 1 ]
d_13_9=3.525887548788 eijMax=2.750E-03 rmsd=6.876E-01 s=[ 0 0 0 0 1 1 0 0 1 0 1 1 0 1 ]
d_13_9=3.527907750808 eijMax=3.735E-04 rmsd=1.709E-01 s=[ 0 0 0 0 1 1 0 0 1 0 0 0 0 1 ]
d_13_9=3.527907750808 eijMax=2.174E-04 rmsd=2.102E-01 s=[ 0 0 0 0 1 1 0 0 1 0 0 1 0 1 ]
d_13_9=3.527907750808 eijMax=3.890E-03 rmsd=7.657E-01 s=[ 0 0 0 0 1 1 0 0 1 0 1 1 0 1 ]
d_13_9=3.529927952828 eijMax=3.781E-04 rmsd=2.467E-01 s=[ 0 0 0 0 1 1 0 0 1 0 0 0 0 1 ]
d_13_9=3.529927952828 eijMax=4.109E-04 rmsd=2.906E-01 s=[ 0 0 0 0 1 1 0 0 1 0 0 1 0 1 ]
d_13_9=3.529927952828 eijMax=5.126E-03 rmsd=8.296E-01 s=[ 0 0 0 0 1 1 0 0 1 0 1 1 0 1 ]
d_13_9=3.531948154848 eijMax=4.300E-04 rmsd=3.155E-01 s=[ 0 0 0 0 1 1 0 0 1 0 0 0 0 1 ]
d_13_9=3.531948154848 eijMax=6.498E-04 rmsd=3.617E-01 s=[ 0 0 0 0 1 1 0 0 1 0 0 1 0 1 ]
d_13_9=3.531948154848 eijMax=6.468E-03 rmsd=8.844E-01 s=[ 0 0 0 0 1 1 0 0 1 0 1 1 0 1 ]
d_13_9=3.533968356869 eijMax=5.189E-04 rmsd=3.784E-01 s=[ 0 0 0 0 1 1 0 0 1 0 0 0 0 1 ]
d_13_9=3.533968356869 eijMax=9.343E-04 rmsd=4.259E-01 s=[ 0 0 0 0 1 1 0 0 1 0 0 1 0 1 ]
d_13_9=3.533968356869 eijMax=7.926E-03 rmsd=9.327E-01 s=[ 0 0 0 0 1 1 0 0 1 0 1 1 0 1 ]
d_13_9=3.535988558889 eijMax=6.403E-04 rmsd=4.364E-01 s=[ 0 0 0 0 1 1 0 0 1 0 0 0 0 1 ]
d_13_9=3.535988558889 eijMax=1.266E-03 rmsd=4.848E-01 s=[ 0 0 0 0 1 1 0 0 1 0 0 1 0 1 ]
d_13_9=3.535988558889 eijMax=9.508E-03 rmsd=9.760E-01 s=[ 0 0 0 0 1 1 0 0 1 0 1 1 0 1 ]
d_13_9=3.538008760909 eijMax=7.925E-04 rmsd=4.904E-01 s=[ 0 0 0 0 1 1 0 0 1 0 0 0 0 1 ]
d_13_9=3.538008760909 eijMax=1.648E-03 rmsd=5.394E-01 s=[ 0 0 0 0 1 1 0 0 1 0 0 1 0 1 ]
d_13_9=3.540028962929 eijMax=9.753E-04 rmsd=5.410E-01 s=[ 0 0 0 0 1 1 0 0 1 0 0 0 0 1 ]
d_13_9=3.540028962929 eijMax=2.083E-03 rmsd=5.905E-01 s=[ 0 0 0 0 1 1 0 0 1 0 0 1 0 1 ]
d_13_9=3.542049164949 eijMax=1.189E-03 rmsd=5.887E-01 s=[ 0 0 0 0 1 1 0 0 1 0 0 0 0 1 ]
d_13_9=3.542049164949 eijMax=2.575E-03 rmsd=6.387E-01 s=[ 0 0 0 0 1 1 0 0 1 0 0 1 0 1 ]
d_13_9=3.544069366970 eijMax=1.436E-03 rmsd=6.338E-01 s=[ 0 0 0 0 1 1 0 0 1 0 0 0 0 1 ]
d_13_9=3.544069366970 eijMax=3.128E-03 rmsd=6.842E-01 s=[ 0 0 0 0 1 1 0 0 1 0 0 1 0 1 ]
d_13_9=3.546089568990 eijMax=1.718E-03 rmsd=6.767E-01 s=[ 0 0 0 0 1 1 0 0 1 0 0 0 0 1 ]
d_13_9=3.546089568990 eijMax=3.748E-03 rmsd=7.274E-01 s=[ 0 0 0 0 1 1 0 0 1 0 0 1 0 1 ]
d_13_9=3.548109771010 eijMax=2.037E-03 rmsd=7.176E-01 s=[ 0 0 0 0 1 1 0 0 1 0 0 0 0 1 ]
d_13_9=3.548109771010 eijMax=4.441E-03 rmsd=7.685E-01 s=[ 0 0 0 0 1 1 0 0 1 0 0 1 0 1 ]
d_13_9=3.550129973030 eijMax=2.395E-03 rmsd=7.566E-01 s=[ 0 0 0 0 1 1 0 0 1 0 0 0 0 1 ]
d_13_9=3.550129973030 eijMax=5.212E-03 rmsd=8.078E-01 s=[ 0 0 0 0 1 1 0 0 1 0 0 1 0 1 ]
d_13_9=3.552150175051 eijMax=2.796E-03 rmsd=7.940E-01 s=[ 0 0 0 0 1 1 0 0 1 0 0 0 0 1 ]
d_13_9=3.552150175051 eijMax=6.068E-03 rmsd=8.455E-01 s=[ 0 0 0 0 1 1 0 0 1 0 0 1 0 1 ]
d_13_9=3.554170377071 eijMax=3.244E-03 rmsd=8.299E-01 s=[ 0 0 0 0 1 1 0 0 1 0 0 0 0 1 ]
d_13_9=3.554170377071 eijMax=7.018E-03 rmsd=8.816E-01 s=[ 0 0 0 0 1 1 0 0 1 0 0 1 0 1 ]
d_13_9=3.556190579091 eijMax=3.741E-03 rmsd=8.643E-01 s=[ 0 0 0 0 1 1 0 0 1 0 0 0 0 1 ]
d_13_9=3.556190579091 eijMax=8.070E-03 rmsd=9.164E-01 s=[ 0 0 0 0 1 1 0 0 1 0 0 1 0 1 ]
d_13_9=3.558210781111 eijMax=4.294E-03 rmsd=8.975E-01 s=[ 0 0 0 0 1 1 0 0 1 0 0 0 0 1 ]
d_13_9=3.558210781111 eijMax=9.236E-03 rmsd=9.498E-01 s=[ 0 0 0 0 1 1 0 0 1 0 0 1 0 1 ]
d_13_9=3.560230983131 eijMax=4.905E-03 rmsd=9.294E-01 s=[ 0 0 0 0 1 1 0 0 1 0 0 0 0 1 ]
d_13_9=3.562251185152 eijMax=5.582E-03 rmsd=9.602E-01 s=[ 0 0 0 0 1 1 0 0 1 0 0 0 0 1 ]
d_13_9=3.564271387172 eijMax=6.330E-03 rmsd=9.900E-01 s=[ 0 0 0 0 1 1 0 0 1 0 0 0 0 1 ]
d_13_9=3.566291589192 eijMax=7.155E-03 rmsd=1.019E+00 s=[ 0 0 0 0 1 1 0 0 1 0 0 0 0 1 ]
d_13_9=3.568311791212 eijMax=8.068E-03 rmsd=1.047E+00 s=[ 0 0 0 0 1 1 0 0 1 0 0 0 0 1 ]
d_13_9=3.570331993232 eijMax=9.075E-03 rmsd=1.074E+00 s=[ 0 0 0 0 1 1 0 0 1 0 0 0 0 1 ]
d_13_9=3.521847144747 eijMax=4.788E-04 rmsd=3.624E-01 s=[ 0 0 0 1 0 0 1 0 0 1 0 0 1 0 ]
d_13_9=3.521847144747 eijMax=2.512E-03 rmsd=4.205E-01 s=[ 0 0 0 1 0 0 1 0 0 1 0 1 1 0 ]
d_13_9=3.521847144747 eijMax=1.830E-04 rmsd=2.446E-01 s=[ 0 0 0 1 0 0 1 0 0 1 1 0 1 0 ]
d_13_9=3.521847144747 eijMax=1.618E-03 rmsd=3.052E-01 s=[ 0 0 0 1 0 0 1 0 0 1 1 1 1 0 ]
d_13_9=3.523867346768 eijMax=1.678E-03 rmsd=5.827E-01 s=[ 0 0 0 1 0 0 1 0 0 1 0 0 1 0 ]
d_13_9=3.523867346768 eijMax=5.513E-03 rmsd=6.382E-01 s=[ 0 0 0 1 0 0 1 0 0 1 0 1 1 0 ]
d_13_9=3.523867346768 eijMax=1.308E-06 rmsd=6.760E-03 s=[ 0 0 0 1 0 0 1 0 0 1 1 0 1 0 ]
d_13_9=3.523867346768 eijMax=6.518E-04 rmsd=9.093E-02 s=[ 0 0 0 1 0 0 1 0 0 1 1 1 1 0 ]
d_13_9=3.525887548788 eijMax=2.750E-03 rmsd=6.876E-01 s=[ 0 0 0 1 0 0 1 0 0 1 0 0 1 0 ]
d_13_9=3.525887548788 eijMax=7.924E-03 rmsd=7.421E-01 s=[ 0 0 0 1 0 0 1 0 0 1 0 1 1 0 ]
d_13_9=3.525887548788 eijMax=7.375E-05 rmsd=1.152E-01 s=[ 0 0 0 1 0 0 1 0 0 1 1 0 1 0 ]
d_13_9=3.525887548788 eijMax=4.405E-04 rmsd=9.209E-02 s=[ 0 0 0 1 0 0 1 0 0 1 1 1 1 0 ]
d_13_9=3.527907750808 eijMax=3.890E-03 rmsd=7.657E-01 s=[ 0 0 0 1 0 0 1 0 0 1 0 0 1 0 ]
d_13_9=3.527907750808 eijMax=2.174E-04 rmsd=2.102E-01 s=[ 0 0 0 1 0 0 1 0 0 1 1 0 1 0 ]
d_13_9=3.527907750808 eijMax=3.735E-04 rmsd=1.709E-01 s=[ 0 0 0 1 0 0 1 0 0 1 1 1 1 0 ]
d_13_9=3.529927952828 eijMax=5.126E-03 rmsd=8.296E-01 s=[ 0 0 0 1 0 0 1 0 0 1 0 0 1 0 ]
d_13_9=3.529927952828 eijMax=4.109E-04 rmsd=2.906E-01 s=[ 0 0 0 1 0 0 1 0 0 1 1 0 1 0 ]
d_13_9=3.529927952828 eijMax=3.781E-04 rmsd=2.467E-01 s=[ 0 0 0 1 0 0 1 0 0 1 1 1 1 0 ]
d_13_9=3.531948154848 eijMax=6.468E-03 rmsd=8.844E-01 s=[ 0 0 0 1 0 0 1 0 0 1 0 0 1 0 ]
d_13_9=3.531948154848 eijMax=6.498E-04 rmsd=3.617E-01 s=[ 0 0 0 1 0 0 1 0 0 1 1 0 1 0 ]
d_13_9=3.531948154848 eijMax=4.300E-04 rmsd=3.155E-01 s=[ 0 0 0 1 0 0 1 0 0 1 1 1 1 0 ]
d_13_9=3.533968356869 eijMax=7.926E-03 rmsd=9.327E-01 s=[ 0 0 0 1 0 0 1 0 0 1 0 0 1 0 ]
d_13_9=3.533968356869 eijMax=9.343E-04 rmsd=4.259E-01 s=[ 0 0 0 1 0 0 1 0 0 1 1 0 1 0 ]
d_13_9=3.533968356869 eijMax=5.189E-04 rmsd=3.784E-01 s=[ 0 0 0 1 0 0 1 0 0 1 1 1 1 0 ]
d_13_9=3.535988558889 eijMax=9.508E-03 rmsd=9.760E-01 s=[ 0 0 0 1 0 0 1 0 0 1 0 0 1 0 ]
d_13_9=3.535988558889 eijMax=1.266E-03 rmsd=4.848E-01 s=[ 0 0 0 1 0 0 1 0 0 1 1 0 1 0 ]
d_13_9=3.535988558889 eijMax=6.403E-04 rmsd=4.364E-01 s=[ 0 0 0 1 0 0 1 0 0 1 1 1 1 0 ]
d_13_9=3.538008760909 eijMax=1.648E-03 rmsd=5.394E-01 s=[ 0 0 0 1 0 0 1 0 0 1 1 0 1 0 ]
d_13_9=3.538008760909 eijMax=7.925E-04 rmsd=4.904E-01 s=[ 0 0 0 1 0 0 1 0 0 1 1 1 1 0 ]
d_13_9=3.540028962929 eijMax=2.083E-03 rmsd=5.905E-01 s=[ 0 0 0 1 0 0 1 0 0 1 1 0 1 0 ]
d_13_9=3.540028962929 eijMax=9.753E-04 rmsd=5.410E-01 s=[ 0 0 0 1 0 0 1 0 0 1 1 1 1 0 ]
d_13_9=3.542049164949 eijMax=2.575E-03 rmsd=6.387E-01 s=[ 0 0 0 1 0 0 1 0 0 1 1 0 1 0 ]
d_13_9=3.542049164949 eijMax=1.189E-03 rmsd=5.887E-01 s=[ 0 0 0 1 0 0 1 0 0 1 1 1 1 0 ]
d_13_9=3.544069366970 eijMax=3.128E-03 rmsd=6.842E-01 s=[ 0 0 0 1 0 0 1 0 0 1 1 0 1 0 ]
d_13_9=3.544069366970 eijMax=1.436E-03 rmsd=6.338E-01 s=[ 0 0 0 1 0 0 1 0 0 1 1 1 1 0 ]
d_13_9=3.546089568990 eijMax=3.748E-03 rmsd=7.274E-01 s=[ 0 0 0 1 0 0 1 0 0 1 1 0 1 0 ]
d_13_9=3.546089568990 eijMax=1.718E-03 rmsd=6.767E-01 s=[ 0 0 0 1 0 0 1 0 0 1 1 1 1 0 ]
d_13_9=3.548109771010 eijMax=4.441E-03 rmsd=7.685E-01 s=[ 0 0 0 1 0 0 1 0 0 1 1 0 1 0 ]
d_13_9=3.548109771010 eijMax=2.037E-03 rmsd=7.176E-01 s=[ 0 0 0 1 0 0 1 0 0 1 1 1 1 0 ]
d_13_9=3.550129973030 eijMax=5.212E-03 rmsd=8.078E-01 s=[ 0 0 0 1 0 0 1 0 0 1 1 0 1 0 ]
d_13_9=3.550129973030 eijMax=2.395E-03 rmsd=7.566E-01 s=[ 0 0 0 1 0 0 1 0 0 1 1 1 1 0 ]
d_13_9=3.552150175051 eijMax=6.068E-03 rmsd=8.455E-01 s=[ 0 0 0 1 0 0 1 0 0 1 1 0 1 0 ]
d_13_9=3.552150175051 eijMax=2.796E-03 rmsd=7.940E-01 s=[ 0 0 0 1 0 0 1 0 0 1 1 1 1 0 ]
d_13_9=3.554170377071 eijMax=7.018E-03 rmsd=8.816E-01 s=[ 0 0 0 1 0 0 1 0 0 1 1 0 1 0 ]
d_13_9=3.554170377071 eijMax=3.244E-03 rmsd=8.299E-01 s=[ 0 0 0 1 0 0 1 0 0 1 1 1 1 0 ]
d_13_9=3.556190579091 eijMax=8.070E-03 rmsd=9.164E-01 s=[ 0 0 0 1 0 0 1 0 0 1 1 0 1 0 ]
d_13_9=3.556190579091 eijMax=3.741E-03 rmsd=8.643E-01 s=[ 0 0 0 1 0 0 1 0 0 1 1 1 1 0 ]
d_13_9=3.558210781111 eijMax=9.236E-03 rmsd=9.498E-01 s=[ 0 0 0 1 0 0 1 0 0 1 1 0 1 0 ]
d_13_9=3.558210781111 eijMax=4.294E-03 rmsd=8.975E-01 s=[ 0 0 0 1 0 0 1 0 0 1 1 1 1 0 ]
d_13_9=3.560230983131 eijMax=4.905E-03 rmsd=9.294E-01 s=[ 0 0 0 1 0 0 1 0 0 1 1 1 1 0 ]
d_13_9=3.562251185152 eijMax=5.582E-03 rmsd=9.602E-01 s=[ 0 0 0 1 0 0 1 0 0 1 1 1 1 0 ]
d_13_9=3.564271387172 eijMax=6.330E-03 rmsd=9.900E-01 s=[ 0 0 0 1 0 0 1 0 0 1 1 1 1 0 ]
d_13_9=3.566291589192 eijMax=7.155E-03 rmsd=1.019E+00 s=[ 0 0 0 1 0 0 1 0 0 1 1 1 1 0 ]
d_13_9=3.568311791212 eijMax=8.068E-03 rmsd=1.047E+00 s=[ 0 0 0 1 0 0 1 0 0 1 1 1 1 0 ]
d_13_9=3.570331993232 eijMax=9.075E-03 rmsd=1.074E+00 s=[ 0 0 0 1 0 0 1 0 0 1 1 1 1 0 ]
num ..... 100
nnodes .. 14
nedges .. 43
nsols ... 110
nbbsols 110
tsecs ... 0.931915
