order:    [ 1 7 8 0 12 11 10 13 9 6 4 5 3 2 ]
atoms:    [ CA CA C N C CA N H HA N CA C N C ]
residues: [ 0 2 2 0 3 3 3 3 2 2 1 1 1 0 ]

We use a different pair of symbles to represent the bits values which are associated with the HA and H of the discretized distance, and another one to represent the bits of other hydrogens.
For the HA and H from the discretized distance:
	"+" means 0
	"-" means 1
For any other hydrogens:
	">" means 0
	"<" means 1

d_13_9=3.521774344675 s=[ 0 0 0 0 1 1 0 + - 0 0 0 0 1 ]

d_13_9=3.521774344675 s=[ 0 0 0 0 1 1 0 + - 0 0 1 0 1 ]

d_13_9=3.521774344675 s=[ 0 0 0 0 1 1 0 + - 0 1 0 0 1 ]

d_13_9=3.521774344675 s=[ 0 0 0 0 1 1 0 + - 0 1 1 0 1 ]

d_13_9=3.521974544875 s=[ 0 0 0 0 1 1 0 + - 0 0 0 0 1 ]

d_13_9=3.521974544875 s=[ 0 0 0 0 1 1 0 + - 0 0 1 0 1 ]

d_13_9=3.521974544875 s=[ 0 0 0 0 1 1 0 + - 0 1 0 0 1 ]

d_13_9=3.521974544875 s=[ 0 0 0 0 1 1 0 + - 0 1 1 0 1 ]

d_13_9=3.522174745075 s=[ 0 0 0 0 1 1 0 + - 0 0 0 0 1 ]

d_13_9=3.522174745075 s=[ 0 0 0 0 1 1 0 + - 0 0 1 0 1 ]

d_13_9=3.522174745075 s=[ 0 0 0 0 1 1 0 + - 0 1 0 0 1 ]

d_13_9=3.522174745075 s=[ 0 0 0 0 1 1 0 + - 0 1 1 0 1 ]

d_13_9=3.522374945275 s=[ 0 0 0 0 1 1 0 + - 0 0 0 0 1 ]

d_13_9=3.522374945275 s=[ 0 0 0 0 1 1 0 + - 0 0 1 0 1 ]

d_13_9=3.522374945275 s=[ 0 0 0 0 1 1 0 + - 0 1 0 0 1 ]

d_13_9=3.522374945275 s=[ 0 0 0 0 1 1 0 + - 0 1 1 0 1 ]

d_13_9=3.522575145475 s=[ 0 0 0 0 1 1 0 + - 0 0 0 0 1 ]

d_13_9=3.522575145475 s=[ 0 0 0 0 1 1 0 + - 0 0 1 0 1 ]

d_13_9=3.522575145475 s=[ 0 0 0 0 1 1 0 + - 0 1 0 0 1 ]

d_13_9=3.522575145475 s=[ 0 0 0 0 1 1 0 + - 0 1 1 0 1 ]

d_13_9=3.522775345676 s=[ 0 0 0 0 1 1 0 + - 0 0 0 0 1 ]

d_13_9=3.522775345676 s=[ 0 0 0 0 1 1 0 + - 0 0 1 0 1 ]

d_13_9=3.522775345676 s=[ 0 0 0 0 1 1 0 + - 0 1 0 0 1 ]

d_13_9=3.522775345676 s=[ 0 0 0 0 1 1 0 + - 0 1 1 0 1 ]

d_13_9=3.522975545876 s=[ 0 0 0 0 1 1 0 + - 0 0 0 0 1 ]

d_13_9=3.522975545876 s=[ 0 0 0 0 1 1 0 + - 0 0 1 0 1 ]

d_13_9=3.522975545876 s=[ 0 0 0 0 1 1 0 + - 0 1 0 0 1 ]

d_13_9=3.522975545876 s=[ 0 0 0 0 1 1 0 + - 0 1 1 0 1 ]

d_13_9=3.523175746076 s=[ 0 0 0 0 1 1 0 + - 0 0 0 0 1 ]

d_13_9=3.523175746076 s=[ 0 0 0 0 1 1 0 + - 0 0 1 0 1 ]

d_13_9=3.523175746076 s=[ 0 0 0 0 1 1 0 + - 0 1 0 0 1 ]

d_13_9=3.523175746076 s=[ 0 0 0 0 1 1 0 + - 0 1 1 0 1 ]

d_13_9=3.523375946276 s=[ 0 0 0 0 1 1 0 + - 0 0 0 0 1 ]

d_13_9=3.523375946276 s=[ 0 0 0 0 1 1 0 + - 0 0 1 0 1 ]

d_13_9=3.523375946276 s=[ 0 0 0 0 1 1 0 + - 0 1 0 0 1 ]

d_13_9=3.523375946276 s=[ 0 0 0 0 1 1 0 + - 0 1 1 0 1 ]

d_13_9=3.523576146476 s=[ 0 0 0 0 1 1 0 + - 0 0 0 0 1 ]

d_13_9=3.523576146476 s=[ 0 0 0 0 1 1 0 + - 0 0 1 0 1 ]

d_13_9=3.523576146476 s=[ 0 0 0 0 1 1 0 + - 0 1 0 0 1 ]

d_13_9=3.523576146476 s=[ 0 0 0 0 1 1 0 + - 0 1 1 0 1 ]

d_13_9=3.523776346677 s=[ 0 0 0 0 1 1 0 + - 0 0 0 0 1 ]

d_13_9=3.523776346677 s=[ 0 0 0 0 1 1 0 + - 0 0 1 0 1 ]

d_13_9=3.523776346677 s=[ 0 0 0 0 1 1 0 + - 0 1 0 0 1 ]

d_13_9=3.523776346677 s=[ 0 0 0 0 1 1 0 + - 0 1 1 0 1 ]

d_13_9=3.523976546877 s=[ 0 0 0 0 1 1 0 + - 0 0 0 0 1 ]

d_13_9=3.523976546877 s=[ 0 0 0 0 1 1 0 + - 0 0 1 0 1 ]

d_13_9=3.523976546877 s=[ 0 0 0 0 1 1 0 + - 0 1 0 0 1 ]

d_13_9=3.523976546877 s=[ 0 0 0 0 1 1 0 + - 0 1 1 0 1 ]

d_13_9=3.524176747077 s=[ 0 0 0 0 1 1 0 + - 0 0 0 0 1 ]

d_13_9=3.524176747077 s=[ 0 0 0 0 1 1 0 + - 0 0 1 0 1 ]

d_13_9=3.524176747077 s=[ 0 0 0 0 1 1 0 + - 0 1 0 0 1 ]

d_13_9=3.524176747077 s=[ 0 0 0 0 1 1 0 + - 0 1 1 0 1 ]

d_13_9=3.524376947277 s=[ 0 0 0 0 1 1 0 + - 0 0 0 0 1 ]

d_13_9=3.524376947277 s=[ 0 0 0 0 1 1 0 + - 0 0 1 0 1 ]

d_13_9=3.524376947277 s=[ 0 0 0 0 1 1 0 + - 0 1 0 0 1 ]

d_13_9=3.524376947277 s=[ 0 0 0 0 1 1 0 + - 0 1 1 0 1 ]

d_13_9=3.524577147477 s=[ 0 0 0 0 1 1 0 + - 0 0 0 0 1 ]

d_13_9=3.524577147477 s=[ 0 0 0 0 1 1 0 + - 0 0 1 0 1 ]

d_13_9=3.524577147477 s=[ 0 0 0 0 1 1 0 + - 0 1 0 0 1 ]

d_13_9=3.524577147477 s=[ 0 0 0 0 1 1 0 + - 0 1 1 0 1 ]

d_13_9=3.524777347678 s=[ 0 0 0 0 1 1 0 + - 0 0 0 0 1 ]

d_13_9=3.524777347678 s=[ 0 0 0 0 1 1 0 + - 0 0 1 0 1 ]

d_13_9=3.524777347678 s=[ 0 0 0 0 1 1 0 + - 0 1 0 0 1 ]

d_13_9=3.524777347678 s=[ 0 0 0 0 1 1 0 + - 0 1 1 0 1 ]

d_13_9=3.524977547878 s=[ 0 0 0 0 1 1 0 + - 0 0 0 0 1 ]

d_13_9=3.524977547878 s=[ 0 0 0 0 1 1 0 + - 0 0 1 0 1 ]

d_13_9=3.524977547878 s=[ 0 0 0 0 1 1 0 + - 0 1 0 0 1 ]

d_13_9=3.524977547878 s=[ 0 0 0 0 1 1 0 + - 0 1 1 0 1 ]

d_13_9=3.525177748078 s=[ 0 0 0 0 1 1 0 + - 0 0 0 0 1 ]

d_13_9=3.525177748078 s=[ 0 0 0 0 1 1 0 + - 0 0 1 0 1 ]

d_13_9=3.525177748078 s=[ 0 0 0 0 1 1 0 + - 0 1 0 0 1 ]

d_13_9=3.525177748078 s=[ 0 0 0 0 1 1 0 + - 0 1 1 0 1 ]

d_13_9=3.525377948278 s=[ 0 0 0 0 1 1 0 + - 0 0 0 0 1 ]

d_13_9=3.525377948278 s=[ 0 0 0 0 1 1 0 + - 0 0 1 0 1 ]

d_13_9=3.525377948278 s=[ 0 0 0 0 1 1 0 + - 0 1 0 0 1 ]

d_13_9=3.525377948278 s=[ 0 0 0 0 1 1 0 + - 0 1 1 0 1 ]

d_13_9=3.525578148478 s=[ 0 0 0 0 1 1 0 + - 0 0 0 0 1 ]

d_13_9=3.525578148478 s=[ 0 0 0 0 1 1 0 + - 0 0 1 0 1 ]

d_13_9=3.525578148478 s=[ 0 0 0 0 1 1 0 + - 0 1 0 0 1 ]

d_13_9=3.525578148478 s=[ 0 0 0 0 1 1 0 + - 0 1 1 0 1 ]

d_13_9=3.525778348679 s=[ 0 0 0 0 1 1 0 + - 0 0 0 0 1 ]

d_13_9=3.525778348679 s=[ 0 0 0 0 1 1 0 + - 0 0 1 0 1 ]

d_13_9=3.525778348679 s=[ 0 0 0 0 1 1 0 + - 0 1 0 0 1 ]

d_13_9=3.525778348679 s=[ 0 0 0 0 1 1 0 + - 0 1 1 0 1 ]

d_13_9=3.525978548879 s=[ 0 0 0 0 1 1 0 + - 0 0 0 0 1 ]

d_13_9=3.525978548879 s=[ 0 0 0 0 1 1 0 + - 0 0 1 0 1 ]

d_13_9=3.525978548879 s=[ 0 0 0 0 1 1 0 + - 0 1 0 0 1 ]

d_13_9=3.525978548879 s=[ 0 0 0 0 1 1 0 + - 0 1 1 0 1 ]

d_13_9=3.526178749079 s=[ 0 0 0 0 1 1 0 + - 0 0 0 0 1 ]

d_13_9=3.526178749079 s=[ 0 0 0 0 1 1 0 + - 0 0 1 0 1 ]

d_13_9=3.526178749079 s=[ 0 0 0 0 1 1 0 + - 0 1 0 0 1 ]

d_13_9=3.526178749079 s=[ 0 0 0 0 1 1 0 + - 0 1 1 0 1 ]

d_13_9=3.526378949279 s=[ 0 0 0 0 1 1 0 + - 0 0 0 0 1 ]

d_13_9=3.526378949279 s=[ 0 0 0 0 1 1 0 + - 0 0 1 0 1 ]

d_13_9=3.526378949279 s=[ 0 0 0 0 1 1 0 + - 0 1 0 0 1 ]

d_13_9=3.526378949279 s=[ 0 0 0 0 1 1 0 + - 0 1 1 0 1 ]

d_13_9=3.526579149479 s=[ 0 0 0 0 1 1 0 + - 0 0 0 0 1 ]

d_13_9=3.526579149479 s=[ 0 0 0 0 1 1 0 + - 0 0 1 0 1 ]

d_13_9=3.526579149479 s=[ 0 0 0 0 1 1 0 + - 0 1 0 0 1 ]

d_13_9=3.526579149479 s=[ 0 0 0 0 1 1 0 + - 0 1 1 0 1 ]

d_13_9=3.526779349680 s=[ 0 0 0 0 1 1 0 + - 0 0 0 0 1 ]

d_13_9=3.526779349680 s=[ 0 0 0 0 1 1 0 + - 0 0 1 0 1 ]

d_13_9=3.526779349680 s=[ 0 0 0 0 1 1 0 + - 0 1 0 0 1 ]

d_13_9=3.526779349680 s=[ 0 0 0 0 1 1 0 + - 0 1 1 0 1 ]

d_13_9=3.526979549880 s=[ 0 0 0 0 1 1 0 + - 0 0 0 0 1 ]

d_13_9=3.526979549880 s=[ 0 0 0 0 1 1 0 + - 0 0 1 0 1 ]

d_13_9=3.526979549880 s=[ 0 0 0 0 1 1 0 + - 0 1 0 0 1 ]

d_13_9=3.526979549880 s=[ 0 0 0 0 1 1 0 + - 0 1 1 0 1 ]

d_13_9=3.527179750080 s=[ 0 0 0 0 1 1 0 + - 0 0 0 0 1 ]

d_13_9=3.527179750080 s=[ 0 0 0 0 1 1 0 + - 0 0 1 0 1 ]

d_13_9=3.527179750080 s=[ 0 0 0 0 1 1 0 + - 0 1 0 0 1 ]

d_13_9=3.527179750080 s=[ 0 0 0 0 1 1 0 + - 0 1 1 0 1 ]

d_13_9=3.527379950280 s=[ 0 0 0 0 1 1 0 + - 0 0 0 0 1 ]

d_13_9=3.527379950280 s=[ 0 0 0 0 1 1 0 + - 0 0 1 0 1 ]

d_13_9=3.527379950280 s=[ 0 0 0 0 1 1 0 + - 0 1 0 0 1 ]

d_13_9=3.527379950280 s=[ 0 0 0 0 1 1 0 + - 0 1 1 0 1 ]

d_13_9=3.527580150480 s=[ 0 0 0 0 1 1 0 + - 0 0 0 0 1 ]

d_13_9=3.527580150480 s=[ 0 0 0 0 1 1 0 + - 0 0 1 0 1 ]

d_13_9=3.527580150480 s=[ 0 0 0 0 1 1 0 + - 0 1 0 0 1 ]

d_13_9=3.527580150480 s=[ 0 0 0 0 1 1 0 + - 0 1 1 0 1 ]

d_13_9=3.527780350681 s=[ 0 0 0 0 1 1 0 + - 0 0 0 0 1 ]

d_13_9=3.527780350681 s=[ 0 0 0 0 1 1 0 + - 0 0 1 0 1 ]

d_13_9=3.527780350681 s=[ 0 0 0 0 1 1 0 + - 0 1 1 0 1 ]

d_13_9=3.527980550881 s=[ 0 0 0 0 1 1 0 + - 0 0 0 0 1 ]

d_13_9=3.527980550881 s=[ 0 0 0 0 1 1 0 + - 0 0 1 0 1 ]

d_13_9=3.527980550881 s=[ 0 0 0 0 1 1 0 + - 0 1 1 0 1 ]

d_13_9=3.528180751081 s=[ 0 0 0 0 1 1 0 + - 0 0 0 0 1 ]

d_13_9=3.528180751081 s=[ 0 0 0 0 1 1 0 + - 0 0 1 0 1 ]

d_13_9=3.528180751081 s=[ 0 0 0 0 1 1 0 + - 0 1 1 0 1 ]

d_13_9=3.528380951281 s=[ 0 0 0 0 1 1 0 + - 0 0 0 0 1 ]

d_13_9=3.528380951281 s=[ 0 0 0 0 1 1 0 + - 0 0 1 0 1 ]

d_13_9=3.528380951281 s=[ 0 0 0 0 1 1 0 + - 0 1 1 0 1 ]

d_13_9=3.528581151481 s=[ 0 0 0 0 1 1 0 + - 0 0 0 0 1 ]

d_13_9=3.528581151481 s=[ 0 0 0 0 1 1 0 + - 0 0 1 0 1 ]

d_13_9=3.528581151481 s=[ 0 0 0 0 1 1 0 + - 0 1 1 0 1 ]

d_13_9=3.528781351682 s=[ 0 0 0 0 1 1 0 + - 0 0 0 0 1 ]

d_13_9=3.528781351682 s=[ 0 0 0 0 1 1 0 + - 0 0 1 0 1 ]

d_13_9=3.528781351682 s=[ 0 0 0 0 1 1 0 + - 0 1 1 0 1 ]

d_13_9=3.528981551882 s=[ 0 0 0 0 1 1 0 + - 0 0 0 0 1 ]

d_13_9=3.528981551882 s=[ 0 0 0 0 1 1 0 + - 0 0 1 0 1 ]

d_13_9=3.528981551882 s=[ 0 0 0 0 1 1 0 + - 0 1 1 0 1 ]

d_13_9=3.529181752082 s=[ 0 0 0 0 1 1 0 + - 0 0 0 0 1 ]

d_13_9=3.529181752082 s=[ 0 0 0 0 1 1 0 + - 0 0 1 0 1 ]

d_13_9=3.529181752082 s=[ 0 0 0 0 1 1 0 + - 0 1 1 0 1 ]

d_13_9=3.529381952282 s=[ 0 0 0 0 1 1 0 + - 0 0 0 0 1 ]

d_13_9=3.529381952282 s=[ 0 0 0 0 1 1 0 + - 0 0 1 0 1 ]

d_13_9=3.529381952282 s=[ 0 0 0 0 1 1 0 + - 0 1 1 0 1 ]

d_13_9=3.529582152482 s=[ 0 0 0 0 1 1 0 + - 0 0 0 0 1 ]

d_13_9=3.529582152482 s=[ 0 0 0 0 1 1 0 + - 0 0 1 0 1 ]

d_13_9=3.529582152482 s=[ 0 0 0 0 1 1 0 + - 0 1 1 0 1 ]

d_13_9=3.529782352683 s=[ 0 0 0 0 1 1 0 + - 0 0 0 0 1 ]

d_13_9=3.529782352683 s=[ 0 0 0 0 1 1 0 + - 0 0 1 0 1 ]

d_13_9=3.529782352683 s=[ 0 0 0 0 1 1 0 + - 0 1 1 0 1 ]

d_13_9=3.529982552883 s=[ 0 0 0 0 1 1 0 + - 0 0 0 0 1 ]

d_13_9=3.529982552883 s=[ 0 0 0 0 1 1 0 + - 0 0 1 0 1 ]

d_13_9=3.529982552883 s=[ 0 0 0 0 1 1 0 + - 0 1 1 0 1 ]

d_13_9=3.530182753083 s=[ 0 0 0 0 1 1 0 + - 0 0 0 0 1 ]

d_13_9=3.530182753083 s=[ 0 0 0 0 1 1 0 + - 0 0 1 0 1 ]

d_13_9=3.530182753083 s=[ 0 0 0 0 1 1 0 + - 0 1 1 0 1 ]

d_13_9=3.530382953283 s=[ 0 0 0 0 1 1 0 + - 0 0 0 0 1 ]

d_13_9=3.530382953283 s=[ 0 0 0 0 1 1 0 + - 0 0 1 0 1 ]

d_13_9=3.530382953283 s=[ 0 0 0 0 1 1 0 + - 0 1 1 0 1 ]

d_13_9=3.530583153483 s=[ 0 0 0 0 1 1 0 + - 0 0 0 0 1 ]

d_13_9=3.530583153483 s=[ 0 0 0 0 1 1 0 + - 0 0 1 0 1 ]

d_13_9=3.530583153483 s=[ 0 0 0 0 1 1 0 + - 0 1 1 0 1 ]

d_13_9=3.530783353684 s=[ 0 0 0 0 1 1 0 + - 0 0 0 0 1 ]

d_13_9=3.530783353684 s=[ 0 0 0 0 1 1 0 + - 0 0 1 0 1 ]

d_13_9=3.530783353684 s=[ 0 0 0 0 1 1 0 + - 0 1 1 0 1 ]

d_13_9=3.530983553884 s=[ 0 0 0 0 1 1 0 + - 0 0 0 0 1 ]

d_13_9=3.530983553884 s=[ 0 0 0 0 1 1 0 + - 0 0 1 0 1 ]

d_13_9=3.530983553884 s=[ 0 0 0 0 1 1 0 + - 0 1 1 0 1 ]

d_13_9=3.531183754084 s=[ 0 0 0 0 1 1 0 + - 0 0 0 0 1 ]

d_13_9=3.531183754084 s=[ 0 0 0 0 1 1 0 + - 0 0 1 0 1 ]

d_13_9=3.531183754084 s=[ 0 0 0 0 1 1 0 + - 0 1 1 0 1 ]

d_13_9=3.531383954284 s=[ 0 0 0 0 1 1 0 + - 0 0 0 0 1 ]

d_13_9=3.531383954284 s=[ 0 0 0 0 1 1 0 + - 0 0 1 0 1 ]

d_13_9=3.531383954284 s=[ 0 0 0 0 1 1 0 + - 0 1 1 0 1 ]

d_13_9=3.531584154484 s=[ 0 0 0 0 1 1 0 + - 0 0 0 0 1 ]

d_13_9=3.531584154484 s=[ 0 0 0 0 1 1 0 + - 0 0 1 0 1 ]

d_13_9=3.531584154484 s=[ 0 0 0 0 1 1 0 + - 0 1 1 0 1 ]

d_13_9=3.531784354685 s=[ 0 0 0 0 1 1 0 + - 0 0 0 0 1 ]

d_13_9=3.531784354685 s=[ 0 0 0 0 1 1 0 + - 0 0 1 0 1 ]

d_13_9=3.531784354685 s=[ 0 0 0 0 1 1 0 + - 0 1 1 0 1 ]

d_13_9=3.531984554885 s=[ 0 0 0 0 1 1 0 + - 0 0 0 0 1 ]

d_13_9=3.531984554885 s=[ 0 0 0 0 1 1 0 + - 0 0 1 0 1 ]

d_13_9=3.531984554885 s=[ 0 0 0 0 1 1 0 + - 0 1 1 0 1 ]

d_13_9=3.532184755085 s=[ 0 0 0 0 1 1 0 + - 0 0 0 0 1 ]

d_13_9=3.532184755085 s=[ 0 0 0 0 1 1 0 + - 0 0 1 0 1 ]

d_13_9=3.532184755085 s=[ 0 0 0 0 1 1 0 + - 0 1 1 0 1 ]

d_13_9=3.532384955285 s=[ 0 0 0 0 1 1 0 + - 0 0 0 0 1 ]

d_13_9=3.532384955285 s=[ 0 0 0 0 1 1 0 + - 0 0 1 0 1 ]

d_13_9=3.532384955285 s=[ 0 0 0 0 1 1 0 + - 0 1 1 0 1 ]

d_13_9=3.532585155485 s=[ 0 0 0 0 1 1 0 + - 0 0 0 0 1 ]

d_13_9=3.532585155485 s=[ 0 0 0 0 1 1 0 + - 0 0 1 0 1 ]

d_13_9=3.532585155485 s=[ 0 0 0 0 1 1 0 + - 0 1 1 0 1 ]

d_13_9=3.532785355686 s=[ 0 0 0 0 1 1 0 + - 0 0 0 0 1 ]

d_13_9=3.532785355686 s=[ 0 0 0 0 1 1 0 + - 0 0 1 0 1 ]

d_13_9=3.532785355686 s=[ 0 0 0 0 1 1 0 + - 0 1 1 0 1 ]

d_13_9=3.532985555886 s=[ 0 0 0 0 1 1 0 + - 0 0 0 0 1 ]

d_13_9=3.532985555886 s=[ 0 0 0 0 1 1 0 + - 0 0 1 0 1 ]

d_13_9=3.532985555886 s=[ 0 0 0 0 1 1 0 + - 0 1 1 0 1 ]

d_13_9=3.533185756086 s=[ 0 0 0 0 1 1 0 + - 0 0 0 0 1 ]

d_13_9=3.533185756086 s=[ 0 0 0 0 1 1 0 + - 0 0 1 0 1 ]

d_13_9=3.533185756086 s=[ 0 0 0 0 1 1 0 + - 0 1 1 0 1 ]

d_13_9=3.533385956286 s=[ 0 0 0 0 1 1 0 + - 0 0 0 0 1 ]

d_13_9=3.533385956286 s=[ 0 0 0 0 1 1 0 + - 0 0 1 0 1 ]

d_13_9=3.533385956286 s=[ 0 0 0 0 1 1 0 + - 0 1 1 0 1 ]

d_13_9=3.533586156486 s=[ 0 0 0 0 1 1 0 + - 0 0 0 0 1 ]

d_13_9=3.533586156486 s=[ 0 0 0 0 1 1 0 + - 0 0 1 0 1 ]

d_13_9=3.533586156486 s=[ 0 0 0 0 1 1 0 + - 0 1 1 0 1 ]

d_13_9=3.533786356687 s=[ 0 0 0 0 1 1 0 + - 0 0 0 0 1 ]

d_13_9=3.533786356687 s=[ 0 0 0 0 1 1 0 + - 0 0 1 0 1 ]

d_13_9=3.533786356687 s=[ 0 0 0 0 1 1 0 + - 0 1 1 0 1 ]

d_13_9=3.533986556887 s=[ 0 0 0 0 1 1 0 + - 0 0 0 0 1 ]

d_13_9=3.533986556887 s=[ 0 0 0 0 1 1 0 + - 0 0 1 0 1 ]

d_13_9=3.533986556887 s=[ 0 0 0 0 1 1 0 + - 0 1 1 0 1 ]

d_13_9=3.534186757087 s=[ 0 0 0 0 1 1 0 + - 0 0 0 0 1 ]

d_13_9=3.534186757087 s=[ 0 0 0 0 1 1 0 + - 0 0 1 0 1 ]

d_13_9=3.534186757087 s=[ 0 0 0 0 1 1 0 + - 0 1 1 0 1 ]

d_13_9=3.534386957287 s=[ 0 0 0 0 1 1 0 + - 0 0 0 0 1 ]

d_13_9=3.534386957287 s=[ 0 0 0 0 1 1 0 + - 0 0 1 0 1 ]

d_13_9=3.534386957287 s=[ 0 0 0 0 1 1 0 + - 0 1 1 0 1 ]

d_13_9=3.534587157487 s=[ 0 0 0 0 1 1 0 + - 0 0 0 0 1 ]

d_13_9=3.534587157487 s=[ 0 0 0 0 1 1 0 + - 0 0 1 0 1 ]

d_13_9=3.534587157487 s=[ 0 0 0 0 1 1 0 + - 0 1 1 0 1 ]

d_13_9=3.534787357688 s=[ 0 0 0 0 1 1 0 + - 0 0 0 0 1 ]

d_13_9=3.534787357688 s=[ 0 0 0 0 1 1 0 + - 0 0 1 0 1 ]

d_13_9=3.534787357688 s=[ 0 0 0 0 1 1 0 + - 0 1 1 0 1 ]

d_13_9=3.534987557888 s=[ 0 0 0 0 1 1 0 + - 0 0 0 0 1 ]

d_13_9=3.534987557888 s=[ 0 0 0 0 1 1 0 + - 0 0 1 0 1 ]

d_13_9=3.534987557888 s=[ 0 0 0 0 1 1 0 + - 0 1 1 0 1 ]

d_13_9=3.535187758088 s=[ 0 0 0 0 1 1 0 + - 0 0 0 0 1 ]

d_13_9=3.535187758088 s=[ 0 0 0 0 1 1 0 + - 0 0 1 0 1 ]

d_13_9=3.535187758088 s=[ 0 0 0 0 1 1 0 + - 0 1 1 0 1 ]

d_13_9=3.535387958288 s=[ 0 0 0 0 1 1 0 + - 0 0 0 0 1 ]

d_13_9=3.535387958288 s=[ 0 0 0 0 1 1 0 + - 0 0 1 0 1 ]

d_13_9=3.535387958288 s=[ 0 0 0 0 1 1 0 + - 0 1 1 0 1 ]

d_13_9=3.535588158488 s=[ 0 0 0 0 1 1 0 + - 0 0 0 0 1 ]

d_13_9=3.535588158488 s=[ 0 0 0 0 1 1 0 + - 0 0 1 0 1 ]

d_13_9=3.535588158488 s=[ 0 0 0 0 1 1 0 + - 0 1 1 0 1 ]

d_13_9=3.535788358689 s=[ 0 0 0 0 1 1 0 + - 0 0 0 0 1 ]

d_13_9=3.535788358689 s=[ 0 0 0 0 1 1 0 + - 0 0 1 0 1 ]

d_13_9=3.535788358689 s=[ 0 0 0 0 1 1 0 + - 0 1 1 0 1 ]

d_13_9=3.535988558889 s=[ 0 0 0 0 1 1 0 + - 0 0 0 0 1 ]

d_13_9=3.535988558889 s=[ 0 0 0 0 1 1 0 + - 0 0 1 0 1 ]

d_13_9=3.535988558889 s=[ 0 0 0 0 1 1 0 + - 0 1 1 0 1 ]

d_13_9=3.536188759089 s=[ 0 0 0 0 1 1 0 + - 0 0 0 0 1 ]

d_13_9=3.536188759089 s=[ 0 0 0 0 1 1 0 + - 0 0 1 0 1 ]

d_13_9=3.536188759089 s=[ 0 0 0 0 1 1 0 + - 0 1 1 0 1 ]

d_13_9=3.536388959289 s=[ 0 0 0 0 1 1 0 + - 0 0 0 0 1 ]

d_13_9=3.536388959289 s=[ 0 0 0 0 1 1 0 + - 0 0 1 0 1 ]

d_13_9=3.536388959289 s=[ 0 0 0 0 1 1 0 + - 0 1 1 0 1 ]

d_13_9=3.536589159489 s=[ 0 0 0 0 1 1 0 + - 0 0 0 0 1 ]

d_13_9=3.536589159489 s=[ 0 0 0 0 1 1 0 + - 0 0 1 0 1 ]

d_13_9=3.536789359690 s=[ 0 0 0 0 1 1 0 + - 0 0 0 0 1 ]

d_13_9=3.536789359690 s=[ 0 0 0 0 1 1 0 + - 0 0 1 0 1 ]

d_13_9=3.536989559890 s=[ 0 0 0 0 1 1 0 + - 0 0 0 0 1 ]

d_13_9=3.536989559890 s=[ 0 0 0 0 1 1 0 + - 0 0 1 0 1 ]

d_13_9=3.537189760090 s=[ 0 0 0 0 1 1 0 + - 0 0 0 0 1 ]

d_13_9=3.537189760090 s=[ 0 0 0 0 1 1 0 + - 0 0 1 0 1 ]

d_13_9=3.537389960290 s=[ 0 0 0 0 1 1 0 + - 0 0 0 0 1 ]

d_13_9=3.537389960290 s=[ 0 0 0 0 1 1 0 + - 0 0 1 0 1 ]

d_13_9=3.537590160490 s=[ 0 0 0 0 1 1 0 + - 0 0 0 0 1 ]

d_13_9=3.537590160490 s=[ 0 0 0 0 1 1 0 + - 0 0 1 0 1 ]

d_13_9=3.537790360691 s=[ 0 0 0 0 1 1 0 + - 0 0 0 0 1 ]

d_13_9=3.537790360691 s=[ 0 0 0 0 1 1 0 + - 0 0 1 0 1 ]

d_13_9=3.537990560891 s=[ 0 0 0 0 1 1 0 + - 0 0 0 0 1 ]

d_13_9=3.537990560891 s=[ 0 0 0 0 1 1 0 + - 0 0 1 0 1 ]

d_13_9=3.538190761091 s=[ 0 0 0 0 1 1 0 + - 0 0 0 0 1 ]

d_13_9=3.538190761091 s=[ 0 0 0 0 1 1 0 + - 0 0 1 0 1 ]

d_13_9=3.538390961291 s=[ 0 0 0 0 1 1 0 + - 0 0 0 0 1 ]

d_13_9=3.538390961291 s=[ 0 0 0 0 1 1 0 + - 0 0 1 0 1 ]

d_13_9=3.538591161491 s=[ 0 0 0 0 1 1 0 + - 0 0 0 0 1 ]

d_13_9=3.538591161491 s=[ 0 0 0 0 1 1 0 + - 0 0 1 0 1 ]

d_13_9=3.538791361692 s=[ 0 0 0 0 1 1 0 + - 0 0 0 0 1 ]

d_13_9=3.538791361692 s=[ 0 0 0 0 1 1 0 + - 0 0 1 0 1 ]

d_13_9=3.538991561892 s=[ 0 0 0 0 1 1 0 + - 0 0 0 0 1 ]

d_13_9=3.538991561892 s=[ 0 0 0 0 1 1 0 + - 0 0 1 0 1 ]

d_13_9=3.539191762092 s=[ 0 0 0 0 1 1 0 + - 0 0 0 0 1 ]

d_13_9=3.539191762092 s=[ 0 0 0 0 1 1 0 + - 0 0 1 0 1 ]

d_13_9=3.539391962292 s=[ 0 0 0 0 1 1 0 + - 0 0 0 0 1 ]

d_13_9=3.539391962292 s=[ 0 0 0 0 1 1 0 + - 0 0 1 0 1 ]

d_13_9=3.539592162492 s=[ 0 0 0 0 1 1 0 + - 0 0 0 0 1 ]

d_13_9=3.539592162492 s=[ 0 0 0 0 1 1 0 + - 0 0 1 0 1 ]

d_13_9=3.539792362693 s=[ 0 0 0 0 1 1 0 + - 0 0 0 0 1 ]

d_13_9=3.539792362693 s=[ 0 0 0 0 1 1 0 + - 0 0 1 0 1 ]

d_13_9=3.539992562893 s=[ 0 0 0 0 1 1 0 + - 0 0 0 0 1 ]

d_13_9=3.539992562893 s=[ 0 0 0 0 1 1 0 + - 0 0 1 0 1 ]

d_13_9=3.540192763093 s=[ 0 0 0 0 1 1 0 + - 0 0 0 0 1 ]

d_13_9=3.540192763093 s=[ 0 0 0 0 1 1 0 + - 0 0 1 0 1 ]

d_13_9=3.540392963293 s=[ 0 0 0 0 1 1 0 + - 0 0 0 0 1 ]

d_13_9=3.540392963293 s=[ 0 0 0 0 1 1 0 + - 0 0 1 0 1 ]

d_13_9=3.540593163493 s=[ 0 0 0 0 1 1 0 + - 0 0 0 0 1 ]

d_13_9=3.540593163493 s=[ 0 0 0 0 1 1 0 + - 0 0 1 0 1 ]

d_13_9=3.540793363694 s=[ 0 0 0 0 1 1 0 + - 0 0 0 0 1 ]

d_13_9=3.540793363694 s=[ 0 0 0 0 1 1 0 + - 0 0 1 0 1 ]

d_13_9=3.540993563894 s=[ 0 0 0 0 1 1 0 + - 0 0 0 0 1 ]

d_13_9=3.540993563894 s=[ 0 0 0 0 1 1 0 + - 0 0 1 0 1 ]

d_13_9=3.541193764094 s=[ 0 0 0 0 1 1 0 + - 0 0 0 0 1 ]

d_13_9=3.541193764094 s=[ 0 0 0 0 1 1 0 + - 0 0 1 0 1 ]

d_13_9=3.541393964294 s=[ 0 0 0 0 1 1 0 + - 0 0 0 0 1 ]

d_13_9=3.541393964294 s=[ 0 0 0 0 1 1 0 + - 0 0 1 0 1 ]

d_13_9=3.541594164494 s=[ 0 0 0 0 1 1 0 + - 0 0 0 0 1 ]

d_13_9=3.541594164494 s=[ 0 0 0 0 1 1 0 + - 0 0 1 0 1 ]

d_13_9=3.541794364695 s=[ 0 0 0 0 1 1 0 + - 0 0 0 0 1 ]

d_13_9=3.541794364695 s=[ 0 0 0 0 1 1 0 + - 0 0 1 0 1 ]

d_13_9=3.541994564895 s=[ 0 0 0 0 1 1 0 + - 0 0 0 0 1 ]

d_13_9=3.541994564895 s=[ 0 0 0 0 1 1 0 + - 0 0 1 0 1 ]

d_13_9=3.542194765095 s=[ 0 0 0 0 1 1 0 + - 0 0 0 0 1 ]

d_13_9=3.542194765095 s=[ 0 0 0 0 1 1 0 + - 0 0 1 0 1 ]

d_13_9=3.542394965295 s=[ 0 0 0 0 1 1 0 + - 0 0 0 0 1 ]

d_13_9=3.542394965295 s=[ 0 0 0 0 1 1 0 + - 0 0 1 0 1 ]

d_13_9=3.542595165495 s=[ 0 0 0 0 1 1 0 + - 0 0 0 0 1 ]

d_13_9=3.542595165495 s=[ 0 0 0 0 1 1 0 + - 0 0 1 0 1 ]

d_13_9=3.542795365696 s=[ 0 0 0 0 1 1 0 + - 0 0 0 0 1 ]

d_13_9=3.542795365696 s=[ 0 0 0 0 1 1 0 + - 0 0 1 0 1 ]

d_13_9=3.542995565896 s=[ 0 0 0 0 1 1 0 + - 0 0 0 0 1 ]

d_13_9=3.542995565896 s=[ 0 0 0 0 1 1 0 + - 0 0 1 0 1 ]

d_13_9=3.543195766096 s=[ 0 0 0 0 1 1 0 + - 0 0 0 0 1 ]

d_13_9=3.543195766096 s=[ 0 0 0 0 1 1 0 + - 0 0 1 0 1 ]

d_13_9=3.543395966296 s=[ 0 0 0 0 1 1 0 + - 0 0 0 0 1 ]

d_13_9=3.543395966296 s=[ 0 0 0 0 1 1 0 + - 0 0 1 0 1 ]

d_13_9=3.543596166496 s=[ 0 0 0 0 1 1 0 + - 0 0 0 0 1 ]

d_13_9=3.543596166496 s=[ 0 0 0 0 1 1 0 + - 0 0 1 0 1 ]

d_13_9=3.543796366697 s=[ 0 0 0 0 1 1 0 + - 0 0 0 0 1 ]

d_13_9=3.543796366697 s=[ 0 0 0 0 1 1 0 + - 0 0 1 0 1 ]

d_13_9=3.543996566897 s=[ 0 0 0 0 1 1 0 + - 0 0 0 0 1 ]

d_13_9=3.543996566897 s=[ 0 0 0 0 1 1 0 + - 0 0 1 0 1 ]

d_13_9=3.544196767097 s=[ 0 0 0 0 1 1 0 + - 0 0 0 0 1 ]

d_13_9=3.544196767097 s=[ 0 0 0 0 1 1 0 + - 0 0 1 0 1 ]

d_13_9=3.544396967297 s=[ 0 0 0 0 1 1 0 + - 0 0 0 0 1 ]

d_13_9=3.544396967297 s=[ 0 0 0 0 1 1 0 + - 0 0 1 0 1 ]

d_13_9=3.544597167497 s=[ 0 0 0 0 1 1 0 + - 0 0 0 0 1 ]

d_13_9=3.544597167497 s=[ 0 0 0 0 1 1 0 + - 0 0 1 0 1 ]

d_13_9=3.544797367698 s=[ 0 0 0 0 1 1 0 + - 0 0 0 0 1 ]

d_13_9=3.544797367698 s=[ 0 0 0 0 1 1 0 + - 0 0 1 0 1 ]

d_13_9=3.544997567898 s=[ 0 0 0 0 1 1 0 + - 0 0 0 0 1 ]

d_13_9=3.544997567898 s=[ 0 0 0 0 1 1 0 + - 0 0 1 0 1 ]

d_13_9=3.545197768098 s=[ 0 0 0 0 1 1 0 + - 0 0 0 0 1 ]

d_13_9=3.545197768098 s=[ 0 0 0 0 1 1 0 + - 0 0 1 0 1 ]

d_13_9=3.545397968298 s=[ 0 0 0 0 1 1 0 + - 0 0 0 0 1 ]

d_13_9=3.545397968298 s=[ 0 0 0 0 1 1 0 + - 0 0 1 0 1 ]

d_13_9=3.545598168498 s=[ 0 0 0 0 1 1 0 + - 0 0 0 0 1 ]

d_13_9=3.545598168498 s=[ 0 0 0 0 1 1 0 + - 0 0 1 0 1 ]

d_13_9=3.545798368699 s=[ 0 0 0 0 1 1 0 + - 0 0 0 0 1 ]

d_13_9=3.545798368699 s=[ 0 0 0 0 1 1 0 + - 0 0 1 0 1 ]

d_13_9=3.545998568899 s=[ 0 0 0 0 1 1 0 + - 0 0 0 0 1 ]

d_13_9=3.545998568899 s=[ 0 0 0 0 1 1 0 + - 0 0 1 0 1 ]

d_13_9=3.546198769099 s=[ 0 0 0 0 1 1 0 + - 0 0 0 0 1 ]

d_13_9=3.546198769099 s=[ 0 0 0 0 1 1 0 + - 0 0 1 0 1 ]

d_13_9=3.546398969299 s=[ 0 0 0 0 1 1 0 + - 0 0 0 0 1 ]

d_13_9=3.546398969299 s=[ 0 0 0 0 1 1 0 + - 0 0 1 0 1 ]

d_13_9=3.546599169499 s=[ 0 0 0 0 1 1 0 + - 0 0 0 0 1 ]

d_13_9=3.546599169499 s=[ 0 0 0 0 1 1 0 + - 0 0 1 0 1 ]

d_13_9=3.546799369700 s=[ 0 0 0 0 1 1 0 + - 0 0 0 0 1 ]

d_13_9=3.546799369700 s=[ 0 0 0 0 1 1 0 + - 0 0 1 0 1 ]

d_13_9=3.546999569900 s=[ 0 0 0 0 1 1 0 + - 0 0 0 0 1 ]

d_13_9=3.546999569900 s=[ 0 0 0 0 1 1 0 + - 0 0 1 0 1 ]

d_13_9=3.547199770100 s=[ 0 0 0 0 1 1 0 + - 0 0 0 0 1 ]

d_13_9=3.547199770100 s=[ 0 0 0 0 1 1 0 + - 0 0 1 0 1 ]

d_13_9=3.547399970300 s=[ 0 0 0 0 1 1 0 + - 0 0 0 0 1 ]

d_13_9=3.547399970300 s=[ 0 0 0 0 1 1 0 + - 0 0 1 0 1 ]

d_13_9=3.547600170501 s=[ 0 0 0 0 1 1 0 + - 0 0 0 0 1 ]

d_13_9=3.547600170501 s=[ 0 0 0 0 1 1 0 + - 0 0 1 0 1 ]

d_13_9=3.547800370701 s=[ 0 0 0 0 1 1 0 + - 0 0 0 0 1 ]

d_13_9=3.547800370701 s=[ 0 0 0 0 1 1 0 + - 0 0 1 0 1 ]

d_13_9=3.548000570901 s=[ 0 0 0 0 1 1 0 + - 0 0 0 0 1 ]

d_13_9=3.548000570901 s=[ 0 0 0 0 1 1 0 + - 0 0 1 0 1 ]

d_13_9=3.548200771101 s=[ 0 0 0 0 1 1 0 + - 0 0 0 0 1 ]

d_13_9=3.548200771101 s=[ 0 0 0 0 1 1 0 + - 0 0 1 0 1 ]

d_13_9=3.548400971301 s=[ 0 0 0 0 1 1 0 + - 0 0 0 0 1 ]

d_13_9=3.548400971301 s=[ 0 0 0 0 1 1 0 + - 0 0 1 0 1 ]

d_13_9=3.548601171502 s=[ 0 0 0 0 1 1 0 + - 0 0 0 0 1 ]

d_13_9=3.548601171502 s=[ 0 0 0 0 1 1 0 + - 0 0 1 0 1 ]

d_13_9=3.548801371702 s=[ 0 0 0 0 1 1 0 + - 0 0 0 0 1 ]

d_13_9=3.548801371702 s=[ 0 0 0 0 1 1 0 + - 0 0 1 0 1 ]

d_13_9=3.549001571902 s=[ 0 0 0 0 1 1 0 + - 0 0 0 0 1 ]

d_13_9=3.549001571902 s=[ 0 0 0 0 1 1 0 + - 0 0 1 0 1 ]

d_13_9=3.549201772102 s=[ 0 0 0 0 1 1 0 + - 0 0 0 0 1 ]

d_13_9=3.549201772102 s=[ 0 0 0 0 1 1 0 + - 0 0 1 0 1 ]

d_13_9=3.549401972302 s=[ 0 0 0 0 1 1 0 + - 0 0 0 0 1 ]

d_13_9=3.549401972302 s=[ 0 0 0 0 1 1 0 + - 0 0 1 0 1 ]

d_13_9=3.549602172503 s=[ 0 0 0 0 1 1 0 + - 0 0 0 0 1 ]

d_13_9=3.549602172503 s=[ 0 0 0 0 1 1 0 + - 0 0 1 0 1 ]

d_13_9=3.549802372703 s=[ 0 0 0 0 1 1 0 + - 0 0 0 0 1 ]

d_13_9=3.549802372703 s=[ 0 0 0 0 1 1 0 + - 0 0 1 0 1 ]

d_13_9=3.550002572903 s=[ 0 0 0 0 1 1 0 + - 0 0 0 0 1 ]

d_13_9=3.550002572903 s=[ 0 0 0 0 1 1 0 + - 0 0 1 0 1 ]

d_13_9=3.550202773103 s=[ 0 0 0 0 1 1 0 + - 0 0 0 0 1 ]

d_13_9=3.550202773103 s=[ 0 0 0 0 1 1 0 + - 0 0 1 0 1 ]

d_13_9=3.550402973303 s=[ 0 0 0 0 1 1 0 + - 0 0 0 0 1 ]

d_13_9=3.550402973303 s=[ 0 0 0 0 1 1 0 + - 0 0 1 0 1 ]

d_13_9=3.550603173504 s=[ 0 0 0 0 1 1 0 + - 0 0 0 0 1 ]

d_13_9=3.550603173504 s=[ 0 0 0 0 1 1 0 + - 0 0 1 0 1 ]

d_13_9=3.550803373704 s=[ 0 0 0 0 1 1 0 + - 0 0 0 0 1 ]

d_13_9=3.550803373704 s=[ 0 0 0 0 1 1 0 + - 0 0 1 0 1 ]

d_13_9=3.551003573904 s=[ 0 0 0 0 1 1 0 + - 0 0 0 0 1 ]

d_13_9=3.551003573904 s=[ 0 0 0 0 1 1 0 + - 0 0 1 0 1 ]

d_13_9=3.551203774104 s=[ 0 0 0 0 1 1 0 + - 0 0 0 0 1 ]

d_13_9=3.551203774104 s=[ 0 0 0 0 1 1 0 + - 0 0 1 0 1 ]

d_13_9=3.551403974304 s=[ 0 0 0 0 1 1 0 + - 0 0 0 0 1 ]

d_13_9=3.551403974304 s=[ 0 0 0 0 1 1 0 + - 0 0 1 0 1 ]

d_13_9=3.551604174505 s=[ 0 0 0 0 1 1 0 + - 0 0 0 0 1 ]

d_13_9=3.551604174505 s=[ 0 0 0 0 1 1 0 + - 0 0 1 0 1 ]

d_13_9=3.551804374705 s=[ 0 0 0 0 1 1 0 + - 0 0 0 0 1 ]

d_13_9=3.551804374705 s=[ 0 0 0 0 1 1 0 + - 0 0 1 0 1 ]

d_13_9=3.552004574905 s=[ 0 0 0 0 1 1 0 + - 0 0 0 0 1 ]

d_13_9=3.552004574905 s=[ 0 0 0 0 1 1 0 + - 0 0 1 0 1 ]

d_13_9=3.552204775105 s=[ 0 0 0 0 1 1 0 + - 0 0 0 0 1 ]

d_13_9=3.552204775105 s=[ 0 0 0 0 1 1 0 + - 0 0 1 0 1 ]

d_13_9=3.552404975305 s=[ 0 0 0 0 1 1 0 + - 0 0 0 0 1 ]

d_13_9=3.552404975305 s=[ 0 0 0 0 1 1 0 + - 0 0 1 0 1 ]

d_13_9=3.552605175506 s=[ 0 0 0 0 1 1 0 + - 0 0 0 0 1 ]

d_13_9=3.552605175506 s=[ 0 0 0 0 1 1 0 + - 0 0 1 0 1 ]

d_13_9=3.552805375706 s=[ 0 0 0 0 1 1 0 + - 0 0 0 0 1 ]

d_13_9=3.552805375706 s=[ 0 0 0 0 1 1 0 + - 0 0 1 0 1 ]

d_13_9=3.553005575906 s=[ 0 0 0 0 1 1 0 + - 0 0 0 0 1 ]

d_13_9=3.553005575906 s=[ 0 0 0 0 1 1 0 + - 0 0 1 0 1 ]

d_13_9=3.553205776106 s=[ 0 0 0 0 1 1 0 + - 0 0 0 0 1 ]

d_13_9=3.553205776106 s=[ 0 0 0 0 1 1 0 + - 0 0 1 0 1 ]

d_13_9=3.553405976306 s=[ 0 0 0 0 1 1 0 + - 0 0 0 0 1 ]

d_13_9=3.553405976306 s=[ 0 0 0 0 1 1 0 + - 0 0 1 0 1 ]

d_13_9=3.553606176507 s=[ 0 0 0 0 1 1 0 + - 0 0 0 0 1 ]

d_13_9=3.553606176507 s=[ 0 0 0 0 1 1 0 + - 0 0 1 0 1 ]

d_13_9=3.553806376707 s=[ 0 0 0 0 1 1 0 + - 0 0 0 0 1 ]

d_13_9=3.553806376707 s=[ 0 0 0 0 1 1 0 + - 0 0 1 0 1 ]

d_13_9=3.554006576907 s=[ 0 0 0 0 1 1 0 + - 0 0 0 0 1 ]

d_13_9=3.554006576907 s=[ 0 0 0 0 1 1 0 + - 0 0 1 0 1 ]

d_13_9=3.554206777107 s=[ 0 0 0 0 1 1 0 + - 0 0 0 0 1 ]

d_13_9=3.554206777107 s=[ 0 0 0 0 1 1 0 + - 0 0 1 0 1 ]

d_13_9=3.554406977307 s=[ 0 0 0 0 1 1 0 + - 0 0 0 0 1 ]

d_13_9=3.554406977307 s=[ 0 0 0 0 1 1 0 + - 0 0 1 0 1 ]

d_13_9=3.554607177508 s=[ 0 0 0 0 1 1 0 + - 0 0 0 0 1 ]

d_13_9=3.554607177508 s=[ 0 0 0 0 1 1 0 + - 0 0 1 0 1 ]

d_13_9=3.554807377708 s=[ 0 0 0 0 1 1 0 + - 0 0 0 0 1 ]

d_13_9=3.554807377708 s=[ 0 0 0 0 1 1 0 + - 0 0 1 0 1 ]

d_13_9=3.555007577908 s=[ 0 0 0 0 1 1 0 + - 0 0 0 0 1 ]

d_13_9=3.555007577908 s=[ 0 0 0 0 1 1 0 + - 0 0 1 0 1 ]

d_13_9=3.555207778108 s=[ 0 0 0 0 1 1 0 + - 0 0 0 0 1 ]

d_13_9=3.555207778108 s=[ 0 0 0 0 1 1 0 + - 0 0 1 0 1 ]

d_13_9=3.555407978308 s=[ 0 0 0 0 1 1 0 + - 0 0 0 0 1 ]

d_13_9=3.555407978308 s=[ 0 0 0 0 1 1 0 + - 0 0 1 0 1 ]

d_13_9=3.555608178509 s=[ 0 0 0 0 1 1 0 + - 0 0 0 0 1 ]

d_13_9=3.555608178509 s=[ 0 0 0 0 1 1 0 + - 0 0 1 0 1 ]

d_13_9=3.555808378709 s=[ 0 0 0 0 1 1 0 + - 0 0 0 0 1 ]

d_13_9=3.555808378709 s=[ 0 0 0 0 1 1 0 + - 0 0 1 0 1 ]

d_13_9=3.556008578909 s=[ 0 0 0 0 1 1 0 + - 0 0 0 0 1 ]

d_13_9=3.556008578909 s=[ 0 0 0 0 1 1 0 + - 0 0 1 0 1 ]

d_13_9=3.556208779109 s=[ 0 0 0 0 1 1 0 + - 0 0 0 0 1 ]

d_13_9=3.556208779109 s=[ 0 0 0 0 1 1 0 + - 0 0 1 0 1 ]

d_13_9=3.556408979309 s=[ 0 0 0 0 1 1 0 + - 0 0 0 0 1 ]

d_13_9=3.556408979309 s=[ 0 0 0 0 1 1 0 + - 0 0 1 0 1 ]

d_13_9=3.556609179510 s=[ 0 0 0 0 1 1 0 + - 0 0 0 0 1 ]

d_13_9=3.556609179510 s=[ 0 0 0 0 1 1 0 + - 0 0 1 0 1 ]

d_13_9=3.556809379710 s=[ 0 0 0 0 1 1 0 + - 0 0 0 0 1 ]

d_13_9=3.556809379710 s=[ 0 0 0 0 1 1 0 + - 0 0 1 0 1 ]

d_13_9=3.557009579910 s=[ 0 0 0 0 1 1 0 + - 0 0 0 0 1 ]

d_13_9=3.557009579910 s=[ 0 0 0 0 1 1 0 + - 0 0 1 0 1 ]

d_13_9=3.557209780110 s=[ 0 0 0 0 1 1 0 + - 0 0 0 0 1 ]

d_13_9=3.557209780110 s=[ 0 0 0 0 1 1 0 + - 0 0 1 0 1 ]

d_13_9=3.557409980310 s=[ 0 0 0 0 1 1 0 + - 0 0 0 0 1 ]

d_13_9=3.557409980310 s=[ 0 0 0 0 1 1 0 + - 0 0 1 0 1 ]

d_13_9=3.557610180511 s=[ 0 0 0 0 1 1 0 + - 0 0 0 0 1 ]

d_13_9=3.557610180511 s=[ 0 0 0 0 1 1 0 + - 0 0 1 0 1 ]

d_13_9=3.557810380711 s=[ 0 0 0 0 1 1 0 + - 0 0 0 0 1 ]

d_13_9=3.557810380711 s=[ 0 0 0 0 1 1 0 + - 0 0 1 0 1 ]

d_13_9=3.558010580911 s=[ 0 0 0 0 1 1 0 + - 0 0 0 0 1 ]

d_13_9=3.558010580911 s=[ 0 0 0 0 1 1 0 + - 0 0 1 0 1 ]

d_13_9=3.558210781111 s=[ 0 0 0 0 1 1 0 + - 0 0 0 0 1 ]

d_13_9=3.558210781111 s=[ 0 0 0 0 1 1 0 + - 0 0 1 0 1 ]

d_13_9=3.558410981311 s=[ 0 0 0 0 1 1 0 + - 0 0 0 0 1 ]

d_13_9=3.558410981311 s=[ 0 0 0 0 1 1 0 + - 0 0 1 0 1 ]

d_13_9=3.558611181512 s=[ 0 0 0 0 1 1 0 + - 0 0 0 0 1 ]

d_13_9=3.558611181512 s=[ 0 0 0 0 1 1 0 + - 0 0 1 0 1 ]

d_13_9=3.558811381712 s=[ 0 0 0 0 1 1 0 + - 0 0 0 0 1 ]

d_13_9=3.558811381712 s=[ 0 0 0 0 1 1 0 + - 0 0 1 0 1 ]

d_13_9=3.559011581912 s=[ 0 0 0 0 1 1 0 + - 0 0 0 0 1 ]

d_13_9=3.559011581912 s=[ 0 0 0 0 1 1 0 + - 0 0 1 0 1 ]

d_13_9=3.559211782112 s=[ 0 0 0 0 1 1 0 + - 0 0 0 0 1 ]

d_13_9=3.559211782112 s=[ 0 0 0 0 1 1 0 + - 0 0 1 0 1 ]

d_13_9=3.559411982312 s=[ 0 0 0 0 1 1 0 + - 0 0 0 0 1 ]

d_13_9=3.559411982312 s=[ 0 0 0 0 1 1 0 + - 0 0 1 0 1 ]

d_13_9=3.559612182513 s=[ 0 0 0 0 1 1 0 + - 0 0 0 0 1 ]

d_13_9=3.559812382713 s=[ 0 0 0 0 1 1 0 + - 0 0 0 0 1 ]

d_13_9=3.560012582913 s=[ 0 0 0 0 1 1 0 + - 0 0 0 0 1 ]

d_13_9=3.560212783113 s=[ 0 0 0 0 1 1 0 + - 0 0 0 0 1 ]

d_13_9=3.560412983313 s=[ 0 0 0 0 1 1 0 + - 0 0 0 0 1 ]

d_13_9=3.560613183514 s=[ 0 0 0 0 1 1 0 + - 0 0 0 0 1 ]

d_13_9=3.560813383714 s=[ 0 0 0 0 1 1 0 + - 0 0 0 0 1 ]

d_13_9=3.561013583914 s=[ 0 0 0 0 1 1 0 + - 0 0 0 0 1 ]

d_13_9=3.561213784114 s=[ 0 0 0 0 1 1 0 + - 0 0 0 0 1 ]

d_13_9=3.561413984314 s=[ 0 0 0 0 1 1 0 + - 0 0 0 0 1 ]

d_13_9=3.561614184515 s=[ 0 0 0 0 1 1 0 + - 0 0 0 0 1 ]

d_13_9=3.561814384715 s=[ 0 0 0 0 1 1 0 + - 0 0 0 0 1 ]

d_13_9=3.562014584915 s=[ 0 0 0 0 1 1 0 + - 0 0 0 0 1 ]

d_13_9=3.562214785115 s=[ 0 0 0 0 1 1 0 + - 0 0 0 0 1 ]

d_13_9=3.562414985315 s=[ 0 0 0 0 1 1 0 + - 0 0 0 0 1 ]

d_13_9=3.562615185516 s=[ 0 0 0 0 1 1 0 + - 0 0 0 0 1 ]

d_13_9=3.562815385716 s=[ 0 0 0 0 1 1 0 + - 0 0 0 0 1 ]

d_13_9=3.563015585916 s=[ 0 0 0 0 1 1 0 + - 0 0 0 0 1 ]

d_13_9=3.563215786116 s=[ 0 0 0 0 1 1 0 + - 0 0 0 0 1 ]

d_13_9=3.563415986316 s=[ 0 0 0 0 1 1 0 + - 0 0 0 0 1 ]

d_13_9=3.563616186517 s=[ 0 0 0 0 1 1 0 + - 0 0 0 0 1 ]

d_13_9=3.563816386717 s=[ 0 0 0 0 1 1 0 + - 0 0 0 0 1 ]

d_13_9=3.564016586917 s=[ 0 0 0 0 1 1 0 + - 0 0 0 0 1 ]

d_13_9=3.564216787117 s=[ 0 0 0 0 1 1 0 + - 0 0 0 0 1 ]

d_13_9=3.564416987317 s=[ 0 0 0 0 1 1 0 + - 0 0 0 0 1 ]

d_13_9=3.564617187518 s=[ 0 0 0 0 1 1 0 + - 0 0 0 0 1 ]

d_13_9=3.564817387718 s=[ 0 0 0 0 1 1 0 + - 0 0 0 0 1 ]

d_13_9=3.565017587918 s=[ 0 0 0 0 1 1 0 + - 0 0 0 0 1 ]

d_13_9=3.565217788118 s=[ 0 0 0 0 1 1 0 + - 0 0 0 0 1 ]

d_13_9=3.565417988318 s=[ 0 0 0 0 1 1 0 + - 0 0 0 0 1 ]

d_13_9=3.565618188519 s=[ 0 0 0 0 1 1 0 + - 0 0 0 0 1 ]

d_13_9=3.565818388719 s=[ 0 0 0 0 1 1 0 + - 0 0 0 0 1 ]

d_13_9=3.566018588919 s=[ 0 0 0 0 1 1 0 + - 0 0 0 0 1 ]

d_13_9=3.566218789119 s=[ 0 0 0 0 1 1 0 + - 0 0 0 0 1 ]

d_13_9=3.566418989319 s=[ 0 0 0 0 1 1 0 + - 0 0 0 0 1 ]

d_13_9=3.566619189520 s=[ 0 0 0 0 1 1 0 + - 0 0 0 0 1 ]

d_13_9=3.566819389720 s=[ 0 0 0 0 1 1 0 + - 0 0 0 0 1 ]

d_13_9=3.567019589920 s=[ 0 0 0 0 1 1 0 + - 0 0 0 0 1 ]

d_13_9=3.567219790120 s=[ 0 0 0 0 1 1 0 + - 0 0 0 0 1 ]

d_13_9=3.567419990320 s=[ 0 0 0 0 1 1 0 + - 0 0 0 0 1 ]

d_13_9=3.567620190521 s=[ 0 0 0 0 1 1 0 + - 0 0 0 0 1 ]

d_13_9=3.567820390721 s=[ 0 0 0 0 1 1 0 + - 0 0 0 0 1 ]

d_13_9=3.568020590921 s=[ 0 0 0 0 1 1 0 + - 0 0 0 0 1 ]

d_13_9=3.568220791121 s=[ 0 0 0 0 1 1 0 + - 0 0 0 0 1 ]

d_13_9=3.568420991321 s=[ 0 0 0 0 1 1 0 + - 0 0 0 0 1 ]

d_13_9=3.568621191522 s=[ 0 0 0 0 1 1 0 + - 0 0 0 0 1 ]

d_13_9=3.568821391722 s=[ 0 0 0 0 1 1 0 + - 0 0 0 0 1 ]

d_13_9=3.569021591922 s=[ 0 0 0 0 1 1 0 + - 0 0 0 0 1 ]

d_13_9=3.569221792122 s=[ 0 0 0 0 1 1 0 + - 0 0 0 0 1 ]

d_13_9=3.569421992322 s=[ 0 0 0 0 1 1 0 + - 0 0 0 0 1 ]

d_13_9=3.569622192523 s=[ 0 0 0 0 1 1 0 + - 0 0 0 0 1 ]

d_13_9=3.569822392723 s=[ 0 0 0 0 1 1 0 + - 0 0 0 0 1 ]

d_13_9=3.570022592923 s=[ 0 0 0 0 1 1 0 + - 0 0 0 0 1 ]

d_13_9=3.570222793123 s=[ 0 0 0 0 1 1 0 + - 0 0 0 0 1 ]

d_13_9=3.570422993323 s=[ 0 0 0 0 1 1 0 + - 0 0 0 0 1 ]

d_13_9=3.570623193524 s=[ 0 0 0 0 1 1 0 + - 0 0 0 0 1 ]

d_13_9=3.570823393724 s=[ 0 0 0 0 1 1 0 + - 0 0 0 0 1 ]

d_13_9=3.571023593924 s=[ 0 0 0 0 1 1 0 + - 0 0 0 0 1 ]

d_13_9=3.571223794124 s=[ 0 0 0 0 1 1 0 + - 0 0 0 0 1 ]

d_13_9=3.571423994324 s=[ 0 0 0 0 1 1 0 + - 0 0 0 0 1 ]

d_13_9=3.571624194525 s=[ 0 0 0 0 1 1 0 + - 0 0 0 0 1 ]

d_13_9=3.571824394725 s=[ 0 0 0 0 1 1 0 + - 0 0 0 0 1 ]

d_13_9=3.521774344675 s=[ 0 0 0 1 0 0 1 + + 1 0 0 1 0 ]

d_13_9=3.521774344675 s=[ 0 0 0 1 0 0 1 + + 1 0 1 1 0 ]

d_13_9=3.521774344675 s=[ 0 0 0 1 0 0 1 + + 1 1 0 1 0 ]

d_13_9=3.521774344675 s=[ 0 0 0 1 0 0 1 + + 1 1 1 1 0 ]

d_13_9=3.521974544875 s=[ 0 0 0 1 0 0 1 + + 1 0 0 1 0 ]

d_13_9=3.521974544875 s=[ 0 0 0 1 0 0 1 + + 1 0 1 1 0 ]

d_13_9=3.521974544875 s=[ 0 0 0 1 0 0 1 + + 1 1 0 1 0 ]

d_13_9=3.521974544875 s=[ 0 0 0 1 0 0 1 + + 1 1 1 1 0 ]

d_13_9=3.522174745075 s=[ 0 0 0 1 0 0 1 + + 1 0 0 1 0 ]

d_13_9=3.522174745075 s=[ 0 0 0 1 0 0 1 + + 1 0 1 1 0 ]

d_13_9=3.522174745075 s=[ 0 0 0 1 0 0 1 + + 1 1 0 1 0 ]

d_13_9=3.522174745075 s=[ 0 0 0 1 0 0 1 + + 1 1 1 1 0 ]

d_13_9=3.522374945275 s=[ 0 0 0 1 0 0 1 + + 1 0 0 1 0 ]

d_13_9=3.522374945275 s=[ 0 0 0 1 0 0 1 + + 1 0 1 1 0 ]

d_13_9=3.522374945275 s=[ 0 0 0 1 0 0 1 + + 1 1 0 1 0 ]

d_13_9=3.522374945275 s=[ 0 0 0 1 0 0 1 + + 1 1 1 1 0 ]

d_13_9=3.522575145475 s=[ 0 0 0 1 0 0 1 + + 1 0 0 1 0 ]

d_13_9=3.522575145475 s=[ 0 0 0 1 0 0 1 + + 1 0 1 1 0 ]

d_13_9=3.522575145475 s=[ 0 0 0 1 0 0 1 + + 1 1 0 1 0 ]

d_13_9=3.522575145475 s=[ 0 0 0 1 0 0 1 + + 1 1 1 1 0 ]

d_13_9=3.522775345676 s=[ 0 0 0 1 0 0 1 + + 1 0 0 1 0 ]

d_13_9=3.522775345676 s=[ 0 0 0 1 0 0 1 + + 1 0 1 1 0 ]

d_13_9=3.522775345676 s=[ 0 0 0 1 0 0 1 + + 1 1 0 1 0 ]

d_13_9=3.522775345676 s=[ 0 0 0 1 0 0 1 + + 1 1 1 1 0 ]

d_13_9=3.522975545876 s=[ 0 0 0 1 0 0 1 + + 1 0 0 1 0 ]

d_13_9=3.522975545876 s=[ 0 0 0 1 0 0 1 + + 1 0 1 1 0 ]

d_13_9=3.522975545876 s=[ 0 0 0 1 0 0 1 + + 1 1 0 1 0 ]

d_13_9=3.522975545876 s=[ 0 0 0 1 0 0 1 + + 1 1 1 1 0 ]

d_13_9=3.523175746076 s=[ 0 0 0 1 0 0 1 + + 1 0 0 1 0 ]

d_13_9=3.523175746076 s=[ 0 0 0 1 0 0 1 + + 1 0 1 1 0 ]

d_13_9=3.523175746076 s=[ 0 0 0 1 0 0 1 + + 1 1 0 1 0 ]

d_13_9=3.523175746076 s=[ 0 0 0 1 0 0 1 + + 1 1 1 1 0 ]

d_13_9=3.523375946276 s=[ 0 0 0 1 0 0 1 + + 1 0 0 1 0 ]

d_13_9=3.523375946276 s=[ 0 0 0 1 0 0 1 + + 1 0 1 1 0 ]

d_13_9=3.523375946276 s=[ 0 0 0 1 0 0 1 + + 1 1 0 1 0 ]

d_13_9=3.523375946276 s=[ 0 0 0 1 0 0 1 + + 1 1 1 1 0 ]

d_13_9=3.523576146476 s=[ 0 0 0 1 0 0 1 + + 1 0 0 1 0 ]

d_13_9=3.523576146476 s=[ 0 0 0 1 0 0 1 + + 1 0 1 1 0 ]

d_13_9=3.523576146476 s=[ 0 0 0 1 0 0 1 + + 1 1 0 1 0 ]

d_13_9=3.523576146476 s=[ 0 0 0 1 0 0 1 + + 1 1 1 1 0 ]

d_13_9=3.523776346677 s=[ 0 0 0 1 0 0 1 + + 1 0 0 1 0 ]

d_13_9=3.523776346677 s=[ 0 0 0 1 0 0 1 + + 1 0 1 1 0 ]

d_13_9=3.523776346677 s=[ 0 0 0 1 0 0 1 + + 1 1 0 1 0 ]

d_13_9=3.523776346677 s=[ 0 0 0 1 0 0 1 + + 1 1 1 1 0 ]

d_13_9=3.523976546877 s=[ 0 0 0 1 0 0 1 + + 1 0 0 1 0 ]

d_13_9=3.523976546877 s=[ 0 0 0 1 0 0 1 + + 1 0 1 1 0 ]

d_13_9=3.523976546877 s=[ 0 0 0 1 0 0 1 + + 1 1 0 1 0 ]

d_13_9=3.523976546877 s=[ 0 0 0 1 0 0 1 + + 1 1 1 1 0 ]

d_13_9=3.524176747077 s=[ 0 0 0 1 0 0 1 + + 1 0 0 1 0 ]

d_13_9=3.524176747077 s=[ 0 0 0 1 0 0 1 + + 1 0 1 1 0 ]

d_13_9=3.524176747077 s=[ 0 0 0 1 0 0 1 + + 1 1 0 1 0 ]

d_13_9=3.524176747077 s=[ 0 0 0 1 0 0 1 + + 1 1 1 1 0 ]

d_13_9=3.524376947277 s=[ 0 0 0 1 0 0 1 + + 1 0 0 1 0 ]

d_13_9=3.524376947277 s=[ 0 0 0 1 0 0 1 + + 1 0 1 1 0 ]

d_13_9=3.524376947277 s=[ 0 0 0 1 0 0 1 + + 1 1 0 1 0 ]

d_13_9=3.524376947277 s=[ 0 0 0 1 0 0 1 + + 1 1 1 1 0 ]

d_13_9=3.524577147477 s=[ 0 0 0 1 0 0 1 + + 1 0 0 1 0 ]

d_13_9=3.524577147477 s=[ 0 0 0 1 0 0 1 + + 1 0 1 1 0 ]

d_13_9=3.524577147477 s=[ 0 0 0 1 0 0 1 + + 1 1 0 1 0 ]

d_13_9=3.524577147477 s=[ 0 0 0 1 0 0 1 + + 1 1 1 1 0 ]

d_13_9=3.524777347678 s=[ 0 0 0 1 0 0 1 + + 1 0 0 1 0 ]

d_13_9=3.524777347678 s=[ 0 0 0 1 0 0 1 + + 1 0 1 1 0 ]

d_13_9=3.524777347678 s=[ 0 0 0 1 0 0 1 + + 1 1 0 1 0 ]

d_13_9=3.524777347678 s=[ 0 0 0 1 0 0 1 + + 1 1 1 1 0 ]

d_13_9=3.524977547878 s=[ 0 0 0 1 0 0 1 + + 1 0 0 1 0 ]

d_13_9=3.524977547878 s=[ 0 0 0 1 0 0 1 + + 1 0 1 1 0 ]

d_13_9=3.524977547878 s=[ 0 0 0 1 0 0 1 + + 1 1 0 1 0 ]

d_13_9=3.524977547878 s=[ 0 0 0 1 0 0 1 + + 1 1 1 1 0 ]

d_13_9=3.525177748078 s=[ 0 0 0 1 0 0 1 + + 1 0 0 1 0 ]

d_13_9=3.525177748078 s=[ 0 0 0 1 0 0 1 + + 1 0 1 1 0 ]

d_13_9=3.525177748078 s=[ 0 0 0 1 0 0 1 + + 1 1 0 1 0 ]

d_13_9=3.525177748078 s=[ 0 0 0 1 0 0 1 + + 1 1 1 1 0 ]

d_13_9=3.525377948278 s=[ 0 0 0 1 0 0 1 + + 1 0 0 1 0 ]

d_13_9=3.525377948278 s=[ 0 0 0 1 0 0 1 + + 1 0 1 1 0 ]

d_13_9=3.525377948278 s=[ 0 0 0 1 0 0 1 + + 1 1 0 1 0 ]

d_13_9=3.525377948278 s=[ 0 0 0 1 0 0 1 + + 1 1 1 1 0 ]

d_13_9=3.525578148478 s=[ 0 0 0 1 0 0 1 + + 1 0 0 1 0 ]

d_13_9=3.525578148478 s=[ 0 0 0 1 0 0 1 + + 1 0 1 1 0 ]

d_13_9=3.525578148478 s=[ 0 0 0 1 0 0 1 + + 1 1 0 1 0 ]

d_13_9=3.525578148478 s=[ 0 0 0 1 0 0 1 + + 1 1 1 1 0 ]

d_13_9=3.525778348679 s=[ 0 0 0 1 0 0 1 + + 1 0 0 1 0 ]

d_13_9=3.525778348679 s=[ 0 0 0 1 0 0 1 + + 1 0 1 1 0 ]

d_13_9=3.525778348679 s=[ 0 0 0 1 0 0 1 + + 1 1 0 1 0 ]

d_13_9=3.525778348679 s=[ 0 0 0 1 0 0 1 + + 1 1 1 1 0 ]

d_13_9=3.525978548879 s=[ 0 0 0 1 0 0 1 + + 1 0 0 1 0 ]

d_13_9=3.525978548879 s=[ 0 0 0 1 0 0 1 + + 1 0 1 1 0 ]

d_13_9=3.525978548879 s=[ 0 0 0 1 0 0 1 + + 1 1 0 1 0 ]

d_13_9=3.525978548879 s=[ 0 0 0 1 0 0 1 + + 1 1 1 1 0 ]

d_13_9=3.526178749079 s=[ 0 0 0 1 0 0 1 + + 1 0 0 1 0 ]

d_13_9=3.526178749079 s=[ 0 0 0 1 0 0 1 + + 1 0 1 1 0 ]

d_13_9=3.526178749079 s=[ 0 0 0 1 0 0 1 + + 1 1 0 1 0 ]

d_13_9=3.526178749079 s=[ 0 0 0 1 0 0 1 + + 1 1 1 1 0 ]

d_13_9=3.526378949279 s=[ 0 0 0 1 0 0 1 + + 1 0 0 1 0 ]

d_13_9=3.526378949279 s=[ 0 0 0 1 0 0 1 + + 1 0 1 1 0 ]

d_13_9=3.526378949279 s=[ 0 0 0 1 0 0 1 + + 1 1 0 1 0 ]

d_13_9=3.526378949279 s=[ 0 0 0 1 0 0 1 + + 1 1 1 1 0 ]

d_13_9=3.526579149479 s=[ 0 0 0 1 0 0 1 + + 1 0 0 1 0 ]

d_13_9=3.526579149479 s=[ 0 0 0 1 0 0 1 + + 1 0 1 1 0 ]

d_13_9=3.526579149479 s=[ 0 0 0 1 0 0 1 + + 1 1 0 1 0 ]

d_13_9=3.526579149479 s=[ 0 0 0 1 0 0 1 + + 1 1 1 1 0 ]

d_13_9=3.526779349680 s=[ 0 0 0 1 0 0 1 + + 1 0 0 1 0 ]

d_13_9=3.526779349680 s=[ 0 0 0 1 0 0 1 + + 1 0 1 1 0 ]

d_13_9=3.526779349680 s=[ 0 0 0 1 0 0 1 + + 1 1 0 1 0 ]

d_13_9=3.526779349680 s=[ 0 0 0 1 0 0 1 + + 1 1 1 1 0 ]

d_13_9=3.526979549880 s=[ 0 0 0 1 0 0 1 + + 1 0 0 1 0 ]

d_13_9=3.526979549880 s=[ 0 0 0 1 0 0 1 + + 1 0 1 1 0 ]

d_13_9=3.526979549880 s=[ 0 0 0 1 0 0 1 + + 1 1 0 1 0 ]

d_13_9=3.526979549880 s=[ 0 0 0 1 0 0 1 + + 1 1 1 1 0 ]

d_13_9=3.527179750080 s=[ 0 0 0 1 0 0 1 + + 1 0 0 1 0 ]

d_13_9=3.527179750080 s=[ 0 0 0 1 0 0 1 + + 1 0 1 1 0 ]

d_13_9=3.527179750080 s=[ 0 0 0 1 0 0 1 + + 1 1 0 1 0 ]

d_13_9=3.527179750080 s=[ 0 0 0 1 0 0 1 + + 1 1 1 1 0 ]

d_13_9=3.527379950280 s=[ 0 0 0 1 0 0 1 + + 1 0 0 1 0 ]

d_13_9=3.527379950280 s=[ 0 0 0 1 0 0 1 + + 1 0 1 1 0 ]

d_13_9=3.527379950280 s=[ 0 0 0 1 0 0 1 + + 1 1 0 1 0 ]

d_13_9=3.527379950280 s=[ 0 0 0 1 0 0 1 + + 1 1 1 1 0 ]

d_13_9=3.527580150480 s=[ 0 0 0 1 0 0 1 + + 1 0 0 1 0 ]

d_13_9=3.527580150480 s=[ 0 0 0 1 0 0 1 + + 1 0 1 1 0 ]

d_13_9=3.527580150480 s=[ 0 0 0 1 0 0 1 + + 1 1 0 1 0 ]

d_13_9=3.527580150480 s=[ 0 0 0 1 0 0 1 + + 1 1 1 1 0 ]

d_13_9=3.527780350681 s=[ 0 0 0 1 0 0 1 + + 1 0 0 1 0 ]

d_13_9=3.527780350681 s=[ 0 0 0 1 0 0 1 + + 1 1 0 1 0 ]

d_13_9=3.527780350681 s=[ 0 0 0 1 0 0 1 + + 1 1 1 1 0 ]

d_13_9=3.527980550881 s=[ 0 0 0 1 0 0 1 + + 1 0 0 1 0 ]

d_13_9=3.527980550881 s=[ 0 0 0 1 0 0 1 + + 1 1 0 1 0 ]

d_13_9=3.527980550881 s=[ 0 0 0 1 0 0 1 + + 1 1 1 1 0 ]

d_13_9=3.528180751081 s=[ 0 0 0 1 0 0 1 + + 1 0 0 1 0 ]

d_13_9=3.528180751081 s=[ 0 0 0 1 0 0 1 + + 1 1 0 1 0 ]

d_13_9=3.528180751081 s=[ 0 0 0 1 0 0 1 + + 1 1 1 1 0 ]

d_13_9=3.528380951281 s=[ 0 0 0 1 0 0 1 + + 1 0 0 1 0 ]

d_13_9=3.528380951281 s=[ 0 0 0 1 0 0 1 + + 1 1 0 1 0 ]

d_13_9=3.528380951281 s=[ 0 0 0 1 0 0 1 + + 1 1 1 1 0 ]

d_13_9=3.528581151481 s=[ 0 0 0 1 0 0 1 + + 1 0 0 1 0 ]

d_13_9=3.528581151481 s=[ 0 0 0 1 0 0 1 + + 1 1 0 1 0 ]

d_13_9=3.528581151481 s=[ 0 0 0 1 0 0 1 + + 1 1 1 1 0 ]

d_13_9=3.528781351682 s=[ 0 0 0 1 0 0 1 + + 1 0 0 1 0 ]

d_13_9=3.528781351682 s=[ 0 0 0 1 0 0 1 + + 1 1 0 1 0 ]

d_13_9=3.528781351682 s=[ 0 0 0 1 0 0 1 + + 1 1 1 1 0 ]

d_13_9=3.528981551882 s=[ 0 0 0 1 0 0 1 + + 1 0 0 1 0 ]

d_13_9=3.528981551882 s=[ 0 0 0 1 0 0 1 + + 1 1 0 1 0 ]

d_13_9=3.528981551882 s=[ 0 0 0 1 0 0 1 + + 1 1 1 1 0 ]

d_13_9=3.529181752082 s=[ 0 0 0 1 0 0 1 + + 1 0 0 1 0 ]

d_13_9=3.529181752082 s=[ 0 0 0 1 0 0 1 + + 1 1 0 1 0 ]

d_13_9=3.529181752082 s=[ 0 0 0 1 0 0 1 + + 1 1 1 1 0 ]

d_13_9=3.529381952282 s=[ 0 0 0 1 0 0 1 + + 1 0 0 1 0 ]

d_13_9=3.529381952282 s=[ 0 0 0 1 0 0 1 + + 1 1 0 1 0 ]

d_13_9=3.529381952282 s=[ 0 0 0 1 0 0 1 + + 1 1 1 1 0 ]

d_13_9=3.529582152482 s=[ 0 0 0 1 0 0 1 + + 1 0 0 1 0 ]

d_13_9=3.529582152482 s=[ 0 0 0 1 0 0 1 + + 1 1 0 1 0 ]

d_13_9=3.529582152482 s=[ 0 0 0 1 0 0 1 + + 1 1 1 1 0 ]

d_13_9=3.529782352683 s=[ 0 0 0 1 0 0 1 + + 1 0 0 1 0 ]

d_13_9=3.529782352683 s=[ 0 0 0 1 0 0 1 + + 1 1 0 1 0 ]

d_13_9=3.529782352683 s=[ 0 0 0 1 0 0 1 + + 1 1 1 1 0 ]

d_13_9=3.529982552883 s=[ 0 0 0 1 0 0 1 + + 1 0 0 1 0 ]

d_13_9=3.529982552883 s=[ 0 0 0 1 0 0 1 + + 1 1 0 1 0 ]

d_13_9=3.529982552883 s=[ 0 0 0 1 0 0 1 + + 1 1 1 1 0 ]

d_13_9=3.530182753083 s=[ 0 0 0 1 0 0 1 + + 1 0 0 1 0 ]

d_13_9=3.530182753083 s=[ 0 0 0 1 0 0 1 + + 1 1 0 1 0 ]

d_13_9=3.530182753083 s=[ 0 0 0 1 0 0 1 + + 1 1 1 1 0 ]

d_13_9=3.530382953283 s=[ 0 0 0 1 0 0 1 + + 1 0 0 1 0 ]

d_13_9=3.530382953283 s=[ 0 0 0 1 0 0 1 + + 1 1 0 1 0 ]

d_13_9=3.530382953283 s=[ 0 0 0 1 0 0 1 + + 1 1 1 1 0 ]

d_13_9=3.530583153483 s=[ 0 0 0 1 0 0 1 + + 1 0 0 1 0 ]

d_13_9=3.530583153483 s=[ 0 0 0 1 0 0 1 + + 1 1 0 1 0 ]

d_13_9=3.530583153483 s=[ 0 0 0 1 0 0 1 + + 1 1 1 1 0 ]

d_13_9=3.530783353684 s=[ 0 0 0 1 0 0 1 + + 1 0 0 1 0 ]

d_13_9=3.530783353684 s=[ 0 0 0 1 0 0 1 + + 1 1 0 1 0 ]

d_13_9=3.530783353684 s=[ 0 0 0 1 0 0 1 + + 1 1 1 1 0 ]

d_13_9=3.530983553884 s=[ 0 0 0 1 0 0 1 + + 1 0 0 1 0 ]

d_13_9=3.530983553884 s=[ 0 0 0 1 0 0 1 + + 1 1 0 1 0 ]

d_13_9=3.530983553884 s=[ 0 0 0 1 0 0 1 + + 1 1 1 1 0 ]

d_13_9=3.531183754084 s=[ 0 0 0 1 0 0 1 + + 1 0 0 1 0 ]

d_13_9=3.531183754084 s=[ 0 0 0 1 0 0 1 + + 1 1 0 1 0 ]

d_13_9=3.531183754084 s=[ 0 0 0 1 0 0 1 + + 1 1 1 1 0 ]

d_13_9=3.531383954284 s=[ 0 0 0 1 0 0 1 + + 1 0 0 1 0 ]

d_13_9=3.531383954284 s=[ 0 0 0 1 0 0 1 + + 1 1 0 1 0 ]

d_13_9=3.531383954284 s=[ 0 0 0 1 0 0 1 + + 1 1 1 1 0 ]

d_13_9=3.531584154484 s=[ 0 0 0 1 0 0 1 + + 1 0 0 1 0 ]

d_13_9=3.531584154484 s=[ 0 0 0 1 0 0 1 + + 1 1 0 1 0 ]

d_13_9=3.531584154484 s=[ 0 0 0 1 0 0 1 + + 1 1 1 1 0 ]

d_13_9=3.531784354685 s=[ 0 0 0 1 0 0 1 + + 1 0 0 1 0 ]

d_13_9=3.531784354685 s=[ 0 0 0 1 0 0 1 + + 1 1 0 1 0 ]

d_13_9=3.531784354685 s=[ 0 0 0 1 0 0 1 + + 1 1 1 1 0 ]

d_13_9=3.531984554885 s=[ 0 0 0 1 0 0 1 + + 1 0 0 1 0 ]

d_13_9=3.531984554885 s=[ 0 0 0 1 0 0 1 + + 1 1 0 1 0 ]

d_13_9=3.531984554885 s=[ 0 0 0 1 0 0 1 + + 1 1 1 1 0 ]

d_13_9=3.532184755085 s=[ 0 0 0 1 0 0 1 + + 1 0 0 1 0 ]

d_13_9=3.532184755085 s=[ 0 0 0 1 0 0 1 + + 1 1 0 1 0 ]

d_13_9=3.532184755085 s=[ 0 0 0 1 0 0 1 + + 1 1 1 1 0 ]

d_13_9=3.532384955285 s=[ 0 0 0 1 0 0 1 + + 1 0 0 1 0 ]

d_13_9=3.532384955285 s=[ 0 0 0 1 0 0 1 + + 1 1 0 1 0 ]

d_13_9=3.532384955285 s=[ 0 0 0 1 0 0 1 + + 1 1 1 1 0 ]

d_13_9=3.532585155485 s=[ 0 0 0 1 0 0 1 + + 1 0 0 1 0 ]

d_13_9=3.532585155485 s=[ 0 0 0 1 0 0 1 + + 1 1 0 1 0 ]

d_13_9=3.532585155485 s=[ 0 0 0 1 0 0 1 + + 1 1 1 1 0 ]

d_13_9=3.532785355686 s=[ 0 0 0 1 0 0 1 + + 1 0 0 1 0 ]

d_13_9=3.532785355686 s=[ 0 0 0 1 0 0 1 + + 1 1 0 1 0 ]

d_13_9=3.532785355686 s=[ 0 0 0 1 0 0 1 + + 1 1 1 1 0 ]

d_13_9=3.532985555886 s=[ 0 0 0 1 0 0 1 + + 1 0 0 1 0 ]

d_13_9=3.532985555886 s=[ 0 0 0 1 0 0 1 + + 1 1 0 1 0 ]

d_13_9=3.532985555886 s=[ 0 0 0 1 0 0 1 + + 1 1 1 1 0 ]

d_13_9=3.533185756086 s=[ 0 0 0 1 0 0 1 + + 1 0 0 1 0 ]

d_13_9=3.533185756086 s=[ 0 0 0 1 0 0 1 + + 1 1 0 1 0 ]

d_13_9=3.533185756086 s=[ 0 0 0 1 0 0 1 + + 1 1 1 1 0 ]

d_13_9=3.533385956286 s=[ 0 0 0 1 0 0 1 + + 1 0 0 1 0 ]

d_13_9=3.533385956286 s=[ 0 0 0 1 0 0 1 + + 1 1 0 1 0 ]

d_13_9=3.533385956286 s=[ 0 0 0 1 0 0 1 + + 1 1 1 1 0 ]

d_13_9=3.533586156486 s=[ 0 0 0 1 0 0 1 + + 1 0 0 1 0 ]

d_13_9=3.533586156486 s=[ 0 0 0 1 0 0 1 + + 1 1 0 1 0 ]

d_13_9=3.533586156486 s=[ 0 0 0 1 0 0 1 + + 1 1 1 1 0 ]

d_13_9=3.533786356687 s=[ 0 0 0 1 0 0 1 + + 1 0 0 1 0 ]

d_13_9=3.533786356687 s=[ 0 0 0 1 0 0 1 + + 1 1 0 1 0 ]

d_13_9=3.533786356687 s=[ 0 0 0 1 0 0 1 + + 1 1 1 1 0 ]

d_13_9=3.533986556887 s=[ 0 0 0 1 0 0 1 + + 1 0 0 1 0 ]

d_13_9=3.533986556887 s=[ 0 0 0 1 0 0 1 + + 1 1 0 1 0 ]

d_13_9=3.533986556887 s=[ 0 0 0 1 0 0 1 + + 1 1 1 1 0 ]

d_13_9=3.534186757087 s=[ 0 0 0 1 0 0 1 + + 1 0 0 1 0 ]

d_13_9=3.534186757087 s=[ 0 0 0 1 0 0 1 + + 1 1 0 1 0 ]

d_13_9=3.534186757087 s=[ 0 0 0 1 0 0 1 + + 1 1 1 1 0 ]

d_13_9=3.534386957287 s=[ 0 0 0 1 0 0 1 + + 1 0 0 1 0 ]

d_13_9=3.534386957287 s=[ 0 0 0 1 0 0 1 + + 1 1 0 1 0 ]

d_13_9=3.534386957287 s=[ 0 0 0 1 0 0 1 + + 1 1 1 1 0 ]

d_13_9=3.534587157487 s=[ 0 0 0 1 0 0 1 + + 1 0 0 1 0 ]

d_13_9=3.534587157487 s=[ 0 0 0 1 0 0 1 + + 1 1 0 1 0 ]

d_13_9=3.534587157487 s=[ 0 0 0 1 0 0 1 + + 1 1 1 1 0 ]

d_13_9=3.534787357688 s=[ 0 0 0 1 0 0 1 + + 1 0 0 1 0 ]

d_13_9=3.534787357688 s=[ 0 0 0 1 0 0 1 + + 1 1 0 1 0 ]

d_13_9=3.534787357688 s=[ 0 0 0 1 0 0 1 + + 1 1 1 1 0 ]

d_13_9=3.534987557888 s=[ 0 0 0 1 0 0 1 + + 1 0 0 1 0 ]

d_13_9=3.534987557888 s=[ 0 0 0 1 0 0 1 + + 1 1 0 1 0 ]

d_13_9=3.534987557888 s=[ 0 0 0 1 0 0 1 + + 1 1 1 1 0 ]

d_13_9=3.535187758088 s=[ 0 0 0 1 0 0 1 + + 1 0 0 1 0 ]

d_13_9=3.535187758088 s=[ 0 0 0 1 0 0 1 + + 1 1 0 1 0 ]

d_13_9=3.535187758088 s=[ 0 0 0 1 0 0 1 + + 1 1 1 1 0 ]

d_13_9=3.535387958288 s=[ 0 0 0 1 0 0 1 + + 1 0 0 1 0 ]

d_13_9=3.535387958288 s=[ 0 0 0 1 0 0 1 + + 1 1 0 1 0 ]

d_13_9=3.535387958288 s=[ 0 0 0 1 0 0 1 + + 1 1 1 1 0 ]

d_13_9=3.535588158488 s=[ 0 0 0 1 0 0 1 + + 1 0 0 1 0 ]

d_13_9=3.535588158488 s=[ 0 0 0 1 0 0 1 + + 1 1 0 1 0 ]

d_13_9=3.535588158488 s=[ 0 0 0 1 0 0 1 + + 1 1 1 1 0 ]

d_13_9=3.535788358689 s=[ 0 0 0 1 0 0 1 + + 1 0 0 1 0 ]

d_13_9=3.535788358689 s=[ 0 0 0 1 0 0 1 + + 1 1 0 1 0 ]

d_13_9=3.535788358689 s=[ 0 0 0 1 0 0 1 + + 1 1 1 1 0 ]

d_13_9=3.535988558889 s=[ 0 0 0 1 0 0 1 + + 1 0 0 1 0 ]

d_13_9=3.535988558889 s=[ 0 0 0 1 0 0 1 + + 1 1 0 1 0 ]

d_13_9=3.535988558889 s=[ 0 0 0 1 0 0 1 + + 1 1 1 1 0 ]

d_13_9=3.536188759089 s=[ 0 0 0 1 0 0 1 + + 1 0 0 1 0 ]

d_13_9=3.536188759089 s=[ 0 0 0 1 0 0 1 + + 1 1 0 1 0 ]

d_13_9=3.536188759089 s=[ 0 0 0 1 0 0 1 + + 1 1 1 1 0 ]

d_13_9=3.536388959289 s=[ 0 0 0 1 0 0 1 + + 1 0 0 1 0 ]

d_13_9=3.536388959289 s=[ 0 0 0 1 0 0 1 + + 1 1 0 1 0 ]

d_13_9=3.536388959289 s=[ 0 0 0 1 0 0 1 + + 1 1 1 1 0 ]

d_13_9=3.536589159489 s=[ 0 0 0 1 0 0 1 + + 1 1 0 1 0 ]

d_13_9=3.536589159489 s=[ 0 0 0 1 0 0 1 + + 1 1 1 1 0 ]

d_13_9=3.536789359690 s=[ 0 0 0 1 0 0 1 + + 1 1 0 1 0 ]

d_13_9=3.536789359690 s=[ 0 0 0 1 0 0 1 + + 1 1 1 1 0 ]

d_13_9=3.536989559890 s=[ 0 0 0 1 0 0 1 + + 1 1 0 1 0 ]

d_13_9=3.536989559890 s=[ 0 0 0 1 0 0 1 + + 1 1 1 1 0 ]

d_13_9=3.537189760090 s=[ 0 0 0 1 0 0 1 + + 1 1 0 1 0 ]

d_13_9=3.537189760090 s=[ 0 0 0 1 0 0 1 + + 1 1 1 1 0 ]

d_13_9=3.537389960290 s=[ 0 0 0 1 0 0 1 + + 1 1 0 1 0 ]

d_13_9=3.537389960290 s=[ 0 0 0 1 0 0 1 + + 1 1 1 1 0 ]

d_13_9=3.537590160490 s=[ 0 0 0 1 0 0 1 + + 1 1 0 1 0 ]

d_13_9=3.537590160490 s=[ 0 0 0 1 0 0 1 + + 1 1 1 1 0 ]

d_13_9=3.537790360691 s=[ 0 0 0 1 0 0 1 + + 1 1 0 1 0 ]

d_13_9=3.537790360691 s=[ 0 0 0 1 0 0 1 + + 1 1 1 1 0 ]

d_13_9=3.537990560891 s=[ 0 0 0 1 0 0 1 + + 1 1 0 1 0 ]

d_13_9=3.537990560891 s=[ 0 0 0 1 0 0 1 + + 1 1 1 1 0 ]

d_13_9=3.538190761091 s=[ 0 0 0 1 0 0 1 + + 1 1 0 1 0 ]

d_13_9=3.538190761091 s=[ 0 0 0 1 0 0 1 + + 1 1 1 1 0 ]

d_13_9=3.538390961291 s=[ 0 0 0 1 0 0 1 + + 1 1 0 1 0 ]

d_13_9=3.538390961291 s=[ 0 0 0 1 0 0 1 + + 1 1 1 1 0 ]

d_13_9=3.538591161491 s=[ 0 0 0 1 0 0 1 + + 1 1 0 1 0 ]

d_13_9=3.538591161491 s=[ 0 0 0 1 0 0 1 + + 1 1 1 1 0 ]

d_13_9=3.538791361692 s=[ 0 0 0 1 0 0 1 + + 1 1 0 1 0 ]

d_13_9=3.538791361692 s=[ 0 0 0 1 0 0 1 + + 1 1 1 1 0 ]

d_13_9=3.538991561892 s=[ 0 0 0 1 0 0 1 + + 1 1 0 1 0 ]

d_13_9=3.538991561892 s=[ 0 0 0 1 0 0 1 + + 1 1 1 1 0 ]

d_13_9=3.539191762092 s=[ 0 0 0 1 0 0 1 + + 1 1 0 1 0 ]

d_13_9=3.539191762092 s=[ 0 0 0 1 0 0 1 + + 1 1 1 1 0 ]

d_13_9=3.539391962292 s=[ 0 0 0 1 0 0 1 + + 1 1 0 1 0 ]

d_13_9=3.539391962292 s=[ 0 0 0 1 0 0 1 + + 1 1 1 1 0 ]

d_13_9=3.539592162492 s=[ 0 0 0 1 0 0 1 + + 1 1 0 1 0 ]

d_13_9=3.539592162492 s=[ 0 0 0 1 0 0 1 + + 1 1 1 1 0 ]

d_13_9=3.539792362693 s=[ 0 0 0 1 0 0 1 + + 1 1 0 1 0 ]

d_13_9=3.539792362693 s=[ 0 0 0 1 0 0 1 + + 1 1 1 1 0 ]

d_13_9=3.539992562893 s=[ 0 0 0 1 0 0 1 + + 1 1 0 1 0 ]

d_13_9=3.539992562893 s=[ 0 0 0 1 0 0 1 + + 1 1 1 1 0 ]

d_13_9=3.540192763093 s=[ 0 0 0 1 0 0 1 + + 1 1 0 1 0 ]

d_13_9=3.540192763093 s=[ 0 0 0 1 0 0 1 + + 1 1 1 1 0 ]

d_13_9=3.540392963293 s=[ 0 0 0 1 0 0 1 + + 1 1 0 1 0 ]

d_13_9=3.540392963293 s=[ 0 0 0 1 0 0 1 + + 1 1 1 1 0 ]

d_13_9=3.540593163493 s=[ 0 0 0 1 0 0 1 + + 1 1 0 1 0 ]

d_13_9=3.540593163493 s=[ 0 0 0 1 0 0 1 + + 1 1 1 1 0 ]

d_13_9=3.540793363694 s=[ 0 0 0 1 0 0 1 + + 1 1 0 1 0 ]

d_13_9=3.540793363694 s=[ 0 0 0 1 0 0 1 + + 1 1 1 1 0 ]

d_13_9=3.540993563894 s=[ 0 0 0 1 0 0 1 + + 1 1 0 1 0 ]

d_13_9=3.540993563894 s=[ 0 0 0 1 0 0 1 + + 1 1 1 1 0 ]

d_13_9=3.541193764094 s=[ 0 0 0 1 0 0 1 + + 1 1 0 1 0 ]

d_13_9=3.541193764094 s=[ 0 0 0 1 0 0 1 + + 1 1 1 1 0 ]

d_13_9=3.541393964294 s=[ 0 0 0 1 0 0 1 + + 1 1 0 1 0 ]

d_13_9=3.541393964294 s=[ 0 0 0 1 0 0 1 + + 1 1 1 1 0 ]

d_13_9=3.541594164494 s=[ 0 0 0 1 0 0 1 + + 1 1 0 1 0 ]

d_13_9=3.541594164494 s=[ 0 0 0 1 0 0 1 + + 1 1 1 1 0 ]

d_13_9=3.541794364695 s=[ 0 0 0 1 0 0 1 + + 1 1 0 1 0 ]

d_13_9=3.541794364695 s=[ 0 0 0 1 0 0 1 + + 1 1 1 1 0 ]

d_13_9=3.541994564895 s=[ 0 0 0 1 0 0 1 + + 1 1 0 1 0 ]

d_13_9=3.541994564895 s=[ 0 0 0 1 0 0 1 + + 1 1 1 1 0 ]

d_13_9=3.542194765095 s=[ 0 0 0 1 0 0 1 + + 1 1 0 1 0 ]

d_13_9=3.542194765095 s=[ 0 0 0 1 0 0 1 + + 1 1 1 1 0 ]

d_13_9=3.542394965295 s=[ 0 0 0 1 0 0 1 + + 1 1 0 1 0 ]

d_13_9=3.542394965295 s=[ 0 0 0 1 0 0 1 + + 1 1 1 1 0 ]

d_13_9=3.542595165495 s=[ 0 0 0 1 0 0 1 + + 1 1 0 1 0 ]

d_13_9=3.542595165495 s=[ 0 0 0 1 0 0 1 + + 1 1 1 1 0 ]

d_13_9=3.542795365696 s=[ 0 0 0 1 0 0 1 + + 1 1 0 1 0 ]

d_13_9=3.542795365696 s=[ 0 0 0 1 0 0 1 + + 1 1 1 1 0 ]

d_13_9=3.542995565896 s=[ 0 0 0 1 0 0 1 + + 1 1 0 1 0 ]

d_13_9=3.542995565896 s=[ 0 0 0 1 0 0 1 + + 1 1 1 1 0 ]

d_13_9=3.543195766096 s=[ 0 0 0 1 0 0 1 + + 1 1 0 1 0 ]

d_13_9=3.543195766096 s=[ 0 0 0 1 0 0 1 + + 1 1 1 1 0 ]

d_13_9=3.543395966296 s=[ 0 0 0 1 0 0 1 + + 1 1 0 1 0 ]

d_13_9=3.543395966296 s=[ 0 0 0 1 0 0 1 + + 1 1 1 1 0 ]

d_13_9=3.543596166496 s=[ 0 0 0 1 0 0 1 + + 1 1 0 1 0 ]

d_13_9=3.543596166496 s=[ 0 0 0 1 0 0 1 + + 1 1 1 1 0 ]

d_13_9=3.543796366697 s=[ 0 0 0 1 0 0 1 + + 1 1 0 1 0 ]

d_13_9=3.543796366697 s=[ 0 0 0 1 0 0 1 + + 1 1 1 1 0 ]

d_13_9=3.543996566897 s=[ 0 0 0 1 0 0 1 + + 1 1 0 1 0 ]

d_13_9=3.543996566897 s=[ 0 0 0 1 0 0 1 + + 1 1 1 1 0 ]

d_13_9=3.544196767097 s=[ 0 0 0 1 0 0 1 + + 1 1 0 1 0 ]

d_13_9=3.544196767097 s=[ 0 0 0 1 0 0 1 + + 1 1 1 1 0 ]

d_13_9=3.544396967297 s=[ 0 0 0 1 0 0 1 + + 1 1 0 1 0 ]

d_13_9=3.544396967297 s=[ 0 0 0 1 0 0 1 + + 1 1 1 1 0 ]

d_13_9=3.544597167497 s=[ 0 0 0 1 0 0 1 + + 1 1 0 1 0 ]

d_13_9=3.544597167497 s=[ 0 0 0 1 0 0 1 + + 1 1 1 1 0 ]

d_13_9=3.544797367698 s=[ 0 0 0 1 0 0 1 + + 1 1 0 1 0 ]

d_13_9=3.544797367698 s=[ 0 0 0 1 0 0 1 + + 1 1 1 1 0 ]

d_13_9=3.544997567898 s=[ 0 0 0 1 0 0 1 + + 1 1 0 1 0 ]

d_13_9=3.544997567898 s=[ 0 0 0 1 0 0 1 + + 1 1 1 1 0 ]

d_13_9=3.545197768098 s=[ 0 0 0 1 0 0 1 + + 1 1 0 1 0 ]

d_13_9=3.545197768098 s=[ 0 0 0 1 0 0 1 + + 1 1 1 1 0 ]

d_13_9=3.545397968298 s=[ 0 0 0 1 0 0 1 + + 1 1 0 1 0 ]

d_13_9=3.545397968298 s=[ 0 0 0 1 0 0 1 + + 1 1 1 1 0 ]

d_13_9=3.545598168498 s=[ 0 0 0 1 0 0 1 + + 1 1 0 1 0 ]

d_13_9=3.545598168498 s=[ 0 0 0 1 0 0 1 + + 1 1 1 1 0 ]

d_13_9=3.545798368699 s=[ 0 0 0 1 0 0 1 + + 1 1 0 1 0 ]

d_13_9=3.545798368699 s=[ 0 0 0 1 0 0 1 + + 1 1 1 1 0 ]

d_13_9=3.545998568899 s=[ 0 0 0 1 0 0 1 + + 1 1 0 1 0 ]

d_13_9=3.545998568899 s=[ 0 0 0 1 0 0 1 + + 1 1 1 1 0 ]

d_13_9=3.546198769099 s=[ 0 0 0 1 0 0 1 + + 1 1 0 1 0 ]

d_13_9=3.546198769099 s=[ 0 0 0 1 0 0 1 + + 1 1 1 1 0 ]

d_13_9=3.546398969299 s=[ 0 0 0 1 0 0 1 + + 1 1 0 1 0 ]

d_13_9=3.546398969299 s=[ 0 0 0 1 0 0 1 + + 1 1 1 1 0 ]

d_13_9=3.546599169500 s=[ 0 0 0 1 0 0 1 + + 1 1 0 1 0 ]

d_13_9=3.546599169500 s=[ 0 0 0 1 0 0 1 + + 1 1 1 1 0 ]

d_13_9=3.546799369700 s=[ 0 0 0 1 0 0 1 + + 1 1 0 1 0 ]

d_13_9=3.546799369700 s=[ 0 0 0 1 0 0 1 + + 1 1 1 1 0 ]

d_13_9=3.546999569900 s=[ 0 0 0 1 0 0 1 + + 1 1 0 1 0 ]

d_13_9=3.546999569900 s=[ 0 0 0 1 0 0 1 + + 1 1 1 1 0 ]

d_13_9=3.547199770100 s=[ 0 0 0 1 0 0 1 + + 1 1 0 1 0 ]

d_13_9=3.547199770100 s=[ 0 0 0 1 0 0 1 + + 1 1 1 1 0 ]

d_13_9=3.547399970300 s=[ 0 0 0 1 0 0 1 + + 1 1 0 1 0 ]

d_13_9=3.547399970300 s=[ 0 0 0 1 0 0 1 + + 1 1 1 1 0 ]

d_13_9=3.547600170500 s=[ 0 0 0 1 0 0 1 + + 1 1 0 1 0 ]

d_13_9=3.547600170500 s=[ 0 0 0 1 0 0 1 + + 1 1 1 1 0 ]

d_13_9=3.547800370701 s=[ 0 0 0 1 0 0 1 + + 1 1 0 1 0 ]

d_13_9=3.547800370701 s=[ 0 0 0 1 0 0 1 + + 1 1 1 1 0 ]

d_13_9=3.548000570901 s=[ 0 0 0 1 0 0 1 + + 1 1 0 1 0 ]

d_13_9=3.548000570901 s=[ 0 0 0 1 0 0 1 + + 1 1 1 1 0 ]

d_13_9=3.548200771101 s=[ 0 0 0 1 0 0 1 + + 1 1 0 1 0 ]

d_13_9=3.548200771101 s=[ 0 0 0 1 0 0 1 + + 1 1 1 1 0 ]

d_13_9=3.548400971301 s=[ 0 0 0 1 0 0 1 + + 1 1 0 1 0 ]

d_13_9=3.548400971301 s=[ 0 0 0 1 0 0 1 + + 1 1 1 1 0 ]

d_13_9=3.548601171502 s=[ 0 0 0 1 0 0 1 + + 1 1 0 1 0 ]

d_13_9=3.548601171502 s=[ 0 0 0 1 0 0 1 + + 1 1 1 1 0 ]

d_13_9=3.548801371702 s=[ 0 0 0 1 0 0 1 + + 1 1 0 1 0 ]

d_13_9=3.548801371702 s=[ 0 0 0 1 0 0 1 + + 1 1 1 1 0 ]

d_13_9=3.549001571902 s=[ 0 0 0 1 0 0 1 + + 1 1 0 1 0 ]

d_13_9=3.549001571902 s=[ 0 0 0 1 0 0 1 + + 1 1 1 1 0 ]

d_13_9=3.549201772102 s=[ 0 0 0 1 0 0 1 + + 1 1 0 1 0 ]

d_13_9=3.549201772102 s=[ 0 0 0 1 0 0 1 + + 1 1 1 1 0 ]

d_13_9=3.549401972302 s=[ 0 0 0 1 0 0 1 + + 1 1 0 1 0 ]

d_13_9=3.549401972302 s=[ 0 0 0 1 0 0 1 + + 1 1 1 1 0 ]

d_13_9=3.549602172503 s=[ 0 0 0 1 0 0 1 + + 1 1 0 1 0 ]

d_13_9=3.549602172503 s=[ 0 0 0 1 0 0 1 + + 1 1 1 1 0 ]

d_13_9=3.549802372703 s=[ 0 0 0 1 0 0 1 + + 1 1 0 1 0 ]

d_13_9=3.549802372703 s=[ 0 0 0 1 0 0 1 + + 1 1 1 1 0 ]

d_13_9=3.550002572903 s=[ 0 0 0 1 0 0 1 + + 1 1 0 1 0 ]

d_13_9=3.550002572903 s=[ 0 0 0 1 0 0 1 + + 1 1 1 1 0 ]

d_13_9=3.550202773103 s=[ 0 0 0 1 0 0 1 + + 1 1 0 1 0 ]

d_13_9=3.550202773103 s=[ 0 0 0 1 0 0 1 + + 1 1 1 1 0 ]

d_13_9=3.550402973303 s=[ 0 0 0 1 0 0 1 + + 1 1 0 1 0 ]

d_13_9=3.550402973303 s=[ 0 0 0 1 0 0 1 + + 1 1 1 1 0 ]

d_13_9=3.550603173504 s=[ 0 0 0 1 0 0 1 + + 1 1 0 1 0 ]

d_13_9=3.550603173504 s=[ 0 0 0 1 0 0 1 + + 1 1 1 1 0 ]

d_13_9=3.550803373704 s=[ 0 0 0 1 0 0 1 + + 1 1 0 1 0 ]

d_13_9=3.550803373704 s=[ 0 0 0 1 0 0 1 + + 1 1 1 1 0 ]

d_13_9=3.551003573904 s=[ 0 0 0 1 0 0 1 + + 1 1 0 1 0 ]

d_13_9=3.551003573904 s=[ 0 0 0 1 0 0 1 + + 1 1 1 1 0 ]

d_13_9=3.551203774104 s=[ 0 0 0 1 0 0 1 + + 1 1 0 1 0 ]

d_13_9=3.551203774104 s=[ 0 0 0 1 0 0 1 + + 1 1 1 1 0 ]

d_13_9=3.551403974304 s=[ 0 0 0 1 0 0 1 + + 1 1 0 1 0 ]

d_13_9=3.551403974304 s=[ 0 0 0 1 0 0 1 + + 1 1 1 1 0 ]

d_13_9=3.551604174505 s=[ 0 0 0 1 0 0 1 + + 1 1 0 1 0 ]

d_13_9=3.551604174505 s=[ 0 0 0 1 0 0 1 + + 1 1 1 1 0 ]

d_13_9=3.551804374705 s=[ 0 0 0 1 0 0 1 + + 1 1 0 1 0 ]

d_13_9=3.551804374705 s=[ 0 0 0 1 0 0 1 + + 1 1 1 1 0 ]

d_13_9=3.552004574905 s=[ 0 0 0 1 0 0 1 + + 1 1 0 1 0 ]

d_13_9=3.552004574905 s=[ 0 0 0 1 0 0 1 + + 1 1 1 1 0 ]

d_13_9=3.552204775105 s=[ 0 0 0 1 0 0 1 + + 1 1 0 1 0 ]

d_13_9=3.552204775105 s=[ 0 0 0 1 0 0 1 + + 1 1 1 1 0 ]

d_13_9=3.552404975305 s=[ 0 0 0 1 0 0 1 + + 1 1 0 1 0 ]

d_13_9=3.552404975305 s=[ 0 0 0 1 0 0 1 + + 1 1 1 1 0 ]

d_13_9=3.552605175506 s=[ 0 0 0 1 0 0 1 + + 1 1 0 1 0 ]

d_13_9=3.552605175506 s=[ 0 0 0 1 0 0 1 + + 1 1 1 1 0 ]

d_13_9=3.552805375706 s=[ 0 0 0 1 0 0 1 + + 1 1 0 1 0 ]

d_13_9=3.552805375706 s=[ 0 0 0 1 0 0 1 + + 1 1 1 1 0 ]

d_13_9=3.553005575906 s=[ 0 0 0 1 0 0 1 + + 1 1 0 1 0 ]

d_13_9=3.553005575906 s=[ 0 0 0 1 0 0 1 + + 1 1 1 1 0 ]

d_13_9=3.553205776106 s=[ 0 0 0 1 0 0 1 + + 1 1 0 1 0 ]

d_13_9=3.553205776106 s=[ 0 0 0 1 0 0 1 + + 1 1 1 1 0 ]

d_13_9=3.553405976306 s=[ 0 0 0 1 0 0 1 + + 1 1 0 1 0 ]

d_13_9=3.553405976306 s=[ 0 0 0 1 0 0 1 + + 1 1 1 1 0 ]

d_13_9=3.553606176507 s=[ 0 0 0 1 0 0 1 + + 1 1 0 1 0 ]

d_13_9=3.553606176507 s=[ 0 0 0 1 0 0 1 + + 1 1 1 1 0 ]

d_13_9=3.553806376707 s=[ 0 0 0 1 0 0 1 + + 1 1 0 1 0 ]

d_13_9=3.553806376707 s=[ 0 0 0 1 0 0 1 + + 1 1 1 1 0 ]

d_13_9=3.554006576907 s=[ 0 0 0 1 0 0 1 + + 1 1 0 1 0 ]

d_13_9=3.554006576907 s=[ 0 0 0 1 0 0 1 + + 1 1 1 1 0 ]

d_13_9=3.554206777107 s=[ 0 0 0 1 0 0 1 + + 1 1 0 1 0 ]

d_13_9=3.554206777107 s=[ 0 0 0 1 0 0 1 + + 1 1 1 1 0 ]

d_13_9=3.554406977307 s=[ 0 0 0 1 0 0 1 + + 1 1 0 1 0 ]

d_13_9=3.554406977307 s=[ 0 0 0 1 0 0 1 + + 1 1 1 1 0 ]

d_13_9=3.554607177508 s=[ 0 0 0 1 0 0 1 + + 1 1 0 1 0 ]

d_13_9=3.554607177508 s=[ 0 0 0 1 0 0 1 + + 1 1 1 1 0 ]

d_13_9=3.554807377708 s=[ 0 0 0 1 0 0 1 + + 1 1 0 1 0 ]

d_13_9=3.554807377708 s=[ 0 0 0 1 0 0 1 + + 1 1 1 1 0 ]

d_13_9=3.555007577908 s=[ 0 0 0 1 0 0 1 + + 1 1 0 1 0 ]

d_13_9=3.555007577908 s=[ 0 0 0 1 0 0 1 + + 1 1 1 1 0 ]

d_13_9=3.555207778108 s=[ 0 0 0 1 0 0 1 + + 1 1 0 1 0 ]

d_13_9=3.555207778108 s=[ 0 0 0 1 0 0 1 + + 1 1 1 1 0 ]

d_13_9=3.555407978308 s=[ 0 0 0 1 0 0 1 + + 1 1 0 1 0 ]

d_13_9=3.555407978308 s=[ 0 0 0 1 0 0 1 + + 1 1 1 1 0 ]

d_13_9=3.555608178509 s=[ 0 0 0 1 0 0 1 + + 1 1 0 1 0 ]

d_13_9=3.555608178509 s=[ 0 0 0 1 0 0 1 + + 1 1 1 1 0 ]

d_13_9=3.555808378709 s=[ 0 0 0 1 0 0 1 + + 1 1 0 1 0 ]

d_13_9=3.555808378709 s=[ 0 0 0 1 0 0 1 + + 1 1 1 1 0 ]

d_13_9=3.556008578909 s=[ 0 0 0 1 0 0 1 + + 1 1 0 1 0 ]

d_13_9=3.556008578909 s=[ 0 0 0 1 0 0 1 + + 1 1 1 1 0 ]

d_13_9=3.556208779109 s=[ 0 0 0 1 0 0 1 + + 1 1 0 1 0 ]

d_13_9=3.556208779109 s=[ 0 0 0 1 0 0 1 + + 1 1 1 1 0 ]

d_13_9=3.556408979309 s=[ 0 0 0 1 0 0 1 + + 1 1 0 1 0 ]

d_13_9=3.556408979309 s=[ 0 0 0 1 0 0 1 + + 1 1 1 1 0 ]

d_13_9=3.556609179510 s=[ 0 0 0 1 0 0 1 + + 1 1 0 1 0 ]

d_13_9=3.556609179510 s=[ 0 0 0 1 0 0 1 + + 1 1 1 1 0 ]

d_13_9=3.556809379710 s=[ 0 0 0 1 0 0 1 + + 1 1 0 1 0 ]

d_13_9=3.556809379710 s=[ 0 0 0 1 0 0 1 + + 1 1 1 1 0 ]

d_13_9=3.557009579910 s=[ 0 0 0 1 0 0 1 + + 1 1 0 1 0 ]

d_13_9=3.557009579910 s=[ 0 0 0 1 0 0 1 + + 1 1 1 1 0 ]

d_13_9=3.557209780110 s=[ 0 0 0 1 0 0 1 + + 1 1 0 1 0 ]

d_13_9=3.557209780110 s=[ 0 0 0 1 0 0 1 + + 1 1 1 1 0 ]

d_13_9=3.557409980310 s=[ 0 0 0 1 0 0 1 + + 1 1 0 1 0 ]

d_13_9=3.557409980310 s=[ 0 0 0 1 0 0 1 + + 1 1 1 1 0 ]

d_13_9=3.557610180511 s=[ 0 0 0 1 0 0 1 + + 1 1 0 1 0 ]

d_13_9=3.557610180511 s=[ 0 0 0 1 0 0 1 + + 1 1 1 1 0 ]

d_13_9=3.557810380711 s=[ 0 0 0 1 0 0 1 + + 1 1 0 1 0 ]

d_13_9=3.557810380711 s=[ 0 0 0 1 0 0 1 + + 1 1 1 1 0 ]

d_13_9=3.558010580911 s=[ 0 0 0 1 0 0 1 + + 1 1 0 1 0 ]

d_13_9=3.558010580911 s=[ 0 0 0 1 0 0 1 + + 1 1 1 1 0 ]

d_13_9=3.558210781111 s=[ 0 0 0 1 0 0 1 + + 1 1 0 1 0 ]

d_13_9=3.558210781111 s=[ 0 0 0 1 0 0 1 + + 1 1 1 1 0 ]

d_13_9=3.558410981311 s=[ 0 0 0 1 0 0 1 + + 1 1 0 1 0 ]

d_13_9=3.558410981311 s=[ 0 0 0 1 0 0 1 + + 1 1 1 1 0 ]

d_13_9=3.558611181512 s=[ 0 0 0 1 0 0 1 + + 1 1 0 1 0 ]

d_13_9=3.558611181512 s=[ 0 0 0 1 0 0 1 + + 1 1 1 1 0 ]

d_13_9=3.558811381712 s=[ 0 0 0 1 0 0 1 + + 1 1 0 1 0 ]

d_13_9=3.558811381712 s=[ 0 0 0 1 0 0 1 + + 1 1 1 1 0 ]

d_13_9=3.559011581912 s=[ 0 0 0 1 0 0 1 + + 1 1 0 1 0 ]

d_13_9=3.559011581912 s=[ 0 0 0 1 0 0 1 + + 1 1 1 1 0 ]

d_13_9=3.559211782112 s=[ 0 0 0 1 0 0 1 + + 1 1 0 1 0 ]

d_13_9=3.559211782112 s=[ 0 0 0 1 0 0 1 + + 1 1 1 1 0 ]

d_13_9=3.559411982312 s=[ 0 0 0 1 0 0 1 + + 1 1 0 1 0 ]

d_13_9=3.559411982312 s=[ 0 0 0 1 0 0 1 + + 1 1 1 1 0 ]

d_13_9=3.559612182513 s=[ 0 0 0 1 0 0 1 + + 1 1 1 1 0 ]

d_13_9=3.559812382713 s=[ 0 0 0 1 0 0 1 + + 1 1 1 1 0 ]

d_13_9=3.560012582913 s=[ 0 0 0 1 0 0 1 + + 1 1 1 1 0 ]

d_13_9=3.560212783113 s=[ 0 0 0 1 0 0 1 + + 1 1 1 1 0 ]

d_13_9=3.560412983313 s=[ 0 0 0 1 0 0 1 + + 1 1 1 1 0 ]

d_13_9=3.560613183514 s=[ 0 0 0 1 0 0 1 + + 1 1 1 1 0 ]

d_13_9=3.560813383714 s=[ 0 0 0 1 0 0 1 + + 1 1 1 1 0 ]

d_13_9=3.561013583914 s=[ 0 0 0 1 0 0 1 + + 1 1 1 1 0 ]

d_13_9=3.561213784114 s=[ 0 0 0 1 0 0 1 + + 1 1 1 1 0 ]

d_13_9=3.561413984314 s=[ 0 0 0 1 0 0 1 + + 1 1 1 1 0 ]

d_13_9=3.561614184515 s=[ 0 0 0 1 0 0 1 + + 1 1 1 1 0 ]

d_13_9=3.561814384715 s=[ 0 0 0 1 0 0 1 + + 1 1 1 1 0 ]

d_13_9=3.562014584915 s=[ 0 0 0 1 0 0 1 + + 1 1 1 1 0 ]

d_13_9=3.562214785115 s=[ 0 0 0 1 0 0 1 + + 1 1 1 1 0 ]

d_13_9=3.562414985315 s=[ 0 0 0 1 0 0 1 + + 1 1 1 1 0 ]

d_13_9=3.562615185516 s=[ 0 0 0 1 0 0 1 + + 1 1 1 1 0 ]

d_13_9=3.562815385716 s=[ 0 0 0 1 0 0 1 + + 1 1 1 1 0 ]

d_13_9=3.563015585916 s=[ 0 0 0 1 0 0 1 + + 1 1 1 1 0 ]

d_13_9=3.563215786116 s=[ 0 0 0 1 0 0 1 + + 1 1 1 1 0 ]

d_13_9=3.563415986316 s=[ 0 0 0 1 0 0 1 + + 1 1 1 1 0 ]

d_13_9=3.563616186517 s=[ 0 0 0 1 0 0 1 + + 1 1 1 1 0 ]

d_13_9=3.563816386717 s=[ 0 0 0 1 0 0 1 + + 1 1 1 1 0 ]

d_13_9=3.564016586917 s=[ 0 0 0 1 0 0 1 + + 1 1 1 1 0 ]

d_13_9=3.564216787117 s=[ 0 0 0 1 0 0 1 + + 1 1 1 1 0 ]

d_13_9=3.564416987317 s=[ 0 0 0 1 0 0 1 + + 1 1 1 1 0 ]

d_13_9=3.564617187518 s=[ 0 0 0 1 0 0 1 + + 1 1 1 1 0 ]

d_13_9=3.564817387718 s=[ 0 0 0 1 0 0 1 + + 1 1 1 1 0 ]

d_13_9=3.565017587918 s=[ 0 0 0 1 0 0 1 + + 1 1 1 1 0 ]

d_13_9=3.565217788118 s=[ 0 0 0 1 0 0 1 + + 1 1 1 1 0 ]

d_13_9=3.565417988318 s=[ 0 0 0 1 0 0 1 + + 1 1 1 1 0 ]

d_13_9=3.565618188519 s=[ 0 0 0 1 0 0 1 + + 1 1 1 1 0 ]

d_13_9=3.565818388719 s=[ 0 0 0 1 0 0 1 + + 1 1 1 1 0 ]

d_13_9=3.566018588919 s=[ 0 0 0 1 0 0 1 + + 1 1 1 1 0 ]

d_13_9=3.566218789119 s=[ 0 0 0 1 0 0 1 + + 1 1 1 1 0 ]

d_13_9=3.566418989319 s=[ 0 0 0 1 0 0 1 + + 1 1 1 1 0 ]

d_13_9=3.566619189520 s=[ 0 0 0 1 0 0 1 + + 1 1 1 1 0 ]

d_13_9=3.566819389720 s=[ 0 0 0 1 0 0 1 + + 1 1 1 1 0 ]

d_13_9=3.567019589920 s=[ 0 0 0 1 0 0 1 + + 1 1 1 1 0 ]

d_13_9=3.567219790120 s=[ 0 0 0 1 0 0 1 + + 1 1 1 1 0 ]

d_13_9=3.567419990320 s=[ 0 0 0 1 0 0 1 + + 1 1 1 1 0 ]

d_13_9=3.567620190521 s=[ 0 0 0 1 0 0 1 + + 1 1 1 1 0 ]

d_13_9=3.567820390721 s=[ 0 0 0 1 0 0 1 + + 1 1 1 1 0 ]

d_13_9=3.568020590921 s=[ 0 0 0 1 0 0 1 + + 1 1 1 1 0 ]

d_13_9=3.568220791121 s=[ 0 0 0 1 0 0 1 + + 1 1 1 1 0 ]

d_13_9=3.568420991321 s=[ 0 0 0 1 0 0 1 + + 1 1 1 1 0 ]

d_13_9=3.568621191522 s=[ 0 0 0 1 0 0 1 + + 1 1 1 1 0 ]

d_13_9=3.568821391722 s=[ 0 0 0 1 0 0 1 + + 1 1 1 1 0 ]

d_13_9=3.569021591922 s=[ 0 0 0 1 0 0 1 + + 1 1 1 1 0 ]

d_13_9=3.569221792122 s=[ 0 0 0 1 0 0 1 + + 1 1 1 1 0 ]

d_13_9=3.569421992322 s=[ 0 0 0 1 0 0 1 + + 1 1 1 1 0 ]

d_13_9=3.569622192523 s=[ 0 0 0 1 0 0 1 + + 1 1 1 1 0 ]

d_13_9=3.569822392723 s=[ 0 0 0 1 0 0 1 + + 1 1 1 1 0 ]

d_13_9=3.570022592923 s=[ 0 0 0 1 0 0 1 + + 1 1 1 1 0 ]

d_13_9=3.570222793123 s=[ 0 0 0 1 0 0 1 + + 1 1 1 1 0 ]

d_13_9=3.570422993323 s=[ 0 0 0 1 0 0 1 + + 1 1 1 1 0 ]

d_13_9=3.570623193524 s=[ 0 0 0 1 0 0 1 + + 1 1 1 1 0 ]

d_13_9=3.570823393724 s=[ 0 0 0 1 0 0 1 + + 1 1 1 1 0 ]

d_13_9=3.571023593924 s=[ 0 0 0 1 0 0 1 + + 1 1 1 1 0 ]

d_13_9=3.571223794124 s=[ 0 0 0 1 0 0 1 + + 1 1 1 1 0 ]

d_13_9=3.571423994324 s=[ 0 0 0 1 0 0 1 + + 1 1 1 1 0 ]

d_13_9=3.571624194525 s=[ 0 0 0 1 0 0 1 + + 1 1 1 1 0 ]

d_13_9=3.571824394725 s=[ 0 0 0 1 0 0 1 + + 1 1 1 1 0 ]

