order:    [ 1 7 8 0 12 11 10 13 9 6 4 5 3 2 ]
atoms:    [ CA CA C N C CA N H HA N CA C N C ]
residues: [ 0 2 2 0 3 3 3 3 2 2 1 1 1 0 ]

We use a different pair of symbles to represent the bits values which are associated with the HA and H of the discretized distance, and another one to represent the bits of other hydrogens.
For the HA and H from the discretized distance:
	"+" means 0
	"-" means 1
For any other hydrogens:
	">" means 0
	"<" means 1

d_13_9=3.535988558889 s=[ 0 0 0 0 1 1 0 + - 0 0 0 0 1 ] xyz6=( 14.964697, 44.991912, 10.299695 )

d_13_9=3.535988558889 s=[ 0 0 0 0 1 1 0 + - 0 0 1 0 1 ] xyz6=( 14.964697, 44.991912, 10.299695 )

d_13_9=3.535988558889 s=[ 0 0 0 0 1 1 0 + - 0 1 1 0 1 ] xyz6=( 14.964697, 44.991912, 10.299695 )

d_13_9=3.558210781111 s=[ 0 0 0 0 1 1 0 + - 0 0 0 0 1 ] xyz6=( 14.890790, 44.991484, 10.275487 )

d_13_9=3.558210781111 s=[ 0 0 0 0 1 1 0 + - 0 0 1 0 1 ] xyz6=( 14.890790, 44.991484, 10.275487 )

d_13_9=3.535988558889 s=[ 0 0 0 1 0 0 1 + + 1 0 0 1 0 ] xyz6=( 15.811065, 45.235983, 11.242304 )

d_13_9=3.535988558889 s=[ 0 0 0 1 0 0 1 + + 1 1 0 1 0 ] xyz6=( 15.811065, 45.235983, 11.242304 )

d_13_9=3.535988558889 s=[ 0 0 0 1 0 0 1 + + 1 1 1 1 0 ] xyz6=( 15.811065, 45.235983, 11.242304 )

d_13_9=3.558210781111 s=[ 0 0 0 1 0 0 1 + + 1 1 0 1 0 ] xyz6=( 15.824087, 45.260623, 11.314911 )

d_13_9=3.558210781111 s=[ 0 0 0 1 0 0 1 + + 1 1 1 1 0 ] xyz6=( 15.824087, 45.260623, 11.314911 )

