xyz6=( 34.459108 34.152573 20.537263 )
xyz6=( 34.459108 34.152573 20.537263 )
xyz6=( 36.342090 34.484178 20.179104 )
xyz6=( 36.342090 34.484178 20.179104 )
xyz6=( 36.342090 34.484178 20.179104 )
xyz6=( 34.501472 34.203566 20.548997 )
xyz6=( 34.501472 34.203566 20.548997 )
xyz6=( 34.501472 34.203566 20.548997 )
xyz6=( 34.549177 34.255784 20.559844 )
xyz6=( 34.549177 34.255784 20.559844 )
xyz6=( 34.549177 34.255784 20.559844 )
xyz6=( 34.603330 34.309422 20.569594 )
xyz6=( 34.603330 34.309422 20.569594 )
xyz6=( 34.665547 34.364764 20.577940 )
xyz6=( 34.665547 34.364764 20.577940 )
xyz6=( 36.106117 34.618457 20.303932 )
xyz6=( 36.106117 34.618457 20.303932 )
xyz6=( 36.025787 34.648980 20.339520 )
xyz6=( 36.025787 34.648980 20.339520 )
xyz6=( 34.938855 34.547756 20.587269 )
xyz6=( 34.938855 34.547756 20.587269 )
xyz6=( 35.107044 34.622898 20.575975 )
xyz6=( 34.787925 34.457439 20.586999 )
xyz6=( 34.787925 34.457439 20.586999 )
xyz6=( 34.787925 34.457439 20.586999 )
xyz6=( 36.613751 34.189642 19.971770 )
xyz6=( 36.613751 34.189642 19.971770 )
xyz6=( 36.580989 34.239343 20.003221 )
xyz6=( 36.580989 34.239343 20.003221 )
xyz6=( 36.580989 34.239343 20.003221 )
xyz6=( 36.543102 34.290088 20.036533 )
xyz6=( 36.543102 34.290088 20.036533 )
xyz6=( 36.543102 34.290088 20.036533 )
xyz6=( 36.499017 34.342036 20.072066 )
xyz6=( 36.499017 34.342036 20.072066 )
xyz6=( 35.050325 34.600293 20.581027 )
xyz6=( 35.050325 34.600293 20.581027 )
xyz6=( 36.447167 34.395416 20.110348 )
xyz6=( 36.447167 34.395416 20.110348 )
xyz6=( 35.136750 34.633685 20.572851 )
xyz6=( 35.136750 34.633685 20.572851 )
xyz6=( 36.207918 34.569590 20.254200 )
xyz6=( 36.207918 34.569590 20.254200 )
xyz6=( 36.053529 34.639182 20.327567 )
