order:    [ 1 7 8 0 12 11 10 13 9 6 4 5 3 2 ]
atoms:    [ CA CA C N C CA N H HA N CA C N C ]
residues: [ 0 2 2 0 3 3 3 3 2 2 1 1 1 0 ]

d_13_9=3.392399330000 eijMax=5.399E-04 rmsd=1.328E+00 s=[ 0 0 0 0 1 1 0 0 0 1 0 0 0 1 ]
d_13_9=3.392399330000 eijMax=7.237E-04 rmsd=1.284E+00 s=[ 0 0 0 0 1 1 0 0 0 1 0 0 1 1 ]
d_13_9=3.392399330000 eijMax=7.735E-03 rmsd=4.900E+00 s=[ 0 0 0 0 1 1 0 0 1 1 0 1 1 0 ]
d_13_9=3.392399330000 eijMax=6.445E-03 rmsd=3.212E+00 s=[ 0 0 0 0 1 1 0 0 1 1 1 0 0 1 ]
d_13_9=3.392399330000 eijMax=9.811E-03 rmsd=3.215E+00 s=[ 0 0 0 0 1 1 0 0 1 1 1 1 0 1 ]
d_13_9=3.394419532020 eijMax=3.043E-03 rmsd=1.314E+00 s=[ 0 0 0 0 1 1 0 0 0 1 0 0 0 1 ]
d_13_9=3.394419532020 eijMax=2.740E-03 rmsd=1.222E+00 s=[ 0 0 0 0 1 1 0 0 0 1 0 0 1 1 ]
d_13_9=3.394419532020 eijMax=8.343E-03 rmsd=4.898E+00 s=[ 0 0 0 0 1 1 0 0 1 1 0 1 1 0 ]
d_13_9=3.394419532020 eijMax=7.253E-03 rmsd=3.204E+00 s=[ 0 0 0 0 1 1 0 0 1 1 1 0 0 1 ]
d_13_9=3.396439734040 eijMax=5.701E-03 rmsd=1.295E+00 s=[ 0 0 0 0 1 1 0 0 0 1 0 0 0 1 ]
d_13_9=3.396439734040 eijMax=4.527E-03 rmsd=1.172E+00 s=[ 0 0 0 0 1 1 0 0 0 1 0 0 1 1 ]
d_13_9=3.396439734040 eijMax=8.305E-03 rmsd=2.130E+00 s=[ 0 0 0 0 1 1 0 0 0 1 1 1 0 1 ]
d_13_9=3.396439734040 eijMax=8.978E-03 rmsd=4.896E+00 s=[ 0 0 0 0 1 1 0 0 1 1 0 1 1 0 ]
d_13_9=3.396439734040 eijMax=8.074E-03 rmsd=3.195E+00 s=[ 0 0 0 0 1 1 0 0 1 1 1 0 0 1 ]
d_13_9=3.398459936061 eijMax=8.413E-03 rmsd=1.276E+00 s=[ 0 0 0 0 1 1 0 0 0 1 0 0 0 1 ]
d_13_9=3.398459936061 eijMax=6.215E-03 rmsd=1.126E+00 s=[ 0 0 0 0 1 1 0 0 0 1 0 0 1 1 ]
d_13_9=3.398459936061 eijMax=6.214E-03 rmsd=2.158E+00 s=[ 0 0 0 0 1 1 0 0 0 1 1 1 0 1 ]
d_13_9=3.398459936061 eijMax=9.640E-03 rmsd=4.893E+00 s=[ 0 0 0 0 1 1 0 0 1 1 0 1 1 0 ]
d_13_9=3.398459936061 eijMax=8.905E-03 rmsd=3.187E+00 s=[ 0 0 0 0 1 1 0 0 1 1 1 0 0 1 ]
d_13_9=3.400480138081 eijMax=7.859E-03 rmsd=1.084E+00 s=[ 0 0 0 0 1 1 0 0 0 1 0 0 1 1 ]
d_13_9=3.400480138081 eijMax=4.765E-03 rmsd=2.183E+00 s=[ 0 0 0 0 1 1 0 0 0 1 1 1 0 1 ]
d_13_9=3.400480138081 eijMax=9.745E-03 rmsd=3.178E+00 s=[ 0 0 0 0 1 1 0 0 1 1 1 0 0 1 ]
d_13_9=3.402500340101 eijMax=9.498E-03 rmsd=1.045E+00 s=[ 0 0 0 0 1 1 0 0 0 1 0 0 1 1 ]
d_13_9=3.402500340101 eijMax=3.690E-03 rmsd=2.206E+00 s=[ 0 0 0 0 1 1 0 0 0 1 1 1 0 1 ]
d_13_9=3.404520542121 eijMax=2.859E-03 rmsd=2.227E+00 s=[ 0 0 0 0 1 1 0 0 0 1 1 1 0 1 ]
d_13_9=3.406540744141 eijMax=3.012E-03 rmsd=1.122E+00 s=[ 0 0 0 0 1 1 0 0 0 1 0 1 0 1 ]
d_13_9=3.406540744141 eijMax=8.734E-05 rmsd=1.053E+00 s=[ 0 0 0 0 1 1 0 0 0 1 0 1 1 1 ]
d_13_9=3.406540744141 eijMax=2.201E-03 rmsd=2.247E+00 s=[ 0 0 0 0 1 1 0 0 0 1 1 1 0 1 ]
d_13_9=3.408560946162 eijMax=5.381E-03 rmsd=1.111E+00 s=[ 0 0 0 0 1 1 0 0 0 1 0 1 0 1 ]
d_13_9=3.408560946162 eijMax=6.107E-04 rmsd=1.009E+00 s=[ 0 0 0 0 1 1 0 0 0 1 0 1 1 1 ]
d_13_9=3.408560946162 eijMax=1.671E-03 rmsd=2.265E+00 s=[ 0 0 0 0 1 1 0 0 0 1 1 1 0 1 ]
d_13_9=3.410581148182 eijMax=7.680E-03 rmsd=1.097E+00 s=[ 0 0 0 0 1 1 0 0 0 1 0 1 0 1 ]
d_13_9=3.410581148182 eijMax=1.200E-03 rmsd=9.684E-01 s=[ 0 0 0 0 1 1 0 0 0 1 0 1 1 1 ]
d_13_9=3.410581148182 eijMax=1.241E-03 rmsd=2.283E+00 s=[ 0 0 0 0 1 1 0 0 0 1 1 1 0 1 ]
d_13_9=3.412601350202 eijMax=9.960E-03 rmsd=1.083E+00 s=[ 0 0 0 0 1 1 0 0 0 1 0 1 0 1 ]
d_13_9=3.412601350202 eijMax=1.806E-03 rmsd=9.306E-01 s=[ 0 0 0 0 1 1 0 0 0 1 0 1 1 1 ]
d_13_9=3.412601350202 eijMax=9.540E-03 rmsd=2.221E+00 s=[ 0 0 0 0 1 1 0 0 0 1 1 0 0 1 ]
d_13_9=3.412601350202 eijMax=8.916E-04 rmsd=2.299E+00 s=[ 0 0 0 0 1 1 0 0 0 1 1 1 0 1 ]
d_13_9=3.414621552222 eijMax=2.419E-03 rmsd=8.945E-01 s=[ 0 0 0 0 1 1 0 0 0 1 0 1 1 1 ]
d_13_9=3.414621552222 eijMax=7.853E-03 rmsd=2.238E+00 s=[ 0 0 0 0 1 1 0 0 0 1 1 0 0 1 ]
d_13_9=3.414621552222 eijMax=6.098E-04 rmsd=2.314E+00 s=[ 0 0 0 0 1 1 0 0 0 1 1 1 0 1 ]
d_13_9=3.416641754242 eijMax=3.033E-03 rmsd=8.597E-01 s=[ 0 0 0 0 1 1 0 0 0 1 0 1 1 1 ]
d_13_9=3.416641754242 eijMax=6.517E-03 rmsd=2.253E+00 s=[ 0 0 0 0 1 1 0 0 0 1 1 0 0 1 ]
d_13_9=3.416641754242 eijMax=3.854E-04 rmsd=2.329E+00 s=[ 0 0 0 0 1 1 0 0 0 1 1 1 0 1 ]
d_13_9=3.418661956263 eijMax=3.650E-03 rmsd=8.261E-01 s=[ 0 0 0 0 1 1 0 0 0 1 0 1 1 1 ]
d_13_9=3.418661956263 eijMax=5.427E-03 rmsd=2.268E+00 s=[ 0 0 0 0 1 1 0 0 0 1 1 0 0 1 ]
d_13_9=3.418661956263 eijMax=2.108E-04 rmsd=2.342E+00 s=[ 0 0 0 0 1 1 0 0 0 1 1 1 0 1 ]
d_13_9=3.420682158283 eijMax=4.272E-03 rmsd=7.934E-01 s=[ 0 0 0 0 1 1 0 0 0 1 0 1 1 1 ]
d_13_9=3.420682158283 eijMax=4.518E-03 rmsd=2.282E+00 s=[ 0 0 0 0 1 1 0 0 0 1 1 0 0 1 ]
d_13_9=3.420682158283 eijMax=8.059E-05 rmsd=2.355E+00 s=[ 0 0 0 0 1 1 0 0 0 1 1 1 0 1 ]
d_13_9=3.422702360303 eijMax=4.899E-03 rmsd=7.615E-01 s=[ 0 0 0 0 1 1 0 0 0 1 0 1 1 1 ]
d_13_9=3.422702360303 eijMax=3.749E-03 rmsd=2.295E+00 s=[ 0 0 0 0 1 1 0 0 0 1 1 0 0 1 ]
d_13_9=3.422702360303 eijMax=9.588E-06 rmsd=2.368E+00 s=[ 0 0 0 0 1 1 0 0 0 1 1 1 0 1 ]
d_13_9=3.424722562323 eijMax=5.534E-03 rmsd=7.304E-01 s=[ 0 0 0 0 1 1 0 0 0 1 0 1 1 1 ]
d_13_9=3.424722562323 eijMax=3.093E-03 rmsd=2.308E+00 s=[ 0 0 0 0 1 1 0 0 0 1 1 0 0 1 ]
d_13_9=3.424722562323 eijMax=6.306E-05 rmsd=2.379E+00 s=[ 0 0 0 0 1 1 0 0 0 1 1 1 0 1 ]
d_13_9=3.426742764343 eijMax=6.181E-03 rmsd=7.001E-01 s=[ 0 0 0 0 1 1 0 0 0 1 0 1 1 1 ]
d_13_9=3.426742764343 eijMax=2.529E-03 rmsd=2.319E+00 s=[ 0 0 0 0 1 1 0 0 0 1 1 0 0 1 ]
d_13_9=3.426742764343 eijMax=8.241E-05 rmsd=2.391E+00 s=[ 0 0 0 0 1 1 0 0 0 1 1 1 0 1 ]
d_13_9=3.428762966364 eijMax=6.843E-03 rmsd=6.704E-01 s=[ 0 0 0 0 1 1 0 0 0 1 0 1 1 1 ]
d_13_9=3.428762966364 eijMax=2.042E-03 rmsd=2.331E+00 s=[ 0 0 0 0 1 1 0 0 0 1 1 0 0 1 ]
d_13_9=3.428762966364 eijMax=6.969E-05 rmsd=2.401E+00 s=[ 0 0 0 0 1 1 0 0 0 1 1 1 0 1 ]
d_13_9=3.430783168384 eijMax=7.523E-03 rmsd=6.414E-01 s=[ 0 0 0 0 1 1 0 0 0 1 0 1 1 1 ]
d_13_9=3.430783168384 eijMax=1.623E-03 rmsd=2.341E+00 s=[ 0 0 0 0 1 1 0 0 0 1 1 0 0 1 ]
d_13_9=3.430783168384 eijMax=2.648E-05 rmsd=2.411E+00 s=[ 0 0 0 0 1 1 0 0 0 1 1 1 0 1 ]
d_13_9=3.432803370404 eijMax=8.227E-03 rmsd=6.130E-01 s=[ 0 0 0 0 1 1 0 0 0 1 0 1 1 1 ]
d_13_9=3.432803370404 eijMax=1.261E-03 rmsd=2.352E+00 s=[ 0 0 0 0 1 1 0 0 0 1 1 0 0 1 ]
d_13_9=3.432803370404 eijMax=4.601E-05 rmsd=2.421E+00 s=[ 0 0 0 0 1 1 0 0 0 1 1 1 0 1 ]
d_13_9=3.434823572424 eijMax=8.959E-03 rmsd=5.853E-01 s=[ 0 0 0 0 1 1 0 0 0 1 0 1 1 1 ]
d_13_9=3.434823572424 eijMax=9.524E-04 rmsd=2.361E+00 s=[ 0 0 0 0 1 1 0 0 0 1 1 0 0 1 ]
d_13_9=3.434823572424 eijMax=1.468E-04 rmsd=2.430E+00 s=[ 0 0 0 0 1 1 0 0 0 1 1 1 0 1 ]
d_13_9=3.436843774444 eijMax=9.728E-03 rmsd=5.583E-01 s=[ 0 0 0 0 1 1 0 0 0 1 0 1 1 1 ]
d_13_9=3.436843774444 eijMax=6.903E-04 rmsd=2.371E+00 s=[ 0 0 0 0 1 1 0 0 0 1 1 0 0 1 ]
d_13_9=3.436843774444 eijMax=2.752E-04 rmsd=2.439E+00 s=[ 0 0 0 0 1 1 0 0 0 1 1 1 0 1 ]
d_13_9=3.438863976465 eijMax=4.712E-04 rmsd=2.380E+00 s=[ 0 0 0 0 1 1 0 0 0 1 1 0 0 1 ]
d_13_9=3.438863976465 eijMax=4.308E-04 rmsd=2.447E+00 s=[ 0 0 0 0 1 1 0 0 0 1 1 1 0 1 ]
d_13_9=3.440884178485 eijMax=2.919E-04 rmsd=2.388E+00 s=[ 0 0 0 0 1 1 0 0 0 1 1 0 0 1 ]
d_13_9=3.440884178485 eijMax=6.132E-04 rmsd=2.455E+00 s=[ 0 0 0 0 1 1 0 0 0 1 1 1 0 1 ]
d_13_9=3.442904380505 eijMax=1.498E-04 rmsd=2.396E+00 s=[ 0 0 0 0 1 1 0 0 0 1 1 0 0 1 ]
d_13_9=3.442904380505 eijMax=8.222E-04 rmsd=2.462E+00 s=[ 0 0 0 0 1 1 0 0 0 1 1 1 0 1 ]
d_13_9=3.444924582525 eijMax=4.276E-05 rmsd=2.404E+00 s=[ 0 0 0 0 1 1 0 0 0 1 1 0 0 1 ]
d_13_9=3.444924582525 eijMax=1.058E-03 rmsd=2.469E+00 s=[ 0 0 0 0 1 1 0 0 0 1 1 1 0 1 ]
d_13_9=3.446944784545 eijMax=3.073E-05 rmsd=2.411E+00 s=[ 0 0 0 0 1 1 0 0 0 1 1 0 0 1 ]
d_13_9=3.446944784545 eijMax=1.320E-03 rmsd=2.476E+00 s=[ 0 0 0 0 1 1 0 0 0 1 1 1 0 1 ]
d_13_9=3.448964986566 eijMax=7.201E-05 rmsd=2.418E+00 s=[ 0 0 0 0 1 1 0 0 0 1 1 0 0 1 ]
d_13_9=3.448964986566 eijMax=1.609E-03 rmsd=2.482E+00 s=[ 0 0 0 0 1 1 0 0 0 1 1 1 0 1 ]
d_13_9=3.450985188586 eijMax=8.211E-05 rmsd=2.424E+00 s=[ 0 0 0 0 1 1 0 0 0 1 1 0 0 1 ]
d_13_9=3.450985188586 eijMax=1.925E-03 rmsd=2.488E+00 s=[ 0 0 0 0 1 1 0 0 0 1 1 1 0 1 ]
d_13_9=3.453005390606 eijMax=6.179E-05 rmsd=2.430E+00 s=[ 0 0 0 0 1 1 0 0 0 1 1 0 0 1 ]
d_13_9=3.453005390606 eijMax=2.269E-03 rmsd=2.494E+00 s=[ 0 0 0 0 1 1 0 0 0 1 1 1 0 1 ]
d_13_9=3.455025592626 eijMax=1.163E-05 rmsd=2.436E+00 s=[ 0 0 0 0 1 1 0 0 0 1 1 0 0 1 ]
d_13_9=3.455025592626 eijMax=2.640E-03 rmsd=2.499E+00 s=[ 0 0 0 0 1 1 0 0 0 1 1 1 0 1 ]
d_13_9=3.457045794646 eijMax=6.797E-05 rmsd=2.442E+00 s=[ 0 0 0 0 1 1 0 0 0 1 1 0 0 1 ]
d_13_9=3.457045794646 eijMax=3.040E-03 rmsd=2.504E+00 s=[ 0 0 0 0 1 1 0 0 0 1 1 1 0 1 ]
d_13_9=3.459065996667 eijMax=1.768E-04 rmsd=2.447E+00 s=[ 0 0 0 0 1 1 0 0 0 1 1 0 0 1 ]
d_13_9=3.459065996667 eijMax=3.469E-03 rmsd=2.509E+00 s=[ 0 0 0 0 1 1 0 0 0 1 1 1 0 1 ]
d_13_9=3.461086198687 eijMax=3.934E-03 rmsd=1.750E-01 s=[ 0 0 0 0 1 1 0 0 0 1 0 0 1 0 ]
d_13_9=3.461086198687 eijMax=3.147E-04 rmsd=2.452E+00 s=[ 0 0 0 0 1 1 0 0 0 1 1 0 0 1 ]
d_13_9=3.461086198687 eijMax=3.927E-03 rmsd=2.513E+00 s=[ 0 0 0 0 1 1 0 0 0 1 1 1 0 1 ]
d_13_9=3.463106400707 eijMax=1.022E-03 rmsd=1.423E-01 s=[ 0 0 0 0 1 1 0 0 0 1 0 0 1 0 ]
d_13_9=3.463106400707 eijMax=4.818E-04 rmsd=2.457E+00 s=[ 0 0 0 0 1 1 0 0 0 1 1 0 0 1 ]
d_13_9=3.463106400707 eijMax=4.416E-03 rmsd=2.518E+00 s=[ 0 0 0 0 1 1 0 0 0 1 1 1 0 1 ]
d_13_9=3.463106400707 eijMax=9.961E-03 rmsd=4.496E+00 s=[ 0 0 0 0 1 1 0 0 1 1 0 0 0 1 ]
d_13_9=3.465126602727 eijMax=1.159E-05 rmsd=1.248E-01 s=[ 0 0 0 0 1 1 0 0 0 1 0 0 1 0 ]
d_13_9=3.465126602727 eijMax=6.781E-04 rmsd=2.461E+00 s=[ 0 0 0 0 1 1 0 0 0 1 1 0 0 1 ]
d_13_9=3.465126602727 eijMax=4.935E-03 rmsd=2.521E+00 s=[ 0 0 0 0 1 1 0 0 0 1 1 1 0 1 ]
d_13_9=3.465126602727 eijMax=8.249E-03 rmsd=4.488E+00 s=[ 0 0 0 0 1 1 0 0 1 1 0 0 0 1 ]
d_13_9=3.467146804747 eijMax=3.800E-06 rmsd=1.208E-01 s=[ 0 0 0 0 1 1 0 0 0 1 0 0 1 0 ]
d_13_9=3.467146804747 eijMax=9.039E-04 rmsd=2.465E+00 s=[ 0 0 0 0 1 1 0 0 0 1 1 0 0 1 ]
d_13_9=3.467146804747 eijMax=5.487E-03 rmsd=2.525E+00 s=[ 0 0 0 0 1 1 0 0 0 1 1 1 0 1 ]
d_13_9=3.467146804747 eijMax=6.711E-03 rmsd=4.479E+00 s=[ 0 0 0 0 1 1 0 0 1 1 0 0 0 1 ]
d_13_9=3.469167006768 eijMax=5.454E-04 rmsd=1.275E-01 s=[ 0 0 0 0 1 1 0 0 0 1 0 0 1 0 ]
d_13_9=3.469167006768 eijMax=7.168E-05 rmsd=5.020E-03 s=[ 0 0 0 0 1 1 0 0 0 1 0 1 1 0 ]
d_13_9=3.469167006768 eijMax=1.160E-03 rmsd=2.468E+00 s=[ 0 0 0 0 1 1 0 0 0 1 1 0 0 1 ]
d_13_9=3.469167006768 eijMax=6.072E-03 rmsd=2.528E+00 s=[ 0 0 0 0 1 1 0 0 0 1 1 1 0 1 ]
d_13_9=3.469167006768 eijMax=5.343E-03 rmsd=4.470E+00 s=[ 0 0 0 0 1 1 0 0 1 1 0 0 0 1 ]
d_13_9=3.471187208788 eijMax=1.396E-03 rmsd=1.415E-01 s=[ 0 0 0 0 1 1 0 0 0 1 0 0 1 0 ]
d_13_9=3.471187208788 eijMax=1.222E-03 rmsd=6.827E-02 s=[ 0 0 0 0 1 1 0 0 0 1 0 1 1 0 ]
d_13_9=3.471187208788 eijMax=1.446E-03 rmsd=2.472E+00 s=[ 0 0 0 0 1 1 0 0 0 1 1 0 0 1 ]
d_13_9=3.471187208788 eijMax=6.690E-03 rmsd=2.531E+00 s=[ 0 0 0 0 1 1 0 0 0 1 1 1 0 1 ]
d_13_9=3.471187208788 eijMax=4.137E-03 rmsd=4.460E+00 s=[ 0 0 0 0 1 1 0 0 1 1 0 0 0 1 ]
d_13_9=3.473207410808 eijMax=2.422E-03 rmsd=1.601E-01 s=[ 0 0 0 0 1 1 0 0 0 1 0 0 1 0 ]
d_13_9=3.473207410808 eijMax=3.722E-03 rmsd=1.089E-01 s=[ 0 0 0 0 1 1 0 0 0 1 0 1 1 0 ]
d_13_9=3.473207410808 eijMax=1.762E-03 rmsd=2.475E+00 s=[ 0 0 0 0 1 1 0 0 0 1 1 0 0 1 ]
d_13_9=3.473207410808 eijMax=7.344E-03 rmsd=2.533E+00 s=[ 0 0 0 0 1 1 0 0 0 1 1 1 0 1 ]
d_13_9=3.473207410808 eijMax=3.091E-03 rmsd=4.451E+00 s=[ 0 0 0 0 1 1 0 0 1 1 0 0 0 1 ]
d_13_9=3.475227612828 eijMax=3.548E-03 rmsd=1.814E-01 s=[ 0 0 0 0 1 1 0 0 0 1 0 0 1 0 ]
d_13_9=3.475227612828 eijMax=5.956E-03 rmsd=1.380E-01 s=[ 0 0 0 0 1 1 0 0 0 1 0 1 1 0 ]
d_13_9=3.475227612828 eijMax=2.111E-03 rmsd=2.478E+00 s=[ 0 0 0 0 1 1 0 0 0 1 1 0 0 1 ]
d_13_9=3.475227612828 eijMax=8.034E-03 rmsd=2.536E+00 s=[ 0 0 0 0 1 1 0 0 0 1 1 1 0 1 ]
d_13_9=3.475227612828 eijMax=2.199E-03 rmsd=4.441E+00 s=[ 0 0 0 0 1 1 0 0 1 1 0 0 0 1 ]
d_13_9=3.477247814848 eijMax=4.730E-03 rmsd=2.043E-01 s=[ 0 0 0 0 1 1 0 0 0 1 0 0 1 0 ]
d_13_9=3.477247814848 eijMax=7.838E-03 rmsd=1.627E-01 s=[ 0 0 0 0 1 1 0 0 0 1 0 1 1 0 ]
d_13_9=3.477247814848 eijMax=2.491E-03 rmsd=2.480E+00 s=[ 0 0 0 0 1 1 0 0 0 1 1 0 0 1 ]
d_13_9=3.477247814848 eijMax=8.761E-03 rmsd=2.537E+00 s=[ 0 0 0 0 1 1 0 0 0 1 1 1 0 1 ]
d_13_9=3.477247814848 eijMax=1.457E-03 rmsd=4.430E+00 s=[ 0 0 0 0 1 1 0 0 1 1 0 0 0 1 ]
d_13_9=3.477247814848 eijMax=9.614E-03 rmsd=4.413E+00 s=[ 0 0 0 0 1 1 0 0 1 1 0 1 0 1 ]
d_13_9=3.479268016869 eijMax=5.943E-03 rmsd=2.284E-01 s=[ 0 0 0 0 1 1 0 0 0 1 0 0 1 0 ]
d_13_9=3.479268016869 eijMax=9.448E-03 rmsd=1.858E-01 s=[ 0 0 0 0 1 1 0 0 0 1 0 1 1 0 ]
d_13_9=3.479268016869 eijMax=2.904E-03 rmsd=2.482E+00 s=[ 0 0 0 0 1 1 0 0 0 1 1 0 0 1 ]
d_13_9=3.479268016869 eijMax=9.527E-03 rmsd=2.539E+00 s=[ 0 0 0 0 1 1 0 0 0 1 1 1 0 1 ]
d_13_9=3.479268016869 eijMax=8.642E-04 rmsd=4.420E+00 s=[ 0 0 0 0 1 1 0 0 1 1 0 0 0 1 ]
d_13_9=3.479268016869 eijMax=7.726E-03 rmsd=4.403E+00 s=[ 0 0 0 0 1 1 0 0 1 1 0 1 0 1 ]
d_13_9=3.481288218889 eijMax=7.171E-03 rmsd=2.532E-01 s=[ 0 0 0 0 1 1 0 0 0 1 0 0 1 0 ]
d_13_9=3.481288218889 eijMax=3.351E-03 rmsd=2.484E+00 s=[ 0 0 0 0 1 1 0 0 0 1 1 0 0 1 ]
d_13_9=3.481288218889 eijMax=4.163E-04 rmsd=4.409E+00 s=[ 0 0 0 0 1 1 0 0 1 1 0 0 0 1 ]
d_13_9=3.481288218889 eijMax=6.063E-03 rmsd=4.392E+00 s=[ 0 0 0 0 1 1 0 0 1 1 0 1 0 1 ]
d_13_9=3.483308420909 eijMax=8.405E-03 rmsd=2.785E-01 s=[ 0 0 0 0 1 1 0 0 0 1 0 0 1 0 ]
d_13_9=3.483308420909 eijMax=3.833E-03 rmsd=2.486E+00 s=[ 0 0 0 0 1 1 0 0 0 1 1 0 0 1 ]
d_13_9=3.483308420909 eijMax=1.115E-04 rmsd=4.398E+00 s=[ 0 0 0 0 1 1 0 0 1 1 0 0 0 1 ]
d_13_9=3.483308420909 eijMax=4.616E-03 rmsd=4.380E+00 s=[ 0 0 0 0 1 1 0 0 1 1 0 1 0 1 ]
d_13_9=3.485328622929 eijMax=9.643E-03 rmsd=3.042E-01 s=[ 0 0 0 0 1 1 0 0 0 1 0 0 1 0 ]
d_13_9=3.485328622929 eijMax=4.350E-03 rmsd=2.487E+00 s=[ 0 0 0 0 1 1 0 0 0 1 1 0 0 1 ]
d_13_9=3.485328622929 eijMax=5.171E-05 rmsd=4.386E+00 s=[ 0 0 0 0 1 1 0 0 1 1 0 0 0 1 ]
d_13_9=3.485328622929 eijMax=3.375E-03 rmsd=4.369E+00 s=[ 0 0 0 0 1 1 0 0 1 1 0 1 0 1 ]
d_13_9=3.487348824949 eijMax=4.904E-03 rmsd=2.488E+00 s=[ 0 0 0 0 1 1 0 0 0 1 1 0 0 1 ]
d_13_9=3.487348824949 eijMax=7.470E-05 rmsd=4.375E+00 s=[ 0 0 0 0 1 1 0 0 1 1 0 0 0 1 ]
d_13_9=3.487348824949 eijMax=2.334E-03 rmsd=4.357E+00 s=[ 0 0 0 0 1 1 0 0 1 1 0 1 0 1 ]
d_13_9=3.489369026970 eijMax=5.497E-03 rmsd=2.488E+00 s=[ 0 0 0 0 1 1 0 0 0 1 1 0 0 1 ]
d_13_9=3.489369026970 eijMax=4.167E-05 rmsd=4.363E+00 s=[ 0 0 0 0 1 1 0 0 1 1 0 0 0 1 ]
d_13_9=3.489369026970 eijMax=1.486E-03 rmsd=4.345E+00 s=[ 0 0 0 0 1 1 0 0 1 1 0 1 0 1 ]
d_13_9=3.491389228990 eijMax=6.128E-03 rmsd=2.489E+00 s=[ 0 0 0 0 1 1 0 0 0 1 1 0 0 1 ]
d_13_9=3.491389228990 eijMax=2.969E-04 rmsd=4.350E+00 s=[ 0 0 0 0 1 1 0 0 1 1 0 0 0 1 ]
d_13_9=3.491389228990 eijMax=8.253E-04 rmsd=4.332E+00 s=[ 0 0 0 0 1 1 0 0 1 1 0 1 0 1 ]
d_13_9=3.493409431010 eijMax=6.800E-03 rmsd=2.489E+00 s=[ 0 0 0 0 1 1 0 0 0 1 1 0 0 1 ]
d_13_9=3.493409431010 eijMax=6.908E-04 rmsd=4.337E+00 s=[ 0 0 0 0 1 1 0 0 1 1 0 0 0 1 ]
d_13_9=3.493409431010 eijMax=3.469E-04 rmsd=4.320E+00 s=[ 0 0 0 0 1 1 0 0 1 1 0 1 0 1 ]
d_13_9=3.495429633030 eijMax=7.515E-03 rmsd=2.488E+00 s=[ 0 0 0 0 1 1 0 0 0 1 1 0 0 1 ]
d_13_9=3.495429633030 eijMax=1.224E-03 rmsd=4.324E+00 s=[ 0 0 0 0 1 1 0 0 1 1 0 0 0 1 ]
d_13_9=3.495429633030 eijMax=4.686E-05 rmsd=4.306E+00 s=[ 0 0 0 0 1 1 0 0 1 1 0 1 0 1 ]
d_13_9=3.497449835051 eijMax=8.273E-03 rmsd=2.488E+00 s=[ 0 0 0 0 1 1 0 0 0 1 1 0 0 1 ]
d_13_9=3.497449835051 eijMax=1.896E-03 rmsd=4.310E+00 s=[ 0 0 0 0 1 1 0 0 1 1 0 0 0 1 ]
d_13_9=3.497449835051 eijMax=7.823E-05 rmsd=4.293E+00 s=[ 0 0 0 0 1 1 0 0 1 1 0 1 0 1 ]
d_13_9=3.499470037071 eijMax=9.077E-03 rmsd=2.487E+00 s=[ 0 0 0 0 1 1 0 0 0 1 1 0 0 1 ]
d_13_9=3.499470037071 eijMax=2.709E-03 rmsd=4.296E+00 s=[ 0 0 0 0 1 1 0 0 1 1 0 0 0 1 ]
d_13_9=3.499470037071 eijMax=3.112E-05 rmsd=4.279E+00 s=[ 0 0 0 0 1 1 0 0 1 1 0 1 0 1 ]
d_13_9=3.501490239091 eijMax=9.928E-03 rmsd=2.485E+00 s=[ 0 0 0 0 1 1 0 0 0 1 1 0 0 1 ]
d_13_9=3.501490239091 eijMax=3.664E-03 rmsd=4.282E+00 s=[ 0 0 0 0 1 1 0 0 1 1 0 0 0 1 ]
d_13_9=3.501490239091 eijMax=1.860E-04 rmsd=4.264E+00 s=[ 0 0 0 0 1 1 0 0 1 1 0 1 0 1 ]
d_13_9=3.503510441111 eijMax=4.761E-03 rmsd=4.267E+00 s=[ 0 0 0 0 1 1 0 0 1 1 0 0 0 1 ]
d_13_9=3.503510441111 eijMax=5.716E-04 rmsd=4.249E+00 s=[ 0 0 0 0 1 1 0 0 1 1 0 1 0 1 ]
d_13_9=3.505530643131 eijMax=6.004E-03 rmsd=4.251E+00 s=[ 0 0 0 0 1 1 0 0 1 1 0 0 0 1 ]
d_13_9=3.505530643131 eijMax=1.125E-03 rmsd=4.234E+00 s=[ 0 0 0 0 1 1 0 0 1 1 0 1 0 1 ]
d_13_9=3.507550845152 eijMax=7.395E-03 rmsd=4.236E+00 s=[ 0 0 0 0 1 1 0 0 1 1 0 0 0 1 ]
d_13_9=3.507550845152 eijMax=1.844E-03 rmsd=4.218E+00 s=[ 0 0 0 0 1 1 0 0 1 1 0 1 0 1 ]
d_13_9=3.509571047172 eijMax=8.936E-03 rmsd=4.219E+00 s=[ 0 0 0 0 1 1 0 0 1 1 0 0 0 1 ]
d_13_9=3.509571047172 eijMax=2.731E-03 rmsd=4.202E+00 s=[ 0 0 0 0 1 1 0 0 1 1 0 1 0 1 ]
d_13_9=3.511591249192 eijMax=3.785E-03 rmsd=4.185E+00 s=[ 0 0 0 0 1 1 0 0 1 1 0 1 0 1 ]
d_13_9=3.513611451212 eijMax=5.007E-03 rmsd=4.168E+00 s=[ 0 0 0 0 1 1 0 0 1 1 0 1 0 1 ]
d_13_9=3.515631653232 eijMax=6.398E-03 rmsd=4.150E+00 s=[ 0 0 0 0 1 1 0 0 1 1 0 1 0 1 ]
d_13_9=3.517651855253 eijMax=7.961E-03 rmsd=4.131E+00 s=[ 0 0 0 0 1 1 0 0 1 1 0 1 0 1 ]
d_13_9=3.519672057273 eijMax=9.697E-03 rmsd=4.112E+00 s=[ 0 0 0 0 1 1 0 0 1 1 0 1 0 1 ]
d_13_9=3.537853875455 eijMax=8.719E-03 rmsd=2.169E+00 s=[ 0 0 0 0 1 1 0 0 0 1 1 1 1 0 ]
d_13_9=3.539874077475 eijMax=6.455E-03 rmsd=2.157E+00 s=[ 0 0 0 0 1 1 0 0 0 1 1 1 1 0 ]
d_13_9=3.541894279495 eijMax=4.538E-03 rmsd=2.144E+00 s=[ 0 0 0 0 1 1 0 0 0 1 1 1 1 0 ]
d_13_9=3.543914481515 eijMax=2.956E-03 rmsd=2.130E+00 s=[ 0 0 0 0 1 1 0 0 0 1 1 1 1 0 ]
d_13_9=3.545934683535 eijMax=1.704E-03 rmsd=2.116E+00 s=[ 0 0 0 0 1 1 0 0 0 1 1 1 1 0 ]
d_13_9=3.547954885556 eijMax=8.009E-03 rmsd=2.073E+00 s=[ 0 0 0 0 1 1 0 0 0 1 1 0 1 0 ]
d_13_9=3.547954885556 eijMax=7.804E-04 rmsd=2.101E+00 s=[ 0 0 0 0 1 1 0 0 0 1 1 1 1 0 ]
d_13_9=3.549975087576 eijMax=5.414E-03 rmsd=2.056E+00 s=[ 0 0 0 0 1 1 0 0 0 1 1 0 1 0 ]
d_13_9=3.549975087576 eijMax=1.866E-04 rmsd=2.085E+00 s=[ 0 0 0 0 1 1 0 0 0 1 1 1 1 0 ]
d_13_9=3.551995289596 eijMax=3.331E-03 rmsd=2.039E+00 s=[ 0 0 0 0 1 1 0 0 0 1 1 0 1 0 ]
d_13_9=3.551995289596 eijMax=7.159E-05 rmsd=2.069E+00 s=[ 0 0 0 0 1 1 0 0 0 1 1 1 1 0 ]
d_13_9=3.554015491616 eijMax=1.746E-03 rmsd=2.021E+00 s=[ 0 0 0 0 1 1 0 0 0 1 1 0 1 0 ]
d_13_9=3.554015491616 eijMax=1.637E-05 rmsd=2.051E+00 s=[ 0 0 0 0 1 1 0 0 0 1 1 1 1 0 ]
d_13_9=3.556035693636 eijMax=6.502E-04 rmsd=2.003E+00 s=[ 0 0 0 0 1 1 0 0 0 1 1 0 1 0 ]
d_13_9=3.556035693636 eijMax=4.660E-04 rmsd=2.033E+00 s=[ 0 0 0 0 1 1 0 0 0 1 1 1 1 0 ]
d_13_9=3.558055895657 eijMax=4.472E-05 rmsd=1.983E+00 s=[ 0 0 0 0 1 1 0 0 0 1 1 0 1 0 ]
d_13_9=3.558055895657 eijMax=1.299E-03 rmsd=2.014E+00 s=[ 0 0 0 0 1 1 0 0 0 1 1 1 1 0 ]
d_13_9=3.560076097677 eijMax=6.064E-05 rmsd=1.962E+00 s=[ 0 0 0 0 1 1 0 0 0 1 1 0 1 0 ]
d_13_9=3.560076097677 eijMax=2.545E-03 rmsd=1.993E+00 s=[ 0 0 0 0 1 1 0 0 0 1 1 1 1 0 ]
d_13_9=3.562096299697 eijMax=3.547E-04 rmsd=1.940E+00 s=[ 0 0 0 0 1 1 0 0 0 1 1 0 1 0 ]
d_13_9=3.562096299697 eijMax=4.243E-03 rmsd=1.971E+00 s=[ 0 0 0 0 1 1 0 0 0 1 1 1 1 0 ]
d_13_9=3.564116501717 eijMax=1.324E-03 rmsd=1.917E+00 s=[ 0 0 0 0 1 1 0 0 0 1 1 0 1 0 ]
d_13_9=3.564116501717 eijMax=6.444E-03 rmsd=1.948E+00 s=[ 0 0 0 0 1 1 0 0 0 1 1 1 1 0 ]
d_13_9=3.566136703737 eijMax=2.898E-03 rmsd=1.892E+00 s=[ 0 0 0 0 1 1 0 0 0 1 1 0 1 0 ]
d_13_9=3.566136703737 eijMax=9.217E-03 rmsd=1.923E+00 s=[ 0 0 0 0 1 1 0 0 0 1 1 1 1 0 ]
d_13_9=3.568156905758 eijMax=5.148E-03 rmsd=1.866E+00 s=[ 0 0 0 0 1 1 0 0 0 1 1 0 1 0 ]
d_13_9=3.570177107778 eijMax=8.181E-03 rmsd=1.838E+00 s=[ 0 0 0 0 1 1 0 0 0 1 1 0 1 0 ]
d_13_9=3.392399330000 eijMax=9.811E-03 rmsd=3.215E+00 s=[ 0 0 0 1 0 0 1 0 0 0 0 0 1 0 ]
d_13_9=3.392399330000 eijMax=6.445E-03 rmsd=3.212E+00 s=[ 0 0 0 1 0 0 1 0 0 0 0 1 1 0 ]
d_13_9=3.392399330000 eijMax=7.735E-03 rmsd=4.900E+00 s=[ 0 0 0 1 0 0 1 0 0 0 1 0 0 1 ]
d_13_9=3.392399330000 eijMax=7.237E-04 rmsd=1.284E+00 s=[ 0 0 0 1 0 0 1 0 1 0 1 1 0 0 ]
d_13_9=3.392399330000 eijMax=5.399E-04 rmsd=1.328E+00 s=[ 0 0 0 1 0 0 1 0 1 0 1 1 1 0 ]
d_13_9=3.394419532020 eijMax=7.253E-03 rmsd=3.204E+00 s=[ 0 0 0 1 0 0 1 0 0 0 0 1 1 0 ]
d_13_9=3.394419532020 eijMax=8.343E-03 rmsd=4.898E+00 s=[ 0 0 0 1 0 0 1 0 0 0 1 0 0 1 ]
d_13_9=3.394419532020 eijMax=2.740E-03 rmsd=1.222E+00 s=[ 0 0 0 1 0 0 1 0 1 0 1 1 0 0 ]
d_13_9=3.394419532020 eijMax=3.043E-03 rmsd=1.314E+00 s=[ 0 0 0 1 0 0 1 0 1 0 1 1 1 0 ]
d_13_9=3.396439734040 eijMax=8.074E-03 rmsd=3.195E+00 s=[ 0 0 0 1 0 0 1 0 0 0 0 1 1 0 ]
d_13_9=3.396439734040 eijMax=8.978E-03 rmsd=4.896E+00 s=[ 0 0 0 1 0 0 1 0 0 0 1 0 0 1 ]
d_13_9=3.396439734040 eijMax=8.305E-03 rmsd=2.130E+00 s=[ 0 0 0 1 0 0 1 0 1 0 0 0 1 0 ]
d_13_9=3.396439734040 eijMax=4.527E-03 rmsd=1.172E+00 s=[ 0 0 0 1 0 0 1 0 1 0 1 1 0 0 ]
d_13_9=3.396439734040 eijMax=5.701E-03 rmsd=1.295E+00 s=[ 0 0 0 1 0 0 1 0 1 0 1 1 1 0 ]
d_13_9=3.398459936061 eijMax=8.905E-03 rmsd=3.187E+00 s=[ 0 0 0 1 0 0 1 0 0 0 0 1 1 0 ]
d_13_9=3.398459936061 eijMax=9.640E-03 rmsd=4.893E+00 s=[ 0 0 0 1 0 0 1 0 0 0 1 0 0 1 ]
d_13_9=3.398459936061 eijMax=6.214E-03 rmsd=2.158E+00 s=[ 0 0 0 1 0 0 1 0 1 0 0 0 1 0 ]
d_13_9=3.398459936061 eijMax=6.215E-03 rmsd=1.126E+00 s=[ 0 0 0 1 0 0 1 0 1 0 1 1 0 0 ]
d_13_9=3.398459936061 eijMax=8.413E-03 rmsd=1.276E+00 s=[ 0 0 0 1 0 0 1 0 1 0 1 1 1 0 ]
d_13_9=3.400480138081 eijMax=9.745E-03 rmsd=3.178E+00 s=[ 0 0 0 1 0 0 1 0 0 0 0 1 1 0 ]
d_13_9=3.400480138081 eijMax=4.765E-03 rmsd=2.183E+00 s=[ 0 0 0 1 0 0 1 0 1 0 0 0 1 0 ]
d_13_9=3.400480138081 eijMax=7.859E-03 rmsd=1.084E+00 s=[ 0 0 0 1 0 0 1 0 1 0 1 1 0 0 ]
d_13_9=3.402500340101 eijMax=3.690E-03 rmsd=2.206E+00 s=[ 0 0 0 1 0 0 1 0 1 0 0 0 1 0 ]
d_13_9=3.402500340101 eijMax=9.498E-03 rmsd=1.045E+00 s=[ 0 0 0 1 0 0 1 0 1 0 1 1 0 0 ]
d_13_9=3.404520542121 eijMax=2.859E-03 rmsd=2.227E+00 s=[ 0 0 0 1 0 0 1 0 1 0 0 0 1 0 ]
d_13_9=3.406540744141 eijMax=2.201E-03 rmsd=2.247E+00 s=[ 0 0 0 1 0 0 1 0 1 0 0 0 1 0 ]
d_13_9=3.406540744141 eijMax=8.734E-05 rmsd=1.053E+00 s=[ 0 0 0 1 0 0 1 0 1 0 1 0 0 0 ]
d_13_9=3.406540744141 eijMax=3.012E-03 rmsd=1.122E+00 s=[ 0 0 0 1 0 0 1 0 1 0 1 0 1 0 ]
d_13_9=3.408560946162 eijMax=1.671E-03 rmsd=2.265E+00 s=[ 0 0 0 1 0 0 1 0 1 0 0 0 1 0 ]
d_13_9=3.408560946162 eijMax=6.107E-04 rmsd=1.009E+00 s=[ 0 0 0 1 0 0 1 0 1 0 1 0 0 0 ]
d_13_9=3.408560946162 eijMax=5.381E-03 rmsd=1.111E+00 s=[ 0 0 0 1 0 0 1 0 1 0 1 0 1 0 ]
d_13_9=3.410581148182 eijMax=1.241E-03 rmsd=2.283E+00 s=[ 0 0 0 1 0 0 1 0 1 0 0 0 1 0 ]
d_13_9=3.410581148182 eijMax=1.200E-03 rmsd=9.684E-01 s=[ 0 0 0 1 0 0 1 0 1 0 1 0 0 0 ]
d_13_9=3.410581148182 eijMax=7.680E-03 rmsd=1.097E+00 s=[ 0 0 0 1 0 0 1 0 1 0 1 0 1 0 ]
d_13_9=3.412601350202 eijMax=8.916E-04 rmsd=2.299E+00 s=[ 0 0 0 1 0 0 1 0 1 0 0 0 1 0 ]
d_13_9=3.412601350202 eijMax=9.540E-03 rmsd=2.221E+00 s=[ 0 0 0 1 0 0 1 0 1 0 0 1 1 0 ]
d_13_9=3.412601350202 eijMax=1.806E-03 rmsd=9.306E-01 s=[ 0 0 0 1 0 0 1 0 1 0 1 0 0 0 ]
d_13_9=3.412601350202 eijMax=9.960E-03 rmsd=1.083E+00 s=[ 0 0 0 1 0 0 1 0 1 0 1 0 1 0 ]
d_13_9=3.414621552222 eijMax=6.098E-04 rmsd=2.314E+00 s=[ 0 0 0 1 0 0 1 0 1 0 0 0 1 0 ]
d_13_9=3.414621552222 eijMax=7.853E-03 rmsd=2.238E+00 s=[ 0 0 0 1 0 0 1 0 1 0 0 1 1 0 ]
d_13_9=3.414621552222 eijMax=2.419E-03 rmsd=8.945E-01 s=[ 0 0 0 1 0 0 1 0 1 0 1 0 0 0 ]
d_13_9=3.416641754242 eijMax=3.854E-04 rmsd=2.329E+00 s=[ 0 0 0 1 0 0 1 0 1 0 0 0 1 0 ]
d_13_9=3.416641754242 eijMax=6.517E-03 rmsd=2.253E+00 s=[ 0 0 0 1 0 0 1 0 1 0 0 1 1 0 ]
d_13_9=3.416641754242 eijMax=3.033E-03 rmsd=8.597E-01 s=[ 0 0 0 1 0 0 1 0 1 0 1 0 0 0 ]
d_13_9=3.418661956263 eijMax=2.108E-04 rmsd=2.342E+00 s=[ 0 0 0 1 0 0 1 0 1 0 0 0 1 0 ]
d_13_9=3.418661956263 eijMax=5.427E-03 rmsd=2.268E+00 s=[ 0 0 0 1 0 0 1 0 1 0 0 1 1 0 ]
d_13_9=3.418661956263 eijMax=3.650E-03 rmsd=8.261E-01 s=[ 0 0 0 1 0 0 1 0 1 0 1 0 0 0 ]
d_13_9=3.420682158283 eijMax=8.059E-05 rmsd=2.355E+00 s=[ 0 0 0 1 0 0 1 0 1 0 0 0 1 0 ]
d_13_9=3.420682158283 eijMax=4.518E-03 rmsd=2.282E+00 s=[ 0 0 0 1 0 0 1 0 1 0 0 1 1 0 ]
d_13_9=3.420682158283 eijMax=4.272E-03 rmsd=7.934E-01 s=[ 0 0 0 1 0 0 1 0 1 0 1 0 0 0 ]
d_13_9=3.422702360303 eijMax=9.588E-06 rmsd=2.368E+00 s=[ 0 0 0 1 0 0 1 0 1 0 0 0 1 0 ]
d_13_9=3.422702360303 eijMax=3.749E-03 rmsd=2.295E+00 s=[ 0 0 0 1 0 0 1 0 1 0 0 1 1 0 ]
d_13_9=3.422702360303 eijMax=4.899E-03 rmsd=7.615E-01 s=[ 0 0 0 1 0 0 1 0 1 0 1 0 0 0 ]
d_13_9=3.424722562323 eijMax=6.306E-05 rmsd=2.379E+00 s=[ 0 0 0 1 0 0 1 0 1 0 0 0 1 0 ]
d_13_9=3.424722562323 eijMax=3.093E-03 rmsd=2.308E+00 s=[ 0 0 0 1 0 0 1 0 1 0 0 1 1 0 ]
d_13_9=3.424722562323 eijMax=5.534E-03 rmsd=7.304E-01 s=[ 0 0 0 1 0 0 1 0 1 0 1 0 0 0 ]
d_13_9=3.426742764343 eijMax=8.241E-05 rmsd=2.391E+00 s=[ 0 0 0 1 0 0 1 0 1 0 0 0 1 0 ]
d_13_9=3.426742764343 eijMax=2.529E-03 rmsd=2.319E+00 s=[ 0 0 0 1 0 0 1 0 1 0 0 1 1 0 ]
d_13_9=3.426742764343 eijMax=6.181E-03 rmsd=7.001E-01 s=[ 0 0 0 1 0 0 1 0 1 0 1 0 0 0 ]
d_13_9=3.428762966364 eijMax=6.969E-05 rmsd=2.401E+00 s=[ 0 0 0 1 0 0 1 0 1 0 0 0 1 0 ]
d_13_9=3.428762966364 eijMax=2.042E-03 rmsd=2.331E+00 s=[ 0 0 0 1 0 0 1 0 1 0 0 1 1 0 ]
d_13_9=3.428762966364 eijMax=6.843E-03 rmsd=6.704E-01 s=[ 0 0 0 1 0 0 1 0 1 0 1 0 0 0 ]
d_13_9=3.430783168384 eijMax=2.648E-05 rmsd=2.411E+00 s=[ 0 0 0 1 0 0 1 0 1 0 0 0 1 0 ]
d_13_9=3.430783168384 eijMax=1.623E-03 rmsd=2.341E+00 s=[ 0 0 0 1 0 0 1 0 1 0 0 1 1 0 ]
d_13_9=3.430783168384 eijMax=7.523E-03 rmsd=6.414E-01 s=[ 0 0 0 1 0 0 1 0 1 0 1 0 0 0 ]
d_13_9=3.432803370404 eijMax=4.601E-05 rmsd=2.421E+00 s=[ 0 0 0 1 0 0 1 0 1 0 0 0 1 0 ]
d_13_9=3.432803370404 eijMax=1.261E-03 rmsd=2.352E+00 s=[ 0 0 0 1 0 0 1 0 1 0 0 1 1 0 ]
d_13_9=3.432803370404 eijMax=8.227E-03 rmsd=6.130E-01 s=[ 0 0 0 1 0 0 1 0 1 0 1 0 0 0 ]
d_13_9=3.434823572424 eijMax=1.468E-04 rmsd=2.430E+00 s=[ 0 0 0 1 0 0 1 0 1 0 0 0 1 0 ]
d_13_9=3.434823572424 eijMax=9.524E-04 rmsd=2.361E+00 s=[ 0 0 0 1 0 0 1 0 1 0 0 1 1 0 ]
d_13_9=3.434823572424 eijMax=8.959E-03 rmsd=5.853E-01 s=[ 0 0 0 1 0 0 1 0 1 0 1 0 0 0 ]
d_13_9=3.436843774444 eijMax=2.752E-04 rmsd=2.439E+00 s=[ 0 0 0 1 0 0 1 0 1 0 0 0 1 0 ]
d_13_9=3.436843774444 eijMax=6.903E-04 rmsd=2.371E+00 s=[ 0 0 0 1 0 0 1 0 1 0 0 1 1 0 ]
d_13_9=3.436843774444 eijMax=9.728E-03 rmsd=5.583E-01 s=[ 0 0 0 1 0 0 1 0 1 0 1 0 0 0 ]
d_13_9=3.438863976465 eijMax=4.308E-04 rmsd=2.447E+00 s=[ 0 0 0 1 0 0 1 0 1 0 0 0 1 0 ]
d_13_9=3.438863976465 eijMax=4.712E-04 rmsd=2.380E+00 s=[ 0 0 0 1 0 0 1 0 1 0 0 1 1 0 ]
d_13_9=3.440884178485 eijMax=6.132E-04 rmsd=2.455E+00 s=[ 0 0 0 1 0 0 1 0 1 0 0 0 1 0 ]
d_13_9=3.440884178485 eijMax=2.919E-04 rmsd=2.388E+00 s=[ 0 0 0 1 0 0 1 0 1 0 0 1 1 0 ]
d_13_9=3.442904380505 eijMax=8.222E-04 rmsd=2.462E+00 s=[ 0 0 0 1 0 0 1 0 1 0 0 0 1 0 ]
d_13_9=3.442904380505 eijMax=1.498E-04 rmsd=2.396E+00 s=[ 0 0 0 1 0 0 1 0 1 0 0 1 1 0 ]
d_13_9=3.444924582525 eijMax=1.058E-03 rmsd=2.469E+00 s=[ 0 0 0 1 0 0 1 0 1 0 0 0 1 0 ]
d_13_9=3.444924582525 eijMax=4.276E-05 rmsd=2.404E+00 s=[ 0 0 0 1 0 0 1 0 1 0 0 1 1 0 ]
d_13_9=3.446944784545 eijMax=1.320E-03 rmsd=2.476E+00 s=[ 0 0 0 1 0 0 1 0 1 0 0 0 1 0 ]
d_13_9=3.446944784545 eijMax=3.073E-05 rmsd=2.411E+00 s=[ 0 0 0 1 0 0 1 0 1 0 0 1 1 0 ]
d_13_9=3.448964986566 eijMax=1.609E-03 rmsd=2.482E+00 s=[ 0 0 0 1 0 0 1 0 1 0 0 0 1 0 ]
d_13_9=3.448964986566 eijMax=7.201E-05 rmsd=2.418E+00 s=[ 0 0 0 1 0 0 1 0 1 0 0 1 1 0 ]
d_13_9=3.450985188586 eijMax=1.925E-03 rmsd=2.488E+00 s=[ 0 0 0 1 0 0 1 0 1 0 0 0 1 0 ]
d_13_9=3.450985188586 eijMax=8.211E-05 rmsd=2.424E+00 s=[ 0 0 0 1 0 0 1 0 1 0 0 1 1 0 ]
d_13_9=3.453005390606 eijMax=2.269E-03 rmsd=2.494E+00 s=[ 0 0 0 1 0 0 1 0 1 0 0 0 1 0 ]
d_13_9=3.453005390606 eijMax=6.179E-05 rmsd=2.430E+00 s=[ 0 0 0 1 0 0 1 0 1 0 0 1 1 0 ]
d_13_9=3.455025592626 eijMax=2.640E-03 rmsd=2.499E+00 s=[ 0 0 0 1 0 0 1 0 1 0 0 0 1 0 ]
d_13_9=3.455025592626 eijMax=1.163E-05 rmsd=2.436E+00 s=[ 0 0 0 1 0 0 1 0 1 0 0 1 1 0 ]
d_13_9=3.457045794646 eijMax=3.040E-03 rmsd=2.504E+00 s=[ 0 0 0 1 0 0 1 0 1 0 0 0 1 0 ]
d_13_9=3.457045794646 eijMax=6.797E-05 rmsd=2.442E+00 s=[ 0 0 0 1 0 0 1 0 1 0 0 1 1 0 ]
d_13_9=3.459065996667 eijMax=3.469E-03 rmsd=2.509E+00 s=[ 0 0 0 1 0 0 1 0 1 0 0 0 1 0 ]
d_13_9=3.459065996667 eijMax=1.768E-04 rmsd=2.447E+00 s=[ 0 0 0 1 0 0 1 0 1 0 0 1 1 0 ]
d_13_9=3.461086198687 eijMax=3.927E-03 rmsd=2.513E+00 s=[ 0 0 0 1 0 0 1 0 1 0 0 0 1 0 ]
d_13_9=3.461086198687 eijMax=3.147E-04 rmsd=2.452E+00 s=[ 0 0 0 1 0 0 1 0 1 0 0 1 1 0 ]
d_13_9=3.461086198687 eijMax=3.934E-03 rmsd=1.750E-01 s=[ 0 0 0 1 0 0 1 0 1 0 1 1 0 1 ]
d_13_9=3.463106400707 eijMax=9.961E-03 rmsd=4.496E+00 s=[ 0 0 0 1 0 0 1 0 0 0 1 1 1 0 ]
d_13_9=3.463106400707 eijMax=4.416E-03 rmsd=2.518E+00 s=[ 0 0 0 1 0 0 1 0 1 0 0 0 1 0 ]
d_13_9=3.463106400707 eijMax=4.818E-04 rmsd=2.457E+00 s=[ 0 0 0 1 0 0 1 0 1 0 0 1 1 0 ]
d_13_9=3.463106400707 eijMax=1.022E-03 rmsd=1.423E-01 s=[ 0 0 0 1 0 0 1 0 1 0 1 1 0 1 ]
d_13_9=3.465126602727 eijMax=8.249E-03 rmsd=4.488E+00 s=[ 0 0 0 1 0 0 1 0 0 0 1 1 1 0 ]
d_13_9=3.465126602727 eijMax=4.935E-03 rmsd=2.521E+00 s=[ 0 0 0 1 0 0 1 0 1 0 0 0 1 0 ]
d_13_9=3.465126602727 eijMax=6.781E-04 rmsd=2.461E+00 s=[ 0 0 0 1 0 0 1 0 1 0 0 1 1 0 ]
d_13_9=3.465126602727 eijMax=1.159E-05 rmsd=1.248E-01 s=[ 0 0 0 1 0 0 1 0 1 0 1 1 0 1 ]
d_13_9=3.467146804747 eijMax=6.711E-03 rmsd=4.479E+00 s=[ 0 0 0 1 0 0 1 0 0 0 1 1 1 0 ]
d_13_9=3.467146804747 eijMax=5.487E-03 rmsd=2.525E+00 s=[ 0 0 0 1 0 0 1 0 1 0 0 0 1 0 ]
d_13_9=3.467146804747 eijMax=9.039E-04 rmsd=2.465E+00 s=[ 0 0 0 1 0 0 1 0 1 0 0 1 1 0 ]
d_13_9=3.467146804747 eijMax=3.800E-06 rmsd=1.208E-01 s=[ 0 0 0 1 0 0 1 0 1 0 1 1 0 1 ]
d_13_9=3.469167006768 eijMax=5.343E-03 rmsd=4.470E+00 s=[ 0 0 0 1 0 0 1 0 0 0 1 1 1 0 ]
d_13_9=3.469167006768 eijMax=6.072E-03 rmsd=2.528E+00 s=[ 0 0 0 1 0 0 1 0 1 0 0 0 1 0 ]
d_13_9=3.469167006768 eijMax=1.160E-03 rmsd=2.468E+00 s=[ 0 0 0 1 0 0 1 0 1 0 0 1 1 0 ]
d_13_9=3.469167006768 eijMax=7.168E-05 rmsd=5.020E-03 s=[ 0 0 0 1 0 0 1 0 1 0 1 0 0 1 ]
d_13_9=3.469167006768 eijMax=5.454E-04 rmsd=1.275E-01 s=[ 0 0 0 1 0 0 1 0 1 0 1 1 0 1 ]
d_13_9=3.471187208788 eijMax=4.137E-03 rmsd=4.460E+00 s=[ 0 0 0 1 0 0 1 0 0 0 1 1 1 0 ]
d_13_9=3.471187208788 eijMax=6.690E-03 rmsd=2.531E+00 s=[ 0 0 0 1 0 0 1 0 1 0 0 0 1 0 ]
d_13_9=3.471187208788 eijMax=1.446E-03 rmsd=2.472E+00 s=[ 0 0 0 1 0 0 1 0 1 0 0 1 1 0 ]
d_13_9=3.471187208788 eijMax=1.222E-03 rmsd=6.827E-02 s=[ 0 0 0 1 0 0 1 0 1 0 1 0 0 1 ]
d_13_9=3.471187208788 eijMax=1.396E-03 rmsd=1.415E-01 s=[ 0 0 0 1 0 0 1 0 1 0 1 1 0 1 ]
d_13_9=3.473207410808 eijMax=3.091E-03 rmsd=4.451E+00 s=[ 0 0 0 1 0 0 1 0 0 0 1 1 1 0 ]
d_13_9=3.473207410808 eijMax=7.344E-03 rmsd=2.533E+00 s=[ 0 0 0 1 0 0 1 0 1 0 0 0 1 0 ]
d_13_9=3.473207410808 eijMax=1.762E-03 rmsd=2.475E+00 s=[ 0 0 0 1 0 0 1 0 1 0 0 1 1 0 ]
d_13_9=3.473207410808 eijMax=3.722E-03 rmsd=1.089E-01 s=[ 0 0 0 1 0 0 1 0 1 0 1 0 0 1 ]
d_13_9=3.473207410808 eijMax=2.422E-03 rmsd=1.601E-01 s=[ 0 0 0 1 0 0 1 0 1 0 1 1 0 1 ]
d_13_9=3.475227612828 eijMax=2.199E-03 rmsd=4.441E+00 s=[ 0 0 0 1 0 0 1 0 0 0 1 1 1 0 ]
d_13_9=3.475227612828 eijMax=8.034E-03 rmsd=2.536E+00 s=[ 0 0 0 1 0 0 1 0 1 0 0 0 1 0 ]
d_13_9=3.475227612828 eijMax=2.111E-03 rmsd=2.478E+00 s=[ 0 0 0 1 0 0 1 0 1 0 0 1 1 0 ]
d_13_9=3.475227612828 eijMax=5.956E-03 rmsd=1.380E-01 s=[ 0 0 0 1 0 0 1 0 1 0 1 0 0 1 ]
d_13_9=3.475227612828 eijMax=3.548E-03 rmsd=1.814E-01 s=[ 0 0 0 1 0 0 1 0 1 0 1 1 0 1 ]
d_13_9=3.477247814848 eijMax=9.614E-03 rmsd=4.413E+00 s=[ 0 0 0 1 0 0 1 0 0 0 1 0 1 0 ]
d_13_9=3.477247814848 eijMax=1.457E-03 rmsd=4.430E+00 s=[ 0 0 0 1 0 0 1 0 0 0 1 1 1 0 ]
d_13_9=3.477247814848 eijMax=8.761E-03 rmsd=2.537E+00 s=[ 0 0 0 1 0 0 1 0 1 0 0 0 1 0 ]
d_13_9=3.477247814848 eijMax=2.491E-03 rmsd=2.480E+00 s=[ 0 0 0 1 0 0 1 0 1 0 0 1 1 0 ]
d_13_9=3.477247814848 eijMax=7.838E-03 rmsd=1.627E-01 s=[ 0 0 0 1 0 0 1 0 1 0 1 0 0 1 ]
d_13_9=3.477247814848 eijMax=4.730E-03 rmsd=2.043E-01 s=[ 0 0 0 1 0 0 1 0 1 0 1 1 0 1 ]
d_13_9=3.479268016869 eijMax=7.726E-03 rmsd=4.403E+00 s=[ 0 0 0 1 0 0 1 0 0 0 1 0 1 0 ]
d_13_9=3.479268016869 eijMax=8.642E-04 rmsd=4.420E+00 s=[ 0 0 0 1 0 0 1 0 0 0 1 1 1 0 ]
d_13_9=3.479268016869 eijMax=9.527E-03 rmsd=2.539E+00 s=[ 0 0 0 1 0 0 1 0 1 0 0 0 1 0 ]
d_13_9=3.479268016869 eijMax=2.904E-03 rmsd=2.482E+00 s=[ 0 0 0 1 0 0 1 0 1 0 0 1 1 0 ]
d_13_9=3.479268016869 eijMax=9.448E-03 rmsd=1.858E-01 s=[ 0 0 0 1 0 0 1 0 1 0 1 0 0 1 ]
d_13_9=3.479268016869 eijMax=5.943E-03 rmsd=2.284E-01 s=[ 0 0 0 1 0 0 1 0 1 0 1 1 0 1 ]
d_13_9=3.481288218889 eijMax=6.063E-03 rmsd=4.392E+00 s=[ 0 0 0 1 0 0 1 0 0 0 1 0 1 0 ]
d_13_9=3.481288218889 eijMax=4.163E-04 rmsd=4.409E+00 s=[ 0 0 0 1 0 0 1 0 0 0 1 1 1 0 ]
d_13_9=3.481288218889 eijMax=3.351E-03 rmsd=2.484E+00 s=[ 0 0 0 1 0 0 1 0 1 0 0 1 1 0 ]
d_13_9=3.481288218889 eijMax=7.171E-03 rmsd=2.532E-01 s=[ 0 0 0 1 0 0 1 0 1 0 1 1 0 1 ]
d_13_9=3.483308420909 eijMax=4.616E-03 rmsd=4.380E+00 s=[ 0 0 0 1 0 0 1 0 0 0 1 0 1 0 ]
d_13_9=3.483308420909 eijMax=1.115E-04 rmsd=4.398E+00 s=[ 0 0 0 1 0 0 1 0 0 0 1 1 1 0 ]
d_13_9=3.483308420909 eijMax=3.833E-03 rmsd=2.486E+00 s=[ 0 0 0 1 0 0 1 0 1 0 0 1 1 0 ]
d_13_9=3.483308420909 eijMax=8.405E-03 rmsd=2.785E-01 s=[ 0 0 0 1 0 0 1 0 1 0 1 1 0 1 ]
d_13_9=3.485328622929 eijMax=3.375E-03 rmsd=4.369E+00 s=[ 0 0 0 1 0 0 1 0 0 0 1 0 1 0 ]
d_13_9=3.485328622929 eijMax=5.171E-05 rmsd=4.386E+00 s=[ 0 0 0 1 0 0 1 0 0 0 1 1 1 0 ]
d_13_9=3.485328622929 eijMax=4.350E-03 rmsd=2.487E+00 s=[ 0 0 0 1 0 0 1 0 1 0 0 1 1 0 ]
d_13_9=3.485328622929 eijMax=9.643E-03 rmsd=3.042E-01 s=[ 0 0 0 1 0 0 1 0 1 0 1 1 0 1 ]
d_13_9=3.487348824949 eijMax=2.334E-03 rmsd=4.357E+00 s=[ 0 0 0 1 0 0 1 0 0 0 1 0 1 0 ]
d_13_9=3.487348824949 eijMax=7.470E-05 rmsd=4.375E+00 s=[ 0 0 0 1 0 0 1 0 0 0 1 1 1 0 ]
d_13_9=3.487348824949 eijMax=4.904E-03 rmsd=2.488E+00 s=[ 0 0 0 1 0 0 1 0 1 0 0 1 1 0 ]
d_13_9=3.489369026970 eijMax=1.486E-03 rmsd=4.345E+00 s=[ 0 0 0 1 0 0 1 0 0 0 1 0 1 0 ]
d_13_9=3.489369026970 eijMax=4.167E-05 rmsd=4.363E+00 s=[ 0 0 0 1 0 0 1 0 0 0 1 1 1 0 ]
d_13_9=3.489369026970 eijMax=5.497E-03 rmsd=2.488E+00 s=[ 0 0 0 1 0 0 1 0 1 0 0 1 1 0 ]
d_13_9=3.491389228990 eijMax=8.253E-04 rmsd=4.332E+00 s=[ 0 0 0 1 0 0 1 0 0 0 1 0 1 0 ]
d_13_9=3.491389228990 eijMax=2.969E-04 rmsd=4.350E+00 s=[ 0 0 0 1 0 0 1 0 0 0 1 1 1 0 ]
d_13_9=3.491389228990 eijMax=6.128E-03 rmsd=2.489E+00 s=[ 0 0 0 1 0 0 1 0 1 0 0 1 1 0 ]
d_13_9=3.493409431010 eijMax=3.469E-04 rmsd=4.320E+00 s=[ 0 0 0 1 0 0 1 0 0 0 1 0 1 0 ]
d_13_9=3.493409431010 eijMax=6.908E-04 rmsd=4.337E+00 s=[ 0 0 0 1 0 0 1 0 0 0 1 1 1 0 ]
d_13_9=3.493409431010 eijMax=6.800E-03 rmsd=2.489E+00 s=[ 0 0 0 1 0 0 1 0 1 0 0 1 1 0 ]
d_13_9=3.495429633030 eijMax=4.686E-05 rmsd=4.306E+00 s=[ 0 0 0 1 0 0 1 0 0 0 1 0 1 0 ]
d_13_9=3.495429633030 eijMax=1.224E-03 rmsd=4.324E+00 s=[ 0 0 0 1 0 0 1 0 0 0 1 1 1 0 ]
d_13_9=3.495429633030 eijMax=7.515E-03 rmsd=2.488E+00 s=[ 0 0 0 1 0 0 1 0 1 0 0 1 1 0 ]
d_13_9=3.497449835051 eijMax=7.823E-05 rmsd=4.293E+00 s=[ 0 0 0 1 0 0 1 0 0 0 1 0 1 0 ]
d_13_9=3.497449835051 eijMax=1.896E-03 rmsd=4.310E+00 s=[ 0 0 0 1 0 0 1 0 0 0 1 1 1 0 ]
d_13_9=3.497449835051 eijMax=8.273E-03 rmsd=2.488E+00 s=[ 0 0 0 1 0 0 1 0 1 0 0 1 1 0 ]
d_13_9=3.499470037071 eijMax=3.112E-05 rmsd=4.279E+00 s=[ 0 0 0 1 0 0 1 0 0 0 1 0 1 0 ]
d_13_9=3.499470037071 eijMax=2.709E-03 rmsd=4.296E+00 s=[ 0 0 0 1 0 0 1 0 0 0 1 1 1 0 ]
d_13_9=3.499470037071 eijMax=9.077E-03 rmsd=2.487E+00 s=[ 0 0 0 1 0 0 1 0 1 0 0 1 1 0 ]
d_13_9=3.501490239091 eijMax=1.860E-04 rmsd=4.264E+00 s=[ 0 0 0 1 0 0 1 0 0 0 1 0 1 0 ]
d_13_9=3.501490239091 eijMax=3.664E-03 rmsd=4.282E+00 s=[ 0 0 0 1 0 0 1 0 0 0 1 1 1 0 ]
d_13_9=3.501490239091 eijMax=9.928E-03 rmsd=2.485E+00 s=[ 0 0 0 1 0 0 1 0 1 0 0 1 1 0 ]
d_13_9=3.503510441111 eijMax=5.716E-04 rmsd=4.249E+00 s=[ 0 0 0 1 0 0 1 0 0 0 1 0 1 0 ]
d_13_9=3.503510441111 eijMax=4.761E-03 rmsd=4.267E+00 s=[ 0 0 0 1 0 0 1 0 0 0 1 1 1 0 ]
d_13_9=3.505530643131 eijMax=1.125E-03 rmsd=4.234E+00 s=[ 0 0 0 1 0 0 1 0 0 0 1 0 1 0 ]
d_13_9=3.505530643131 eijMax=6.004E-03 rmsd=4.251E+00 s=[ 0 0 0 1 0 0 1 0 0 0 1 1 1 0 ]
d_13_9=3.507550845152 eijMax=1.844E-03 rmsd=4.218E+00 s=[ 0 0 0 1 0 0 1 0 0 0 1 0 1 0 ]
d_13_9=3.507550845152 eijMax=7.395E-03 rmsd=4.236E+00 s=[ 0 0 0 1 0 0 1 0 0 0 1 1 1 0 ]
d_13_9=3.509571047172 eijMax=2.731E-03 rmsd=4.202E+00 s=[ 0 0 0 1 0 0 1 0 0 0 1 0 1 0 ]
d_13_9=3.509571047172 eijMax=8.936E-03 rmsd=4.219E+00 s=[ 0 0 0 1 0 0 1 0 0 0 1 1 1 0 ]
d_13_9=3.511591249192 eijMax=3.785E-03 rmsd=4.185E+00 s=[ 0 0 0 1 0 0 1 0 0 0 1 0 1 0 ]
d_13_9=3.513611451212 eijMax=5.007E-03 rmsd=4.168E+00 s=[ 0 0 0 1 0 0 1 0 0 0 1 0 1 0 ]
d_13_9=3.515631653232 eijMax=6.398E-03 rmsd=4.150E+00 s=[ 0 0 0 1 0 0 1 0 0 0 1 0 1 0 ]
d_13_9=3.517651855253 eijMax=7.961E-03 rmsd=4.131E+00 s=[ 0 0 0 1 0 0 1 0 0 0 1 0 1 0 ]
d_13_9=3.519672057273 eijMax=9.697E-03 rmsd=4.112E+00 s=[ 0 0 0 1 0 0 1 0 0 0 1 0 1 0 ]
d_13_9=3.537853875455 eijMax=8.719E-03 rmsd=2.169E+00 s=[ 0 0 0 1 0 0 1 0 1 0 0 0 0 1 ]
d_13_9=3.539874077475 eijMax=6.455E-03 rmsd=2.157E+00 s=[ 0 0 0 1 0 0 1 0 1 0 0 0 0 1 ]
d_13_9=3.541894279495 eijMax=4.538E-03 rmsd=2.144E+00 s=[ 0 0 0 1 0 0 1 0 1 0 0 0 0 1 ]
d_13_9=3.543914481515 eijMax=2.956E-03 rmsd=2.130E+00 s=[ 0 0 0 1 0 0 1 0 1 0 0 0 0 1 ]
d_13_9=3.545934683535 eijMax=1.704E-03 rmsd=2.116E+00 s=[ 0 0 0 1 0 0 1 0 1 0 0 0 0 1 ]
d_13_9=3.547954885556 eijMax=7.804E-04 rmsd=2.101E+00 s=[ 0 0 0 1 0 0 1 0 1 0 0 0 0 1 ]
d_13_9=3.547954885556 eijMax=8.009E-03 rmsd=2.073E+00 s=[ 0 0 0 1 0 0 1 0 1 0 0 1 0 1 ]
d_13_9=3.549975087576 eijMax=1.866E-04 rmsd=2.085E+00 s=[ 0 0 0 1 0 0 1 0 1 0 0 0 0 1 ]
d_13_9=3.549975087576 eijMax=5.414E-03 rmsd=2.056E+00 s=[ 0 0 0 1 0 0 1 0 1 0 0 1 0 1 ]
d_13_9=3.551995289596 eijMax=7.159E-05 rmsd=2.069E+00 s=[ 0 0 0 1 0 0 1 0 1 0 0 0 0 1 ]
d_13_9=3.551995289596 eijMax=3.331E-03 rmsd=2.039E+00 s=[ 0 0 0 1 0 0 1 0 1 0 0 1 0 1 ]
d_13_9=3.554015491616 eijMax=1.637E-05 rmsd=2.051E+00 s=[ 0 0 0 1 0 0 1 0 1 0 0 0 0 1 ]
d_13_9=3.554015491616 eijMax=1.746E-03 rmsd=2.021E+00 s=[ 0 0 0 1 0 0 1 0 1 0 0 1 0 1 ]
d_13_9=3.556035693636 eijMax=4.660E-04 rmsd=2.033E+00 s=[ 0 0 0 1 0 0 1 0 1 0 0 0 0 1 ]
d_13_9=3.556035693636 eijMax=6.502E-04 rmsd=2.003E+00 s=[ 0 0 0 1 0 0 1 0 1 0 0 1 0 1 ]
d_13_9=3.558055895657 eijMax=1.299E-03 rmsd=2.014E+00 s=[ 0 0 0 1 0 0 1 0 1 0 0 0 0 1 ]
d_13_9=3.558055895657 eijMax=4.472E-05 rmsd=1.983E+00 s=[ 0 0 0 1 0 0 1 0 1 0 0 1 0 1 ]
d_13_9=3.560076097677 eijMax=2.545E-03 rmsd=1.993E+00 s=[ 0 0 0 1 0 0 1 0 1 0 0 0 0 1 ]
d_13_9=3.560076097677 eijMax=6.064E-05 rmsd=1.962E+00 s=[ 0 0 0 1 0 0 1 0 1 0 0 1 0 1 ]
d_13_9=3.562096299697 eijMax=4.243E-03 rmsd=1.971E+00 s=[ 0 0 0 1 0 0 1 0 1 0 0 0 0 1 ]
d_13_9=3.562096299697 eijMax=3.547E-04 rmsd=1.940E+00 s=[ 0 0 0 1 0 0 1 0 1 0 0 1 0 1 ]
d_13_9=3.564116501717 eijMax=6.444E-03 rmsd=1.948E+00 s=[ 0 0 0 1 0 0 1 0 1 0 0 0 0 1 ]
d_13_9=3.564116501717 eijMax=1.324E-03 rmsd=1.917E+00 s=[ 0 0 0 1 0 0 1 0 1 0 0 1 0 1 ]
d_13_9=3.566136703737 eijMax=9.217E-03 rmsd=1.923E+00 s=[ 0 0 0 1 0 0 1 0 1 0 0 0 0 1 ]
d_13_9=3.566136703737 eijMax=2.898E-03 rmsd=1.892E+00 s=[ 0 0 0 1 0 0 1 0 1 0 0 1 0 1 ]
d_13_9=3.568156905758 eijMax=5.148E-03 rmsd=1.866E+00 s=[ 0 0 0 1 0 0 1 0 1 0 0 1 0 1 ]
d_13_9=3.570177107778 eijMax=8.181E-03 rmsd=1.838E+00 s=[ 0 0 0 1 0 0 1 0 1 0 0 1 0 1 ]
num ..... 100
nnodes .. 14
nedges .. 43
nsols ... 438
nnonhsols 438
tsecs ... 2.121573
