order:    [ 1 7 8 0 12 11 10 13 9 6 4 5 3 2 ]
atoms:    [ CA CA C N C CA N H HA N CA C N C ]
residues: [ 0 2 2 0 3 3 3 3 2 2 1 1 1 0 ]

We use a different pair of symbles to represent the bits values which are associated with the HA and H of the discretized distance, and another one to represent the bits of other hydrogens.
For the HA and H from the discretized distance:
	"+" means 0
	"-" means 1
For any other hydrogens:
	">" means 0
	"<" means 1

d_13_9=3.392399330000 s=[ 0 0 0 0 1 1 0 + + 1 0 0 0 1 ]

d_13_9=3.392399330000 s=[ 0 0 0 0 1 1 0 + + 1 0 0 1 1 ]

d_13_9=3.392399330000 s=[ 0 0 0 0 1 1 0 + - 1 0 1 1 0 ]

d_13_9=3.392399330000 s=[ 0 0 0 0 1 1 0 + - 1 1 0 0 1 ]

d_13_9=3.392399330000 s=[ 0 0 0 0 1 1 0 + - 1 1 1 0 1 ]

d_13_9=3.394419532020 s=[ 0 0 0 0 1 1 0 + + 1 0 0 0 1 ]

d_13_9=3.394419532020 s=[ 0 0 0 0 1 1 0 + + 1 0 0 1 1 ]

d_13_9=3.394419532020 s=[ 0 0 0 0 1 1 0 + - 1 0 1 1 0 ]

d_13_9=3.394419532020 s=[ 0 0 0 0 1 1 0 + - 1 1 0 0 1 ]

d_13_9=3.396439734040 s=[ 0 0 0 0 1 1 0 + + 1 0 0 0 1 ]

d_13_9=3.396439734040 s=[ 0 0 0 0 1 1 0 + + 1 0 0 1 1 ]

d_13_9=3.396439734040 s=[ 0 0 0 0 1 1 0 + + 1 1 1 0 1 ]

d_13_9=3.396439734040 s=[ 0 0 0 0 1 1 0 + - 1 0 1 1 0 ]

d_13_9=3.396439734040 s=[ 0 0 0 0 1 1 0 + - 1 1 0 0 1 ]

d_13_9=3.398459936061 s=[ 0 0 0 0 1 1 0 + + 1 0 0 0 1 ]

d_13_9=3.398459936061 s=[ 0 0 0 0 1 1 0 + + 1 0 0 1 1 ]

d_13_9=3.398459936061 s=[ 0 0 0 0 1 1 0 + + 1 1 1 0 1 ]

d_13_9=3.398459936061 s=[ 0 0 0 0 1 1 0 + - 1 0 1 1 0 ]

d_13_9=3.398459936061 s=[ 0 0 0 0 1 1 0 + - 1 1 0 0 1 ]

d_13_9=3.400480138081 s=[ 0 0 0 0 1 1 0 + + 1 0 0 1 1 ]

d_13_9=3.400480138081 s=[ 0 0 0 0 1 1 0 + + 1 1 1 0 1 ]

d_13_9=3.400480138081 s=[ 0 0 0 0 1 1 0 + - 1 1 0 0 1 ]

d_13_9=3.402500340101 s=[ 0 0 0 0 1 1 0 + + 1 0 0 1 1 ]

d_13_9=3.402500340101 s=[ 0 0 0 0 1 1 0 + + 1 1 1 0 1 ]

d_13_9=3.404520542121 s=[ 0 0 0 0 1 1 0 + + 1 1 1 0 1 ]

d_13_9=3.406540744141 s=[ 0 0 0 0 1 1 0 + + 1 0 1 0 1 ]

d_13_9=3.406540744141 s=[ 0 0 0 0 1 1 0 + + 1 0 1 1 1 ]

d_13_9=3.406540744141 s=[ 0 0 0 0 1 1 0 + + 1 1 1 0 1 ]

d_13_9=3.408560946162 s=[ 0 0 0 0 1 1 0 + + 1 0 1 0 1 ]

d_13_9=3.408560946162 s=[ 0 0 0 0 1 1 0 + + 1 0 1 1 1 ]

d_13_9=3.408560946162 s=[ 0 0 0 0 1 1 0 + + 1 1 1 0 1 ]

d_13_9=3.410581148182 s=[ 0 0 0 0 1 1 0 + + 1 0 1 0 1 ]

d_13_9=3.410581148182 s=[ 0 0 0 0 1 1 0 + + 1 0 1 1 1 ]

d_13_9=3.410581148182 s=[ 0 0 0 0 1 1 0 + + 1 1 1 0 1 ]

d_13_9=3.412601350202 s=[ 0 0 0 0 1 1 0 + + 1 0 1 0 1 ]

d_13_9=3.412601350202 s=[ 0 0 0 0 1 1 0 + + 1 0 1 1 1 ]

d_13_9=3.412601350202 s=[ 0 0 0 0 1 1 0 + + 1 1 0 0 1 ]

d_13_9=3.412601350202 s=[ 0 0 0 0 1 1 0 + + 1 1 1 0 1 ]

d_13_9=3.414621552222 s=[ 0 0 0 0 1 1 0 + + 1 0 1 1 1 ]

d_13_9=3.414621552222 s=[ 0 0 0 0 1 1 0 + + 1 1 0 0 1 ]

d_13_9=3.414621552222 s=[ 0 0 0 0 1 1 0 + + 1 1 1 0 1 ]

d_13_9=3.416641754242 s=[ 0 0 0 0 1 1 0 + + 1 0 1 1 1 ]

d_13_9=3.416641754242 s=[ 0 0 0 0 1 1 0 + + 1 1 0 0 1 ]

d_13_9=3.416641754242 s=[ 0 0 0 0 1 1 0 + + 1 1 1 0 1 ]

d_13_9=3.418661956263 s=[ 0 0 0 0 1 1 0 + + 1 0 1 1 1 ]

d_13_9=3.418661956263 s=[ 0 0 0 0 1 1 0 + + 1 1 0 0 1 ]

d_13_9=3.418661956263 s=[ 0 0 0 0 1 1 0 + + 1 1 1 0 1 ]

d_13_9=3.420682158283 s=[ 0 0 0 0 1 1 0 + + 1 0 1 1 1 ]

d_13_9=3.420682158283 s=[ 0 0 0 0 1 1 0 + + 1 1 0 0 1 ]

d_13_9=3.420682158283 s=[ 0 0 0 0 1 1 0 + + 1 1 1 0 1 ]

d_13_9=3.422702360303 s=[ 0 0 0 0 1 1 0 + + 1 0 1 1 1 ]

d_13_9=3.422702360303 s=[ 0 0 0 0 1 1 0 + + 1 1 0 0 1 ]

d_13_9=3.422702360303 s=[ 0 0 0 0 1 1 0 + + 1 1 1 0 1 ]

d_13_9=3.424722562323 s=[ 0 0 0 0 1 1 0 + + 1 0 1 1 1 ]

d_13_9=3.424722562323 s=[ 0 0 0 0 1 1 0 + + 1 1 0 0 1 ]

d_13_9=3.424722562323 s=[ 0 0 0 0 1 1 0 + + 1 1 1 0 1 ]

d_13_9=3.426742764343 s=[ 0 0 0 0 1 1 0 + + 1 0 1 1 1 ]

d_13_9=3.426742764343 s=[ 0 0 0 0 1 1 0 + + 1 1 0 0 1 ]

d_13_9=3.426742764343 s=[ 0 0 0 0 1 1 0 + + 1 1 1 0 1 ]

d_13_9=3.428762966364 s=[ 0 0 0 0 1 1 0 + + 1 0 1 1 1 ]

d_13_9=3.428762966364 s=[ 0 0 0 0 1 1 0 + + 1 1 0 0 1 ]

d_13_9=3.428762966364 s=[ 0 0 0 0 1 1 0 + + 1 1 1 0 1 ]

d_13_9=3.430783168384 s=[ 0 0 0 0 1 1 0 + + 1 0 1 1 1 ]

d_13_9=3.430783168384 s=[ 0 0 0 0 1 1 0 + + 1 1 0 0 1 ]

d_13_9=3.430783168384 s=[ 0 0 0 0 1 1 0 + + 1 1 1 0 1 ]

d_13_9=3.432803370404 s=[ 0 0 0 0 1 1 0 + + 1 0 1 1 1 ]

d_13_9=3.432803370404 s=[ 0 0 0 0 1 1 0 + + 1 1 0 0 1 ]

d_13_9=3.432803370404 s=[ 0 0 0 0 1 1 0 + + 1 1 1 0 1 ]

d_13_9=3.434823572424 s=[ 0 0 0 0 1 1 0 + + 1 0 1 1 1 ]

d_13_9=3.434823572424 s=[ 0 0 0 0 1 1 0 + + 1 1 0 0 1 ]

d_13_9=3.434823572424 s=[ 0 0 0 0 1 1 0 + + 1 1 1 0 1 ]

d_13_9=3.436843774444 s=[ 0 0 0 0 1 1 0 + + 1 0 1 1 1 ]

d_13_9=3.436843774444 s=[ 0 0 0 0 1 1 0 + + 1 1 0 0 1 ]

d_13_9=3.436843774444 s=[ 0 0 0 0 1 1 0 + + 1 1 1 0 1 ]

d_13_9=3.438863976465 s=[ 0 0 0 0 1 1 0 + + 1 1 0 0 1 ]

d_13_9=3.438863976465 s=[ 0 0 0 0 1 1 0 + + 1 1 1 0 1 ]

d_13_9=3.440884178485 s=[ 0 0 0 0 1 1 0 + + 1 1 0 0 1 ]

d_13_9=3.440884178485 s=[ 0 0 0 0 1 1 0 + + 1 1 1 0 1 ]

d_13_9=3.442904380505 s=[ 0 0 0 0 1 1 0 + + 1 1 0 0 1 ]

d_13_9=3.442904380505 s=[ 0 0 0 0 1 1 0 + + 1 1 1 0 1 ]

d_13_9=3.444924582525 s=[ 0 0 0 0 1 1 0 + + 1 1 0 0 1 ]

d_13_9=3.444924582525 s=[ 0 0 0 0 1 1 0 + + 1 1 1 0 1 ]

d_13_9=3.446944784545 s=[ 0 0 0 0 1 1 0 + + 1 1 0 0 1 ]

d_13_9=3.446944784545 s=[ 0 0 0 0 1 1 0 + + 1 1 1 0 1 ]

d_13_9=3.448964986566 s=[ 0 0 0 0 1 1 0 + + 1 1 0 0 1 ]

d_13_9=3.448964986566 s=[ 0 0 0 0 1 1 0 + + 1 1 1 0 1 ]

d_13_9=3.450985188586 s=[ 0 0 0 0 1 1 0 + + 1 1 0 0 1 ]

d_13_9=3.450985188586 s=[ 0 0 0 0 1 1 0 + + 1 1 1 0 1 ]

d_13_9=3.453005390606 s=[ 0 0 0 0 1 1 0 + + 1 1 0 0 1 ]

d_13_9=3.453005390606 s=[ 0 0 0 0 1 1 0 + + 1 1 1 0 1 ]

d_13_9=3.455025592626 s=[ 0 0 0 0 1 1 0 + + 1 1 0 0 1 ]

d_13_9=3.455025592626 s=[ 0 0 0 0 1 1 0 + + 1 1 1 0 1 ]

d_13_9=3.457045794646 s=[ 0 0 0 0 1 1 0 + + 1 1 0 0 1 ]

d_13_9=3.457045794646 s=[ 0 0 0 0 1 1 0 + + 1 1 1 0 1 ]

d_13_9=3.459065996667 s=[ 0 0 0 0 1 1 0 + + 1 1 0 0 1 ]

d_13_9=3.459065996667 s=[ 0 0 0 0 1 1 0 + + 1 1 1 0 1 ]

d_13_9=3.461086198687 s=[ 0 0 0 0 1 1 0 + + 1 0 0 1 0 ]

d_13_9=3.461086198687 s=[ 0 0 0 0 1 1 0 + + 1 1 0 0 1 ]

d_13_9=3.461086198687 s=[ 0 0 0 0 1 1 0 + + 1 1 1 0 1 ]

d_13_9=3.463106400707 s=[ 0 0 0 0 1 1 0 + + 1 0 0 1 0 ]

d_13_9=3.463106400707 s=[ 0 0 0 0 1 1 0 + + 1 1 0 0 1 ]

d_13_9=3.463106400707 s=[ 0 0 0 0 1 1 0 + + 1 1 1 0 1 ]

d_13_9=3.463106400707 s=[ 0 0 0 0 1 1 0 + - 1 0 0 0 1 ]

d_13_9=3.465126602727 s=[ 0 0 0 0 1 1 0 + + 1 0 0 1 0 ]

d_13_9=3.465126602727 s=[ 0 0 0 0 1 1 0 + + 1 1 0 0 1 ]

d_13_9=3.465126602727 s=[ 0 0 0 0 1 1 0 + + 1 1 1 0 1 ]

d_13_9=3.465126602727 s=[ 0 0 0 0 1 1 0 + - 1 0 0 0 1 ]

d_13_9=3.467146804747 s=[ 0 0 0 0 1 1 0 + + 1 0 0 1 0 ]

d_13_9=3.467146804747 s=[ 0 0 0 0 1 1 0 + + 1 1 0 0 1 ]

d_13_9=3.467146804747 s=[ 0 0 0 0 1 1 0 + + 1 1 1 0 1 ]

d_13_9=3.467146804747 s=[ 0 0 0 0 1 1 0 + - 1 0 0 0 1 ]

d_13_9=3.469167006768 s=[ 0 0 0 0 1 1 0 + + 1 0 0 1 0 ]

d_13_9=3.469167006768 s=[ 0 0 0 0 1 1 0 + + 1 0 1 1 0 ]

d_13_9=3.469167006768 s=[ 0 0 0 0 1 1 0 + + 1 1 0 0 1 ]

d_13_9=3.469167006768 s=[ 0 0 0 0 1 1 0 + + 1 1 1 0 1 ]

d_13_9=3.469167006768 s=[ 0 0 0 0 1 1 0 + - 1 0 0 0 1 ]

d_13_9=3.471187208788 s=[ 0 0 0 0 1 1 0 + + 1 0 0 1 0 ]

d_13_9=3.471187208788 s=[ 0 0 0 0 1 1 0 + + 1 0 1 1 0 ]

d_13_9=3.471187208788 s=[ 0 0 0 0 1 1 0 + + 1 1 0 0 1 ]

d_13_9=3.471187208788 s=[ 0 0 0 0 1 1 0 + + 1 1 1 0 1 ]

d_13_9=3.471187208788 s=[ 0 0 0 0 1 1 0 + - 1 0 0 0 1 ]

d_13_9=3.473207410808 s=[ 0 0 0 0 1 1 0 + + 1 0 0 1 0 ]

d_13_9=3.473207410808 s=[ 0 0 0 0 1 1 0 + + 1 0 1 1 0 ]

d_13_9=3.473207410808 s=[ 0 0 0 0 1 1 0 + + 1 1 0 0 1 ]

d_13_9=3.473207410808 s=[ 0 0 0 0 1 1 0 + + 1 1 1 0 1 ]

d_13_9=3.473207410808 s=[ 0 0 0 0 1 1 0 + - 1 0 0 0 1 ]

d_13_9=3.475227612828 s=[ 0 0 0 0 1 1 0 + + 1 0 0 1 0 ]

d_13_9=3.475227612828 s=[ 0 0 0 0 1 1 0 + + 1 0 1 1 0 ]

d_13_9=3.475227612828 s=[ 0 0 0 0 1 1 0 + + 1 1 0 0 1 ]

d_13_9=3.475227612828 s=[ 0 0 0 0 1 1 0 + + 1 1 1 0 1 ]

d_13_9=3.475227612828 s=[ 0 0 0 0 1 1 0 + - 1 0 0 0 1 ]

d_13_9=3.477247814848 s=[ 0 0 0 0 1 1 0 + + 1 0 0 1 0 ]

d_13_9=3.477247814848 s=[ 0 0 0 0 1 1 0 + + 1 0 1 1 0 ]

d_13_9=3.477247814848 s=[ 0 0 0 0 1 1 0 + + 1 1 0 0 1 ]

d_13_9=3.477247814848 s=[ 0 0 0 0 1 1 0 + + 1 1 1 0 1 ]

d_13_9=3.477247814848 s=[ 0 0 0 0 1 1 0 + - 1 0 0 0 1 ]

d_13_9=3.477247814848 s=[ 0 0 0 0 1 1 0 + - 1 0 1 0 1 ]

d_13_9=3.479268016869 s=[ 0 0 0 0 1 1 0 + + 1 0 0 1 0 ]

d_13_9=3.479268016869 s=[ 0 0 0 0 1 1 0 + + 1 0 1 1 0 ]

d_13_9=3.479268016869 s=[ 0 0 0 0 1 1 0 + + 1 1 0 0 1 ]

d_13_9=3.479268016869 s=[ 0 0 0 0 1 1 0 + + 1 1 1 0 1 ]

d_13_9=3.479268016869 s=[ 0 0 0 0 1 1 0 + - 1 0 0 0 1 ]

d_13_9=3.479268016869 s=[ 0 0 0 0 1 1 0 + - 1 0 1 0 1 ]

d_13_9=3.481288218889 s=[ 0 0 0 0 1 1 0 + + 1 0 0 1 0 ]

d_13_9=3.481288218889 s=[ 0 0 0 0 1 1 0 + + 1 1 0 0 1 ]

d_13_9=3.481288218889 s=[ 0 0 0 0 1 1 0 + - 1 0 0 0 1 ]

d_13_9=3.481288218889 s=[ 0 0 0 0 1 1 0 + - 1 0 1 0 1 ]

d_13_9=3.483308420909 s=[ 0 0 0 0 1 1 0 + + 1 0 0 1 0 ]

d_13_9=3.483308420909 s=[ 0 0 0 0 1 1 0 + + 1 1 0 0 1 ]

d_13_9=3.483308420909 s=[ 0 0 0 0 1 1 0 + - 1 0 0 0 1 ]

d_13_9=3.483308420909 s=[ 0 0 0 0 1 1 0 + - 1 0 1 0 1 ]

d_13_9=3.485328622929 s=[ 0 0 0 0 1 1 0 + + 1 0 0 1 0 ]

d_13_9=3.485328622929 s=[ 0 0 0 0 1 1 0 + + 1 1 0 0 1 ]

d_13_9=3.485328622929 s=[ 0 0 0 0 1 1 0 + - 1 0 0 0 1 ]

d_13_9=3.485328622929 s=[ 0 0 0 0 1 1 0 + - 1 0 1 0 1 ]

d_13_9=3.487348824949 s=[ 0 0 0 0 1 1 0 + + 1 1 0 0 1 ]

d_13_9=3.487348824949 s=[ 0 0 0 0 1 1 0 + - 1 0 0 0 1 ]

d_13_9=3.487348824949 s=[ 0 0 0 0 1 1 0 + - 1 0 1 0 1 ]

d_13_9=3.489369026970 s=[ 0 0 0 0 1 1 0 + + 1 1 0 0 1 ]

d_13_9=3.489369026970 s=[ 0 0 0 0 1 1 0 + - 1 0 0 0 1 ]

d_13_9=3.489369026970 s=[ 0 0 0 0 1 1 0 + - 1 0 1 0 1 ]

d_13_9=3.491389228990 s=[ 0 0 0 0 1 1 0 + + 1 1 0 0 1 ]

d_13_9=3.491389228990 s=[ 0 0 0 0 1 1 0 + - 1 0 0 0 1 ]

d_13_9=3.491389228990 s=[ 0 0 0 0 1 1 0 + - 1 0 1 0 1 ]

d_13_9=3.493409431010 s=[ 0 0 0 0 1 1 0 + + 1 1 0 0 1 ]

d_13_9=3.493409431010 s=[ 0 0 0 0 1 1 0 + - 1 0 0 0 1 ]

d_13_9=3.493409431010 s=[ 0 0 0 0 1 1 0 + - 1 0 1 0 1 ]

d_13_9=3.495429633030 s=[ 0 0 0 0 1 1 0 + + 1 1 0 0 1 ]

d_13_9=3.495429633030 s=[ 0 0 0 0 1 1 0 + - 1 0 0 0 1 ]

d_13_9=3.495429633030 s=[ 0 0 0 0 1 1 0 + - 1 0 1 0 1 ]

d_13_9=3.497449835051 s=[ 0 0 0 0 1 1 0 + + 1 1 0 0 1 ]

d_13_9=3.497449835051 s=[ 0 0 0 0 1 1 0 + - 1 0 0 0 1 ]

d_13_9=3.497449835051 s=[ 0 0 0 0 1 1 0 + - 1 0 1 0 1 ]

d_13_9=3.499470037071 s=[ 0 0 0 0 1 1 0 + + 1 1 0 0 1 ]

d_13_9=3.499470037071 s=[ 0 0 0 0 1 1 0 + - 1 0 0 0 1 ]

d_13_9=3.499470037071 s=[ 0 0 0 0 1 1 0 + - 1 0 1 0 1 ]

d_13_9=3.501490239091 s=[ 0 0 0 0 1 1 0 + + 1 1 0 0 1 ]

d_13_9=3.501490239091 s=[ 0 0 0 0 1 1 0 + - 1 0 0 0 1 ]

d_13_9=3.501490239091 s=[ 0 0 0 0 1 1 0 + - 1 0 1 0 1 ]

d_13_9=3.503510441111 s=[ 0 0 0 0 1 1 0 + - 1 0 0 0 1 ]

d_13_9=3.503510441111 s=[ 0 0 0 0 1 1 0 + - 1 0 1 0 1 ]

d_13_9=3.505530643131 s=[ 0 0 0 0 1 1 0 + - 1 0 0 0 1 ]

d_13_9=3.505530643131 s=[ 0 0 0 0 1 1 0 + - 1 0 1 0 1 ]

d_13_9=3.507550845152 s=[ 0 0 0 0 1 1 0 + - 1 0 0 0 1 ]

d_13_9=3.507550845152 s=[ 0 0 0 0 1 1 0 + - 1 0 1 0 1 ]

d_13_9=3.509571047172 s=[ 0 0 0 0 1 1 0 + - 1 0 0 0 1 ]

d_13_9=3.509571047172 s=[ 0 0 0 0 1 1 0 + - 1 0 1 0 1 ]

d_13_9=3.511591249192 s=[ 0 0 0 0 1 1 0 + - 1 0 1 0 1 ]

d_13_9=3.513611451212 s=[ 0 0 0 0 1 1 0 + - 1 0 1 0 1 ]

d_13_9=3.515631653232 s=[ 0 0 0 0 1 1 0 + - 1 0 1 0 1 ]

d_13_9=3.517651855253 s=[ 0 0 0 0 1 1 0 + - 1 0 1 0 1 ]

d_13_9=3.519672057273 s=[ 0 0 0 0 1 1 0 + - 1 0 1 0 1 ]

d_13_9=3.537853875455 s=[ 0 0 0 0 1 1 0 + + 1 1 1 1 0 ]

d_13_9=3.539874077475 s=[ 0 0 0 0 1 1 0 + + 1 1 1 1 0 ]

d_13_9=3.541894279495 s=[ 0 0 0 0 1 1 0 + + 1 1 1 1 0 ]

d_13_9=3.543914481515 s=[ 0 0 0 0 1 1 0 + + 1 1 1 1 0 ]

d_13_9=3.545934683535 s=[ 0 0 0 0 1 1 0 + + 1 1 1 1 0 ]

d_13_9=3.547954885556 s=[ 0 0 0 0 1 1 0 + + 1 1 0 1 0 ]

d_13_9=3.547954885556 s=[ 0 0 0 0 1 1 0 + + 1 1 1 1 0 ]

d_13_9=3.549975087576 s=[ 0 0 0 0 1 1 0 + + 1 1 0 1 0 ]

d_13_9=3.549975087576 s=[ 0 0 0 0 1 1 0 + + 1 1 1 1 0 ]

d_13_9=3.551995289596 s=[ 0 0 0 0 1 1 0 + + 1 1 0 1 0 ]

d_13_9=3.551995289596 s=[ 0 0 0 0 1 1 0 + + 1 1 1 1 0 ]

d_13_9=3.554015491616 s=[ 0 0 0 0 1 1 0 + + 1 1 0 1 0 ]

d_13_9=3.554015491616 s=[ 0 0 0 0 1 1 0 + + 1 1 1 1 0 ]

d_13_9=3.556035693636 s=[ 0 0 0 0 1 1 0 + + 1 1 0 1 0 ]

d_13_9=3.556035693636 s=[ 0 0 0 0 1 1 0 + + 1 1 1 1 0 ]

d_13_9=3.558055895657 s=[ 0 0 0 0 1 1 0 + + 1 1 0 1 0 ]

d_13_9=3.558055895657 s=[ 0 0 0 0 1 1 0 + + 1 1 1 1 0 ]

d_13_9=3.560076097677 s=[ 0 0 0 0 1 1 0 + + 1 1 0 1 0 ]

d_13_9=3.560076097677 s=[ 0 0 0 0 1 1 0 + + 1 1 1 1 0 ]

d_13_9=3.562096299697 s=[ 0 0 0 0 1 1 0 + + 1 1 0 1 0 ]

d_13_9=3.562096299697 s=[ 0 0 0 0 1 1 0 + + 1 1 1 1 0 ]

d_13_9=3.564116501717 s=[ 0 0 0 0 1 1 0 + + 1 1 0 1 0 ]

d_13_9=3.564116501717 s=[ 0 0 0 0 1 1 0 + + 1 1 1 1 0 ]

d_13_9=3.566136703737 s=[ 0 0 0 0 1 1 0 + + 1 1 0 1 0 ]

d_13_9=3.566136703737 s=[ 0 0 0 0 1 1 0 + + 1 1 1 1 0 ]

d_13_9=3.568156905758 s=[ 0 0 0 0 1 1 0 + + 1 1 0 1 0 ]

d_13_9=3.570177107778 s=[ 0 0 0 0 1 1 0 + + 1 1 0 1 0 ]

d_13_9=3.392399330000 s=[ 0 0 0 1 0 0 1 + + 0 0 0 1 0 ]

d_13_9=3.392399330000 s=[ 0 0 0 1 0 0 1 + + 0 0 1 1 0 ]

d_13_9=3.392399330000 s=[ 0 0 0 1 0 0 1 + + 0 1 0 0 1 ]

d_13_9=3.392399330000 s=[ 0 0 0 1 0 0 1 + - 0 1 1 0 0 ]

d_13_9=3.392399330000 s=[ 0 0 0 1 0 0 1 + - 0 1 1 1 0 ]

d_13_9=3.394419532020 s=[ 0 0 0 1 0 0 1 + + 0 0 1 1 0 ]

d_13_9=3.394419532020 s=[ 0 0 0 1 0 0 1 + + 0 1 0 0 1 ]

d_13_9=3.394419532020 s=[ 0 0 0 1 0 0 1 + - 0 1 1 0 0 ]

d_13_9=3.394419532020 s=[ 0 0 0 1 0 0 1 + - 0 1 1 1 0 ]

d_13_9=3.396439734040 s=[ 0 0 0 1 0 0 1 + + 0 0 1 1 0 ]

d_13_9=3.396439734040 s=[ 0 0 0 1 0 0 1 + + 0 1 0 0 1 ]

d_13_9=3.396439734040 s=[ 0 0 0 1 0 0 1 + - 0 0 0 1 0 ]

d_13_9=3.396439734040 s=[ 0 0 0 1 0 0 1 + - 0 1 1 0 0 ]

d_13_9=3.396439734040 s=[ 0 0 0 1 0 0 1 + - 0 1 1 1 0 ]

d_13_9=3.398459936061 s=[ 0 0 0 1 0 0 1 + + 0 0 1 1 0 ]

d_13_9=3.398459936061 s=[ 0 0 0 1 0 0 1 + + 0 1 0 0 1 ]

d_13_9=3.398459936061 s=[ 0 0 0 1 0 0 1 + - 0 0 0 1 0 ]

d_13_9=3.398459936061 s=[ 0 0 0 1 0 0 1 + - 0 1 1 0 0 ]

d_13_9=3.398459936061 s=[ 0 0 0 1 0 0 1 + - 0 1 1 1 0 ]

d_13_9=3.400480138081 s=[ 0 0 0 1 0 0 1 + + 0 0 1 1 0 ]

d_13_9=3.400480138081 s=[ 0 0 0 1 0 0 1 + - 0 0 0 1 0 ]

d_13_9=3.400480138081 s=[ 0 0 0 1 0 0 1 + - 0 1 1 0 0 ]

d_13_9=3.402500340101 s=[ 0 0 0 1 0 0 1 + - 0 0 0 1 0 ]

d_13_9=3.402500340101 s=[ 0 0 0 1 0 0 1 + - 0 1 1 0 0 ]

d_13_9=3.404520542121 s=[ 0 0 0 1 0 0 1 + - 0 0 0 1 0 ]

d_13_9=3.406540744141 s=[ 0 0 0 1 0 0 1 + - 0 0 0 1 0 ]

d_13_9=3.406540744141 s=[ 0 0 0 1 0 0 1 + - 0 1 0 0 0 ]

d_13_9=3.406540744141 s=[ 0 0 0 1 0 0 1 + - 0 1 0 1 0 ]

d_13_9=3.408560946162 s=[ 0 0 0 1 0 0 1 + - 0 0 0 1 0 ]

d_13_9=3.408560946162 s=[ 0 0 0 1 0 0 1 + - 0 1 0 0 0 ]

d_13_9=3.408560946162 s=[ 0 0 0 1 0 0 1 + - 0 1 0 1 0 ]

d_13_9=3.410581148182 s=[ 0 0 0 1 0 0 1 + - 0 0 0 1 0 ]

d_13_9=3.410581148182 s=[ 0 0 0 1 0 0 1 + - 0 1 0 0 0 ]

d_13_9=3.410581148182 s=[ 0 0 0 1 0 0 1 + - 0 1 0 1 0 ]

d_13_9=3.412601350202 s=[ 0 0 0 1 0 0 1 + - 0 0 0 1 0 ]

d_13_9=3.412601350202 s=[ 0 0 0 1 0 0 1 + - 0 0 1 1 0 ]

d_13_9=3.412601350202 s=[ 0 0 0 1 0 0 1 + - 0 1 0 0 0 ]

d_13_9=3.412601350202 s=[ 0 0 0 1 0 0 1 + - 0 1 0 1 0 ]

d_13_9=3.414621552222 s=[ 0 0 0 1 0 0 1 + - 0 0 0 1 0 ]

d_13_9=3.414621552222 s=[ 0 0 0 1 0 0 1 + - 0 0 1 1 0 ]

d_13_9=3.414621552222 s=[ 0 0 0 1 0 0 1 + - 0 1 0 0 0 ]

d_13_9=3.416641754242 s=[ 0 0 0 1 0 0 1 + - 0 0 0 1 0 ]

d_13_9=3.416641754242 s=[ 0 0 0 1 0 0 1 + - 0 0 1 1 0 ]

d_13_9=3.416641754242 s=[ 0 0 0 1 0 0 1 + - 0 1 0 0 0 ]

d_13_9=3.418661956263 s=[ 0 0 0 1 0 0 1 + - 0 0 0 1 0 ]

d_13_9=3.418661956263 s=[ 0 0 0 1 0 0 1 + - 0 0 1 1 0 ]

d_13_9=3.418661956263 s=[ 0 0 0 1 0 0 1 + - 0 1 0 0 0 ]

d_13_9=3.420682158283 s=[ 0 0 0 1 0 0 1 + - 0 0 0 1 0 ]

d_13_9=3.420682158283 s=[ 0 0 0 1 0 0 1 + - 0 0 1 1 0 ]

d_13_9=3.420682158283 s=[ 0 0 0 1 0 0 1 + - 0 1 0 0 0 ]

d_13_9=3.422702360303 s=[ 0 0 0 1 0 0 1 + - 0 0 0 1 0 ]

d_13_9=3.422702360303 s=[ 0 0 0 1 0 0 1 + - 0 0 1 1 0 ]

d_13_9=3.422702360303 s=[ 0 0 0 1 0 0 1 + - 0 1 0 0 0 ]

d_13_9=3.424722562323 s=[ 0 0 0 1 0 0 1 + - 0 0 0 1 0 ]

d_13_9=3.424722562323 s=[ 0 0 0 1 0 0 1 + - 0 0 1 1 0 ]

d_13_9=3.424722562323 s=[ 0 0 0 1 0 0 1 + - 0 1 0 0 0 ]

d_13_9=3.426742764343 s=[ 0 0 0 1 0 0 1 + - 0 0 0 1 0 ]

d_13_9=3.426742764343 s=[ 0 0 0 1 0 0 1 + - 0 0 1 1 0 ]

d_13_9=3.426742764343 s=[ 0 0 0 1 0 0 1 + - 0 1 0 0 0 ]

d_13_9=3.428762966364 s=[ 0 0 0 1 0 0 1 + - 0 0 0 1 0 ]

d_13_9=3.428762966364 s=[ 0 0 0 1 0 0 1 + - 0 0 1 1 0 ]

d_13_9=3.428762966364 s=[ 0 0 0 1 0 0 1 + - 0 1 0 0 0 ]

d_13_9=3.430783168384 s=[ 0 0 0 1 0 0 1 + - 0 0 0 1 0 ]

d_13_9=3.430783168384 s=[ 0 0 0 1 0 0 1 + - 0 0 1 1 0 ]

d_13_9=3.430783168384 s=[ 0 0 0 1 0 0 1 + - 0 1 0 0 0 ]

d_13_9=3.432803370404 s=[ 0 0 0 1 0 0 1 + - 0 0 0 1 0 ]

d_13_9=3.432803370404 s=[ 0 0 0 1 0 0 1 + - 0 0 1 1 0 ]

d_13_9=3.432803370404 s=[ 0 0 0 1 0 0 1 + - 0 1 0 0 0 ]

d_13_9=3.434823572424 s=[ 0 0 0 1 0 0 1 + - 0 0 0 1 0 ]

d_13_9=3.434823572424 s=[ 0 0 0 1 0 0 1 + - 0 0 1 1 0 ]

d_13_9=3.434823572424 s=[ 0 0 0 1 0 0 1 + - 0 1 0 0 0 ]

d_13_9=3.436843774444 s=[ 0 0 0 1 0 0 1 + - 0 0 0 1 0 ]

d_13_9=3.436843774444 s=[ 0 0 0 1 0 0 1 + - 0 0 1 1 0 ]

d_13_9=3.436843774444 s=[ 0 0 0 1 0 0 1 + - 0 1 0 0 0 ]

d_13_9=3.438863976465 s=[ 0 0 0 1 0 0 1 + - 0 0 0 1 0 ]

d_13_9=3.438863976465 s=[ 0 0 0 1 0 0 1 + - 0 0 1 1 0 ]

d_13_9=3.440884178485 s=[ 0 0 0 1 0 0 1 + - 0 0 0 1 0 ]

d_13_9=3.440884178485 s=[ 0 0 0 1 0 0 1 + - 0 0 1 1 0 ]

d_13_9=3.442904380505 s=[ 0 0 0 1 0 0 1 + - 0 0 0 1 0 ]

d_13_9=3.442904380505 s=[ 0 0 0 1 0 0 1 + - 0 0 1 1 0 ]

d_13_9=3.444924582525 s=[ 0 0 0 1 0 0 1 + - 0 0 0 1 0 ]

d_13_9=3.444924582525 s=[ 0 0 0 1 0 0 1 + - 0 0 1 1 0 ]

d_13_9=3.446944784545 s=[ 0 0 0 1 0 0 1 + - 0 0 0 1 0 ]

d_13_9=3.446944784545 s=[ 0 0 0 1 0 0 1 + - 0 0 1 1 0 ]

d_13_9=3.448964986566 s=[ 0 0 0 1 0 0 1 + - 0 0 0 1 0 ]

d_13_9=3.448964986566 s=[ 0 0 0 1 0 0 1 + - 0 0 1 1 0 ]

d_13_9=3.450985188586 s=[ 0 0 0 1 0 0 1 + - 0 0 0 1 0 ]

d_13_9=3.450985188586 s=[ 0 0 0 1 0 0 1 + - 0 0 1 1 0 ]

d_13_9=3.453005390606 s=[ 0 0 0 1 0 0 1 + - 0 0 0 1 0 ]

d_13_9=3.453005390606 s=[ 0 0 0 1 0 0 1 + - 0 0 1 1 0 ]

d_13_9=3.455025592626 s=[ 0 0 0 1 0 0 1 + - 0 0 0 1 0 ]

d_13_9=3.455025592626 s=[ 0 0 0 1 0 0 1 + - 0 0 1 1 0 ]

d_13_9=3.457045794646 s=[ 0 0 0 1 0 0 1 + - 0 0 0 1 0 ]

d_13_9=3.457045794646 s=[ 0 0 0 1 0 0 1 + - 0 0 1 1 0 ]

d_13_9=3.459065996667 s=[ 0 0 0 1 0 0 1 + - 0 0 0 1 0 ]

d_13_9=3.459065996667 s=[ 0 0 0 1 0 0 1 + - 0 0 1 1 0 ]

d_13_9=3.461086198687 s=[ 0 0 0 1 0 0 1 + - 0 0 0 1 0 ]

d_13_9=3.461086198687 s=[ 0 0 0 1 0 0 1 + - 0 0 1 1 0 ]

d_13_9=3.461086198687 s=[ 0 0 0 1 0 0 1 + - 0 1 1 0 1 ]

d_13_9=3.463106400707 s=[ 0 0 0 1 0 0 1 + + 0 1 1 1 0 ]

d_13_9=3.463106400707 s=[ 0 0 0 1 0 0 1 + - 0 0 0 1 0 ]

d_13_9=3.463106400707 s=[ 0 0 0 1 0 0 1 + - 0 0 1 1 0 ]

d_13_9=3.463106400707 s=[ 0 0 0 1 0 0 1 + - 0 1 1 0 1 ]

d_13_9=3.465126602727 s=[ 0 0 0 1 0 0 1 + + 0 1 1 1 0 ]

d_13_9=3.465126602727 s=[ 0 0 0 1 0 0 1 + - 0 0 0 1 0 ]

d_13_9=3.465126602727 s=[ 0 0 0 1 0 0 1 + - 0 0 1 1 0 ]

d_13_9=3.465126602727 s=[ 0 0 0 1 0 0 1 + - 0 1 1 0 1 ]

d_13_9=3.467146804747 s=[ 0 0 0 1 0 0 1 + + 0 1 1 1 0 ]

d_13_9=3.467146804747 s=[ 0 0 0 1 0 0 1 + - 0 0 0 1 0 ]

d_13_9=3.467146804747 s=[ 0 0 0 1 0 0 1 + - 0 0 1 1 0 ]

d_13_9=3.467146804747 s=[ 0 0 0 1 0 0 1 + - 0 1 1 0 1 ]

d_13_9=3.469167006768 s=[ 0 0 0 1 0 0 1 + + 0 1 1 1 0 ]

d_13_9=3.469167006768 s=[ 0 0 0 1 0 0 1 + - 0 0 0 1 0 ]

d_13_9=3.469167006768 s=[ 0 0 0 1 0 0 1 + - 0 0 1 1 0 ]

d_13_9=3.469167006768 s=[ 0 0 0 1 0 0 1 + - 0 1 0 0 1 ]

d_13_9=3.469167006768 s=[ 0 0 0 1 0 0 1 + - 0 1 1 0 1 ]

d_13_9=3.471187208788 s=[ 0 0 0 1 0 0 1 + + 0 1 1 1 0 ]

d_13_9=3.471187208788 s=[ 0 0 0 1 0 0 1 + - 0 0 0 1 0 ]

d_13_9=3.471187208788 s=[ 0 0 0 1 0 0 1 + - 0 0 1 1 0 ]

d_13_9=3.471187208788 s=[ 0 0 0 1 0 0 1 + - 0 1 0 0 1 ]

d_13_9=3.471187208788 s=[ 0 0 0 1 0 0 1 + - 0 1 1 0 1 ]

d_13_9=3.473207410808 s=[ 0 0 0 1 0 0 1 + + 0 1 1 1 0 ]

d_13_9=3.473207410808 s=[ 0 0 0 1 0 0 1 + - 0 0 0 1 0 ]

d_13_9=3.473207410808 s=[ 0 0 0 1 0 0 1 + - 0 0 1 1 0 ]

d_13_9=3.473207410808 s=[ 0 0 0 1 0 0 1 + - 0 1 0 0 1 ]

d_13_9=3.473207410808 s=[ 0 0 0 1 0 0 1 + - 0 1 1 0 1 ]

d_13_9=3.475227612828 s=[ 0 0 0 1 0 0 1 + + 0 1 1 1 0 ]

d_13_9=3.475227612828 s=[ 0 0 0 1 0 0 1 + - 0 0 0 1 0 ]

d_13_9=3.475227612828 s=[ 0 0 0 1 0 0 1 + - 0 0 1 1 0 ]

d_13_9=3.475227612828 s=[ 0 0 0 1 0 0 1 + - 0 1 0 0 1 ]

d_13_9=3.475227612828 s=[ 0 0 0 1 0 0 1 + - 0 1 1 0 1 ]

d_13_9=3.477247814848 s=[ 0 0 0 1 0 0 1 + + 0 1 0 1 0 ]

d_13_9=3.477247814848 s=[ 0 0 0 1 0 0 1 + + 0 1 1 1 0 ]

d_13_9=3.477247814848 s=[ 0 0 0 1 0 0 1 + - 0 0 0 1 0 ]

d_13_9=3.477247814848 s=[ 0 0 0 1 0 0 1 + - 0 0 1 1 0 ]

d_13_9=3.477247814848 s=[ 0 0 0 1 0 0 1 + - 0 1 0 0 1 ]

d_13_9=3.477247814848 s=[ 0 0 0 1 0 0 1 + - 0 1 1 0 1 ]

d_13_9=3.479268016869 s=[ 0 0 0 1 0 0 1 + + 0 1 0 1 0 ]

d_13_9=3.479268016869 s=[ 0 0 0 1 0 0 1 + + 0 1 1 1 0 ]

d_13_9=3.479268016869 s=[ 0 0 0 1 0 0 1 + - 0 0 0 1 0 ]

d_13_9=3.479268016869 s=[ 0 0 0 1 0 0 1 + - 0 0 1 1 0 ]

d_13_9=3.479268016869 s=[ 0 0 0 1 0 0 1 + - 0 1 0 0 1 ]

d_13_9=3.479268016869 s=[ 0 0 0 1 0 0 1 + - 0 1 1 0 1 ]

d_13_9=3.481288218889 s=[ 0 0 0 1 0 0 1 + + 0 1 0 1 0 ]

d_13_9=3.481288218889 s=[ 0 0 0 1 0 0 1 + + 0 1 1 1 0 ]

d_13_9=3.481288218889 s=[ 0 0 0 1 0 0 1 + - 0 0 1 1 0 ]

d_13_9=3.481288218889 s=[ 0 0 0 1 0 0 1 + - 0 1 1 0 1 ]

d_13_9=3.483308420909 s=[ 0 0 0 1 0 0 1 + + 0 1 0 1 0 ]

d_13_9=3.483308420909 s=[ 0 0 0 1 0 0 1 + + 0 1 1 1 0 ]

d_13_9=3.483308420909 s=[ 0 0 0 1 0 0 1 + - 0 0 1 1 0 ]

d_13_9=3.483308420909 s=[ 0 0 0 1 0 0 1 + - 0 1 1 0 1 ]

d_13_9=3.485328622929 s=[ 0 0 0 1 0 0 1 + + 0 1 0 1 0 ]

d_13_9=3.485328622929 s=[ 0 0 0 1 0 0 1 + + 0 1 1 1 0 ]

d_13_9=3.485328622929 s=[ 0 0 0 1 0 0 1 + - 0 0 1 1 0 ]

d_13_9=3.485328622929 s=[ 0 0 0 1 0 0 1 + - 0 1 1 0 1 ]

d_13_9=3.487348824949 s=[ 0 0 0 1 0 0 1 + + 0 1 0 1 0 ]

d_13_9=3.487348824949 s=[ 0 0 0 1 0 0 1 + + 0 1 1 1 0 ]

d_13_9=3.487348824949 s=[ 0 0 0 1 0 0 1 + - 0 0 1 1 0 ]

d_13_9=3.489369026970 s=[ 0 0 0 1 0 0 1 + + 0 1 0 1 0 ]

d_13_9=3.489369026970 s=[ 0 0 0 1 0 0 1 + + 0 1 1 1 0 ]

d_13_9=3.489369026970 s=[ 0 0 0 1 0 0 1 + - 0 0 1 1 0 ]

d_13_9=3.491389228990 s=[ 0 0 0 1 0 0 1 + + 0 1 0 1 0 ]

d_13_9=3.491389228990 s=[ 0 0 0 1 0 0 1 + + 0 1 1 1 0 ]

d_13_9=3.491389228990 s=[ 0 0 0 1 0 0 1 + - 0 0 1 1 0 ]

d_13_9=3.493409431010 s=[ 0 0 0 1 0 0 1 + + 0 1 0 1 0 ]

d_13_9=3.493409431010 s=[ 0 0 0 1 0 0 1 + + 0 1 1 1 0 ]

d_13_9=3.493409431010 s=[ 0 0 0 1 0 0 1 + - 0 0 1 1 0 ]

d_13_9=3.495429633030 s=[ 0 0 0 1 0 0 1 + + 0 1 0 1 0 ]

d_13_9=3.495429633030 s=[ 0 0 0 1 0 0 1 + + 0 1 1 1 0 ]

d_13_9=3.495429633030 s=[ 0 0 0 1 0 0 1 + - 0 0 1 1 0 ]

d_13_9=3.497449835051 s=[ 0 0 0 1 0 0 1 + + 0 1 0 1 0 ]

d_13_9=3.497449835051 s=[ 0 0 0 1 0 0 1 + + 0 1 1 1 0 ]

d_13_9=3.497449835051 s=[ 0 0 0 1 0 0 1 + - 0 0 1 1 0 ]

d_13_9=3.499470037071 s=[ 0 0 0 1 0 0 1 + + 0 1 0 1 0 ]

d_13_9=3.499470037071 s=[ 0 0 0 1 0 0 1 + + 0 1 1 1 0 ]

d_13_9=3.499470037071 s=[ 0 0 0 1 0 0 1 + - 0 0 1 1 0 ]

d_13_9=3.501490239091 s=[ 0 0 0 1 0 0 1 + + 0 1 0 1 0 ]

d_13_9=3.501490239091 s=[ 0 0 0 1 0 0 1 + + 0 1 1 1 0 ]

d_13_9=3.501490239091 s=[ 0 0 0 1 0 0 1 + - 0 0 1 1 0 ]

d_13_9=3.503510441111 s=[ 0 0 0 1 0 0 1 + + 0 1 0 1 0 ]

d_13_9=3.503510441111 s=[ 0 0 0 1 0 0 1 + + 0 1 1 1 0 ]

d_13_9=3.505530643131 s=[ 0 0 0 1 0 0 1 + + 0 1 0 1 0 ]

d_13_9=3.505530643131 s=[ 0 0 0 1 0 0 1 + + 0 1 1 1 0 ]

d_13_9=3.507550845152 s=[ 0 0 0 1 0 0 1 + + 0 1 0 1 0 ]

d_13_9=3.507550845152 s=[ 0 0 0 1 0 0 1 + + 0 1 1 1 0 ]

d_13_9=3.509571047172 s=[ 0 0 0 1 0 0 1 + + 0 1 0 1 0 ]

d_13_9=3.509571047172 s=[ 0 0 0 1 0 0 1 + + 0 1 1 1 0 ]

d_13_9=3.511591249192 s=[ 0 0 0 1 0 0 1 + + 0 1 0 1 0 ]

d_13_9=3.513611451212 s=[ 0 0 0 1 0 0 1 + + 0 1 0 1 0 ]

d_13_9=3.515631653232 s=[ 0 0 0 1 0 0 1 + + 0 1 0 1 0 ]

d_13_9=3.517651855253 s=[ 0 0 0 1 0 0 1 + + 0 1 0 1 0 ]

d_13_9=3.519672057273 s=[ 0 0 0 1 0 0 1 + + 0 1 0 1 0 ]

d_13_9=3.537853875455 s=[ 0 0 0 1 0 0 1 + - 0 0 0 0 1 ]

d_13_9=3.539874077475 s=[ 0 0 0 1 0 0 1 + - 0 0 0 0 1 ]

d_13_9=3.541894279495 s=[ 0 0 0 1 0 0 1 + - 0 0 0 0 1 ]

d_13_9=3.543914481515 s=[ 0 0 0 1 0 0 1 + - 0 0 0 0 1 ]

d_13_9=3.545934683535 s=[ 0 0 0 1 0 0 1 + - 0 0 0 0 1 ]

d_13_9=3.547954885556 s=[ 0 0 0 1 0 0 1 + - 0 0 0 0 1 ]

d_13_9=3.547954885556 s=[ 0 0 0 1 0 0 1 + - 0 0 1 0 1 ]

d_13_9=3.549975087576 s=[ 0 0 0 1 0 0 1 + - 0 0 0 0 1 ]

d_13_9=3.549975087576 s=[ 0 0 0 1 0 0 1 + - 0 0 1 0 1 ]

d_13_9=3.551995289596 s=[ 0 0 0 1 0 0 1 + - 0 0 0 0 1 ]

d_13_9=3.551995289596 s=[ 0 0 0 1 0 0 1 + - 0 0 1 0 1 ]

d_13_9=3.554015491616 s=[ 0 0 0 1 0 0 1 + - 0 0 0 0 1 ]

d_13_9=3.554015491616 s=[ 0 0 0 1 0 0 1 + - 0 0 1 0 1 ]

d_13_9=3.556035693636 s=[ 0 0 0 1 0 0 1 + - 0 0 0 0 1 ]

d_13_9=3.556035693636 s=[ 0 0 0 1 0 0 1 + - 0 0 1 0 1 ]

d_13_9=3.558055895657 s=[ 0 0 0 1 0 0 1 + - 0 0 0 0 1 ]

d_13_9=3.558055895657 s=[ 0 0 0 1 0 0 1 + - 0 0 1 0 1 ]

d_13_9=3.560076097677 s=[ 0 0 0 1 0 0 1 + - 0 0 0 0 1 ]

d_13_9=3.560076097677 s=[ 0 0 0 1 0 0 1 + - 0 0 1 0 1 ]

d_13_9=3.562096299697 s=[ 0 0 0 1 0 0 1 + - 0 0 0 0 1 ]

d_13_9=3.562096299697 s=[ 0 0 0 1 0 0 1 + - 0 0 1 0 1 ]

d_13_9=3.564116501717 s=[ 0 0 0 1 0 0 1 + - 0 0 0 0 1 ]

d_13_9=3.564116501717 s=[ 0 0 0 1 0 0 1 + - 0 0 1 0 1 ]

d_13_9=3.566136703737 s=[ 0 0 0 1 0 0 1 + - 0 0 0 0 1 ]

d_13_9=3.566136703737 s=[ 0 0 0 1 0 0 1 + - 0 0 1 0 1 ]

d_13_9=3.568156905758 s=[ 0 0 0 1 0 0 1 + - 0 0 1 0 1 ]

d_13_9=3.570177107778 s=[ 0 0 0 1 0 0 1 + - 0 0 1 0 1 ]

