xyz6=( 34.459108 34.152573 20.537263 )
xyz6=( 34.459108 34.152573 20.537263 )
xyz6=( 36.342090 34.484178 20.179104 )
xyz6=( 36.342090 34.484178 20.179104 )
xyz6=( 36.342090 34.484178 20.179104 )
xyz6=( 34.462761 34.157162 20.538362 )
xyz6=( 34.462761 34.157162 20.538362 )
xyz6=( 36.337774 34.487363 20.181718 )
xyz6=( 36.337774 34.487363 20.181718 )
xyz6=( 34.466452 34.161760 20.539455 )
xyz6=( 34.466452 34.161760 20.539455 )
xyz6=( 34.466452 34.161760 20.539455 )
xyz6=( 36.333420 34.490545 20.184342 )
xyz6=( 36.333420 34.490545 20.184342 )
xyz6=( 34.470182 34.166367 20.540541 )
xyz6=( 34.470182 34.166367 20.540541 )
xyz6=( 34.470182 34.166367 20.540541 )
xyz6=( 36.329027 34.493721 20.186973 )
xyz6=( 36.329027 34.493721 20.186973 )
xyz6=( 34.473950 34.170984 20.541622 )
xyz6=( 34.473950 34.170984 20.541622 )
xyz6=( 36.324595 34.496894 20.189614 )
xyz6=( 34.477759 34.175610 20.542696 )
xyz6=( 34.477759 34.175610 20.542696 )
xyz6=( 34.481607 34.180245 20.543763 )
xyz6=( 34.485496 34.184890 20.544824 )
xyz6=( 34.485496 34.184890 20.544824 )
xyz6=( 34.485496 34.184890 20.544824 )
xyz6=( 34.489426 34.189544 20.545877 )
xyz6=( 34.489426 34.189544 20.545877 )
xyz6=( 34.489426 34.189544 20.545877 )
xyz6=( 34.493398 34.194208 20.546924 )
xyz6=( 34.493398 34.194208 20.546924 )
xyz6=( 34.493398 34.194208 20.546924 )
xyz6=( 34.497413 34.198882 20.547964 )
xyz6=( 34.497413 34.198882 20.547964 )
xyz6=( 34.497413 34.198882 20.547964 )
xyz6=( 34.497413 34.198882 20.547964 )
xyz6=( 34.501472 34.203566 20.548997 )
xyz6=( 34.501472 34.203566 20.548997 )
xyz6=( 34.501472 34.203566 20.548997 )
xyz6=( 34.505574 34.208260 20.550022 )
xyz6=( 34.505574 34.208260 20.550022 )
xyz6=( 34.505574 34.208260 20.550022 )
xyz6=( 34.509721 34.212964 20.551040 )
xyz6=( 34.509721 34.212964 20.551040 )
xyz6=( 34.509721 34.212964 20.551040 )
xyz6=( 34.513913 34.217679 20.552051 )
xyz6=( 34.513913 34.217679 20.552051 )
xyz6=( 34.513913 34.217679 20.552051 )
xyz6=( 34.518151 34.222404 20.553054 )
xyz6=( 34.518151 34.222404 20.553054 )
xyz6=( 34.518151 34.222404 20.553054 )
xyz6=( 34.522436 34.227139 20.554048 )
xyz6=( 34.522436 34.227139 20.554048 )
xyz6=( 34.522436 34.227139 20.554048 )
xyz6=( 34.526769 34.231886 20.555035 )
xyz6=( 34.526769 34.231886 20.555035 )
xyz6=( 34.526769 34.231886 20.555035 )
xyz6=( 34.531150 34.236643 20.556014 )
xyz6=( 34.531150 34.236643 20.556014 )
xyz6=( 34.531150 34.236643 20.556014 )
xyz6=( 34.535581 34.241411 20.556985 )
xyz6=( 34.535581 34.241411 20.556985 )
xyz6=( 34.535581 34.241411 20.556985 )
xyz6=( 34.540062 34.246191 20.557946 )
xyz6=( 34.540062 34.246191 20.557946 )
xyz6=( 34.540062 34.246191 20.557946 )
xyz6=( 34.544593 34.250982 20.558900 )
xyz6=( 34.544593 34.250982 20.558900 )
xyz6=( 34.544593 34.250982 20.558900 )
xyz6=( 34.549177 34.255784 20.559844 )
xyz6=( 34.549177 34.255784 20.559844 )
xyz6=( 34.549177 34.255784 20.559844 )
xyz6=( 34.553814 34.260598 20.560780 )
xyz6=( 34.553814 34.260598 20.560780 )
xyz6=( 34.558505 34.265424 20.561706 )
xyz6=( 34.558505 34.265424 20.561706 )
xyz6=( 34.563250 34.270262 20.562623 )
xyz6=( 34.563250 34.270262 20.562623 )
xyz6=( 34.568052 34.275112 20.563530 )
xyz6=( 34.568052 34.275112 20.563530 )
xyz6=( 34.572911 34.279974 20.564428 )
xyz6=( 34.572911 34.279974 20.564428 )
xyz6=( 34.577828 34.284850 20.565315 )
xyz6=( 34.577828 34.284850 20.565315 )
xyz6=( 34.582805 34.289737 20.566193 )
xyz6=( 34.582805 34.289737 20.566193 )
xyz6=( 34.587842 34.294638 20.567059 )
xyz6=( 34.587842 34.294638 20.567059 )
xyz6=( 34.592941 34.299553 20.567915 )
xyz6=( 34.592941 34.299553 20.567915 )
xyz6=( 34.598103 34.304480 20.568761 )
xyz6=( 34.598103 34.304480 20.568761 )
xyz6=( 34.603330 34.309422 20.569594 )
xyz6=( 34.603330 34.309422 20.569594 )
xyz6=( 34.608623 34.314377 20.570417 )
xyz6=( 34.608623 34.314377 20.570417 )
xyz6=( 34.608623 34.314377 20.570417 )
xyz6=( 34.613984 34.319347 20.571227 )
xyz6=( 34.613984 34.319347 20.571227 )
xyz6=( 34.613984 34.319347 20.571227 )
xyz6=( 36.163783 34.592276 20.276443 )
xyz6=( 34.619414 34.324331 20.572026 )
xyz6=( 34.619414 34.324331 20.572026 )
xyz6=( 34.619414 34.324331 20.572026 )
xyz6=( 36.157677 34.595229 20.279435 )
xyz6=( 34.624914 34.329330 20.572812 )
xyz6=( 34.624914 34.329330 20.572812 )
xyz6=( 34.624914 34.329330 20.572812 )
xyz6=( 36.151500 34.598171 20.282443 )
xyz6=( 34.630487 34.334344 20.573586 )
xyz6=( 34.630487 34.334344 20.573586 )
xyz6=( 34.630487 34.334344 20.573586 )
xyz6=( 34.630487 34.334344 20.573586 )
xyz6=( 36.145249 34.601103 20.285465 )
xyz6=( 34.636134 34.339374 20.574346 )
xyz6=( 34.636134 34.339374 20.574346 )
xyz6=( 34.636134 34.339374 20.574346 )
xyz6=( 34.636134 34.339374 20.574346 )
xyz6=( 36.138925 34.604024 20.288503 )
xyz6=( 34.641856 34.344419 20.575093 )
xyz6=( 34.641856 34.344419 20.575093 )
xyz6=( 34.641856 34.344419 20.575093 )
xyz6=( 34.641856 34.344419 20.575093 )
xyz6=( 36.132524 34.606935 20.291556 )
xyz6=( 34.647657 34.349480 20.575827 )
xyz6=( 34.647657 34.349480 20.575827 )
xyz6=( 34.647657 34.349480 20.575827 )
xyz6=( 34.647657 34.349480 20.575827 )
xyz6=( 36.126045 34.609833 20.294625 )
xyz6=( 34.653538 34.354558 20.576546 )
xyz6=( 34.653538 34.354558 20.576546 )
xyz6=( 34.653538 34.354558 20.576546 )
xyz6=( 34.653538 34.354558 20.576546 )
xyz6=( 36.119485 34.612720 20.297710 )
xyz6=( 36.119485 34.612720 20.297710 )
xyz6=( 34.659500 34.359652 20.577250 )
xyz6=( 34.659500 34.359652 20.577250 )
xyz6=( 34.659500 34.359652 20.577250 )
xyz6=( 34.659500 34.359652 20.577250 )
xyz6=( 36.112843 34.615595 20.300812 )
xyz6=( 36.112843 34.615595 20.300812 )
xyz6=( 34.665547 34.364764 20.577940 )
xyz6=( 34.665547 34.364764 20.577940 )
xyz6=( 36.106117 34.618457 20.303932 )
xyz6=( 36.106117 34.618457 20.303932 )
xyz6=( 34.671680 34.369893 20.578614 )
xyz6=( 34.671680 34.369893 20.578614 )
xyz6=( 36.099303 34.621306 20.307068 )
xyz6=( 36.099303 34.621306 20.307068 )
xyz6=( 34.677902 34.375040 20.579273 )
xyz6=( 34.677902 34.375040 20.579273 )
xyz6=( 36.092401 34.624142 20.310223 )
xyz6=( 36.092401 34.624142 20.310223 )
xyz6=( 34.684216 34.380206 20.579915 )
xyz6=( 36.085406 34.626964 20.313397 )
xyz6=( 36.085406 34.626964 20.313397 )
xyz6=( 34.690624 34.385391 20.580540 )
xyz6=( 36.078317 34.629772 20.316589 )
xyz6=( 36.078317 34.629772 20.316589 )
xyz6=( 34.697129 34.390595 20.581148 )
xyz6=( 36.071130 34.632565 20.319802 )
xyz6=( 36.071130 34.632565 20.319802 )
xyz6=( 34.703734 34.395819 20.581738 )
xyz6=( 36.063843 34.635342 20.323034 )
xyz6=( 36.063843 34.635342 20.323034 )
xyz6=( 34.710441 34.401063 20.582310 )
xyz6=( 36.056453 34.638104 20.326287 )
xyz6=( 36.056453 34.638104 20.326287 )
xyz6=( 34.717256 34.406329 20.582862 )
xyz6=( 36.048956 34.640849 20.329561 )
xyz6=( 36.048956 34.640849 20.329561 )
xyz6=( 34.724180 34.411616 20.583394 )
xyz6=( 36.041348 34.643578 20.332858 )
xyz6=( 36.041348 34.643578 20.332858 )
xyz6=( 34.731218 34.416926 20.583906 )
xyz6=( 36.033626 34.646288 20.336177 )
xyz6=( 36.033626 34.646288 20.336177 )
xyz6=( 36.025787 34.648980 20.339520 )
xyz6=( 36.025787 34.648980 20.339520 )
xyz6=( 36.017825 34.651653 20.342887 )
xyz6=( 36.017825 34.651653 20.342887 )
xyz6=( 36.009736 34.654306 20.346279 )
xyz6=( 36.009736 34.654306 20.346279 )
xyz6=( 36.001515 34.656938 20.349698 )
xyz6=( 36.001515 34.656938 20.349698 )
xyz6=( 35.993158 34.659548 20.353143 )
xyz6=( 35.984659 34.662135 20.356617 )
xyz6=( 35.976011 34.664699 20.360120 )
xyz6=( 35.967210 34.667238 20.363653 )
xyz6=( 35.958247 34.669751 20.367218 )
xyz6=( 34.883601 34.517428 20.588414 )
xyz6=( 34.894021 34.523378 20.588303 )
xyz6=( 34.904734 34.529382 20.588137 )
xyz6=( 34.915760 34.535443 20.587913 )
xyz6=( 34.927125 34.541566 20.587625 )
xyz6=( 34.938855 34.547756 20.587269 )
xyz6=( 34.938855 34.547756 20.587269 )
xyz6=( 34.950981 34.554019 20.586839 )
xyz6=( 34.950981 34.554019 20.586839 )
xyz6=( 34.963540 34.560359 20.586327 )
xyz6=( 34.963540 34.560359 20.586327 )
xyz6=( 34.976575 34.566786 20.585726 )
xyz6=( 34.976575 34.566786 20.585726 )
xyz6=( 34.990135 34.573308 20.585027 )
xyz6=( 34.990135 34.573308 20.585027 )
xyz6=( 35.004279 34.579935 20.584217 )
xyz6=( 35.004279 34.579935 20.584217 )
xyz6=( 35.019080 34.586680 20.583283 )
xyz6=( 35.019080 34.586680 20.583283 )
xyz6=( 35.034626 34.593558 20.582208 )
xyz6=( 35.034626 34.593558 20.582208 )
xyz6=( 35.051029 34.600590 20.580972 )
xyz6=( 35.051029 34.600590 20.580972 )
xyz6=( 35.068430 34.607800 20.579547 )
xyz6=( 35.068430 34.607800 20.579547 )
xyz6=( 35.087017 34.615221 20.577898 )
xyz6=( 35.107044 34.622898 20.575975 )
xyz6=( 34.787925 34.457439 20.586999 )
xyz6=( 34.787925 34.457439 20.586999 )
xyz6=( 34.787925 34.457439 20.586999 )
xyz6=( 36.613751 34.189642 19.971770 )
xyz6=( 36.613751 34.189642 19.971770 )
xyz6=( 34.792864 34.460784 20.587185 )
xyz6=( 34.792864 34.460784 20.587185 )
xyz6=( 36.610962 34.194121 19.974560 )
xyz6=( 36.610962 34.194121 19.974560 )
xyz6=( 34.797840 34.464126 20.587360 )
xyz6=( 34.797840 34.464126 20.587360 )
xyz6=( 36.608137 34.198607 19.977363 )
xyz6=( 36.608137 34.198607 19.977363 )
xyz6=( 36.608137 34.198607 19.977363 )
xyz6=( 34.802854 34.467465 20.587522 )
xyz6=( 34.802854 34.467465 20.587522 )
xyz6=( 36.605276 34.203100 19.980179 )
xyz6=( 36.605276 34.203100 19.980179 )
xyz6=( 36.605276 34.203100 19.980179 )
xyz6=( 34.807907 34.470800 20.587673 )
xyz6=( 36.602377 34.207602 19.983010 )
xyz6=( 36.602377 34.207602 19.983010 )
xyz6=( 36.599440 34.212112 19.985854 )
xyz6=( 36.599440 34.212112 19.985854 )
xyz6=( 36.596464 34.216630 19.988712 )
xyz6=( 36.593450 34.221156 19.991585 )
xyz6=( 36.593450 34.221156 19.991585 )
xyz6=( 36.593450 34.221156 19.991585 )
xyz6=( 36.590396 34.225690 19.994471 )
xyz6=( 36.590396 34.225690 19.994471 )
xyz6=( 36.590396 34.225690 19.994471 )
xyz6=( 36.587301 34.230232 19.997373 )
xyz6=( 36.587301 34.230232 19.997373 )
xyz6=( 36.587301 34.230232 19.997373 )
xyz6=( 36.584166 34.234783 20.000290 )
xyz6=( 36.584166 34.234783 20.000290 )
xyz6=( 36.584166 34.234783 20.000290 )
xyz6=( 36.584166 34.234783 20.000290 )
xyz6=( 36.580989 34.239343 20.003221 )
xyz6=( 36.580989 34.239343 20.003221 )
xyz6=( 36.580989 34.239343 20.003221 )
xyz6=( 36.577770 34.243911 20.006168 )
xyz6=( 36.577770 34.243911 20.006168 )
xyz6=( 36.577770 34.243911 20.006168 )
xyz6=( 36.574508 34.248488 20.009130 )
xyz6=( 36.574508 34.248488 20.009130 )
xyz6=( 36.574508 34.248488 20.009130 )
xyz6=( 36.571203 34.253073 20.012109 )
xyz6=( 36.571203 34.253073 20.012109 )
xyz6=( 36.571203 34.253073 20.012109 )
xyz6=( 36.567853 34.257668 20.015103 )
xyz6=( 36.567853 34.257668 20.015103 )
xyz6=( 36.567853 34.257668 20.015103 )
xyz6=( 36.564459 34.262271 20.018113 )
xyz6=( 36.564459 34.262271 20.018113 )
xyz6=( 36.564459 34.262271 20.018113 )
xyz6=( 36.561018 34.266884 20.021140 )
xyz6=( 36.561018 34.266884 20.021140 )
xyz6=( 36.561018 34.266884 20.021140 )
xyz6=( 36.557532 34.271506 20.024184 )
xyz6=( 36.557532 34.271506 20.024184 )
xyz6=( 36.557532 34.271506 20.024184 )
xyz6=( 36.553997 34.276137 20.027245 )
xyz6=( 36.553997 34.276137 20.027245 )
xyz6=( 36.553997 34.276137 20.027245 )
xyz6=( 36.550415 34.280778 20.030323 )
xyz6=( 36.550415 34.280778 20.030323 )
xyz6=( 36.550415 34.280778 20.030323 )
xyz6=( 36.546783 34.285428 20.033419 )
xyz6=( 36.546783 34.285428 20.033419 )
xyz6=( 36.546783 34.285428 20.033419 )
xyz6=( 36.543102 34.290088 20.036533 )
xyz6=( 36.543102 34.290088 20.036533 )
xyz6=( 36.543102 34.290088 20.036533 )
xyz6=( 36.539369 34.294758 20.039665 )
xyz6=( 36.539369 34.294758 20.039665 )
xyz6=( 36.535585 34.299438 20.042815 )
xyz6=( 36.535585 34.299438 20.042815 )
xyz6=( 36.531748 34.304129 20.045985 )
xyz6=( 36.531748 34.304129 20.045985 )
xyz6=( 36.527857 34.308829 20.049173 )
xyz6=( 36.527857 34.308829 20.049173 )
xyz6=( 36.523911 34.313540 20.052382 )
xyz6=( 36.523911 34.313540 20.052382 )
xyz6=( 36.519909 34.318262 20.055610 )
xyz6=( 36.519909 34.318262 20.055610 )
xyz6=( 36.515850 34.322994 20.058859 )
xyz6=( 36.515850 34.322994 20.058859 )
xyz6=( 36.511732 34.327738 20.062128 )
xyz6=( 36.511732 34.327738 20.062128 )
xyz6=( 36.507555 34.332492 20.065419 )
xyz6=( 36.507555 34.332492 20.065419 )
xyz6=( 36.503317 34.337258 20.068731 )
xyz6=( 36.503317 34.337258 20.068731 )
xyz6=( 36.499017 34.342036 20.072066 )
xyz6=( 36.499017 34.342036 20.072066 )
xyz6=( 36.494653 34.346825 20.075422 )
xyz6=( 36.494653 34.346825 20.075422 )
xyz6=( 36.494653 34.346825 20.075422 )
xyz6=( 34.987468 34.572038 20.585170 )
xyz6=( 36.490224 34.351626 20.078802 )
xyz6=( 36.490224 34.351626 20.078802 )
xyz6=( 36.490224 34.351626 20.078802 )
xyz6=( 34.994158 34.575211 20.584804 )
xyz6=( 36.485729 34.356440 20.082206 )
xyz6=( 36.485729 34.356440 20.082206 )
xyz6=( 36.485729 34.356440 20.082206 )
xyz6=( 35.000918 34.578376 20.584416 )
xyz6=( 36.481165 34.361266 20.085633 )
xyz6=( 36.481165 34.361266 20.085633 )
xyz6=( 36.481165 34.361266 20.085633 )
xyz6=( 35.007749 34.581533 20.584006 )
xyz6=( 36.476532 34.366104 20.089085 )
xyz6=( 36.476532 34.366104 20.089085 )
xyz6=( 36.476532 34.366104 20.089085 )
xyz6=( 36.476532 34.366104 20.089085 )
xyz6=( 35.014652 34.584682 20.583571 )
xyz6=( 36.471827 34.370956 20.092563 )
xyz6=( 36.471827 34.370956 20.092563 )
xyz6=( 36.471827 34.370956 20.092563 )
xyz6=( 36.471827 34.370956 20.092563 )
xyz6=( 35.021630 34.587822 20.583113 )
xyz6=( 36.467049 34.375820 20.096066 )
xyz6=( 36.467049 34.375820 20.096066 )
xyz6=( 36.467049 34.375820 20.096066 )
xyz6=( 36.467049 34.375820 20.096066 )
xyz6=( 35.028684 34.590954 20.582630 )
xyz6=( 36.462197 34.380698 20.099595 )
xyz6=( 36.462197 34.380698 20.099595 )
xyz6=( 36.462197 34.380698 20.099595 )
xyz6=( 36.462197 34.380698 20.099595 )
xyz6=( 35.035817 34.594076 20.582122 )
xyz6=( 35.035817 34.594076 20.582122 )
xyz6=( 36.457267 34.385590 20.103151 )
xyz6=( 36.457267 34.385590 20.103151 )
xyz6=( 36.457267 34.385590 20.103151 )
xyz6=( 36.457267 34.385590 20.103151 )
xyz6=( 35.043030 34.597189 20.581588 )
xyz6=( 35.043030 34.597189 20.581588 )
xyz6=( 36.452258 34.390496 20.106736 )
xyz6=( 36.452258 34.390496 20.106736 )
xyz6=( 36.452258 34.390496 20.106736 )
xyz6=( 36.452258 34.390496 20.106736 )
xyz6=( 35.050325 34.600293 20.581027 )
xyz6=( 35.050325 34.600293 20.581027 )
xyz6=( 36.447167 34.395416 20.110348 )
xyz6=( 36.447167 34.395416 20.110348 )
xyz6=( 35.057705 34.603386 20.580439 )
xyz6=( 35.057705 34.603386 20.580439 )
xyz6=( 36.441994 34.400350 20.113990 )
xyz6=( 36.441994 34.400350 20.113990 )
xyz6=( 35.065172 34.606469 20.579823 )
xyz6=( 35.065172 34.606469 20.579823 )
xyz6=( 36.436734 34.405300 20.117662 )
xyz6=( 36.436734 34.405300 20.117662 )
xyz6=( 35.072729 34.609542 20.579177 )
xyz6=( 35.072729 34.609542 20.579177 )
xyz6=( 36.431387 34.410265 20.121365 )
xyz6=( 35.080378 34.612603 20.578502 )
xyz6=( 35.080378 34.612603 20.578502 )
xyz6=( 36.425948 34.415246 20.125099 )
xyz6=( 35.088121 34.615653 20.577795 )
xyz6=( 35.088121 34.615653 20.577795 )
xyz6=( 36.420416 34.420243 20.128866 )
xyz6=( 35.095963 34.618691 20.577057 )
xyz6=( 35.095963 34.618691 20.577057 )
xyz6=( 36.414788 34.425256 20.132667 )
xyz6=( 35.103905 34.621716 20.576286 )
xyz6=( 35.103905 34.621716 20.576286 )
xyz6=( 36.409059 34.430287 20.136502 )
xyz6=( 35.111951 34.624729 20.575481 )
xyz6=( 35.111951 34.624729 20.575481 )
xyz6=( 36.403229 34.435335 20.140373 )
xyz6=( 35.120105 34.627728 20.574641 )
xyz6=( 35.120105 34.627728 20.574641 )
xyz6=( 36.397292 34.440401 20.144281 )
xyz6=( 35.128370 34.630714 20.573765 )
xyz6=( 35.128370 34.630714 20.573765 )
xyz6=( 36.391245 34.445486 20.148227 )
xyz6=( 35.136750 34.633685 20.572851 )
xyz6=( 35.136750 34.633685 20.572851 )
xyz6=( 35.145249 34.636641 20.571897 )
xyz6=( 35.145249 34.636641 20.571897 )
xyz6=( 35.153871 34.639581 20.570904 )
xyz6=( 35.153871 34.639581 20.570904 )
xyz6=( 35.162621 34.642505 20.569868 )
xyz6=( 35.162621 34.642505 20.569868 )
xyz6=( 35.171504 34.645412 20.568789 )
xyz6=( 35.180526 34.648301 20.567664 )
xyz6=( 35.189691 34.651171 20.566492 )
xyz6=( 35.199007 34.654022 20.565270 )
xyz6=( 35.208480 34.656852 20.563997 )
xyz6=( 36.257560 34.541066 20.227814 )
xyz6=( 36.248242 34.546676 20.232884 )
xyz6=( 36.238641 34.552331 20.238049 )
xyz6=( 36.228736 34.558032 20.243318 )
xyz6=( 36.218504 34.563784 20.248699 )
xyz6=( 36.207918 34.569590 20.254200 )
xyz6=( 36.207918 34.569590 20.254200 )
xyz6=( 36.196948 34.575455 20.259831 )
xyz6=( 36.196948 34.575455 20.259831 )
xyz6=( 36.185558 34.581383 20.265605 )
xyz6=( 36.185558 34.581383 20.265605 )
xyz6=( 36.173709 34.587382 20.271535 )
xyz6=( 36.173709 34.587382 20.271535 )
xyz6=( 36.161350 34.593458 20.277637 )
xyz6=( 36.161350 34.593458 20.277637 )
xyz6=( 36.148425 34.599619 20.283932 )
xyz6=( 36.148425 34.599619 20.283932 )
xyz6=( 36.134864 34.605876 20.290442 )
xyz6=( 36.134864 34.605876 20.290442 )
xyz6=( 36.120580 34.612241 20.297196 )
xyz6=( 36.120580 34.612241 20.297196 )
xyz6=( 36.105467 34.618731 20.304232 )
xyz6=( 36.105467 34.618731 20.304232 )
xyz6=( 36.089386 34.625365 20.311594 )
xyz6=( 36.089386 34.625365 20.311594 )
xyz6=( 36.072156 34.632169 20.319345 )
xyz6=( 36.053529 34.639182 20.327567 )
