order:    [ 1 7 8 0 12 11 10 13 9 6 4 5 3 2 ]
atoms:    [ CA CA C N C CA N H HA N CA C N C ]
residues: [ 0 2 2 0 3 3 3 3 2 2 1 1 1 0 ]

We use a different pair of symbles to represent the bits values which are associated with the HA and H of the discretized distance, and another one to represent the bits of other hydrogens.
For the HA and H from the discretized distance:
	"+" means 0
	"-" means 1
For any other hydrogens:
	">" means 0
	"<" means 1

d_13_9=3.392399330000 s=[ 0 0 0 0 1 1 0 + + 1 0 0 0 1 ]

d_13_9=3.392399330000 s=[ 0 0 0 0 1 1 0 + + 1 0 0 1 1 ]

d_13_9=3.392399330000 s=[ 0 0 0 0 1 1 0 + - 1 0 1 1 0 ]

d_13_9=3.392399330000 s=[ 0 0 0 0 1 1 0 + - 1 1 0 0 1 ]

d_13_9=3.392399330000 s=[ 0 0 0 0 1 1 0 + - 1 1 1 0 1 ]

d_13_9=3.414621552222 s=[ 0 0 0 0 1 1 0 + + 1 0 1 1 1 ]

d_13_9=3.414621552222 s=[ 0 0 0 0 1 1 0 + + 1 1 0 0 1 ]

d_13_9=3.414621552222 s=[ 0 0 0 0 1 1 0 + + 1 1 1 0 1 ]

d_13_9=3.436843774444 s=[ 0 0 0 0 1 1 0 + + 1 0 1 1 1 ]

d_13_9=3.436843774444 s=[ 0 0 0 0 1 1 0 + + 1 1 0 0 1 ]

d_13_9=3.436843774444 s=[ 0 0 0 0 1 1 0 + + 1 1 1 0 1 ]

d_13_9=3.459065996667 s=[ 0 0 0 0 1 1 0 + + 1 1 0 0 1 ]

d_13_9=3.459065996667 s=[ 0 0 0 0 1 1 0 + + 1 1 1 0 1 ]

d_13_9=3.481288218889 s=[ 0 0 0 0 1 1 0 + + 1 0 0 1 0 ]

d_13_9=3.481288218889 s=[ 0 0 0 0 1 1 0 + + 1 1 0 0 1 ]

d_13_9=3.481288218889 s=[ 0 0 0 0 1 1 0 + - 1 0 0 0 1 ]

d_13_9=3.481288218889 s=[ 0 0 0 0 1 1 0 + - 1 0 1 0 1 ]

d_13_9=3.503510441111 s=[ 0 0 0 0 1 1 0 + - 1 0 0 0 1 ]

d_13_9=3.503510441111 s=[ 0 0 0 0 1 1 0 + - 1 0 1 0 1 ]

d_13_9=3.547954885556 s=[ 0 0 0 0 1 1 0 + + 1 1 0 1 0 ]

d_13_9=3.547954885556 s=[ 0 0 0 0 1 1 0 + + 1 1 1 1 0 ]

d_13_9=3.570177107778 s=[ 0 0 0 0 1 1 0 + + 1 1 0 1 0 ]

d_13_9=3.392399330000 s=[ 0 0 0 1 0 0 1 + + 0 0 0 1 0 ]

d_13_9=3.392399330000 s=[ 0 0 0 1 0 0 1 + + 0 0 1 1 0 ]

d_13_9=3.392399330000 s=[ 0 0 0 1 0 0 1 + + 0 1 0 0 1 ]

d_13_9=3.392399330000 s=[ 0 0 0 1 0 0 1 + - 0 1 1 0 0 ]

d_13_9=3.392399330000 s=[ 0 0 0 1 0 0 1 + - 0 1 1 1 0 ]

d_13_9=3.414621552222 s=[ 0 0 0 1 0 0 1 + - 0 0 0 1 0 ]

d_13_9=3.414621552222 s=[ 0 0 0 1 0 0 1 + - 0 0 1 1 0 ]

d_13_9=3.414621552222 s=[ 0 0 0 1 0 0 1 + - 0 1 0 0 0 ]

d_13_9=3.436843774444 s=[ 0 0 0 1 0 0 1 + - 0 0 0 1 0 ]

d_13_9=3.436843774444 s=[ 0 0 0 1 0 0 1 + - 0 0 1 1 0 ]

d_13_9=3.436843774444 s=[ 0 0 0 1 0 0 1 + - 0 1 0 0 0 ]

d_13_9=3.459065996667 s=[ 0 0 0 1 0 0 1 + - 0 0 0 1 0 ]

d_13_9=3.459065996667 s=[ 0 0 0 1 0 0 1 + - 0 0 1 1 0 ]

d_13_9=3.481288218889 s=[ 0 0 0 1 0 0 1 + + 0 1 0 1 0 ]

d_13_9=3.481288218889 s=[ 0 0 0 1 0 0 1 + + 0 1 1 1 0 ]

d_13_9=3.481288218889 s=[ 0 0 0 1 0 0 1 + - 0 0 1 1 0 ]

d_13_9=3.481288218889 s=[ 0 0 0 1 0 0 1 + - 0 1 1 0 1 ]

d_13_9=3.503510441111 s=[ 0 0 0 1 0 0 1 + + 0 1 0 1 0 ]

d_13_9=3.503510441111 s=[ 0 0 0 1 0 0 1 + + 0 1 1 1 0 ]

d_13_9=3.547954885556 s=[ 0 0 0 1 0 0 1 + - 0 0 0 0 1 ]

d_13_9=3.547954885556 s=[ 0 0 0 1 0 0 1 + - 0 0 1 0 1 ]

d_13_9=3.570177107778 s=[ 0 0 0 1 0 0 1 + - 0 0 1 0 1 ]

