order:    [ 1 7 8 0 12 11 10 13 9 6 4 5 3 2 ]
atoms:    [ CA CA C N C CA N H HA N CA C N C ]
residues: [ 0 2 2 0 3 3 3 3 2 2 1 1 1 0 ]

We use a different pair of symbles to represent the bits values which are associated with the HA and H of the discretized distance, and another one to represent the bits of other hydrogens.
For the HA and H from the discretized distance:
	"+" means 0
	"-" means 1
For any other hydrogens:
	">" means 0
	"<" means 1

d_13_9=2.230964554444 s=[ 0 0 0 0 1 1 0 + - 1 0 0 0 0 ] xyz6=( -29.676454, 18.048081, -1.018947 )

d_13_9=2.253186776667 s=[ 0 0 0 0 1 1 0 + - 1 0 0 0 0 ] xyz6=( -29.695491, 18.109498, -1.117720 )

d_13_9=2.253186776667 s=[ 0 0 0 0 1 1 0 + - 1 0 1 0 0 ] xyz6=( -29.695491, 18.109498, -1.117720 )

d_13_9=2.275408998889 s=[ 0 0 0 0 1 1 0 + - 1 0 0 0 0 ] xyz6=( -29.703752, 18.160707, -1.196124 )

d_13_9=2.275408998889 s=[ 0 0 0 0 1 1 0 + - 1 0 1 0 0 ] xyz6=( -29.703752, 18.160707, -1.196124 )

d_13_9=2.230964554444 s=[ 0 0 0 1 0 0 1 + + 0 1 1 1 1 ] xyz6=( -28.839444, 19.146487, -2.174115 )

d_13_9=2.253186776667 s=[ 0 0 0 1 0 0 1 + + 0 1 0 1 1 ] xyz6=( -28.944016, 19.095656, -2.154840 )

d_13_9=2.253186776667 s=[ 0 0 0 1 0 0 1 + + 0 1 1 1 1 ] xyz6=( -28.944016, 19.095656, -2.154840 )

d_13_9=2.275408998889 s=[ 0 0 0 1 0 0 1 + + 0 1 0 1 1 ] xyz6=( -29.024528, 19.052050, -2.133529 )

d_13_9=2.275408998889 s=[ 0 0 0 1 0 0 1 + + 0 1 1 1 1 ] xyz6=( -29.024528, 19.052050, -2.133529 )

