xyz6=( -29.660611 18.013210 -0.960252 )
xyz6=( -29.664386 18.020775 -0.973162 )
xyz6=( -29.667813 18.028001 -0.985399 )
xyz6=( -29.670942 18.034936 -0.997060 )
xyz6=( -29.673812 18.041619 -1.008223 )
xyz6=( -29.676454 18.048081 -1.018947 )
xyz6=( -29.678894 18.054346 -1.029282 )
xyz6=( -29.681152 18.060436 -1.039268 )
xyz6=( -29.683246 18.066367 -1.048939 )
xyz6=( -29.683246 18.066367 -1.048939 )
xyz6=( -29.685190 18.072154 -1.058324 )
xyz6=( -29.685190 18.072154 -1.058324 )
xyz6=( -29.686997 18.077810 -1.067448 )
xyz6=( -29.686997 18.077810 -1.067448 )
xyz6=( -29.688679 18.083345 -1.076332 )
xyz6=( -29.688679 18.083345 -1.076332 )
xyz6=( -29.690244 18.088768 -1.084994 )
xyz6=( -29.690244 18.088768 -1.084994 )
xyz6=( -29.691700 18.094089 -1.093450 )
xyz6=( -29.691700 18.094089 -1.093450 )
xyz6=( -29.693056 18.099313 -1.101715 )
xyz6=( -29.693056 18.099313 -1.101715 )
xyz6=( -29.694318 18.104448 -1.109801 )
xyz6=( -29.694318 18.104448 -1.109801 )
xyz6=( -29.695491 18.109498 -1.117720 )
xyz6=( -29.695491 18.109498 -1.117720 )
xyz6=( -29.696581 18.114471 -1.125483 )
xyz6=( -29.696581 18.114471 -1.125483 )
xyz6=( -29.697592 18.119369 -1.133097 )
xyz6=( -29.697592 18.119369 -1.133097 )
xyz6=( -29.698529 18.124197 -1.140571 )
xyz6=( -29.698529 18.124197 -1.140571 )
xyz6=( -29.699396 18.128960 -1.147914 )
xyz6=( -29.699396 18.128960 -1.147914 )
xyz6=( -29.700195 18.133659 -1.155131 )
xyz6=( -29.700195 18.133659 -1.155131 )
xyz6=( -29.700931 18.138300 -1.162230 )
xyz6=( -29.700931 18.138300 -1.162230 )
xyz6=( -29.701606 18.142884 -1.169215 )
xyz6=( -29.701606 18.142884 -1.169215 )
xyz6=( -29.702224 18.147415 -1.176092 )
xyz6=( -29.702224 18.147415 -1.176092 )
xyz6=( -29.702785 18.151894 -1.182867 )
xyz6=( -29.702785 18.151894 -1.182867 )
xyz6=( -29.703294 18.156324 -1.189542 )
xyz6=( -29.703294 18.156324 -1.189542 )
xyz6=( -29.703752 18.160707 -1.196124 )
xyz6=( -29.703752 18.160707 -1.196124 )
xyz6=( -29.704160 18.165046 -1.202615 )
xyz6=( -29.704160 18.165046 -1.202615 )
xyz6=( -29.704522 18.169341 -1.209020 )
xyz6=( -29.704522 18.169341 -1.209020 )
xyz6=( -29.704838 18.173596 -1.215341 )
xyz6=( -28.775652 19.174538 -2.181594 )
xyz6=( -28.789789 19.168506 -2.180204 )
xyz6=( -28.803134 19.162717 -2.178754 )
xyz6=( -28.815801 19.157135 -2.177251 )
xyz6=( -28.827881 19.151732 -2.175703 )
xyz6=( -28.839444 19.146487 -2.174115 )
xyz6=( -28.850549 19.141381 -2.172492 )
xyz6=( -28.861242 19.136401 -2.170835 )
xyz6=( -28.871565 19.131533 -2.169150 )
xyz6=( -28.871565 19.131533 -2.169150 )
xyz6=( -28.881551 19.126768 -2.167437 )
xyz6=( -28.881551 19.126768 -2.167437 )
xyz6=( -28.891228 19.122096 -2.165699 )
xyz6=( -28.891228 19.122096 -2.165699 )
xyz6=( -28.900622 19.117509 -2.163939 )
xyz6=( -28.900622 19.117509 -2.163939 )
xyz6=( -28.909754 19.113002 -2.162157 )
xyz6=( -28.909754 19.113002 -2.162157 )
xyz6=( -28.918644 19.108568 -2.160355 )
xyz6=( -28.918644 19.108568 -2.160355 )
xyz6=( -28.927308 19.104202 -2.158534 )
xyz6=( -28.927308 19.104202 -2.158534 )
xyz6=( -28.935761 19.099899 -2.156695 )
xyz6=( -28.935761 19.099899 -2.156695 )
xyz6=( -28.944016 19.095656 -2.154840 )
xyz6=( -28.944016 19.095656 -2.154840 )
xyz6=( -28.952086 19.091468 -2.152969 )
xyz6=( -28.952086 19.091468 -2.152969 )
xyz6=( -28.959981 19.087333 -2.151083 )
xyz6=( -28.959981 19.087333 -2.151083 )
xyz6=( -28.967711 19.083247 -2.149182 )
xyz6=( -28.967711 19.083247 -2.149182 )
xyz6=( -28.975285 19.079207 -2.147268 )
xyz6=( -28.975285 19.079207 -2.147268 )
xyz6=( -28.982711 19.075212 -2.145341 )
xyz6=( -28.982711 19.075212 -2.145341 )
xyz6=( -28.989996 19.071258 -2.143401 )
xyz6=( -28.989996 19.071258 -2.143401 )
xyz6=( -28.997147 19.067345 -2.141449 )
xyz6=( -28.997147 19.067345 -2.141449 )
xyz6=( -29.004170 19.063469 -2.139485 )
xyz6=( -29.004170 19.063469 -2.139485 )
xyz6=( -29.011071 19.059629 -2.137511 )
xyz6=( -29.011071 19.059629 -2.137511 )
xyz6=( -29.017855 19.055823 -2.135525 )
xyz6=( -29.017855 19.055823 -2.135525 )
xyz6=( -29.024528 19.052050 -2.133529 )
xyz6=( -29.024528 19.052050 -2.133529 )
xyz6=( -29.031093 19.048309 -2.131523 )
xyz6=( -29.031093 19.048309 -2.131523 )
xyz6=( -29.037556 19.044598 -2.129508 )
xyz6=( -29.037556 19.044598 -2.129508 )
xyz6=( -29.043920 19.040916 -2.127482 )
