xyz6=( -29.658779 18.009674 -0.954184 )
xyz6=( -29.659190 18.010459 -0.955533 )
xyz6=( -29.659596 18.011240 -0.956875 )
xyz6=( -29.659998 18.012017 -0.958208 )
xyz6=( -29.660396 18.012790 -0.959533 )
xyz6=( -29.660789 18.013559 -0.960850 )
xyz6=( -29.661179 18.014323 -0.962159 )
xyz6=( -29.661564 18.015084 -0.963460 )
xyz6=( -29.661946 18.015842 -0.964755 )
xyz6=( -29.662324 18.016595 -0.966041 )
xyz6=( -29.662698 18.017345 -0.967321 )
xyz6=( -29.663069 18.018091 -0.968593 )
xyz6=( -29.663436 18.018834 -0.969859 )
xyz6=( -29.663799 18.019573 -0.971117 )
xyz6=( -29.664159 18.020309 -0.972369 )
xyz6=( -29.664515 18.021041 -0.973614 )
xyz6=( -29.664868 18.021770 -0.974852 )
xyz6=( -29.665218 18.022496 -0.976085 )
xyz6=( -29.665564 18.023219 -0.977310 )
xyz6=( -29.665908 18.023938 -0.978530 )
xyz6=( -29.666248 18.024655 -0.979743 )
xyz6=( -29.666584 18.025368 -0.980951 )
xyz6=( -29.666918 18.026079 -0.982152 )
xyz6=( -29.667249 18.026786 -0.983347 )
xyz6=( -29.667577 18.027490 -0.984537 )
xyz6=( -29.667901 18.028192 -0.985721 )
xyz6=( -29.668223 18.028891 -0.986900 )
xyz6=( -29.668542 18.029587 -0.988073 )
xyz6=( -29.668858 18.030280 -0.989240 )
xyz6=( -29.669172 18.030970 -0.990402 )
xyz6=( -29.669483 18.031658 -0.991559 )
xyz6=( -29.669790 18.032343 -0.992710 )
xyz6=( -29.670096 18.033026 -0.993857 )
xyz6=( -29.670398 18.033706 -0.994998 )
xyz6=( -29.670698 18.034384 -0.996134 )
xyz6=( -29.670996 18.035059 -0.997266 )
xyz6=( -29.671291 18.035731 -0.998392 )
xyz6=( -29.671583 18.036401 -0.999514 )
xyz6=( -29.671873 18.037069 -1.000631 )
xyz6=( -29.672161 18.037734 -1.001743 )
xyz6=( -29.672446 18.038397 -1.002851 )
xyz6=( -29.672729 18.039058 -1.003954 )
xyz6=( -29.673009 18.039716 -1.005052 )
xyz6=( -29.673287 18.040372 -1.006146 )
xyz6=( -29.673563 18.041026 -1.007236 )
xyz6=( -29.673837 18.041678 -1.008321 )
xyz6=( -29.674108 18.042328 -1.009403 )
xyz6=( -29.674377 18.042975 -1.010479 )
xyz6=( -29.674644 18.043621 -1.011552 )
xyz6=( -29.674909 18.044264 -1.012620 )
xyz6=( -29.675172 18.044905 -1.013685 )
xyz6=( -29.675432 18.045544 -1.014745 )
xyz6=( -29.675691 18.046181 -1.015801 )
xyz6=( -29.675947 18.046816 -1.016854 )
xyz6=( -29.676202 18.047450 -1.017902 )
xyz6=( -29.676454 18.048081 -1.018947 )
xyz6=( -29.676705 18.048710 -1.019988 )
xyz6=( -29.676953 18.049338 -1.021025 )
xyz6=( -29.677200 18.049963 -1.022058 )
xyz6=( -29.677444 18.050587 -1.023088 )
xyz6=( -29.677687 18.051209 -1.024114 )
xyz6=( -29.677928 18.051829 -1.025136 )
xyz6=( -29.678167 18.052447 -1.026155 )
xyz6=( -29.678404 18.053063 -1.027170 )
xyz6=( -29.678639 18.053678 -1.028182 )
xyz6=( -29.678873 18.054291 -1.029190 )
xyz6=( -29.679105 18.054902 -1.030195 )
xyz6=( -29.679335 18.055511 -1.031197 )
xyz6=( -29.679563 18.056119 -1.032195 )
xyz6=( -29.679789 18.056725 -1.033190 )
xyz6=( -29.680014 18.057330 -1.034181 )
xyz6=( -29.680237 18.057933 -1.035169 )
xyz6=( -29.680459 18.058534 -1.036155 )
xyz6=( -29.680678 18.059133 -1.037136 )
xyz6=( -29.680896 18.059731 -1.038115 )
xyz6=( -29.681113 18.060328 -1.039091 )
xyz6=( -29.681328 18.060923 -1.040063 )
xyz6=( -29.681541 18.061516 -1.041033 )
xyz6=( -29.681753 18.062108 -1.041999 )
xyz6=( -29.681963 18.062698 -1.042963 )
xyz6=( -29.681963 18.062698 -1.042963 )
xyz6=( -29.682171 18.063287 -1.043923 )
xyz6=( -29.682171 18.063287 -1.043923 )
xyz6=( -29.682378 18.063874 -1.044880 )
xyz6=( -29.682378 18.063874 -1.044880 )
xyz6=( -29.682584 18.064460 -1.045835 )
xyz6=( -29.682584 18.064460 -1.045835 )
xyz6=( -29.682788 18.065044 -1.046787 )
xyz6=( -29.682788 18.065044 -1.046787 )
xyz6=( -29.682990 18.065627 -1.047736 )
xyz6=( -29.682990 18.065627 -1.047736 )
xyz6=( -29.683191 18.066209 -1.048682 )
xyz6=( -29.683191 18.066209 -1.048682 )
xyz6=( -29.683391 18.066789 -1.049625 )
xyz6=( -29.683391 18.066789 -1.049625 )
xyz6=( -29.683589 18.067368 -1.050565 )
xyz6=( -29.683589 18.067368 -1.050565 )
xyz6=( -29.683785 18.067945 -1.051503 )
xyz6=( -29.683785 18.067945 -1.051503 )
xyz6=( -29.683981 18.068521 -1.052438 )
xyz6=( -29.683981 18.068521 -1.052438 )
xyz6=( -29.684174 18.069096 -1.053370 )
xyz6=( -29.684174 18.069096 -1.053370 )
xyz6=( -29.684367 18.069669 -1.054299 )
xyz6=( -29.684367 18.069669 -1.054299 )
xyz6=( -29.684558 18.070241 -1.055226 )
xyz6=( -29.684558 18.070241 -1.055226 )
xyz6=( -29.684747 18.070811 -1.056150 )
xyz6=( -29.684747 18.070811 -1.056150 )
xyz6=( -29.684936 18.071380 -1.057072 )
xyz6=( -29.684936 18.071380 -1.057072 )
xyz6=( -29.685122 18.071948 -1.057991 )
xyz6=( -29.685122 18.071948 -1.057991 )
xyz6=( -29.685308 18.072515 -1.058907 )
xyz6=( -29.685308 18.072515 -1.058907 )
xyz6=( -29.685492 18.073080 -1.059821 )
xyz6=( -29.685492 18.073080 -1.059821 )
xyz6=( -29.685675 18.073644 -1.060732 )
xyz6=( -29.685675 18.073644 -1.060732 )
xyz6=( -29.685856 18.074207 -1.061641 )
xyz6=( -29.685856 18.074207 -1.061641 )
xyz6=( -29.686037 18.074769 -1.062547 )
xyz6=( -29.686037 18.074769 -1.062547 )
xyz6=( -29.686216 18.075329 -1.063451 )
xyz6=( -29.686216 18.075329 -1.063451 )
xyz6=( -29.686393 18.075888 -1.064353 )
xyz6=( -29.686393 18.075888 -1.064353 )
xyz6=( -29.686570 18.076446 -1.065252 )
xyz6=( -29.686570 18.076446 -1.065252 )
xyz6=( -29.686745 18.077003 -1.066148 )
xyz6=( -29.686745 18.077003 -1.066148 )
xyz6=( -29.686919 18.077558 -1.067042 )
xyz6=( -29.686919 18.077558 -1.067042 )
xyz6=( -29.687091 18.078112 -1.067934 )
xyz6=( -29.687091 18.078112 -1.067934 )
xyz6=( -29.687263 18.078665 -1.068824 )
xyz6=( -29.687263 18.078665 -1.068824 )
xyz6=( -29.687433 18.079217 -1.069711 )
xyz6=( -29.687433 18.079217 -1.069711 )
xyz6=( -29.687602 18.079768 -1.070596 )
xyz6=( -29.687602 18.079768 -1.070596 )
xyz6=( -29.687770 18.080318 -1.071478 )
xyz6=( -29.687770 18.080318 -1.071478 )
xyz6=( -29.687936 18.080866 -1.072359 )
xyz6=( -29.687936 18.080866 -1.072359 )
xyz6=( -29.688102 18.081413 -1.073237 )
xyz6=( -29.688102 18.081413 -1.073237 )
xyz6=( -29.688266 18.081960 -1.074112 )
xyz6=( -29.688266 18.081960 -1.074112 )
xyz6=( -29.688429 18.082505 -1.074986 )
xyz6=( -29.688429 18.082505 -1.074986 )
xyz6=( -29.688591 18.083049 -1.075857 )
xyz6=( -29.688591 18.083049 -1.075857 )
xyz6=( -29.688752 18.083592 -1.076727 )
xyz6=( -29.688752 18.083592 -1.076727 )
xyz6=( -29.688911 18.084133 -1.077594 )
xyz6=( -29.688911 18.084133 -1.077594 )
xyz6=( -29.689070 18.084674 -1.078458 )
xyz6=( -29.689070 18.084674 -1.078458 )
xyz6=( -29.689227 18.085214 -1.079321 )
xyz6=( -29.689227 18.085214 -1.079321 )
xyz6=( -29.689383 18.085752 -1.080182 )
xyz6=( -29.689383 18.085752 -1.080182 )
xyz6=( -29.689539 18.086290 -1.081040 )
xyz6=( -29.689539 18.086290 -1.081040 )
xyz6=( -29.689693 18.086826 -1.081897 )
xyz6=( -29.689693 18.086826 -1.081897 )
xyz6=( -29.689846 18.087362 -1.082751 )
xyz6=( -29.689846 18.087362 -1.082751 )
xyz6=( -29.689997 18.087896 -1.083603 )
xyz6=( -29.689997 18.087896 -1.083603 )
xyz6=( -29.690148 18.088430 -1.084454 )
xyz6=( -29.690148 18.088430 -1.084454 )
xyz6=( -29.690298 18.088962 -1.085302 )
xyz6=( -29.690298 18.088962 -1.085302 )
xyz6=( -29.690447 18.089493 -1.086148 )
xyz6=( -29.690447 18.089493 -1.086148 )
xyz6=( -29.690594 18.090024 -1.086992 )
xyz6=( -29.690594 18.090024 -1.086992 )
xyz6=( -29.690741 18.090553 -1.087834 )
xyz6=( -29.690741 18.090553 -1.087834 )
xyz6=( -29.690886 18.091081 -1.088675 )
xyz6=( -29.690886 18.091081 -1.088675 )
xyz6=( -29.691031 18.091609 -1.089513 )
xyz6=( -29.691031 18.091609 -1.089513 )
xyz6=( -29.691174 18.092135 -1.090349 )
xyz6=( -29.691174 18.092135 -1.090349 )
xyz6=( -29.691317 18.092660 -1.091184 )
xyz6=( -29.691317 18.092660 -1.091184 )
xyz6=( -29.691458 18.093185 -1.092016 )
xyz6=( -29.691458 18.093185 -1.092016 )
xyz6=( -29.691599 18.093708 -1.092847 )
xyz6=( -29.691599 18.093708 -1.092847 )
xyz6=( -29.691738 18.094231 -1.093676 )
xyz6=( -29.691738 18.094231 -1.093676 )
xyz6=( -29.691877 18.094753 -1.094503 )
xyz6=( -29.691877 18.094753 -1.094503 )
xyz6=( -29.692014 18.095273 -1.095328 )
xyz6=( -29.692014 18.095273 -1.095328 )
xyz6=( -29.692151 18.095793 -1.096151 )
xyz6=( -29.692151 18.095793 -1.096151 )
xyz6=( -29.692286 18.096312 -1.096972 )
xyz6=( -29.692286 18.096312 -1.096972 )
xyz6=( -29.692421 18.096830 -1.097791 )
xyz6=( -29.692421 18.096830 -1.097791 )
xyz6=( -29.692555 18.097347 -1.098609 )
xyz6=( -29.692555 18.097347 -1.098609 )
xyz6=( -29.692687 18.097863 -1.099425 )
xyz6=( -29.692687 18.097863 -1.099425 )
xyz6=( -29.692819 18.098378 -1.100239 )
xyz6=( -29.692819 18.098378 -1.100239 )
xyz6=( -29.692950 18.098893 -1.101051 )
xyz6=( -29.692950 18.098893 -1.101051 )
xyz6=( -29.693080 18.099406 -1.101862 )
xyz6=( -29.693080 18.099406 -1.101862 )
xyz6=( -29.693209 18.099919 -1.102671 )
xyz6=( -29.693209 18.099919 -1.102671 )
xyz6=( -29.693337 18.100430 -1.103478 )
xyz6=( -29.693337 18.100430 -1.103478 )
xyz6=( -29.693464 18.100941 -1.104283 )
xyz6=( -29.693464 18.100941 -1.104283 )
xyz6=( -29.693590 18.101451 -1.105087 )
xyz6=( -29.693590 18.101451 -1.105087 )
xyz6=( -29.693716 18.101960 -1.105889 )
xyz6=( -29.693716 18.101960 -1.105889 )
xyz6=( -29.693840 18.102469 -1.106689 )
xyz6=( -29.693840 18.102469 -1.106689 )
xyz6=( -29.693964 18.102976 -1.107488 )
xyz6=( -29.693964 18.102976 -1.107488 )
xyz6=( -29.694086 18.103483 -1.108285 )
xyz6=( -29.694086 18.103483 -1.108285 )
xyz6=( -29.694208 18.103988 -1.109080 )
xyz6=( -29.694208 18.103988 -1.109080 )
xyz6=( -29.694329 18.104493 -1.109873 )
xyz6=( -29.694329 18.104493 -1.109873 )
xyz6=( -29.694449 18.104998 -1.110665 )
xyz6=( -29.694449 18.104998 -1.110665 )
xyz6=( -29.694568 18.105501 -1.111456 )
xyz6=( -29.694568 18.105501 -1.111456 )
xyz6=( -29.694686 18.106003 -1.112244 )
xyz6=( -29.694686 18.106003 -1.112244 )
xyz6=( -29.694804 18.106505 -1.113031 )
xyz6=( -29.694804 18.106505 -1.113031 )
xyz6=( -29.694920 18.107006 -1.113817 )
xyz6=( -29.694920 18.107006 -1.113817 )
xyz6=( -29.695036 18.107506 -1.114601 )
xyz6=( -29.695036 18.107506 -1.114601 )
xyz6=( -29.695151 18.108005 -1.115383 )
xyz6=( -29.695151 18.108005 -1.115383 )
xyz6=( -29.695265 18.108504 -1.116164 )
xyz6=( -29.695265 18.108504 -1.116164 )
xyz6=( -29.695379 18.109001 -1.116943 )
xyz6=( -29.695379 18.109001 -1.116943 )
xyz6=( -29.695491 18.109498 -1.117720 )
xyz6=( -29.695491 18.109498 -1.117720 )
xyz6=( -29.695603 18.109995 -1.118497 )
xyz6=( -29.695603 18.109995 -1.118497 )
xyz6=( -29.695713 18.110490 -1.119271 )
xyz6=( -29.695713 18.110490 -1.119271 )
xyz6=( -29.695823 18.110985 -1.120044 )
xyz6=( -29.695823 18.110985 -1.120044 )
xyz6=( -29.695933 18.111479 -1.120816 )
xyz6=( -29.695933 18.111479 -1.120816 )
xyz6=( -29.696041 18.111972 -1.121586 )
xyz6=( -29.696041 18.111972 -1.121586 )
xyz6=( -29.696149 18.112464 -1.122354 )
xyz6=( -29.696149 18.112464 -1.122354 )
xyz6=( -29.696256 18.112956 -1.123121 )
xyz6=( -29.696256 18.112956 -1.123121 )
xyz6=( -29.696362 18.113447 -1.123887 )
xyz6=( -29.696362 18.113447 -1.123887 )
xyz6=( -29.696467 18.113937 -1.124651 )
xyz6=( -29.696467 18.113937 -1.124651 )
xyz6=( -29.696571 18.114426 -1.125413 )
xyz6=( -29.696571 18.114426 -1.125413 )
xyz6=( -29.696675 18.114915 -1.126175 )
xyz6=( -29.696675 18.114915 -1.126175 )
xyz6=( -29.696778 18.115403 -1.126934 )
xyz6=( -29.696778 18.115403 -1.126934 )
xyz6=( -29.696880 18.115890 -1.127692 )
xyz6=( -29.696880 18.115890 -1.127692 )
xyz6=( -29.696982 18.116377 -1.128449 )
xyz6=( -29.696982 18.116377 -1.128449 )
xyz6=( -29.697082 18.116862 -1.129205 )
xyz6=( -29.697082 18.116862 -1.129205 )
xyz6=( -29.697182 18.117348 -1.129959 )
xyz6=( -29.697182 18.117348 -1.129959 )
xyz6=( -29.697281 18.117832 -1.130711 )
xyz6=( -29.697281 18.117832 -1.130711 )
xyz6=( -29.697380 18.118316 -1.131463 )
xyz6=( -29.697380 18.118316 -1.131463 )
xyz6=( -29.697478 18.118799 -1.132212 )
xyz6=( -29.697478 18.118799 -1.132212 )
xyz6=( -29.697575 18.119281 -1.132961 )
xyz6=( -29.697575 18.119281 -1.132961 )
xyz6=( -29.697671 18.119763 -1.133708 )
xyz6=( -29.697671 18.119763 -1.133708 )
xyz6=( -29.697766 18.120244 -1.134454 )
xyz6=( -29.697766 18.120244 -1.134454 )
xyz6=( -29.697861 18.120724 -1.135198 )
xyz6=( -29.697861 18.120724 -1.135198 )
xyz6=( -29.697955 18.121204 -1.135941 )
xyz6=( -29.697955 18.121204 -1.135941 )
xyz6=( -29.698049 18.121683 -1.136683 )
xyz6=( -29.698049 18.121683 -1.136683 )
xyz6=( -29.698141 18.122161 -1.137423 )
xyz6=( -29.698141 18.122161 -1.137423 )
xyz6=( -29.698233 18.122639 -1.138162 )
xyz6=( -29.698233 18.122639 -1.138162 )
xyz6=( -29.698324 18.123116 -1.138900 )
xyz6=( -29.698324 18.123116 -1.138900 )
xyz6=( -29.698415 18.123592 -1.139636 )
xyz6=( -29.698415 18.123592 -1.139636 )
xyz6=( -29.698505 18.124068 -1.140371 )
xyz6=( -29.698505 18.124068 -1.140371 )
xyz6=( -29.698594 18.124543 -1.141105 )
xyz6=( -29.698594 18.124543 -1.141105 )
xyz6=( -29.698682 18.125017 -1.141837 )
xyz6=( -29.698682 18.125017 -1.141837 )
xyz6=( -29.698770 18.125491 -1.142569 )
xyz6=( -29.698770 18.125491 -1.142569 )
xyz6=( -29.698857 18.125964 -1.143299 )
xyz6=( -29.698857 18.125964 -1.143299 )
xyz6=( -29.698944 18.126436 -1.144027 )
xyz6=( -29.698944 18.126436 -1.144027 )
xyz6=( -29.699029 18.126908 -1.144755 )
xyz6=( -29.699029 18.126908 -1.144755 )
xyz6=( -29.699114 18.127379 -1.145481 )
xyz6=( -29.699114 18.127379 -1.145481 )
xyz6=( -29.699199 18.127850 -1.146206 )
xyz6=( -29.699199 18.127850 -1.146206 )
xyz6=( -29.699283 18.128320 -1.146929 )
xyz6=( -29.699283 18.128320 -1.146929 )
xyz6=( -29.699366 18.128789 -1.147652 )
xyz6=( -29.699366 18.128789 -1.147652 )
xyz6=( -29.699448 18.129258 -1.148373 )
xyz6=( -29.699448 18.129258 -1.148373 )
xyz6=( -29.699530 18.129726 -1.149093 )
xyz6=( -29.699530 18.129726 -1.149093 )
xyz6=( -29.699611 18.130193 -1.149811 )
xyz6=( -29.699611 18.130193 -1.149811 )
xyz6=( -29.699691 18.130660 -1.150529 )
xyz6=( -29.699691 18.130660 -1.150529 )
xyz6=( -29.699771 18.131127 -1.151245 )
xyz6=( -29.699771 18.131127 -1.151245 )
xyz6=( -29.699850 18.131592 -1.151960 )
xyz6=( -29.699850 18.131592 -1.151960 )
xyz6=( -29.699929 18.132057 -1.152674 )
xyz6=( -29.699929 18.132057 -1.152674 )
xyz6=( -29.700007 18.132522 -1.153387 )
xyz6=( -29.700007 18.132522 -1.153387 )
xyz6=( -29.700084 18.132986 -1.154098 )
xyz6=( -29.700084 18.132986 -1.154098 )
xyz6=( -29.700161 18.133449 -1.154809 )
xyz6=( -29.700161 18.133449 -1.154809 )
xyz6=( -29.700237 18.133912 -1.155518 )
xyz6=( -29.700237 18.133912 -1.155518 )
xyz6=( -29.700312 18.134374 -1.156226 )
xyz6=( -29.700312 18.134374 -1.156226 )
xyz6=( -29.700387 18.134836 -1.156933 )
xyz6=( -29.700387 18.134836 -1.156933 )
xyz6=( -29.700461 18.135297 -1.157639 )
xyz6=( -29.700461 18.135297 -1.157639 )
xyz6=( -29.700534 18.135757 -1.158343 )
xyz6=( -29.700534 18.135757 -1.158343 )
xyz6=( -29.700607 18.136217 -1.159047 )
xyz6=( -29.700607 18.136217 -1.159047 )
xyz6=( -29.700680 18.136676 -1.159749 )
xyz6=( -29.700680 18.136676 -1.159749 )
xyz6=( -29.700751 18.137135 -1.160450 )
xyz6=( -29.700751 18.137135 -1.160450 )
xyz6=( -29.700823 18.137593 -1.161150 )
xyz6=( -29.700823 18.137593 -1.161150 )
xyz6=( -29.700893 18.138051 -1.161849 )
xyz6=( -29.700893 18.138051 -1.161849 )
xyz6=( -29.700963 18.138508 -1.162547 )
xyz6=( -29.700963 18.138508 -1.162547 )
xyz6=( -29.701032 18.138964 -1.163243 )
xyz6=( -29.701032 18.138964 -1.163243 )
xyz6=( -29.701101 18.139420 -1.163939 )
xyz6=( -29.701101 18.139420 -1.163939 )
xyz6=( -29.701169 18.139876 -1.164633 )
xyz6=( -29.701169 18.139876 -1.164633 )
xyz6=( -29.701237 18.140330 -1.165327 )
xyz6=( -29.701237 18.140330 -1.165327 )
xyz6=( -29.701304 18.140785 -1.166019 )
xyz6=( -29.701304 18.140785 -1.166019 )
xyz6=( -29.701370 18.141239 -1.166710 )
xyz6=( -29.701370 18.141239 -1.166710 )
xyz6=( -29.701436 18.141692 -1.167400 )
xyz6=( -29.701436 18.141692 -1.167400 )
xyz6=( -29.701501 18.142144 -1.168090 )
xyz6=( -29.701501 18.142144 -1.168090 )
xyz6=( -29.701566 18.142597 -1.168778 )
xyz6=( -29.701566 18.142597 -1.168778 )
xyz6=( -29.701630 18.143048 -1.169465 )
xyz6=( -29.701630 18.143048 -1.169465 )
xyz6=( -29.701693 18.143499 -1.170150 )
xyz6=( -29.701693 18.143499 -1.170150 )
xyz6=( -29.701756 18.143950 -1.170835 )
xyz6=( -29.701756 18.143950 -1.170835 )
xyz6=( -29.701818 18.144400 -1.171519 )
xyz6=( -29.701818 18.144400 -1.171519 )
xyz6=( -29.701880 18.144850 -1.172202 )
xyz6=( -29.701880 18.144850 -1.172202 )
xyz6=( -29.701942 18.145299 -1.172883 )
xyz6=( -29.701942 18.145299 -1.172883 )
xyz6=( -29.702002 18.145747 -1.173564 )
xyz6=( -29.702002 18.145747 -1.173564 )
xyz6=( -29.702062 18.146195 -1.174244 )
xyz6=( -29.702062 18.146195 -1.174244 )
xyz6=( -29.702122 18.146643 -1.174922 )
xyz6=( -29.702122 18.146643 -1.174922 )
xyz6=( -29.702181 18.147090 -1.175600 )
xyz6=( -29.702181 18.147090 -1.175600 )
xyz6=( -29.702240 18.147536 -1.176277 )
xyz6=( -29.702240 18.147536 -1.176277 )
xyz6=( -29.702298 18.147982 -1.176952 )
xyz6=( -29.702298 18.147982 -1.176952 )
xyz6=( -29.702355 18.148428 -1.177627 )
xyz6=( -29.702355 18.148428 -1.177627 )
xyz6=( -29.702412 18.148873 -1.178300 )
xyz6=( -29.702412 18.148873 -1.178300 )
xyz6=( -29.702468 18.149317 -1.178973 )
xyz6=( -29.702468 18.149317 -1.178973 )
xyz6=( -29.702524 18.149761 -1.179644 )
xyz6=( -29.702524 18.149761 -1.179644 )
xyz6=( -29.702579 18.150205 -1.180315 )
xyz6=( -29.702579 18.150205 -1.180315 )
xyz6=( -29.702634 18.150648 -1.180985 )
xyz6=( -29.702634 18.150648 -1.180985 )
xyz6=( -29.702688 18.151090 -1.181653 )
xyz6=( -29.702688 18.151090 -1.181653 )
xyz6=( -29.702742 18.151532 -1.182321 )
xyz6=( -29.702742 18.151532 -1.182321 )
xyz6=( -29.702795 18.151974 -1.182988 )
xyz6=( -29.702795 18.151974 -1.182988 )
xyz6=( -29.702848 18.152415 -1.183653 )
xyz6=( -29.702848 18.152415 -1.183653 )
xyz6=( -29.702900 18.152856 -1.184318 )
xyz6=( -29.702900 18.152856 -1.184318 )
xyz6=( -29.702951 18.153296 -1.184982 )
xyz6=( -29.702951 18.153296 -1.184982 )
xyz6=( -29.703003 18.153735 -1.185645 )
xyz6=( -29.703003 18.153735 -1.185645 )
xyz6=( -29.703053 18.154175 -1.186307 )
xyz6=( -29.703053 18.154175 -1.186307 )
xyz6=( -29.703103 18.154613 -1.186968 )
xyz6=( -29.703103 18.154613 -1.186968 )
xyz6=( -29.703153 18.155052 -1.187628 )
xyz6=( -29.703153 18.155052 -1.187628 )
xyz6=( -29.703202 18.155489 -1.188287 )
xyz6=( -29.703202 18.155489 -1.188287 )
xyz6=( -29.703250 18.155927 -1.188945 )
xyz6=( -29.703250 18.155927 -1.188945 )
xyz6=( -29.703298 18.156364 -1.189602 )
xyz6=( -29.703298 18.156364 -1.189602 )
xyz6=( -29.703346 18.156800 -1.190258 )
xyz6=( -29.703346 18.156800 -1.190258 )
xyz6=( -29.703393 18.157236 -1.190914 )
xyz6=( -29.703393 18.157236 -1.190914 )
xyz6=( -29.703439 18.157671 -1.191568 )
xyz6=( -29.703439 18.157671 -1.191568 )
xyz6=( -29.703486 18.158106 -1.192222 )
xyz6=( -29.703486 18.158106 -1.192222 )
xyz6=( -29.703531 18.158541 -1.192874 )
xyz6=( -29.703531 18.158541 -1.192874 )
xyz6=( -29.703576 18.158975 -1.193526 )
xyz6=( -29.703576 18.158975 -1.193526 )
xyz6=( -29.703621 18.159409 -1.194177 )
xyz6=( -29.703621 18.159409 -1.194177 )
xyz6=( -29.703665 18.159842 -1.194827 )
xyz6=( -29.703665 18.159842 -1.194827 )
xyz6=( -29.703708 18.160275 -1.195476 )
xyz6=( -29.703708 18.160275 -1.195476 )
xyz6=( -29.703752 18.160707 -1.196124 )
xyz6=( -29.703752 18.160707 -1.196124 )
xyz6=( -29.703794 18.161139 -1.196771 )
xyz6=( -29.703794 18.161139 -1.196771 )
xyz6=( -29.703836 18.161571 -1.197418 )
xyz6=( -29.703836 18.161571 -1.197418 )
xyz6=( -29.703878 18.162002 -1.198063 )
xyz6=( -29.703878 18.162002 -1.198063 )
xyz6=( -29.703919 18.162432 -1.198708 )
xyz6=( -29.703919 18.162432 -1.198708 )
xyz6=( -29.703960 18.162862 -1.199352 )
xyz6=( -29.703960 18.162862 -1.199352 )
xyz6=( -29.704000 18.163292 -1.199994 )
xyz6=( -29.704000 18.163292 -1.199994 )
xyz6=( -29.704040 18.163722 -1.200636 )
xyz6=( -29.704040 18.163722 -1.200636 )
xyz6=( -29.704079 18.164150 -1.201278 )
xyz6=( -29.704079 18.164150 -1.201278 )
xyz6=( -29.704118 18.164579 -1.201918 )
xyz6=( -29.704118 18.164579 -1.201918 )
xyz6=( -29.704157 18.165007 -1.202557 )
xyz6=( -29.704157 18.165007 -1.202557 )
xyz6=( -29.704195 18.165435 -1.203196 )
xyz6=( -29.704195 18.165435 -1.203196 )
xyz6=( -29.704232 18.165862 -1.203834 )
xyz6=( -29.704232 18.165862 -1.203834 )
xyz6=( -29.704269 18.166288 -1.204471 )
xyz6=( -29.704269 18.166288 -1.204471 )
xyz6=( -29.704306 18.166715 -1.205107 )
xyz6=( -29.704306 18.166715 -1.205107 )
xyz6=( -29.704342 18.167141 -1.205742 )
xyz6=( -29.704342 18.167141 -1.205742 )
xyz6=( -29.704377 18.167566 -1.206376 )
xyz6=( -29.704377 18.167566 -1.206376 )
xyz6=( -29.704413 18.167991 -1.207010 )
xyz6=( -29.704413 18.167991 -1.207010 )
xyz6=( -29.704447 18.168416 -1.207642 )
xyz6=( -29.704447 18.168416 -1.207642 )
xyz6=( -29.704482 18.168840 -1.208274 )
xyz6=( -29.704482 18.168840 -1.208274 )
xyz6=( -29.704516 18.169264 -1.208905 )
xyz6=( -29.704516 18.169264 -1.208905 )
xyz6=( -29.704549 18.169688 -1.209536 )
xyz6=( -29.704549 18.169688 -1.209536 )
xyz6=( -29.704582 18.170111 -1.210165 )
xyz6=( -29.704582 18.170111 -1.210165 )
xyz6=( -29.704614 18.170534 -1.210794 )
xyz6=( -29.704614 18.170534 -1.210794 )
xyz6=( -29.704646 18.170956 -1.211421 )
xyz6=( -29.704678 18.171378 -1.212048 )
xyz6=( -29.704709 18.171799 -1.212675 )
xyz6=( -29.704740 18.172220 -1.213300 )
xyz6=( -29.704770 18.172641 -1.213925 )
xyz6=( -29.704800 18.173061 -1.214548 )
xyz6=( -29.704830 18.173481 -1.215172 )
xyz6=( -29.704859 18.173901 -1.215794 )
xyz6=( -29.704887 18.174320 -1.216415 )
xyz6=( -29.704916 18.174738 -1.217036 )
xyz6=( -29.704943 18.175157 -1.217656 )
xyz6=( -29.704971 18.175575 -1.218275 )
xyz6=( -29.704998 18.175992 -1.218893 )
xyz6=( -28.768987 19.177346 -2.182198 )
xyz6=( -28.770470 19.176723 -2.182066 )
xyz6=( -28.771944 19.176103 -2.181934 )
xyz6=( -28.773408 19.175486 -2.181801 )
xyz6=( -28.774863 19.174871 -2.181667 )
xyz6=( -28.776308 19.174260 -2.181533 )
xyz6=( -28.777744 19.173652 -2.181398 )
xyz6=( -28.779171 19.173046 -2.181262 )
xyz6=( -28.780590 19.172443 -2.181126 )
xyz6=( -28.781999 19.171842 -2.180989 )
xyz6=( -28.783400 19.171245 -2.180851 )
xyz6=( -28.784793 19.170649 -2.180712 )
xyz6=( -28.786178 19.170057 -2.180573 )
xyz6=( -28.787554 19.169467 -2.180434 )
xyz6=( -28.788922 19.168879 -2.180294 )
xyz6=( -28.790283 19.168293 -2.180153 )
xyz6=( -28.791636 19.167710 -2.180011 )
xyz6=( -28.792981 19.167130 -2.179869 )
xyz6=( -28.794319 19.166551 -2.179727 )
xyz6=( -28.795650 19.165975 -2.179584 )
xyz6=( -28.796973 19.165401 -2.179440 )
xyz6=( -28.798289 19.164829 -2.179296 )
xyz6=( -28.799598 19.164260 -2.179151 )
xyz6=( -28.800900 19.163692 -2.179006 )
xyz6=( -28.802196 19.163127 -2.178860 )
xyz6=( -28.803485 19.162563 -2.178714 )
xyz6=( -28.804767 19.162002 -2.178567 )
xyz6=( -28.806042 19.161443 -2.178420 )
xyz6=( -28.807312 19.160885 -2.178272 )
xyz6=( -28.808574 19.160330 -2.178123 )
xyz6=( -28.809831 19.159776 -2.177975 )
xyz6=( -28.811082 19.159224 -2.177825 )
xyz6=( -28.812326 19.158675 -2.177676 )
xyz6=( -28.813564 19.158127 -2.177525 )
xyz6=( -28.814797 19.157580 -2.177375 )
xyz6=( -28.816024 19.157036 -2.177224 )
xyz6=( -28.817245 19.156493 -2.177072 )
xyz6=( -28.818460 19.155952 -2.176920 )
xyz6=( -28.819670 19.155413 -2.176768 )
xyz6=( -28.820874 19.154875 -2.176615 )
xyz6=( -28.822073 19.154339 -2.176462 )
xyz6=( -28.823266 19.153805 -2.176308 )
xyz6=( -28.824454 19.153273 -2.176154 )
xyz6=( -28.825637 19.152741 -2.175999 )
xyz6=( -28.826815 19.152212 -2.175845 )
xyz6=( -28.827987 19.151684 -2.175689 )
xyz6=( -28.829155 19.151158 -2.175534 )
xyz6=( -28.830317 19.150633 -2.175378 )
xyz6=( -28.831475 19.150110 -2.175221 )
xyz6=( -28.832627 19.149588 -2.175064 )
xyz6=( -28.833775 19.149067 -2.174907 )
xyz6=( -28.834918 19.148548 -2.174749 )
xyz6=( -28.836057 19.148031 -2.174592 )
xyz6=( -28.837190 19.147515 -2.174433 )
xyz6=( -28.838319 19.147000 -2.174275 )
xyz6=( -28.839444 19.146487 -2.174115 )
xyz6=( -28.840564 19.145975 -2.173956 )
xyz6=( -28.841680 19.145464 -2.173796 )
xyz6=( -28.842791 19.144955 -2.173636 )
xyz6=( -28.843898 19.144447 -2.173476 )
xyz6=( -28.845000 19.143941 -2.173315 )
xyz6=( -28.846099 19.143435 -2.173154 )
xyz6=( -28.847193 19.142931 -2.172993 )
xyz6=( -28.848283 19.142429 -2.172831 )
xyz6=( -28.849369 19.141927 -2.172669 )
xyz6=( -28.850450 19.141427 -2.172506 )
xyz6=( -28.851528 19.140928 -2.172344 )
xyz6=( -28.852602 19.140430 -2.172181 )
xyz6=( -28.853672 19.139933 -2.172017 )
xyz6=( -28.854738 19.139438 -2.171854 )
xyz6=( -28.855800 19.138944 -2.171690 )
xyz6=( -28.856858 19.138451 -2.171525 )
xyz6=( -28.857912 19.137959 -2.171361 )
xyz6=( -28.858963 19.137468 -2.171196 )
xyz6=( -28.860010 19.136978 -2.171031 )
xyz6=( -28.861053 19.136490 -2.170866 )
xyz6=( -28.862093 19.136002 -2.170700 )
xyz6=( -28.863129 19.135516 -2.170534 )
xyz6=( -28.864161 19.135031 -2.170367 )
xyz6=( -28.865190 19.134546 -2.170201 )
xyz6=( -28.865190 19.134546 -2.170201 )
xyz6=( -28.866215 19.134063 -2.170034 )
xyz6=( -28.866215 19.134063 -2.170034 )
xyz6=( -28.867237 19.133581 -2.169867 )
xyz6=( -28.867237 19.133581 -2.169867 )
xyz6=( -28.868256 19.133100 -2.169699 )
xyz6=( -28.868256 19.133100 -2.169699 )
xyz6=( -28.869271 19.132620 -2.169532 )
xyz6=( -28.869271 19.132620 -2.169532 )
xyz6=( -28.870282 19.132141 -2.169364 )
xyz6=( -28.870282 19.132141 -2.169364 )
xyz6=( -28.871291 19.131663 -2.169196 )
xyz6=( -28.871291 19.131663 -2.169196 )
xyz6=( -28.872296 19.131186 -2.169027 )
xyz6=( -28.872296 19.131186 -2.169027 )
xyz6=( -28.873297 19.130711 -2.168858 )
xyz6=( -28.873297 19.130711 -2.168858 )
xyz6=( -28.874296 19.130236 -2.168689 )
xyz6=( -28.874296 19.130236 -2.168689 )
xyz6=( -28.875291 19.129762 -2.168520 )
xyz6=( -28.875291 19.129762 -2.168520 )
xyz6=( -28.876283 19.129289 -2.168351 )
xyz6=( -28.876283 19.129289 -2.168351 )
xyz6=( -28.877272 19.128817 -2.168181 )
xyz6=( -28.877272 19.128817 -2.168181 )
xyz6=( -28.878258 19.128345 -2.168011 )
xyz6=( -28.878258 19.128345 -2.168011 )
xyz6=( -28.879240 19.127875 -2.167840 )
xyz6=( -28.879240 19.127875 -2.167840 )
xyz6=( -28.880220 19.127406 -2.167670 )
xyz6=( -28.880220 19.127406 -2.167670 )
xyz6=( -28.881196 19.126938 -2.167499 )
xyz6=( -28.881196 19.126938 -2.167499 )
xyz6=( -28.882170 19.126470 -2.167328 )
xyz6=( -28.882170 19.126470 -2.167328 )
xyz6=( -28.883140 19.126004 -2.167157 )
xyz6=( -28.883140 19.126004 -2.167157 )
xyz6=( -28.884108 19.125538 -2.166985 )
xyz6=( -28.884108 19.125538 -2.166985 )
xyz6=( -28.885072 19.125074 -2.166814 )
xyz6=( -28.885072 19.125074 -2.166814 )
xyz6=( -28.886034 19.124610 -2.166642 )
xyz6=( -28.886034 19.124610 -2.166642 )
xyz6=( -28.886992 19.124147 -2.166469 )
xyz6=( -28.886992 19.124147 -2.166469 )
xyz6=( -28.887948 19.123685 -2.166297 )
xyz6=( -28.887948 19.123685 -2.166297 )
xyz6=( -28.888901 19.123224 -2.166124 )
xyz6=( -28.888901 19.123224 -2.166124 )
xyz6=( -28.889851 19.122764 -2.165951 )
xyz6=( -28.889851 19.122764 -2.165951 )
xyz6=( -28.890798 19.122304 -2.165778 )
xyz6=( -28.890798 19.122304 -2.165778 )
xyz6=( -28.891743 19.121846 -2.165605 )
xyz6=( -28.891743 19.121846 -2.165605 )
xyz6=( -28.892685 19.121388 -2.165431 )
xyz6=( -28.892685 19.121388 -2.165431 )
xyz6=( -28.893623 19.120931 -2.165257 )
xyz6=( -28.893623 19.120931 -2.165257 )
xyz6=( -28.894560 19.120475 -2.165083 )
xyz6=( -28.894560 19.120475 -2.165083 )
xyz6=( -28.895493 19.120020 -2.164909 )
xyz6=( -28.895493 19.120020 -2.164909 )
xyz6=( -28.896424 19.119565 -2.164735 )
xyz6=( -28.896424 19.119565 -2.164735 )
xyz6=( -28.897352 19.119112 -2.164560 )
xyz6=( -28.897352 19.119112 -2.164560 )
xyz6=( -28.898278 19.118659 -2.164385 )
xyz6=( -28.898278 19.118659 -2.164385 )
xyz6=( -28.899201 19.118207 -2.164210 )
xyz6=( -28.899201 19.118207 -2.164210 )
xyz6=( -28.900121 19.117755 -2.164035 )
xyz6=( -28.900121 19.117755 -2.164035 )
xyz6=( -28.901039 19.117305 -2.163859 )
xyz6=( -28.901039 19.117305 -2.163859 )
xyz6=( -28.901954 19.116855 -2.163683 )
xyz6=( -28.901954 19.116855 -2.163683 )
xyz6=( -28.902867 19.116406 -2.163507 )
xyz6=( -28.902867 19.116406 -2.163507 )
xyz6=( -28.903777 19.115958 -2.163331 )
xyz6=( -28.903777 19.115958 -2.163331 )
xyz6=( -28.904684 19.115510 -2.163155 )
xyz6=( -28.904684 19.115510 -2.163155 )
xyz6=( -28.905590 19.115064 -2.162978 )
xyz6=( -28.905590 19.115064 -2.162978 )
xyz6=( -28.906492 19.114618 -2.162801 )
xyz6=( -28.906492 19.114618 -2.162801 )
xyz6=( -28.907392 19.114172 -2.162624 )
xyz6=( -28.907392 19.114172 -2.162624 )
xyz6=( -28.908290 19.113728 -2.162447 )
xyz6=( -28.908290 19.113728 -2.162447 )
xyz6=( -28.909186 19.113284 -2.162270 )
xyz6=( -28.909186 19.113284 -2.162270 )
xyz6=( -28.910079 19.112841 -2.162092 )
xyz6=( -28.910079 19.112841 -2.162092 )
xyz6=( -28.910969 19.112399 -2.161914 )
xyz6=( -28.910969 19.112399 -2.161914 )
xyz6=( -28.911858 19.111957 -2.161736 )
xyz6=( -28.911858 19.111957 -2.161736 )
xyz6=( -28.912744 19.111516 -2.161558 )
xyz6=( -28.912744 19.111516 -2.161558 )
xyz6=( -28.913627 19.111076 -2.161380 )
xyz6=( -28.913627 19.111076 -2.161380 )
xyz6=( -28.914508 19.110637 -2.161201 )
xyz6=( -28.914508 19.110637 -2.161201 )
xyz6=( -28.915388 19.110198 -2.161023 )
xyz6=( -28.915388 19.110198 -2.161023 )
xyz6=( -28.916264 19.109760 -2.160844 )
xyz6=( -28.916264 19.109760 -2.160844 )
xyz6=( -28.917139 19.109322 -2.160665 )
xyz6=( -28.917139 19.109322 -2.160665 )
xyz6=( -28.918011 19.108885 -2.160485 )
xyz6=( -28.918011 19.108885 -2.160485 )
xyz6=( -28.918881 19.108449 -2.160306 )
xyz6=( -28.918881 19.108449 -2.160306 )
xyz6=( -28.919749 19.108014 -2.160126 )
xyz6=( -28.919749 19.108014 -2.160126 )
xyz6=( -28.920614 19.107579 -2.159946 )
xyz6=( -28.920614 19.107579 -2.159946 )
xyz6=( -28.921478 19.107145 -2.159766 )
xyz6=( -28.921478 19.107145 -2.159766 )
xyz6=( -28.922339 19.106711 -2.159586 )
xyz6=( -28.922339 19.106711 -2.159586 )
xyz6=( -28.923198 19.106279 -2.159406 )
xyz6=( -28.923198 19.106279 -2.159406 )
xyz6=( -28.924055 19.105846 -2.159225 )
xyz6=( -28.924055 19.105846 -2.159225 )
xyz6=( -28.924910 19.105415 -2.159044 )
xyz6=( -28.924910 19.105415 -2.159044 )
xyz6=( -28.925763 19.104984 -2.158863 )
xyz6=( -28.925763 19.104984 -2.158863 )
xyz6=( -28.926613 19.104554 -2.158682 )
xyz6=( -28.926613 19.104554 -2.158682 )
xyz6=( -28.927462 19.104124 -2.158501 )
xyz6=( -28.927462 19.104124 -2.158501 )
xyz6=( -28.928308 19.103695 -2.158319 )
xyz6=( -28.928308 19.103695 -2.158319 )
xyz6=( -28.929153 19.103267 -2.158138 )
xyz6=( -28.929153 19.103267 -2.158138 )
xyz6=( -28.929995 19.102839 -2.157956 )
xyz6=( -28.929995 19.102839 -2.157956 )
xyz6=( -28.930836 19.102412 -2.157774 )
xyz6=( -28.930836 19.102412 -2.157774 )
xyz6=( -28.931674 19.101985 -2.157592 )
xyz6=( -28.931674 19.101985 -2.157592 )
xyz6=( -28.932510 19.101559 -2.157410 )
xyz6=( -28.932510 19.101559 -2.157410 )
xyz6=( -28.933345 19.101134 -2.157227 )
xyz6=( -28.933345 19.101134 -2.157227 )
xyz6=( -28.934177 19.100709 -2.157044 )
xyz6=( -28.934177 19.100709 -2.157044 )
xyz6=( -28.935008 19.100285 -2.156862 )
xyz6=( -28.935008 19.100285 -2.156862 )
xyz6=( -28.935836 19.099861 -2.156679 )
xyz6=( -28.935836 19.099861 -2.156679 )
xyz6=( -28.936663 19.099438 -2.156495 )
xyz6=( -28.936663 19.099438 -2.156495 )
xyz6=( -28.937487 19.099015 -2.156312 )
xyz6=( -28.937487 19.099015 -2.156312 )
xyz6=( -28.938310 19.098594 -2.156129 )
xyz6=( -28.938310 19.098594 -2.156129 )
xyz6=( -28.939131 19.098172 -2.155945 )
xyz6=( -28.939131 19.098172 -2.155945 )
xyz6=( -28.939950 19.097752 -2.155761 )
xyz6=( -28.939950 19.097752 -2.155761 )
xyz6=( -28.940767 19.097331 -2.155577 )
xyz6=( -28.940767 19.097331 -2.155577 )
xyz6=( -28.941582 19.096912 -2.155393 )
xyz6=( -28.941582 19.096912 -2.155393 )
xyz6=( -28.942395 19.096493 -2.155209 )
xyz6=( -28.942395 19.096493 -2.155209 )
xyz6=( -28.943207 19.096074 -2.155025 )
xyz6=( -28.943207 19.096074 -2.155025 )
xyz6=( -28.944016 19.095656 -2.154840 )
xyz6=( -28.944016 19.095656 -2.154840 )
xyz6=( -28.944824 19.095239 -2.154655 )
xyz6=( -28.944824 19.095239 -2.154655 )
xyz6=( -28.945630 19.094822 -2.154470 )
xyz6=( -28.945630 19.094822 -2.154470 )
xyz6=( -28.946434 19.094405 -2.154285 )
xyz6=( -28.946434 19.094405 -2.154285 )
xyz6=( -28.947237 19.093990 -2.154100 )
xyz6=( -28.947237 19.093990 -2.154100 )
xyz6=( -28.948038 19.093574 -2.153915 )
xyz6=( -28.948038 19.093574 -2.153915 )
xyz6=( -28.948836 19.093160 -2.153729 )
xyz6=( -28.948836 19.093160 -2.153729 )
xyz6=( -28.949633 19.092745 -2.153544 )
xyz6=( -28.949633 19.092745 -2.153544 )
xyz6=( -28.950429 19.092332 -2.153358 )
xyz6=( -28.950429 19.092332 -2.153358 )
xyz6=( -28.951222 19.091919 -2.153172 )
xyz6=( -28.951222 19.091919 -2.153172 )
xyz6=( -28.952014 19.091506 -2.152986 )
xyz6=( -28.952014 19.091506 -2.152986 )
xyz6=( -28.952805 19.091094 -2.152800 )
xyz6=( -28.952805 19.091094 -2.152800 )
xyz6=( -28.953593 19.090682 -2.152613 )
xyz6=( -28.953593 19.090682 -2.152613 )
xyz6=( -28.954380 19.090271 -2.152427 )
xyz6=( -28.954380 19.090271 -2.152427 )
xyz6=( -28.955165 19.089860 -2.152240 )
xyz6=( -28.955165 19.089860 -2.152240 )
xyz6=( -28.955948 19.089450 -2.152053 )
xyz6=( -28.955948 19.089450 -2.152053 )
xyz6=( -28.956730 19.089041 -2.151866 )
xyz6=( -28.956730 19.089041 -2.151866 )
xyz6=( -28.957510 19.088632 -2.151679 )
xyz6=( -28.957510 19.088632 -2.151679 )
xyz6=( -28.958289 19.088223 -2.151492 )
xyz6=( -28.958289 19.088223 -2.151492 )
xyz6=( -28.959065 19.087815 -2.151304 )
xyz6=( -28.959065 19.087815 -2.151304 )
xyz6=( -28.959841 19.087407 -2.151117 )
xyz6=( -28.959841 19.087407 -2.151117 )
xyz6=( -28.960614 19.087000 -2.150929 )
xyz6=( -28.960614 19.087000 -2.150929 )
xyz6=( -28.961386 19.086593 -2.150741 )
xyz6=( -28.961386 19.086593 -2.150741 )
xyz6=( -28.962156 19.086187 -2.150553 )
xyz6=( -28.962156 19.086187 -2.150553 )
xyz6=( -28.962925 19.085781 -2.150365 )
xyz6=( -28.962925 19.085781 -2.150365 )
xyz6=( -28.963692 19.085376 -2.150177 )
xyz6=( -28.963692 19.085376 -2.150177 )
xyz6=( -28.964458 19.084971 -2.149989 )
xyz6=( -28.964458 19.084971 -2.149989 )
xyz6=( -28.965222 19.084567 -2.149800 )
xyz6=( -28.965222 19.084567 -2.149800 )
xyz6=( -28.965984 19.084163 -2.149611 )
xyz6=( -28.965984 19.084163 -2.149611 )
xyz6=( -28.966745 19.083760 -2.149423 )
xyz6=( -28.966745 19.083760 -2.149423 )
xyz6=( -28.967505 19.083357 -2.149234 )
xyz6=( -28.967505 19.083357 -2.149234 )
xyz6=( -28.968262 19.082954 -2.149045 )
xyz6=( -28.968262 19.082954 -2.149045 )
xyz6=( -28.969019 19.082552 -2.148855 )
xyz6=( -28.969019 19.082552 -2.148855 )
xyz6=( -28.969773 19.082151 -2.148666 )
xyz6=( -28.969773 19.082151 -2.148666 )
xyz6=( -28.970527 19.081750 -2.148477 )
xyz6=( -28.970527 19.081750 -2.148477 )
xyz6=( -28.971278 19.081349 -2.148287 )
xyz6=( -28.971278 19.081349 -2.148287 )
xyz6=( -28.972029 19.080949 -2.148097 )
xyz6=( -28.972029 19.080949 -2.148097 )
xyz6=( -28.972777 19.080549 -2.147907 )
xyz6=( -28.972777 19.080549 -2.147907 )
xyz6=( -28.973525 19.080150 -2.147717 )
xyz6=( -28.973525 19.080150 -2.147717 )
xyz6=( -28.974271 19.079751 -2.147527 )
xyz6=( -28.974271 19.079751 -2.147527 )
xyz6=( -28.975015 19.079352 -2.147337 )
xyz6=( -28.975015 19.079352 -2.147337 )
xyz6=( -28.975758 19.078954 -2.147147 )
xyz6=( -28.975758 19.078954 -2.147147 )
xyz6=( -28.976499 19.078557 -2.146956 )
xyz6=( -28.976499 19.078557 -2.146956 )
xyz6=( -28.977239 19.078159 -2.146766 )
xyz6=( -28.977239 19.078159 -2.146766 )
xyz6=( -28.977978 19.077763 -2.146575 )
xyz6=( -28.977978 19.077763 -2.146575 )
xyz6=( -28.978715 19.077366 -2.146384 )
xyz6=( -28.978715 19.077366 -2.146384 )
xyz6=( -28.979451 19.076970 -2.146193 )
xyz6=( -28.979451 19.076970 -2.146193 )
xyz6=( -28.980185 19.076575 -2.146002 )
xyz6=( -28.980185 19.076575 -2.146002 )
xyz6=( -28.980918 19.076180 -2.145811 )
xyz6=( -28.980918 19.076180 -2.145811 )
xyz6=( -28.981649 19.075785 -2.145619 )
xyz6=( -28.981649 19.075785 -2.145619 )
xyz6=( -28.982379 19.075391 -2.145428 )
xyz6=( -28.982379 19.075391 -2.145428 )
xyz6=( -28.983108 19.074997 -2.145236 )
xyz6=( -28.983108 19.074997 -2.145236 )
xyz6=( -28.983835 19.074604 -2.145044 )
xyz6=( -28.983835 19.074604 -2.145044 )
xyz6=( -28.984561 19.074211 -2.144852 )
xyz6=( -28.984561 19.074211 -2.144852 )
xyz6=( -28.985286 19.073818 -2.144660 )
xyz6=( -28.985286 19.073818 -2.144660 )
xyz6=( -28.986009 19.073426 -2.144468 )
xyz6=( -28.986009 19.073426 -2.144468 )
xyz6=( -28.986731 19.073034 -2.144276 )
xyz6=( -28.986731 19.073034 -2.144276 )
xyz6=( -28.987452 19.072643 -2.144084 )
xyz6=( -28.987452 19.072643 -2.144084 )
xyz6=( -28.988171 19.072252 -2.143891 )
xyz6=( -28.988171 19.072252 -2.143891 )
xyz6=( -28.988889 19.071861 -2.143699 )
xyz6=( -28.988889 19.071861 -2.143699 )
xyz6=( -28.989605 19.071471 -2.143506 )
xyz6=( -28.989605 19.071471 -2.143506 )
xyz6=( -28.990321 19.071081 -2.143313 )
xyz6=( -28.990321 19.071081 -2.143313 )
xyz6=( -28.991035 19.070692 -2.143120 )
xyz6=( -28.991035 19.070692 -2.143120 )
xyz6=( -28.991747 19.070303 -2.142927 )
xyz6=( -28.991747 19.070303 -2.142927 )
xyz6=( -28.992458 19.069914 -2.142734 )
xyz6=( -28.992458 19.069914 -2.142734 )
xyz6=( -28.993168 19.069526 -2.142541 )
xyz6=( -28.993168 19.069526 -2.142541 )
xyz6=( -28.993877 19.069138 -2.142347 )
xyz6=( -28.993877 19.069138 -2.142347 )
xyz6=( -28.994585 19.068751 -2.142154 )
xyz6=( -28.994585 19.068751 -2.142154 )
xyz6=( -28.995291 19.068363 -2.141960 )
xyz6=( -28.995291 19.068363 -2.141960 )
xyz6=( -28.995996 19.067977 -2.141766 )
xyz6=( -28.995996 19.067977 -2.141766 )
xyz6=( -28.996699 19.067590 -2.141572 )
xyz6=( -28.996699 19.067590 -2.141572 )
xyz6=( -28.997402 19.067204 -2.141378 )
xyz6=( -28.997402 19.067204 -2.141378 )
xyz6=( -28.998103 19.066819 -2.141184 )
xyz6=( -28.998103 19.066819 -2.141184 )
xyz6=( -28.998803 19.066433 -2.140990 )
xyz6=( -28.998803 19.066433 -2.140990 )
xyz6=( -28.999501 19.066049 -2.140796 )
xyz6=( -28.999501 19.066049 -2.140796 )
xyz6=( -29.000199 19.065664 -2.140601 )
xyz6=( -29.000199 19.065664 -2.140601 )
xyz6=( -29.000895 19.065280 -2.140407 )
xyz6=( -29.000895 19.065280 -2.140407 )
xyz6=( -29.001590 19.064896 -2.140212 )
xyz6=( -29.001590 19.064896 -2.140212 )
xyz6=( -29.002284 19.064513 -2.140017 )
xyz6=( -29.002284 19.064513 -2.140017 )
xyz6=( -29.002976 19.064129 -2.139822 )
xyz6=( -29.002976 19.064129 -2.139822 )
xyz6=( -29.003668 19.063747 -2.139627 )
xyz6=( -29.003668 19.063747 -2.139627 )
xyz6=( -29.004358 19.063364 -2.139432 )
xyz6=( -29.004358 19.063364 -2.139432 )
xyz6=( -29.005047 19.062982 -2.139237 )
xyz6=( -29.005047 19.062982 -2.139237 )
xyz6=( -29.005734 19.062601 -2.139041 )
xyz6=( -29.005734 19.062601 -2.139041 )
xyz6=( -29.006421 19.062219 -2.138846 )
xyz6=( -29.006421 19.062219 -2.138846 )
xyz6=( -29.007106 19.061838 -2.138650 )
xyz6=( -29.007106 19.061838 -2.138650 )
xyz6=( -29.007791 19.061458 -2.138455 )
xyz6=( -29.007791 19.061458 -2.138455 )
xyz6=( -29.008474 19.061077 -2.138259 )
xyz6=( -29.008474 19.061077 -2.138259 )
xyz6=( -29.009155 19.060698 -2.138063 )
xyz6=( -29.009155 19.060698 -2.138063 )
xyz6=( -29.009836 19.060318 -2.137867 )
xyz6=( -29.009836 19.060318 -2.137867 )
xyz6=( -29.010516 19.059939 -2.137671 )
xyz6=( -29.010516 19.059939 -2.137671 )
xyz6=( -29.011194 19.059560 -2.137475 )
xyz6=( -29.011194 19.059560 -2.137475 )
xyz6=( -29.011871 19.059181 -2.137279 )
xyz6=( -29.011871 19.059181 -2.137279 )
xyz6=( -29.012547 19.058803 -2.137082 )
xyz6=( -29.012547 19.058803 -2.137082 )
xyz6=( -29.013222 19.058425 -2.136886 )
xyz6=( -29.013222 19.058425 -2.136886 )
xyz6=( -29.013896 19.058047 -2.136689 )
xyz6=( -29.013896 19.058047 -2.136689 )
xyz6=( -29.014569 19.057670 -2.136492 )
xyz6=( -29.014569 19.057670 -2.136492 )
xyz6=( -29.015241 19.057293 -2.136296 )
xyz6=( -29.015241 19.057293 -2.136296 )
xyz6=( -29.015911 19.056917 -2.136099 )
xyz6=( -29.015911 19.056917 -2.136099 )
xyz6=( -29.016580 19.056540 -2.135902 )
xyz6=( -29.016580 19.056540 -2.135902 )
xyz6=( -29.017249 19.056165 -2.135704 )
xyz6=( -29.017249 19.056165 -2.135704 )
xyz6=( -29.017916 19.055789 -2.135507 )
xyz6=( -29.017916 19.055789 -2.135507 )
xyz6=( -29.018582 19.055414 -2.135310 )
xyz6=( -29.018582 19.055414 -2.135310 )
xyz6=( -29.019247 19.055039 -2.135112 )
xyz6=( -29.019247 19.055039 -2.135112 )
xyz6=( -29.019911 19.054664 -2.134915 )
xyz6=( -29.019911 19.054664 -2.134915 )
xyz6=( -29.020574 19.054290 -2.134717 )
xyz6=( -29.020574 19.054290 -2.134717 )
xyz6=( -29.021235 19.053916 -2.134519 )
xyz6=( -29.021235 19.053916 -2.134519 )
xyz6=( -29.021896 19.053542 -2.134322 )
xyz6=( -29.021896 19.053542 -2.134322 )
xyz6=( -29.022556 19.053169 -2.134124 )
xyz6=( -29.022556 19.053169 -2.134124 )
xyz6=( -29.023214 19.052796 -2.133926 )
xyz6=( -29.023214 19.052796 -2.133926 )
xyz6=( -29.023872 19.052423 -2.133727 )
xyz6=( -29.023872 19.052423 -2.133727 )
xyz6=( -29.024528 19.052050 -2.133529 )
xyz6=( -29.024528 19.052050 -2.133529 )
xyz6=( -29.025183 19.051678 -2.133331 )
xyz6=( -29.025183 19.051678 -2.133331 )
xyz6=( -29.025838 19.051306 -2.133132 )
xyz6=( -29.025838 19.051306 -2.133132 )
xyz6=( -29.026491 19.050935 -2.132934 )
xyz6=( -29.026491 19.050935 -2.132934 )
xyz6=( -29.027143 19.050564 -2.132735 )
xyz6=( -29.027143 19.050564 -2.132735 )
xyz6=( -29.027794 19.050193 -2.132537 )
xyz6=( -29.027794 19.050193 -2.132537 )
xyz6=( -29.028444 19.049822 -2.132338 )
xyz6=( -29.028444 19.049822 -2.132338 )
xyz6=( -29.029094 19.049452 -2.132139 )
xyz6=( -29.029094 19.049452 -2.132139 )
xyz6=( -29.029742 19.049082 -2.131940 )
xyz6=( -29.029742 19.049082 -2.131940 )
xyz6=( -29.030389 19.048712 -2.131741 )
xyz6=( -29.030389 19.048712 -2.131741 )
xyz6=( -29.031035 19.048343 -2.131541 )
xyz6=( -29.031035 19.048343 -2.131541 )
xyz6=( -29.031680 19.047974 -2.131342 )
xyz6=( -29.031680 19.047974 -2.131342 )
xyz6=( -29.032324 19.047605 -2.131143 )
xyz6=( -29.032324 19.047605 -2.131143 )
xyz6=( -29.032967 19.047236 -2.130943 )
xyz6=( -29.032967 19.047236 -2.130943 )
xyz6=( -29.033609 19.046868 -2.130744 )
xyz6=( -29.033609 19.046868 -2.130744 )
xyz6=( -29.034250 19.046500 -2.130544 )
xyz6=( -29.034250 19.046500 -2.130544 )
xyz6=( -29.034890 19.046132 -2.130344 )
xyz6=( -29.034890 19.046132 -2.130344 )
xyz6=( -29.035529 19.045765 -2.130144 )
xyz6=( -29.035529 19.045765 -2.130144 )
xyz6=( -29.036167 19.045398 -2.129944 )
xyz6=( -29.036167 19.045398 -2.129944 )
xyz6=( -29.036804 19.045031 -2.129744 )
xyz6=( -29.036804 19.045031 -2.129744 )
xyz6=( -29.037441 19.044665 -2.129544 )
xyz6=( -29.037441 19.044665 -2.129544 )
xyz6=( -29.038076 19.044298 -2.129344 )
xyz6=( -29.038076 19.044298 -2.129344 )
xyz6=( -29.038710 19.043933 -2.129143 )
xyz6=( -29.038710 19.043933 -2.129143 )
xyz6=( -29.039343 19.043567 -2.128943 )
xyz6=( -29.039343 19.043567 -2.128943 )
xyz6=( -29.039975 19.043201 -2.128742 )
xyz6=( -29.040607 19.042836 -2.128542 )
xyz6=( -29.041237 19.042472 -2.128341 )
xyz6=( -29.041867 19.042107 -2.128140 )
xyz6=( -29.042495 19.041743 -2.127939 )
xyz6=( -29.043123 19.041379 -2.127738 )
xyz6=( -29.043749 19.041015 -2.127537 )
xyz6=( -29.044375 19.040652 -2.127336 )
xyz6=( -29.045000 19.040288 -2.127135 )
xyz6=( -29.045623 19.039926 -2.126933 )
xyz6=( -29.046246 19.039563 -2.126732 )
xyz6=( -29.046868 19.039201 -2.126530 )
xyz6=( -29.047489 19.038839 -2.126329 )
