order:    [ 1 7 8 0 12 11 10 13 9 6 4 5 3 2 ]
atoms:    [ CA CA C N C CA N H HA N CA C N C ]
residues: [ 0 2 2 0 3 3 3 3 2 2 1 1 1 0 ]

d_13_9=3.462443886566 eijMax=7.334E-03 rmsd=4.441E-01 s=[ 0 0 0 0 1 1 0 0 1 0 0 0 0 1 ]
d_13_9=3.462443886566 eijMax=9.733E-03 rmsd=4.187E-01 s=[ 0 0 0 0 1 1 0 0 1 0 0 1 0 1 ]
d_13_9=3.464464088586 eijMax=3.576E-03 rmsd=3.851E-01 s=[ 0 0 0 0 1 1 0 0 1 0 0 0 0 1 ]
d_13_9=3.464464088586 eijMax=5.402E-03 rmsd=3.581E-01 s=[ 0 0 0 0 1 1 0 0 1 0 0 1 0 1 ]
d_13_9=3.466484290606 eijMax=1.780E-03 rmsd=3.360E-01 s=[ 0 0 0 0 1 1 0 0 1 0 0 0 0 1 ]
d_13_9=3.466484290606 eijMax=3.202E-03 rmsd=3.078E-01 s=[ 0 0 0 0 1 1 0 0 1 0 0 1 0 1 ]
d_13_9=3.468504492626 eijMax=8.168E-04 rmsd=2.918E-01 s=[ 0 0 0 0 1 1 0 0 1 0 0 0 0 1 ]
d_13_9=3.468504492626 eijMax=1.908E-03 rmsd=2.624E-01 s=[ 0 0 0 0 1 1 0 0 1 0 0 1 0 1 ]
d_13_9=3.470524694646 eijMax=3.056E-04 rmsd=2.508E-01 s=[ 0 0 0 0 1 1 0 0 1 0 0 0 0 1 ]
d_13_9=3.470524694646 eijMax=1.110E-03 rmsd=2.202E-01 s=[ 0 0 0 0 1 1 0 0 1 0 0 1 0 1 ]
d_13_9=3.472544896667 eijMax=6.590E-05 rmsd=2.121E-01 s=[ 0 0 0 0 1 1 0 0 1 0 0 0 0 1 ]
d_13_9=3.472544896667 eijMax=6.126E-04 rmsd=1.802E-01 s=[ 0 0 0 0 1 1 0 0 1 0 0 1 0 1 ]
d_13_9=3.474565098687 eijMax=2.788E-06 rmsd=1.754E-01 s=[ 0 0 0 0 1 1 0 0 1 0 0 0 0 1 ]
d_13_9=3.474565098687 eijMax=3.082E-04 rmsd=1.420E-01 s=[ 0 0 0 0 1 1 0 0 1 0 0 1 0 1 ]
d_13_9=3.476585300707 eijMax=3.787E-05 rmsd=1.407E-01 s=[ 0 0 0 0 1 1 0 0 1 0 0 0 0 1 ]
d_13_9=3.476585300707 eijMax=1.311E-04 rmsd=1.052E-01 s=[ 0 0 0 0 1 1 0 0 1 0 0 1 0 1 ]
d_13_9=3.478605502727 eijMax=1.476E-04 rmsd=1.080E-01 s=[ 0 0 0 0 1 1 0 0 1 0 0 0 0 1 ]
d_13_9=3.478605502727 eijMax=3.850E-05 rmsd=6.965E-02 s=[ 0 0 0 0 1 1 0 0 1 0 0 1 0 1 ]
d_13_9=3.480625704747 eijMax=2.987E-04 rmsd=7.827E-02 s=[ 0 0 0 0 1 1 0 0 1 0 0 0 0 1 ]
d_13_9=3.480625704747 eijMax=1.414E-06 rmsd=3.513E-02 s=[ 0 0 0 0 1 1 0 0 1 0 0 1 0 1 ]
d_13_9=3.482645906768 eijMax=4.719E-04 rmsd=5.452E-02 s=[ 0 0 0 0 1 1 0 0 1 0 0 0 0 1 ]
d_13_9=3.482645906768 eijMax=4.890E-07 rmsd=1.544E-03 s=[ 0 0 0 0 1 1 0 0 1 0 0 1 0 1 ]
d_13_9=3.484666108788 eijMax=6.532E-04 rmsd=4.484E-02 s=[ 0 0 0 0 1 1 0 0 1 0 0 0 0 1 ]
d_13_9=3.484666108788 eijMax=1.831E-05 rmsd=3.121E-02 s=[ 0 0 0 0 1 1 0 0 1 0 0 1 0 1 ]
d_13_9=3.486686310808 eijMax=8.322E-04 rmsd=5.555E-02 s=[ 0 0 0 0 1 1 0 0 1 0 0 0 0 1 ]
d_13_9=3.486686310808 eijMax=4.741E-05 rmsd=6.322E-02 s=[ 0 0 0 0 1 1 0 0 1 0 0 1 0 1 ]
d_13_9=3.488706512828 eijMax=1.001E-03 rmsd=7.786E-02 s=[ 0 0 0 0 1 1 0 0 1 0 0 0 0 1 ]
d_13_9=3.488706512828 eijMax=7.930E-05 rmsd=9.454E-02 s=[ 0 0 0 0 1 1 0 0 1 0 0 1 0 1 ]
d_13_9=3.490726714848 eijMax=1.155E-03 rmsd=1.040E-01 s=[ 0 0 0 0 1 1 0 0 1 0 0 0 0 1 ]
d_13_9=3.490726714848 eijMax=1.087E-04 rmsd=1.252E-01 s=[ 0 0 0 0 1 1 0 0 1 0 0 1 0 1 ]
d_13_9=3.492746916869 eijMax=1.290E-03 rmsd=1.313E-01 s=[ 0 0 0 0 1 1 0 0 1 0 0 0 0 1 ]
d_13_9=3.492746916869 eijMax=1.320E-04 rmsd=1.553E-01 s=[ 0 0 0 0 1 1 0 0 1 0 0 1 0 1 ]
d_13_9=3.494767118889 eijMax=1.402E-03 rmsd=1.590E-01 s=[ 0 0 0 0 1 1 0 0 1 0 0 0 0 1 ]
d_13_9=3.494767118889 eijMax=1.468E-04 rmsd=1.849E-01 s=[ 0 0 0 0 1 1 0 0 1 0 0 1 0 1 ]
d_13_9=3.496787320909 eijMax=1.489E-03 rmsd=1.865E-01 s=[ 0 0 0 0 1 1 0 0 1 0 0 0 0 1 ]
d_13_9=3.496787320909 eijMax=1.520E-04 rmsd=2.139E-01 s=[ 0 0 0 0 1 1 0 0 1 0 0 1 0 1 ]
d_13_9=3.498807522929 eijMax=1.551E-03 rmsd=2.138E-01 s=[ 0 0 0 0 1 1 0 0 1 0 0 0 0 1 ]
d_13_9=3.498807522929 eijMax=1.474E-04 rmsd=2.425E-01 s=[ 0 0 0 0 1 1 0 0 1 0 0 1 0 1 ]
d_13_9=3.500827724949 eijMax=1.586E-03 rmsd=2.408E-01 s=[ 0 0 0 0 1 1 0 0 1 0 0 0 0 1 ]
d_13_9=3.500827724949 eijMax=1.335E-04 rmsd=2.706E-01 s=[ 0 0 0 0 1 1 0 0 1 0 0 1 0 1 ]
d_13_9=3.502847926970 eijMax=1.595E-03 rmsd=2.675E-01 s=[ 0 0 0 0 1 1 0 0 1 0 0 0 0 1 ]
d_13_9=3.502847926970 eijMax=1.118E-04 rmsd=2.983E-01 s=[ 0 0 0 0 1 1 0 0 1 0 0 1 0 1 ]
d_13_9=3.504868128990 eijMax=1.577E-03 rmsd=2.938E-01 s=[ 0 0 0 0 1 1 0 0 1 0 0 0 0 1 ]
d_13_9=3.504868128990 eijMax=8.445E-05 rmsd=3.257E-01 s=[ 0 0 0 0 1 1 0 0 1 0 0 1 0 1 ]
d_13_9=3.506888331010 eijMax=1.534E-03 rmsd=3.198E-01 s=[ 0 0 0 0 1 1 0 0 1 0 0 0 0 1 ]
d_13_9=3.506888331010 eijMax=5.467E-05 rmsd=3.526E-01 s=[ 0 0 0 0 1 1 0 0 1 0 0 1 0 1 ]
d_13_9=3.508908533030 eijMax=1.467E-03 rmsd=3.454E-01 s=[ 0 0 0 0 1 1 0 0 1 0 0 0 0 1 ]
d_13_9=3.508908533030 eijMax=2.649E-05 rmsd=3.793E-01 s=[ 0 0 0 0 1 1 0 0 1 0 0 1 0 1 ]
d_13_9=3.510928735051 eijMax=1.377E-03 rmsd=3.708E-01 s=[ 0 0 0 0 1 1 0 0 1 0 0 0 0 1 ]
d_13_9=3.510928735051 eijMax=5.109E-06 rmsd=4.056E-01 s=[ 0 0 0 0 1 1 0 0 1 0 0 1 0 1 ]
d_13_9=3.512948937071 eijMax=1.266E-03 rmsd=3.958E-01 s=[ 0 0 0 0 1 1 0 0 1 0 0 0 0 1 ]
d_13_9=3.512948937071 eijMax=2.914E-06 rmsd=4.317E-01 s=[ 0 0 0 0 1 1 0 0 1 0 0 1 0 1 ]
d_13_9=3.514969139091 eijMax=1.137E-03 rmsd=4.205E-01 s=[ 0 0 0 0 1 1 0 0 1 0 0 0 0 1 ]
d_13_9=3.514969139091 eijMax=1.070E-05 rmsd=4.576E-01 s=[ 0 0 0 0 1 1 0 0 1 0 0 1 0 1 ]
d_13_9=3.516989341111 eijMax=9.938E-04 rmsd=4.450E-01 s=[ 0 0 0 0 1 1 0 0 1 0 0 0 0 1 ]
d_13_9=3.516989341111 eijMax=5.646E-05 rmsd=4.832E-01 s=[ 0 0 0 0 1 1 0 0 1 0 0 1 0 1 ]
d_13_9=3.519009543131 eijMax=8.392E-04 rmsd=4.692E-01 s=[ 0 0 0 0 1 1 0 0 1 0 0 0 0 1 ]
d_13_9=3.519009543131 eijMax=1.478E-04 rmsd=5.087E-01 s=[ 0 0 0 0 1 1 0 0 1 0 0 1 0 1 ]
d_13_9=3.521029745152 eijMax=6.781E-04 rmsd=4.931E-01 s=[ 0 0 0 0 1 1 0 0 1 0 0 0 0 1 ]
d_13_9=3.521029745152 eijMax=3.025E-04 rmsd=5.341E-01 s=[ 0 0 0 0 1 1 0 0 1 0 0 1 0 1 ]
d_13_9=3.523049947172 eijMax=5.160E-04 rmsd=5.168E-01 s=[ 0 0 0 0 1 1 0 0 1 0 0 0 0 1 ]
d_13_9=3.523049947172 eijMax=5.441E-04 rmsd=5.594E-01 s=[ 0 0 0 0 1 1 0 0 1 0 0 1 0 1 ]
d_13_9=3.525070149192 eijMax=3.597E-04 rmsd=5.404E-01 s=[ 0 0 0 0 1 1 0 0 1 0 0 0 0 1 ]
d_13_9=3.525070149192 eijMax=9.050E-04 rmsd=5.848E-01 s=[ 0 0 0 0 1 1 0 0 1 0 0 1 0 1 ]
d_13_9=3.527090351212 eijMax=2.177E-04 rmsd=5.637E-01 s=[ 0 0 0 0 1 1 0 0 1 0 0 0 0 1 ]
d_13_9=3.527090351212 eijMax=1.432E-03 rmsd=6.103E-01 s=[ 0 0 0 0 1 1 0 0 1 0 0 1 0 1 ]
d_13_9=3.529110553232 eijMax=1.004E-04 rmsd=5.869E-01 s=[ 0 0 0 0 1 1 0 0 1 0 0 0 0 1 ]
d_13_9=3.529110553232 eijMax=2.195E-03 rmsd=6.361E-01 s=[ 0 0 0 0 1 1 0 0 1 0 0 1 0 1 ]
d_13_9=3.531130755253 eijMax=2.130E-05 rmsd=6.101E-01 s=[ 0 0 0 0 1 1 0 0 1 0 0 0 0 1 ]
d_13_9=3.531130755253 eijMax=3.308E-03 rmsd=6.624E-01 s=[ 0 0 0 0 1 1 0 0 1 0 0 1 0 1 ]
d_13_9=3.533150957273 eijMax=2.063E-06 rmsd=6.331E-01 s=[ 0 0 0 0 1 1 0 0 1 0 0 0 0 1 ]
d_13_9=3.533150957273 eijMax=4.976E-03 rmsd=6.896E-01 s=[ 0 0 0 0 1 1 0 0 1 0 0 1 0 1 ]
d_13_9=3.535171159293 eijMax=5.373E-05 rmsd=6.562E-01 s=[ 0 0 0 0 1 1 0 0 1 0 0 0 0 1 ]
d_13_9=3.535171159293 eijMax=7.628E-03 rmsd=7.184E-01 s=[ 0 0 0 0 1 1 0 0 1 0 0 1 0 1 ]
d_13_9=3.537191361313 eijMax=2.211E-04 rmsd=6.794E-01 s=[ 0 0 0 0 1 1 0 0 1 0 0 0 0 1 ]
d_13_9=3.539211563333 eijMax=5.465E-04 rmsd=7.028E-01 s=[ 0 0 0 0 1 1 0 0 1 0 0 0 0 1 ]
d_13_9=3.541231765354 eijMax=1.101E-03 rmsd=7.265E-01 s=[ 0 0 0 0 1 1 0 0 1 0 0 0 0 1 ]
d_13_9=3.543251967374 eijMax=2.000E-03 rmsd=7.508E-01 s=[ 0 0 0 0 1 1 0 0 1 0 0 0 0 1 ]
d_13_9=3.545272169394 eijMax=3.455E-03 rmsd=7.761E-01 s=[ 0 0 0 0 1 1 0 0 1 0 0 0 0 1 ]
d_13_9=3.547292371414 eijMax=5.927E-03 rmsd=8.032E-01 s=[ 0 0 0 0 1 1 0 0 1 0 0 0 0 1 ]
d_13_9=3.595777219899 eijMax=8.953E-03 rmsd=2.220E+00 s=[ 0 0 0 0 1 1 0 0 0 1 1 1 1 0 ]
d_13_9=3.597797421919 eijMax=6.898E-03 rmsd=2.202E+00 s=[ 0 0 0 0 1 1 0 0 0 1 1 1 1 0 ]
d_13_9=3.599817623939 eijMax=5.655E-03 rmsd=2.186E+00 s=[ 0 0 0 0 1 1 0 0 0 1 1 1 1 0 ]
d_13_9=3.601837825960 eijMax=4.907E-03 rmsd=2.171E+00 s=[ 0 0 0 0 1 1 0 0 0 1 1 1 1 0 ]
d_13_9=3.603858027980 eijMax=4.501E-03 rmsd=2.158E+00 s=[ 0 0 0 0 1 1 0 0 0 1 1 1 1 0 ]
d_13_9=3.605878230000 eijMax=4.365E-03 rmsd=2.146E+00 s=[ 0 0 0 0 1 1 0 0 0 1 1 1 1 0 ]
d_13_9=3.462443886566 eijMax=9.733E-03 rmsd=4.187E-01 s=[ 0 0 0 1 0 0 1 0 0 1 1 0 1 0 ]
d_13_9=3.462443886566 eijMax=7.334E-03 rmsd=4.441E-01 s=[ 0 0 0 1 0 0 1 0 0 1 1 1 1 0 ]
d_13_9=3.464464088586 eijMax=5.402E-03 rmsd=3.581E-01 s=[ 0 0 0 1 0 0 1 0 0 1 1 0 1 0 ]
d_13_9=3.464464088586 eijMax=3.576E-03 rmsd=3.851E-01 s=[ 0 0 0 1 0 0 1 0 0 1 1 1 1 0 ]
d_13_9=3.466484290606 eijMax=3.202E-03 rmsd=3.078E-01 s=[ 0 0 0 1 0 0 1 0 0 1 1 0 1 0 ]
d_13_9=3.466484290606 eijMax=1.780E-03 rmsd=3.360E-01 s=[ 0 0 0 1 0 0 1 0 0 1 1 1 1 0 ]
d_13_9=3.468504492626 eijMax=1.908E-03 rmsd=2.624E-01 s=[ 0 0 0 1 0 0 1 0 0 1 1 0 1 0 ]
d_13_9=3.468504492626 eijMax=8.168E-04 rmsd=2.918E-01 s=[ 0 0 0 1 0 0 1 0 0 1 1 1 1 0 ]
d_13_9=3.470524694646 eijMax=1.110E-03 rmsd=2.202E-01 s=[ 0 0 0 1 0 0 1 0 0 1 1 0 1 0 ]
d_13_9=3.470524694646 eijMax=3.056E-04 rmsd=2.508E-01 s=[ 0 0 0 1 0 0 1 0 0 1 1 1 1 0 ]
d_13_9=3.472544896667 eijMax=6.126E-04 rmsd=1.802E-01 s=[ 0 0 0 1 0 0 1 0 0 1 1 0 1 0 ]
d_13_9=3.472544896667 eijMax=6.590E-05 rmsd=2.121E-01 s=[ 0 0 0 1 0 0 1 0 0 1 1 1 1 0 ]
d_13_9=3.474565098687 eijMax=3.082E-04 rmsd=1.420E-01 s=[ 0 0 0 1 0 0 1 0 0 1 1 0 1 0 ]
d_13_9=3.474565098687 eijMax=2.788E-06 rmsd=1.754E-01 s=[ 0 0 0 1 0 0 1 0 0 1 1 1 1 0 ]
d_13_9=3.476585300707 eijMax=1.311E-04 rmsd=1.052E-01 s=[ 0 0 0 1 0 0 1 0 0 1 1 0 1 0 ]
d_13_9=3.476585300707 eijMax=3.787E-05 rmsd=1.407E-01 s=[ 0 0 0 1 0 0 1 0 0 1 1 1 1 0 ]
d_13_9=3.478605502727 eijMax=3.850E-05 rmsd=6.965E-02 s=[ 0 0 0 1 0 0 1 0 0 1 1 0 1 0 ]
d_13_9=3.478605502727 eijMax=1.476E-04 rmsd=1.080E-01 s=[ 0 0 0 1 0 0 1 0 0 1 1 1 1 0 ]
d_13_9=3.480625704747 eijMax=1.414E-06 rmsd=3.513E-02 s=[ 0 0 0 1 0 0 1 0 0 1 1 0 1 0 ]
d_13_9=3.480625704747 eijMax=2.987E-04 rmsd=7.827E-02 s=[ 0 0 0 1 0 0 1 0 0 1 1 1 1 0 ]
d_13_9=3.482645906768 eijMax=4.890E-07 rmsd=1.544E-03 s=[ 0 0 0 1 0 0 1 0 0 1 1 0 1 0 ]
d_13_9=3.482645906768 eijMax=4.719E-04 rmsd=5.452E-02 s=[ 0 0 0 1 0 0 1 0 0 1 1 1 1 0 ]
d_13_9=3.484666108788 eijMax=1.831E-05 rmsd=3.121E-02 s=[ 0 0 0 1 0 0 1 0 0 1 1 0 1 0 ]
d_13_9=3.484666108788 eijMax=6.532E-04 rmsd=4.484E-02 s=[ 0 0 0 1 0 0 1 0 0 1 1 1 1 0 ]
d_13_9=3.486686310808 eijMax=4.741E-05 rmsd=6.322E-02 s=[ 0 0 0 1 0 0 1 0 0 1 1 0 1 0 ]
d_13_9=3.486686310808 eijMax=8.322E-04 rmsd=5.555E-02 s=[ 0 0 0 1 0 0 1 0 0 1 1 1 1 0 ]
d_13_9=3.488706512828 eijMax=7.930E-05 rmsd=9.454E-02 s=[ 0 0 0 1 0 0 1 0 0 1 1 0 1 0 ]
d_13_9=3.488706512828 eijMax=1.001E-03 rmsd=7.786E-02 s=[ 0 0 0 1 0 0 1 0 0 1 1 1 1 0 ]
d_13_9=3.490726714848 eijMax=1.087E-04 rmsd=1.252E-01 s=[ 0 0 0 1 0 0 1 0 0 1 1 0 1 0 ]
d_13_9=3.490726714848 eijMax=1.155E-03 rmsd=1.040E-01 s=[ 0 0 0 1 0 0 1 0 0 1 1 1 1 0 ]
d_13_9=3.492746916869 eijMax=1.320E-04 rmsd=1.553E-01 s=[ 0 0 0 1 0 0 1 0 0 1 1 0 1 0 ]
d_13_9=3.492746916869 eijMax=1.290E-03 rmsd=1.313E-01 s=[ 0 0 0 1 0 0 1 0 0 1 1 1 1 0 ]
d_13_9=3.494767118889 eijMax=1.468E-04 rmsd=1.849E-01 s=[ 0 0 0 1 0 0 1 0 0 1 1 0 1 0 ]
d_13_9=3.494767118889 eijMax=1.402E-03 rmsd=1.590E-01 s=[ 0 0 0 1 0 0 1 0 0 1 1 1 1 0 ]
d_13_9=3.496787320909 eijMax=1.520E-04 rmsd=2.139E-01 s=[ 0 0 0 1 0 0 1 0 0 1 1 0 1 0 ]
d_13_9=3.496787320909 eijMax=1.489E-03 rmsd=1.865E-01 s=[ 0 0 0 1 0 0 1 0 0 1 1 1 1 0 ]
d_13_9=3.498807522929 eijMax=1.474E-04 rmsd=2.425E-01 s=[ 0 0 0 1 0 0 1 0 0 1 1 0 1 0 ]
d_13_9=3.498807522929 eijMax=1.551E-03 rmsd=2.138E-01 s=[ 0 0 0 1 0 0 1 0 0 1 1 1 1 0 ]
d_13_9=3.500827724949 eijMax=1.335E-04 rmsd=2.706E-01 s=[ 0 0 0 1 0 0 1 0 0 1 1 0 1 0 ]
d_13_9=3.500827724949 eijMax=1.586E-03 rmsd=2.408E-01 s=[ 0 0 0 1 0 0 1 0 0 1 1 1 1 0 ]
d_13_9=3.502847926970 eijMax=1.118E-04 rmsd=2.983E-01 s=[ 0 0 0 1 0 0 1 0 0 1 1 0 1 0 ]
d_13_9=3.502847926970 eijMax=1.595E-03 rmsd=2.675E-01 s=[ 0 0 0 1 0 0 1 0 0 1 1 1 1 0 ]
d_13_9=3.504868128990 eijMax=8.445E-05 rmsd=3.257E-01 s=[ 0 0 0 1 0 0 1 0 0 1 1 0 1 0 ]
d_13_9=3.504868128990 eijMax=1.577E-03 rmsd=2.938E-01 s=[ 0 0 0 1 0 0 1 0 0 1 1 1 1 0 ]
d_13_9=3.506888331010 eijMax=5.467E-05 rmsd=3.526E-01 s=[ 0 0 0 1 0 0 1 0 0 1 1 0 1 0 ]
d_13_9=3.506888331010 eijMax=1.534E-03 rmsd=3.198E-01 s=[ 0 0 0 1 0 0 1 0 0 1 1 1 1 0 ]
d_13_9=3.508908533030 eijMax=2.649E-05 rmsd=3.793E-01 s=[ 0 0 0 1 0 0 1 0 0 1 1 0 1 0 ]
d_13_9=3.508908533030 eijMax=1.467E-03 rmsd=3.454E-01 s=[ 0 0 0 1 0 0 1 0 0 1 1 1 1 0 ]
d_13_9=3.510928735051 eijMax=5.109E-06 rmsd=4.056E-01 s=[ 0 0 0 1 0 0 1 0 0 1 1 0 1 0 ]
d_13_9=3.510928735051 eijMax=1.377E-03 rmsd=3.708E-01 s=[ 0 0 0 1 0 0 1 0 0 1 1 1 1 0 ]
d_13_9=3.512948937071 eijMax=2.914E-06 rmsd=4.317E-01 s=[ 0 0 0 1 0 0 1 0 0 1 1 0 1 0 ]
d_13_9=3.512948937071 eijMax=1.266E-03 rmsd=3.958E-01 s=[ 0 0 0 1 0 0 1 0 0 1 1 1 1 0 ]
d_13_9=3.514969139091 eijMax=1.070E-05 rmsd=4.576E-01 s=[ 0 0 0 1 0 0 1 0 0 1 1 0 1 0 ]
d_13_9=3.514969139091 eijMax=1.137E-03 rmsd=4.205E-01 s=[ 0 0 0 1 0 0 1 0 0 1 1 1 1 0 ]
d_13_9=3.516989341111 eijMax=5.646E-05 rmsd=4.832E-01 s=[ 0 0 0 1 0 0 1 0 0 1 1 0 1 0 ]
d_13_9=3.516989341111 eijMax=9.938E-04 rmsd=4.450E-01 s=[ 0 0 0 1 0 0 1 0 0 1 1 1 1 0 ]
d_13_9=3.519009543131 eijMax=1.478E-04 rmsd=5.087E-01 s=[ 0 0 0 1 0 0 1 0 0 1 1 0 1 0 ]
d_13_9=3.519009543131 eijMax=8.392E-04 rmsd=4.692E-01 s=[ 0 0 0 1 0 0 1 0 0 1 1 1 1 0 ]
d_13_9=3.521029745152 eijMax=3.025E-04 rmsd=5.341E-01 s=[ 0 0 0 1 0 0 1 0 0 1 1 0 1 0 ]
d_13_9=3.521029745152 eijMax=6.781E-04 rmsd=4.931E-01 s=[ 0 0 0 1 0 0 1 0 0 1 1 1 1 0 ]
d_13_9=3.523049947172 eijMax=5.441E-04 rmsd=5.594E-01 s=[ 0 0 0 1 0 0 1 0 0 1 1 0 1 0 ]
d_13_9=3.523049947172 eijMax=5.160E-04 rmsd=5.168E-01 s=[ 0 0 0 1 0 0 1 0 0 1 1 1 1 0 ]
d_13_9=3.525070149192 eijMax=9.050E-04 rmsd=5.848E-01 s=[ 0 0 0 1 0 0 1 0 0 1 1 0 1 0 ]
d_13_9=3.525070149192 eijMax=3.597E-04 rmsd=5.404E-01 s=[ 0 0 0 1 0 0 1 0 0 1 1 1 1 0 ]
d_13_9=3.527090351212 eijMax=1.432E-03 rmsd=6.103E-01 s=[ 0 0 0 1 0 0 1 0 0 1 1 0 1 0 ]
d_13_9=3.527090351212 eijMax=2.177E-04 rmsd=5.637E-01 s=[ 0 0 0 1 0 0 1 0 0 1 1 1 1 0 ]
d_13_9=3.529110553232 eijMax=2.195E-03 rmsd=6.361E-01 s=[ 0 0 0 1 0 0 1 0 0 1 1 0 1 0 ]
d_13_9=3.529110553232 eijMax=1.004E-04 rmsd=5.869E-01 s=[ 0 0 0 1 0 0 1 0 0 1 1 1 1 0 ]
d_13_9=3.531130755253 eijMax=3.308E-03 rmsd=6.624E-01 s=[ 0 0 0 1 0 0 1 0 0 1 1 0 1 0 ]
d_13_9=3.531130755253 eijMax=2.130E-05 rmsd=6.101E-01 s=[ 0 0 0 1 0 0 1 0 0 1 1 1 1 0 ]
d_13_9=3.533150957273 eijMax=4.976E-03 rmsd=6.896E-01 s=[ 0 0 0 1 0 0 1 0 0 1 1 0 1 0 ]
d_13_9=3.533150957273 eijMax=2.063E-06 rmsd=6.331E-01 s=[ 0 0 0 1 0 0 1 0 0 1 1 1 1 0 ]
d_13_9=3.535171159293 eijMax=7.628E-03 rmsd=7.184E-01 s=[ 0 0 0 1 0 0 1 0 0 1 1 0 1 0 ]
d_13_9=3.535171159293 eijMax=5.373E-05 rmsd=6.562E-01 s=[ 0 0 0 1 0 0 1 0 0 1 1 1 1 0 ]
d_13_9=3.537191361313 eijMax=2.211E-04 rmsd=6.794E-01 s=[ 0 0 0 1 0 0 1 0 0 1 1 1 1 0 ]
d_13_9=3.539211563333 eijMax=5.465E-04 rmsd=7.028E-01 s=[ 0 0 0 1 0 0 1 0 0 1 1 1 1 0 ]
d_13_9=3.541231765354 eijMax=1.101E-03 rmsd=7.265E-01 s=[ 0 0 0 1 0 0 1 0 0 1 1 1 1 0 ]
d_13_9=3.543251967374 eijMax=2.000E-03 rmsd=7.508E-01 s=[ 0 0 0 1 0 0 1 0 0 1 1 1 1 0 ]
d_13_9=3.545272169394 eijMax=3.455E-03 rmsd=7.761E-01 s=[ 0 0 0 1 0 0 1 0 0 1 1 1 1 0 ]
d_13_9=3.547292371414 eijMax=5.927E-03 rmsd=8.032E-01 s=[ 0 0 0 1 0 0 1 0 0 1 1 1 1 0 ]
d_13_9=3.595777219899 eijMax=8.953E-03 rmsd=2.220E+00 s=[ 0 0 0 1 0 0 1 0 1 0 0 0 0 1 ]
d_13_9=3.597797421919 eijMax=6.898E-03 rmsd=2.202E+00 s=[ 0 0 0 1 0 0 1 0 1 0 0 0 0 1 ]
d_13_9=3.599817623939 eijMax=5.655E-03 rmsd=2.186E+00 s=[ 0 0 0 1 0 0 1 0 1 0 0 0 0 1 ]
d_13_9=3.601837825960 eijMax=4.907E-03 rmsd=2.171E+00 s=[ 0 0 0 1 0 0 1 0 1 0 0 0 0 1 ]
d_13_9=3.603858027980 eijMax=4.501E-03 rmsd=2.158E+00 s=[ 0 0 0 1 0 0 1 0 1 0 0 0 0 1 ]
d_13_9=3.605878230000 eijMax=4.365E-03 rmsd=2.146E+00 s=[ 0 0 0 1 0 0 1 0 1 0 0 0 0 1 ]
num ..... 100
nnodes .. 14
nedges .. 43
nsols ... 172
nnonhsols 172
tsecs ... 1.177311
