xyz6=( 13.539001 37.793957 7.766527 )
xyz6=( 13.539001 37.793957 7.766527 )
xyz6=( 13.543528 37.794018 7.762474 )
xyz6=( 13.543528 37.794018 7.762474 )
xyz6=( 13.548087 37.794056 7.758412 )
xyz6=( 13.548087 37.794056 7.758412 )
xyz6=( 13.552680 37.794071 7.754341 )
xyz6=( 13.552680 37.794071 7.754341 )
xyz6=( 13.557305 37.794063 7.750262 )
xyz6=( 13.557305 37.794063 7.750262 )
xyz6=( 13.561964 37.794030 7.746173 )
xyz6=( 13.561964 37.794030 7.746173 )
xyz6=( 13.566658 37.793973 7.742075 )
xyz6=( 13.566658 37.793973 7.742075 )
xyz6=( 13.571386 37.793892 7.737968 )
xyz6=( 13.571386 37.793892 7.737968 )
xyz6=( 13.576149 37.793785 7.733851 )
xyz6=( 13.576149 37.793785 7.733851 )
xyz6=( 13.580947 37.793653 7.729724 )
xyz6=( 13.580947 37.793653 7.729724 )
xyz6=( 13.585782 37.793495 7.725588 )
xyz6=( 13.585782 37.793495 7.725588 )
xyz6=( 13.590654 37.793310 7.721442 )
xyz6=( 13.590654 37.793310 7.721442 )
xyz6=( 13.595563 37.793099 7.717286 )
xyz6=( 13.595563 37.793099 7.717286 )
xyz6=( 13.600510 37.792860 7.713120 )
xyz6=( 13.600510 37.792860 7.713120 )
xyz6=( 13.605495 37.792594 7.708944 )
xyz6=( 13.605495 37.792594 7.708944 )
xyz6=( 13.610520 37.792299 7.704757 )
xyz6=( 13.610520 37.792299 7.704757 )
xyz6=( 13.615584 37.791976 7.700560 )
xyz6=( 13.615584 37.791976 7.700560 )
xyz6=( 13.620689 37.791624 7.696353 )
xyz6=( 13.620689 37.791624 7.696353 )
xyz6=( 13.625834 37.791241 7.692134 )
xyz6=( 13.625834 37.791241 7.692134 )
xyz6=( 13.631022 37.790829 7.687905 )
xyz6=( 13.631022 37.790829 7.687905 )
xyz6=( 13.636252 37.790386 7.683664 )
xyz6=( 13.636252 37.790386 7.683664 )
xyz6=( 13.641526 37.789911 7.679413 )
xyz6=( 13.641526 37.789911 7.679413 )
xyz6=( 13.646843 37.789404 7.675150 )
xyz6=( 13.646843 37.789404 7.675150 )
xyz6=( 13.652205 37.788865 7.670875 )
xyz6=( 13.652205 37.788865 7.670875 )
xyz6=( 13.657613 37.788292 7.666588 )
xyz6=( 13.657613 37.788292 7.666588 )
xyz6=( 13.663068 37.787685 7.662290 )
xyz6=( 13.663068 37.787685 7.662290 )
xyz6=( 13.668570 37.787044 7.657979 )
xyz6=( 13.668570 37.787044 7.657979 )
xyz6=( 13.674120 37.786368 7.653656 )
xyz6=( 13.674120 37.786368 7.653656 )
xyz6=( 13.679720 37.785655 7.649321 )
xyz6=( 13.679720 37.785655 7.649321 )
xyz6=( 13.685370 37.784905 7.644973 )
xyz6=( 13.685370 37.784905 7.644973 )
xyz6=( 13.691072 37.784118 7.640611 )
xyz6=( 13.691072 37.784118 7.640611 )
xyz6=( 13.696825 37.783292 7.636237 )
xyz6=( 13.696825 37.783292 7.636237 )
xyz6=( 13.702633 37.782427 7.631849 )
xyz6=( 13.702633 37.782427 7.631849 )
xyz6=( 13.708495 37.781522 7.627447 )
xyz6=( 13.708495 37.781522 7.627447 )
xyz6=( 13.714413 37.780575 7.623031 )
xyz6=( 13.714413 37.780575 7.623031 )
xyz6=( 13.720388 37.779586 7.618601 )
xyz6=( 13.720388 37.779586 7.618601 )
xyz6=( 13.726421 37.778554 7.614156 )
xyz6=( 13.726421 37.778554 7.614156 )
xyz6=( 13.732514 37.777478 7.609697 )
xyz6=( 13.738669 37.776357 7.605222 )
xyz6=( 13.744886 37.775189 7.600732 )
xyz6=( 13.751168 37.773973 7.596226 )
xyz6=( 13.757515 37.772709 7.591704 )
xyz6=( 13.763931 37.771394 7.587165 )
xyz6=( 12.930375 37.299320 8.729238 )
xyz6=( 12.929036 37.291688 8.736978 )
xyz6=( 12.927747 37.283870 8.744833 )
xyz6=( 12.926511 37.275855 8.752811 )
xyz6=( 12.925331 37.267632 8.760917 )
xyz6=( 12.924212 37.259187 8.769161 )
xyz6=( 12.950005 37.380680 8.641998 )
xyz6=( 12.950005 37.380680 8.641998 )
xyz6=( 12.948808 37.376724 8.646454 )
xyz6=( 12.948808 37.376724 8.646454 )
xyz6=( 12.947627 37.372735 8.650924 )
xyz6=( 12.947627 37.372735 8.650924 )
xyz6=( 12.946464 37.368712 8.655409 )
xyz6=( 12.946464 37.368712 8.655409 )
xyz6=( 12.945317 37.364653 8.659909 )
xyz6=( 12.945317 37.364653 8.659909 )
xyz6=( 12.944187 37.360559 8.664424 )
xyz6=( 12.944187 37.360559 8.664424 )
xyz6=( 12.943075 37.356428 8.668955 )
xyz6=( 12.943075 37.356428 8.668955 )
xyz6=( 12.941981 37.352262 8.673501 )
xyz6=( 12.941981 37.352262 8.673501 )
xyz6=( 12.940905 37.348058 8.678064 )
xyz6=( 12.940905 37.348058 8.678064 )
xyz6=( 12.939847 37.343816 8.682642 )
xyz6=( 12.939847 37.343816 8.682642 )
xyz6=( 12.938808 37.339536 8.687237 )
xyz6=( 12.938808 37.339536 8.687237 )
xyz6=( 12.937788 37.335218 8.691849 )
xyz6=( 12.937788 37.335218 8.691849 )
xyz6=( 12.936787 37.330860 8.696477 )
xyz6=( 12.936787 37.330860 8.696477 )
xyz6=( 12.935806 37.326462 8.701122 )
xyz6=( 12.935806 37.326462 8.701122 )
xyz6=( 12.934845 37.322023 8.705785 )
xyz6=( 12.934845 37.322023 8.705785 )
xyz6=( 12.933904 37.317543 8.710465 )
xyz6=( 12.933904 37.317543 8.710465 )
xyz6=( 12.932984 37.313020 8.715163 )
xyz6=( 12.932984 37.313020 8.715163 )
xyz6=( 12.932085 37.308456 8.719879 )
xyz6=( 12.932085 37.308456 8.719879 )
xyz6=( 12.931208 37.303847 8.724613 )
xyz6=( 12.931208 37.303847 8.724613 )
xyz6=( 12.930352 37.299194 8.729366 )
xyz6=( 12.930352 37.299194 8.729366 )
xyz6=( 12.929519 37.294497 8.734138 )
xyz6=( 12.929519 37.294497 8.734138 )
xyz6=( 12.928709 37.289753 8.738929 )
xyz6=( 12.928709 37.289753 8.738929 )
xyz6=( 12.927922 37.284963 8.743739 )
xyz6=( 12.927922 37.284963 8.743739 )
xyz6=( 12.927159 37.280126 8.748570 )
xyz6=( 12.927159 37.280126 8.748570 )
xyz6=( 12.926419 37.275240 8.753420 )
xyz6=( 12.926419 37.275240 8.753420 )
xyz6=( 12.925705 37.270304 8.758292 )
xyz6=( 12.925705 37.270304 8.758292 )
xyz6=( 12.925015 37.265319 8.763184 )
xyz6=( 12.925015 37.265319 8.763184 )
xyz6=( 12.924352 37.260282 8.768097 )
xyz6=( 12.924352 37.260282 8.768097 )
xyz6=( 12.923714 37.255193 8.773033 )
xyz6=( 12.923714 37.255193 8.773033 )
xyz6=( 12.923104 37.250050 8.777990 )
xyz6=( 12.923104 37.250050 8.777990 )
xyz6=( 12.922521 37.244854 8.782970 )
xyz6=( 12.922521 37.244854 8.782970 )
xyz6=( 12.921965 37.239601 8.787972 )
xyz6=( 12.921965 37.239601 8.787972 )
xyz6=( 12.921439 37.234292 8.792999 )
xyz6=( 12.921439 37.234292 8.792999 )
xyz6=( 12.920942 37.228925 8.798049 )
xyz6=( 12.920942 37.228925 8.798049 )
xyz6=( 12.920475 37.223498 8.803123 )
xyz6=( 12.920475 37.223498 8.803123 )
xyz6=( 12.920039 37.218011 8.808223 )
xyz6=( 12.920039 37.218011 8.808223 )
xyz6=( 12.919634 37.212461 8.813348 )
xyz6=( 12.919634 37.212461 8.813348 )
xyz6=( 12.919262 37.206849 8.818499 )
xyz6=( 12.918923 37.201171 8.823676 )
xyz6=( 12.918618 37.195426 8.828881 )
xyz6=( 12.918347 37.189613 8.834113 )
xyz6=( 12.918113 37.183731 8.839374 )
xyz6=( 12.917916 37.177776 8.844664 )
xyz6=( 13.630883 37.790840 7.688018 )
xyz6=( 13.639376 37.790108 7.681143 )
xyz6=( 13.648056 37.789285 7.674181 )
xyz6=( 13.656933 37.788366 7.667127 )
xyz6=( 13.666018 37.787345 7.659975 )
xyz6=( 13.675326 37.786217 7.652721 )
