xyz6=( 13.537418 37.793930 7.767949 )
xyz6=( 13.537864 37.793938 7.767548 )
xyz6=( 13.538310 37.793945 7.767147 )
xyz6=( 13.538757 37.793953 7.766745 )
xyz6=( 13.539204 37.793960 7.766344 )
xyz6=( 13.539204 37.793960 7.766344 )
xyz6=( 13.539651 37.793967 7.765943 )
xyz6=( 13.539651 37.793967 7.765943 )
xyz6=( 13.540099 37.793974 7.765542 )
xyz6=( 13.540099 37.793974 7.765542 )
xyz6=( 13.540547 37.793980 7.765140 )
xyz6=( 13.540547 37.793980 7.765140 )
xyz6=( 13.540995 37.793987 7.764739 )
xyz6=( 13.540995 37.793987 7.764739 )
xyz6=( 13.541444 37.793993 7.764337 )
xyz6=( 13.541444 37.793993 7.764337 )
xyz6=( 13.541893 37.793998 7.763935 )
xyz6=( 13.541893 37.793998 7.763935 )
xyz6=( 13.542342 37.794004 7.763533 )
xyz6=( 13.542342 37.794004 7.763533 )
xyz6=( 13.542792 37.794010 7.763132 )
xyz6=( 13.542792 37.794010 7.763132 )
xyz6=( 13.543242 37.794015 7.762730 )
xyz6=( 13.543242 37.794015 7.762730 )
xyz6=( 13.543692 37.794020 7.762328 )
xyz6=( 13.543692 37.794020 7.762328 )
xyz6=( 13.544142 37.794024 7.761925 )
xyz6=( 13.544142 37.794024 7.761925 )
xyz6=( 13.544593 37.794029 7.761523 )
xyz6=( 13.544593 37.794029 7.761523 )
xyz6=( 13.545044 37.794033 7.761121 )
xyz6=( 13.545044 37.794033 7.761121 )
xyz6=( 13.545496 37.794037 7.760718 )
xyz6=( 13.545496 37.794037 7.760718 )
xyz6=( 13.545947 37.794041 7.760316 )
xyz6=( 13.545947 37.794041 7.760316 )
xyz6=( 13.546400 37.794045 7.759913 )
xyz6=( 13.546400 37.794045 7.759913 )
xyz6=( 13.546852 37.794048 7.759511 )
xyz6=( 13.546852 37.794048 7.759511 )
xyz6=( 13.547305 37.794051 7.759108 )
xyz6=( 13.547305 37.794051 7.759108 )
xyz6=( 13.547758 37.794054 7.758705 )
xyz6=( 13.547758 37.794054 7.758705 )
xyz6=( 13.548211 37.794057 7.758302 )
xyz6=( 13.548211 37.794057 7.758302 )
xyz6=( 13.548665 37.794059 7.757899 )
xyz6=( 13.548665 37.794059 7.757899 )
xyz6=( 13.549119 37.794062 7.757496 )
xyz6=( 13.549119 37.794062 7.757496 )
xyz6=( 13.549573 37.794064 7.757093 )
xyz6=( 13.549573 37.794064 7.757093 )
xyz6=( 13.550028 37.794066 7.756690 )
xyz6=( 13.550028 37.794066 7.756690 )
xyz6=( 13.550483 37.794067 7.756286 )
xyz6=( 13.550483 37.794067 7.756286 )
xyz6=( 13.550938 37.794068 7.755883 )
xyz6=( 13.550938 37.794068 7.755883 )
xyz6=( 13.551394 37.794070 7.755479 )
xyz6=( 13.551394 37.794070 7.755479 )
xyz6=( 13.551850 37.794070 7.755076 )
xyz6=( 13.551850 37.794070 7.755076 )
xyz6=( 13.552306 37.794071 7.754672 )
xyz6=( 13.552306 37.794071 7.754672 )
xyz6=( 13.552763 37.794071 7.754268 )
xyz6=( 13.552763 37.794071 7.754268 )
xyz6=( 13.553220 37.794072 7.753864 )
xyz6=( 13.553220 37.794072 7.753864 )
xyz6=( 13.553677 37.794072 7.753460 )
xyz6=( 13.553677 37.794072 7.753460 )
xyz6=( 13.554135 37.794071 7.753056 )
xyz6=( 13.554135 37.794071 7.753056 )
xyz6=( 13.554593 37.794071 7.752652 )
xyz6=( 13.554593 37.794071 7.752652 )
xyz6=( 13.555051 37.794070 7.752248 )
xyz6=( 13.555051 37.794070 7.752248 )
xyz6=( 13.555509 37.794069 7.751843 )
xyz6=( 13.555509 37.794069 7.751843 )
xyz6=( 13.555968 37.794068 7.751439 )
xyz6=( 13.555968 37.794068 7.751439 )
xyz6=( 13.556428 37.794066 7.751034 )
xyz6=( 13.556428 37.794066 7.751034 )
xyz6=( 13.556887 37.794065 7.750630 )
xyz6=( 13.556887 37.794065 7.750630 )
xyz6=( 13.557347 37.794063 7.750225 )
xyz6=( 13.557347 37.794063 7.750225 )
xyz6=( 13.557807 37.794061 7.749820 )
xyz6=( 13.557807 37.794061 7.749820 )
xyz6=( 13.558268 37.794058 7.749415 )
xyz6=( 13.558268 37.794058 7.749415 )
xyz6=( 13.558729 37.794055 7.749010 )
xyz6=( 13.558729 37.794055 7.749010 )
xyz6=( 13.559190 37.794053 7.748605 )
xyz6=( 13.559190 37.794053 7.748605 )
xyz6=( 13.559652 37.794049 7.748200 )
xyz6=( 13.559652 37.794049 7.748200 )
xyz6=( 13.560113 37.794046 7.747795 )
xyz6=( 13.560113 37.794046 7.747795 )
xyz6=( 13.560576 37.794043 7.747390 )
xyz6=( 13.560576 37.794043 7.747390 )
xyz6=( 13.561038 37.794039 7.746984 )
xyz6=( 13.561038 37.794039 7.746984 )
xyz6=( 13.561501 37.794035 7.746579 )
xyz6=( 13.561501 37.794035 7.746579 )
xyz6=( 13.561964 37.794030 7.746173 )
xyz6=( 13.561964 37.794030 7.746173 )
xyz6=( 13.562428 37.794026 7.745767 )
xyz6=( 13.562428 37.794026 7.745767 )
xyz6=( 13.562892 37.794021 7.745362 )
xyz6=( 13.562892 37.794021 7.745362 )
xyz6=( 13.563356 37.794016 7.744956 )
xyz6=( 13.563356 37.794016 7.744956 )
xyz6=( 13.563821 37.794011 7.744550 )
xyz6=( 13.563821 37.794011 7.744550 )
xyz6=( 13.564286 37.794005 7.744144 )
xyz6=( 13.564286 37.794005 7.744144 )
xyz6=( 13.564751 37.793999 7.743737 )
xyz6=( 13.564751 37.793999 7.743737 )
xyz6=( 13.565216 37.793994 7.743331 )
xyz6=( 13.565216 37.793994 7.743331 )
xyz6=( 13.565682 37.793987 7.742925 )
xyz6=( 13.565682 37.793987 7.742925 )
xyz6=( 13.566149 37.793981 7.742518 )
xyz6=( 13.566149 37.793981 7.742518 )
xyz6=( 13.566615 37.793974 7.742112 )
xyz6=( 13.566615 37.793974 7.742112 )
xyz6=( 13.567082 37.793967 7.741705 )
xyz6=( 13.567082 37.793967 7.741705 )
xyz6=( 13.567549 37.793960 7.741299 )
xyz6=( 13.567549 37.793960 7.741299 )
xyz6=( 13.568017 37.793953 7.740892 )
xyz6=( 13.568017 37.793953 7.740892 )
xyz6=( 13.568485 37.793945 7.740485 )
xyz6=( 13.568485 37.793945 7.740485 )
xyz6=( 13.568953 37.793937 7.740078 )
xyz6=( 13.568953 37.793937 7.740078 )
xyz6=( 13.569422 37.793929 7.739671 )
xyz6=( 13.569422 37.793929 7.739671 )
xyz6=( 13.569891 37.793920 7.739264 )
xyz6=( 13.569891 37.793920 7.739264 )
xyz6=( 13.570360 37.793912 7.738856 )
xyz6=( 13.570360 37.793912 7.738856 )
xyz6=( 13.570830 37.793903 7.738449 )
xyz6=( 13.570830 37.793903 7.738449 )
xyz6=( 13.571300 37.793894 7.738042 )
xyz6=( 13.571300 37.793894 7.738042 )
xyz6=( 13.571770 37.793884 7.737634 )
xyz6=( 13.571770 37.793884 7.737634 )
xyz6=( 13.572241 37.793875 7.737226 )
xyz6=( 13.572241 37.793875 7.737226 )
xyz6=( 13.572712 37.793865 7.736819 )
xyz6=( 13.572712 37.793865 7.736819 )
xyz6=( 13.573184 37.793854 7.736411 )
xyz6=( 13.573184 37.793854 7.736411 )
xyz6=( 13.573655 37.793844 7.736003 )
xyz6=( 13.573655 37.793844 7.736003 )
xyz6=( 13.574127 37.793833 7.735595 )
xyz6=( 13.574127 37.793833 7.735595 )
xyz6=( 13.574600 37.793823 7.735187 )
xyz6=( 13.574600 37.793823 7.735187 )
xyz6=( 13.575073 37.793811 7.734779 )
xyz6=( 13.575073 37.793811 7.734779 )
xyz6=( 13.575546 37.793800 7.734370 )
xyz6=( 13.575546 37.793800 7.734370 )
xyz6=( 13.576019 37.793788 7.733962 )
xyz6=( 13.576019 37.793788 7.733962 )
xyz6=( 13.576493 37.793776 7.733554 )
xyz6=( 13.576493 37.793776 7.733554 )
xyz6=( 13.576967 37.793764 7.733145 )
xyz6=( 13.576967 37.793764 7.733145 )
xyz6=( 13.577442 37.793752 7.732736 )
xyz6=( 13.577442 37.793752 7.732736 )
xyz6=( 13.577917 37.793739 7.732328 )
xyz6=( 13.577917 37.793739 7.732328 )
xyz6=( 13.578392 37.793726 7.731919 )
xyz6=( 13.578392 37.793726 7.731919 )
xyz6=( 13.578868 37.793713 7.731510 )
xyz6=( 13.578868 37.793713 7.731510 )
xyz6=( 13.579344 37.793700 7.731101 )
xyz6=( 13.579344 37.793700 7.731101 )
xyz6=( 13.579820 37.793686 7.730692 )
xyz6=( 13.579820 37.793686 7.730692 )
xyz6=( 13.580297 37.793672 7.730282 )
xyz6=( 13.580297 37.793672 7.730282 )
xyz6=( 13.580774 37.793658 7.729873 )
xyz6=( 13.580774 37.793658 7.729873 )
xyz6=( 13.581251 37.793644 7.729464 )
xyz6=( 13.581251 37.793644 7.729464 )
xyz6=( 13.581729 37.793629 7.729054 )
xyz6=( 13.581729 37.793629 7.729054 )
xyz6=( 13.582207 37.793614 7.728644 )
xyz6=( 13.582207 37.793614 7.728644 )
xyz6=( 13.582685 37.793599 7.728235 )
xyz6=( 13.582685 37.793599 7.728235 )
xyz6=( 13.583164 37.793583 7.727825 )
xyz6=( 13.583164 37.793583 7.727825 )
xyz6=( 13.583643 37.793568 7.727415 )
xyz6=( 13.583643 37.793568 7.727415 )
xyz6=( 13.584123 37.793552 7.727005 )
xyz6=( 13.584123 37.793552 7.727005 )
xyz6=( 13.584603 37.793536 7.726595 )
xyz6=( 13.584603 37.793536 7.726595 )
xyz6=( 13.585083 37.793519 7.726185 )
xyz6=( 13.585083 37.793519 7.726185 )
xyz6=( 13.585564 37.793502 7.725774 )
xyz6=( 13.585564 37.793502 7.725774 )
xyz6=( 13.586045 37.793485 7.725364 )
xyz6=( 13.586045 37.793485 7.725364 )
xyz6=( 13.586526 37.793468 7.724954 )
xyz6=( 13.586526 37.793468 7.724954 )
xyz6=( 13.587008 37.793451 7.724543 )
xyz6=( 13.587008 37.793451 7.724543 )
xyz6=( 13.587490 37.793433 7.724132 )
xyz6=( 13.587490 37.793433 7.724132 )
xyz6=( 13.587972 37.793415 7.723722 )
xyz6=( 13.587972 37.793415 7.723722 )
xyz6=( 13.588455 37.793397 7.723311 )
xyz6=( 13.588455 37.793397 7.723311 )
xyz6=( 13.588938 37.793378 7.722900 )
xyz6=( 13.588938 37.793378 7.722900 )
xyz6=( 13.589422 37.793359 7.722489 )
xyz6=( 13.589422 37.793359 7.722489 )
xyz6=( 13.589905 37.793340 7.722078 )
xyz6=( 13.589905 37.793340 7.722078 )
xyz6=( 13.590390 37.793321 7.721666 )
xyz6=( 13.590390 37.793321 7.721666 )
xyz6=( 13.590874 37.793301 7.721255 )
xyz6=( 13.590874 37.793301 7.721255 )
xyz6=( 13.591359 37.793281 7.720844 )
xyz6=( 13.591359 37.793281 7.720844 )
xyz6=( 13.591845 37.793261 7.720432 )
xyz6=( 13.591845 37.793261 7.720432 )
xyz6=( 13.592330 37.793241 7.720020 )
xyz6=( 13.592330 37.793241 7.720020 )
xyz6=( 13.592816 37.793220 7.719609 )
xyz6=( 13.592816 37.793220 7.719609 )
xyz6=( 13.593303 37.793199 7.719197 )
xyz6=( 13.593303 37.793199 7.719197 )
xyz6=( 13.593790 37.793178 7.718785 )
xyz6=( 13.593790 37.793178 7.718785 )
xyz6=( 13.594277 37.793157 7.718373 )
xyz6=( 13.594277 37.793157 7.718373 )
xyz6=( 13.594764 37.793135 7.717961 )
xyz6=( 13.594764 37.793135 7.717961 )
xyz6=( 13.595252 37.793113 7.717548 )
xyz6=( 13.595252 37.793113 7.717548 )
xyz6=( 13.595741 37.793091 7.717136 )
xyz6=( 13.595741 37.793091 7.717136 )
xyz6=( 13.596229 37.793068 7.716724 )
xyz6=( 13.596229 37.793068 7.716724 )
xyz6=( 13.596718 37.793045 7.716311 )
xyz6=( 13.596718 37.793045 7.716311 )
xyz6=( 13.597208 37.793022 7.715898 )
xyz6=( 13.597208 37.793022 7.715898 )
xyz6=( 13.597697 37.792999 7.715486 )
xyz6=( 13.597697 37.792999 7.715486 )
xyz6=( 13.598188 37.792975 7.715073 )
xyz6=( 13.598188 37.792975 7.715073 )
xyz6=( 13.598678 37.792952 7.714660 )
xyz6=( 13.598678 37.792952 7.714660 )
xyz6=( 13.599169 37.792927 7.714247 )
xyz6=( 13.599169 37.792927 7.714247 )
xyz6=( 13.599660 37.792903 7.713834 )
xyz6=( 13.599660 37.792903 7.713834 )
xyz6=( 13.600152 37.792878 7.713421 )
xyz6=( 13.600152 37.792878 7.713421 )
xyz6=( 13.600644 37.792853 7.713007 )
xyz6=( 13.600644 37.792853 7.713007 )
xyz6=( 13.601136 37.792828 7.712594 )
xyz6=( 13.601136 37.792828 7.712594 )
xyz6=( 13.601629 37.792803 7.712180 )
xyz6=( 13.601629 37.792803 7.712180 )
xyz6=( 13.602122 37.792777 7.711767 )
xyz6=( 13.602122 37.792777 7.711767 )
xyz6=( 13.602616 37.792751 7.711353 )
xyz6=( 13.602616 37.792751 7.711353 )
xyz6=( 13.603110 37.792725 7.710939 )
xyz6=( 13.603110 37.792725 7.710939 )
xyz6=( 13.603604 37.792698 7.710525 )
xyz6=( 13.603604 37.792698 7.710525 )
xyz6=( 13.604099 37.792671 7.710111 )
xyz6=( 13.604099 37.792671 7.710111 )
xyz6=( 13.604594 37.792644 7.709697 )
xyz6=( 13.604594 37.792644 7.709697 )
xyz6=( 13.605090 37.792616 7.709283 )
xyz6=( 13.605090 37.792616 7.709283 )
xyz6=( 13.605585 37.792589 7.708868 )
xyz6=( 13.605585 37.792589 7.708868 )
xyz6=( 13.606082 37.792561 7.708454 )
xyz6=( 13.606082 37.792561 7.708454 )
xyz6=( 13.606578 37.792533 7.708039 )
xyz6=( 13.606578 37.792533 7.708039 )
xyz6=( 13.607075 37.792504 7.707625 )
xyz6=( 13.607075 37.792504 7.707625 )
xyz6=( 13.607573 37.792475 7.707210 )
xyz6=( 13.607573 37.792475 7.707210 )
xyz6=( 13.608070 37.792446 7.706795 )
xyz6=( 13.608070 37.792446 7.706795 )
xyz6=( 13.608569 37.792417 7.706380 )
xyz6=( 13.608569 37.792417 7.706380 )
xyz6=( 13.609067 37.792387 7.705965 )
xyz6=( 13.609067 37.792387 7.705965 )
xyz6=( 13.609566 37.792357 7.705550 )
xyz6=( 13.609566 37.792357 7.705550 )
xyz6=( 13.610065 37.792327 7.705135 )
xyz6=( 13.610065 37.792327 7.705135 )
xyz6=( 13.610565 37.792297 7.704719 )
xyz6=( 13.610565 37.792297 7.704719 )
xyz6=( 13.611065 37.792266 7.704304 )
xyz6=( 13.611065 37.792266 7.704304 )
xyz6=( 13.611566 37.792235 7.703888 )
xyz6=( 13.611566 37.792235 7.703888 )
xyz6=( 13.612067 37.792203 7.703473 )
xyz6=( 13.612067 37.792203 7.703473 )
xyz6=( 13.612568 37.792172 7.703057 )
xyz6=( 13.612568 37.792172 7.703057 )
xyz6=( 13.613070 37.792140 7.702641 )
xyz6=( 13.613070 37.792140 7.702641 )
xyz6=( 13.613572 37.792108 7.702225 )
xyz6=( 13.613572 37.792108 7.702225 )
xyz6=( 13.614074 37.792075 7.701809 )
xyz6=( 13.614074 37.792075 7.701809 )
xyz6=( 13.614577 37.792042 7.701393 )
xyz6=( 13.614577 37.792042 7.701393 )
xyz6=( 13.615080 37.792009 7.700977 )
xyz6=( 13.615080 37.792009 7.700977 )
xyz6=( 13.615584 37.791976 7.700560 )
xyz6=( 13.615584 37.791976 7.700560 )
xyz6=( 13.616088 37.791942 7.700144 )
xyz6=( 13.616088 37.791942 7.700144 )
xyz6=( 13.616592 37.791909 7.699727 )
xyz6=( 13.616592 37.791909 7.699727 )
xyz6=( 13.617097 37.791874 7.699310 )
xyz6=( 13.617097 37.791874 7.699310 )
xyz6=( 13.617603 37.791840 7.698894 )
xyz6=( 13.617603 37.791840 7.698894 )
xyz6=( 13.618108 37.791805 7.698477 )
xyz6=( 13.618108 37.791805 7.698477 )
xyz6=( 13.618614 37.791770 7.698060 )
xyz6=( 13.618614 37.791770 7.698060 )
xyz6=( 13.619121 37.791735 7.697643 )
xyz6=( 13.619121 37.791735 7.697643 )
xyz6=( 13.619628 37.791699 7.697225 )
xyz6=( 13.619628 37.791699 7.697225 )
xyz6=( 13.620135 37.791663 7.696808 )
xyz6=( 13.620135 37.791663 7.696808 )
xyz6=( 13.620643 37.791627 7.696390 )
xyz6=( 13.620643 37.791627 7.696390 )
xyz6=( 13.621151 37.791590 7.695973 )
xyz6=( 13.621151 37.791590 7.695973 )
xyz6=( 13.621659 37.791554 7.695555 )
xyz6=( 13.621659 37.791554 7.695555 )
xyz6=( 13.622168 37.791517 7.695138 )
xyz6=( 13.622168 37.791517 7.695138 )
xyz6=( 13.622677 37.791479 7.694720 )
xyz6=( 13.622677 37.791479 7.694720 )
xyz6=( 13.623187 37.791441 7.694302 )
xyz6=( 13.623187 37.791441 7.694302 )
xyz6=( 13.623697 37.791403 7.693884 )
xyz6=( 13.623697 37.791403 7.693884 )
xyz6=( 13.624207 37.791365 7.693465 )
xyz6=( 13.624207 37.791365 7.693465 )
xyz6=( 13.624718 37.791327 7.693047 )
xyz6=( 13.624718 37.791327 7.693047 )
xyz6=( 13.625230 37.791288 7.692629 )
xyz6=( 13.625230 37.791288 7.692629 )
xyz6=( 13.625741 37.791249 7.692210 )
xyz6=( 13.625741 37.791249 7.692210 )
xyz6=( 13.626254 37.791209 7.691792 )
xyz6=( 13.626254 37.791209 7.691792 )
xyz6=( 13.626766 37.791169 7.691373 )
xyz6=( 13.626766 37.791169 7.691373 )
xyz6=( 13.627279 37.791129 7.690954 )
xyz6=( 13.627279 37.791129 7.690954 )
xyz6=( 13.627792 37.791089 7.690535 )
xyz6=( 13.627792 37.791089 7.690535 )
xyz6=( 13.628306 37.791048 7.690116 )
xyz6=( 13.628306 37.791048 7.690116 )
xyz6=( 13.628820 37.791007 7.689697 )
xyz6=( 13.628820 37.791007 7.689697 )
xyz6=( 13.629335 37.790966 7.689278 )
xyz6=( 13.629335 37.790966 7.689278 )
xyz6=( 13.629850 37.790925 7.688858 )
xyz6=( 13.629850 37.790925 7.688858 )
xyz6=( 13.630365 37.790883 7.688439 )
xyz6=( 13.630365 37.790883 7.688439 )
xyz6=( 13.630881 37.790841 7.688019 )
xyz6=( 13.630881 37.790841 7.688019 )
xyz6=( 13.631398 37.790798 7.687600 )
xyz6=( 13.631398 37.790798 7.687600 )
xyz6=( 13.631914 37.790755 7.687180 )
xyz6=( 13.631914 37.790755 7.687180 )
xyz6=( 13.632431 37.790712 7.686760 )
xyz6=( 13.632431 37.790712 7.686760 )
xyz6=( 13.632949 37.790669 7.686340 )
xyz6=( 13.632949 37.790669 7.686340 )
xyz6=( 13.633467 37.790625 7.685920 )
xyz6=( 13.633467 37.790625 7.685920 )
xyz6=( 13.633985 37.790581 7.685499 )
xyz6=( 13.633985 37.790581 7.685499 )
xyz6=( 13.634504 37.790537 7.685079 )
xyz6=( 13.634504 37.790537 7.685079 )
xyz6=( 13.635023 37.790492 7.684659 )
xyz6=( 13.635023 37.790492 7.684659 )
xyz6=( 13.635543 37.790447 7.684238 )
xyz6=( 13.635543 37.790447 7.684238 )
xyz6=( 13.636063 37.790402 7.683817 )
xyz6=( 13.636063 37.790402 7.683817 )
xyz6=( 13.636583 37.790357 7.683397 )
xyz6=( 13.636583 37.790357 7.683397 )
xyz6=( 13.637104 37.790311 7.682976 )
xyz6=( 13.637104 37.790311 7.682976 )
xyz6=( 13.637626 37.790265 7.682555 )
xyz6=( 13.637626 37.790265 7.682555 )
xyz6=( 13.638148 37.790218 7.682133 )
xyz6=( 13.638148 37.790218 7.682133 )
xyz6=( 13.638670 37.790171 7.681712 )
xyz6=( 13.638670 37.790171 7.681712 )
xyz6=( 13.639192 37.790124 7.681291 )
xyz6=( 13.639192 37.790124 7.681291 )
xyz6=( 13.639715 37.790077 7.680869 )
xyz6=( 13.639715 37.790077 7.680869 )
xyz6=( 13.640239 37.790029 7.680448 )
xyz6=( 13.640239 37.790029 7.680448 )
xyz6=( 13.640763 37.789981 7.680026 )
xyz6=( 13.640763 37.789981 7.680026 )
xyz6=( 13.641287 37.789933 7.679604 )
xyz6=( 13.641287 37.789933 7.679604 )
xyz6=( 13.641812 37.789884 7.679182 )
xyz6=( 13.641812 37.789884 7.679182 )
xyz6=( 13.642337 37.789835 7.678760 )
xyz6=( 13.642337 37.789835 7.678760 )
xyz6=( 13.642863 37.789786 7.678338 )
xyz6=( 13.642863 37.789786 7.678338 )
xyz6=( 13.643389 37.789737 7.677916 )
xyz6=( 13.643389 37.789737 7.677916 )
xyz6=( 13.643915 37.789687 7.677494 )
xyz6=( 13.643915 37.789687 7.677494 )
xyz6=( 13.644442 37.789636 7.677071 )
xyz6=( 13.644442 37.789636 7.677071 )
xyz6=( 13.644970 37.789586 7.676649 )
xyz6=( 13.644970 37.789586 7.676649 )
xyz6=( 13.645498 37.789535 7.676226 )
xyz6=( 13.645498 37.789535 7.676226 )
xyz6=( 13.646026 37.789484 7.675803 )
xyz6=( 13.646026 37.789484 7.675803 )
xyz6=( 13.646555 37.789432 7.675380 )
xyz6=( 13.646555 37.789432 7.675380 )
xyz6=( 13.647084 37.789381 7.674957 )
xyz6=( 13.647084 37.789381 7.674957 )
xyz6=( 13.647613 37.789328 7.674534 )
xyz6=( 13.647613 37.789328 7.674534 )
xyz6=( 13.648143 37.789276 7.674111 )
xyz6=( 13.648143 37.789276 7.674111 )
xyz6=( 13.648674 37.789223 7.673687 )
xyz6=( 13.648674 37.789223 7.673687 )
xyz6=( 13.649205 37.789170 7.673264 )
xyz6=( 13.649205 37.789170 7.673264 )
xyz6=( 13.649736 37.789117 7.672840 )
xyz6=( 13.649736 37.789117 7.672840 )
xyz6=( 13.650268 37.789063 7.672417 )
xyz6=( 13.650268 37.789063 7.672417 )
xyz6=( 13.650800 37.789009 7.671993 )
xyz6=( 13.650800 37.789009 7.671993 )
xyz6=( 13.651333 37.788954 7.671569 )
xyz6=( 13.651333 37.788954 7.671569 )
xyz6=( 13.651866 37.788900 7.671145 )
xyz6=( 13.651866 37.788900 7.671145 )
xyz6=( 13.652400 37.788845 7.670721 )
xyz6=( 13.652400 37.788845 7.670721 )
xyz6=( 13.652934 37.788789 7.670296 )
xyz6=( 13.652934 37.788789 7.670296 )
xyz6=( 13.653468 37.788734 7.669872 )
xyz6=( 13.653468 37.788734 7.669872 )
xyz6=( 13.654003 37.788678 7.669447 )
xyz6=( 13.654003 37.788678 7.669447 )
xyz6=( 13.654538 37.788621 7.669023 )
xyz6=( 13.654538 37.788621 7.669023 )
xyz6=( 13.655074 37.788565 7.668598 )
xyz6=( 13.655074 37.788565 7.668598 )
xyz6=( 13.655611 37.788508 7.668173 )
xyz6=( 13.655611 37.788508 7.668173 )
xyz6=( 13.656147 37.788450 7.667748 )
xyz6=( 13.656147 37.788450 7.667748 )
xyz6=( 13.656685 37.788392 7.667323 )
xyz6=( 13.656685 37.788392 7.667323 )
xyz6=( 13.657222 37.788334 7.666898 )
xyz6=( 13.657222 37.788334 7.666898 )
xyz6=( 13.657760 37.788276 7.666472 )
xyz6=( 13.657760 37.788276 7.666472 )
xyz6=( 13.658299 37.788217 7.666047 )
xyz6=( 13.658299 37.788217 7.666047 )
xyz6=( 13.658838 37.788158 7.665621 )
xyz6=( 13.658838 37.788158 7.665621 )
xyz6=( 13.659377 37.788099 7.665196 )
xyz6=( 13.659377 37.788099 7.665196 )
xyz6=( 13.659917 37.788039 7.664770 )
xyz6=( 13.659917 37.788039 7.664770 )
xyz6=( 13.660458 37.787979 7.664344 )
xyz6=( 13.660458 37.787979 7.664344 )
xyz6=( 13.660999 37.787919 7.663918 )
xyz6=( 13.660999 37.787919 7.663918 )
xyz6=( 13.661540 37.787858 7.663492 )
xyz6=( 13.661540 37.787858 7.663492 )
xyz6=( 13.662082 37.787797 7.663065 )
xyz6=( 13.662082 37.787797 7.663065 )
xyz6=( 13.662624 37.787736 7.662639 )
xyz6=( 13.662624 37.787736 7.662639 )
xyz6=( 13.663167 37.787674 7.662212 )
xyz6=( 13.663167 37.787674 7.662212 )
xyz6=( 13.663710 37.787612 7.661786 )
xyz6=( 13.663710 37.787612 7.661786 )
xyz6=( 13.664254 37.787550 7.661359 )
xyz6=( 13.664254 37.787550 7.661359 )
xyz6=( 13.664798 37.787487 7.660932 )
xyz6=( 13.664798 37.787487 7.660932 )
xyz6=( 13.665342 37.787424 7.660505 )
xyz6=( 13.665342 37.787424 7.660505 )
xyz6=( 13.665887 37.787361 7.660078 )
xyz6=( 13.665887 37.787361 7.660078 )
xyz6=( 13.666433 37.787297 7.659651 )
xyz6=( 13.666433 37.787297 7.659651 )
xyz6=( 13.666979 37.787233 7.659223 )
xyz6=( 13.666979 37.787233 7.659223 )
xyz6=( 13.667525 37.787168 7.658796 )
xyz6=( 13.667525 37.787168 7.658796 )
xyz6=( 13.668072 37.787103 7.658368 )
xyz6=( 13.668072 37.787103 7.658368 )
xyz6=( 13.668620 37.787038 7.657940 )
xyz6=( 13.668620 37.787038 7.657940 )
xyz6=( 13.669168 37.786973 7.657513 )
xyz6=( 13.669168 37.786973 7.657513 )
xyz6=( 13.669716 37.786907 7.657085 )
xyz6=( 13.669716 37.786907 7.657085 )
xyz6=( 13.670265 37.786841 7.656657 )
xyz6=( 13.670265 37.786841 7.656657 )
xyz6=( 13.670814 37.786774 7.656228 )
xyz6=( 13.670814 37.786774 7.656228 )
xyz6=( 13.671364 37.786707 7.655800 )
xyz6=( 13.671364 37.786707 7.655800 )
xyz6=( 13.671914 37.786640 7.655371 )
xyz6=( 13.671914 37.786640 7.655371 )
xyz6=( 13.672465 37.786572 7.654943 )
xyz6=( 13.672465 37.786572 7.654943 )
xyz6=( 13.673016 37.786504 7.654514 )
xyz6=( 13.673016 37.786504 7.654514 )
xyz6=( 13.673568 37.786436 7.654085 )
xyz6=( 13.673568 37.786436 7.654085 )
xyz6=( 13.674120 37.786368 7.653656 )
xyz6=( 13.674120 37.786368 7.653656 )
xyz6=( 13.674673 37.786299 7.653227 )
xyz6=( 13.674673 37.786299 7.653227 )
xyz6=( 13.675226 37.786229 7.652798 )
xyz6=( 13.675226 37.786229 7.652798 )
xyz6=( 13.675780 37.786159 7.652369 )
xyz6=( 13.675780 37.786159 7.652369 )
xyz6=( 13.676334 37.786089 7.651939 )
xyz6=( 13.676334 37.786089 7.651939 )
xyz6=( 13.676889 37.786019 7.651510 )
xyz6=( 13.676889 37.786019 7.651510 )
xyz6=( 13.677444 37.785948 7.651080 )
xyz6=( 13.677444 37.785948 7.651080 )
xyz6=( 13.678000 37.785877 7.650650 )
xyz6=( 13.678000 37.785877 7.650650 )
xyz6=( 13.678556 37.785805 7.650220 )
xyz6=( 13.678556 37.785805 7.650220 )
xyz6=( 13.679112 37.785734 7.649790 )
xyz6=( 13.679112 37.785734 7.649790 )
xyz6=( 13.679669 37.785661 7.649360 )
xyz6=( 13.679669 37.785661 7.649360 )
xyz6=( 13.680227 37.785589 7.648930 )
xyz6=( 13.680227 37.785589 7.648930 )
xyz6=( 13.680785 37.785516 7.648499 )
xyz6=( 13.680785 37.785516 7.648499 )
xyz6=( 13.681344 37.785442 7.648069 )
xyz6=( 13.681344 37.785442 7.648069 )
xyz6=( 13.681903 37.785369 7.647638 )
xyz6=( 13.681903 37.785369 7.647638 )
xyz6=( 13.682462 37.785295 7.647207 )
xyz6=( 13.682462 37.785295 7.647207 )
xyz6=( 13.683023 37.785220 7.646776 )
xyz6=( 13.683023 37.785220 7.646776 )
xyz6=( 13.683583 37.785146 7.646345 )
xyz6=( 13.683583 37.785146 7.646345 )
xyz6=( 13.684144 37.785070 7.645914 )
xyz6=( 13.684144 37.785070 7.645914 )
xyz6=( 13.684706 37.784995 7.645482 )
xyz6=( 13.684706 37.784995 7.645482 )
xyz6=( 13.685268 37.784919 7.645051 )
xyz6=( 13.685268 37.784919 7.645051 )
xyz6=( 13.685831 37.784843 7.644619 )
xyz6=( 13.685831 37.784843 7.644619 )
xyz6=( 13.686394 37.784766 7.644188 )
xyz6=( 13.686394 37.784766 7.644188 )
xyz6=( 13.686957 37.784689 7.643756 )
xyz6=( 13.686957 37.784689 7.643756 )
xyz6=( 13.687521 37.784612 7.643324 )
xyz6=( 13.687521 37.784612 7.643324 )
xyz6=( 13.688086 37.784534 7.642892 )
xyz6=( 13.688086 37.784534 7.642892 )
xyz6=( 13.688651 37.784456 7.642460 )
xyz6=( 13.688651 37.784456 7.642460 )
xyz6=( 13.689217 37.784377 7.642027 )
xyz6=( 13.689217 37.784377 7.642027 )
xyz6=( 13.689783 37.784299 7.641595 )
xyz6=( 13.689783 37.784299 7.641595 )
xyz6=( 13.690350 37.784219 7.641162 )
xyz6=( 13.690350 37.784219 7.641162 )
xyz6=( 13.690917 37.784140 7.640729 )
xyz6=( 13.690917 37.784140 7.640729 )
xyz6=( 13.691484 37.784060 7.640296 )
xyz6=( 13.691484 37.784060 7.640296 )
xyz6=( 13.692053 37.783979 7.639863 )
xyz6=( 13.692053 37.783979 7.639863 )
xyz6=( 13.692621 37.783899 7.639430 )
xyz6=( 13.692621 37.783899 7.639430 )
xyz6=( 13.693191 37.783817 7.638997 )
xyz6=( 13.693191 37.783817 7.638997 )
xyz6=( 13.693760 37.783736 7.638564 )
xyz6=( 13.693760 37.783736 7.638564 )
xyz6=( 13.694331 37.783654 7.638130 )
xyz6=( 13.694331 37.783654 7.638130 )
xyz6=( 13.694902 37.783572 7.637696 )
xyz6=( 13.694902 37.783572 7.637696 )
xyz6=( 13.695473 37.783489 7.637263 )
xyz6=( 13.695473 37.783489 7.637263 )
xyz6=( 13.696045 37.783406 7.636829 )
xyz6=( 13.696045 37.783406 7.636829 )
xyz6=( 13.696617 37.783323 7.636395 )
xyz6=( 13.696617 37.783323 7.636395 )
xyz6=( 13.697190 37.783239 7.635960 )
xyz6=( 13.697190 37.783239 7.635960 )
xyz6=( 13.697763 37.783155 7.635526 )
xyz6=( 13.697763 37.783155 7.635526 )
xyz6=( 13.698337 37.783070 7.635092 )
xyz6=( 13.698337 37.783070 7.635092 )
xyz6=( 13.698912 37.782985 7.634657 )
xyz6=( 13.698912 37.782985 7.634657 )
xyz6=( 13.699487 37.782900 7.634222 )
xyz6=( 13.699487 37.782900 7.634222 )
xyz6=( 13.700062 37.782814 7.633787 )
xyz6=( 13.700062 37.782814 7.633787 )
xyz6=( 13.700638 37.782728 7.633352 )
xyz6=( 13.700638 37.782728 7.633352 )
xyz6=( 13.701215 37.782641 7.632917 )
xyz6=( 13.701215 37.782641 7.632917 )
xyz6=( 13.701792 37.782554 7.632482 )
xyz6=( 13.701792 37.782554 7.632482 )
xyz6=( 13.702370 37.782467 7.632047 )
xyz6=( 13.702370 37.782467 7.632047 )
xyz6=( 13.702948 37.782379 7.631611 )
xyz6=( 13.702948 37.782379 7.631611 )
xyz6=( 13.703527 37.782291 7.631175 )
xyz6=( 13.703527 37.782291 7.631175 )
xyz6=( 13.704106 37.782202 7.630740 )
xyz6=( 13.704106 37.782202 7.630740 )
xyz6=( 13.704686 37.782114 7.630304 )
xyz6=( 13.704686 37.782114 7.630304 )
xyz6=( 13.705266 37.782024 7.629868 )
xyz6=( 13.705266 37.782024 7.629868 )
xyz6=( 13.705847 37.781934 7.629431 )
xyz6=( 13.705847 37.781934 7.629431 )
xyz6=( 13.706429 37.781844 7.628995 )
xyz6=( 13.706429 37.781844 7.628995 )
xyz6=( 13.707011 37.781754 7.628559 )
xyz6=( 13.707011 37.781754 7.628559 )
xyz6=( 13.707593 37.781663 7.628122 )
xyz6=( 13.707593 37.781663 7.628122 )
xyz6=( 13.708176 37.781572 7.627685 )
xyz6=( 13.708176 37.781572 7.627685 )
xyz6=( 13.708760 37.781480 7.627248 )
xyz6=( 13.708760 37.781480 7.627248 )
xyz6=( 13.709344 37.781388 7.626811 )
xyz6=( 13.709344 37.781388 7.626811 )
xyz6=( 13.709929 37.781295 7.626374 )
xyz6=( 13.709929 37.781295 7.626374 )
xyz6=( 13.710514 37.781202 7.625937 )
xyz6=( 13.710514 37.781202 7.625937 )
xyz6=( 13.711100 37.781109 7.625499 )
xyz6=( 13.711100 37.781109 7.625499 )
xyz6=( 13.711687 37.781015 7.625062 )
xyz6=( 13.711687 37.781015 7.625062 )
xyz6=( 13.712273 37.780921 7.624624 )
xyz6=( 13.712273 37.780921 7.624624 )
xyz6=( 13.712861 37.780826 7.624186 )
xyz6=( 13.712861 37.780826 7.624186 )
xyz6=( 13.713449 37.780731 7.623748 )
xyz6=( 13.713449 37.780731 7.623748 )
xyz6=( 13.714038 37.780636 7.623310 )
xyz6=( 13.714038 37.780636 7.623310 )
xyz6=( 13.714627 37.780540 7.622872 )
xyz6=( 13.714627 37.780540 7.622872 )
xyz6=( 13.715217 37.780444 7.622433 )
xyz6=( 13.715217 37.780444 7.622433 )
xyz6=( 13.715807 37.780347 7.621995 )
xyz6=( 13.715807 37.780347 7.621995 )
xyz6=( 13.716398 37.780250 7.621556 )
xyz6=( 13.716398 37.780250 7.621556 )
xyz6=( 13.716989 37.780153 7.621117 )
xyz6=( 13.716989 37.780153 7.621117 )
xyz6=( 13.717581 37.780055 7.620678 )
xyz6=( 13.717581 37.780055 7.620678 )
xyz6=( 13.718174 37.779957 7.620239 )
xyz6=( 13.718174 37.779957 7.620239 )
xyz6=( 13.718767 37.779858 7.619800 )
xyz6=( 13.718767 37.779858 7.619800 )
xyz6=( 13.719361 37.779759 7.619360 )
xyz6=( 13.719361 37.779759 7.619360 )
xyz6=( 13.719955 37.779659 7.618921 )
xyz6=( 13.719955 37.779659 7.618921 )
xyz6=( 13.720550 37.779559 7.618481 )
xyz6=( 13.720550 37.779559 7.618481 )
xyz6=( 13.721145 37.779459 7.618041 )
xyz6=( 13.721145 37.779459 7.618041 )
xyz6=( 13.721741 37.779358 7.617601 )
xyz6=( 13.721741 37.779358 7.617601 )
xyz6=( 13.722338 37.779256 7.617161 )
xyz6=( 13.722338 37.779256 7.617161 )
xyz6=( 13.722935 37.779155 7.616721 )
xyz6=( 13.722935 37.779155 7.616721 )
xyz6=( 13.723533 37.779053 7.616280 )
xyz6=( 13.723533 37.779053 7.616280 )
xyz6=( 13.724131 37.778950 7.615840 )
xyz6=( 13.724131 37.778950 7.615840 )
xyz6=( 13.724730 37.778847 7.615399 )
xyz6=( 13.724730 37.778847 7.615399 )
xyz6=( 13.725330 37.778744 7.614958 )
xyz6=( 13.725330 37.778744 7.614958 )
xyz6=( 13.725930 37.778640 7.614517 )
xyz6=( 13.725930 37.778640 7.614517 )
xyz6=( 13.726530 37.778535 7.614076 )
xyz6=( 13.726530 37.778535 7.614076 )
xyz6=( 13.727132 37.778431 7.613635 )
xyz6=( 13.727132 37.778431 7.613635 )
xyz6=( 13.727733 37.778326 7.613193 )
xyz6=( 13.727733 37.778326 7.613193 )
xyz6=( 13.728336 37.778220 7.612752 )
xyz6=( 13.728336 37.778220 7.612752 )
xyz6=( 13.728939 37.778114 7.612310 )
xyz6=( 13.728939 37.778114 7.612310 )
xyz6=( 13.729543 37.778007 7.611868 )
xyz6=( 13.729543 37.778007 7.611868 )
xyz6=( 13.730147 37.777901 7.611426 )
xyz6=( 13.730752 37.777793 7.610984 )
xyz6=( 13.731357 37.777685 7.610542 )
xyz6=( 13.731963 37.777577 7.610099 )
xyz6=( 13.732570 37.777468 7.609657 )
xyz6=( 13.733177 37.777359 7.609214 )
xyz6=( 13.733785 37.777250 7.608771 )
xyz6=( 13.734393 37.777140 7.608328 )
xyz6=( 13.735002 37.777029 7.607885 )
xyz6=( 13.735612 37.776918 7.607441 )
xyz6=( 13.736222 37.776807 7.606998 )
xyz6=( 13.736833 37.776695 7.606554 )
xyz6=( 13.737444 37.776583 7.606110 )
xyz6=( 13.738056 37.776470 7.605666 )
xyz6=( 13.738669 37.776357 7.605222 )
xyz6=( 13.739282 37.776243 7.604778 )
xyz6=( 13.739896 37.776129 7.604333 )
xyz6=( 13.740511 37.776015 7.603889 )
xyz6=( 13.741126 37.775900 7.603444 )
xyz6=( 13.741742 37.775784 7.602999 )
xyz6=( 13.742358 37.775668 7.602554 )
xyz6=( 13.742975 37.775552 7.602109 )
xyz6=( 13.743593 37.775435 7.601664 )
xyz6=( 13.744211 37.775318 7.601218 )
xyz6=( 13.744830 37.775200 7.600772 )
xyz6=( 13.745450 37.775081 7.600327 )
xyz6=( 13.746070 37.774963 7.599881 )
xyz6=( 13.746691 37.774843 7.599435 )
xyz6=( 13.747312 37.774724 7.598988 )
xyz6=( 13.747934 37.774604 7.598542 )
xyz6=( 13.748557 37.774483 7.598095 )
xyz6=( 13.749180 37.774362 7.597648 )
xyz6=( 13.749804 37.774240 7.597202 )
xyz6=( 13.750429 37.774118 7.596754 )
xyz6=( 13.751054 37.773996 7.596307 )
xyz6=( 13.751680 37.773873 7.595860 )
xyz6=( 13.752307 37.773749 7.595412 )
xyz6=( 13.752934 37.773625 7.594965 )
xyz6=( 13.753562 37.773501 7.594517 )
xyz6=( 13.754190 37.773376 7.594069 )
xyz6=( 13.754820 37.773250 7.593621 )
xyz6=( 13.755449 37.773124 7.593172 )
xyz6=( 13.756080 37.772998 7.592724 )
xyz6=( 13.756711 37.772871 7.592275 )
xyz6=( 13.757343 37.772744 7.591826 )
xyz6=( 13.757976 37.772616 7.591377 )
xyz6=( 13.758609 37.772487 7.590928 )
xyz6=( 13.759243 37.772358 7.590479 )
xyz6=( 13.759877 37.772229 7.590029 )
xyz6=( 13.760512 37.772099 7.589580 )
xyz6=( 13.761148 37.771969 7.589130 )
xyz6=( 13.761785 37.771838 7.588680 )
xyz6=( 13.762422 37.771707 7.588230 )
xyz6=( 13.763060 37.771575 7.587779 )
xyz6=( 13.763698 37.771442 7.587329 )
xyz6=( 13.764337 37.771309 7.586878 )
xyz6=( 13.764977 37.771176 7.586427 )
xyz6=( 13.765618 37.771042 7.585976 )
xyz6=( 13.766259 37.770908 7.585525 )
xyz6=( 13.766901 37.770773 7.585074 )
xyz6=( 13.767544 37.770637 7.584622 )
xyz6=( 13.768187 37.770501 7.584171 )
xyz6=( 13.768831 37.770365 7.583719 )
xyz6=( 13.769476 37.770228 7.583267 )
xyz6=( 12.930857 37.301959 8.726545 )
xyz6=( 12.930720 37.301217 8.727303 )
xyz6=( 12.930584 37.300473 8.728063 )
xyz6=( 12.930449 37.299727 8.728823 )
xyz6=( 12.930314 37.298980 8.729584 )
xyz6=( 12.930179 37.298231 8.730347 )
xyz6=( 12.930045 37.297480 8.731111 )
xyz6=( 12.929911 37.296727 8.731875 )
xyz6=( 12.929778 37.295973 8.732641 )
xyz6=( 12.929645 37.295217 8.733408 )
xyz6=( 12.929513 37.294459 8.734176 )
xyz6=( 12.929381 37.293699 8.734945 )
xyz6=( 12.929250 37.292938 8.735715 )
xyz6=( 12.929119 37.292175 8.736487 )
xyz6=( 12.928988 37.291409 8.737259 )
xyz6=( 12.928859 37.290642 8.738033 )
xyz6=( 12.928729 37.289874 8.738807 )
xyz6=( 12.928600 37.289103 8.739583 )
xyz6=( 12.928472 37.288331 8.740360 )
xyz6=( 12.928344 37.287556 8.741139 )
xyz6=( 12.928217 37.286780 8.741918 )
xyz6=( 12.928090 37.286002 8.742699 )
xyz6=( 12.927964 37.285222 8.743480 )
xyz6=( 12.927838 37.284440 8.744263 )
xyz6=( 12.927713 37.283656 8.745047 )
xyz6=( 12.927588 37.282870 8.745833 )
xyz6=( 12.927464 37.282082 8.746619 )
xyz6=( 12.927340 37.281293 8.747407 )
xyz6=( 12.927217 37.280501 8.748196 )
xyz6=( 12.927094 37.279707 8.748986 )
xyz6=( 12.926972 37.278912 8.749778 )
xyz6=( 12.926850 37.278114 8.750570 )
xyz6=( 12.926729 37.277314 8.751364 )
xyz6=( 12.926609 37.276513 8.752159 )
xyz6=( 12.926489 37.275709 8.752956 )
xyz6=( 12.926370 37.274903 8.753753 )
xyz6=( 12.926251 37.274095 8.754552 )
xyz6=( 12.926133 37.273285 8.755353 )
xyz6=( 12.926015 37.272473 8.756154 )
xyz6=( 12.925898 37.271659 8.756957 )
xyz6=( 12.925781 37.270843 8.757761 )
xyz6=( 12.925665 37.270025 8.758567 )
xyz6=( 12.925550 37.269204 8.759373 )
xyz6=( 12.925435 37.268382 8.760182 )
xyz6=( 12.925321 37.267557 8.760991 )
xyz6=( 12.925207 37.266730 8.761802 )
xyz6=( 12.925094 37.265901 8.762614 )
xyz6=( 12.924982 37.265070 8.763428 )
xyz6=( 12.924870 37.264236 8.764242 )
xyz6=( 12.924759 37.263400 8.765059 )
xyz6=( 12.924648 37.262562 8.765876 )
xyz6=( 12.924538 37.261722 8.766696 )
xyz6=( 12.924429 37.260879 8.767516 )
xyz6=( 12.924320 37.260035 8.768338 )
xyz6=( 12.924212 37.259187 8.769161 )
xyz6=( 12.950429 37.382061 8.640436 )
xyz6=( 12.950309 37.381672 8.640877 )
xyz6=( 12.950189 37.381282 8.641317 )
xyz6=( 12.950070 37.380892 8.641758 )
xyz6=( 12.949950 37.380502 8.642199 )
xyz6=( 12.949950 37.380502 8.642199 )
xyz6=( 12.949831 37.380111 8.642640 )
xyz6=( 12.949831 37.380111 8.642640 )
xyz6=( 12.949712 37.379721 8.643081 )
xyz6=( 12.949712 37.379721 8.643081 )
xyz6=( 12.949593 37.379329 8.643522 )
xyz6=( 12.949593 37.379329 8.643522 )
xyz6=( 12.949474 37.378938 8.643963 )
xyz6=( 12.949474 37.378938 8.643963 )
xyz6=( 12.949356 37.378546 8.644405 )
xyz6=( 12.949356 37.378546 8.644405 )
xyz6=( 12.949237 37.378154 8.644846 )
xyz6=( 12.949237 37.378154 8.644846 )
xyz6=( 12.949119 37.377761 8.645288 )
xyz6=( 12.949119 37.377761 8.645288 )
xyz6=( 12.949001 37.377368 8.645730 )
xyz6=( 12.949001 37.377368 8.645730 )
xyz6=( 12.948883 37.376975 8.646172 )
xyz6=( 12.948883 37.376975 8.646172 )
xyz6=( 12.948765 37.376581 8.646614 )
xyz6=( 12.948765 37.376581 8.646614 )
xyz6=( 12.948647 37.376187 8.647057 )
xyz6=( 12.948647 37.376187 8.647057 )
xyz6=( 12.948530 37.375793 8.647499 )
xyz6=( 12.948530 37.375793 8.647499 )
xyz6=( 12.948413 37.375399 8.647942 )
xyz6=( 12.948413 37.375399 8.647942 )
xyz6=( 12.948295 37.375004 8.648385 )
xyz6=( 12.948295 37.375004 8.648385 )
xyz6=( 12.948178 37.374608 8.648828 )
xyz6=( 12.948178 37.374608 8.648828 )
xyz6=( 12.948062 37.374213 8.649271 )
xyz6=( 12.948062 37.374213 8.649271 )
xyz6=( 12.947945 37.373817 8.649714 )
xyz6=( 12.947945 37.373817 8.649714 )
xyz6=( 12.947828 37.373421 8.650157 )
xyz6=( 12.947828 37.373421 8.650157 )
xyz6=( 12.947712 37.373024 8.650601 )
xyz6=( 12.947712 37.373024 8.650601 )
xyz6=( 12.947596 37.372627 8.651045 )
xyz6=( 12.947596 37.372627 8.651045 )
xyz6=( 12.947480 37.372230 8.651488 )
xyz6=( 12.947480 37.372230 8.651488 )
xyz6=( 12.947364 37.371832 8.651932 )
xyz6=( 12.947364 37.371832 8.651932 )
xyz6=( 12.947248 37.371434 8.652377 )
xyz6=( 12.947248 37.371434 8.652377 )
xyz6=( 12.947133 37.371036 8.652821 )
xyz6=( 12.947133 37.371036 8.652821 )
xyz6=( 12.947017 37.370637 8.653265 )
xyz6=( 12.947017 37.370637 8.653265 )
xyz6=( 12.946902 37.370238 8.653710 )
xyz6=( 12.946902 37.370238 8.653710 )
xyz6=( 12.946787 37.369839 8.654154 )
xyz6=( 12.946787 37.369839 8.654154 )
xyz6=( 12.946672 37.369439 8.654599 )
xyz6=( 12.946672 37.369439 8.654599 )
xyz6=( 12.946557 37.369039 8.655044 )
xyz6=( 12.946557 37.369039 8.655044 )
xyz6=( 12.946443 37.368639 8.655489 )
xyz6=( 12.946443 37.368639 8.655489 )
xyz6=( 12.946329 37.368238 8.655935 )
xyz6=( 12.946329 37.368238 8.655935 )
xyz6=( 12.946214 37.367837 8.656380 )
xyz6=( 12.946214 37.367837 8.656380 )
xyz6=( 12.946100 37.367436 8.656826 )
xyz6=( 12.946100 37.367436 8.656826 )
xyz6=( 12.945986 37.367034 8.657272 )
xyz6=( 12.945986 37.367034 8.657272 )
xyz6=( 12.945873 37.366632 8.657717 )
xyz6=( 12.945873 37.366632 8.657717 )
xyz6=( 12.945759 37.366229 8.658164 )
xyz6=( 12.945759 37.366229 8.658164 )
xyz6=( 12.945646 37.365827 8.658610 )
xyz6=( 12.945646 37.365827 8.658610 )
xyz6=( 12.945533 37.365423 8.659056 )
xyz6=( 12.945533 37.365423 8.659056 )
xyz6=( 12.945420 37.365020 8.659503 )
xyz6=( 12.945420 37.365020 8.659503 )
xyz6=( 12.945307 37.364616 8.659949 )
xyz6=( 12.945307 37.364616 8.659949 )
xyz6=( 12.945194 37.364212 8.660396 )
xyz6=( 12.945194 37.364212 8.660396 )
xyz6=( 12.945081 37.363807 8.660843 )
xyz6=( 12.945081 37.363807 8.660843 )
xyz6=( 12.944969 37.363403 8.661290 )
xyz6=( 12.944969 37.363403 8.661290 )
xyz6=( 12.944857 37.362997 8.661737 )
xyz6=( 12.944857 37.362997 8.661737 )
xyz6=( 12.944745 37.362592 8.662185 )
xyz6=( 12.944745 37.362592 8.662185 )
xyz6=( 12.944633 37.362186 8.662632 )
xyz6=( 12.944633 37.362186 8.662632 )
xyz6=( 12.944521 37.361780 8.663080 )
xyz6=( 12.944521 37.361780 8.663080 )
xyz6=( 12.944410 37.361373 8.663528 )
xyz6=( 12.944410 37.361373 8.663528 )
xyz6=( 12.944299 37.360966 8.663976 )
xyz6=( 12.944299 37.360966 8.663976 )
xyz6=( 12.944187 37.360559 8.664424 )
xyz6=( 12.944187 37.360559 8.664424 )
xyz6=( 12.944076 37.360151 8.664872 )
xyz6=( 12.944076 37.360151 8.664872 )
xyz6=( 12.943966 37.359743 8.665321 )
xyz6=( 12.943966 37.359743 8.665321 )
xyz6=( 12.943855 37.359335 8.665769 )
xyz6=( 12.943855 37.359335 8.665769 )
xyz6=( 12.943744 37.358926 8.666218 )
xyz6=( 12.943744 37.358926 8.666218 )
xyz6=( 12.943634 37.358517 8.666667 )
xyz6=( 12.943634 37.358517 8.666667 )
xyz6=( 12.943524 37.358107 8.667116 )
xyz6=( 12.943524 37.358107 8.667116 )
xyz6=( 12.943414 37.357697 8.667565 )
xyz6=( 12.943414 37.357697 8.667565 )
xyz6=( 12.943304 37.357287 8.668015 )
xyz6=( 12.943304 37.357287 8.668015 )
xyz6=( 12.943195 37.356877 8.668464 )
xyz6=( 12.943195 37.356877 8.668464 )
xyz6=( 12.943085 37.356466 8.668914 )
xyz6=( 12.943085 37.356466 8.668914 )
xyz6=( 12.942976 37.356055 8.669364 )
xyz6=( 12.942976 37.356055 8.669364 )
xyz6=( 12.942867 37.355643 8.669814 )
xyz6=( 12.942867 37.355643 8.669814 )
xyz6=( 12.942758 37.355231 8.670264 )
xyz6=( 12.942758 37.355231 8.670264 )
xyz6=( 12.942649 37.354819 8.670714 )
xyz6=( 12.942649 37.354819 8.670714 )
xyz6=( 12.942541 37.354406 8.671165 )
xyz6=( 12.942541 37.354406 8.671165 )
xyz6=( 12.942432 37.353993 8.671615 )
xyz6=( 12.942432 37.353993 8.671615 )
xyz6=( 12.942324 37.353579 8.672066 )
xyz6=( 12.942324 37.353579 8.672066 )
xyz6=( 12.942216 37.353166 8.672517 )
xyz6=( 12.942216 37.353166 8.672517 )
xyz6=( 12.942108 37.352752 8.672968 )
xyz6=( 12.942108 37.352752 8.672968 )
xyz6=( 12.942001 37.352337 8.673419 )
xyz6=( 12.942001 37.352337 8.673419 )
xyz6=( 12.941893 37.351922 8.673871 )
xyz6=( 12.941893 37.351922 8.673871 )
xyz6=( 12.941786 37.351507 8.674322 )
xyz6=( 12.941786 37.351507 8.674322 )
xyz6=( 12.941679 37.351091 8.674774 )
xyz6=( 12.941679 37.351091 8.674774 )
xyz6=( 12.941572 37.350675 8.675226 )
xyz6=( 12.941572 37.350675 8.675226 )
xyz6=( 12.941465 37.350259 8.675678 )
xyz6=( 12.941465 37.350259 8.675678 )
xyz6=( 12.941358 37.349842 8.676130 )
xyz6=( 12.941358 37.349842 8.676130 )
xyz6=( 12.941252 37.349425 8.676582 )
xyz6=( 12.941252 37.349425 8.676582 )
xyz6=( 12.941146 37.349008 8.677035 )
xyz6=( 12.941146 37.349008 8.677035 )
xyz6=( 12.941040 37.348590 8.677487 )
xyz6=( 12.941040 37.348590 8.677487 )
xyz6=( 12.940934 37.348172 8.677940 )
xyz6=( 12.940934 37.348172 8.677940 )
xyz6=( 12.940828 37.347753 8.678393 )
xyz6=( 12.940828 37.347753 8.678393 )
xyz6=( 12.940723 37.347334 8.678846 )
xyz6=( 12.940723 37.347334 8.678846 )
xyz6=( 12.940617 37.346915 8.679300 )
xyz6=( 12.940617 37.346915 8.679300 )
xyz6=( 12.940512 37.346495 8.679753 )
xyz6=( 12.940512 37.346495 8.679753 )
xyz6=( 12.940407 37.346075 8.680207 )
xyz6=( 12.940407 37.346075 8.680207 )
xyz6=( 12.940302 37.345655 8.680660 )
xyz6=( 12.940302 37.345655 8.680660 )
xyz6=( 12.940198 37.345234 8.681114 )
xyz6=( 12.940198 37.345234 8.681114 )
xyz6=( 12.940093 37.344813 8.681568 )
xyz6=( 12.940093 37.344813 8.681568 )
xyz6=( 12.939989 37.344392 8.682023 )
xyz6=( 12.939989 37.344392 8.682023 )
xyz6=( 12.939885 37.343970 8.682477 )
xyz6=( 12.939885 37.343970 8.682477 )
xyz6=( 12.939781 37.343547 8.682932 )
xyz6=( 12.939781 37.343547 8.682932 )
xyz6=( 12.939677 37.343125 8.683386 )
xyz6=( 12.939677 37.343125 8.683386 )
xyz6=( 12.939574 37.342702 8.683841 )
xyz6=( 12.939574 37.342702 8.683841 )
xyz6=( 12.939470 37.342278 8.684296 )
xyz6=( 12.939470 37.342278 8.684296 )
xyz6=( 12.939367 37.341855 8.684751 )
xyz6=( 12.939367 37.341855 8.684751 )
xyz6=( 12.939264 37.341430 8.685207 )
xyz6=( 12.939264 37.341430 8.685207 )
xyz6=( 12.939162 37.341006 8.685662 )
xyz6=( 12.939162 37.341006 8.685662 )
xyz6=( 12.939059 37.340581 8.686118 )
xyz6=( 12.939059 37.340581 8.686118 )
xyz6=( 12.938957 37.340156 8.686574 )
xyz6=( 12.938957 37.340156 8.686574 )
xyz6=( 12.938854 37.339730 8.687030 )
xyz6=( 12.938854 37.339730 8.687030 )
xyz6=( 12.938752 37.339304 8.687486 )
xyz6=( 12.938752 37.339304 8.687486 )
xyz6=( 12.938650 37.338877 8.687942 )
xyz6=( 12.938650 37.338877 8.687942 )
xyz6=( 12.938549 37.338451 8.688399 )
xyz6=( 12.938549 37.338451 8.688399 )
xyz6=( 12.938447 37.338023 8.688856 )
xyz6=( 12.938447 37.338023 8.688856 )
xyz6=( 12.938346 37.337596 8.689312 )
xyz6=( 12.938346 37.337596 8.689312 )
xyz6=( 12.938245 37.337168 8.689769 )
xyz6=( 12.938245 37.337168 8.689769 )
xyz6=( 12.938144 37.336740 8.690227 )
xyz6=( 12.938144 37.336740 8.690227 )
xyz6=( 12.938043 37.336311 8.690684 )
xyz6=( 12.938043 37.336311 8.690684 )
xyz6=( 12.937943 37.335882 8.691141 )
xyz6=( 12.937943 37.335882 8.691141 )
xyz6=( 12.937843 37.335452 8.691599 )
xyz6=( 12.937843 37.335452 8.691599 )
xyz6=( 12.937742 37.335022 8.692057 )
xyz6=( 12.937742 37.335022 8.692057 )
xyz6=( 12.937642 37.334592 8.692515 )
xyz6=( 12.937642 37.334592 8.692515 )
xyz6=( 12.937543 37.334161 8.692973 )
xyz6=( 12.937543 37.334161 8.692973 )
xyz6=( 12.937443 37.333730 8.693431 )
xyz6=( 12.937443 37.333730 8.693431 )
xyz6=( 12.937344 37.333299 8.693890 )
xyz6=( 12.937344 37.333299 8.693890 )
xyz6=( 12.937244 37.332867 8.694348 )
xyz6=( 12.937244 37.332867 8.694348 )
xyz6=( 12.937145 37.332435 8.694807 )
xyz6=( 12.937145 37.332435 8.694807 )
xyz6=( 12.937047 37.332002 8.695266 )
xyz6=( 12.937047 37.332002 8.695266 )
xyz6=( 12.936948 37.331569 8.695725 )
xyz6=( 12.936948 37.331569 8.695725 )
xyz6=( 12.936850 37.331136 8.696185 )
xyz6=( 12.936850 37.331136 8.696185 )
xyz6=( 12.936751 37.330702 8.696644 )
xyz6=( 12.936751 37.330702 8.696644 )
xyz6=( 12.936653 37.330268 8.697104 )
xyz6=( 12.936653 37.330268 8.697104 )
xyz6=( 12.936555 37.329833 8.697563 )
xyz6=( 12.936555 37.329833 8.697563 )
xyz6=( 12.936458 37.329398 8.698023 )
xyz6=( 12.936458 37.329398 8.698023 )
xyz6=( 12.936360 37.328963 8.698484 )
xyz6=( 12.936360 37.328963 8.698484 )
xyz6=( 12.936263 37.328527 8.698944 )
xyz6=( 12.936263 37.328527 8.698944 )
xyz6=( 12.936166 37.328091 8.699404 )
xyz6=( 12.936166 37.328091 8.699404 )
xyz6=( 12.936069 37.327654 8.699865 )
xyz6=( 12.936069 37.327654 8.699865 )
xyz6=( 12.935972 37.327217 8.700326 )
xyz6=( 12.935972 37.327217 8.700326 )
xyz6=( 12.935876 37.326780 8.700787 )
xyz6=( 12.935876 37.326780 8.700787 )
xyz6=( 12.935780 37.326342 8.701248 )
xyz6=( 12.935780 37.326342 8.701248 )
xyz6=( 12.935684 37.325904 8.701709 )
xyz6=( 12.935684 37.325904 8.701709 )
xyz6=( 12.935588 37.325465 8.702171 )
xyz6=( 12.935588 37.325465 8.702171 )
xyz6=( 12.935492 37.325026 8.702632 )
xyz6=( 12.935492 37.325026 8.702632 )
xyz6=( 12.935397 37.324587 8.703094 )
xyz6=( 12.935397 37.324587 8.703094 )
xyz6=( 12.935301 37.324147 8.703556 )
xyz6=( 12.935301 37.324147 8.703556 )
xyz6=( 12.935206 37.323707 8.704019 )
xyz6=( 12.935206 37.323707 8.704019 )
xyz6=( 12.935111 37.323267 8.704481 )
xyz6=( 12.935111 37.323267 8.704481 )
xyz6=( 12.935016 37.322826 8.704943 )
xyz6=( 12.935016 37.322826 8.704943 )
xyz6=( 12.934922 37.322384 8.705406 )
xyz6=( 12.934922 37.322384 8.705406 )
xyz6=( 12.934828 37.321942 8.705869 )
xyz6=( 12.934828 37.321942 8.705869 )
xyz6=( 12.934734 37.321500 8.706332 )
xyz6=( 12.934734 37.321500 8.706332 )
xyz6=( 12.934640 37.321058 8.706795 )
xyz6=( 12.934640 37.321058 8.706795 )
xyz6=( 12.934546 37.320615 8.707259 )
xyz6=( 12.934546 37.320615 8.707259 )
xyz6=( 12.934452 37.320171 8.707722 )
xyz6=( 12.934452 37.320171 8.707722 )
xyz6=( 12.934359 37.319727 8.708186 )
xyz6=( 12.934359 37.319727 8.708186 )
xyz6=( 12.934266 37.319283 8.708650 )
xyz6=( 12.934266 37.319283 8.708650 )
xyz6=( 12.934173 37.318839 8.709114 )
xyz6=( 12.934173 37.318839 8.709114 )
xyz6=( 12.934080 37.318393 8.709578 )
xyz6=( 12.934080 37.318393 8.709578 )
xyz6=( 12.933988 37.317948 8.710042 )
xyz6=( 12.933988 37.317948 8.710042 )
xyz6=( 12.933896 37.317502 8.710507 )
xyz6=( 12.933896 37.317502 8.710507 )
xyz6=( 12.933804 37.317056 8.710972 )
xyz6=( 12.933804 37.317056 8.710972 )
xyz6=( 12.933712 37.316609 8.711437 )
xyz6=( 12.933712 37.316609 8.711437 )
xyz6=( 12.933620 37.316162 8.711902 )
xyz6=( 12.933620 37.316162 8.711902 )
xyz6=( 12.933529 37.315714 8.712367 )
xyz6=( 12.933529 37.315714 8.712367 )
xyz6=( 12.933437 37.315266 8.712833 )
xyz6=( 12.933437 37.315266 8.712833 )
xyz6=( 12.933346 37.314818 8.713298 )
xyz6=( 12.933346 37.314818 8.713298 )
xyz6=( 12.933255 37.314369 8.713764 )
xyz6=( 12.933255 37.314369 8.713764 )
xyz6=( 12.933165 37.313920 8.714230 )
xyz6=( 12.933165 37.313920 8.714230 )
xyz6=( 12.933074 37.313471 8.714696 )
xyz6=( 12.933074 37.313471 8.714696 )
xyz6=( 12.932984 37.313020 8.715163 )
xyz6=( 12.932984 37.313020 8.715163 )
xyz6=( 12.932894 37.312570 8.715629 )
xyz6=( 12.932894 37.312570 8.715629 )
xyz6=( 12.932804 37.312119 8.716096 )
xyz6=( 12.932804 37.312119 8.716096 )
xyz6=( 12.932715 37.311668 8.716563 )
xyz6=( 12.932715 37.311668 8.716563 )
xyz6=( 12.932625 37.311216 8.717030 )
xyz6=( 12.932625 37.311216 8.717030 )
xyz6=( 12.932536 37.310764 8.717497 )
xyz6=( 12.932536 37.310764 8.717497 )
xyz6=( 12.932447 37.310311 8.717965 )
xyz6=( 12.932447 37.310311 8.717965 )
xyz6=( 12.932358 37.309858 8.718432 )
xyz6=( 12.932358 37.309858 8.718432 )
xyz6=( 12.932270 37.309405 8.718900 )
xyz6=( 12.932270 37.309405 8.718900 )
xyz6=( 12.932181 37.308951 8.719368 )
xyz6=( 12.932181 37.308951 8.719368 )
xyz6=( 12.932093 37.308497 8.719836 )
xyz6=( 12.932093 37.308497 8.719836 )
xyz6=( 12.932005 37.308042 8.720304 )
xyz6=( 12.932005 37.308042 8.720304 )
xyz6=( 12.931918 37.307587 8.720773 )
xyz6=( 12.931918 37.307587 8.720773 )
xyz6=( 12.931830 37.307131 8.721242 )
xyz6=( 12.931830 37.307131 8.721242 )
xyz6=( 12.931743 37.306675 8.721710 )
xyz6=( 12.931743 37.306675 8.721710 )
xyz6=( 12.931656 37.306219 8.722179 )
xyz6=( 12.931656 37.306219 8.722179 )
xyz6=( 12.931569 37.305762 8.722649 )
xyz6=( 12.931569 37.305762 8.722649 )
xyz6=( 12.931482 37.305305 8.723118 )
xyz6=( 12.931482 37.305305 8.723118 )
xyz6=( 12.931396 37.304847 8.723588 )
xyz6=( 12.931396 37.304847 8.723588 )
xyz6=( 12.931309 37.304389 8.724057 )
xyz6=( 12.931309 37.304389 8.724057 )
xyz6=( 12.931223 37.303931 8.724527 )
xyz6=( 12.931223 37.303931 8.724527 )
xyz6=( 12.931138 37.303472 8.724998 )
xyz6=( 12.931138 37.303472 8.724998 )
xyz6=( 12.931052 37.303012 8.725468 )
xyz6=( 12.931052 37.303012 8.725468 )
xyz6=( 12.930967 37.302552 8.725938 )
xyz6=( 12.930967 37.302552 8.725938 )
xyz6=( 12.930882 37.302092 8.726409 )
xyz6=( 12.930882 37.302092 8.726409 )
xyz6=( 12.930797 37.301631 8.726880 )
xyz6=( 12.930797 37.301631 8.726880 )
xyz6=( 12.930712 37.301170 8.727351 )
xyz6=( 12.930712 37.301170 8.727351 )
xyz6=( 12.930627 37.300708 8.727822 )
xyz6=( 12.930627 37.300708 8.727822 )
xyz6=( 12.930543 37.300246 8.728294 )
xyz6=( 12.930543 37.300246 8.728294 )
xyz6=( 12.930459 37.299784 8.728765 )
xyz6=( 12.930459 37.299784 8.728765 )
xyz6=( 12.930375 37.299321 8.729237 )
xyz6=( 12.930375 37.299321 8.729237 )
xyz6=( 12.930292 37.298857 8.729709 )
xyz6=( 12.930292 37.298857 8.729709 )
xyz6=( 12.930208 37.298394 8.730181 )
xyz6=( 12.930208 37.298394 8.730181 )
xyz6=( 12.930125 37.297929 8.730654 )
xyz6=( 12.930125 37.297929 8.730654 )
xyz6=( 12.930042 37.297465 8.731126 )
xyz6=( 12.930042 37.297465 8.731126 )
xyz6=( 12.929959 37.296999 8.731599 )
xyz6=( 12.929959 37.296999 8.731599 )
xyz6=( 12.929877 37.296534 8.732072 )
xyz6=( 12.929877 37.296534 8.732072 )
xyz6=( 12.929795 37.296068 8.732545 )
xyz6=( 12.929795 37.296068 8.732545 )
xyz6=( 12.929712 37.295601 8.733018 )
xyz6=( 12.929712 37.295601 8.733018 )
xyz6=( 12.929631 37.295134 8.733492 )
xyz6=( 12.929631 37.295134 8.733492 )
xyz6=( 12.929549 37.294667 8.733965 )
xyz6=( 12.929549 37.294667 8.733965 )
xyz6=( 12.929468 37.294199 8.734439 )
xyz6=( 12.929468 37.294199 8.734439 )
xyz6=( 12.929386 37.293731 8.734913 )
xyz6=( 12.929386 37.293731 8.734913 )
xyz6=( 12.929305 37.293262 8.735387 )
xyz6=( 12.929305 37.293262 8.735387 )
xyz6=( 12.929225 37.292793 8.735862 )
xyz6=( 12.929225 37.292793 8.735862 )
xyz6=( 12.929144 37.292323 8.736336 )
xyz6=( 12.929144 37.292323 8.736336 )
xyz6=( 12.929064 37.291853 8.736811 )
xyz6=( 12.929064 37.291853 8.736811 )
xyz6=( 12.928984 37.291382 8.737286 )
xyz6=( 12.928984 37.291382 8.737286 )
xyz6=( 12.928904 37.290911 8.737761 )
xyz6=( 12.928904 37.290911 8.737761 )
xyz6=( 12.928824 37.290440 8.738237 )
xyz6=( 12.928824 37.290440 8.738237 )
xyz6=( 12.928745 37.289968 8.738712 )
xyz6=( 12.928745 37.289968 8.738712 )
xyz6=( 12.928666 37.289496 8.739188 )
xyz6=( 12.928666 37.289496 8.739188 )
xyz6=( 12.928587 37.289023 8.739664 )
xyz6=( 12.928587 37.289023 8.739664 )
xyz6=( 12.928508 37.288549 8.740140 )
xyz6=( 12.928508 37.288549 8.740140 )
xyz6=( 12.928430 37.288076 8.740617 )
xyz6=( 12.928430 37.288076 8.740617 )
xyz6=( 12.928352 37.287601 8.741093 )
xyz6=( 12.928352 37.287601 8.741093 )
xyz6=( 12.928274 37.287127 8.741570 )
xyz6=( 12.928274 37.287127 8.741570 )
xyz6=( 12.928196 37.286652 8.742047 )
xyz6=( 12.928196 37.286652 8.742047 )
xyz6=( 12.928118 37.286176 8.742524 )
xyz6=( 12.928118 37.286176 8.742524 )
xyz6=( 12.928041 37.285700 8.743001 )
xyz6=( 12.928041 37.285700 8.743001 )
xyz6=( 12.927964 37.285223 8.743479 )
xyz6=( 12.927964 37.285223 8.743479 )
xyz6=( 12.927887 37.284746 8.743956 )
xyz6=( 12.927887 37.284746 8.743956 )
xyz6=( 12.927810 37.284269 8.744434 )
xyz6=( 12.927810 37.284269 8.744434 )
xyz6=( 12.927734 37.283791 8.744912 )
xyz6=( 12.927734 37.283791 8.744912 )
xyz6=( 12.927658 37.283313 8.745391 )
xyz6=( 12.927658 37.283313 8.745391 )
xyz6=( 12.927582 37.282834 8.745869 )
xyz6=( 12.927582 37.282834 8.745869 )
xyz6=( 12.927506 37.282354 8.746348 )
xyz6=( 12.927506 37.282354 8.746348 )
xyz6=( 12.927431 37.281874 8.746827 )
xyz6=( 12.927431 37.281874 8.746827 )
xyz6=( 12.927356 37.281394 8.747306 )
xyz6=( 12.927356 37.281394 8.747306 )
xyz6=( 12.927281 37.280913 8.747785 )
xyz6=( 12.927281 37.280913 8.747785 )
xyz6=( 12.927206 37.280432 8.748264 )
xyz6=( 12.927206 37.280432 8.748264 )
xyz6=( 12.927131 37.279950 8.748744 )
xyz6=( 12.927131 37.279950 8.748744 )
xyz6=( 12.927057 37.279468 8.749224 )
xyz6=( 12.927057 37.279468 8.749224 )
xyz6=( 12.926983 37.278986 8.749704 )
xyz6=( 12.926983 37.278986 8.749704 )
xyz6=( 12.926909 37.278502 8.750184 )
xyz6=( 12.926909 37.278502 8.750184 )
xyz6=( 12.926836 37.278019 8.750665 )
xyz6=( 12.926836 37.278019 8.750665 )
xyz6=( 12.926763 37.277535 8.751145 )
xyz6=( 12.926763 37.277535 8.751145 )
xyz6=( 12.926690 37.277050 8.751626 )
xyz6=( 12.926690 37.277050 8.751626 )
xyz6=( 12.926617 37.276565 8.752107 )
xyz6=( 12.926617 37.276565 8.752107 )
xyz6=( 12.926544 37.276079 8.752589 )
xyz6=( 12.926544 37.276079 8.752589 )
xyz6=( 12.926472 37.275593 8.753070 )
xyz6=( 12.926472 37.275593 8.753070 )
xyz6=( 12.926400 37.275107 8.753552 )
xyz6=( 12.926400 37.275107 8.753552 )
xyz6=( 12.926328 37.274620 8.754034 )
xyz6=( 12.926328 37.274620 8.754034 )
xyz6=( 12.926256 37.274132 8.754516 )
xyz6=( 12.926256 37.274132 8.754516 )
xyz6=( 12.926185 37.273644 8.754998 )
xyz6=( 12.926185 37.273644 8.754998 )
xyz6=( 12.926114 37.273156 8.755480 )
xyz6=( 12.926114 37.273156 8.755480 )
xyz6=( 12.926043 37.272667 8.755963 )
xyz6=( 12.926043 37.272667 8.755963 )
xyz6=( 12.925972 37.272178 8.756446 )
xyz6=( 12.925972 37.272178 8.756446 )
xyz6=( 12.925902 37.271688 8.756929 )
xyz6=( 12.925902 37.271688 8.756929 )
xyz6=( 12.925832 37.271197 8.757412 )
xyz6=( 12.925832 37.271197 8.757412 )
xyz6=( 12.925762 37.270706 8.757896 )
xyz6=( 12.925762 37.270706 8.757896 )
xyz6=( 12.925692 37.270215 8.758380 )
xyz6=( 12.925692 37.270215 8.758380 )
xyz6=( 12.925623 37.269723 8.758863 )
xyz6=( 12.925623 37.269723 8.758863 )
xyz6=( 12.925554 37.269231 8.759348 )
xyz6=( 12.925554 37.269231 8.759348 )
xyz6=( 12.925485 37.268738 8.759832 )
xyz6=( 12.925485 37.268738 8.759832 )
xyz6=( 12.925416 37.268244 8.760316 )
xyz6=( 12.925416 37.268244 8.760316 )
xyz6=( 12.925348 37.267751 8.760801 )
xyz6=( 12.925348 37.267751 8.760801 )
xyz6=( 12.925279 37.267256 8.761286 )
xyz6=( 12.925279 37.267256 8.761286 )
xyz6=( 12.925211 37.266761 8.761771 )
xyz6=( 12.925211 37.266761 8.761771 )
xyz6=( 12.925144 37.266266 8.762257 )
xyz6=( 12.925144 37.266266 8.762257 )
xyz6=( 12.925076 37.265770 8.762742 )
xyz6=( 12.925076 37.265770 8.762742 )
xyz6=( 12.925009 37.265274 8.763228 )
xyz6=( 12.925009 37.265274 8.763228 )
xyz6=( 12.924942 37.264777 8.763714 )
xyz6=( 12.924942 37.264777 8.763714 )
xyz6=( 12.924876 37.264279 8.764200 )
xyz6=( 12.924876 37.264279 8.764200 )
xyz6=( 12.924809 37.263781 8.764687 )
xyz6=( 12.924809 37.263781 8.764687 )
xyz6=( 12.924743 37.263283 8.765173 )
xyz6=( 12.924743 37.263283 8.765173 )
xyz6=( 12.924677 37.262784 8.765660 )
xyz6=( 12.924677 37.262784 8.765660 )
xyz6=( 12.924612 37.262285 8.766147 )
xyz6=( 12.924612 37.262285 8.766147 )
xyz6=( 12.924546 37.261785 8.766634 )
xyz6=( 12.924546 37.261785 8.766634 )
xyz6=( 12.924481 37.261284 8.767122 )
xyz6=( 12.924481 37.261284 8.767122 )
xyz6=( 12.924416 37.260783 8.767609 )
xyz6=( 12.924416 37.260783 8.767609 )
xyz6=( 12.924352 37.260282 8.768097 )
xyz6=( 12.924352 37.260282 8.768097 )
xyz6=( 12.924287 37.259780 8.768585 )
xyz6=( 12.924287 37.259780 8.768585 )
xyz6=( 12.924223 37.259277 8.769074 )
xyz6=( 12.924223 37.259277 8.769074 )
xyz6=( 12.924159 37.258774 8.769562 )
xyz6=( 12.924159 37.258774 8.769562 )
xyz6=( 12.924096 37.258271 8.770051 )
xyz6=( 12.924096 37.258271 8.770051 )
xyz6=( 12.924033 37.257767 8.770540 )
xyz6=( 12.924033 37.257767 8.770540 )
xyz6=( 12.923969 37.257262 8.771029 )
xyz6=( 12.923969 37.257262 8.771029 )
xyz6=( 12.923907 37.256757 8.771518 )
xyz6=( 12.923907 37.256757 8.771518 )
xyz6=( 12.923844 37.256252 8.772008 )
xyz6=( 12.923844 37.256252 8.772008 )
xyz6=( 12.923782 37.255746 8.772498 )
xyz6=( 12.923782 37.255746 8.772498 )
xyz6=( 12.923720 37.255239 8.772988 )
xyz6=( 12.923720 37.255239 8.772988 )
xyz6=( 12.923658 37.254732 8.773478 )
xyz6=( 12.923658 37.254732 8.773478 )
xyz6=( 12.923597 37.254224 8.773969 )
xyz6=( 12.923597 37.254224 8.773969 )
xyz6=( 12.923535 37.253716 8.774459 )
xyz6=( 12.923535 37.253716 8.774459 )
xyz6=( 12.923475 37.253207 8.774950 )
xyz6=( 12.923475 37.253207 8.774950 )
xyz6=( 12.923414 37.252698 8.775441 )
xyz6=( 12.923414 37.252698 8.775441 )
xyz6=( 12.923353 37.252188 8.775933 )
xyz6=( 12.923353 37.252188 8.775933 )
xyz6=( 12.923293 37.251678 8.776424 )
xyz6=( 12.923293 37.251678 8.776424 )
xyz6=( 12.923233 37.251167 8.776916 )
xyz6=( 12.923233 37.251167 8.776916 )
xyz6=( 12.923174 37.250655 8.777408 )
xyz6=( 12.923174 37.250655 8.777408 )
xyz6=( 12.923114 37.250144 8.777900 )
xyz6=( 12.923114 37.250144 8.777900 )
xyz6=( 12.923055 37.249631 8.778393 )
xyz6=( 12.923055 37.249631 8.778393 )
xyz6=( 12.922997 37.249118 8.778885 )
xyz6=( 12.922997 37.249118 8.778885 )
xyz6=( 12.922938 37.248605 8.779378 )
xyz6=( 12.922938 37.248605 8.779378 )
xyz6=( 12.922880 37.248090 8.779871 )
xyz6=( 12.922880 37.248090 8.779871 )
xyz6=( 12.922822 37.247576 8.780365 )
xyz6=( 12.922822 37.247576 8.780365 )
xyz6=( 12.922764 37.247061 8.780858 )
xyz6=( 12.922764 37.247061 8.780858 )
xyz6=( 12.922707 37.246545 8.781352 )
xyz6=( 12.922707 37.246545 8.781352 )
xyz6=( 12.922649 37.246029 8.781846 )
xyz6=( 12.922649 37.246029 8.781846 )
xyz6=( 12.922593 37.245512 8.782340 )
xyz6=( 12.922593 37.245512 8.782340 )
xyz6=( 12.922536 37.244995 8.782835 )
xyz6=( 12.922536 37.244995 8.782835 )
xyz6=( 12.922480 37.244477 8.783329 )
xyz6=( 12.922480 37.244477 8.783329 )
xyz6=( 12.922424 37.243958 8.783824 )
xyz6=( 12.922424 37.243958 8.783824 )
xyz6=( 12.922368 37.243439 8.784319 )
xyz6=( 12.922368 37.243439 8.784319 )
xyz6=( 12.922312 37.242920 8.784815 )
xyz6=( 12.922312 37.242920 8.784815 )
xyz6=( 12.922257 37.242400 8.785310 )
xyz6=( 12.922257 37.242400 8.785310 )
xyz6=( 12.922202 37.241879 8.785806 )
xyz6=( 12.922202 37.241879 8.785806 )
xyz6=( 12.922147 37.241358 8.786302 )
xyz6=( 12.922147 37.241358 8.786302 )
xyz6=( 12.922093 37.240836 8.786799 )
xyz6=( 12.922093 37.240836 8.786799 )
xyz6=( 12.922039 37.240314 8.787295 )
xyz6=( 12.922039 37.240314 8.787295 )
xyz6=( 12.921985 37.239791 8.787792 )
xyz6=( 12.921985 37.239791 8.787792 )
xyz6=( 12.921931 37.239268 8.788289 )
xyz6=( 12.921931 37.239268 8.788289 )
xyz6=( 12.921878 37.238744 8.788786 )
xyz6=( 12.921878 37.238744 8.788786 )
xyz6=( 12.921825 37.238219 8.789283 )
xyz6=( 12.921825 37.238219 8.789283 )
xyz6=( 12.921772 37.237694 8.789781 )
xyz6=( 12.921772 37.237694 8.789781 )
xyz6=( 12.921720 37.237169 8.790279 )
xyz6=( 12.921720 37.237169 8.790279 )
xyz6=( 12.921668 37.236643 8.790777 )
xyz6=( 12.921668 37.236643 8.790777 )
xyz6=( 12.921616 37.236116 8.791275 )
xyz6=( 12.921616 37.236116 8.791275 )
xyz6=( 12.921564 37.235589 8.791774 )
xyz6=( 12.921564 37.235589 8.791774 )
xyz6=( 12.921513 37.235061 8.792273 )
xyz6=( 12.921513 37.235061 8.792273 )
xyz6=( 12.921462 37.234532 8.792772 )
xyz6=( 12.921462 37.234532 8.792772 )
xyz6=( 12.921411 37.234003 8.793271 )
xyz6=( 12.921411 37.234003 8.793271 )
xyz6=( 12.921361 37.233474 8.793771 )
xyz6=( 12.921361 37.233474 8.793771 )
xyz6=( 12.921311 37.232943 8.794270 )
xyz6=( 12.921311 37.232943 8.794270 )
xyz6=( 12.921261 37.232413 8.794770 )
xyz6=( 12.921261 37.232413 8.794770 )
xyz6=( 12.921212 37.231881 8.795271 )
xyz6=( 12.921212 37.231881 8.795271 )
xyz6=( 12.921162 37.231349 8.795771 )
xyz6=( 12.921162 37.231349 8.795771 )
xyz6=( 12.921113 37.230817 8.796272 )
xyz6=( 12.921113 37.230817 8.796272 )
xyz6=( 12.921065 37.230284 8.796773 )
xyz6=( 12.921065 37.230284 8.796773 )
xyz6=( 12.921016 37.229750 8.797274 )
xyz6=( 12.921016 37.229750 8.797274 )
xyz6=( 12.920968 37.229216 8.797775 )
xyz6=( 12.920968 37.229216 8.797775 )
xyz6=( 12.920920 37.228681 8.798277 )
xyz6=( 12.920920 37.228681 8.798277 )
xyz6=( 12.920873 37.228146 8.798779 )
xyz6=( 12.920873 37.228146 8.798779 )
xyz6=( 12.920826 37.227610 8.799281 )
xyz6=( 12.920826 37.227610 8.799281 )
xyz6=( 12.920779 37.227074 8.799783 )
xyz6=( 12.920779 37.227074 8.799783 )
xyz6=( 12.920732 37.226536 8.800286 )
xyz6=( 12.920732 37.226536 8.800286 )
xyz6=( 12.920686 37.225999 8.800789 )
xyz6=( 12.920686 37.225999 8.800789 )
xyz6=( 12.920640 37.225460 8.801292 )
xyz6=( 12.920640 37.225460 8.801292 )
xyz6=( 12.920594 37.224921 8.801795 )
xyz6=( 12.920594 37.224921 8.801795 )
xyz6=( 12.920549 37.224382 8.802299 )
xyz6=( 12.920549 37.224382 8.802299 )
xyz6=( 12.920504 37.223842 8.802803 )
xyz6=( 12.920504 37.223842 8.802803 )
xyz6=( 12.920459 37.223301 8.803307 )
xyz6=( 12.920459 37.223301 8.803307 )
xyz6=( 12.920414 37.222760 8.803811 )
xyz6=( 12.920414 37.222760 8.803811 )
xyz6=( 12.920370 37.222218 8.804316 )
xyz6=( 12.920370 37.222218 8.804316 )
xyz6=( 12.920326 37.221676 8.804820 )
xyz6=( 12.920326 37.221676 8.804820 )
xyz6=( 12.920283 37.221133 8.805325 )
xyz6=( 12.920283 37.221133 8.805325 )
xyz6=( 12.920239 37.220589 8.805831 )
xyz6=( 12.920239 37.220589 8.805831 )
xyz6=( 12.920196 37.220045 8.806336 )
xyz6=( 12.920196 37.220045 8.806336 )
xyz6=( 12.920154 37.219500 8.806842 )
xyz6=( 12.920154 37.219500 8.806842 )
xyz6=( 12.920111 37.218954 8.807348 )
xyz6=( 12.920111 37.218954 8.807348 )
xyz6=( 12.920069 37.218408 8.807854 )
xyz6=( 12.920069 37.218408 8.807854 )
xyz6=( 12.920028 37.217862 8.808361 )
xyz6=( 12.920028 37.217862 8.808361 )
xyz6=( 12.919986 37.217314 8.808868 )
xyz6=( 12.919986 37.217314 8.808868 )
xyz6=( 12.919945 37.216766 8.809375 )
xyz6=( 12.919945 37.216766 8.809375 )
xyz6=( 12.919904 37.216218 8.809882 )
xyz6=( 12.919904 37.216218 8.809882 )
xyz6=( 12.919864 37.215669 8.810390 )
xyz6=( 12.919864 37.215669 8.810390 )
xyz6=( 12.919824 37.215119 8.810897 )
xyz6=( 12.919824 37.215119 8.810897 )
xyz6=( 12.919784 37.214569 8.811406 )
xyz6=( 12.919784 37.214569 8.811406 )
xyz6=( 12.919744 37.214018 8.811914 )
xyz6=( 12.919744 37.214018 8.811914 )
xyz6=( 12.919705 37.213466 8.812422 )
xyz6=( 12.919705 37.213466 8.812422 )
xyz6=( 12.919666 37.212914 8.812931 )
xyz6=( 12.919666 37.212914 8.812931 )
xyz6=( 12.919627 37.212361 8.813440 )
xyz6=( 12.919627 37.212361 8.813440 )
xyz6=( 12.919589 37.211807 8.813950 )
xyz6=( 12.919589 37.211807 8.813950 )
xyz6=( 12.919551 37.211253 8.814459 )
xyz6=( 12.919551 37.211253 8.814459 )
xyz6=( 12.919513 37.210699 8.814969 )
xyz6=( 12.919513 37.210699 8.814969 )
xyz6=( 12.919476 37.210143 8.815479 )
xyz6=( 12.919476 37.210143 8.815479 )
xyz6=( 12.919439 37.209587 8.815989 )
xyz6=( 12.919439 37.209587 8.815989 )
xyz6=( 12.919402 37.209031 8.816500 )
xyz6=( 12.919366 37.208473 8.817011 )
xyz6=( 12.919330 37.207915 8.817522 )
xyz6=( 12.919294 37.207357 8.818033 )
xyz6=( 12.919259 37.206798 8.818545 )
xyz6=( 12.919224 37.206238 8.819057 )
xyz6=( 12.919189 37.205677 8.819569 )
xyz6=( 12.919155 37.205116 8.820082 )
xyz6=( 12.919120 37.204555 8.820594 )
xyz6=( 12.919087 37.203992 8.821107 )
xyz6=( 12.919053 37.203429 8.821621 )
xyz6=( 12.919020 37.202866 8.822134 )
xyz6=( 12.918987 37.202301 8.822648 )
xyz6=( 12.918955 37.201736 8.823162 )
xyz6=( 12.918923 37.201171 8.823676 )
xyz6=( 12.918891 37.200604 8.824191 )
xyz6=( 12.918860 37.200038 8.824705 )
xyz6=( 12.918829 37.199470 8.825221 )
xyz6=( 12.918798 37.198902 8.825736 )
xyz6=( 12.918767 37.198333 8.826251 )
xyz6=( 12.918737 37.197763 8.826767 )
xyz6=( 12.918707 37.197193 8.827284 )
xyz6=( 12.918678 37.196622 8.827800 )
xyz6=( 12.918649 37.196051 8.828317 )
xyz6=( 12.918620 37.195478 8.828834 )
xyz6=( 12.918592 37.194905 8.829351 )
xyz6=( 12.918564 37.194332 8.829868 )
xyz6=( 12.918536 37.193758 8.830386 )
xyz6=( 12.918509 37.193183 8.830904 )
xyz6=( 12.918482 37.192607 8.831423 )
xyz6=( 12.918455 37.192031 8.831941 )
xyz6=( 12.918429 37.191454 8.832460 )
xyz6=( 12.918403 37.190876 8.832979 )
xyz6=( 12.918377 37.190298 8.833499 )
xyz6=( 12.918352 37.189719 8.834019 )
xyz6=( 12.918327 37.189139 8.834539 )
xyz6=( 12.918303 37.188559 8.835059 )
xyz6=( 12.918278 37.187978 8.835580 )
xyz6=( 12.918254 37.187396 8.836100 )
xyz6=( 12.918231 37.186813 8.836622 )
xyz6=( 12.918208 37.186230 8.837143 )
xyz6=( 12.918185 37.185646 8.837665 )
xyz6=( 12.918163 37.185062 8.838187 )
xyz6=( 12.918141 37.184477 8.838709 )
xyz6=( 12.918119 37.183891 8.839232 )
xyz6=( 12.918098 37.183304 8.839754 )
xyz6=( 12.918077 37.182717 8.840278 )
xyz6=( 12.918056 37.182128 8.840801 )
xyz6=( 12.918036 37.181540 8.841325 )
xyz6=( 12.918016 37.180950 8.841849 )
xyz6=( 12.917996 37.180360 8.842373 )
xyz6=( 12.917977 37.179769 8.842898 )
xyz6=( 12.917958 37.179177 8.843423 )
xyz6=( 12.917940 37.178585 8.843948 )
xyz6=( 12.917922 37.177992 8.844473 )
xyz6=( 12.917904 37.177398 8.844999 )
xyz6=( 12.917887 37.176803 8.845525 )
xyz6=( 12.917870 37.176208 8.846051 )
xyz6=( 12.917854 37.175612 8.846578 )
xyz6=( 12.917837 37.175015 8.847105 )
xyz6=( 12.917822 37.174418 8.847632 )
xyz6=( 12.917806 37.173820 8.848160 )
xyz6=( 12.917791 37.173221 8.848688 )
xyz6=( 12.917776 37.172621 8.849216 )
xyz6=( 13.627941 37.791077 7.690414 )
xyz6=( 13.628768 37.791011 7.689739 )
xyz6=( 13.629598 37.790945 7.689064 )
xyz6=( 13.630429 37.790878 7.688387 )
xyz6=( 13.631261 37.790809 7.687710 )
xyz6=( 13.632096 37.790740 7.687032 )
xyz6=( 13.632932 37.790670 7.686354 )
xyz6=( 13.633770 37.790599 7.685674 )
xyz6=( 13.634610 37.790528 7.684994 )
xyz6=( 13.635451 37.790455 7.684312 )
xyz6=( 13.636294 37.790382 7.683630 )
xyz6=( 13.637139 37.790308 7.682947 )
xyz6=( 13.637986 37.790233 7.682264 )
xyz6=( 13.638835 37.790157 7.681579 )
xyz6=( 13.639685 37.790080 7.680894 )
xyz6=( 13.640538 37.790002 7.680207 )
xyz6=( 13.641392 37.789923 7.679520 )
xyz6=( 13.642248 37.789844 7.678832 )
xyz6=( 13.643106 37.789763 7.678143 )
xyz6=( 13.643966 37.789682 7.677453 )
xyz6=( 13.644827 37.789600 7.676763 )
xyz6=( 13.645691 37.789516 7.676071 )
xyz6=( 13.646556 37.789432 7.675379 )
xyz6=( 13.647424 37.789347 7.674686 )
xyz6=( 13.648293 37.789261 7.673991 )
xyz6=( 13.649164 37.789174 7.673296 )
xyz6=( 13.650037 37.789086 7.672600 )
xyz6=( 13.650913 37.788997 7.671903 )
xyz6=( 13.651790 37.788908 7.671205 )
xyz6=( 13.652669 37.788817 7.670507 )
xyz6=( 13.653550 37.788725 7.669807 )
xyz6=( 13.654433 37.788632 7.669106 )
xyz6=( 13.655318 37.788539 7.668405 )
xyz6=( 13.656205 37.788444 7.667702 )
xyz6=( 13.657094 37.788348 7.666999 )
xyz6=( 13.657986 37.788252 7.666294 )
xyz6=( 13.658879 37.788154 7.665589 )
xyz6=( 13.659774 37.788055 7.664883 )
xyz6=( 13.660672 37.787956 7.664175 )
xyz6=( 13.661571 37.787855 7.663467 )
xyz6=( 13.662473 37.787753 7.662758 )
xyz6=( 13.663377 37.787650 7.662047 )
xyz6=( 13.664283 37.787546 7.661336 )
xyz6=( 13.665191 37.787442 7.660624 )
xyz6=( 13.666101 37.787336 7.659911 )
xyz6=( 13.667013 37.787229 7.659196 )
xyz6=( 13.667928 37.787121 7.658481 )
xyz6=( 13.668845 37.787011 7.657765 )
xyz6=( 13.669764 37.786901 7.657047 )
xyz6=( 13.670685 37.786790 7.656329 )
xyz6=( 13.671609 37.786677 7.655610 )
xyz6=( 13.672534 37.786564 7.654889 )
xyz6=( 13.673463 37.786449 7.654167 )
xyz6=( 13.674393 37.786334 7.653445 )
xyz6=( 13.675326 37.786217 7.652721 )
