order:    [ 1 13 14 0 25 24 23 22 21 20 18 17 16 19 15 12 7 8 11 10 9 6 2 5 4 3 ]
atoms:    [ CA CA C N C CA N C CA N C CA N H HA N CA C C CA N N C C CA N ]
residues: [ 0 4 4 0 7 7 7 6 6 6 5 5 5 5 4 4 2 2 3 3 3 2 0 1 1 1 ]

We use a different pair of symbles to represent the bits values which are associated with the HA and H of the discretized distance, and another one to represent the bits of other hydrogens.
For the HA and H from the discretized distance:
	"+" means 0
	"-" means 1
For any other hydrogens:
	">" means 0
	"<" means 1

d_19_15=3.477718200000 s=[ 0 0 0 0 1 0 1 0 0 1 0 0 0 + + 0 0 0 0 0 1 0 1 1 1 0 ]

d_19_15=3.477918400200 s=[ 0 0 0 0 1 0 1 0 0 1 0 0 0 + + 0 0 0 0 0 1 0 1 1 1 0 ]

d_19_15=3.478118600400 s=[ 0 0 0 0 1 0 1 0 0 1 0 0 0 + + 0 0 0 0 0 1 0 1 1 1 0 ]

d_19_15=3.478318800601 s=[ 0 0 0 0 1 0 1 0 0 1 0 0 0 + + 0 0 0 0 0 1 0 1 1 1 0 ]

d_19_15=3.478519000801 s=[ 0 0 0 0 1 0 1 0 0 1 0 0 0 + + 0 0 0 0 0 1 0 1 1 1 0 ]

d_19_15=3.478719201001 s=[ 0 0 0 0 1 0 1 0 0 1 0 0 0 + + 0 0 0 0 0 1 0 1 1 1 0 ]

d_19_15=3.478919401201 s=[ 0 0 0 0 1 0 1 0 0 1 0 0 0 + + 0 0 0 0 0 1 0 1 1 1 0 ]

d_19_15=3.479119601401 s=[ 0 0 0 0 1 0 1 0 0 1 0 0 0 + + 0 0 0 0 0 1 0 1 1 1 0 ]

d_19_15=3.479319801602 s=[ 0 0 0 0 1 0 1 0 0 1 0 0 0 + + 0 0 0 0 0 1 0 1 1 1 0 ]

d_19_15=3.479520001802 s=[ 0 0 0 0 1 0 1 0 0 1 0 0 0 + + 0 0 0 0 0 1 0 1 1 1 0 ]

d_19_15=3.479720202002 s=[ 0 0 0 0 1 0 1 0 0 1 0 0 0 + + 0 0 0 0 0 1 0 1 1 1 0 ]

d_19_15=3.479920402202 s=[ 0 0 0 0 1 0 1 0 0 1 0 0 0 + + 0 0 0 0 0 1 0 1 1 1 0 ]

d_19_15=3.480120602402 s=[ 0 0 0 0 1 0 1 0 0 1 0 0 0 + + 0 0 0 0 0 1 0 1 1 1 0 ]

d_19_15=3.480320802603 s=[ 0 0 0 0 1 0 1 0 0 1 0 0 0 + + 0 0 0 0 0 1 0 1 1 1 0 ]

d_19_15=3.480521002803 s=[ 0 0 0 0 1 0 1 0 0 1 0 0 0 + + 0 0 0 0 0 1 0 1 1 1 0 ]

d_19_15=3.480721203003 s=[ 0 0 0 0 1 0 1 0 0 1 0 0 0 + + 0 0 0 0 0 1 0 1 1 1 0 ]

d_19_15=3.480921403203 s=[ 0 0 0 0 1 0 1 0 0 1 0 0 0 + + 0 0 0 0 0 1 0 1 1 1 0 ]

d_19_15=3.481121603403 s=[ 0 0 0 0 1 0 1 0 0 1 0 0 0 + + 0 0 0 0 0 1 0 1 1 1 0 ]

d_19_15=3.481321803604 s=[ 0 0 0 0 1 0 1 0 0 1 0 0 0 + + 0 0 0 0 0 1 0 1 1 1 0 ]

d_19_15=3.481522003804 s=[ 0 0 0 0 1 0 1 0 0 1 0 0 0 + + 0 0 0 0 0 1 0 1 1 1 0 ]

d_19_15=3.481722204004 s=[ 0 0 0 0 1 0 1 0 0 1 0 0 0 + + 0 0 0 0 0 1 0 1 1 1 0 ]

d_19_15=3.481922404204 s=[ 0 0 0 0 1 0 1 0 0 1 0 0 0 + + 0 0 0 0 0 1 0 1 1 1 0 ]

d_19_15=3.482122604404 s=[ 0 0 0 0 1 0 1 0 0 1 0 0 0 + + 0 0 0 0 0 1 0 1 1 1 0 ]

d_19_15=3.482322804605 s=[ 0 0 0 0 1 0 1 0 0 1 0 0 0 + + 0 0 0 0 0 1 0 1 1 1 0 ]

d_19_15=3.482523004805 s=[ 0 0 0 0 1 0 1 0 0 1 0 0 0 + + 0 0 0 0 0 1 0 1 1 1 0 ]

d_19_15=3.482723205005 s=[ 0 0 0 0 1 0 1 0 0 1 0 0 0 + + 0 0 0 0 0 1 0 1 1 1 0 ]

d_19_15=3.482923405205 s=[ 0 0 0 0 1 0 1 0 0 1 0 0 0 + + 0 0 0 0 0 1 0 1 1 1 0 ]

d_19_15=3.483123605405 s=[ 0 0 0 0 1 0 1 0 0 1 0 0 0 + + 0 0 0 0 0 1 0 1 1 1 0 ]

d_19_15=3.483323805606 s=[ 0 0 0 0 1 0 1 0 0 1 0 0 0 + + 0 0 0 0 0 1 0 1 1 1 0 ]

d_19_15=3.483524005806 s=[ 0 0 0 0 1 0 1 0 0 1 0 0 0 + + 0 0 0 0 0 1 0 1 1 1 0 ]

d_19_15=3.483724206006 s=[ 0 0 0 0 1 0 1 0 0 1 0 0 0 + + 0 0 0 0 0 1 0 1 1 1 0 ]

d_19_15=3.483924406206 s=[ 0 0 0 0 1 0 1 0 0 1 0 0 0 + + 0 0 0 0 0 1 0 1 1 1 0 ]

d_19_15=3.484124606406 s=[ 0 0 0 0 1 0 1 0 0 1 0 0 0 + + 0 0 0 0 0 1 0 1 1 1 0 ]

d_19_15=3.484324806607 s=[ 0 0 0 0 1 0 1 0 0 1 0 0 0 + + 0 0 0 0 0 1 0 1 1 1 0 ]

d_19_15=3.484525006807 s=[ 0 0 0 0 1 0 1 0 0 1 0 0 0 + + 0 0 0 0 0 1 0 1 1 1 0 ]

d_19_15=3.484725207007 s=[ 0 0 0 0 1 0 1 0 0 1 0 0 0 + + 0 0 0 0 0 1 0 1 1 1 0 ]

d_19_15=3.484925407207 s=[ 0 0 0 0 1 0 1 0 0 1 0 0 0 + + 0 0 0 0 0 1 0 1 1 1 0 ]

d_19_15=3.485125607407 s=[ 0 0 0 0 1 0 1 0 0 1 0 0 0 + + 0 0 0 0 0 1 0 1 1 1 0 ]

d_19_15=3.485325807608 s=[ 0 0 0 0 1 0 1 0 0 1 0 0 0 + + 0 0 0 0 0 1 0 1 1 1 0 ]

d_19_15=3.485526007808 s=[ 0 0 0 0 1 0 1 0 0 1 0 0 0 + + 0 0 0 0 0 1 0 1 1 1 0 ]

d_19_15=3.485726208008 s=[ 0 0 0 0 1 0 1 0 0 1 0 0 0 + + 0 0 0 0 0 1 0 1 1 1 0 ]

d_19_15=3.485926408208 s=[ 0 0 0 0 1 0 1 0 0 1 0 0 0 + + 0 0 0 0 0 1 0 1 1 1 0 ]

d_19_15=3.486126608408 s=[ 0 0 0 0 1 0 1 0 0 1 0 0 0 + + 0 0 0 0 0 1 0 1 1 1 0 ]

d_19_15=3.486326808609 s=[ 0 0 0 0 1 0 1 0 0 1 0 0 0 + + 0 0 0 0 0 1 0 1 1 1 0 ]

d_19_15=3.486527008809 s=[ 0 0 0 0 1 0 1 0 0 1 0 0 0 + + 0 0 0 0 0 1 0 1 1 1 0 ]

d_19_15=3.486527008809 s=[ 0 0 0 0 1 0 1 0 0 1 0 0 0 + + 0 0 0 0 0 1 1 1 1 1 0 ]

d_19_15=3.486727209009 s=[ 0 0 0 0 1 0 1 0 0 1 0 0 0 + + 0 0 0 0 0 1 0 1 1 1 0 ]

d_19_15=3.486727209009 s=[ 0 0 0 0 1 0 1 0 0 1 0 0 0 + + 0 0 0 0 0 1 1 1 1 1 0 ]

d_19_15=3.486927409209 s=[ 0 0 0 0 1 0 1 0 0 1 0 0 0 + + 0 0 0 0 0 1 0 1 1 1 0 ]

d_19_15=3.486927409209 s=[ 0 0 0 0 1 0 1 0 0 1 0 0 0 + + 0 0 0 0 0 1 1 1 1 1 0 ]

d_19_15=3.487127609409 s=[ 0 0 0 0 1 0 1 0 0 1 0 0 0 + + 0 0 0 0 0 1 0 1 1 1 0 ]

d_19_15=3.487127609409 s=[ 0 0 0 0 1 0 1 0 0 1 0 0 0 + + 0 0 0 0 0 1 1 1 1 1 0 ]

d_19_15=3.487327809610 s=[ 0 0 0 0 1 0 1 0 0 1 0 0 0 + + 0 0 0 0 0 1 0 1 1 1 0 ]

d_19_15=3.487327809610 s=[ 0 0 0 0 1 0 1 0 0 1 0 0 0 + + 0 0 0 0 0 1 1 1 1 1 0 ]

d_19_15=3.487528009810 s=[ 0 0 0 0 1 0 1 0 0 1 0 0 0 + + 0 0 0 0 0 1 0 1 1 1 0 ]

d_19_15=3.487528009810 s=[ 0 0 0 0 1 0 1 0 0 1 0 0 0 + + 0 0 0 0 0 1 1 1 1 1 0 ]

d_19_15=3.487728210010 s=[ 0 0 0 0 1 0 1 0 0 1 0 0 0 + + 0 0 0 0 0 1 0 1 1 1 0 ]

d_19_15=3.487728210010 s=[ 0 0 0 0 1 0 1 0 0 1 0 0 0 + + 0 0 0 0 0 1 1 1 1 1 0 ]

d_19_15=3.487928410210 s=[ 0 0 0 0 1 0 1 0 0 1 0 0 0 + + 0 0 0 0 0 1 0 1 1 1 0 ]

d_19_15=3.487928410210 s=[ 0 0 0 0 1 0 1 0 0 1 0 0 0 + + 0 0 0 0 0 1 1 1 1 1 0 ]

d_19_15=3.488128610410 s=[ 0 0 0 0 1 0 1 0 0 1 0 0 0 + + 0 0 0 0 0 1 0 1 1 1 0 ]

d_19_15=3.488128610410 s=[ 0 0 0 0 1 0 1 0 0 1 0 0 0 + + 0 0 0 0 0 1 1 1 1 1 0 ]

d_19_15=3.488328810611 s=[ 0 0 0 0 1 0 1 0 0 1 0 0 0 + + 0 0 0 0 0 1 0 1 1 1 0 ]

d_19_15=3.488328810611 s=[ 0 0 0 0 1 0 1 0 0 1 0 0 0 + + 0 0 0 0 0 1 1 1 1 1 0 ]

d_19_15=3.488529010811 s=[ 0 0 0 0 1 0 1 0 0 1 0 0 0 + + 0 0 0 0 0 1 0 1 1 1 0 ]

d_19_15=3.488529010811 s=[ 0 0 0 0 1 0 1 0 0 1 0 0 0 + + 0 0 0 0 0 1 1 1 1 1 0 ]

d_19_15=3.488729211011 s=[ 0 0 0 0 1 0 1 0 0 1 0 0 0 + + 0 0 0 0 0 1 0 1 1 1 0 ]

d_19_15=3.488729211011 s=[ 0 0 0 0 1 0 1 0 0 1 0 0 0 + + 0 0 0 0 0 1 1 1 1 1 0 ]

d_19_15=3.488929411211 s=[ 0 0 0 0 1 0 1 0 0 1 0 0 0 + + 0 0 0 0 0 1 0 1 1 1 0 ]

d_19_15=3.488929411211 s=[ 0 0 0 0 1 0 1 0 0 1 0 0 0 + + 0 0 0 0 0 1 1 1 1 1 0 ]

d_19_15=3.489129611411 s=[ 0 0 0 0 1 0 1 0 0 1 0 0 0 + + 0 0 0 0 0 1 0 1 1 1 0 ]

d_19_15=3.489129611411 s=[ 0 0 0 0 1 0 1 0 0 1 0 0 0 + + 0 0 0 0 0 1 1 1 1 1 0 ]

d_19_15=3.489329811612 s=[ 0 0 0 0 1 0 1 0 0 1 0 0 0 + + 0 0 0 0 0 1 0 1 1 1 0 ]

d_19_15=3.489329811612 s=[ 0 0 0 0 1 0 1 0 0 1 0 0 0 + + 0 0 0 0 0 1 1 1 1 1 0 ]

d_19_15=3.489530011812 s=[ 0 0 0 0 1 0 1 0 0 1 0 0 0 + + 0 0 0 0 0 1 0 1 1 1 0 ]

d_19_15=3.489530011812 s=[ 0 0 0 0 1 0 1 0 0 1 0 0 0 + + 0 0 0 0 0 1 1 1 1 1 0 ]

d_19_15=3.489730212012 s=[ 0 0 0 0 1 0 1 0 0 1 0 0 0 + + 0 0 0 0 0 1 0 1 1 1 0 ]

d_19_15=3.489730212012 s=[ 0 0 0 0 1 0 1 0 0 1 0 0 0 + + 0 0 0 0 0 1 1 1 1 1 0 ]

d_19_15=3.489930412212 s=[ 0 0 0 0 1 0 1 0 0 1 0 0 0 + + 0 0 0 0 0 1 0 1 1 1 0 ]

d_19_15=3.489930412212 s=[ 0 0 0 0 1 0 1 0 0 1 0 0 0 + + 0 0 0 0 0 1 1 1 1 1 0 ]

d_19_15=3.490130612412 s=[ 0 0 0 0 1 0 1 0 0 1 0 0 0 + + 0 0 0 0 0 1 0 1 1 1 0 ]

d_19_15=3.490130612412 s=[ 0 0 0 0 1 0 1 0 0 1 0 0 0 + + 0 0 0 0 0 1 1 1 1 1 0 ]

d_19_15=3.490330812613 s=[ 0 0 0 0 1 0 1 0 0 1 0 0 0 + + 0 0 0 0 0 1 0 1 1 1 0 ]

d_19_15=3.490330812613 s=[ 0 0 0 0 1 0 1 0 0 1 0 0 0 + + 0 0 0 0 0 1 1 1 1 1 0 ]

d_19_15=3.490531012813 s=[ 0 0 0 0 1 0 1 0 0 1 0 0 0 + + 0 0 0 0 0 1 0 1 1 1 0 ]

d_19_15=3.490531012813 s=[ 0 0 0 0 1 0 1 0 0 1 0 0 0 + + 0 0 0 0 0 1 1 1 1 1 0 ]

d_19_15=3.490731213013 s=[ 0 0 0 0 1 0 1 0 0 1 0 0 0 + + 0 0 0 0 0 1 0 1 1 1 0 ]

d_19_15=3.490731213013 s=[ 0 0 0 0 1 0 1 0 0 1 0 0 0 + + 0 0 0 0 0 1 1 1 1 1 0 ]

d_19_15=3.490931413213 s=[ 0 0 0 0 1 0 1 0 0 1 0 0 0 + + 0 0 0 0 0 1 0 1 1 1 0 ]

d_19_15=3.490931413213 s=[ 0 0 0 0 1 0 1 0 0 1 0 0 0 + + 0 0 0 0 0 1 1 1 1 1 0 ]

d_19_15=3.491131613413 s=[ 0 0 0 0 1 0 1 0 0 1 0 0 0 + + 0 0 0 0 0 1 0 1 1 1 0 ]

d_19_15=3.491131613413 s=[ 0 0 0 0 1 0 1 0 0 1 0 0 0 + + 0 0 0 0 0 1 1 1 1 1 0 ]

d_19_15=3.491331813614 s=[ 0 0 0 0 1 0 1 0 0 1 0 0 0 + + 0 0 0 0 0 1 0 1 1 1 0 ]

d_19_15=3.491331813614 s=[ 0 0 0 0 1 0 1 0 0 1 0 0 0 + + 0 0 0 0 0 1 1 1 1 1 0 ]

d_19_15=3.491532013814 s=[ 0 0 0 0 1 0 1 0 0 1 0 0 0 + + 0 0 0 0 0 1 0 1 1 1 0 ]

d_19_15=3.491532013814 s=[ 0 0 0 0 1 0 1 0 0 1 0 0 0 + + 0 0 0 0 0 1 1 1 1 1 0 ]

d_19_15=3.491732214014 s=[ 0 0 0 0 1 0 1 0 0 1 0 0 0 + + 0 0 0 0 0 1 0 1 1 1 0 ]

d_19_15=3.491932414214 s=[ 0 0 0 0 1 0 1 0 0 1 0 0 0 + + 0 0 0 0 0 1 0 1 1 1 0 ]

d_19_15=3.492132614414 s=[ 0 0 0 0 1 0 1 0 0 1 0 0 0 + + 0 0 0 0 0 1 0 1 1 1 0 ]

d_19_15=3.492332814615 s=[ 0 0 0 0 1 0 1 0 0 1 0 0 0 + + 0 0 0 0 0 1 0 1 1 1 0 ]

d_19_15=3.492533014815 s=[ 0 0 0 0 1 0 1 0 0 1 0 0 0 + + 0 0 0 0 0 1 0 1 1 1 0 ]

d_19_15=3.492733215015 s=[ 0 0 0 0 1 0 1 0 0 1 0 0 0 + + 0 0 0 0 0 1 0 1 1 1 0 ]

d_19_15=3.492933415215 s=[ 0 0 0 0 1 0 1 0 0 1 0 0 0 + + 0 0 0 0 0 1 0 1 1 1 0 ]

d_19_15=3.493133615415 s=[ 0 0 0 0 1 0 1 0 0 1 0 0 0 + + 0 0 0 0 0 1 0 1 1 1 0 ]

d_19_15=3.493333815616 s=[ 0 0 0 0 1 0 1 0 0 1 0 0 0 + + 0 0 0 0 0 1 0 1 1 1 0 ]

d_19_15=3.493534015816 s=[ 0 0 0 0 1 0 1 0 0 1 0 0 0 + + 0 0 0 0 0 1 0 1 1 1 0 ]

d_19_15=3.493734216016 s=[ 0 0 0 0 1 0 1 0 0 1 0 0 0 + + 0 0 0 0 0 1 0 1 1 1 0 ]

d_19_15=3.493934416216 s=[ 0 0 0 0 1 0 1 0 0 1 0 0 0 + + 0 0 0 0 0 1 0 1 1 1 0 ]

d_19_15=3.494134616416 s=[ 0 0 0 0 1 0 1 0 0 1 0 0 0 + + 0 0 0 0 0 1 0 1 1 1 0 ]

d_19_15=3.494334816617 s=[ 0 0 0 0 1 0 1 0 0 1 0 0 0 + + 0 0 0 0 0 1 0 1 1 1 0 ]

d_19_15=3.494535016817 s=[ 0 0 0 0 1 0 1 0 0 1 0 0 0 + + 0 0 0 0 0 1 0 1 1 1 0 ]

d_19_15=3.494735217017 s=[ 0 0 0 0 1 0 1 0 0 1 0 0 0 + + 0 0 0 0 0 1 0 1 1 1 0 ]

d_19_15=3.494935417217 s=[ 0 0 0 0 1 0 1 0 0 1 0 0 0 + + 0 0 0 0 0 1 0 1 1 1 0 ]

d_19_15=3.495135617417 s=[ 0 0 0 0 1 0 1 0 0 1 0 0 0 + + 0 0 0 0 0 1 0 1 1 1 0 ]

d_19_15=3.495335817618 s=[ 0 0 0 0 1 0 1 0 0 1 0 0 0 + + 0 0 0 0 0 1 0 1 1 1 0 ]

d_19_15=3.495536017818 s=[ 0 0 0 0 1 0 1 0 0 1 0 0 0 + + 0 0 0 0 0 1 0 1 1 1 0 ]

d_19_15=3.495736218018 s=[ 0 0 0 0 1 0 1 0 0 1 0 0 0 + + 0 0 0 0 0 1 0 1 1 1 0 ]

d_19_15=3.495936418218 s=[ 0 0 0 0 1 0 1 0 0 1 0 0 0 + + 0 0 0 0 0 1 0 1 1 1 0 ]

d_19_15=3.496136618418 s=[ 0 0 0 0 1 0 1 0 0 1 0 0 0 + + 0 0 0 0 0 1 0 1 1 1 0 ]

d_19_15=3.496336818619 s=[ 0 0 0 0 1 0 1 0 0 1 0 0 0 + + 0 0 0 0 0 1 0 1 1 1 0 ]

d_19_15=3.496537018819 s=[ 0 0 0 0 1 0 1 0 0 1 0 0 0 + + 0 0 0 0 0 1 0 1 1 1 0 ]

d_19_15=3.496737219019 s=[ 0 0 0 0 1 0 1 0 0 1 0 0 0 + + 0 0 0 0 0 1 0 1 1 1 0 ]

d_19_15=3.496937419219 s=[ 0 0 0 0 1 0 1 0 0 1 0 0 0 + + 0 0 0 0 0 1 0 1 1 1 0 ]

d_19_15=3.497137619419 s=[ 0 0 0 0 1 0 1 0 0 1 0 0 0 + + 0 0 0 0 0 1 0 1 1 1 0 ]

d_19_15=3.497337819620 s=[ 0 0 0 0 1 0 1 0 0 1 0 0 0 + + 0 0 0 0 0 1 0 1 1 1 0 ]

d_19_15=3.497538019820 s=[ 0 0 0 0 1 0 1 0 0 1 0 0 0 + + 0 0 0 0 0 1 0 1 1 1 0 ]

d_19_15=3.497738220020 s=[ 0 0 0 0 1 0 1 0 0 1 0 0 0 + + 0 0 0 0 0 1 0 1 1 1 0 ]

d_19_15=3.497938420220 s=[ 0 0 0 0 1 0 1 0 0 1 0 0 0 + + 0 0 0 0 0 1 0 1 1 1 0 ]

d_19_15=3.498138620420 s=[ 0 0 0 0 1 0 1 0 0 1 0 0 0 + + 0 0 0 0 0 1 0 1 1 1 0 ]

d_19_15=3.498338820621 s=[ 0 0 0 0 1 0 1 0 0 1 0 0 0 + + 0 0 0 0 0 1 0 1 1 1 0 ]

d_19_15=3.503343825626 s=[ 0 0 0 0 1 0 1 0 0 1 0 0 0 + + 1 1 0 0 0 1 0 1 1 1 0 ]

d_19_15=3.503544025826 s=[ 0 0 0 0 1 0 1 0 0 1 0 0 0 + + 1 1 0 0 0 1 0 1 1 1 0 ]

d_19_15=3.503544025826 s=[ 0 0 0 0 1 0 1 0 0 1 0 0 0 + + 1 1 1 1 1 0 0 1 1 1 0 ]

d_19_15=3.503744226026 s=[ 0 0 0 0 1 0 1 0 0 1 0 0 0 + + 1 1 0 0 0 1 0 1 1 1 0 ]

d_19_15=3.503744226026 s=[ 0 0 0 0 1 0 1 0 0 1 0 0 0 + + 1 1 1 1 1 0 0 1 1 1 0 ]

d_19_15=3.503944426226 s=[ 0 0 0 0 1 0 1 0 0 1 0 0 0 + + 1 1 0 0 0 1 0 1 1 1 0 ]

d_19_15=3.504144626426 s=[ 0 0 0 0 1 0 1 0 0 1 0 0 0 + + 1 1 0 0 0 1 0 1 1 1 0 ]

d_19_15=3.507147629429 s=[ 0 0 0 0 1 0 1 0 0 1 0 0 0 + + 1 0 1 1 1 0 0 0 0 0 1 ]

d_19_15=3.507147629429 s=[ 0 0 0 0 1 0 1 0 0 1 0 0 0 + + 1 1 1 1 1 0 1 0 0 0 1 ]

d_19_15=3.507347829630 s=[ 0 0 0 0 1 0 1 0 0 1 0 0 0 + + 1 0 1 1 1 0 0 0 0 0 1 ]

d_19_15=3.507347829630 s=[ 0 0 0 0 1 0 1 0 0 1 0 0 0 + + 1 1 1 1 1 0 1 0 0 0 1 ]

d_19_15=3.507548029830 s=[ 0 0 0 0 1 0 1 0 0 1 0 0 0 + + 1 0 1 1 1 0 0 0 0 0 1 ]

d_19_15=3.507548029830 s=[ 0 0 0 0 1 0 1 0 0 1 0 0 0 + + 1 1 1 1 1 0 1 0 0 0 1 ]

d_19_15=3.507748230030 s=[ 0 0 0 0 1 0 1 0 0 1 0 0 0 + + 1 1 1 1 1 0 1 0 0 0 1 ]

d_19_15=3.507948430230 s=[ 0 0 0 0 1 0 1 0 0 1 0 0 0 + + 1 1 1 1 1 0 1 0 0 0 1 ]

d_19_15=3.508148630430 s=[ 0 0 0 0 1 0 1 0 0 1 0 0 0 + + 1 1 1 1 1 0 1 0 0 0 1 ]

d_19_15=3.508348830631 s=[ 0 0 0 0 1 0 1 0 0 1 0 0 0 + + 1 1 1 1 1 0 1 0 0 0 1 ]

d_19_15=3.508549030831 s=[ 0 0 0 0 1 0 1 0 0 1 0 0 0 + + 1 1 1 1 1 0 1 0 0 0 1 ]

d_19_15=3.508749231031 s=[ 0 0 0 0 1 0 1 0 0 1 0 0 0 + + 1 1 1 1 1 0 1 0 0 0 1 ]

d_19_15=3.508949431231 s=[ 0 0 0 0 1 0 1 0 0 1 0 0 0 + + 1 1 1 1 1 0 1 0 0 0 1 ]

d_19_15=3.509149631431 s=[ 0 0 0 0 1 0 1 0 0 1 0 0 0 + + 1 1 1 1 1 0 1 0 0 0 1 ]

d_19_15=3.509349831632 s=[ 0 0 0 0 1 0 1 0 0 1 0 0 0 + + 1 1 1 1 1 0 1 0 0 0 1 ]

d_19_15=3.509550031832 s=[ 0 0 0 0 1 0 1 0 0 1 0 0 0 + + 1 1 1 1 1 0 1 0 0 0 1 ]

d_19_15=3.509750232032 s=[ 0 0 0 0 1 0 1 0 0 1 0 0 0 + + 1 1 1 1 1 0 1 0 0 0 1 ]

d_19_15=3.509950432232 s=[ 0 0 0 0 1 0 1 0 0 1 0 0 0 + + 1 1 1 1 1 0 1 0 0 0 1 ]

d_19_15=3.509950432232 s=[ 0 0 0 0 1 0 1 0 0 1 0 0 0 + - 0 1 1 1 1 0 1 0 0 0 1 ]

d_19_15=3.510150632432 s=[ 0 0 0 0 1 0 1 0 0 1 0 0 0 + + 1 1 1 1 1 0 1 0 0 0 1 ]

d_19_15=3.510150632432 s=[ 0 0 0 0 1 0 1 0 0 1 0 0 0 + - 0 1 1 1 1 0 1 0 0 0 1 ]

d_19_15=3.510350832633 s=[ 0 0 0 0 1 0 1 0 0 1 0 0 0 + + 1 1 1 1 1 0 1 0 0 0 1 ]

d_19_15=3.510350832633 s=[ 0 0 0 0 1 0 1 0 0 1 0 0 0 + - 0 1 1 1 1 0 1 0 0 0 1 ]

d_19_15=3.510551032833 s=[ 0 0 0 0 1 0 1 0 0 1 0 0 0 + + 1 1 1 1 1 0 1 0 0 0 1 ]

d_19_15=3.510551032833 s=[ 0 0 0 0 1 0 1 0 0 1 0 0 0 + - 0 1 1 1 1 0 1 0 0 0 1 ]

d_19_15=3.510751233033 s=[ 0 0 0 0 1 0 1 0 0 1 0 0 0 + + 1 1 1 1 1 0 1 0 0 0 1 ]

d_19_15=3.510751233033 s=[ 0 0 0 0 1 0 1 0 0 1 0 0 0 + - 0 1 1 1 1 0 1 0 0 0 1 ]

d_19_15=3.510951433233 s=[ 0 0 0 0 1 0 1 0 0 1 0 0 0 + + 1 1 1 1 1 0 1 0 0 0 1 ]

d_19_15=3.510951433233 s=[ 0 0 0 0 1 0 1 0 0 1 0 0 0 + - 0 1 1 1 1 0 1 0 0 0 1 ]

d_19_15=3.511151633433 s=[ 0 0 0 0 1 0 1 0 0 1 0 0 0 + + 1 1 1 1 1 0 1 0 0 0 1 ]

d_19_15=3.511151633433 s=[ 0 0 0 0 1 0 1 0 0 1 0 0 0 + - 0 1 1 1 1 0 1 0 0 0 1 ]

d_19_15=3.511351833634 s=[ 0 0 0 0 1 0 1 0 0 1 0 0 0 + + 1 1 1 1 1 0 1 0 0 0 1 ]

d_19_15=3.511351833634 s=[ 0 0 0 0 1 0 1 0 0 1 0 0 0 + - 0 1 1 1 1 0 1 0 0 0 1 ]

d_19_15=3.511552033834 s=[ 0 0 0 0 1 0 1 0 0 1 0 0 0 + + 1 1 1 1 1 0 1 0 0 0 1 ]

d_19_15=3.511552033834 s=[ 0 0 0 0 1 0 1 0 0 1 0 0 0 + - 0 1 1 1 1 0 1 0 0 0 1 ]

d_19_15=3.511752234034 s=[ 0 0 0 0 1 0 1 0 0 1 0 0 0 + + 1 1 1 1 1 0 1 0 0 0 1 ]

d_19_15=3.511752234034 s=[ 0 0 0 0 1 0 1 0 0 1 0 0 0 + - 0 1 1 1 1 0 1 0 0 0 1 ]

d_19_15=3.511952434234 s=[ 0 0 0 0 1 0 1 0 0 1 0 0 0 + + 1 1 1 1 1 0 1 0 0 0 1 ]

d_19_15=3.511952434234 s=[ 0 0 0 0 1 0 1 0 0 1 0 0 0 + - 0 1 1 1 1 0 1 0 0 0 1 ]

d_19_15=3.512152634434 s=[ 0 0 0 0 1 0 1 0 0 1 0 0 0 + + 1 1 1 1 1 0 1 0 0 0 1 ]

d_19_15=3.512152634434 s=[ 0 0 0 0 1 0 1 0 0 1 0 0 0 + - 0 1 1 1 1 0 1 0 0 0 1 ]

d_19_15=3.512352834635 s=[ 0 0 0 0 1 0 1 0 0 1 0 0 0 + + 1 1 1 1 1 0 1 0 0 0 1 ]

d_19_15=3.512352834635 s=[ 0 0 0 0 1 0 1 0 0 1 0 0 0 + - 0 1 1 1 1 0 1 0 0 0 1 ]

d_19_15=3.512553034835 s=[ 0 0 0 0 1 0 1 0 0 1 0 0 0 + + 1 1 1 1 1 0 1 0 0 0 1 ]

d_19_15=3.512553034835 s=[ 0 0 0 0 1 0 1 0 0 1 0 0 0 + - 0 1 1 1 1 0 1 0 0 0 1 ]

d_19_15=3.512753235035 s=[ 0 0 0 0 1 0 1 0 0 1 0 0 0 + + 1 1 1 1 1 0 1 0 0 0 1 ]

d_19_15=3.512753235035 s=[ 0 0 0 0 1 0 1 0 0 1 0 0 0 + - 0 1 1 1 1 0 1 0 0 0 1 ]

d_19_15=3.512953435235 s=[ 0 0 0 0 1 0 1 0 0 1 0 0 0 + + 1 1 1 1 1 0 1 0 0 0 1 ]

d_19_15=3.512953435235 s=[ 0 0 0 0 1 0 1 0 0 1 0 0 0 + - 0 1 1 1 1 0 1 0 0 0 1 ]

d_19_15=3.513153635435 s=[ 0 0 0 0 1 0 1 0 0 1 0 0 0 + - 0 1 1 1 1 0 1 0 0 0 1 ]

d_19_15=3.513353835636 s=[ 0 0 0 0 1 0 1 0 0 1 0 0 0 + - 0 1 1 1 1 0 1 0 0 0 1 ]

d_19_15=3.554595076877 s=[ 0 0 0 0 1 0 1 0 0 1 0 0 0 + - 0 1 0 0 0 1 1 0 0 0 1 ]

d_19_15=3.554795277077 s=[ 0 0 0 0 1 0 1 0 0 1 0 0 0 + - 0 1 0 0 0 1 1 0 0 0 1 ]

d_19_15=3.554995477277 s=[ 0 0 0 0 1 0 1 0 0 1 0 0 0 + - 0 1 0 0 0 1 1 0 0 0 1 ]

d_19_15=3.564004486286 s=[ 0 0 0 0 1 0 1 0 0 1 0 0 0 + - 0 1 1 1 1 0 0 1 1 1 0 ]

d_19_15=3.564204686486 s=[ 0 0 0 0 1 0 1 0 0 1 0 0 0 + - 0 1 1 1 1 0 0 1 1 1 0 ]

d_19_15=3.564404886687 s=[ 0 0 0 0 1 0 1 0 0 1 0 0 0 + - 0 1 1 1 1 0 0 1 1 1 0 ]

d_19_15=3.564605086887 s=[ 0 0 0 0 1 0 1 0 0 1 0 0 0 + - 0 1 1 1 1 0 0 1 1 1 0 ]

d_19_15=3.564805287087 s=[ 0 0 0 0 1 0 1 0 0 1 0 0 0 + - 0 1 1 1 1 0 0 1 1 1 0 ]

d_19_15=3.565005487287 s=[ 0 0 0 0 1 0 1 0 0 1 0 0 0 + - 0 1 1 1 1 0 0 1 1 1 0 ]

d_19_15=3.565205687487 s=[ 0 0 0 0 1 0 1 0 0 1 0 0 0 + - 0 1 1 1 1 0 0 1 1 1 0 ]

d_19_15=3.565405887688 s=[ 0 0 0 0 1 0 1 0 0 1 0 0 0 + - 0 1 1 1 1 0 0 1 1 1 0 ]

d_19_15=3.582422904705 s=[ 0 0 0 0 1 0 1 0 0 1 0 0 0 + - 0 1 0 0 0 1 0 0 0 0 1 ]

d_19_15=3.582623104905 s=[ 0 0 0 0 1 0 1 0 0 1 0 0 0 + - 0 1 0 0 0 1 0 0 0 0 1 ]

d_19_15=3.582823305105 s=[ 0 0 0 0 1 0 1 0 0 1 0 0 0 + - 0 1 0 0 0 1 0 0 0 0 1 ]

d_19_15=3.585626107908 s=[ 0 0 0 0 1 0 1 0 0 1 0 0 0 + + 0 0 1 1 1 0 1 0 0 0 1 ]

d_19_15=3.585826308108 s=[ 0 0 0 0 1 0 1 0 0 1 0 0 0 + + 0 0 1 1 1 0 1 0 0 0 1 ]

d_19_15=3.586026508308 s=[ 0 0 0 0 1 0 1 0 0 1 0 0 0 + + 0 0 1 1 1 0 1 0 0 0 1 ]

d_19_15=3.586226708509 s=[ 0 0 0 0 1 0 1 0 0 1 0 0 0 + + 0 0 1 1 1 0 1 0 0 0 1 ]

d_19_15=3.586426908709 s=[ 0 0 0 0 1 0 1 0 0 1 0 0 0 + + 0 0 1 1 1 0 1 0 0 0 1 ]

d_19_15=3.586627108909 s=[ 0 0 0 0 1 0 1 0 0 1 0 0 0 + + 0 0 1 1 1 0 1 0 0 0 1 ]

d_19_15=3.586827309109 s=[ 0 0 0 0 1 0 1 0 0 1 0 0 0 + + 0 0 1 1 1 0 1 0 0 0 1 ]

d_19_15=3.587027509309 s=[ 0 0 0 0 1 0 1 0 0 1 0 0 0 + + 0 0 1 1 1 0 1 0 0 0 1 ]

d_19_15=3.587227709510 s=[ 0 0 0 0 1 0 1 0 0 1 0 0 0 + + 0 0 1 1 1 0 1 0 0 0 1 ]

d_19_15=3.587427909710 s=[ 0 0 0 0 1 0 1 0 0 1 0 0 0 + + 0 0 1 1 1 0 1 0 0 0 1 ]

d_19_15=3.587628109910 s=[ 0 0 0 0 1 0 1 0 0 1 0 0 0 + + 0 0 1 1 1 0 1 0 0 0 1 ]

d_19_15=3.587828310110 s=[ 0 0 0 0 1 0 1 0 0 1 0 0 0 + + 0 0 1 1 1 0 1 0 0 0 1 ]

d_19_15=3.588028510310 s=[ 0 0 0 0 1 0 1 0 0 1 0 0 0 + + 0 0 1 1 1 0 1 0 0 0 1 ]

d_19_15=3.588228710511 s=[ 0 0 0 0 1 0 1 0 0 1 0 0 0 + + 0 0 1 1 1 0 1 0 0 0 1 ]

d_19_15=3.588428910711 s=[ 0 0 0 0 1 0 1 0 0 1 0 0 0 + + 0 0 1 1 1 0 1 0 0 0 1 ]

d_19_15=3.588629110911 s=[ 0 0 0 0 1 0 1 0 0 1 0 0 0 + + 0 0 1 1 1 0 1 0 0 0 1 ]

d_19_15=3.588829311111 s=[ 0 0 0 0 1 0 1 0 0 1 0 0 0 + + 0 0 1 1 1 0 1 0 0 0 1 ]

d_19_15=3.614655136937 s=[ 0 0 0 0 1 0 1 0 0 1 0 0 0 + - 0 1 1 1 1 0 1 1 1 1 0 ]

d_19_15=3.614855337137 s=[ 0 0 0 0 1 0 1 0 0 1 0 0 0 + - 0 1 1 1 1 0 1 1 1 1 0 ]

d_19_15=3.615055537337 s=[ 0 0 0 0 1 0 1 0 0 1 0 0 0 + - 0 1 1 1 1 0 1 1 1 1 0 ]

d_19_15=3.615255737538 s=[ 0 0 0 0 1 0 1 0 0 1 0 0 0 + - 0 1 1 1 1 0 1 1 1 1 0 ]

d_19_15=3.615455937738 s=[ 0 0 0 0 1 0 1 0 0 1 0 0 0 + - 0 1 1 1 1 0 1 1 1 1 0 ]

d_19_15=3.615656137938 s=[ 0 0 0 0 1 0 1 0 0 1 0 0 0 + - 0 1 1 1 1 0 1 1 1 1 0 ]

d_19_15=3.617257739540 s=[ 0 0 0 0 1 0 1 0 0 1 0 0 0 + - 0 1 0 0 0 1 1 1 1 1 0 ]

d_19_15=3.617457939740 s=[ 0 0 0 0 1 0 1 0 0 1 0 0 0 + - 0 1 0 0 0 1 1 1 1 1 0 ]

d_19_15=3.617658139940 s=[ 0 0 0 0 1 0 1 0 0 1 0 0 0 + - 0 1 0 0 0 1 1 1 1 1 0 ]

d_19_15=3.617858340140 s=[ 0 0 0 0 1 0 1 0 0 1 0 0 0 + - 0 1 0 0 0 1 1 1 1 1 0 ]

d_19_15=3.618058540340 s=[ 0 0 0 0 1 0 1 0 0 1 0 0 0 + - 0 1 0 0 0 1 1 1 1 1 0 ]

d_19_15=3.618258740541 s=[ 0 0 0 0 1 0 1 0 0 1 0 0 0 + - 0 1 0 0 0 1 1 1 1 1 0 ]

d_19_15=3.618458940741 s=[ 0 0 0 0 1 0 1 0 0 1 0 0 0 + - 0 1 0 0 0 1 1 1 1 1 0 ]

d_19_15=3.618659140941 s=[ 0 0 0 0 1 0 1 0 0 1 0 0 0 + - 0 1 0 0 0 1 1 1 1 1 0 ]

d_19_15=3.625866348148 s=[ 0 0 0 0 1 0 1 0 0 1 0 0 0 + + 0 1 1 1 1 0 0 0 0 0 1 ]

d_19_15=3.626066548348 s=[ 0 0 0 0 1 0 1 0 0 1 0 0 0 + + 0 1 1 1 1 0 0 0 0 0 1 ]

d_19_15=3.626266748549 s=[ 0 0 0 0 1 0 1 0 0 1 0 0 0 + + 0 1 1 1 1 0 0 0 0 0 1 ]

d_19_15=3.626466948749 s=[ 0 0 0 0 1 0 1 0 0 1 0 0 0 + + 0 1 1 1 1 0 0 0 0 0 1 ]

d_19_15=3.626667148949 s=[ 0 0 0 0 1 0 1 0 0 1 0 0 0 + + 0 1 1 1 1 0 0 0 0 0 1 ]

d_19_15=3.626867349149 s=[ 0 0 0 0 1 0 1 0 0 1 0 0 0 + + 0 1 1 1 1 0 0 0 0 0 1 ]

d_19_15=3.627067549349 s=[ 0 0 0 0 1 0 1 0 0 1 0 0 0 + + 0 1 1 1 1 0 0 0 0 0 1 ]

d_19_15=3.627267749550 s=[ 0 0 0 0 1 0 1 0 0 1 0 0 0 + + 0 1 1 1 1 0 0 0 0 0 1 ]

d_19_15=3.627467949750 s=[ 0 0 0 0 1 0 1 0 0 1 0 0 0 + + 0 1 1 1 1 0 0 0 0 0 1 ]

d_19_15=3.627668149950 s=[ 0 0 0 0 1 0 1 0 0 1 0 0 0 + + 0 1 1 1 1 0 0 0 0 0 1 ]

d_19_15=3.627868350150 s=[ 0 0 0 0 1 0 1 0 0 1 0 0 0 + + 0 1 1 1 1 0 0 0 0 0 1 ]

d_19_15=3.628068550350 s=[ 0 0 0 0 1 0 1 0 0 1 0 0 0 + + 0 1 1 1 1 0 0 0 0 0 1 ]

d_19_15=3.628268750551 s=[ 0 0 0 0 1 0 1 0 0 1 0 0 0 + + 0 1 1 1 1 0 0 0 0 0 1 ]

d_19_15=3.628468950751 s=[ 0 0 0 0 1 0 1 0 0 1 0 0 0 + + 0 1 1 1 1 0 0 0 0 0 1 ]

d_19_15=3.628669150951 s=[ 0 0 0 0 1 0 1 0 0 1 0 0 0 + + 0 1 1 1 1 0 0 0 0 0 1 ]

d_19_15=3.628869351151 s=[ 0 0 0 0 1 0 1 0 0 1 0 0 0 + + 0 1 1 1 1 0 0 0 0 0 1 ]

d_19_15=3.630270752553 s=[ 0 0 0 0 1 0 1 0 0 1 0 0 0 + - 0 1 0 0 0 1 0 1 1 1 0 ]

d_19_15=3.630470952753 s=[ 0 0 0 0 1 0 1 0 0 1 0 0 0 + - 0 1 0 0 0 1 0 1 1 1 0 ]

d_19_15=3.632272754555 s=[ 0 0 0 0 1 0 1 0 0 1 0 0 0 + - 0 1 1 1 1 0 0 1 1 1 0 ]

d_19_15=3.632472954755 s=[ 0 0 0 0 1 0 1 0 0 1 0 0 0 + - 0 1 1 1 1 0 0 1 1 1 0 ]

d_19_15=3.632673154955 s=[ 0 0 0 0 1 0 1 0 0 1 0 0 0 + - 0 1 1 1 1 0 0 1 1 1 0 ]

d_19_15=3.632873355155 s=[ 0 0 0 0 1 0 1 0 0 1 0 0 0 + - 0 1 1 1 1 0 0 1 1 1 0 ]

d_19_15=3.633073555355 s=[ 0 0 0 0 1 0 1 0 0 1 0 0 0 + - 0 1 1 1 1 0 0 1 1 1 0 ]

d_19_15=3.633874356156 s=[ 0 0 0 0 1 0 1 0 0 1 0 0 0 + + 0 0 0 0 0 1 1 1 1 1 0 ]

d_19_15=3.477718200000 s=[ 0 0 0 0 1 0 1 0 0 1 0 0 0 - + 0 0 0 0 0 1 0 1 1 1 0 ]

d_19_15=3.477918400200 s=[ 0 0 0 0 1 0 1 0 0 1 0 0 0 - + 0 0 0 0 0 1 0 1 1 1 0 ]

d_19_15=3.478118600400 s=[ 0 0 0 0 1 0 1 0 0 1 0 0 0 - + 0 0 0 0 0 1 0 1 1 1 0 ]

d_19_15=3.478318800601 s=[ 0 0 0 0 1 0 1 0 0 1 0 0 0 - + 0 0 0 0 0 1 0 1 1 1 0 ]

d_19_15=3.478519000801 s=[ 0 0 0 0 1 0 1 0 0 1 0 0 0 - + 0 0 0 0 0 1 0 1 1 1 0 ]

d_19_15=3.478719201001 s=[ 0 0 0 0 1 0 1 0 0 1 0 0 0 - + 0 0 0 0 0 1 0 1 1 1 0 ]

d_19_15=3.478919401201 s=[ 0 0 0 0 1 0 1 0 0 1 0 0 0 - + 0 0 0 0 0 1 0 1 1 1 0 ]

d_19_15=3.479119601401 s=[ 0 0 0 0 1 0 1 0 0 1 0 0 0 - + 0 0 0 0 0 1 0 1 1 1 0 ]

d_19_15=3.479319801602 s=[ 0 0 0 0 1 0 1 0 0 1 0 0 0 - + 0 0 0 0 0 1 0 1 1 1 0 ]

d_19_15=3.479520001802 s=[ 0 0 0 0 1 0 1 0 0 1 0 0 0 - + 0 0 0 0 0 1 0 1 1 1 0 ]

d_19_15=3.479720202002 s=[ 0 0 0 0 1 0 1 0 0 1 0 0 0 - + 0 0 0 0 0 1 0 1 1 1 0 ]

d_19_15=3.479920402202 s=[ 0 0 0 0 1 0 1 0 0 1 0 0 0 - + 0 0 0 0 0 1 0 1 1 1 0 ]

d_19_15=3.480120602402 s=[ 0 0 0 0 1 0 1 0 0 1 0 0 0 - + 0 0 0 0 0 1 0 1 1 1 0 ]

d_19_15=3.480320802603 s=[ 0 0 0 0 1 0 1 0 0 1 0 0 0 - + 0 0 0 0 0 1 0 1 1 1 0 ]

d_19_15=3.480521002803 s=[ 0 0 0 0 1 0 1 0 0 1 0 0 0 - + 0 0 0 0 0 1 0 1 1 1 0 ]

d_19_15=3.480721203003 s=[ 0 0 0 0 1 0 1 0 0 1 0 0 0 - + 0 0 0 0 0 1 0 1 1 1 0 ]

d_19_15=3.480921403203 s=[ 0 0 0 0 1 0 1 0 0 1 0 0 0 - + 0 0 0 0 0 1 0 1 1 1 0 ]

d_19_15=3.481121603403 s=[ 0 0 0 0 1 0 1 0 0 1 0 0 0 - + 0 0 0 0 0 1 0 1 1 1 0 ]

d_19_15=3.481321803604 s=[ 0 0 0 0 1 0 1 0 0 1 0 0 0 - + 0 0 0 0 0 1 0 1 1 1 0 ]

d_19_15=3.481522003804 s=[ 0 0 0 0 1 0 1 0 0 1 0 0 0 - + 0 0 0 0 0 1 0 1 1 1 0 ]

d_19_15=3.481722204004 s=[ 0 0 0 0 1 0 1 0 0 1 0 0 0 - + 0 0 0 0 0 1 0 1 1 1 0 ]

d_19_15=3.481922404204 s=[ 0 0 0 0 1 0 1 0 0 1 0 0 0 - + 0 0 0 0 0 1 0 1 1 1 0 ]

d_19_15=3.482122604404 s=[ 0 0 0 0 1 0 1 0 0 1 0 0 0 - + 0 0 0 0 0 1 0 1 1 1 0 ]

d_19_15=3.482322804605 s=[ 0 0 0 0 1 0 1 0 0 1 0 0 0 - + 0 0 0 0 0 1 0 1 1 1 0 ]

d_19_15=3.482523004805 s=[ 0 0 0 0 1 0 1 0 0 1 0 0 0 - + 0 0 0 0 0 1 0 1 1 1 0 ]

d_19_15=3.482723205005 s=[ 0 0 0 0 1 0 1 0 0 1 0 0 0 - + 0 0 0 0 0 1 0 1 1 1 0 ]

d_19_15=3.482923405205 s=[ 0 0 0 0 1 0 1 0 0 1 0 0 0 - + 0 0 0 0 0 1 0 1 1 1 0 ]

d_19_15=3.483123605405 s=[ 0 0 0 0 1 0 1 0 0 1 0 0 0 - + 0 0 0 0 0 1 0 1 1 1 0 ]

d_19_15=3.483323805606 s=[ 0 0 0 0 1 0 1 0 0 1 0 0 0 - + 0 0 0 0 0 1 0 1 1 1 0 ]

d_19_15=3.483524005806 s=[ 0 0 0 0 1 0 1 0 0 1 0 0 0 - + 0 0 0 0 0 1 0 1 1 1 0 ]

d_19_15=3.483724206006 s=[ 0 0 0 0 1 0 1 0 0 1 0 0 0 - + 0 0 0 0 0 1 0 1 1 1 0 ]

d_19_15=3.483924406206 s=[ 0 0 0 0 1 0 1 0 0 1 0 0 0 - + 0 0 0 0 0 1 0 1 1 1 0 ]

d_19_15=3.484124606406 s=[ 0 0 0 0 1 0 1 0 0 1 0 0 0 - + 0 0 0 0 0 1 0 1 1 1 0 ]

d_19_15=3.484324806607 s=[ 0 0 0 0 1 0 1 0 0 1 0 0 0 - + 0 0 0 0 0 1 0 1 1 1 0 ]

d_19_15=3.484525006807 s=[ 0 0 0 0 1 0 1 0 0 1 0 0 0 - + 0 0 0 0 0 1 0 1 1 1 0 ]

d_19_15=3.484725207007 s=[ 0 0 0 0 1 0 1 0 0 1 0 0 0 - + 0 0 0 0 0 1 0 1 1 1 0 ]

d_19_15=3.484925407207 s=[ 0 0 0 0 1 0 1 0 0 1 0 0 0 - + 0 0 0 0 0 1 0 1 1 1 0 ]

d_19_15=3.485125607407 s=[ 0 0 0 0 1 0 1 0 0 1 0 0 0 - + 0 0 0 0 0 1 0 1 1 1 0 ]

d_19_15=3.485325807608 s=[ 0 0 0 0 1 0 1 0 0 1 0 0 0 - + 0 0 0 0 0 1 0 1 1 1 0 ]

d_19_15=3.485526007808 s=[ 0 0 0 0 1 0 1 0 0 1 0 0 0 - + 0 0 0 0 0 1 0 1 1 1 0 ]

d_19_15=3.485726208008 s=[ 0 0 0 0 1 0 1 0 0 1 0 0 0 - + 0 0 0 0 0 1 0 1 1 1 0 ]

d_19_15=3.485926408208 s=[ 0 0 0 0 1 0 1 0 0 1 0 0 0 - + 0 0 0 0 0 1 0 1 1 1 0 ]

d_19_15=3.486126608408 s=[ 0 0 0 0 1 0 1 0 0 1 0 0 0 - + 0 0 0 0 0 1 0 1 1 1 0 ]

d_19_15=3.486326808609 s=[ 0 0 0 0 1 0 1 0 0 1 0 0 0 - + 0 0 0 0 0 1 0 1 1 1 0 ]

d_19_15=3.486527008809 s=[ 0 0 0 0 1 0 1 0 0 1 0 0 0 - + 0 0 0 0 0 1 0 1 1 1 0 ]

d_19_15=3.486727209009 s=[ 0 0 0 0 1 0 1 0 0 1 0 0 0 - + 0 0 0 0 0 1 0 1 1 1 0 ]

d_19_15=3.486927409209 s=[ 0 0 0 0 1 0 1 0 0 1 0 0 0 - + 0 0 0 0 0 1 0 1 1 1 0 ]

d_19_15=3.487127609409 s=[ 0 0 0 0 1 0 1 0 0 1 0 0 0 - + 0 0 0 0 0 1 0 1 1 1 0 ]

d_19_15=3.487127609409 s=[ 0 0 0 0 1 0 1 0 0 1 0 0 0 - + 0 0 0 0 0 1 1 1 1 1 0 ]

d_19_15=3.487327809610 s=[ 0 0 0 0 1 0 1 0 0 1 0 0 0 - + 0 0 0 0 0 1 0 1 1 1 0 ]

d_19_15=3.487327809610 s=[ 0 0 0 0 1 0 1 0 0 1 0 0 0 - + 0 0 0 0 0 1 1 1 1 1 0 ]

d_19_15=3.487528009810 s=[ 0 0 0 0 1 0 1 0 0 1 0 0 0 - + 0 0 0 0 0 1 0 1 1 1 0 ]

d_19_15=3.487528009810 s=[ 0 0 0 0 1 0 1 0 0 1 0 0 0 - + 0 0 0 0 0 1 1 1 1 1 0 ]

d_19_15=3.487728210010 s=[ 0 0 0 0 1 0 1 0 0 1 0 0 0 - + 0 0 0 0 0 1 0 1 1 1 0 ]

d_19_15=3.487728210010 s=[ 0 0 0 0 1 0 1 0 0 1 0 0 0 - + 0 0 0 0 0 1 1 1 1 1 0 ]

d_19_15=3.487928410210 s=[ 0 0 0 0 1 0 1 0 0 1 0 0 0 - + 0 0 0 0 0 1 0 1 1 1 0 ]

d_19_15=3.487928410210 s=[ 0 0 0 0 1 0 1 0 0 1 0 0 0 - + 0 0 0 0 0 1 1 1 1 1 0 ]

d_19_15=3.488128610410 s=[ 0 0 0 0 1 0 1 0 0 1 0 0 0 - + 0 0 0 0 0 1 0 1 1 1 0 ]

d_19_15=3.488128610410 s=[ 0 0 0 0 1 0 1 0 0 1 0 0 0 - + 0 0 0 0 0 1 1 1 1 1 0 ]

d_19_15=3.488328810611 s=[ 0 0 0 0 1 0 1 0 0 1 0 0 0 - + 0 0 0 0 0 1 0 1 1 1 0 ]

d_19_15=3.488328810611 s=[ 0 0 0 0 1 0 1 0 0 1 0 0 0 - + 0 0 0 0 0 1 1 1 1 1 0 ]

d_19_15=3.488529010811 s=[ 0 0 0 0 1 0 1 0 0 1 0 0 0 - + 0 0 0 0 0 1 0 1 1 1 0 ]

d_19_15=3.488529010811 s=[ 0 0 0 0 1 0 1 0 0 1 0 0 0 - + 0 0 0 0 0 1 1 1 1 1 0 ]

d_19_15=3.488729211011 s=[ 0 0 0 0 1 0 1 0 0 1 0 0 0 - + 0 0 0 0 0 1 0 1 1 1 0 ]

d_19_15=3.488729211011 s=[ 0 0 0 0 1 0 1 0 0 1 0 0 0 - + 0 0 0 0 0 1 1 1 1 1 0 ]

d_19_15=3.488929411211 s=[ 0 0 0 0 1 0 1 0 0 1 0 0 0 - + 0 0 0 0 0 1 0 1 1 1 0 ]

d_19_15=3.488929411211 s=[ 0 0 0 0 1 0 1 0 0 1 0 0 0 - + 0 0 0 0 0 1 1 1 1 1 0 ]

d_19_15=3.489129611411 s=[ 0 0 0 0 1 0 1 0 0 1 0 0 0 - + 0 0 0 0 0 1 0 1 1 1 0 ]

d_19_15=3.489129611411 s=[ 0 0 0 0 1 0 1 0 0 1 0 0 0 - + 0 0 0 0 0 1 1 1 1 1 0 ]

d_19_15=3.489329811612 s=[ 0 0 0 0 1 0 1 0 0 1 0 0 0 - + 0 0 0 0 0 1 0 1 1 1 0 ]

d_19_15=3.489329811612 s=[ 0 0 0 0 1 0 1 0 0 1 0 0 0 - + 0 0 0 0 0 1 1 1 1 1 0 ]

d_19_15=3.489530011812 s=[ 0 0 0 0 1 0 1 0 0 1 0 0 0 - + 0 0 0 0 0 1 0 1 1 1 0 ]

d_19_15=3.489530011812 s=[ 0 0 0 0 1 0 1 0 0 1 0 0 0 - + 0 0 0 0 0 1 1 1 1 1 0 ]

d_19_15=3.489730212012 s=[ 0 0 0 0 1 0 1 0 0 1 0 0 0 - + 0 0 0 0 0 1 0 1 1 1 0 ]

d_19_15=3.489730212012 s=[ 0 0 0 0 1 0 1 0 0 1 0 0 0 - + 0 0 0 0 0 1 1 1 1 1 0 ]

d_19_15=3.489930412212 s=[ 0 0 0 0 1 0 1 0 0 1 0 0 0 - + 0 0 0 0 0 1 0 1 1 1 0 ]

d_19_15=3.489930412212 s=[ 0 0 0 0 1 0 1 0 0 1 0 0 0 - + 0 0 0 0 0 1 1 1 1 1 0 ]

d_19_15=3.490130612412 s=[ 0 0 0 0 1 0 1 0 0 1 0 0 0 - + 0 0 0 0 0 1 0 1 1 1 0 ]

d_19_15=3.490130612412 s=[ 0 0 0 0 1 0 1 0 0 1 0 0 0 - + 0 0 0 0 0 1 1 1 1 1 0 ]

d_19_15=3.490330812613 s=[ 0 0 0 0 1 0 1 0 0 1 0 0 0 - + 0 0 0 0 0 1 0 1 1 1 0 ]

d_19_15=3.490330812613 s=[ 0 0 0 0 1 0 1 0 0 1 0 0 0 - + 0 0 0 0 0 1 1 1 1 1 0 ]

d_19_15=3.490531012813 s=[ 0 0 0 0 1 0 1 0 0 1 0 0 0 - + 0 0 0 0 0 1 0 1 1 1 0 ]

d_19_15=3.490531012813 s=[ 0 0 0 0 1 0 1 0 0 1 0 0 0 - + 0 0 0 0 0 1 1 1 1 1 0 ]

d_19_15=3.490731213013 s=[ 0 0 0 0 1 0 1 0 0 1 0 0 0 - + 0 0 0 0 0 1 0 1 1 1 0 ]

d_19_15=3.490731213013 s=[ 0 0 0 0 1 0 1 0 0 1 0 0 0 - + 0 0 0 0 0 1 1 1 1 1 0 ]

d_19_15=3.490931413213 s=[ 0 0 0 0 1 0 1 0 0 1 0 0 0 - + 0 0 0 0 0 1 0 1 1 1 0 ]

d_19_15=3.490931413213 s=[ 0 0 0 0 1 0 1 0 0 1 0 0 0 - + 0 0 0 0 0 1 1 1 1 1 0 ]

d_19_15=3.491131613413 s=[ 0 0 0 0 1 0 1 0 0 1 0 0 0 - + 0 0 0 0 0 1 0 1 1 1 0 ]

d_19_15=3.491131613413 s=[ 0 0 0 0 1 0 1 0 0 1 0 0 0 - + 0 0 0 0 0 1 1 1 1 1 0 ]

d_19_15=3.491331813614 s=[ 0 0 0 0 1 0 1 0 0 1 0 0 0 - + 0 0 0 0 0 1 0 1 1 1 0 ]

d_19_15=3.491331813614 s=[ 0 0 0 0 1 0 1 0 0 1 0 0 0 - + 0 0 0 0 0 1 1 1 1 1 0 ]

d_19_15=3.491532013814 s=[ 0 0 0 0 1 0 1 0 0 1 0 0 0 - + 0 0 0 0 0 1 0 1 1 1 0 ]

d_19_15=3.491532013814 s=[ 0 0 0 0 1 0 1 0 0 1 0 0 0 - + 0 0 0 0 0 1 1 1 1 1 0 ]

d_19_15=3.491732214014 s=[ 0 0 0 0 1 0 1 0 0 1 0 0 0 - + 0 0 0 0 0 1 0 1 1 1 0 ]

d_19_15=3.491732214014 s=[ 0 0 0 0 1 0 1 0 0 1 0 0 0 - + 0 0 0 0 0 1 1 1 1 1 0 ]

d_19_15=3.491932414214 s=[ 0 0 0 0 1 0 1 0 0 1 0 0 0 - + 0 0 0 0 0 1 0 1 1 1 0 ]

d_19_15=3.491932414214 s=[ 0 0 0 0 1 0 1 0 0 1 0 0 0 - + 0 0 0 0 0 1 1 1 1 1 0 ]

d_19_15=3.492132614414 s=[ 0 0 0 0 1 0 1 0 0 1 0 0 0 - + 0 0 0 0 0 1 0 1 1 1 0 ]

d_19_15=3.492332814615 s=[ 0 0 0 0 1 0 1 0 0 1 0 0 0 - + 0 0 0 0 0 1 0 1 1 1 0 ]

d_19_15=3.492533014815 s=[ 0 0 0 0 1 0 1 0 0 1 0 0 0 - + 0 0 0 0 0 1 0 1 1 1 0 ]

d_19_15=3.492733215015 s=[ 0 0 0 0 1 0 1 0 0 1 0 0 0 - + 0 0 0 0 0 1 0 1 1 1 0 ]

d_19_15=3.492933415215 s=[ 0 0 0 0 1 0 1 0 0 1 0 0 0 - + 0 0 0 0 0 1 0 1 1 1 0 ]

d_19_15=3.493133615415 s=[ 0 0 0 0 1 0 1 0 0 1 0 0 0 - + 0 0 0 0 0 1 0 1 1 1 0 ]

d_19_15=3.493333815616 s=[ 0 0 0 0 1 0 1 0 0 1 0 0 0 - + 0 0 0 0 0 1 0 1 1 1 0 ]

d_19_15=3.493534015816 s=[ 0 0 0 0 1 0 1 0 0 1 0 0 0 - + 0 0 0 0 0 1 0 1 1 1 0 ]

d_19_15=3.493734216016 s=[ 0 0 0 0 1 0 1 0 0 1 0 0 0 - + 0 0 0 0 0 1 0 1 1 1 0 ]

d_19_15=3.493934416216 s=[ 0 0 0 0 1 0 1 0 0 1 0 0 0 - + 0 0 0 0 0 1 0 1 1 1 0 ]

d_19_15=3.494134616416 s=[ 0 0 0 0 1 0 1 0 0 1 0 0 0 - + 0 0 0 0 0 1 0 1 1 1 0 ]

d_19_15=3.494334816617 s=[ 0 0 0 0 1 0 1 0 0 1 0 0 0 - + 0 0 0 0 0 1 0 1 1 1 0 ]

d_19_15=3.494535016817 s=[ 0 0 0 0 1 0 1 0 0 1 0 0 0 - + 0 0 0 0 0 1 0 1 1 1 0 ]

d_19_15=3.494735217017 s=[ 0 0 0 0 1 0 1 0 0 1 0 0 0 - + 0 0 0 0 0 1 0 1 1 1 0 ]

d_19_15=3.494935417217 s=[ 0 0 0 0 1 0 1 0 0 1 0 0 0 - + 0 0 0 0 0 1 0 1 1 1 0 ]

d_19_15=3.495135617417 s=[ 0 0 0 0 1 0 1 0 0 1 0 0 0 - + 0 0 0 0 0 1 0 1 1 1 0 ]

d_19_15=3.495335817618 s=[ 0 0 0 0 1 0 1 0 0 1 0 0 0 - + 0 0 0 0 0 1 0 1 1 1 0 ]

d_19_15=3.495536017818 s=[ 0 0 0 0 1 0 1 0 0 1 0 0 0 - + 0 0 0 0 0 1 0 1 1 1 0 ]

d_19_15=3.495736218018 s=[ 0 0 0 0 1 0 1 0 0 1 0 0 0 - + 0 0 0 0 0 1 0 1 1 1 0 ]

d_19_15=3.495936418218 s=[ 0 0 0 0 1 0 1 0 0 1 0 0 0 - + 0 0 0 0 0 1 0 1 1 1 0 ]

d_19_15=3.496136618418 s=[ 0 0 0 0 1 0 1 0 0 1 0 0 0 - + 0 0 0 0 0 1 0 1 1 1 0 ]

d_19_15=3.496336818619 s=[ 0 0 0 0 1 0 1 0 0 1 0 0 0 - + 0 0 0 0 0 1 0 1 1 1 0 ]

d_19_15=3.496537018819 s=[ 0 0 0 0 1 0 1 0 0 1 0 0 0 - + 0 0 0 0 0 1 0 1 1 1 0 ]

d_19_15=3.496737219019 s=[ 0 0 0 0 1 0 1 0 0 1 0 0 0 - + 0 0 0 0 0 1 0 1 1 1 0 ]

d_19_15=3.496937419219 s=[ 0 0 0 0 1 0 1 0 0 1 0 0 0 - + 0 0 0 0 0 1 0 1 1 1 0 ]

d_19_15=3.497137619419 s=[ 0 0 0 0 1 0 1 0 0 1 0 0 0 - + 0 0 0 0 0 1 0 1 1 1 0 ]

d_19_15=3.497337819620 s=[ 0 0 0 0 1 0 1 0 0 1 0 0 0 - + 0 0 0 0 0 1 0 1 1 1 0 ]

d_19_15=3.497538019820 s=[ 0 0 0 0 1 0 1 0 0 1 0 0 0 - + 0 0 0 0 0 1 0 1 1 1 0 ]

d_19_15=3.497738220020 s=[ 0 0 0 0 1 0 1 0 0 1 0 0 0 - + 0 0 0 0 0 1 0 1 1 1 0 ]

d_19_15=3.497938420220 s=[ 0 0 0 0 1 0 1 0 0 1 0 0 0 - + 0 0 0 0 0 1 0 1 1 1 0 ]

d_19_15=3.498138620420 s=[ 0 0 0 0 1 0 1 0 0 1 0 0 0 - + 0 0 0 0 0 1 0 1 1 1 0 ]

d_19_15=3.498338820621 s=[ 0 0 0 0 1 0 1 0 0 1 0 0 0 - + 0 0 0 0 0 1 0 1 1 1 0 ]

d_19_15=3.498539020821 s=[ 0 0 0 0 1 0 1 0 0 1 0 0 0 - + 0 0 0 0 0 1 0 1 1 1 0 ]

d_19_15=3.498739221021 s=[ 0 0 0 0 1 0 1 0 0 1 0 0 0 - + 0 0 0 0 0 1 0 1 1 1 0 ]

d_19_15=3.503744226026 s=[ 0 0 0 0 1 0 1 0 0 1 0 0 0 - + 1 1 0 0 0 1 0 1 1 1 0 ]

d_19_15=3.503944426226 s=[ 0 0 0 0 1 0 1 0 0 1 0 0 0 - + 1 1 0 0 0 1 0 1 1 1 0 ]

d_19_15=3.504144626426 s=[ 0 0 0 0 1 0 1 0 0 1 0 0 0 - + 1 1 0 0 0 1 0 1 1 1 0 ]

d_19_15=3.504144626426 s=[ 0 0 0 0 1 0 1 0 0 1 0 0 0 - + 1 1 1 1 1 0 0 1 1 1 0 ]

d_19_15=3.504344826627 s=[ 0 0 0 0 1 0 1 0 0 1 0 0 0 - + 1 1 0 0 0 1 0 1 1 1 0 ]

d_19_15=3.504344826627 s=[ 0 0 0 0 1 0 1 0 0 1 0 0 0 - + 1 1 1 1 1 0 0 1 1 1 0 ]

d_19_15=3.504545026827 s=[ 0 0 0 0 1 0 1 0 0 1 0 0 0 - + 1 1 0 0 0 1 0 1 1 1 0 ]

d_19_15=3.504745227027 s=[ 0 0 0 0 1 0 1 0 0 1 0 0 0 - + 1 1 0 0 0 1 0 1 1 1 0 ]

d_19_15=3.507548029830 s=[ 0 0 0 0 1 0 1 0 0 1 0 0 0 - + 1 0 1 1 1 0 0 0 0 0 1 ]

d_19_15=3.507548029830 s=[ 0 0 0 0 1 0 1 0 0 1 0 0 0 - + 1 1 1 1 1 0 1 0 0 0 1 ]

d_19_15=3.507748230030 s=[ 0 0 0 0 1 0 1 0 0 1 0 0 0 - + 1 0 1 1 1 0 0 0 0 0 1 ]

d_19_15=3.507748230030 s=[ 0 0 0 0 1 0 1 0 0 1 0 0 0 - + 1 1 1 1 1 0 1 0 0 0 1 ]

d_19_15=3.507948430230 s=[ 0 0 0 0 1 0 1 0 0 1 0 0 0 - + 1 0 1 1 1 0 0 0 0 0 1 ]

d_19_15=3.507948430230 s=[ 0 0 0 0 1 0 1 0 0 1 0 0 0 - + 1 1 1 1 1 0 1 0 0 0 1 ]

d_19_15=3.508148630430 s=[ 0 0 0 0 1 0 1 0 0 1 0 0 0 - + 1 1 1 1 1 0 1 0 0 0 1 ]

d_19_15=3.508348830631 s=[ 0 0 0 0 1 0 1 0 0 1 0 0 0 - + 1 1 1 1 1 0 1 0 0 0 1 ]

d_19_15=3.508549030831 s=[ 0 0 0 0 1 0 1 0 0 1 0 0 0 - + 1 1 1 1 1 0 1 0 0 0 1 ]

d_19_15=3.508749231031 s=[ 0 0 0 0 1 0 1 0 0 1 0 0 0 - + 1 1 1 1 1 0 1 0 0 0 1 ]

d_19_15=3.508949431231 s=[ 0 0 0 0 1 0 1 0 0 1 0 0 0 - + 1 1 1 1 1 0 1 0 0 0 1 ]

d_19_15=3.509149631431 s=[ 0 0 0 0 1 0 1 0 0 1 0 0 0 - + 1 1 1 1 1 0 1 0 0 0 1 ]

d_19_15=3.509349831632 s=[ 0 0 0 0 1 0 1 0 0 1 0 0 0 - + 1 1 1 1 1 0 1 0 0 0 1 ]

d_19_15=3.509550031832 s=[ 0 0 0 0 1 0 1 0 0 1 0 0 0 - + 1 1 1 1 1 0 1 0 0 0 1 ]

d_19_15=3.509550031832 s=[ 0 0 0 0 1 0 1 0 0 1 0 0 0 - - 0 1 1 1 1 0 1 0 0 0 1 ]

d_19_15=3.509750232032 s=[ 0 0 0 0 1 0 1 0 0 1 0 0 0 - + 1 1 1 1 1 0 1 0 0 0 1 ]

d_19_15=3.509750232032 s=[ 0 0 0 0 1 0 1 0 0 1 0 0 0 - - 0 1 1 1 1 0 1 0 0 0 1 ]

d_19_15=3.509950432232 s=[ 0 0 0 0 1 0 1 0 0 1 0 0 0 - + 1 1 1 1 1 0 1 0 0 0 1 ]

d_19_15=3.509950432232 s=[ 0 0 0 0 1 0 1 0 0 1 0 0 0 - - 0 1 1 1 1 0 1 0 0 0 1 ]

d_19_15=3.510150632432 s=[ 0 0 0 0 1 0 1 0 0 1 0 0 0 - + 1 1 1 1 1 0 1 0 0 0 1 ]

d_19_15=3.510150632432 s=[ 0 0 0 0 1 0 1 0 0 1 0 0 0 - - 0 1 1 1 1 0 1 0 0 0 1 ]

d_19_15=3.510350832633 s=[ 0 0 0 0 1 0 1 0 0 1 0 0 0 - + 1 1 1 1 1 0 1 0 0 0 1 ]

d_19_15=3.510350832633 s=[ 0 0 0 0 1 0 1 0 0 1 0 0 0 - - 0 1 1 1 1 0 1 0 0 0 1 ]

d_19_15=3.510551032833 s=[ 0 0 0 0 1 0 1 0 0 1 0 0 0 - + 1 1 1 1 1 0 1 0 0 0 1 ]

d_19_15=3.510551032833 s=[ 0 0 0 0 1 0 1 0 0 1 0 0 0 - - 0 1 1 1 1 0 1 0 0 0 1 ]

d_19_15=3.510751233033 s=[ 0 0 0 0 1 0 1 0 0 1 0 0 0 - + 1 1 1 1 1 0 1 0 0 0 1 ]

d_19_15=3.510751233033 s=[ 0 0 0 0 1 0 1 0 0 1 0 0 0 - - 0 1 1 1 1 0 1 0 0 0 1 ]

d_19_15=3.510951433233 s=[ 0 0 0 0 1 0 1 0 0 1 0 0 0 - + 1 1 1 1 1 0 1 0 0 0 1 ]

d_19_15=3.510951433233 s=[ 0 0 0 0 1 0 1 0 0 1 0 0 0 - - 0 1 1 1 1 0 1 0 0 0 1 ]

d_19_15=3.511151633433 s=[ 0 0 0 0 1 0 1 0 0 1 0 0 0 - + 1 1 1 1 1 0 1 0 0 0 1 ]

d_19_15=3.511151633433 s=[ 0 0 0 0 1 0 1 0 0 1 0 0 0 - - 0 1 1 1 1 0 1 0 0 0 1 ]

d_19_15=3.511351833634 s=[ 0 0 0 0 1 0 1 0 0 1 0 0 0 - + 1 1 1 1 1 0 1 0 0 0 1 ]

d_19_15=3.511351833634 s=[ 0 0 0 0 1 0 1 0 0 1 0 0 0 - - 0 1 1 1 1 0 1 0 0 0 1 ]

d_19_15=3.511552033834 s=[ 0 0 0 0 1 0 1 0 0 1 0 0 0 - + 1 1 1 1 1 0 1 0 0 0 1 ]

d_19_15=3.511552033834 s=[ 0 0 0 0 1 0 1 0 0 1 0 0 0 - - 0 1 1 1 1 0 1 0 0 0 1 ]

d_19_15=3.511752234034 s=[ 0 0 0 0 1 0 1 0 0 1 0 0 0 - + 1 1 1 1 1 0 1 0 0 0 1 ]

d_19_15=3.511752234034 s=[ 0 0 0 0 1 0 1 0 0 1 0 0 0 - - 0 1 1 1 1 0 1 0 0 0 1 ]

d_19_15=3.511952434234 s=[ 0 0 0 0 1 0 1 0 0 1 0 0 0 - + 1 1 1 1 1 0 1 0 0 0 1 ]

d_19_15=3.511952434234 s=[ 0 0 0 0 1 0 1 0 0 1 0 0 0 - - 0 1 1 1 1 0 1 0 0 0 1 ]

d_19_15=3.512152634434 s=[ 0 0 0 0 1 0 1 0 0 1 0 0 0 - + 1 1 1 1 1 0 1 0 0 0 1 ]

d_19_15=3.512152634434 s=[ 0 0 0 0 1 0 1 0 0 1 0 0 0 - - 0 1 1 1 1 0 1 0 0 0 1 ]

d_19_15=3.512352834635 s=[ 0 0 0 0 1 0 1 0 0 1 0 0 0 - + 1 1 1 1 1 0 1 0 0 0 1 ]

d_19_15=3.512352834635 s=[ 0 0 0 0 1 0 1 0 0 1 0 0 0 - - 0 1 1 1 1 0 1 0 0 0 1 ]

d_19_15=3.512553034835 s=[ 0 0 0 0 1 0 1 0 0 1 0 0 0 - + 1 1 1 1 1 0 1 0 0 0 1 ]

d_19_15=3.512553034835 s=[ 0 0 0 0 1 0 1 0 0 1 0 0 0 - - 0 1 1 1 1 0 1 0 0 0 1 ]

d_19_15=3.512753235035 s=[ 0 0 0 0 1 0 1 0 0 1 0 0 0 - + 1 1 1 1 1 0 1 0 0 0 1 ]

d_19_15=3.512753235035 s=[ 0 0 0 0 1 0 1 0 0 1 0 0 0 - - 0 1 1 1 1 0 1 0 0 0 1 ]

d_19_15=3.512953435235 s=[ 0 0 0 0 1 0 1 0 0 1 0 0 0 - + 1 1 1 1 1 0 1 0 0 0 1 ]

d_19_15=3.512953435235 s=[ 0 0 0 0 1 0 1 0 0 1 0 0 0 - - 0 1 1 1 1 0 1 0 0 0 1 ]

d_19_15=3.513153635435 s=[ 0 0 0 0 1 0 1 0 0 1 0 0 0 - + 1 1 1 1 1 0 1 0 0 0 1 ]

d_19_15=3.513353835636 s=[ 0 0 0 0 1 0 1 0 0 1 0 0 0 - + 1 1 1 1 1 0 1 0 0 0 1 ]

d_19_15=3.554194676476 s=[ 0 0 0 0 1 0 1 0 0 1 0 0 0 - - 0 1 0 0 0 1 1 0 0 0 1 ]

d_19_15=3.554394876677 s=[ 0 0 0 0 1 0 1 0 0 1 0 0 0 - - 0 1 0 0 0 1 1 0 0 0 1 ]

d_19_15=3.554595076877 s=[ 0 0 0 0 1 0 1 0 0 1 0 0 0 - - 0 1 0 0 0 1 1 0 0 0 1 ]

d_19_15=3.563604085886 s=[ 0 0 0 0 1 0 1 0 0 1 0 0 0 - - 0 1 1 1 1 0 0 1 1 1 0 ]

d_19_15=3.563804286086 s=[ 0 0 0 0 1 0 1 0 0 1 0 0 0 - - 0 1 1 1 1 0 0 1 1 1 0 ]

d_19_15=3.564004486286 s=[ 0 0 0 0 1 0 1 0 0 1 0 0 0 - - 0 1 1 1 1 0 0 1 1 1 0 ]

d_19_15=3.564204686486 s=[ 0 0 0 0 1 0 1 0 0 1 0 0 0 - - 0 1 1 1 1 0 0 1 1 1 0 ]

d_19_15=3.564404886687 s=[ 0 0 0 0 1 0 1 0 0 1 0 0 0 - - 0 1 1 1 1 0 0 1 1 1 0 ]

d_19_15=3.564605086887 s=[ 0 0 0 0 1 0 1 0 0 1 0 0 0 - - 0 1 1 1 1 0 0 1 1 1 0 ]

d_19_15=3.564805287087 s=[ 0 0 0 0 1 0 1 0 0 1 0 0 0 - - 0 1 1 1 1 0 0 1 1 1 0 ]

d_19_15=3.565005487287 s=[ 0 0 0 0 1 0 1 0 0 1 0 0 0 - - 0 1 1 1 1 0 0 1 1 1 0 ]

d_19_15=3.565205687487 s=[ 0 0 0 0 1 0 1 0 0 1 0 0 0 - - 0 1 1 1 1 0 0 1 1 1 0 ]

d_19_15=3.582022504304 s=[ 0 0 0 0 1 0 1 0 0 1 0 0 0 - - 0 1 0 0 0 1 0 0 0 0 1 ]

d_19_15=3.582222704505 s=[ 0 0 0 0 1 0 1 0 0 1 0 0 0 - - 0 1 0 0 0 1 0 0 0 0 1 ]

d_19_15=3.582422904705 s=[ 0 0 0 0 1 0 1 0 0 1 0 0 0 - - 0 1 0 0 0 1 0 0 0 0 1 ]

d_19_15=3.586026508308 s=[ 0 0 0 0 1 0 1 0 0 1 0 0 0 - + 0 0 1 1 1 0 1 0 0 0 1 ]

d_19_15=3.586226708509 s=[ 0 0 0 0 1 0 1 0 0 1 0 0 0 - + 0 0 1 1 1 0 1 0 0 0 1 ]

d_19_15=3.586426908709 s=[ 0 0 0 0 1 0 1 0 0 1 0 0 0 - + 0 0 1 1 1 0 1 0 0 0 1 ]

d_19_15=3.586627108909 s=[ 0 0 0 0 1 0 1 0 0 1 0 0 0 - + 0 0 1 1 1 0 1 0 0 0 1 ]

d_19_15=3.586827309109 s=[ 0 0 0 0 1 0 1 0 0 1 0 0 0 - + 0 0 1 1 1 0 1 0 0 0 1 ]

d_19_15=3.587027509309 s=[ 0 0 0 0 1 0 1 0 0 1 0 0 0 - + 0 0 1 1 1 0 1 0 0 0 1 ]

d_19_15=3.587227709510 s=[ 0 0 0 0 1 0 1 0 0 1 0 0 0 - + 0 0 1 1 1 0 1 0 0 0 1 ]

d_19_15=3.587427909710 s=[ 0 0 0 0 1 0 1 0 0 1 0 0 0 - + 0 0 1 1 1 0 1 0 0 0 1 ]

d_19_15=3.587628109910 s=[ 0 0 0 0 1 0 1 0 0 1 0 0 0 - + 0 0 1 1 1 0 1 0 0 0 1 ]

d_19_15=3.587828310110 s=[ 0 0 0 0 1 0 1 0 0 1 0 0 0 - + 0 0 1 1 1 0 1 0 0 0 1 ]

d_19_15=3.588028510310 s=[ 0 0 0 0 1 0 1 0 0 1 0 0 0 - + 0 0 1 1 1 0 1 0 0 0 1 ]

d_19_15=3.588228710511 s=[ 0 0 0 0 1 0 1 0 0 1 0 0 0 - + 0 0 1 1 1 0 1 0 0 0 1 ]

d_19_15=3.588428910711 s=[ 0 0 0 0 1 0 1 0 0 1 0 0 0 - + 0 0 1 1 1 0 1 0 0 0 1 ]

d_19_15=3.588629110911 s=[ 0 0 0 0 1 0 1 0 0 1 0 0 0 - + 0 0 1 1 1 0 1 0 0 0 1 ]

d_19_15=3.588829311111 s=[ 0 0 0 0 1 0 1 0 0 1 0 0 0 - + 0 0 1 1 1 0 1 0 0 0 1 ]

d_19_15=3.589029511311 s=[ 0 0 0 0 1 0 1 0 0 1 0 0 0 - + 0 0 1 1 1 0 1 0 0 0 1 ]

d_19_15=3.614454936737 s=[ 0 0 0 0 1 0 1 0 0 1 0 0 0 - - 0 1 1 1 1 0 1 1 1 1 0 ]

d_19_15=3.614655136937 s=[ 0 0 0 0 1 0 1 0 0 1 0 0 0 - - 0 1 1 1 1 0 1 1 1 1 0 ]

d_19_15=3.614855337137 s=[ 0 0 0 0 1 0 1 0 0 1 0 0 0 - - 0 1 1 1 1 0 1 1 1 1 0 ]

d_19_15=3.615055537337 s=[ 0 0 0 0 1 0 1 0 0 1 0 0 0 - - 0 1 1 1 1 0 1 1 1 1 0 ]

d_19_15=3.615255737538 s=[ 0 0 0 0 1 0 1 0 0 1 0 0 0 - - 0 1 1 1 1 0 1 1 1 1 0 ]

d_19_15=3.615455937738 s=[ 0 0 0 0 1 0 1 0 0 1 0 0 0 - - 0 1 1 1 1 0 1 1 1 1 0 ]

d_19_15=3.617057539339 s=[ 0 0 0 0 1 0 1 0 0 1 0 0 0 - - 0 1 0 0 0 1 1 1 1 1 0 ]

d_19_15=3.617257739540 s=[ 0 0 0 0 1 0 1 0 0 1 0 0 0 - - 0 1 0 0 0 1 1 1 1 1 0 ]

d_19_15=3.617457939740 s=[ 0 0 0 0 1 0 1 0 0 1 0 0 0 - - 0 1 0 0 0 1 1 1 1 1 0 ]

d_19_15=3.617658139940 s=[ 0 0 0 0 1 0 1 0 0 1 0 0 0 - - 0 1 0 0 0 1 1 1 1 1 0 ]

d_19_15=3.617858340140 s=[ 0 0 0 0 1 0 1 0 0 1 0 0 0 - - 0 1 0 0 0 1 1 1 1 1 0 ]

d_19_15=3.618058540340 s=[ 0 0 0 0 1 0 1 0 0 1 0 0 0 - - 0 1 0 0 0 1 1 1 1 1 0 ]

d_19_15=3.618258740541 s=[ 0 0 0 0 1 0 1 0 0 1 0 0 0 - - 0 1 0 0 0 1 1 1 1 1 0 ]

d_19_15=3.618458940741 s=[ 0 0 0 0 1 0 1 0 0 1 0 0 0 - - 0 1 0 0 0 1 1 1 1 1 0 ]

d_19_15=3.618659140941 s=[ 0 0 0 0 1 0 1 0 0 1 0 0 0 - - 0 1 0 0 0 1 1 1 1 1 0 ]

d_19_15=3.625866348148 s=[ 0 0 0 0 1 0 1 0 0 1 0 0 0 - + 0 1 1 1 1 0 0 0 0 0 1 ]

d_19_15=3.626066548348 s=[ 0 0 0 0 1 0 1 0 0 1 0 0 0 - + 0 1 1 1 1 0 0 0 0 0 1 ]

d_19_15=3.626266748549 s=[ 0 0 0 0 1 0 1 0 0 1 0 0 0 - + 0 1 1 1 1 0 0 0 0 0 1 ]

d_19_15=3.626466948749 s=[ 0 0 0 0 1 0 1 0 0 1 0 0 0 - + 0 1 1 1 1 0 0 0 0 0 1 ]

d_19_15=3.626667148949 s=[ 0 0 0 0 1 0 1 0 0 1 0 0 0 - + 0 1 1 1 1 0 0 0 0 0 1 ]

d_19_15=3.626867349149 s=[ 0 0 0 0 1 0 1 0 0 1 0 0 0 - + 0 1 1 1 1 0 0 0 0 0 1 ]

d_19_15=3.627067549349 s=[ 0 0 0 0 1 0 1 0 0 1 0 0 0 - + 0 1 1 1 1 0 0 0 0 0 1 ]

d_19_15=3.627267749550 s=[ 0 0 0 0 1 0 1 0 0 1 0 0 0 - + 0 1 1 1 1 0 0 0 0 0 1 ]

d_19_15=3.627467949750 s=[ 0 0 0 0 1 0 1 0 0 1 0 0 0 - + 0 1 1 1 1 0 0 0 0 0 1 ]

d_19_15=3.627668149950 s=[ 0 0 0 0 1 0 1 0 0 1 0 0 0 - + 0 1 1 1 1 0 0 0 0 0 1 ]

d_19_15=3.627868350150 s=[ 0 0 0 0 1 0 1 0 0 1 0 0 0 - + 0 1 1 1 1 0 0 0 0 0 1 ]

d_19_15=3.628068550350 s=[ 0 0 0 0 1 0 1 0 0 1 0 0 0 - + 0 1 1 1 1 0 0 0 0 0 1 ]

d_19_15=3.628268750551 s=[ 0 0 0 0 1 0 1 0 0 1 0 0 0 - + 0 1 1 1 1 0 0 0 0 0 1 ]

d_19_15=3.628468950751 s=[ 0 0 0 0 1 0 1 0 0 1 0 0 0 - + 0 1 1 1 1 0 0 0 0 0 1 ]

d_19_15=3.628669150951 s=[ 0 0 0 0 1 0 1 0 0 1 0 0 0 - + 0 1 1 1 1 0 0 0 0 0 1 ]

d_19_15=3.628869351151 s=[ 0 0 0 0 1 0 1 0 0 1 0 0 0 - + 0 1 1 1 1 0 0 0 0 0 1 ]

d_19_15=3.630270752553 s=[ 0 0 0 0 1 0 1 0 0 1 0 0 0 - - 0 1 0 0 0 1 0 1 1 1 0 ]

d_19_15=3.630470952753 s=[ 0 0 0 0 1 0 1 0 0 1 0 0 0 - - 0 1 0 0 0 1 0 1 1 1 0 ]

d_19_15=3.632272754555 s=[ 0 0 0 0 1 0 1 0 0 1 0 0 0 - - 0 1 1 1 1 0 0 1 1 1 0 ]

d_19_15=3.632472954755 s=[ 0 0 0 0 1 0 1 0 0 1 0 0 0 - - 0 1 1 1 1 0 0 1 1 1 0 ]

d_19_15=3.632673154955 s=[ 0 0 0 0 1 0 1 0 0 1 0 0 0 - - 0 1 1 1 1 0 0 1 1 1 0 ]

d_19_15=3.632873355155 s=[ 0 0 0 0 1 0 1 0 0 1 0 0 0 - - 0 1 1 1 1 0 0 1 1 1 0 ]

d_19_15=3.633073555355 s=[ 0 0 0 0 1 0 1 0 0 1 0 0 0 - - 0 1 1 1 1 0 0 1 1 1 0 ]

d_19_15=3.633874356156 s=[ 0 0 0 0 1 0 1 0 0 1 0 0 0 - + 0 0 0 0 0 1 1 1 1 1 0 ]

d_19_15=3.477718200000 s=[ 0 0 0 1 0 1 0 1 1 0 1 1 1 + - 1 1 1 1 1 0 1 0 0 0 1 ]

d_19_15=3.477918400200 s=[ 0 0 0 1 0 1 0 1 1 0 1 1 1 + - 1 1 1 1 1 0 1 0 0 0 1 ]

d_19_15=3.478118600400 s=[ 0 0 0 1 0 1 0 1 1 0 1 1 1 + - 1 1 1 1 1 0 1 0 0 0 1 ]

d_19_15=3.478318800601 s=[ 0 0 0 1 0 1 0 1 1 0 1 1 1 + - 1 1 1 1 1 0 1 0 0 0 1 ]

d_19_15=3.478519000801 s=[ 0 0 0 1 0 1 0 1 1 0 1 1 1 + - 1 1 1 1 1 0 1 0 0 0 1 ]

d_19_15=3.478719201001 s=[ 0 0 0 1 0 1 0 1 1 0 1 1 1 + - 1 1 1 1 1 0 1 0 0 0 1 ]

d_19_15=3.478919401201 s=[ 0 0 0 1 0 1 0 1 1 0 1 1 1 + - 1 1 1 1 1 0 1 0 0 0 1 ]

d_19_15=3.479119601401 s=[ 0 0 0 1 0 1 0 1 1 0 1 1 1 + - 1 1 1 1 1 0 1 0 0 0 1 ]

d_19_15=3.479319801602 s=[ 0 0 0 1 0 1 0 1 1 0 1 1 1 + - 1 1 1 1 1 0 1 0 0 0 1 ]

d_19_15=3.479520001802 s=[ 0 0 0 1 0 1 0 1 1 0 1 1 1 + - 1 1 1 1 1 0 1 0 0 0 1 ]

d_19_15=3.479720202002 s=[ 0 0 0 1 0 1 0 1 1 0 1 1 1 + - 1 1 1 1 1 0 1 0 0 0 1 ]

d_19_15=3.479920402202 s=[ 0 0 0 1 0 1 0 1 1 0 1 1 1 + - 1 1 1 1 1 0 1 0 0 0 1 ]

d_19_15=3.480120602402 s=[ 0 0 0 1 0 1 0 1 1 0 1 1 1 + - 1 1 1 1 1 0 1 0 0 0 1 ]

d_19_15=3.480320802603 s=[ 0 0 0 1 0 1 0 1 1 0 1 1 1 + - 1 1 1 1 1 0 1 0 0 0 1 ]

d_19_15=3.480521002803 s=[ 0 0 0 1 0 1 0 1 1 0 1 1 1 + - 1 1 1 1 1 0 1 0 0 0 1 ]

d_19_15=3.480721203003 s=[ 0 0 0 1 0 1 0 1 1 0 1 1 1 + - 1 1 1 1 1 0 1 0 0 0 1 ]

d_19_15=3.480921403203 s=[ 0 0 0 1 0 1 0 1 1 0 1 1 1 + - 1 1 1 1 1 0 1 0 0 0 1 ]

d_19_15=3.481121603403 s=[ 0 0 0 1 0 1 0 1 1 0 1 1 1 + - 1 1 1 1 1 0 1 0 0 0 1 ]

d_19_15=3.481321803604 s=[ 0 0 0 1 0 1 0 1 1 0 1 1 1 + - 1 1 1 1 1 0 1 0 0 0 1 ]

d_19_15=3.481522003804 s=[ 0 0 0 1 0 1 0 1 1 0 1 1 1 + - 1 1 1 1 1 0 1 0 0 0 1 ]

d_19_15=3.481722204004 s=[ 0 0 0 1 0 1 0 1 1 0 1 1 1 + - 1 1 1 1 1 0 1 0 0 0 1 ]

d_19_15=3.481922404204 s=[ 0 0 0 1 0 1 0 1 1 0 1 1 1 + - 1 1 1 1 1 0 1 0 0 0 1 ]

d_19_15=3.482122604404 s=[ 0 0 0 1 0 1 0 1 1 0 1 1 1 + - 1 1 1 1 1 0 1 0 0 0 1 ]

d_19_15=3.482322804605 s=[ 0 0 0 1 0 1 0 1 1 0 1 1 1 + - 1 1 1 1 1 0 1 0 0 0 1 ]

d_19_15=3.482523004805 s=[ 0 0 0 1 0 1 0 1 1 0 1 1 1 + - 1 1 1 1 1 0 1 0 0 0 1 ]

d_19_15=3.482723205005 s=[ 0 0 0 1 0 1 0 1 1 0 1 1 1 + - 1 1 1 1 1 0 1 0 0 0 1 ]

d_19_15=3.482923405205 s=[ 0 0 0 1 0 1 0 1 1 0 1 1 1 + - 1 1 1 1 1 0 1 0 0 0 1 ]

d_19_15=3.483123605405 s=[ 0 0 0 1 0 1 0 1 1 0 1 1 1 + - 1 1 1 1 1 0 1 0 0 0 1 ]

d_19_15=3.483323805606 s=[ 0 0 0 1 0 1 0 1 1 0 1 1 1 + - 1 1 1 1 1 0 1 0 0 0 1 ]

d_19_15=3.483524005806 s=[ 0 0 0 1 0 1 0 1 1 0 1 1 1 + - 1 1 1 1 1 0 1 0 0 0 1 ]

d_19_15=3.483724206006 s=[ 0 0 0 1 0 1 0 1 1 0 1 1 1 + - 1 1 1 1 1 0 1 0 0 0 1 ]

d_19_15=3.483924406206 s=[ 0 0 0 1 0 1 0 1 1 0 1 1 1 + - 1 1 1 1 1 0 1 0 0 0 1 ]

d_19_15=3.484124606406 s=[ 0 0 0 1 0 1 0 1 1 0 1 1 1 + - 1 1 1 1 1 0 1 0 0 0 1 ]

d_19_15=3.484324806607 s=[ 0 0 0 1 0 1 0 1 1 0 1 1 1 + - 1 1 1 1 1 0 1 0 0 0 1 ]

d_19_15=3.484525006807 s=[ 0 0 0 1 0 1 0 1 1 0 1 1 1 + - 1 1 1 1 1 0 1 0 0 0 1 ]

d_19_15=3.484725207007 s=[ 0 0 0 1 0 1 0 1 1 0 1 1 1 + - 1 1 1 1 1 0 1 0 0 0 1 ]

d_19_15=3.484925407207 s=[ 0 0 0 1 0 1 0 1 1 0 1 1 1 + - 1 1 1 1 1 0 1 0 0 0 1 ]

d_19_15=3.485125607407 s=[ 0 0 0 1 0 1 0 1 1 0 1 1 1 + - 1 1 1 1 1 0 1 0 0 0 1 ]

d_19_15=3.485325807608 s=[ 0 0 0 1 0 1 0 1 1 0 1 1 1 + - 1 1 1 1 1 0 1 0 0 0 1 ]

d_19_15=3.485526007808 s=[ 0 0 0 1 0 1 0 1 1 0 1 1 1 + - 1 1 1 1 1 0 1 0 0 0 1 ]

d_19_15=3.485726208008 s=[ 0 0 0 1 0 1 0 1 1 0 1 1 1 + - 1 1 1 1 1 0 1 0 0 0 1 ]

d_19_15=3.485926408208 s=[ 0 0 0 1 0 1 0 1 1 0 1 1 1 + - 1 1 1 1 1 0 1 0 0 0 1 ]

d_19_15=3.486126608408 s=[ 0 0 0 1 0 1 0 1 1 0 1 1 1 + - 1 1 1 1 1 0 1 0 0 0 1 ]

d_19_15=3.486326808609 s=[ 0 0 0 1 0 1 0 1 1 0 1 1 1 + - 1 1 1 1 1 0 1 0 0 0 1 ]

d_19_15=3.486527008809 s=[ 0 0 0 1 0 1 0 1 1 0 1 1 1 + - 1 1 1 1 1 0 1 0 0 0 1 ]

d_19_15=3.486727209009 s=[ 0 0 0 1 0 1 0 1 1 0 1 1 1 + - 1 1 1 1 1 0 1 0 0 0 1 ]

d_19_15=3.486927409209 s=[ 0 0 0 1 0 1 0 1 1 0 1 1 1 + - 1 1 1 1 1 0 1 0 0 0 1 ]

d_19_15=3.487127609409 s=[ 0 0 0 1 0 1 0 1 1 0 1 1 1 + - 1 1 1 1 1 0 0 0 0 0 1 ]

d_19_15=3.487127609409 s=[ 0 0 0 1 0 1 0 1 1 0 1 1 1 + - 1 1 1 1 1 0 1 0 0 0 1 ]

d_19_15=3.487327809610 s=[ 0 0 0 1 0 1 0 1 1 0 1 1 1 + - 1 1 1 1 1 0 0 0 0 0 1 ]

d_19_15=3.487327809610 s=[ 0 0 0 1 0 1 0 1 1 0 1 1 1 + - 1 1 1 1 1 0 1 0 0 0 1 ]

d_19_15=3.487528009810 s=[ 0 0 0 1 0 1 0 1 1 0 1 1 1 + - 1 1 1 1 1 0 0 0 0 0 1 ]

d_19_15=3.487528009810 s=[ 0 0 0 1 0 1 0 1 1 0 1 1 1 + - 1 1 1 1 1 0 1 0 0 0 1 ]

d_19_15=3.487728210010 s=[ 0 0 0 1 0 1 0 1 1 0 1 1 1 + - 1 1 1 1 1 0 0 0 0 0 1 ]

d_19_15=3.487728210010 s=[ 0 0 0 1 0 1 0 1 1 0 1 1 1 + - 1 1 1 1 1 0 1 0 0 0 1 ]

d_19_15=3.487928410210 s=[ 0 0 0 1 0 1 0 1 1 0 1 1 1 + - 1 1 1 1 1 0 0 0 0 0 1 ]

d_19_15=3.487928410210 s=[ 0 0 0 1 0 1 0 1 1 0 1 1 1 + - 1 1 1 1 1 0 1 0 0 0 1 ]

d_19_15=3.488128610410 s=[ 0 0 0 1 0 1 0 1 1 0 1 1 1 + - 1 1 1 1 1 0 0 0 0 0 1 ]

d_19_15=3.488128610410 s=[ 0 0 0 1 0 1 0 1 1 0 1 1 1 + - 1 1 1 1 1 0 1 0 0 0 1 ]

d_19_15=3.488328810611 s=[ 0 0 0 1 0 1 0 1 1 0 1 1 1 + - 1 1 1 1 1 0 0 0 0 0 1 ]

d_19_15=3.488328810611 s=[ 0 0 0 1 0 1 0 1 1 0 1 1 1 + - 1 1 1 1 1 0 1 0 0 0 1 ]

d_19_15=3.488529010811 s=[ 0 0 0 1 0 1 0 1 1 0 1 1 1 + - 1 1 1 1 1 0 0 0 0 0 1 ]

d_19_15=3.488529010811 s=[ 0 0 0 1 0 1 0 1 1 0 1 1 1 + - 1 1 1 1 1 0 1 0 0 0 1 ]

d_19_15=3.488729211011 s=[ 0 0 0 1 0 1 0 1 1 0 1 1 1 + - 1 1 1 1 1 0 0 0 0 0 1 ]

d_19_15=3.488729211011 s=[ 0 0 0 1 0 1 0 1 1 0 1 1 1 + - 1 1 1 1 1 0 1 0 0 0 1 ]

d_19_15=3.488929411211 s=[ 0 0 0 1 0 1 0 1 1 0 1 1 1 + - 1 1 1 1 1 0 0 0 0 0 1 ]

d_19_15=3.488929411211 s=[ 0 0 0 1 0 1 0 1 1 0 1 1 1 + - 1 1 1 1 1 0 1 0 0 0 1 ]

d_19_15=3.489129611411 s=[ 0 0 0 1 0 1 0 1 1 0 1 1 1 + - 1 1 1 1 1 0 0 0 0 0 1 ]

d_19_15=3.489129611411 s=[ 0 0 0 1 0 1 0 1 1 0 1 1 1 + - 1 1 1 1 1 0 1 0 0 0 1 ]

d_19_15=3.489329811612 s=[ 0 0 0 1 0 1 0 1 1 0 1 1 1 + - 1 1 1 1 1 0 0 0 0 0 1 ]

d_19_15=3.489329811612 s=[ 0 0 0 1 0 1 0 1 1 0 1 1 1 + - 1 1 1 1 1 0 1 0 0 0 1 ]

d_19_15=3.489530011812 s=[ 0 0 0 1 0 1 0 1 1 0 1 1 1 + - 1 1 1 1 1 0 0 0 0 0 1 ]

d_19_15=3.489530011812 s=[ 0 0 0 1 0 1 0 1 1 0 1 1 1 + - 1 1 1 1 1 0 1 0 0 0 1 ]

d_19_15=3.489730212012 s=[ 0 0 0 1 0 1 0 1 1 0 1 1 1 + - 1 1 1 1 1 0 0 0 0 0 1 ]

d_19_15=3.489730212012 s=[ 0 0 0 1 0 1 0 1 1 0 1 1 1 + - 1 1 1 1 1 0 1 0 0 0 1 ]

d_19_15=3.489930412212 s=[ 0 0 0 1 0 1 0 1 1 0 1 1 1 + - 1 1 1 1 1 0 0 0 0 0 1 ]

d_19_15=3.489930412212 s=[ 0 0 0 1 0 1 0 1 1 0 1 1 1 + - 1 1 1 1 1 0 1 0 0 0 1 ]

d_19_15=3.490130612412 s=[ 0 0 0 1 0 1 0 1 1 0 1 1 1 + - 1 1 1 1 1 0 0 0 0 0 1 ]

d_19_15=3.490130612412 s=[ 0 0 0 1 0 1 0 1 1 0 1 1 1 + - 1 1 1 1 1 0 1 0 0 0 1 ]

d_19_15=3.490330812613 s=[ 0 0 0 1 0 1 0 1 1 0 1 1 1 + - 1 1 1 1 1 0 0 0 0 0 1 ]

d_19_15=3.490330812613 s=[ 0 0 0 1 0 1 0 1 1 0 1 1 1 + - 1 1 1 1 1 0 1 0 0 0 1 ]

d_19_15=3.490531012813 s=[ 0 0 0 1 0 1 0 1 1 0 1 1 1 + - 1 1 1 1 1 0 0 0 0 0 1 ]

d_19_15=3.490531012813 s=[ 0 0 0 1 0 1 0 1 1 0 1 1 1 + - 1 1 1 1 1 0 1 0 0 0 1 ]

d_19_15=3.490731213013 s=[ 0 0 0 1 0 1 0 1 1 0 1 1 1 + - 1 1 1 1 1 0 0 0 0 0 1 ]

d_19_15=3.490731213013 s=[ 0 0 0 1 0 1 0 1 1 0 1 1 1 + - 1 1 1 1 1 0 1 0 0 0 1 ]

d_19_15=3.490931413213 s=[ 0 0 0 1 0 1 0 1 1 0 1 1 1 + - 1 1 1 1 1 0 0 0 0 0 1 ]

d_19_15=3.490931413213 s=[ 0 0 0 1 0 1 0 1 1 0 1 1 1 + - 1 1 1 1 1 0 1 0 0 0 1 ]

d_19_15=3.491131613413 s=[ 0 0 0 1 0 1 0 1 1 0 1 1 1 + - 1 1 1 1 1 0 0 0 0 0 1 ]

d_19_15=3.491131613413 s=[ 0 0 0 1 0 1 0 1 1 0 1 1 1 + - 1 1 1 1 1 0 1 0 0 0 1 ]

d_19_15=3.491331813614 s=[ 0 0 0 1 0 1 0 1 1 0 1 1 1 + - 1 1 1 1 1 0 0 0 0 0 1 ]

d_19_15=3.491331813614 s=[ 0 0 0 1 0 1 0 1 1 0 1 1 1 + - 1 1 1 1 1 0 1 0 0 0 1 ]

d_19_15=3.491532013814 s=[ 0 0 0 1 0 1 0 1 1 0 1 1 1 + - 1 1 1 1 1 0 0 0 0 0 1 ]

d_19_15=3.491532013814 s=[ 0 0 0 1 0 1 0 1 1 0 1 1 1 + - 1 1 1 1 1 0 1 0 0 0 1 ]

d_19_15=3.491732214014 s=[ 0 0 0 1 0 1 0 1 1 0 1 1 1 + - 1 1 1 1 1 0 0 0 0 0 1 ]

d_19_15=3.491732214014 s=[ 0 0 0 1 0 1 0 1 1 0 1 1 1 + - 1 1 1 1 1 0 1 0 0 0 1 ]

d_19_15=3.491932414214 s=[ 0 0 0 1 0 1 0 1 1 0 1 1 1 + - 1 1 1 1 1 0 0 0 0 0 1 ]

d_19_15=3.491932414214 s=[ 0 0 0 1 0 1 0 1 1 0 1 1 1 + - 1 1 1 1 1 0 1 0 0 0 1 ]

d_19_15=3.492132614414 s=[ 0 0 0 1 0 1 0 1 1 0 1 1 1 + - 1 1 1 1 1 0 1 0 0 0 1 ]

d_19_15=3.492332814615 s=[ 0 0 0 1 0 1 0 1 1 0 1 1 1 + - 1 1 1 1 1 0 1 0 0 0 1 ]

d_19_15=3.492533014815 s=[ 0 0 0 1 0 1 0 1 1 0 1 1 1 + - 1 1 1 1 1 0 1 0 0 0 1 ]

d_19_15=3.492733215015 s=[ 0 0 0 1 0 1 0 1 1 0 1 1 1 + - 1 1 1 1 1 0 1 0 0 0 1 ]

d_19_15=3.492933415215 s=[ 0 0 0 1 0 1 0 1 1 0 1 1 1 + - 1 1 1 1 1 0 1 0 0 0 1 ]

d_19_15=3.493133615415 s=[ 0 0 0 1 0 1 0 1 1 0 1 1 1 + - 1 1 1 1 1 0 1 0 0 0 1 ]

d_19_15=3.493333815616 s=[ 0 0 0 1 0 1 0 1 1 0 1 1 1 + - 1 1 1 1 1 0 1 0 0 0 1 ]

d_19_15=3.493534015816 s=[ 0 0 0 1 0 1 0 1 1 0 1 1 1 + - 1 1 1 1 1 0 1 0 0 0 1 ]

d_19_15=3.493734216016 s=[ 0 0 0 1 0 1 0 1 1 0 1 1 1 + - 1 1 1 1 1 0 1 0 0 0 1 ]

d_19_15=3.493934416216 s=[ 0 0 0 1 0 1 0 1 1 0 1 1 1 + - 1 1 1 1 1 0 1 0 0 0 1 ]

d_19_15=3.494134616416 s=[ 0 0 0 1 0 1 0 1 1 0 1 1 1 + - 1 1 1 1 1 0 1 0 0 0 1 ]

d_19_15=3.494334816617 s=[ 0 0 0 1 0 1 0 1 1 0 1 1 1 + - 1 1 1 1 1 0 1 0 0 0 1 ]

d_19_15=3.494535016817 s=[ 0 0 0 1 0 1 0 1 1 0 1 1 1 + - 1 1 1 1 1 0 1 0 0 0 1 ]

d_19_15=3.494735217017 s=[ 0 0 0 1 0 1 0 1 1 0 1 1 1 + - 1 1 1 1 1 0 1 0 0 0 1 ]

d_19_15=3.494935417217 s=[ 0 0 0 1 0 1 0 1 1 0 1 1 1 + - 1 1 1 1 1 0 1 0 0 0 1 ]

d_19_15=3.495135617417 s=[ 0 0 0 1 0 1 0 1 1 0 1 1 1 + - 1 1 1 1 1 0 1 0 0 0 1 ]

d_19_15=3.495335817618 s=[ 0 0 0 1 0 1 0 1 1 0 1 1 1 + - 1 1 1 1 1 0 1 0 0 0 1 ]

d_19_15=3.495536017818 s=[ 0 0 0 1 0 1 0 1 1 0 1 1 1 + - 1 1 1 1 1 0 1 0 0 0 1 ]

d_19_15=3.495736218018 s=[ 0 0 0 1 0 1 0 1 1 0 1 1 1 + - 1 1 1 1 1 0 1 0 0 0 1 ]

d_19_15=3.495936418218 s=[ 0 0 0 1 0 1 0 1 1 0 1 1 1 + - 1 1 1 1 1 0 1 0 0 0 1 ]

d_19_15=3.496136618418 s=[ 0 0 0 1 0 1 0 1 1 0 1 1 1 + - 1 1 1 1 1 0 1 0 0 0 1 ]

d_19_15=3.496336818619 s=[ 0 0 0 1 0 1 0 1 1 0 1 1 1 + - 1 1 1 1 1 0 1 0 0 0 1 ]

d_19_15=3.496537018819 s=[ 0 0 0 1 0 1 0 1 1 0 1 1 1 + - 1 1 1 1 1 0 1 0 0 0 1 ]

d_19_15=3.496737219019 s=[ 0 0 0 1 0 1 0 1 1 0 1 1 1 + - 1 1 1 1 1 0 1 0 0 0 1 ]

d_19_15=3.496937419219 s=[ 0 0 0 1 0 1 0 1 1 0 1 1 1 + - 1 1 1 1 1 0 1 0 0 0 1 ]

d_19_15=3.497137619419 s=[ 0 0 0 1 0 1 0 1 1 0 1 1 1 + - 1 1 1 1 1 0 1 0 0 0 1 ]

d_19_15=3.497337819620 s=[ 0 0 0 1 0 1 0 1 1 0 1 1 1 + - 1 1 1 1 1 0 1 0 0 0 1 ]

d_19_15=3.497538019820 s=[ 0 0 0 1 0 1 0 1 1 0 1 1 1 + - 1 1 1 1 1 0 1 0 0 0 1 ]

d_19_15=3.497738220020 s=[ 0 0 0 1 0 1 0 1 1 0 1 1 1 + - 1 1 1 1 1 0 1 0 0 0 1 ]

d_19_15=3.497938420220 s=[ 0 0 0 1 0 1 0 1 1 0 1 1 1 + - 1 1 1 1 1 0 1 0 0 0 1 ]

d_19_15=3.498138620420 s=[ 0 0 0 1 0 1 0 1 1 0 1 1 1 + - 1 1 1 1 1 0 1 0 0 0 1 ]

d_19_15=3.498338820621 s=[ 0 0 0 1 0 1 0 1 1 0 1 1 1 + - 1 1 1 1 1 0 1 0 0 0 1 ]

d_19_15=3.498539020821 s=[ 0 0 0 1 0 1 0 1 1 0 1 1 1 + - 1 1 1 1 1 0 1 0 0 0 1 ]

d_19_15=3.498739221021 s=[ 0 0 0 1 0 1 0 1 1 0 1 1 1 + - 1 1 1 1 1 0 1 0 0 0 1 ]

d_19_15=3.503744226026 s=[ 0 0 0 1 0 1 0 1 1 0 1 1 1 + - 0 0 1 1 1 0 1 0 0 0 1 ]

d_19_15=3.503944426226 s=[ 0 0 0 1 0 1 0 1 1 0 1 1 1 + - 0 0 1 1 1 0 1 0 0 0 1 ]

d_19_15=3.504144626426 s=[ 0 0 0 1 0 1 0 1 1 0 1 1 1 + - 0 0 0 0 0 1 1 0 0 0 1 ]

d_19_15=3.504144626426 s=[ 0 0 0 1 0 1 0 1 1 0 1 1 1 + - 0 0 1 1 1 0 1 0 0 0 1 ]

d_19_15=3.504344826627 s=[ 0 0 0 1 0 1 0 1 1 0 1 1 1 + - 0 0 0 0 0 1 1 0 0 0 1 ]

d_19_15=3.504344826627 s=[ 0 0 0 1 0 1 0 1 1 0 1 1 1 + - 0 0 1 1 1 0 1 0 0 0 1 ]

d_19_15=3.504545026827 s=[ 0 0 0 1 0 1 0 1 1 0 1 1 1 + - 0 0 1 1 1 0 1 0 0 0 1 ]

d_19_15=3.504745227027 s=[ 0 0 0 1 0 1 0 1 1 0 1 1 1 + - 0 0 1 1 1 0 1 0 0 0 1 ]

d_19_15=3.507548029830 s=[ 0 0 0 1 0 1 0 1 1 0 1 1 1 + - 0 0 0 0 0 1 0 1 1 1 0 ]

d_19_15=3.507548029830 s=[ 0 0 0 1 0 1 0 1 1 0 1 1 1 + - 0 1 0 0 0 1 1 1 1 1 0 ]

d_19_15=3.507748230030 s=[ 0 0 0 1 0 1 0 1 1 0 1 1 1 + - 0 0 0 0 0 1 0 1 1 1 0 ]

d_19_15=3.507748230030 s=[ 0 0 0 1 0 1 0 1 1 0 1 1 1 + - 0 1 0 0 0 1 1 1 1 1 0 ]

d_19_15=3.507948430230 s=[ 0 0 0 1 0 1 0 1 1 0 1 1 1 + - 0 0 0 0 0 1 0 1 1 1 0 ]

d_19_15=3.507948430230 s=[ 0 0 0 1 0 1 0 1 1 0 1 1 1 + - 0 1 0 0 0 1 1 1 1 1 0 ]

d_19_15=3.508148630430 s=[ 0 0 0 1 0 1 0 1 1 0 1 1 1 + - 0 0 0 0 0 1 0 1 1 1 0 ]

d_19_15=3.508348830631 s=[ 0 0 0 1 0 1 0 1 1 0 1 1 1 + - 0 0 0 0 0 1 0 1 1 1 0 ]

d_19_15=3.508549030831 s=[ 0 0 0 1 0 1 0 1 1 0 1 1 1 + - 0 0 0 0 0 1 0 1 1 1 0 ]

d_19_15=3.508749231031 s=[ 0 0 0 1 0 1 0 1 1 0 1 1 1 + - 0 0 0 0 0 1 0 1 1 1 0 ]

d_19_15=3.508949431231 s=[ 0 0 0 1 0 1 0 1 1 0 1 1 1 + - 0 0 0 0 0 1 0 1 1 1 0 ]

d_19_15=3.509149631431 s=[ 0 0 0 1 0 1 0 1 1 0 1 1 1 + - 0 0 0 0 0 1 0 1 1 1 0 ]

d_19_15=3.509349831632 s=[ 0 0 0 1 0 1 0 1 1 0 1 1 1 + - 0 0 0 0 0 1 0 1 1 1 0 ]

d_19_15=3.509550031832 s=[ 0 0 0 1 0 1 0 1 1 0 1 1 1 + + 1 0 0 0 0 1 0 1 1 1 0 ]

d_19_15=3.509550031832 s=[ 0 0 0 1 0 1 0 1 1 0 1 1 1 + - 0 0 0 0 0 1 0 1 1 1 0 ]

d_19_15=3.509750232032 s=[ 0 0 0 1 0 1 0 1 1 0 1 1 1 + + 1 0 0 0 0 1 0 1 1 1 0 ]

d_19_15=3.509750232032 s=[ 0 0 0 1 0 1 0 1 1 0 1 1 1 + - 0 0 0 0 0 1 0 1 1 1 0 ]

d_19_15=3.509950432232 s=[ 0 0 0 1 0 1 0 1 1 0 1 1 1 + + 1 0 0 0 0 1 0 1 1 1 0 ]

d_19_15=3.509950432232 s=[ 0 0 0 1 0 1 0 1 1 0 1 1 1 + - 0 0 0 0 0 1 0 1 1 1 0 ]

d_19_15=3.510150632432 s=[ 0 0 0 1 0 1 0 1 1 0 1 1 1 + + 1 0 0 0 0 1 0 1 1 1 0 ]

d_19_15=3.510150632432 s=[ 0 0 0 1 0 1 0 1 1 0 1 1 1 + - 0 0 0 0 0 1 0 1 1 1 0 ]

d_19_15=3.510350832633 s=[ 0 0 0 1 0 1 0 1 1 0 1 1 1 + + 1 0 0 0 0 1 0 1 1 1 0 ]

d_19_15=3.510350832633 s=[ 0 0 0 1 0 1 0 1 1 0 1 1 1 + - 0 0 0 0 0 1 0 1 1 1 0 ]

d_19_15=3.510551032833 s=[ 0 0 0 1 0 1 0 1 1 0 1 1 1 + + 1 0 0 0 0 1 0 1 1 1 0 ]

d_19_15=3.510551032833 s=[ 0 0 0 1 0 1 0 1 1 0 1 1 1 + - 0 0 0 0 0 1 0 1 1 1 0 ]

d_19_15=3.510751233033 s=[ 0 0 0 1 0 1 0 1 1 0 1 1 1 + + 1 0 0 0 0 1 0 1 1 1 0 ]

d_19_15=3.510751233033 s=[ 0 0 0 1 0 1 0 1 1 0 1 1 1 + - 0 0 0 0 0 1 0 1 1 1 0 ]

d_19_15=3.510951433233 s=[ 0 0 0 1 0 1 0 1 1 0 1 1 1 + + 1 0 0 0 0 1 0 1 1 1 0 ]

d_19_15=3.510951433233 s=[ 0 0 0 1 0 1 0 1 1 0 1 1 1 + - 0 0 0 0 0 1 0 1 1 1 0 ]

d_19_15=3.511151633433 s=[ 0 0 0 1 0 1 0 1 1 0 1 1 1 + + 1 0 0 0 0 1 0 1 1 1 0 ]

d_19_15=3.511151633433 s=[ 0 0 0 1 0 1 0 1 1 0 1 1 1 + - 0 0 0 0 0 1 0 1 1 1 0 ]

d_19_15=3.511351833634 s=[ 0 0 0 1 0 1 0 1 1 0 1 1 1 + + 1 0 0 0 0 1 0 1 1 1 0 ]

d_19_15=3.511351833634 s=[ 0 0 0 1 0 1 0 1 1 0 1 1 1 + - 0 0 0 0 0 1 0 1 1 1 0 ]

d_19_15=3.511552033834 s=[ 0 0 0 1 0 1 0 1 1 0 1 1 1 + + 1 0 0 0 0 1 0 1 1 1 0 ]

d_19_15=3.511552033834 s=[ 0 0 0 1 0 1 0 1 1 0 1 1 1 + - 0 0 0 0 0 1 0 1 1 1 0 ]

d_19_15=3.511752234034 s=[ 0 0 0 1 0 1 0 1 1 0 1 1 1 + + 1 0 0 0 0 1 0 1 1 1 0 ]

d_19_15=3.511752234034 s=[ 0 0 0 1 0 1 0 1 1 0 1 1 1 + - 0 0 0 0 0 1 0 1 1 1 0 ]

d_19_15=3.511952434234 s=[ 0 0 0 1 0 1 0 1 1 0 1 1 1 + + 1 0 0 0 0 1 0 1 1 1 0 ]

d_19_15=3.511952434234 s=[ 0 0 0 1 0 1 0 1 1 0 1 1 1 + - 0 0 0 0 0 1 0 1 1 1 0 ]

d_19_15=3.512152634434 s=[ 0 0 0 1 0 1 0 1 1 0 1 1 1 + + 1 0 0 0 0 1 0 1 1 1 0 ]

d_19_15=3.512152634434 s=[ 0 0 0 1 0 1 0 1 1 0 1 1 1 + - 0 0 0 0 0 1 0 1 1 1 0 ]

d_19_15=3.512352834635 s=[ 0 0 0 1 0 1 0 1 1 0 1 1 1 + + 1 0 0 0 0 1 0 1 1 1 0 ]

d_19_15=3.512352834635 s=[ 0 0 0 1 0 1 0 1 1 0 1 1 1 + - 0 0 0 0 0 1 0 1 1 1 0 ]

d_19_15=3.512553034835 s=[ 0 0 0 1 0 1 0 1 1 0 1 1 1 + + 1 0 0 0 0 1 0 1 1 1 0 ]

d_19_15=3.512553034835 s=[ 0 0 0 1 0 1 0 1 1 0 1 1 1 + - 0 0 0 0 0 1 0 1 1 1 0 ]

d_19_15=3.512753235035 s=[ 0 0 0 1 0 1 0 1 1 0 1 1 1 + + 1 0 0 0 0 1 0 1 1 1 0 ]

d_19_15=3.512753235035 s=[ 0 0 0 1 0 1 0 1 1 0 1 1 1 + - 0 0 0 0 0 1 0 1 1 1 0 ]

d_19_15=3.512953435235 s=[ 0 0 0 1 0 1 0 1 1 0 1 1 1 + + 1 0 0 0 0 1 0 1 1 1 0 ]

d_19_15=3.512953435235 s=[ 0 0 0 1 0 1 0 1 1 0 1 1 1 + - 0 0 0 0 0 1 0 1 1 1 0 ]

d_19_15=3.513153635435 s=[ 0 0 0 1 0 1 0 1 1 0 1 1 1 + - 0 0 0 0 0 1 0 1 1 1 0 ]

d_19_15=3.513353835636 s=[ 0 0 0 1 0 1 0 1 1 0 1 1 1 + - 0 0 0 0 0 1 0 1 1 1 0 ]

d_19_15=3.554194676476 s=[ 0 0 0 1 0 1 0 1 1 0 1 1 1 + + 1 0 1 1 1 0 0 1 1 1 0 ]

d_19_15=3.554394876677 s=[ 0 0 0 1 0 1 0 1 1 0 1 1 1 + + 1 0 1 1 1 0 0 1 1 1 0 ]

d_19_15=3.554595076877 s=[ 0 0 0 1 0 1 0 1 1 0 1 1 1 + + 1 0 1 1 1 0 0 1 1 1 0 ]

d_19_15=3.563604085886 s=[ 0 0 0 1 0 1 0 1 1 0 1 1 1 + + 1 0 0 0 0 1 1 0 0 0 1 ]

d_19_15=3.563804286086 s=[ 0 0 0 1 0 1 0 1 1 0 1 1 1 + + 1 0 0 0 0 1 1 0 0 0 1 ]

d_19_15=3.564004486286 s=[ 0 0 0 1 0 1 0 1 1 0 1 1 1 + + 1 0 0 0 0 1 1 0 0 0 1 ]

d_19_15=3.564204686486 s=[ 0 0 0 1 0 1 0 1 1 0 1 1 1 + + 1 0 0 0 0 1 1 0 0 0 1 ]

d_19_15=3.564404886687 s=[ 0 0 0 1 0 1 0 1 1 0 1 1 1 + + 1 0 0 0 0 1 1 0 0 0 1 ]

d_19_15=3.564605086887 s=[ 0 0 0 1 0 1 0 1 1 0 1 1 1 + + 1 0 0 0 0 1 1 0 0 0 1 ]

d_19_15=3.564805287087 s=[ 0 0 0 1 0 1 0 1 1 0 1 1 1 + + 1 0 0 0 0 1 1 0 0 0 1 ]

d_19_15=3.565005487287 s=[ 0 0 0 1 0 1 0 1 1 0 1 1 1 + + 1 0 0 0 0 1 1 0 0 0 1 ]

d_19_15=3.565205687487 s=[ 0 0 0 1 0 1 0 1 1 0 1 1 1 + + 1 0 0 0 0 1 1 0 0 0 1 ]

d_19_15=3.582022504304 s=[ 0 0 0 1 0 1 0 1 1 0 1 1 1 + + 1 0 1 1 1 0 1 1 1 1 0 ]

d_19_15=3.582222704505 s=[ 0 0 0 1 0 1 0 1 1 0 1 1 1 + + 1 0 1 1 1 0 1 1 1 1 0 ]

d_19_15=3.582422904705 s=[ 0 0 0 1 0 1 0 1 1 0 1 1 1 + + 1 0 1 1 1 0 1 1 1 1 0 ]

d_19_15=3.586026508308 s=[ 0 0 0 1 0 1 0 1 1 0 1 1 1 + - 1 1 0 0 0 1 0 1 1 1 0 ]

d_19_15=3.586226708509 s=[ 0 0 0 1 0 1 0 1 1 0 1 1 1 + - 1 1 0 0 0 1 0 1 1 1 0 ]

d_19_15=3.586426908709 s=[ 0 0 0 1 0 1 0 1 1 0 1 1 1 + - 1 1 0 0 0 1 0 1 1 1 0 ]

d_19_15=3.586627108909 s=[ 0 0 0 1 0 1 0 1 1 0 1 1 1 + - 1 1 0 0 0 1 0 1 1 1 0 ]

d_19_15=3.586827309109 s=[ 0 0 0 1 0 1 0 1 1 0 1 1 1 + - 1 1 0 0 0 1 0 1 1 1 0 ]

d_19_15=3.587027509309 s=[ 0 0 0 1 0 1 0 1 1 0 1 1 1 + - 1 1 0 0 0 1 0 1 1 1 0 ]

d_19_15=3.587227709510 s=[ 0 0 0 1 0 1 0 1 1 0 1 1 1 + - 1 1 0 0 0 1 0 1 1 1 0 ]

d_19_15=3.587427909710 s=[ 0 0 0 1 0 1 0 1 1 0 1 1 1 + - 1 1 0 0 0 1 0 1 1 1 0 ]

d_19_15=3.587628109910 s=[ 0 0 0 1 0 1 0 1 1 0 1 1 1 + - 1 1 0 0 0 1 0 1 1 1 0 ]

d_19_15=3.587828310110 s=[ 0 0 0 1 0 1 0 1 1 0 1 1 1 + - 1 1 0 0 0 1 0 1 1 1 0 ]

d_19_15=3.588028510310 s=[ 0 0 0 1 0 1 0 1 1 0 1 1 1 + - 1 1 0 0 0 1 0 1 1 1 0 ]

d_19_15=3.588228710511 s=[ 0 0 0 1 0 1 0 1 1 0 1 1 1 + - 1 1 0 0 0 1 0 1 1 1 0 ]

d_19_15=3.588428910711 s=[ 0 0 0 1 0 1 0 1 1 0 1 1 1 + - 1 1 0 0 0 1 0 1 1 1 0 ]

d_19_15=3.588629110911 s=[ 0 0 0 1 0 1 0 1 1 0 1 1 1 + - 1 1 0 0 0 1 0 1 1 1 0 ]

d_19_15=3.588829311111 s=[ 0 0 0 1 0 1 0 1 1 0 1 1 1 + - 1 1 0 0 0 1 0 1 1 1 0 ]

d_19_15=3.589029511311 s=[ 0 0 0 1 0 1 0 1 1 0 1 1 1 + - 1 1 0 0 0 1 0 1 1 1 0 ]

d_19_15=3.614454936737 s=[ 0 0 0 1 0 1 0 1 1 0 1 1 1 + + 1 0 0 0 0 1 0 0 0 0 1 ]

d_19_15=3.614655136937 s=[ 0 0 0 1 0 1 0 1 1 0 1 1 1 + + 1 0 0 0 0 1 0 0 0 0 1 ]

d_19_15=3.614855337137 s=[ 0 0 0 1 0 1 0 1 1 0 1 1 1 + + 1 0 0 0 0 1 0 0 0 0 1 ]

d_19_15=3.615055537337 s=[ 0 0 0 1 0 1 0 1 1 0 1 1 1 + + 1 0 0 0 0 1 0 0 0 0 1 ]

d_19_15=3.615255737538 s=[ 0 0 0 1 0 1 0 1 1 0 1 1 1 + + 1 0 0 0 0 1 0 0 0 0 1 ]

d_19_15=3.615455937738 s=[ 0 0 0 1 0 1 0 1 1 0 1 1 1 + + 1 0 0 0 0 1 0 0 0 0 1 ]

d_19_15=3.617057539339 s=[ 0 0 0 1 0 1 0 1 1 0 1 1 1 + + 1 0 1 1 1 0 0 0 0 0 1 ]

d_19_15=3.617257739540 s=[ 0 0 0 1 0 1 0 1 1 0 1 1 1 + + 1 0 1 1 1 0 0 0 0 0 1 ]

d_19_15=3.617457939740 s=[ 0 0 0 1 0 1 0 1 1 0 1 1 1 + + 1 0 1 1 1 0 0 0 0 0 1 ]

d_19_15=3.617658139940 s=[ 0 0 0 1 0 1 0 1 1 0 1 1 1 + + 1 0 1 1 1 0 0 0 0 0 1 ]

d_19_15=3.617858340140 s=[ 0 0 0 1 0 1 0 1 1 0 1 1 1 + + 1 0 1 1 1 0 0 0 0 0 1 ]

d_19_15=3.618058540340 s=[ 0 0 0 1 0 1 0 1 1 0 1 1 1 + + 1 0 1 1 1 0 0 0 0 0 1 ]

d_19_15=3.618258740541 s=[ 0 0 0 1 0 1 0 1 1 0 1 1 1 + + 1 0 1 1 1 0 0 0 0 0 1 ]

d_19_15=3.618458940741 s=[ 0 0 0 1 0 1 0 1 1 0 1 1 1 + + 1 0 1 1 1 0 0 0 0 0 1 ]

d_19_15=3.618659140941 s=[ 0 0 0 1 0 1 0 1 1 0 1 1 1 + + 1 0 1 1 1 0 0 0 0 0 1 ]

d_19_15=3.625866348148 s=[ 0 0 0 1 0 1 0 1 1 0 1 1 1 + - 1 0 0 0 0 1 1 1 1 1 0 ]

d_19_15=3.626066548348 s=[ 0 0 0 1 0 1 0 1 1 0 1 1 1 + - 1 0 0 0 0 1 1 1 1 1 0 ]

d_19_15=3.626266748549 s=[ 0 0 0 1 0 1 0 1 1 0 1 1 1 + - 1 0 0 0 0 1 1 1 1 1 0 ]

d_19_15=3.626466948749 s=[ 0 0 0 1 0 1 0 1 1 0 1 1 1 + - 1 0 0 0 0 1 1 1 1 1 0 ]

d_19_15=3.626667148949 s=[ 0 0 0 1 0 1 0 1 1 0 1 1 1 + - 1 0 0 0 0 1 1 1 1 1 0 ]

d_19_15=3.626867349149 s=[ 0 0 0 1 0 1 0 1 1 0 1 1 1 + - 1 0 0 0 0 1 1 1 1 1 0 ]

d_19_15=3.627067549349 s=[ 0 0 0 1 0 1 0 1 1 0 1 1 1 + - 1 0 0 0 0 1 1 1 1 1 0 ]

d_19_15=3.627267749550 s=[ 0 0 0 1 0 1 0 1 1 0 1 1 1 + - 1 0 0 0 0 1 1 1 1 1 0 ]

d_19_15=3.627467949750 s=[ 0 0 0 1 0 1 0 1 1 0 1 1 1 + - 1 0 0 0 0 1 1 1 1 1 0 ]

d_19_15=3.627668149950 s=[ 0 0 0 1 0 1 0 1 1 0 1 1 1 + - 1 0 0 0 0 1 1 1 1 1 0 ]

d_19_15=3.627868350150 s=[ 0 0 0 1 0 1 0 1 1 0 1 1 1 + - 1 0 0 0 0 1 1 1 1 1 0 ]

d_19_15=3.628068550350 s=[ 0 0 0 1 0 1 0 1 1 0 1 1 1 + - 1 0 0 0 0 1 1 1 1 1 0 ]

d_19_15=3.628268750551 s=[ 0 0 0 1 0 1 0 1 1 0 1 1 1 + - 1 0 0 0 0 1 1 1 1 1 0 ]

d_19_15=3.628468950751 s=[ 0 0 0 1 0 1 0 1 1 0 1 1 1 + - 1 0 0 0 0 1 1 1 1 1 0 ]

d_19_15=3.628669150951 s=[ 0 0 0 1 0 1 0 1 1 0 1 1 1 + - 1 0 0 0 0 1 1 1 1 1 0 ]

d_19_15=3.628869351151 s=[ 0 0 0 1 0 1 0 1 1 0 1 1 1 + - 1 0 0 0 0 1 1 1 1 1 0 ]

d_19_15=3.630270752553 s=[ 0 0 0 1 0 1 0 1 1 0 1 1 1 + + 1 0 1 1 1 0 1 0 0 0 1 ]

d_19_15=3.630470952753 s=[ 0 0 0 1 0 1 0 1 1 0 1 1 1 + + 1 0 1 1 1 0 1 0 0 0 1 ]

d_19_15=3.632272754555 s=[ 0 0 0 1 0 1 0 1 1 0 1 1 1 + + 1 0 0 0 0 1 1 0 0 0 1 ]

d_19_15=3.632472954755 s=[ 0 0 0 1 0 1 0 1 1 0 1 1 1 + + 1 0 0 0 0 1 1 0 0 0 1 ]

d_19_15=3.632673154955 s=[ 0 0 0 1 0 1 0 1 1 0 1 1 1 + + 1 0 0 0 0 1 1 0 0 0 1 ]

d_19_15=3.632873355155 s=[ 0 0 0 1 0 1 0 1 1 0 1 1 1 + + 1 0 0 0 0 1 1 0 0 0 1 ]

d_19_15=3.633073555355 s=[ 0 0 0 1 0 1 0 1 1 0 1 1 1 + + 1 0 0 0 0 1 1 0 0 0 1 ]

d_19_15=3.633874356156 s=[ 0 0 0 1 0 1 0 1 1 0 1 1 1 + - 1 1 1 1 1 0 0 0 0 0 1 ]

d_19_15=3.477718200000 s=[ 0 0 0 1 0 1 0 1 1 0 1 1 1 - - 1 1 1 1 1 0 1 0 0 0 1 ]

d_19_15=3.477918400200 s=[ 0 0 0 1 0 1 0 1 1 0 1 1 1 - - 1 1 1 1 1 0 1 0 0 0 1 ]

d_19_15=3.478118600400 s=[ 0 0 0 1 0 1 0 1 1 0 1 1 1 - - 1 1 1 1 1 0 1 0 0 0 1 ]

d_19_15=3.478318800601 s=[ 0 0 0 1 0 1 0 1 1 0 1 1 1 - - 1 1 1 1 1 0 1 0 0 0 1 ]

d_19_15=3.478519000801 s=[ 0 0 0 1 0 1 0 1 1 0 1 1 1 - - 1 1 1 1 1 0 1 0 0 0 1 ]

d_19_15=3.478719201001 s=[ 0 0 0 1 0 1 0 1 1 0 1 1 1 - - 1 1 1 1 1 0 1 0 0 0 1 ]

d_19_15=3.478919401201 s=[ 0 0 0 1 0 1 0 1 1 0 1 1 1 - - 1 1 1 1 1 0 1 0 0 0 1 ]

d_19_15=3.479119601401 s=[ 0 0 0 1 0 1 0 1 1 0 1 1 1 - - 1 1 1 1 1 0 1 0 0 0 1 ]

d_19_15=3.479319801602 s=[ 0 0 0 1 0 1 0 1 1 0 1 1 1 - - 1 1 1 1 1 0 1 0 0 0 1 ]

d_19_15=3.479520001802 s=[ 0 0 0 1 0 1 0 1 1 0 1 1 1 - - 1 1 1 1 1 0 1 0 0 0 1 ]

d_19_15=3.479720202002 s=[ 0 0 0 1 0 1 0 1 1 0 1 1 1 - - 1 1 1 1 1 0 1 0 0 0 1 ]

d_19_15=3.479920402202 s=[ 0 0 0 1 0 1 0 1 1 0 1 1 1 - - 1 1 1 1 1 0 1 0 0 0 1 ]

d_19_15=3.480120602402 s=[ 0 0 0 1 0 1 0 1 1 0 1 1 1 - - 1 1 1 1 1 0 1 0 0 0 1 ]

d_19_15=3.480320802603 s=[ 0 0 0 1 0 1 0 1 1 0 1 1 1 - - 1 1 1 1 1 0 1 0 0 0 1 ]

d_19_15=3.480521002803 s=[ 0 0 0 1 0 1 0 1 1 0 1 1 1 - - 1 1 1 1 1 0 1 0 0 0 1 ]

d_19_15=3.480721203003 s=[ 0 0 0 1 0 1 0 1 1 0 1 1 1 - - 1 1 1 1 1 0 1 0 0 0 1 ]

d_19_15=3.480921403203 s=[ 0 0 0 1 0 1 0 1 1 0 1 1 1 - - 1 1 1 1 1 0 1 0 0 0 1 ]

d_19_15=3.481121603403 s=[ 0 0 0 1 0 1 0 1 1 0 1 1 1 - - 1 1 1 1 1 0 1 0 0 0 1 ]

d_19_15=3.481321803604 s=[ 0 0 0 1 0 1 0 1 1 0 1 1 1 - - 1 1 1 1 1 0 1 0 0 0 1 ]

d_19_15=3.481522003804 s=[ 0 0 0 1 0 1 0 1 1 0 1 1 1 - - 1 1 1 1 1 0 1 0 0 0 1 ]

d_19_15=3.481722204004 s=[ 0 0 0 1 0 1 0 1 1 0 1 1 1 - - 1 1 1 1 1 0 1 0 0 0 1 ]

d_19_15=3.481922404204 s=[ 0 0 0 1 0 1 0 1 1 0 1 1 1 - - 1 1 1 1 1 0 1 0 0 0 1 ]

d_19_15=3.482122604404 s=[ 0 0 0 1 0 1 0 1 1 0 1 1 1 - - 1 1 1 1 1 0 1 0 0 0 1 ]

d_19_15=3.482322804605 s=[ 0 0 0 1 0 1 0 1 1 0 1 1 1 - - 1 1 1 1 1 0 1 0 0 0 1 ]

d_19_15=3.482523004805 s=[ 0 0 0 1 0 1 0 1 1 0 1 1 1 - - 1 1 1 1 1 0 1 0 0 0 1 ]

d_19_15=3.482723205005 s=[ 0 0 0 1 0 1 0 1 1 0 1 1 1 - - 1 1 1 1 1 0 1 0 0 0 1 ]

d_19_15=3.482923405205 s=[ 0 0 0 1 0 1 0 1 1 0 1 1 1 - - 1 1 1 1 1 0 1 0 0 0 1 ]

d_19_15=3.483123605405 s=[ 0 0 0 1 0 1 0 1 1 0 1 1 1 - - 1 1 1 1 1 0 1 0 0 0 1 ]

d_19_15=3.483323805606 s=[ 0 0 0 1 0 1 0 1 1 0 1 1 1 - - 1 1 1 1 1 0 1 0 0 0 1 ]

d_19_15=3.483524005806 s=[ 0 0 0 1 0 1 0 1 1 0 1 1 1 - - 1 1 1 1 1 0 1 0 0 0 1 ]

d_19_15=3.483724206006 s=[ 0 0 0 1 0 1 0 1 1 0 1 1 1 - - 1 1 1 1 1 0 1 0 0 0 1 ]

d_19_15=3.483924406206 s=[ 0 0 0 1 0 1 0 1 1 0 1 1 1 - - 1 1 1 1 1 0 1 0 0 0 1 ]

d_19_15=3.484124606406 s=[ 0 0 0 1 0 1 0 1 1 0 1 1 1 - - 1 1 1 1 1 0 1 0 0 0 1 ]

d_19_15=3.484324806607 s=[ 0 0 0 1 0 1 0 1 1 0 1 1 1 - - 1 1 1 1 1 0 1 0 0 0 1 ]

d_19_15=3.484525006807 s=[ 0 0 0 1 0 1 0 1 1 0 1 1 1 - - 1 1 1 1 1 0 1 0 0 0 1 ]

d_19_15=3.484725207007 s=[ 0 0 0 1 0 1 0 1 1 0 1 1 1 - - 1 1 1 1 1 0 1 0 0 0 1 ]

d_19_15=3.484925407207 s=[ 0 0 0 1 0 1 0 1 1 0 1 1 1 - - 1 1 1 1 1 0 1 0 0 0 1 ]

d_19_15=3.485125607407 s=[ 0 0 0 1 0 1 0 1 1 0 1 1 1 - - 1 1 1 1 1 0 1 0 0 0 1 ]

d_19_15=3.485325807608 s=[ 0 0 0 1 0 1 0 1 1 0 1 1 1 - - 1 1 1 1 1 0 1 0 0 0 1 ]

d_19_15=3.485526007808 s=[ 0 0 0 1 0 1 0 1 1 0 1 1 1 - - 1 1 1 1 1 0 1 0 0 0 1 ]

d_19_15=3.485726208008 s=[ 0 0 0 1 0 1 0 1 1 0 1 1 1 - - 1 1 1 1 1 0 1 0 0 0 1 ]

d_19_15=3.485926408208 s=[ 0 0 0 1 0 1 0 1 1 0 1 1 1 - - 1 1 1 1 1 0 1 0 0 0 1 ]

d_19_15=3.486126608408 s=[ 0 0 0 1 0 1 0 1 1 0 1 1 1 - - 1 1 1 1 1 0 1 0 0 0 1 ]

d_19_15=3.486326808609 s=[ 0 0 0 1 0 1 0 1 1 0 1 1 1 - - 1 1 1 1 1 0 1 0 0 0 1 ]

d_19_15=3.486527008809 s=[ 0 0 0 1 0 1 0 1 1 0 1 1 1 - - 1 1 1 1 1 0 0 0 0 0 1 ]

d_19_15=3.486527008809 s=[ 0 0 0 1 0 1 0 1 1 0 1 1 1 - - 1 1 1 1 1 0 1 0 0 0 1 ]

d_19_15=3.486727209009 s=[ 0 0 0 1 0 1 0 1 1 0 1 1 1 - - 1 1 1 1 1 0 0 0 0 0 1 ]

d_19_15=3.486727209009 s=[ 0 0 0 1 0 1 0 1 1 0 1 1 1 - - 1 1 1 1 1 0 1 0 0 0 1 ]

d_19_15=3.486927409209 s=[ 0 0 0 1 0 1 0 1 1 0 1 1 1 - - 1 1 1 1 1 0 0 0 0 0 1 ]

d_19_15=3.486927409209 s=[ 0 0 0 1 0 1 0 1 1 0 1 1 1 - - 1 1 1 1 1 0 1 0 0 0 1 ]

d_19_15=3.487127609409 s=[ 0 0 0 1 0 1 0 1 1 0 1 1 1 - - 1 1 1 1 1 0 0 0 0 0 1 ]

d_19_15=3.487127609409 s=[ 0 0 0 1 0 1 0 1 1 0 1 1 1 - - 1 1 1 1 1 0 1 0 0 0 1 ]

d_19_15=3.487327809610 s=[ 0 0 0 1 0 1 0 1 1 0 1 1 1 - - 1 1 1 1 1 0 0 0 0 0 1 ]

d_19_15=3.487327809610 s=[ 0 0 0 1 0 1 0 1 1 0 1 1 1 - - 1 1 1 1 1 0 1 0 0 0 1 ]

d_19_15=3.487528009810 s=[ 0 0 0 1 0 1 0 1 1 0 1 1 1 - - 1 1 1 1 1 0 0 0 0 0 1 ]

d_19_15=3.487528009810 s=[ 0 0 0 1 0 1 0 1 1 0 1 1 1 - - 1 1 1 1 1 0 1 0 0 0 1 ]

d_19_15=3.487728210010 s=[ 0 0 0 1 0 1 0 1 1 0 1 1 1 - - 1 1 1 1 1 0 0 0 0 0 1 ]

d_19_15=3.487728210010 s=[ 0 0 0 1 0 1 0 1 1 0 1 1 1 - - 1 1 1 1 1 0 1 0 0 0 1 ]

d_19_15=3.487928410210 s=[ 0 0 0 1 0 1 0 1 1 0 1 1 1 - - 1 1 1 1 1 0 0 0 0 0 1 ]

d_19_15=3.487928410210 s=[ 0 0 0 1 0 1 0 1 1 0 1 1 1 - - 1 1 1 1 1 0 1 0 0 0 1 ]

d_19_15=3.488128610410 s=[ 0 0 0 1 0 1 0 1 1 0 1 1 1 - - 1 1 1 1 1 0 0 0 0 0 1 ]

d_19_15=3.488128610410 s=[ 0 0 0 1 0 1 0 1 1 0 1 1 1 - - 1 1 1 1 1 0 1 0 0 0 1 ]

d_19_15=3.488328810611 s=[ 0 0 0 1 0 1 0 1 1 0 1 1 1 - - 1 1 1 1 1 0 0 0 0 0 1 ]

d_19_15=3.488328810611 s=[ 0 0 0 1 0 1 0 1 1 0 1 1 1 - - 1 1 1 1 1 0 1 0 0 0 1 ]

d_19_15=3.488529010811 s=[ 0 0 0 1 0 1 0 1 1 0 1 1 1 - - 1 1 1 1 1 0 0 0 0 0 1 ]

d_19_15=3.488529010811 s=[ 0 0 0 1 0 1 0 1 1 0 1 1 1 - - 1 1 1 1 1 0 1 0 0 0 1 ]

d_19_15=3.488729211011 s=[ 0 0 0 1 0 1 0 1 1 0 1 1 1 - - 1 1 1 1 1 0 0 0 0 0 1 ]

d_19_15=3.488729211011 s=[ 0 0 0 1 0 1 0 1 1 0 1 1 1 - - 1 1 1 1 1 0 1 0 0 0 1 ]

d_19_15=3.488929411211 s=[ 0 0 0 1 0 1 0 1 1 0 1 1 1 - - 1 1 1 1 1 0 0 0 0 0 1 ]

d_19_15=3.488929411211 s=[ 0 0 0 1 0 1 0 1 1 0 1 1 1 - - 1 1 1 1 1 0 1 0 0 0 1 ]

d_19_15=3.489129611411 s=[ 0 0 0 1 0 1 0 1 1 0 1 1 1 - - 1 1 1 1 1 0 0 0 0 0 1 ]

d_19_15=3.489129611411 s=[ 0 0 0 1 0 1 0 1 1 0 1 1 1 - - 1 1 1 1 1 0 1 0 0 0 1 ]

d_19_15=3.489329811612 s=[ 0 0 0 1 0 1 0 1 1 0 1 1 1 - - 1 1 1 1 1 0 0 0 0 0 1 ]

d_19_15=3.489329811612 s=[ 0 0 0 1 0 1 0 1 1 0 1 1 1 - - 1 1 1 1 1 0 1 0 0 0 1 ]

d_19_15=3.489530011812 s=[ 0 0 0 1 0 1 0 1 1 0 1 1 1 - - 1 1 1 1 1 0 0 0 0 0 1 ]

d_19_15=3.489530011812 s=[ 0 0 0 1 0 1 0 1 1 0 1 1 1 - - 1 1 1 1 1 0 1 0 0 0 1 ]

d_19_15=3.489730212012 s=[ 0 0 0 1 0 1 0 1 1 0 1 1 1 - - 1 1 1 1 1 0 0 0 0 0 1 ]

d_19_15=3.489730212012 s=[ 0 0 0 1 0 1 0 1 1 0 1 1 1 - - 1 1 1 1 1 0 1 0 0 0 1 ]

d_19_15=3.489930412212 s=[ 0 0 0 1 0 1 0 1 1 0 1 1 1 - - 1 1 1 1 1 0 0 0 0 0 1 ]

d_19_15=3.489930412212 s=[ 0 0 0 1 0 1 0 1 1 0 1 1 1 - - 1 1 1 1 1 0 1 0 0 0 1 ]

d_19_15=3.490130612412 s=[ 0 0 0 1 0 1 0 1 1 0 1 1 1 - - 1 1 1 1 1 0 0 0 0 0 1 ]

d_19_15=3.490130612412 s=[ 0 0 0 1 0 1 0 1 1 0 1 1 1 - - 1 1 1 1 1 0 1 0 0 0 1 ]

d_19_15=3.490330812613 s=[ 0 0 0 1 0 1 0 1 1 0 1 1 1 - - 1 1 1 1 1 0 0 0 0 0 1 ]

d_19_15=3.490330812613 s=[ 0 0 0 1 0 1 0 1 1 0 1 1 1 - - 1 1 1 1 1 0 1 0 0 0 1 ]

d_19_15=3.490531012813 s=[ 0 0 0 1 0 1 0 1 1 0 1 1 1 - - 1 1 1 1 1 0 0 0 0 0 1 ]

d_19_15=3.490531012813 s=[ 0 0 0 1 0 1 0 1 1 0 1 1 1 - - 1 1 1 1 1 0 1 0 0 0 1 ]

d_19_15=3.490731213013 s=[ 0 0 0 1 0 1 0 1 1 0 1 1 1 - - 1 1 1 1 1 0 0 0 0 0 1 ]

d_19_15=3.490731213013 s=[ 0 0 0 1 0 1 0 1 1 0 1 1 1 - - 1 1 1 1 1 0 1 0 0 0 1 ]

d_19_15=3.490931413213 s=[ 0 0 0 1 0 1 0 1 1 0 1 1 1 - - 1 1 1 1 1 0 0 0 0 0 1 ]

d_19_15=3.490931413213 s=[ 0 0 0 1 0 1 0 1 1 0 1 1 1 - - 1 1 1 1 1 0 1 0 0 0 1 ]

d_19_15=3.491131613413 s=[ 0 0 0 1 0 1 0 1 1 0 1 1 1 - - 1 1 1 1 1 0 0 0 0 0 1 ]

d_19_15=3.491131613413 s=[ 0 0 0 1 0 1 0 1 1 0 1 1 1 - - 1 1 1 1 1 0 1 0 0 0 1 ]

d_19_15=3.491331813614 s=[ 0 0 0 1 0 1 0 1 1 0 1 1 1 - - 1 1 1 1 1 0 0 0 0 0 1 ]

d_19_15=3.491331813614 s=[ 0 0 0 1 0 1 0 1 1 0 1 1 1 - - 1 1 1 1 1 0 1 0 0 0 1 ]

d_19_15=3.491532013814 s=[ 0 0 0 1 0 1 0 1 1 0 1 1 1 - - 1 1 1 1 1 0 0 0 0 0 1 ]

d_19_15=3.491532013814 s=[ 0 0 0 1 0 1 0 1 1 0 1 1 1 - - 1 1 1 1 1 0 1 0 0 0 1 ]

d_19_15=3.491732214014 s=[ 0 0 0 1 0 1 0 1 1 0 1 1 1 - - 1 1 1 1 1 0 1 0 0 0 1 ]

d_19_15=3.491932414214 s=[ 0 0 0 1 0 1 0 1 1 0 1 1 1 - - 1 1 1 1 1 0 1 0 0 0 1 ]

d_19_15=3.492132614414 s=[ 0 0 0 1 0 1 0 1 1 0 1 1 1 - - 1 1 1 1 1 0 1 0 0 0 1 ]

d_19_15=3.492332814615 s=[ 0 0 0 1 0 1 0 1 1 0 1 1 1 - - 1 1 1 1 1 0 1 0 0 0 1 ]

d_19_15=3.492533014815 s=[ 0 0 0 1 0 1 0 1 1 0 1 1 1 - - 1 1 1 1 1 0 1 0 0 0 1 ]

d_19_15=3.492733215015 s=[ 0 0 0 1 0 1 0 1 1 0 1 1 1 - - 1 1 1 1 1 0 1 0 0 0 1 ]

d_19_15=3.492933415215 s=[ 0 0 0 1 0 1 0 1 1 0 1 1 1 - - 1 1 1 1 1 0 1 0 0 0 1 ]

d_19_15=3.493133615415 s=[ 0 0 0 1 0 1 0 1 1 0 1 1 1 - - 1 1 1 1 1 0 1 0 0 0 1 ]

d_19_15=3.493333815616 s=[ 0 0 0 1 0 1 0 1 1 0 1 1 1 - - 1 1 1 1 1 0 1 0 0 0 1 ]

d_19_15=3.493534015816 s=[ 0 0 0 1 0 1 0 1 1 0 1 1 1 - - 1 1 1 1 1 0 1 0 0 0 1 ]

d_19_15=3.493734216016 s=[ 0 0 0 1 0 1 0 1 1 0 1 1 1 - - 1 1 1 1 1 0 1 0 0 0 1 ]

d_19_15=3.493934416216 s=[ 0 0 0 1 0 1 0 1 1 0 1 1 1 - - 1 1 1 1 1 0 1 0 0 0 1 ]

d_19_15=3.494134616416 s=[ 0 0 0 1 0 1 0 1 1 0 1 1 1 - - 1 1 1 1 1 0 1 0 0 0 1 ]

d_19_15=3.494334816617 s=[ 0 0 0 1 0 1 0 1 1 0 1 1 1 - - 1 1 1 1 1 0 1 0 0 0 1 ]

d_19_15=3.494535016817 s=[ 0 0 0 1 0 1 0 1 1 0 1 1 1 - - 1 1 1 1 1 0 1 0 0 0 1 ]

d_19_15=3.494735217017 s=[ 0 0 0 1 0 1 0 1 1 0 1 1 1 - - 1 1 1 1 1 0 1 0 0 0 1 ]

d_19_15=3.494935417217 s=[ 0 0 0 1 0 1 0 1 1 0 1 1 1 - - 1 1 1 1 1 0 1 0 0 0 1 ]

d_19_15=3.495135617417 s=[ 0 0 0 1 0 1 0 1 1 0 1 1 1 - - 1 1 1 1 1 0 1 0 0 0 1 ]

d_19_15=3.495335817618 s=[ 0 0 0 1 0 1 0 1 1 0 1 1 1 - - 1 1 1 1 1 0 1 0 0 0 1 ]

d_19_15=3.495536017818 s=[ 0 0 0 1 0 1 0 1 1 0 1 1 1 - - 1 1 1 1 1 0 1 0 0 0 1 ]

d_19_15=3.495736218018 s=[ 0 0 0 1 0 1 0 1 1 0 1 1 1 - - 1 1 1 1 1 0 1 0 0 0 1 ]

d_19_15=3.495936418218 s=[ 0 0 0 1 0 1 0 1 1 0 1 1 1 - - 1 1 1 1 1 0 1 0 0 0 1 ]

d_19_15=3.496136618418 s=[ 0 0 0 1 0 1 0 1 1 0 1 1 1 - - 1 1 1 1 1 0 1 0 0 0 1 ]

d_19_15=3.496336818619 s=[ 0 0 0 1 0 1 0 1 1 0 1 1 1 - - 1 1 1 1 1 0 1 0 0 0 1 ]

d_19_15=3.496537018819 s=[ 0 0 0 1 0 1 0 1 1 0 1 1 1 - - 1 1 1 1 1 0 1 0 0 0 1 ]

d_19_15=3.496737219019 s=[ 0 0 0 1 0 1 0 1 1 0 1 1 1 - - 1 1 1 1 1 0 1 0 0 0 1 ]

d_19_15=3.496937419219 s=[ 0 0 0 1 0 1 0 1 1 0 1 1 1 - - 1 1 1 1 1 0 1 0 0 0 1 ]

d_19_15=3.497137619419 s=[ 0 0 0 1 0 1 0 1 1 0 1 1 1 - - 1 1 1 1 1 0 1 0 0 0 1 ]

d_19_15=3.497337819620 s=[ 0 0 0 1 0 1 0 1 1 0 1 1 1 - - 1 1 1 1 1 0 1 0 0 0 1 ]

d_19_15=3.497538019820 s=[ 0 0 0 1 0 1 0 1 1 0 1 1 1 - - 1 1 1 1 1 0 1 0 0 0 1 ]

d_19_15=3.497738220020 s=[ 0 0 0 1 0 1 0 1 1 0 1 1 1 - - 1 1 1 1 1 0 1 0 0 0 1 ]

d_19_15=3.497938420220 s=[ 0 0 0 1 0 1 0 1 1 0 1 1 1 - - 1 1 1 1 1 0 1 0 0 0 1 ]

d_19_15=3.498138620420 s=[ 0 0 0 1 0 1 0 1 1 0 1 1 1 - - 1 1 1 1 1 0 1 0 0 0 1 ]

d_19_15=3.498338820621 s=[ 0 0 0 1 0 1 0 1 1 0 1 1 1 - - 1 1 1 1 1 0 1 0 0 0 1 ]

d_19_15=3.503343825626 s=[ 0 0 0 1 0 1 0 1 1 0 1 1 1 - - 0 0 1 1 1 0 1 0 0 0 1 ]

d_19_15=3.503544025826 s=[ 0 0 0 1 0 1 0 1 1 0 1 1 1 - - 0 0 0 0 0 1 1 0 0 0 1 ]

d_19_15=3.503544025826 s=[ 0 0 0 1 0 1 0 1 1 0 1 1 1 - - 0 0 1 1 1 0 1 0 0 0 1 ]

d_19_15=3.503744226026 s=[ 0 0 0 1 0 1 0 1 1 0 1 1 1 - - 0 0 0 0 0 1 1 0 0 0 1 ]

d_19_15=3.503744226026 s=[ 0 0 0 1 0 1 0 1 1 0 1 1 1 - - 0 0 1 1 1 0 1 0 0 0 1 ]

d_19_15=3.503944426226 s=[ 0 0 0 1 0 1 0 1 1 0 1 1 1 - - 0 0 1 1 1 0 1 0 0 0 1 ]

d_19_15=3.504144626426 s=[ 0 0 0 1 0 1 0 1 1 0 1 1 1 - - 0 0 1 1 1 0 1 0 0 0 1 ]

d_19_15=3.507147629429 s=[ 0 0 0 1 0 1 0 1 1 0 1 1 1 - - 0 0 0 0 0 1 0 1 1 1 0 ]

d_19_15=3.507147629429 s=[ 0 0 0 1 0 1 0 1 1 0 1 1 1 - - 0 1 0 0 0 1 1 1 1 1 0 ]

d_19_15=3.507347829630 s=[ 0 0 0 1 0 1 0 1 1 0 1 1 1 - - 0 0 0 0 0 1 0 1 1 1 0 ]

d_19_15=3.507347829630 s=[ 0 0 0 1 0 1 0 1 1 0 1 1 1 - - 0 1 0 0 0 1 1 1 1 1 0 ]

d_19_15=3.507548029830 s=[ 0 0 0 1 0 1 0 1 1 0 1 1 1 - - 0 0 0 0 0 1 0 1 1 1 0 ]

d_19_15=3.507548029830 s=[ 0 0 0 1 0 1 0 1 1 0 1 1 1 - - 0 1 0 0 0 1 1 1 1 1 0 ]

d_19_15=3.507748230030 s=[ 0 0 0 1 0 1 0 1 1 0 1 1 1 - - 0 0 0 0 0 1 0 1 1 1 0 ]

d_19_15=3.507948430230 s=[ 0 0 0 1 0 1 0 1 1 0 1 1 1 - - 0 0 0 0 0 1 0 1 1 1 0 ]

d_19_15=3.508148630430 s=[ 0 0 0 1 0 1 0 1 1 0 1 1 1 - - 0 0 0 0 0 1 0 1 1 1 0 ]

d_19_15=3.508348830631 s=[ 0 0 0 1 0 1 0 1 1 0 1 1 1 - - 0 0 0 0 0 1 0 1 1 1 0 ]

d_19_15=3.508549030831 s=[ 0 0 0 1 0 1 0 1 1 0 1 1 1 - - 0 0 0 0 0 1 0 1 1 1 0 ]

d_19_15=3.508749231031 s=[ 0 0 0 1 0 1 0 1 1 0 1 1 1 - - 0 0 0 0 0 1 0 1 1 1 0 ]

d_19_15=3.508949431231 s=[ 0 0 0 1 0 1 0 1 1 0 1 1 1 - - 0 0 0 0 0 1 0 1 1 1 0 ]

d_19_15=3.509149631431 s=[ 0 0 0 1 0 1 0 1 1 0 1 1 1 - - 0 0 0 0 0 1 0 1 1 1 0 ]

d_19_15=3.509349831632 s=[ 0 0 0 1 0 1 0 1 1 0 1 1 1 - - 0 0 0 0 0 1 0 1 1 1 0 ]

d_19_15=3.509550031832 s=[ 0 0 0 1 0 1 0 1 1 0 1 1 1 - - 0 0 0 0 0 1 0 1 1 1 0 ]

d_19_15=3.509750232032 s=[ 0 0 0 1 0 1 0 1 1 0 1 1 1 - - 0 0 0 0 0 1 0 1 1 1 0 ]

d_19_15=3.509950432232 s=[ 0 0 0 1 0 1 0 1 1 0 1 1 1 - + 1 0 0 0 0 1 0 1 1 1 0 ]

d_19_15=3.509950432232 s=[ 0 0 0 1 0 1 0 1 1 0 1 1 1 - - 0 0 0 0 0 1 0 1 1 1 0 ]

d_19_15=3.510150632432 s=[ 0 0 0 1 0 1 0 1 1 0 1 1 1 - + 1 0 0 0 0 1 0 1 1 1 0 ]

d_19_15=3.510150632432 s=[ 0 0 0 1 0 1 0 1 1 0 1 1 1 - - 0 0 0 0 0 1 0 1 1 1 0 ]

d_19_15=3.510350832633 s=[ 0 0 0 1 0 1 0 1 1 0 1 1 1 - + 1 0 0 0 0 1 0 1 1 1 0 ]

d_19_15=3.510350832633 s=[ 0 0 0 1 0 1 0 1 1 0 1 1 1 - - 0 0 0 0 0 1 0 1 1 1 0 ]

d_19_15=3.510551032833 s=[ 0 0 0 1 0 1 0 1 1 0 1 1 1 - + 1 0 0 0 0 1 0 1 1 1 0 ]

d_19_15=3.510551032833 s=[ 0 0 0 1 0 1 0 1 1 0 1 1 1 - - 0 0 0 0 0 1 0 1 1 1 0 ]

d_19_15=3.510751233033 s=[ 0 0 0 1 0 1 0 1 1 0 1 1 1 - + 1 0 0 0 0 1 0 1 1 1 0 ]

d_19_15=3.510751233033 s=[ 0 0 0 1 0 1 0 1 1 0 1 1 1 - - 0 0 0 0 0 1 0 1 1 1 0 ]

d_19_15=3.510951433233 s=[ 0 0 0 1 0 1 0 1 1 0 1 1 1 - + 1 0 0 0 0 1 0 1 1 1 0 ]

d_19_15=3.510951433233 s=[ 0 0 0 1 0 1 0 1 1 0 1 1 1 - - 0 0 0 0 0 1 0 1 1 1 0 ]

d_19_15=3.511151633433 s=[ 0 0 0 1 0 1 0 1 1 0 1 1 1 - + 1 0 0 0 0 1 0 1 1 1 0 ]

d_19_15=3.511151633433 s=[ 0 0 0 1 0 1 0 1 1 0 1 1 1 - - 0 0 0 0 0 1 0 1 1 1 0 ]

d_19_15=3.511351833634 s=[ 0 0 0 1 0 1 0 1 1 0 1 1 1 - + 1 0 0 0 0 1 0 1 1 1 0 ]

d_19_15=3.511351833634 s=[ 0 0 0 1 0 1 0 1 1 0 1 1 1 - - 0 0 0 0 0 1 0 1 1 1 0 ]

d_19_15=3.511552033834 s=[ 0 0 0 1 0 1 0 1 1 0 1 1 1 - + 1 0 0 0 0 1 0 1 1 1 0 ]

d_19_15=3.511552033834 s=[ 0 0 0 1 0 1 0 1 1 0 1 1 1 - - 0 0 0 0 0 1 0 1 1 1 0 ]

d_19_15=3.511752234034 s=[ 0 0 0 1 0 1 0 1 1 0 1 1 1 - + 1 0 0 0 0 1 0 1 1 1 0 ]

d_19_15=3.511752234034 s=[ 0 0 0 1 0 1 0 1 1 0 1 1 1 - - 0 0 0 0 0 1 0 1 1 1 0 ]

d_19_15=3.511952434234 s=[ 0 0 0 1 0 1 0 1 1 0 1 1 1 - + 1 0 0 0 0 1 0 1 1 1 0 ]

d_19_15=3.511952434234 s=[ 0 0 0 1 0 1 0 1 1 0 1 1 1 - - 0 0 0 0 0 1 0 1 1 1 0 ]

d_19_15=3.512152634434 s=[ 0 0 0 1 0 1 0 1 1 0 1 1 1 - + 1 0 0 0 0 1 0 1 1 1 0 ]

d_19_15=3.512152634434 s=[ 0 0 0 1 0 1 0 1 1 0 1 1 1 - - 0 0 0 0 0 1 0 1 1 1 0 ]

d_19_15=3.512352834635 s=[ 0 0 0 1 0 1 0 1 1 0 1 1 1 - + 1 0 0 0 0 1 0 1 1 1 0 ]

d_19_15=3.512352834635 s=[ 0 0 0 1 0 1 0 1 1 0 1 1 1 - - 0 0 0 0 0 1 0 1 1 1 0 ]

d_19_15=3.512553034835 s=[ 0 0 0 1 0 1 0 1 1 0 1 1 1 - + 1 0 0 0 0 1 0 1 1 1 0 ]

d_19_15=3.512553034835 s=[ 0 0 0 1 0 1 0 1 1 0 1 1 1 - - 0 0 0 0 0 1 0 1 1 1 0 ]

d_19_15=3.512753235035 s=[ 0 0 0 1 0 1 0 1 1 0 1 1 1 - + 1 0 0 0 0 1 0 1 1 1 0 ]

d_19_15=3.512753235035 s=[ 0 0 0 1 0 1 0 1 1 0 1 1 1 - - 0 0 0 0 0 1 0 1 1 1 0 ]

d_19_15=3.512953435235 s=[ 0 0 0 1 0 1 0 1 1 0 1 1 1 - + 1 0 0 0 0 1 0 1 1 1 0 ]

d_19_15=3.512953435235 s=[ 0 0 0 1 0 1 0 1 1 0 1 1 1 - - 0 0 0 0 0 1 0 1 1 1 0 ]

d_19_15=3.513153635435 s=[ 0 0 0 1 0 1 0 1 1 0 1 1 1 - + 1 0 0 0 0 1 0 1 1 1 0 ]

d_19_15=3.513353835636 s=[ 0 0 0 1 0 1 0 1 1 0 1 1 1 - + 1 0 0 0 0 1 0 1 1 1 0 ]

d_19_15=3.554595076877 s=[ 0 0 0 1 0 1 0 1 1 0 1 1 1 - + 1 0 1 1 1 0 0 1 1 1 0 ]

d_19_15=3.554795277077 s=[ 0 0 0 1 0 1 0 1 1 0 1 1 1 - + 1 0 1 1 1 0 0 1 1 1 0 ]

d_19_15=3.554995477277 s=[ 0 0 0 1 0 1 0 1 1 0 1 1 1 - + 1 0 1 1 1 0 0 1 1 1 0 ]

d_19_15=3.564004486286 s=[ 0 0 0 1 0 1 0 1 1 0 1 1 1 - + 1 0 0 0 0 1 1 0 0 0 1 ]

d_19_15=3.564204686486 s=[ 0 0 0 1 0 1 0 1 1 0 1 1 1 - + 1 0 0 0 0 1 1 0 0 0 1 ]

d_19_15=3.564404886687 s=[ 0 0 0 1 0 1 0 1 1 0 1 1 1 - + 1 0 0 0 0 1 1 0 0 0 1 ]

d_19_15=3.564605086887 s=[ 0 0 0 1 0 1 0 1 1 0 1 1 1 - + 1 0 0 0 0 1 1 0 0 0 1 ]

d_19_15=3.564805287087 s=[ 0 0 0 1 0 1 0 1 1 0 1 1 1 - + 1 0 0 0 0 1 1 0 0 0 1 ]

d_19_15=3.565005487287 s=[ 0 0 0 1 0 1 0 1 1 0 1 1 1 - + 1 0 0 0 0 1 1 0 0 0 1 ]

d_19_15=3.565205687487 s=[ 0 0 0 1 0 1 0 1 1 0 1 1 1 - + 1 0 0 0 0 1 1 0 0 0 1 ]

d_19_15=3.565405887688 s=[ 0 0 0 1 0 1 0 1 1 0 1 1 1 - + 1 0 0 0 0 1 1 0 0 0 1 ]

d_19_15=3.582422904705 s=[ 0 0 0 1 0 1 0 1 1 0 1 1 1 - + 1 0 1 1 1 0 1 1 1 1 0 ]

d_19_15=3.582623104905 s=[ 0 0 0 1 0 1 0 1 1 0 1 1 1 - + 1 0 1 1 1 0 1 1 1 1 0 ]

d_19_15=3.582823305105 s=[ 0 0 0 1 0 1 0 1 1 0 1 1 1 - + 1 0 1 1 1 0 1 1 1 1 0 ]

d_19_15=3.585626107908 s=[ 0 0 0 1 0 1 0 1 1 0 1 1 1 - - 1 1 0 0 0 1 0 1 1 1 0 ]

d_19_15=3.585826308108 s=[ 0 0 0 1 0 1 0 1 1 0 1 1 1 - - 1 1 0 0 0 1 0 1 1 1 0 ]

d_19_15=3.586026508308 s=[ 0 0 0 1 0 1 0 1 1 0 1 1 1 - - 1 1 0 0 0 1 0 1 1 1 0 ]

d_19_15=3.586226708509 s=[ 0 0 0 1 0 1 0 1 1 0 1 1 1 - - 1 1 0 0 0 1 0 1 1 1 0 ]

d_19_15=3.586426908709 s=[ 0 0 0 1 0 1 0 1 1 0 1 1 1 - - 1 1 0 0 0 1 0 1 1 1 0 ]

d_19_15=3.586627108909 s=[ 0 0 0 1 0 1 0 1 1 0 1 1 1 - - 1 1 0 0 0 1 0 1 1 1 0 ]

d_19_15=3.586827309109 s=[ 0 0 0 1 0 1 0 1 1 0 1 1 1 - - 1 1 0 0 0 1 0 1 1 1 0 ]

d_19_15=3.587027509309 s=[ 0 0 0 1 0 1 0 1 1 0 1 1 1 - - 1 1 0 0 0 1 0 1 1 1 0 ]

d_19_15=3.587227709510 s=[ 0 0 0 1 0 1 0 1 1 0 1 1 1 - - 1 1 0 0 0 1 0 1 1 1 0 ]

d_19_15=3.587427909710 s=[ 0 0 0 1 0 1 0 1 1 0 1 1 1 - - 1 1 0 0 0 1 0 1 1 1 0 ]

d_19_15=3.587628109910 s=[ 0 0 0 1 0 1 0 1 1 0 1 1 1 - - 1 1 0 0 0 1 0 1 1 1 0 ]

d_19_15=3.587828310110 s=[ 0 0 0 1 0 1 0 1 1 0 1 1 1 - - 1 1 0 0 0 1 0 1 1 1 0 ]

d_19_15=3.588028510310 s=[ 0 0 0 1 0 1 0 1 1 0 1 1 1 - - 1 1 0 0 0 1 0 1 1 1 0 ]

d_19_15=3.588228710511 s=[ 0 0 0 1 0 1 0 1 1 0 1 1 1 - - 1 1 0 0 0 1 0 1 1 1 0 ]

d_19_15=3.588428910711 s=[ 0 0 0 1 0 1 0 1 1 0 1 1 1 - - 1 1 0 0 0 1 0 1 1 1 0 ]

d_19_15=3.588629110911 s=[ 0 0 0 1 0 1 0 1 1 0 1 1 1 - - 1 1 0 0 0 1 0 1 1 1 0 ]

d_19_15=3.588829311111 s=[ 0 0 0 1 0 1 0 1 1 0 1 1 1 - - 1 1 0 0 0 1 0 1 1 1 0 ]

d_19_15=3.614655136937 s=[ 0 0 0 1 0 1 0 1 1 0 1 1 1 - + 1 0 0 0 0 1 0 0 0 0 1 ]

d_19_15=3.614855337137 s=[ 0 0 0 1 0 1 0 1 1 0 1 1 1 - + 1 0 0 0 0 1 0 0 0 0 1 ]

d_19_15=3.615055537337 s=[ 0 0 0 1 0 1 0 1 1 0 1 1 1 - + 1 0 0 0 0 1 0 0 0 0 1 ]

d_19_15=3.615255737538 s=[ 0 0 0 1 0 1 0 1 1 0 1 1 1 - + 1 0 0 0 0 1 0 0 0 0 1 ]

d_19_15=3.615455937738 s=[ 0 0 0 1 0 1 0 1 1 0 1 1 1 - + 1 0 0 0 0 1 0 0 0 0 1 ]

d_19_15=3.615656137938 s=[ 0 0 0 1 0 1 0 1 1 0 1 1 1 - + 1 0 0 0 0 1 0 0 0 0 1 ]

d_19_15=3.617257739540 s=[ 0 0 0 1 0 1 0 1 1 0 1 1 1 - + 1 0 1 1 1 0 0 0 0 0 1 ]

d_19_15=3.617457939740 s=[ 0 0 0 1 0 1 0 1 1 0 1 1 1 - + 1 0 1 1 1 0 0 0 0 0 1 ]

d_19_15=3.617658139940 s=[ 0 0 0 1 0 1 0 1 1 0 1 1 1 - + 1 0 1 1 1 0 0 0 0 0 1 ]

d_19_15=3.617858340140 s=[ 0 0 0 1 0 1 0 1 1 0 1 1 1 - + 1 0 1 1 1 0 0 0 0 0 1 ]

d_19_15=3.618058540340 s=[ 0 0 0 1 0 1 0 1 1 0 1 1 1 - + 1 0 1 1 1 0 0 0 0 0 1 ]

d_19_15=3.618258740541 s=[ 0 0 0 1 0 1 0 1 1 0 1 1 1 - + 1 0 1 1 1 0 0 0 0 0 1 ]

d_19_15=3.618458940741 s=[ 0 0 0 1 0 1 0 1 1 0 1 1 1 - + 1 0 1 1 1 0 0 0 0 0 1 ]

d_19_15=3.618659140941 s=[ 0 0 0 1 0 1 0 1 1 0 1 1 1 - + 1 0 1 1 1 0 0 0 0 0 1 ]

d_19_15=3.625866348148 s=[ 0 0 0 1 0 1 0 1 1 0 1 1 1 - - 1 0 0 0 0 1 1 1 1 1 0 ]

d_19_15=3.626066548348 s=[ 0 0 0 1 0 1 0 1 1 0 1 1 1 - - 1 0 0 0 0 1 1 1 1 1 0 ]

d_19_15=3.626266748549 s=[ 0 0 0 1 0 1 0 1 1 0 1 1 1 - - 1 0 0 0 0 1 1 1 1 1 0 ]

d_19_15=3.626466948749 s=[ 0 0 0 1 0 1 0 1 1 0 1 1 1 - - 1 0 0 0 0 1 1 1 1 1 0 ]

d_19_15=3.626667148949 s=[ 0 0 0 1 0 1 0 1 1 0 1 1 1 - - 1 0 0 0 0 1 1 1 1 1 0 ]

d_19_15=3.626867349149 s=[ 0 0 0 1 0 1 0 1 1 0 1 1 1 - - 1 0 0 0 0 1 1 1 1 1 0 ]

d_19_15=3.627067549349 s=[ 0 0 0 1 0 1 0 1 1 0 1 1 1 - - 1 0 0 0 0 1 1 1 1 1 0 ]

d_19_15=3.627267749550 s=[ 0 0 0 1 0 1 0 1 1 0 1 1 1 - - 1 0 0 0 0 1 1 1 1 1 0 ]

d_19_15=3.627467949750 s=[ 0 0 0 1 0 1 0 1 1 0 1 1 1 - - 1 0 0 0 0 1 1 1 1 1 0 ]

d_19_15=3.627668149950 s=[ 0 0 0 1 0 1 0 1 1 0 1 1 1 - - 1 0 0 0 0 1 1 1 1 1 0 ]

d_19_15=3.627868350150 s=[ 0 0 0 1 0 1 0 1 1 0 1 1 1 - - 1 0 0 0 0 1 1 1 1 1 0 ]

d_19_15=3.628068550350 s=[ 0 0 0 1 0 1 0 1 1 0 1 1 1 - - 1 0 0 0 0 1 1 1 1 1 0 ]

d_19_15=3.628268750551 s=[ 0 0 0 1 0 1 0 1 1 0 1 1 1 - - 1 0 0 0 0 1 1 1 1 1 0 ]

d_19_15=3.628468950751 s=[ 0 0 0 1 0 1 0 1 1 0 1 1 1 - - 1 0 0 0 0 1 1 1 1 1 0 ]

d_19_15=3.628669150951 s=[ 0 0 0 1 0 1 0 1 1 0 1 1 1 - - 1 0 0 0 0 1 1 1 1 1 0 ]

d_19_15=3.628869351151 s=[ 0 0 0 1 0 1 0 1 1 0 1 1 1 - - 1 0 0 0 0 1 1 1 1 1 0 ]

d_19_15=3.630270752553 s=[ 0 0 0 1 0 1 0 1 1 0 1 1 1 - + 1 0 1 1 1 0 1 0 0 0 1 ]

d_19_15=3.630470952753 s=[ 0 0 0 1 0 1 0 1 1 0 1 1 1 - + 1 0 1 1 1 0 1 0 0 0 1 ]

d_19_15=3.632272754555 s=[ 0 0 0 1 0 1 0 1 1 0 1 1 1 - + 1 0 0 0 0 1 1 0 0 0 1 ]

d_19_15=3.632472954755 s=[ 0 0 0 1 0 1 0 1 1 0 1 1 1 - + 1 0 0 0 0 1 1 0 0 0 1 ]

d_19_15=3.632673154955 s=[ 0 0 0 1 0 1 0 1 1 0 1 1 1 - + 1 0 0 0 0 1 1 0 0 0 1 ]

d_19_15=3.632873355155 s=[ 0 0 0 1 0 1 0 1 1 0 1 1 1 - + 1 0 0 0 0 1 1 0 0 0 1 ]

d_19_15=3.633073555355 s=[ 0 0 0 1 0 1 0 1 1 0 1 1 1 - + 1 0 0 0 0 1 1 0 0 0 1 ]

d_19_15=3.633874356156 s=[ 0 0 0 1 0 1 0 1 1 0 1 1 1 - - 1 1 1 1 1 0 0 0 0 0 1 ]

