xyz12=( 25.899884 18.736864 58.810595 )
xyz12=( 25.899569 18.737080 58.811133 )
xyz12=( 25.899254 18.737296 58.811673 )
xyz12=( 25.898939 18.737512 58.812213 )
xyz12=( 25.898623 18.737728 58.812753 )
xyz12=( 25.898308 18.737944 58.813294 )
xyz12=( 25.897993 18.738160 58.813835 )
xyz12=( 25.897678 18.738376 58.814377 )
xyz12=( 25.897363 18.738592 58.814919 )
xyz12=( 25.897048 18.738807 58.815462 )
xyz12=( 25.896733 18.739023 58.816005 )
xyz12=( 25.896418 18.739238 58.816549 )
xyz12=( 25.896102 18.739454 58.817094 )
xyz12=( 25.895787 18.739669 58.817638 )
xyz12=( 25.895472 18.739884 58.818184 )
xyz12=( 25.895157 18.740100 58.818730 )
xyz12=( 25.894841 18.740315 58.819276 )
xyz12=( 25.894526 18.740530 58.819823 )
xyz12=( 25.894211 18.740745 58.820370 )
xyz12=( 25.893896 18.740960 58.820918 )
xyz12=( 25.893581 18.741175 58.821467 )
xyz12=( 25.893265 18.741390 58.822016 )
xyz12=( 25.892950 18.741604 58.822565 )
xyz12=( 25.892635 18.741819 58.823115 )
xyz12=( 25.892319 18.742034 58.823666 )
xyz12=( 25.892004 18.742248 58.824217 )
xyz12=( 25.891689 18.742462 58.824768 )
xyz12=( 25.891373 18.742677 58.825321 )
xyz12=( 25.891058 18.742891 58.825873 )
xyz12=( 25.890743 18.743105 58.826426 )
xyz12=( 25.890427 18.743319 58.826980 )
xyz12=( 25.890112 18.743534 58.827534 )
xyz12=( 25.889797 18.743748 58.828089 )
xyz12=( 25.889481 18.743961 58.828644 )
xyz12=( 25.889166 18.744175 58.829200 )
xyz12=( 25.888850 18.744389 58.829756 )
xyz12=( 25.888535 18.744603 58.830313 )
xyz12=( 25.888220 18.744816 58.830870 )
xyz12=( 25.887904 18.745030 58.831428 )
xyz12=( 25.887589 18.745243 58.831987 )
xyz12=( 25.887273 18.745457 58.832546 )
xyz12=( 25.886958 18.745670 58.833105 )
xyz12=( 25.886642 18.745883 58.833665 )
xyz12=( 25.886327 18.746097 58.834226 )
xyz12=( 25.886011 18.746310 58.834787 )
xyz12=( 25.886011 18.746310 58.834787 )
xyz12=( 25.885696 18.746523 58.835349 )
xyz12=( 25.885696 18.746523 58.835349 )
xyz12=( 25.885380 18.746736 58.835911 )
xyz12=( 25.885380 18.746736 58.835911 )
xyz12=( 25.885065 18.746948 58.836473 )
xyz12=( 25.885065 18.746948 58.836473 )
xyz12=( 25.884749 18.747161 58.837037 )
xyz12=( 25.884749 18.747161 58.837037 )
xyz12=( 25.884434 18.747374 58.837601 )
xyz12=( 25.884434 18.747374 58.837601 )
xyz12=( 25.884118 18.747587 58.838165 )
xyz12=( 25.884118 18.747587 58.838165 )
xyz12=( 25.883803 18.747799 58.838730 )
xyz12=( 25.883803 18.747799 58.838730 )
xyz12=( 25.883487 18.748012 58.839295 )
xyz12=( 25.883487 18.748012 58.839295 )
xyz12=( 25.883171 18.748224 58.839861 )
xyz12=( 25.883171 18.748224 58.839861 )
xyz12=( 25.882856 18.748436 58.840428 )
xyz12=( 25.882856 18.748436 58.840428 )
xyz12=( 25.882540 18.748649 58.840995 )
xyz12=( 25.882540 18.748649 58.840995 )
xyz12=( 25.882225 18.748861 58.841562 )
xyz12=( 25.882225 18.748861 58.841562 )
xyz12=( 25.881909 18.749073 58.842131 )
xyz12=( 25.881909 18.749073 58.842131 )
xyz12=( 25.881593 18.749285 58.842699 )
xyz12=( 25.881593 18.749285 58.842699 )
xyz12=( 25.881278 18.749497 58.843269 )
xyz12=( 25.881278 18.749497 58.843269 )
xyz12=( 25.880962 18.749709 58.843839 )
xyz12=( 25.880962 18.749709 58.843839 )
xyz12=( 25.880646 18.749920 58.844409 )
xyz12=( 25.880646 18.749920 58.844409 )
xyz12=( 25.880331 18.750132 58.844980 )
xyz12=( 25.880331 18.750132 58.844980 )
xyz12=( 25.880015 18.750344 58.845551 )
xyz12=( 25.880015 18.750344 58.845551 )
xyz12=( 25.879699 18.750555 58.846123 )
xyz12=( 25.879699 18.750555 58.846123 )
xyz12=( 25.879384 18.750767 58.846696 )
xyz12=( 25.879384 18.750767 58.846696 )
xyz12=( 25.879068 18.750978 58.847269 )
xyz12=( 25.879068 18.750978 58.847269 )
xyz12=( 25.878752 18.751189 58.847843 )
xyz12=( 25.878752 18.751189 58.847843 )
xyz12=( 25.878437 18.751401 58.848417 )
xyz12=( 25.878437 18.751401 58.848417 )
xyz12=( 25.878121 18.751612 58.848992 )
xyz12=( 25.878121 18.751612 58.848992 )
xyz12=( 25.877805 18.751823 58.849568 )
xyz12=( 25.877489 18.752034 58.850144 )
xyz12=( 25.877174 18.752245 58.850720 )
xyz12=( 25.876858 18.752455 58.851297 )
xyz12=( 25.876542 18.752666 58.851875 )
xyz12=( 25.876226 18.752877 58.852453 )
xyz12=( 25.875911 18.753087 58.853032 )
xyz12=( 25.875595 18.753298 58.853611 )
xyz12=( 25.875279 18.753508 58.854191 )
xyz12=( 25.874963 18.753718 58.854772 )
xyz12=( 25.874647 18.753929 58.855353 )
xyz12=( 25.874331 18.754139 58.855935 )
xyz12=( 25.874016 18.754349 58.856517 )
xyz12=( 25.873700 18.754559 58.857100 )
xyz12=( 25.873384 18.754769 58.857683 )
xyz12=( 25.873068 18.754979 58.858267 )
xyz12=( 25.872752 18.755188 58.858852 )
xyz12=( 25.872436 18.755398 58.859437 )
xyz12=( 25.872120 18.755608 58.860023 )
xyz12=( 25.871804 18.755817 58.860609 )
xyz12=( 25.871489 18.756026 58.861196 )
xyz12=( 25.871173 18.756236 58.861784 )
xyz12=( 25.870857 18.756445 58.862372 )
xyz12=( 25.870541 18.756654 58.862960 )
xyz12=( 25.870225 18.756863 58.863550 )
xyz12=( 25.869909 18.757072 58.864140 )
xyz12=( 25.869593 18.757281 58.864730 )
xyz12=( 25.869277 18.757490 58.865321 )
xyz12=( 25.868961 18.757699 58.865913 )
xyz12=( 25.868645 18.757907 58.866505 )
xyz12=( 25.868329 18.758116 58.867098 )
xyz12=( 25.868013 18.758324 58.867691 )
xyz12=( 25.867697 18.758533 58.868285 )
xyz12=( 25.867381 18.758741 58.868880 )
xyz12=( 26.593258 17.736120 60.932144 )
xyz12=( 26.593778 17.735628 60.932104 )
xyz12=( 26.593778 17.735628 60.932104 )
xyz12=( 26.594300 17.735135 60.932064 )
xyz12=( 26.594300 17.735135 60.932064 )
xyz12=( 26.594821 17.734642 60.932023 )
xyz12=( 26.595343 17.734148 60.931981 )
xyz12=( 26.603220 17.726711 60.931313 )
xyz12=( 26.603220 17.726711 60.931313 )
xyz12=( 26.603748 17.726213 60.931265 )
xyz12=( 26.603748 17.726213 60.931265 )
xyz12=( 26.604277 17.725714 60.931217 )
xyz12=( 26.604277 17.725714 60.931217 )
xyz12=( 26.604806 17.725215 60.931168 )
xyz12=( 26.605336 17.724716 60.931119 )
xyz12=( 26.605866 17.724216 60.931069 )
xyz12=( 26.606396 17.723716 60.931019 )
xyz12=( 26.606927 17.723216 60.930969 )
xyz12=( 26.607458 17.722715 60.930918 )
xyz12=( 26.607989 17.722214 60.930866 )
xyz12=( 26.608521 17.721713 60.930815 )
xyz12=( 26.609054 17.721211 60.930763 )
xyz12=( 26.609587 17.720710 60.930710 )
xyz12=( 26.610120 17.720207 60.930657 )
xyz12=( 26.610653 17.719705 60.930603 )
xyz12=( 25.876844 18.484197 60.541626 )
xyz12=( 26.611188 17.719202 60.930550 )
xyz12=( 25.876508 18.484601 60.541111 )
xyz12=( 26.611722 17.718699 60.930495 )
xyz12=( 25.876172 18.485005 60.540595 )
xyz12=( 26.612257 17.718195 60.930440 )
xyz12=( 25.875836 18.485408 60.540079 )
xyz12=( 26.612792 17.717691 60.930385 )
xyz12=( 25.875500 18.485812 60.539561 )
xyz12=( 26.613328 17.717187 60.930330 )
xyz12=( 25.875164 18.486216 60.539044 )
xyz12=( 26.613864 17.716683 60.930274 )
xyz12=( 25.874828 18.486621 60.538525 )
xyz12=( 26.614400 17.716178 60.930217 )
xyz12=( 25.874491 18.487025 60.538006 )
xyz12=( 26.614937 17.715672 60.930160 )
xyz12=( 25.874155 18.487429 60.537486 )
xyz12=( 26.615475 17.715167 60.930103 )
xyz12=( 25.873819 18.487834 60.536966 )
xyz12=( 26.616013 17.714661 60.930045 )
xyz12=( 25.873483 18.488239 60.536445 )
xyz12=( 26.616551 17.714155 60.929986 )
xyz12=( 25.873146 18.488644 60.535923 )
xyz12=( 26.617090 17.713648 60.929928 )
xyz12=( 25.872810 18.489049 60.535400 )
xyz12=( 26.617629 17.713141 60.929869 )
xyz12=( 25.872474 18.489454 60.534877 )
xyz12=( 26.618168 17.712634 60.929809 )
xyz12=( 25.872137 18.489859 60.534353 )
xyz12=( 26.618708 17.712127 60.929749 )
xyz12=( 25.871801 18.490264 60.533829 )
xyz12=( 25.871465 18.490670 60.533303 )
xyz12=( 25.871128 18.491076 60.532777 )
xyz12=( 25.801119 18.578133 60.406697 )
xyz12=( 25.800775 18.578576 60.405980 )
xyz12=( 25.800431 18.579019 60.405262 )
xyz12=( 25.784927 18.599208 60.371606 )
xyz12=( 25.784582 18.599663 60.370826 )
xyz12=( 25.784236 18.600118 60.370045 )
xyz12=( 25.783890 18.600573 60.369262 )
xyz12=( 25.783545 18.601029 60.368477 )
xyz12=( 25.783199 18.601485 60.367691 )
xyz12=( 25.782853 18.601941 60.366904 )
xyz12=( 25.782508 18.602397 60.366115 )
xyz12=( 25.752941 18.642356 60.292752 )
xyz12=( 25.752591 18.642841 60.291804 )
xyz12=( 25.752241 18.643328 60.290854 )
xyz12=( 25.729266 18.836313 59.213526 )
xyz12=( 25.728950 18.836440 59.214632 )
xyz12=( 25.728635 18.836566 59.215741 )
xyz12=( 25.728319 18.836692 59.216852 )
xyz12=( 25.728004 18.836817 59.217966 )
xyz12=( 25.727688 18.836942 59.219082 )
xyz12=( 25.727373 18.837066 59.220201 )
xyz12=( 25.727058 18.837190 59.221322 )
xyz12=( 25.726742 18.837314 59.222446 )
xyz12=( 25.726427 18.837437 59.223573 )
xyz12=( 25.726112 18.837560 59.224702 )
xyz12=( 25.725797 18.837682 59.225834 )
xyz12=( 25.725481 18.837804 59.226969 )
xyz12=( 25.725166 18.837925 59.228106 )
xyz12=( 25.724851 18.838046 59.229246 )
xyz12=( 25.724536 18.838166 59.230389 )
xyz12=( 25.724221 18.838286 59.231534 )
xyz12=( 25.695584 18.728545 60.095792 )
xyz12=( 25.695219 18.729160 60.094120 )
xyz12=( 25.694853 18.729777 60.092439 )
xyz12=( 25.694488 18.730396 60.090747 )
xyz12=( 25.694122 18.731016 60.089046 )
xyz12=( 25.693756 18.731639 60.087335 )
xyz12=( 25.690819 18.736684 60.073262 )
xyz12=( 25.690452 18.737323 60.071453 )
xyz12=( 25.690083 18.737965 60.069631 )
xyz12=( 25.689715 18.738609 60.067798 )
xyz12=( 25.689346 18.739255 60.065952 )
xyz12=( 25.688977 18.739903 60.064094 )
xyz12=( 25.688608 18.740554 60.062223 )
xyz12=( 25.688239 18.741206 60.060339 )
xyz12=( 25.667146 18.844911 59.534195 )
xyz12=( 25.666855 18.844748 59.536976 )
xyz12=( 25.666565 18.844579 59.539793 )
xyz12=( 25.666275 18.844403 59.542646 )
xyz12=( 25.665986 18.844221 59.545536 )
xyz12=( 25.665698 18.844032 59.548467 )
xyz12=( 25.665410 18.843836 59.551438 )
xyz12=( 25.665124 18.843633 59.554452 )
xyz12=( 25.664837 18.843421 59.557511 )
xyz12=( 25.664552 18.843202 59.560617 )
xyz12=( 25.664267 18.842974 59.563771 )
xyz12=( 25.663983 18.842737 59.566977 )
xyz12=( 25.663701 18.842490 59.570237 )
xyz12=( 25.663419 18.842234 59.573554 )
xyz12=( 25.663138 18.841967 59.576930 )
xyz12=( 25.662858 18.841689 59.580369 )
xyz12=( 25.666107 18.786087 59.911107 )
xyz12=( 25.665700 18.787110 59.907112 )
xyz12=( 25.661925 18.797532 59.864223 )
xyz12=( 25.661485 18.798898 59.858273 )
xyz12=( 25.661039 18.800332 59.851931 )
xyz12=( 25.660584 18.801850 59.845107 )
xyz12=( 25.660120 18.803475 59.837675 )
xyz12=( 25.656861 18.824380 59.725616 )
xyz12=( 25.900648 18.736339 58.809290 )
xyz12=( 25.900332 18.736556 58.809829 )
xyz12=( 25.900017 18.736773 58.810368 )
xyz12=( 25.899701 18.736989 58.810907 )
xyz12=( 25.899386 18.737206 58.811447 )
xyz12=( 25.899070 18.737422 58.811987 )
xyz12=( 25.898754 18.737638 58.812528 )
xyz12=( 25.898439 18.737855 58.813070 )
xyz12=( 25.898123 18.738071 58.813611 )
xyz12=( 25.897808 18.738287 58.814154 )
xyz12=( 25.897492 18.738503 58.814697 )
xyz12=( 25.897177 18.738719 58.815240 )
xyz12=( 25.896861 18.738935 58.815784 )
xyz12=( 25.896545 18.739151 58.816329 )
xyz12=( 25.896230 18.739367 58.816874 )
xyz12=( 25.895914 18.739582 58.817419 )
xyz12=( 25.895598 18.739798 58.817965 )
xyz12=( 25.895283 18.740014 58.818511 )
xyz12=( 25.894967 18.740229 58.819058 )
xyz12=( 25.894651 18.740445 58.819606 )
xyz12=( 25.894336 18.740660 58.820154 )
xyz12=( 25.894020 18.740875 58.820703 )
xyz12=( 25.893704 18.741090 58.821252 )
xyz12=( 25.893388 18.741306 58.821801 )
xyz12=( 25.893073 18.741521 58.822351 )
xyz12=( 25.892757 18.741736 58.822902 )
xyz12=( 25.892441 18.741951 58.823453 )
xyz12=( 25.892125 18.742165 58.824005 )
xyz12=( 25.891810 18.742380 58.824557 )
xyz12=( 25.891494 18.742595 58.825110 )
xyz12=( 25.891178 18.742810 58.825663 )
xyz12=( 25.890862 18.743024 58.826217 )
xyz12=( 25.890546 18.743239 58.826771 )
xyz12=( 25.890231 18.743453 58.827326 )
xyz12=( 25.889915 18.743667 58.827881 )
xyz12=( 25.889599 18.743882 58.828437 )
xyz12=( 25.889283 18.744096 58.828993 )
xyz12=( 25.888967 18.744310 58.829550 )
xyz12=( 25.888651 18.744524 58.830108 )
xyz12=( 25.888335 18.744738 58.830666 )
xyz12=( 25.888019 18.744952 58.831224 )
xyz12=( 25.887703 18.745166 58.831783 )
xyz12=( 25.887388 18.745379 58.832343 )
xyz12=( 25.887072 18.745593 58.832903 )
xyz12=( 25.886756 18.745807 58.833464 )
xyz12=( 25.886440 18.746020 58.834025 )
xyz12=( 25.886124 18.746234 58.834587 )
xyz12=( 25.885808 18.746447 58.835149 )
xyz12=( 25.885808 18.746447 58.835149 )
xyz12=( 25.885492 18.746660 58.835712 )
xyz12=( 25.885492 18.746660 58.835712 )
xyz12=( 25.885176 18.746874 58.836275 )
xyz12=( 25.885176 18.746874 58.836275 )
xyz12=( 25.884860 18.747087 58.836839 )
xyz12=( 25.884860 18.747087 58.836839 )
xyz12=( 25.884544 18.747300 58.837404 )
xyz12=( 25.884544 18.747300 58.837404 )
xyz12=( 25.884228 18.747513 58.837969 )
xyz12=( 25.884228 18.747513 58.837969 )
xyz12=( 25.883912 18.747726 58.838534 )
xyz12=( 25.883912 18.747726 58.838534 )
xyz12=( 25.883596 18.747938 58.839100 )
xyz12=( 25.883596 18.747938 58.839100 )
xyz12=( 25.883280 18.748151 58.839667 )
xyz12=( 25.883280 18.748151 58.839667 )
xyz12=( 25.882964 18.748364 58.840234 )
xyz12=( 25.882964 18.748364 58.840234 )
xyz12=( 25.882647 18.748576 58.840802 )
xyz12=( 25.882647 18.748576 58.840802 )
xyz12=( 25.882331 18.748789 58.841370 )
xyz12=( 25.882331 18.748789 58.841370 )
xyz12=( 25.882015 18.749001 58.841939 )
xyz12=( 25.882015 18.749001 58.841939 )
xyz12=( 25.881699 18.749214 58.842509 )
xyz12=( 25.881699 18.749214 58.842509 )
xyz12=( 25.881383 18.749426 58.843079 )
xyz12=( 25.881383 18.749426 58.843079 )
xyz12=( 25.881067 18.749638 58.843649 )
xyz12=( 25.881067 18.749638 58.843649 )
xyz12=( 25.880751 18.749850 58.844220 )
xyz12=( 25.880751 18.749850 58.844220 )
xyz12=( 25.880435 18.750062 58.844792 )
xyz12=( 25.880435 18.750062 58.844792 )
xyz12=( 25.880119 18.750274 58.845364 )
xyz12=( 25.880119 18.750274 58.845364 )
xyz12=( 25.879802 18.750486 58.845937 )
xyz12=( 25.879802 18.750486 58.845937 )
xyz12=( 25.879486 18.750698 58.846510 )
xyz12=( 25.879486 18.750698 58.846510 )
xyz12=( 25.879170 18.750910 58.847084 )
xyz12=( 25.879170 18.750910 58.847084 )
xyz12=( 25.878854 18.751121 58.847658 )
xyz12=( 25.878854 18.751121 58.847658 )
xyz12=( 25.878538 18.751333 58.848233 )
xyz12=( 25.878538 18.751333 58.848233 )
xyz12=( 25.878221 18.751544 58.848809 )
xyz12=( 25.878221 18.751544 58.848809 )
xyz12=( 25.877905 18.751756 58.849385 )
xyz12=( 25.877589 18.751967 58.849962 )
xyz12=( 25.877273 18.752178 58.850539 )
xyz12=( 25.876956 18.752390 58.851117 )
xyz12=( 25.876640 18.752601 58.851695 )
xyz12=( 25.876324 18.752812 58.852274 )
xyz12=( 25.876008 18.753023 58.852854 )
xyz12=( 25.875691 18.753233 58.853434 )
xyz12=( 25.875375 18.753444 58.854015 )
xyz12=( 25.875059 18.753655 58.854596 )
xyz12=( 25.874742 18.753865 58.855178 )
xyz12=( 25.874426 18.754076 58.855760 )
xyz12=( 25.874110 18.754286 58.856343 )
xyz12=( 25.873793 18.754497 58.856927 )
xyz12=( 25.873477 18.754707 58.857511 )
xyz12=( 25.873161 18.754917 58.858096 )
xyz12=( 25.872844 18.755127 58.858681 )
xyz12=( 25.872528 18.755337 58.859267 )
xyz12=( 25.872212 18.755547 58.859854 )
xyz12=( 25.871895 18.755757 58.860441 )
xyz12=( 25.871579 18.755967 58.861028 )
xyz12=( 25.871262 18.756176 58.861617 )
xyz12=( 25.870946 18.756386 58.862205 )
xyz12=( 25.870630 18.756595 58.862795 )
xyz12=( 25.870313 18.756805 58.863385 )
xyz12=( 25.869997 18.757014 58.863976 )
xyz12=( 25.869680 18.757223 58.864567 )
xyz12=( 25.869364 18.757432 58.865159 )
xyz12=( 25.869047 18.757642 58.865751 )
xyz12=( 25.868731 18.757851 58.866344 )
xyz12=( 25.868414 18.758059 58.866938 )
xyz12=( 25.868098 18.758268 58.867532 )
xyz12=( 25.867781 18.758477 58.868127 )
xyz12=( 25.867465 18.758686 58.868722 )
xyz12=( 26.593140 17.736231 60.932153 )
xyz12=( 26.593662 17.735738 60.932113 )
xyz12=( 26.594184 17.735244 60.932073 )
xyz12=( 26.594184 17.735244 60.932073 )
xyz12=( 26.594706 17.734750 60.932032 )
xyz12=( 26.594706 17.734750 60.932032 )
xyz12=( 26.595229 17.734256 60.931991 )
xyz12=( 26.595752 17.733762 60.931949 )
xyz12=( 26.603118 17.726808 60.931322 )
xyz12=( 26.603118 17.726808 60.931322 )
xyz12=( 26.603647 17.726309 60.931274 )
xyz12=( 26.603647 17.726309 60.931274 )
xyz12=( 26.604176 17.725809 60.931226 )
xyz12=( 26.604176 17.725809 60.931226 )
xyz12=( 26.604706 17.725309 60.931177 )
xyz12=( 26.605236 17.724809 60.931128 )
xyz12=( 26.605767 17.724309 60.931078 )
xyz12=( 26.606298 17.723808 60.931028 )
xyz12=( 26.606830 17.723307 60.930978 )
xyz12=( 26.607362 17.722806 60.930927 )
xyz12=( 26.607894 17.722304 60.930876 )
xyz12=( 26.608427 17.721802 60.930824 )
xyz12=( 25.876759 18.484299 60.541496 )
xyz12=( 26.608960 17.721300 60.930772 )
xyz12=( 25.876424 18.484702 60.540982 )
xyz12=( 26.609494 17.720797 60.930719 )
xyz12=( 25.876088 18.485105 60.540467 )
xyz12=( 26.610028 17.720294 60.930666 )
xyz12=( 25.875753 18.485508 60.539951 )
xyz12=( 26.610562 17.719791 60.930613 )
xyz12=( 25.875417 18.485911 60.539435 )
xyz12=( 26.611097 17.719287 60.930559 )
xyz12=( 25.875082 18.486315 60.538918 )
xyz12=( 26.611632 17.718783 60.930504 )
xyz12=( 25.874746 18.486718 60.538400 )
xyz12=( 26.612168 17.718279 60.930450 )
xyz12=( 25.874411 18.487122 60.537882 )
xyz12=( 26.612704 17.717774 60.930394 )
xyz12=( 25.874075 18.487526 60.537362 )
xyz12=( 26.613241 17.717269 60.930339 )
xyz12=( 25.873739 18.487930 60.536843 )
xyz12=( 26.613778 17.716764 60.930283 )
xyz12=( 25.873404 18.488334 60.536322 )
xyz12=( 26.614315 17.716258 60.930226 )
xyz12=( 25.873068 18.488738 60.535801 )
xyz12=( 26.614853 17.715752 60.930169 )
xyz12=( 25.872732 18.489142 60.535279 )
xyz12=( 26.615391 17.715246 60.930112 )
xyz12=( 25.872397 18.489547 60.534757 )
xyz12=( 26.615930 17.714739 60.930054 )
xyz12=( 25.872061 18.489951 60.534234 )
xyz12=( 26.616469 17.714232 60.929995 )
xyz12=( 25.871725 18.490356 60.533710 )
xyz12=( 26.617008 17.713725 60.929937 )
xyz12=( 25.871389 18.490761 60.533185 )
xyz12=( 26.617548 17.713217 60.929877 )
xyz12=( 25.871053 18.491166 60.532660 )
xyz12=( 26.618089 17.712709 60.929818 )
xyz12=( 26.618630 17.712200 60.929758 )
xyz12=( 25.801177 18.578057 60.406819 )
xyz12=( 25.800834 18.578499 60.406104 )
xyz12=( 25.800492 18.578941 60.405388 )
xyz12=( 25.785023 18.599083 60.371821 )
xyz12=( 25.784678 18.599536 60.371044 )
xyz12=( 25.784333 18.599990 60.370264 )
xyz12=( 25.783988 18.600444 60.369484 )
xyz12=( 25.783644 18.600899 60.368701 )
xyz12=( 25.783299 18.601353 60.367918 )
xyz12=( 25.782954 18.601808 60.367133 )
xyz12=( 25.782609 18.602264 60.366346 )
xyz12=( 25.782264 18.602719 60.365558 )
xyz12=( 25.753119 18.642109 60.293233 )
xyz12=( 25.752770 18.642593 60.292288 )
xyz12=( 25.752421 18.643078 60.291341 )
xyz12=( 25.729065 18.836393 59.214229 )
xyz12=( 25.728749 18.836520 59.215340 )
xyz12=( 25.728432 18.836646 59.216453 )
xyz12=( 25.728116 18.836772 59.217569 )
xyz12=( 25.727800 18.836898 59.218688 )
xyz12=( 25.727483 18.837023 59.219809 )
xyz12=( 25.727167 18.837147 59.220932 )
xyz12=( 25.726851 18.837271 59.222059 )
xyz12=( 25.726535 18.837395 59.223188 )
xyz12=( 25.726219 18.837518 59.224319 )
xyz12=( 25.725902 18.837641 59.225454 )
xyz12=( 25.725586 18.837763 59.226591 )
xyz12=( 25.725270 18.837885 59.227730 )
xyz12=( 25.724954 18.838007 59.228873 )
xyz12=( 25.724638 18.838127 59.230018 )
xyz12=( 25.724322 18.838248 59.231166 )
xyz12=( 25.695608 18.728506 60.095899 )
xyz12=( 25.695244 18.729118 60.094235 )
xyz12=( 25.694880 18.729732 60.092562 )
xyz12=( 25.694516 18.730348 60.090879 )
xyz12=( 25.694152 18.730965 60.089186 )
xyz12=( 25.693787 18.731584 60.087484 )
xyz12=( 25.690866 18.736604 60.073488 )
xyz12=( 25.690499 18.737240 60.071689 )
xyz12=( 25.690133 18.737878 60.069878 )
xyz12=( 25.689767 18.738519 60.068056 )
xyz12=( 25.689400 18.739161 60.066221 )
xyz12=( 25.689033 18.739806 60.064374 )
xyz12=( 25.688666 18.740452 60.062514 )
xyz12=( 25.688298 18.741101 60.060642 )
xyz12=( 25.687931 18.741753 60.058756 )
xyz12=( 25.667306 18.844998 59.532684 )
xyz12=( 25.667013 18.844837 59.535467 )
xyz12=( 25.666720 18.844670 59.538285 )
xyz12=( 25.666428 18.844496 59.541139 )
xyz12=( 25.666136 18.844317 59.544031 )
xyz12=( 25.665846 18.844130 59.546963 )
xyz12=( 25.665555 18.843936 59.549936 )
xyz12=( 25.665266 18.843735 59.552951 )
xyz12=( 25.664977 18.843525 59.556012 )
xyz12=( 25.664689 18.843308 59.559119 )
xyz12=( 25.664402 18.843082 59.562276 )
xyz12=( 25.664115 18.842848 59.565483 )
xyz12=( 25.663829 18.842604 59.568745 )
xyz12=( 25.663545 18.842350 59.572064 )
xyz12=( 25.663261 18.842085 59.575443 )
xyz12=( 25.662978 18.841810 59.578884 )
xyz12=( 25.665931 18.786527 59.909392 )
xyz12=( 25.665528 18.787548 59.905392 )
xyz12=( 25.661790 18.797947 59.862427 )
xyz12=( 25.661356 18.799309 59.856462 )
xyz12=( 25.660915 18.800741 59.850102 )
xyz12=( 25.660466 18.802257 59.843256 )
xyz12=( 25.660007 18.803881 59.835796 )
xyz12=( 25.656863 18.824525 59.724688 )
xyz12=( 26.511275 17.814379 60.933751 )
xyz12=( 26.510799 17.814837 60.933733 )
xyz12=( 26.510324 17.815295 60.933715 )
xyz12=( 26.509848 17.815754 60.933696 )
xyz12=( 26.509371 17.816213 60.933677 )
xyz12=( 26.508895 17.816673 60.933657 )
xyz12=( 26.508418 17.817132 60.933637 )
xyz12=( 26.507941 17.817592 60.933617 )
xyz12=( 26.507464 17.818053 60.933597 )
xyz12=( 26.506987 17.818513 60.933576 )
xyz12=( 26.506509 17.818974 60.933555 )
xyz12=( 26.506031 17.819435 60.933533 )
xyz12=( 26.505553 17.819897 60.933512 )
xyz12=( 26.505074 17.820358 60.933490 )
xyz12=( 26.504596 17.820820 60.933467 )
xyz12=( 26.504117 17.821283 60.933444 )
xyz12=( 26.503637 17.821745 60.933421 )
xyz12=( 26.503158 17.822208 60.933398 )
xyz12=( 26.502678 17.822672 60.933374 )
xyz12=( 26.502198 17.823135 60.933350 )
xyz12=( 26.501718 17.823599 60.933325 )
xyz12=( 26.501237 17.824063 60.933300 )
xyz12=( 26.500756 17.824527 60.933275 )
xyz12=( 26.500275 17.824992 60.933250 )
xyz12=( 26.499794 17.825457 60.933224 )
xyz12=( 26.499313 17.825923 60.933198 )
xyz12=( 26.498831 17.826388 60.933171 )
xyz12=( 26.498349 17.826854 60.933144 )
xyz12=( 26.497866 17.827320 60.933117 )
xyz12=( 26.497384 17.827787 60.933089 )
xyz12=( 26.496901 17.828254 60.933061 )
xyz12=( 26.496418 17.828721 60.933033 )
xyz12=( 26.495934 17.829188 60.933004 )
xyz12=( 26.495451 17.829656 60.932975 )
xyz12=( 26.494967 17.830124 60.932946 )
xyz12=( 26.494483 17.830593 60.932916 )
xyz12=( 26.493998 17.831061 60.932886 )
xyz12=( 26.493514 17.831530 60.932856 )
xyz12=( 26.493029 17.832000 60.932825 )
xyz12=( 26.492543 17.832469 60.932794 )
xyz12=( 26.492058 17.832939 60.932763 )
xyz12=( 26.491572 17.833409 60.932731 )
xyz12=( 26.491086 17.833880 60.932699 )
xyz12=( 26.490600 17.834351 60.932666 )
xyz12=( 26.490113 17.834822 60.932633 )
xyz12=( 26.489627 17.835293 60.932600 )
xyz12=( 26.489140 17.835765 60.932567 )
xyz12=( 26.488652 17.836237 60.932533 )
xyz12=( 26.488652 17.836237 60.932533 )
xyz12=( 26.488165 17.836710 60.932498 )
xyz12=( 26.488165 17.836710 60.932498 )
xyz12=( 26.487677 17.837182 60.932464 )
xyz12=( 26.487677 17.837182 60.932464 )
xyz12=( 26.487189 17.837656 60.932429 )
xyz12=( 26.487189 17.837656 60.932429 )
xyz12=( 26.486700 17.838129 60.932393 )
xyz12=( 26.486700 17.838129 60.932393 )
xyz12=( 26.486211 17.838603 60.932358 )
xyz12=( 26.486211 17.838603 60.932358 )
xyz12=( 26.485722 17.839077 60.932322 )
xyz12=( 26.485722 17.839077 60.932322 )
xyz12=( 26.485233 17.839551 60.932285 )
xyz12=( 26.485233 17.839551 60.932285 )
xyz12=( 26.484744 17.840026 60.932248 )
xyz12=( 26.484744 17.840026 60.932248 )
xyz12=( 26.484254 17.840501 60.932211 )
xyz12=( 26.484254 17.840501 60.932211 )
xyz12=( 26.483764 17.840976 60.932174 )
xyz12=( 26.483764 17.840976 60.932174 )
xyz12=( 26.483274 17.841451 60.932136 )
xyz12=( 26.483274 17.841451 60.932136 )
xyz12=( 26.482783 17.841927 60.932097 )
xyz12=( 26.482783 17.841927 60.932097 )
xyz12=( 26.482292 17.842404 60.932059 )
xyz12=( 26.482292 17.842404 60.932059 )
xyz12=( 26.481801 17.842880 60.932020 )
xyz12=( 26.481801 17.842880 60.932020 )
xyz12=( 26.481310 17.843357 60.931980 )
xyz12=( 26.481310 17.843357 60.931980 )
xyz12=( 26.480818 17.843834 60.931941 )
xyz12=( 26.480818 17.843834 60.931941 )
xyz12=( 26.480326 17.844312 60.931901 )
xyz12=( 26.480326 17.844312 60.931901 )
xyz12=( 26.479834 17.844790 60.931860 )
xyz12=( 26.479834 17.844790 60.931860 )
xyz12=( 26.479341 17.845268 60.931819 )
xyz12=( 26.479341 17.845268 60.931819 )
xyz12=( 26.478848 17.845746 60.931778 )
xyz12=( 26.478848 17.845746 60.931778 )
xyz12=( 26.478355 17.846225 60.931736 )
xyz12=( 26.478355 17.846225 60.931736 )
xyz12=( 26.477862 17.846704 60.931694 )
xyz12=( 26.477862 17.846704 60.931694 )
xyz12=( 26.477368 17.847184 60.931652 )
xyz12=( 26.477368 17.847184 60.931652 )
xyz12=( 26.476874 17.847663 60.931609 )
xyz12=( 26.476874 17.847663 60.931609 )
xyz12=( 26.476380 17.848144 60.931566 )
xyz12=( 26.475886 17.848624 60.931523 )
xyz12=( 26.475391 17.849105 60.931479 )
xyz12=( 26.474896 17.849586 60.931435 )
xyz12=( 26.474400 17.850067 60.931390 )
xyz12=( 26.473905 17.850549 60.931345 )
xyz12=( 26.473409 17.851031 60.931300 )
xyz12=( 26.472913 17.851514 60.931254 )
xyz12=( 26.472416 17.851996 60.931208 )
xyz12=( 26.471920 17.852480 60.931162 )
xyz12=( 26.471422 17.852963 60.931115 )
xyz12=( 26.470925 17.853447 60.931067 )
xyz12=( 26.470428 17.853931 60.931020 )
xyz12=( 26.469930 17.854415 60.930972 )
xyz12=( 26.469432 17.854900 60.930923 )
xyz12=( 26.468933 17.855385 60.930874 )
xyz12=( 26.468434 17.855871 60.930825 )
xyz12=( 26.467935 17.856356 60.930776 )
xyz12=( 26.467436 17.856843 60.930726 )
xyz12=( 26.466936 17.857329 60.930675 )
xyz12=( 26.466436 17.857816 60.930625 )
xyz12=( 26.465936 17.858303 60.930573 )
xyz12=( 26.465436 17.858791 60.930522 )
xyz12=( 26.464935 17.859278 60.930470 )
xyz12=( 26.464434 17.859767 60.930418 )
xyz12=( 26.463932 17.860255 60.930365 )
xyz12=( 26.463431 17.860744 60.930312 )
xyz12=( 26.462929 17.861233 60.930258 )
xyz12=( 26.462427 17.861723 60.930204 )
xyz12=( 26.461924 17.862213 60.930150 )
xyz12=( 26.461421 17.862703 60.930095 )
xyz12=( 26.460918 17.863193 60.930040 )
xyz12=( 26.460415 17.863684 60.929985 )
xyz12=( 26.459911 17.864176 60.929929 )
xyz12=( 25.957254 18.696330 58.719811 )
xyz12=( 25.957629 18.696058 58.719261 )
xyz12=( 25.958004 18.695785 58.718711 )
xyz12=( 25.958004 18.695785 58.718711 )
xyz12=( 25.958380 18.695513 58.718161 )
xyz12=( 25.958380 18.695513 58.718161 )
xyz12=( 25.958757 18.695239 58.717611 )
xyz12=( 25.959134 18.694966 58.717061 )
xyz12=( 25.964460 18.691090 58.709340 )
xyz12=( 25.964460 18.691090 58.709340 )
xyz12=( 25.964844 18.690810 58.708787 )
xyz12=( 25.964844 18.690810 58.708787 )
xyz12=( 25.965229 18.690530 58.708234 )
xyz12=( 25.965229 18.690530 58.708234 )
xyz12=( 25.965614 18.690249 58.707681 )
xyz12=( 25.965999 18.689967 58.707128 )
xyz12=( 25.966385 18.689686 58.706574 )
xyz12=( 25.966771 18.689403 58.706021 )
xyz12=( 25.967158 18.689121 58.705467 )
xyz12=( 25.967546 18.688838 58.704913 )
xyz12=( 25.967934 18.688554 58.704359 )
xyz12=( 25.657537 18.815293 59.778790 )
xyz12=( 25.968322 18.688270 58.703805 )
xyz12=( 25.657557 18.815160 59.779512 )
xyz12=( 25.968711 18.687986 58.703251 )
xyz12=( 25.657577 18.815026 59.780235 )
xyz12=( 25.969100 18.687701 58.702697 )
xyz12=( 25.657598 18.814891 59.780958 )
xyz12=( 25.969490 18.687415 58.702142 )
xyz12=( 25.657619 18.814757 59.781681 )
xyz12=( 25.969880 18.687129 58.701587 )
xyz12=( 25.657640 18.814621 59.782405 )
xyz12=( 25.970271 18.686843 58.701032 )
xyz12=( 25.657661 18.814486 59.783129 )
xyz12=( 25.970663 18.686557 58.700477 )
xyz12=( 25.657683 18.814350 59.783854 )
xyz12=( 25.971055 18.686269 58.699922 )
xyz12=( 25.657705 18.814214 59.784579 )
xyz12=( 25.971447 18.685982 58.699366 )
xyz12=( 25.657727 18.814077 59.785305 )
xyz12=( 25.971840 18.685694 58.698811 )
xyz12=( 25.657750 18.813940 59.786032 )
xyz12=( 25.972233 18.685405 58.698255 )
xyz12=( 25.657773 18.813803 59.786758 )
xyz12=( 25.972627 18.685116 58.697699 )
xyz12=( 25.657796 18.813665 59.787486 )
xyz12=( 25.973021 18.684827 58.697143 )
xyz12=( 25.657820 18.813527 59.788214 )
xyz12=( 25.973416 18.684537 58.696587 )
xyz12=( 25.657844 18.813389 59.788942 )
xyz12=( 25.973811 18.684247 58.696030 )
xyz12=( 25.657868 18.813250 59.789671 )
xyz12=( 25.974207 18.683956 58.695474 )
xyz12=( 25.657893 18.813110 59.790400 )
xyz12=( 25.974604 18.683665 58.694917 )
xyz12=( 25.657917 18.812971 59.791130 )
xyz12=( 25.975001 18.683373 58.694360 )
xyz12=( 25.975398 18.683081 58.693803 )
xyz12=( 25.975796 18.682788 58.693245 )
xyz12=( 25.671100 18.774456 59.954260 )
xyz12=( 25.671212 18.774211 59.955127 )
xyz12=( 25.671324 18.773966 59.955995 )
xyz12=( 25.677002 18.762179 59.996001 )
xyz12=( 25.677143 18.761899 59.996913 )
xyz12=( 25.677284 18.761619 59.997826 )
xyz12=( 25.677427 18.761337 59.998740 )
xyz12=( 25.677570 18.761055 59.999655 )
xyz12=( 25.677713 18.760772 60.000571 )
xyz12=( 25.677858 18.760489 60.001488 )
xyz12=( 25.678003 18.760204 60.002406 )
xyz12=( 25.678148 18.759918 60.003325 )
xyz12=( 25.693237 18.732522 60.084896 )
xyz12=( 25.693456 18.732149 60.085926 )
xyz12=( 25.693675 18.731775 60.086958 )
xyz12=( 26.198483 18.127639 60.847402 )
xyz12=( 26.197730 18.128424 60.846995 )
xyz12=( 26.196976 18.129212 60.846586 )
xyz12=( 26.196221 18.130000 60.846174 )
xyz12=( 26.195465 18.130790 60.845762 )
xyz12=( 26.194707 18.131582 60.845347 )
xyz12=( 26.193948 18.132374 60.844930 )
xyz12=( 26.193188 18.133169 60.844512 )
xyz12=( 26.192426 18.133965 60.844092 )
xyz12=( 26.191663 18.134762 60.843670 )
xyz12=( 26.190899 18.135561 60.843246 )
xyz12=( 26.190134 18.136362 60.842820 )
xyz12=( 26.189367 18.137164 60.842393 )
xyz12=( 26.188600 18.137967 60.841963 )
xyz12=( 26.187830 18.138772 60.841532 )
xyz12=( 26.187060 18.139579 60.841099 )
xyz12=( 25.749416 18.647263 60.283106 )
xyz12=( 25.749972 18.646486 60.284643 )
xyz12=( 25.750533 18.645704 60.286187 )
xyz12=( 25.751099 18.644916 60.287737 )
xyz12=( 25.751668 18.644123 60.289294 )
xyz12=( 25.752243 18.643325 60.290859 )
xyz12=( 25.757016 18.636726 60.303636 )
xyz12=( 25.757636 18.635873 60.305269 )
xyz12=( 25.758262 18.635013 60.306909 )
xyz12=( 25.758893 18.634147 60.308557 )
xyz12=( 25.759530 18.633274 60.310214 )
xyz12=( 25.760173 18.632394 60.311880 )
xyz12=( 25.760821 18.631507 60.313555 )
xyz12=( 25.761476 18.630613 60.315238 )
xyz12=( 25.762137 18.629712 60.316931 )
xyz12=( 26.002403 18.339048 60.698537 )
xyz12=( 26.000858 18.340777 60.696964 )
xyz12=( 25.999296 18.342527 60.695366 )
xyz12=( 25.997717 18.344297 60.693742 )
xyz12=( 25.996120 18.346088 60.692092 )
xyz12=( 25.994504 18.347902 60.690414 )
xyz12=( 25.992869 18.349738 60.688708 )
xyz12=( 25.991214 18.351599 60.686971 )
xyz12=( 25.989537 18.353486 60.685204 )
xyz12=( 25.987838 18.355398 60.683403 )
xyz12=( 25.986116 18.357339 60.681568 )
xyz12=( 25.984370 18.359308 60.679697 )
xyz12=( 25.982598 18.361308 60.677789 )
xyz12=( 25.980800 18.363339 60.675841 )
xyz12=( 25.978973 18.365405 60.673850 )
xyz12=( 25.977116 18.367506 60.671816 )
xyz12=( 25.819344 18.554895 60.443138 )
xyz12=( 25.821003 18.552803 60.446312 )
xyz12=( 25.839225 18.530044 60.479750 )
xyz12=( 25.841813 18.526845 60.484299 )
xyz12=( 25.844587 18.523422 60.489125 )
xyz12=( 25.847590 18.519726 60.494290 )
xyz12=( 25.850884 18.515683 60.499885 )
xyz12=( 25.902456 18.453715 60.579140 )
xyz12=( 26.510123 17.815488 60.933707 )
xyz12=( 26.509648 17.815947 60.933688 )
xyz12=( 26.509172 17.816405 60.933669 )
xyz12=( 26.508696 17.816864 60.933649 )
xyz12=( 26.508220 17.817323 60.933629 )
xyz12=( 26.507744 17.817783 60.933609 )
xyz12=( 26.507267 17.818242 60.933588 )
xyz12=( 26.506790 17.818702 60.933567 )
xyz12=( 26.506313 17.819163 60.933546 )
xyz12=( 26.505836 17.819623 60.933525 )
xyz12=( 26.505358 17.820084 60.933503 )
xyz12=( 26.504880 17.820545 60.933480 )
xyz12=( 26.504402 17.821007 60.933458 )
xyz12=( 26.503924 17.821469 60.933435 )
xyz12=( 26.503445 17.821931 60.933412 )
xyz12=( 26.502966 17.822393 60.933388 )
xyz12=( 26.502487 17.822856 60.933364 )
xyz12=( 26.502008 17.823319 60.933340 )
xyz12=( 26.501528 17.823782 60.933315 )
xyz12=( 26.501048 17.824246 60.933290 )
xyz12=( 26.500568 17.824709 60.933265 )
xyz12=( 26.500088 17.825174 60.933240 )
xyz12=( 26.499607 17.825638 60.933214 )
xyz12=( 26.499126 17.826103 60.933187 )
xyz12=( 26.498645 17.826568 60.933161 )
xyz12=( 26.498163 17.827033 60.933134 )
xyz12=( 26.497682 17.827499 60.933106 )
xyz12=( 26.497200 17.827965 60.933079 )
xyz12=( 26.496717 17.828431 60.933051 )
xyz12=( 26.496235 17.828898 60.933022 )
xyz12=( 26.495752 17.829365 60.932994 )
xyz12=( 26.495269 17.829832 60.932964 )
xyz12=( 26.494786 17.830299 60.932935 )
xyz12=( 26.494302 17.830767 60.932905 )
xyz12=( 26.493819 17.831235 60.932875 )
xyz12=( 26.493335 17.831704 60.932845 )
xyz12=( 26.492850 17.832172 60.932814 )
xyz12=( 26.492366 17.832641 60.932783 )
xyz12=( 26.491881 17.833111 60.932751 )
xyz12=( 26.491396 17.833580 60.932719 )
xyz12=( 26.490910 17.834050 60.932687 )
xyz12=( 26.490425 17.834521 60.932655 )
xyz12=( 26.489939 17.834991 60.932622 )
xyz12=( 26.489453 17.835462 60.932588 )
xyz12=( 26.488966 17.835933 60.932555 )
xyz12=( 26.488966 17.835933 60.932555 )
xyz12=( 26.488479 17.836405 60.932521 )
xyz12=( 26.488479 17.836405 60.932521 )
xyz12=( 26.487992 17.836877 60.932486 )
xyz12=( 26.487992 17.836877 60.932486 )
xyz12=( 26.487505 17.837349 60.932452 )
xyz12=( 26.487505 17.837349 60.932452 )
xyz12=( 26.487018 17.837821 60.932416 )
xyz12=( 26.487018 17.837821 60.932416 )
xyz12=( 26.486530 17.838294 60.932381 )
xyz12=( 26.486530 17.838294 60.932381 )
xyz12=( 26.486042 17.838767 60.932345 )
xyz12=( 26.486042 17.838767 60.932345 )
xyz12=( 26.485554 17.839240 60.932309 )
xyz12=( 26.485554 17.839240 60.932309 )
xyz12=( 26.485065 17.839714 60.932273 )
xyz12=( 26.485065 17.839714 60.932273 )
xyz12=( 26.484576 17.840188 60.932236 )
xyz12=( 26.484576 17.840188 60.932236 )
xyz12=( 26.484087 17.840662 60.932198 )
xyz12=( 26.484087 17.840662 60.932198 )
xyz12=( 26.483598 17.841137 60.932161 )
xyz12=( 26.483598 17.841137 60.932161 )
xyz12=( 26.483108 17.841612 60.932123 )
xyz12=( 26.483108 17.841612 60.932123 )
xyz12=( 26.482618 17.842087 60.932085 )
xyz12=( 26.482618 17.842087 60.932085 )
xyz12=( 26.482128 17.842563 60.932046 )
xyz12=( 26.482128 17.842563 60.932046 )
xyz12=( 26.481637 17.843039 60.932007 )
xyz12=( 26.481637 17.843039 60.932007 )
xyz12=( 26.481146 17.843515 60.931967 )
xyz12=( 26.481146 17.843515 60.931967 )
xyz12=( 26.480655 17.843992 60.931928 )
xyz12=( 26.480655 17.843992 60.931928 )
xyz12=( 26.480164 17.844469 60.931887 )
xyz12=( 26.480164 17.844469 60.931887 )
xyz12=( 26.479672 17.844946 60.931847 )
xyz12=( 26.479672 17.844946 60.931847 )
xyz12=( 26.479181 17.845423 60.931806 )
xyz12=( 26.479181 17.845423 60.931806 )
xyz12=( 26.478688 17.845901 60.931765 )
xyz12=( 26.478688 17.845901 60.931765 )
xyz12=( 26.478196 17.846380 60.931723 )
xyz12=( 26.478196 17.846380 60.931723 )
xyz12=( 26.477703 17.846858 60.931681 )
xyz12=( 26.477703 17.846858 60.931681 )
xyz12=( 26.477210 17.847337 60.931639 )
xyz12=( 26.477210 17.847337 60.931639 )
xyz12=( 26.476717 17.847816 60.931596 )
xyz12=( 26.476717 17.847816 60.931596 )
xyz12=( 26.476224 17.848296 60.931553 )
xyz12=( 26.475730 17.848775 60.931509 )
xyz12=( 26.475236 17.849256 60.931465 )
xyz12=( 26.474741 17.849736 60.931421 )
xyz12=( 26.474247 17.850217 60.931376 )
xyz12=( 26.473752 17.850698 60.931331 )
xyz12=( 26.473257 17.851179 60.931286 )
xyz12=( 26.472761 17.851661 60.931240 )
xyz12=( 26.472265 17.852143 60.931194 )
xyz12=( 26.471769 17.852626 60.931147 )
xyz12=( 26.471273 17.853109 60.931100 )
xyz12=( 26.470776 17.853592 60.931053 )
xyz12=( 26.470279 17.854075 60.931005 )
xyz12=( 26.469782 17.854559 60.930957 )
xyz12=( 26.469285 17.855043 60.930909 )
xyz12=( 26.468787 17.855528 60.930860 )
xyz12=( 26.468289 17.856012 60.930811 )
xyz12=( 26.467790 17.856497 60.930761 )
xyz12=( 26.467292 17.856983 60.930711 )
xyz12=( 26.466793 17.857469 60.930661 )
xyz12=( 26.466294 17.857955 60.930610 )
xyz12=( 26.465794 17.858441 60.930559 )
xyz12=( 26.465294 17.858928 60.930507 )
xyz12=( 26.464794 17.859415 60.930455 )
xyz12=( 26.464294 17.859903 60.930403 )
xyz12=( 26.463793 17.860391 60.930350 )
xyz12=( 26.463292 17.860879 60.930297 )
xyz12=( 26.462791 17.861367 60.930244 )
xyz12=( 26.462290 17.861856 60.930190 )
xyz12=( 26.461788 17.862346 60.930135 )
xyz12=( 26.461286 17.862835 60.930081 )
xyz12=( 26.460783 17.863325 60.930025 )
xyz12=( 26.460280 17.863815 60.929970 )
xyz12=( 26.459777 17.864306 60.929914 )
xyz12=( 25.957338 18.696269 58.719687 )
xyz12=( 25.957713 18.695997 58.719138 )
xyz12=( 25.957713 18.695997 58.719138 )
xyz12=( 25.958088 18.695725 58.718589 )
xyz12=( 25.958088 18.695725 58.718589 )
xyz12=( 25.958463 18.695452 58.718040 )
xyz12=( 25.958839 18.695180 58.717491 )
xyz12=( 25.964534 18.691036 58.709232 )
xyz12=( 25.964534 18.691036 58.709232 )
xyz12=( 25.964918 18.690756 58.708681 )
xyz12=( 25.964918 18.690756 58.708681 )
xyz12=( 25.965302 18.690476 58.708129 )
xyz12=( 25.965302 18.690476 58.708129 )
xyz12=( 25.965686 18.690196 58.707577 )
xyz12=( 25.966071 18.689915 58.707024 )
xyz12=( 25.966457 18.689633 58.706472 )
xyz12=( 25.966842 18.689351 58.705919 )
xyz12=( 25.967229 18.689069 58.705366 )
xyz12=( 25.967616 18.688786 58.704813 )
xyz12=( 25.968003 18.688503 58.704260 )
xyz12=( 25.968391 18.688220 58.703707 )
xyz12=( 25.968779 18.687936 58.703154 )
xyz12=( 25.969168 18.687651 58.702600 )
xyz12=( 25.969557 18.687366 58.702046 )
xyz12=( 25.657532 18.815327 59.778609 )
xyz12=( 25.969947 18.687081 58.701493 )
xyz12=( 25.657552 18.815193 59.779332 )
xyz12=( 25.970337 18.686795 58.700938 )
xyz12=( 25.657572 18.815059 59.780055 )
xyz12=( 25.970728 18.686509 58.700384 )
xyz12=( 25.657593 18.814925 59.780779 )
xyz12=( 25.971119 18.686222 58.699830 )
xyz12=( 25.657614 18.814790 59.781504 )
xyz12=( 25.971511 18.685935 58.699275 )
xyz12=( 25.657635 18.814654 59.782228 )
xyz12=( 25.971903 18.685647 58.698721 )
xyz12=( 25.657656 18.814519 59.782954 )
xyz12=( 25.972296 18.685359 58.698166 )
xyz12=( 25.657678 18.814383 59.783680 )
xyz12=( 25.972689 18.685070 58.697611 )
xyz12=( 25.657700 18.814246 59.784406 )
xyz12=( 25.973083 18.684782 58.697056 )
xyz12=( 25.657722 18.814110 59.785133 )
xyz12=( 25.973477 18.684492 58.696500 )
xyz12=( 25.657745 18.813972 59.785861 )
xyz12=( 25.973872 18.684202 58.695945 )
xyz12=( 25.657768 18.813835 59.786589 )
xyz12=( 25.974267 18.683912 58.695389 )
xyz12=( 25.657791 18.813697 59.787317 )
xyz12=( 25.974663 18.683621 58.694833 )
xyz12=( 25.657814 18.813559 59.788046 )
xyz12=( 25.975060 18.683330 58.694277 )
xyz12=( 25.657838 18.813420 59.788775 )
xyz12=( 25.975456 18.683038 58.693721 )
xyz12=( 25.657863 18.813281 59.789505 )
xyz12=( 25.975854 18.682746 58.693164 )
xyz12=( 25.657887 18.813142 59.790236 )
xyz12=( 25.657912 18.813002 59.790967 )
xyz12=( 25.671119 18.774414 59.954409 )
xyz12=( 25.671231 18.774169 59.955277 )
xyz12=( 25.671344 18.773923 59.956147 )
xyz12=( 25.677041 18.762102 59.996254 )
xyz12=( 25.677182 18.761821 59.997168 )
xyz12=( 25.677324 18.761540 59.998083 )
xyz12=( 25.677467 18.761257 59.998999 )
xyz12=( 25.677611 18.760974 59.999917 )
xyz12=( 25.677755 18.760691 60.000835 )
xyz12=( 25.677900 18.760406 60.001755 )
xyz12=( 25.678045 18.760120 60.002675 )
xyz12=( 25.693348 18.732333 60.085420 )
xyz12=( 25.693568 18.731958 60.086454 )
xyz12=( 25.693789 18.731582 60.087489 )
xyz12=( 26.198959 18.127142 60.847660 )
xyz12=( 26.198210 18.127924 60.847254 )
xyz12=( 26.197458 18.128708 60.846847 )
xyz12=( 26.196706 18.129494 60.846439 )
xyz12=( 26.195953 18.130280 60.846028 )
xyz12=( 26.195198 18.131069 60.845616 )
xyz12=( 26.194442 18.131858 60.845202 )
xyz12=( 26.193685 18.132650 60.844786 )
xyz12=( 26.192926 18.133442 60.844368 )
xyz12=( 26.192166 18.134236 60.843948 )
xyz12=( 26.191405 18.135032 60.843527 )
xyz12=( 26.190643 18.135829 60.843104 )
xyz12=( 26.189880 18.136628 60.842679 )
xyz12=( 26.189115 18.137428 60.842252 )
xyz12=( 26.188349 18.138230 60.841823 )
xyz12=( 26.187582 18.139033 60.841392 )
xyz12=( 26.186813 18.139838 60.840960 )
xyz12=( 25.749452 18.647213 60.283204 )
xyz12=( 25.750011 18.646432 60.284749 )
xyz12=( 25.750575 18.645646 60.286300 )
xyz12=( 25.751143 18.644855 60.287858 )
xyz12=( 25.751716 18.644058 60.289423 )
xyz12=( 25.752293 18.643255 60.290996 )
xyz12=( 25.757094 18.636619 60.303842 )
xyz12=( 25.757718 18.635761 60.305483 )
xyz12=( 25.758347 18.634896 60.307132 )
xyz12=( 25.758983 18.634025 60.308790 )
xyz12=( 25.759624 18.633146 60.310457 )
xyz12=( 25.760270 18.632261 60.312132 )
xyz12=( 25.760923 18.631368 60.313817 )
xyz12=( 25.761582 18.630468 60.315510 )
xyz12=( 26.001564 18.339987 60.697683 )
xyz12=( 26.000021 18.341715 60.696108 )
xyz12=( 25.998461 18.343462 60.694508 )
xyz12=( 25.996885 18.345230 60.692883 )
xyz12=( 25.995290 18.347020 60.691231 )
xyz12=( 25.993677 18.348831 60.689552 )
xyz12=( 25.992044 18.350666 60.687843 )
xyz12=( 25.990391 18.352525 60.686105 )
xyz12=( 25.988717 18.354409 60.684336 )
xyz12=( 25.987021 18.356319 60.682533 )
xyz12=( 25.985302 18.358257 60.680697 )
xyz12=( 25.983558 18.360224 60.678824 )
xyz12=( 25.981789 18.362221 60.676914 )
xyz12=( 25.979994 18.364251 60.674964 )
xyz12=( 25.978170 18.366313 60.672972 )
xyz12=( 25.976316 18.368412 60.670936 )
xyz12=( 25.818635 18.555791 60.441774 )
xyz12=( 25.820289 18.553703 60.444948 )
xyz12=( 25.838449 18.531006 60.478376 )
xyz12=( 25.841026 18.527817 60.482920 )
xyz12=( 25.843788 18.524407 60.487739 )
xyz12=( 25.846777 18.520726 60.492896 )
xyz12=( 25.850053 18.516703 60.498480 )
xyz12=( 25.902006 18.454247 60.578509 )
