order:    [ 1 13 14 0 25 24 23 22 21 20 18 17 16 19 15 12 7 8 11 10 9 6 2 5 4 3 ]
atoms:    [ CA CA C N C CA N C CA N C CA N H HA N CA C C CA N N C C CA N ]
residues: [ 0 4 4 0 7 7 7 6 6 6 5 5 5 5 4 4 2 2 3 3 3 2 0 1 1 1 ]

We use a different pair of symbles to represent the bits values which are associated with the HA and H of the discretized distance, and another one to represent the bits of other hydrogens.
For the HA and H from the discretized distance:
	"+" means 0
	"-" means 1
For any other hydrogens:
	">" means 0
	"<" means 1

d_19_15=3.477718200000 s=[ 0 0 0 0 1 0 1 0 0 1 0 0 0 + + 0 0 0 0 0 1 0 1 1 1 0 ] xyz12=( 25.899884, 18.736864, 58.810595 )

d_19_15=3.479738402020 s=[ 0 0 0 0 1 0 1 0 0 1 0 0 0 + + 0 0 0 0 0 1 0 1 1 1 0 ] xyz12=( 25.896704, 18.739042, 58.816055 )

d_19_15=3.481758604040 s=[ 0 0 0 0 1 0 1 0 0 1 0 0 0 + + 0 0 0 0 0 1 0 1 1 1 0 ] xyz12=( 25.893523, 18.741214, 58.821567 )

d_19_15=3.483778806061 s=[ 0 0 0 0 1 0 1 0 0 1 0 0 0 + + 0 0 0 0 0 1 0 1 1 1 0 ] xyz12=( 25.890341, 18.743378, 58.827131 )

d_19_15=3.485799008081 s=[ 0 0 0 0 1 0 1 0 0 1 0 0 0 + + 0 0 0 0 0 1 0 1 1 1 0 ] xyz12=( 25.887159, 18.745534, 58.832749 )

d_19_15=3.487819210101 s=[ 0 0 0 0 1 0 1 0 0 1 0 0 0 + + 0 0 0 0 0 1 0 1 1 1 0 ] xyz12=( 25.883975, 18.747683, 58.838422 )

d_19_15=3.487819210101 s=[ 0 0 0 0 1 0 1 0 0 1 0 0 0 + + 0 0 0 0 0 1 1 1 1 1 0 ] xyz12=( 25.883975, 18.747683, 58.838422 )

d_19_15=3.489839412121 s=[ 0 0 0 0 1 0 1 0 0 1 0 0 0 + + 0 0 0 0 0 1 0 1 1 1 0 ] xyz12=( 25.880790, 18.749824, 58.844150 )

d_19_15=3.489839412121 s=[ 0 0 0 0 1 0 1 0 0 1 0 0 0 + + 0 0 0 0 0 1 1 1 1 1 0 ] xyz12=( 25.880790, 18.749824, 58.844150 )

d_19_15=3.491859614141 s=[ 0 0 0 0 1 0 1 0 0 1 0 0 0 + + 0 0 0 0 0 1 0 1 1 1 0 ] xyz12=( 25.877604, 18.751957, 58.849934 )

d_19_15=3.493879816162 s=[ 0 0 0 0 1 0 1 0 0 1 0 0 0 + + 0 0 0 0 0 1 0 1 1 1 0 ] xyz12=( 25.874418, 18.754082, 58.855776 )

d_19_15=3.495900018182 s=[ 0 0 0 0 1 0 1 0 0 1 0 0 0 + + 0 0 0 0 0 1 0 1 1 1 0 ] xyz12=( 25.871230, 18.756198, 58.861677 )

d_19_15=3.497920220202 s=[ 0 0 0 0 1 0 1 0 0 1 0 0 0 + + 0 0 0 0 0 1 0 1 1 1 0 ] xyz12=( 25.868042, 18.758305, 58.867637 )

d_19_15=3.503980826263 s=[ 0 0 0 0 1 0 1 0 0 1 0 0 0 + + 1 1 0 0 0 1 0 1 1 1 0 ] xyz12=( 26.594916, 17.734552, 60.932015 )

d_19_15=3.508021230303 s=[ 0 0 0 0 1 0 1 0 0 1 0 0 0 + + 1 1 1 1 1 0 1 0 0 0 1 ] xyz12=( 26.605528, 17.724534, 60.931101 )

d_19_15=3.510041432323 s=[ 0 0 0 0 1 0 1 0 0 1 0 0 0 + + 1 1 1 1 1 0 1 0 0 0 1 ] xyz12=( 26.610896, 17.719476, 60.930579 )

d_19_15=3.510041432323 s=[ 0 0 0 0 1 0 1 0 0 1 0 0 0 + - 0 1 1 1 1 0 1 0 0 0 1 ] xyz12=( 25.876691, 18.484381, 60.541392 )

d_19_15=3.512061634343 s=[ 0 0 0 0 1 0 1 0 0 1 0 0 0 + + 1 1 1 1 1 0 1 0 0 0 1 ] xyz12=( 26.616306, 17.714385, 60.930013 )

d_19_15=3.512061634343 s=[ 0 0 0 0 1 0 1 0 0 1 0 0 0 + - 0 1 1 1 1 0 1 0 0 0 1 ] xyz12=( 25.873299, 18.488459, 60.536160 )

d_19_15=3.564586886869 s=[ 0 0 0 0 1 0 1 0 0 1 0 0 0 + - 0 1 1 1 1 0 0 1 1 1 0 ] xyz12=( 25.783922, 18.600532, 60.369333 )

d_19_15=3.582768705051 s=[ 0 0 0 0 1 0 1 0 0 1 0 0 0 + - 0 1 0 0 0 1 0 0 0 0 1 ] xyz12=( 25.752337, 18.643195, 60.291113 )

d_19_15=3.586809109091 s=[ 0 0 0 0 1 0 1 0 0 1 0 0 0 + + 0 0 1 1 1 0 1 0 0 0 1 ] xyz12=( 25.727402, 18.837055, 59.220099 )

d_19_15=3.588829311111 s=[ 0 0 0 0 1 0 1 0 0 1 0 0 0 + + 0 0 1 1 1 0 1 0 0 0 1 ] xyz12=( 25.724221, 18.838286, 59.231534 )

d_19_15=3.615091937374 s=[ 0 0 0 0 1 0 1 0 0 1 0 0 0 + - 0 1 1 1 1 0 1 1 1 1 0 ] xyz12=( 25.694787, 18.729890, 60.092132 )

d_19_15=3.627213149495 s=[ 0 0 0 0 1 0 1 0 0 1 0 0 0 + + 0 1 1 1 1 0 0 0 0 0 1 ] xyz12=( 25.665202, 18.843689, 59.553626 )

d_19_15=3.477718200000 s=[ 0 0 0 0 1 0 1 0 0 1 0 0 0 - + 0 0 0 0 0 1 0 1 1 1 0 ] xyz12=( 25.900648, 18.736339, 58.809290 )

d_19_15=3.479738402020 s=[ 0 0 0 0 1 0 1 0 0 1 0 0 0 - + 0 0 0 0 0 1 0 1 1 1 0 ] xyz12=( 25.897463, 18.738523, 58.814746 )

d_19_15=3.481758604040 s=[ 0 0 0 0 1 0 1 0 0 1 0 0 0 - + 0 0 0 0 0 1 0 1 1 1 0 ] xyz12=( 25.894278, 18.740699, 58.820254 )

d_19_15=3.483778806061 s=[ 0 0 0 0 1 0 1 0 0 1 0 0 0 - + 0 0 0 0 0 1 0 1 1 1 0 ] xyz12=( 25.891092, 18.742868, 58.825814 )

d_19_15=3.485799008081 s=[ 0 0 0 0 1 0 1 0 0 1 0 0 0 - + 0 0 0 0 0 1 0 1 1 1 0 ] xyz12=( 25.887905, 18.745030, 58.831428 )

d_19_15=3.487819210101 s=[ 0 0 0 0 1 0 1 0 0 1 0 0 0 - + 0 0 0 0 0 1 0 1 1 1 0 ] xyz12=( 25.884716, 18.747184, 58.837096 )

d_19_15=3.487819210101 s=[ 0 0 0 0 1 0 1 0 0 1 0 0 0 - + 0 0 0 0 0 1 1 1 1 1 0 ] xyz12=( 25.884716, 18.747184, 58.837096 )

d_19_15=3.489839412121 s=[ 0 0 0 0 1 0 1 0 0 1 0 0 0 - + 0 0 0 0 0 1 0 1 1 1 0 ] xyz12=( 25.881527, 18.749330, 58.842819 )

d_19_15=3.489839412121 s=[ 0 0 0 0 1 0 1 0 0 1 0 0 0 - + 0 0 0 0 0 1 1 1 1 1 0 ] xyz12=( 25.881527, 18.749330, 58.842819 )

d_19_15=3.491859614141 s=[ 0 0 0 0 1 0 1 0 0 1 0 0 0 - + 0 0 0 0 0 1 0 1 1 1 0 ] xyz12=( 25.878336, 18.751468, 58.848600 )

d_19_15=3.491859614141 s=[ 0 0 0 0 1 0 1 0 0 1 0 0 0 - + 0 0 0 0 0 1 1 1 1 1 0 ] xyz12=( 25.878336, 18.751468, 58.848600 )

d_19_15=3.493879816162 s=[ 0 0 0 0 1 0 1 0 0 1 0 0 0 - + 0 0 0 0 0 1 0 1 1 1 0 ] xyz12=( 25.875145, 18.753597, 58.854437 )

d_19_15=3.495900018182 s=[ 0 0 0 0 1 0 1 0 0 1 0 0 0 - + 0 0 0 0 0 1 0 1 1 1 0 ] xyz12=( 25.871953, 18.755719, 58.860334 )

d_19_15=3.497920220202 s=[ 0 0 0 0 1 0 1 0 0 1 0 0 0 - + 0 0 0 0 0 1 0 1 1 1 0 ] xyz12=( 25.868760, 18.757832, 58.866290 )

d_19_15=3.503980826263 s=[ 0 0 0 0 1 0 1 0 0 1 0 0 0 - + 1 1 0 0 0 1 0 1 1 1 0 ] xyz12=( 26.593757, 17.735648, 60.932106 )

d_19_15=3.503980826263 s=[ 0 0 0 0 1 0 1 0 0 1 0 0 0 - + 1 1 1 1 1 0 0 1 1 1 0 ] xyz12=( 26.593757, 17.735648, 60.932106 )

d_19_15=3.508021230303 s=[ 0 0 0 0 1 0 1 0 0 1 0 0 0 - + 1 1 1 1 1 0 1 0 0 0 1 ] xyz12=( 26.604369, 17.725627, 60.931208 )

d_19_15=3.510041432323 s=[ 0 0 0 0 1 0 1 0 0 1 0 0 0 - + 1 1 1 1 1 0 1 0 0 0 1 ] xyz12=( 26.609737, 17.720568, 60.930695 )

d_19_15=3.510041432323 s=[ 0 0 0 0 1 0 1 0 0 1 0 0 0 - - 0 1 1 1 1 0 1 0 0 0 1 ] xyz12=( 25.875936, 18.485288, 60.540233 )

d_19_15=3.512061634343 s=[ 0 0 0 0 1 0 1 0 0 1 0 0 0 - + 1 1 1 1 1 0 1 0 0 0 1 ] xyz12=( 26.615146, 17.715476, 60.930138 )

d_19_15=3.512061634343 s=[ 0 0 0 0 1 0 1 0 0 1 0 0 0 - - 0 1 1 1 1 0 1 0 0 0 1 ] xyz12=( 25.872549, 18.489363, 60.534994 )

d_19_15=3.554485876768 s=[ 0 0 0 0 1 0 1 0 0 1 0 0 0 - - 0 1 0 0 0 1 1 0 0 0 1 ] xyz12=( 25.800679, 18.578700, 60.405779 )

d_19_15=3.564586886869 s=[ 0 0 0 0 1 0 1 0 0 1 0 0 0 - - 0 1 1 1 1 0 0 1 1 1 0 ] xyz12=( 25.783330, 18.601312, 60.367989 )

d_19_15=3.586809109091 s=[ 0 0 0 0 1 0 1 0 0 1 0 0 0 - + 0 0 1 1 1 0 1 0 0 0 1 ] xyz12=( 25.727829, 18.836886, 59.218586 )

d_19_15=3.588829311111 s=[ 0 0 0 0 1 0 1 0 0 1 0 0 0 - + 0 0 1 1 1 0 1 0 0 0 1 ] xyz12=( 25.724638, 18.838127, 59.230018 )

d_19_15=3.615091937374 s=[ 0 0 0 0 1 0 1 0 0 1 0 0 0 - - 0 1 1 1 1 0 1 1 1 1 0 ] xyz12=( 25.694450, 18.730460, 60.090572 )

d_19_15=3.617112139394 s=[ 0 0 0 0 1 0 1 0 0 1 0 0 0 - - 0 1 0 0 0 1 1 1 1 1 0 ] xyz12=( 25.690766, 18.736777, 60.072999 )

d_19_15=3.627213149495 s=[ 0 0 0 0 1 0 1 0 0 1 0 0 0 - + 0 1 1 1 1 0 0 0 0 0 1 ] xyz12=( 25.665345, 18.843790, 59.552124 )

d_19_15=3.477718200000 s=[ 0 0 0 1 0 1 0 1 1 0 1 1 1 + - 1 1 1 1 1 0 1 0 0 0 1 ] xyz12=( 26.511275, 17.814379, 60.933751 )

d_19_15=3.479738402020 s=[ 0 0 0 1 0 1 0 1 1 0 1 1 1 + - 1 1 1 1 1 0 1 0 0 0 1 ] xyz12=( 26.506465, 17.819016, 60.933553 )

d_19_15=3.481758604040 s=[ 0 0 0 1 0 1 0 1 1 0 1 1 1 + - 1 1 1 1 1 0 1 0 0 0 1 ] xyz12=( 26.501630, 17.823683, 60.933321 )

d_19_15=3.483778806061 s=[ 0 0 0 1 0 1 0 1 1 0 1 1 1 + - 1 1 1 1 1 0 1 0 0 0 1 ] xyz12=( 26.496769, 17.828381, 60.933054 )

d_19_15=3.485799008081 s=[ 0 0 0 1 0 1 0 1 1 0 1 1 1 + - 1 1 1 1 1 0 1 0 0 0 1 ] xyz12=( 26.491881, 17.833110, 60.932751 )

d_19_15=3.487819210101 s=[ 0 0 0 1 0 1 0 1 1 0 1 1 1 + - 1 1 1 1 1 0 0 0 0 0 1 ] xyz12=( 26.486967, 17.837871, 60.932413 )

d_19_15=3.487819210101 s=[ 0 0 0 1 0 1 0 1 1 0 1 1 1 + - 1 1 1 1 1 0 1 0 0 0 1 ] xyz12=( 26.486967, 17.837871, 60.932413 )

d_19_15=3.489839412121 s=[ 0 0 0 1 0 1 0 1 1 0 1 1 1 + - 1 1 1 1 1 0 0 0 0 0 1 ] xyz12=( 26.482024, 17.842663, 60.932038 )

d_19_15=3.489839412121 s=[ 0 0 0 1 0 1 0 1 1 0 1 1 1 + - 1 1 1 1 1 0 1 0 0 0 1 ] xyz12=( 26.482024, 17.842663, 60.932038 )

d_19_15=3.491859614141 s=[ 0 0 0 1 0 1 0 1 1 0 1 1 1 + - 1 1 1 1 1 0 0 0 0 0 1 ] xyz12=( 26.477054, 17.847489, 60.931625 )

d_19_15=3.491859614141 s=[ 0 0 0 1 0 1 0 1 1 0 1 1 1 + - 1 1 1 1 1 0 1 0 0 0 1 ] xyz12=( 26.477054, 17.847489, 60.931625 )

d_19_15=3.493879816162 s=[ 0 0 0 1 0 1 0 1 1 0 1 1 1 + - 1 1 1 1 1 0 1 0 0 0 1 ] xyz12=( 26.472055, 17.852348, 60.931174 )

d_19_15=3.495900018182 s=[ 0 0 0 1 0 1 0 1 1 0 1 1 1 + - 1 1 1 1 1 0 1 0 0 0 1 ] xyz12=( 26.467027, 17.857241, 60.930684 )

d_19_15=3.497920220202 s=[ 0 0 0 1 0 1 0 1 1 0 1 1 1 + - 1 1 1 1 1 0 1 0 0 0 1 ] xyz12=( 26.461970, 17.862168, 60.930155 )

d_19_15=3.503980826263 s=[ 0 0 0 1 0 1 0 1 1 0 1 1 1 + - 0 0 0 0 0 1 1 0 0 0 1 ] xyz12=( 25.957697, 18.696008, 58.719161 )

d_19_15=3.503980826263 s=[ 0 0 0 1 0 1 0 1 1 0 1 1 1 + - 0 0 1 1 1 0 1 0 0 0 1 ] xyz12=( 25.957697, 18.696008, 58.719161 )

d_19_15=3.508021230303 s=[ 0 0 0 1 0 1 0 1 1 0 1 1 1 + - 0 0 0 0 0 1 0 1 1 1 0 ] xyz12=( 25.965369, 18.690428, 58.708033 )

d_19_15=3.510041432323 s=[ 0 0 0 1 0 1 0 1 1 0 1 1 1 + + 1 0 0 0 0 1 0 1 1 1 0 ] xyz12=( 25.657587, 18.814965, 59.780563 )

d_19_15=3.510041432323 s=[ 0 0 0 1 0 1 0 1 1 0 1 1 1 + - 0 0 0 0 0 1 0 1 1 1 0 ] xyz12=( 25.969277, 18.687571, 58.702444 )

d_19_15=3.512061634343 s=[ 0 0 0 1 0 1 0 1 1 0 1 1 1 + + 1 0 0 0 0 1 0 1 1 1 0 ] xyz12=( 25.657809, 18.813590, 59.787883 )

d_19_15=3.512061634343 s=[ 0 0 0 1 0 1 0 1 1 0 1 1 1 + - 0 0 0 0 0 1 0 1 1 1 0 ] xyz12=( 25.973237, 18.684669, 58.696839 )

d_19_15=3.554485876768 s=[ 0 0 0 1 0 1 0 1 1 0 1 1 1 + + 1 0 1 1 1 0 0 1 1 1 0 ] xyz12=( 25.671263, 18.774100, 59.955521 )

d_19_15=3.564586886869 s=[ 0 0 0 1 0 1 0 1 1 0 1 1 1 + + 1 0 0 0 0 1 1 0 0 0 1 ] xyz12=( 25.677700, 18.760798, 60.000487 )

d_19_15=3.586809109091 s=[ 0 0 0 1 0 1 0 1 1 0 1 1 1 + - 1 1 0 0 0 1 0 1 1 1 0 ] xyz12=( 26.195533, 18.130718, 60.845799 )

d_19_15=3.588829311111 s=[ 0 0 0 1 0 1 0 1 1 0 1 1 1 + - 1 1 0 0 0 1 0 1 1 1 0 ] xyz12=( 26.187830, 18.138772, 60.841532 )

d_19_15=3.615091937374 s=[ 0 0 0 1 0 1 0 1 1 0 1 1 1 + + 1 0 0 0 0 1 0 0 0 0 1 ] xyz12=( 25.751202, 18.644773, 60.288020 )

d_19_15=3.617112139394 s=[ 0 0 0 1 0 1 0 1 1 0 1 1 1 + + 1 0 1 1 1 0 0 0 0 0 1 ] xyz12=( 25.757185, 18.636494, 60.304081 )

d_19_15=3.627213149495 s=[ 0 0 0 1 0 1 0 1 1 0 1 1 1 + - 1 0 0 0 0 1 1 1 1 1 0 ] xyz12=( 25.991667, 18.351089, 60.687448 )

d_19_15=3.477718200000 s=[ 0 0 0 1 0 1 0 1 1 0 1 1 1 - - 1 1 1 1 1 0 1 0 0 0 1 ] xyz12=( 26.510123, 17.815488, 60.933707 )

d_19_15=3.479738402020 s=[ 0 0 0 1 0 1 0 1 1 0 1 1 1 - - 1 1 1 1 1 0 1 0 0 0 1 ] xyz12=( 26.505315, 17.820126, 60.933501 )

d_19_15=3.481758604040 s=[ 0 0 0 1 0 1 0 1 1 0 1 1 1 - - 1 1 1 1 1 0 1 0 0 0 1 ] xyz12=( 26.500481, 17.824794, 60.933261 )

d_19_15=3.483778806061 s=[ 0 0 0 1 0 1 0 1 1 0 1 1 1 - - 1 1 1 1 1 0 1 0 0 0 1 ] xyz12=( 26.495621, 17.829492, 60.932986 )

d_19_15=3.485799008081 s=[ 0 0 0 1 0 1 0 1 1 0 1 1 1 - - 1 1 1 1 1 0 1 0 0 0 1 ] xyz12=( 26.490734, 17.834221, 60.932675 )

d_19_15=3.487819210101 s=[ 0 0 0 1 0 1 0 1 1 0 1 1 1 - - 1 1 1 1 1 0 0 0 0 0 1 ] xyz12=( 26.485820, 17.838982, 60.932329 )

d_19_15=3.487819210101 s=[ 0 0 0 1 0 1 0 1 1 0 1 1 1 - - 1 1 1 1 1 0 1 0 0 0 1 ] xyz12=( 26.485820, 17.838982, 60.932329 )

d_19_15=3.489839412121 s=[ 0 0 0 1 0 1 0 1 1 0 1 1 1 - - 1 1 1 1 1 0 0 0 0 0 1 ] xyz12=( 26.480879, 17.843775, 60.931946 )

d_19_15=3.489839412121 s=[ 0 0 0 1 0 1 0 1 1 0 1 1 1 - - 1 1 1 1 1 0 1 0 0 0 1 ] xyz12=( 26.480879, 17.843775, 60.931946 )

d_19_15=3.491859614141 s=[ 0 0 0 1 0 1 0 1 1 0 1 1 1 - - 1 1 1 1 1 0 1 0 0 0 1 ] xyz12=( 26.475909, 17.848601, 60.931525 )

d_19_15=3.493879816162 s=[ 0 0 0 1 0 1 0 1 1 0 1 1 1 - - 1 1 1 1 1 0 1 0 0 0 1 ] xyz12=( 26.470912, 17.853460, 60.931066 )

d_19_15=3.495900018182 s=[ 0 0 0 1 0 1 0 1 1 0 1 1 1 - - 1 1 1 1 1 0 1 0 0 0 1 ] xyz12=( 26.465885, 17.858353, 60.930568 )

d_19_15=3.497920220202 s=[ 0 0 0 1 0 1 0 1 1 0 1 1 1 - - 1 1 1 1 1 0 1 0 0 0 1 ] xyz12=( 26.460829, 17.863280, 60.930030 )

d_19_15=3.503980826263 s=[ 0 0 0 1 0 1 0 1 1 0 1 1 1 - - 0 0 1 1 1 0 1 0 0 0 1 ] xyz12=( 25.958531, 18.695403, 58.717940 )

d_19_15=3.508021230303 s=[ 0 0 0 1 0 1 0 1 1 0 1 1 1 - - 0 0 0 0 0 1 0 1 1 1 0 ] xyz12=( 25.966211, 18.689812, 58.706823 )

d_19_15=3.510041432323 s=[ 0 0 0 1 0 1 0 1 1 0 1 1 1 - + 1 0 0 0 0 1 0 1 1 1 0 ] xyz12=( 25.657541, 18.815266, 59.778937 )

d_19_15=3.510041432323 s=[ 0 0 0 1 0 1 0 1 1 0 1 1 1 - - 0 0 0 0 0 1 0 1 1 1 0 ] xyz12=( 25.970124, 18.686951, 58.701241 )

d_19_15=3.512061634343 s=[ 0 0 0 1 0 1 0 1 1 0 1 1 1 - + 1 0 0 0 0 1 0 1 1 1 0 ] xyz12=( 25.657757, 18.813898, 59.786258 )

d_19_15=3.512061634343 s=[ 0 0 0 1 0 1 0 1 1 0 1 1 1 - - 0 0 0 0 0 1 0 1 1 1 0 ] xyz12=( 25.974088, 18.684044, 58.695642 )

d_19_15=3.564586886869 s=[ 0 0 0 1 0 1 0 1 1 0 1 1 1 - + 1 0 0 0 0 1 1 0 0 0 1 ] xyz12=( 25.677454, 18.761283, 59.998916 )

d_19_15=3.582768705051 s=[ 0 0 0 1 0 1 0 1 1 0 1 1 1 - + 1 0 1 1 1 0 1 1 1 1 0 ] xyz12=( 25.693728, 18.731685, 60.087207 )

d_19_15=3.586809109091 s=[ 0 0 0 1 0 1 0 1 1 0 1 1 1 - - 1 1 0 0 0 1 0 1 1 1 0 ] xyz12=( 26.194511, 18.131787, 60.845239 )

d_19_15=3.588829311111 s=[ 0 0 0 1 0 1 0 1 1 0 1 1 1 - - 1 1 0 0 0 1 0 1 1 1 0 ] xyz12=( 26.186813, 18.139838, 60.840960 )

d_19_15=3.615091937374 s=[ 0 0 0 1 0 1 0 1 1 0 1 1 1 - + 1 0 0 0 0 1 0 0 0 0 1 ] xyz12=( 25.750678, 18.645503, 60.286583 )

d_19_15=3.627213149495 s=[ 0 0 0 1 0 1 0 1 1 0 1 1 1 - - 1 0 0 0 0 1 1 1 1 1 0 ] xyz12=( 25.990844, 18.352015, 60.686582 )

