order:    [ 1 13 14 0 25 24 23 22 21 20 18 17 16 19 15 12 7 8 11 10 9 6 2 5 4 3 ]
atoms:    [ CA CA C N C CA N C CA N C CA N H HA N CA C C CA N N C C CA N ]
residues: [ 0 4 4 0 7 7 7 6 6 6 5 5 5 5 4 4 2 2 3 3 3 2 0 1 1 1 ]

d_19_15=3.477718200000 eijMax=1.601E-03 rmsd=1.157E+01 s=[ 0 0 0 0 1 0 1 0 0 1 0 0 0 0 0 0 0 0 0 0 1 0 1 1 1 0 ]
d_19_15=3.479738402020 eijMax=1.210E-03 rmsd=1.156E+01 s=[ 0 0 0 0 1 0 1 0 0 1 0 0 0 0 0 0 0 0 0 0 1 0 1 1 1 0 ]
d_19_15=3.481758604040 eijMax=1.037E-03 rmsd=1.156E+01 s=[ 0 0 0 0 1 0 1 0 0 1 0 0 0 0 0 0 0 0 0 0 1 0 1 1 1 0 ]
d_19_15=3.483778806061 eijMax=1.096E-03 rmsd=1.155E+01 s=[ 0 0 0 0 1 0 1 0 0 1 0 0 0 0 0 0 0 0 0 0 1 0 1 1 1 0 ]
d_19_15=3.485799008081 eijMax=1.403E-03 rmsd=1.154E+01 s=[ 0 0 0 0 1 0 1 0 0 1 0 0 0 0 0 0 0 0 0 0 1 0 1 1 1 0 ]
d_19_15=3.487819210101 eijMax=1.974E-03 rmsd=1.152E+01 s=[ 0 0 0 0 1 0 1 0 0 1 0 0 0 0 0 0 0 0 0 0 1 0 1 1 1 0 ]
d_19_15=3.487819210101 eijMax=4.245E-03 rmsd=1.255E+01 s=[ 0 0 0 0 1 0 1 0 0 1 0 0 0 0 0 0 0 0 0 0 1 1 1 1 1 0 ]
d_19_15=3.489839412121 eijMax=2.825E-03 rmsd=1.151E+01 s=[ 0 0 0 0 1 0 1 0 0 1 0 0 0 0 0 0 0 0 0 0 1 0 1 1 1 0 ]
d_19_15=3.489839412121 eijMax=3.711E-03 rmsd=1.253E+01 s=[ 0 0 0 0 1 0 1 0 0 1 0 0 0 0 0 0 0 0 0 0 1 1 1 1 1 0 ]
d_19_15=3.491859614141 eijMax=3.974E-03 rmsd=1.150E+01 s=[ 0 0 0 0 1 0 1 0 0 1 0 0 0 0 0 0 0 0 0 0 1 0 1 1 1 0 ]
d_19_15=3.493879816162 eijMax=5.435E-03 rmsd=1.148E+01 s=[ 0 0 0 0 1 0 1 0 0 1 0 0 0 0 0 0 0 0 0 0 1 0 1 1 1 0 ]
d_19_15=3.495900018182 eijMax=7.226E-03 rmsd=1.147E+01 s=[ 0 0 0 0 1 0 1 0 0 1 0 0 0 0 0 0 0 0 0 0 1 0 1 1 1 0 ]
d_19_15=3.497920220202 eijMax=9.361E-03 rmsd=1.145E+01 s=[ 0 0 0 0 1 0 1 0 0 1 0 0 0 0 0 0 0 0 0 0 1 0 1 1 1 0 ]
d_19_15=3.503980826263 eijMax=3.587E-03 rmsd=9.018E+00 s=[ 0 0 0 0 1 0 1 0 0 1 0 0 0 0 0 1 1 0 0 0 1 0 1 1 1 0 ]
d_19_15=3.508021230303 eijMax=7.549E-03 rmsd=9.322E+00 s=[ 0 0 0 0 1 0 1 0 0 1 0 0 0 0 0 1 1 1 1 1 0 1 0 0 0 1 ]
d_19_15=3.510041432323 eijMax=1.482E-03 rmsd=9.322E+00 s=[ 0 0 0 0 1 0 1 0 0 1 0 0 0 0 0 1 1 1 1 1 0 1 0 0 0 1 ]
d_19_15=3.510041432323 eijMax=9.347E-03 rmsd=3.680E+00 s=[ 0 0 0 0 1 0 1 0 0 1 0 0 0 0 1 0 1 1 1 1 0 1 0 0 0 1 ]
d_19_15=3.512061634343 eijMax=5.758E-03 rmsd=9.321E+00 s=[ 0 0 0 0 1 0 1 0 0 1 0 0 0 0 0 1 1 1 1 1 0 1 0 0 0 1 ]
d_19_15=3.512061634343 eijMax=1.704E-03 rmsd=3.649E+00 s=[ 0 0 0 0 1 0 1 0 0 1 0 0 0 0 1 0 1 1 1 1 0 1 0 0 0 1 ]
d_19_15=3.564586886869 eijMax=1.821E-03 rmsd=7.634E+00 s=[ 0 0 0 0 1 0 1 0 0 1 0 0 0 0 1 0 1 1 1 1 0 0 1 1 1 0 ]
d_19_15=3.582768705051 eijMax=7.424E-03 rmsd=1.431E+00 s=[ 0 0 0 0 1 0 1 0 0 1 0 0 0 0 1 0 1 0 0 0 1 0 0 0 0 1 ]
d_19_15=3.586809109091 eijMax=3.543E-03 rmsd=1.238E+01 s=[ 0 0 0 0 1 0 1 0 0 1 0 0 0 0 0 0 0 1 1 1 0 1 0 0 0 1 ]
d_19_15=3.588829311111 eijMax=9.509E-03 rmsd=1.238E+01 s=[ 0 0 0 0 1 0 1 0 0 1 0 0 0 0 0 0 0 1 1 1 0 1 0 0 0 1 ]
d_19_15=3.615091937374 eijMax=9.311E-04 rmsd=4.389E+00 s=[ 0 0 0 0 1 0 1 0 0 1 0 0 0 0 1 0 1 1 1 1 0 1 1 1 1 0 ]
d_19_15=3.627213149495 eijMax=1.557E-03 rmsd=7.466E+00 s=[ 0 0 0 0 1 0 1 0 0 1 0 0 0 0 0 0 1 1 1 1 0 0 0 0 0 1 ]
d_19_15=3.477718200000 eijMax=1.726E-03 rmsd=1.157E+01 s=[ 0 0 0 0 1 0 1 0 0 1 0 0 0 1 0 0 0 0 0 0 1 0 1 1 1 0 ]
d_19_15=3.479738402020 eijMax=1.284E-03 rmsd=1.157E+01 s=[ 0 0 0 0 1 0 1 0 0 1 0 0 0 1 0 0 0 0 0 0 1 0 1 1 1 0 ]
d_19_15=3.481758604040 eijMax=1.058E-03 rmsd=1.156E+01 s=[ 0 0 0 0 1 0 1 0 0 1 0 0 0 1 0 0 0 0 0 0 1 0 1 1 1 0 ]
d_19_15=3.483778806061 eijMax=1.060E-03 rmsd=1.155E+01 s=[ 0 0 0 0 1 0 1 0 0 1 0 0 0 1 0 0 0 0 0 0 1 0 1 1 1 0 ]
d_19_15=3.485799008081 eijMax=1.308E-03 rmsd=1.154E+01 s=[ 0 0 0 0 1 0 1 0 0 1 0 0 0 1 0 0 0 0 0 0 1 0 1 1 1 0 ]
d_19_15=3.487819210101 eijMax=1.816E-03 rmsd=1.153E+01 s=[ 0 0 0 0 1 0 1 0 0 1 0 0 0 1 0 0 0 0 0 0 1 0 1 1 1 0 ]
d_19_15=3.487819210101 eijMax=6.211E-03 rmsd=1.256E+01 s=[ 0 0 0 0 1 0 1 0 0 1 0 0 0 1 0 0 0 0 0 0 1 1 1 1 1 0 ]
d_19_15=3.489839412121 eijMax=2.603E-03 rmsd=1.151E+01 s=[ 0 0 0 0 1 0 1 0 0 1 0 0 0 1 0 0 0 0 0 0 1 0 1 1 1 0 ]
d_19_15=3.489839412121 eijMax=1.939E-03 rmsd=1.253E+01 s=[ 0 0 0 0 1 0 1 0 0 1 0 0 0 1 0 0 0 0 0 0 1 1 1 1 1 0 ]
d_19_15=3.491859614141 eijMax=3.683E-03 rmsd=1.150E+01 s=[ 0 0 0 0 1 0 1 0 0 1 0 0 0 1 0 0 0 0 0 0 1 0 1 1 1 0 ]
d_19_15=3.491859614141 eijMax=9.337E-03 rmsd=1.251E+01 s=[ 0 0 0 0 1 0 1 0 0 1 0 0 0 1 0 0 0 0 0 0 1 1 1 1 1 0 ]
d_19_15=3.493879816162 eijMax=5.073E-03 rmsd=1.149E+01 s=[ 0 0 0 0 1 0 1 0 0 1 0 0 0 1 0 0 0 0 0 0 1 0 1 1 1 0 ]
d_19_15=3.495900018182 eijMax=6.790E-03 rmsd=1.147E+01 s=[ 0 0 0 0 1 0 1 0 0 1 0 0 0 1 0 0 0 0 0 0 1 0 1 1 1 0 ]
d_19_15=3.497920220202 eijMax=8.850E-03 rmsd=1.145E+01 s=[ 0 0 0 0 1 0 1 0 0 1 0 0 0 1 0 0 0 0 0 0 1 0 1 1 1 0 ]
d_19_15=3.503980826263 eijMax=4.991E-03 rmsd=9.009E+00 s=[ 0 0 0 0 1 0 1 0 0 1 0 0 0 1 0 1 1 0 0 0 1 0 1 1 1 0 ]
d_19_15=3.503980826263 eijMax=8.453E-03 rmsd=9.312E+00 s=[ 0 0 0 0 1 0 1 0 0 1 0 0 0 1 0 1 1 1 1 1 0 0 1 1 1 0 ]
d_19_15=3.508021230303 eijMax=8.734E-03 rmsd=9.322E+00 s=[ 0 0 0 0 1 0 1 0 0 1 0 0 0 1 0 1 1 1 1 1 0 1 0 0 0 1 ]
d_19_15=3.510041432323 eijMax=2.879E-03 rmsd=9.322E+00 s=[ 0 0 0 0 1 0 1 0 0 1 0 0 0 1 0 1 1 1 1 1 0 1 0 0 0 1 ]
d_19_15=3.510041432323 eijMax=6.917E-03 rmsd=3.673E+00 s=[ 0 0 0 0 1 0 1 0 0 1 0 0 0 1 1 0 1 1 1 1 0 1 0 0 0 1 ]
d_19_15=3.512061634343 eijMax=4.098E-03 rmsd=9.322E+00 s=[ 0 0 0 0 1 0 1 0 0 1 0 0 0 1 0 1 1 1 1 1 0 1 0 0 0 1 ]
d_19_15=3.512061634343 eijMax=4.196E-03 rmsd=3.643E+00 s=[ 0 0 0 0 1 0 1 0 0 1 0 0 0 1 1 0 1 1 1 1 0 1 0 0 0 1 ]
d_19_15=3.554485876768 eijMax=3.778E-03 rmsd=7.022E-03 s=[ 0 0 0 0 1 0 1 0 0 1 0 0 0 1 1 0 1 0 0 0 1 1 0 0 0 1 ]
d_19_15=3.564586886869 eijMax=2.112E-03 rmsd=7.626E+00 s=[ 0 0 0 0 1 0 1 0 0 1 0 0 0 1 1 0 1 1 1 1 0 0 1 1 1 0 ]
d_19_15=3.586809109091 eijMax=5.035E-03 rmsd=1.238E+01 s=[ 0 0 0 0 1 0 1 0 0 1 0 0 0 1 0 0 0 1 1 1 0 1 0 0 0 1 ]
d_19_15=3.588829311111 eijMax=7.555E-03 rmsd=1.238E+01 s=[ 0 0 0 0 1 0 1 0 0 1 0 0 0 1 0 0 0 1 1 1 0 1 0 0 0 1 ]
d_19_15=3.615091937374 eijMax=2.155E-03 rmsd=4.401E+00 s=[ 0 0 0 0 1 0 1 0 0 1 0 0 0 1 1 0 1 1 1 1 0 1 1 1 1 0 ]
d_19_15=3.617112139394 eijMax=8.408E-03 rmsd=3.955E+00 s=[ 0 0 0 0 1 0 1 0 0 1 0 0 0 1 1 0 1 0 0 0 1 1 1 1 1 0 ]
d_19_15=3.627213149495 eijMax=2.171E-03 rmsd=7.471E+00 s=[ 0 0 0 0 1 0 1 0 0 1 0 0 0 1 0 0 1 1 1 1 0 0 0 0 0 1 ]
d_19_15=3.477718200000 eijMax=1.726E-03 rmsd=1.157E+01 s=[ 0 0 0 1 0 1 0 1 1 0 1 1 1 0 1 1 1 1 1 1 0 1 0 0 0 1 ]
d_19_15=3.479738402020 eijMax=1.284E-03 rmsd=1.157E+01 s=[ 0 0 0 1 0 1 0 1 1 0 1 1 1 0 1 1 1 1 1 1 0 1 0 0 0 1 ]
d_19_15=3.481758604040 eijMax=1.058E-03 rmsd=1.156E+01 s=[ 0 0 0 1 0 1 0 1 1 0 1 1 1 0 1 1 1 1 1 1 0 1 0 0 0 1 ]
d_19_15=3.483778806061 eijMax=1.060E-03 rmsd=1.155E+01 s=[ 0 0 0 1 0 1 0 1 1 0 1 1 1 0 1 1 1 1 1 1 0 1 0 0 0 1 ]
d_19_15=3.485799008081 eijMax=1.308E-03 rmsd=1.154E+01 s=[ 0 0 0 1 0 1 0 1 1 0 1 1 1 0 1 1 1 1 1 1 0 1 0 0 0 1 ]
d_19_15=3.487819210101 eijMax=6.211E-03 rmsd=1.256E+01 s=[ 0 0 0 1 0 1 0 1 1 0 1 1 1 0 1 1 1 1 1 1 0 0 0 0 0 1 ]
d_19_15=3.487819210101 eijMax=1.816E-03 rmsd=1.153E+01 s=[ 0 0 0 1 0 1 0 1 1 0 1 1 1 0 1 1 1 1 1 1 0 1 0 0 0 1 ]
d_19_15=3.489839412121 eijMax=1.939E-03 rmsd=1.253E+01 s=[ 0 0 0 1 0 1 0 1 1 0 1 1 1 0 1 1 1 1 1 1 0 0 0 0 0 1 ]
d_19_15=3.489839412121 eijMax=2.603E-03 rmsd=1.151E+01 s=[ 0 0 0 1 0 1 0 1 1 0 1 1 1 0 1 1 1 1 1 1 0 1 0 0 0 1 ]
d_19_15=3.491859614141 eijMax=9.337E-03 rmsd=1.251E+01 s=[ 0 0 0 1 0 1 0 1 1 0 1 1 1 0 1 1 1 1 1 1 0 0 0 0 0 1 ]
d_19_15=3.491859614141 eijMax=3.683E-03 rmsd=1.150E+01 s=[ 0 0 0 1 0 1 0 1 1 0 1 1 1 0 1 1 1 1 1 1 0 1 0 0 0 1 ]
d_19_15=3.493879816162 eijMax=5.073E-03 rmsd=1.149E+01 s=[ 0 0 0 1 0 1 0 1 1 0 1 1 1 0 1 1 1 1 1 1 0 1 0 0 0 1 ]
d_19_15=3.495900018182 eijMax=6.790E-03 rmsd=1.147E+01 s=[ 0 0 0 1 0 1 0 1 1 0 1 1 1 0 1 1 1 1 1 1 0 1 0 0 0 1 ]
d_19_15=3.497920220202 eijMax=8.850E-03 rmsd=1.145E+01 s=[ 0 0 0 1 0 1 0 1 1 0 1 1 1 0 1 1 1 1 1 1 0 1 0 0 0 1 ]
d_19_15=3.503980826263 eijMax=8.453E-03 rmsd=9.312E+00 s=[ 0 0 0 1 0 1 0 1 1 0 1 1 1 0 1 0 0 0 0 0 1 1 0 0 0 1 ]
d_19_15=3.503980826263 eijMax=4.991E-03 rmsd=9.009E+00 s=[ 0 0 0 1 0 1 0 1 1 0 1 1 1 0 1 0 0 1 1 1 0 1 0 0 0 1 ]
d_19_15=3.508021230303 eijMax=8.734E-03 rmsd=9.322E+00 s=[ 0 0 0 1 0 1 0 1 1 0 1 1 1 0 1 0 0 0 0 0 1 0 1 1 1 0 ]
d_19_15=3.510041432323 eijMax=6.917E-03 rmsd=3.673E+00 s=[ 0 0 0 1 0 1 0 1 1 0 1 1 1 0 0 1 0 0 0 0 1 0 1 1 1 0 ]
d_19_15=3.510041432323 eijMax=2.879E-03 rmsd=9.322E+00 s=[ 0 0 0 1 0 1 0 1 1 0 1 1 1 0 1 0 0 0 0 0 1 0 1 1 1 0 ]
d_19_15=3.512061634343 eijMax=4.196E-03 rmsd=3.643E+00 s=[ 0 0 0 1 0 1 0 1 1 0 1 1 1 0 0 1 0 0 0 0 1 0 1 1 1 0 ]
d_19_15=3.512061634343 eijMax=4.098E-03 rmsd=9.322E+00 s=[ 0 0 0 1 0 1 0 1 1 0 1 1 1 0 1 0 0 0 0 0 1 0 1 1 1 0 ]
d_19_15=3.554485876768 eijMax=3.778E-03 rmsd=7.022E-03 s=[ 0 0 0 1 0 1 0 1 1 0 1 1 1 0 0 1 0 1 1 1 0 0 1 1 1 0 ]
d_19_15=3.564586886869 eijMax=2.112E-03 rmsd=7.626E+00 s=[ 0 0 0 1 0 1 0 1 1 0 1 1 1 0 0 1 0 0 0 0 1 1 0 0 0 1 ]
d_19_15=3.586809109091 eijMax=5.035E-03 rmsd=1.238E+01 s=[ 0 0 0 1 0 1 0 1 1 0 1 1 1 0 1 1 1 0 0 0 1 0 1 1 1 0 ]
d_19_15=3.588829311111 eijMax=7.555E-03 rmsd=1.238E+01 s=[ 0 0 0 1 0 1 0 1 1 0 1 1 1 0 1 1 1 0 0 0 1 0 1 1 1 0 ]
d_19_15=3.615091937374 eijMax=2.155E-03 rmsd=4.401E+00 s=[ 0 0 0 1 0 1 0 1 1 0 1 1 1 0 0 1 0 0 0 0 1 0 0 0 0 1 ]
d_19_15=3.617112139394 eijMax=8.408E-03 rmsd=3.955E+00 s=[ 0 0 0 1 0 1 0 1 1 0 1 1 1 0 0 1 0 1 1 1 0 0 0 0 0 1 ]
d_19_15=3.627213149495 eijMax=2.171E-03 rmsd=7.471E+00 s=[ 0 0 0 1 0 1 0 1 1 0 1 1 1 0 1 1 0 0 0 0 1 1 1 1 1 0 ]
d_19_15=3.477718200000 eijMax=1.601E-03 rmsd=1.157E+01 s=[ 0 0 0 1 0 1 0 1 1 0 1 1 1 1 1 1 1 1 1 1 0 1 0 0 0 1 ]
d_19_15=3.479738402020 eijMax=1.210E-03 rmsd=1.156E+01 s=[ 0 0 0 1 0 1 0 1 1 0 1 1 1 1 1 1 1 1 1 1 0 1 0 0 0 1 ]
d_19_15=3.481758604040 eijMax=1.037E-03 rmsd=1.156E+01 s=[ 0 0 0 1 0 1 0 1 1 0 1 1 1 1 1 1 1 1 1 1 0 1 0 0 0 1 ]
d_19_15=3.483778806061 eijMax=1.096E-03 rmsd=1.155E+01 s=[ 0 0 0 1 0 1 0 1 1 0 1 1 1 1 1 1 1 1 1 1 0 1 0 0 0 1 ]
d_19_15=3.485799008081 eijMax=1.403E-03 rmsd=1.154E+01 s=[ 0 0 0 1 0 1 0 1 1 0 1 1 1 1 1 1 1 1 1 1 0 1 0 0 0 1 ]
d_19_15=3.487819210101 eijMax=4.245E-03 rmsd=1.255E+01 s=[ 0 0 0 1 0 1 0 1 1 0 1 1 1 1 1 1 1 1 1 1 0 0 0 0 0 1 ]
d_19_15=3.487819210101 eijMax=1.974E-03 rmsd=1.152E+01 s=[ 0 0 0 1 0 1 0 1 1 0 1 1 1 1 1 1 1 1 1 1 0 1 0 0 0 1 ]
d_19_15=3.489839412121 eijMax=3.711E-03 rmsd=1.253E+01 s=[ 0 0 0 1 0 1 0 1 1 0 1 1 1 1 1 1 1 1 1 1 0 0 0 0 0 1 ]
d_19_15=3.489839412121 eijMax=2.825E-03 rmsd=1.151E+01 s=[ 0 0 0 1 0 1 0 1 1 0 1 1 1 1 1 1 1 1 1 1 0 1 0 0 0 1 ]
d_19_15=3.491859614141 eijMax=3.974E-03 rmsd=1.150E+01 s=[ 0 0 0 1 0 1 0 1 1 0 1 1 1 1 1 1 1 1 1 1 0 1 0 0 0 1 ]
d_19_15=3.493879816162 eijMax=5.435E-03 rmsd=1.148E+01 s=[ 0 0 0 1 0 1 0 1 1 0 1 1 1 1 1 1 1 1 1 1 0 1 0 0 0 1 ]
d_19_15=3.495900018182 eijMax=7.226E-03 rmsd=1.147E+01 s=[ 0 0 0 1 0 1 0 1 1 0 1 1 1 1 1 1 1 1 1 1 0 1 0 0 0 1 ]
d_19_15=3.497920220202 eijMax=9.361E-03 rmsd=1.145E+01 s=[ 0 0 0 1 0 1 0 1 1 0 1 1 1 1 1 1 1 1 1 1 0 1 0 0 0 1 ]
d_19_15=3.503980826263 eijMax=3.587E-03 rmsd=9.018E+00 s=[ 0 0 0 1 0 1 0 1 1 0 1 1 1 1 1 0 0 1 1 1 0 1 0 0 0 1 ]
d_19_15=3.508021230303 eijMax=7.549E-03 rmsd=9.322E+00 s=[ 0 0 0 1 0 1 0 1 1 0 1 1 1 1 1 0 0 0 0 0 1 0 1 1 1 0 ]
d_19_15=3.510041432323 eijMax=9.347E-03 rmsd=3.680E+00 s=[ 0 0 0 1 0 1 0 1 1 0 1 1 1 1 0 1 0 0 0 0 1 0 1 1 1 0 ]
d_19_15=3.510041432323 eijMax=1.482E-03 rmsd=9.322E+00 s=[ 0 0 0 1 0 1 0 1 1 0 1 1 1 1 1 0 0 0 0 0 1 0 1 1 1 0 ]
d_19_15=3.512061634343 eijMax=1.704E-03 rmsd=3.649E+00 s=[ 0 0 0 1 0 1 0 1 1 0 1 1 1 1 0 1 0 0 0 0 1 0 1 1 1 0 ]
d_19_15=3.512061634343 eijMax=5.758E-03 rmsd=9.321E+00 s=[ 0 0 0 1 0 1 0 1 1 0 1 1 1 1 1 0 0 0 0 0 1 0 1 1 1 0 ]
d_19_15=3.564586886869 eijMax=1.821E-03 rmsd=7.634E+00 s=[ 0 0 0 1 0 1 0 1 1 0 1 1 1 1 0 1 0 0 0 0 1 1 0 0 0 1 ]
d_19_15=3.582768705051 eijMax=7.424E-03 rmsd=1.431E+00 s=[ 0 0 0 1 0 1 0 1 1 0 1 1 1 1 0 1 0 1 1 1 0 1 1 1 1 0 ]
d_19_15=3.586809109091 eijMax=3.543E-03 rmsd=1.238E+01 s=[ 0 0 0 1 0 1 0 1 1 0 1 1 1 1 1 1 1 0 0 0 1 0 1 1 1 0 ]
d_19_15=3.588829311111 eijMax=9.509E-03 rmsd=1.238E+01 s=[ 0 0 0 1 0 1 0 1 1 0 1 1 1 1 1 1 1 0 0 0 1 0 1 1 1 0 ]
d_19_15=3.615091937374 eijMax=9.311E-04 rmsd=4.389E+00 s=[ 0 0 0 1 0 1 0 1 1 0 1 1 1 1 0 1 0 0 0 0 1 0 0 0 0 1 ]
d_19_15=3.627213149495 eijMax=1.557E-03 rmsd=7.466E+00 s=[ 0 0 0 1 0 1 0 1 1 0 1 1 1 1 1 1 0 0 0 0 1 1 1 1 1 0 ]
num ..... 100
nnodes .. 26
nedges .. 130
nsols ... 106
nnonhsols 106
tsecs ... 5.774237
