order:    [ 1 13 14 0 25 24 23 22 21 20 18 17 16 19 15 12 7 8 11 10 9 6 2 5 4 3 ]
atoms:    [ CA CA C N C CA N C CA N C CA N H HA N CA C C CA N N C C CA N ]
residues: [ 0 4 4 0 7 7 7 6 6 6 5 5 5 5 4 4 2 2 3 3 3 2 0 1 1 1 ]

We use a different pair of symbles to represent the bits values which are associated with the HA and H of the discretized distance, and another one to represent the bits of other hydrogens.
For the HA and H from the discretized distance:
	"+" means 0
	"-" means 1
For any other hydrogens:
	">" means 0
	"<" means 1

d_19_15=3.477718200000 s=[ 0 0 0 0 1 0 1 0 0 1 0 0 0 + + 0 0 0 0 0 1 0 1 1 1 0 ]

d_19_15=3.479738402020 s=[ 0 0 0 0 1 0 1 0 0 1 0 0 0 + + 0 0 0 0 0 1 0 1 1 1 0 ]

d_19_15=3.481758604040 s=[ 0 0 0 0 1 0 1 0 0 1 0 0 0 + + 0 0 0 0 0 1 0 1 1 1 0 ]

d_19_15=3.483778806061 s=[ 0 0 0 0 1 0 1 0 0 1 0 0 0 + + 0 0 0 0 0 1 0 1 1 1 0 ]

d_19_15=3.485799008081 s=[ 0 0 0 0 1 0 1 0 0 1 0 0 0 + + 0 0 0 0 0 1 0 1 1 1 0 ]

d_19_15=3.487819210101 s=[ 0 0 0 0 1 0 1 0 0 1 0 0 0 + + 0 0 0 0 0 1 0 1 1 1 0 ]

d_19_15=3.487819210101 s=[ 0 0 0 0 1 0 1 0 0 1 0 0 0 + + 0 0 0 0 0 1 1 1 1 1 0 ]

d_19_15=3.489839412121 s=[ 0 0 0 0 1 0 1 0 0 1 0 0 0 + + 0 0 0 0 0 1 0 1 1 1 0 ]

d_19_15=3.489839412121 s=[ 0 0 0 0 1 0 1 0 0 1 0 0 0 + + 0 0 0 0 0 1 1 1 1 1 0 ]

d_19_15=3.491859614141 s=[ 0 0 0 0 1 0 1 0 0 1 0 0 0 + + 0 0 0 0 0 1 0 1 1 1 0 ]

d_19_15=3.493879816162 s=[ 0 0 0 0 1 0 1 0 0 1 0 0 0 + + 0 0 0 0 0 1 0 1 1 1 0 ]

d_19_15=3.495900018182 s=[ 0 0 0 0 1 0 1 0 0 1 0 0 0 + + 0 0 0 0 0 1 0 1 1 1 0 ]

d_19_15=3.497920220202 s=[ 0 0 0 0 1 0 1 0 0 1 0 0 0 + + 0 0 0 0 0 1 0 1 1 1 0 ]

d_19_15=3.503980826263 s=[ 0 0 0 0 1 0 1 0 0 1 0 0 0 + + 1 1 0 0 0 1 0 1 1 1 0 ]

d_19_15=3.508021230303 s=[ 0 0 0 0 1 0 1 0 0 1 0 0 0 + + 1 1 1 1 1 0 1 0 0 0 1 ]

d_19_15=3.510041432323 s=[ 0 0 0 0 1 0 1 0 0 1 0 0 0 + + 1 1 1 1 1 0 1 0 0 0 1 ]

d_19_15=3.510041432323 s=[ 0 0 0 0 1 0 1 0 0 1 0 0 0 + - 0 1 1 1 1 0 1 0 0 0 1 ]

d_19_15=3.512061634343 s=[ 0 0 0 0 1 0 1 0 0 1 0 0 0 + + 1 1 1 1 1 0 1 0 0 0 1 ]

d_19_15=3.512061634343 s=[ 0 0 0 0 1 0 1 0 0 1 0 0 0 + - 0 1 1 1 1 0 1 0 0 0 1 ]

d_19_15=3.564586886869 s=[ 0 0 0 0 1 0 1 0 0 1 0 0 0 + - 0 1 1 1 1 0 0 1 1 1 0 ]

d_19_15=3.582768705051 s=[ 0 0 0 0 1 0 1 0 0 1 0 0 0 + - 0 1 0 0 0 1 0 0 0 0 1 ]

d_19_15=3.586809109091 s=[ 0 0 0 0 1 0 1 0 0 1 0 0 0 + + 0 0 1 1 1 0 1 0 0 0 1 ]

d_19_15=3.588829311111 s=[ 0 0 0 0 1 0 1 0 0 1 0 0 0 + + 0 0 1 1 1 0 1 0 0 0 1 ]

d_19_15=3.615091937374 s=[ 0 0 0 0 1 0 1 0 0 1 0 0 0 + - 0 1 1 1 1 0 1 1 1 1 0 ]

d_19_15=3.627213149495 s=[ 0 0 0 0 1 0 1 0 0 1 0 0 0 + + 0 1 1 1 1 0 0 0 0 0 1 ]

d_19_15=3.477718200000 s=[ 0 0 0 0 1 0 1 0 0 1 0 0 0 - + 0 0 0 0 0 1 0 1 1 1 0 ]

d_19_15=3.479738402020 s=[ 0 0 0 0 1 0 1 0 0 1 0 0 0 - + 0 0 0 0 0 1 0 1 1 1 0 ]

d_19_15=3.481758604040 s=[ 0 0 0 0 1 0 1 0 0 1 0 0 0 - + 0 0 0 0 0 1 0 1 1 1 0 ]

d_19_15=3.483778806061 s=[ 0 0 0 0 1 0 1 0 0 1 0 0 0 - + 0 0 0 0 0 1 0 1 1 1 0 ]

d_19_15=3.485799008081 s=[ 0 0 0 0 1 0 1 0 0 1 0 0 0 - + 0 0 0 0 0 1 0 1 1 1 0 ]

d_19_15=3.487819210101 s=[ 0 0 0 0 1 0 1 0 0 1 0 0 0 - + 0 0 0 0 0 1 0 1 1 1 0 ]

d_19_15=3.487819210101 s=[ 0 0 0 0 1 0 1 0 0 1 0 0 0 - + 0 0 0 0 0 1 1 1 1 1 0 ]

d_19_15=3.489839412121 s=[ 0 0 0 0 1 0 1 0 0 1 0 0 0 - + 0 0 0 0 0 1 0 1 1 1 0 ]

d_19_15=3.489839412121 s=[ 0 0 0 0 1 0 1 0 0 1 0 0 0 - + 0 0 0 0 0 1 1 1 1 1 0 ]

d_19_15=3.491859614141 s=[ 0 0 0 0 1 0 1 0 0 1 0 0 0 - + 0 0 0 0 0 1 0 1 1 1 0 ]

d_19_15=3.491859614141 s=[ 0 0 0 0 1 0 1 0 0 1 0 0 0 - + 0 0 0 0 0 1 1 1 1 1 0 ]

d_19_15=3.493879816162 s=[ 0 0 0 0 1 0 1 0 0 1 0 0 0 - + 0 0 0 0 0 1 0 1 1 1 0 ]

d_19_15=3.495900018182 s=[ 0 0 0 0 1 0 1 0 0 1 0 0 0 - + 0 0 0 0 0 1 0 1 1 1 0 ]

d_19_15=3.497920220202 s=[ 0 0 0 0 1 0 1 0 0 1 0 0 0 - + 0 0 0 0 0 1 0 1 1 1 0 ]

d_19_15=3.503980826263 s=[ 0 0 0 0 1 0 1 0 0 1 0 0 0 - + 1 1 0 0 0 1 0 1 1 1 0 ]

d_19_15=3.503980826263 s=[ 0 0 0 0 1 0 1 0 0 1 0 0 0 - + 1 1 1 1 1 0 0 1 1 1 0 ]

d_19_15=3.508021230303 s=[ 0 0 0 0 1 0 1 0 0 1 0 0 0 - + 1 1 1 1 1 0 1 0 0 0 1 ]

d_19_15=3.510041432323 s=[ 0 0 0 0 1 0 1 0 0 1 0 0 0 - + 1 1 1 1 1 0 1 0 0 0 1 ]

d_19_15=3.510041432323 s=[ 0 0 0 0 1 0 1 0 0 1 0 0 0 - - 0 1 1 1 1 0 1 0 0 0 1 ]

d_19_15=3.512061634343 s=[ 0 0 0 0 1 0 1 0 0 1 0 0 0 - + 1 1 1 1 1 0 1 0 0 0 1 ]

d_19_15=3.512061634343 s=[ 0 0 0 0 1 0 1 0 0 1 0 0 0 - - 0 1 1 1 1 0 1 0 0 0 1 ]

d_19_15=3.554485876768 s=[ 0 0 0 0 1 0 1 0 0 1 0 0 0 - - 0 1 0 0 0 1 1 0 0 0 1 ]

d_19_15=3.564586886869 s=[ 0 0 0 0 1 0 1 0 0 1 0 0 0 - - 0 1 1 1 1 0 0 1 1 1 0 ]

d_19_15=3.586809109091 s=[ 0 0 0 0 1 0 1 0 0 1 0 0 0 - + 0 0 1 1 1 0 1 0 0 0 1 ]

d_19_15=3.588829311111 s=[ 0 0 0 0 1 0 1 0 0 1 0 0 0 - + 0 0 1 1 1 0 1 0 0 0 1 ]

d_19_15=3.615091937374 s=[ 0 0 0 0 1 0 1 0 0 1 0 0 0 - - 0 1 1 1 1 0 1 1 1 1 0 ]

d_19_15=3.617112139394 s=[ 0 0 0 0 1 0 1 0 0 1 0 0 0 - - 0 1 0 0 0 1 1 1 1 1 0 ]

d_19_15=3.627213149495 s=[ 0 0 0 0 1 0 1 0 0 1 0 0 0 - + 0 1 1 1 1 0 0 0 0 0 1 ]

d_19_15=3.477718200000 s=[ 0 0 0 1 0 1 0 1 1 0 1 1 1 + - 1 1 1 1 1 0 1 0 0 0 1 ]

d_19_15=3.479738402020 s=[ 0 0 0 1 0 1 0 1 1 0 1 1 1 + - 1 1 1 1 1 0 1 0 0 0 1 ]

d_19_15=3.481758604040 s=[ 0 0 0 1 0 1 0 1 1 0 1 1 1 + - 1 1 1 1 1 0 1 0 0 0 1 ]

d_19_15=3.483778806061 s=[ 0 0 0 1 0 1 0 1 1 0 1 1 1 + - 1 1 1 1 1 0 1 0 0 0 1 ]

d_19_15=3.485799008081 s=[ 0 0 0 1 0 1 0 1 1 0 1 1 1 + - 1 1 1 1 1 0 1 0 0 0 1 ]

d_19_15=3.487819210101 s=[ 0 0 0 1 0 1 0 1 1 0 1 1 1 + - 1 1 1 1 1 0 0 0 0 0 1 ]

d_19_15=3.487819210101 s=[ 0 0 0 1 0 1 0 1 1 0 1 1 1 + - 1 1 1 1 1 0 1 0 0 0 1 ]

d_19_15=3.489839412121 s=[ 0 0 0 1 0 1 0 1 1 0 1 1 1 + - 1 1 1 1 1 0 0 0 0 0 1 ]

d_19_15=3.489839412121 s=[ 0 0 0 1 0 1 0 1 1 0 1 1 1 + - 1 1 1 1 1 0 1 0 0 0 1 ]

d_19_15=3.491859614141 s=[ 0 0 0 1 0 1 0 1 1 0 1 1 1 + - 1 1 1 1 1 0 0 0 0 0 1 ]

d_19_15=3.491859614141 s=[ 0 0 0 1 0 1 0 1 1 0 1 1 1 + - 1 1 1 1 1 0 1 0 0 0 1 ]

d_19_15=3.493879816162 s=[ 0 0 0 1 0 1 0 1 1 0 1 1 1 + - 1 1 1 1 1 0 1 0 0 0 1 ]

d_19_15=3.495900018182 s=[ 0 0 0 1 0 1 0 1 1 0 1 1 1 + - 1 1 1 1 1 0 1 0 0 0 1 ]

d_19_15=3.497920220202 s=[ 0 0 0 1 0 1 0 1 1 0 1 1 1 + - 1 1 1 1 1 0 1 0 0 0 1 ]

d_19_15=3.503980826263 s=[ 0 0 0 1 0 1 0 1 1 0 1 1 1 + - 0 0 0 0 0 1 1 0 0 0 1 ]

d_19_15=3.503980826263 s=[ 0 0 0 1 0 1 0 1 1 0 1 1 1 + - 0 0 1 1 1 0 1 0 0 0 1 ]

d_19_15=3.508021230303 s=[ 0 0 0 1 0 1 0 1 1 0 1 1 1 + - 0 0 0 0 0 1 0 1 1 1 0 ]

d_19_15=3.510041432323 s=[ 0 0 0 1 0 1 0 1 1 0 1 1 1 + + 1 0 0 0 0 1 0 1 1 1 0 ]

d_19_15=3.510041432323 s=[ 0 0 0 1 0 1 0 1 1 0 1 1 1 + - 0 0 0 0 0 1 0 1 1 1 0 ]

d_19_15=3.512061634343 s=[ 0 0 0 1 0 1 0 1 1 0 1 1 1 + + 1 0 0 0 0 1 0 1 1 1 0 ]

d_19_15=3.512061634343 s=[ 0 0 0 1 0 1 0 1 1 0 1 1 1 + - 0 0 0 0 0 1 0 1 1 1 0 ]

d_19_15=3.554485876768 s=[ 0 0 0 1 0 1 0 1 1 0 1 1 1 + + 1 0 1 1 1 0 0 1 1 1 0 ]

d_19_15=3.564586886869 s=[ 0 0 0 1 0 1 0 1 1 0 1 1 1 + + 1 0 0 0 0 1 1 0 0 0 1 ]

d_19_15=3.586809109091 s=[ 0 0 0 1 0 1 0 1 1 0 1 1 1 + - 1 1 0 0 0 1 0 1 1 1 0 ]

d_19_15=3.588829311111 s=[ 0 0 0 1 0 1 0 1 1 0 1 1 1 + - 1 1 0 0 0 1 0 1 1 1 0 ]

d_19_15=3.615091937374 s=[ 0 0 0 1 0 1 0 1 1 0 1 1 1 + + 1 0 0 0 0 1 0 0 0 0 1 ]

d_19_15=3.617112139394 s=[ 0 0 0 1 0 1 0 1 1 0 1 1 1 + + 1 0 1 1 1 0 0 0 0 0 1 ]

d_19_15=3.627213149495 s=[ 0 0 0 1 0 1 0 1 1 0 1 1 1 + - 1 0 0 0 0 1 1 1 1 1 0 ]

d_19_15=3.477718200000 s=[ 0 0 0 1 0 1 0 1 1 0 1 1 1 - - 1 1 1 1 1 0 1 0 0 0 1 ]

d_19_15=3.479738402020 s=[ 0 0 0 1 0 1 0 1 1 0 1 1 1 - - 1 1 1 1 1 0 1 0 0 0 1 ]

d_19_15=3.481758604040 s=[ 0 0 0 1 0 1 0 1 1 0 1 1 1 - - 1 1 1 1 1 0 1 0 0 0 1 ]

d_19_15=3.483778806061 s=[ 0 0 0 1 0 1 0 1 1 0 1 1 1 - - 1 1 1 1 1 0 1 0 0 0 1 ]

d_19_15=3.485799008081 s=[ 0 0 0 1 0 1 0 1 1 0 1 1 1 - - 1 1 1 1 1 0 1 0 0 0 1 ]

d_19_15=3.487819210101 s=[ 0 0 0 1 0 1 0 1 1 0 1 1 1 - - 1 1 1 1 1 0 0 0 0 0 1 ]

d_19_15=3.487819210101 s=[ 0 0 0 1 0 1 0 1 1 0 1 1 1 - - 1 1 1 1 1 0 1 0 0 0 1 ]

d_19_15=3.489839412121 s=[ 0 0 0 1 0 1 0 1 1 0 1 1 1 - - 1 1 1 1 1 0 0 0 0 0 1 ]

d_19_15=3.489839412121 s=[ 0 0 0 1 0 1 0 1 1 0 1 1 1 - - 1 1 1 1 1 0 1 0 0 0 1 ]

d_19_15=3.491859614141 s=[ 0 0 0 1 0 1 0 1 1 0 1 1 1 - - 1 1 1 1 1 0 1 0 0 0 1 ]

d_19_15=3.493879816162 s=[ 0 0 0 1 0 1 0 1 1 0 1 1 1 - - 1 1 1 1 1 0 1 0 0 0 1 ]

d_19_15=3.495900018182 s=[ 0 0 0 1 0 1 0 1 1 0 1 1 1 - - 1 1 1 1 1 0 1 0 0 0 1 ]

d_19_15=3.497920220202 s=[ 0 0 0 1 0 1 0 1 1 0 1 1 1 - - 1 1 1 1 1 0 1 0 0 0 1 ]

d_19_15=3.503980826263 s=[ 0 0 0 1 0 1 0 1 1 0 1 1 1 - - 0 0 1 1 1 0 1 0 0 0 1 ]

d_19_15=3.508021230303 s=[ 0 0 0 1 0 1 0 1 1 0 1 1 1 - - 0 0 0 0 0 1 0 1 1 1 0 ]

d_19_15=3.510041432323 s=[ 0 0 0 1 0 1 0 1 1 0 1 1 1 - + 1 0 0 0 0 1 0 1 1 1 0 ]

d_19_15=3.510041432323 s=[ 0 0 0 1 0 1 0 1 1 0 1 1 1 - - 0 0 0 0 0 1 0 1 1 1 0 ]

d_19_15=3.512061634343 s=[ 0 0 0 1 0 1 0 1 1 0 1 1 1 - + 1 0 0 0 0 1 0 1 1 1 0 ]

d_19_15=3.512061634343 s=[ 0 0 0 1 0 1 0 1 1 0 1 1 1 - - 0 0 0 0 0 1 0 1 1 1 0 ]

d_19_15=3.564586886869 s=[ 0 0 0 1 0 1 0 1 1 0 1 1 1 - + 1 0 0 0 0 1 1 0 0 0 1 ]

d_19_15=3.582768705051 s=[ 0 0 0 1 0 1 0 1 1 0 1 1 1 - + 1 0 1 1 1 0 1 1 1 1 0 ]

d_19_15=3.586809109091 s=[ 0 0 0 1 0 1 0 1 1 0 1 1 1 - - 1 1 0 0 0 1 0 1 1 1 0 ]

d_19_15=3.588829311111 s=[ 0 0 0 1 0 1 0 1 1 0 1 1 1 - - 1 1 0 0 0 1 0 1 1 1 0 ]

d_19_15=3.615091937374 s=[ 0 0 0 1 0 1 0 1 1 0 1 1 1 - + 1 0 0 0 0 1 0 0 0 0 1 ]

d_19_15=3.627213149495 s=[ 0 0 0 1 0 1 0 1 1 0 1 1 1 - - 1 0 0 0 0 1 1 1 1 1 0 ]

