order:    [ 1 13 14 0 25 24 23 22 21 20 18 17 16 19 15 12 7 8 11 10 9 6 2 5 4 3 ]
atoms:    [ CA CA C N C CA N C CA N C CA N H HA N CA C C CA N N C C CA N ]
residues: [ 0 4 4 0 7 7 7 6 6 6 5 5 5 5 4 4 2 2 3 3 3 2 0 1 1 1 ]

We use a different pair of symbles to represent the bits values which are associated with the HA and H of the discretized distance, and another one to represent the bits of other hydrogens.
For the HA and H from the discretized distance:
	"+" means 0
	"-" means 1
For any other hydrogens:
	">" means 0
	"<" means 1

d_19_15=3.293283332222 s=[ 0 0 0 0 0 0 1 0 0 0 1 0 0 + + 1 0 0 0 0 1 1 0 1 1 1 ] xyz12=( 18.492497, 33.864195, 9.489290 )

d_19_15=3.315505554444 s=[ 0 0 0 0 0 0 1 0 0 0 1 0 0 + + 1 0 0 0 0 1 1 0 1 1 1 ] xyz12=( 18.483467, 33.914443, 9.512681 )

d_19_15=3.337727776667 s=[ 0 0 0 0 0 0 1 0 0 0 1 0 0 + - 0 0 0 0 0 1 1 0 1 1 1 ] xyz12=( 18.547440, 33.679448, 9.398951 )

d_19_15=3.359949998889 s=[ 0 0 0 0 0 0 1 0 0 0 1 0 0 + - 0 0 0 0 0 1 0 1 1 1 1 ] xyz12=( 18.568743, 33.629429, 9.373211 )

d_19_15=3.359949998889 s=[ 0 0 0 0 0 0 1 0 0 0 1 0 0 + - 0 0 0 0 0 1 1 0 1 1 1 ] xyz12=( 18.568743, 33.629429, 9.373211 )

d_19_15=3.382172221111 s=[ 0 0 0 0 0 0 1 0 0 0 1 0 0 + - 0 0 0 0 0 1 1 0 1 1 1 ] xyz12=( 18.593555, 33.578554, 9.346403 )

d_19_15=3.404394443333 s=[ 0 0 0 0 0 0 1 0 0 0 1 0 0 + - 0 0 0 0 0 1 1 0 1 1 1 ] xyz12=( 18.622336, 33.526750, 9.318406 )

d_19_15=3.426616665556 s=[ 0 0 0 0 0 0 1 0 0 0 1 0 0 + - 0 0 0 0 0 1 1 0 1 1 1 ] xyz12=( 18.655677, 33.473925, 9.289061 )

d_19_15=3.448838887778 s=[ 0 0 0 0 0 0 1 0 0 0 1 0 0 + + 0 0 0 0 0 1 0 1 0 0 0 ] xyz12=( 20.400648, 33.153939, 8.803752 )

d_19_15=3.471061110000 s=[ 0 0 0 0 0 0 1 0 0 0 1 0 0 + + 0 0 0 0 0 1 0 1 1 1 1 ] xyz12=( 20.331701, 33.116441, 8.801381 )

d_19_15=3.471061110000 s=[ 0 0 0 0 0 0 1 0 0 0 1 0 0 + + 0 1 1 1 1 0 1 0 1 1 1 ] xyz12=( 20.331701, 33.116441, 8.801381 )

d_19_15=3.471061110000 s=[ 0 0 0 0 0 0 1 0 0 0 1 0 0 + - 0 0 0 0 0 1 1 0 1 1 1 ] xyz12=( 18.739496, 33.364674, 9.225408 )

d_19_15=3.293283332222 s=[ 0 0 0 1 1 1 0 1 1 1 0 1 1 + - 0 1 1 1 1 0 0 1 0 0 0 ] xyz12=( 20.064232, 33.011632, 8.809655 )

d_19_15=3.315505554444 s=[ 0 0 0 1 1 1 0 1 1 1 0 1 1 + - 0 1 1 1 1 0 0 1 0 0 0 ] xyz12=( 20.117855, 33.027894, 8.805956 )

d_19_15=3.337727776667 s=[ 0 0 0 1 1 1 0 1 1 1 0 1 1 + + 1 1 1 1 1 0 0 1 0 0 0 ] xyz12=( 19.856931, 32.969135, 8.832713 )

d_19_15=3.359949998889 s=[ 0 0 0 1 1 1 0 1 1 1 0 1 1 + + 1 1 1 1 1 0 0 1 0 0 0 ] xyz12=( 19.797807, 32.962743, 8.841751 )

d_19_15=3.359949998889 s=[ 0 0 0 1 1 1 0 1 1 1 0 1 1 + + 1 1 1 1 1 0 1 0 0 0 0 ] xyz12=( 19.797807, 32.962743, 8.841751 )

d_19_15=3.382172221111 s=[ 0 0 0 1 1 1 0 1 1 1 0 1 1 + + 1 1 1 1 1 0 0 1 0 0 0 ] xyz12=( 19.736203, 32.958743, 8.852311 )

d_19_15=3.404394443333 s=[ 0 0 0 1 1 1 0 1 1 1 0 1 1 + + 1 1 1 1 1 0 0 1 0 0 0 ] xyz12=( 19.671834, 32.957466, 8.864592 )

d_19_15=3.426616665556 s=[ 0 0 0 1 1 1 0 1 1 1 0 1 1 + + 1 1 1 1 1 0 0 1 0 0 0 ] xyz12=( 19.604333, 32.959341, 8.878853 )

d_19_15=3.448838887778 s=[ 0 0 0 1 1 1 0 1 1 1 0 1 1 + - 1 1 1 1 1 0 1 0 1 1 1 ] xyz12=( 18.475451, 34.198232, 9.636227 )

d_19_15=3.471061110000 s=[ 0 0 0 1 1 1 0 1 1 1 0 1 1 + + 1 1 1 1 1 0 0 1 0 0 0 ] xyz12=( 19.457794, 32.975045, 8.914809 )

d_19_15=3.471061110000 s=[ 0 0 0 1 1 1 0 1 1 1 0 1 1 + - 1 0 0 0 0 1 0 1 0 0 0 ] xyz12=( 18.470751, 34.125884, 9.606075 )

d_19_15=3.471061110000 s=[ 0 0 0 1 1 1 0 1 1 1 0 1 1 + - 1 1 1 1 1 0 1 0 0 0 0 ] xyz12=( 18.470751, 34.125884, 9.606075 )

