xyz12=( 18.493500 33.859327 9.486998 )
xyz12=( 18.493408 33.859769 9.487206 )
xyz12=( 18.493316 33.860211 9.487414 )
xyz12=( 18.493224 33.860653 9.487623 )
xyz12=( 18.493133 33.861095 9.487831 )
xyz12=( 18.493042 33.861538 9.488039 )
xyz12=( 18.492950 33.861980 9.488248 )
xyz12=( 18.492859 33.862423 9.488456 )
xyz12=( 18.492769 33.862866 9.488664 )
xyz12=( 18.492678 33.863309 9.488873 )
xyz12=( 18.492587 33.863752 9.489081 )
xyz12=( 18.492497 33.864195 9.489290 )
xyz12=( 18.492407 33.864639 9.489498 )
xyz12=( 18.492317 33.865082 9.489707 )
xyz12=( 18.492227 33.865526 9.489916 )
xyz12=( 18.492137 33.865970 9.490124 )
xyz12=( 18.492047 33.866414 9.490333 )
xyz12=( 18.491958 33.866859 9.490542 )
xyz12=( 18.491868 33.867303 9.490751 )
xyz12=( 18.491779 33.867748 9.490959 )
xyz12=( 18.491690 33.868193 9.491168 )
xyz12=( 18.491602 33.868638 9.491377 )
xyz12=( 18.491513 33.869083 9.491586 )
xyz12=( 18.491424 33.869528 9.491795 )
xyz12=( 18.491336 33.869974 9.492004 )
xyz12=( 18.491248 33.870419 9.492213 )
xyz12=( 18.491160 33.870865 9.492422 )
xyz12=( 18.491072 33.871311 9.492632 )
xyz12=( 18.490984 33.871757 9.492841 )
xyz12=( 18.490897 33.872204 9.493050 )
xyz12=( 18.490809 33.872650 9.493259 )
xyz12=( 18.490722 33.873097 9.493469 )
xyz12=( 18.490635 33.873543 9.493678 )
xyz12=( 18.490548 33.873990 9.493887 )
xyz12=( 18.490461 33.874437 9.494097 )
xyz12=( 18.490375 33.874885 9.494306 )
xyz12=( 18.490288 33.875332 9.494516 )
xyz12=( 18.490202 33.875780 9.494725 )
xyz12=( 18.490116 33.876228 9.494935 )
xyz12=( 18.490030 33.876676 9.495144 )
xyz12=( 18.489944 33.877124 9.495354 )
xyz12=( 18.489858 33.877572 9.495564 )
xyz12=( 18.489773 33.878020 9.495774 )
xyz12=( 18.489687 33.878469 9.495983 )
xyz12=( 18.489602 33.878918 9.496193 )
xyz12=( 18.489517 33.879367 9.496403 )
xyz12=( 18.489432 33.879816 9.496613 )
xyz12=( 18.489348 33.880265 9.496823 )
xyz12=( 18.489263 33.880714 9.497033 )
xyz12=( 18.489179 33.881164 9.497243 )
xyz12=( 18.489095 33.881614 9.497453 )
xyz12=( 18.489011 33.882064 9.497663 )
xyz12=( 18.488927 33.882514 9.497873 )
xyz12=( 18.488843 33.882964 9.498083 )
xyz12=( 18.488760 33.883415 9.498293 )
xyz12=( 18.488676 33.883865 9.498504 )
xyz12=( 18.488593 33.884316 9.498714 )
xyz12=( 18.488510 33.884767 9.498924 )
xyz12=( 18.488427 33.885218 9.499135 )
xyz12=( 18.488344 33.885669 9.499345 )
xyz12=( 18.488262 33.886121 9.499556 )
xyz12=( 18.488179 33.886572 9.499766 )
xyz12=( 18.488097 33.887024 9.499977 )
xyz12=( 18.488015 33.887476 9.500187 )
xyz12=( 18.487933 33.887928 9.500398 )
xyz12=( 18.487851 33.888380 9.500608 )
xyz12=( 18.487770 33.888833 9.500819 )
xyz12=( 18.487688 33.889285 9.501030 )
xyz12=( 18.487607 33.889738 9.501241 )
xyz12=( 18.487526 33.890191 9.501451 )
xyz12=( 18.487445 33.890644 9.501662 )
xyz12=( 18.487364 33.891098 9.501873 )
xyz12=( 18.487284 33.891551 9.502084 )
xyz12=( 18.487203 33.892005 9.502295 )
xyz12=( 18.487123 33.892459 9.502506 )
xyz12=( 18.487043 33.892912 9.502717 )
xyz12=( 18.486963 33.893367 9.502928 )
xyz12=( 18.486883 33.893821 9.503139 )
xyz12=( 18.486804 33.894275 9.503350 )
xyz12=( 18.486724 33.894730 9.503562 )
xyz12=( 18.486645 33.895185 9.503773 )
xyz12=( 18.486566 33.895640 9.503984 )
xyz12=( 18.486487 33.896095 9.504195 )
xyz12=( 18.486408 33.896550 9.504407 )
xyz12=( 18.486329 33.897006 9.504618 )
xyz12=( 18.486251 33.897462 9.504830 )
xyz12=( 18.486173 33.897917 9.505041 )
xyz12=( 18.486095 33.898373 9.505253 )
xyz12=( 18.486017 33.898830 9.505464 )
xyz12=( 18.485939 33.899286 9.505676 )
xyz12=( 18.485861 33.899742 9.505887 )
xyz12=( 18.485784 33.900199 9.506099 )
xyz12=( 18.485707 33.900656 9.506311 )
xyz12=( 18.485629 33.901113 9.506523 )
xyz12=( 18.485553 33.901570 9.506734 )
xyz12=( 18.485476 33.902028 9.506946 )
xyz12=( 18.485399 33.902485 9.507158 )
xyz12=( 18.485323 33.902943 9.507370 )
xyz12=( 18.485246 33.903401 9.507582 )
xyz12=( 18.485170 33.903859 9.507794 )
xyz12=( 18.485094 33.904317 9.508006 )
xyz12=( 18.485019 33.904776 9.508218 )
xyz12=( 18.484943 33.905234 9.508430 )
xyz12=( 18.484868 33.905693 9.508643 )
xyz12=( 18.484792 33.906152 9.508855 )
xyz12=( 18.484717 33.906611 9.509067 )
xyz12=( 18.484642 33.907070 9.509279 )
xyz12=( 18.484568 33.907530 9.509492 )
xyz12=( 18.484493 33.907989 9.509704 )
xyz12=( 18.484419 33.908449 9.509916 )
xyz12=( 18.484344 33.908909 9.510129 )
xyz12=( 18.484270 33.909369 9.510341 )
xyz12=( 18.484197 33.909830 9.510554 )
xyz12=( 18.484123 33.910290 9.510766 )
xyz12=( 18.484049 33.910751 9.510979 )
xyz12=( 18.483976 33.911212 9.511192 )
xyz12=( 18.483903 33.911673 9.511404 )
xyz12=( 18.483830 33.912134 9.511617 )
xyz12=( 18.483757 33.912595 9.511830 )
xyz12=( 18.483684 33.913057 9.512043 )
xyz12=( 18.483612 33.913519 9.512256 )
xyz12=( 18.483539 33.913980 9.512469 )
xyz12=( 18.483467 33.914443 9.512681 )
xyz12=( 18.483395 33.914905 9.512894 )
xyz12=( 18.483323 33.915367 9.513107 )
xyz12=( 18.483252 33.915830 9.513321 )
xyz12=( 18.483180 33.916293 9.513534 )
xyz12=( 18.483109 33.916756 9.513747 )
xyz12=( 18.483038 33.917219 9.513960 )
xyz12=( 18.482967 33.917682 9.514173 )
xyz12=( 18.482896 33.918145 9.514387 )
xyz12=( 18.482825 33.918609 9.514600 )
xyz12=( 18.482755 33.919073 9.514813 )
xyz12=( 18.482685 33.919537 9.515027 )
xyz12=( 18.482614 33.920001 9.515240 )
xyz12=( 18.482545 33.920466 9.515453 )
xyz12=( 18.482475 33.920930 9.515667 )
xyz12=( 18.482405 33.921395 9.515881 )
xyz12=( 18.482336 33.921860 9.516094 )
xyz12=( 18.482267 33.922325 9.516308 )
xyz12=( 18.482198 33.922790 9.516522 )
xyz12=( 18.482129 33.923255 9.516735 )
xyz12=( 18.482060 33.923721 9.516949 )
xyz12=( 18.481992 33.924187 9.517163 )
xyz12=( 18.481923 33.924653 9.517377 )
xyz12=( 18.481855 33.925119 9.517591 )
xyz12=( 18.481787 33.925585 9.517805 )
xyz12=( 18.481719 33.926052 9.518018 )
xyz12=( 18.481652 33.926518 9.518233 )
xyz12=( 18.481584 33.926985 9.518447 )
xyz12=( 18.481517 33.927452 9.518661 )
xyz12=( 18.481450 33.927920 9.518875 )
xyz12=( 18.481383 33.928387 9.519089 )
xyz12=( 18.481316 33.928855 9.519303 )
xyz12=( 18.481249 33.929322 9.519518 )
xyz12=( 18.481183 33.929790 9.519732 )
xyz12=( 18.481117 33.930258 9.519946 )
xyz12=( 18.481051 33.930727 9.520161 )
xyz12=( 18.480985 33.931195 9.520375 )
xyz12=( 18.480919 33.931664 9.520589 )
xyz12=( 18.480854 33.932133 9.520804 )
xyz12=( 18.480788 33.932602 9.521019 )
xyz12=( 18.480723 33.933071 9.521233 )
xyz12=( 18.480658 33.933540 9.521448 )
xyz12=( 18.480593 33.934010 9.521663 )
xyz12=( 18.480529 33.934480 9.521877 )
xyz12=( 18.480464 33.934949 9.522092 )
xyz12=( 18.480400 33.935420 9.522307 )
xyz12=( 18.480336 33.935890 9.522522 )
xyz12=( 18.480272 33.936360 9.522737 )
xyz12=( 18.480208 33.936831 9.522952 )
xyz12=( 18.480145 33.937302 9.523167 )
xyz12=( 18.480082 33.937773 9.523382 )
xyz12=( 18.480018 33.938244 9.523597 )
xyz12=( 18.479955 33.938715 9.523812 )
xyz12=( 18.479893 33.939187 9.524027 )
xyz12=( 18.479830 33.939659 9.524242 )
xyz12=( 18.479767 33.940131 9.524457 )
xyz12=( 18.479705 33.940603 9.524673 )
xyz12=( 18.479643 33.941075 9.524888 )
xyz12=( 18.479581 33.941547 9.525103 )
xyz12=( 18.479519 33.942020 9.525319 )
xyz12=( 18.479458 33.942493 9.525534 )
xyz12=( 18.479397 33.942966 9.525750 )
xyz12=( 18.479335 33.943439 9.525965 )
xyz12=( 18.479274 33.943913 9.526181 )
xyz12=( 18.479214 33.944386 9.526396 )
xyz12=( 18.479153 33.944860 9.526612 )
xyz12=( 18.479092 33.945334 9.526828 )
xyz12=( 18.479032 33.945808 9.527044 )
xyz12=( 18.478972 33.946282 9.527259 )
xyz12=( 18.478912 33.946757 9.527475 )
xyz12=( 18.478853 33.947231 9.527691 )
xyz12=( 18.478793 33.947706 9.527907 )
xyz12=( 18.478734 33.948181 9.528123 )
xyz12=( 18.478674 33.948657 9.528339 )
xyz12=( 18.478616 33.949132 9.528555 )
xyz12=( 18.478557 33.949608 9.528771 )
xyz12=( 18.478498 33.950083 9.528987 )
xyz12=( 18.478440 33.950559 9.529203 )
xyz12=( 18.478381 33.951036 9.529420 )
xyz12=( 18.543773 33.688820 9.403708 )
xyz12=( 18.543945 33.688374 9.403483 )
xyz12=( 18.544118 33.687928 9.403257 )
xyz12=( 18.544290 33.687482 9.403031 )
xyz12=( 18.544463 33.687037 9.402805 )
xyz12=( 18.544636 33.686591 9.402579 )
xyz12=( 18.544636 33.686591 9.402579 )
xyz12=( 18.544809 33.686145 9.402353 )
xyz12=( 18.544809 33.686145 9.402353 )
xyz12=( 18.544983 33.685699 9.402126 )
xyz12=( 18.544983 33.685699 9.402126 )
xyz12=( 18.545157 33.685253 9.401900 )
xyz12=( 18.545157 33.685253 9.401900 )
xyz12=( 18.545331 33.684807 9.401674 )
xyz12=( 18.545331 33.684807 9.401674 )
xyz12=( 18.545505 33.684360 9.401447 )
xyz12=( 18.545505 33.684360 9.401447 )
xyz12=( 18.545680 33.683914 9.401220 )
xyz12=( 18.545680 33.683914 9.401220 )
xyz12=( 18.545855 33.683468 9.400994 )
xyz12=( 18.545855 33.683468 9.400994 )
xyz12=( 18.546030 33.683021 9.400767 )
xyz12=( 18.546030 33.683021 9.400767 )
xyz12=( 18.546205 33.682575 9.400540 )
xyz12=( 18.546205 33.682575 9.400540 )
xyz12=( 18.546381 33.682129 9.400313 )
xyz12=( 18.546381 33.682129 9.400313 )
xyz12=( 18.546557 33.681682 9.400086 )
xyz12=( 18.546557 33.681682 9.400086 )
xyz12=( 18.546733 33.681235 9.399859 )
xyz12=( 18.546733 33.681235 9.399859 )
xyz12=( 18.546909 33.680789 9.399632 )
xyz12=( 18.546909 33.680789 9.399632 )
xyz12=( 18.547086 33.680342 9.399405 )
xyz12=( 18.547086 33.680342 9.399405 )
xyz12=( 18.547263 33.679895 9.399178 )
xyz12=( 18.547440 33.679448 9.398951 )
xyz12=( 18.547617 33.679001 9.398723 )
xyz12=( 18.547795 33.678554 9.398496 )
xyz12=( 18.547973 33.678107 9.398268 )
xyz12=( 18.548151 33.677660 9.398040 )
xyz12=( 18.548330 33.677213 9.397813 )
xyz12=( 18.548508 33.676765 9.397585 )
xyz12=( 18.548687 33.676318 9.397357 )
xyz12=( 18.548866 33.675870 9.397129 )
xyz12=( 18.549046 33.675423 9.396901 )
xyz12=( 18.549226 33.674975 9.396673 )
xyz12=( 18.549405 33.674528 9.396444 )
xyz12=( 18.549586 33.674080 9.396216 )
xyz12=( 18.549766 33.673632 9.395988 )
xyz12=( 18.549947 33.673185 9.395759 )
xyz12=( 18.550128 33.672737 9.395531 )
xyz12=( 18.550309 33.672289 9.395302 )
xyz12=( 18.550491 33.671841 9.395074 )
xyz12=( 18.550672 33.671393 9.394845 )
xyz12=( 18.550854 33.670944 9.394616 )
xyz12=( 18.551037 33.670496 9.394387 )
xyz12=( 18.551219 33.670048 9.394158 )
xyz12=( 18.551402 33.669600 9.393929 )
xyz12=( 18.551585 33.669151 9.393700 )
xyz12=( 18.551768 33.668703 9.393470 )
xyz12=( 18.551952 33.668254 9.393241 )
xyz12=( 18.552136 33.667806 9.393012 )
xyz12=( 18.552320 33.667357 9.392782 )
xyz12=( 18.552504 33.666908 9.392553 )
xyz12=( 18.552689 33.666459 9.392323 )
xyz12=( 18.552874 33.666011 9.392093 )
xyz12=( 18.553059 33.665562 9.391863 )
xyz12=( 18.553244 33.665113 9.391633 )
xyz12=( 18.553430 33.664664 9.391404 )
xyz12=( 18.553616 33.664214 9.391173 )
xyz12=( 18.474866 33.983860 9.544226 )
xyz12=( 18.553802 33.663765 9.390943 )
xyz12=( 18.474821 33.984350 9.544445 )
xyz12=( 18.553989 33.663316 9.390713 )
xyz12=( 18.474776 33.984839 9.544664 )
xyz12=( 18.554175 33.662867 9.390483 )
xyz12=( 18.474731 33.985329 9.544883 )
xyz12=( 18.554362 33.662417 9.390252 )
xyz12=( 18.474687 33.985819 9.545103 )
xyz12=( 18.554550 33.661968 9.390022 )
xyz12=( 18.474643 33.986309 9.545322 )
xyz12=( 18.554737 33.661518 9.389791 )
xyz12=( 18.474599 33.986800 9.545542 )
xyz12=( 18.554925 33.661069 9.389561 )
xyz12=( 18.474555 33.987290 9.545761 )
xyz12=( 18.555113 33.660619 9.389330 )
xyz12=( 18.474511 33.987781 9.545981 )
xyz12=( 18.555301 33.660169 9.389099 )
xyz12=( 18.474468 33.988272 9.546201 )
xyz12=( 18.555490 33.659719 9.388868 )
xyz12=( 18.474425 33.988763 9.546420 )
xyz12=( 18.555679 33.659270 9.388637 )
xyz12=( 18.474382 33.989255 9.546640 )
xyz12=( 18.555868 33.658820 9.388406 )
xyz12=( 18.474339 33.989746 9.546860 )
xyz12=( 18.556057 33.658370 9.388175 )
xyz12=( 18.474296 33.990238 9.547080 )
xyz12=( 18.556247 33.657920 9.387944 )
xyz12=( 18.474254 33.990730 9.547299 )
xyz12=( 18.556437 33.657469 9.387713 )
xyz12=( 18.474212 33.991222 9.547519 )
xyz12=( 18.556627 33.657019 9.387481 )
xyz12=( 18.474170 33.991714 9.547739 )
xyz12=( 18.556818 33.656569 9.387250 )
xyz12=( 18.474128 33.992207 9.547959 )
xyz12=( 18.557008 33.656119 9.387019 )
xyz12=( 18.474086 33.992700 9.548179 )
xyz12=( 18.557199 33.655668 9.386787 )
xyz12=( 18.474045 33.993193 9.548399 )
xyz12=( 18.557390 33.655218 9.386555 )
xyz12=( 18.474004 33.993686 9.548620 )
xyz12=( 18.557582 33.654767 9.386323 )
xyz12=( 18.473963 33.994179 9.548840 )
xyz12=( 18.557774 33.654317 9.386092 )
xyz12=( 18.473922 33.994673 9.549060 )
xyz12=( 18.557966 33.653866 9.385860 )
xyz12=( 18.473881 33.995167 9.549280 )
xyz12=( 18.558158 33.653415 9.385628 )
xyz12=( 18.473841 33.995661 9.549501 )
xyz12=( 18.558351 33.652965 9.385396 )
xyz12=( 18.473801 33.996155 9.549721 )
xyz12=( 18.558544 33.652514 9.385163 )
xyz12=( 18.473761 33.996649 9.549941 )
xyz12=( 18.558737 33.652063 9.384931 )
xyz12=( 18.473721 33.997144 9.550162 )
xyz12=( 18.558930 33.651612 9.384699 )
xyz12=( 18.473681 33.997639 9.550382 )
xyz12=( 18.559124 33.651161 9.384466 )
xyz12=( 18.473642 33.998134 9.550603 )
xyz12=( 18.559318 33.650710 9.384234 )
xyz12=( 18.473603 33.998629 9.550823 )
xyz12=( 18.559512 33.650258 9.384001 )
xyz12=( 18.473564 33.999124 9.551044 )
xyz12=( 18.559706 33.649807 9.383769 )
xyz12=( 18.473525 33.999620 9.551265 )
xyz12=( 18.559901 33.649356 9.383536 )
xyz12=( 18.560096 33.648904 9.383303 )
xyz12=( 18.560292 33.648453 9.383070 )
xyz12=( 18.560487 33.648001 9.382837 )
xyz12=( 18.560683 33.647550 9.382604 )
xyz12=( 18.560879 33.647098 9.382371 )
xyz12=( 18.561075 33.646646 9.382137 )
xyz12=( 18.561272 33.646194 9.381904 )
xyz12=( 18.561469 33.645743 9.381671 )
xyz12=( 18.561666 33.645291 9.381437 )
xyz12=( 18.561864 33.644839 9.381204 )
xyz12=( 18.562062 33.644387 9.380970 )
xyz12=( 18.562260 33.643934 9.380736 )
xyz12=( 18.562458 33.643482 9.380502 )
xyz12=( 18.562656 33.643030 9.380268 )
xyz12=( 18.562855 33.642578 9.380034 )
xyz12=( 18.563054 33.642125 9.379800 )
xyz12=( 18.563254 33.641673 9.379566 )
xyz12=( 18.563454 33.641220 9.379332 )
xyz12=( 18.563654 33.640767 9.379097 )
xyz12=( 18.563854 33.640315 9.378863 )
xyz12=( 18.564054 33.639862 9.378628 )
xyz12=( 18.564255 33.639409 9.378394 )
xyz12=( 18.564456 33.638956 9.378159 )
xyz12=( 18.564657 33.638503 9.377924 )
xyz12=( 18.564859 33.638050 9.377689 )
xyz12=( 18.565061 33.637597 9.377454 )
xyz12=( 18.565263 33.637144 9.377219 )
xyz12=( 18.565466 33.636691 9.376984 )
xyz12=( 18.565668 33.636237 9.376749 )
xyz12=( 18.565871 33.635784 9.376514 )
xyz12=( 18.566075 33.635331 9.376278 )
xyz12=( 18.566075 33.635331 9.376278 )
xyz12=( 18.566278 33.634877 9.376043 )
xyz12=( 18.566278 33.634877 9.376043 )
xyz12=( 18.566482 33.634423 9.375807 )
xyz12=( 18.566482 33.634423 9.375807 )
xyz12=( 18.566686 33.633970 9.375572 )
xyz12=( 18.566686 33.633970 9.375572 )
xyz12=( 18.566891 33.633516 9.375336 )
xyz12=( 18.566891 33.633516 9.375336 )
xyz12=( 18.567096 33.633062 9.375100 )
xyz12=( 18.567096 33.633062 9.375100 )
xyz12=( 18.567301 33.632608 9.374864 )
xyz12=( 18.567301 33.632608 9.374864 )
xyz12=( 18.567506 33.632155 9.374628 )
xyz12=( 18.567506 33.632155 9.374628 )
xyz12=( 18.567711 33.631701 9.374392 )
xyz12=( 18.567711 33.631701 9.374392 )
xyz12=( 18.567917 33.631246 9.374156 )
xyz12=( 18.567917 33.631246 9.374156 )
xyz12=( 18.568123 33.630792 9.373920 )
xyz12=( 18.568123 33.630792 9.373920 )
xyz12=( 18.568330 33.630338 9.373684 )
xyz12=( 18.568330 33.630338 9.373684 )
xyz12=( 18.568536 33.629884 9.373447 )
xyz12=( 18.568536 33.629884 9.373447 )
xyz12=( 18.568743 33.629429 9.373211 )
xyz12=( 18.568743 33.629429 9.373211 )
xyz12=( 18.568951 33.628975 9.372974 )
xyz12=( 18.568951 33.628975 9.372974 )
xyz12=( 18.569158 33.628521 9.372738 )
xyz12=( 18.569158 33.628521 9.372738 )
xyz12=( 18.569366 33.628066 9.372501 )
xyz12=( 18.569366 33.628066 9.372501 )
xyz12=( 18.569574 33.627611 9.372264 )
xyz12=( 18.569574 33.627611 9.372264 )
xyz12=( 18.569783 33.627157 9.372027 )
xyz12=( 18.569783 33.627157 9.372027 )
xyz12=( 18.569991 33.626702 9.371790 )
xyz12=( 18.569991 33.626702 9.371790 )
xyz12=( 18.570200 33.626247 9.371553 )
xyz12=( 18.570200 33.626247 9.371553 )
xyz12=( 18.570409 33.625792 9.371316 )
xyz12=( 18.570409 33.625792 9.371316 )
xyz12=( 18.570619 33.625337 9.371078 )
xyz12=( 18.570619 33.625337 9.371078 )
xyz12=( 18.570829 33.624882 9.370841 )
xyz12=( 18.570829 33.624882 9.370841 )
xyz12=( 18.571039 33.624427 9.370604 )
xyz12=( 18.571039 33.624427 9.370604 )
xyz12=( 18.571249 33.623972 9.370366 )
xyz12=( 18.571249 33.623972 9.370366 )
xyz12=( 18.571460 33.623517 9.370128 )
xyz12=( 18.571460 33.623517 9.370128 )
xyz12=( 18.571671 33.623061 9.369891 )
xyz12=( 18.571882 33.622606 9.369653 )
xyz12=( 18.572094 33.622150 9.369415 )
xyz12=( 18.572306 33.621695 9.369177 )
xyz12=( 18.572518 33.621239 9.368939 )
xyz12=( 18.572730 33.620784 9.368701 )
xyz12=( 18.572943 33.620328 9.368463 )
xyz12=( 18.573156 33.619872 9.368224 )
xyz12=( 18.573369 33.619416 9.367986 )
xyz12=( 18.573583 33.618960 9.367747 )
xyz12=( 18.573797 33.618504 9.367509 )
xyz12=( 18.574011 33.618048 9.367270 )
xyz12=( 18.574225 33.617592 9.367031 )
xyz12=( 18.574440 33.617136 9.366793 )
xyz12=( 18.574655 33.616679 9.366554 )
xyz12=( 18.574870 33.616223 9.366315 )
xyz12=( 18.575086 33.615767 9.366075 )
xyz12=( 18.575302 33.615310 9.365836 )
xyz12=( 18.575518 33.614853 9.365597 )
xyz12=( 18.575735 33.614397 9.365358 )
xyz12=( 18.575952 33.613940 9.365118 )
xyz12=( 18.576169 33.613483 9.364878 )
xyz12=( 18.576386 33.613026 9.364639 )
xyz12=( 18.576604 33.612569 9.364399 )
xyz12=( 18.576822 33.612112 9.364159 )
xyz12=( 18.577040 33.611655 9.363919 )
xyz12=( 18.577259 33.611198 9.363679 )
xyz12=( 18.577477 33.610741 9.363439 )
xyz12=( 18.577697 33.610284 9.363199 )
xyz12=( 18.577916 33.609826 9.362959 )
xyz12=( 18.578136 33.609369 9.362718 )
xyz12=( 18.578356 33.608911 9.362478 )
xyz12=( 18.578576 33.608454 9.362237 )
xyz12=( 18.578797 33.607996 9.361997 )
xyz12=( 18.579018 33.607538 9.361756 )
xyz12=( 18.579239 33.607080 9.361515 )
xyz12=( 18.579461 33.606623 9.361274 )
xyz12=( 18.579683 33.606165 9.361033 )
xyz12=( 18.579905 33.605707 9.360792 )
xyz12=( 18.580127 33.605248 9.360551 )
xyz12=( 18.580350 33.604790 9.360310 )
xyz12=( 18.580573 33.604332 9.360068 )
xyz12=( 18.580796 33.603874 9.359827 )
xyz12=( 18.581020 33.603415 9.359585 )
xyz12=( 20.595407 33.288939 8.822944 )
xyz12=( 18.581244 33.602957 9.359344 )
xyz12=( 20.594973 33.288583 8.822877 )
xyz12=( 18.581468 33.602498 9.359102 )
xyz12=( 20.594540 33.288227 8.822811 )
xyz12=( 18.581693 33.602040 9.358860 )
xyz12=( 20.594106 33.287871 8.822744 )
xyz12=( 18.581918 33.601581 9.358618 )
xyz12=( 20.593671 33.287515 8.822678 )
xyz12=( 18.582143 33.601122 9.358376 )
xyz12=( 20.593237 33.287159 8.822612 )
xyz12=( 18.582368 33.600664 9.358134 )
xyz12=( 20.592802 33.286803 8.822545 )
xyz12=( 18.582594 33.600205 9.357892 )
xyz12=( 20.592367 33.286448 8.822479 )
xyz12=( 18.582820 33.599746 9.357650 )
xyz12=( 20.591931 33.286092 8.822413 )
xyz12=( 18.583047 33.599287 9.357407 )
xyz12=( 20.591495 33.285736 8.822347 )
xyz12=( 18.583273 33.598828 9.357165 )
xyz12=( 20.591059 33.285380 8.822281 )
xyz12=( 18.583500 33.598368 9.356922 )
xyz12=( 20.590622 33.285024 8.822215 )
xyz12=( 18.583728 33.597909 9.356679 )
xyz12=( 20.590185 33.284669 8.822150 )
xyz12=( 18.583955 33.597450 9.356437 )
xyz12=( 20.589748 33.284313 8.822084 )
xyz12=( 18.584183 33.596990 9.356194 )
xyz12=( 18.584411 33.596531 9.355951 )
xyz12=( 18.584640 33.596071 9.355708 )
xyz12=( 18.584869 33.595612 9.355465 )
xyz12=( 18.470441 34.060096 9.577867 )
xyz12=( 18.585098 33.595152 9.355222 )
xyz12=( 18.470429 34.060618 9.578093 )
xyz12=( 18.585327 33.594692 9.354978 )
xyz12=( 18.470417 34.061139 9.578320 )
xyz12=( 18.585557 33.594232 9.354735 )
xyz12=( 18.470405 34.061661 9.578547 )
xyz12=( 18.585787 33.593773 9.354491 )
xyz12=( 18.470393 34.062183 9.578773 )
xyz12=( 18.586018 33.593313 9.354248 )
xyz12=( 18.470381 34.062705 9.579000 )
xyz12=( 18.586248 33.592853 9.354004 )
xyz12=( 18.470370 34.063228 9.579227 )
xyz12=( 18.586479 33.592392 9.353760 )
xyz12=( 18.470359 34.063750 9.579453 )
xyz12=( 18.586711 33.591932 9.353517 )
xyz12=( 18.470348 34.064273 9.579680 )
xyz12=( 18.586942 33.591472 9.353273 )
xyz12=( 18.470337 34.064796 9.579907 )
xyz12=( 18.587174 33.591012 9.353029 )
xyz12=( 18.470327 34.065320 9.580134 )
xyz12=( 18.587406 33.590551 9.352784 )
xyz12=( 18.470317 34.065843 9.580361 )
xyz12=( 18.587639 33.590091 9.352540 )
xyz12=( 18.470307 34.066367 9.580588 )
xyz12=( 18.587872 33.589630 9.352296 )
xyz12=( 18.470297 34.066891 9.580815 )
xyz12=( 18.588105 33.589169 9.352051 )
xyz12=( 18.470288 34.067415 9.581043 )
xyz12=( 18.588339 33.588709 9.351807 )
xyz12=( 18.470279 34.067940 9.581270 )
xyz12=( 18.588572 33.588248 9.351562 )
xyz12=( 18.470270 34.068465 9.581497 )
xyz12=( 18.588806 33.587787 9.351318 )
xyz12=( 18.470261 34.068990 9.581724 )
xyz12=( 18.589041 33.587326 9.351073 )
xyz12=( 18.470253 34.069515 9.581952 )
xyz12=( 18.589276 33.586865 9.350828 )
xyz12=( 18.470245 34.070040 9.582179 )
xyz12=( 18.589511 33.586404 9.350583 )
xyz12=( 18.470237 34.070566 9.582407 )
xyz12=( 18.589746 33.585943 9.350338 )
xyz12=( 18.470229 34.071092 9.582634 )
xyz12=( 18.589982 33.585482 9.350093 )
xyz12=( 18.470221 34.071618 9.582862 )
xyz12=( 18.590218 33.585020 9.349847 )
xyz12=( 18.590454 33.584559 9.349602 )
xyz12=( 18.590691 33.584097 9.349357 )
xyz12=( 18.590928 33.583636 9.349111 )
xyz12=( 18.591165 33.583174 9.348865 )
xyz12=( 18.591403 33.582713 9.348620 )
xyz12=( 18.591641 33.582251 9.348374 )
xyz12=( 18.591879 33.581789 9.348128 )
xyz12=( 18.592117 33.581327 9.347882 )
xyz12=( 18.592356 33.580865 9.347636 )
xyz12=( 18.592595 33.580403 9.347389 )
xyz12=( 18.592835 33.579941 9.347143 )
xyz12=( 18.593075 33.579479 9.346897 )
xyz12=( 18.593315 33.579016 9.346650 )
xyz12=( 18.593555 33.578554 9.346403 )
xyz12=( 18.593796 33.578092 9.346157 )
xyz12=( 18.594037 33.577629 9.345910 )
xyz12=( 18.594279 33.577166 9.345663 )
xyz12=( 18.594520 33.576704 9.345416 )
xyz12=( 18.594763 33.576241 9.345169 )
xyz12=( 18.595005 33.575778 9.344922 )
xyz12=( 18.595248 33.575315 9.344675 )
xyz12=( 18.595491 33.574852 9.344427 )
xyz12=( 20.567929 33.266915 8.818957 )
xyz12=( 18.595734 33.574389 9.344180 )
xyz12=( 20.567475 33.266560 8.818895 )
xyz12=( 18.595978 33.573926 9.343932 )
xyz12=( 20.567021 33.266206 8.818833 )
xyz12=( 18.596222 33.573463 9.343684 )
xyz12=( 20.566567 33.265851 8.818771 )
xyz12=( 18.596466 33.573000 9.343437 )
xyz12=( 20.566113 33.265497 8.818709 )
xyz12=( 18.596711 33.572536 9.343189 )
xyz12=( 20.565658 33.265143 8.818648 )
xyz12=( 18.596956 33.572073 9.342941 )
xyz12=( 20.565202 33.264789 8.818586 )
xyz12=( 18.597201 33.571610 9.342693 )
xyz12=( 18.597447 33.571146 9.342445 )
xyz12=( 18.597693 33.570682 9.342196 )
xyz12=( 18.597939 33.570219 9.341948 )
xyz12=( 18.598186 33.569755 9.341699 )
xyz12=( 18.598433 33.569291 9.341451 )
xyz12=( 18.598680 33.568827 9.341202 )
xyz12=( 18.598928 33.568363 9.340953 )
xyz12=( 18.599176 33.567899 9.340705 )
xyz12=( 18.599424 33.567435 9.340456 )
xyz12=( 18.599672 33.566970 9.340207 )
xyz12=( 18.599921 33.566506 9.339957 )
xyz12=( 18.600171 33.566042 9.339708 )
xyz12=( 18.600420 33.565577 9.339459 )
xyz12=( 18.600670 33.565113 9.339209 )
xyz12=( 18.600920 33.564648 9.338960 )
xyz12=( 18.601171 33.564183 9.338710 )
xyz12=( 18.601422 33.563718 9.338460 )
xyz12=( 18.601673 33.563254 9.338211 )
xyz12=( 20.556487 33.258063 8.817433 )
xyz12=( 18.601925 33.562789 9.337961 )
xyz12=( 20.556025 33.257709 8.817373 )
xyz12=( 18.602177 33.562324 9.337711 )
xyz12=( 20.555563 33.257355 8.817314 )
xyz12=( 18.602429 33.561858 9.337460 )
xyz12=( 20.555100 33.257002 8.817254 )
xyz12=( 18.602682 33.561393 9.337210 )
xyz12=( 20.554637 33.256648 8.817194 )
xyz12=( 18.602935 33.560928 9.336960 )
xyz12=( 20.554173 33.256295 8.817135 )
xyz12=( 18.603188 33.560463 9.336709 )
xyz12=( 20.553710 33.255941 8.817075 )
xyz12=( 18.470181 34.100381 9.595230 )
xyz12=( 18.603442 33.559997 9.336459 )
xyz12=( 20.553245 33.255587 8.817016 )
xyz12=( 18.470188 34.100920 9.595460 )
xyz12=( 18.603696 33.559532 9.336208 )
xyz12=( 20.552781 33.255234 8.816957 )
xyz12=( 18.470194 34.101460 9.595691 )
xyz12=( 18.603950 33.559066 9.335958 )
xyz12=( 20.552316 33.254880 8.816897 )
xyz12=( 18.470201 34.102000 9.595921 )
xyz12=( 18.604204 33.558601 9.335707 )
xyz12=( 20.551851 33.254527 8.816838 )
xyz12=( 18.470208 34.102540 9.596152 )
xyz12=( 18.604459 33.558135 9.335456 )
xyz12=( 20.551385 33.254174 8.816779 )
xyz12=( 18.470215 34.103080 9.596383 )
xyz12=( 18.604715 33.557669 9.335205 )
xyz12=( 20.550919 33.253820 8.816720 )
xyz12=( 18.470222 34.103621 9.596613 )
xyz12=( 18.604970 33.557203 9.334954 )
xyz12=( 20.550453 33.253467 8.816661 )
xyz12=( 20.550453 33.253467 8.816661 )
xyz12=( 18.470230 34.104161 9.596844 )
xyz12=( 18.605226 33.556737 9.334702 )
xyz12=( 20.549986 33.253114 8.816602 )
xyz12=( 20.549986 33.253114 8.816602 )
xyz12=( 18.470238 34.104702 9.597075 )
xyz12=( 18.605483 33.556271 9.334451 )
xyz12=( 20.549519 33.252760 8.816544 )
xyz12=( 20.549519 33.252760 8.816544 )
xyz12=( 18.470246 34.105244 9.597306 )
xyz12=( 18.605739 33.555805 9.334199 )
xyz12=( 20.549052 33.252407 8.816485 )
xyz12=( 20.549052 33.252407 8.816485 )
xyz12=( 18.470255 34.105785 9.597537 )
xyz12=( 18.605996 33.555339 9.333948 )
xyz12=( 20.548584 33.252054 8.816427 )
xyz12=( 20.548584 33.252054 8.816427 )
xyz12=( 18.470263 34.106327 9.597768 )
xyz12=( 18.606254 33.554872 9.333696 )
xyz12=( 20.548116 33.251701 8.816368 )
xyz12=( 20.548116 33.251701 8.816368 )
xyz12=( 18.470273 34.106869 9.597999 )
xyz12=( 18.606511 33.554406 9.333444 )
xyz12=( 20.547647 33.251347 8.816310 )
xyz12=( 20.547647 33.251347 8.816310 )
xyz12=( 18.470282 34.107411 9.598230 )
xyz12=( 18.606769 33.553940 9.333193 )
xyz12=( 18.470291 34.107954 9.598462 )
xyz12=( 18.607028 33.553473 9.332941 )
xyz12=( 18.470301 34.108496 9.598693 )
xyz12=( 18.607287 33.553007 9.332689 )
xyz12=( 18.470311 34.109039 9.598924 )
xyz12=( 18.607546 33.552540 9.332436 )
xyz12=( 18.470322 34.109583 9.599156 )
xyz12=( 18.607805 33.552073 9.332184 )
xyz12=( 18.470332 34.110126 9.599387 )
xyz12=( 18.608065 33.551606 9.331932 )
xyz12=( 18.470343 34.110670 9.599619 )
xyz12=( 18.608325 33.551139 9.331679 )
xyz12=( 18.470354 34.111214 9.599850 )
xyz12=( 18.608585 33.550672 9.331427 )
xyz12=( 18.470366 34.111758 9.600082 )
xyz12=( 18.608846 33.550205 9.331174 )
xyz12=( 18.470377 34.112303 9.600313 )
xyz12=( 18.609107 33.549738 9.330921 )
xyz12=( 18.470389 34.112848 9.600545 )
xyz12=( 18.609369 33.549271 9.330668 )
xyz12=( 18.470401 34.113393 9.600777 )
xyz12=( 18.609631 33.548804 9.330415 )
xyz12=( 18.470414 34.113938 9.601009 )
xyz12=( 18.609893 33.548336 9.330162 )
xyz12=( 18.470426 34.114483 9.601241 )
xyz12=( 18.610155 33.547869 9.329909 )
xyz12=( 18.470439 34.115029 9.601473 )
xyz12=( 18.610418 33.547401 9.329656 )
xyz12=( 18.470453 34.115575 9.601705 )
xyz12=( 18.610681 33.546934 9.329402 )
xyz12=( 18.470466 34.116122 9.601937 )
xyz12=( 18.610945 33.546466 9.329149 )
xyz12=( 18.470480 34.116668 9.602169 )
xyz12=( 18.611209 33.545998 9.328895 )
xyz12=( 18.470494 34.117215 9.602401 )
xyz12=( 18.611473 33.545530 9.328642 )
xyz12=( 18.470508 34.117762 9.602633 )
xyz12=( 18.611738 33.545062 9.328388 )
xyz12=( 18.470523 34.118309 9.602865 )
xyz12=( 18.612003 33.544594 9.328134 )
xyz12=( 18.470538 34.118857 9.603098 )
xyz12=( 18.612268 33.544126 9.327880 )
xyz12=( 18.470553 34.119405 9.603330 )
xyz12=( 18.612534 33.543658 9.327626 )
xyz12=( 18.470568 34.119953 9.603563 )
xyz12=( 18.612800 33.543190 9.327371 )
xyz12=( 18.470584 34.120501 9.603795 )
xyz12=( 18.613066 33.542722 9.327117 )
xyz12=( 18.470600 34.121050 9.604028 )
xyz12=( 18.613333 33.542253 9.326863 )
xyz12=( 18.470616 34.121599 9.604260 )
xyz12=( 18.613600 33.541785 9.326608 )
xyz12=( 18.470632 34.122148 9.604493 )
xyz12=( 18.613867 33.541316 9.326353 )
xyz12=( 18.470649 34.122697 9.604726 )
xyz12=( 18.614135 33.540847 9.326099 )
xyz12=( 18.614403 33.540379 9.325844 )
xyz12=( 18.614672 33.539910 9.325589 )
xyz12=( 18.614940 33.539441 9.325334 )
xyz12=( 18.615210 33.538972 9.325079 )
xyz12=( 18.615479 33.538503 9.324823 )
xyz12=( 18.615749 33.538034 9.324568 )
xyz12=( 18.616019 33.537565 9.324312 )
xyz12=( 18.616290 33.537095 9.324057 )
xyz12=( 18.616561 33.536626 9.323801 )
xyz12=( 18.616832 33.536156 9.323545 )
xyz12=( 18.617104 33.535687 9.323289 )
xyz12=( 18.617376 33.535217 9.323033 )
xyz12=( 18.617649 33.534748 9.322777 )
xyz12=( 18.617921 33.534278 9.322521 )
xyz12=( 18.618195 33.533808 9.322264 )
xyz12=( 18.618468 33.533338 9.322008 )
xyz12=( 18.618742 33.532868 9.321751 )
xyz12=( 18.619016 33.532398 9.321495 )
xyz12=( 18.619291 33.531928 9.321238 )
xyz12=( 20.524737 33.234432 8.813607 )
xyz12=( 18.619566 33.531457 9.320981 )
xyz12=( 20.524251 33.234080 8.813553 )
xyz12=( 18.619841 33.530987 9.320724 )
xyz12=( 20.523764 33.233729 8.813499 )
xyz12=( 18.620117 33.530517 9.320467 )
xyz12=( 20.523277 33.233377 8.813445 )
xyz12=( 18.620393 33.530046 9.320210 )
xyz12=( 20.522789 33.233026 8.813391 )
xyz12=( 18.620669 33.529575 9.319952 )
xyz12=( 20.522301 33.232674 8.813337 )
xyz12=( 18.620946 33.529105 9.319695 )
xyz12=( 20.521813 33.232323 8.813284 )
xyz12=( 18.621223 33.528634 9.319437 )
xyz12=( 20.521325 33.231971 8.813230 )
xyz12=( 18.621501 33.528163 9.319180 )
xyz12=( 20.520836 33.231620 8.813177 )
xyz12=( 18.621779 33.527692 9.318922 )
xyz12=( 20.520346 33.231269 8.813123 )
xyz12=( 18.622057 33.527221 9.318664 )
xyz12=( 18.622336 33.526750 9.318406 )
xyz12=( 18.622615 33.526279 9.318148 )
xyz12=( 18.622894 33.525808 9.317890 )
xyz12=( 18.623174 33.525336 9.317632 )
xyz12=( 18.623454 33.524865 9.317373 )
xyz12=( 18.623734 33.524393 9.317115 )
xyz12=( 18.624015 33.523922 9.316856 )
xyz12=( 18.624296 33.523450 9.316597 )
xyz12=( 18.624578 33.522978 9.316339 )
xyz12=( 18.624860 33.522506 9.316080 )
xyz12=( 18.625142 33.522034 9.315820 )
xyz12=( 18.625425 33.521562 9.315561 )
xyz12=( 18.625708 33.521090 9.315302 )
xyz12=( 18.625991 33.520618 9.315043 )
xyz12=( 18.626275 33.520146 9.314783 )
xyz12=( 18.626560 33.519674 9.314523 )
xyz12=( 18.626844 33.519201 9.314264 )
xyz12=( 18.627129 33.518729 9.314004 )
xyz12=( 18.627414 33.518256 9.313744 )
xyz12=( 18.627700 33.517783 9.313484 )
xyz12=( 18.627986 33.517311 9.313224 )
xyz12=( 18.628273 33.516838 9.312963 )
xyz12=( 18.628560 33.516365 9.312703 )
xyz12=( 18.628847 33.515892 9.312442 )
xyz12=( 18.629134 33.515419 9.312182 )
xyz12=( 18.629422 33.514945 9.311921 )
xyz12=( 18.629711 33.514472 9.311660 )
xyz12=( 18.630000 33.513999 9.311399 )
xyz12=( 18.630289 33.513525 9.311138 )
xyz12=( 18.630578 33.513052 9.310877 )
xyz12=( 18.630868 33.512578 9.310616 )
xyz12=( 18.631159 33.512104 9.310354 )
xyz12=( 18.631449 33.511631 9.310093 )
xyz12=( 20.503478 33.219344 8.811361 )
xyz12=( 18.631740 33.511157 9.309831 )
xyz12=( 20.502975 33.218994 8.811311 )
xyz12=( 18.632032 33.510683 9.309569 )
xyz12=( 20.502471 33.218644 8.811261 )
xyz12=( 18.632324 33.510209 9.309307 )
xyz12=( 20.501967 33.218294 8.811211 )
xyz12=( 18.632616 33.509735 9.309045 )
xyz12=( 20.501463 33.217944 8.811161 )
xyz12=( 18.632908 33.509260 9.308783 )
xyz12=( 20.500959 33.217594 8.811111 )
xyz12=( 20.500959 33.217594 8.811111 )
xyz12=( 18.633201 33.508786 9.308521 )
xyz12=( 20.500454 33.217244 8.811062 )
xyz12=( 20.500454 33.217244 8.811062 )
xyz12=( 18.633495 33.508312 9.308259 )
xyz12=( 20.499948 33.216894 8.811012 )
xyz12=( 20.499948 33.216894 8.811012 )
xyz12=( 18.633789 33.507837 9.307996 )
xyz12=( 20.499442 33.216544 8.810962 )
xyz12=( 20.499442 33.216544 8.810962 )
xyz12=( 18.634083 33.507363 9.307734 )
xyz12=( 20.498936 33.216194 8.810913 )
xyz12=( 20.498936 33.216194 8.810913 )
xyz12=( 18.634377 33.506888 9.307471 )
xyz12=( 20.498430 33.215845 8.810864 )
xyz12=( 20.498430 33.215845 8.810864 )
xyz12=( 18.634672 33.506413 9.307208 )
xyz12=( 20.497923 33.215495 8.810814 )
xyz12=( 18.634968 33.505939 9.306945 )
xyz12=( 20.497415 33.215145 8.810765 )
xyz12=( 18.635263 33.505464 9.306682 )
xyz12=( 18.635559 33.504989 9.306419 )
xyz12=( 18.635856 33.504514 9.306156 )
xyz12=( 18.636153 33.504038 9.305893 )
xyz12=( 18.636450 33.503563 9.305629 )
xyz12=( 18.636748 33.503088 9.305366 )
xyz12=( 18.637046 33.502612 9.305102 )
xyz12=( 18.637344 33.502137 9.304838 )
xyz12=( 18.637643 33.501661 9.304574 )
xyz12=( 18.637943 33.501186 9.304310 )
xyz12=( 18.638242 33.500710 9.304046 )
xyz12=( 18.638542 33.500234 9.303782 )
xyz12=( 18.638843 33.499758 9.303517 )
xyz12=( 18.639144 33.499282 9.303253 )
xyz12=( 18.639445 33.498806 9.302988 )
xyz12=( 18.639747 33.498330 9.302723 )
xyz12=( 18.640049 33.497853 9.302458 )
xyz12=( 18.640351 33.497377 9.302193 )
xyz12=( 18.640654 33.496901 9.301928 )
xyz12=( 18.640957 33.496424 9.301663 )
xyz12=( 18.641261 33.495947 9.301398 )
xyz12=( 18.641565 33.495471 9.301132 )
xyz12=( 18.641870 33.494994 9.300867 )
xyz12=( 18.642175 33.494517 9.300601 )
xyz12=( 18.642480 33.494040 9.300335 )
xyz12=( 18.642786 33.493563 9.300069 )
xyz12=( 18.643092 33.493086 9.299803 )
xyz12=( 18.643398 33.492608 9.299537 )
xyz12=( 18.643705 33.492131 9.299271 )
xyz12=( 18.644013 33.491654 9.299004 )
xyz12=( 18.644320 33.491176 9.298738 )
xyz12=( 18.644628 33.490698 9.298471 )
xyz12=( 18.644937 33.490221 9.298204 )
xyz12=( 18.645246 33.489743 9.297937 )
xyz12=( 18.645555 33.489265 9.297670 )
xyz12=( 18.645865 33.488787 9.297403 )
xyz12=( 18.646175 33.488309 9.297136 )
xyz12=( 18.646486 33.487831 9.296869 )
xyz12=( 18.646797 33.487353 9.296601 )
xyz12=( 18.647109 33.486874 9.296333 )
xyz12=( 18.647420 33.486396 9.296066 )
xyz12=( 18.647733 33.485917 9.295798 )
xyz12=( 18.648045 33.485439 9.295530 )
xyz12=( 18.648359 33.484960 9.295262 )
xyz12=( 18.648672 33.484481 9.294993 )
xyz12=( 18.648986 33.484002 9.294725 )
xyz12=( 18.649300 33.483523 9.294457 )
xyz12=( 18.649615 33.483044 9.294188 )
xyz12=( 18.649930 33.482565 9.293919 )
xyz12=( 18.650246 33.482086 9.293650 )
xyz12=( 18.650562 33.481607 9.293382 )
xyz12=( 18.650879 33.481127 9.293112 )
xyz12=( 20.470458 33.197016 8.808348 )
xyz12=( 18.651195 33.480648 9.292843 )
xyz12=( 20.469929 33.196668 8.808304 )
xyz12=( 18.651513 33.480168 9.292574 )
xyz12=( 20.469399 33.196321 8.808261 )
xyz12=( 18.651831 33.479688 9.292304 )
xyz12=( 20.468868 33.195973 8.808217 )
xyz12=( 18.652149 33.479209 9.292035 )
xyz12=( 20.468337 33.195626 8.808174 )
xyz12=( 18.652467 33.478729 9.291765 )
xyz12=( 20.467806 33.195279 8.808130 )
xyz12=( 18.652786 33.478249 9.291495 )
xyz12=( 20.467274 33.194931 8.808087 )
xyz12=( 18.653106 33.477769 9.291225 )
xyz12=( 20.466741 33.194584 8.808044 )
xyz12=( 18.653426 33.477289 9.290955 )
xyz12=( 20.466209 33.194237 8.808001 )
xyz12=( 18.653746 33.476808 9.290685 )
xyz12=( 20.465676 33.193889 8.807958 )
xyz12=( 18.654067 33.476328 9.290415 )
xyz12=( 20.465142 33.193542 8.807915 )
xyz12=( 18.654388 33.475848 9.290144 )
xyz12=( 20.464608 33.193195 8.807872 )
xyz12=( 18.654709 33.475367 9.289874 )
xyz12=( 18.655031 33.474887 9.289603 )
xyz12=( 18.655354 33.474406 9.289332 )
xyz12=( 18.655677 33.473925 9.289061 )
xyz12=( 18.656000 33.473444 9.288790 )
xyz12=( 18.656324 33.472963 9.288519 )
xyz12=( 18.656648 33.472482 9.288248 )
xyz12=( 18.656973 33.472001 9.287976 )
xyz12=( 18.657298 33.471520 9.287704 )
xyz12=( 18.657623 33.471038 9.287433 )
xyz12=( 18.657949 33.470557 9.287161 )
xyz12=( 18.658275 33.470075 9.286889 )
xyz12=( 18.658602 33.469594 9.286617 )
xyz12=( 18.658930 33.469112 9.286345 )
xyz12=( 18.659257 33.468630 9.286072 )
xyz12=( 18.659585 33.468148 9.285800 )
xyz12=( 18.659914 33.467666 9.285527 )
xyz12=( 18.660243 33.467184 9.285254 )
xyz12=( 18.660572 33.466702 9.284982 )
xyz12=( 18.660902 33.466220 9.284709 )
xyz12=( 18.661232 33.465737 9.284435 )
xyz12=( 18.661563 33.465255 9.284162 )
xyz12=( 18.661894 33.464772 9.283889 )
xyz12=( 18.662226 33.464290 9.283615 )
xyz12=( 18.662558 33.463807 9.283342 )
xyz12=( 18.662891 33.463324 9.283068 )
xyz12=( 18.663224 33.462841 9.282794 )
xyz12=( 18.663557 33.462358 9.282520 )
xyz12=( 18.663891 33.461875 9.282246 )
xyz12=( 18.664225 33.461392 9.281972 )
xyz12=( 18.664560 33.460908 9.281697 )
xyz12=( 18.664895 33.460425 9.281423 )
xyz12=( 18.665231 33.459941 9.281148 )
xyz12=( 18.665567 33.459458 9.280873 )
xyz12=( 18.665904 33.458974 9.280598 )
xyz12=( 18.666241 33.458490 9.280323 )
xyz12=( 18.666578 33.458006 9.280048 )
xyz12=( 18.666916 33.457522 9.279772 )
xyz12=( 18.667255 33.457038 9.279497 )
xyz12=( 18.667594 33.456554 9.279221 )
xyz12=( 18.667933 33.456070 9.278946 )
xyz12=( 18.668273 33.455585 9.278670 )
xyz12=( 18.668613 33.455101 9.278394 )
xyz12=( 18.668954 33.454616 9.278118 )
xyz12=( 18.669295 33.454132 9.277841 )
xyz12=( 18.669637 33.453647 9.277565 )
xyz12=( 18.669979 33.453162 9.277288 )
xyz12=( 18.670321 33.452677 9.277012 )
xyz12=( 18.670664 33.452192 9.276735 )
xyz12=( 18.671008 33.451707 9.276458 )
xyz12=( 18.671352 33.451222 9.276181 )
xyz12=( 18.671696 33.450736 9.275904 )
xyz12=( 18.672041 33.450251 9.275626 )
xyz12=( 18.672386 33.449765 9.275349 )
xyz12=( 18.672732 33.449280 9.275071 )
xyz12=( 18.673078 33.448794 9.274793 )
xyz12=( 18.673425 33.448308 9.274516 )
xyz12=( 18.673772 33.447822 9.274238 )
xyz12=( 18.674120 33.447336 9.273959 )
xyz12=( 18.674468 33.446850 9.273681 )
xyz12=( 18.674817 33.446364 9.273403 )
xyz12=( 18.675166 33.445877 9.273124 )
xyz12=( 18.675515 33.445391 9.272845 )
xyz12=( 18.675866 33.444904 9.272567 )
xyz12=( 18.676216 33.444418 9.272288 )
xyz12=( 18.676567 33.443931 9.272008 )
xyz12=( 18.676919 33.443444 9.271729 )
xyz12=( 18.677271 33.442957 9.271450 )
xyz12=( 18.677623 33.442470 9.271170 )
xyz12=( 18.677976 33.441983 9.270891 )
xyz12=( 18.678329 33.441496 9.270611 )
xyz12=( 18.678683 33.441008 9.270331 )
xyz12=( 18.679038 33.440521 9.270051 )
xyz12=( 18.679392 33.440033 9.269771 )
xyz12=( 18.679748 33.439546 9.269490 )
xyz12=( 18.680104 33.439058 9.269210 )
xyz12=( 18.680460 33.438570 9.268929 )
xyz12=( 18.680817 33.438082 9.268648 )
xyz12=( 18.681174 33.437594 9.268367 )
xyz12=( 18.681532 33.437106 9.268086 )
xyz12=( 18.681890 33.436618 9.267805 )
xyz12=( 18.682249 33.436129 9.267524 )
xyz12=( 18.682608 33.435641 9.267242 )
xyz12=( 18.682968 33.435152 9.266961 )
xyz12=( 18.683328 33.434664 9.266679 )
xyz12=( 18.683689 33.434175 9.266397 )
xyz12=( 18.684050 33.433686 9.266115 )
xyz12=( 18.684411 33.433197 9.265833 )
xyz12=( 20.402414 33.154963 8.803840 )
xyz12=( 20.401826 33.154622 8.803811 )
xyz12=( 20.401237 33.154280 8.803781 )
xyz12=( 20.400648 33.153939 8.803752 )
xyz12=( 20.400058 33.153598 8.803723 )
xyz12=( 20.399467 33.153256 8.803694 )
xyz12=( 20.398877 33.152915 8.803665 )
xyz12=( 20.398285 33.152574 8.803636 )
xyz12=( 20.397693 33.152233 8.803608 )
xyz12=( 20.397101 33.151892 8.803579 )
xyz12=( 20.396508 33.151551 8.803551 )
xyz12=( 20.395914 33.151210 8.803523 )
xyz12=( 20.395320 33.150869 8.803495 )
xyz12=( 20.394726 33.150528 8.803467 )
xyz12=( 20.394130 33.150188 8.803439 )
xyz12=( 20.393535 33.149847 8.803411 )
xyz12=( 20.392938 33.149506 8.803384 )
xyz12=( 20.392342 33.149166 8.803356 )
xyz12=( 20.391744 33.148825 8.803329 )
xyz12=( 20.391146 33.148485 8.803302 )
xyz12=( 20.390548 33.148144 8.803275 )
xyz12=( 20.389949 33.147804 8.803248 )
xyz12=( 18.703534 33.408122 9.251246 )
xyz12=( 18.703923 33.407627 9.250956 )
xyz12=( 18.487397 34.286744 9.671880 )
xyz12=( 18.704312 33.407133 9.250666 )
xyz12=( 18.487508 34.287381 9.672132 )
xyz12=( 18.704702 33.406638 9.250375 )
xyz12=( 18.487619 34.288018 9.672384 )
xyz12=( 18.705092 33.406143 9.250085 )
xyz12=( 18.487731 34.288655 9.672635 )
xyz12=( 18.705483 33.405648 9.249794 )
xyz12=( 18.487843 34.289293 9.672887 )
xyz12=( 18.705874 33.405153 9.249504 )
xyz12=( 18.487955 34.289931 9.673139 )
xyz12=( 18.706266 33.404658 9.249213 )
xyz12=( 18.706659 33.404163 9.248922 )
xyz12=( 18.707052 33.403667 9.248631 )
xyz12=( 18.707445 33.403172 9.248339 )
xyz12=( 18.707839 33.402676 9.248048 )
xyz12=( 18.708234 33.402181 9.247756 )
xyz12=( 18.708629 33.401685 9.247464 )
xyz12=( 18.709025 33.401189 9.247172 )
xyz12=( 18.709421 33.400693 9.246880 )
xyz12=( 18.709818 33.400197 9.246588 )
xyz12=( 18.710216 33.399701 9.246295 )
xyz12=( 18.710614 33.399204 9.246003 )
xyz12=( 18.711012 33.398708 9.245710 )
xyz12=( 18.711412 33.398211 9.245417 )
xyz12=( 18.711811 33.397715 9.245124 )
xyz12=( 18.712212 33.397218 9.244831 )
xyz12=( 18.712612 33.396721 9.244537 )
xyz12=( 18.713014 33.396224 9.244244 )
xyz12=( 18.713416 33.395727 9.243950 )
xyz12=( 18.713818 33.395229 9.243656 )
xyz12=( 18.714221 33.394732 9.243362 )
xyz12=( 18.714625 33.394235 9.243068 )
xyz12=( 18.715029 33.393737 9.242773 )
xyz12=( 18.715434 33.393239 9.242479 )
xyz12=( 18.715840 33.392741 9.242184 )
xyz12=( 18.716246 33.392243 9.241889 )
xyz12=( 18.716652 33.391745 9.241594 )
xyz12=( 18.717059 33.391247 9.241299 )
xyz12=( 18.717467 33.390749 9.241003 )
xyz12=( 18.717875 33.390250 9.240708 )
xyz12=( 18.718284 33.389752 9.240412 )
xyz12=( 18.718694 33.389253 9.240116 )
xyz12=( 18.719104 33.388755 9.239820 )
xyz12=( 18.491910 34.311214 9.681496 )
xyz12=( 18.719514 33.388256 9.239524 )
xyz12=( 18.492038 34.311866 9.681751 )
xyz12=( 18.719926 33.387757 9.239228 )
xyz12=( 18.492165 34.312518 9.682005 )
xyz12=( 18.720337 33.387258 9.238931 )
xyz12=( 18.492294 34.313170 9.682260 )
xyz12=( 18.720750 33.386758 9.238634 )
xyz12=( 18.492423 34.313823 9.682515 )
xyz12=( 18.721163 33.386259 9.238337 )
xyz12=( 18.492552 34.314477 9.682770 )
xyz12=( 18.721576 33.385760 9.238040 )
xyz12=( 18.492682 34.315131 9.683025 )
xyz12=( 18.721990 33.385260 9.237743 )
xyz12=( 18.492812 34.315785 9.683280 )
xyz12=( 18.722405 33.384760 9.237446 )
xyz12=( 18.722821 33.384260 9.237148 )
xyz12=( 18.723237 33.383760 9.236850 )
xyz12=( 18.723653 33.383260 9.236553 )
xyz12=( 18.724070 33.382760 9.236254 )
xyz12=( 18.724488 33.382260 9.235956 )
xyz12=( 18.724906 33.381760 9.235658 )
xyz12=( 18.725325 33.381259 9.235359 )
xyz12=( 18.725745 33.380758 9.235060 )
xyz12=( 18.726165 33.380258 9.234762 )
xyz12=( 18.726586 33.379757 9.234462 )
xyz12=( 18.727007 33.379256 9.234163 )
xyz12=( 18.727429 33.378755 9.233864 )
xyz12=( 18.727852 33.378253 9.233564 )
xyz12=( 18.728275 33.377752 9.233264 )
xyz12=( 18.728699 33.377251 9.232964 )
xyz12=( 18.729123 33.376749 9.232664 )
xyz12=( 18.729548 33.376247 9.232364 )
xyz12=( 18.729974 33.375745 9.232063 )
xyz12=( 18.730400 33.375243 9.231763 )
xyz12=( 18.730827 33.374741 9.231462 )
xyz12=( 18.731254 33.374239 9.231161 )
xyz12=( 18.731682 33.373737 9.230860 )
xyz12=( 18.732111 33.373234 9.230558 )
xyz12=( 18.732541 33.372732 9.230257 )
xyz12=( 18.732970 33.372229 9.229955 )
xyz12=( 18.733401 33.371726 9.229653 )
xyz12=( 20.340162 33.120789 8.801563 )
xyz12=( 18.733832 33.371223 9.229351 )
xyz12=( 20.339515 33.120454 8.801548 )
xyz12=( 18.734264 33.370720 9.229049 )
xyz12=( 20.338867 33.120119 8.801533 )
xyz12=( 18.734697 33.370217 9.228746 )
xyz12=( 20.338219 33.119784 8.801519 )
xyz12=( 18.735130 33.369714 9.228444 )
xyz12=( 20.337570 33.119450 8.801504 )
xyz12=( 18.735564 33.369210 9.228141 )
xyz12=( 20.336920 33.119115 8.801490 )
xyz12=( 18.735998 33.368707 9.227838 )
xyz12=( 20.336270 33.118781 8.801476 )
xyz12=( 18.736433 33.368203 9.227535 )
xyz12=( 20.335619 33.118446 8.801462 )
xyz12=( 18.736869 33.367699 9.227232 )
xyz12=( 20.334968 33.118112 8.801448 )
xyz12=( 18.737305 33.367195 9.226928 )
xyz12=( 20.334316 33.117778 8.801434 )
xyz12=( 18.737742 33.366691 9.226624 )
xyz12=( 20.333663 33.117443 8.801421 )
xyz12=( 18.738179 33.366187 9.226321 )
xyz12=( 20.333009 33.117109 8.801408 )
xyz12=( 18.738618 33.365683 9.226016 )
xyz12=( 20.332355 33.116775 8.801394 )
xyz12=( 20.332355 33.116775 8.801394 )
xyz12=( 18.739057 33.365178 9.225712 )
xyz12=( 20.331701 33.116441 8.801381 )
xyz12=( 20.331701 33.116441 8.801381 )
xyz12=( 18.739496 33.364674 9.225408 )
xyz12=( 20.058978 33.010158 8.810069 )
xyz12=( 20.059455 33.010291 8.810031 )
xyz12=( 20.059932 33.010424 8.809994 )
xyz12=( 20.060410 33.010558 8.809956 )
xyz12=( 20.060887 33.010691 8.809918 )
xyz12=( 20.061365 33.010825 8.809880 )
xyz12=( 20.061843 33.010959 8.809842 )
xyz12=( 20.062320 33.011093 8.809805 )
xyz12=( 20.062798 33.011228 8.809767 )
xyz12=( 20.063276 33.011362 8.809730 )
xyz12=( 20.063754 33.011497 8.809693 )
xyz12=( 20.064232 33.011632 8.809655 )
xyz12=( 20.064711 33.011767 8.809618 )
xyz12=( 20.065189 33.011902 8.809581 )
xyz12=( 20.065667 33.012038 8.809544 )
xyz12=( 20.066146 33.012174 8.809507 )
xyz12=( 20.066624 33.012310 8.809470 )
xyz12=( 20.067103 33.012446 8.809433 )
xyz12=( 20.067582 33.012582 8.809396 )
xyz12=( 20.068061 33.012719 8.809359 )
xyz12=( 20.068540 33.012855 8.809323 )
xyz12=( 20.069019 33.012992 8.809286 )
xyz12=( 20.069498 33.013130 8.809249 )
xyz12=( 20.069977 33.013267 8.809213 )
xyz12=( 20.070456 33.013405 8.809177 )
xyz12=( 20.070935 33.013542 8.809140 )
xyz12=( 20.071415 33.013680 8.809104 )
xyz12=( 20.071894 33.013819 8.809068 )
xyz12=( 20.072374 33.013957 8.809032 )
xyz12=( 20.072854 33.014095 8.808996 )
xyz12=( 20.073334 33.014234 8.808960 )
xyz12=( 20.073813 33.014373 8.808924 )
xyz12=( 20.074293 33.014512 8.808888 )
xyz12=( 20.074773 33.014652 8.808852 )
xyz12=( 20.075254 33.014791 8.808816 )
xyz12=( 20.075734 33.014931 8.808781 )
xyz12=( 20.076214 33.015071 8.808745 )
xyz12=( 20.076694 33.015212 8.808710 )
xyz12=( 20.077175 33.015352 8.808674 )
xyz12=( 20.077656 33.015493 8.808639 )
xyz12=( 20.078136 33.015633 8.808604 )
xyz12=( 20.078617 33.015774 8.808568 )
xyz12=( 20.079098 33.015916 8.808533 )
xyz12=( 20.079579 33.016057 8.808498 )
xyz12=( 20.080060 33.016199 8.808463 )
xyz12=( 20.080541 33.016341 8.808428 )
xyz12=( 20.081022 33.016483 8.808393 )
xyz12=( 20.081503 33.016625 8.808358 )
xyz12=( 20.081985 33.016768 8.808324 )
xyz12=( 20.082466 33.016910 8.808289 )
xyz12=( 20.082948 33.017053 8.808255 )
xyz12=( 20.083429 33.017196 8.808220 )
xyz12=( 20.083911 33.017339 8.808186 )
xyz12=( 20.084393 33.017483 8.808151 )
xyz12=( 20.084875 33.017627 8.808117 )
xyz12=( 20.085357 33.017771 8.808083 )
xyz12=( 20.085839 33.017915 8.808049 )
xyz12=( 20.086321 33.018059 8.808014 )
xyz12=( 20.086803 33.018204 8.807980 )
xyz12=( 20.087286 33.018348 8.807947 )
xyz12=( 20.087768 33.018493 8.807913 )
xyz12=( 20.088251 33.018639 8.807879 )
xyz12=( 20.088733 33.018784 8.807845 )
xyz12=( 20.089216 33.018930 8.807811 )
xyz12=( 20.089699 33.019075 8.807778 )
xyz12=( 20.090182 33.019221 8.807744 )
xyz12=( 20.090665 33.019368 8.807711 )
xyz12=( 20.091148 33.019514 8.807678 )
xyz12=( 20.091631 33.019661 8.807644 )
xyz12=( 20.092114 33.019807 8.807611 )
xyz12=( 20.092597 33.019954 8.807578 )
xyz12=( 20.093081 33.020102 8.807545 )
xyz12=( 20.093564 33.020249 8.807512 )
xyz12=( 20.094048 33.020397 8.807479 )
xyz12=( 20.094531 33.020545 8.807446 )
xyz12=( 20.095015 33.020693 8.807413 )
xyz12=( 20.095499 33.020841 8.807381 )
xyz12=( 20.095983 33.020990 8.807348 )
xyz12=( 20.096467 33.021138 8.807315 )
xyz12=( 20.096951 33.021287 8.807283 )
xyz12=( 20.097435 33.021437 8.807250 )
xyz12=( 20.097920 33.021586 8.807218 )
xyz12=( 20.098404 33.021736 8.807186 )
xyz12=( 20.098889 33.021885 8.807154 )
xyz12=( 20.099373 33.022035 8.807122 )
xyz12=( 20.099858 33.022186 8.807089 )
xyz12=( 20.100343 33.022336 8.807057 )
xyz12=( 20.100828 33.022487 8.807026 )
xyz12=( 20.101312 33.022638 8.806994 )
xyz12=( 20.101797 33.022789 8.806962 )
xyz12=( 20.102283 33.022940 8.806930 )
xyz12=( 20.102768 33.023091 8.806899 )
xyz12=( 20.103253 33.023243 8.806867 )
xyz12=( 20.103739 33.023395 8.806836 )
xyz12=( 20.104224 33.023547 8.806804 )
xyz12=( 20.104710 33.023699 8.806773 )
xyz12=( 20.105195 33.023852 8.806742 )
xyz12=( 20.105681 33.024005 8.806711 )
xyz12=( 20.106167 33.024158 8.806679 )
xyz12=( 20.106653 33.024311 8.806648 )
xyz12=( 20.107139 33.024464 8.806618 )
xyz12=( 20.107625 33.024618 8.806587 )
xyz12=( 20.108111 33.024772 8.806556 )
xyz12=( 20.108597 33.024926 8.806525 )
xyz12=( 20.109084 33.025080 8.806494 )
xyz12=( 20.109570 33.025235 8.806464 )
xyz12=( 20.110057 33.025390 8.806433 )
xyz12=( 20.110544 33.025544 8.806403 )
xyz12=( 20.111030 33.025700 8.806373 )
xyz12=( 20.111517 33.025855 8.806342 )
xyz12=( 20.112004 33.026011 8.806312 )
xyz12=( 20.112491 33.026166 8.806282 )
xyz12=( 20.112978 33.026322 8.806252 )
xyz12=( 20.113465 33.026479 8.806222 )
xyz12=( 20.113953 33.026635 8.806192 )
xyz12=( 20.114440 33.026792 8.806162 )
xyz12=( 20.114928 33.026949 8.806133 )
xyz12=( 20.115415 33.027106 8.806103 )
xyz12=( 20.115903 33.027263 8.806073 )
xyz12=( 20.116391 33.027421 8.806044 )
xyz12=( 20.116879 33.027578 8.806014 )
xyz12=( 20.117366 33.027736 8.805985 )
xyz12=( 20.117855 33.027894 8.805956 )
xyz12=( 20.118343 33.028053 8.805926 )
xyz12=( 20.118831 33.028212 8.805897 )
xyz12=( 20.119319 33.028370 8.805868 )
xyz12=( 20.119808 33.028529 8.805839 )
xyz12=( 20.120296 33.028689 8.805810 )
xyz12=( 20.120785 33.028848 8.805781 )
xyz12=( 20.121273 33.029008 8.805753 )
xyz12=( 20.121762 33.029168 8.805724 )
xyz12=( 20.122251 33.029328 8.805695 )
xyz12=( 20.122740 33.029489 8.805667 )
xyz12=( 20.123229 33.029649 8.805638 )
xyz12=( 20.123718 33.029810 8.805610 )
xyz12=( 20.124207 33.029971 8.805582 )
xyz12=( 20.124697 33.030132 8.805553 )
xyz12=( 20.125186 33.030294 8.805525 )
xyz12=( 20.125676 33.030456 8.805497 )
xyz12=( 20.126165 33.030617 8.805469 )
xyz12=( 20.126655 33.030780 8.805441 )
xyz12=( 20.127145 33.030942 8.805413 )
xyz12=( 20.127635 33.031105 8.805386 )
xyz12=( 20.128125 33.031268 8.805358 )
xyz12=( 20.128615 33.031431 8.805330 )
xyz12=( 20.129105 33.031594 8.805303 )
xyz12=( 20.129595 33.031757 8.805275 )
xyz12=( 20.130086 33.031921 8.805248 )
xyz12=( 20.130576 33.032085 8.805221 )
xyz12=( 20.131067 33.032249 8.805193 )
xyz12=( 20.131557 33.032414 8.805166 )
xyz12=( 20.132048 33.032578 8.805139 )
xyz12=( 20.132539 33.032743 8.805112 )
xyz12=( 20.133030 33.032908 8.805085 )
xyz12=( 20.133521 33.033073 8.805058 )
xyz12=( 20.134012 33.033239 8.805032 )
xyz12=( 20.134503 33.033405 8.805005 )
xyz12=( 20.134994 33.033571 8.804978 )
xyz12=( 20.135486 33.033737 8.804952 )
xyz12=( 20.135977 33.033903 8.804925 )
xyz12=( 20.136469 33.034070 8.804899 )
xyz12=( 20.136960 33.034237 8.804873 )
xyz12=( 20.137452 33.034404 8.804847 )
xyz12=( 20.137944 33.034571 8.804820 )
xyz12=( 20.138436 33.034739 8.804794 )
xyz12=( 20.138928 33.034907 8.804768 )
xyz12=( 20.139420 33.035075 8.804742 )
xyz12=( 20.139913 33.035243 8.804717 )
xyz12=( 20.140405 33.035411 8.804691 )
xyz12=( 20.140897 33.035580 8.804665 )
xyz12=( 20.141390 33.035749 8.804640 )
xyz12=( 20.141882 33.035918 8.804614 )
xyz12=( 20.142375 33.036087 8.804589 )
xyz12=( 20.142868 33.036257 8.804563 )
xyz12=( 20.143361 33.036427 8.804538 )
xyz12=( 20.143854 33.036597 8.804513 )
xyz12=( 20.144347 33.036767 8.804488 )
xyz12=( 20.144840 33.036938 8.804463 )
xyz12=( 20.145333 33.037109 8.804438 )
xyz12=( 20.145827 33.037280 8.804413 )
xyz12=( 20.146320 33.037451 8.804388 )
xyz12=( 20.146814 33.037622 8.804364 )
xyz12=( 20.147308 33.037794 8.804339 )
xyz12=( 20.147801 33.037966 8.804314 )
xyz12=( 20.148295 33.038138 8.804290 )
xyz12=( 20.148789 33.038310 8.804266 )
xyz12=( 20.149283 33.038483 8.804241 )
xyz12=( 20.149777 33.038656 8.804217 )
xyz12=( 20.150272 33.038829 8.804193 )
xyz12=( 20.150766 33.039002 8.804169 )
xyz12=( 20.151260 33.039176 8.804145 )
xyz12=( 20.151755 33.039349 8.804121 )
xyz12=( 20.152249 33.039523 8.804097 )
xyz12=( 20.152744 33.039698 8.804073 )
xyz12=( 20.153239 33.039872 8.804050 )
xyz12=( 20.153734 33.040047 8.804026 )
xyz12=( 20.154229 33.040222 8.804003 )
xyz12=( 20.154724 33.040397 8.803979 )
xyz12=( 20.155219 33.040572 8.803956 )
xyz12=( 20.155715 33.040748 8.803933 )
xyz12=( 20.156210 33.040924 8.803909 )
xyz12=( 19.867857 32.970591 8.831161 )
xyz12=( 19.867339 32.970520 8.831234 )
xyz12=( 19.866820 32.970449 8.831307 )
xyz12=( 19.866301 32.970378 8.831380 )
xyz12=( 19.865782 32.970308 8.831453 )
xyz12=( 19.865263 32.970237 8.831526 )
xyz12=( 19.865263 32.970237 8.831526 )
xyz12=( 19.864744 32.970167 8.831599 )
xyz12=( 19.864744 32.970167 8.831599 )
xyz12=( 19.864224 32.970097 8.831673 )
xyz12=( 19.864224 32.970097 8.831673 )
xyz12=( 19.863704 32.970027 8.831747 )
xyz12=( 19.863704 32.970027 8.831747 )
xyz12=( 19.863184 32.969958 8.831820 )
xyz12=( 19.863184 32.969958 8.831820 )
xyz12=( 19.862664 32.969888 8.831894 )
xyz12=( 19.862664 32.969888 8.831894 )
xyz12=( 19.862144 32.969819 8.831968 )
xyz12=( 19.862144 32.969819 8.831968 )
xyz12=( 19.861624 32.969750 8.832042 )
xyz12=( 19.861624 32.969750 8.832042 )
xyz12=( 19.861103 32.969681 8.832116 )
xyz12=( 19.861103 32.969681 8.832116 )
xyz12=( 19.860582 32.969612 8.832190 )
xyz12=( 19.860582 32.969612 8.832190 )
xyz12=( 19.860061 32.969543 8.832265 )
xyz12=( 19.860061 32.969543 8.832265 )
xyz12=( 19.859540 32.969475 8.832339 )
xyz12=( 19.859540 32.969475 8.832339 )
xyz12=( 19.859018 32.969406 8.832414 )
xyz12=( 19.859018 32.969406 8.832414 )
xyz12=( 19.858497 32.969338 8.832488 )
xyz12=( 19.858497 32.969338 8.832488 )
xyz12=( 19.857975 32.969270 8.832563 )
xyz12=( 19.857975 32.969270 8.832563 )
xyz12=( 19.857453 32.969203 8.832638 )
xyz12=( 19.856931 32.969135 8.832713 )
xyz12=( 19.856409 32.969068 8.832788 )
xyz12=( 19.855886 32.969000 8.832864 )
xyz12=( 19.855364 32.968933 8.832939 )
xyz12=( 19.854841 32.968866 8.833014 )
xyz12=( 19.854318 32.968800 8.833090 )
xyz12=( 19.853795 32.968733 8.833166 )
xyz12=( 19.853271 32.968667 8.833241 )
xyz12=( 19.852748 32.968600 8.833317 )
xyz12=( 19.852224 32.968534 8.833393 )
xyz12=( 19.851700 32.968468 8.833469 )
xyz12=( 19.851176 32.968403 8.833546 )
xyz12=( 19.850652 32.968337 8.833622 )
xyz12=( 19.850127 32.968272 8.833698 )
xyz12=( 19.849602 32.968207 8.833775 )
xyz12=( 19.849078 32.968142 8.833852 )
xyz12=( 19.848552 32.968077 8.833928 )
xyz12=( 19.848027 32.968012 8.834005 )
xyz12=( 19.847502 32.967948 8.834082 )
xyz12=( 19.846976 32.967883 8.834160 )
xyz12=( 19.846450 32.967819 8.834237 )
xyz12=( 19.845924 32.967755 8.834314 )
xyz12=( 19.845398 32.967692 8.834392 )
xyz12=( 19.844872 32.967628 8.834469 )
xyz12=( 19.844345 32.967565 8.834547 )
xyz12=( 19.843819 32.967501 8.834625 )
xyz12=( 19.843292 32.967438 8.834703 )
xyz12=( 19.842765 32.967375 8.834781 )
xyz12=( 19.842237 32.967313 8.834859 )
xyz12=( 19.841710 32.967250 8.834937 )
xyz12=( 19.841182 32.967188 8.835015 )
xyz12=( 19.840655 32.967126 8.835094 )
xyz12=( 19.840126 32.967064 8.835173 )
xyz12=( 19.839598 32.967002 8.835251 )
xyz12=( 19.839070 32.966940 8.835330 )
xyz12=( 19.838541 32.966879 8.835409 )
xyz12=( 20.190127 33.053444 8.802529 )
xyz12=( 19.838013 32.966817 8.835488 )
xyz12=( 20.190630 33.053636 8.802512 )
xyz12=( 19.837484 32.966756 8.835567 )
xyz12=( 20.191132 33.053829 8.802494 )
xyz12=( 19.836954 32.966695 8.835647 )
xyz12=( 20.191634 33.054022 8.802477 )
xyz12=( 19.836425 32.966634 8.835726 )
xyz12=( 20.192137 33.054215 8.802460 )
xyz12=( 19.835896 32.966574 8.835805 )
xyz12=( 20.192639 33.054409 8.802443 )
xyz12=( 19.835366 32.966513 8.835885 )
xyz12=( 20.193142 33.054603 8.802426 )
xyz12=( 19.834836 32.966453 8.835965 )
xyz12=( 20.193645 33.054797 8.802409 )
xyz12=( 19.834306 32.966393 8.836045 )
xyz12=( 20.194148 33.054991 8.802392 )
xyz12=( 19.833776 32.966333 8.836125 )
xyz12=( 20.194651 33.055186 8.802376 )
xyz12=( 19.833245 32.966274 8.836205 )
xyz12=( 20.195154 33.055380 8.802359 )
xyz12=( 19.832714 32.966214 8.836285 )
xyz12=( 20.195657 33.055575 8.802343 )
xyz12=( 19.832184 32.966155 8.836365 )
xyz12=( 20.196161 33.055771 8.802326 )
xyz12=( 19.831652 32.966096 8.836446 )
xyz12=( 20.196664 33.055966 8.802310 )
xyz12=( 19.831121 32.966037 8.836526 )
xyz12=( 20.197168 33.056162 8.802294 )
xyz12=( 19.830590 32.965978 8.836607 )
xyz12=( 20.197671 33.056358 8.802278 )
xyz12=( 19.830058 32.965919 8.836688 )
xyz12=( 20.198175 33.056555 8.802262 )
xyz12=( 19.829526 32.965861 8.836769 )
xyz12=( 20.198679 33.056751 8.802246 )
xyz12=( 19.828994 32.965803 8.836850 )
xyz12=( 20.199183 33.056948 8.802230 )
xyz12=( 19.828462 32.965745 8.836931 )
xyz12=( 20.199687 33.057145 8.802214 )
xyz12=( 19.827930 32.965687 8.837012 )
xyz12=( 20.200191 33.057342 8.802198 )
xyz12=( 19.827397 32.965629 8.837093 )
xyz12=( 20.200695 33.057540 8.802183 )
xyz12=( 19.826865 32.965572 8.837175 )
xyz12=( 20.201200 33.057738 8.802167 )
xyz12=( 19.826332 32.965514 8.837256 )
xyz12=( 20.201704 33.057936 8.802152 )
xyz12=( 19.825798 32.965457 8.837338 )
xyz12=( 20.202209 33.058134 8.802136 )
xyz12=( 19.825265 32.965400 8.837420 )
xyz12=( 20.202714 33.058333 8.802121 )
xyz12=( 19.824732 32.965344 8.837502 )
xyz12=( 20.203218 33.058532 8.802106 )
xyz12=( 19.824198 32.965287 8.837584 )
xyz12=( 20.203723 33.058731 8.802091 )
xyz12=( 19.823664 32.965231 8.837666 )
xyz12=( 20.204228 33.058930 8.802076 )
xyz12=( 19.823130 32.965174 8.837748 )
xyz12=( 20.204733 33.059130 8.802061 )
xyz12=( 19.822596 32.965118 8.837831 )
xyz12=( 20.205239 33.059330 8.802046 )
xyz12=( 19.822061 32.965062 8.837913 )
xyz12=( 20.205744 33.059530 8.802032 )
xyz12=( 19.821526 32.965007 8.837996 )
xyz12=( 20.206249 33.059730 8.802017 )
xyz12=( 19.820992 32.964951 8.838079 )
xyz12=( 19.820456 32.964896 8.838162 )
xyz12=( 19.819921 32.964841 8.838245 )
xyz12=( 19.819386 32.964786 8.838328 )
xyz12=( 19.818850 32.964731 8.838411 )
xyz12=( 19.818314 32.964677 8.838494 )
xyz12=( 19.817778 32.964622 8.838578 )
xyz12=( 19.817242 32.964568 8.838662 )
xyz12=( 19.816706 32.964514 8.838745 )
xyz12=( 19.816169 32.964460 8.838829 )
xyz12=( 19.815632 32.964407 8.838913 )
xyz12=( 19.815095 32.964353 8.838997 )
xyz12=( 19.814558 32.964300 8.839081 )
xyz12=( 19.814021 32.964247 8.839166 )
xyz12=( 19.813483 32.964194 8.839250 )
xyz12=( 19.812945 32.964141 8.839335 )
xyz12=( 19.812407 32.964089 8.839419 )
xyz12=( 19.811869 32.964037 8.839504 )
xyz12=( 19.811331 32.963984 8.839589 )
xyz12=( 19.810792 32.963933 8.839674 )
xyz12=( 19.810253 32.963881 8.839759 )
xyz12=( 19.809714 32.963829 8.839844 )
xyz12=( 19.809175 32.963778 8.839930 )
xyz12=( 19.808636 32.963727 8.840015 )
xyz12=( 19.808096 32.963676 8.840101 )
xyz12=( 19.807556 32.963625 8.840187 )
xyz12=( 19.807016 32.963574 8.840273 )
xyz12=( 19.806476 32.963524 8.840359 )
xyz12=( 19.805936 32.963474 8.840445 )
xyz12=( 19.805395 32.963424 8.840531 )
xyz12=( 19.804855 32.963374 8.840617 )
xyz12=( 19.804855 32.963374 8.840617 )
xyz12=( 19.804314 32.963324 8.840704 )
xyz12=( 19.804314 32.963324 8.840704 )
xyz12=( 19.803773 32.963275 8.840790 )
xyz12=( 19.803773 32.963275 8.840790 )
xyz12=( 19.803231 32.963225 8.840877 )
xyz12=( 19.803231 32.963225 8.840877 )
xyz12=( 19.802690 32.963176 8.840964 )
xyz12=( 19.802690 32.963176 8.840964 )
xyz12=( 19.802148 32.963127 8.841051 )
xyz12=( 19.802148 32.963127 8.841051 )
xyz12=( 19.801606 32.963079 8.841138 )
xyz12=( 19.801606 32.963079 8.841138 )
xyz12=( 19.801064 32.963030 8.841225 )
xyz12=( 19.801064 32.963030 8.841225 )
xyz12=( 19.800522 32.962982 8.841313 )
xyz12=( 19.800522 32.962982 8.841313 )
xyz12=( 19.799979 32.962934 8.841400 )
xyz12=( 19.799979 32.962934 8.841400 )
xyz12=( 19.799436 32.962886 8.841488 )
xyz12=( 19.799436 32.962886 8.841488 )
xyz12=( 19.798893 32.962838 8.841575 )
xyz12=( 19.798893 32.962838 8.841575 )
xyz12=( 19.798350 32.962791 8.841663 )
xyz12=( 19.798350 32.962791 8.841663 )
xyz12=( 19.797807 32.962743 8.841751 )
xyz12=( 19.797807 32.962743 8.841751 )
xyz12=( 19.797263 32.962696 8.841839 )
xyz12=( 19.797263 32.962696 8.841839 )
xyz12=( 19.796720 32.962649 8.841927 )
xyz12=( 19.796720 32.962649 8.841927 )
xyz12=( 19.796176 32.962602 8.842016 )
xyz12=( 19.796176 32.962602 8.842016 )
xyz12=( 19.795631 32.962556 8.842104 )
xyz12=( 19.795631 32.962556 8.842104 )
xyz12=( 19.795087 32.962509 8.842193 )
xyz12=( 19.795087 32.962509 8.842193 )
xyz12=( 19.794543 32.962463 8.842281 )
xyz12=( 19.794543 32.962463 8.842281 )
xyz12=( 19.793998 32.962417 8.842370 )
xyz12=( 19.793998 32.962417 8.842370 )
xyz12=( 19.793453 32.962371 8.842459 )
xyz12=( 19.793453 32.962371 8.842459 )
xyz12=( 19.792908 32.962326 8.842548 )
xyz12=( 19.792908 32.962326 8.842548 )
xyz12=( 19.792362 32.962280 8.842637 )
xyz12=( 19.792362 32.962280 8.842637 )
xyz12=( 19.791817 32.962235 8.842727 )
xyz12=( 19.791817 32.962235 8.842727 )
xyz12=( 19.791271 32.962190 8.842816 )
xyz12=( 19.791271 32.962190 8.842816 )
xyz12=( 19.790725 32.962145 8.842906 )
xyz12=( 19.790725 32.962145 8.842906 )
xyz12=( 19.790179 32.962101 8.842995 )
xyz12=( 19.789632 32.962056 8.843085 )
xyz12=( 19.789086 32.962012 8.843175 )
xyz12=( 19.788539 32.961968 8.843265 )
xyz12=( 19.787992 32.961924 8.843356 )
xyz12=( 19.787445 32.961881 8.843446 )
xyz12=( 19.786898 32.961837 8.843536 )
xyz12=( 19.786350 32.961794 8.843627 )
xyz12=( 19.785802 32.961751 8.843718 )
xyz12=( 19.785254 32.961708 8.843808 )
xyz12=( 19.784706 32.961665 8.843899 )
xyz12=( 19.784157 32.961623 8.843990 )
xyz12=( 19.783609 32.961581 8.844082 )
xyz12=( 19.783060 32.961539 8.844173 )
xyz12=( 19.782511 32.961497 8.844264 )
xyz12=( 19.781962 32.961455 8.844356 )
xyz12=( 19.781412 32.961414 8.844448 )
xyz12=( 19.780863 32.961372 8.844539 )
xyz12=( 19.780313 32.961331 8.844631 )
xyz12=( 19.779763 32.961291 8.844724 )
xyz12=( 19.779212 32.961250 8.844816 )
xyz12=( 19.778662 32.961209 8.844908 )
xyz12=( 19.778111 32.961169 8.845001 )
xyz12=( 19.777560 32.961129 8.845093 )
xyz12=( 19.777009 32.961089 8.845186 )
xyz12=( 19.776458 32.961050 8.845279 )
xyz12=( 19.775906 32.961010 8.845372 )
xyz12=( 19.775355 32.960971 8.845465 )
xyz12=( 19.774803 32.960932 8.845558 )
xyz12=( 19.774251 32.960893 8.845651 )
xyz12=( 19.773698 32.960855 8.845745 )
xyz12=( 19.773146 32.960816 8.845839 )
xyz12=( 19.772593 32.960778 8.845932 )
xyz12=( 19.772040 32.960740 8.846026 )
xyz12=( 19.771487 32.960702 8.846120 )
xyz12=( 19.770933 32.960665 8.846214 )
xyz12=( 19.770380 32.960627 8.846309 )
xyz12=( 19.769826 32.960590 8.846403 )
xyz12=( 19.769272 32.960553 8.846498 )
xyz12=( 19.768717 32.960516 8.846592 )
xyz12=( 19.768163 32.960480 8.846687 )
xyz12=( 19.767608 32.960443 8.846782 )
xyz12=( 19.767053 32.960407 8.846877 )
xyz12=( 19.766498 32.960371 8.846972 )
xyz12=( 19.765943 32.960335 8.847068 )
xyz12=( 18.517320 34.416165 9.721530 )
xyz12=( 19.765388 32.960300 8.847163 )
xyz12=( 18.517172 34.415654 9.721340 )
xyz12=( 19.764832 32.960264 8.847259 )
xyz12=( 18.517025 34.415143 9.721150 )
xyz12=( 19.764276 32.960229 8.847354 )
xyz12=( 18.516877 34.414632 9.720959 )
xyz12=( 19.763720 32.960194 8.847450 )
xyz12=( 18.516730 34.414120 9.720769 )
xyz12=( 19.763163 32.960160 8.847546 )
xyz12=( 18.516583 34.413608 9.720578 )
xyz12=( 19.762607 32.960125 8.847642 )
xyz12=( 18.516436 34.413096 9.720387 )
xyz12=( 19.762050 32.960091 8.847739 )
xyz12=( 18.516289 34.412584 9.720197 )
xyz12=( 19.761493 32.960057 8.847835 )
xyz12=( 18.516142 34.412071 9.720006 )
xyz12=( 19.760936 32.960023 8.847931 )
xyz12=( 18.515996 34.411558 9.719814 )
xyz12=( 19.760378 32.959989 8.848028 )
xyz12=( 18.515849 34.411045 9.719623 )
xyz12=( 19.759821 32.959956 8.848125 )
xyz12=( 18.515703 34.410532 9.719432 )
xyz12=( 19.759263 32.959923 8.848222 )
xyz12=( 18.515557 34.410019 9.719240 )
xyz12=( 19.758705 32.959890 8.848319 )
xyz12=( 18.515411 34.409505 9.719048 )
xyz12=( 19.758146 32.959857 8.848416 )
xyz12=( 19.757588 32.959824 8.848513 )
xyz12=( 19.757029 32.959792 8.848611 )
xyz12=( 19.756470 32.959759 8.848708 )
xyz12=( 20.267155 33.085497 8.800949 )
xyz12=( 19.755911 32.959727 8.848806 )
xyz12=( 20.267674 33.085730 8.800946 )
xyz12=( 19.755352 32.959696 8.848904 )
xyz12=( 20.268192 33.085964 8.800943 )
xyz12=( 19.754792 32.959664 8.849002 )
xyz12=( 20.268711 33.086198 8.800940 )
xyz12=( 19.754232 32.959633 8.849100 )
xyz12=( 20.269230 33.086432 8.800938 )
xyz12=( 19.753672 32.959602 8.849198 )
xyz12=( 20.269749 33.086666 8.800935 )
xyz12=( 19.753112 32.959571 8.849296 )
xyz12=( 20.270268 33.086901 8.800932 )
xyz12=( 19.752552 32.959540 8.849395 )
xyz12=( 20.270787 33.087136 8.800930 )
xyz12=( 19.751991 32.959509 8.849494 )
xyz12=( 20.271306 33.087372 8.800928 )
xyz12=( 19.751430 32.959479 8.849592 )
xyz12=( 20.271825 33.087607 8.800925 )
xyz12=( 19.750869 32.959449 8.849691 )
xyz12=( 20.272345 33.087843 8.800923 )
xyz12=( 19.750307 32.959419 8.849790 )
xyz12=( 20.272865 33.088079 8.800921 )
xyz12=( 19.749746 32.959390 8.849890 )
xyz12=( 20.273384 33.088316 8.800919 )
xyz12=( 19.749184 32.959360 8.849989 )
xyz12=( 20.273904 33.088553 8.800917 )
xyz12=( 19.748622 32.959331 8.850088 )
xyz12=( 20.274424 33.088790 8.800916 )
xyz12=( 19.748060 32.959302 8.850188 )
xyz12=( 20.274944 33.089028 8.800914 )
xyz12=( 19.747498 32.959273 8.850288 )
xyz12=( 20.275464 33.089265 8.800913 )
xyz12=( 19.746935 32.959245 8.850388 )
xyz12=( 20.275984 33.089503 8.800911 )
xyz12=( 19.746372 32.959216 8.850488 )
xyz12=( 20.276505 33.089742 8.800910 )
xyz12=( 19.745809 32.959188 8.850588 )
xyz12=( 20.277025 33.089980 8.800909 )
xyz12=( 19.745246 32.959160 8.850688 )
xyz12=( 20.277546 33.090219 8.800908 )
xyz12=( 19.744682 32.959132 8.850788 )
xyz12=( 20.278067 33.090458 8.800907 )
xyz12=( 19.744118 32.959105 8.850889 )
xyz12=( 20.278588 33.090698 8.800906 )
xyz12=( 19.743554 32.959078 8.850990 )
xyz12=( 19.742990 32.959051 8.851090 )
xyz12=( 19.742426 32.959024 8.851191 )
xyz12=( 19.741861 32.958997 8.851292 )
xyz12=( 19.741296 32.958971 8.851394 )
xyz12=( 19.740731 32.958944 8.851495 )
xyz12=( 19.740166 32.958918 8.851597 )
xyz12=( 19.739600 32.958893 8.851698 )
xyz12=( 19.739035 32.958867 8.851800 )
xyz12=( 19.738469 32.958842 8.851902 )
xyz12=( 19.737903 32.958817 8.852004 )
xyz12=( 19.737336 32.958792 8.852106 )
xyz12=( 19.736770 32.958767 8.852209 )
xyz12=( 19.736203 32.958743 8.852311 )
xyz12=( 19.735636 32.958719 8.852414 )
xyz12=( 19.735068 32.958695 8.852516 )
xyz12=( 19.734501 32.958671 8.852619 )
xyz12=( 19.733933 32.958647 8.852722 )
xyz12=( 19.733365 32.958624 8.852826 )
xyz12=( 19.732797 32.958601 8.852929 )
xyz12=( 19.732228 32.958578 8.853032 )
xyz12=( 19.731660 32.958555 8.853136 )
xyz12=( 19.731091 32.958533 8.853240 )
xyz12=( 18.508485 34.384028 9.709481 )
xyz12=( 19.730522 32.958510 8.853344 )
xyz12=( 18.508348 34.383502 9.709282 )
xyz12=( 19.729953 32.958488 8.853448 )
xyz12=( 18.508211 34.382975 9.709083 )
xyz12=( 19.729383 32.958467 8.853552 )
xyz12=( 18.508075 34.382449 9.708884 )
xyz12=( 19.728813 32.958445 8.853656 )
xyz12=( 18.507938 34.381922 9.708685 )
xyz12=( 19.728243 32.958424 8.853760 )
xyz12=( 18.507802 34.381394 9.708486 )
xyz12=( 19.727673 32.958403 8.853865 )
xyz12=( 18.507666 34.380867 9.708286 )
xyz12=( 19.727102 32.958382 8.853970 )
xyz12=( 19.726532 32.958361 8.854075 )
xyz12=( 19.725961 32.958341 8.854180 )
xyz12=( 19.725390 32.958321 8.854285 )
xyz12=( 19.724818 32.958301 8.854390 )
xyz12=( 19.724247 32.958281 8.854496 )
xyz12=( 19.723675 32.958261 8.854601 )
xyz12=( 19.723103 32.958242 8.854707 )
xyz12=( 19.722531 32.958223 8.854813 )
xyz12=( 19.721958 32.958204 8.854919 )
xyz12=( 19.721385 32.958185 8.855025 )
xyz12=( 19.720812 32.958167 8.855131 )
xyz12=( 19.720239 32.958149 8.855238 )
xyz12=( 19.719666 32.958131 8.855344 )
xyz12=( 19.719092 32.958113 8.855451 )
xyz12=( 19.718518 32.958096 8.855558 )
xyz12=( 19.717944 32.958078 8.855665 )
xyz12=( 19.717370 32.958061 8.855772 )
xyz12=( 19.716795 32.958045 8.855879 )
xyz12=( 18.505119 34.370795 9.704466 )
xyz12=( 19.716220 32.958028 8.855987 )
xyz12=( 18.504987 34.370263 9.704263 )
xyz12=( 19.715645 32.958012 8.856094 )
xyz12=( 18.504855 34.369730 9.704061 )
xyz12=( 19.715070 32.957996 8.856202 )
xyz12=( 18.504724 34.369197 9.703858 )
xyz12=( 19.714494 32.957980 8.856310 )
xyz12=( 18.504592 34.368663 9.703655 )
xyz12=( 19.713919 32.957964 8.856418 )
xyz12=( 18.504461 34.368129 9.703452 )
xyz12=( 19.713343 32.957949 8.856526 )
xyz12=( 20.306889 33.104088 8.801018 )
xyz12=( 18.504329 34.367595 9.703248 )
xyz12=( 19.712766 32.957934 8.856635 )
xyz12=( 20.307417 33.104344 8.801023 )
xyz12=( 18.504198 34.367061 9.703045 )
xyz12=( 19.712190 32.957919 8.856743 )
xyz12=( 20.307944 33.104601 8.801029 )
xyz12=( 18.504067 34.366527 9.702841 )
xyz12=( 19.711613 32.957904 8.856852 )
xyz12=( 20.308472 33.104858 8.801034 )
xyz12=( 18.503937 34.365992 9.702637 )
xyz12=( 19.711036 32.957889 8.856961 )
xyz12=( 20.308999 33.105116 8.801039 )
xyz12=( 18.503806 34.365457 9.702433 )
xyz12=( 19.710459 32.957875 8.857069 )
xyz12=( 20.309527 33.105374 8.801045 )
xyz12=( 18.503676 34.364921 9.702229 )
xyz12=( 19.709882 32.957861 8.857179 )
xyz12=( 20.310055 33.105632 8.801051 )
xyz12=( 18.503546 34.364386 9.702025 )
xyz12=( 19.709304 32.957847 8.857288 )
xyz12=( 20.310584 33.105890 8.801057 )
xyz12=( 18.503416 34.363850 9.701821 )
xyz12=( 18.503416 34.363850 9.701821 )
xyz12=( 19.708726 32.957834 8.857397 )
xyz12=( 20.311112 33.106149 8.801062 )
xyz12=( 18.503287 34.363314 9.701616 )
xyz12=( 18.503287 34.363314 9.701616 )
xyz12=( 19.708148 32.957821 8.857507 )
xyz12=( 20.311640 33.106408 8.801068 )
xyz12=( 18.503157 34.362777 9.701412 )
xyz12=( 18.503157 34.362777 9.701412 )
xyz12=( 19.707570 32.957807 8.857616 )
xyz12=( 20.312169 33.106668 8.801075 )
xyz12=( 18.503028 34.362241 9.701207 )
xyz12=( 18.503028 34.362241 9.701207 )
xyz12=( 19.706991 32.957795 8.857726 )
xyz12=( 20.312697 33.106927 8.801081 )
xyz12=( 18.502899 34.361704 9.701002 )
xyz12=( 18.502899 34.361704 9.701002 )
xyz12=( 19.706412 32.957782 8.857836 )
xyz12=( 20.313226 33.107187 8.801087 )
xyz12=( 18.502770 34.361167 9.700797 )
xyz12=( 18.502770 34.361167 9.700797 )
xyz12=( 19.705833 32.957770 8.857946 )
xyz12=( 20.313755 33.107448 8.801094 )
xyz12=( 18.502641 34.360629 9.700591 )
xyz12=( 18.502641 34.360629 9.700591 )
xyz12=( 19.705254 32.957758 8.858056 )
xyz12=( 20.314284 33.107709 8.801100 )
xyz12=( 19.704674 32.957746 8.858167 )
xyz12=( 20.314813 33.107970 8.801107 )
xyz12=( 19.704095 32.957734 8.858277 )
xyz12=( 20.315342 33.108231 8.801114 )
xyz12=( 19.703515 32.957723 8.858388 )
xyz12=( 20.315872 33.108493 8.801121 )
xyz12=( 19.702934 32.957711 8.858499 )
xyz12=( 20.316401 33.108755 8.801128 )
xyz12=( 19.702354 32.957700 8.858610 )
xyz12=( 20.316931 33.109017 8.801135 )
xyz12=( 19.701773 32.957690 8.858721 )
xyz12=( 20.317461 33.109280 8.801142 )
xyz12=( 19.701192 32.957679 8.858832 )
xyz12=( 20.317990 33.109543 8.801150 )
xyz12=( 19.700611 32.957669 8.858944 )
xyz12=( 20.318520 33.109806 8.801157 )
xyz12=( 19.700030 32.957659 8.859055 )
xyz12=( 20.319051 33.110070 8.801165 )
xyz12=( 19.699448 32.957649 8.859167 )
xyz12=( 20.319581 33.110334 8.801173 )
xyz12=( 19.698866 32.957640 8.859279 )
xyz12=( 20.320111 33.110598 8.801181 )
xyz12=( 19.698284 32.957630 8.859391 )
xyz12=( 20.320642 33.110863 8.801189 )
xyz12=( 19.697702 32.957621 8.859503 )
xyz12=( 20.321172 33.111128 8.801197 )
xyz12=( 19.697119 32.957613 8.859616 )
xyz12=( 20.321703 33.111393 8.801205 )
xyz12=( 19.696536 32.957604 8.859728 )
xyz12=( 20.322234 33.111659 8.801213 )
xyz12=( 19.695953 32.957596 8.859841 )
xyz12=( 20.322765 33.111925 8.801222 )
xyz12=( 19.695370 32.957588 8.859954 )
xyz12=( 20.323296 33.112191 8.801230 )
xyz12=( 19.694786 32.957580 8.860066 )
xyz12=( 20.323827 33.112458 8.801239 )
xyz12=( 19.694202 32.957572 8.860180 )
xyz12=( 20.324359 33.112725 8.801248 )
xyz12=( 19.693618 32.957565 8.860293 )
xyz12=( 20.324890 33.112992 8.801257 )
xyz12=( 19.693034 32.957558 8.860406 )
xyz12=( 20.325422 33.113260 8.801266 )
xyz12=( 19.692449 32.957551 8.860520 )
xyz12=( 20.325954 33.113528 8.801275 )
xyz12=( 19.691864 32.957544 8.860634 )
xyz12=( 20.326486 33.113796 8.801284 )
xyz12=( 19.691279 32.957538 8.860747 )
xyz12=( 20.327018 33.114065 8.801294 )
xyz12=( 19.690694 32.957532 8.860861 )
xyz12=( 20.327550 33.114334 8.801303 )
xyz12=( 19.690108 32.957526 8.860976 )
xyz12=( 20.328082 33.114603 8.801313 )
xyz12=( 19.689523 32.957520 8.861090 )
xyz12=( 20.328614 33.114873 8.801323 )
xyz12=( 19.688937 32.957515 8.861204 )
xyz12=( 19.688350 32.957510 8.861319 )
xyz12=( 19.687764 32.957505 8.861434 )
xyz12=( 19.687177 32.957500 8.861549 )
xyz12=( 19.686590 32.957496 8.861664 )
xyz12=( 19.686003 32.957491 8.861779 )
xyz12=( 19.685415 32.957487 8.861895 )
xyz12=( 19.684828 32.957484 8.862010 )
xyz12=( 19.684240 32.957480 8.862126 )
xyz12=( 19.683651 32.957477 8.862242 )
xyz12=( 19.683063 32.957474 8.862358 )
xyz12=( 19.682474 32.957472 8.862474 )
xyz12=( 19.681885 32.957469 8.862590 )
xyz12=( 19.681296 32.957467 8.862707 )
xyz12=( 19.680706 32.957465 8.862824 )
xyz12=( 19.680117 32.957463 8.862940 )
xyz12=( 19.679527 32.957462 8.863057 )
xyz12=( 19.678936 32.957461 8.863174 )
xyz12=( 19.678346 32.957460 8.863292 )
xyz12=( 19.677755 32.957459 8.863409 )
xyz12=( 18.496698 34.334510 9.690552 )
xyz12=( 19.677164 32.957459 8.863527 )
xyz12=( 18.496580 34.333959 9.690339 )
xyz12=( 19.676573 32.957458 8.863645 )
xyz12=( 18.496461 34.333408 9.690126 )
xyz12=( 19.675981 32.957458 8.863762 )
xyz12=( 18.496343 34.332856 9.689912 )
xyz12=( 19.675390 32.957459 8.863881 )
xyz12=( 18.496224 34.332304 9.689699 )
xyz12=( 19.674798 32.957459 8.863999 )
xyz12=( 18.496106 34.331752 9.689485 )
xyz12=( 19.674205 32.957460 8.864117 )
xyz12=( 18.495989 34.331200 9.689271 )
xyz12=( 19.673613 32.957461 8.864236 )
xyz12=( 18.495871 34.330647 9.689057 )
xyz12=( 19.673020 32.957463 8.864354 )
xyz12=( 18.495754 34.330094 9.688843 )
xyz12=( 19.672427 32.957464 8.864473 )
xyz12=( 18.495637 34.329541 9.688628 )
xyz12=( 19.671834 32.957466 8.864592 )
xyz12=( 19.671240 32.957468 8.864712 )
xyz12=( 19.670647 32.957470 8.864831 )
xyz12=( 19.670053 32.957473 8.864950 )
xyz12=( 19.669458 32.957476 8.865070 )
xyz12=( 19.668864 32.957479 8.865190 )
xyz12=( 19.668269 32.957482 8.865310 )
xyz12=( 19.667674 32.957486 8.865430 )
xyz12=( 19.667079 32.957490 8.865550 )
xyz12=( 19.666483 32.957494 8.865671 )
xyz12=( 19.665887 32.957498 8.865792 )
xyz12=( 19.665291 32.957503 8.865912 )
xyz12=( 19.664695 32.957508 8.866033 )
xyz12=( 19.664098 32.957513 8.866154 )
xyz12=( 19.663502 32.957519 8.866276 )
xyz12=( 19.662905 32.957524 8.866397 )
xyz12=( 19.662307 32.957530 8.866519 )
xyz12=( 19.661710 32.957536 8.866641 )
xyz12=( 19.661112 32.957543 8.866763 )
xyz12=( 19.660514 32.957550 8.866885 )
xyz12=( 19.659915 32.957557 8.867007 )
xyz12=( 19.659317 32.957564 8.867129 )
xyz12=( 19.658718 32.957571 8.867252 )
xyz12=( 19.658119 32.957579 8.867375 )
xyz12=( 19.657519 32.957587 8.867498 )
xyz12=( 19.656919 32.957596 8.867621 )
xyz12=( 19.656320 32.957604 8.867744 )
xyz12=( 19.655719 32.957613 8.867868 )
xyz12=( 19.655119 32.957622 8.867991 )
xyz12=( 19.654518 32.957632 8.868115 )
xyz12=( 19.653917 32.957641 8.868239 )
xyz12=( 19.653316 32.957651 8.868363 )
xyz12=( 19.652714 32.957661 8.868487 )
xyz12=( 19.652113 32.957672 8.868612 )
xyz12=( 18.491782 34.310557 9.681239 )
xyz12=( 19.651511 32.957682 8.868736 )
xyz12=( 18.491673 34.309993 9.681019 )
xyz12=( 19.650908 32.957693 8.868861 )
xyz12=( 18.491563 34.309429 9.680798 )
xyz12=( 19.650306 32.957705 8.868986 )
xyz12=( 18.491454 34.308865 9.680578 )
xyz12=( 19.649703 32.957716 8.869111 )
xyz12=( 18.491345 34.308301 9.680357 )
xyz12=( 19.649100 32.957728 8.869236 )
xyz12=( 18.491237 34.307736 9.680136 )
xyz12=( 18.491237 34.307736 9.680136 )
xyz12=( 19.648496 32.957740 8.869362 )
xyz12=( 18.491128 34.307171 9.679914 )
xyz12=( 18.491128 34.307171 9.679914 )
xyz12=( 19.647893 32.957752 8.869487 )
xyz12=( 18.491020 34.306606 9.679693 )
xyz12=( 18.491020 34.306606 9.679693 )
xyz12=( 19.647289 32.957765 8.869613 )
xyz12=( 18.490912 34.306040 9.679472 )
xyz12=( 18.490912 34.306040 9.679472 )
xyz12=( 19.646685 32.957778 8.869739 )
xyz12=( 18.490804 34.305474 9.679250 )
xyz12=( 18.490804 34.305474 9.679250 )
xyz12=( 19.646080 32.957791 8.869865 )
xyz12=( 18.490697 34.304908 9.679028 )
xyz12=( 18.490697 34.304908 9.679028 )
xyz12=( 19.645475 32.957804 8.869992 )
xyz12=( 18.490589 34.304341 9.678806 )
xyz12=( 19.644871 32.957818 8.870118 )
xyz12=( 18.490482 34.303775 9.678584 )
xyz12=( 19.644265 32.957832 8.870245 )
xyz12=( 19.643660 32.957846 8.870371 )
xyz12=( 19.643054 32.957861 8.870498 )
xyz12=( 19.642448 32.957875 8.870626 )
xyz12=( 19.641842 32.957890 8.870753 )
xyz12=( 19.641235 32.957906 8.870880 )
xyz12=( 19.640628 32.957921 8.871008 )
xyz12=( 19.640021 32.957937 8.871136 )
xyz12=( 19.639414 32.957953 8.871264 )
xyz12=( 19.638806 32.957970 8.871392 )
xyz12=( 19.638198 32.957986 8.871520 )
xyz12=( 19.637590 32.958003 8.871649 )
xyz12=( 19.636981 32.958021 8.871778 )
xyz12=( 19.636373 32.958038 8.871906 )
xyz12=( 19.635764 32.958056 8.872035 )
xyz12=( 19.635154 32.958074 8.872165 )
xyz12=( 19.634545 32.958092 8.872294 )
xyz12=( 19.633935 32.958111 8.872424 )
xyz12=( 19.633325 32.958130 8.872553 )
xyz12=( 19.632714 32.958149 8.872683 )
xyz12=( 19.632104 32.958168 8.872813 )
xyz12=( 19.631493 32.958188 8.872944 )
xyz12=( 19.630882 32.958208 8.873074 )
xyz12=( 19.630270 32.958229 8.873205 )
xyz12=( 19.629658 32.958249 8.873335 )
xyz12=( 19.629046 32.958270 8.873466 )
xyz12=( 19.628434 32.958291 8.873597 )
xyz12=( 19.627821 32.958313 8.873729 )
xyz12=( 19.627208 32.958334 8.873860 )
xyz12=( 19.626595 32.958356 8.873992 )
xyz12=( 19.625982 32.958379 8.874124 )
xyz12=( 19.625368 32.958401 8.874256 )
xyz12=( 19.624754 32.958424 8.874388 )
xyz12=( 19.624140 32.958447 8.874520 )
xyz12=( 19.623525 32.958471 8.874653 )
xyz12=( 19.622910 32.958494 8.874786 )
xyz12=( 19.622295 32.958518 8.874919 )
xyz12=( 19.621680 32.958543 8.875052 )
xyz12=( 19.621064 32.958567 8.875185 )
xyz12=( 19.620448 32.958592 8.875318 )
xyz12=( 19.619832 32.958617 8.875452 )
xyz12=( 19.619215 32.958643 8.875586 )
xyz12=( 19.618599 32.958668 8.875720 )
xyz12=( 19.617982 32.958694 8.875854 )
xyz12=( 19.617364 32.958721 8.875988 )
xyz12=( 19.616747 32.958747 8.876123 )
xyz12=( 19.616129 32.958774 8.876258 )
xyz12=( 19.615510 32.958801 8.876393 )
xyz12=( 19.614892 32.958829 8.876528 )
xyz12=( 19.614273 32.958857 8.876663 )
xyz12=( 19.613654 32.958885 8.876799 )
xyz12=( 19.613035 32.958913 8.876934 )
xyz12=( 18.485234 34.273870 9.666779 )
xyz12=( 19.612415 32.958942 8.877070 )
xyz12=( 18.485140 34.273286 9.666547 )
xyz12=( 19.611795 32.958971 8.877206 )
xyz12=( 18.485045 34.272702 9.666315 )
xyz12=( 19.611175 32.959000 8.877342 )
xyz12=( 18.484951 34.272118 9.666083 )
xyz12=( 19.610554 32.959030 8.877479 )
xyz12=( 18.484857 34.271534 9.665851 )
xyz12=( 19.609933 32.959059 8.877615 )
xyz12=( 18.484764 34.270949 9.665618 )
xyz12=( 19.609312 32.959090 8.877752 )
xyz12=( 18.484670 34.270364 9.665385 )
xyz12=( 19.608691 32.959120 8.877889 )
xyz12=( 18.484577 34.269778 9.665152 )
xyz12=( 19.608069 32.959151 8.878026 )
xyz12=( 18.484484 34.269192 9.664919 )
xyz12=( 19.607447 32.959182 8.878163 )
xyz12=( 18.484392 34.268606 9.664685 )
xyz12=( 19.606825 32.959213 8.878301 )
xyz12=( 18.484299 34.268019 9.664452 )
xyz12=( 19.606202 32.959245 8.878438 )
xyz12=( 18.484207 34.267433 9.664218 )
xyz12=( 19.605580 32.959277 8.878576 )
xyz12=( 19.604956 32.959309 8.878714 )
xyz12=( 19.604333 32.959341 8.878853 )
xyz12=( 19.603709 32.959374 8.878991 )
xyz12=( 19.603085 32.959407 8.879130 )
xyz12=( 19.602461 32.959441 8.879268 )
xyz12=( 19.601836 32.959474 8.879407 )
xyz12=( 19.601211 32.959508 8.879547 )
xyz12=( 19.600586 32.959543 8.879686 )
xyz12=( 19.599961 32.959577 8.879825 )
xyz12=( 19.599335 32.959612 8.879965 )
xyz12=( 19.598709 32.959648 8.880105 )
xyz12=( 19.598082 32.959683 8.880245 )
xyz12=( 19.597456 32.959719 8.880386 )
xyz12=( 19.596829 32.959755 8.880526 )
xyz12=( 19.596202 32.959792 8.880667 )
xyz12=( 19.595574 32.959828 8.880808 )
xyz12=( 19.594946 32.959865 8.880949 )
xyz12=( 19.594318 32.959903 8.881090 )
xyz12=( 19.593690 32.959941 8.881231 )
xyz12=( 19.593061 32.959979 8.881373 )
xyz12=( 19.592432 32.960017 8.881515 )
xyz12=( 19.591802 32.960055 8.881657 )
xyz12=( 19.591173 32.960094 8.881799 )
xyz12=( 19.590543 32.960134 8.881942 )
xyz12=( 19.589912 32.960173 8.882084 )
xyz12=( 19.589282 32.960213 8.882227 )
xyz12=( 19.588651 32.960253 8.882370 )
xyz12=( 19.588020 32.960294 8.882513 )
xyz12=( 19.587388 32.960335 8.882657 )
xyz12=( 19.586757 32.960376 8.882800 )
xyz12=( 19.586124 32.960417 8.882944 )
xyz12=( 19.585492 32.960459 8.883088 )
xyz12=( 19.584859 32.960501 8.883232 )
xyz12=( 19.584226 32.960543 8.883377 )
xyz12=( 19.583593 32.960586 8.883521 )
xyz12=( 19.582959 32.960629 8.883666 )
xyz12=( 19.582325 32.960672 8.883811 )
xyz12=( 19.581691 32.960716 8.883956 )
xyz12=( 19.581057 32.960760 8.884102 )
xyz12=( 19.580422 32.960804 8.884247 )
xyz12=( 19.579787 32.960849 8.884393 )
xyz12=( 19.579151 32.960894 8.884539 )
xyz12=( 19.578515 32.960939 8.884685 )
xyz12=( 19.577879 32.960985 8.884831 )
xyz12=( 19.577243 32.961031 8.884978 )
xyz12=( 19.576606 32.961077 8.885125 )
xyz12=( 19.575969 32.961123 8.885272 )
xyz12=( 19.575332 32.961170 8.885419 )
xyz12=( 19.574694 32.961217 8.885566 )
xyz12=( 19.574056 32.961265 8.885714 )
xyz12=( 19.573418 32.961313 8.885862 )
xyz12=( 19.572779 32.961361 8.886010 )
xyz12=( 19.572140 32.961409 8.886158 )
xyz12=( 19.571501 32.961458 8.886306 )
xyz12=( 19.570862 32.961507 8.886455 )
xyz12=( 19.570222 32.961557 8.886604 )
xyz12=( 19.569582 32.961607 8.886753 )
xyz12=( 19.568941 32.961657 8.886902 )
xyz12=( 19.568300 32.961707 8.887051 )
xyz12=( 19.567659 32.961758 8.887201 )
xyz12=( 19.567018 32.961809 8.887351 )
xyz12=( 19.566376 32.961861 8.887501 )
xyz12=( 19.565734 32.961912 8.887651 )
xyz12=( 19.565092 32.961965 8.887801 )
xyz12=( 19.564449 32.962017 8.887952 )
xyz12=( 19.563806 32.962070 8.888103 )
xyz12=( 19.563162 32.962123 8.888254 )
xyz12=( 19.562519 32.962176 8.888405 )
xyz12=( 19.561875 32.962230 8.888557 )
xyz12=( 19.561230 32.962284 8.888708 )
xyz12=( 19.560586 32.962339 8.888860 )
xyz12=( 19.559941 32.962394 8.889012 )
xyz12=( 19.559296 32.962449 8.889165 )
xyz12=( 19.558650 32.962504 8.889317 )
xyz12=( 19.558004 32.962560 8.889470 )
xyz12=( 19.557358 32.962616 8.889623 )
xyz12=( 19.556711 32.962673 8.889776 )
xyz12=( 19.556064 32.962730 8.889929 )
xyz12=( 19.555417 32.962787 8.890083 )
xyz12=( 19.554769 32.962844 8.890237 )
xyz12=( 19.554121 32.962902 8.890391 )
xyz12=( 19.553473 32.962960 8.890545 )
xyz12=( 19.552825 32.963019 8.890699 )
xyz12=( 19.552176 32.963078 8.890854 )
xyz12=( 19.551526 32.963137 8.891009 )
xyz12=( 19.550877 32.963197 8.891164 )
xyz12=( 18.475634 34.200115 9.636999 )
xyz12=( 18.475573 34.199487 9.636742 )
xyz12=( 18.475512 34.198860 9.636484 )
xyz12=( 18.475451 34.198232 9.636227 )
xyz12=( 18.475391 34.197603 9.635969 )
xyz12=( 18.475331 34.196974 9.635710 )
xyz12=( 18.475271 34.196345 9.635452 )
xyz12=( 18.475211 34.195715 9.635193 )
xyz12=( 18.475152 34.195085 9.634934 )
xyz12=( 18.475093 34.194455 9.634675 )
xyz12=( 18.475035 34.193824 9.634416 )
xyz12=( 18.474976 34.193193 9.634156 )
xyz12=( 18.474918 34.192561 9.633896 )
xyz12=( 18.474861 34.191929 9.633636 )
xyz12=( 18.474803 34.191297 9.633376 )
xyz12=( 18.474746 34.190664 9.633115 )
xyz12=( 18.474690 34.190030 9.632854 )
xyz12=( 18.474633 34.189397 9.632593 )
xyz12=( 18.474577 34.188763 9.632332 )
xyz12=( 18.474521 34.188128 9.632070 )
xyz12=( 18.474466 34.187493 9.631809 )
xyz12=( 18.474411 34.186858 9.631547 )
xyz12=( 19.517297 32.966709 8.899366 )
xyz12=( 19.516629 32.966787 8.899533 )
xyz12=( 19.515961 32.966866 8.899700 )
xyz12=( 20.482108 33.204744 8.809347 )
xyz12=( 19.515293 32.966945 8.899868 )
xyz12=( 20.482683 33.205129 8.809398 )
xyz12=( 19.514624 32.967025 8.900035 )
xyz12=( 20.483257 33.205515 8.809449 )
xyz12=( 19.513955 32.967105 8.900203 )
xyz12=( 20.483832 33.205901 8.809500 )
xyz12=( 19.513286 32.967185 8.900371 )
xyz12=( 20.484407 33.206288 8.809552 )
xyz12=( 19.512616 32.967266 8.900539 )
xyz12=( 20.484982 33.206675 8.809604 )
xyz12=( 19.511946 32.967347 8.900707 )
xyz12=( 19.511276 32.967429 8.900876 )
xyz12=( 19.510605 32.967511 8.901045 )
xyz12=( 19.509933 32.967593 8.901214 )
xyz12=( 19.509262 32.967676 8.901383 )
xyz12=( 19.508590 32.967759 8.901553 )
xyz12=( 19.507918 32.967842 8.901723 )
xyz12=( 19.507245 32.967926 8.901893 )
xyz12=( 19.506572 32.968010 8.902063 )
xyz12=( 19.505898 32.968095 8.902234 )
xyz12=( 19.505225 32.968180 8.902405 )
xyz12=( 19.504551 32.968265 8.902576 )
xyz12=( 19.503876 32.968351 8.902747 )
xyz12=( 19.503201 32.968437 8.902919 )
xyz12=( 19.502526 32.968524 8.903091 )
xyz12=( 19.501850 32.968611 8.903263 )
xyz12=( 19.501174 32.968699 8.903435 )
xyz12=( 19.500498 32.968786 8.903608 )
xyz12=( 19.499821 32.968875 8.903780 )
xyz12=( 19.499144 32.968963 8.903953 )
xyz12=( 19.498466 32.969052 8.904127 )
xyz12=( 19.497788 32.969142 8.904300 )
xyz12=( 19.497110 32.969231 8.904474 )
xyz12=( 19.496431 32.969322 8.904648 )
xyz12=( 19.495752 32.969412 8.904822 )
xyz12=( 19.495073 32.969503 8.904997 )
xyz12=( 19.494393 32.969595 8.905172 )
xyz12=( 19.493713 32.969687 8.905347 )
xyz12=( 19.493032 32.969779 8.905522 )
xyz12=( 19.492351 32.969871 8.905698 )
xyz12=( 19.491670 32.969965 8.905874 )
xyz12=( 19.490988 32.970058 8.906050 )
xyz12=( 19.490306 32.970152 8.906226 )
xyz12=( 20.504064 33.219752 8.811420 )
xyz12=( 19.489623 32.970246 8.906402 )
xyz12=( 20.504645 33.220158 8.811478 )
xyz12=( 19.488940 32.970341 8.906579 )
xyz12=( 20.505227 33.220564 8.811537 )
xyz12=( 19.488257 32.970436 8.906756 )
xyz12=( 20.505809 33.220971 8.811596 )
xyz12=( 19.487573 32.970532 8.906934 )
xyz12=( 20.506391 33.221378 8.811655 )
xyz12=( 19.486889 32.970628 8.907111 )
xyz12=( 20.506973 33.221785 8.811714 )
xyz12=( 19.486204 32.970724 8.907289 )
xyz12=( 20.507556 33.222194 8.811773 )
xyz12=( 19.485520 32.970821 8.907467 )
xyz12=( 20.508138 33.222603 8.811833 )
xyz12=( 19.484834 32.970918 8.907646 )
xyz12=( 19.484149 32.971016 8.907824 )
xyz12=( 19.483463 32.971114 8.908003 )
xyz12=( 19.482776 32.971212 8.908182 )
xyz12=( 19.482089 32.971311 8.908362 )
xyz12=( 19.481402 32.971410 8.908541 )
xyz12=( 19.480714 32.971510 8.908721 )
xyz12=( 19.480026 32.971610 8.908901 )
xyz12=( 19.479338 32.971711 8.909082 )
xyz12=( 19.478649 32.971812 8.909263 )
xyz12=( 19.477960 32.971913 8.909444 )
xyz12=( 19.477270 32.972015 8.909625 )
xyz12=( 19.476580 32.972117 8.909806 )
xyz12=( 19.475890 32.972220 8.909988 )
xyz12=( 19.475199 32.972323 8.910170 )
xyz12=( 19.474507 32.972427 8.910352 )
xyz12=( 19.473816 32.972531 8.910535 )
xyz12=( 19.473124 32.972635 8.910718 )
xyz12=( 19.472431 32.972740 8.910901 )
xyz12=( 19.471738 32.972845 8.911084 )
xyz12=( 19.471045 32.972951 8.911268 )
xyz12=( 19.470351 32.973057 8.911452 )
xyz12=( 19.469657 32.973164 8.911636 )
xyz12=( 19.468963 32.973271 8.911820 )
xyz12=( 19.468268 32.973379 8.912005 )
xyz12=( 19.467572 32.973487 8.912190 )
xyz12=( 19.466877 32.973595 8.912375 )
xyz12=( 18.471078 34.134644 9.609774 )
xyz12=( 19.466180 32.973704 8.912561 )
xyz12=( 18.471051 34.133973 9.609491 )
xyz12=( 19.465484 32.973813 8.912747 )
xyz12=( 18.471024 34.133302 9.609208 )
xyz12=( 19.464787 32.973923 8.912933 )
xyz12=( 18.470997 34.132630 9.608925 )
xyz12=( 19.464089 32.974033 8.913119 )
xyz12=( 18.470971 34.131957 9.608641 )
xyz12=( 19.463391 32.974144 8.913306 )
xyz12=( 18.470945 34.131284 9.608357 )
xyz12=( 19.462693 32.974255 8.913493 )
xyz12=( 18.470919 34.130611 9.608073 )
xyz12=( 19.461994 32.974366 8.913680 )
xyz12=( 18.470894 34.129937 9.607788 )
xyz12=( 19.461295 32.974478 8.913867 )
xyz12=( 18.470870 34.129263 9.607503 )
xyz12=( 19.460596 32.974590 8.914055 )
xyz12=( 18.470845 34.128588 9.607218 )
xyz12=( 19.459896 32.974703 8.914243 )
xyz12=( 18.470821 34.127913 9.606933 )
xyz12=( 19.459196 32.974817 8.914431 )
xyz12=( 18.470798 34.127237 9.606647 )
xyz12=( 19.458495 32.974930 8.914620 )
xyz12=( 18.470774 34.126561 9.606361 )
xyz12=( 18.470774 34.126561 9.606361 )
xyz12=( 19.457794 32.975045 8.914809 )
xyz12=( 18.470751 34.125884 9.606075 )
xyz12=( 18.470751 34.125884 9.606075 )
