xyz12=( 18.493416 33.859729 9.487187 )
xyz12=( 18.492497 33.864195 9.489290 )
xyz12=( 18.491593 33.868678 9.491396 )
xyz12=( 18.490706 33.873178 9.493507 )
xyz12=( 18.489835 33.877694 9.495621 )
xyz12=( 18.488980 33.882227 9.497739 )
xyz12=( 18.488142 33.886778 9.499862 )
xyz12=( 18.487320 33.891345 9.501988 )
xyz12=( 18.486515 33.895929 9.504119 )
xyz12=( 18.485728 33.900531 9.506253 )
xyz12=( 18.484957 33.905151 9.508392 )
xyz12=( 18.484203 33.909788 9.510535 )
xyz12=( 18.483467 33.914443 9.512681 )
xyz12=( 18.482748 33.919115 9.514833 )
xyz12=( 18.482048 33.923806 9.516988 )
xyz12=( 18.481365 33.928514 9.519147 )
xyz12=( 18.480700 33.933241 9.521311 )
xyz12=( 18.480053 33.937987 9.523479 )
xyz12=( 18.479424 33.942751 9.525652 )
xyz12=( 18.478815 33.947534 9.527828 )
xyz12=( 18.543914 33.688455 9.403524 )
xyz12=( 18.545664 33.683955 9.401241 )
xyz12=( 18.545664 33.683955 9.401241 )
xyz12=( 18.547440 33.679448 9.398951 )
xyz12=( 18.549242 33.674935 9.396652 )
xyz12=( 18.551070 33.670415 9.394345 )
xyz12=( 18.552924 33.665888 9.392031 )
xyz12=( 18.474627 33.986488 9.545402 )
xyz12=( 18.554806 33.661355 9.389708 )
xyz12=( 18.474193 33.991446 9.547619 )
xyz12=( 18.556714 33.656815 9.387376 )
xyz12=( 18.473779 33.996424 9.549841 )
xyz12=( 18.558649 33.652268 9.385037 )
xyz12=( 18.560612 33.647714 9.382689 )
xyz12=( 18.562602 33.643153 9.380332 )
xyz12=( 18.564621 33.638586 9.377967 )
xyz12=( 18.566668 33.634011 9.375593 )
xyz12=( 18.566668 33.634011 9.375593 )
xyz12=( 18.568743 33.629429 9.373211 )
xyz12=( 18.568743 33.629429 9.373211 )
xyz12=( 18.570848 33.624841 9.370820 )
xyz12=( 18.570848 33.624841 9.370820 )
xyz12=( 18.572982 33.620245 9.368419 )
xyz12=( 18.575145 33.615642 9.366010 )
xyz12=( 18.577338 33.611032 9.363592 )
xyz12=( 18.579562 33.606414 9.361165 )
xyz12=( 20.594303 33.288033 8.822774 )
xyz12=( 18.581815 33.601790 9.358728 )
xyz12=( 20.589907 33.284442 8.822108 )
xyz12=( 18.584100 33.597157 9.356282 )
xyz12=( 18.470373 34.063085 9.579165 )
xyz12=( 18.586416 33.592518 9.353827 )
xyz12=( 18.470272 34.068369 9.581456 )
xyz12=( 18.588764 33.587871 9.351362 )
xyz12=( 18.591143 33.583216 9.348888 )
xyz12=( 18.593555 33.578554 9.346403 )
xyz12=( 20.567434 33.266528 8.818889 )
xyz12=( 18.596000 33.573884 9.343910 )
xyz12=( 18.598478 33.569207 9.341406 )
xyz12=( 18.600989 33.564521 9.338892 )
xyz12=( 20.553541 33.255812 8.817054 )
xyz12=( 18.470184 34.100577 9.595313 )
xyz12=( 18.603534 33.559828 9.336368 )
xyz12=( 20.548839 33.252246 8.816458 )
xyz12=( 20.548839 33.252246 8.816458 )
xyz12=( 18.470259 34.106031 9.597642 )
xyz12=( 18.606113 33.555127 9.333834 )
xyz12=( 18.470360 34.111511 9.599976 )
xyz12=( 18.608728 33.550418 9.331289 )
xyz12=( 18.470489 34.117016 9.602316 )
xyz12=( 18.611377 33.545701 9.328734 )
xyz12=( 18.470645 34.122547 9.604662 )
xyz12=( 18.614062 33.540975 9.326168 )
xyz12=( 18.616783 33.536242 9.323592 )
xyz12=( 20.524781 33.234464 8.813612 )
xyz12=( 18.619541 33.531500 9.321004 )
xyz12=( 18.622336 33.526750 9.318406 )
xyz12=( 18.625168 33.521992 9.315797 )
xyz12=( 18.628038 33.517225 9.313176 )
xyz12=( 18.630947 33.512449 9.310544 )
xyz12=( 20.499764 33.216767 8.810994 )
xyz12=( 20.499764 33.216767 8.810994 )
xyz12=( 18.633896 33.507665 9.307901 )
xyz12=( 18.636883 33.502872 9.305246 )
xyz12=( 18.639911 33.498070 9.302579 )
xyz12=( 18.642980 33.493259 9.299900 )
xyz12=( 18.646091 33.488439 9.297209 )
xyz12=( 18.649243 33.483611 9.294505 )
xyz12=( 20.468385 33.195657 8.808178 )
xyz12=( 18.652438 33.478772 9.291790 )
xyz12=( 18.655677 33.473925 9.289061 )
xyz12=( 18.658959 33.469068 9.286320 )
xyz12=( 18.662286 33.464202 9.283566 )
xyz12=( 18.665659 33.459326 9.280798 )
xyz12=( 18.669078 33.454440 9.278017 )
xyz12=( 18.672543 33.449544 9.275223 )
xyz12=( 18.676057 33.444639 9.272414 )
xyz12=( 18.679618 33.439723 9.269592 )
xyz12=( 18.683230 33.434797 9.266756 )
xyz12=( 20.400648 33.153939 8.803752 )
xyz12=( 20.394671 33.150497 8.803464 )
xyz12=( 18.487873 34.289467 9.672956 )
xyz12=( 18.705981 33.405018 9.249424 )
xyz12=( 18.709963 33.400016 9.246482 )
xyz12=( 18.714001 33.395003 9.243522 )
xyz12=( 18.718098 33.389979 9.240547 )
xyz12=( 18.492764 34.315547 9.683188 )
xyz12=( 18.722254 33.384942 9.237554 )
xyz12=( 18.726471 33.379893 9.234544 )
xyz12=( 18.730749 33.374833 9.231517 )
xyz12=( 20.338278 33.119815 8.801520 )
xyz12=( 18.735090 33.369760 9.228471 )
xyz12=( 20.331701 33.116441 8.801381 )
xyz12=( 20.331701 33.116441 8.801381 )
xyz12=( 18.739496 33.364674 9.225408 )
xyz12=( 20.059412 33.010279 8.810035 )
xyz12=( 20.064232 33.011632 8.809655 )
xyz12=( 20.069062 33.013005 8.809283 )
xyz12=( 20.073901 33.014399 8.808917 )
xyz12=( 20.078748 33.015813 8.808559 )
xyz12=( 20.083605 33.017248 8.808207 )
xyz12=( 20.088470 33.018705 8.807864 )
xyz12=( 20.093344 33.020182 8.807527 )
xyz12=( 20.098228 33.021681 8.807198 )
xyz12=( 20.103121 33.023202 8.806876 )
xyz12=( 20.108023 33.024744 8.806561 )
xyz12=( 20.112934 33.026308 8.806255 )
xyz12=( 20.117855 33.027894 8.805956 )
xyz12=( 20.122784 33.029503 8.805664 )
xyz12=( 20.127724 33.031134 8.805381 )
xyz12=( 20.132673 33.032788 8.805105 )
xyz12=( 20.137631 33.034465 8.804837 )
xyz12=( 20.142599 33.036165 8.804577 )
xyz12=( 20.147577 33.037888 8.804326 )
xyz12=( 20.152564 33.039634 8.804082 )
xyz12=( 19.867433 32.970533 8.831220 )
xyz12=( 19.862191 32.969825 8.831961 )
xyz12=( 19.862191 32.969825 8.831961 )
xyz12=( 19.856931 32.969135 8.832713 )
xyz12=( 19.851652 32.968462 8.833476 )
xyz12=( 19.846355 32.967808 8.834251 )
xyz12=( 19.841038 32.967171 8.835037 )
xyz12=( 19.835703 32.966552 8.835834 )
xyz12=( 20.192822 33.054479 8.802437 )
xyz12=( 19.830348 32.965951 8.836644 )
xyz12=( 20.197900 33.056447 8.802270 )
xyz12=( 19.824974 32.965369 8.837465 )
xyz12=( 20.202989 33.058441 8.802113 )
xyz12=( 19.819580 32.964806 8.838298 )
xyz12=( 19.814167 32.964261 8.839143 )
xyz12=( 19.808734 32.963736 8.840000 )
xyz12=( 19.803280 32.963230 8.840869 )
xyz12=( 19.803280 32.963230 8.840869 )
xyz12=( 19.797807 32.962743 8.841751 )
xyz12=( 19.797807 32.962743 8.841751 )
xyz12=( 19.792313 32.962276 8.842646 )
xyz12=( 19.792313 32.962276 8.842646 )
xyz12=( 19.786798 32.961829 8.843553 )
xyz12=( 19.781262 32.961402 8.844473 )
xyz12=( 19.775706 32.960996 8.845406 )
xyz12=( 19.770128 32.960610 8.846352 )
xyz12=( 19.764529 32.960245 8.847311 )
xyz12=( 18.516944 34.414864 9.721046 )
xyz12=( 19.758908 32.959902 8.848283 )
xyz12=( 18.515464 34.409692 9.719118 )
xyz12=( 19.753265 32.959579 8.849270 )
xyz12=( 20.270126 33.086837 8.800933 )
xyz12=( 19.747600 32.959278 8.850270 )
xyz12=( 20.275370 33.089222 8.800913 )
xyz12=( 19.741913 32.958999 8.851283 )
xyz12=( 19.736203 32.958743 8.852311 )
xyz12=( 19.730470 32.958508 8.853353 )
xyz12=( 18.508335 34.383454 9.709264 )
xyz12=( 19.724714 32.958297 8.854409 )
xyz12=( 19.718936 32.958108 8.855480 )
xyz12=( 19.713133 32.957943 8.856566 )
xyz12=( 20.307081 33.104181 8.801020 )
xyz12=( 18.504282 34.367401 9.703174 )
xyz12=( 19.707307 32.957802 8.857666 )
xyz12=( 20.312409 33.106786 8.801077 )
xyz12=( 18.502969 34.361997 9.701114 )
xyz12=( 18.502969 34.361997 9.701114 )
xyz12=( 19.701456 32.957684 8.858782 )
xyz12=( 20.317750 33.109423 8.801146 )
xyz12=( 19.695582 32.957591 8.859913 )
xyz12=( 20.323103 33.112094 8.801227 )
xyz12=( 19.689682 32.957522 8.861059 )
xyz12=( 20.328469 33.114799 8.801320 )
xyz12=( 19.683758 32.957478 8.862221 )
xyz12=( 19.677809 32.957459 8.863398 )
xyz12=( 18.496709 34.334560 9.690571 )
xyz12=( 19.671834 32.957466 8.864592 )
xyz12=( 19.665833 32.957499 8.865803 )
xyz12=( 19.659806 32.957558 8.867029 )
xyz12=( 19.653753 32.957644 8.868273 )
xyz12=( 19.647673 32.957757 8.869533 )
xyz12=( 18.490981 34.306400 9.679613 )
xyz12=( 18.490981 34.306400 9.679613 )
xyz12=( 19.641566 32.957897 8.870811 )
xyz12=( 19.635431 32.958066 8.872106 )
xyz12=( 19.629269 32.958262 8.873419 )
xyz12=( 19.623078 32.958488 8.874750 )
xyz12=( 19.616859 32.958743 8.876099 )
xyz12=( 19.610611 32.959027 8.877466 )
xyz12=( 18.484866 34.271587 9.665872 )
xyz12=( 19.604333 32.959341 8.878853 )
xyz12=( 19.598026 32.959686 8.880258 )
xyz12=( 19.591688 32.960063 8.881683 )
xyz12=( 19.585320 32.960470 8.883127 )
xyz12=( 19.578920 32.960910 8.884592 )
xyz12=( 19.572489 32.961383 8.886077 )
xyz12=( 19.566026 32.961889 8.887583 )
xyz12=( 19.559530 32.962429 8.889109 )
xyz12=( 19.553001 32.963003 8.890657 )
xyz12=( 18.475451 34.198232 9.636227 )
xyz12=( 18.474856 34.191872 9.633612 )
xyz12=( 19.513103 32.967207 8.900417 )
xyz12=( 20.484564 33.206393 8.809566 )
xyz12=( 19.506327 32.968041 8.902125 )
xyz12=( 19.499513 32.968915 8.903859 )
xyz12=( 19.492660 32.969829 8.905618 )
xyz12=( 19.485769 32.970786 8.907402 )
xyz12=( 20.507926 33.222454 8.811811 )
xyz12=( 19.478837 32.971784 8.909213 )
xyz12=( 19.471864 32.972826 8.911051 )
xyz12=( 19.464850 32.973913 8.912916 )
xyz12=( 18.471000 34.132691 9.608950 )
xyz12=( 19.457794 32.975045 8.914809 )
xyz12=( 18.470751 34.125884 9.606075 )
xyz12=( 18.470751 34.125884 9.606075 )
