xyz12=( 27.319152 12.421663 67.821620 )
xyz12=( 27.319152 12.421663 67.821620 )
xyz12=( 27.316493 12.423967 67.819958 )
xyz12=( 27.316493 12.423967 67.819958 )
xyz12=( 27.313826 12.426275 67.818305 )
xyz12=( 27.313826 12.426275 67.818305 )
xyz12=( 27.311150 12.428588 67.816660 )
xyz12=( 27.311150 12.428588 67.816660 )
xyz12=( 27.308467 12.430905 67.815024 )
xyz12=( 27.305776 12.433226 67.813397 )
xyz12=( 27.303077 12.435551 67.811778 )
xyz12=( 27.300369 12.437880 67.810167 )
xyz12=( 27.297654 12.440214 67.808565 )
xyz12=( 27.294931 12.442552 67.806972 )
xyz12=( 26.843023 12.800629 67.693845 )
xyz12=( 27.272850 12.461412 67.794544 )
xyz12=( 27.270053 12.463789 67.793031 )
xyz12=( 27.267247 12.466170 67.791526 )
xyz12=( 27.264434 12.468556 67.790031 )
xyz12=( 27.261612 12.470946 67.788545 )
xyz12=( 27.258781 12.473341 67.787068 )
xyz12=( 26.878088 12.774688 67.693294 )
xyz12=( 27.255942 12.475740 67.785600 )
xyz12=( 26.881293 12.772302 67.693315 )
xyz12=( 27.253095 12.478143 67.784141 )
xyz12=( 26.884502 12.769912 67.693348 )
xyz12=( 26.884502 12.769912 67.693348 )
xyz12=( 27.250239 12.480551 67.782692 )
xyz12=( 26.887714 12.767517 67.693394 )
xyz12=( 26.887714 12.767517 67.693394 )
xyz12=( 27.247375 12.482964 67.781252 )
xyz12=( 26.890929 12.765117 67.693451 )
xyz12=( 26.890929 12.765117 67.693451 )
xyz12=( 27.244502 12.485381 67.779821 )
xyz12=( 26.894147 12.762713 67.693521 )
xyz12=( 27.241621 12.487802 67.778400 )
xyz12=( 26.897368 12.760304 67.693603 )
xyz12=( 27.238731 12.490228 67.776988 )
xyz12=( 26.900592 12.757890 67.693697 )
xyz12=( 27.235832 12.492658 67.775586 )
xyz12=( 26.903819 12.755471 67.693803 )
xyz12=( 27.232925 12.495093 67.774193 )
xyz12=( 26.907049 12.753048 67.693922 )
xyz12=( 27.230009 12.497533 67.772810 )
xyz12=( 26.910282 12.750620 67.694054 )
xyz12=( 27.227085 12.499977 67.771437 )
xyz12=( 26.913519 12.748188 67.694198 )
xyz12=( 26.913519 12.748188 67.694198 )
xyz12=( 27.224152 12.502425 67.770073 )
xyz12=( 26.916758 12.745750 67.694354 )
xyz12=( 26.916758 12.745750 67.694354 )
xyz12=( 27.221210 12.504878 67.768718 )
xyz12=( 26.920001 12.743308 67.694523 )
xyz12=( 27.218259 12.507336 67.767374 )
xyz12=( 26.923246 12.740861 67.694705 )
xyz12=( 27.215300 12.509799 67.766039 )
xyz12=( 26.926495 12.738409 67.694900 )
xyz12=( 27.212332 12.512265 67.764714 )
xyz12=( 26.929746 12.735952 67.695107 )
xyz12=( 26.929746 12.735952 67.695107 )
xyz12=( 27.209354 12.514737 67.763399 )
xyz12=( 26.933001 12.733491 67.695327 )
xyz12=( 26.933001 12.733491 67.695327 )
xyz12=( 26.936259 12.731025 67.695560 )
xyz12=( 26.936259 12.731025 67.695560 )
xyz12=( 26.939520 12.728553 67.695806 )
xyz12=( 27.345783 12.398443 67.839011 )
xyz12=( 27.345783 12.398443 67.839011 )
xyz12=( 27.348386 12.396158 67.840785 )
xyz12=( 27.348386 12.396158 67.840785 )
xyz12=( 27.350986 12.393874 67.842572 )
xyz12=( 27.350986 12.393874 67.842572 )
xyz12=( 27.353584 12.391588 67.844371 )
xyz12=( 27.353584 12.391588 67.844371 )
xyz12=( 27.356180 12.389302 67.846182 )
xyz12=( 27.358773 12.387015 67.848006 )
xyz12=( 27.361363 12.384728 67.849841 )
xyz12=( 27.363952 12.382440 67.851689 )
xyz12=( 27.366538 12.380151 67.853549 )
xyz12=( 27.369121 12.377862 67.855422 )
xyz12=( 27.683653 12.067642 68.242811 )
xyz12=( 27.389699 12.359526 67.870851 )
xyz12=( 27.392259 12.357231 67.872837 )
xyz12=( 27.394817 12.354936 67.874835 )
xyz12=( 27.397373 12.352640 67.876846 )
xyz12=( 27.399926 12.350344 67.878870 )
xyz12=( 27.666290 12.087416 68.208023 )
xyz12=( 27.402476 12.348047 67.880906 )
xyz12=( 27.664648 12.089257 68.204879 )
xyz12=( 27.405023 12.345749 67.882956 )
xyz12=( 27.662996 12.091105 68.201738 )
xyz12=( 27.662996 12.091105 68.201738 )
xyz12=( 27.407568 12.343451 67.885019 )
xyz12=( 27.661333 12.092961 68.198600 )
xyz12=( 27.661333 12.092961 68.198600 )
xyz12=( 27.410110 12.341152 67.887094 )
xyz12=( 27.659660 12.094823 68.195465 )
xyz12=( 27.659660 12.094823 68.195465 )
xyz12=( 27.412649 12.338853 67.889183 )
xyz12=( 27.657976 12.096693 68.192333 )
xyz12=( 27.415186 12.336553 67.891285 )
xyz12=( 27.656281 12.098571 68.189205 )
xyz12=( 27.417720 12.334253 67.893400 )
xyz12=( 27.654575 12.100456 68.186079 )
xyz12=( 27.420251 12.331952 67.895528 )
xyz12=( 27.652858 12.102348 68.182957 )
xyz12=( 27.422779 12.329651 67.897670 )
xyz12=( 27.651131 12.104248 68.179839 )
xyz12=( 27.425304 12.327349 67.899825 )
xyz12=( 27.649392 12.106155 68.176723 )
xyz12=( 27.427827 12.325046 67.901993 )
xyz12=( 27.647642 12.108070 68.173611 )
xyz12=( 27.647642 12.108070 68.173611 )
xyz12=( 27.430346 12.322743 67.904175 )
xyz12=( 27.645882 12.109992 68.170503 )
xyz12=( 27.645882 12.109992 68.170503 )
xyz12=( 27.432863 12.320440 67.906370 )
xyz12=( 27.644110 12.111922 68.167397 )
xyz12=( 27.435377 12.318136 67.908579 )
xyz12=( 27.642327 12.113859 68.164295 )
xyz12=( 27.437888 12.315831 67.910801 )
xyz12=( 27.640533 12.115805 68.161197 )
xyz12=( 27.440396 12.313526 67.913037 )
xyz12=( 27.638728 12.117757 68.158102 )
xyz12=( 27.638728 12.117757 68.158102 )
xyz12=( 27.442901 12.311220 67.915286 )
xyz12=( 27.636911 12.119718 68.155010 )
xyz12=( 27.636911 12.119718 68.155010 )
xyz12=( 27.445404 12.308914 67.917549 )
xyz12=( 27.635084 12.121686 68.151922 )
xyz12=( 27.635084 12.121686 68.151922 )
xyz12=( 27.633244 12.123662 68.148837 )
