order:    [ 1 13 14 0 25 24 23 22 21 20 18 17 16 19 15 12 7 8 11 10 9 6 2 5 4 3 ]
atoms:    [ CA CA C N C CA N C CA N C CA N H HA N CA C C CA N N C C CA N ]
residues: [ 0 4 4 0 7 7 7 6 6 6 5 5 5 5 4 4 2 2 3 3 3 2 0 1 1 1 ]

We use a different pair of symbles to represent the bits values which are associated with the HA and H of the discretized distance, and another one to represent the bits of other hydrogens.
For the HA and H from the discretized distance:
	"+" means 0
	"-" means 1
For any other hydrogens:
	">" means 0
	"<" means 1

d_19_15=3.044481480000 s=[ 0 0 0 0 1 1 1 0 1 1 0 0 0 + + 1 0 0 0 0 1 0 0 1 1 1 ] xyz12=( 27.319152, 12.421663, 67.821620 )

d_19_15=3.044481480000 s=[ 0 0 0 0 1 1 1 0 1 1 0 0 0 + + 1 1 1 1 1 0 0 0 0 0 0 ] xyz12=( 27.319152, 12.421663, 67.821620 )

d_19_15=3.066703702222 s=[ 0 0 0 0 1 1 1 0 1 1 0 0 0 + - 0 1 0 0 0 1 1 0 0 0 0 ] xyz12=( 26.843023, 12.800629, 67.693845 )

d_19_15=3.088925924444 s=[ 0 0 0 0 1 1 1 0 1 1 0 0 0 + + 1 0 1 1 1 0 0 0 1 1 1 ] xyz12=( 27.258781, 12.473341, 67.787068 )

d_19_15=3.088925924444 s=[ 0 0 0 0 1 1 1 0 1 1 0 0 0 + - 0 1 0 0 0 1 1 0 1 1 1 ] xyz12=( 26.878088, 12.774688, 67.693294 )

d_19_15=3.111148146667 s=[ 0 0 0 0 1 1 1 0 1 1 0 0 0 + + 1 0 1 1 1 0 0 0 1 1 1 ] xyz12=( 27.227085, 12.499977, 67.771437 )

d_19_15=3.111148146667 s=[ 0 0 0 0 1 1 1 0 1 1 0 0 0 + - 0 0 1 1 1 0 0 0 1 1 1 ] xyz12=( 26.913519, 12.748188, 67.694198 )

d_19_15=3.111148146667 s=[ 0 0 0 0 1 1 1 0 1 1 0 0 0 + - 0 1 1 1 1 0 1 0 1 1 1 ] xyz12=( 26.913519, 12.748188, 67.694198 )

d_19_15=3.044481480000 s=[ 0 0 0 1 0 0 0 1 0 0 1 1 1 + - 0 0 0 0 0 1 1 1 1 1 1 ] xyz12=( 27.345783, 12.398443, 67.839011 )

d_19_15=3.044481480000 s=[ 0 0 0 1 0 0 0 1 0 0 1 1 1 + - 0 1 1 1 1 0 1 1 0 0 0 ] xyz12=( 27.345783, 12.398443, 67.839011 )

d_19_15=3.066703702222 s=[ 0 0 0 1 0 0 0 1 0 0 1 1 1 + + 1 0 1 1 1 0 0 1 1 1 1 ] xyz12=( 27.683653, 12.067642, 68.242811 )

d_19_15=3.088925924444 s=[ 0 0 0 1 0 0 0 1 0 0 1 1 1 + + 1 0 1 1 1 0 0 1 0 0 0 ] xyz12=( 27.666290, 12.087416, 68.208023 )

d_19_15=3.088925924444 s=[ 0 0 0 1 0 0 0 1 0 0 1 1 1 + - 0 1 0 0 0 1 1 1 0 0 0 ] xyz12=( 27.402476, 12.348047, 67.880906 )

d_19_15=3.111148146667 s=[ 0 0 0 1 0 0 0 1 0 0 1 1 1 + + 1 0 0 0 0 1 0 1 0 0 0 ] xyz12=( 27.647642, 12.108070, 68.173611 )

d_19_15=3.111148146667 s=[ 0 0 0 1 0 0 0 1 0 0 1 1 1 + + 1 1 0 0 0 1 1 1 0 0 0 ] xyz12=( 27.647642, 12.108070, 68.173611 )

d_19_15=3.111148146667 s=[ 0 0 0 1 0 0 0 1 0 0 1 1 1 + - 0 1 0 0 0 1 1 1 0 0 0 ] xyz12=( 27.430346, 12.322743, 67.904175 )

