xyz12=( 27.319152 12.421663 67.821620 )
xyz12=( 27.319152 12.421663 67.821620 )
xyz12=( 27.318889 12.421891 67.821455 )
xyz12=( 27.318889 12.421891 67.821455 )
xyz12=( 27.318626 12.422119 67.821290 )
xyz12=( 27.318626 12.422119 67.821290 )
xyz12=( 27.318363 12.422348 67.821125 )
xyz12=( 27.318363 12.422348 67.821125 )
xyz12=( 27.318099 12.422576 67.820960 )
xyz12=( 27.318099 12.422576 67.820960 )
xyz12=( 27.317836 12.422804 67.820795 )
xyz12=( 27.317836 12.422804 67.820795 )
xyz12=( 27.317572 12.423033 67.820631 )
xyz12=( 27.317572 12.423033 67.820631 )
xyz12=( 27.317308 12.423261 67.820466 )
xyz12=( 27.317308 12.423261 67.820466 )
xyz12=( 27.317045 12.423489 67.820302 )
xyz12=( 27.317045 12.423489 67.820302 )
xyz12=( 27.316781 12.423718 67.820137 )
xyz12=( 27.316781 12.423718 67.820137 )
xyz12=( 27.316517 12.423946 67.819973 )
xyz12=( 27.316517 12.423946 67.819973 )
xyz12=( 27.316253 12.424175 67.819809 )
xyz12=( 27.316253 12.424175 67.819809 )
xyz12=( 27.315989 12.424404 67.819645 )
xyz12=( 27.315989 12.424404 67.819645 )
xyz12=( 27.315725 12.424632 67.819481 )
xyz12=( 27.315725 12.424632 67.819481 )
xyz12=( 27.315461 12.424861 67.819317 )
xyz12=( 27.315461 12.424861 67.819317 )
xyz12=( 27.315196 12.425090 67.819153 )
xyz12=( 27.315196 12.425090 67.819153 )
xyz12=( 27.314932 12.425318 67.818989 )
xyz12=( 27.314932 12.425318 67.818989 )
xyz12=( 27.314668 12.425547 67.818825 )
xyz12=( 27.314668 12.425547 67.818825 )
xyz12=( 27.314403 12.425776 67.818662 )
xyz12=( 27.314403 12.425776 67.818662 )
xyz12=( 27.314138 12.426005 67.818498 )
xyz12=( 27.314138 12.426005 67.818498 )
xyz12=( 27.313874 12.426234 67.818335 )
xyz12=( 27.313874 12.426234 67.818335 )
xyz12=( 27.313609 12.426463 67.818171 )
xyz12=( 27.313609 12.426463 67.818171 )
xyz12=( 27.313344 12.426692 67.818008 )
xyz12=( 27.313344 12.426692 67.818008 )
xyz12=( 27.313079 12.426921 67.817845 )
xyz12=( 27.313079 12.426921 67.817845 )
xyz12=( 27.312814 12.427150 67.817682 )
xyz12=( 27.312814 12.427150 67.817682 )
xyz12=( 27.312549 12.427379 67.817519 )
xyz12=( 27.312549 12.427379 67.817519 )
xyz12=( 27.312284 12.427608 67.817356 )
xyz12=( 27.312284 12.427608 67.817356 )
xyz12=( 27.312019 12.427837 67.817193 )
xyz12=( 27.312019 12.427837 67.817193 )
xyz12=( 27.311754 12.428067 67.817030 )
xyz12=( 27.311754 12.428067 67.817030 )
xyz12=( 27.311488 12.428296 67.816867 )
xyz12=( 27.311488 12.428296 67.816867 )
xyz12=( 27.311223 12.428525 67.816705 )
xyz12=( 27.311223 12.428525 67.816705 )
xyz12=( 27.310957 12.428755 67.816542 )
xyz12=( 27.310957 12.428755 67.816542 )
xyz12=( 27.310692 12.428984 67.816380 )
xyz12=( 27.310692 12.428984 67.816380 )
xyz12=( 27.310426 12.429214 67.816217 )
xyz12=( 27.310426 12.429214 67.816217 )
xyz12=( 27.310160 12.429443 67.816055 )
xyz12=( 27.310160 12.429443 67.816055 )
xyz12=( 27.309894 12.429673 67.815893 )
xyz12=( 27.309894 12.429673 67.815893 )
xyz12=( 27.309628 12.429902 67.815731 )
xyz12=( 27.309628 12.429902 67.815731 )
xyz12=( 27.309362 12.430132 67.815569 )
xyz12=( 27.309362 12.430132 67.815569 )
xyz12=( 27.309096 12.430362 67.815407 )
xyz12=( 27.309096 12.430362 67.815407 )
xyz12=( 27.308830 12.430591 67.815245 )
xyz12=( 27.308830 12.430591 67.815245 )
xyz12=( 27.308564 12.430821 67.815083 )
xyz12=( 27.308298 12.431051 67.814921 )
xyz12=( 27.308031 12.431281 67.814760 )
xyz12=( 27.307765 12.431511 67.814598 )
xyz12=( 27.307498 12.431741 67.814437 )
xyz12=( 27.307232 12.431970 67.814275 )
xyz12=( 27.306965 12.432200 67.814114 )
xyz12=( 27.306698 12.432431 67.813953 )
xyz12=( 27.306431 12.432661 67.813792 )
xyz12=( 27.306164 12.432891 67.813631 )
xyz12=( 27.305897 12.433121 67.813470 )
xyz12=( 27.305630 12.433351 67.813309 )
xyz12=( 27.305363 12.433581 67.813148 )
xyz12=( 27.305096 12.433812 67.812987 )
xyz12=( 27.304828 12.434042 67.812827 )
xyz12=( 27.304561 12.434272 67.812666 )
xyz12=( 27.304293 12.434503 67.812506 )
xyz12=( 27.304026 12.434733 67.812346 )
xyz12=( 27.303758 12.434964 67.812185 )
xyz12=( 27.303491 12.435194 67.812025 )
xyz12=( 27.303223 12.435425 67.811865 )
xyz12=( 27.302955 12.435656 67.811705 )
xyz12=( 27.302687 12.435886 67.811545 )
xyz12=( 27.302419 12.436117 67.811385 )
xyz12=( 27.302151 12.436348 67.811225 )
xyz12=( 27.301882 12.436579 67.811066 )
xyz12=( 27.301614 12.436809 67.810906 )
xyz12=( 27.301346 12.437040 67.810747 )
xyz12=( 27.301077 12.437271 67.810587 )
xyz12=( 27.300809 12.437502 67.810428 )
xyz12=( 27.300540 12.437733 67.810269 )
xyz12=( 27.300272 12.437964 67.810109 )
xyz12=( 27.300003 12.438195 67.809950 )
xyz12=( 27.299734 12.438427 67.809791 )
xyz12=( 27.299465 12.438658 67.809632 )
xyz12=( 27.299196 12.438889 67.809474 )
xyz12=( 27.298927 12.439120 67.809315 )
xyz12=( 27.298658 12.439352 67.809156 )
xyz12=( 27.298389 12.439583 67.808998 )
xyz12=( 27.298119 12.439814 67.808839 )
xyz12=( 27.297850 12.440046 67.808681 )
xyz12=( 27.297580 12.440277 67.808522 )
xyz12=( 27.297311 12.440509 67.808364 )
xyz12=( 27.297041 12.440740 67.808206 )
xyz12=( 27.296772 12.440972 67.808048 )
xyz12=( 27.296502 12.441203 67.807890 )
xyz12=( 27.296232 12.441435 67.807732 )
xyz12=( 27.295962 12.441667 67.807574 )
xyz12=( 27.295692 12.441899 67.807416 )
xyz12=( 27.295422 12.442130 67.807259 )
xyz12=( 27.295152 12.442362 67.807101 )
xyz12=( 26.843023 12.800629 67.693845 )
xyz12=( 26.843337 12.800397 67.693833 )
xyz12=( 26.843652 12.800166 67.693822 )
xyz12=( 26.843966 12.799935 67.693811 )
xyz12=( 26.844280 12.799703 67.693800 )
xyz12=( 27.275212 12.459402 67.795833 )
xyz12=( 27.274936 12.459637 67.795682 )
xyz12=( 27.274660 12.459872 67.795531 )
xyz12=( 27.274384 12.460107 67.795380 )
xyz12=( 27.274107 12.460342 67.795229 )
xyz12=( 27.273831 12.460578 67.795078 )
xyz12=( 27.273554 12.460813 67.794927 )
xyz12=( 27.273278 12.461048 67.794777 )
xyz12=( 27.273001 12.461283 67.794626 )
xyz12=( 27.272724 12.461519 67.794476 )
xyz12=( 27.272447 12.461754 67.794325 )
xyz12=( 27.272170 12.461989 67.794175 )
xyz12=( 27.271893 12.462225 67.794025 )
xyz12=( 27.271616 12.462460 67.793875 )
xyz12=( 27.271339 12.462696 67.793725 )
xyz12=( 27.271062 12.462932 67.793575 )
xyz12=( 27.270784 12.463167 67.793425 )
xyz12=( 27.270507 12.463403 67.793276 )
xyz12=( 27.270229 12.463639 67.793126 )
xyz12=( 27.269952 12.463874 67.792976 )
xyz12=( 27.269674 12.464110 67.792827 )
xyz12=( 27.269396 12.464346 67.792678 )
xyz12=( 27.269119 12.464582 67.792528 )
xyz12=( 27.268841 12.464818 67.792379 )
xyz12=( 27.268563 12.465054 67.792230 )
xyz12=( 27.268285 12.465290 67.792081 )
xyz12=( 27.268006 12.465526 67.791932 )
xyz12=( 27.267728 12.465762 67.791783 )
xyz12=( 27.267450 12.465998 67.791635 )
xyz12=( 27.267172 12.466235 67.791486 )
xyz12=( 27.266893 12.466471 67.791337 )
xyz12=( 27.266614 12.466707 67.791189 )
xyz12=( 27.266336 12.466943 67.791040 )
xyz12=( 27.266057 12.467180 67.790892 )
xyz12=( 27.265778 12.467416 67.790744 )
xyz12=( 27.265499 12.467653 67.790596 )
xyz12=( 27.265220 12.467889 67.790448 )
xyz12=( 27.264941 12.468126 67.790300 )
xyz12=( 27.264662 12.468362 67.790152 )
xyz12=( 27.264383 12.468599 67.790004 )
xyz12=( 27.264104 12.468836 67.789857 )
xyz12=( 27.263824 12.469072 67.789709 )
xyz12=( 27.263545 12.469309 67.789562 )
xyz12=( 27.263265 12.469546 67.789414 )
xyz12=( 27.262986 12.469783 67.789267 )
xyz12=( 27.262706 12.470020 67.789120 )
xyz12=( 27.262426 12.470257 67.788972 )
xyz12=( 27.262146 12.470494 67.788825 )
xyz12=( 27.261866 12.470731 67.788678 )
xyz12=( 27.261586 12.470968 67.788532 )
xyz12=( 27.261306 12.471205 67.788385 )
xyz12=( 27.261026 12.471442 67.788238 )
xyz12=( 26.875548 12.776576 67.693286 )
xyz12=( 27.260745 12.471679 67.788092 )
xyz12=( 26.875865 12.776340 67.693287 )
xyz12=( 27.260465 12.471916 67.787945 )
xyz12=( 26.876183 12.776104 67.693287 )
xyz12=( 27.260185 12.472154 67.787799 )
xyz12=( 26.876500 12.775868 67.693288 )
xyz12=( 27.259904 12.472391 67.787652 )
xyz12=( 26.876818 12.775632 67.693289 )
xyz12=( 27.259623 12.472628 67.787506 )
xyz12=( 26.877135 12.775396 67.693290 )
xyz12=( 27.259343 12.472866 67.787360 )
xyz12=( 26.877453 12.775160 67.693291 )
xyz12=( 27.259062 12.473103 67.787214 )
xyz12=( 26.877770 12.774924 67.693293 )
xyz12=( 27.258781 12.473341 67.787068 )
xyz12=( 26.878088 12.774688 67.693294 )
xyz12=( 27.258500 12.473578 67.786922 )
xyz12=( 26.878405 12.774452 67.693296 )
xyz12=( 27.258219 12.473816 67.786776 )
xyz12=( 26.878723 12.774215 67.693297 )
xyz12=( 27.257938 12.474054 67.786631 )
xyz12=( 26.879040 12.773979 67.693299 )
xyz12=( 27.257657 12.474291 67.786485 )
xyz12=( 26.879358 12.773743 67.693301 )
xyz12=( 27.257376 12.474529 67.786339 )
xyz12=( 26.879676 12.773506 67.693303 )
xyz12=( 27.257094 12.474767 67.786194 )
xyz12=( 26.879993 12.773270 67.693305 )
xyz12=( 27.256813 12.475005 67.786049 )
xyz12=( 26.880311 12.773033 67.693307 )
xyz12=( 27.256531 12.475242 67.785903 )
xyz12=( 26.880629 12.772797 67.693310 )
xyz12=( 27.256250 12.475480 67.785758 )
xyz12=( 26.880947 12.772560 67.693312 )
xyz12=( 27.255968 12.475718 67.785613 )
xyz12=( 26.881264 12.772324 67.693315 )
xyz12=( 27.255686 12.475956 67.785468 )
xyz12=( 26.881582 12.772087 67.693318 )
xyz12=( 27.255404 12.476194 67.785323 )
xyz12=( 26.881900 12.771850 67.693321 )
xyz12=( 27.255122 12.476432 67.785179 )
xyz12=( 26.882218 12.771614 67.693324 )
xyz12=( 27.254840 12.476670 67.785034 )
xyz12=( 26.882536 12.771377 67.693327 )
xyz12=( 27.254558 12.476909 67.784889 )
xyz12=( 26.882854 12.771140 67.693330 )
xyz12=( 27.254276 12.477147 67.784745 )
xyz12=( 26.883172 12.770903 67.693333 )
xyz12=( 27.253994 12.477385 67.784600 )
xyz12=( 26.883490 12.770666 67.693337 )
xyz12=( 27.253711 12.477623 67.784456 )
xyz12=( 26.883808 12.770429 67.693340 )
xyz12=( 27.253429 12.477862 67.784312 )
xyz12=( 26.884126 12.770192 67.693344 )
xyz12=( 27.253146 12.478100 67.784168 )
xyz12=( 26.884444 12.769955 67.693348 )
xyz12=( 26.884444 12.769955 67.693348 )
xyz12=( 27.252864 12.478338 67.784024 )
xyz12=( 26.884762 12.769718 67.693352 )
xyz12=( 26.884762 12.769718 67.693352 )
xyz12=( 27.252581 12.478577 67.783880 )
xyz12=( 26.885081 12.769481 67.693356 )
xyz12=( 26.885081 12.769481 67.693356 )
xyz12=( 27.252298 12.478815 67.783736 )
xyz12=( 26.885399 12.769243 67.693360 )
xyz12=( 26.885399 12.769243 67.693360 )
xyz12=( 27.252015 12.479054 67.783592 )
xyz12=( 26.885717 12.769006 67.693364 )
xyz12=( 26.885717 12.769006 67.693364 )
xyz12=( 27.251732 12.479293 67.783448 )
xyz12=( 26.886035 12.768769 67.693368 )
xyz12=( 26.886035 12.768769 67.693368 )
xyz12=( 27.251449 12.479531 67.783305 )
xyz12=( 26.886354 12.768531 67.693373 )
xyz12=( 26.886354 12.768531 67.693373 )
xyz12=( 27.251166 12.479770 67.783161 )
xyz12=( 26.886672 12.768294 67.693378 )
xyz12=( 26.886672 12.768294 67.693378 )
xyz12=( 27.250883 12.480009 67.783018 )
xyz12=( 26.886990 12.768057 67.693382 )
xyz12=( 26.886990 12.768057 67.693382 )
xyz12=( 27.250600 12.480247 67.782874 )
xyz12=( 26.887309 12.767819 67.693387 )
xyz12=( 26.887309 12.767819 67.693387 )
xyz12=( 27.250316 12.480486 67.782731 )
xyz12=( 26.887627 12.767582 67.693392 )
xyz12=( 26.887627 12.767582 67.693392 )
xyz12=( 27.250033 12.480725 67.782588 )
xyz12=( 26.887946 12.767344 67.693397 )
xyz12=( 26.887946 12.767344 67.693397 )
xyz12=( 27.249749 12.480964 67.782445 )
xyz12=( 26.888264 12.767106 67.693403 )
xyz12=( 26.888264 12.767106 67.693403 )
xyz12=( 27.249466 12.481203 67.782302 )
xyz12=( 26.888583 12.766869 67.693408 )
xyz12=( 26.888583 12.766869 67.693408 )
xyz12=( 27.249182 12.481442 67.782159 )
xyz12=( 26.888901 12.766631 67.693413 )
xyz12=( 26.888901 12.766631 67.693413 )
xyz12=( 27.248898 12.481681 67.782016 )
xyz12=( 26.889220 12.766393 67.693419 )
xyz12=( 26.889220 12.766393 67.693419 )
xyz12=( 27.248615 12.481920 67.781874 )
xyz12=( 26.889538 12.766155 67.693425 )
xyz12=( 26.889538 12.766155 67.693425 )
xyz12=( 27.248331 12.482159 67.781731 )
xyz12=( 26.889857 12.765918 67.693431 )
xyz12=( 26.889857 12.765918 67.693431 )
xyz12=( 27.248047 12.482398 67.781589 )
xyz12=( 26.890176 12.765680 67.693437 )
xyz12=( 26.890176 12.765680 67.693437 )
xyz12=( 27.247762 12.482638 67.781446 )
xyz12=( 26.890494 12.765442 67.693443 )
xyz12=( 26.890494 12.765442 67.693443 )
xyz12=( 27.247478 12.482877 67.781304 )
xyz12=( 26.890813 12.765204 67.693449 )
xyz12=( 26.890813 12.765204 67.693449 )
xyz12=( 27.247194 12.483116 67.781162 )
xyz12=( 26.891132 12.764966 67.693455 )
xyz12=( 26.891132 12.764966 67.693455 )
xyz12=( 27.246910 12.483355 67.781020 )
xyz12=( 26.891451 12.764728 67.693462 )
xyz12=( 27.246625 12.483595 67.780877 )
xyz12=( 26.891769 12.764489 67.693468 )
xyz12=( 27.246341 12.483834 67.780736 )
xyz12=( 26.892088 12.764251 67.693475 )
xyz12=( 27.246056 12.484074 67.780594 )
xyz12=( 26.892407 12.764013 67.693482 )
xyz12=( 27.245771 12.484313 67.780452 )
xyz12=( 26.892726 12.763775 67.693489 )
xyz12=( 27.245487 12.484553 67.780310 )
xyz12=( 26.893045 12.763536 67.693496 )
xyz12=( 27.245202 12.484792 67.780169 )
xyz12=( 26.893364 12.763298 67.693503 )
xyz12=( 27.244917 12.485032 67.780027 )
xyz12=( 26.893683 12.763060 67.693510 )
xyz12=( 27.244632 12.485272 67.779886 )
xyz12=( 26.894002 12.762821 67.693517 )
xyz12=( 27.244347 12.485511 67.779744 )
xyz12=( 26.894321 12.762583 67.693525 )
xyz12=( 27.244061 12.485751 67.779603 )
xyz12=( 26.894640 12.762344 67.693533 )
xyz12=( 27.243776 12.485991 67.779462 )
xyz12=( 26.894959 12.762106 67.693540 )
xyz12=( 27.243491 12.486231 67.779321 )
xyz12=( 26.895278 12.761867 67.693548 )
xyz12=( 27.243205 12.486471 67.779180 )
xyz12=( 26.895597 12.761628 67.693556 )
xyz12=( 27.242920 12.486711 67.779039 )
xyz12=( 26.895917 12.761389 67.693564 )
xyz12=( 27.242634 12.486951 67.778899 )
xyz12=( 26.896236 12.761151 67.693572 )
xyz12=( 27.242348 12.487191 67.778758 )
xyz12=( 26.896555 12.760912 67.693581 )
xyz12=( 27.242063 12.487431 67.778617 )
xyz12=( 26.896874 12.760673 67.693589 )
xyz12=( 27.241777 12.487671 67.778477 )
xyz12=( 26.897194 12.760434 67.693598 )
xyz12=( 27.241491 12.487911 67.778336 )
xyz12=( 26.897513 12.760195 67.693607 )
xyz12=( 27.241205 12.488151 67.778196 )
xyz12=( 26.897832 12.759956 67.693615 )
xyz12=( 27.240919 12.488392 67.778056 )
xyz12=( 26.898152 12.759717 67.693624 )
xyz12=( 27.240632 12.488632 67.777916 )
xyz12=( 26.898471 12.759478 67.693634 )
xyz12=( 27.240346 12.488872 67.777776 )
xyz12=( 26.898791 12.759239 67.693643 )
xyz12=( 27.240060 12.489113 67.777636 )
xyz12=( 26.899110 12.759000 67.693652 )
xyz12=( 27.239773 12.489353 67.777496 )
xyz12=( 26.899430 12.758760 67.693661 )
xyz12=( 27.239487 12.489594 67.777356 )
xyz12=( 26.899749 12.758521 67.693671 )
xyz12=( 27.239200 12.489834 67.777217 )
xyz12=( 26.900069 12.758282 67.693681 )
xyz12=( 27.238913 12.490075 67.777077 )
xyz12=( 26.900389 12.758042 67.693691 )
xyz12=( 27.238627 12.490315 67.776938 )
xyz12=( 26.900708 12.757803 67.693700 )
xyz12=( 27.238340 12.490556 67.776798 )
xyz12=( 26.901028 12.757563 67.693711 )
xyz12=( 27.238053 12.490797 67.776659 )
xyz12=( 26.901348 12.757324 67.693721 )
xyz12=( 27.237766 12.491038 67.776520 )
xyz12=( 26.901667 12.757084 67.693731 )
xyz12=( 27.237479 12.491278 67.776381 )
xyz12=( 26.901987 12.756845 67.693741 )
xyz12=( 27.237191 12.491519 67.776242 )
xyz12=( 26.902307 12.756605 67.693752 )
xyz12=( 27.236904 12.491760 67.776103 )
xyz12=( 26.902627 12.756365 67.693763 )
xyz12=( 27.236617 12.492001 67.775964 )
xyz12=( 26.902947 12.756126 67.693773 )
xyz12=( 27.236329 12.492242 67.775825 )
xyz12=( 26.903266 12.755886 67.693784 )
xyz12=( 27.236042 12.492483 67.775687 )
xyz12=( 26.903586 12.755646 67.693795 )
xyz12=( 27.235754 12.492724 67.775548 )
xyz12=( 26.903906 12.755406 67.693806 )
xyz12=( 27.235466 12.492965 67.775410 )
xyz12=( 26.904226 12.755166 67.693818 )
xyz12=( 27.235178 12.493206 67.775272 )
xyz12=( 26.904546 12.754926 67.693829 )
xyz12=( 27.234890 12.493448 67.775133 )
xyz12=( 26.904866 12.754686 67.693841 )
xyz12=( 27.234602 12.493689 67.774995 )
xyz12=( 26.905186 12.754446 67.693852 )
xyz12=( 27.234314 12.493930 67.774857 )
xyz12=( 26.905507 12.754206 67.693864 )
xyz12=( 27.234026 12.494171 67.774719 )
xyz12=( 26.905827 12.753966 67.693876 )
xyz12=( 27.233738 12.494413 67.774581 )
xyz12=( 26.906147 12.753726 67.693888 )
xyz12=( 27.233450 12.494654 67.774444 )
xyz12=( 26.906467 12.753485 67.693900 )
xyz12=( 27.233161 12.494896 67.774306 )
xyz12=( 26.906787 12.753245 67.693912 )
xyz12=( 27.232873 12.495137 67.774168 )
xyz12=( 26.907107 12.753005 67.693925 )
xyz12=( 27.232584 12.495379 67.774031 )
xyz12=( 26.907428 12.752764 67.693937 )
xyz12=( 27.232296 12.495620 67.773893 )
xyz12=( 26.907748 12.752524 67.693950 )
xyz12=( 27.232007 12.495862 67.773756 )
xyz12=( 26.908068 12.752283 67.693962 )
xyz12=( 27.231718 12.496104 67.773619 )
xyz12=( 26.908389 12.752043 67.693975 )
xyz12=( 27.231429 12.496345 67.773482 )
xyz12=( 26.908709 12.751802 67.693988 )
xyz12=( 27.231140 12.496587 67.773345 )
xyz12=( 26.909030 12.751561 67.694001 )
xyz12=( 27.230851 12.496829 67.773208 )
xyz12=( 26.909350 12.751321 67.694015 )
xyz12=( 27.230562 12.497071 67.773071 )
xyz12=( 26.909671 12.751080 67.694028 )
xyz12=( 27.230273 12.497313 67.772934 )
xyz12=( 26.909991 12.750839 67.694041 )
xyz12=( 27.229983 12.497555 67.772798 )
xyz12=( 26.910312 12.750598 67.694055 )
xyz12=( 27.229694 12.497797 67.772661 )
xyz12=( 26.910632 12.750358 67.694069 )
xyz12=( 27.229404 12.498039 67.772525 )
xyz12=( 26.910953 12.750117 67.694083 )
xyz12=( 27.229115 12.498281 67.772388 )
xyz12=( 26.911273 12.749876 67.694097 )
xyz12=( 26.911273 12.749876 67.694097 )
xyz12=( 27.228825 12.498523 67.772252 )
xyz12=( 26.911594 12.749635 67.694111 )
xyz12=( 26.911594 12.749635 67.694111 )
xyz12=( 27.228535 12.498765 67.772116 )
xyz12=( 26.911915 12.749394 67.694125 )
xyz12=( 26.911915 12.749394 67.694125 )
xyz12=( 27.228245 12.499007 67.771980 )
xyz12=( 26.912236 12.749153 67.694139 )
xyz12=( 26.912236 12.749153 67.694139 )
xyz12=( 27.227955 12.499250 67.771844 )
xyz12=( 26.912556 12.748911 67.694154 )
xyz12=( 26.912556 12.748911 67.694154 )
xyz12=( 27.227665 12.499492 67.771708 )
xyz12=( 26.912877 12.748670 67.694168 )
xyz12=( 26.912877 12.748670 67.694168 )
xyz12=( 27.227375 12.499734 67.771572 )
xyz12=( 26.913198 12.748429 67.694183 )
xyz12=( 26.913198 12.748429 67.694183 )
xyz12=( 27.227085 12.499977 67.771437 )
xyz12=( 26.913519 12.748188 67.694198 )
xyz12=( 26.913519 12.748188 67.694198 )
xyz12=( 27.226795 12.500219 67.771301 )
xyz12=( 26.913840 12.747946 67.694213 )
xyz12=( 26.913840 12.747946 67.694213 )
xyz12=( 27.226504 12.500462 67.771165 )
xyz12=( 26.914161 12.747705 67.694228 )
xyz12=( 26.914161 12.747705 67.694228 )
xyz12=( 27.226214 12.500704 67.771030 )
xyz12=( 26.914482 12.747464 67.694243 )
xyz12=( 26.914482 12.747464 67.694243 )
xyz12=( 27.225923 12.500947 67.770895 )
xyz12=( 26.914802 12.747222 67.694258 )
xyz12=( 26.914802 12.747222 67.694258 )
xyz12=( 27.225633 12.501189 67.770759 )
xyz12=( 26.915123 12.746981 67.694274 )
xyz12=( 26.915123 12.746981 67.694274 )
xyz12=( 27.225342 12.501432 67.770624 )
xyz12=( 26.915445 12.746739 67.694289 )
xyz12=( 26.915445 12.746739 67.694289 )
xyz12=( 27.225051 12.501675 67.770489 )
xyz12=( 26.915766 12.746497 67.694305 )
xyz12=( 26.915766 12.746497 67.694305 )
xyz12=( 27.224760 12.501918 67.770354 )
xyz12=( 26.916087 12.746256 67.694321 )
xyz12=( 26.916087 12.746256 67.694321 )
xyz12=( 27.224469 12.502160 67.770220 )
xyz12=( 26.916408 12.746014 67.694337 )
xyz12=( 26.916408 12.746014 67.694337 )
xyz12=( 27.224178 12.502403 67.770085 )
xyz12=( 26.916729 12.745772 67.694353 )
xyz12=( 26.916729 12.745772 67.694353 )
xyz12=( 27.223887 12.502646 67.769950 )
xyz12=( 26.917050 12.745530 67.694369 )
xyz12=( 27.223596 12.502889 67.769816 )
xyz12=( 26.917371 12.745289 67.694385 )
xyz12=( 27.223305 12.503132 67.769681 )
xyz12=( 26.917693 12.745047 67.694402 )
xyz12=( 27.223013 12.503375 67.769547 )
xyz12=( 26.918014 12.744805 67.694418 )
xyz12=( 27.222722 12.503618 67.769413 )
xyz12=( 26.918335 12.744563 67.694435 )
xyz12=( 27.222430 12.503861 67.769278 )
xyz12=( 26.918657 12.744321 67.694452 )
xyz12=( 27.222139 12.504104 67.769144 )
xyz12=( 26.918978 12.744079 67.694469 )
xyz12=( 27.221847 12.504348 67.769010 )
xyz12=( 26.919299 12.743836 67.694486 )
xyz12=( 27.221555 12.504591 67.768876 )
xyz12=( 26.919621 12.743594 67.694503 )
xyz12=( 27.221263 12.504834 67.768743 )
xyz12=( 26.919942 12.743352 67.694520 )
xyz12=( 27.220971 12.505078 67.768609 )
xyz12=( 26.920264 12.743110 67.694538 )
xyz12=( 27.220679 12.505321 67.768475 )
xyz12=( 26.920585 12.742867 67.694555 )
xyz12=( 27.220387 12.505564 67.768342 )
xyz12=( 26.920907 12.742625 67.694573 )
xyz12=( 27.220095 12.505808 67.768208 )
xyz12=( 26.921228 12.742383 67.694591 )
xyz12=( 27.219802 12.506051 67.768075 )
xyz12=( 26.921550 12.742140 67.694609 )
xyz12=( 27.219510 12.506295 67.767942 )
xyz12=( 26.921872 12.741898 67.694627 )
xyz12=( 27.219217 12.506539 67.767809 )
xyz12=( 26.922193 12.741655 67.694645 )
xyz12=( 27.218925 12.506782 67.767676 )
xyz12=( 26.922515 12.741413 67.694663 )
xyz12=( 27.218632 12.507026 67.767543 )
xyz12=( 26.922837 12.741170 67.694682 )
xyz12=( 27.218339 12.507270 67.767410 )
xyz12=( 26.923158 12.740927 67.694700 )
xyz12=( 27.218046 12.507513 67.767277 )
xyz12=( 26.923480 12.740684 67.694719 )
xyz12=( 27.217753 12.507757 67.767145 )
xyz12=( 26.923802 12.740442 67.694738 )
xyz12=( 27.217460 12.508001 67.767012 )
xyz12=( 26.924124 12.740199 67.694756 )
xyz12=( 27.217167 12.508245 67.766880 )
xyz12=( 26.924446 12.739956 67.694776 )
xyz12=( 27.216874 12.508489 67.766747 )
xyz12=( 26.924768 12.739713 67.694795 )
xyz12=( 27.216581 12.508733 67.766615 )
xyz12=( 26.925090 12.739470 67.694814 )
xyz12=( 27.216287 12.508977 67.766483 )
xyz12=( 26.925412 12.739227 67.694833 )
xyz12=( 27.215994 12.509221 67.766351 )
xyz12=( 26.925734 12.738984 67.694853 )
xyz12=( 27.215700 12.509465 67.766219 )
xyz12=( 26.926056 12.738741 67.694873 )
xyz12=( 27.215407 12.509710 67.766087 )
xyz12=( 26.926378 12.738498 67.694892 )
xyz12=( 27.215113 12.509954 67.765955 )
xyz12=( 26.926700 12.738254 67.694912 )
xyz12=( 27.214819 12.510198 67.765824 )
xyz12=( 26.927022 12.738011 67.694932 )
xyz12=( 26.927022 12.738011 67.694932 )
xyz12=( 27.214525 12.510443 67.765692 )
xyz12=( 26.927344 12.737768 67.694953 )
xyz12=( 26.927344 12.737768 67.694953 )
xyz12=( 27.214231 12.510687 67.765561 )
xyz12=( 26.927666 12.737524 67.694973 )
xyz12=( 26.927666 12.737524 67.694973 )
xyz12=( 27.213937 12.510931 67.765429 )
xyz12=( 26.927988 12.737281 67.694993 )
xyz12=( 26.927988 12.737281 67.694993 )
xyz12=( 27.213643 12.511176 67.765298 )
xyz12=( 26.928311 12.737038 67.695014 )
xyz12=( 26.928311 12.737038 67.695014 )
xyz12=( 27.213349 12.511420 67.765167 )
xyz12=( 26.928633 12.736794 67.695035 )
xyz12=( 26.928633 12.736794 67.695035 )
xyz12=( 27.213054 12.511665 67.765036 )
xyz12=( 26.928955 12.736550 67.695055 )
xyz12=( 26.928955 12.736550 67.695055 )
xyz12=( 27.212760 12.511910 67.764905 )
xyz12=( 26.929278 12.736307 67.695076 )
xyz12=( 26.929278 12.736307 67.695076 )
xyz12=( 27.212465 12.512154 67.764774 )
xyz12=( 26.929600 12.736063 67.695097 )
xyz12=( 26.929600 12.736063 67.695097 )
xyz12=( 27.212171 12.512399 67.764643 )
xyz12=( 26.929922 12.735820 67.695119 )
xyz12=( 26.929922 12.735820 67.695119 )
xyz12=( 27.211876 12.512644 67.764512 )
xyz12=( 26.930245 12.735576 67.695140 )
xyz12=( 26.930245 12.735576 67.695140 )
xyz12=( 27.211581 12.512888 67.764382 )
xyz12=( 26.930567 12.735332 67.695161 )
xyz12=( 26.930567 12.735332 67.695161 )
xyz12=( 27.211287 12.513133 67.764251 )
xyz12=( 26.930890 12.735088 67.695183 )
xyz12=( 26.930890 12.735088 67.695183 )
xyz12=( 27.210992 12.513378 67.764121 )
xyz12=( 26.931212 12.734844 67.695205 )
xyz12=( 26.931212 12.734844 67.695205 )
xyz12=( 27.210697 12.513623 67.763991 )
xyz12=( 26.931535 12.734600 67.695226 )
xyz12=( 26.931535 12.734600 67.695226 )
xyz12=( 27.210401 12.513868 67.763860 )
xyz12=( 26.931857 12.734356 67.695248 )
xyz12=( 26.931857 12.734356 67.695248 )
xyz12=( 27.210106 12.514113 67.763730 )
xyz12=( 26.932180 12.734112 67.695270 )
xyz12=( 26.932180 12.734112 67.695270 )
xyz12=( 27.209811 12.514358 67.763600 )
xyz12=( 26.932503 12.733868 67.695293 )
xyz12=( 26.932503 12.733868 67.695293 )
xyz12=( 27.209516 12.514603 67.763470 )
xyz12=( 26.932825 12.733624 67.695315 )
xyz12=( 26.932825 12.733624 67.695315 )
xyz12=( 27.209220 12.514848 67.763340 )
xyz12=( 26.933148 12.733380 67.695337 )
xyz12=( 26.933148 12.733380 67.695337 )
xyz12=( 27.208925 12.515094 67.763211 )
xyz12=( 26.933471 12.733136 67.695360 )
xyz12=( 26.933471 12.733136 67.695360 )
xyz12=( 27.208629 12.515339 67.763081 )
xyz12=( 26.933793 12.732892 67.695383 )
xyz12=( 26.933793 12.732892 67.695383 )
xyz12=( 26.934116 12.732647 67.695405 )
xyz12=( 26.934116 12.732647 67.695405 )
xyz12=( 26.934439 12.732403 67.695428 )
xyz12=( 26.934439 12.732403 67.695428 )
xyz12=( 26.934762 12.732158 67.695451 )
xyz12=( 26.934762 12.732158 67.695451 )
xyz12=( 26.935085 12.731914 67.695475 )
xyz12=( 26.935085 12.731914 67.695475 )
xyz12=( 26.935408 12.731669 67.695498 )
xyz12=( 26.935408 12.731669 67.695498 )
xyz12=( 26.935731 12.731425 67.695521 )
xyz12=( 26.935731 12.731425 67.695521 )
xyz12=( 26.936054 12.731180 67.695545 )
xyz12=( 26.936054 12.731180 67.695545 )
xyz12=( 26.936377 12.730936 67.695569 )
xyz12=( 26.936377 12.730936 67.695569 )
xyz12=( 26.936700 12.730691 67.695593 )
xyz12=( 26.936700 12.730691 67.695593 )
xyz12=( 26.937023 12.730446 67.695617 )
xyz12=( 26.937023 12.730446 67.695617 )
xyz12=( 26.937346 12.730201 67.695641 )
xyz12=( 26.937346 12.730201 67.695641 )
xyz12=( 26.937669 12.729957 67.695665 )
xyz12=( 26.937992 12.729712 67.695689 )
xyz12=( 26.938315 12.729467 67.695714 )
xyz12=( 26.938639 12.729222 67.695738 )
xyz12=( 26.938962 12.728977 67.695763 )
xyz12=( 26.939285 12.728732 67.695788 )
xyz12=( 26.939608 12.728487 67.695813 )
xyz12=( 26.939932 12.728241 67.695838 )
xyz12=( 27.345783 12.398443 67.839011 )
xyz12=( 27.345783 12.398443 67.839011 )
xyz12=( 27.346041 12.398216 67.839186 )
xyz12=( 27.346041 12.398216 67.839186 )
xyz12=( 27.346299 12.397990 67.839361 )
xyz12=( 27.346299 12.397990 67.839361 )
xyz12=( 27.346557 12.397764 67.839537 )
xyz12=( 27.346557 12.397764 67.839537 )
xyz12=( 27.346815 12.397537 67.839713 )
xyz12=( 27.346815 12.397537 67.839713 )
xyz12=( 27.347073 12.397311 67.839888 )
xyz12=( 27.347073 12.397311 67.839888 )
xyz12=( 27.347331 12.397085 67.840064 )
xyz12=( 27.347331 12.397085 67.840064 )
xyz12=( 27.347589 12.396858 67.840240 )
xyz12=( 27.347589 12.396858 67.840240 )
xyz12=( 27.347847 12.396632 67.840417 )
xyz12=( 27.347847 12.396632 67.840417 )
xyz12=( 27.348104 12.396405 67.840593 )
xyz12=( 27.348104 12.396405 67.840593 )
xyz12=( 27.348362 12.396179 67.840769 )
xyz12=( 27.348362 12.396179 67.840769 )
xyz12=( 27.348620 12.395953 67.840946 )
xyz12=( 27.348620 12.395953 67.840946 )
xyz12=( 27.348878 12.395726 67.841123 )
xyz12=( 27.348878 12.395726 67.841123 )
xyz12=( 27.349136 12.395500 67.841299 )
xyz12=( 27.349136 12.395500 67.841299 )
xyz12=( 27.349393 12.395273 67.841476 )
xyz12=( 27.349393 12.395273 67.841476 )
xyz12=( 27.349651 12.395047 67.841653 )
xyz12=( 27.349651 12.395047 67.841653 )
xyz12=( 27.349909 12.394821 67.841830 )
xyz12=( 27.349909 12.394821 67.841830 )
xyz12=( 27.350166 12.394594 67.842008 )
xyz12=( 27.350166 12.394594 67.842008 )
xyz12=( 27.350424 12.394368 67.842185 )
xyz12=( 27.350424 12.394368 67.842185 )
xyz12=( 27.350682 12.394141 67.842362 )
xyz12=( 27.350682 12.394141 67.842362 )
xyz12=( 27.350939 12.393915 67.842540 )
xyz12=( 27.350939 12.393915 67.842540 )
xyz12=( 27.351197 12.393688 67.842718 )
xyz12=( 27.351197 12.393688 67.842718 )
xyz12=( 27.351454 12.393462 67.842896 )
xyz12=( 27.351454 12.393462 67.842896 )
xyz12=( 27.351712 12.393235 67.843074 )
xyz12=( 27.351712 12.393235 67.843074 )
xyz12=( 27.351969 12.393009 67.843252 )
xyz12=( 27.351969 12.393009 67.843252 )
xyz12=( 27.352227 12.392782 67.843430 )
xyz12=( 27.352227 12.392782 67.843430 )
xyz12=( 27.352484 12.392556 67.843608 )
xyz12=( 27.352484 12.392556 67.843608 )
xyz12=( 27.352742 12.392329 67.843787 )
xyz12=( 27.352742 12.392329 67.843787 )
xyz12=( 27.352999 12.392103 67.843965 )
xyz12=( 27.352999 12.392103 67.843965 )
xyz12=( 27.353256 12.391876 67.844144 )
xyz12=( 27.353256 12.391876 67.844144 )
xyz12=( 27.353514 12.391650 67.844323 )
xyz12=( 27.353514 12.391650 67.844323 )
xyz12=( 27.353771 12.391423 67.844501 )
xyz12=( 27.353771 12.391423 67.844501 )
xyz12=( 27.354028 12.391197 67.844680 )
xyz12=( 27.354028 12.391197 67.844680 )
xyz12=( 27.354286 12.390970 67.844860 )
xyz12=( 27.354286 12.390970 67.844860 )
xyz12=( 27.354543 12.390744 67.845039 )
xyz12=( 27.354543 12.390744 67.845039 )
xyz12=( 27.354800 12.390517 67.845218 )
xyz12=( 27.354800 12.390517 67.845218 )
xyz12=( 27.355057 12.390291 67.845398 )
xyz12=( 27.355057 12.390291 67.845398 )
xyz12=( 27.355315 12.390064 67.845577 )
xyz12=( 27.355315 12.390064 67.845577 )
xyz12=( 27.355572 12.389837 67.845757 )
xyz12=( 27.355572 12.389837 67.845757 )
xyz12=( 27.355829 12.389611 67.845937 )
xyz12=( 27.355829 12.389611 67.845937 )
xyz12=( 27.356086 12.389384 67.846117 )
xyz12=( 27.356343 12.389158 67.846297 )
xyz12=( 27.356600 12.388931 67.846477 )
xyz12=( 27.356857 12.388704 67.846658 )
xyz12=( 27.357114 12.388478 67.846838 )
xyz12=( 27.357371 12.388251 67.847019 )
xyz12=( 27.357628 12.388025 67.847199 )
xyz12=( 27.357885 12.387798 67.847380 )
xyz12=( 27.358142 12.387571 67.847561 )
xyz12=( 27.358399 12.387345 67.847742 )
xyz12=( 27.358656 12.387118 67.847923 )
xyz12=( 27.358913 12.386891 67.848105 )
xyz12=( 27.359170 12.386665 67.848286 )
xyz12=( 27.359426 12.386438 67.848468 )
xyz12=( 27.359683 12.386211 67.848649 )
xyz12=( 27.359940 12.385985 67.848831 )
xyz12=( 27.360197 12.385758 67.849013 )
xyz12=( 27.360453 12.385531 67.849195 )
xyz12=( 27.360710 12.385305 67.849377 )
xyz12=( 27.360967 12.385078 67.849560 )
xyz12=( 27.361223 12.384851 67.849742 )
xyz12=( 27.361480 12.384625 67.849924 )
xyz12=( 27.361737 12.384398 67.850107 )
xyz12=( 27.361993 12.384171 67.850290 )
xyz12=( 27.362250 12.383944 67.850473 )
xyz12=( 27.362506 12.383718 67.850656 )
xyz12=( 27.362763 12.383491 67.850839 )
xyz12=( 27.363019 12.383264 67.851022 )
xyz12=( 27.363276 12.383037 67.851205 )
xyz12=( 27.363532 12.382811 67.851389 )
xyz12=( 27.363789 12.382584 67.851572 )
xyz12=( 27.364045 12.382357 67.851756 )
xyz12=( 27.364301 12.382130 67.851940 )
xyz12=( 27.364558 12.381904 67.852124 )
xyz12=( 27.364814 12.381677 67.852308 )
xyz12=( 27.365070 12.381450 67.852492 )
xyz12=( 27.365327 12.381223 67.852677 )
xyz12=( 27.365583 12.380996 67.852861 )
xyz12=( 27.365839 12.380770 67.853046 )
xyz12=( 27.366095 12.380543 67.853230 )
xyz12=( 27.366351 12.380316 67.853415 )
xyz12=( 27.366608 12.380089 67.853600 )
xyz12=( 27.366864 12.379862 67.853785 )
xyz12=( 27.367120 12.379635 67.853970 )
xyz12=( 27.367376 12.379409 67.854155 )
xyz12=( 27.367632 12.379182 67.854341 )
xyz12=( 27.367888 12.378955 67.854526 )
xyz12=( 27.368144 12.378728 67.854712 )
xyz12=( 27.368400 12.378501 67.854898 )
xyz12=( 27.368656 12.378274 67.855084 )
xyz12=( 27.368912 12.378047 67.855270 )
xyz12=( 27.683653 12.067642 68.242811 )
xyz12=( 27.683502 12.067817 68.242496 )
xyz12=( 27.683352 12.067991 68.242181 )
xyz12=( 27.683200 12.068165 68.241867 )
xyz12=( 27.683049 12.068340 68.241552 )
xyz12=( 27.387528 12.361468 67.869180 )
xyz12=( 27.387782 12.361241 67.869375 )
xyz12=( 27.388036 12.361014 67.869570 )
xyz12=( 27.388290 12.360786 67.869766 )
xyz12=( 27.388544 12.360559 67.869961 )
xyz12=( 27.388798 12.360332 67.870157 )
xyz12=( 27.389052 12.360104 67.870352 )
xyz12=( 27.389306 12.359877 67.870548 )
xyz12=( 27.389560 12.359650 67.870744 )
xyz12=( 27.389814 12.359422 67.870940 )
xyz12=( 27.390068 12.359195 67.871137 )
xyz12=( 27.390322 12.358968 67.871333 )
xyz12=( 27.390576 12.358740 67.871530 )
xyz12=( 27.390829 12.358513 67.871726 )
xyz12=( 27.391083 12.358285 67.871923 )
xyz12=( 27.391337 12.358058 67.872120 )
xyz12=( 27.391591 12.357831 67.872317 )
xyz12=( 27.391844 12.357603 67.872514 )
xyz12=( 27.392098 12.357376 67.872711 )
xyz12=( 27.392351 12.357148 67.872908 )
xyz12=( 27.392605 12.356921 67.873106 )
xyz12=( 27.392859 12.356693 67.873304 )
xyz12=( 27.393112 12.356466 67.873501 )
xyz12=( 27.393366 12.356239 67.873699 )
xyz12=( 27.393619 12.356011 67.873897 )
xyz12=( 27.393873 12.355784 67.874095 )
xyz12=( 27.394126 12.355556 67.874294 )
xyz12=( 27.394380 12.355329 67.874492 )
xyz12=( 27.394633 12.355101 67.874690 )
xyz12=( 27.394886 12.354874 67.874889 )
xyz12=( 27.395140 12.354646 67.875088 )
xyz12=( 27.395393 12.354419 67.875287 )
xyz12=( 27.395646 12.354191 67.875486 )
xyz12=( 27.395900 12.353964 67.875685 )
xyz12=( 27.396153 12.353736 67.875884 )
xyz12=( 27.396406 12.353509 67.876083 )
xyz12=( 27.396659 12.353281 67.876283 )
xyz12=( 27.396913 12.353054 67.876483 )
xyz12=( 27.397166 12.352826 67.876682 )
xyz12=( 27.397419 12.352599 67.876882 )
xyz12=( 27.397672 12.352371 67.877082 )
xyz12=( 27.397925 12.352143 67.877282 )
xyz12=( 27.398178 12.351916 67.877483 )
xyz12=( 27.398431 12.351688 67.877683 )
xyz12=( 27.398684 12.351461 67.877884 )
xyz12=( 27.398937 12.351233 67.878084 )
xyz12=( 27.399190 12.351006 67.878285 )
xyz12=( 27.399443 12.350778 67.878486 )
xyz12=( 27.399696 12.350550 67.878687 )
xyz12=( 27.399949 12.350323 67.878888 )
xyz12=( 27.400201 12.350095 67.879089 )
xyz12=( 27.667583 12.085962 68.210518 )
xyz12=( 27.400454 12.349868 67.879291 )
xyz12=( 27.667422 12.086144 68.210206 )
xyz12=( 27.400707 12.349640 67.879492 )
xyz12=( 27.667261 12.086325 68.209894 )
xyz12=( 27.400960 12.349412 67.879694 )
xyz12=( 27.667099 12.086507 68.209582 )
xyz12=( 27.401212 12.349185 67.879896 )
xyz12=( 27.666937 12.086689 68.209270 )
xyz12=( 27.401465 12.348957 67.880098 )
xyz12=( 27.666776 12.086871 68.208959 )
xyz12=( 27.401718 12.348730 67.880300 )
xyz12=( 27.666614 12.087052 68.208647 )
xyz12=( 27.401970 12.348502 67.880502 )
xyz12=( 27.666452 12.087234 68.208335 )
xyz12=( 27.402223 12.348274 67.880704 )
xyz12=( 27.666290 12.087416 68.208023 )
xyz12=( 27.402476 12.348047 67.880906 )
xyz12=( 27.666127 12.087599 68.207711 )
xyz12=( 27.402728 12.347819 67.881109 )
xyz12=( 27.665965 12.087781 68.207400 )
xyz12=( 27.402981 12.347591 67.881312 )
xyz12=( 27.665803 12.087963 68.207088 )
xyz12=( 27.403233 12.347364 67.881514 )
xyz12=( 27.665640 12.088145 68.206776 )
xyz12=( 27.403486 12.347136 67.881717 )
xyz12=( 27.665478 12.088328 68.206465 )
xyz12=( 27.403738 12.346908 67.881920 )
xyz12=( 27.665315 12.088510 68.206153 )
xyz12=( 27.403991 12.346681 67.882124 )
xyz12=( 27.665152 12.088693 68.205842 )
xyz12=( 27.404243 12.346453 67.882327 )
xyz12=( 27.664989 12.088875 68.205530 )
xyz12=( 27.404495 12.346225 67.882530 )
xyz12=( 27.664826 12.089058 68.205219 )
xyz12=( 27.404748 12.345997 67.882734 )
xyz12=( 27.664663 12.089241 68.204907 )
xyz12=( 27.405000 12.345770 67.882938 )
xyz12=( 27.664500 12.089423 68.204596 )
xyz12=( 27.405252 12.345542 67.883141 )
xyz12=( 27.664337 12.089606 68.204284 )
xyz12=( 27.405505 12.345314 67.883345 )
xyz12=( 27.664173 12.089789 68.203973 )
xyz12=( 27.405757 12.345087 67.883549 )
xyz12=( 27.664010 12.089972 68.203662 )
xyz12=( 27.406009 12.344859 67.883754 )
xyz12=( 27.663846 12.090155 68.203350 )
xyz12=( 27.406261 12.344631 67.883958 )
xyz12=( 27.663682 12.090339 68.203039 )
xyz12=( 27.406514 12.344403 67.884162 )
xyz12=( 27.663518 12.090522 68.202728 )
xyz12=( 27.406766 12.344176 67.884367 )
xyz12=( 27.663354 12.090705 68.202417 )
xyz12=( 27.407018 12.343948 67.884572 )
xyz12=( 27.663190 12.090888 68.202105 )
xyz12=( 27.407270 12.343720 67.884777 )
xyz12=( 27.663026 12.091072 68.201794 )
xyz12=( 27.663026 12.091072 68.201794 )
xyz12=( 27.407522 12.343492 67.884982 )
xyz12=( 27.662862 12.091255 68.201483 )
xyz12=( 27.662862 12.091255 68.201483 )
xyz12=( 27.407774 12.343265 67.885187 )
xyz12=( 27.662697 12.091439 68.201172 )
xyz12=( 27.662697 12.091439 68.201172 )
xyz12=( 27.408026 12.343037 67.885392 )
xyz12=( 27.662533 12.091623 68.200861 )
xyz12=( 27.662533 12.091623 68.200861 )
xyz12=( 27.408278 12.342809 67.885597 )
xyz12=( 27.662368 12.091806 68.200550 )
xyz12=( 27.662368 12.091806 68.200550 )
xyz12=( 27.408530 12.342581 67.885803 )
xyz12=( 27.662204 12.091990 68.200239 )
xyz12=( 27.662204 12.091990 68.200239 )
xyz12=( 27.408782 12.342353 67.886008 )
xyz12=( 27.662039 12.092174 68.199928 )
xyz12=( 27.662039 12.092174 68.199928 )
xyz12=( 27.409034 12.342126 67.886214 )
xyz12=( 27.661874 12.092358 68.199617 )
xyz12=( 27.661874 12.092358 68.199617 )
xyz12=( 27.409286 12.341898 67.886420 )
xyz12=( 27.661709 12.092542 68.199306 )
xyz12=( 27.661709 12.092542 68.199306 )
xyz12=( 27.409538 12.341670 67.886626 )
xyz12=( 27.661544 12.092726 68.198995 )
xyz12=( 27.661544 12.092726 68.198995 )
xyz12=( 27.409789 12.341442 67.886832 )
xyz12=( 27.661379 12.092910 68.198684 )
xyz12=( 27.661379 12.092910 68.198684 )
xyz12=( 27.410041 12.341214 67.887038 )
xyz12=( 27.661213 12.093095 68.198374 )
xyz12=( 27.661213 12.093095 68.198374 )
xyz12=( 27.410293 12.340987 67.887245 )
xyz12=( 27.661048 12.093279 68.198063 )
xyz12=( 27.661048 12.093279 68.198063 )
xyz12=( 27.410545 12.340759 67.887451 )
xyz12=( 27.660882 12.093463 68.197752 )
xyz12=( 27.660882 12.093463 68.197752 )
xyz12=( 27.410796 12.340531 67.887658 )
xyz12=( 27.660717 12.093648 68.197441 )
xyz12=( 27.660717 12.093648 68.197441 )
xyz12=( 27.411048 12.340303 67.887864 )
xyz12=( 27.660551 12.093832 68.197131 )
xyz12=( 27.660551 12.093832 68.197131 )
xyz12=( 27.411300 12.340075 67.888071 )
xyz12=( 27.660385 12.094017 68.196820 )
xyz12=( 27.660385 12.094017 68.196820 )
xyz12=( 27.411551 12.339847 67.888278 )
xyz12=( 27.660219 12.094202 68.196509 )
xyz12=( 27.660219 12.094202 68.196509 )
xyz12=( 27.411803 12.339620 67.888486 )
xyz12=( 27.660053 12.094386 68.196199 )
xyz12=( 27.660053 12.094386 68.196199 )
xyz12=( 27.412055 12.339392 67.888693 )
xyz12=( 27.659887 12.094571 68.195888 )
xyz12=( 27.659887 12.094571 68.195888 )
xyz12=( 27.412306 12.339164 67.888900 )
xyz12=( 27.659721 12.094756 68.195578 )
xyz12=( 27.659721 12.094756 68.195578 )
xyz12=( 27.412558 12.338936 67.889108 )
xyz12=( 27.659554 12.094941 68.195267 )
xyz12=( 27.659554 12.094941 68.195267 )
xyz12=( 27.412809 12.338708 67.889315 )
xyz12=( 27.659388 12.095126 68.194957 )
xyz12=( 27.413061 12.338480 67.889523 )
xyz12=( 27.659221 12.095311 68.194646 )
xyz12=( 27.413312 12.338252 67.889731 )
xyz12=( 27.659054 12.095496 68.194336 )
xyz12=( 27.413564 12.338024 67.889939 )
xyz12=( 27.658888 12.095682 68.194026 )
xyz12=( 27.413815 12.337796 67.890147 )
xyz12=( 27.658721 12.095867 68.193715 )
xyz12=( 27.414066 12.337569 67.890356 )
xyz12=( 27.658554 12.096052 68.193405 )
xyz12=( 27.414318 12.337341 67.890564 )
xyz12=( 27.658386 12.096238 68.193095 )
xyz12=( 27.414569 12.337113 67.890773 )
xyz12=( 27.658219 12.096423 68.192784 )
xyz12=( 27.414820 12.336885 67.890981 )
xyz12=( 27.658052 12.096609 68.192474 )
xyz12=( 27.415072 12.336657 67.891190 )
xyz12=( 27.657884 12.096795 68.192164 )
xyz12=( 27.415323 12.336429 67.891399 )
xyz12=( 27.657717 12.096980 68.191854 )
xyz12=( 27.415574 12.336201 67.891608 )
xyz12=( 27.657549 12.097166 68.191544 )
xyz12=( 27.415825 12.335973 67.891817 )
xyz12=( 27.657381 12.097352 68.191234 )
xyz12=( 27.416076 12.335745 67.892027 )
xyz12=( 27.657214 12.097538 68.190923 )
xyz12=( 27.416327 12.335517 67.892236 )
xyz12=( 27.657046 12.097724 68.190613 )
xyz12=( 27.416579 12.335289 67.892446 )
xyz12=( 27.656878 12.097910 68.190303 )
xyz12=( 27.416830 12.335061 67.892656 )
xyz12=( 27.656709 12.098097 68.189994 )
xyz12=( 27.417081 12.334833 67.892865 )
xyz12=( 27.656541 12.098283 68.189684 )
xyz12=( 27.417332 12.334605 67.893075 )
xyz12=( 27.656373 12.098469 68.189374 )
xyz12=( 27.417583 12.334377 67.893286 )
xyz12=( 27.656204 12.098656 68.189064 )
xyz12=( 27.417834 12.334149 67.893496 )
xyz12=( 27.656036 12.098842 68.188754 )
xyz12=( 27.418085 12.333921 67.893706 )
xyz12=( 27.655867 12.099029 68.188444 )
xyz12=( 27.418336 12.333693 67.893917 )
xyz12=( 27.655698 12.099215 68.188134 )
xyz12=( 27.418586 12.333465 67.894127 )
xyz12=( 27.655529 12.099402 68.187825 )
xyz12=( 27.418837 12.333237 67.894338 )
xyz12=( 27.655360 12.099589 68.187515 )
xyz12=( 27.419088 12.333009 67.894549 )
xyz12=( 27.655191 12.099776 68.187205 )
xyz12=( 27.419339 12.332781 67.894760 )
xyz12=( 27.655022 12.099963 68.186896 )
xyz12=( 27.419590 12.332553 67.894971 )
xyz12=( 27.654852 12.100150 68.186586 )
xyz12=( 27.419840 12.332325 67.895182 )
xyz12=( 27.654683 12.100337 68.186276 )
xyz12=( 27.420091 12.332097 67.895394 )
xyz12=( 27.654513 12.100524 68.185967 )
xyz12=( 27.420342 12.331869 67.895605 )
xyz12=( 27.654344 12.100711 68.185657 )
xyz12=( 27.420592 12.331641 67.895817 )
xyz12=( 27.654174 12.100898 68.185348 )
xyz12=( 27.420843 12.331413 67.896029 )
xyz12=( 27.654004 12.101086 68.185038 )
xyz12=( 27.421094 12.331185 67.896241 )
xyz12=( 27.653834 12.101273 68.184729 )
xyz12=( 27.421344 12.330957 67.896453 )
xyz12=( 27.653664 12.101461 68.184420 )
xyz12=( 27.421595 12.330729 67.896665 )
xyz12=( 27.653494 12.101648 68.184110 )
xyz12=( 27.421845 12.330501 67.896877 )
xyz12=( 27.653323 12.101836 68.183801 )
xyz12=( 27.422096 12.330273 67.897090 )
xyz12=( 27.653153 12.102024 68.183492 )
xyz12=( 27.422346 12.330045 67.897303 )
xyz12=( 27.652982 12.102211 68.183182 )
xyz12=( 27.422597 12.329817 67.897515 )
xyz12=( 27.652812 12.102399 68.182873 )
xyz12=( 27.422847 12.329588 67.897728 )
xyz12=( 27.652641 12.102587 68.182564 )
xyz12=( 27.423098 12.329360 67.897941 )
xyz12=( 27.652470 12.102775 68.182255 )
xyz12=( 27.423348 12.329132 67.898154 )
xyz12=( 27.652299 12.102963 68.181946 )
xyz12=( 27.423598 12.328904 67.898367 )
xyz12=( 27.652128 12.103151 68.181637 )
xyz12=( 27.423848 12.328676 67.898581 )
xyz12=( 27.651957 12.103340 68.181327 )
xyz12=( 27.424099 12.328448 67.898794 )
xyz12=( 27.651786 12.103528 68.181018 )
xyz12=( 27.424349 12.328220 67.899008 )
xyz12=( 27.651614 12.103716 68.180709 )
xyz12=( 27.424599 12.327992 67.899222 )
xyz12=( 27.651443 12.103905 68.180400 )
xyz12=( 27.424849 12.327764 67.899436 )
xyz12=( 27.651271 12.104093 68.180092 )
xyz12=( 27.425100 12.327535 67.899650 )
xyz12=( 27.651099 12.104282 68.179783 )
xyz12=( 27.425350 12.327307 67.899864 )
xyz12=( 27.650928 12.104471 68.179474 )
xyz12=( 27.425600 12.327079 67.900078 )
xyz12=( 27.650756 12.104660 68.179165 )
xyz12=( 27.425850 12.326851 67.900293 )
xyz12=( 27.650584 12.104848 68.178856 )
xyz12=( 27.426100 12.326623 67.900507 )
xyz12=( 27.650411 12.105037 68.178547 )
xyz12=( 27.426350 12.326395 67.900722 )
xyz12=( 27.650239 12.105226 68.178239 )
xyz12=( 27.426600 12.326166 67.900937 )
xyz12=( 27.650067 12.105415 68.177930 )
xyz12=( 27.426850 12.325938 67.901152 )
xyz12=( 27.649894 12.105604 68.177621 )
xyz12=( 27.427100 12.325710 67.901367 )
xyz12=( 27.649722 12.105794 68.177313 )
xyz12=( 27.427350 12.325482 67.901582 )
xyz12=( 27.649549 12.105983 68.177004 )
xyz12=( 27.427600 12.325254 67.901797 )
xyz12=( 27.649376 12.106172 68.176695 )
xyz12=( 27.427849 12.325026 67.902013 )
xyz12=( 27.649203 12.106362 68.176387 )
xyz12=( 27.428099 12.324797 67.902228 )
xyz12=( 27.649030 12.106551 68.176078 )
xyz12=( 27.428349 12.324569 67.902444 )
xyz12=( 27.648857 12.106741 68.175770 )
xyz12=( 27.648857 12.106741 68.175770 )
xyz12=( 27.428599 12.324341 67.902660 )
xyz12=( 27.648684 12.106930 68.175461 )
xyz12=( 27.648684 12.106930 68.175461 )
xyz12=( 27.428849 12.324113 67.902876 )
xyz12=( 27.648511 12.107120 68.175153 )
xyz12=( 27.648511 12.107120 68.175153 )
xyz12=( 27.429098 12.323884 67.903092 )
xyz12=( 27.648337 12.107310 68.174845 )
xyz12=( 27.648337 12.107310 68.174845 )
xyz12=( 27.429348 12.323656 67.903308 )
xyz12=( 27.648164 12.107500 68.174536 )
xyz12=( 27.648164 12.107500 68.174536 )
xyz12=( 27.429598 12.323428 67.903525 )
xyz12=( 27.647990 12.107690 68.174228 )
xyz12=( 27.647990 12.107690 68.174228 )
xyz12=( 27.429847 12.323200 67.903741 )
xyz12=( 27.647816 12.107880 68.173920 )
xyz12=( 27.647816 12.107880 68.173920 )
xyz12=( 27.430097 12.322972 67.903958 )
xyz12=( 27.647642 12.108070 68.173611 )
xyz12=( 27.647642 12.108070 68.173611 )
xyz12=( 27.430346 12.322743 67.904175 )
xyz12=( 27.647468 12.108260 68.173303 )
xyz12=( 27.647468 12.108260 68.173303 )
xyz12=( 27.430596 12.322515 67.904392 )
xyz12=( 27.647294 12.108450 68.172995 )
xyz12=( 27.647294 12.108450 68.172995 )
xyz12=( 27.430846 12.322287 67.904609 )
xyz12=( 27.647120 12.108640 68.172687 )
xyz12=( 27.647120 12.108640 68.172687 )
xyz12=( 27.431095 12.322058 67.904826 )
xyz12=( 27.646946 12.108831 68.172379 )
xyz12=( 27.646946 12.108831 68.172379 )
xyz12=( 27.431344 12.321830 67.905043 )
xyz12=( 27.646771 12.109021 68.172071 )
xyz12=( 27.646771 12.109021 68.172071 )
xyz12=( 27.431594 12.321602 67.905261 )
xyz12=( 27.646597 12.109212 68.171762 )
xyz12=( 27.646597 12.109212 68.171762 )
xyz12=( 27.431843 12.321374 67.905478 )
xyz12=( 27.646422 12.109402 68.171454 )
xyz12=( 27.646422 12.109402 68.171454 )
xyz12=( 27.432093 12.321145 67.905696 )
xyz12=( 27.646248 12.109593 68.171146 )
xyz12=( 27.646248 12.109593 68.171146 )
xyz12=( 27.432342 12.320917 67.905914 )
xyz12=( 27.646073 12.109784 68.170839 )
xyz12=( 27.646073 12.109784 68.170839 )
xyz12=( 27.432591 12.320689 67.906132 )
xyz12=( 27.645898 12.109975 68.170531 )
xyz12=( 27.645898 12.109975 68.170531 )
xyz12=( 27.432841 12.320460 67.906350 )
xyz12=( 27.645723 12.110166 68.170223 )
xyz12=( 27.433090 12.320232 67.906568 )
xyz12=( 27.645547 12.110357 68.169915 )
xyz12=( 27.433339 12.320004 67.906787 )
xyz12=( 27.645372 12.110548 68.169607 )
xyz12=( 27.433588 12.319776 67.907005 )
xyz12=( 27.645197 12.110739 68.169299 )
xyz12=( 27.433838 12.319547 67.907224 )
xyz12=( 27.645021 12.110930 68.168991 )
xyz12=( 27.434087 12.319319 67.907443 )
xyz12=( 27.644846 12.111121 68.168684 )
xyz12=( 27.434336 12.319091 67.907662 )
xyz12=( 27.644670 12.111313 68.168376 )
xyz12=( 27.434585 12.318862 67.907881 )
xyz12=( 27.644494 12.111504 68.168068 )
xyz12=( 27.434834 12.318634 67.908100 )
xyz12=( 27.644318 12.111696 68.167761 )
xyz12=( 27.435083 12.318406 67.908319 )
xyz12=( 27.644142 12.111887 68.167453 )
xyz12=( 27.435332 12.318177 67.908539 )
xyz12=( 27.643966 12.112079 68.167146 )
xyz12=( 27.435581 12.317949 67.908758 )
xyz12=( 27.643790 12.112270 68.166838 )
xyz12=( 27.435830 12.317720 67.908978 )
xyz12=( 27.643613 12.112462 68.166531 )
xyz12=( 27.436079 12.317492 67.909198 )
xyz12=( 27.643437 12.112654 68.166223 )
xyz12=( 27.436328 12.317264 67.909418 )
xyz12=( 27.643260 12.112846 68.165916 )
xyz12=( 27.436577 12.317035 67.909638 )
xyz12=( 27.643083 12.113038 68.165608 )
xyz12=( 27.436825 12.316807 67.909858 )
xyz12=( 27.642907 12.113230 68.165301 )
xyz12=( 27.437074 12.316579 67.910079 )
xyz12=( 27.642730 12.113422 68.164994 )
xyz12=( 27.437323 12.316350 67.910299 )
xyz12=( 27.642553 12.113615 68.164686 )
xyz12=( 27.437572 12.316122 67.910520 )
xyz12=( 27.642376 12.113807 68.164379 )
xyz12=( 27.437820 12.315893 67.910741 )
xyz12=( 27.642198 12.113999 68.164072 )
xyz12=( 27.438069 12.315665 67.910961 )
xyz12=( 27.642021 12.114192 68.163765 )
xyz12=( 27.438318 12.315437 67.911183 )
xyz12=( 27.641843 12.114384 68.163458 )
xyz12=( 27.438566 12.315208 67.911404 )
xyz12=( 27.641666 12.114577 68.163150 )
xyz12=( 27.438815 12.314980 67.911625 )
xyz12=( 27.641488 12.114770 68.162843 )
xyz12=( 27.439064 12.314751 67.911846 )
xyz12=( 27.641310 12.114962 68.162536 )
xyz12=( 27.439312 12.314523 67.912068 )
xyz12=( 27.641132 12.115155 68.162229 )
xyz12=( 27.439561 12.314294 67.912290 )
xyz12=( 27.640954 12.115348 68.161922 )
xyz12=( 27.439809 12.314066 67.912512 )
xyz12=( 27.640776 12.115541 68.161615 )
xyz12=( 27.440058 12.313838 67.912734 )
xyz12=( 27.640598 12.115734 68.161308 )
xyz12=( 27.440306 12.313609 67.912956 )
xyz12=( 27.640420 12.115927 68.161001 )
xyz12=( 27.440554 12.313381 67.913178 )
xyz12=( 27.640241 12.116121 68.160695 )
xyz12=( 27.640241 12.116121 68.160695 )
xyz12=( 27.440803 12.313152 67.913400 )
xyz12=( 27.640063 12.116314 68.160388 )
xyz12=( 27.640063 12.116314 68.160388 )
xyz12=( 27.441051 12.312924 67.913623 )
xyz12=( 27.639884 12.116507 68.160081 )
xyz12=( 27.639884 12.116507 68.160081 )
xyz12=( 27.441299 12.312695 67.913846 )
xyz12=( 27.639705 12.116701 68.159774 )
xyz12=( 27.639705 12.116701 68.159774 )
xyz12=( 27.441548 12.312467 67.914068 )
xyz12=( 27.639526 12.116894 68.159468 )
xyz12=( 27.639526 12.116894 68.159468 )
xyz12=( 27.441796 12.312238 67.914291 )
xyz12=( 27.639347 12.117088 68.159161 )
xyz12=( 27.639347 12.117088 68.159161 )
xyz12=( 27.442044 12.312010 67.914515 )
xyz12=( 27.639168 12.117282 68.158854 )
xyz12=( 27.639168 12.117282 68.158854 )
xyz12=( 27.442292 12.311781 67.914738 )
xyz12=( 27.638989 12.117475 68.158548 )
xyz12=( 27.638989 12.117475 68.158548 )
xyz12=( 27.442541 12.311553 67.914961 )
xyz12=( 27.638810 12.117669 68.158241 )
xyz12=( 27.638810 12.117669 68.158241 )
xyz12=( 27.442789 12.311324 67.915185 )
xyz12=( 27.638630 12.117863 68.157934 )
xyz12=( 27.638630 12.117863 68.157934 )
xyz12=( 27.443037 12.311096 67.915408 )
xyz12=( 27.638450 12.118057 68.157628 )
xyz12=( 27.638450 12.118057 68.157628 )
xyz12=( 27.443285 12.310867 67.915632 )
xyz12=( 27.638271 12.118251 68.157321 )
xyz12=( 27.638271 12.118251 68.157321 )
xyz12=( 27.443533 12.310639 67.915856 )
xyz12=( 27.638091 12.118445 68.157015 )
xyz12=( 27.638091 12.118445 68.157015 )
xyz12=( 27.443781 12.310410 67.916080 )
xyz12=( 27.637911 12.118639 68.156709 )
xyz12=( 27.637911 12.118639 68.156709 )
xyz12=( 27.444029 12.310182 67.916304 )
xyz12=( 27.637731 12.118834 68.156402 )
xyz12=( 27.637731 12.118834 68.156402 )
xyz12=( 27.444277 12.309953 67.916528 )
xyz12=( 27.637551 12.119028 68.156096 )
xyz12=( 27.637551 12.119028 68.156096 )
xyz12=( 27.444525 12.309725 67.916753 )
xyz12=( 27.637371 12.119222 68.155790 )
xyz12=( 27.637371 12.119222 68.155790 )
xyz12=( 27.444773 12.309496 67.916977 )
xyz12=( 27.637190 12.119417 68.155483 )
xyz12=( 27.637190 12.119417 68.155483 )
xyz12=( 27.445021 12.309268 67.917202 )
xyz12=( 27.637010 12.119612 68.155177 )
xyz12=( 27.637010 12.119612 68.155177 )
xyz12=( 27.445268 12.309039 67.917427 )
xyz12=( 27.636829 12.119806 68.154871 )
xyz12=( 27.636829 12.119806 68.154871 )
xyz12=( 27.445516 12.308810 67.917652 )
xyz12=( 27.636649 12.120001 68.154565 )
xyz12=( 27.636649 12.120001 68.154565 )
xyz12=( 27.445764 12.308582 67.917877 )
xyz12=( 27.636468 12.120196 68.154259 )
xyz12=( 27.636468 12.120196 68.154259 )
xyz12=( 27.446012 12.308353 67.918102 )
xyz12=( 27.636287 12.120391 68.153952 )
xyz12=( 27.636287 12.120391 68.153952 )
xyz12=( 27.636106 12.120586 68.153646 )
xyz12=( 27.636106 12.120586 68.153646 )
xyz12=( 27.635925 12.120781 68.153340 )
xyz12=( 27.635925 12.120781 68.153340 )
xyz12=( 27.635744 12.120976 68.153034 )
xyz12=( 27.635744 12.120976 68.153034 )
xyz12=( 27.635562 12.121171 68.152728 )
xyz12=( 27.635562 12.121171 68.152728 )
xyz12=( 27.635381 12.121366 68.152422 )
xyz12=( 27.635381 12.121366 68.152422 )
xyz12=( 27.635199 12.121561 68.152117 )
xyz12=( 27.635199 12.121561 68.152117 )
xyz12=( 27.635018 12.121757 68.151811 )
xyz12=( 27.635018 12.121757 68.151811 )
xyz12=( 27.634836 12.121952 68.151505 )
xyz12=( 27.634836 12.121952 68.151505 )
xyz12=( 27.634654 12.122148 68.151199 )
xyz12=( 27.634654 12.122148 68.151199 )
xyz12=( 27.634472 12.122344 68.150893 )
xyz12=( 27.634472 12.122344 68.150893 )
xyz12=( 27.634290 12.122539 68.150588 )
xyz12=( 27.634107 12.122735 68.150282 )
xyz12=( 27.633925 12.122931 68.149976 )
xyz12=( 27.633743 12.123127 68.149671 )
xyz12=( 27.633560 12.123323 68.149365 )
xyz12=( 27.633377 12.123519 68.149059 )
xyz12=( 27.633195 12.123715 68.148754 )
xyz12=( 27.633012 12.123911 68.148448 )
