order:    [ 1 13 14 0 25 24 23 22 21 20 18 17 16 19 15 12 7 8 11 10 9 6 2 5 4 3 ]
atoms:    [ CA CA C N C CA N C CA N C CA N H HA N CA C C CA N N C C CA N ]
residues: [ 0 4 4 0 7 7 7 6 6 6 5 5 5 5 4 4 2 2 3 3 3 2 0 1 1 1 ]

d_19_15=3.044481480000 eijMax=2.844E-04 rmsd=2.759E+00 s=[ 0 0 0 0 1 1 1 0 1 1 0 0 0 0 0 1 0 0 0 0 1 0 0 1 1 1 ]
d_19_15=3.044481480000 eijMax=4.153E-03 rmsd=3.699E+00 s=[ 0 0 0 0 1 1 1 0 1 1 0 0 0 0 0 1 1 1 1 1 0 0 0 0 0 0 ]
d_19_15=3.066703702222 eijMax=6.974E-03 rmsd=1.984E+00 s=[ 0 0 0 0 1 1 1 0 1 1 0 0 0 0 1 0 1 0 0 0 1 1 0 0 0 0 ]
d_19_15=3.088925924444 eijMax=4.678E-03 rmsd=2.942E+00 s=[ 0 0 0 0 1 1 1 0 1 1 0 0 0 0 0 1 0 1 1 1 0 0 0 1 1 1 ]
d_19_15=3.088925924444 eijMax=5.990E-03 rmsd=1.632E+00 s=[ 0 0 0 0 1 1 1 0 1 1 0 0 0 0 1 0 1 0 0 0 1 1 0 1 1 1 ]
d_19_15=3.111148146667 eijMax=4.845E-03 rmsd=2.992E+00 s=[ 0 0 0 0 1 1 1 0 1 1 0 0 0 0 0 1 0 1 1 1 0 0 0 1 1 1 ]
d_19_15=3.111148146667 eijMax=6.255E-03 rmsd=3.185E+00 s=[ 0 0 0 0 1 1 1 0 1 1 0 0 0 0 1 0 0 1 1 1 0 0 0 1 1 1 ]
d_19_15=3.111148146667 eijMax=5.030E-04 rmsd=3.422E+00 s=[ 0 0 0 0 1 1 1 0 1 1 0 0 0 0 1 0 1 1 1 1 0 1 0 1 1 1 ]
d_19_15=3.044481480000 eijMax=4.153E-03 rmsd=3.699E+00 s=[ 0 0 0 1 0 0 0 1 0 0 1 1 1 0 1 0 0 0 0 0 1 1 1 1 1 1 ]
d_19_15=3.044481480000 eijMax=2.844E-04 rmsd=2.759E+00 s=[ 0 0 0 1 0 0 0 1 0 0 1 1 1 0 1 0 1 1 1 1 0 1 1 0 0 0 ]
d_19_15=3.066703702222 eijMax=6.974E-03 rmsd=1.984E+00 s=[ 0 0 0 1 0 0 0 1 0 0 1 1 1 0 0 1 0 1 1 1 0 0 1 1 1 1 ]
d_19_15=3.088925924444 eijMax=5.990E-03 rmsd=1.632E+00 s=[ 0 0 0 1 0 0 0 1 0 0 1 1 1 0 0 1 0 1 1 1 0 0 1 0 0 0 ]
d_19_15=3.088925924444 eijMax=4.678E-03 rmsd=2.942E+00 s=[ 0 0 0 1 0 0 0 1 0 0 1 1 1 0 1 0 1 0 0 0 1 1 1 0 0 0 ]
d_19_15=3.111148146667 eijMax=5.030E-04 rmsd=3.422E+00 s=[ 0 0 0 1 0 0 0 1 0 0 1 1 1 0 0 1 0 0 0 0 1 0 1 0 0 0 ]
d_19_15=3.111148146667 eijMax=6.255E-03 rmsd=3.185E+00 s=[ 0 0 0 1 0 0 0 1 0 0 1 1 1 0 0 1 1 0 0 0 1 1 1 0 0 0 ]
d_19_15=3.111148146667 eijMax=4.845E-03 rmsd=2.992E+00 s=[ 0 0 0 1 0 0 0 1 0 0 1 1 1 0 1 0 1 0 0 0 1 1 1 0 0 0 ]
num ..... 10
nnodes .. 26
nedges .. 130
nsols ... 16
nnonhsols 16
tsecs ... 0.449652
