order:    [ 1 13 14 0 25 24 23 22 21 20 18 17 16 19 15 12 7 8 11 10 9 6 2 5 4 3 ]
atoms:    [ CA CA C N C CA N C CA N C CA N H HA N CA C C CA N N C C CA N ]
residues: [ 0 4 4 0 7 7 7 6 6 6 5 5 5 5 4 4 2 2 3 3 3 2 0 1 1 1 ]

We use a different pair of symbles to represent the bits values which are associated with the HA and H of the discretized distance, and another one to represent the bits of other hydrogens.
For the HA and H from the discretized distance:
	"+" means 0
	"-" means 1
For any other hydrogens:
	">" means 0
	"<" means 1

d_19_15=3.475663780000 s=[ 0 0 0 0 1 0 1 1 0 1 1 1 1 + - 1 1 0 1 1 0 0 1 0 0 0 ]

d_19_15=3.475663780000 s=[ 0 0 0 0 1 0 1 1 0 1 1 1 1 + - 1 1 1 0 0 1 0 1 0 0 0 ]

d_19_15=3.477683982020 s=[ 0 0 0 0 1 0 1 1 0 1 1 1 1 + - 1 1 0 1 1 0 0 1 0 0 0 ]

d_19_15=3.477683982020 s=[ 0 0 0 0 1 0 1 1 0 1 1 1 1 + - 1 1 1 0 0 1 0 1 0 0 0 ]

d_19_15=3.479704184040 s=[ 0 0 0 0 1 0 1 1 0 1 1 1 1 + - 1 1 0 1 1 0 0 1 0 0 0 ]

d_19_15=3.479704184040 s=[ 0 0 0 0 1 0 1 1 0 1 1 1 1 + - 1 1 1 0 0 1 0 1 0 0 0 ]

d_19_15=3.481724386061 s=[ 0 0 0 0 1 0 1 1 0 1 1 1 1 + - 1 1 0 1 1 0 0 1 0 0 0 ]

d_19_15=3.481724386061 s=[ 0 0 0 0 1 0 1 1 0 1 1 1 1 + - 1 1 1 0 0 1 0 1 0 0 0 ]

d_19_15=3.483744588081 s=[ 0 0 0 0 1 0 1 1 0 1 1 1 1 + - 1 1 0 1 1 0 0 1 0 0 0 ]

d_19_15=3.483744588081 s=[ 0 0 0 0 1 0 1 1 0 1 1 1 1 + - 1 1 1 0 0 1 0 1 0 0 0 ]

d_19_15=3.485764790101 s=[ 0 0 0 0 1 0 1 1 0 1 1 1 1 + - 1 1 0 1 1 0 0 1 0 0 0 ]

d_19_15=3.485764790101 s=[ 0 0 0 0 1 0 1 1 0 1 1 1 1 + - 1 1 1 0 0 1 0 1 0 0 0 ]

d_19_15=3.487784992121 s=[ 0 0 0 0 1 0 1 1 0 1 1 1 1 + - 1 1 0 1 1 0 0 1 0 0 0 ]

d_19_15=3.487784992121 s=[ 0 0 0 0 1 0 1 1 0 1 1 1 1 + - 1 1 1 0 0 1 0 1 0 0 0 ]

d_19_15=3.489805194141 s=[ 0 0 0 0 1 0 1 1 0 1 1 1 1 + - 1 1 0 1 1 0 0 1 0 0 0 ]

d_19_15=3.491825396162 s=[ 0 0 0 0 1 0 1 1 0 1 1 1 1 + - 1 1 0 1 1 0 0 1 0 0 0 ]

d_19_15=3.493845598182 s=[ 0 0 0 0 1 0 1 1 0 1 1 1 1 + - 1 1 0 1 1 0 0 1 0 0 0 ]

d_19_15=3.495865800202 s=[ 0 0 0 0 1 0 1 1 0 1 1 1 1 + - 1 1 0 1 1 0 0 1 0 0 0 ]

d_19_15=3.497886002222 s=[ 0 0 0 0 1 0 1 1 0 1 1 1 1 + - 1 1 0 1 1 0 0 1 0 0 0 ]

d_19_15=3.499906204242 s=[ 0 0 0 0 1 0 1 1 0 1 1 1 1 + - 1 1 0 1 1 0 0 1 0 0 0 ]

d_19_15=3.501926406263 s=[ 0 0 0 0 1 0 1 1 0 1 1 1 1 + - 1 1 0 1 1 0 0 1 0 0 0 ]

d_19_15=3.503946608283 s=[ 0 0 0 0 1 0 1 1 0 1 1 1 1 + - 1 1 0 1 1 0 0 1 0 0 0 ]

d_19_15=3.505966810303 s=[ 0 0 0 0 1 0 1 1 0 1 1 1 1 + - 1 1 0 1 1 0 0 1 0 0 0 ]

d_19_15=3.507987012323 s=[ 0 0 0 0 1 0 1 1 0 1 1 1 1 + - 1 1 0 1 1 0 0 1 0 0 0 ]

d_19_15=3.510007214343 s=[ 0 0 0 0 1 0 1 1 0 1 1 1 1 + - 1 1 0 1 1 0 0 1 0 0 0 ]

d_19_15=3.530209234545 s=[ 0 0 0 0 1 0 1 1 0 1 1 1 1 + + 0 1 0 1 1 0 1 0 1 1 1 ]

d_19_15=3.530209234545 s=[ 0 0 0 0 1 0 1 1 0 1 1 1 1 + + 0 1 1 0 0 1 1 1 0 0 0 ]

d_19_15=3.530209234545 s=[ 0 0 0 0 1 0 1 1 0 1 1 1 1 + - 1 0 0 1 1 0 0 0 0 0 0 ]

d_19_15=3.530209234545 s=[ 0 0 0 0 1 0 1 1 0 1 1 1 1 + - 1 0 1 0 0 1 0 0 0 0 0 ]

d_19_15=3.532229436566 s=[ 0 0 0 0 1 0 1 1 0 1 1 1 1 + + 0 1 0 1 1 0 1 0 1 1 1 ]

d_19_15=3.532229436566 s=[ 0 0 0 0 1 0 1 1 0 1 1 1 1 + + 0 1 1 0 0 1 1 1 0 0 0 ]

d_19_15=3.534249638586 s=[ 0 0 0 0 1 0 1 1 0 1 1 1 1 + + 0 1 0 1 1 0 1 1 0 0 0 ]

d_19_15=3.534249638586 s=[ 0 0 0 0 1 0 1 1 0 1 1 1 1 + + 0 1 1 0 0 1 1 0 1 1 1 ]

d_19_15=3.536269840606 s=[ 0 0 0 0 1 0 1 1 0 1 1 1 1 + + 0 1 1 0 0 1 1 0 1 1 1 ]

d_19_15=3.548391052727 s=[ 0 0 0 0 1 0 1 1 0 1 1 1 1 + + 1 1 0 1 1 0 0 1 0 0 0 ]

d_19_15=3.548391052727 s=[ 0 0 0 0 1 0 1 1 0 1 1 1 1 + + 1 1 1 0 0 1 0 1 0 0 0 ]

d_19_15=3.550411254747 s=[ 0 0 0 0 1 0 1 1 0 1 1 1 1 + + 1 0 1 0 0 1 1 0 0 0 0 ]

d_19_15=3.550411254747 s=[ 0 0 0 0 1 0 1 1 0 1 1 1 1 + + 1 1 1 0 0 1 0 1 0 0 0 ]

d_19_15=3.550411254747 s=[ 0 0 0 0 1 0 1 1 0 1 1 1 1 + - 1 0 0 1 1 0 0 0 1 1 1 ]

d_19_15=3.552431456768 s=[ 0 0 0 0 1 0 1 1 0 1 1 1 1 + + 1 0 0 1 1 0 1 0 0 0 0 ]

d_19_15=3.552431456768 s=[ 0 0 0 0 1 0 1 1 0 1 1 1 1 + + 1 1 0 1 1 0 1 0 1 1 1 ]

d_19_15=3.552431456768 s=[ 0 0 0 0 1 0 1 1 0 1 1 1 1 + - 1 0 0 1 1 0 0 0 1 1 1 ]

d_19_15=3.554451658788 s=[ 0 0 0 0 1 0 1 1 0 1 1 1 1 + + 1 1 0 1 1 0 1 0 1 1 1 ]

d_19_15=3.554451658788 s=[ 0 0 0 0 1 0 1 1 0 1 1 1 1 + - 1 0 0 1 1 0 0 0 1 1 1 ]

d_19_15=3.554451658788 s=[ 0 0 0 0 1 0 1 1 0 1 1 1 1 + - 1 0 1 0 0 1 0 0 1 1 1 ]

d_19_15=3.556471860808 s=[ 0 0 0 0 1 0 1 1 0 1 1 1 1 + + 1 1 1 0 0 1 1 0 1 1 1 ]

d_19_15=3.556471860808 s=[ 0 0 0 0 1 0 1 1 0 1 1 1 1 + - 1 0 1 0 0 1 0 0 1 1 1 ]

d_19_15=3.558492062828 s=[ 0 0 0 0 1 0 1 1 0 1 1 1 1 + + 1 1 1 0 0 1 1 0 1 1 1 ]

d_19_15=3.560512264848 s=[ 0 0 0 0 1 0 1 1 0 1 1 1 1 + + 1 1 1 0 0 1 1 0 1 1 1 ]

d_19_15=3.588795093131 s=[ 0 0 0 0 1 0 1 1 0 1 1 1 1 + + 0 0 0 1 1 0 0 1 0 0 0 ]

d_19_15=3.590815295152 s=[ 0 0 0 0 1 0 1 1 0 1 1 1 1 + + 0 0 0 1 1 0 0 1 0 0 0 ]

d_19_15=3.590815295152 s=[ 0 0 0 0 1 0 1 1 0 1 1 1 1 + + 0 0 1 0 0 1 0 1 0 0 0 ]

d_19_15=3.475663780000 s=[ 0 0 0 0 1 0 1 1 0 1 1 1 1 - - 1 1 0 1 1 0 0 1 0 0 0 ]

d_19_15=3.475663780000 s=[ 0 0 0 0 1 0 1 1 0 1 1 1 1 - - 1 1 1 0 0 1 0 1 0 0 0 ]

d_19_15=3.477683982020 s=[ 0 0 0 0 1 0 1 1 0 1 1 1 1 - - 1 1 0 1 1 0 0 1 0 0 0 ]

d_19_15=3.477683982020 s=[ 0 0 0 0 1 0 1 1 0 1 1 1 1 - - 1 1 1 0 0 1 0 1 0 0 0 ]

d_19_15=3.479704184040 s=[ 0 0 0 0 1 0 1 1 0 1 1 1 1 - - 1 1 0 1 1 0 0 1 0 0 0 ]

d_19_15=3.479704184040 s=[ 0 0 0 0 1 0 1 1 0 1 1 1 1 - - 1 1 1 0 0 1 0 1 0 0 0 ]

d_19_15=3.481724386061 s=[ 0 0 0 0 1 0 1 1 0 1 1 1 1 - - 1 1 0 1 1 0 0 1 0 0 0 ]

d_19_15=3.481724386061 s=[ 0 0 0 0 1 0 1 1 0 1 1 1 1 - - 1 1 1 0 0 1 0 1 0 0 0 ]

d_19_15=3.483744588081 s=[ 0 0 0 0 1 0 1 1 0 1 1 1 1 - - 1 1 0 1 1 0 0 1 0 0 0 ]

d_19_15=3.483744588081 s=[ 0 0 0 0 1 0 1 1 0 1 1 1 1 - - 1 1 1 0 0 1 0 1 0 0 0 ]

d_19_15=3.485764790101 s=[ 0 0 0 0 1 0 1 1 0 1 1 1 1 - - 1 1 0 1 1 0 0 1 0 0 0 ]

d_19_15=3.485764790101 s=[ 0 0 0 0 1 0 1 1 0 1 1 1 1 - - 1 1 1 0 0 1 0 1 0 0 0 ]

d_19_15=3.487784992121 s=[ 0 0 0 0 1 0 1 1 0 1 1 1 1 - - 1 1 0 1 1 0 0 1 0 0 0 ]

d_19_15=3.487784992121 s=[ 0 0 0 0 1 0 1 1 0 1 1 1 1 - - 1 1 1 0 0 1 0 1 0 0 0 ]

d_19_15=3.489805194141 s=[ 0 0 0 0 1 0 1 1 0 1 1 1 1 - - 1 1 0 1 1 0 0 1 0 0 0 ]

d_19_15=3.491825396162 s=[ 0 0 0 0 1 0 1 1 0 1 1 1 1 - - 1 1 0 1 1 0 0 1 0 0 0 ]

d_19_15=3.493845598182 s=[ 0 0 0 0 1 0 1 1 0 1 1 1 1 - - 1 1 0 1 1 0 0 1 0 0 0 ]

d_19_15=3.495865800202 s=[ 0 0 0 0 1 0 1 1 0 1 1 1 1 - - 1 1 0 1 1 0 0 1 0 0 0 ]

d_19_15=3.497886002222 s=[ 0 0 0 0 1 0 1 1 0 1 1 1 1 - - 1 1 0 1 1 0 0 1 0 0 0 ]

d_19_15=3.499906204242 s=[ 0 0 0 0 1 0 1 1 0 1 1 1 1 - - 1 1 0 1 1 0 0 1 0 0 0 ]

d_19_15=3.501926406263 s=[ 0 0 0 0 1 0 1 1 0 1 1 1 1 - - 1 1 0 1 1 0 0 1 0 0 0 ]

d_19_15=3.503946608283 s=[ 0 0 0 0 1 0 1 1 0 1 1 1 1 - - 1 1 0 1 1 0 0 1 0 0 0 ]

d_19_15=3.505966810303 s=[ 0 0 0 0 1 0 1 1 0 1 1 1 1 - - 1 1 0 1 1 0 0 1 0 0 0 ]

d_19_15=3.507987012323 s=[ 0 0 0 0 1 0 1 1 0 1 1 1 1 - - 1 1 0 1 1 0 0 1 0 0 0 ]

d_19_15=3.510007214343 s=[ 0 0 0 0 1 0 1 1 0 1 1 1 1 - - 1 1 0 1 1 0 0 1 0 0 0 ]

d_19_15=3.530209234545 s=[ 0 0 0 0 1 0 1 1 0 1 1 1 1 - + 0 1 0 1 1 0 1 0 1 1 1 ]

d_19_15=3.530209234545 s=[ 0 0 0 0 1 0 1 1 0 1 1 1 1 - + 0 1 1 0 0 1 1 1 0 0 0 ]

d_19_15=3.530209234545 s=[ 0 0 0 0 1 0 1 1 0 1 1 1 1 - - 1 0 0 1 1 0 0 0 0 0 0 ]

d_19_15=3.530209234545 s=[ 0 0 0 0 1 0 1 1 0 1 1 1 1 - - 1 0 1 0 0 1 0 0 0 0 0 ]

d_19_15=3.532229436566 s=[ 0 0 0 0 1 0 1 1 0 1 1 1 1 - + 0 1 0 1 1 0 1 0 1 1 1 ]

d_19_15=3.532229436566 s=[ 0 0 0 0 1 0 1 1 0 1 1 1 1 - + 0 1 1 0 0 1 1 1 0 0 0 ]

d_19_15=3.534249638586 s=[ 0 0 0 0 1 0 1 1 0 1 1 1 1 - + 0 1 0 1 1 0 1 1 0 0 0 ]

d_19_15=3.534249638586 s=[ 0 0 0 0 1 0 1 1 0 1 1 1 1 - + 0 1 1 0 0 1 1 0 1 1 1 ]

d_19_15=3.536269840606 s=[ 0 0 0 0 1 0 1 1 0 1 1 1 1 - + 0 1 1 0 0 1 1 0 1 1 1 ]

d_19_15=3.548391052727 s=[ 0 0 0 0 1 0 1 1 0 1 1 1 1 - + 1 1 0 1 1 0 0 1 0 0 0 ]

d_19_15=3.548391052727 s=[ 0 0 0 0 1 0 1 1 0 1 1 1 1 - + 1 1 1 0 0 1 0 1 0 0 0 ]

d_19_15=3.550411254747 s=[ 0 0 0 0 1 0 1 1 0 1 1 1 1 - + 1 0 1 0 0 1 1 0 0 0 0 ]

d_19_15=3.550411254747 s=[ 0 0 0 0 1 0 1 1 0 1 1 1 1 - + 1 1 1 0 0 1 0 1 0 0 0 ]

d_19_15=3.550411254747 s=[ 0 0 0 0 1 0 1 1 0 1 1 1 1 - - 1 0 0 1 1 0 0 0 1 1 1 ]

d_19_15=3.552431456768 s=[ 0 0 0 0 1 0 1 1 0 1 1 1 1 - + 1 0 0 1 1 0 1 0 0 0 0 ]

d_19_15=3.552431456768 s=[ 0 0 0 0 1 0 1 1 0 1 1 1 1 - + 1 1 0 1 1 0 1 0 1 1 1 ]

d_19_15=3.552431456768 s=[ 0 0 0 0 1 0 1 1 0 1 1 1 1 - - 1 0 0 1 1 0 0 0 1 1 1 ]

d_19_15=3.554451658788 s=[ 0 0 0 0 1 0 1 1 0 1 1 1 1 - + 1 1 0 1 1 0 1 0 1 1 1 ]

d_19_15=3.554451658788 s=[ 0 0 0 0 1 0 1 1 0 1 1 1 1 - - 1 0 0 1 1 0 0 0 1 1 1 ]

d_19_15=3.554451658788 s=[ 0 0 0 0 1 0 1 1 0 1 1 1 1 - - 1 0 1 0 0 1 0 0 1 1 1 ]

d_19_15=3.556471860808 s=[ 0 0 0 0 1 0 1 1 0 1 1 1 1 - + 1 1 0 1 1 0 1 0 1 1 1 ]

d_19_15=3.556471860808 s=[ 0 0 0 0 1 0 1 1 0 1 1 1 1 - + 1 1 1 0 0 1 1 0 1 1 1 ]

d_19_15=3.556471860808 s=[ 0 0 0 0 1 0 1 1 0 1 1 1 1 - - 1 0 1 0 0 1 0 0 1 1 1 ]

d_19_15=3.558492062828 s=[ 0 0 0 0 1 0 1 1 0 1 1 1 1 - + 1 1 1 0 0 1 1 0 1 1 1 ]

d_19_15=3.560512264848 s=[ 0 0 0 0 1 0 1 1 0 1 1 1 1 - + 1 1 1 0 0 1 1 0 1 1 1 ]

d_19_15=3.588795093131 s=[ 0 0 0 0 1 0 1 1 0 1 1 1 1 - + 0 0 0 1 1 0 0 1 0 0 0 ]

d_19_15=3.590815295152 s=[ 0 0 0 0 1 0 1 1 0 1 1 1 1 - + 0 0 0 1 1 0 0 1 0 0 0 ]

d_19_15=3.590815295152 s=[ 0 0 0 0 1 0 1 1 0 1 1 1 1 - + 0 0 1 0 0 1 0 1 0 0 0 ]

d_19_15=3.475663780000 s=[ 0 0 0 1 0 1 0 0 1 0 0 0 0 + + 0 0 0 1 1 0 1 0 1 1 1 ]

d_19_15=3.475663780000 s=[ 0 0 0 1 0 1 0 0 1 0 0 0 0 + + 0 0 1 0 0 1 1 0 1 1 1 ]

d_19_15=3.477683982020 s=[ 0 0 0 1 0 1 0 0 1 0 0 0 0 + + 0 0 0 1 1 0 1 0 1 1 1 ]

d_19_15=3.477683982020 s=[ 0 0 0 1 0 1 0 0 1 0 0 0 0 + + 0 0 1 0 0 1 1 0 1 1 1 ]

d_19_15=3.479704184040 s=[ 0 0 0 1 0 1 0 0 1 0 0 0 0 + + 0 0 0 1 1 0 1 0 1 1 1 ]

d_19_15=3.479704184040 s=[ 0 0 0 1 0 1 0 0 1 0 0 0 0 + + 0 0 1 0 0 1 1 0 1 1 1 ]

d_19_15=3.481724386061 s=[ 0 0 0 1 0 1 0 0 1 0 0 0 0 + + 0 0 0 1 1 0 1 0 1 1 1 ]

d_19_15=3.481724386061 s=[ 0 0 0 1 0 1 0 0 1 0 0 0 0 + + 0 0 1 0 0 1 1 0 1 1 1 ]

d_19_15=3.483744588081 s=[ 0 0 0 1 0 1 0 0 1 0 0 0 0 + + 0 0 0 1 1 0 1 0 1 1 1 ]

d_19_15=3.483744588081 s=[ 0 0 0 1 0 1 0 0 1 0 0 0 0 + + 0 0 1 0 0 1 1 0 1 1 1 ]

d_19_15=3.485764790101 s=[ 0 0 0 1 0 1 0 0 1 0 0 0 0 + + 0 0 0 1 1 0 1 0 1 1 1 ]

d_19_15=3.485764790101 s=[ 0 0 0 1 0 1 0 0 1 0 0 0 0 + + 0 0 1 0 0 1 1 0 1 1 1 ]

d_19_15=3.487784992121 s=[ 0 0 0 1 0 1 0 0 1 0 0 0 0 + + 0 0 0 1 1 0 1 0 1 1 1 ]

d_19_15=3.487784992121 s=[ 0 0 0 1 0 1 0 0 1 0 0 0 0 + + 0 0 1 0 0 1 1 0 1 1 1 ]

d_19_15=3.489805194141 s=[ 0 0 0 1 0 1 0 0 1 0 0 0 0 + + 0 0 1 0 0 1 1 0 1 1 1 ]

d_19_15=3.491825396162 s=[ 0 0 0 1 0 1 0 0 1 0 0 0 0 + + 0 0 1 0 0 1 1 0 1 1 1 ]

d_19_15=3.493845598182 s=[ 0 0 0 1 0 1 0 0 1 0 0 0 0 + + 0 0 1 0 0 1 1 0 1 1 1 ]

d_19_15=3.495865800202 s=[ 0 0 0 1 0 1 0 0 1 0 0 0 0 + + 0 0 1 0 0 1 1 0 1 1 1 ]

d_19_15=3.497886002222 s=[ 0 0 0 1 0 1 0 0 1 0 0 0 0 + + 0 0 1 0 0 1 1 0 1 1 1 ]

d_19_15=3.499906204242 s=[ 0 0 0 1 0 1 0 0 1 0 0 0 0 + + 0 0 1 0 0 1 1 0 1 1 1 ]

d_19_15=3.501926406263 s=[ 0 0 0 1 0 1 0 0 1 0 0 0 0 + + 0 0 1 0 0 1 1 0 1 1 1 ]

d_19_15=3.503946608283 s=[ 0 0 0 1 0 1 0 0 1 0 0 0 0 + + 0 0 1 0 0 1 1 0 1 1 1 ]

d_19_15=3.505966810303 s=[ 0 0 0 1 0 1 0 0 1 0 0 0 0 + + 0 0 1 0 0 1 1 0 1 1 1 ]

d_19_15=3.507987012323 s=[ 0 0 0 1 0 1 0 0 1 0 0 0 0 + + 0 0 1 0 0 1 1 0 1 1 1 ]

d_19_15=3.510007214343 s=[ 0 0 0 1 0 1 0 0 1 0 0 0 0 + + 0 0 1 0 0 1 1 0 1 1 1 ]

d_19_15=3.530209234545 s=[ 0 0 0 1 0 1 0 0 1 0 0 0 0 + + 0 1 0 1 1 0 1 1 1 1 1 ]

d_19_15=3.530209234545 s=[ 0 0 0 1 0 1 0 0 1 0 0 0 0 + + 0 1 1 0 0 1 1 1 1 1 1 ]

d_19_15=3.530209234545 s=[ 0 0 0 1 0 1 0 0 1 0 0 0 0 + - 1 0 0 1 1 0 0 0 1 1 1 ]

d_19_15=3.530209234545 s=[ 0 0 0 1 0 1 0 0 1 0 0 0 0 + - 1 0 1 0 0 1 0 1 0 0 0 ]

d_19_15=3.532229436566 s=[ 0 0 0 1 0 1 0 0 1 0 0 0 0 + - 1 0 0 1 1 0 0 0 1 1 1 ]

d_19_15=3.532229436566 s=[ 0 0 0 1 0 1 0 0 1 0 0 0 0 + - 1 0 1 0 0 1 0 1 0 0 0 ]

d_19_15=3.534249638586 s=[ 0 0 0 1 0 1 0 0 1 0 0 0 0 + - 1 0 0 1 1 0 0 1 0 0 0 ]

d_19_15=3.534249638586 s=[ 0 0 0 1 0 1 0 0 1 0 0 0 0 + - 1 0 1 0 0 1 0 0 1 1 1 ]

d_19_15=3.536269840606 s=[ 0 0 0 1 0 1 0 0 1 0 0 0 0 + - 1 0 0 1 1 0 0 1 0 0 0 ]

d_19_15=3.548391052727 s=[ 0 0 0 1 0 1 0 0 1 0 0 0 0 + - 0 0 0 1 1 0 1 0 1 1 1 ]

d_19_15=3.548391052727 s=[ 0 0 0 1 0 1 0 0 1 0 0 0 0 + - 0 0 1 0 0 1 1 0 1 1 1 ]

d_19_15=3.550411254747 s=[ 0 0 0 1 0 1 0 0 1 0 0 0 0 + + 0 1 1 0 0 1 1 1 0 0 0 ]

d_19_15=3.550411254747 s=[ 0 0 0 1 0 1 0 0 1 0 0 0 0 + - 0 0 0 1 1 0 1 0 1 1 1 ]

d_19_15=3.550411254747 s=[ 0 0 0 1 0 1 0 0 1 0 0 0 0 + - 0 1 0 1 1 0 0 1 1 1 1 ]

d_19_15=3.552431456768 s=[ 0 0 0 1 0 1 0 0 1 0 0 0 0 + + 0 1 1 0 0 1 1 1 0 0 0 ]

d_19_15=3.552431456768 s=[ 0 0 0 1 0 1 0 0 1 0 0 0 0 + - 0 0 1 0 0 1 0 1 0 0 0 ]

d_19_15=3.552431456768 s=[ 0 0 0 1 0 1 0 0 1 0 0 0 0 + - 0 1 1 0 0 1 0 1 1 1 1 ]

d_19_15=3.554451658788 s=[ 0 0 0 1 0 1 0 0 1 0 0 0 0 + + 0 1 0 1 1 0 1 1 0 0 0 ]

d_19_15=3.554451658788 s=[ 0 0 0 1 0 1 0 0 1 0 0 0 0 + + 0 1 1 0 0 1 1 1 0 0 0 ]

d_19_15=3.554451658788 s=[ 0 0 0 1 0 1 0 0 1 0 0 0 0 + - 0 0 1 0 0 1 0 1 0 0 0 ]

d_19_15=3.556471860808 s=[ 0 0 0 1 0 1 0 0 1 0 0 0 0 + + 0 1 0 1 1 0 1 1 0 0 0 ]

d_19_15=3.556471860808 s=[ 0 0 0 1 0 1 0 0 1 0 0 0 0 + - 0 0 0 1 1 0 0 1 0 0 0 ]

d_19_15=3.556471860808 s=[ 0 0 0 1 0 1 0 0 1 0 0 0 0 + - 0 0 1 0 0 1 0 1 0 0 0 ]

d_19_15=3.558492062828 s=[ 0 0 0 1 0 1 0 0 1 0 0 0 0 + - 0 0 0 1 1 0 0 1 0 0 0 ]

d_19_15=3.560512264848 s=[ 0 0 0 1 0 1 0 0 1 0 0 0 0 + - 0 0 0 1 1 0 0 1 0 0 0 ]

d_19_15=3.588795093131 s=[ 0 0 0 1 0 1 0 0 1 0 0 0 0 + - 1 1 1 0 0 1 1 0 1 1 1 ]

d_19_15=3.590815295152 s=[ 0 0 0 1 0 1 0 0 1 0 0 0 0 + - 1 1 0 1 1 0 1 0 1 1 1 ]

d_19_15=3.590815295152 s=[ 0 0 0 1 0 1 0 0 1 0 0 0 0 + - 1 1 1 0 0 1 1 0 1 1 1 ]

d_19_15=3.475663780000 s=[ 0 0 0 1 0 1 0 0 1 0 0 0 0 - + 0 0 0 1 1 0 1 0 1 1 1 ]

d_19_15=3.475663780000 s=[ 0 0 0 1 0 1 0 0 1 0 0 0 0 - + 0 0 1 0 0 1 1 0 1 1 1 ]

d_19_15=3.477683982020 s=[ 0 0 0 1 0 1 0 0 1 0 0 0 0 - + 0 0 0 1 1 0 1 0 1 1 1 ]

d_19_15=3.477683982020 s=[ 0 0 0 1 0 1 0 0 1 0 0 0 0 - + 0 0 1 0 0 1 1 0 1 1 1 ]

d_19_15=3.479704184040 s=[ 0 0 0 1 0 1 0 0 1 0 0 0 0 - + 0 0 0 1 1 0 1 0 1 1 1 ]

d_19_15=3.479704184040 s=[ 0 0 0 1 0 1 0 0 1 0 0 0 0 - + 0 0 1 0 0 1 1 0 1 1 1 ]

d_19_15=3.481724386061 s=[ 0 0 0 1 0 1 0 0 1 0 0 0 0 - + 0 0 0 1 1 0 1 0 1 1 1 ]

d_19_15=3.481724386061 s=[ 0 0 0 1 0 1 0 0 1 0 0 0 0 - + 0 0 1 0 0 1 1 0 1 1 1 ]

d_19_15=3.483744588081 s=[ 0 0 0 1 0 1 0 0 1 0 0 0 0 - + 0 0 0 1 1 0 1 0 1 1 1 ]

d_19_15=3.483744588081 s=[ 0 0 0 1 0 1 0 0 1 0 0 0 0 - + 0 0 1 0 0 1 1 0 1 1 1 ]

d_19_15=3.485764790101 s=[ 0 0 0 1 0 1 0 0 1 0 0 0 0 - + 0 0 0 1 1 0 1 0 1 1 1 ]

d_19_15=3.485764790101 s=[ 0 0 0 1 0 1 0 0 1 0 0 0 0 - + 0 0 1 0 0 1 1 0 1 1 1 ]

d_19_15=3.487784992121 s=[ 0 0 0 1 0 1 0 0 1 0 0 0 0 - + 0 0 0 1 1 0 1 0 1 1 1 ]

d_19_15=3.487784992121 s=[ 0 0 0 1 0 1 0 0 1 0 0 0 0 - + 0 0 1 0 0 1 1 0 1 1 1 ]

d_19_15=3.489805194141 s=[ 0 0 0 1 0 1 0 0 1 0 0 0 0 - + 0 0 1 0 0 1 1 0 1 1 1 ]

d_19_15=3.491825396162 s=[ 0 0 0 1 0 1 0 0 1 0 0 0 0 - + 0 0 1 0 0 1 1 0 1 1 1 ]

d_19_15=3.493845598182 s=[ 0 0 0 1 0 1 0 0 1 0 0 0 0 - + 0 0 1 0 0 1 1 0 1 1 1 ]

d_19_15=3.495865800202 s=[ 0 0 0 1 0 1 0 0 1 0 0 0 0 - + 0 0 1 0 0 1 1 0 1 1 1 ]

d_19_15=3.497886002222 s=[ 0 0 0 1 0 1 0 0 1 0 0 0 0 - + 0 0 1 0 0 1 1 0 1 1 1 ]

d_19_15=3.499906204242 s=[ 0 0 0 1 0 1 0 0 1 0 0 0 0 - + 0 0 1 0 0 1 1 0 1 1 1 ]

d_19_15=3.501926406263 s=[ 0 0 0 1 0 1 0 0 1 0 0 0 0 - + 0 0 1 0 0 1 1 0 1 1 1 ]

d_19_15=3.503946608283 s=[ 0 0 0 1 0 1 0 0 1 0 0 0 0 - + 0 0 1 0 0 1 1 0 1 1 1 ]

d_19_15=3.505966810303 s=[ 0 0 0 1 0 1 0 0 1 0 0 0 0 - + 0 0 1 0 0 1 1 0 1 1 1 ]

d_19_15=3.507987012323 s=[ 0 0 0 1 0 1 0 0 1 0 0 0 0 - + 0 0 1 0 0 1 1 0 1 1 1 ]

d_19_15=3.510007214343 s=[ 0 0 0 1 0 1 0 0 1 0 0 0 0 - + 0 0 1 0 0 1 1 0 1 1 1 ]

d_19_15=3.530209234545 s=[ 0 0 0 1 0 1 0 0 1 0 0 0 0 - + 0 1 0 1 1 0 1 1 1 1 1 ]

d_19_15=3.530209234545 s=[ 0 0 0 1 0 1 0 0 1 0 0 0 0 - + 0 1 1 0 0 1 1 1 1 1 1 ]

d_19_15=3.530209234545 s=[ 0 0 0 1 0 1 0 0 1 0 0 0 0 - - 1 0 0 1 1 0 0 0 1 1 1 ]

d_19_15=3.530209234545 s=[ 0 0 0 1 0 1 0 0 1 0 0 0 0 - - 1 0 1 0 0 1 0 1 0 0 0 ]

d_19_15=3.532229436566 s=[ 0 0 0 1 0 1 0 0 1 0 0 0 0 - - 1 0 0 1 1 0 0 0 1 1 1 ]

d_19_15=3.532229436566 s=[ 0 0 0 1 0 1 0 0 1 0 0 0 0 - - 1 0 1 0 0 1 0 1 0 0 0 ]

d_19_15=3.534249638586 s=[ 0 0 0 1 0 1 0 0 1 0 0 0 0 - - 1 0 0 1 1 0 0 1 0 0 0 ]

d_19_15=3.534249638586 s=[ 0 0 0 1 0 1 0 0 1 0 0 0 0 - - 1 0 1 0 0 1 0 0 1 1 1 ]

d_19_15=3.536269840606 s=[ 0 0 0 1 0 1 0 0 1 0 0 0 0 - - 1 0 0 1 1 0 0 1 0 0 0 ]

d_19_15=3.548391052727 s=[ 0 0 0 1 0 1 0 0 1 0 0 0 0 - - 0 0 0 1 1 0 1 0 1 1 1 ]

d_19_15=3.548391052727 s=[ 0 0 0 1 0 1 0 0 1 0 0 0 0 - - 0 0 1 0 0 1 1 0 1 1 1 ]

d_19_15=3.550411254747 s=[ 0 0 0 1 0 1 0 0 1 0 0 0 0 - + 0 1 1 0 0 1 1 1 0 0 0 ]

d_19_15=3.550411254747 s=[ 0 0 0 1 0 1 0 0 1 0 0 0 0 - - 0 0 0 1 1 0 1 0 1 1 1 ]

d_19_15=3.550411254747 s=[ 0 0 0 1 0 1 0 0 1 0 0 0 0 - - 0 1 0 1 1 0 0 1 1 1 1 ]

d_19_15=3.552431456768 s=[ 0 0 0 1 0 1 0 0 1 0 0 0 0 - + 0 1 1 0 0 1 1 1 0 0 0 ]

d_19_15=3.552431456768 s=[ 0 0 0 1 0 1 0 0 1 0 0 0 0 - - 0 0 1 0 0 1 0 1 0 0 0 ]

d_19_15=3.552431456768 s=[ 0 0 0 1 0 1 0 0 1 0 0 0 0 - - 0 1 1 0 0 1 0 1 1 1 1 ]

d_19_15=3.554451658788 s=[ 0 0 0 1 0 1 0 0 1 0 0 0 0 - + 0 1 0 1 1 0 1 1 0 0 0 ]

d_19_15=3.554451658788 s=[ 0 0 0 1 0 1 0 0 1 0 0 0 0 - + 0 1 1 0 0 1 1 1 0 0 0 ]

d_19_15=3.554451658788 s=[ 0 0 0 1 0 1 0 0 1 0 0 0 0 - - 0 0 1 0 0 1 0 1 0 0 0 ]

d_19_15=3.556471860808 s=[ 0 0 0 1 0 1 0 0 1 0 0 0 0 - + 0 1 0 1 1 0 1 1 0 0 0 ]

d_19_15=3.556471860808 s=[ 0 0 0 1 0 1 0 0 1 0 0 0 0 - - 0 0 0 1 1 0 0 1 0 0 0 ]

d_19_15=3.558492062828 s=[ 0 0 0 1 0 1 0 0 1 0 0 0 0 - - 0 0 0 1 1 0 0 1 0 0 0 ]

d_19_15=3.560512264848 s=[ 0 0 0 1 0 1 0 0 1 0 0 0 0 - - 0 0 0 1 1 0 0 1 0 0 0 ]

d_19_15=3.588795093131 s=[ 0 0 0 1 0 1 0 0 1 0 0 0 0 - - 1 1 1 0 0 1 1 0 1 1 1 ]

d_19_15=3.590815295152 s=[ 0 0 0 1 0 1 0 0 1 0 0 0 0 - - 1 1 0 1 1 0 1 0 1 1 1 ]

d_19_15=3.590815295152 s=[ 0 0 0 1 0 1 0 0 1 0 0 0 0 - - 1 1 1 0 0 1 1 0 1 1 1 ]

