order:    [ 1 13 14 0 25 24 23 22 21 20 18 17 16 19 15 12 7 8 11 10 9 6 2 5 4 3 ]
atoms:    [ CA CA C N C CA N C CA N C CA N H HA N CA C C CA N N C C CA N ]
residues: [ 0 4 4 0 7 7 7 6 6 6 5 5 5 5 4 4 2 2 3 3 3 2 0 1 1 1 ]

We use a different pair of symbles to represent the bits values which are associated with the HA and H of the discretized distance, and another one to represent the bits of other hydrogens.
For the HA and H from the discretized distance:
	"+" means 0
	"-" means 1
For any other hydrogens:
	">" means 0
	"<" means 1

d_19_15=3.475663780000 s=[ 0 0 0 0 1 0 1 1 0 1 1 1 1 + - 1 1 0 1 1 0 0 1 0 0 0 ] xyz12=( -3.185542, 5.167818, 26.826075 )

d_19_15=3.475663780000 s=[ 0 0 0 0 1 0 1 1 0 1 1 1 1 + - 1 1 1 0 0 1 0 1 0 0 0 ] xyz12=( -3.185542, 5.167818, 26.826075 )

d_19_15=3.497886002222 s=[ 0 0 0 0 1 0 1 1 0 1 1 1 1 + - 1 1 0 1 1 0 0 1 0 0 0 ] xyz12=( -3.182977, 5.189557, 26.743786 )

d_19_15=3.475663780000 s=[ 0 0 0 0 1 0 1 1 0 1 1 1 1 - - 1 1 0 1 1 0 0 1 0 0 0 ] xyz12=( -3.185534, 5.167858, 26.825908 )

d_19_15=3.475663780000 s=[ 0 0 0 0 1 0 1 1 0 1 1 1 1 - - 1 1 1 0 0 1 0 1 0 0 0 ] xyz12=( -3.185534, 5.167858, 26.825908 )

d_19_15=3.497886002222 s=[ 0 0 0 0 1 0 1 1 0 1 1 1 1 - - 1 1 0 1 1 0 0 1 0 0 0 ] xyz12=( -3.182974, 5.189607, 26.743616 )

d_19_15=3.475663780000 s=[ 0 0 0 1 0 1 0 0 1 0 0 0 0 + + 0 0 0 1 1 0 1 0 1 1 1 ] xyz12=( -4.684942, 7.009490, 27.889649 )

d_19_15=3.475663780000 s=[ 0 0 0 1 0 1 0 0 1 0 0 0 0 + + 0 0 1 0 0 1 1 0 1 1 1 ] xyz12=( -4.684942, 7.009490, 27.889649 )

d_19_15=3.497886002222 s=[ 0 0 0 1 0 1 0 0 1 0 0 0 0 + + 0 0 1 0 0 1 1 0 1 1 1 ] xyz12=( -4.705112, 7.059155, 27.823481 )

d_19_15=3.475663780000 s=[ 0 0 0 1 0 1 0 0 1 0 0 0 0 - + 0 0 0 1 1 0 1 0 1 1 1 ] xyz12=( -4.684899, 7.009387, 27.889779 )

d_19_15=3.475663780000 s=[ 0 0 0 1 0 1 0 0 1 0 0 0 0 - + 0 0 1 0 0 1 1 0 1 1 1 ] xyz12=( -4.684899, 7.009387, 27.889779 )

d_19_15=3.497886002222 s=[ 0 0 0 1 0 1 0 0 1 0 0 0 0 - + 0 0 1 0 0 1 1 0 1 1 1 ] xyz12=( -4.705073, 7.059055, 27.823623 )

