xyz8=( 2.291629 -9.618990 -14.123183 )
xyz8=( 2.292225 -9.618975 -14.122501 )
xyz8=( 2.292820 -9.618960 -14.121819 )
xyz8=( 0.149731 -10.045517 -14.002255 )
xyz8=( 0.149248 -10.045718 -14.001504 )
xyz8=( 0.148765 -10.045919 -14.000753 )
xyz8=( 0.148282 -10.046121 -14.000002 )
xyz8=( 0.147799 -10.046322 -13.999250 )
xyz8=( 0.147317 -10.046523 -13.998497 )
xyz8=( 0.146835 -10.046725 -13.997743 )
xyz8=( 0.146353 -10.046926 -13.996989 )
xyz8=( 0.145872 -10.047128 -13.996234 )
xyz8=( 0.145391 -10.047329 -13.995479 )
xyz8=( 0.144910 -10.047531 -13.994723 )
xyz8=( 0.144430 -10.047732 -13.993966 )
xyz8=( 0.143950 -10.047934 -13.993209 )
xyz8=( 0.143470 -10.048136 -13.992451 )
xyz8=( 0.142990 -10.048337 -13.991692 )
xyz8=( 0.142511 -10.048539 -13.990933 )
xyz8=( 0.142032 -10.048741 -13.990172 )
xyz8=( 1.530384 -10.087973 -11.894173 )
xyz8=( 1.531320 -10.087773 -11.894319 )
xyz8=( 1.532257 -10.087573 -11.894467 )
xyz8=( 1.533195 -10.087373 -11.894615 )
xyz8=( 1.534132 -10.087172 -11.894764 )
xyz8=( 1.535070 -10.086971 -11.894913 )
xyz8=( 1.536009 -10.086770 -11.895064 )
xyz8=( 1.536947 -10.086569 -11.895215 )
xyz8=( 1.537886 -10.086368 -11.895367 )
xyz8=( 1.538826 -10.086166 -11.895520 )
xyz8=( 1.539766 -10.085964 -11.895673 )
xyz8=( 1.540706 -10.085762 -11.895827 )
xyz8=( 1.541646 -10.085560 -11.895982 )
xyz8=( 1.542587 -10.085358 -11.896138 )
xyz8=( 1.543529 -10.085156 -11.896294 )
xyz8=( 1.544470 -10.084953 -11.896451 )
xyz8=( 1.545412 -10.084750 -11.896609 )
xyz8=( 1.546355 -10.084547 -11.896768 )
xyz8=( 1.547298 -10.084344 -11.896927 )
xyz8=( 1.548241 -10.084141 -11.897087 )
xyz8=( 1.549184 -10.083937 -11.897248 )
xyz8=( 1.550128 -10.083733 -11.897410 )
xyz8=( 1.551072 -10.083530 -11.897573 )
xyz8=( 1.552017 -10.083326 -11.897736 )
xyz8=( 1.552962 -10.083121 -11.897900 )
xyz8=( 1.553907 -10.082917 -11.898065 )
xyz8=( 1.554853 -10.082712 -11.898231 )
xyz8=( 1.555799 -10.082507 -11.898397 )
xyz8=( 1.556746 -10.082302 -11.898564 )
xyz8=( 1.557692 -10.082097 -11.898732 )
xyz8=( 1.558640 -10.081892 -11.898901 )
xyz8=( 1.559587 -10.081686 -11.899070 )
xyz8=( 1.560535 -10.081481 -11.899240 )
xyz8=( 1.561484 -10.081275 -11.899411 )
xyz8=( 1.562432 -10.081069 -11.899583 )
xyz8=( 1.563381 -10.080862 -11.899756 )
xyz8=( 1.564331 -10.080656 -11.899929 )
xyz8=( 1.565281 -10.080449 -11.900103 )
xyz8=( 1.566231 -10.080242 -11.900278 )
xyz8=( 1.567182 -10.080035 -11.900454 )
xyz8=( 1.568133 -10.079828 -11.900631 )
xyz8=( 1.569084 -10.079621 -11.900808 )
xyz8=( 1.570036 -10.079413 -11.900986 )
xyz8=( 1.570988 -10.079205 -11.901165 )
xyz8=( 1.571940 -10.078997 -11.901345 )
xyz8=( 1.572893 -10.078789 -11.901525 )
xyz8=( 1.573846 -10.078581 -11.901707 )
xyz8=( 1.574800 -10.078372 -11.901889 )
xyz8=( 1.575754 -10.078164 -11.902072 )
xyz8=( 1.576709 -10.077955 -11.902255 )
xyz8=( 1.577663 -10.077746 -11.902440 )
xyz8=( 1.578619 -10.077536 -11.902625 )
xyz8=( 1.579574 -10.077327 -11.902811 )
xyz8=( 1.580530 -10.077117 -11.902998 )
xyz8=( 1.581487 -10.076907 -11.903186 )
xyz8=( 1.582443 -10.076697 -11.903374 )
xyz8=( 1.583400 -10.076487 -11.903564 )
xyz8=( 1.584358 -10.076277 -11.903754 )
xyz8=( 1.585316 -10.076066 -11.903945 )
xyz8=( 1.586274 -10.075855 -11.904137 )
xyz8=( 1.587233 -10.075644 -11.904329 )
xyz8=( 1.588192 -10.075433 -11.904523 )
xyz8=( 1.589151 -10.075222 -11.904717 )
xyz8=( 1.590111 -10.075010 -11.904912 )
xyz8=( 1.591071 -10.074798 -11.905108 )
xyz8=( 1.592032 -10.074586 -11.905305 )
xyz8=( 1.592993 -10.074374 -11.905502 )
xyz8=( 1.593954 -10.074162 -11.905701 )
xyz8=( 1.594916 -10.073949 -11.905900 )
xyz8=( 1.595879 -10.073736 -11.906100 )
xyz8=( 1.596841 -10.073523 -11.906301 )
xyz8=( 1.597804 -10.073310 -11.906502 )
xyz8=( 1.598768 -10.073097 -11.906705 )
xyz8=( 1.599731 -10.072883 -11.906908 )
xyz8=( 1.600696 -10.072670 -11.907112 )
xyz8=( 1.601660 -10.072456 -11.907317 )
xyz8=( 1.602625 -10.072241 -11.907523 )
xyz8=( 1.603591 -10.072027 -11.907730 )
xyz8=( 1.604556 -10.071813 -11.907937 )
xyz8=( 1.605523 -10.071598 -11.908146 )
xyz8=( 1.606489 -10.071383 -11.908355 )
xyz8=( 1.607456 -10.071168 -11.908565 )
xyz8=( 1.608423 -10.070952 -11.908776 )
xyz8=( 1.609391 -10.070737 -11.908988 )
xyz8=( 1.610359 -10.070521 -11.909200 )
xyz8=( 1.611328 -10.070305 -11.909414 )
xyz8=( 1.612297 -10.070089 -11.909628 )
xyz8=( 1.613267 -10.069873 -11.909843 )
xyz8=( 2.457220 -9.621269 -13.889718 )
xyz8=( 2.457740 -9.621303 -13.888799 )
xyz8=( 2.458260 -9.621338 -13.887880 )
xyz8=( 2.458779 -9.621372 -13.886959 )
xyz8=( 2.459298 -9.621407 -13.886038 )
xyz8=( 2.459816 -9.621442 -13.885115 )
xyz8=( 2.460335 -9.621477 -13.884192 )
xyz8=( 2.460853 -9.621512 -13.883267 )
xyz8=( 2.461370 -9.621548 -13.882342 )
xyz8=( 2.461887 -9.621584 -13.881415 )
xyz8=( 2.462404 -9.621620 -13.880488 )
xyz8=( 2.462920 -9.621656 -13.879559 )
xyz8=( 2.463437 -9.621692 -13.878630 )
xyz8=( 0.016014 -10.110450 -13.730877 )
xyz8=( 0.015655 -10.110665 -13.729872 )
xyz8=( 0.015297 -10.110879 -13.728866 )
xyz8=( 0.014939 -10.111094 -13.727859 )
xyz8=( 0.014582 -10.111308 -13.726851 )
xyz8=( 0.014225 -10.111523 -13.725841 )
xyz8=( 0.013869 -10.111738 -13.724831 )
xyz8=( 0.013513 -10.111952 -13.723820 )
xyz8=( 0.013158 -10.112167 -13.722807 )
xyz8=( 0.012803 -10.112382 -13.721794 )
xyz8=( 0.012449 -10.112597 -13.720779 )
xyz8=( 0.012096 -10.112812 -13.719764 )
xyz8=( 0.011743 -10.113027 -13.718747 )
xyz8=( 0.011390 -10.113242 -13.717729 )
xyz8=( 0.011038 -10.113457 -13.716710 )
xyz8=( 1.729672 -10.043067 -11.941388 )
xyz8=( 0.010687 -10.113672 -13.715690 )
xyz8=( 1.730694 -10.042824 -11.941716 )
xyz8=( 0.010336 -10.113887 -13.714669 )
xyz8=( 1.731717 -10.042581 -11.942046 )
xyz8=( 0.009986 -10.114103 -13.713647 )
xyz8=( 1.732740 -10.042337 -11.942377 )
xyz8=( 0.009636 -10.114318 -13.712624 )
xyz8=( 1.733763 -10.042094 -11.942708 )
xyz8=( 0.009287 -10.114533 -13.711600 )
xyz8=( 1.734788 -10.041850 -11.943041 )
xyz8=( 0.008939 -10.114749 -13.710575 )
xyz8=( 1.735812 -10.041606 -11.943375 )
xyz8=( 0.008591 -10.114964 -13.709548 )
xyz8=( 1.736838 -10.041361 -11.943710 )
xyz8=( 0.008243 -10.115180 -13.708521 )
xyz8=( 1.737863 -10.041117 -11.944046 )
xyz8=( 0.007896 -10.115395 -13.707492 )
xyz8=( 1.738889 -10.040872 -11.944384 )
xyz8=( 0.007550 -10.115611 -13.706462 )
xyz8=( 1.739916 -10.040626 -11.944722 )
xyz8=( 0.007204 -10.115827 -13.705431 )
xyz8=( 1.740943 -10.040381 -11.945061 )
xyz8=( 0.006859 -10.116043 -13.704399 )
xyz8=( 1.741971 -10.040135 -11.945402 )
xyz8=( 0.006514 -10.116258 -13.703366 )
xyz8=( 1.742999 -10.039889 -11.945744 )
xyz8=( 0.006170 -10.116474 -13.702332 )
xyz8=( 1.744028 -10.039643 -11.946086 )
xyz8=( 0.005827 -10.116690 -13.701297 )
xyz8=( 1.025682 -10.181774 -11.911848 )
xyz8=( 1.745057 -10.039397 -11.946430 )
xyz8=( 0.005484 -10.116906 -13.700261 )
xyz8=( 1.024609 -10.181943 -11.912092 )
xyz8=( 1.746087 -10.039150 -11.946775 )
xyz8=( 0.005142 -10.117122 -13.699223 )
xyz8=( 1.023535 -10.182113 -11.912337 )
xyz8=( 1.747117 -10.038903 -11.947122 )
xyz8=( 0.004800 -10.117338 -13.698184 )
xyz8=( 1.022460 -10.182282 -11.912583 )
xyz8=( 1.748148 -10.038656 -11.947469 )
xyz8=( 0.004459 -10.117554 -13.697145 )
xyz8=( 2.496201 -9.624543 -13.815906 )
xyz8=( 1.021385 -10.182452 -11.912830 )
xyz8=( 1.749179 -10.038408 -11.947817 )
xyz8=( 0.004118 -10.117770 -13.696104 )
xyz8=( 2.496692 -9.624595 -13.814904 )
xyz8=( 1.020308 -10.182621 -11.913078 )
xyz8=( 1.750211 -10.038161 -11.948167 )
xyz8=( 0.003778 -10.117987 -13.695062 )
xyz8=( 2.497183 -9.624647 -13.813900 )
xyz8=( 1.019232 -10.182791 -11.913327 )
xyz8=( 1.751243 -10.037913 -11.948517 )
xyz8=( 0.003439 -10.118203 -13.694019 )
xyz8=( 2.497674 -9.624699 -13.812896 )
xyz8=( 1.018154 -10.182960 -11.913578 )
xyz8=( 1.752276 -10.037664 -11.948869 )
xyz8=( 0.003100 -10.118419 -13.692974 )
xyz8=( 2.498164 -9.624751 -13.811890 )
xyz8=( 1.017076 -10.183129 -11.913829 )
xyz8=( 1.753310 -10.037416 -11.949222 )
xyz8=( 0.002761 -10.118636 -13.691929 )
xyz8=( 2.498654 -9.624804 -13.810884 )
xyz8=( 1.015997 -10.183299 -11.914082 )
xyz8=( 1.754344 -10.037167 -11.949576 )
xyz8=( 0.002424 -10.118852 -13.690882 )
xyz8=( 2.499143 -9.624857 -13.809876 )
xyz8=( 1.014918 -10.183468 -11.914335 )
xyz8=( 1.755378 -10.036918 -11.949931 )
xyz8=( 0.002086 -10.119068 -13.689835 )
xyz8=( 2.499632 -9.624910 -13.808867 )
xyz8=( 1.013838 -10.183637 -11.914590 )
xyz8=( 1.756413 -10.036669 -11.950288 )
xyz8=( 0.001750 -10.119285 -13.688786 )
xyz8=( 2.500120 -9.624964 -13.807856 )
xyz8=( 1.012757 -10.183806 -11.914846 )
xyz8=( 1.757448 -10.036419 -11.950645 )
xyz8=( 0.001414 -10.119502 -13.687736 )
xyz8=( 2.500608 -9.625017 -13.806845 )
xyz8=( 1.011676 -10.183976 -11.915103 )
xyz8=( 1.758484 -10.036169 -11.951004 )
xyz8=( 0.001079 -10.119718 -13.686685 )
xyz8=( 2.501096 -9.625071 -13.805832 )
xyz8=( 1.010593 -10.184145 -11.915360 )
xyz8=( 1.759521 -10.035919 -11.951364 )
xyz8=( 2.501583 -9.625125 -13.804818 )
xyz8=( 1.009510 -10.184314 -11.915620 )
xyz8=( 1.760558 -10.035668 -11.951725 )
xyz8=( 2.502070 -9.625180 -13.803803 )
xyz8=( 1.008427 -10.184483 -11.915880 )
xyz8=( 1.761595 -10.035418 -11.952087 )
xyz8=( 2.502556 -9.625235 -13.802786 )
xyz8=( 1.007343 -10.184652 -11.916141 )
xyz8=( 1.762633 -10.035167 -11.952450 )
xyz8=( 2.503042 -9.625289 -13.801769 )
xyz8=( 1.006258 -10.184821 -11.916403 )
xyz8=( 1.763672 -10.034916 -11.952815 )
xyz8=( 2.503528 -9.625345 -13.800750 )
xyz8=( 1.005172 -10.184990 -11.916667 )
xyz8=( 1.764711 -10.034664 -11.953180 )
xyz8=( 2.504013 -9.625400 -13.799730 )
xyz8=( 1.004085 -10.185159 -11.916931 )
xyz8=( 1.765751 -10.034412 -11.953547 )
xyz8=( 2.504497 -9.625456 -13.798709 )
xyz8=( 1.002998 -10.185328 -11.917197 )
xyz8=( 1.766791 -10.034160 -11.953915 )
xyz8=( 2.504982 -9.625512 -13.797686 )
xyz8=( 1.001911 -10.185497 -11.917464 )
xyz8=( 1.767832 -10.033908 -11.954284 )
xyz8=( 2.505465 -9.625568 -13.796663 )
xyz8=( 1.000822 -10.185666 -11.917732 )
xyz8=( 1.768873 -10.033655 -11.954654 )
xyz8=( 2.505949 -9.625625 -13.795638 )
xyz8=( 0.999733 -10.185835 -11.918001 )
xyz8=( 1.769915 -10.033403 -11.955026 )
xyz8=( 2.506432 -9.625681 -13.794612 )
xyz8=( 0.998643 -10.186004 -11.918271 )
xyz8=( 1.770957 -10.033149 -11.955399 )
xyz8=( 2.506914 -9.625738 -13.793584 )
xyz8=( 0.997552 -10.186173 -11.918542 )
xyz8=( 1.772000 -10.032896 -11.955772 )
xyz8=( 2.507397 -9.625796 -13.792556 )
xyz8=( 0.996461 -10.186342 -11.918815 )
xyz8=( 1.773043 -10.032642 -11.956147 )
xyz8=( 2.507878 -9.625853 -13.791526 )
xyz8=( 0.995369 -10.186511 -11.919088 )
xyz8=( 1.774087 -10.032388 -11.956524 )
xyz8=( 2.508359 -9.625911 -13.790495 )
xyz8=( 0.994276 -10.186679 -11.919363 )
xyz8=( 1.775132 -10.032134 -11.956901 )
xyz8=( 2.508840 -9.625969 -13.789462 )
xyz8=( 0.993183 -10.186848 -11.919639 )
xyz8=( 1.776177 -10.031880 -11.957280 )
xyz8=( 0.992089 -10.187017 -11.919916 )
xyz8=( 1.777222 -10.031625 -11.957660 )
xyz8=( 0.990994 -10.187185 -11.920194 )
xyz8=( 1.778269 -10.031370 -11.958041 )
xyz8=( 0.989898 -10.187354 -11.920473 )
xyz8=( 1.779315 -10.031114 -11.958423 )
xyz8=( 0.988802 -10.187523 -11.920754 )
xyz8=( 1.780362 -10.030859 -11.958806 )
xyz8=( 0.987705 -10.187691 -11.921035 )
xyz8=( 1.781410 -10.030603 -11.959191 )
xyz8=( 0.986607 -10.187860 -11.921318 )
xyz8=( 1.782459 -10.030347 -11.959577 )
xyz8=( 0.985508 -10.188028 -11.921602 )
xyz8=( 1.783507 -10.030090 -11.959964 )
xyz8=( 0.984409 -10.188197 -11.921887 )
xyz8=( 1.784557 -10.029833 -11.960352 )
xyz8=( 0.983309 -10.188365 -11.922173 )
xyz8=( 1.785607 -10.029576 -11.960742 )
xyz8=( 0.982208 -10.188534 -11.922461 )
xyz8=( 1.786657 -10.029319 -11.961133 )
xyz8=( 0.981107 -10.188702 -11.922749 )
xyz8=( 1.787708 -10.029062 -11.961525 )
xyz8=( 0.980005 -10.188871 -11.923039 )
xyz8=( 1.788760 -10.028804 -11.961918 )
xyz8=( 0.978902 -10.189039 -11.923330 )
xyz8=( 1.789812 -10.028545 -11.962313 )
xyz8=( 0.977798 -10.189207 -11.923622 )
xyz8=( 1.790865 -10.028287 -11.962708 )
xyz8=( 0.976694 -10.189376 -11.923915 )
xyz8=( 1.791918 -10.028028 -11.963105 )
xyz8=( 0.975588 -10.189544 -11.924209 )
xyz8=( 1.792972 -10.027769 -11.963504 )
xyz8=( 0.974483 -10.189712 -11.924505 )
xyz8=( 1.794027 -10.027510 -11.963903 )
xyz8=( 0.973376 -10.189880 -11.924802 )
xyz8=( 1.795082 -10.027250 -11.964304 )
xyz8=( 0.972269 -10.190048 -11.925100 )
xyz8=( 1.796137 -10.026990 -11.964706 )
xyz8=( 0.971160 -10.190217 -11.925399 )
xyz8=( 1.797193 -10.026730 -11.965109 )
xyz8=( 0.970052 -10.190385 -11.925700 )
xyz8=( 1.798250 -10.026470 -11.965514 )
xyz8=( 0.968942 -10.190553 -11.926001 )
xyz8=( 1.799307 -10.026209 -11.965919 )
xyz8=( 0.967831 -10.190721 -11.926304 )
xyz8=( 1.800365 -10.025948 -11.966326 )
xyz8=( 0.966720 -10.190889 -11.926608 )
xyz8=( 1.801424 -10.025686 -11.966735 )
xyz8=( 0.965608 -10.191057 -11.926913 )
xyz8=( 1.802483 -10.025425 -11.967144 )
xyz8=( 0.964496 -10.191225 -11.927220 )
xyz8=( 1.803542 -10.025163 -11.967555 )
xyz8=( 0.963382 -10.191393 -11.927527 )
xyz8=( 1.804602 -10.024900 -11.967968 )
xyz8=( 0.962268 -10.191561 -11.927836 )
xyz8=( 1.805663 -10.024638 -11.968381 )
xyz8=( 0.961153 -10.191728 -11.928147 )
xyz8=( 1.806724 -10.024375 -11.968796 )
xyz8=( 0.960037 -10.191896 -11.928458 )
xyz8=( 1.807786 -10.024112 -11.969212 )
xyz8=( 0.958921 -10.192064 -11.928771 )
xyz8=( 1.808849 -10.023848 -11.969629 )
xyz8=( 0.957804 -10.192232 -11.929084 )
xyz8=( 1.809912 -10.023585 -11.970048 )
xyz8=( 1.810976 -10.023321 -11.970468 )
xyz8=( 1.812040 -10.023056 -11.970889 )
xyz8=( 1.813105 -10.022791 -11.971312 )
xyz8=( 1.814170 -10.022526 -11.971735 )
xyz8=( 1.815236 -10.022261 -11.972161 )
xyz8=( 1.985192 -9.977816 -12.054769 )
xyz8=( 1.986371 -9.977492 -12.055453 )
xyz8=( 1.987551 -9.977167 -12.056139 )
xyz8=( 1.988732 -9.976841 -12.056827 )
xyz8=( 1.989914 -9.976515 -12.057518 )
xyz8=( 1.991097 -9.976189 -12.058210 )
xyz8=( 1.992281 -9.975862 -12.058905 )
xyz8=( 1.993466 -9.975535 -12.059602 )
xyz8=( 1.994651 -9.975207 -12.060302 )
xyz8=( 1.995838 -9.974878 -12.061003 )
xyz8=( 1.997026 -9.974549 -12.061707 )
xyz8=( 1.998214 -9.974220 -12.062413 )
xyz8=( 1.999404 -9.973890 -12.063122 )
xyz8=( 2.000595 -9.973559 -12.063833 )
xyz8=( 2.001786 -9.973228 -12.064546 )
xyz8=( 2.002979 -9.972897 -12.065261 )
xyz8=( 2.004172 -9.972564 -12.065979 )
xyz8=( 2.005367 -9.972232 -12.066699 )
xyz8=( 2.006563 -9.971899 -12.067421 )
xyz8=( 2.007759 -9.971565 -12.068146 )
xyz8=( 2.008957 -9.971231 -12.068873 )
xyz8=( 2.010156 -9.970896 -12.069603 )
xyz8=( 2.011355 -9.970561 -12.070335 )
xyz8=( 2.012556 -9.970225 -12.071069 )
xyz8=( 2.013758 -9.969888 -12.071806 )
xyz8=( 2.014961 -9.969551 -12.072545 )
xyz8=( 2.016164 -9.969214 -12.073287 )
xyz8=( 2.017369 -9.968876 -12.074031 )
xyz8=( 2.018575 -9.968537 -12.074778 )
xyz8=( 2.019782 -9.968198 -12.075527 )
xyz8=( 2.020990 -9.967858 -12.076278 )
xyz8=( 2.022199 -9.967518 -12.077033 )
xyz8=( 2.023409 -9.967177 -12.077789 )
xyz8=( 2.024621 -9.966835 -12.078548 )
xyz8=( 2.025833 -9.966493 -12.079310 )
xyz8=( 2.027046 -9.966151 -12.080074 )
xyz8=( 2.028261 -9.965807 -12.080841 )
xyz8=( 2.029476 -9.965464 -12.081610 )
xyz8=( 2.030693 -9.965119 -12.082382 )
xyz8=( 2.031911 -9.964774 -12.083156 )
xyz8=( 2.033129 -9.964429 -12.083933 )
xyz8=( 2.034349 -9.964083 -12.084713 )
xyz8=( 2.035571 -9.963736 -12.085495 )
xyz8=( 2.036793 -9.963388 -12.086280 )
xyz8=( 2.038016 -9.963041 -12.087068 )
xyz8=( 2.039240 -9.962692 -12.087858 )
xyz8=( 2.040466 -9.962343 -12.088651 )
xyz8=( 2.041693 -9.961993 -12.089447 )
xyz8=( 2.042921 -9.961643 -12.090245 )
xyz8=( 2.044150 -9.961292 -12.091046 )
xyz8=( 2.045380 -9.960940 -12.091850 )
xyz8=( 2.046611 -9.960588 -12.092657 )
xyz8=( 2.047844 -9.960235 -12.093466 )
xyz8=( 2.049077 -9.959882 -12.094278 )
xyz8=( 2.050312 -9.959528 -12.095093 )
xyz8=( 2.051548 -9.959173 -12.095911 )
xyz8=( 2.052786 -9.958817 -12.096731 )
xyz8=( 2.054024 -9.958461 -12.097554 )
xyz8=( 2.055264 -9.958105 -12.098381 )
xyz8=( 2.056504 -9.957748 -12.099210 )
xyz8=( 2.057746 -9.957390 -12.100042 )
xyz8=( 2.058990 -9.957031 -12.100876 )
xyz8=( 2.060234 -9.956672 -12.101714 )
xyz8=( 2.061480 -9.956312 -12.102555 )
xyz8=( 2.061480 -9.956312 -12.102555 )
xyz8=( 2.062727 -9.955951 -12.103398 )
xyz8=( 2.062727 -9.955951 -12.103398 )
xyz8=( 2.612106 -9.651915 -13.474963 )
xyz8=( 0.685748 -10.228365 -12.037989 )
xyz8=( 2.063975 -9.955590 -12.104245 )
xyz8=( 2.063975 -9.955590 -12.104245 )
xyz8=( 2.612409 -9.652076 -13.473448 )
xyz8=( 0.684382 -10.228521 -12.038713 )
xyz8=( 0.684382 -10.228521 -12.038713 )
xyz8=( 2.065225 -9.955228 -12.105094 )
xyz8=( 2.612712 -9.652239 -13.471930 )
xyz8=( 0.683014 -10.228677 -12.039440 )
xyz8=( 0.683014 -10.228677 -12.039440 )
xyz8=( 2.066475 -9.954866 -12.105947 )
xyz8=( 2.613014 -9.652402 -13.470409 )
xyz8=( 0.681645 -10.228832 -12.040169 )
xyz8=( 0.681645 -10.228832 -12.040169 )
xyz8=( 2.067727 -9.954502 -12.106802 )
xyz8=( 2.613314 -9.652566 -13.468885 )
xyz8=( 0.680274 -10.228988 -12.040902 )
xyz8=( 0.680274 -10.228988 -12.040902 )
xyz8=( 2.068981 -9.954138 -12.107661 )
xyz8=( 2.613614 -9.652731 -13.467358 )
xyz8=( 0.678901 -10.229143 -12.041637 )
xyz8=( 0.678901 -10.229143 -12.041637 )
xyz8=( 2.070235 -9.953774 -12.108522 )
xyz8=( 2.613912 -9.652896 -13.465828 )
xyz8=( 0.677527 -10.229298 -12.042375 )
xyz8=( 0.677527 -10.229298 -12.042375 )
xyz8=( 2.071491 -9.953408 -12.109387 )
xyz8=( 2.614209 -9.653062 -13.464294 )
xyz8=( 0.676151 -10.229454 -12.043116 )
xyz8=( 0.676151 -10.229454 -12.043116 )
xyz8=( 2.072748 -9.953042 -12.110255 )
xyz8=( 2.614505 -9.653229 -13.462758 )
xyz8=( 0.674773 -10.229609 -12.043860 )
xyz8=( 0.674773 -10.229609 -12.043860 )
xyz8=( 2.074006 -9.952676 -12.111125 )
xyz8=( 2.614799 -9.653396 -13.461218 )
xyz8=( 0.673393 -10.229764 -12.044607 )
xyz8=( 0.673393 -10.229764 -12.044607 )
xyz8=( 2.075266 -9.952308 -12.111999 )
xyz8=( 2.615092 -9.653564 -13.459675 )
xyz8=( 0.672012 -10.229919 -12.045357 )
xyz8=( 0.672012 -10.229919 -12.045357 )
xyz8=( 2.076527 -9.951940 -12.112876 )
xyz8=( 2.615385 -9.653733 -13.458129 )
xyz8=( 0.670629 -10.230073 -12.046110 )
xyz8=( 0.670629 -10.230073 -12.046110 )
xyz8=( 2.077789 -9.951571 -12.113756 )
xyz8=( 2.615676 -9.653902 -13.456580 )
xyz8=( 0.669244 -10.230228 -12.046865 )
xyz8=( 0.669244 -10.230228 -12.046865 )
xyz8=( 2.079053 -9.951202 -12.114639 )
xyz8=( 2.615965 -9.654072 -13.455027 )
xyz8=( 0.667857 -10.230383 -12.047624 )
xyz8=( 0.667857 -10.230383 -12.047624 )
xyz8=( 2.080318 -9.950832 -12.115526 )
xyz8=( 2.616254 -9.654243 -13.453472 )
xyz8=( 0.666469 -10.230537 -12.048386 )
xyz8=( 0.666469 -10.230537 -12.048386 )
xyz8=( 2.081584 -9.950461 -12.116415 )
xyz8=( 2.616541 -9.654414 -13.451913 )
xyz8=( 0.665078 -10.230691 -12.049151 )
xyz8=( 0.665078 -10.230691 -12.049151 )
xyz8=( 2.082852 -9.950089 -12.117308 )
xyz8=( 2.616827 -9.654587 -13.450351 )
xyz8=( 0.663686 -10.230846 -12.049919 )
xyz8=( 0.663686 -10.230846 -12.049919 )
xyz8=( 2.084121 -9.949717 -12.118204 )
xyz8=( 2.617112 -9.654759 -13.448785 )
xyz8=( 0.662292 -10.231000 -12.050690 )
xyz8=( 0.662292 -10.231000 -12.050690 )
xyz8=( 2.085391 -9.949344 -12.119103 )
xyz8=( 2.617395 -9.654933 -13.447217 )
xyz8=( 0.660896 -10.231154 -12.051465 )
xyz8=( 0.660896 -10.231154 -12.051465 )
xyz8=( 2.086663 -9.948970 -12.120006 )
xyz8=( 2.617678 -9.655107 -13.445645 )
xyz8=( 0.659499 -10.231308 -12.052242 )
xyz8=( 0.659499 -10.231308 -12.052242 )
xyz8=( 2.087936 -9.948595 -12.120911 )
xyz8=( 2.617959 -9.655283 -13.444069 )
xyz8=( 0.658099 -10.231462 -12.053023 )
xyz8=( 0.658099 -10.231462 -12.053023 )
xyz8=( 2.089211 -9.948220 -12.121820 )
xyz8=( 2.618238 -9.655458 -13.442490 )
xyz8=( 0.656698 -10.231616 -12.053806 )
xyz8=( 0.656698 -10.231616 -12.053806 )
xyz8=( 2.090486 -9.947844 -12.122733 )
xyz8=( 2.618517 -9.655635 -13.440908 )
xyz8=( 0.655294 -10.231769 -12.054593 )
xyz8=( 0.655294 -10.231769 -12.054593 )
xyz8=( 2.091764 -9.947467 -12.123648 )
xyz8=( 2.618794 -9.655812 -13.439323 )
xyz8=( 0.653889 -10.231923 -12.055383 )
xyz8=( 0.653889 -10.231923 -12.055383 )
xyz8=( 2.093042 -9.947089 -12.124567 )
xyz8=( 2.619070 -9.655990 -13.437734 )
xyz8=( 0.652482 -10.232077 -12.056176 )
xyz8=( 0.652482 -10.232077 -12.056176 )
xyz8=( 2.094322 -9.946711 -12.125490 )
xyz8=( 2.619344 -9.656169 -13.436141 )
xyz8=( 0.651073 -10.232230 -12.056973 )
xyz8=( 0.651073 -10.232230 -12.056973 )
xyz8=( 2.095604 -9.946332 -12.126416 )
xyz8=( 2.619617 -9.656349 -13.434546 )
xyz8=( 0.649662 -10.232383 -12.057772 )
xyz8=( 0.649662 -10.232383 -12.057772 )
xyz8=( 2.096887 -9.945952 -12.127345 )
xyz8=( 2.619889 -9.656529 -13.432946 )
xyz8=( 0.648250 -10.232536 -12.058575 )
xyz8=( 0.648250 -10.232536 -12.058575 )
xyz8=( 2.098171 -9.945571 -12.128277 )
xyz8=( 2.620160 -9.656710 -13.431343 )
xyz8=( 0.646835 -10.232689 -12.059382 )
xyz8=( 0.646835 -10.232689 -12.059382 )
xyz8=( 2.099457 -9.945190 -12.129214 )
xyz8=( 2.620429 -9.656892 -13.429737 )
xyz8=( 0.645418 -10.232842 -12.060191 )
xyz8=( 0.645418 -10.232842 -12.060191 )
xyz8=( 2.100744 -9.944808 -12.130153 )
xyz8=( 2.620697 -9.657074 -13.428127 )
xyz8=( 0.644000 -10.232995 -12.061004 )
xyz8=( 0.644000 -10.232995 -12.061004 )
xyz8=( 2.102033 -9.944425 -12.131096 )
xyz8=( 2.620963 -9.657258 -13.426514 )
xyz8=( 0.642579 -10.233148 -12.061820 )
xyz8=( 0.642579 -10.233148 -12.061820 )
xyz8=( 2.103323 -9.944041 -12.132043 )
xyz8=( 2.621228 -9.657442 -13.424897 )
xyz8=( 0.641156 -10.233301 -12.062640 )
xyz8=( 0.641156 -10.233301 -12.062640 )
xyz8=( 2.104615 -9.943656 -12.132993 )
xyz8=( 2.621492 -9.657627 -13.423276 )
xyz8=( 0.639732 -10.233453 -12.063463 )
xyz8=( 0.639732 -10.233453 -12.063463 )
xyz8=( 2.105908 -9.943271 -12.133946 )
xyz8=( 2.621754 -9.657813 -13.421652 )
xyz8=( 0.638305 -10.233606 -12.064289 )
xyz8=( 0.638305 -10.233606 -12.064289 )
xyz8=( 2.107202 -9.942885 -12.134904 )
xyz8=( 2.622015 -9.657999 -13.420024 )
xyz8=( 0.636876 -10.233758 -12.065119 )
xyz8=( 0.636876 -10.233758 -12.065119 )
xyz8=( 2.108498 -9.942498 -12.135864 )
xyz8=( 2.622275 -9.658186 -13.418393 )
xyz8=( 0.635446 -10.233910 -12.065952 )
xyz8=( 0.635446 -10.233910 -12.065952 )
xyz8=( 2.109796 -9.942110 -12.136829 )
xyz8=( 2.622533 -9.658375 -13.416757 )
xyz8=( 0.634013 -10.234062 -12.066789 )
xyz8=( 0.634013 -10.234062 -12.066789 )
xyz8=( 2.111095 -9.941722 -12.137797 )
xyz8=( 2.622790 -9.658563 -13.415118 )
xyz8=( 0.632578 -10.234214 -12.067629 )
xyz8=( 0.632578 -10.234214 -12.067629 )
xyz8=( 2.112396 -9.941332 -12.138769 )
xyz8=( 2.623045 -9.658753 -13.413476 )
xyz8=( 0.631141 -10.234366 -12.068473 )
xyz8=( 0.631141 -10.234366 -12.068473 )
xyz8=( 2.113698 -9.940942 -12.139744 )
xyz8=( 2.623299 -9.658944 -13.411829 )
xyz8=( 0.629702 -10.234518 -12.069320 )
xyz8=( 0.629702 -10.234518 -12.069320 )
xyz8=( 2.115002 -9.940551 -12.140723 )
xyz8=( 2.623551 -9.659135 -13.410179 )
xyz8=( 0.628261 -10.234669 -12.070171 )
xyz8=( 0.628261 -10.234669 -12.070171 )
xyz8=( 2.116307 -9.940159 -12.141706 )
xyz8=( 2.623802 -9.659327 -13.408525 )
xyz8=( 0.626818 -10.234821 -12.071026 )
xyz8=( 0.626818 -10.234821 -12.071026 )
xyz8=( 2.117614 -9.939766 -12.142693 )
xyz8=( 2.624052 -9.659521 -13.406867 )
xyz8=( 0.625373 -10.234972 -12.071884 )
xyz8=( 0.625373 -10.234972 -12.071884 )
xyz8=( 2.118923 -9.939372 -12.143683 )
xyz8=( 2.624300 -9.659714 -13.405206 )
xyz8=( 0.623926 -10.235123 -12.072745 )
xyz8=( 0.623926 -10.235123 -12.072745 )
xyz8=( 2.120233 -9.938978 -12.144677 )
xyz8=( 2.624546 -9.659909 -13.403540 )
xyz8=( 0.622476 -10.235275 -12.073611 )
xyz8=( 0.622476 -10.235275 -12.073611 )
xyz8=( 2.121544 -9.938583 -12.145675 )
xyz8=( 2.624791 -9.660105 -13.401871 )
xyz8=( 0.621024 -10.235426 -12.074480 )
xyz8=( 2.122858 -9.938186 -12.146677 )
xyz8=( 2.625035 -9.660301 -13.400197 )
xyz8=( 0.619570 -10.235577 -12.075352 )
xyz8=( 2.124172 -9.937789 -12.147683 )
xyz8=( 2.625277 -9.660499 -13.398520 )
xyz8=( 0.618114 -10.235727 -12.076229 )
xyz8=( 2.125489 -9.937391 -12.148693 )
xyz8=( 2.625517 -9.660697 -13.396838 )
xyz8=( 0.616656 -10.235878 -12.077109 )
xyz8=( 2.126807 -9.936992 -12.149706 )
xyz8=( 2.625756 -9.660896 -13.395153 )
xyz8=( 0.615195 -10.236028 -12.077993 )
xyz8=( 2.128127 -9.936593 -12.150724 )
xyz8=( 2.625993 -9.661096 -13.393464 )
xyz8=( 0.613733 -10.236179 -12.078880 )
xyz8=( 2.626229 -9.661297 -13.391770 )
xyz8=( 0.612268 -10.236329 -12.079772 )
xyz8=( 2.626464 -9.661498 -13.390073 )
xyz8=( 0.610800 -10.236479 -12.080667 )
xyz8=( 2.626696 -9.661701 -13.388371 )
xyz8=( 0.609331 -10.236629 -12.081567 )
xyz8=( 2.626927 -9.661905 -13.386665 )
xyz8=( 0.607859 -10.236779 -12.082470 )
xyz8=( 2.627157 -9.662109 -13.384956 )
xyz8=( 0.606385 -10.236929 -12.083377 )
xyz8=( 2.627385 -9.662314 -13.383241 )
xyz8=( 0.604909 -10.237079 -12.084288 )
xyz8=( 2.627611 -9.662521 -13.381523 )
xyz8=( 0.603430 -10.237228 -12.085203 )
xyz8=( 2.627835 -9.662728 -13.379801 )
xyz8=( 0.601949 -10.237377 -12.086122 )
xyz8=( 2.628058 -9.662936 -13.378074 )
xyz8=( 0.600465 -10.237527 -12.087045 )
xyz8=( 2.628280 -9.663145 -13.376342 )
xyz8=( 2.628499 -9.663355 -13.374607 )
xyz8=( 2.628717 -9.663566 -13.372867 )
xyz8=( 2.628933 -9.663778 -13.371123 )
xyz8=( 2.629148 -9.663991 -13.369374 )
xyz8=( 2.629361 -9.664205 -13.367621 )
xyz8=( 2.629572 -9.664420 -13.365863 )
xyz8=( 2.629781 -9.664636 -13.364101 )
xyz8=( 2.629989 -9.664853 -13.362334 )
xyz8=( 2.630194 -9.665071 -13.360563 )
xyz8=( 2.630398 -9.665290 -13.358787 )
xyz8=( 2.630601 -9.665509 -13.357006 )
xyz8=( 2.630801 -9.665730 -13.355221 )
xyz8=( 2.631000 -9.665952 -13.353431 )
xyz8=( 2.631196 -9.666175 -13.351636 )
xyz8=( 2.631391 -9.666400 -13.349836 )
xyz8=( 2.631584 -9.666625 -13.348032 )
xyz8=( 2.631775 -9.666851 -13.346223 )
xyz8=( 2.631964 -9.667078 -13.344408 )
xyz8=( 2.632152 -9.667307 -13.342589 )
xyz8=( 2.632337 -9.667536 -13.340765 )
xyz8=( 2.632520 -9.667767 -13.338936 )
xyz8=( 2.632702 -9.667998 -13.337101 )
xyz8=( 2.632881 -9.668231 -13.335262 )
xyz8=( 2.633059 -9.668465 -13.333418 )
xyz8=( 2.633234 -9.668700 -13.331568 )
xyz8=( 2.633408 -9.668936 -13.329713 )
xyz8=( 2.633579 -9.669174 -13.327853 )
xyz8=( 2.633748 -9.669412 -13.325987 )
xyz8=( 2.633916 -9.669652 -13.324116 )
xyz8=( 2.634081 -9.669893 -13.322240 )
xyz8=( 2.634244 -9.670135 -13.320358 )
xyz8=( 2.634405 -9.670378 -13.318471 )
xyz8=( 2.634564 -9.670623 -13.316579 )
xyz8=( 2.634720 -9.670868 -13.314680 )
xyz8=( 2.634875 -9.671115 -13.312776 )
xyz8=( 2.635027 -9.671363 -13.310867 )
xyz8=( 2.635177 -9.671613 -13.308951 )
xyz8=( 2.635325 -9.671864 -13.307030 )
xyz8=( 2.635470 -9.672116 -13.305103 )
xyz8=( 2.635613 -9.672369 -13.303171 )
xyz8=( 2.635754 -9.672623 -13.301232 )
xyz8=( 2.635893 -9.672879 -13.299287 )
xyz8=( 2.636029 -9.673137 -13.297336 )
xyz8=( 2.636163 -9.673395 -13.295380 )
xyz8=( 2.636294 -9.673655 -13.293417 )
xyz8=( 2.636423 -9.673916 -13.291448 )
xyz8=( 2.636550 -9.674179 -13.289472 )
xyz8=( 2.636674 -9.674443 -13.287490 )
xyz8=( 2.636796 -9.674708 -13.285502 )
xyz8=( 2.636915 -9.674975 -13.283508 )
xyz8=( 2.637031 -9.675243 -13.281507 )
xyz8=( 2.637145 -9.675513 -13.279499 )
xyz8=( 2.637257 -9.675784 -13.277485 )
xyz8=( 2.637366 -9.676057 -13.275464 )
xyz8=( 2.637472 -9.676331 -13.273437 )
xyz8=( 2.637576 -9.676607 -13.271402 )
xyz8=( 2.637677 -9.676884 -13.269361 )
xyz8=( 2.637775 -9.677162 -13.267313 )
xyz8=( 2.637870 -9.677443 -13.265258 )
xyz8=( 2.637963 -9.677724 -13.263196 )
xyz8=( 2.638053 -9.678008 -13.261126 )
xyz8=( 2.638140 -9.678292 -13.259050 )
xyz8=( 2.638224 -9.678579 -13.256966 )
xyz8=( 2.638305 -9.678867 -13.254874 )
xyz8=( 2.638384 -9.679157 -13.252775 )
xyz8=( 2.638459 -9.679448 -13.250669 )
xyz8=( 2.638532 -9.679741 -13.248555 )
xyz8=( 2.638601 -9.680036 -13.246434 )
xyz8=( 2.638668 -9.680333 -13.244304 )
xyz8=( 2.638731 -9.680631 -13.242167 )
xyz8=( 2.638791 -9.680931 -13.240022 )
xyz8=( 2.638848 -9.681232 -13.237869 )
xyz8=( 2.638902 -9.681536 -13.235707 )
xyz8=( 2.638953 -9.681841 -13.233538 )
xyz8=( 2.639000 -9.682148 -13.231360 )
xyz8=( 2.639044 -9.682457 -13.229174 )
xyz8=( 2.639085 -9.682768 -13.226979 )
xyz8=( 2.639122 -9.683081 -13.224776 )
xyz8=( 2.639156 -9.683396 -13.222564 )
xyz8=( 2.639187 -9.683712 -13.220343 )
xyz8=( 2.639214 -9.684031 -13.218113 )
xyz8=( 2.639238 -9.684352 -13.215874 )
xyz8=( 2.639257 -9.684674 -13.213627 )
xyz8=( 2.639274 -9.684999 -13.211369 )
xyz8=( 2.639286 -9.685325 -13.209103 )
xyz8=( 2.639295 -9.685654 -13.206827 )
xyz8=( 2.639300 -9.685985 -13.204542 )
xyz8=( 2.639302 -9.686318 -13.202247 )
xyz8=( 2.269427 -9.891236 -12.277294 )
xyz8=( 2.639299 -9.686653 -13.199942 )
xyz8=( 2.270999 -9.890699 -12.278926 )
xyz8=( 2.639293 -9.686990 -13.197627 )
xyz8=( 2.272575 -9.890160 -12.280569 )
xyz8=( 2.639282 -9.687330 -13.195302 )
xyz8=( 2.274155 -9.889618 -12.282221 )
xyz8=( 2.639268 -9.687672 -13.192967 )
xyz8=( 2.275739 -9.889074 -12.283884 )
xyz8=( 2.639250 -9.688016 -13.190621 )
xyz8=( 2.277327 -9.888528 -12.285557 )
xyz8=( 2.639227 -9.688362 -13.188265 )
xyz8=( 2.278920 -9.887980 -12.287240 )
xyz8=( 2.639200 -9.688711 -13.185898 )
xyz8=( 2.280517 -9.887429 -12.288934 )
xyz8=( 2.639169 -9.689062 -13.183521 )
xyz8=( 2.282118 -9.886875 -12.290639 )
xyz8=( 2.639134 -9.689416 -13.181133 )
xyz8=( 2.283724 -9.886320 -12.292354 )
xyz8=( 2.639094 -9.689771 -13.178733 )
xyz8=( 2.285334 -9.885762 -12.294081 )
xyz8=( 2.639050 -9.690130 -13.176323 )
xyz8=( 2.286949 -9.885201 -12.295819 )
xyz8=( 2.639001 -9.690491 -13.173901 )
xyz8=( 2.288568 -9.884638 -12.297568 )
xyz8=( 2.638948 -9.690854 -13.171467 )
xyz8=( 2.290192 -9.884072 -12.299328 )
xyz8=( 2.638890 -9.691220 -13.169022 )
xyz8=( 2.291821 -9.883504 -12.301101 )
xyz8=( 2.638828 -9.691589 -13.166565 )
xyz8=( 2.293454 -9.882933 -12.302885 )
xyz8=( 2.638760 -9.691960 -13.164096 )
xyz8=( 2.295093 -9.882359 -12.304681 )
xyz8=( 2.638688 -9.692334 -13.161614 )
xyz8=( 2.296736 -9.881783 -12.306489 )
xyz8=( 2.638611 -9.692711 -13.159120 )
xyz8=( 2.298385 -9.881204 -12.308310 )
xyz8=( 2.638529 -9.693091 -13.156614 )
xyz8=( 2.300038 -9.880622 -12.310143 )
xyz8=( 2.638442 -9.693473 -13.154095 )
xyz8=( 2.301697 -9.880037 -12.311989 )
xyz8=( 2.638350 -9.693859 -13.151562 )
xyz8=( 2.303360 -9.879450 -12.313848 )
xyz8=( 2.638253 -9.694247 -13.149017 )
xyz8=( 2.305030 -9.878859 -12.315720 )
xyz8=( 2.638150 -9.694638 -13.146458 )
xyz8=( 2.306704 -9.878266 -12.317606 )
xyz8=( 2.638042 -9.695032 -13.143885 )
xyz8=( 2.308384 -9.877669 -12.319505 )
xyz8=( 2.637928 -9.695429 -13.141299 )
xyz8=( 2.310070 -9.877070 -12.321418 )
xyz8=( 2.637809 -9.695830 -13.138698 )
xyz8=( 2.311761 -9.876467 -12.323345 )
xyz8=( 2.637684 -9.696233 -13.136083 )
xyz8=( 2.313458 -9.875861 -12.325286 )
xyz8=( 2.637554 -9.696640 -13.133454 )
xyz8=( 2.315161 -9.875252 -12.327242 )
xyz8=( 2.637417 -9.697050 -13.130810 )
xyz8=( 2.316870 -9.874639 -12.329213 )
xyz8=( 2.637275 -9.697463 -13.128150 )
xyz8=( 2.318585 -9.874024 -12.331198 )
xyz8=( 2.637126 -9.697880 -13.125476 )
xyz8=( 2.320307 -9.873404 -12.333199 )
xyz8=( 2.636972 -9.698300 -13.122785 )
xyz8=( 2.322034 -9.872782 -12.335216 )
xyz8=( 2.636811 -9.698724 -13.120079 )
xyz8=( 2.323768 -9.872156 -12.337248 )
xyz8=( 2.636643 -9.699151 -13.117357 )
xyz8=( 2.325509 -9.871526 -12.339297 )
xyz8=( 2.636469 -9.699582 -13.114618 )
xyz8=( 2.327256 -9.870892 -12.341362 )
xyz8=( 2.636289 -9.700016 -13.111862 )
xyz8=( 2.636101 -9.700455 -13.109089 )
xyz8=( 2.635907 -9.700897 -13.106299 )
xyz8=( 2.635706 -9.701343 -13.103491 )
xyz8=( 2.635497 -9.701793 -13.100664 )
xyz8=( 2.635281 -9.702247 -13.097819 )
xyz8=( 2.635058 -9.702706 -13.094956 )
xyz8=( 2.634827 -9.703169 -13.092073 )
xyz8=( 2.634588 -9.703636 -13.089170 )
xyz8=( 2.634342 -9.704107 -13.086248 )
xyz8=( 2.634087 -9.704583 -13.083304 )
xyz8=( 0.021386 -10.244330 -12.801724 )
xyz8=( 0.023116 -10.244686 -12.796993 )
xyz8=( 0.024901 -10.245046 -12.792166 )
xyz8=( 0.026745 -10.245410 -12.787234 )
xyz8=( 0.028653 -10.245778 -12.782191 )
xyz8=( 2.451293 -9.821951 -12.515328 )
xyz8=( 0.030630 -10.246150 -12.777027 )
xyz8=( 2.454128 -9.820716 -12.520102 )
xyz8=( 0.032680 -10.246527 -12.771735 )
xyz8=( 2.457021 -9.819449 -12.525025 )
xyz8=( 0.034810 -10.246909 -12.766301 )
xyz8=( 2.459979 -9.818146 -12.530107 )
xyz8=( 0.037027 -10.247297 -12.760715 )
xyz8=( 2.463006 -9.816805 -12.535364 )
xyz8=( 0.039340 -10.247691 -12.754962 )
xyz8=( 2.466111 -9.815421 -12.540815 )
xyz8=( 0.041758 -10.248091 -12.749023 )
xyz8=( 2.469302 -9.813989 -12.546480 )
xyz8=( 0.044293 -10.248499 -12.742881 )
xyz8=( 2.472589 -9.812504 -12.552384 )
xyz8=( 0.046958 -10.248916 -12.736510 )
xyz8=( 2.475983 -9.810960 -12.558558 )
xyz8=( 0.049769 -10.249341 -12.729881 )
xyz8=( 2.479501 -9.809347 -12.565040 )
xyz8=( 0.052749 -10.249777 -12.722959 )
xyz8=( 2.483160 -9.807656 -12.571877 )
xyz8=( 0.055921 -10.250226 -12.715697 )
xyz8=( 2.486986 -9.805872 -12.579129 )
xyz8=( 0.059320 -10.250689 -12.708039 )
xyz8=( 0.062989 -10.251169 -12.699906 )
xyz8=( 0.165533 -10.258677 -12.513344 )
xyz8=( 0.157093 -10.258387 -12.526439 )
xyz8=( 0.146281 -10.257946 -12.543693 )
xyz8=( 0.121628 -10.256621 -12.585242 )
xyz8=( 0.121628 -10.256621 -12.585242 )
xyz8=( 0.043834 -10.248426 -12.743986 )
xyz8=( 0.044181 -10.248481 -12.743151 )
xyz8=( 0.044528 -10.248536 -12.742316 )
xyz8=( 1.112533 -9.775909 -14.593009 )
xyz8=( 1.113425 -9.775725 -14.593102 )
xyz8=( 1.114317 -9.775541 -14.593195 )
xyz8=( 1.115209 -9.775358 -14.593287 )
xyz8=( 1.116102 -9.775174 -14.593379 )
xyz8=( 1.116995 -9.774990 -14.593470 )
xyz8=( 1.117889 -9.774806 -14.593561 )
xyz8=( 1.118783 -9.774623 -14.593651 )
xyz8=( 1.119677 -9.774439 -14.593740 )
xyz8=( 1.120572 -9.774255 -14.593829 )
xyz8=( 1.121468 -9.774071 -14.593917 )
xyz8=( 1.122364 -9.773887 -14.594005 )
xyz8=( 1.123260 -9.773704 -14.594092 )
xyz8=( 1.124157 -9.773520 -14.594179 )
xyz8=( 1.125054 -9.773336 -14.594265 )
xyz8=( 1.125952 -9.773152 -14.594350 )
xyz8=( 1.126850 -9.772968 -14.594435 )
xyz8=( 2.389685 -9.847348 -12.421421 )
xyz8=( 2.389134 -9.847565 -12.420655 )
xyz8=( 2.388581 -9.847782 -12.419888 )
xyz8=( 2.388028 -9.847999 -12.419122 )
xyz8=( 2.387474 -9.848216 -12.418355 )
xyz8=( 2.386919 -9.848433 -12.417589 )
xyz8=( 2.386363 -9.848650 -12.416822 )
xyz8=( 2.385806 -9.848868 -12.416056 )
xyz8=( 2.385249 -9.849086 -12.415290 )
xyz8=( 2.384690 -9.849304 -12.414523 )
xyz8=( 2.384131 -9.849522 -12.413757 )
xyz8=( 2.383571 -9.849740 -12.412991 )
xyz8=( 2.383010 -9.849958 -12.412224 )
xyz8=( 2.382449 -9.850177 -12.411458 )
xyz8=( 2.381886 -9.850395 -12.410692 )
xyz8=( 2.381323 -9.850614 -12.409925 )
xyz8=( 2.380759 -9.850833 -12.409159 )
xyz8=( 2.380193 -9.851052 -12.408393 )
xyz8=( 2.379628 -9.851272 -12.407627 )
xyz8=( 2.379061 -9.851491 -12.406860 )
xyz8=( 2.378493 -9.851711 -12.406094 )
xyz8=( 2.377925 -9.851930 -12.405328 )
xyz8=( 2.377355 -9.852150 -12.404562 )
xyz8=( 2.376785 -9.852371 -12.403796 )
xyz8=( 2.376214 -9.852591 -12.403029 )
xyz8=( 2.375642 -9.852811 -12.402263 )
xyz8=( 2.375069 -9.853032 -12.401497 )
xyz8=( 2.374496 -9.853253 -12.400731 )
xyz8=( 2.373921 -9.853474 -12.399965 )
xyz8=( 2.373346 -9.853695 -12.399199 )
xyz8=( 2.372770 -9.853916 -12.398433 )
xyz8=( 2.372192 -9.854137 -12.397667 )
xyz8=( 2.371614 -9.854359 -12.396901 )
xyz8=( 2.371036 -9.854581 -12.396135 )
xyz8=( 2.370456 -9.854803 -12.395369 )
xyz8=( 2.369875 -9.855025 -12.394603 )
xyz8=( 2.369294 -9.855247 -12.393837 )
xyz8=( 2.368711 -9.855469 -12.393071 )
xyz8=( 2.368128 -9.855692 -12.392305 )
xyz8=( 2.367544 -9.855915 -12.391539 )
xyz8=( 2.366959 -9.856137 -12.390773 )
xyz8=( 2.366373 -9.856361 -12.390007 )
xyz8=( 2.365787 -9.856584 -12.389241 )
xyz8=( 2.365199 -9.856807 -12.388475 )
xyz8=( 2.364610 -9.857031 -12.387710 )
xyz8=( 2.364021 -9.857254 -12.386944 )
xyz8=( 2.363431 -9.857478 -12.386178 )
xyz8=( 2.362840 -9.857702 -12.385412 )
xyz8=( 2.362247 -9.857927 -12.384646 )
xyz8=( 2.361655 -9.858151 -12.383881 )
xyz8=( 2.361061 -9.858376 -12.383115 )
xyz8=( 2.360466 -9.858600 -12.382349 )
xyz8=( 2.359870 -9.858825 -12.381584 )
xyz8=( 2.359274 -9.859050 -12.380818 )
xyz8=( 2.358676 -9.859276 -12.380052 )
xyz8=( 2.358078 -9.859501 -12.379287 )
xyz8=( 2.357479 -9.859727 -12.378521 )
xyz8=( 2.356879 -9.859952 -12.377756 )
xyz8=( 2.356277 -9.860178 -12.376990 )
xyz8=( 2.355675 -9.860404 -12.376224 )
xyz8=( 2.355073 -9.860631 -12.375459 )
xyz8=( 2.354469 -9.860857 -12.374693 )
xyz8=( 2.353864 -9.861084 -12.373928 )
xyz8=( 2.353258 -9.861310 -12.373162 )
xyz8=( 2.352652 -9.861537 -12.372397 )
xyz8=( 2.352045 -9.861764 -12.371632 )
xyz8=( 2.351436 -9.861992 -12.370866 )
xyz8=( 2.350827 -9.862219 -12.370101 )
xyz8=( 2.350217 -9.862447 -12.369335 )
xyz8=( 2.349606 -9.862675 -12.368570 )
xyz8=( 2.348993 -9.862903 -12.367805 )
xyz8=( 2.348381 -9.863131 -12.367039 )
xyz8=( 2.347767 -9.863359 -12.366274 )
xyz8=( 2.347152 -9.863588 -12.365509 )
xyz8=( 2.346536 -9.863816 -12.364744 )
xyz8=( 2.345919 -9.864045 -12.363978 )
xyz8=( 2.345302 -9.864274 -12.363213 )
xyz8=( 2.344683 -9.864503 -12.362448 )
xyz8=( 2.344064 -9.864733 -12.361683 )
xyz8=( 2.343443 -9.864962 -12.360918 )
xyz8=( 2.342822 -9.865192 -12.360153 )
xyz8=( 2.342200 -9.865422 -12.359387 )
xyz8=( 2.341576 -9.865652 -12.358622 )
xyz8=( 2.340952 -9.865882 -12.357857 )
xyz8=( 2.340327 -9.866113 -12.357092 )
xyz8=( 2.339701 -9.866343 -12.356327 )
xyz8=( 2.339074 -9.866574 -12.355562 )
xyz8=( 2.338446 -9.866805 -12.354797 )
xyz8=( 0.179590 -10.259061 -12.492214 )
xyz8=( 0.180183 -10.259074 -12.491341 )
xyz8=( 0.180777 -10.259088 -12.490467 )
xyz8=( 0.181372 -10.259101 -12.489593 )
xyz8=( 0.181968 -10.259114 -12.488719 )
xyz8=( 0.182566 -10.259127 -12.487845 )
xyz8=( 0.183164 -10.259140 -12.486970 )
xyz8=( 0.183763 -10.259152 -12.486096 )
xyz8=( 0.184364 -10.259164 -12.485221 )
xyz8=( 0.184965 -10.259177 -12.484346 )
xyz8=( 0.185568 -10.259189 -12.483472 )
xyz8=( 0.186172 -10.259200 -12.482596 )
xyz8=( 0.186776 -10.259212 -12.481721 )
xyz8=( 1.416528 -9.718273 -14.590201 )
xyz8=( 1.417593 -9.718088 -14.590070 )
xyz8=( 1.418658 -9.717904 -14.589937 )
xyz8=( 1.419724 -9.717720 -14.589804 )
xyz8=( 1.420791 -9.717536 -14.589670 )
xyz8=( 1.421859 -9.717352 -14.589534 )
xyz8=( 1.422927 -9.717167 -14.589398 )
xyz8=( 1.423996 -9.716983 -14.589261 )
xyz8=( 1.425065 -9.716799 -14.589123 )
xyz8=( 1.426136 -9.716615 -14.588983 )
xyz8=( 1.427207 -9.716431 -14.588843 )
xyz8=( 1.428279 -9.716246 -14.588702 )
xyz8=( 1.429351 -9.716062 -14.588560 )
xyz8=( 1.430425 -9.715878 -14.588417 )
xyz8=( 1.431499 -9.715694 -14.588273 )
xyz8=( 1.432573 -9.715510 -14.588129 )
xyz8=( 2.257906 -9.895148 -12.265501 )
xyz8=( 1.433649 -9.715326 -14.587983 )
xyz8=( 2.257153 -9.895403 -12.264740 )
xyz8=( 1.434725 -9.715141 -14.587836 )
xyz8=( 2.256398 -9.895657 -12.263979 )
xyz8=( 1.435802 -9.714957 -14.587688 )
xyz8=( 2.255642 -9.895912 -12.263218 )
xyz8=( 1.436880 -9.714773 -14.587539 )
xyz8=( 2.254885 -9.896167 -12.262457 )
xyz8=( 1.437958 -9.714589 -14.587389 )
xyz8=( 2.254127 -9.896422 -12.261696 )
xyz8=( 1.439037 -9.714405 -14.587238 )
xyz8=( 2.253367 -9.896678 -12.260935 )
xyz8=( 1.440117 -9.714221 -14.587087 )
xyz8=( 2.252606 -9.896934 -12.260174 )
xyz8=( 1.441197 -9.714037 -14.586934 )
xyz8=( 2.251844 -9.897190 -12.259414 )
xyz8=( 1.442279 -9.713852 -14.586780 )
xyz8=( 2.251081 -9.897446 -12.258653 )
xyz8=( 1.443361 -9.713668 -14.586625 )
xyz8=( 2.250316 -9.897702 -12.257892 )
xyz8=( 1.444444 -9.713484 -14.586470 )
xyz8=( 2.249551 -9.897959 -12.257132 )
xyz8=( 1.445527 -9.713300 -14.586313 )
xyz8=( 2.248784 -9.898216 -12.256371 )
xyz8=( 1.446611 -9.713116 -14.586155 )
xyz8=( 2.248016 -9.898473 -12.255611 )
xyz8=( 1.447697 -9.712932 -14.585996 )
xyz8=( 2.247246 -9.898730 -12.254850 )
xyz8=( 1.448782 -9.712748 -14.585836 )
xyz8=( 2.246476 -9.898987 -12.254090 )
xyz8=( 2.599983 -9.740932 -12.877804 )
xyz8=( 1.449869 -9.712564 -14.585676 )
xyz8=( 2.245704 -9.899245 -12.253329 )
xyz8=( 2.600244 -9.740727 -12.878867 )
xyz8=( 1.450956 -9.712379 -14.585514 )
xyz8=( 2.244931 -9.899503 -12.252569 )
xyz8=( 2.600505 -9.740523 -12.879931 )
xyz8=( 1.452044 -9.712195 -14.585351 )
xyz8=( 2.244157 -9.899761 -12.251809 )
xyz8=( 2.600766 -9.740319 -12.880996 )
xyz8=( 1.453133 -9.712011 -14.585187 )
xyz8=( 2.243381 -9.900020 -12.251049 )
xyz8=( 2.601025 -9.740114 -12.882063 )
xyz8=( 0.228504 -10.259553 -12.424497 )
xyz8=( 1.454222 -9.711827 -14.585022 )
xyz8=( 2.242604 -9.900279 -12.250288 )
xyz8=( 2.601284 -9.739910 -12.883130 )
xyz8=( 0.229185 -10.259552 -12.423611 )
xyz8=( 1.455313 -9.711643 -14.584857 )
xyz8=( 2.241826 -9.900538 -12.249528 )
xyz8=( 2.601543 -9.739705 -12.884198 )
xyz8=( 0.229867 -10.259550 -12.422725 )
xyz8=( 1.456404 -9.711459 -14.584690 )
xyz8=( 2.241047 -9.900797 -12.248768 )
xyz8=( 2.601801 -9.739501 -12.885268 )
xyz8=( 0.230550 -10.259548 -12.421839 )
xyz8=( 1.457496 -9.711275 -14.584522 )
xyz8=( 2.240267 -9.901056 -12.248008 )
xyz8=( 2.602058 -9.739296 -12.886339 )
xyz8=( 0.231235 -10.259546 -12.420953 )
xyz8=( 1.458588 -9.711091 -14.584353 )
xyz8=( 2.239485 -9.901316 -12.247248 )
xyz8=( 2.602314 -9.739092 -12.887410 )
xyz8=( 0.231921 -10.259544 -12.420067 )
xyz8=( 1.459682 -9.710907 -14.584183 )
xyz8=( 2.238702 -9.901576 -12.246488 )
xyz8=( 2.602570 -9.738887 -12.888483 )
xyz8=( 0.232608 -10.259541 -12.419180 )
xyz8=( 1.460776 -9.710723 -14.584012 )
xyz8=( 2.237917 -9.901836 -12.245728 )
xyz8=( 2.602825 -9.738683 -12.889557 )
xyz8=( 0.233297 -10.259539 -12.418294 )
xyz8=( 1.461871 -9.710539 -14.583840 )
xyz8=( 2.237132 -9.902096 -12.244968 )
xyz8=( 2.603079 -9.738478 -12.890632 )
xyz8=( 0.233987 -10.259536 -12.417407 )
xyz8=( 1.462966 -9.710354 -14.583667 )
xyz8=( 2.236345 -9.902357 -12.244209 )
xyz8=( 2.603333 -9.738273 -12.891708 )
xyz8=( 0.234678 -10.259532 -12.416520 )
xyz8=( 2.235557 -9.902617 -12.243449 )
xyz8=( 2.603586 -9.738069 -12.892786 )
xyz8=( 0.235370 -10.259529 -12.415632 )
xyz8=( 2.234768 -9.902878 -12.242689 )
xyz8=( 2.603838 -9.737864 -12.893864 )
xyz8=( 0.236063 -10.259526 -12.414745 )
xyz8=( 2.233977 -9.903140 -12.241930 )
xyz8=( 2.604090 -9.737659 -12.894943 )
xyz8=( 0.236758 -10.259522 -12.413858 )
xyz8=( 2.233185 -9.903401 -12.241170 )
xyz8=( 2.604341 -9.737454 -12.896024 )
xyz8=( 0.237454 -10.259518 -12.412970 )
xyz8=( 2.232392 -9.903663 -12.240411 )
xyz8=( 2.604591 -9.737249 -12.897106 )
xyz8=( 0.238152 -10.259513 -12.412082 )
xyz8=( 2.231597 -9.903925 -12.239651 )
xyz8=( 2.604841 -9.737044 -12.898188 )
xyz8=( 0.238850 -10.259509 -12.411194 )
xyz8=( 2.230801 -9.904187 -12.238892 )
xyz8=( 2.605090 -9.736840 -12.899272 )
xyz8=( 0.239550 -10.259504 -12.410306 )
xyz8=( 2.230004 -9.904449 -12.238132 )
xyz8=( 2.605338 -9.736635 -12.900357 )
xyz8=( 0.240252 -10.259499 -12.409418 )
xyz8=( 2.229206 -9.904712 -12.237373 )
xyz8=( 2.605586 -9.736430 -12.901443 )
xyz8=( 0.240954 -10.259494 -12.408529 )
xyz8=( 2.228406 -9.904975 -12.236614 )
xyz8=( 2.605832 -9.736225 -12.902531 )
xyz8=( 0.241658 -10.259489 -12.407640 )
xyz8=( 2.227605 -9.905238 -12.235854 )
xyz8=( 2.606079 -9.736020 -12.903619 )
xyz8=( 0.242363 -10.259483 -12.406751 )
xyz8=( 2.226803 -9.905502 -12.235095 )
xyz8=( 2.606324 -9.735815 -12.904709 )
xyz8=( 0.243069 -10.259478 -12.405862 )
xyz8=( 2.225999 -9.905765 -12.234336 )
xyz8=( 2.606569 -9.735609 -12.905799 )
xyz8=( 0.243777 -10.259472 -12.404973 )
xyz8=( 2.225194 -9.906029 -12.233577 )
xyz8=( 2.606813 -9.735404 -12.906891 )
xyz8=( 0.244486 -10.259465 -12.404084 )
xyz8=( 2.224388 -9.906293 -12.232818 )
xyz8=( 2.607056 -9.735199 -12.907984 )
xyz8=( 0.245196 -10.259459 -12.403194 )
xyz8=( 2.223580 -9.906558 -12.232059 )
xyz8=( 2.607299 -9.734994 -12.909078 )
xyz8=( 0.245908 -10.259452 -12.402305 )
xyz8=( 2.222771 -9.906822 -12.231300 )
xyz8=( 2.607541 -9.734789 -12.910173 )
xyz8=( 0.246621 -10.259445 -12.401415 )
xyz8=( 2.221961 -9.907087 -12.230542 )
xyz8=( 2.607782 -9.734584 -12.911270 )
xyz8=( 2.221150 -9.907352 -12.229783 )
xyz8=( 2.608023 -9.734378 -12.912367 )
xyz8=( 2.220337 -9.907618 -12.229024 )
xyz8=( 2.608263 -9.734173 -12.913466 )
xyz8=( 2.219523 -9.907883 -12.228265 )
xyz8=( 2.608502 -9.733968 -12.914566 )
xyz8=( 2.218707 -9.908149 -12.227507 )
xyz8=( 2.608740 -9.733762 -12.915667 )
xyz8=( 2.217890 -9.908415 -12.226748 )
xyz8=( 2.608978 -9.733557 -12.916769 )
xyz8=( 2.217072 -9.908682 -12.225990 )
xyz8=( 2.609215 -9.733351 -12.917873 )
xyz8=( 2.216252 -9.908948 -12.225231 )
xyz8=( 2.609451 -9.733146 -12.918977 )
xyz8=( 2.215431 -9.909215 -12.224473 )
xyz8=( 2.609687 -9.732940 -12.920083 )
xyz8=( 2.214609 -9.909482 -12.223715 )
xyz8=( 2.609922 -9.732735 -12.921190 )
xyz8=( 2.213785 -9.909750 -12.222956 )
xyz8=( 2.610156 -9.732529 -12.922298 )
xyz8=( 2.212960 -9.910017 -12.222198 )
xyz8=( 2.610389 -9.732324 -12.923407 )
xyz8=( 2.212134 -9.910285 -12.221440 )
xyz8=( 2.610622 -9.732118 -12.924517 )
xyz8=( 2.211306 -9.910553 -12.220682 )
xyz8=( 2.610854 -9.731912 -12.925629 )
xyz8=( 2.210477 -9.910822 -12.219924 )
xyz8=( 2.611085 -9.731706 -12.926742 )
xyz8=( 2.209647 -9.911090 -12.219166 )
xyz8=( 2.611316 -9.731501 -12.927856 )
xyz8=( 2.208815 -9.911359 -12.218408 )
xyz8=( 2.611545 -9.731295 -12.928971 )
xyz8=( 2.207982 -9.911628 -12.217650 )
xyz8=( 2.611774 -9.731089 -12.930087 )
xyz8=( 2.207147 -9.911898 -12.216892 )
xyz8=( 2.612003 -9.730883 -12.931205 )
xyz8=( 2.206311 -9.912167 -12.216135 )
xyz8=( 2.612230 -9.730677 -12.932323 )
xyz8=( 2.205474 -9.912437 -12.215377 )
xyz8=( 2.612457 -9.730472 -12.933443 )
xyz8=( 2.204635 -9.912707 -12.214619 )
xyz8=( 2.612683 -9.730266 -12.934564 )
xyz8=( 2.203795 -9.912978 -12.213862 )
xyz8=( 2.612908 -9.730060 -12.935687 )
xyz8=( 2.202953 -9.913248 -12.213104 )
xyz8=( 2.613133 -9.729854 -12.936810 )
xyz8=( 2.202110 -9.913519 -12.212347 )
xyz8=( 2.613357 -9.729648 -12.937935 )
xyz8=( 2.201266 -9.913791 -12.211590 )
xyz8=( 2.613580 -9.729441 -12.939061 )
xyz8=( 2.200420 -9.914062 -12.210832 )
xyz8=( 2.613802 -9.729235 -12.940189 )
xyz8=( 2.199573 -9.914334 -12.210075 )
xyz8=( 2.614024 -9.729029 -12.941317 )
xyz8=( 2.198724 -9.914606 -12.209318 )
xyz8=( 2.614244 -9.728823 -12.942447 )
xyz8=( 2.197874 -9.914878 -12.208561 )
xyz8=( 2.614464 -9.728617 -12.943578 )
xyz8=( 2.197022 -9.915150 -12.207804 )
xyz8=( 2.614684 -9.728411 -12.944710 )
xyz8=( 2.196169 -9.915423 -12.207047 )
xyz8=( 2.614902 -9.728204 -12.945843 )
xyz8=( 2.195315 -9.915696 -12.206290 )
xyz8=( 2.194459 -9.915970 -12.205533 )
xyz8=( 2.193602 -9.916243 -12.204776 )
xyz8=( 2.192743 -9.916517 -12.204020 )
xyz8=( 2.191883 -9.916791 -12.203263 )
xyz8=( 2.041418 -9.962071 -12.089269 )
xyz8=( 2.040275 -9.962397 -12.088527 )
xyz8=( 2.039129 -9.962724 -12.087786 )
xyz8=( 2.037981 -9.963051 -12.087045 )
xyz8=( 2.036830 -9.963378 -12.086304 )
xyz8=( 2.035677 -9.963705 -12.085564 )
xyz8=( 2.034522 -9.964034 -12.084823 )
xyz8=( 2.033364 -9.964362 -12.084083 )
xyz8=( 2.032203 -9.964691 -12.083343 )
xyz8=( 2.031041 -9.965021 -12.082603 )
xyz8=( 2.029875 -9.965351 -12.081863 )
xyz8=( 2.028707 -9.965681 -12.081123 )
xyz8=( 2.027537 -9.966012 -12.080384 )
xyz8=( 2.026364 -9.966343 -12.079644 )
xyz8=( 2.025189 -9.966675 -12.078905 )
xyz8=( 2.024011 -9.967007 -12.078166 )
xyz8=( 2.022830 -9.967340 -12.077427 )
xyz8=( 2.021647 -9.967673 -12.076688 )
xyz8=( 2.020462 -9.968007 -12.075950 )
xyz8=( 2.019274 -9.968341 -12.075211 )
xyz8=( 2.018083 -9.968675 -12.074473 )
xyz8=( 2.016890 -9.969010 -12.073735 )
xyz8=( 2.015694 -9.969346 -12.072997 )
xyz8=( 2.014495 -9.969682 -12.072259 )
xyz8=( 2.013294 -9.970018 -12.071521 )
xyz8=( 2.012090 -9.970355 -12.070784 )
xyz8=( 2.010883 -9.970693 -12.070047 )
xyz8=( 2.009674 -9.971030 -12.069310 )
xyz8=( 2.008462 -9.971369 -12.068573 )
xyz8=( 2.007248 -9.971708 -12.067836 )
xyz8=( 2.006030 -9.972047 -12.067099 )
xyz8=( 2.004810 -9.972387 -12.066363 )
xyz8=( 2.003587 -9.972727 -12.065627 )
xyz8=( 2.002362 -9.973068 -12.064891 )
xyz8=( 2.001134 -9.973410 -12.064155 )
xyz8=( 1.999902 -9.973751 -12.063419 )
xyz8=( 1.998669 -9.974094 -12.062684 )
xyz8=( 1.997432 -9.974437 -12.061948 )
xyz8=( 1.996193 -9.974780 -12.061213 )
xyz8=( 1.994950 -9.975124 -12.060478 )
xyz8=( 1.993705 -9.975468 -12.059743 )
xyz8=( 1.992457 -9.975813 -12.059009 )
xyz8=( 1.991206 -9.976159 -12.058274 )
xyz8=( 1.989953 -9.976505 -12.057540 )
xyz8=( 1.988696 -9.976851 -12.056806 )
xyz8=( 1.987437 -9.977198 -12.056072 )
xyz8=( 1.986174 -9.977546 -12.055339 )
xyz8=( 1.984909 -9.977894 -12.054605 )
xyz8=( 1.983640 -9.978243 -12.053872 )
xyz8=( 1.982369 -9.978592 -12.053139 )
xyz8=( 1.981095 -9.978942 -12.052406 )
xyz8=( 1.979818 -9.979292 -12.051674 )
xyz8=( 1.978537 -9.979643 -12.050941 )
xyz8=( 1.977254 -9.979994 -12.050209 )
xyz8=( 1.975968 -9.980346 -12.049477 )
xyz8=( 1.974678 -9.980698 -12.048745 )
xyz8=( 1.973386 -9.981051 -12.048013 )
xyz8=( 1.972091 -9.981405 -12.047282 )
xyz8=( 1.970792 -9.981759 -12.046551 )
xyz8=( 1.969490 -9.982114 -12.045820 )
xyz8=( 1.968185 -9.982469 -12.045089 )
xyz8=( 1.966877 -9.982825 -12.044358 )
xyz8=( 1.965566 -9.983181 -12.043628 )
xyz8=( 1.964252 -9.983538 -12.042898 )
xyz8=( 1.964252 -9.983538 -12.042898 )
xyz8=( 1.962934 -9.983896 -12.042168 )
xyz8=( 1.962934 -9.983896 -12.042168 )
xyz8=( 1.961614 -9.984254 -12.041438 )
xyz8=( 1.961614 -9.984254 -12.041438 )
xyz8=( 2.638885 -9.681440 -13.236391 )
xyz8=( 0.483188 -10.248063 -12.168706 )
xyz8=( 1.960290 -9.984612 -12.040709 )
xyz8=( 2.638847 -9.681224 -13.237929 )
xyz8=( 2.638847 -9.681224 -13.237929 )
xyz8=( 0.484414 -10.247966 -12.167757 )
xyz8=( 1.958962 -9.984972 -12.039979 )
xyz8=( 2.638806 -9.681008 -13.239470 )
xyz8=( 2.638806 -9.681008 -13.239470 )
xyz8=( 0.485644 -10.247870 -12.166808 )
xyz8=( 1.957632 -9.985332 -12.039250 )
xyz8=( 2.638764 -9.680792 -13.241014 )
xyz8=( 2.638764 -9.680792 -13.241014 )
xyz8=( 0.486877 -10.247772 -12.165858 )
xyz8=( 1.956298 -9.985692 -12.038521 )
xyz8=( 2.638719 -9.680576 -13.242560 )
xyz8=( 2.638719 -9.680576 -13.242560 )
xyz8=( 0.488113 -10.247674 -12.164908 )
xyz8=( 1.954961 -9.986053 -12.037793 )
xyz8=( 2.638673 -9.680360 -13.244110 )
xyz8=( 2.638673 -9.680360 -13.244110 )
xyz8=( 0.489352 -10.247575 -12.163958 )
xyz8=( 1.953621 -9.986415 -12.037064 )
xyz8=( 2.638626 -9.680144 -13.245662 )
xyz8=( 2.638626 -9.680144 -13.245662 )
xyz8=( 0.490595 -10.247476 -12.163007 )
xyz8=( 1.952277 -9.986777 -12.036336 )
xyz8=( 2.638576 -9.679927 -13.247217 )
xyz8=( 2.638576 -9.679927 -13.247217 )
xyz8=( 0.491841 -10.247376 -12.162056 )
xyz8=( 1.950930 -9.987140 -12.035608 )
xyz8=( 2.638524 -9.679711 -13.248774 )
xyz8=( 2.638524 -9.679711 -13.248774 )
xyz8=( 0.493090 -10.247276 -12.161105 )
xyz8=( 1.949579 -9.987504 -12.034881 )
xyz8=( 2.638471 -9.679495 -13.250335 )
xyz8=( 2.638471 -9.679495 -13.250335 )
xyz8=( 0.494343 -10.247175 -12.160153 )
xyz8=( 1.948226 -9.987868 -12.034153 )
xyz8=( 2.638416 -9.679278 -13.251899 )
xyz8=( 2.638416 -9.679278 -13.251899 )
xyz8=( 0.495599 -10.247073 -12.159201 )
xyz8=( 1.946868 -9.988232 -12.033426 )
xyz8=( 2.638358 -9.679062 -13.253465 )
xyz8=( 2.638358 -9.679062 -13.253465 )
xyz8=( 0.496858 -10.246971 -12.158248 )
xyz8=( 1.945508 -9.988598 -12.032699 )
xyz8=( 2.638299 -9.678845 -13.255034 )
xyz8=( 2.638299 -9.678845 -13.255034 )
xyz8=( 0.498121 -10.246868 -12.157295 )
xyz8=( 1.944144 -9.988964 -12.031972 )
xyz8=( 2.638238 -9.678628 -13.256607 )
xyz8=( 2.638238 -9.678628 -13.256607 )
xyz8=( 0.499388 -10.246765 -12.156342 )
xyz8=( 1.942776 -9.989330 -12.031246 )
xyz8=( 2.638175 -9.678412 -13.258182 )
xyz8=( 2.638175 -9.678412 -13.258182 )
xyz8=( 0.500657 -10.246661 -12.155389 )
xyz8=( 1.941405 -9.989698 -12.030519 )
xyz8=( 2.638110 -9.678195 -13.259760 )
xyz8=( 2.638110 -9.678195 -13.259760 )
xyz8=( 0.501931 -10.246556 -12.154435 )
xyz8=( 1.940031 -9.990065 -12.029793 )
xyz8=( 2.638044 -9.677978 -13.261341 )
xyz8=( 2.638044 -9.677978 -13.261341 )
xyz8=( 0.503207 -10.246451 -12.153480 )
xyz8=( 1.938653 -9.990434 -12.029068 )
xyz8=( 2.637975 -9.677761 -13.262926 )
xyz8=( 2.637975 -9.677761 -13.262926 )
xyz8=( 0.504488 -10.246345 -12.152526 )
xyz8=( 1.937271 -9.990803 -12.028342 )
xyz8=( 2.637904 -9.677544 -13.264513 )
xyz8=( 2.637904 -9.677544 -13.264513 )
xyz8=( 0.505771 -10.246239 -12.151571 )
xyz8=( 1.935886 -9.991173 -12.027617 )
xyz8=( 2.637831 -9.677327 -13.266103 )
xyz8=( 2.637831 -9.677327 -13.266103 )
xyz8=( 0.507059 -10.246132 -12.150615 )
xyz8=( 1.934497 -9.991543 -12.026892 )
xyz8=( 2.637757 -9.677110 -13.267697 )
xyz8=( 2.637757 -9.677110 -13.267697 )
xyz8=( 0.508350 -10.246024 -12.149660 )
xyz8=( 1.933105 -9.991914 -12.026167 )
xyz8=( 2.637680 -9.676893 -13.269293 )
xyz8=( 2.637680 -9.676893 -13.269293 )
xyz8=( 0.509644 -10.245916 -12.148704 )
xyz8=( 1.931709 -9.992286 -12.025442 )
xyz8=( 2.637601 -9.676676 -13.270893 )
xyz8=( 2.637601 -9.676676 -13.270893 )
xyz8=( 0.510942 -10.245807 -12.147747 )
xyz8=( 1.930309 -9.992659 -12.024718 )
xyz8=( 2.637520 -9.676459 -13.272495 )
xyz8=( 2.637520 -9.676459 -13.272495 )
xyz8=( 0.512244 -10.245697 -12.146790 )
xyz8=( 1.928906 -9.993032 -12.023994 )
xyz8=( 2.637438 -9.676241 -13.274101 )
xyz8=( 2.637438 -9.676241 -13.274101 )
xyz8=( 0.513550 -10.245587 -12.145833 )
xyz8=( 1.927499 -9.993405 -12.023270 )
xyz8=( 2.637353 -9.676024 -13.275710 )
xyz8=( 2.637353 -9.676024 -13.275710 )
xyz8=( 0.514859 -10.245476 -12.144876 )
xyz8=( 1.926088 -9.993780 -12.022547 )
xyz8=( 2.637266 -9.675806 -13.277322 )
xyz8=( 2.637266 -9.675806 -13.277322 )
xyz8=( 0.516171 -10.245364 -12.143918 )
xyz8=( 1.924674 -9.994155 -12.021823 )
xyz8=( 2.637177 -9.675589 -13.278937 )
xyz8=( 2.637177 -9.675589 -13.278937 )
xyz8=( 0.517488 -10.245252 -12.142959 )
xyz8=( 1.923256 -9.994530 -12.021100 )
xyz8=( 2.637086 -9.675371 -13.280556 )
xyz8=( 2.637086 -9.675371 -13.280556 )
xyz8=( 0.518808 -10.245139 -12.142001 )
xyz8=( 1.921834 -9.994907 -12.020378 )
xyz8=( 2.636993 -9.675154 -13.282177 )
xyz8=( 2.636993 -9.675154 -13.282177 )
xyz8=( 0.520132 -10.245025 -12.141041 )
xyz8=( 1.920408 -9.995284 -12.019655 )
xyz8=( 2.636897 -9.674936 -13.283802 )
xyz8=( 2.636897 -9.674936 -13.283802 )
xyz8=( 0.521460 -10.244911 -12.140082 )
xyz8=( 1.918979 -9.995662 -12.018933 )
xyz8=( 2.636800 -9.674718 -13.285430 )
xyz8=( 2.636800 -9.674718 -13.285430 )
xyz8=( 0.522792 -10.244796 -12.139122 )
xyz8=( 1.917545 -9.996040 -12.018211 )
xyz8=( 2.636700 -9.674500 -13.287062 )
xyz8=( 2.636700 -9.674500 -13.287062 )
xyz8=( 0.524127 -10.244681 -12.138162 )
xyz8=( 1.916108 -9.996420 -12.017490 )
xyz8=( 2.636599 -9.674282 -13.288696 )
xyz8=( 2.636599 -9.674282 -13.288696 )
xyz8=( 0.525466 -10.244565 -12.137201 )
xyz8=( 1.914667 -9.996799 -12.016768 )
xyz8=( 2.636495 -9.674064 -13.290334 )
xyz8=( 2.636495 -9.674064 -13.290334 )
xyz8=( 0.526810 -10.244448 -12.136240 )
xyz8=( 1.913222 -9.997180 -12.016047 )
xyz8=( 2.636389 -9.673846 -13.291976 )
xyz8=( 2.636389 -9.673846 -13.291976 )
xyz8=( 0.528157 -10.244330 -12.135279 )
xyz8=( 1.911773 -9.997561 -12.015326 )
xyz8=( 2.636281 -9.673628 -13.293620 )
xyz8=( 2.636281 -9.673628 -13.293620 )
xyz8=( 0.529508 -10.244212 -12.134317 )
xyz8=( 1.910320 -9.997943 -12.014606 )
xyz8=( 2.636170 -9.673410 -13.295269 )
xyz8=( 2.636170 -9.673410 -13.295269 )
xyz8=( 0.530863 -10.244093 -12.133355 )
xyz8=( 1.908863 -9.998326 -12.013886 )
xyz8=( 2.636058 -9.673192 -13.296920 )
xyz8=( 2.636058 -9.673192 -13.296920 )
xyz8=( 0.532222 -10.243973 -12.132392 )
xyz8=( 1.907403 -9.998710 -12.013166 )
xyz8=( 2.635943 -9.672973 -13.298575 )
xyz8=( 2.635943 -9.672973 -13.298575 )
xyz8=( 0.533585 -10.243853 -12.131429 )
xyz8=( 1.905938 -9.999094 -12.012446 )
xyz8=( 2.635826 -9.672755 -13.300233 )
xyz8=( 2.635826 -9.672755 -13.300233 )
xyz8=( 0.534952 -10.243731 -12.130466 )
xyz8=( 1.904469 -9.999479 -12.011727 )
xyz8=( 2.635706 -9.672536 -13.301895 )
xyz8=( 2.635706 -9.672536 -13.301895 )
xyz8=( 0.536323 -10.243610 -12.129502 )
xyz8=( 1.902996 -9.999864 -12.011008 )
xyz8=( 2.635585 -9.672318 -13.303560 )
xyz8=( 2.635585 -9.672318 -13.303560 )
xyz8=( 0.537698 -10.243487 -12.128537 )
xyz8=( 1.901519 -10.000251 -12.010289 )
xyz8=( 2.635461 -9.672099 -13.305229 )
xyz8=( 2.635461 -9.672099 -13.305229 )
xyz8=( 0.539077 -10.243364 -12.127573 )
xyz8=( 1.900037 -10.000638 -12.009570 )
xyz8=( 2.635334 -9.671880 -13.306901 )
xyz8=( 2.635334 -9.671880 -13.306901 )
xyz8=( 0.540460 -10.243240 -12.126608 )
xyz8=( 1.898552 -10.001026 -12.008852 )
xyz8=( 2.635206 -9.671662 -13.308577 )
xyz8=( 2.635206 -9.671662 -13.308577 )
xyz8=( 0.541848 -10.243115 -12.125642 )
xyz8=( 1.897062 -10.001414 -12.008134 )
xyz8=( 2.635075 -9.671443 -13.310257 )
xyz8=( 0.543239 -10.242990 -12.124676 )
xyz8=( 1.895568 -10.001804 -12.007417 )
xyz8=( 2.634942 -9.671224 -13.311940 )
xyz8=( 0.544635 -10.242863 -12.123710 )
xyz8=( 1.894070 -10.002194 -12.006699 )
xyz8=( 2.634806 -9.671005 -13.313626 )
xyz8=( 0.546035 -10.242736 -12.122743 )
xyz8=( 1.892568 -10.002585 -12.005982 )
xyz8=( 2.634668 -9.670786 -13.315316 )
xyz8=( 0.547440 -10.242609 -12.121776 )
xyz8=( 1.891061 -10.002977 -12.005266 )
xyz8=( 2.634528 -9.670567 -13.317010 )
xyz8=( 0.548848 -10.242480 -12.120808 )
xyz8=( 2.634385 -9.670348 -13.318708 )
xyz8=( 0.550261 -10.242351 -12.119840 )
xyz8=( 2.634240 -9.670128 -13.320409 )
xyz8=( 0.551678 -10.242221 -12.118872 )
xyz8=( 2.634092 -9.669909 -13.322114 )
xyz8=( 0.553100 -10.242090 -12.117903 )
xyz8=( 2.633942 -9.669689 -13.323823 )
xyz8=( 0.554526 -10.241959 -12.116934 )
xyz8=( 2.633789 -9.669470 -13.325536 )
xyz8=( 0.555957 -10.241826 -12.115964 )
xyz8=( 2.633634 -9.669250 -13.327252 )
xyz8=( 0.557392 -10.241693 -12.114994 )
xyz8=( 2.633476 -9.669031 -13.328972 )
xyz8=( 0.558831 -10.241559 -12.114023 )
xyz8=( 2.633316 -9.668811 -13.330696 )
xyz8=( 0.560275 -10.241425 -12.113052 )
xyz8=( 2.633153 -9.668591 -13.332424 )
xyz8=( 0.561724 -10.241289 -12.112080 )
xyz8=( 2.632988 -9.668371 -13.334156 )
xyz8=( 0.563177 -10.241153 -12.111108 )
xyz8=( 0.564635 -10.241016 -12.110136 )
xyz8=( 0.566097 -10.240878 -12.109163 )
xyz8=( 0.567564 -10.240739 -12.108189 )
xyz8=( 0.569036 -10.240599 -12.107215 )
xyz8=( 0.570513 -10.240459 -12.106241 )
xyz8=( 0.571994 -10.240317 -12.105266 )
xyz8=( 0.573480 -10.240175 -12.104291 )
xyz8=( 0.574971 -10.240032 -12.103315 )
xyz8=( 0.576467 -10.239888 -12.102339 )
xyz8=( 0.577968 -10.239744 -12.101362 )
xyz8=( 0.579474 -10.239598 -12.100385 )
xyz8=( 0.580985 -10.239451 -12.099407 )
xyz8=( 0.582501 -10.239304 -12.098429 )
xyz8=( 0.584022 -10.239156 -12.097450 )
xyz8=( 0.585548 -10.239006 -12.096471 )
xyz8=( 0.587079 -10.238856 -12.095491 )
xyz8=( 0.588615 -10.238705 -12.094511 )
xyz8=( 0.590157 -10.238553 -12.093531 )
xyz8=( 0.591704 -10.238400 -12.092549 )
xyz8=( 0.593256 -10.238247 -12.091568 )
xyz8=( 0.594813 -10.238092 -12.090585 )
xyz8=( 0.596376 -10.237936 -12.089603 )
xyz8=( 0.597945 -10.237779 -12.088619 )
xyz8=( 0.599518 -10.237622 -12.087635 )
xyz8=( 0.601098 -10.237463 -12.086651 )
xyz8=( 0.602683 -10.237303 -12.085666 )
xyz8=( 0.604273 -10.237143 -12.084681 )
xyz8=( 0.605869 -10.236981 -12.083695 )
xyz8=( 0.607471 -10.236819 -12.082708 )
xyz8=( 0.609079 -10.236655 -12.081721 )
xyz8=( 0.610692 -10.236490 -12.080734 )
xyz8=( 0.612312 -10.236325 -12.079745 )
xyz8=( 0.613937 -10.236158 -12.078757 )
xyz8=( 0.615568 -10.235990 -12.077767 )
xyz8=( 0.617205 -10.235821 -12.076777 )
xyz8=( 0.618848 -10.235651 -12.075787 )
xyz8=( 0.620497 -10.235480 -12.074796 )
xyz8=( 0.622152 -10.235308 -12.073804 )
xyz8=( 0.623814 -10.235135 -12.072812 )
xyz8=( 0.625482 -10.234961 -12.071819 )
xyz8=( 0.627156 -10.234785 -12.070825 )
xyz8=( 0.628836 -10.234609 -12.069831 )
xyz8=( 0.630523 -10.234431 -12.068837 )
xyz8=( 0.632217 -10.234252 -12.067841 )
xyz8=( 0.633916 -10.234072 -12.066846 )
xyz8=( 0.635623 -10.233891 -12.065849 )
xyz8=( 0.637336 -10.233709 -12.064852 )
xyz8=( 0.639056 -10.233525 -12.063854 )
xyz8=( 0.640783 -10.233341 -12.062856 )
xyz8=( 0.642516 -10.233155 -12.061856 )
xyz8=( 0.644256 -10.232968 -12.060857 )
xyz8=( 0.646004 -10.232779 -12.059856 )
xyz8=( 0.647758 -10.232590 -12.058855 )
xyz8=( 0.649520 -10.232399 -12.057853 )
xyz8=( 0.651288 -10.232207 -12.056851 )
xyz8=( 0.653064 -10.232013 -12.055848 )
xyz8=( 0.654847 -10.231818 -12.054844 )
xyz8=( 0.656638 -10.231622 -12.053840 )
xyz8=( 0.658436 -10.231425 -12.052834 )
xyz8=( 0.660242 -10.231226 -12.051829 )
xyz8=( 0.662055 -10.231026 -12.050822 )
xyz8=( 0.663876 -10.230825 -12.049815 )
xyz8=( 0.665704 -10.230622 -12.048807 )
xyz8=( 0.667541 -10.230418 -12.047798 )
xyz8=( 0.669385 -10.230212 -12.046788 )
xyz8=( 0.671238 -10.230005 -12.045778 )
xyz8=( 0.673098 -10.229797 -12.044767 )
xyz8=( 0.674967 -10.229587 -12.043755 )
xyz8=( 0.676844 -10.229375 -12.042743 )
xyz8=( 0.678729 -10.229163 -12.041729 )
xyz8=( 0.680623 -10.228948 -12.040715 )
xyz8=( 0.682525 -10.228732 -12.039700 )
xyz8=( 0.684436 -10.228515 -12.038684 )
xyz8=( 0.686356 -10.228296 -12.037668 )
xyz8=( 0.688284 -10.228076 -12.036651 )
xyz8=( 0.690222 -10.227853 -12.035632 )
xyz8=( 0.692168 -10.227630 -12.034613 )
xyz8=( 0.694124 -10.227404 -12.033594 )
xyz8=( 0.696088 -10.227178 -12.032573 )
xyz8=( 0.698063 -10.226949 -12.031551 )
xyz8=( 0.700046 -10.226719 -12.030529 )
xyz8=( 0.702039 -10.226487 -12.029505 )
xyz8=( 0.704042 -10.226253 -12.028481 )
xyz8=( 0.706055 -10.226017 -12.027456 )
xyz8=( 0.708078 -10.225780 -12.026430 )
xyz8=( 0.710110 -10.225541 -12.025403 )
xyz8=( 0.712153 -10.225300 -12.024375 )
xyz8=( 0.714206 -10.225058 -12.023346 )
xyz8=( 1.713903 -10.046796 -11.936437 )
xyz8=( 0.716270 -10.224813 -12.022317 )
xyz8=( 1.711730 -10.047308 -11.935771 )
xyz8=( 0.718344 -10.224567 -12.021286 )
xyz8=( 1.709546 -10.047821 -11.935107 )
xyz8=( 0.720429 -10.224319 -12.020254 )
xyz8=( 1.707352 -10.048337 -11.934444 )
xyz8=( 0.722524 -10.224068 -12.019221 )
xyz8=( 1.705147 -10.048854 -11.933781 )
xyz8=( 0.724631 -10.223816 -12.018188 )
xyz8=( 1.702930 -10.049373 -11.933119 )
xyz8=( 0.726749 -10.223562 -12.017153 )
xyz8=( 1.700703 -10.049894 -11.932459 )
xyz8=( 0.728878 -10.223306 -12.016117 )
xyz8=( 1.698463 -10.050418 -11.931799 )
xyz8=( 0.731018 -10.223048 -12.015080 )
xyz8=( 1.696213 -10.050943 -11.931140 )
xyz8=( 0.733170 -10.222788 -12.014042 )
xyz8=( 1.693950 -10.051471 -11.930482 )
xyz8=( 0.735334 -10.222525 -12.013003 )
xyz8=( 1.691676 -10.052000 -11.929825 )
xyz8=( 0.737510 -10.222261 -12.011963 )
xyz8=( 1.689389 -10.052532 -11.929169 )
xyz8=( 0.739697 -10.221994 -12.010922 )
xyz8=( 1.687090 -10.053066 -11.928514 )
xyz8=( 0.741897 -10.221726 -12.009880 )
xyz8=( 1.684779 -10.053602 -11.927860 )
xyz8=( 0.744110 -10.221455 -12.008837 )
xyz8=( 1.682455 -10.054141 -11.927207 )
xyz8=( 0.746335 -10.221182 -12.007792 )
xyz8=( 1.680118 -10.054682 -11.926555 )
xyz8=( 0.748573 -10.220906 -12.006746 )
xyz8=( 1.677769 -10.055225 -11.925905 )
xyz8=( 0.750824 -10.220628 -12.005699 )
xyz8=( 1.675406 -10.055770 -11.925255 )
xyz8=( 0.753088 -10.220348 -12.004651 )
xyz8=( 1.673030 -10.056318 -11.924606 )
xyz8=( 0.755365 -10.220066 -12.003602 )
xyz8=( 1.670640 -10.056869 -11.923959 )
xyz8=( 0.757656 -10.219781 -12.002552 )
xyz8=( 1.668237 -10.057421 -11.923312 )
xyz8=( 0.759961 -10.219493 -12.001500 )
xyz8=( 1.665819 -10.057977 -11.922667 )
xyz8=( 0.762280 -10.219204 -12.000447 )
xyz8=( 1.663387 -10.058535 -11.922023 )
xyz8=( 0.764613 -10.218911 -11.999393 )
xyz8=( 1.660941 -10.059095 -11.921380 )
xyz8=( 0.766960 -10.218616 -11.998337 )
xyz8=( 1.658480 -10.059658 -11.920738 )
xyz8=( 0.769322 -10.218319 -11.997280 )
xyz8=( 1.656004 -10.060224 -11.920098 )
xyz8=( 0.771699 -10.218018 -11.996222 )
xyz8=( 1.653513 -10.060792 -11.919458 )
xyz8=( 0.774091 -10.217716 -11.995162 )
xyz8=( 1.651006 -10.061363 -11.918820 )
xyz8=( 0.776499 -10.217410 -11.994101 )
xyz8=( 1.648484 -10.061937 -11.918184 )
xyz8=( 0.778922 -10.217101 -11.993039 )
xyz8=( 1.645946 -10.062514 -11.917548 )
xyz8=( 0.781362 -10.216790 -11.991975 )
xyz8=( 1.643391 -10.063094 -11.916914 )
xyz8=( 0.783817 -10.216476 -11.990910 )
xyz8=( 1.640820 -10.063677 -11.916282 )
xyz8=( 0.786289 -10.216159 -11.989843 )
xyz8=( 1.638233 -10.064263 -11.915650 )
xyz8=( 0.788778 -10.215839 -11.988775 )
xyz8=( 1.635628 -10.064852 -11.915021 )
xyz8=( 0.791284 -10.215515 -11.987705 )
xyz8=( 1.633005 -10.065443 -11.914392 )
xyz8=( 0.793808 -10.215189 -11.986633 )
xyz8=( 1.630365 -10.066039 -11.913765 )
xyz8=( 0.796349 -10.214860 -11.985560 )
xyz8=( 0.798908 -10.214527 -11.984486 )
xyz8=( 0.801486 -10.214191 -11.983410 )
xyz8=( 0.804083 -10.213852 -11.982332 )
xyz8=( 0.806698 -10.213509 -11.981252 )
xyz8=( 0.809334 -10.213163 -11.980171 )
xyz8=( 0.811989 -10.212813 -11.979087 )
xyz8=( 0.814665 -10.212460 -11.978003 )
xyz8=( 0.817361 -10.212103 -11.976916 )
xyz8=( 0.820078 -10.211742 -11.975827 )
xyz8=( 0.822818 -10.211377 -11.974736 )
xyz8=( 0.825579 -10.211009 -11.973644 )
xyz8=( 2.249763 -9.620330 -14.169006 )
xyz8=( 2.253242 -9.620197 -14.165349 )
xyz8=( 2.256783 -9.620065 -14.161600 )
xyz8=( 2.260392 -9.619935 -14.157750 )
xyz8=( 2.264073 -9.619807 -14.153795 )
xyz8=( 2.267831 -9.619680 -14.149725 )
xyz8=( 1.418317 -10.111209 -11.881516 )
xyz8=( 2.271672 -9.619555 -14.145531 )
xyz8=( 1.412752 -10.112326 -11.881138 )
xyz8=( 2.275604 -9.619433 -14.141203 )
xyz8=( 1.407029 -10.113472 -11.880773 )
xyz8=( 2.279634 -9.619313 -14.136729 )
xyz8=( 1.401133 -10.114649 -11.880422 )
xyz8=( 2.283772 -9.619196 -14.132095 )
xyz8=( 1.395047 -10.115859 -11.880088 )
xyz8=( 2.288029 -9.619081 -14.127286 )
xyz8=( 1.388754 -10.117107 -11.879772 )
xyz8=( 2.292418 -9.618970 -14.122281 )
xyz8=( 1.382229 -10.118396 -11.879476 )
xyz8=( 2.296953 -9.618862 -14.117057 )
xyz8=( 1.375446 -10.119731 -11.879202 )
xyz8=( 2.301655 -9.618759 -14.111588 )
xyz8=( 1.368372 -10.121118 -11.878952 )
xyz8=( 2.306545 -9.618660 -14.105838 )
xyz8=( 1.360966 -10.122564 -11.878732 )
xyz8=( 2.311654 -9.618566 -14.099765 )
xyz8=( 1.353177 -10.124078 -11.878544 )
xyz8=( 2.317018 -9.618479 -14.093313 )
xyz8=( 1.344940 -10.125673 -11.878395 )
xyz8=( 2.322688 -9.618399 -14.086407 )
xyz8=( 2.444517 -9.620506 -13.911678 )
xyz8=( 2.436522 -9.620092 -13.925046 )
xyz8=( 2.425851 -9.619612 -13.942387 )
xyz8=( 2.399532 -9.618753 -13.982913 )
xyz8=( 2.399532 -9.618753 -13.982913 )
