order:    [ 1 7 6 2 3 4 5 9 10 8 15 14 11 12 13 0 16 17 18 19 20 21 22 23 24 25 ]
atoms:    [ CA CA N C N CA C H HA C CA N N CA C N C N CA C N CA C N CA C ]
residues: [ 0 2 2 0 1 1 1 2 2 2 4 4 3 3 3 0 4 5 5 5 6 6 6 7 7 7 ]

We use a different pair of symbles to represent the bits values which are associated with the HA and H of the discretized distance, and another one to represent the bits of other hydrogens.
For the HA and H from the discretized distance:
	"+" means 0
	"-" means 1
For any other hydrogens:
	">" means 0
	"<" means 1

d_9_10=2.747430520000 s=[ 0 0 0 0 0 0 1 + + 0 1 1 0 1 0 0 0 1 1 1 0 0 1 1 1 1 ]

d_9_10=2.791874964444 s=[ 0 0 0 0 0 0 1 + - 0 1 1 0 1 0 1 1 0 0 0 1 1 0 0 0 0 ]

d_9_10=2.880763853333 s=[ 0 0 0 0 0 0 1 + + 0 0 0 1 0 1 1 0 0 0 0 1 1 0 0 0 0 ]

d_9_10=2.880763853333 s=[ 0 0 0 0 0 0 1 + + 1 0 1 0 1 0 0 0 1 1 1 0 0 1 1 1 1 ]

d_9_10=2.880763853333 s=[ 0 0 0 0 0 0 1 + + 1 0 1 0 1 0 0 1 0 0 0 1 1 0 0 0 0 ]

d_9_10=2.880763853333 s=[ 0 0 0 0 0 0 1 + - 0 0 0 1 0 1 0 1 0 0 0 1 1 0 0 0 0 ]

d_9_10=2.902986075556 s=[ 0 0 0 0 0 0 1 + + 0 0 0 1 0 1 1 0 0 0 0 1 1 0 0 0 0 ]

d_9_10=2.747430520000 s=[ 0 0 0 1 1 1 0 - - 1 0 0 1 0 1 1 1 0 0 0 1 1 0 0 0 0 ]

d_9_10=2.791874964444 s=[ 0 0 0 1 1 1 0 - + 1 0 0 1 0 1 0 0 1 1 1 0 0 1 1 1 1 ]

d_9_10=2.880763853333 s=[ 0 0 0 1 1 1 0 - + 1 1 1 0 1 0 1 0 1 1 1 0 0 1 1 1 1 ]

d_9_10=2.880763853333 s=[ 0 0 0 1 1 1 0 - - 0 1 0 1 0 1 1 0 1 1 1 0 0 1 1 1 1 ]

d_9_10=2.880763853333 s=[ 0 0 0 1 1 1 0 - - 0 1 0 1 0 1 1 1 0 0 0 1 1 0 0 0 0 ]

d_9_10=2.880763853333 s=[ 0 0 0 1 1 1 0 - - 1 1 1 0 1 0 0 1 1 1 1 0 0 1 1 1 1 ]

d_9_10=2.902986075556 s=[ 0 0 0 1 1 1 0 - - 1 1 1 0 1 0 0 1 1 1 1 0 0 1 1 1 1 ]

