xyz8=( 2.291629 -9.618990 -14.123183 )
xyz8=( 0.147185 -10.046578 -13.998291 )
xyz8=( 0.142337 -10.048613 -13.990656 )
xyz8=( 1.532598 -10.087500 -11.894521 )
xyz8=( 1.542074 -10.085468 -11.896053 )
xyz8=( 1.551588 -10.083418 -11.897662 )
xyz8=( 1.561139 -10.081350 -11.899349 )
xyz8=( 1.570728 -10.079262 -11.901116 )
xyz8=( 1.580356 -10.077155 -11.902964 )
xyz8=( 1.590024 -10.075029 -11.904894 )
xyz8=( 1.599731 -10.072883 -11.906908 )
xyz8=( 1.609479 -10.070717 -11.909007 )
xyz8=( 2.461229 -9.621538 -13.882594 )
xyz8=( 0.014192 -10.111542 -13.725749 )
xyz8=( 1.729857 -10.043023 -11.941447 )
xyz8=( 0.010623 -10.113711 -13.715505 )
xyz8=( 1.740196 -10.040560 -11.944814 )
xyz8=( 0.007110 -10.115886 -13.705150 )
xyz8=( 2.496871 -9.624614 -13.814539 )
xyz8=( 1.019917 -10.182683 -11.913169 )
xyz8=( 1.750587 -10.038070 -11.948294 )
xyz8=( 0.003654 -10.118065 -13.694683 )
xyz8=( 2.501804 -9.625150 -13.804357 )
xyz8=( 1.009018 -10.184391 -11.915738 )
xyz8=( 1.761029 -10.035555 -11.951889 )
xyz8=( 2.506695 -9.625712 -13.794051 )
xyz8=( 0.998048 -10.186096 -11.918419 )
xyz8=( 1.771526 -10.033011 -11.955602 )
xyz8=( 0.987006 -10.187799 -11.921215 )
xyz8=( 1.782077 -10.030440 -11.959437 )
xyz8=( 0.975890 -10.189498 -11.924129 )
xyz8=( 1.792685 -10.027840 -11.963395 )
xyz8=( 0.964698 -10.191194 -11.927164 )
xyz8=( 1.803350 -10.025210 -11.967481 )
xyz8=( 1.814073 -10.022551 -11.971697 )
xyz8=( 1.995083 -9.975087 -12.060556 )
xyz8=( 2.007107 -9.971747 -12.067751 )
xyz8=( 2.019233 -9.968352 -12.075186 )
xyz8=( 2.031468 -9.964900 -12.082874 )
xyz8=( 2.043814 -9.961388 -12.090828 )
xyz8=( 2.056279 -9.957813 -12.099059 )
xyz8=( 2.613287 -9.652551 -13.469024 )
xyz8=( 0.680399 -10.228974 -12.040835 )
xyz8=( 0.680399 -10.228974 -12.040835 )
xyz8=( 2.068867 -9.954171 -12.107583 )
xyz8=( 2.616254 -9.654243 -13.453472 )
xyz8=( 0.666469 -10.230537 -12.048386 )
xyz8=( 0.666469 -10.230537 -12.048386 )
xyz8=( 2.081584 -9.950461 -12.116415 )
xyz8=( 2.619095 -9.656006 -13.437589 )
xyz8=( 0.652354 -10.232091 -12.056248 )
xyz8=( 0.652354 -10.232091 -12.056248 )
xyz8=( 2.094439 -9.946677 -12.125574 )
xyz8=( 2.621802 -9.657846 -13.421356 )
xyz8=( 0.638045 -10.233633 -12.064440 )
xyz8=( 0.638045 -10.233633 -12.064440 )
xyz8=( 2.107438 -9.942815 -12.135078 )
xyz8=( 2.624367 -9.659767 -13.404752 )
xyz8=( 0.623530 -10.235165 -12.072981 )
xyz8=( 0.623530 -10.235165 -12.072981 )
xyz8=( 2.120590 -9.938870 -12.144949 )
xyz8=( 2.626780 -9.661775 -13.387751 )
xyz8=( 0.608796 -10.236684 -12.081895 )
xyz8=( 2.629031 -9.663875 -13.370328 )
xyz8=( 2.631107 -9.666074 -13.352452 )
xyz8=( 2.632995 -9.668380 -13.334089 )
xyz8=( 2.634678 -9.670801 -13.315198 )
xyz8=( 2.636139 -9.673348 -13.295736 )
xyz8=( 2.637356 -9.676032 -13.275648 )
xyz8=( 2.638305 -9.678867 -13.254874 )
xyz8=( 2.638957 -9.681869 -13.233340 )
xyz8=( 2.639276 -9.685058 -13.210958 )
xyz8=( 2.639220 -9.688457 -13.187621 )
xyz8=( 2.279355 -9.887830 -12.287701 )
xyz8=( 2.638735 -9.692096 -13.163195 )
xyz8=( 2.295690 -9.882150 -12.305337 )
xyz8=( 2.637753 -9.696013 -13.137512 )
xyz8=( 2.312532 -9.876192 -12.324226 )
xyz8=( 2.636188 -9.700255 -13.110352 )
xyz8=( 2.633920 -9.704888 -13.081420 )
xyz8=( 2.460251 -9.818026 -12.530577 )
xyz8=( 0.037234 -10.247333 -12.760199 )
xyz8=( 0.043834 -10.248426 -12.743986 )
xyz8=( 1.117239 -9.774940 -14.593495 )
xyz8=( 1.126278 -9.773085 -14.594381 )
xyz8=( 2.388380 -9.847861 -12.419609 )
xyz8=( 2.382755 -9.850057 -12.411876 )
xyz8=( 2.377044 -9.852270 -12.404144 )
xyz8=( 2.371246 -9.854500 -12.396413 )
xyz8=( 2.365359 -9.856746 -12.388684 )
xyz8=( 2.359382 -9.859009 -12.380957 )
xyz8=( 2.353314 -9.861290 -12.373232 )
xyz8=( 2.347152 -9.863588 -12.365509 )
xyz8=( 2.340895 -9.865903 -12.357788 )
xyz8=( 0.184200 -10.259161 -12.485460 )
xyz8=( 1.421956 -9.717335 -14.589522 )
xyz8=( 1.432769 -9.715476 -14.588102 )
xyz8=( 2.257769 -9.895194 -12.265363 )
xyz8=( 1.443656 -9.713618 -14.586583 )
xyz8=( 2.250108 -9.897772 -12.257685 )
xyz8=( 1.454619 -9.711760 -14.584962 )
xyz8=( 2.242322 -9.900373 -12.250012 )
xyz8=( 2.601378 -9.739835 -12.883518 )
xyz8=( 0.229433 -10.259551 -12.423289 )
xyz8=( 2.234408 -9.902997 -12.242344 )
xyz8=( 2.603953 -9.737771 -12.894354 )
xyz8=( 0.236379 -10.259524 -12.414342 )
xyz8=( 2.226365 -9.905645 -12.234681 )
xyz8=( 2.606458 -9.735703 -12.905303 )
xyz8=( 0.243455 -10.259474 -12.405377 )
xyz8=( 2.218187 -9.908319 -12.227024 )
xyz8=( 2.608892 -9.733631 -12.916368 )
xyz8=( 2.209873 -9.911017 -12.219373 )
xyz8=( 2.611253 -9.731557 -12.927552 )
xyz8=( 2.201419 -9.913741 -12.211727 )
xyz8=( 2.613539 -9.729479 -12.938856 )
xyz8=( 2.192821 -9.916492 -12.204088 )
xyz8=( 2.031781 -9.964811 -12.083074 )
xyz8=( 2.019922 -9.968158 -12.075614 )
xyz8=( 2.007800 -9.971554 -12.068171 )
xyz8=( 1.995402 -9.974999 -12.060745 )
xyz8=( 1.982716 -9.978497 -12.053339 )
xyz8=( 1.969727 -9.982049 -12.045953 )
xyz8=( 1.956419 -9.985659 -12.038588 )
xyz8=( 2.638724 -9.680596 -13.242420 )
xyz8=( 2.638724 -9.680596 -13.242420 )
xyz8=( 0.488000 -10.247683 -12.164995 )
xyz8=( 1.942776 -9.989330 -12.031246 )
xyz8=( 2.638175 -9.678412 -13.258182 )
xyz8=( 2.638175 -9.678412 -13.258182 )
xyz8=( 0.500657 -10.246661 -12.155389 )
xyz8=( 1.928778 -9.993066 -12.023928 )
xyz8=( 2.637430 -9.676221 -13.274247 )
xyz8=( 2.637430 -9.676221 -13.274247 )
xyz8=( 0.513668 -10.245577 -12.145746 )
xyz8=( 1.914405 -9.996869 -12.016637 )
xyz8=( 2.636476 -9.674025 -13.290633 )
xyz8=( 2.636476 -9.674025 -13.290633 )
xyz8=( 0.527054 -10.244426 -12.136065 )
xyz8=( 1.899633 -10.000744 -12.009374 )
xyz8=( 2.635300 -9.671821 -13.307358 )
xyz8=( 2.635300 -9.671821 -13.307358 )
xyz8=( 0.540838 -10.243206 -12.126344 )
xyz8=( 2.633887 -9.669610 -13.324445 )
xyz8=( 0.555046 -10.241911 -12.116581 )
xyz8=( 0.569707 -10.240535 -12.106773 )
xyz8=( 0.584853 -10.239074 -12.096916 )
xyz8=( 0.600523 -10.237521 -12.087009 )
xyz8=( 0.616758 -10.235867 -12.077047 )
xyz8=( 0.633607 -10.234105 -12.067027 )
xyz8=( 0.651127 -10.232224 -12.056942 )
xyz8=( 0.669385 -10.230212 -12.046788 )
xyz8=( 0.688460 -10.228055 -12.036558 )
xyz8=( 0.708446 -10.225737 -12.026243 )
xyz8=( 1.700093 -10.050037 -11.932279 )
xyz8=( 0.729460 -10.223236 -12.015834 )
xyz8=( 1.676911 -10.055423 -11.925668 )
xyz8=( 0.751645 -10.220527 -12.005318 )
xyz8=( 1.652375 -10.061052 -11.919168 )
xyz8=( 0.775184 -10.217577 -11.994680 )
xyz8=( 0.800312 -10.214344 -11.983899 )
xyz8=( 0.827348 -10.210772 -11.972948 )
xyz8=( 2.280006 -9.619302 -14.136315 )
xyz8=( 1.400588 -10.114757 -11.880391 )
