order:    [ 1 7 6 2 3 4 5 9 10 8 15 14 11 12 13 0 16 17 18 19 20 21 22 23 24 25 ]
atoms:    [ CA CA N C N CA C H HA C CA N N CA C N C N CA C N CA C N CA C ]
residues: [ 0 2 2 0 1 1 1 2 2 2 4 4 3 3 3 0 4 5 5 5 6 6 6 7 7 7 ]

We use a different pair of symbles to represent the bits values which are associated with the HA and H of the discretized distance, and another one to represent the bits of other hydrogens.
For the HA and H from the discretized distance:
	"+" means 0
	"-" means 1
For any other hydrogens:
	">" means 0
	"<" means 1

d_9_10=2.747430520000 s=[ 0 0 0 0 0 0 1 + + 0 1 1 0 1 0 0 0 1 1 1 0 0 1 1 1 1 ]

d_9_10=2.753491126061 s=[ 0 0 0 0 0 0 1 + - 1 1 0 1 0 1 0 1 1 1 1 0 0 1 1 1 1 ]

d_9_10=2.755511328081 s=[ 0 0 0 0 0 0 1 + - 1 1 0 1 0 1 0 1 1 1 1 0 0 1 1 1 1 ]

d_9_10=2.777733550303 s=[ 0 0 0 0 0 0 1 + - 0 1 1 0 1 0 1 1 0 0 0 1 1 0 0 0 0 ]

d_9_10=2.779753752323 s=[ 0 0 0 0 0 0 1 + - 0 1 1 0 1 0 1 1 0 0 0 1 1 0 0 0 0 ]

d_9_10=2.781773954343 s=[ 0 0 0 0 0 0 1 + - 0 1 1 0 1 0 1 1 0 0 0 1 1 0 0 0 0 ]

d_9_10=2.783794156364 s=[ 0 0 0 0 0 0 1 + - 0 1 1 0 1 0 1 1 0 0 0 1 1 0 0 0 0 ]

d_9_10=2.785814358384 s=[ 0 0 0 0 0 0 1 + - 0 1 1 0 1 0 1 1 0 0 0 1 1 0 0 0 0 ]

d_9_10=2.787834560404 s=[ 0 0 0 0 0 0 1 + - 0 1 1 0 1 0 1 1 0 0 0 1 1 0 0 0 0 ]

d_9_10=2.789854762424 s=[ 0 0 0 0 0 0 1 + - 0 1 1 0 1 0 1 1 0 0 0 1 1 0 0 0 0 ]

d_9_10=2.791874964444 s=[ 0 0 0 0 0 0 1 + - 0 1 1 0 1 0 1 1 0 0 0 1 1 0 0 0 0 ]

d_9_10=2.793895166465 s=[ 0 0 0 0 0 0 1 + - 0 1 1 0 1 0 1 1 0 0 0 1 1 0 0 0 0 ]

d_9_10=2.808036580606 s=[ 0 0 0 0 0 0 1 + + 0 0 1 0 1 0 1 0 0 0 0 1 1 0 0 0 0 ]

d_9_10=2.816117388687 s=[ 0 0 0 0 0 0 1 + - 1 0 0 1 0 1 1 1 0 0 0 1 1 0 0 0 0 ]

d_9_10=2.818137590707 s=[ 0 0 0 0 0 0 1 + - 0 1 0 1 0 1 1 1 0 0 0 1 1 0 0 0 0 ]

d_9_10=2.818137590707 s=[ 0 0 0 0 0 0 1 + - 1 0 0 1 0 1 1 1 0 0 0 1 1 0 0 0 0 ]

d_9_10=2.820157792727 s=[ 0 0 0 0 0 0 1 + - 0 1 0 1 0 1 1 1 0 0 0 1 1 0 0 0 0 ]

d_9_10=2.820157792727 s=[ 0 0 0 0 0 0 1 + - 1 0 0 1 0 1 1 1 0 0 0 1 1 0 0 0 0 ]

d_9_10=2.822177994747 s=[ 0 0 0 0 0 0 1 + + 0 0 1 0 1 0 1 1 1 1 1 0 0 1 1 1 1 ]

d_9_10=2.822177994747 s=[ 0 0 0 0 0 0 1 + + 1 0 0 1 0 1 0 0 1 1 1 0 0 1 1 1 1 ]

d_9_10=2.822177994747 s=[ 0 0 0 0 0 0 1 + - 0 1 0 1 0 1 1 1 0 0 0 1 1 0 0 0 0 ]

d_9_10=2.822177994747 s=[ 0 0 0 0 0 0 1 + - 1 0 0 1 0 1 1 1 0 0 0 1 1 0 0 0 0 ]

d_9_10=2.824198196768 s=[ 0 0 0 0 0 0 1 + + 0 0 1 0 1 0 1 1 1 1 1 0 0 1 1 1 1 ]

d_9_10=2.824198196768 s=[ 0 0 0 0 0 0 1 + + 1 0 0 1 0 1 0 0 1 1 1 0 0 1 1 1 1 ]

d_9_10=2.824198196768 s=[ 0 0 0 0 0 0 1 + - 0 1 0 1 0 1 1 1 0 0 0 1 1 0 0 0 0 ]

d_9_10=2.826218398788 s=[ 0 0 0 0 0 0 1 + + 0 0 1 0 1 0 1 1 1 1 1 0 0 1 1 1 1 ]

d_9_10=2.826218398788 s=[ 0 0 0 0 0 0 1 + + 1 0 0 1 0 1 0 0 1 1 1 0 0 1 1 1 1 ]

d_9_10=2.826218398788 s=[ 0 0 0 0 0 0 1 + - 0 1 0 1 0 1 1 1 0 0 0 1 1 0 0 0 0 ]

d_9_10=2.828238600808 s=[ 0 0 0 0 0 0 1 + + 1 0 0 1 0 1 0 0 1 1 1 0 0 1 1 1 1 ]

d_9_10=2.828238600808 s=[ 0 0 0 0 0 0 1 + - 0 1 0 1 0 1 1 1 0 0 0 1 1 0 0 0 0 ]

d_9_10=2.830258802828 s=[ 0 0 0 0 0 0 1 + + 1 0 0 1 0 1 0 0 1 1 1 0 0 1 1 1 1 ]

d_9_10=2.830258802828 s=[ 0 0 0 0 0 0 1 + - 0 1 0 1 0 1 1 1 0 0 0 1 1 0 0 0 0 ]

d_9_10=2.832279004848 s=[ 0 0 0 0 0 0 1 + + 1 0 0 1 0 1 0 0 1 1 1 0 0 1 1 1 1 ]

d_9_10=2.832279004848 s=[ 0 0 0 0 0 0 1 + - 0 1 0 1 0 1 1 1 0 0 0 1 1 0 0 0 0 ]

d_9_10=2.834299206869 s=[ 0 0 0 0 0 0 1 + - 0 1 0 1 0 1 1 1 0 0 0 1 1 0 0 0 0 ]

d_9_10=2.866622439192 s=[ 0 0 0 0 0 0 1 + - 0 1 0 1 0 1 1 0 1 1 1 0 0 1 1 1 1 ]

d_9_10=2.868642641212 s=[ 0 0 0 0 0 0 1 + - 0 1 0 1 0 1 1 0 1 1 1 0 0 1 1 1 1 ]

d_9_10=2.870662843232 s=[ 0 0 0 0 0 0 1 + - 0 1 0 1 0 1 1 0 1 1 1 0 0 1 1 1 1 ]

d_9_10=2.872683045253 s=[ 0 0 0 0 0 0 1 + - 0 1 0 1 0 1 1 0 1 1 1 0 0 1 1 1 1 ]

d_9_10=2.874703247273 s=[ 0 0 0 0 0 0 1 + - 0 1 0 1 0 1 1 0 1 1 1 0 0 1 1 1 1 ]

d_9_10=2.876723449293 s=[ 0 0 0 0 0 0 1 + - 0 1 0 1 0 1 1 0 1 1 1 0 0 1 1 1 1 ]

d_9_10=2.878743651313 s=[ 0 0 0 0 0 0 1 + + 0 0 0 1 0 1 1 0 0 0 0 1 1 0 0 0 0 ]

d_9_10=2.878743651313 s=[ 0 0 0 0 0 0 1 + + 1 0 1 0 1 0 0 0 1 1 1 0 0 1 1 1 1 ]

d_9_10=2.878743651313 s=[ 0 0 0 0 0 0 1 + + 1 0 1 0 1 0 0 1 0 0 0 1 1 0 0 0 0 ]

d_9_10=2.878743651313 s=[ 0 0 0 0 0 0 1 + - 0 0 0 1 0 1 0 1 0 0 0 1 1 0 0 0 0 ]

d_9_10=2.880763853333 s=[ 0 0 0 0 0 0 1 + + 0 0 0 1 0 1 1 0 0 0 0 1 1 0 0 0 0 ]

d_9_10=2.880763853333 s=[ 0 0 0 0 0 0 1 + + 1 0 1 0 1 0 0 0 1 1 1 0 0 1 1 1 1 ]

d_9_10=2.880763853333 s=[ 0 0 0 0 0 0 1 + + 1 0 1 0 1 0 0 1 0 0 0 1 1 0 0 0 0 ]

d_9_10=2.880763853333 s=[ 0 0 0 0 0 0 1 + - 0 0 0 1 0 1 0 1 0 0 0 1 1 0 0 0 0 ]

d_9_10=2.882784055354 s=[ 0 0 0 0 0 0 1 + + 0 0 0 1 0 1 1 0 0 0 0 1 1 0 0 0 0 ]

d_9_10=2.882784055354 s=[ 0 0 0 0 0 0 1 + + 1 0 1 0 1 0 0 0 1 1 1 0 0 1 1 1 1 ]

d_9_10=2.882784055354 s=[ 0 0 0 0 0 0 1 + + 1 0 1 0 1 0 0 1 0 0 0 1 1 0 0 0 0 ]

d_9_10=2.882784055354 s=[ 0 0 0 0 0 0 1 + - 0 0 0 1 0 1 0 1 0 0 0 1 1 0 0 0 0 ]

d_9_10=2.884804257374 s=[ 0 0 0 0 0 0 1 + + 0 0 0 1 0 1 1 0 0 0 0 1 1 0 0 0 0 ]

d_9_10=2.884804257374 s=[ 0 0 0 0 0 0 1 + + 1 0 1 0 1 0 0 0 1 1 1 0 0 1 1 1 1 ]

d_9_10=2.884804257374 s=[ 0 0 0 0 0 0 1 + + 1 0 1 0 1 0 0 1 0 0 0 1 1 0 0 0 0 ]

d_9_10=2.884804257374 s=[ 0 0 0 0 0 0 1 + - 0 0 0 1 0 1 0 1 0 0 0 1 1 0 0 0 0 ]

d_9_10=2.886824459394 s=[ 0 0 0 0 0 0 1 + + 0 0 0 1 0 1 1 0 0 0 0 1 1 0 0 0 0 ]

d_9_10=2.886824459394 s=[ 0 0 0 0 0 0 1 + + 1 0 1 0 1 0 0 0 1 1 1 0 0 1 1 1 1 ]

d_9_10=2.886824459394 s=[ 0 0 0 0 0 0 1 + + 1 0 1 0 1 0 0 1 0 0 0 1 1 0 0 0 0 ]

d_9_10=2.886824459394 s=[ 0 0 0 0 0 0 1 + - 0 0 0 1 0 1 0 1 0 0 0 1 1 0 0 0 0 ]

d_9_10=2.888844661414 s=[ 0 0 0 0 0 0 1 + + 0 0 0 1 0 1 1 0 0 0 0 1 1 0 0 0 0 ]

d_9_10=2.888844661414 s=[ 0 0 0 0 0 0 1 + + 1 0 1 0 1 0 0 0 1 1 1 0 0 1 1 1 1 ]

d_9_10=2.890864863434 s=[ 0 0 0 0 0 0 1 + + 0 0 0 1 0 1 1 0 0 0 0 1 1 0 0 0 0 ]

d_9_10=2.892885065455 s=[ 0 0 0 0 0 0 1 + + 0 0 0 1 0 1 1 0 0 0 0 1 1 0 0 0 0 ]

d_9_10=2.894905267475 s=[ 0 0 0 0 0 0 1 + + 0 0 0 1 0 1 1 0 0 0 0 1 1 0 0 0 0 ]

d_9_10=2.896925469495 s=[ 0 0 0 0 0 0 1 + + 0 0 0 1 0 1 1 0 0 0 0 1 1 0 0 0 0 ]

d_9_10=2.898945671515 s=[ 0 0 0 0 0 0 1 + + 0 0 0 1 0 1 1 0 0 0 0 1 1 0 0 0 0 ]

d_9_10=2.900965873535 s=[ 0 0 0 0 0 0 1 + + 0 0 0 1 0 1 1 0 0 0 0 1 1 0 0 0 0 ]

d_9_10=2.902986075556 s=[ 0 0 0 0 0 0 1 + + 0 0 0 1 0 1 1 0 0 0 0 1 1 0 0 0 0 ]

d_9_10=2.905006277576 s=[ 0 0 0 0 0 0 1 + + 0 0 0 1 0 1 1 0 0 0 0 1 1 0 0 0 0 ]

d_9_10=2.907026479596 s=[ 0 0 0 0 0 0 1 + + 0 0 0 1 0 1 1 0 0 0 0 1 1 0 0 0 0 ]

d_9_10=2.909046681616 s=[ 0 0 0 0 0 0 1 + + 0 0 0 1 0 1 1 0 0 0 0 1 1 0 0 0 0 ]

d_9_10=2.909046681616 s=[ 0 0 0 0 0 0 1 + - 0 0 1 0 1 0 1 1 1 1 1 0 0 1 1 1 1 ]

d_9_10=2.911066883636 s=[ 0 0 0 0 0 0 1 + + 0 0 0 1 0 1 1 0 0 0 0 1 1 0 0 0 0 ]

d_9_10=2.911066883636 s=[ 0 0 0 0 0 0 1 + - 0 0 1 0 1 0 1 1 1 1 1 0 0 1 1 1 1 ]

d_9_10=2.913087085657 s=[ 0 0 0 0 0 0 1 + + 0 0 0 1 0 1 1 0 0 0 0 1 1 0 0 0 0 ]

d_9_10=2.913087085657 s=[ 0 0 0 0 0 0 1 + - 0 0 1 0 1 0 1 1 1 1 1 0 0 1 1 1 1 ]

d_9_10=2.915107287677 s=[ 0 0 0 0 0 0 1 + + 0 0 0 1 0 1 1 0 0 0 0 1 1 0 0 0 0 ]

d_9_10=2.917127489697 s=[ 0 0 0 0 0 0 1 + + 0 0 0 1 0 1 1 0 0 0 0 1 1 0 0 0 0 ]

d_9_10=2.927228499798 s=[ 0 0 0 0 0 0 1 + - 0 0 1 0 1 0 1 0 0 0 0 1 1 0 0 0 0 ]

d_9_10=2.927228499798 s=[ 0 0 0 0 0 0 1 + - 1 1 1 0 1 0 1 0 1 1 1 0 0 1 1 1 1 ]

d_9_10=2.747430520000 s=[ 0 0 0 1 1 1 0 - - 1 0 0 1 0 1 1 1 0 0 0 1 1 0 0 0 0 ]

d_9_10=2.753491126061 s=[ 0 0 0 1 1 1 0 - + 0 0 1 0 1 0 1 0 0 0 0 1 1 0 0 0 0 ]

d_9_10=2.755511328081 s=[ 0 0 0 1 1 1 0 - + 0 0 1 0 1 0 1 0 0 0 0 1 1 0 0 0 0 ]

d_9_10=2.777733550303 s=[ 0 0 0 1 1 1 0 - + 1 0 0 1 0 1 0 0 1 1 1 0 0 1 1 1 1 ]

d_9_10=2.779753752323 s=[ 0 0 0 1 1 1 0 - + 1 0 0 1 0 1 0 0 1 1 1 0 0 1 1 1 1 ]

d_9_10=2.781773954343 s=[ 0 0 0 1 1 1 0 - + 1 0 0 1 0 1 0 0 1 1 1 0 0 1 1 1 1 ]

d_9_10=2.783794156364 s=[ 0 0 0 1 1 1 0 - + 1 0 0 1 0 1 0 0 1 1 1 0 0 1 1 1 1 ]

d_9_10=2.785814358384 s=[ 0 0 0 1 1 1 0 - + 1 0 0 1 0 1 0 0 1 1 1 0 0 1 1 1 1 ]

d_9_10=2.787834560404 s=[ 0 0 0 1 1 1 0 - + 1 0 0 1 0 1 0 0 1 1 1 0 0 1 1 1 1 ]

d_9_10=2.789854762424 s=[ 0 0 0 1 1 1 0 - + 1 0 0 1 0 1 0 0 1 1 1 0 0 1 1 1 1 ]

d_9_10=2.791874964444 s=[ 0 0 0 1 1 1 0 - + 1 0 0 1 0 1 0 0 1 1 1 0 0 1 1 1 1 ]

d_9_10=2.793895166465 s=[ 0 0 0 1 1 1 0 - + 1 0 0 1 0 1 0 0 1 1 1 0 0 1 1 1 1 ]

d_9_10=2.808036580606 s=[ 0 0 0 1 1 1 0 - - 1 1 0 1 0 1 0 1 1 1 1 0 0 1 1 1 1 ]

d_9_10=2.816117388687 s=[ 0 0 0 1 1 1 0 - + 0 1 1 0 1 0 0 0 1 1 1 0 0 1 1 1 1 ]

d_9_10=2.818137590707 s=[ 0 0 0 1 1 1 0 - + 0 1 1 0 1 0 0 0 1 1 1 0 0 1 1 1 1 ]

d_9_10=2.818137590707 s=[ 0 0 0 1 1 1 0 - + 1 0 1 0 1 0 0 0 1 1 1 0 0 1 1 1 1 ]

d_9_10=2.820157792727 s=[ 0 0 0 1 1 1 0 - + 0 1 1 0 1 0 0 0 1 1 1 0 0 1 1 1 1 ]

d_9_10=2.820157792727 s=[ 0 0 0 1 1 1 0 - + 1 0 1 0 1 0 0 0 1 1 1 0 0 1 1 1 1 ]

d_9_10=2.822177994747 s=[ 0 0 0 1 1 1 0 - + 0 1 1 0 1 0 0 0 1 1 1 0 0 1 1 1 1 ]

d_9_10=2.822177994747 s=[ 0 0 0 1 1 1 0 - + 1 0 1 0 1 0 0 0 1 1 1 0 0 1 1 1 1 ]

d_9_10=2.822177994747 s=[ 0 0 0 1 1 1 0 - - 0 1 1 0 1 0 1 1 0 0 0 1 1 0 0 0 0 ]

d_9_10=2.822177994747 s=[ 0 0 0 1 1 1 0 - - 1 1 0 1 0 1 0 0 0 0 0 1 1 0 0 0 0 ]

d_9_10=2.824198196768 s=[ 0 0 0 1 1 1 0 - + 1 0 1 0 1 0 0 0 1 1 1 0 0 1 1 1 1 ]

d_9_10=2.824198196768 s=[ 0 0 0 1 1 1 0 - - 0 1 1 0 1 0 1 1 0 0 0 1 1 0 0 0 0 ]

d_9_10=2.824198196768 s=[ 0 0 0 1 1 1 0 - - 1 1 0 1 0 1 0 0 0 0 0 1 1 0 0 0 0 ]

d_9_10=2.826218398788 s=[ 0 0 0 1 1 1 0 - + 1 0 1 0 1 0 0 0 1 1 1 0 0 1 1 1 1 ]

d_9_10=2.826218398788 s=[ 0 0 0 1 1 1 0 - - 0 1 1 0 1 0 1 1 0 0 0 1 1 0 0 0 0 ]

d_9_10=2.826218398788 s=[ 0 0 0 1 1 1 0 - - 1 1 0 1 0 1 0 0 0 0 0 1 1 0 0 0 0 ]

d_9_10=2.828238600808 s=[ 0 0 0 1 1 1 0 - + 1 0 1 0 1 0 0 0 1 1 1 0 0 1 1 1 1 ]

d_9_10=2.828238600808 s=[ 0 0 0 1 1 1 0 - - 0 1 1 0 1 0 1 1 0 0 0 1 1 0 0 0 0 ]

d_9_10=2.830258802828 s=[ 0 0 0 1 1 1 0 - + 1 0 1 0 1 0 0 0 1 1 1 0 0 1 1 1 1 ]

d_9_10=2.830258802828 s=[ 0 0 0 1 1 1 0 - - 0 1 1 0 1 0 1 1 0 0 0 1 1 0 0 0 0 ]

d_9_10=2.832279004848 s=[ 0 0 0 1 1 1 0 - + 1 0 1 0 1 0 0 0 1 1 1 0 0 1 1 1 1 ]

d_9_10=2.832279004848 s=[ 0 0 0 1 1 1 0 - - 0 1 1 0 1 0 1 1 0 0 0 1 1 0 0 0 0 ]

d_9_10=2.834299206869 s=[ 0 0 0 1 1 1 0 - + 1 0 1 0 1 0 0 0 1 1 1 0 0 1 1 1 1 ]

d_9_10=2.866622439192 s=[ 0 0 0 1 1 1 0 - + 1 0 1 0 1 0 0 1 0 0 0 1 1 0 0 0 0 ]

d_9_10=2.868642641212 s=[ 0 0 0 1 1 1 0 - + 1 0 1 0 1 0 0 1 0 0 0 1 1 0 0 0 0 ]

d_9_10=2.870662843232 s=[ 0 0 0 1 1 1 0 - + 1 0 1 0 1 0 0 1 0 0 0 1 1 0 0 0 0 ]

d_9_10=2.872683045253 s=[ 0 0 0 1 1 1 0 - + 1 0 1 0 1 0 0 1 0 0 0 1 1 0 0 0 0 ]

d_9_10=2.874703247273 s=[ 0 0 0 1 1 1 0 - + 1 0 1 0 1 0 0 1 0 0 0 1 1 0 0 0 0 ]

d_9_10=2.876723449293 s=[ 0 0 0 1 1 1 0 - + 1 0 1 0 1 0 0 1 0 0 0 1 1 0 0 0 0 ]

d_9_10=2.878743651313 s=[ 0 0 0 1 1 1 0 - + 1 1 1 0 1 0 1 0 1 1 1 0 0 1 1 1 1 ]

d_9_10=2.878743651313 s=[ 0 0 0 1 1 1 0 - - 0 1 0 1 0 1 1 0 1 1 1 0 0 1 1 1 1 ]

d_9_10=2.878743651313 s=[ 0 0 0 1 1 1 0 - - 0 1 0 1 0 1 1 1 0 0 0 1 1 0 0 0 0 ]

d_9_10=2.878743651313 s=[ 0 0 0 1 1 1 0 - - 1 1 1 0 1 0 0 1 1 1 1 0 0 1 1 1 1 ]

d_9_10=2.880763853333 s=[ 0 0 0 1 1 1 0 - + 1 1 1 0 1 0 1 0 1 1 1 0 0 1 1 1 1 ]

d_9_10=2.880763853333 s=[ 0 0 0 1 1 1 0 - - 0 1 0 1 0 1 1 0 1 1 1 0 0 1 1 1 1 ]

d_9_10=2.880763853333 s=[ 0 0 0 1 1 1 0 - - 0 1 0 1 0 1 1 1 0 0 0 1 1 0 0 0 0 ]

d_9_10=2.880763853333 s=[ 0 0 0 1 1 1 0 - - 1 1 1 0 1 0 0 1 1 1 1 0 0 1 1 1 1 ]

d_9_10=2.882784055354 s=[ 0 0 0 1 1 1 0 - + 1 1 1 0 1 0 1 0 1 1 1 0 0 1 1 1 1 ]

d_9_10=2.882784055354 s=[ 0 0 0 1 1 1 0 - - 0 1 0 1 0 1 1 0 1 1 1 0 0 1 1 1 1 ]

d_9_10=2.882784055354 s=[ 0 0 0 1 1 1 0 - - 0 1 0 1 0 1 1 1 0 0 0 1 1 0 0 0 0 ]

d_9_10=2.882784055354 s=[ 0 0 0 1 1 1 0 - - 1 1 1 0 1 0 0 1 1 1 1 0 0 1 1 1 1 ]

d_9_10=2.884804257374 s=[ 0 0 0 1 1 1 0 - + 1 1 1 0 1 0 1 0 1 1 1 0 0 1 1 1 1 ]

d_9_10=2.884804257374 s=[ 0 0 0 1 1 1 0 - - 0 1 0 1 0 1 1 0 1 1 1 0 0 1 1 1 1 ]

d_9_10=2.884804257374 s=[ 0 0 0 1 1 1 0 - - 0 1 0 1 0 1 1 1 0 0 0 1 1 0 0 0 0 ]

d_9_10=2.884804257374 s=[ 0 0 0 1 1 1 0 - - 1 1 1 0 1 0 0 1 1 1 1 0 0 1 1 1 1 ]

d_9_10=2.886824459394 s=[ 0 0 0 1 1 1 0 - + 1 1 1 0 1 0 1 0 1 1 1 0 0 1 1 1 1 ]

d_9_10=2.886824459394 s=[ 0 0 0 1 1 1 0 - - 0 1 0 1 0 1 1 0 1 1 1 0 0 1 1 1 1 ]

d_9_10=2.886824459394 s=[ 0 0 0 1 1 1 0 - - 0 1 0 1 0 1 1 1 0 0 0 1 1 0 0 0 0 ]

d_9_10=2.886824459394 s=[ 0 0 0 1 1 1 0 - - 1 1 1 0 1 0 0 1 1 1 1 0 0 1 1 1 1 ]

d_9_10=2.888844661414 s=[ 0 0 0 1 1 1 0 - - 0 1 0 1 0 1 1 1 0 0 0 1 1 0 0 0 0 ]

d_9_10=2.888844661414 s=[ 0 0 0 1 1 1 0 - - 1 1 1 0 1 0 0 1 1 1 1 0 0 1 1 1 1 ]

d_9_10=2.890864863434 s=[ 0 0 0 1 1 1 0 - - 1 1 1 0 1 0 0 1 1 1 1 0 0 1 1 1 1 ]

d_9_10=2.892885065455 s=[ 0 0 0 1 1 1 0 - - 1 1 1 0 1 0 0 1 1 1 1 0 0 1 1 1 1 ]

d_9_10=2.894905267475 s=[ 0 0 0 1 1 1 0 - - 1 1 1 0 1 0 0 1 1 1 1 0 0 1 1 1 1 ]

d_9_10=2.896925469495 s=[ 0 0 0 1 1 1 0 - - 1 1 1 0 1 0 0 1 1 1 1 0 0 1 1 1 1 ]

d_9_10=2.898945671515 s=[ 0 0 0 1 1 1 0 - - 1 1 1 0 1 0 0 1 1 1 1 0 0 1 1 1 1 ]

d_9_10=2.900965873535 s=[ 0 0 0 1 1 1 0 - - 1 1 1 0 1 0 0 1 1 1 1 0 0 1 1 1 1 ]

d_9_10=2.902986075556 s=[ 0 0 0 1 1 1 0 - - 1 1 1 0 1 0 0 1 1 1 1 0 0 1 1 1 1 ]

d_9_10=2.905006277576 s=[ 0 0 0 1 1 1 0 - - 1 1 1 0 1 0 0 1 1 1 1 0 0 1 1 1 1 ]

d_9_10=2.907026479596 s=[ 0 0 0 1 1 1 0 - - 1 1 1 0 1 0 0 1 1 1 1 0 0 1 1 1 1 ]

d_9_10=2.909046681616 s=[ 0 0 0 1 1 1 0 - + 1 1 0 1 0 1 0 0 0 0 0 1 1 0 0 0 0 ]

d_9_10=2.909046681616 s=[ 0 0 0 1 1 1 0 - - 1 1 1 0 1 0 0 1 1 1 1 0 0 1 1 1 1 ]

d_9_10=2.911066883636 s=[ 0 0 0 1 1 1 0 - + 1 1 0 1 0 1 0 0 0 0 0 1 1 0 0 0 0 ]

d_9_10=2.911066883636 s=[ 0 0 0 1 1 1 0 - - 1 1 1 0 1 0 0 1 1 1 1 0 0 1 1 1 1 ]

d_9_10=2.913087085657 s=[ 0 0 0 1 1 1 0 - + 1 1 0 1 0 1 0 0 0 0 0 1 1 0 0 0 0 ]

d_9_10=2.913087085657 s=[ 0 0 0 1 1 1 0 - - 1 1 1 0 1 0 0 1 1 1 1 0 0 1 1 1 1 ]

d_9_10=2.915107287677 s=[ 0 0 0 1 1 1 0 - - 1 1 1 0 1 0 0 1 1 1 1 0 0 1 1 1 1 ]

d_9_10=2.917127489697 s=[ 0 0 0 1 1 1 0 - - 1 1 1 0 1 0 0 1 1 1 1 0 0 1 1 1 1 ]

d_9_10=2.927228499798 s=[ 0 0 0 1 1 1 0 - + 0 0 0 1 0 1 0 1 0 0 0 1 1 0 0 0 0 ]

d_9_10=2.927228499798 s=[ 0 0 0 1 1 1 0 - + 1 1 0 1 0 1 0 1 1 1 1 0 0 1 1 1 1 ]

