order:    [ 1 13 14 0 25 24 23 22 21 20 18 17 16 19 15 12 7 8 11 10 9 6 2 5 4 3 ]
atoms:    [ CA CA C N C CA N C CA N C CA N H HA N CA C C CA N N C C CA N ]
residues: [ 0 4 4 0 7 7 7 6 6 6 5 5 5 5 4 4 2 2 3 3 3 2 0 1 1 1 ]

We use a different pair of symbles to represent the bits values which are associated with the HA and H of the discretized distance, and another one to represent the bits of other hydrogens.
For the HA and H from the discretized distance:
	"+" means 0
	"-" means 1
For any other hydrogens:
	">" means 0
	"<" means 1

d_19_15=3.480517480000 s=[ 0 0 0 0 1 1 1 1 0 0 0 1 0 + - 0 1 0 0 0 1 1 1 1 1 0 ]

d_19_15=3.480717680200 s=[ 0 0 0 0 1 1 1 1 0 0 0 1 0 + - 0 1 0 0 0 1 1 1 1 1 0 ]

d_19_15=3.480917880400 s=[ 0 0 0 0 1 1 1 1 0 0 0 1 0 + - 0 1 0 0 0 1 1 1 1 1 0 ]

d_19_15=3.481118080601 s=[ 0 0 0 0 1 1 1 1 0 0 0 1 0 + - 0 1 0 0 0 1 1 1 1 1 0 ]

d_19_15=3.481318280801 s=[ 0 0 0 0 1 1 1 1 0 0 0 1 0 + - 0 1 0 0 0 1 1 1 1 1 0 ]

d_19_15=3.481518481001 s=[ 0 0 0 0 1 1 1 1 0 0 0 1 0 + - 0 1 0 0 0 1 1 1 1 1 0 ]

d_19_15=3.481718681201 s=[ 0 0 0 0 1 1 1 1 0 0 0 1 0 + - 0 1 0 0 0 1 1 1 1 1 0 ]

d_19_15=3.481918881401 s=[ 0 0 0 0 1 1 1 1 0 0 0 1 0 + - 0 1 0 0 0 1 1 1 1 1 0 ]

d_19_15=3.499536499019 s=[ 0 0 0 0 1 1 1 1 0 0 0 1 0 + - 0 1 1 1 1 0 1 1 1 1 0 ]

d_19_15=3.499736699219 s=[ 0 0 0 0 1 1 1 1 0 0 0 1 0 + - 0 1 1 1 1 0 1 1 1 1 0 ]

d_19_15=3.499936899419 s=[ 0 0 0 0 1 1 1 1 0 0 0 1 0 + - 0 1 1 1 1 0 1 1 1 1 0 ]

d_19_15=3.500137099620 s=[ 0 0 0 0 1 1 1 1 0 0 0 1 0 + - 0 1 1 1 1 0 1 1 1 1 0 ]

d_19_15=3.500337299820 s=[ 0 0 0 0 1 1 1 1 0 0 0 1 0 + - 0 1 1 1 1 0 1 1 1 1 0 ]

d_19_15=3.500537500020 s=[ 0 0 0 0 1 1 1 1 0 0 0 1 0 + - 0 1 1 1 1 0 1 1 1 1 0 ]

d_19_15=3.500737700220 s=[ 0 0 0 0 1 1 1 1 0 0 0 1 0 + - 0 1 1 1 1 0 1 1 1 1 0 ]

d_19_15=3.500937900420 s=[ 0 0 0 0 1 1 1 1 0 0 0 1 0 + - 0 1 1 1 1 0 1 1 1 1 0 ]

d_19_15=3.501138100621 s=[ 0 0 0 0 1 1 1 1 0 0 0 1 0 + - 0 1 1 1 1 0 1 1 1 1 0 ]

d_19_15=3.501338300821 s=[ 0 0 0 0 1 1 1 1 0 0 0 1 0 + - 0 1 1 1 1 0 1 1 1 1 0 ]

d_19_15=3.540777740260 s=[ 0 0 0 0 1 1 1 1 0 0 0 1 0 + + 0 0 1 1 1 0 0 0 0 0 1 ]

d_19_15=3.540977940460 s=[ 0 0 0 0 1 1 1 1 0 0 0 1 0 + + 0 0 1 1 1 0 0 0 0 0 1 ]

d_19_15=3.541178140661 s=[ 0 0 0 0 1 1 1 1 0 0 0 1 0 + + 0 0 1 1 1 0 0 0 0 0 1 ]

d_19_15=3.541378340861 s=[ 0 0 0 0 1 1 1 1 0 0 0 1 0 + + 0 0 1 1 1 0 0 0 0 0 1 ]

d_19_15=3.541578541061 s=[ 0 0 0 0 1 1 1 1 0 0 0 1 0 + + 0 0 1 1 1 0 0 0 0 0 1 ]

d_19_15=3.541778741261 s=[ 0 0 0 0 1 1 1 1 0 0 0 1 0 + + 0 0 1 1 1 0 0 0 0 0 1 ]

d_19_15=3.541978941461 s=[ 0 0 0 0 1 1 1 1 0 0 0 1 0 + + 0 0 1 1 1 0 0 0 0 0 1 ]

d_19_15=3.542179141662 s=[ 0 0 0 0 1 1 1 1 0 0 0 1 0 + + 0 0 1 1 1 0 0 0 0 0 1 ]

d_19_15=3.542379341862 s=[ 0 0 0 0 1 1 1 1 0 0 0 1 0 + + 0 0 1 1 1 0 0 0 0 0 1 ]

d_19_15=3.542579542062 s=[ 0 0 0 0 1 1 1 1 0 0 0 1 0 + + 0 0 1 1 1 0 0 0 0 0 1 ]

d_19_15=3.542779742262 s=[ 0 0 0 0 1 1 1 1 0 0 0 1 0 + + 0 0 1 1 1 0 0 0 0 0 1 ]

d_19_15=3.542979942462 s=[ 0 0 0 0 1 1 1 1 0 0 0 1 0 + + 0 0 1 1 1 0 0 0 0 0 1 ]

d_19_15=3.543180142663 s=[ 0 0 0 0 1 1 1 1 0 0 0 1 0 + + 0 0 1 1 1 0 0 0 0 0 1 ]

d_19_15=3.543380342863 s=[ 0 0 0 0 1 1 1 1 0 0 0 1 0 + + 0 0 1 1 1 0 0 0 0 0 1 ]

d_19_15=3.543580543063 s=[ 0 0 0 0 1 1 1 1 0 0 0 1 0 + + 0 0 1 1 1 0 0 0 0 0 1 ]

d_19_15=3.543780743263 s=[ 0 0 0 0 1 1 1 1 0 0 0 1 0 + + 0 0 1 1 1 0 0 0 0 0 1 ]

d_19_15=3.543980943463 s=[ 0 0 0 0 1 1 1 1 0 0 0 1 0 + + 0 0 1 1 1 0 0 0 0 0 1 ]

d_19_15=3.544181143664 s=[ 0 0 0 0 1 1 1 1 0 0 0 1 0 + + 0 0 1 1 1 0 0 0 0 0 1 ]

d_19_15=3.544381343864 s=[ 0 0 0 0 1 1 1 1 0 0 0 1 0 + + 0 0 1 1 1 0 0 0 0 0 1 ]

d_19_15=3.544581544064 s=[ 0 0 0 0 1 1 1 1 0 0 0 1 0 + + 0 0 1 1 1 0 0 0 0 0 1 ]

d_19_15=3.549586549069 s=[ 0 0 0 0 1 1 1 1 0 0 0 1 0 + + 0 0 0 0 0 1 0 0 0 0 1 ]

d_19_15=3.549786749269 s=[ 0 0 0 0 1 1 1 1 0 0 0 1 0 + + 0 0 0 0 0 1 0 0 0 0 1 ]

d_19_15=3.549986949469 s=[ 0 0 0 0 1 1 1 1 0 0 0 1 0 + + 0 0 0 0 0 1 0 0 0 0 1 ]

d_19_15=3.550187149670 s=[ 0 0 0 0 1 1 1 1 0 0 0 1 0 + + 0 0 0 0 0 1 0 0 0 0 1 ]

d_19_15=3.550387349870 s=[ 0 0 0 0 1 1 1 1 0 0 0 1 0 + + 0 0 0 0 0 1 0 0 0 0 1 ]

d_19_15=3.550587550070 s=[ 0 0 0 0 1 1 1 1 0 0 0 1 0 + + 0 0 0 0 0 1 0 0 0 0 1 ]

d_19_15=3.550787750270 s=[ 0 0 0 0 1 1 1 1 0 0 0 1 0 + + 0 0 0 0 0 1 0 0 0 0 1 ]

d_19_15=3.550987950470 s=[ 0 0 0 0 1 1 1 1 0 0 0 1 0 + + 0 0 0 0 0 1 0 0 0 0 1 ]

d_19_15=3.551188150671 s=[ 0 0 0 0 1 1 1 1 0 0 0 1 0 + + 0 0 0 0 0 1 0 0 0 0 1 ]

d_19_15=3.551388350871 s=[ 0 0 0 0 1 1 1 1 0 0 0 1 0 + + 0 0 0 0 0 1 0 0 0 0 1 ]

d_19_15=3.551588551071 s=[ 0 0 0 0 1 1 1 1 0 0 0 1 0 + + 0 0 0 0 0 1 0 0 0 0 1 ]

d_19_15=3.551788751271 s=[ 0 0 0 0 1 1 1 1 0 0 0 1 0 + + 0 0 0 0 0 1 0 0 0 0 1 ]

d_19_15=3.551988951471 s=[ 0 0 0 0 1 1 1 1 0 0 0 1 0 + + 0 0 0 0 0 1 0 0 0 0 1 ]

d_19_15=3.552189151672 s=[ 0 0 0 0 1 1 1 1 0 0 0 1 0 + + 0 0 0 0 0 1 0 0 0 0 1 ]

d_19_15=3.552389351872 s=[ 0 0 0 0 1 1 1 1 0 0 0 1 0 + + 0 0 0 0 0 1 0 0 0 0 1 ]

d_19_15=3.552589552072 s=[ 0 0 0 0 1 1 1 1 0 0 0 1 0 + + 0 0 0 0 0 1 0 0 0 0 1 ]

d_19_15=3.552789752272 s=[ 0 0 0 0 1 1 1 1 0 0 0 1 0 + + 0 0 0 0 0 1 0 0 0 0 1 ]

d_19_15=3.552989952472 s=[ 0 0 0 0 1 1 1 1 0 0 0 1 0 + + 0 0 0 0 0 1 0 0 0 0 1 ]

d_19_15=3.556393355876 s=[ 0 0 0 0 1 1 1 1 0 0 0 1 0 + - 0 1 0 0 0 1 1 0 0 0 1 ]

d_19_15=3.556593556076 s=[ 0 0 0 0 1 1 1 1 0 0 0 1 0 + - 0 1 0 0 0 1 1 0 0 0 1 ]

d_19_15=3.556793756276 s=[ 0 0 0 0 1 1 1 1 0 0 0 1 0 + - 0 1 0 0 0 1 1 0 0 0 1 ]

d_19_15=3.556993956476 s=[ 0 0 0 0 1 1 1 1 0 0 0 1 0 + - 0 1 0 0 0 1 1 0 0 0 1 ]

d_19_15=3.557194156677 s=[ 0 0 0 0 1 1 1 1 0 0 0 1 0 + - 0 1 0 0 0 1 1 0 0 0 1 ]

d_19_15=3.557394356877 s=[ 0 0 0 0 1 1 1 1 0 0 0 1 0 + - 0 1 0 0 0 1 1 0 0 0 1 ]

d_19_15=3.557594557077 s=[ 0 0 0 0 1 1 1 1 0 0 0 1 0 + - 0 1 0 0 0 1 1 0 0 0 1 ]

d_19_15=3.557794757277 s=[ 0 0 0 0 1 1 1 1 0 0 0 1 0 + - 0 1 0 0 0 1 1 0 0 0 1 ]

d_19_15=3.557994957477 s=[ 0 0 0 0 1 1 1 1 0 0 0 1 0 + - 0 1 0 0 0 1 1 0 0 0 1 ]

d_19_15=3.558195157678 s=[ 0 0 0 0 1 1 1 1 0 0 0 1 0 + - 0 1 0 0 0 1 1 0 0 0 1 ]

d_19_15=3.558395357878 s=[ 0 0 0 0 1 1 1 1 0 0 0 1 0 + - 0 1 0 0 0 1 1 0 0 0 1 ]

d_19_15=3.565402364885 s=[ 0 0 0 0 1 1 1 1 0 0 0 1 0 + - 0 1 1 1 1 0 1 0 0 0 1 ]

d_19_15=3.565602565085 s=[ 0 0 0 0 1 1 1 1 0 0 0 1 0 + - 0 1 1 1 1 0 1 0 0 0 1 ]

d_19_15=3.565802765285 s=[ 0 0 0 0 1 1 1 1 0 0 0 1 0 + - 0 1 1 1 1 0 1 0 0 0 1 ]

d_19_15=3.566002965485 s=[ 0 0 0 0 1 1 1 1 0 0 0 1 0 + - 0 1 1 1 1 0 1 0 0 0 1 ]

d_19_15=3.566203165686 s=[ 0 0 0 0 1 1 1 1 0 0 0 1 0 + - 0 1 1 1 1 0 1 0 0 0 1 ]

d_19_15=3.566403365886 s=[ 0 0 0 0 1 1 1 1 0 0 0 1 0 + - 0 1 1 1 1 0 1 0 0 0 1 ]

d_19_15=3.566603566086 s=[ 0 0 0 0 1 1 1 1 0 0 0 1 0 + - 0 1 1 1 1 0 1 0 0 0 1 ]

d_19_15=3.566803766286 s=[ 0 0 0 0 1 1 1 1 0 0 0 1 0 + - 0 1 1 1 1 0 1 0 0 0 1 ]

d_19_15=3.567003966486 s=[ 0 0 0 0 1 1 1 1 0 0 0 1 0 + - 0 1 1 1 1 0 1 0 0 0 1 ]

d_19_15=3.614851814334 s=[ 0 0 0 0 1 1 1 1 0 0 0 1 0 + - 0 1 0 0 0 1 1 1 1 1 0 ]

d_19_15=3.614851814334 s=[ 0 0 0 0 1 1 1 1 0 0 0 1 0 + - 0 1 1 1 1 0 1 1 1 1 0 ]

d_19_15=3.615052014535 s=[ 0 0 0 0 1 1 1 1 0 0 0 1 0 + - 0 1 0 0 0 1 1 1 1 1 0 ]

d_19_15=3.615052014535 s=[ 0 0 0 0 1 1 1 1 0 0 0 1 0 + - 0 1 1 1 1 0 1 1 1 1 0 ]

d_19_15=3.615252214735 s=[ 0 0 0 0 1 1 1 1 0 0 0 1 0 + - 0 1 0 0 0 1 1 1 1 1 0 ]

d_19_15=3.615252214735 s=[ 0 0 0 0 1 1 1 1 0 0 0 1 0 + - 0 1 1 1 1 0 1 1 1 1 0 ]

d_19_15=3.615452414935 s=[ 0 0 0 0 1 1 1 1 0 0 0 1 0 + - 0 1 0 0 0 1 1 1 1 1 0 ]

d_19_15=3.615452414935 s=[ 0 0 0 0 1 1 1 1 0 0 0 1 0 + - 0 1 1 1 1 0 1 1 1 1 0 ]

d_19_15=3.615652615135 s=[ 0 0 0 0 1 1 1 1 0 0 0 1 0 + - 0 1 0 0 0 1 1 1 1 1 0 ]

d_19_15=3.615652615135 s=[ 0 0 0 0 1 1 1 1 0 0 0 1 0 + - 0 1 1 1 1 0 1 1 1 1 0 ]

d_19_15=3.615852815335 s=[ 0 0 0 0 1 1 1 1 0 0 0 1 0 + - 0 1 0 0 0 1 1 1 1 1 0 ]

d_19_15=3.615852815335 s=[ 0 0 0 0 1 1 1 1 0 0 0 1 0 + - 0 1 1 1 1 0 1 1 1 1 0 ]

d_19_15=3.617854817337 s=[ 0 0 0 0 1 1 1 1 0 0 0 1 0 + + 0 0 0 0 0 1 0 1 1 1 0 ]

d_19_15=3.618055017538 s=[ 0 0 0 0 1 1 1 1 0 0 0 1 0 + + 0 0 0 0 0 1 0 1 1 1 0 ]

d_19_15=3.618055017538 s=[ 0 0 0 0 1 1 1 1 0 0 0 1 0 + + 0 0 1 1 1 0 0 1 1 1 0 ]

d_19_15=3.618255217738 s=[ 0 0 0 0 1 1 1 1 0 0 0 1 0 + + 0 0 0 0 0 1 0 1 1 1 0 ]

d_19_15=3.618255217738 s=[ 0 0 0 0 1 1 1 1 0 0 0 1 0 + + 0 0 1 1 1 0 0 1 1 1 0 ]

d_19_15=3.618455417938 s=[ 0 0 0 0 1 1 1 1 0 0 0 1 0 + + 0 0 0 0 0 1 0 1 1 1 0 ]

d_19_15=3.618455417938 s=[ 0 0 0 0 1 1 1 1 0 0 0 1 0 + + 0 0 1 1 1 0 0 1 1 1 0 ]

d_19_15=3.618655618138 s=[ 0 0 0 0 1 1 1 1 0 0 0 1 0 + + 0 0 0 0 0 1 0 1 1 1 0 ]

d_19_15=3.618655618138 s=[ 0 0 0 0 1 1 1 1 0 0 0 1 0 + + 0 0 1 1 1 0 0 1 1 1 0 ]

d_19_15=3.618855818338 s=[ 0 0 0 0 1 1 1 1 0 0 0 1 0 + + 0 0 0 0 0 1 0 1 1 1 0 ]

d_19_15=3.618855818338 s=[ 0 0 0 0 1 1 1 1 0 0 0 1 0 + + 0 0 1 1 1 0 0 1 1 1 0 ]

d_19_15=3.619056018539 s=[ 0 0 0 0 1 1 1 1 0 0 0 1 0 + + 0 0 1 1 1 0 0 1 1 1 0 ]

d_19_15=3.633470432953 s=[ 0 0 0 0 1 1 1 1 0 0 0 1 0 + - 0 1 1 1 1 0 1 0 0 0 1 ]

d_19_15=3.633670633153 s=[ 0 0 0 0 1 1 1 1 0 0 0 1 0 + - 0 1 0 0 0 1 1 0 0 0 1 ]

d_19_15=3.633670633153 s=[ 0 0 0 0 1 1 1 1 0 0 0 1 0 + - 0 1 1 1 1 0 1 0 0 0 1 ]

d_19_15=3.633870833353 s=[ 0 0 0 0 1 1 1 1 0 0 0 1 0 + - 0 1 0 0 0 1 1 0 0 0 1 ]

d_19_15=3.633870833353 s=[ 0 0 0 0 1 1 1 1 0 0 0 1 0 + - 0 1 1 1 1 0 1 0 0 0 1 ]

d_19_15=3.634071033554 s=[ 0 0 0 0 1 1 1 1 0 0 0 1 0 + - 0 1 0 0 0 1 1 0 0 0 1 ]

d_19_15=3.634071033554 s=[ 0 0 0 0 1 1 1 1 0 0 0 1 0 + - 0 1 1 1 1 0 1 0 0 0 1 ]

d_19_15=3.634271233754 s=[ 0 0 0 0 1 1 1 1 0 0 0 1 0 + - 0 1 0 0 0 1 1 0 0 0 1 ]

d_19_15=3.634271233754 s=[ 0 0 0 0 1 1 1 1 0 0 0 1 0 + - 0 1 1 1 1 0 1 0 0 0 1 ]

d_19_15=3.634471433954 s=[ 0 0 0 0 1 1 1 1 0 0 0 1 0 + - 0 1 0 0 0 1 1 0 0 0 1 ]

d_19_15=3.634471433954 s=[ 0 0 0 0 1 1 1 1 0 0 0 1 0 + - 0 1 1 1 1 0 1 0 0 0 1 ]

d_19_15=3.634671634154 s=[ 0 0 0 0 1 1 1 1 0 0 0 1 0 + - 0 1 0 0 0 1 1 0 0 0 1 ]

d_19_15=3.634671634154 s=[ 0 0 0 0 1 1 1 1 0 0 0 1 0 + - 0 1 1 1 1 0 1 0 0 0 1 ]

d_19_15=3.634871834354 s=[ 0 0 0 0 1 1 1 1 0 0 0 1 0 + - 0 1 0 0 0 1 1 0 0 0 1 ]

d_19_15=3.634871834354 s=[ 0 0 0 0 1 1 1 1 0 0 0 1 0 + - 0 1 1 1 1 0 1 0 0 0 1 ]

d_19_15=3.635072034555 s=[ 0 0 0 0 1 1 1 1 0 0 0 1 0 + - 0 1 0 0 0 1 1 0 0 0 1 ]

d_19_15=3.635072034555 s=[ 0 0 0 0 1 1 1 1 0 0 0 1 0 + - 0 1 1 1 1 0 1 0 0 0 1 ]

d_19_15=3.635272234755 s=[ 0 0 0 0 1 1 1 1 0 0 0 1 0 + - 0 1 0 0 0 1 1 0 0 0 1 ]

d_19_15=3.635272234755 s=[ 0 0 0 0 1 1 1 1 0 0 0 1 0 + - 0 1 1 1 1 0 1 0 0 0 1 ]

d_19_15=3.635472434955 s=[ 0 0 0 0 1 1 1 1 0 0 0 1 0 + - 0 1 0 0 0 1 1 0 0 0 1 ]

d_19_15=3.646083045566 s=[ 0 0 0 0 1 1 1 1 0 0 0 1 0 + + 0 0 0 0 0 1 0 0 0 0 1 ]

d_19_15=3.646283245766 s=[ 0 0 0 0 1 1 1 1 0 0 0 1 0 + + 0 0 0 0 0 1 0 0 0 0 1 ]

d_19_15=3.646883846366 s=[ 0 0 0 0 1 1 1 1 0 0 0 1 0 + + 0 0 1 1 1 0 0 0 0 0 1 ]

d_19_15=3.647084046567 s=[ 0 0 0 0 1 1 1 1 0 0 0 1 0 + + 0 0 1 1 1 0 0 0 0 0 1 ]

d_19_15=3.647284246767 s=[ 0 0 0 0 1 1 1 1 0 0 0 1 0 + + 0 0 1 1 1 0 0 0 0 0 1 ]

d_19_15=3.651888851371 s=[ 0 0 0 0 1 1 1 1 0 0 0 1 0 + + 0 0 0 0 0 1 0 1 1 1 0 ]

d_19_15=3.651888851371 s=[ 0 0 0 0 1 1 1 1 0 0 0 1 0 + + 0 0 1 1 1 0 0 1 1 1 0 ]

d_19_15=3.652089051572 s=[ 0 0 0 0 1 1 1 1 0 0 0 1 0 + + 0 0 0 0 0 1 0 1 1 1 0 ]

d_19_15=3.652089051572 s=[ 0 0 0 0 1 1 1 1 0 0 0 1 0 + + 0 0 1 1 1 0 0 1 1 1 0 ]

d_19_15=3.652289251772 s=[ 0 0 0 0 1 1 1 1 0 0 0 1 0 + + 0 0 1 1 1 0 0 1 1 1 0 ]

d_19_15=3.480517480000 s=[ 0 0 0 1 0 0 0 0 1 1 1 0 1 + + 1 0 1 1 1 0 0 0 0 0 1 ]

d_19_15=3.480717680200 s=[ 0 0 0 1 0 0 0 0 1 1 1 0 1 + + 1 0 1 1 1 0 0 0 0 0 1 ]

d_19_15=3.480917880400 s=[ 0 0 0 1 0 0 0 0 1 1 1 0 1 + + 1 0 1 1 1 0 0 0 0 0 1 ]

d_19_15=3.481118080601 s=[ 0 0 0 1 0 0 0 0 1 1 1 0 1 + + 1 0 1 1 1 0 0 0 0 0 1 ]

d_19_15=3.481318280801 s=[ 0 0 0 1 0 0 0 0 1 1 1 0 1 + + 1 0 1 1 1 0 0 0 0 0 1 ]

d_19_15=3.481518481001 s=[ 0 0 0 1 0 0 0 0 1 1 1 0 1 + + 1 0 1 1 1 0 0 0 0 0 1 ]

d_19_15=3.481718681201 s=[ 0 0 0 1 0 0 0 0 1 1 1 0 1 + + 1 0 1 1 1 0 0 0 0 0 1 ]

d_19_15=3.481918881401 s=[ 0 0 0 1 0 0 0 0 1 1 1 0 1 + + 1 0 1 1 1 0 0 0 0 0 1 ]

d_19_15=3.499536499019 s=[ 0 0 0 1 0 0 0 0 1 1 1 0 1 + + 1 0 0 0 0 1 0 0 0 0 1 ]

d_19_15=3.499736699219 s=[ 0 0 0 1 0 0 0 0 1 1 1 0 1 + + 1 0 0 0 0 1 0 0 0 0 1 ]

d_19_15=3.499936899419 s=[ 0 0 0 1 0 0 0 0 1 1 1 0 1 + + 1 0 0 0 0 1 0 0 0 0 1 ]

d_19_15=3.500137099620 s=[ 0 0 0 1 0 0 0 0 1 1 1 0 1 + + 1 0 0 0 0 1 0 0 0 0 1 ]

d_19_15=3.500337299820 s=[ 0 0 0 1 0 0 0 0 1 1 1 0 1 + + 1 0 0 0 0 1 0 0 0 0 1 ]

d_19_15=3.500537500020 s=[ 0 0 0 1 0 0 0 0 1 1 1 0 1 + + 1 0 0 0 0 1 0 0 0 0 1 ]

d_19_15=3.500737700220 s=[ 0 0 0 1 0 0 0 0 1 1 1 0 1 + + 1 0 0 0 0 1 0 0 0 0 1 ]

d_19_15=3.500937900420 s=[ 0 0 0 1 0 0 0 0 1 1 1 0 1 + + 1 0 0 0 0 1 0 0 0 0 1 ]

d_19_15=3.501138100621 s=[ 0 0 0 1 0 0 0 0 1 1 1 0 1 + + 1 0 0 0 0 1 0 0 0 0 1 ]

d_19_15=3.501338300821 s=[ 0 0 0 1 0 0 0 0 1 1 1 0 1 + + 1 0 0 0 0 1 0 0 0 0 1 ]

d_19_15=3.540777740260 s=[ 0 0 0 1 0 0 0 0 1 1 1 0 1 + - 1 1 0 0 0 1 1 1 1 1 0 ]

d_19_15=3.540977940460 s=[ 0 0 0 1 0 0 0 0 1 1 1 0 1 + - 1 1 0 0 0 1 1 1 1 1 0 ]

d_19_15=3.541178140661 s=[ 0 0 0 1 0 0 0 0 1 1 1 0 1 + - 1 1 0 0 0 1 1 1 1 1 0 ]

d_19_15=3.541378340861 s=[ 0 0 0 1 0 0 0 0 1 1 1 0 1 + - 1 1 0 0 0 1 1 1 1 1 0 ]

d_19_15=3.541578541061 s=[ 0 0 0 1 0 0 0 0 1 1 1 0 1 + - 1 1 0 0 0 1 1 1 1 1 0 ]

d_19_15=3.541778741261 s=[ 0 0 0 1 0 0 0 0 1 1 1 0 1 + - 1 1 0 0 0 1 1 1 1 1 0 ]

d_19_15=3.541978941461 s=[ 0 0 0 1 0 0 0 0 1 1 1 0 1 + - 1 1 0 0 0 1 1 1 1 1 0 ]

d_19_15=3.542179141662 s=[ 0 0 0 1 0 0 0 0 1 1 1 0 1 + - 1 1 0 0 0 1 1 1 1 1 0 ]

d_19_15=3.542379341862 s=[ 0 0 0 1 0 0 0 0 1 1 1 0 1 + - 1 1 0 0 0 1 1 1 1 1 0 ]

d_19_15=3.542579542062 s=[ 0 0 0 1 0 0 0 0 1 1 1 0 1 + - 1 1 0 0 0 1 1 1 1 1 0 ]

d_19_15=3.542779742262 s=[ 0 0 0 1 0 0 0 0 1 1 1 0 1 + - 1 1 0 0 0 1 1 1 1 1 0 ]

d_19_15=3.542979942462 s=[ 0 0 0 1 0 0 0 0 1 1 1 0 1 + - 1 1 0 0 0 1 1 1 1 1 0 ]

d_19_15=3.543180142663 s=[ 0 0 0 1 0 0 0 0 1 1 1 0 1 + - 1 1 0 0 0 1 1 1 1 1 0 ]

d_19_15=3.543380342863 s=[ 0 0 0 1 0 0 0 0 1 1 1 0 1 + - 1 1 0 0 0 1 1 1 1 1 0 ]

d_19_15=3.543580543063 s=[ 0 0 0 1 0 0 0 0 1 1 1 0 1 + - 1 1 0 0 0 1 1 1 1 1 0 ]

d_19_15=3.543780743263 s=[ 0 0 0 1 0 0 0 0 1 1 1 0 1 + - 1 1 0 0 0 1 1 1 1 1 0 ]

d_19_15=3.543980943463 s=[ 0 0 0 1 0 0 0 0 1 1 1 0 1 + - 1 1 0 0 0 1 1 1 1 1 0 ]

d_19_15=3.544181143664 s=[ 0 0 0 1 0 0 0 0 1 1 1 0 1 + - 1 1 0 0 0 1 1 1 1 1 0 ]

d_19_15=3.544381343864 s=[ 0 0 0 1 0 0 0 0 1 1 1 0 1 + - 1 1 0 0 0 1 1 1 1 1 0 ]

d_19_15=3.544581544064 s=[ 0 0 0 1 0 0 0 0 1 1 1 0 1 + - 1 1 0 0 0 1 1 1 1 1 0 ]

d_19_15=3.549586549069 s=[ 0 0 0 1 0 0 0 0 1 1 1 0 1 + - 1 1 1 1 1 0 1 1 1 1 0 ]

d_19_15=3.549786749269 s=[ 0 0 0 1 0 0 0 0 1 1 1 0 1 + - 1 1 1 1 1 0 1 1 1 1 0 ]

d_19_15=3.549986949469 s=[ 0 0 0 1 0 0 0 0 1 1 1 0 1 + - 1 1 1 1 1 0 1 1 1 1 0 ]

d_19_15=3.550187149670 s=[ 0 0 0 1 0 0 0 0 1 1 1 0 1 + - 1 1 1 1 1 0 1 1 1 1 0 ]

d_19_15=3.550387349870 s=[ 0 0 0 1 0 0 0 0 1 1 1 0 1 + - 1 1 1 1 1 0 1 1 1 1 0 ]

d_19_15=3.550587550070 s=[ 0 0 0 1 0 0 0 0 1 1 1 0 1 + - 1 1 1 1 1 0 1 1 1 1 0 ]

d_19_15=3.550787750270 s=[ 0 0 0 1 0 0 0 0 1 1 1 0 1 + - 1 1 1 1 1 0 1 1 1 1 0 ]

d_19_15=3.550987950470 s=[ 0 0 0 1 0 0 0 0 1 1 1 0 1 + - 1 1 1 1 1 0 1 1 1 1 0 ]

d_19_15=3.551188150671 s=[ 0 0 0 1 0 0 0 0 1 1 1 0 1 + - 1 1 1 1 1 0 1 1 1 1 0 ]

d_19_15=3.551388350871 s=[ 0 0 0 1 0 0 0 0 1 1 1 0 1 + - 1 1 1 1 1 0 1 1 1 1 0 ]

d_19_15=3.551588551071 s=[ 0 0 0 1 0 0 0 0 1 1 1 0 1 + - 1 1 1 1 1 0 1 1 1 1 0 ]

d_19_15=3.551788751271 s=[ 0 0 0 1 0 0 0 0 1 1 1 0 1 + - 1 1 1 1 1 0 1 1 1 1 0 ]

d_19_15=3.551988951471 s=[ 0 0 0 1 0 0 0 0 1 1 1 0 1 + - 1 1 1 1 1 0 1 1 1 1 0 ]

d_19_15=3.552189151672 s=[ 0 0 0 1 0 0 0 0 1 1 1 0 1 + - 1 1 1 1 1 0 1 1 1 1 0 ]

d_19_15=3.552389351872 s=[ 0 0 0 1 0 0 0 0 1 1 1 0 1 + - 1 1 1 1 1 0 1 1 1 1 0 ]

d_19_15=3.552589552072 s=[ 0 0 0 1 0 0 0 0 1 1 1 0 1 + - 1 1 1 1 1 0 1 1 1 1 0 ]

d_19_15=3.552789752272 s=[ 0 0 0 1 0 0 0 0 1 1 1 0 1 + - 1 1 1 1 1 0 1 1 1 1 0 ]

d_19_15=3.552989952472 s=[ 0 0 0 1 0 0 0 0 1 1 1 0 1 + - 1 1 1 1 1 0 1 1 1 1 0 ]

d_19_15=3.556393355876 s=[ 0 0 0 1 0 0 0 0 1 1 1 0 1 + + 1 0 1 1 1 0 0 1 1 1 0 ]

d_19_15=3.556593556076 s=[ 0 0 0 1 0 0 0 0 1 1 1 0 1 + + 1 0 1 1 1 0 0 1 1 1 0 ]

d_19_15=3.556793756276 s=[ 0 0 0 1 0 0 0 0 1 1 1 0 1 + + 1 0 1 1 1 0 0 1 1 1 0 ]

d_19_15=3.556993956476 s=[ 0 0 0 1 0 0 0 0 1 1 1 0 1 + + 1 0 1 1 1 0 0 1 1 1 0 ]

d_19_15=3.557194156677 s=[ 0 0 0 1 0 0 0 0 1 1 1 0 1 + + 1 0 1 1 1 0 0 1 1 1 0 ]

d_19_15=3.557394356877 s=[ 0 0 0 1 0 0 0 0 1 1 1 0 1 + + 1 0 1 1 1 0 0 1 1 1 0 ]

d_19_15=3.557594557077 s=[ 0 0 0 1 0 0 0 0 1 1 1 0 1 + + 1 0 1 1 1 0 0 1 1 1 0 ]

d_19_15=3.557794757277 s=[ 0 0 0 1 0 0 0 0 1 1 1 0 1 + + 1 0 1 1 1 0 0 1 1 1 0 ]

d_19_15=3.557994957477 s=[ 0 0 0 1 0 0 0 0 1 1 1 0 1 + + 1 0 1 1 1 0 0 1 1 1 0 ]

d_19_15=3.558195157678 s=[ 0 0 0 1 0 0 0 0 1 1 1 0 1 + + 1 0 1 1 1 0 0 1 1 1 0 ]

d_19_15=3.558395357878 s=[ 0 0 0 1 0 0 0 0 1 1 1 0 1 + + 1 0 1 1 1 0 0 1 1 1 0 ]

d_19_15=3.565402364885 s=[ 0 0 0 1 0 0 0 0 1 1 1 0 1 + + 1 0 0 0 0 1 0 1 1 1 0 ]

d_19_15=3.565602565085 s=[ 0 0 0 1 0 0 0 0 1 1 1 0 1 + + 1 0 0 0 0 1 0 1 1 1 0 ]

d_19_15=3.565802765285 s=[ 0 0 0 1 0 0 0 0 1 1 1 0 1 + + 1 0 0 0 0 1 0 1 1 1 0 ]

d_19_15=3.566002965485 s=[ 0 0 0 1 0 0 0 0 1 1 1 0 1 + + 1 0 0 0 0 1 0 1 1 1 0 ]

d_19_15=3.566203165686 s=[ 0 0 0 1 0 0 0 0 1 1 1 0 1 + + 1 0 0 0 0 1 0 1 1 1 0 ]

d_19_15=3.566403365886 s=[ 0 0 0 1 0 0 0 0 1 1 1 0 1 + + 1 0 0 0 0 1 0 1 1 1 0 ]

d_19_15=3.566603566086 s=[ 0 0 0 1 0 0 0 0 1 1 1 0 1 + + 1 0 0 0 0 1 0 1 1 1 0 ]

d_19_15=3.566803766286 s=[ 0 0 0 1 0 0 0 0 1 1 1 0 1 + + 1 0 0 0 0 1 0 1 1 1 0 ]

d_19_15=3.567003966486 s=[ 0 0 0 1 0 0 0 0 1 1 1 0 1 + + 1 0 0 0 0 1 0 1 1 1 0 ]

d_19_15=3.614851814334 s=[ 0 0 0 1 0 0 0 0 1 1 1 0 1 + + 1 0 0 0 0 1 0 0 0 0 1 ]

d_19_15=3.614851814334 s=[ 0 0 0 1 0 0 0 0 1 1 1 0 1 + + 1 0 1 1 1 0 0 0 0 0 1 ]

d_19_15=3.615052014535 s=[ 0 0 0 1 0 0 0 0 1 1 1 0 1 + + 1 0 0 0 0 1 0 0 0 0 1 ]

d_19_15=3.615052014535 s=[ 0 0 0 1 0 0 0 0 1 1 1 0 1 + + 1 0 1 1 1 0 0 0 0 0 1 ]

d_19_15=3.615252214735 s=[ 0 0 0 1 0 0 0 0 1 1 1 0 1 + + 1 0 0 0 0 1 0 0 0 0 1 ]

d_19_15=3.615252214735 s=[ 0 0 0 1 0 0 0 0 1 1 1 0 1 + + 1 0 1 1 1 0 0 0 0 0 1 ]

d_19_15=3.615452414935 s=[ 0 0 0 1 0 0 0 0 1 1 1 0 1 + + 1 0 0 0 0 1 0 0 0 0 1 ]

d_19_15=3.615452414935 s=[ 0 0 0 1 0 0 0 0 1 1 1 0 1 + + 1 0 1 1 1 0 0 0 0 0 1 ]

d_19_15=3.615652615135 s=[ 0 0 0 1 0 0 0 0 1 1 1 0 1 + + 1 0 0 0 0 1 0 0 0 0 1 ]

d_19_15=3.615652615135 s=[ 0 0 0 1 0 0 0 0 1 1 1 0 1 + + 1 0 1 1 1 0 0 0 0 0 1 ]

d_19_15=3.615852815335 s=[ 0 0 0 1 0 0 0 0 1 1 1 0 1 + + 1 0 0 0 0 1 0 0 0 0 1 ]

d_19_15=3.615852815335 s=[ 0 0 0 1 0 0 0 0 1 1 1 0 1 + + 1 0 1 1 1 0 0 0 0 0 1 ]

d_19_15=3.617854817337 s=[ 0 0 0 1 0 0 0 0 1 1 1 0 1 + - 1 1 1 1 1 0 1 0 0 0 1 ]

d_19_15=3.618055017538 s=[ 0 0 0 1 0 0 0 0 1 1 1 0 1 + - 1 1 0 0 0 1 1 0 0 0 1 ]

d_19_15=3.618055017538 s=[ 0 0 0 1 0 0 0 0 1 1 1 0 1 + - 1 1 1 1 1 0 1 0 0 0 1 ]

d_19_15=3.618255217738 s=[ 0 0 0 1 0 0 0 0 1 1 1 0 1 + - 1 1 0 0 0 1 1 0 0 0 1 ]

d_19_15=3.618255217738 s=[ 0 0 0 1 0 0 0 0 1 1 1 0 1 + - 1 1 1 1 1 0 1 0 0 0 1 ]

d_19_15=3.618455417938 s=[ 0 0 0 1 0 0 0 0 1 1 1 0 1 + - 1 1 0 0 0 1 1 0 0 0 1 ]

d_19_15=3.618455417938 s=[ 0 0 0 1 0 0 0 0 1 1 1 0 1 + - 1 1 1 1 1 0 1 0 0 0 1 ]

d_19_15=3.618655618138 s=[ 0 0 0 1 0 0 0 0 1 1 1 0 1 + - 1 1 0 0 0 1 1 0 0 0 1 ]

d_19_15=3.618655618138 s=[ 0 0 0 1 0 0 0 0 1 1 1 0 1 + - 1 1 1 1 1 0 1 0 0 0 1 ]

d_19_15=3.618855818338 s=[ 0 0 0 1 0 0 0 0 1 1 1 0 1 + - 1 1 0 0 0 1 1 0 0 0 1 ]

d_19_15=3.618855818338 s=[ 0 0 0 1 0 0 0 0 1 1 1 0 1 + - 1 1 1 1 1 0 1 0 0 0 1 ]

d_19_15=3.619056018539 s=[ 0 0 0 1 0 0 0 0 1 1 1 0 1 + - 1 1 0 0 0 1 1 0 0 0 1 ]

d_19_15=3.633470432953 s=[ 0 0 0 1 0 0 0 0 1 1 1 0 1 + + 1 0 0 0 0 1 0 1 1 1 0 ]

d_19_15=3.633670633153 s=[ 0 0 0 1 0 0 0 0 1 1 1 0 1 + + 1 0 0 0 0 1 0 1 1 1 0 ]

d_19_15=3.633670633153 s=[ 0 0 0 1 0 0 0 0 1 1 1 0 1 + + 1 0 1 1 1 0 0 1 1 1 0 ]

d_19_15=3.633870833353 s=[ 0 0 0 1 0 0 0 0 1 1 1 0 1 + + 1 0 0 0 0 1 0 1 1 1 0 ]

d_19_15=3.633870833353 s=[ 0 0 0 1 0 0 0 0 1 1 1 0 1 + + 1 0 1 1 1 0 0 1 1 1 0 ]

d_19_15=3.634071033554 s=[ 0 0 0 1 0 0 0 0 1 1 1 0 1 + + 1 0 0 0 0 1 0 1 1 1 0 ]

d_19_15=3.634071033554 s=[ 0 0 0 1 0 0 0 0 1 1 1 0 1 + + 1 0 1 1 1 0 0 1 1 1 0 ]

d_19_15=3.634271233754 s=[ 0 0 0 1 0 0 0 0 1 1 1 0 1 + + 1 0 0 0 0 1 0 1 1 1 0 ]

d_19_15=3.634271233754 s=[ 0 0 0 1 0 0 0 0 1 1 1 0 1 + + 1 0 1 1 1 0 0 1 1 1 0 ]

d_19_15=3.634471433954 s=[ 0 0 0 1 0 0 0 0 1 1 1 0 1 + + 1 0 0 0 0 1 0 1 1 1 0 ]

d_19_15=3.634471433954 s=[ 0 0 0 1 0 0 0 0 1 1 1 0 1 + + 1 0 1 1 1 0 0 1 1 1 0 ]

d_19_15=3.634671634154 s=[ 0 0 0 1 0 0 0 0 1 1 1 0 1 + + 1 0 0 0 0 1 0 1 1 1 0 ]

d_19_15=3.634671634154 s=[ 0 0 0 1 0 0 0 0 1 1 1 0 1 + + 1 0 1 1 1 0 0 1 1 1 0 ]

d_19_15=3.634871834354 s=[ 0 0 0 1 0 0 0 0 1 1 1 0 1 + + 1 0 0 0 0 1 0 1 1 1 0 ]

d_19_15=3.634871834354 s=[ 0 0 0 1 0 0 0 0 1 1 1 0 1 + + 1 0 1 1 1 0 0 1 1 1 0 ]

d_19_15=3.635072034555 s=[ 0 0 0 1 0 0 0 0 1 1 1 0 1 + + 1 0 0 0 0 1 0 1 1 1 0 ]

d_19_15=3.635072034555 s=[ 0 0 0 1 0 0 0 0 1 1 1 0 1 + + 1 0 1 1 1 0 0 1 1 1 0 ]

d_19_15=3.635272234755 s=[ 0 0 0 1 0 0 0 0 1 1 1 0 1 + + 1 0 0 0 0 1 0 1 1 1 0 ]

d_19_15=3.635272234755 s=[ 0 0 0 1 0 0 0 0 1 1 1 0 1 + + 1 0 1 1 1 0 0 1 1 1 0 ]

d_19_15=3.635472434955 s=[ 0 0 0 1 0 0 0 0 1 1 1 0 1 + + 1 0 1 1 1 0 0 1 1 1 0 ]

d_19_15=3.646083045566 s=[ 0 0 0 1 0 0 0 0 1 1 1 0 1 + - 1 1 1 1 1 0 1 1 1 1 0 ]

d_19_15=3.646283245766 s=[ 0 0 0 1 0 0 0 0 1 1 1 0 1 + - 1 1 1 1 1 0 1 1 1 1 0 ]

d_19_15=3.646883846366 s=[ 0 0 0 1 0 0 0 0 1 1 1 0 1 + - 1 1 0 0 0 1 1 1 1 1 0 ]

d_19_15=3.647084046567 s=[ 0 0 0 1 0 0 0 0 1 1 1 0 1 + - 1 1 0 0 0 1 1 1 1 1 0 ]

d_19_15=3.647284246767 s=[ 0 0 0 1 0 0 0 0 1 1 1 0 1 + - 1 1 0 0 0 1 1 1 1 1 0 ]

d_19_15=3.651888851371 s=[ 0 0 0 1 0 0 0 0 1 1 1 0 1 + - 1 1 0 0 0 1 1 0 0 0 1 ]

d_19_15=3.651888851371 s=[ 0 0 0 1 0 0 0 0 1 1 1 0 1 + - 1 1 1 1 1 0 1 0 0 0 1 ]

d_19_15=3.652089051572 s=[ 0 0 0 1 0 0 0 0 1 1 1 0 1 + - 1 1 0 0 0 1 1 0 0 0 1 ]

d_19_15=3.652089051572 s=[ 0 0 0 1 0 0 0 0 1 1 1 0 1 + - 1 1 1 1 1 0 1 0 0 0 1 ]

d_19_15=3.652289251772 s=[ 0 0 0 1 0 0 0 0 1 1 1 0 1 + - 1 1 0 0 0 1 1 0 0 0 1 ]

