xyz12=( 7.673473 39.857177 14.281967 )
xyz12=( 7.719344 39.827074 14.314942 )
xyz12=( 9.304856 39.096425 14.016617 )
xyz12=( 9.300025 39.097627 14.022282 )
xyz12=( 9.280040 39.102725 14.045126 )
xyz12=( 7.874097 39.730686 14.402200 )
xyz12=( 7.900377 39.715008 14.413810 )
xyz12=( 8.105137 39.598648 14.477396 )
xyz12=( 8.105137 39.598648 14.477396 )
xyz12=( 9.054830 39.171520 14.249893 )
xyz12=( 9.054830 39.171520 14.249893 )
xyz12=( 8.209148 39.543079 14.493275 )
xyz12=( 8.209148 39.543079 14.493275 )
xyz12=( 8.885951 39.233431 14.355527 )
xyz12=( 8.831249 39.254991 14.382752 )
xyz12=( 8.831249 39.254991 14.382752 )
xyz12=( 9.423473 39.071413 13.856684 )
xyz12=( 9.387841 39.077906 13.909465 )
xyz12=( 7.822515 39.762008 14.376855 )
xyz12=( 7.828387 39.758404 14.379918 )
xyz12=( 7.852547 39.743680 14.392034 )
xyz12=( 9.262065 39.107477 14.064897 )
xyz12=( 9.239961 39.113525 14.088265 )
xyz12=( 9.061505 39.169232 14.244981 )
xyz12=( 9.061505 39.169232 14.244981 )
xyz12=( 8.112575 39.594600 14.478879 )
xyz12=( 8.112575 39.594600 14.478879 )
xyz12=( 8.967045 39.202778 14.309091 )
xyz12=( 8.967045 39.202778 14.309091 )
xyz12=( 8.296444 39.498124 14.498788 )
xyz12=( 8.354379 39.469109 14.498641 )
xyz12=( 8.354379 39.469109 14.498641 )
