xyz12=( 7.673473 39.857177 14.281967 )
xyz12=( 7.673908 39.856887 14.282298 )
xyz12=( 7.674343 39.856598 14.282628 )
xyz12=( 7.674779 39.856308 14.282958 )
xyz12=( 7.675215 39.856018 14.283288 )
xyz12=( 7.675652 39.855728 14.283618 )
xyz12=( 7.676089 39.855438 14.283948 )
xyz12=( 7.676526 39.855148 14.284278 )
xyz12=( 7.716543 39.828890 14.313032 )
xyz12=( 7.717016 39.828583 14.313355 )
xyz12=( 7.717490 39.828276 14.313678 )
xyz12=( 7.717963 39.827969 14.314002 )
xyz12=( 7.718438 39.827661 14.314325 )
xyz12=( 7.718912 39.827354 14.314648 )
xyz12=( 7.719387 39.827046 14.314971 )
xyz12=( 7.719863 39.826738 14.315294 )
xyz12=( 7.720339 39.826430 14.315617 )
xyz12=( 7.720815 39.826121 14.315940 )
xyz12=( 9.305677 39.096223 14.015650 )
xyz12=( 9.305202 39.096340 14.016210 )
xyz12=( 9.304727 39.096458 14.016770 )
xyz12=( 9.304251 39.096575 14.017331 )
xyz12=( 9.303774 39.096694 14.017892 )
xyz12=( 9.303297 39.096812 14.018452 )
xyz12=( 9.302819 39.096931 14.019014 )
xyz12=( 9.302340 39.097050 14.019575 )
xyz12=( 9.301861 39.097169 14.020136 )
xyz12=( 9.301381 39.097289 14.020698 )
xyz12=( 9.300901 39.097408 14.021260 )
xyz12=( 9.300420 39.097529 14.021822 )
xyz12=( 9.299938 39.097649 14.022384 )
xyz12=( 9.299456 39.097770 14.022946 )
xyz12=( 9.298973 39.097891 14.023509 )
xyz12=( 9.298489 39.098012 14.024071 )
xyz12=( 9.298005 39.098133 14.024634 )
xyz12=( 9.297520 39.098255 14.025197 )
xyz12=( 9.297034 39.098377 14.025761 )
xyz12=( 9.296548 39.098500 14.026324 )
xyz12=( 9.284180 39.101653 14.040470 )
xyz12=( 9.283676 39.101783 14.041038 )
xyz12=( 9.283172 39.101913 14.041607 )
xyz12=( 9.282667 39.102044 14.042176 )
xyz12=( 9.282162 39.102175 14.042745 )
xyz12=( 9.281655 39.102306 14.043314 )
xyz12=( 9.281148 39.102437 14.043883 )
xyz12=( 9.280641 39.102569 14.044452 )
xyz12=( 9.280132 39.102701 14.045022 )
xyz12=( 9.279623 39.102834 14.045592 )
xyz12=( 9.279114 39.102966 14.046162 )
xyz12=( 9.278603 39.103099 14.046732 )
xyz12=( 9.278092 39.103233 14.047303 )
xyz12=( 9.277580 39.103366 14.047873 )
xyz12=( 9.277068 39.103500 14.048444 )
xyz12=( 9.276555 39.103635 14.049015 )
xyz12=( 9.276041 39.103769 14.049586 )
xyz12=( 9.275526 39.103904 14.050158 )
xyz12=( 7.871274 39.732380 14.400902 )
xyz12=( 7.871907 39.732000 14.401194 )
xyz12=( 7.872540 39.731620 14.401485 )
xyz12=( 7.873173 39.731240 14.401777 )
xyz12=( 7.873808 39.730859 14.402068 )
xyz12=( 7.874443 39.730478 14.402359 )
xyz12=( 7.875079 39.730096 14.402650 )
xyz12=( 7.875716 39.729714 14.402940 )
xyz12=( 7.876354 39.729332 14.403231 )
xyz12=( 7.876992 39.728950 14.403521 )
xyz12=( 7.877631 39.728567 14.403811 )
xyz12=( 7.900498 39.714936 14.413861 )
xyz12=( 7.901167 39.714540 14.414145 )
xyz12=( 7.901835 39.714144 14.414429 )
xyz12=( 7.902505 39.713747 14.414713 )
xyz12=( 7.903176 39.713349 14.414996 )
xyz12=( 7.903847 39.712952 14.415279 )
xyz12=( 7.904520 39.712554 14.415562 )
xyz12=( 7.905193 39.712155 14.415845 )
xyz12=( 7.905867 39.711756 14.416128 )
xyz12=( 8.100006 39.601448 14.476341 )
xyz12=( 8.100006 39.601448 14.476341 )
xyz12=( 8.101009 39.600900 14.476550 )
xyz12=( 8.101009 39.600900 14.476550 )
xyz12=( 8.102015 39.600351 14.476757 )
xyz12=( 8.102015 39.600351 14.476757 )
xyz12=( 8.103022 39.599801 14.476965 )
xyz12=( 8.103022 39.599801 14.476965 )
xyz12=( 8.104033 39.599250 14.477171 )
xyz12=( 8.104033 39.599250 14.477171 )
xyz12=( 8.105045 39.598698 14.477378 )
xyz12=( 8.105045 39.598698 14.477378 )
xyz12=( 9.055000 39.171462 14.249769 )
xyz12=( 9.054067 39.171782 14.250451 )
xyz12=( 9.054067 39.171782 14.250451 )
xyz12=( 9.053132 39.172104 14.251133 )
xyz12=( 9.053132 39.172104 14.251133 )
xyz12=( 9.052194 39.172427 14.251816 )
xyz12=( 9.052194 39.172427 14.251816 )
xyz12=( 9.051254 39.172751 14.252500 )
xyz12=( 9.051254 39.172751 14.252500 )
xyz12=( 9.050312 39.173076 14.253184 )
xyz12=( 9.050312 39.173076 14.253184 )
xyz12=( 9.049367 39.173403 14.253869 )
xyz12=( 8.205354 39.545068 14.492876 )
xyz12=( 8.206654 39.544386 14.493014 )
xyz12=( 8.206654 39.544386 14.493014 )
xyz12=( 8.207958 39.543703 14.493151 )
xyz12=( 8.207958 39.543703 14.493151 )
xyz12=( 8.209267 39.543017 14.493287 )
xyz12=( 8.209267 39.543017 14.493287 )
xyz12=( 8.210581 39.542329 14.493422 )
xyz12=( 8.210581 39.542329 14.493422 )
xyz12=( 8.211900 39.541639 14.493556 )
xyz12=( 8.211900 39.541639 14.493556 )
xyz12=( 8.213223 39.540947 14.493688 )
xyz12=( 8.213223 39.540947 14.493688 )
xyz12=( 8.214551 39.540253 14.493819 )
xyz12=( 8.214551 39.540253 14.493819 )
xyz12=( 8.215884 39.539557 14.493950 )
xyz12=( 8.215884 39.539557 14.493950 )
xyz12=( 8.217222 39.538858 14.494079 )
xyz12=( 8.217222 39.538858 14.494079 )
xyz12=( 8.218565 39.538157 14.494207 )
xyz12=( 8.886685 39.233146 14.355139 )
xyz12=( 8.885067 39.233774 14.355992 )
xyz12=( 8.880149 39.235685 14.358567 )
xyz12=( 8.878488 39.236332 14.359430 )
xyz12=( 8.876816 39.236984 14.360296 )
xyz12=( 8.834746 39.253593 14.381106 )
xyz12=( 8.834746 39.253593 14.381106 )
xyz12=( 8.832728 39.254399 14.382057 )
xyz12=( 8.832728 39.254399 14.382057 )
xyz12=( 8.830692 39.255214 14.383013 )
xyz12=( 9.423473 39.071413 13.856684 )
xyz12=( 9.423139 39.071469 13.857201 )
xyz12=( 9.422805 39.071526 13.857718 )
xyz12=( 9.422470 39.071582 13.858236 )
xyz12=( 9.422135 39.071638 13.858753 )
xyz12=( 9.421799 39.071695 13.859271 )
xyz12=( 9.421464 39.071752 13.859789 )
xyz12=( 9.421127 39.071809 13.860307 )
xyz12=( 9.390040 39.077477 13.906340 )
xyz12=( 9.389669 39.077549 13.906869 )
xyz12=( 9.389297 39.077622 13.907397 )
xyz12=( 9.388925 39.077694 13.907926 )
xyz12=( 9.388553 39.077767 13.908455 )
xyz12=( 9.388180 39.077840 13.908984 )
xyz12=( 9.387807 39.077913 13.909513 )
xyz12=( 9.387433 39.077986 13.910043 )
xyz12=( 9.387059 39.078060 13.910572 )
xyz12=( 9.386684 39.078134 13.911102 )
xyz12=( 7.821516 39.762622 14.376329 )
xyz12=( 7.822094 39.762267 14.376633 )
xyz12=( 7.822672 39.761911 14.376938 )
xyz12=( 7.823252 39.761555 14.377242 )
xyz12=( 7.823832 39.761199 14.377546 )
xyz12=( 7.824412 39.760842 14.377850 )
xyz12=( 7.824993 39.760485 14.378153 )
xyz12=( 7.825575 39.760128 14.378457 )
xyz12=( 7.826158 39.759771 14.378760 )
xyz12=( 7.826741 39.759413 14.379064 )
xyz12=( 7.827324 39.759055 14.379367 )
xyz12=( 7.827909 39.758697 14.379670 )
xyz12=( 7.828494 39.758338 14.379973 )
xyz12=( 7.829080 39.757980 14.380276 )
xyz12=( 7.829666 39.757620 14.380578 )
xyz12=( 7.830253 39.757261 14.380881 )
xyz12=( 7.830840 39.756901 14.381183 )
xyz12=( 7.831429 39.756541 14.381485 )
xyz12=( 7.832017 39.756181 14.381788 )
xyz12=( 7.832607 39.755820 14.382090 )
xyz12=( 7.847561 39.746706 14.389596 )
xyz12=( 7.848168 39.746337 14.389894 )
xyz12=( 7.848775 39.745968 14.390193 )
xyz12=( 7.849384 39.745599 14.390491 )
xyz12=( 7.849993 39.745229 14.390789 )
xyz12=( 7.850602 39.744859 14.391087 )
xyz12=( 7.851213 39.744489 14.391384 )
xyz12=( 7.851824 39.744119 14.391682 )
xyz12=( 7.852436 39.743748 14.391980 )
xyz12=( 7.853048 39.743377 14.392277 )
xyz12=( 7.853662 39.743005 14.392574 )
xyz12=( 7.854276 39.742633 14.392871 )
xyz12=( 7.854890 39.742261 14.393168 )
xyz12=( 7.855506 39.741889 14.393465 )
xyz12=( 7.856122 39.741516 14.393761 )
xyz12=( 7.856738 39.741143 14.394058 )
xyz12=( 7.857356 39.740769 14.394354 )
xyz12=( 7.857974 39.740396 14.394650 )
xyz12=( 9.264427 39.106844 14.062340 )
xyz12=( 9.263898 39.106986 14.062914 )
xyz12=( 9.263368 39.107128 14.063488 )
xyz12=( 9.262838 39.107270 14.064062 )
xyz12=( 9.262307 39.107412 14.064636 )
xyz12=( 9.261775 39.107555 14.065211 )
xyz12=( 9.261242 39.107699 14.065786 )
xyz12=( 9.260709 39.107842 14.066361 )
xyz12=( 9.260175 39.107986 14.066936 )
xyz12=( 9.259640 39.108130 14.067511 )
xyz12=( 9.259104 39.108275 14.068087 )
xyz12=( 9.239858 39.113554 14.088371 )
xyz12=( 9.239294 39.113711 14.088955 )
xyz12=( 9.238728 39.113869 14.089539 )
xyz12=( 9.238162 39.114027 14.090123 )
xyz12=( 9.237595 39.114185 14.090707 )
xyz12=( 9.237027 39.114344 14.091291 )
xyz12=( 9.236459 39.114503 14.091876 )
xyz12=( 9.235889 39.114663 14.092461 )
xyz12=( 9.235318 39.114823 14.093046 )
xyz12=( 9.066102 39.167664 14.241562 )
xyz12=( 9.066102 39.167664 14.241562 )
xyz12=( 9.065204 39.167970 14.242232 )
xyz12=( 9.065204 39.167970 14.242232 )
xyz12=( 9.064303 39.168277 14.242903 )
xyz12=( 9.064303 39.168277 14.242903 )
xyz12=( 9.063400 39.168585 14.243575 )
xyz12=( 9.063400 39.168585 14.243575 )
xyz12=( 9.062495 39.168894 14.244247 )
xyz12=( 9.062495 39.168894 14.244247 )
xyz12=( 9.061587 39.169204 14.244919 )
xyz12=( 9.061587 39.169204 14.244919 )
xyz12=( 8.112387 39.594702 14.478842 )
xyz12=( 8.113425 39.594138 14.479045 )
xyz12=( 8.113425 39.594138 14.479045 )
xyz12=( 8.114466 39.593573 14.479247 )
xyz12=( 8.114466 39.593573 14.479247 )
xyz12=( 8.115509 39.593006 14.479449 )
xyz12=( 8.115509 39.593006 14.479449 )
xyz12=( 8.116554 39.592438 14.479650 )
xyz12=( 8.116554 39.592438 14.479650 )
xyz12=( 8.117603 39.591870 14.479850 )
xyz12=( 8.117603 39.591870 14.479850 )
xyz12=( 8.118653 39.591300 14.480050 )
xyz12=( 8.970532 39.201497 14.306923 )
xyz12=( 8.969338 39.201935 14.307667 )
xyz12=( 8.969338 39.201935 14.307667 )
xyz12=( 8.968139 39.202376 14.308413 )
xyz12=( 8.968139 39.202376 14.308413 )
xyz12=( 8.966935 39.202819 14.309159 )
xyz12=( 8.966935 39.202819 14.309159 )
xyz12=( 8.965726 39.203263 14.309907 )
xyz12=( 8.965726 39.203263 14.309907 )
xyz12=( 8.964513 39.203710 14.310656 )
xyz12=( 8.964513 39.203710 14.310656 )
xyz12=( 8.963295 39.204159 14.311406 )
xyz12=( 8.963295 39.204159 14.311406 )
xyz12=( 8.962073 39.204610 14.312158 )
xyz12=( 8.962073 39.204610 14.312158 )
xyz12=( 8.960845 39.205064 14.312910 )
xyz12=( 8.960845 39.205064 14.312910 )
xyz12=( 8.959612 39.205519 14.313664 )
xyz12=( 8.959612 39.205519 14.313664 )
xyz12=( 8.958375 39.205977 14.314419 )
xyz12=( 8.295661 39.498521 14.498770 )
xyz12=( 8.297387 39.497647 14.498810 )
xyz12=( 8.302625 39.494998 14.498916 )
xyz12=( 8.304392 39.494105 14.498946 )
xyz12=( 8.306171 39.493208 14.498974 )
xyz12=( 8.350698 39.470934 14.498739 )
xyz12=( 8.350698 39.470934 14.498739 )
xyz12=( 8.352822 39.469881 14.498684 )
xyz12=( 8.352822 39.469881 14.498684 )
xyz12=( 8.354965 39.468819 14.498624 )
