xyz12=( 42.672806 46.502138 6.545073 )
xyz12=( 43.439265 46.040863 7.120435 )
xyz12=( 43.481866 46.039359 7.155185 )
xyz12=( 42.600238 46.610976 6.498079 )
xyz12=( 42.596618 46.616992 6.495802 )
xyz12=( 42.596618 46.616992 6.495802 )
xyz12=( 42.593056 46.622974 6.493569 )
xyz12=( 42.593056 46.622974 6.493569 )
xyz12=( 43.504804 46.039470 7.174002 )
xyz12=( 43.510399 46.039595 7.178603 )
xyz12=( 43.515942 46.039757 7.183165 )
xyz12=( 42.542766 46.714843 6.462890 )
xyz12=( 42.539985 46.720381 6.461245 )
xyz12=( 42.537240 46.725899 6.459629 )
xyz12=( 42.534531 46.731396 6.458039 )
xyz12=( 42.531859 46.736874 6.456477 )
xyz12=( 42.506948 46.790671 6.442232 )
xyz12=( 42.504626 46.795960 6.440936 )
xyz12=( 42.502333 46.801234 6.439662 )
xyz12=( 43.676448 46.061258 7.317211 )
xyz12=( 43.680783 46.062303 7.320885 )
xyz12=( 43.739039 46.078832 7.370539 )
xyz12=( 42.441952 46.963395 6.408780 )
xyz12=( 42.440418 46.968290 6.408084 )
xyz12=( 42.438902 46.973177 6.407402 )
xyz12=( 42.437405 46.978055 6.406735 )
xyz12=( 42.435926 46.982925 6.406082 )
xyz12=( 42.434465 46.987786 6.405442 )
xyz12=( 42.433023 46.992639 6.404817 )
xyz12=( 42.431598 46.997484 6.404205 )
xyz12=( 43.440211 46.040805 7.121204 )
xyz12=( 42.597533 46.615465 6.496377 )
xyz12=( 42.597533 46.615465 6.496377 )
xyz12=( 42.593964 46.621444 6.494137 )
xyz12=( 42.593964 46.621444 6.494137 )
xyz12=( 43.505779 46.039489 7.174803 )
xyz12=( 43.511376 46.039621 7.179407 )
xyz12=( 43.516920 46.039790 7.183971 )
xyz12=( 42.540775 46.718802 6.461712 )
xyz12=( 42.538024 46.724317 6.460090 )
xyz12=( 42.535309 46.729813 6.458495 )
xyz12=( 42.532630 46.735288 6.456927 )
xyz12=( 42.505332 46.794348 6.441329 )
xyz12=( 42.503033 46.799619 6.440050 )
xyz12=( 43.673087 46.060465 7.314364 )
xyz12=( 43.677447 46.061497 7.318058 )
xyz12=( 43.736014 46.077858 7.367947 )
xyz12=( 42.442480 46.961725 6.409020 )
xyz12=( 42.440940 46.966619 6.408320 )
xyz12=( 42.439419 46.971505 6.407634 )
xyz12=( 42.437917 46.976382 6.406962 )
xyz12=( 42.436433 46.981250 6.406305 )
xyz12=( 42.434967 46.986110 6.405661 )
xyz12=( 42.433520 46.990961 6.405032 )
xyz12=( 42.432090 46.995805 6.404416 )
xyz12=( 42.416216 47.053560 6.398033 )
xyz12=( 43.069184 46.148992 6.829468 )
xyz12=( 43.069184 46.148992 6.829468 )
xyz12=( 42.397225 47.135875 6.391915 )
xyz12=( 43.074548 46.146135 6.833538 )
xyz12=( 43.074548 46.146135 6.833538 )
xyz12=( 42.395783 47.142968 6.391547 )
xyz12=( 42.394383 47.150006 6.391207 )
xyz12=( 43.160547 46.105833 6.899410 )
xyz12=( 43.165347 46.103880 6.903121 )
xyz12=( 43.170122 46.101968 6.906816 )
xyz12=( 43.174872 46.100095 6.910495 )
xyz12=( 43.225676 46.081911 6.950054 )
xyz12=( 43.230172 46.080461 6.953574 )
xyz12=( 42.366607 47.352604 6.391696 )
xyz12=( 42.366164 47.358386 6.391997 )
xyz12=( 42.362058 47.436733 6.397625 )
xyz12=( 43.365664 46.048674 7.060996 )
xyz12=( 43.369675 46.048078 7.064216 )
xyz12=( 43.373675 46.047504 7.067429 )
xyz12=( 43.377663 46.046950 7.070635 )
xyz12=( 43.381640 46.046418 7.073834 )
xyz12=( 43.385606 46.045906 7.077026 )
xyz12=( 43.389561 46.045414 7.080212 )
xyz12=( 43.393505 46.044943 7.083391 )
xyz12=( 42.965407 46.212749 6.751715 )
xyz12=( 42.416518 47.052383 6.398146 )
xyz12=( 42.403704 47.105686 6.393760 )
xyz12=( 43.065149 46.151168 6.826411 )
xyz12=( 43.070554 46.148258 6.830508 )
xyz12=( 43.070554 46.148258 6.830508 )
xyz12=( 42.397479 47.134641 6.391981 )
xyz12=( 43.075919 46.145411 6.834579 )
xyz12=( 43.075919 46.145411 6.834579 )
xyz12=( 42.396032 47.141730 6.391609 )
xyz12=( 42.394628 47.148763 6.391265 )
xyz12=( 43.157097 46.107256 6.896745 )
xyz12=( 43.161922 46.105271 6.900473 )
xyz12=( 43.166721 46.103327 6.904184 )
xyz12=( 43.171497 46.101423 6.907880 )
xyz12=( 43.176247 46.099559 6.911561 )
xyz12=( 43.222535 46.082938 6.947598 )
xyz12=( 43.227051 46.081464 6.951131 )
xyz12=( 43.231548 46.080023 6.954652 )
xyz12=( 42.366264 47.357061 6.391926 )
xyz12=( 42.365838 47.362815 6.392238 )
xyz12=( 42.361941 47.440815 6.397997 )
xyz12=( 43.367033 46.048469 7.062095 )
xyz12=( 43.371044 46.047880 7.065315 )
xyz12=( 43.375043 46.047312 7.068529 )
xyz12=( 43.379031 46.046765 7.071735 )
xyz12=( 43.383008 46.046239 7.074934 )
xyz12=( 43.386973 46.045734 7.078127 )
xyz12=( 43.390927 46.045249 7.081313 )
xyz12=( 43.394871 46.044784 7.084492 )
