order:    [ 1 13 14 0 25 24 23 22 21 20 18 17 16 19 15 12 7 8 11 10 9 6 2 5 4 3 ]
atoms:    [ CA CA C N C CA N C CA N C CA N H HA N CA C C CA N N C C CA N ]
residues: [ 0 4 4 0 7 7 7 6 6 6 5 5 5 5 4 4 2 2 3 3 3 2 0 1 1 1 ]

We use a different pair of symbles to represent the bits values which are associated with the HA and H of the discretized distance, and another one to represent the bits of other hydrogens.
For the HA and H from the discretized distance:
	"+" means 0
	"-" means 1
For any other hydrogens:
	">" means 0
	"<" means 1

d_19_15=2.312246164444 s=[ 0 0 0 0 0 1 0 0 1 1 0 1 0 + - 0 0 1 1 1 0 0 1 1 1 0 ]

d_19_15=2.378912831111 s=[ 0 0 0 0 0 1 0 0 1 1 0 1 0 + - 0 0 1 1 1 0 1 0 0 0 1 ]

d_19_15=2.445579497778 s=[ 0 0 0 0 0 1 0 0 1 1 0 1 0 + + 0 1 0 0 0 1 1 0 0 0 1 ]

d_19_15=2.312246164444 s=[ 0 0 0 0 0 1 0 0 1 1 0 1 0 - - 0 0 1 1 1 0 0 1 1 1 0 ]

d_19_15=2.378912831111 s=[ 0 0 0 0 0 1 0 0 1 1 0 1 0 - - 0 0 1 1 1 0 1 0 0 0 1 ]

d_19_15=2.445579497778 s=[ 0 0 0 0 0 1 0 0 1 1 0 1 0 - + 0 1 0 0 0 1 1 0 0 0 1 ]

d_19_15=2.312246164444 s=[ 0 0 0 1 1 0 1 1 0 0 1 0 1 + + 1 1 0 0 0 1 1 0 0 0 1 ]

d_19_15=2.378912831111 s=[ 0 0 0 1 1 0 1 1 0 0 1 0 1 + + 1 1 0 0 0 1 0 1 1 1 0 ]

d_19_15=2.445579497778 s=[ 0 0 0 1 1 0 1 1 0 0 1 0 1 + - 1 0 1 1 1 0 0 1 1 1 0 ]

d_19_15=2.312246164444 s=[ 0 0 0 1 1 0 1 1 0 0 1 0 1 - + 1 1 0 0 0 1 1 0 0 0 1 ]

d_19_15=2.378912831111 s=[ 0 0 0 1 1 0 1 1 0 0 1 0 1 - + 1 1 0 0 0 1 0 1 1 1 0 ]

d_19_15=2.445579497778 s=[ 0 0 0 1 1 0 1 1 0 0 1 0 1 - - 1 0 1 1 1 0 0 1 1 1 0 ]

