order:    [ 1 13 14 0 25 24 23 22 21 20 18 17 16 19 15 12 7 8 11 10 9 6 2 5 4 3 ]
atoms:    [ CA CA C N C CA N C CA N C CA N H HA N CA C C CA N N C C CA N ]
residues: [ 0 4 4 0 7 7 7 6 6 6 5 5 5 5 4 4 2 2 3 3 3 2 0 1 1 1 ]

We use a different pair of symbles to represent the bits values which are associated with the HA and H of the discretized distance, and another one to represent the bits of other hydrogens.
For the HA and H from the discretized distance:
	"+" means 0
	"-" means 1
For any other hydrogens:
	">" means 0
	"<" means 1

d_19_15=2.269803722002 s=[ 0 0 0 0 0 1 0 0 1 1 0 1 0 + + 0 0 1 1 1 0 0 1 1 1 0 ]

d_19_15=2.270003922202 s=[ 0 0 0 0 0 1 0 0 1 1 0 1 0 + + 0 0 1 1 1 0 0 1 1 1 0 ]

d_19_15=2.270204122402 s=[ 0 0 0 0 0 1 0 0 1 1 0 1 0 + + 0 0 1 1 1 0 0 1 1 1 0 ]

d_19_15=2.270404322603 s=[ 0 0 0 0 0 1 0 0 1 1 0 1 0 + + 0 0 1 1 1 0 0 1 1 1 0 ]

d_19_15=2.270604522803 s=[ 0 0 0 0 0 1 0 0 1 1 0 1 0 + + 0 0 1 1 1 0 0 1 1 1 0 ]

d_19_15=2.270804723003 s=[ 0 0 0 0 0 1 0 0 1 1 0 1 0 + + 0 0 1 1 1 0 0 1 1 1 0 ]

d_19_15=2.271004923203 s=[ 0 0 0 0 0 1 0 0 1 1 0 1 0 + + 0 0 1 1 1 0 0 1 1 1 0 ]

d_19_15=2.271205123403 s=[ 0 0 0 0 0 1 0 0 1 1 0 1 0 + + 0 0 1 1 1 0 0 1 1 1 0 ]

d_19_15=2.284818737017 s=[ 0 0 0 0 0 1 0 0 1 1 0 1 0 + - 0 1 1 1 1 0 1 1 1 1 0 ]

d_19_15=2.285018937217 s=[ 0 0 0 0 0 1 0 0 1 1 0 1 0 + - 0 1 1 1 1 0 1 1 1 1 0 ]

d_19_15=2.285219137417 s=[ 0 0 0 0 0 1 0 0 1 1 0 1 0 + - 0 1 1 1 1 0 1 1 1 1 0 ]

d_19_15=2.285419337618 s=[ 0 0 0 0 0 1 0 0 1 1 0 1 0 + - 0 1 1 1 1 0 1 1 1 1 0 ]

d_19_15=2.285619537818 s=[ 0 0 0 0 0 1 0 0 1 1 0 1 0 + - 0 1 1 1 1 0 1 1 1 1 0 ]

d_19_15=2.285819738018 s=[ 0 0 0 0 0 1 0 0 1 1 0 1 0 + - 0 1 1 1 1 0 1 1 1 1 0 ]

d_19_15=2.286019938218 s=[ 0 0 0 0 0 1 0 0 1 1 0 1 0 + - 0 1 1 1 1 0 1 1 1 1 0 ]

d_19_15=2.286220138418 s=[ 0 0 0 0 0 1 0 0 1 1 0 1 0 + - 0 1 1 1 1 0 1 1 1 1 0 ]

d_19_15=2.286420338619 s=[ 0 0 0 0 0 1 0 0 1 1 0 1 0 + - 0 1 1 1 1 0 1 1 1 1 0 ]

d_19_15=2.299833752032 s=[ 0 0 0 0 0 1 0 0 1 1 0 1 0 + - 0 0 0 0 0 1 0 0 0 0 1 ]

d_19_15=2.300033952232 s=[ 0 0 0 0 0 1 0 0 1 1 0 1 0 + - 0 0 0 0 0 1 0 0 0 0 1 ]

d_19_15=2.300234152432 s=[ 0 0 0 0 0 1 0 0 1 1 0 1 0 + - 0 0 0 0 0 1 0 0 0 0 1 ]

d_19_15=2.301034953233 s=[ 0 0 0 0 0 1 0 0 1 1 0 1 0 + - 0 0 0 0 0 1 1 1 1 1 0 ]

d_19_15=2.301235153433 s=[ 0 0 0 0 0 1 0 0 1 1 0 1 0 + - 0 0 0 0 0 1 1 1 1 1 0 ]

d_19_15=2.301435353634 s=[ 0 0 0 0 0 1 0 0 1 1 0 1 0 + - 0 0 0 0 0 1 1 1 1 1 0 ]

d_19_15=2.303837756036 s=[ 0 0 0 0 0 1 0 0 1 1 0 1 0 + + 0 0 0 0 0 1 1 0 0 0 1 ]

d_19_15=2.304037956236 s=[ 0 0 0 0 0 1 0 0 1 1 0 1 0 + + 0 0 0 0 0 1 1 0 0 0 1 ]

d_19_15=2.304238156436 s=[ 0 0 0 0 0 1 0 0 1 1 0 1 0 + + 0 0 0 0 0 1 1 0 0 0 1 ]

d_19_15=2.304438356637 s=[ 0 0 0 0 0 1 0 0 1 1 0 1 0 + + 0 0 0 0 0 1 1 0 0 0 1 ]

d_19_15=2.304638556837 s=[ 0 0 0 0 0 1 0 0 1 1 0 1 0 + + 0 0 0 0 0 1 1 0 0 0 1 ]

d_19_15=2.304638556837 s=[ 0 0 0 0 0 1 0 0 1 1 0 1 0 + + 0 1 1 1 1 0 0 1 1 1 0 ]

d_19_15=2.304838757037 s=[ 0 0 0 0 0 1 0 0 1 1 0 1 0 + + 0 0 0 0 0 1 1 0 0 0 1 ]

d_19_15=2.304838757037 s=[ 0 0 0 0 0 1 0 0 1 1 0 1 0 + + 0 1 1 1 1 0 0 1 1 1 0 ]

d_19_15=2.305038957237 s=[ 0 0 0 0 0 1 0 0 1 1 0 1 0 + + 0 0 0 0 0 1 1 0 0 0 1 ]

d_19_15=2.305038957237 s=[ 0 0 0 0 0 1 0 0 1 1 0 1 0 + + 0 1 1 1 1 0 0 1 1 1 0 ]

d_19_15=2.305239157437 s=[ 0 0 0 0 0 1 0 0 1 1 0 1 0 + + 0 0 0 0 0 1 1 0 0 0 1 ]

d_19_15=2.305239157437 s=[ 0 0 0 0 0 1 0 0 1 1 0 1 0 + + 0 1 1 1 1 0 0 1 1 1 0 ]

d_19_15=2.305439357638 s=[ 0 0 0 0 0 1 0 0 1 1 0 1 0 + + 0 0 0 0 0 1 1 0 0 0 1 ]

d_19_15=2.305439357638 s=[ 0 0 0 0 0 1 0 0 1 1 0 1 0 + + 0 1 1 1 1 0 0 1 1 1 0 ]

d_19_15=2.305639557838 s=[ 0 0 0 0 0 1 0 0 1 1 0 1 0 + + 0 0 0 0 0 1 1 0 0 0 1 ]

d_19_15=2.305639557838 s=[ 0 0 0 0 0 1 0 0 1 1 0 1 0 + + 0 1 1 1 1 0 0 1 1 1 0 ]

d_19_15=2.305839758038 s=[ 0 0 0 0 0 1 0 0 1 1 0 1 0 + + 0 0 0 0 0 1 1 0 0 0 1 ]

d_19_15=2.305839758038 s=[ 0 0 0 0 0 1 0 0 1 1 0 1 0 + + 0 1 1 1 1 0 0 1 1 1 0 ]

d_19_15=2.306039958238 s=[ 0 0 0 0 0 1 0 0 1 1 0 1 0 + + 0 0 0 0 0 1 1 0 0 0 1 ]

d_19_15=2.306039958238 s=[ 0 0 0 0 0 1 0 0 1 1 0 1 0 + + 0 1 1 1 1 0 0 1 1 1 0 ]

d_19_15=2.306039958238 s=[ 0 0 0 0 0 1 0 0 1 1 0 1 0 + - 0 1 1 1 1 0 0 0 0 0 1 ]

d_19_15=2.306240158438 s=[ 0 0 0 0 0 1 0 0 1 1 0 1 0 + + 0 0 0 0 0 1 1 0 0 0 1 ]

d_19_15=2.306240158438 s=[ 0 0 0 0 0 1 0 0 1 1 0 1 0 + + 0 1 1 1 1 0 0 1 1 1 0 ]

d_19_15=2.306440358639 s=[ 0 0 0 0 0 1 0 0 1 1 0 1 0 + + 0 0 0 0 0 1 1 0 0 0 1 ]

d_19_15=2.306440358639 s=[ 0 0 0 0 0 1 0 0 1 1 0 1 0 + + 0 1 1 1 1 0 0 1 1 1 0 ]

d_19_15=2.306640558839 s=[ 0 0 0 0 0 1 0 0 1 1 0 1 0 + + 0 0 0 0 0 1 1 0 0 0 1 ]

d_19_15=2.306640558839 s=[ 0 0 0 0 0 1 0 0 1 1 0 1 0 + + 0 1 1 1 1 0 0 1 1 1 0 ]

d_19_15=2.306840759039 s=[ 0 0 0 0 0 1 0 0 1 1 0 1 0 + + 0 0 0 0 0 1 1 0 0 0 1 ]

d_19_15=2.306840759039 s=[ 0 0 0 0 0 1 0 0 1 1 0 1 0 + + 0 1 1 1 1 0 0 1 1 1 0 ]

d_19_15=2.307040959239 s=[ 0 0 0 0 0 1 0 0 1 1 0 1 0 + + 0 0 0 0 0 1 1 0 0 0 1 ]

d_19_15=2.307040959239 s=[ 0 0 0 0 0 1 0 0 1 1 0 1 0 + + 0 1 1 1 1 0 0 1 1 1 0 ]

d_19_15=2.307241159439 s=[ 0 0 0 0 0 1 0 0 1 1 0 1 0 + + 0 0 0 0 0 1 1 0 0 0 1 ]

d_19_15=2.307241159439 s=[ 0 0 0 0 0 1 0 0 1 1 0 1 0 + + 0 1 1 1 1 0 0 1 1 1 0 ]

d_19_15=2.307241159439 s=[ 0 0 0 0 0 1 0 0 1 1 0 1 0 + - 0 0 1 1 1 0 0 1 1 1 0 ]

d_19_15=2.307441359640 s=[ 0 0 0 0 0 1 0 0 1 1 0 1 0 + + 0 0 0 0 0 1 1 0 0 0 1 ]

d_19_15=2.307441359640 s=[ 0 0 0 0 0 1 0 0 1 1 0 1 0 + + 0 1 1 1 1 0 0 1 1 1 0 ]

d_19_15=2.307441359640 s=[ 0 0 0 0 0 1 0 0 1 1 0 1 0 + - 0 0 1 1 1 0 0 1 1 1 0 ]

d_19_15=2.307641559840 s=[ 0 0 0 0 0 1 0 0 1 1 0 1 0 + + 0 0 0 0 0 1 1 0 0 0 1 ]

d_19_15=2.307641559840 s=[ 0 0 0 0 0 1 0 0 1 1 0 1 0 + + 0 1 1 1 1 0 0 1 1 1 0 ]

d_19_15=2.307641559840 s=[ 0 0 0 0 0 1 0 0 1 1 0 1 0 + - 0 0 1 1 1 0 0 1 1 1 0 ]

d_19_15=2.307841760040 s=[ 0 0 0 0 0 1 0 0 1 1 0 1 0 + + 0 0 0 0 0 1 1 0 0 0 1 ]

d_19_15=2.307841760040 s=[ 0 0 0 0 0 1 0 0 1 1 0 1 0 + + 0 1 1 1 1 0 0 1 1 1 0 ]

d_19_15=2.307841760040 s=[ 0 0 0 0 0 1 0 0 1 1 0 1 0 + - 0 0 1 1 1 0 0 1 1 1 0 ]

d_19_15=2.308041960240 s=[ 0 0 0 0 0 1 0 0 1 1 0 1 0 + + 0 0 0 0 0 1 1 0 0 0 1 ]

d_19_15=2.308041960240 s=[ 0 0 0 0 0 1 0 0 1 1 0 1 0 + + 0 1 1 1 1 0 0 1 1 1 0 ]

d_19_15=2.308041960240 s=[ 0 0 0 0 0 1 0 0 1 1 0 1 0 + - 0 0 1 1 1 0 0 1 1 1 0 ]

d_19_15=2.308242160440 s=[ 0 0 0 0 0 1 0 0 1 1 0 1 0 + + 0 0 0 0 0 1 1 0 0 0 1 ]

d_19_15=2.308242160440 s=[ 0 0 0 0 0 1 0 0 1 1 0 1 0 + + 0 1 1 1 1 0 0 1 1 1 0 ]

d_19_15=2.308242160440 s=[ 0 0 0 0 0 1 0 0 1 1 0 1 0 + - 0 0 1 1 1 0 0 1 1 1 0 ]

d_19_15=2.308442360641 s=[ 0 0 0 0 0 1 0 0 1 1 0 1 0 + + 0 0 0 0 0 1 1 0 0 0 1 ]

d_19_15=2.308442360641 s=[ 0 0 0 0 0 1 0 0 1 1 0 1 0 + + 0 1 1 1 1 0 0 1 1 1 0 ]

d_19_15=2.308442360641 s=[ 0 0 0 0 0 1 0 0 1 1 0 1 0 + - 0 0 1 1 1 0 0 1 1 1 0 ]

d_19_15=2.308642560841 s=[ 0 0 0 0 0 1 0 0 1 1 0 1 0 + + 0 0 0 0 0 1 1 0 0 0 1 ]

d_19_15=2.308642560841 s=[ 0 0 0 0 0 1 0 0 1 1 0 1 0 + + 0 1 1 1 1 0 0 1 1 1 0 ]

d_19_15=2.308642560841 s=[ 0 0 0 0 0 1 0 0 1 1 0 1 0 + - 0 0 1 1 1 0 0 1 1 1 0 ]

d_19_15=2.308842761041 s=[ 0 0 0 0 0 1 0 0 1 1 0 1 0 + + 0 0 0 0 0 1 1 0 0 0 1 ]

d_19_15=2.308842761041 s=[ 0 0 0 0 0 1 0 0 1 1 0 1 0 + + 0 1 1 1 1 0 0 1 1 1 0 ]

d_19_15=2.308842761041 s=[ 0 0 0 0 0 1 0 0 1 1 0 1 0 + - 0 0 1 1 1 0 0 1 1 1 0 ]

d_19_15=2.309042961241 s=[ 0 0 0 0 0 1 0 0 1 1 0 1 0 + + 0 0 0 0 0 1 1 0 0 0 1 ]

d_19_15=2.309042961241 s=[ 0 0 0 0 0 1 0 0 1 1 0 1 0 + + 0 1 1 1 1 0 0 1 1 1 0 ]

d_19_15=2.309042961241 s=[ 0 0 0 0 0 1 0 0 1 1 0 1 0 + - 0 0 1 1 1 0 0 1 1 1 0 ]

d_19_15=2.309243161441 s=[ 0 0 0 0 0 1 0 0 1 1 0 1 0 + + 0 0 0 0 0 1 1 0 0 0 1 ]

d_19_15=2.309243161441 s=[ 0 0 0 0 0 1 0 0 1 1 0 1 0 + + 0 1 1 1 1 0 0 1 1 1 0 ]

d_19_15=2.309243161441 s=[ 0 0 0 0 0 1 0 0 1 1 0 1 0 + - 0 0 1 1 1 0 0 1 1 1 0 ]

d_19_15=2.309443361642 s=[ 0 0 0 0 0 1 0 0 1 1 0 1 0 + - 0 0 1 1 1 0 0 1 1 1 0 ]

d_19_15=2.309643561842 s=[ 0 0 0 0 0 1 0 0 1 1 0 1 0 + - 0 0 1 1 1 0 0 1 1 1 0 ]

d_19_15=2.309843762042 s=[ 0 0 0 0 0 1 0 0 1 1 0 1 0 + - 0 0 1 1 1 0 0 1 1 1 0 ]

d_19_15=2.310043962242 s=[ 0 0 0 0 0 1 0 0 1 1 0 1 0 + - 0 0 1 1 1 0 0 1 1 1 0 ]

d_19_15=2.310244162442 s=[ 0 0 0 0 0 1 0 0 1 1 0 1 0 + - 0 0 1 1 1 0 0 1 1 1 0 ]

d_19_15=2.310444362643 s=[ 0 0 0 0 0 1 0 0 1 1 0 1 0 + - 0 0 1 1 1 0 0 1 1 1 0 ]

d_19_15=2.310644562843 s=[ 0 0 0 0 0 1 0 0 1 1 0 1 0 + - 0 0 1 1 1 0 0 1 1 1 0 ]

d_19_15=2.310844763043 s=[ 0 0 0 0 0 1 0 0 1 1 0 1 0 + - 0 0 1 1 1 0 0 1 1 1 0 ]

d_19_15=2.311044963243 s=[ 0 0 0 0 0 1 0 0 1 1 0 1 0 + - 0 0 1 1 1 0 0 1 1 1 0 ]

d_19_15=2.311245163443 s=[ 0 0 0 0 0 1 0 0 1 1 0 1 0 + - 0 0 1 1 1 0 0 1 1 1 0 ]

d_19_15=2.311445363644 s=[ 0 0 0 0 0 1 0 0 1 1 0 1 0 + - 0 0 1 1 1 0 0 1 1 1 0 ]

d_19_15=2.311645563844 s=[ 0 0 0 0 0 1 0 0 1 1 0 1 0 + - 0 0 1 1 1 0 0 1 1 1 0 ]

d_19_15=2.311845764044 s=[ 0 0 0 0 0 1 0 0 1 1 0 1 0 + - 0 0 1 1 1 0 0 1 1 1 0 ]

d_19_15=2.312045964244 s=[ 0 0 0 0 0 1 0 0 1 1 0 1 0 + - 0 0 1 1 1 0 0 1 1 1 0 ]

d_19_15=2.312246164444 s=[ 0 0 0 0 0 1 0 0 1 1 0 1 0 + - 0 0 1 1 1 0 0 1 1 1 0 ]

d_19_15=2.312446364645 s=[ 0 0 0 0 0 1 0 0 1 1 0 1 0 + - 0 0 1 1 1 0 0 1 1 1 0 ]

d_19_15=2.312646564845 s=[ 0 0 0 0 0 1 0 0 1 1 0 1 0 + - 0 0 1 1 1 0 0 1 1 1 0 ]

d_19_15=2.312846765045 s=[ 0 0 0 0 0 1 0 0 1 1 0 1 0 + - 0 0 1 1 1 0 0 1 1 1 0 ]

d_19_15=2.313046965245 s=[ 0 0 0 0 0 1 0 0 1 1 0 1 0 + - 0 0 1 1 1 0 0 1 1 1 0 ]

d_19_15=2.313247165445 s=[ 0 0 0 0 0 1 0 0 1 1 0 1 0 + - 0 0 1 1 1 0 0 1 1 1 0 ]

d_19_15=2.313447365646 s=[ 0 0 0 0 0 1 0 0 1 1 0 1 0 + - 0 0 1 1 1 0 0 1 1 1 0 ]

d_19_15=2.313647565846 s=[ 0 0 0 0 0 1 0 0 1 1 0 1 0 + - 0 0 1 1 1 0 0 1 1 1 0 ]

d_19_15=2.313847766046 s=[ 0 0 0 0 0 1 0 0 1 1 0 1 0 + - 0 0 1 1 1 0 0 1 1 1 0 ]

d_19_15=2.340474392673 s=[ 0 0 0 0 0 1 0 0 1 1 0 1 0 + + 0 1 0 0 0 1 1 0 0 0 1 ]

d_19_15=2.340674592873 s=[ 0 0 0 0 0 1 0 0 1 1 0 1 0 + + 0 1 0 0 0 1 1 0 0 0 1 ]

d_19_15=2.340874793073 s=[ 0 0 0 0 0 1 0 0 1 1 0 1 0 + + 0 1 0 0 0 1 1 0 0 0 1 ]

d_19_15=2.341074993273 s=[ 0 0 0 0 0 1 0 0 1 1 0 1 0 + + 0 1 0 0 0 1 1 0 0 0 1 ]

d_19_15=2.341275193473 s=[ 0 0 0 0 0 1 0 0 1 1 0 1 0 + + 0 1 0 0 0 1 1 0 0 0 1 ]

d_19_15=2.341475393674 s=[ 0 0 0 0 0 1 0 0 1 1 0 1 0 + + 0 1 0 0 0 1 1 0 0 0 1 ]

d_19_15=2.341675593874 s=[ 0 0 0 0 0 1 0 0 1 1 0 1 0 + + 0 1 0 0 0 1 1 0 0 0 1 ]

d_19_15=2.341875794074 s=[ 0 0 0 0 0 1 0 0 1 1 0 1 0 + + 0 1 0 0 0 1 1 0 0 0 1 ]

d_19_15=2.342075994274 s=[ 0 0 0 0 0 1 0 0 1 1 0 1 0 + + 0 1 0 0 0 1 1 0 0 0 1 ]

d_19_15=2.342276194474 s=[ 0 0 0 0 0 1 0 0 1 1 0 1 0 + + 0 1 0 0 0 1 1 0 0 0 1 ]

d_19_15=2.342476394675 s=[ 0 0 0 0 0 1 0 0 1 1 0 1 0 + + 0 1 0 0 0 1 1 0 0 0 1 ]

d_19_15=2.342676594875 s=[ 0 0 0 0 0 1 0 0 1 1 0 1 0 + + 0 1 0 0 0 1 1 0 0 0 1 ]

d_19_15=2.342876795075 s=[ 0 0 0 0 0 1 0 0 1 1 0 1 0 + + 0 1 0 0 0 1 1 0 0 0 1 ]

d_19_15=2.343076995275 s=[ 0 0 0 0 0 1 0 0 1 1 0 1 0 + + 0 1 0 0 0 1 1 0 0 0 1 ]

d_19_15=2.343277195475 s=[ 0 0 0 0 0 1 0 0 1 1 0 1 0 + + 0 1 0 0 0 1 1 0 0 0 1 ]

d_19_15=2.343477395676 s=[ 0 0 0 0 0 1 0 0 1 1 0 1 0 + + 0 1 0 0 0 1 1 0 0 0 1 ]

d_19_15=2.343677595876 s=[ 0 0 0 0 0 1 0 0 1 1 0 1 0 + + 0 1 0 0 0 1 1 0 0 0 1 ]

d_19_15=2.343877796076 s=[ 0 0 0 0 0 1 0 0 1 1 0 1 0 + + 0 1 0 0 0 1 1 0 0 0 1 ]

d_19_15=2.344077996276 s=[ 0 0 0 0 0 1 0 0 1 1 0 1 0 + + 0 1 0 0 0 1 1 0 0 0 1 ]

d_19_15=2.344278196476 s=[ 0 0 0 0 0 1 0 0 1 1 0 1 0 + + 0 1 0 0 0 1 1 0 0 0 1 ]

d_19_15=2.344478396677 s=[ 0 0 0 0 0 1 0 0 1 1 0 1 0 + + 0 1 0 0 0 1 1 0 0 0 1 ]

d_19_15=2.344678596877 s=[ 0 0 0 0 0 1 0 0 1 1 0 1 0 + + 0 1 0 0 0 1 1 0 0 0 1 ]

d_19_15=2.344878797077 s=[ 0 0 0 0 0 1 0 0 1 1 0 1 0 + + 0 1 0 0 0 1 1 0 0 0 1 ]

d_19_15=2.345078997277 s=[ 0 0 0 0 0 1 0 0 1 1 0 1 0 + + 0 1 0 0 0 1 1 0 0 0 1 ]

d_19_15=2.345279197477 s=[ 0 0 0 0 0 1 0 0 1 1 0 1 0 + + 0 1 0 0 0 1 1 0 0 0 1 ]

d_19_15=2.345479397678 s=[ 0 0 0 0 0 1 0 0 1 1 0 1 0 + + 0 1 0 0 0 1 1 0 0 0 1 ]

d_19_15=2.345679597878 s=[ 0 0 0 0 0 1 0 0 1 1 0 1 0 + + 0 1 0 0 0 1 1 0 0 0 1 ]

d_19_15=2.345879798078 s=[ 0 0 0 0 0 1 0 0 1 1 0 1 0 + + 0 1 0 0 0 1 1 0 0 0 1 ]

d_19_15=2.346079998278 s=[ 0 0 0 0 0 1 0 0 1 1 0 1 0 + + 0 1 0 0 0 1 1 0 0 0 1 ]

d_19_15=2.346280198478 s=[ 0 0 0 0 0 1 0 0 1 1 0 1 0 + + 0 1 0 0 0 1 1 0 0 0 1 ]

d_19_15=2.346480398679 s=[ 0 0 0 0 0 1 0 0 1 1 0 1 0 + + 0 1 0 0 0 1 1 0 0 0 1 ]

d_19_15=2.346680598879 s=[ 0 0 0 0 0 1 0 0 1 1 0 1 0 + + 0 1 0 0 0 1 1 0 0 0 1 ]

d_19_15=2.346880799079 s=[ 0 0 0 0 0 1 0 0 1 1 0 1 0 + + 0 1 0 0 0 1 1 0 0 0 1 ]

d_19_15=2.347080999279 s=[ 0 0 0 0 0 1 0 0 1 1 0 1 0 + + 0 1 0 0 0 1 1 0 0 0 1 ]

d_19_15=2.347281199479 s=[ 0 0 0 0 0 1 0 0 1 1 0 1 0 + + 0 1 0 0 0 1 1 0 0 0 1 ]

d_19_15=2.347481399680 s=[ 0 0 0 0 0 1 0 0 1 1 0 1 0 + + 0 1 0 0 0 1 1 0 0 0 1 ]

d_19_15=2.347681599880 s=[ 0 0 0 0 0 1 0 0 1 1 0 1 0 + + 0 1 0 0 0 1 1 0 0 0 1 ]

d_19_15=2.347881800080 s=[ 0 0 0 0 0 1 0 0 1 1 0 1 0 + + 0 1 0 0 0 1 1 0 0 0 1 ]

d_19_15=2.348082000280 s=[ 0 0 0 0 0 1 0 0 1 1 0 1 0 + + 0 1 0 0 0 1 1 0 0 0 1 ]

d_19_15=2.348282200480 s=[ 0 0 0 0 0 1 0 0 1 1 0 1 0 + + 0 1 0 0 0 1 1 0 0 0 1 ]

d_19_15=2.348482400681 s=[ 0 0 0 0 0 1 0 0 1 1 0 1 0 + + 0 1 0 0 0 1 1 0 0 0 1 ]

d_19_15=2.368702620901 s=[ 0 0 0 0 0 1 0 0 1 1 0 1 0 + + 0 0 0 0 0 1 0 1 1 1 0 ]

d_19_15=2.368902821101 s=[ 0 0 0 0 0 1 0 0 1 1 0 1 0 + + 0 0 0 0 0 1 0 1 1 1 0 ]

d_19_15=2.369103021301 s=[ 0 0 0 0 0 1 0 0 1 1 0 1 0 + + 0 0 0 0 0 1 0 1 1 1 0 ]

d_19_15=2.369303221502 s=[ 0 0 0 0 0 1 0 0 1 1 0 1 0 + + 0 0 0 0 0 1 0 1 1 1 0 ]

d_19_15=2.369503421702 s=[ 0 0 0 0 0 1 0 0 1 1 0 1 0 + + 0 0 0 0 0 1 0 1 1 1 0 ]

d_19_15=2.369703621902 s=[ 0 0 0 0 0 1 0 0 1 1 0 1 0 + + 0 0 0 0 0 1 0 1 1 1 0 ]

d_19_15=2.369903822102 s=[ 0 0 0 0 0 1 0 0 1 1 0 1 0 + + 0 0 0 0 0 1 0 1 1 1 0 ]

d_19_15=2.370104022302 s=[ 0 0 0 0 0 1 0 0 1 1 0 1 0 + + 0 0 0 0 0 1 0 1 1 1 0 ]

d_19_15=2.370304222503 s=[ 0 0 0 0 0 1 0 0 1 1 0 1 0 + + 0 0 0 0 0 1 0 1 1 1 0 ]

d_19_15=2.370504422703 s=[ 0 0 0 0 0 1 0 0 1 1 0 1 0 + + 0 0 0 0 0 1 0 1 1 1 0 ]

d_19_15=2.370704622903 s=[ 0 0 0 0 0 1 0 0 1 1 0 1 0 + + 0 0 0 0 0 1 0 1 1 1 0 ]

d_19_15=2.370904823103 s=[ 0 0 0 0 0 1 0 0 1 1 0 1 0 + + 0 0 0 0 0 1 0 1 1 1 0 ]

d_19_15=2.371105023303 s=[ 0 0 0 0 0 1 0 0 1 1 0 1 0 + + 0 0 0 0 0 1 0 1 1 1 0 ]

d_19_15=2.371305223504 s=[ 0 0 0 0 0 1 0 0 1 1 0 1 0 + + 0 0 0 0 0 1 0 1 1 1 0 ]

d_19_15=2.371505423704 s=[ 0 0 0 0 0 1 0 0 1 1 0 1 0 + + 0 0 0 0 0 1 0 1 1 1 0 ]

d_19_15=2.371705623904 s=[ 0 0 0 0 0 1 0 0 1 1 0 1 0 + + 0 0 0 0 0 1 0 1 1 1 0 ]

d_19_15=2.371905824104 s=[ 0 0 0 0 0 1 0 0 1 1 0 1 0 + + 0 0 0 0 0 1 0 1 1 1 0 ]

d_19_15=2.372106024304 s=[ 0 0 0 0 0 1 0 0 1 1 0 1 0 + + 0 0 0 0 0 1 0 1 1 1 0 ]

d_19_15=2.372306224505 s=[ 0 0 0 0 0 1 0 0 1 1 0 1 0 + + 0 0 0 0 0 1 0 1 1 1 0 ]

d_19_15=2.372506424705 s=[ 0 0 0 0 0 1 0 0 1 1 0 1 0 + + 0 0 0 0 0 1 0 1 1 1 0 ]

d_19_15=2.372706624905 s=[ 0 0 0 0 0 1 0 0 1 1 0 1 0 + + 0 0 0 0 0 1 0 1 1 1 0 ]

d_19_15=2.372906825105 s=[ 0 0 0 0 0 1 0 0 1 1 0 1 0 + + 0 0 0 0 0 1 0 1 1 1 0 ]

d_19_15=2.373107025305 s=[ 0 0 0 0 0 1 0 0 1 1 0 1 0 + + 0 0 0 0 0 1 0 1 1 1 0 ]

d_19_15=2.377111029309 s=[ 0 0 0 0 0 1 0 0 1 1 0 1 0 + - 0 0 1 1 1 0 1 0 0 0 1 ]

d_19_15=2.377311229510 s=[ 0 0 0 0 0 1 0 0 1 1 0 1 0 + - 0 0 1 1 1 0 1 0 0 0 1 ]

d_19_15=2.377511429710 s=[ 0 0 0 0 0 1 0 0 1 1 0 1 0 + - 0 0 1 1 1 0 1 0 0 0 1 ]

d_19_15=2.377711629910 s=[ 0 0 0 0 0 1 0 0 1 1 0 1 0 + - 0 0 1 1 1 0 1 0 0 0 1 ]

d_19_15=2.377911830110 s=[ 0 0 0 0 0 1 0 0 1 1 0 1 0 + - 0 0 1 1 1 0 1 0 0 0 1 ]

d_19_15=2.378112030310 s=[ 0 0 0 0 0 1 0 0 1 1 0 1 0 + - 0 0 1 1 1 0 1 0 0 0 1 ]

d_19_15=2.378312230511 s=[ 0 0 0 0 0 1 0 0 1 1 0 1 0 + - 0 0 1 1 1 0 1 0 0 0 1 ]

d_19_15=2.378512430711 s=[ 0 0 0 0 0 1 0 0 1 1 0 1 0 + - 0 0 1 1 1 0 1 0 0 0 1 ]

d_19_15=2.378712630911 s=[ 0 0 0 0 0 1 0 0 1 1 0 1 0 + - 0 0 1 1 1 0 1 0 0 0 1 ]

d_19_15=2.378912831111 s=[ 0 0 0 0 0 1 0 0 1 1 0 1 0 + - 0 0 1 1 1 0 1 0 0 0 1 ]

d_19_15=2.379113031311 s=[ 0 0 0 0 0 1 0 0 1 1 0 1 0 + - 0 0 1 1 1 0 1 0 0 0 1 ]

d_19_15=2.379313231512 s=[ 0 0 0 0 0 1 0 0 1 1 0 1 0 + - 0 0 1 1 1 0 1 0 0 0 1 ]

d_19_15=2.379513431712 s=[ 0 0 0 0 0 1 0 0 1 1 0 1 0 + - 0 0 1 1 1 0 1 0 0 0 1 ]

d_19_15=2.379713631912 s=[ 0 0 0 0 0 1 0 0 1 1 0 1 0 + - 0 0 1 1 1 0 1 0 0 0 1 ]

d_19_15=2.379913832112 s=[ 0 0 0 0 0 1 0 0 1 1 0 1 0 + - 0 0 1 1 1 0 1 0 0 0 1 ]

d_19_15=2.380114032312 s=[ 0 0 0 0 0 1 0 0 1 1 0 1 0 + - 0 0 1 1 1 0 1 0 0 0 1 ]

d_19_15=2.380314232513 s=[ 0 0 0 0 0 1 0 0 1 1 0 1 0 + - 0 0 1 1 1 0 1 0 0 0 1 ]

d_19_15=2.380514432713 s=[ 0 0 0 0 0 1 0 0 1 1 0 1 0 + - 0 0 1 1 1 0 1 0 0 0 1 ]

d_19_15=2.380714632913 s=[ 0 0 0 0 0 1 0 0 1 1 0 1 0 + - 0 0 1 1 1 0 1 0 0 0 1 ]

d_19_15=2.380914833113 s=[ 0 0 0 0 0 1 0 0 1 1 0 1 0 + - 0 0 1 1 1 0 1 0 0 0 1 ]

d_19_15=2.381115033313 s=[ 0 0 0 0 0 1 0 0 1 1 0 1 0 + - 0 0 1 1 1 0 1 0 0 0 1 ]

d_19_15=2.403737655936 s=[ 0 0 0 0 0 1 0 0 1 1 0 1 0 + - 0 1 0 0 0 1 0 1 1 1 0 ]

d_19_15=2.403937856136 s=[ 0 0 0 0 0 1 0 0 1 1 0 1 0 + - 0 1 0 0 0 1 0 1 1 1 0 ]

d_19_15=2.404138056336 s=[ 0 0 0 0 0 1 0 0 1 1 0 1 0 + - 0 1 0 0 0 1 0 1 1 1 0 ]

d_19_15=2.404338256537 s=[ 0 0 0 0 0 1 0 0 1 1 0 1 0 + - 0 1 0 0 0 1 0 1 1 1 0 ]

d_19_15=2.404538456737 s=[ 0 0 0 0 0 1 0 0 1 1 0 1 0 + - 0 1 0 0 0 1 0 1 1 1 0 ]

d_19_15=2.404738656937 s=[ 0 0 0 0 0 1 0 0 1 1 0 1 0 + - 0 1 0 0 0 1 0 1 1 1 0 ]

d_19_15=2.404938857137 s=[ 0 0 0 0 0 1 0 0 1 1 0 1 0 + - 0 1 0 0 0 1 0 1 1 1 0 ]

d_19_15=2.407341259540 s=[ 0 0 0 0 0 1 0 0 1 1 0 1 0 + - 0 1 0 0 0 1 1 1 1 1 0 ]

d_19_15=2.407541459740 s=[ 0 0 0 0 0 1 0 0 1 1 0 1 0 + - 0 1 0 0 0 1 1 1 1 1 0 ]

d_19_15=2.407741659940 s=[ 0 0 0 0 0 1 0 0 1 1 0 1 0 + - 0 1 0 0 0 1 1 1 1 1 0 ]

d_19_15=2.407941860140 s=[ 0 0 0 0 0 1 0 0 1 1 0 1 0 + - 0 1 0 0 0 1 1 1 1 1 0 ]

d_19_15=2.408142060340 s=[ 0 0 0 0 0 1 0 0 1 1 0 1 0 + - 0 1 0 0 0 1 1 1 1 1 0 ]

d_19_15=2.408342260541 s=[ 0 0 0 0 0 1 0 0 1 1 0 1 0 + - 0 1 0 0 0 1 1 1 1 1 0 ]

d_19_15=2.408542460741 s=[ 0 0 0 0 0 1 0 0 1 1 0 1 0 + - 0 1 0 0 0 1 1 1 1 1 0 ]

d_19_15=2.408742660941 s=[ 0 0 0 0 0 1 0 0 1 1 0 1 0 + - 0 1 0 0 0 1 1 1 1 1 0 ]

d_19_15=2.408942861141 s=[ 0 0 0 0 0 1 0 0 1 1 0 1 0 + - 0 1 0 0 0 1 1 1 1 1 0 ]

d_19_15=2.409143061341 s=[ 0 0 0 0 0 1 0 0 1 1 0 1 0 + - 0 1 0 0 0 1 1 1 1 1 0 ]

d_19_15=2.428362280561 s=[ 0 0 0 0 0 1 0 0 1 1 0 1 0 + - 0 0 1 1 1 0 0 0 0 0 1 ]

d_19_15=2.435769687968 s=[ 0 0 0 0 0 1 0 0 1 1 0 1 0 + + 0 1 0 0 0 1 1 0 0 0 1 ]

d_19_15=2.435969888168 s=[ 0 0 0 0 0 1 0 0 1 1 0 1 0 + + 0 1 0 0 0 1 1 0 0 0 1 ]

d_19_15=2.436170088368 s=[ 0 0 0 0 0 1 0 0 1 1 0 1 0 + + 0 1 0 0 0 1 1 0 0 0 1 ]

d_19_15=2.436370288569 s=[ 0 0 0 0 0 1 0 0 1 1 0 1 0 + + 0 1 0 0 0 1 1 0 0 0 1 ]

d_19_15=2.436570488769 s=[ 0 0 0 0 0 1 0 0 1 1 0 1 0 + + 0 1 0 0 0 1 1 0 0 0 1 ]

d_19_15=2.436770688969 s=[ 0 0 0 0 0 1 0 0 1 1 0 1 0 + + 0 1 0 0 0 1 1 0 0 0 1 ]

d_19_15=2.436970889169 s=[ 0 0 0 0 0 1 0 0 1 1 0 1 0 + + 0 1 0 0 0 1 1 0 0 0 1 ]

d_19_15=2.437171089369 s=[ 0 0 0 0 0 1 0 0 1 1 0 1 0 + + 0 1 0 0 0 1 1 0 0 0 1 ]

d_19_15=2.437371289570 s=[ 0 0 0 0 0 1 0 0 1 1 0 1 0 + + 0 1 0 0 0 1 1 0 0 0 1 ]

d_19_15=2.437571489770 s=[ 0 0 0 0 0 1 0 0 1 1 0 1 0 + + 0 1 0 0 0 1 1 0 0 0 1 ]

d_19_15=2.437771689970 s=[ 0 0 0 0 0 1 0 0 1 1 0 1 0 + + 0 1 0 0 0 1 1 0 0 0 1 ]

d_19_15=2.437971890170 s=[ 0 0 0 0 0 1 0 0 1 1 0 1 0 + + 0 1 0 0 0 1 1 0 0 0 1 ]

d_19_15=2.438172090370 s=[ 0 0 0 0 0 1 0 0 1 1 0 1 0 + + 0 1 0 0 0 1 1 0 0 0 1 ]

d_19_15=2.438372290571 s=[ 0 0 0 0 0 1 0 0 1 1 0 1 0 + + 0 1 0 0 0 1 1 0 0 0 1 ]

d_19_15=2.438572490771 s=[ 0 0 0 0 0 1 0 0 1 1 0 1 0 + + 0 1 0 0 0 1 1 0 0 0 1 ]

d_19_15=2.438772690971 s=[ 0 0 0 0 0 1 0 0 1 1 0 1 0 + + 0 1 0 0 0 1 1 0 0 0 1 ]

d_19_15=2.438972891171 s=[ 0 0 0 0 0 1 0 0 1 1 0 1 0 + + 0 1 0 0 0 1 1 0 0 0 1 ]

d_19_15=2.439173091371 s=[ 0 0 0 0 0 1 0 0 1 1 0 1 0 + + 0 1 0 0 0 1 1 0 0 0 1 ]

d_19_15=2.439373291572 s=[ 0 0 0 0 0 1 0 0 1 1 0 1 0 + + 0 1 0 0 0 1 1 0 0 0 1 ]

d_19_15=2.439573491772 s=[ 0 0 0 0 0 1 0 0 1 1 0 1 0 + + 0 1 0 0 0 1 1 0 0 0 1 ]

d_19_15=2.439773691972 s=[ 0 0 0 0 0 1 0 0 1 1 0 1 0 + + 0 1 0 0 0 1 1 0 0 0 1 ]

d_19_15=2.439973892172 s=[ 0 0 0 0 0 1 0 0 1 1 0 1 0 + + 0 1 0 0 0 1 1 0 0 0 1 ]

d_19_15=2.440174092372 s=[ 0 0 0 0 0 1 0 0 1 1 0 1 0 + + 0 1 0 0 0 1 1 0 0 0 1 ]

d_19_15=2.440374292573 s=[ 0 0 0 0 0 1 0 0 1 1 0 1 0 + + 0 1 0 0 0 1 1 0 0 0 1 ]

d_19_15=2.440574492773 s=[ 0 0 0 0 0 1 0 0 1 1 0 1 0 + + 0 1 0 0 0 1 1 0 0 0 1 ]

d_19_15=2.440774692973 s=[ 0 0 0 0 0 1 0 0 1 1 0 1 0 + + 0 1 0 0 0 1 1 0 0 0 1 ]

d_19_15=2.440974893173 s=[ 0 0 0 0 0 1 0 0 1 1 0 1 0 + + 0 1 0 0 0 1 1 0 0 0 1 ]

d_19_15=2.441175093373 s=[ 0 0 0 0 0 1 0 0 1 1 0 1 0 + + 0 1 0 0 0 1 1 0 0 0 1 ]

d_19_15=2.441375293574 s=[ 0 0 0 0 0 1 0 0 1 1 0 1 0 + + 0 1 0 0 0 1 1 0 0 0 1 ]

d_19_15=2.441575493774 s=[ 0 0 0 0 0 1 0 0 1 1 0 1 0 + + 0 1 0 0 0 1 1 0 0 0 1 ]

d_19_15=2.441775693974 s=[ 0 0 0 0 0 1 0 0 1 1 0 1 0 + + 0 1 0 0 0 1 1 0 0 0 1 ]

d_19_15=2.441975894174 s=[ 0 0 0 0 0 1 0 0 1 1 0 1 0 + + 0 1 0 0 0 1 1 0 0 0 1 ]

d_19_15=2.442176094374 s=[ 0 0 0 0 0 1 0 0 1 1 0 1 0 + + 0 1 0 0 0 1 1 0 0 0 1 ]

d_19_15=2.442376294575 s=[ 0 0 0 0 0 1 0 0 1 1 0 1 0 + + 0 1 0 0 0 1 1 0 0 0 1 ]

d_19_15=2.442576494775 s=[ 0 0 0 0 0 1 0 0 1 1 0 1 0 + + 0 1 0 0 0 1 1 0 0 0 1 ]

d_19_15=2.442776694975 s=[ 0 0 0 0 0 1 0 0 1 1 0 1 0 + + 0 1 0 0 0 1 1 0 0 0 1 ]

d_19_15=2.442976895175 s=[ 0 0 0 0 0 1 0 0 1 1 0 1 0 + + 0 1 0 0 0 1 1 0 0 0 1 ]

d_19_15=2.443177095375 s=[ 0 0 0 0 0 1 0 0 1 1 0 1 0 + + 0 1 0 0 0 1 1 0 0 0 1 ]

d_19_15=2.443377295576 s=[ 0 0 0 0 0 1 0 0 1 1 0 1 0 + + 0 1 0 0 0 1 1 0 0 0 1 ]

d_19_15=2.443577495776 s=[ 0 0 0 0 0 1 0 0 1 1 0 1 0 + + 0 1 0 0 0 1 1 0 0 0 1 ]

d_19_15=2.443777695976 s=[ 0 0 0 0 0 1 0 0 1 1 0 1 0 + + 0 1 0 0 0 1 1 0 0 0 1 ]

d_19_15=2.443977896176 s=[ 0 0 0 0 0 1 0 0 1 1 0 1 0 + + 0 1 0 0 0 1 1 0 0 0 1 ]

d_19_15=2.444178096376 s=[ 0 0 0 0 0 1 0 0 1 1 0 1 0 + + 0 1 0 0 0 1 1 0 0 0 1 ]

d_19_15=2.444378296577 s=[ 0 0 0 0 0 1 0 0 1 1 0 1 0 + + 0 1 0 0 0 1 1 0 0 0 1 ]

d_19_15=2.444578496777 s=[ 0 0 0 0 0 1 0 0 1 1 0 1 0 + + 0 1 0 0 0 1 1 0 0 0 1 ]

d_19_15=2.444778696977 s=[ 0 0 0 0 0 1 0 0 1 1 0 1 0 + + 0 1 0 0 0 1 1 0 0 0 1 ]

d_19_15=2.444978897177 s=[ 0 0 0 0 0 1 0 0 1 1 0 1 0 + + 0 1 0 0 0 1 1 0 0 0 1 ]

d_19_15=2.445179097377 s=[ 0 0 0 0 0 1 0 0 1 1 0 1 0 + + 0 1 0 0 0 1 1 0 0 0 1 ]

d_19_15=2.445379297578 s=[ 0 0 0 0 0 1 0 0 1 1 0 1 0 + + 0 1 0 0 0 1 1 0 0 0 1 ]

d_19_15=2.445579497778 s=[ 0 0 0 0 0 1 0 0 1 1 0 1 0 + + 0 1 0 0 0 1 1 0 0 0 1 ]

d_19_15=2.445779697978 s=[ 0 0 0 0 0 1 0 0 1 1 0 1 0 + + 0 1 0 0 0 1 1 0 0 0 1 ]

d_19_15=2.445979898178 s=[ 0 0 0 0 0 1 0 0 1 1 0 1 0 + + 0 1 0 0 0 1 1 0 0 0 1 ]

d_19_15=2.446180098378 s=[ 0 0 0 0 0 1 0 0 1 1 0 1 0 + + 0 1 0 0 0 1 1 0 0 0 1 ]

d_19_15=2.446380298579 s=[ 0 0 0 0 0 1 0 0 1 1 0 1 0 + + 0 1 0 0 0 1 1 0 0 0 1 ]

d_19_15=2.446580498779 s=[ 0 0 0 0 0 1 0 0 1 1 0 1 0 + + 0 1 0 0 0 1 1 0 0 0 1 ]

d_19_15=2.446780698979 s=[ 0 0 0 0 0 1 0 0 1 1 0 1 0 + + 0 1 0 0 0 1 1 0 0 0 1 ]

d_19_15=2.446980899179 s=[ 0 0 0 0 0 1 0 0 1 1 0 1 0 + + 0 1 0 0 0 1 1 0 0 0 1 ]

d_19_15=2.447181099379 s=[ 0 0 0 0 0 1 0 0 1 1 0 1 0 + + 0 1 0 0 0 1 1 0 0 0 1 ]

d_19_15=2.447381299580 s=[ 0 0 0 0 0 1 0 0 1 1 0 1 0 + + 0 1 0 0 0 1 1 0 0 0 1 ]

d_19_15=2.447581499780 s=[ 0 0 0 0 0 1 0 0 1 1 0 1 0 + + 0 1 0 0 0 1 1 0 0 0 1 ]

d_19_15=2.447781699980 s=[ 0 0 0 0 0 1 0 0 1 1 0 1 0 + + 0 1 0 0 0 1 1 0 0 0 1 ]

d_19_15=2.447981900180 s=[ 0 0 0 0 0 1 0 0 1 1 0 1 0 + + 0 1 0 0 0 1 1 0 0 0 1 ]

d_19_15=2.448182100380 s=[ 0 0 0 0 0 1 0 0 1 1 0 1 0 + + 0 1 0 0 0 1 1 0 0 0 1 ]

d_19_15=2.448382300581 s=[ 0 0 0 0 0 1 0 0 1 1 0 1 0 + + 0 1 0 0 0 1 1 0 0 0 1 ]

d_19_15=2.448582500781 s=[ 0 0 0 0 0 1 0 0 1 1 0 1 0 + + 0 1 0 0 0 1 1 0 0 0 1 ]

d_19_15=2.448782700981 s=[ 0 0 0 0 0 1 0 0 1 1 0 1 0 + + 0 1 0 0 0 1 1 0 0 0 1 ]

d_19_15=2.448982901181 s=[ 0 0 0 0 0 1 0 0 1 1 0 1 0 + + 0 1 0 0 0 1 1 0 0 0 1 ]

d_19_15=2.449183101381 s=[ 0 0 0 0 0 1 0 0 1 1 0 1 0 + + 0 1 0 0 0 1 1 0 0 0 1 ]

d_19_15=2.449383301582 s=[ 0 0 0 0 0 1 0 0 1 1 0 1 0 + + 0 1 0 0 0 1 1 0 0 0 1 ]

d_19_15=2.449583501782 s=[ 0 0 0 0 0 1 0 0 1 1 0 1 0 + + 0 1 0 0 0 1 1 0 0 0 1 ]

d_19_15=2.449783701982 s=[ 0 0 0 0 0 1 0 0 1 1 0 1 0 + + 0 1 0 0 0 1 1 0 0 0 1 ]

d_19_15=2.449983902182 s=[ 0 0 0 0 0 1 0 0 1 1 0 1 0 + + 0 1 0 0 0 1 1 0 0 0 1 ]

d_19_15=2.450184102382 s=[ 0 0 0 0 0 1 0 0 1 1 0 1 0 + + 0 1 0 0 0 1 1 0 0 0 1 ]

d_19_15=2.450384302583 s=[ 0 0 0 0 0 1 0 0 1 1 0 1 0 + + 0 1 0 0 0 1 1 0 0 0 1 ]

d_19_15=2.450584502783 s=[ 0 0 0 0 0 1 0 0 1 1 0 1 0 + + 0 1 0 0 0 1 1 0 0 0 1 ]

d_19_15=2.450784702983 s=[ 0 0 0 0 0 1 0 0 1 1 0 1 0 + + 0 1 0 0 0 1 1 0 0 0 1 ]

d_19_15=2.450984903183 s=[ 0 0 0 0 0 1 0 0 1 1 0 1 0 + + 0 1 0 0 0 1 1 0 0 0 1 ]

d_19_15=2.451185103383 s=[ 0 0 0 0 0 1 0 0 1 1 0 1 0 + + 0 1 0 0 0 1 1 0 0 0 1 ]

d_19_15=2.451385303584 s=[ 0 0 0 0 0 1 0 0 1 1 0 1 0 + + 0 1 0 0 0 1 1 0 0 0 1 ]

d_19_15=2.451585503784 s=[ 0 0 0 0 0 1 0 0 1 1 0 1 0 + + 0 1 0 0 0 1 1 0 0 0 1 ]

d_19_15=2.270204122402 s=[ 0 0 0 0 0 1 0 0 1 1 0 1 0 - + 0 0 1 1 1 0 0 1 1 1 0 ]

d_19_15=2.270404322603 s=[ 0 0 0 0 0 1 0 0 1 1 0 1 0 - + 0 0 1 1 1 0 0 1 1 1 0 ]

d_19_15=2.270604522803 s=[ 0 0 0 0 0 1 0 0 1 1 0 1 0 - + 0 0 1 1 1 0 0 1 1 1 0 ]

d_19_15=2.270804723003 s=[ 0 0 0 0 0 1 0 0 1 1 0 1 0 - + 0 0 1 1 1 0 0 1 1 1 0 ]

d_19_15=2.271004923203 s=[ 0 0 0 0 0 1 0 0 1 1 0 1 0 - + 0 0 1 1 1 0 0 1 1 1 0 ]

d_19_15=2.271205123403 s=[ 0 0 0 0 0 1 0 0 1 1 0 1 0 - + 0 0 1 1 1 0 0 1 1 1 0 ]

d_19_15=2.271405323604 s=[ 0 0 0 0 0 1 0 0 1 1 0 1 0 - + 0 0 1 1 1 0 0 1 1 1 0 ]

d_19_15=2.271605523804 s=[ 0 0 0 0 0 1 0 0 1 1 0 1 0 - + 0 0 1 1 1 0 0 1 1 1 0 ]

d_19_15=2.284618536817 s=[ 0 0 0 0 0 1 0 0 1 1 0 1 0 - - 0 1 1 1 1 0 1 1 1 1 0 ]

d_19_15=2.284818737017 s=[ 0 0 0 0 0 1 0 0 1 1 0 1 0 - - 0 1 1 1 1 0 1 1 1 1 0 ]

d_19_15=2.285018937217 s=[ 0 0 0 0 0 1 0 0 1 1 0 1 0 - - 0 1 1 1 1 0 1 1 1 1 0 ]

d_19_15=2.285219137417 s=[ 0 0 0 0 0 1 0 0 1 1 0 1 0 - - 0 1 1 1 1 0 1 1 1 1 0 ]

d_19_15=2.285419337618 s=[ 0 0 0 0 0 1 0 0 1 1 0 1 0 - - 0 1 1 1 1 0 1 1 1 1 0 ]

d_19_15=2.285619537818 s=[ 0 0 0 0 0 1 0 0 1 1 0 1 0 - - 0 1 1 1 1 0 1 1 1 1 0 ]

d_19_15=2.285819738018 s=[ 0 0 0 0 0 1 0 0 1 1 0 1 0 - - 0 1 1 1 1 0 1 1 1 1 0 ]

d_19_15=2.286019938218 s=[ 0 0 0 0 0 1 0 0 1 1 0 1 0 - - 0 1 1 1 1 0 1 1 1 1 0 ]

d_19_15=2.286220138418 s=[ 0 0 0 0 0 1 0 0 1 1 0 1 0 - - 0 1 1 1 1 0 1 1 1 1 0 ]

d_19_15=2.299633551832 s=[ 0 0 0 0 0 1 0 0 1 1 0 1 0 - - 0 0 0 0 0 1 0 0 0 0 1 ]

d_19_15=2.299833752032 s=[ 0 0 0 0 0 1 0 0 1 1 0 1 0 - - 0 0 0 0 0 1 0 0 0 0 1 ]

d_19_15=2.300634552833 s=[ 0 0 0 0 0 1 0 0 1 1 0 1 0 - - 0 0 0 0 0 1 1 1 1 1 0 ]

d_19_15=2.300834753033 s=[ 0 0 0 0 0 1 0 0 1 1 0 1 0 - - 0 0 0 0 0 1 1 1 1 1 0 ]

d_19_15=2.301034953233 s=[ 0 0 0 0 0 1 0 0 1 1 0 1 0 - - 0 0 0 0 0 1 1 1 1 1 0 ]

d_19_15=2.304438356637 s=[ 0 0 0 0 0 1 0 0 1 1 0 1 0 - + 0 0 0 0 0 1 1 0 0 0 1 ]

d_19_15=2.304638556837 s=[ 0 0 0 0 0 1 0 0 1 1 0 1 0 - + 0 0 0 0 0 1 1 0 0 0 1 ]

d_19_15=2.304838757037 s=[ 0 0 0 0 0 1 0 0 1 1 0 1 0 - + 0 0 0 0 0 1 1 0 0 0 1 ]

d_19_15=2.305038957237 s=[ 0 0 0 0 0 1 0 0 1 1 0 1 0 - + 0 0 0 0 0 1 1 0 0 0 1 ]

d_19_15=2.305038957237 s=[ 0 0 0 0 0 1 0 0 1 1 0 1 0 - + 0 1 1 1 1 0 0 1 1 1 0 ]

d_19_15=2.305239157437 s=[ 0 0 0 0 0 1 0 0 1 1 0 1 0 - + 0 0 0 0 0 1 1 0 0 0 1 ]

d_19_15=2.305239157437 s=[ 0 0 0 0 0 1 0 0 1 1 0 1 0 - + 0 1 1 1 1 0 0 1 1 1 0 ]

d_19_15=2.305439357638 s=[ 0 0 0 0 0 1 0 0 1 1 0 1 0 - + 0 0 0 0 0 1 1 0 0 0 1 ]

d_19_15=2.305439357638 s=[ 0 0 0 0 0 1 0 0 1 1 0 1 0 - + 0 1 1 1 1 0 0 1 1 1 0 ]

d_19_15=2.305639557838 s=[ 0 0 0 0 0 1 0 0 1 1 0 1 0 - + 0 0 0 0 0 1 1 0 0 0 1 ]

d_19_15=2.305639557838 s=[ 0 0 0 0 0 1 0 0 1 1 0 1 0 - + 0 1 1 1 1 0 0 1 1 1 0 ]

d_19_15=2.305639557838 s=[ 0 0 0 0 0 1 0 0 1 1 0 1 0 - - 0 1 1 1 1 0 0 0 0 0 1 ]

d_19_15=2.305839758038 s=[ 0 0 0 0 0 1 0 0 1 1 0 1 0 - + 0 0 0 0 0 1 1 0 0 0 1 ]

d_19_15=2.305839758038 s=[ 0 0 0 0 0 1 0 0 1 1 0 1 0 - + 0 1 1 1 1 0 0 1 1 1 0 ]

d_19_15=2.306039958238 s=[ 0 0 0 0 0 1 0 0 1 1 0 1 0 - + 0 0 0 0 0 1 1 0 0 0 1 ]

d_19_15=2.306039958238 s=[ 0 0 0 0 0 1 0 0 1 1 0 1 0 - + 0 1 1 1 1 0 0 1 1 1 0 ]

d_19_15=2.306240158438 s=[ 0 0 0 0 0 1 0 0 1 1 0 1 0 - + 0 0 0 0 0 1 1 0 0 0 1 ]

d_19_15=2.306240158438 s=[ 0 0 0 0 0 1 0 0 1 1 0 1 0 - + 0 1 1 1 1 0 0 1 1 1 0 ]

d_19_15=2.306440358639 s=[ 0 0 0 0 0 1 0 0 1 1 0 1 0 - + 0 0 0 0 0 1 1 0 0 0 1 ]

d_19_15=2.306440358639 s=[ 0 0 0 0 0 1 0 0 1 1 0 1 0 - + 0 1 1 1 1 0 0 1 1 1 0 ]

d_19_15=2.306640558839 s=[ 0 0 0 0 0 1 0 0 1 1 0 1 0 - + 0 0 0 0 0 1 1 0 0 0 1 ]

d_19_15=2.306640558839 s=[ 0 0 0 0 0 1 0 0 1 1 0 1 0 - + 0 1 1 1 1 0 0 1 1 1 0 ]

d_19_15=2.306840759039 s=[ 0 0 0 0 0 1 0 0 1 1 0 1 0 - + 0 0 0 0 0 1 1 0 0 0 1 ]

d_19_15=2.306840759039 s=[ 0 0 0 0 0 1 0 0 1 1 0 1 0 - + 0 1 1 1 1 0 0 1 1 1 0 ]

d_19_15=2.306840759039 s=[ 0 0 0 0 0 1 0 0 1 1 0 1 0 - - 0 0 1 1 1 0 0 1 1 1 0 ]

d_19_15=2.307040959239 s=[ 0 0 0 0 0 1 0 0 1 1 0 1 0 - + 0 0 0 0 0 1 1 0 0 0 1 ]

d_19_15=2.307040959239 s=[ 0 0 0 0 0 1 0 0 1 1 0 1 0 - + 0 1 1 1 1 0 0 1 1 1 0 ]

d_19_15=2.307040959239 s=[ 0 0 0 0 0 1 0 0 1 1 0 1 0 - - 0 0 1 1 1 0 0 1 1 1 0 ]

d_19_15=2.307241159439 s=[ 0 0 0 0 0 1 0 0 1 1 0 1 0 - + 0 0 0 0 0 1 1 0 0 0 1 ]

d_19_15=2.307241159439 s=[ 0 0 0 0 0 1 0 0 1 1 0 1 0 - + 0 1 1 1 1 0 0 1 1 1 0 ]

d_19_15=2.307241159439 s=[ 0 0 0 0 0 1 0 0 1 1 0 1 0 - - 0 0 1 1 1 0 0 1 1 1 0 ]

d_19_15=2.307441359640 s=[ 0 0 0 0 0 1 0 0 1 1 0 1 0 - + 0 0 0 0 0 1 1 0 0 0 1 ]

d_19_15=2.307441359640 s=[ 0 0 0 0 0 1 0 0 1 1 0 1 0 - + 0 1 1 1 1 0 0 1 1 1 0 ]

d_19_15=2.307441359640 s=[ 0 0 0 0 0 1 0 0 1 1 0 1 0 - - 0 0 1 1 1 0 0 1 1 1 0 ]

d_19_15=2.307641559840 s=[ 0 0 0 0 0 1 0 0 1 1 0 1 0 - + 0 0 0 0 0 1 1 0 0 0 1 ]

d_19_15=2.307641559840 s=[ 0 0 0 0 0 1 0 0 1 1 0 1 0 - + 0 1 1 1 1 0 0 1 1 1 0 ]

d_19_15=2.307641559840 s=[ 0 0 0 0 0 1 0 0 1 1 0 1 0 - - 0 0 1 1 1 0 0 1 1 1 0 ]

d_19_15=2.307841760040 s=[ 0 0 0 0 0 1 0 0 1 1 0 1 0 - + 0 0 0 0 0 1 1 0 0 0 1 ]

d_19_15=2.307841760040 s=[ 0 0 0 0 0 1 0 0 1 1 0 1 0 - + 0 1 1 1 1 0 0 1 1 1 0 ]

d_19_15=2.307841760040 s=[ 0 0 0 0 0 1 0 0 1 1 0 1 0 - - 0 0 1 1 1 0 0 1 1 1 0 ]

d_19_15=2.308041960240 s=[ 0 0 0 0 0 1 0 0 1 1 0 1 0 - + 0 0 0 0 0 1 1 0 0 0 1 ]

d_19_15=2.308041960240 s=[ 0 0 0 0 0 1 0 0 1 1 0 1 0 - + 0 1 1 1 1 0 0 1 1 1 0 ]

d_19_15=2.308041960240 s=[ 0 0 0 0 0 1 0 0 1 1 0 1 0 - - 0 0 1 1 1 0 0 1 1 1 0 ]

d_19_15=2.308242160440 s=[ 0 0 0 0 0 1 0 0 1 1 0 1 0 - + 0 0 0 0 0 1 1 0 0 0 1 ]

d_19_15=2.308242160440 s=[ 0 0 0 0 0 1 0 0 1 1 0 1 0 - + 0 1 1 1 1 0 0 1 1 1 0 ]

d_19_15=2.308242160440 s=[ 0 0 0 0 0 1 0 0 1 1 0 1 0 - - 0 0 1 1 1 0 0 1 1 1 0 ]

d_19_15=2.308442360641 s=[ 0 0 0 0 0 1 0 0 1 1 0 1 0 - + 0 0 0 0 0 1 1 0 0 0 1 ]

d_19_15=2.308442360641 s=[ 0 0 0 0 0 1 0 0 1 1 0 1 0 - + 0 1 1 1 1 0 0 1 1 1 0 ]

d_19_15=2.308442360641 s=[ 0 0 0 0 0 1 0 0 1 1 0 1 0 - - 0 0 1 1 1 0 0 1 1 1 0 ]

d_19_15=2.308642560841 s=[ 0 0 0 0 0 1 0 0 1 1 0 1 0 - + 0 0 0 0 0 1 1 0 0 0 1 ]

d_19_15=2.308642560841 s=[ 0 0 0 0 0 1 0 0 1 1 0 1 0 - + 0 1 1 1 1 0 0 1 1 1 0 ]

d_19_15=2.308642560841 s=[ 0 0 0 0 0 1 0 0 1 1 0 1 0 - - 0 0 1 1 1 0 0 1 1 1 0 ]

d_19_15=2.308842761041 s=[ 0 0 0 0 0 1 0 0 1 1 0 1 0 - + 0 0 0 0 0 1 1 0 0 0 1 ]

d_19_15=2.308842761041 s=[ 0 0 0 0 0 1 0 0 1 1 0 1 0 - + 0 1 1 1 1 0 0 1 1 1 0 ]

d_19_15=2.308842761041 s=[ 0 0 0 0 0 1 0 0 1 1 0 1 0 - - 0 0 1 1 1 0 0 1 1 1 0 ]

d_19_15=2.309042961241 s=[ 0 0 0 0 0 1 0 0 1 1 0 1 0 - + 0 0 0 0 0 1 1 0 0 0 1 ]

d_19_15=2.309042961241 s=[ 0 0 0 0 0 1 0 0 1 1 0 1 0 - + 0 1 1 1 1 0 0 1 1 1 0 ]

d_19_15=2.309042961241 s=[ 0 0 0 0 0 1 0 0 1 1 0 1 0 - - 0 0 1 1 1 0 0 1 1 1 0 ]

d_19_15=2.309243161441 s=[ 0 0 0 0 0 1 0 0 1 1 0 1 0 - + 0 0 0 0 0 1 1 0 0 0 1 ]

d_19_15=2.309243161441 s=[ 0 0 0 0 0 1 0 0 1 1 0 1 0 - + 0 1 1 1 1 0 0 1 1 1 0 ]

d_19_15=2.309243161441 s=[ 0 0 0 0 0 1 0 0 1 1 0 1 0 - - 0 0 1 1 1 0 0 1 1 1 0 ]

d_19_15=2.309443361642 s=[ 0 0 0 0 0 1 0 0 1 1 0 1 0 - + 0 0 0 0 0 1 1 0 0 0 1 ]

d_19_15=2.309443361642 s=[ 0 0 0 0 0 1 0 0 1 1 0 1 0 - + 0 1 1 1 1 0 0 1 1 1 0 ]

d_19_15=2.309443361642 s=[ 0 0 0 0 0 1 0 0 1 1 0 1 0 - - 0 0 1 1 1 0 0 1 1 1 0 ]

d_19_15=2.309643561842 s=[ 0 0 0 0 0 1 0 0 1 1 0 1 0 - + 0 0 0 0 0 1 1 0 0 0 1 ]

d_19_15=2.309643561842 s=[ 0 0 0 0 0 1 0 0 1 1 0 1 0 - + 0 1 1 1 1 0 0 1 1 1 0 ]

d_19_15=2.309643561842 s=[ 0 0 0 0 0 1 0 0 1 1 0 1 0 - - 0 0 1 1 1 0 0 1 1 1 0 ]

d_19_15=2.309843762042 s=[ 0 0 0 0 0 1 0 0 1 1 0 1 0 - + 0 0 0 0 0 1 1 0 0 0 1 ]

d_19_15=2.309843762042 s=[ 0 0 0 0 0 1 0 0 1 1 0 1 0 - - 0 0 1 1 1 0 0 1 1 1 0 ]

d_19_15=2.310043962242 s=[ 0 0 0 0 0 1 0 0 1 1 0 1 0 - - 0 0 1 1 1 0 0 1 1 1 0 ]

d_19_15=2.310244162442 s=[ 0 0 0 0 0 1 0 0 1 1 0 1 0 - - 0 0 1 1 1 0 0 1 1 1 0 ]

d_19_15=2.310444362643 s=[ 0 0 0 0 0 1 0 0 1 1 0 1 0 - - 0 0 1 1 1 0 0 1 1 1 0 ]

d_19_15=2.310644562843 s=[ 0 0 0 0 0 1 0 0 1 1 0 1 0 - - 0 0 1 1 1 0 0 1 1 1 0 ]

d_19_15=2.310844763043 s=[ 0 0 0 0 0 1 0 0 1 1 0 1 0 - - 0 0 1 1 1 0 0 1 1 1 0 ]

d_19_15=2.311044963243 s=[ 0 0 0 0 0 1 0 0 1 1 0 1 0 - - 0 0 1 1 1 0 0 1 1 1 0 ]

d_19_15=2.311245163443 s=[ 0 0 0 0 0 1 0 0 1 1 0 1 0 - - 0 0 1 1 1 0 0 1 1 1 0 ]

d_19_15=2.311445363644 s=[ 0 0 0 0 0 1 0 0 1 1 0 1 0 - - 0 0 1 1 1 0 0 1 1 1 0 ]

d_19_15=2.311645563844 s=[ 0 0 0 0 0 1 0 0 1 1 0 1 0 - - 0 0 1 1 1 0 0 1 1 1 0 ]

d_19_15=2.311845764044 s=[ 0 0 0 0 0 1 0 0 1 1 0 1 0 - - 0 0 1 1 1 0 0 1 1 1 0 ]

d_19_15=2.312045964244 s=[ 0 0 0 0 0 1 0 0 1 1 0 1 0 - - 0 0 1 1 1 0 0 1 1 1 0 ]

d_19_15=2.312246164444 s=[ 0 0 0 0 0 1 0 0 1 1 0 1 0 - - 0 0 1 1 1 0 0 1 1 1 0 ]

d_19_15=2.312446364645 s=[ 0 0 0 0 0 1 0 0 1 1 0 1 0 - - 0 0 1 1 1 0 0 1 1 1 0 ]

d_19_15=2.312646564845 s=[ 0 0 0 0 0 1 0 0 1 1 0 1 0 - - 0 0 1 1 1 0 0 1 1 1 0 ]

d_19_15=2.312846765045 s=[ 0 0 0 0 0 1 0 0 1 1 0 1 0 - - 0 0 1 1 1 0 0 1 1 1 0 ]

d_19_15=2.313046965245 s=[ 0 0 0 0 0 1 0 0 1 1 0 1 0 - - 0 0 1 1 1 0 0 1 1 1 0 ]

d_19_15=2.313247165445 s=[ 0 0 0 0 0 1 0 0 1 1 0 1 0 - - 0 0 1 1 1 0 0 1 1 1 0 ]

d_19_15=2.313447365646 s=[ 0 0 0 0 0 1 0 0 1 1 0 1 0 - - 0 0 1 1 1 0 0 1 1 1 0 ]

d_19_15=2.341074993273 s=[ 0 0 0 0 0 1 0 0 1 1 0 1 0 - + 0 1 0 0 0 1 1 0 0 0 1 ]

d_19_15=2.341275193473 s=[ 0 0 0 0 0 1 0 0 1 1 0 1 0 - + 0 1 0 0 0 1 1 0 0 0 1 ]

d_19_15=2.341475393674 s=[ 0 0 0 0 0 1 0 0 1 1 0 1 0 - + 0 1 0 0 0 1 1 0 0 0 1 ]

d_19_15=2.341675593874 s=[ 0 0 0 0 0 1 0 0 1 1 0 1 0 - + 0 1 0 0 0 1 1 0 0 0 1 ]

d_19_15=2.341875794074 s=[ 0 0 0 0 0 1 0 0 1 1 0 1 0 - + 0 1 0 0 0 1 1 0 0 0 1 ]

d_19_15=2.342075994274 s=[ 0 0 0 0 0 1 0 0 1 1 0 1 0 - + 0 1 0 0 0 1 1 0 0 0 1 ]

d_19_15=2.342276194474 s=[ 0 0 0 0 0 1 0 0 1 1 0 1 0 - + 0 1 0 0 0 1 1 0 0 0 1 ]

d_19_15=2.342476394675 s=[ 0 0 0 0 0 1 0 0 1 1 0 1 0 - + 0 1 0 0 0 1 1 0 0 0 1 ]

d_19_15=2.342676594875 s=[ 0 0 0 0 0 1 0 0 1 1 0 1 0 - + 0 1 0 0 0 1 1 0 0 0 1 ]

d_19_15=2.342876795075 s=[ 0 0 0 0 0 1 0 0 1 1 0 1 0 - + 0 1 0 0 0 1 1 0 0 0 1 ]

d_19_15=2.343076995275 s=[ 0 0 0 0 0 1 0 0 1 1 0 1 0 - + 0 1 0 0 0 1 1 0 0 0 1 ]

d_19_15=2.343277195475 s=[ 0 0 0 0 0 1 0 0 1 1 0 1 0 - + 0 1 0 0 0 1 1 0 0 0 1 ]

d_19_15=2.343477395676 s=[ 0 0 0 0 0 1 0 0 1 1 0 1 0 - + 0 1 0 0 0 1 1 0 0 0 1 ]

d_19_15=2.343677595876 s=[ 0 0 0 0 0 1 0 0 1 1 0 1 0 - + 0 1 0 0 0 1 1 0 0 0 1 ]

d_19_15=2.343877796076 s=[ 0 0 0 0 0 1 0 0 1 1 0 1 0 - + 0 1 0 0 0 1 1 0 0 0 1 ]

d_19_15=2.344077996276 s=[ 0 0 0 0 0 1 0 0 1 1 0 1 0 - + 0 1 0 0 0 1 1 0 0 0 1 ]

d_19_15=2.344278196476 s=[ 0 0 0 0 0 1 0 0 1 1 0 1 0 - + 0 1 0 0 0 1 1 0 0 0 1 ]

d_19_15=2.344478396677 s=[ 0 0 0 0 0 1 0 0 1 1 0 1 0 - + 0 1 0 0 0 1 1 0 0 0 1 ]

d_19_15=2.344678596877 s=[ 0 0 0 0 0 1 0 0 1 1 0 1 0 - + 0 1 0 0 0 1 1 0 0 0 1 ]

d_19_15=2.344878797077 s=[ 0 0 0 0 0 1 0 0 1 1 0 1 0 - + 0 1 0 0 0 1 1 0 0 0 1 ]

d_19_15=2.345078997277 s=[ 0 0 0 0 0 1 0 0 1 1 0 1 0 - + 0 1 0 0 0 1 1 0 0 0 1 ]

d_19_15=2.345279197477 s=[ 0 0 0 0 0 1 0 0 1 1 0 1 0 - + 0 1 0 0 0 1 1 0 0 0 1 ]

d_19_15=2.345479397678 s=[ 0 0 0 0 0 1 0 0 1 1 0 1 0 - + 0 1 0 0 0 1 1 0 0 0 1 ]

d_19_15=2.345679597878 s=[ 0 0 0 0 0 1 0 0 1 1 0 1 0 - + 0 1 0 0 0 1 1 0 0 0 1 ]

d_19_15=2.345879798078 s=[ 0 0 0 0 0 1 0 0 1 1 0 1 0 - + 0 1 0 0 0 1 1 0 0 0 1 ]

d_19_15=2.346079998278 s=[ 0 0 0 0 0 1 0 0 1 1 0 1 0 - + 0 1 0 0 0 1 1 0 0 0 1 ]

d_19_15=2.346280198478 s=[ 0 0 0 0 0 1 0 0 1 1 0 1 0 - + 0 1 0 0 0 1 1 0 0 0 1 ]

d_19_15=2.346480398679 s=[ 0 0 0 0 0 1 0 0 1 1 0 1 0 - + 0 1 0 0 0 1 1 0 0 0 1 ]

d_19_15=2.346680598879 s=[ 0 0 0 0 0 1 0 0 1 1 0 1 0 - + 0 1 0 0 0 1 1 0 0 0 1 ]

d_19_15=2.346880799079 s=[ 0 0 0 0 0 1 0 0 1 1 0 1 0 - + 0 1 0 0 0 1 1 0 0 0 1 ]

d_19_15=2.347080999279 s=[ 0 0 0 0 0 1 0 0 1 1 0 1 0 - + 0 1 0 0 0 1 1 0 0 0 1 ]

d_19_15=2.347281199479 s=[ 0 0 0 0 0 1 0 0 1 1 0 1 0 - + 0 1 0 0 0 1 1 0 0 0 1 ]

d_19_15=2.347481399680 s=[ 0 0 0 0 0 1 0 0 1 1 0 1 0 - + 0 1 0 0 0 1 1 0 0 0 1 ]

d_19_15=2.347681599880 s=[ 0 0 0 0 0 1 0 0 1 1 0 1 0 - + 0 1 0 0 0 1 1 0 0 0 1 ]

d_19_15=2.347881800080 s=[ 0 0 0 0 0 1 0 0 1 1 0 1 0 - + 0 1 0 0 0 1 1 0 0 0 1 ]

d_19_15=2.348082000280 s=[ 0 0 0 0 0 1 0 0 1 1 0 1 0 - + 0 1 0 0 0 1 1 0 0 0 1 ]

d_19_15=2.348282200480 s=[ 0 0 0 0 0 1 0 0 1 1 0 1 0 - + 0 1 0 0 0 1 1 0 0 0 1 ]

d_19_15=2.348482400681 s=[ 0 0 0 0 0 1 0 0 1 1 0 1 0 - + 0 1 0 0 0 1 1 0 0 0 1 ]

d_19_15=2.348682600881 s=[ 0 0 0 0 0 1 0 0 1 1 0 1 0 - + 0 1 0 0 0 1 1 0 0 0 1 ]

d_19_15=2.348882801081 s=[ 0 0 0 0 0 1 0 0 1 1 0 1 0 - + 0 1 0 0 0 1 1 0 0 0 1 ]

d_19_15=2.349083001281 s=[ 0 0 0 0 0 1 0 0 1 1 0 1 0 - + 0 1 0 0 0 1 1 0 0 0 1 ]

d_19_15=2.369303221502 s=[ 0 0 0 0 0 1 0 0 1 1 0 1 0 - + 0 0 0 0 0 1 0 1 1 1 0 ]

d_19_15=2.369503421702 s=[ 0 0 0 0 0 1 0 0 1 1 0 1 0 - + 0 0 0 0 0 1 0 1 1 1 0 ]

d_19_15=2.369703621902 s=[ 0 0 0 0 0 1 0 0 1 1 0 1 0 - + 0 0 0 0 0 1 0 1 1 1 0 ]

d_19_15=2.369903822102 s=[ 0 0 0 0 0 1 0 0 1 1 0 1 0 - + 0 0 0 0 0 1 0 1 1 1 0 ]

d_19_15=2.370104022302 s=[ 0 0 0 0 0 1 0 0 1 1 0 1 0 - + 0 0 0 0 0 1 0 1 1 1 0 ]

d_19_15=2.370304222503 s=[ 0 0 0 0 0 1 0 0 1 1 0 1 0 - + 0 0 0 0 0 1 0 1 1 1 0 ]

d_19_15=2.370504422703 s=[ 0 0 0 0 0 1 0 0 1 1 0 1 0 - + 0 0 0 0 0 1 0 1 1 1 0 ]

d_19_15=2.370704622903 s=[ 0 0 0 0 0 1 0 0 1 1 0 1 0 - + 0 0 0 0 0 1 0 1 1 1 0 ]

d_19_15=2.370904823103 s=[ 0 0 0 0 0 1 0 0 1 1 0 1 0 - + 0 0 0 0 0 1 0 1 1 1 0 ]

d_19_15=2.371105023303 s=[ 0 0 0 0 0 1 0 0 1 1 0 1 0 - + 0 0 0 0 0 1 0 1 1 1 0 ]

d_19_15=2.371305223504 s=[ 0 0 0 0 0 1 0 0 1 1 0 1 0 - + 0 0 0 0 0 1 0 1 1 1 0 ]

d_19_15=2.371505423704 s=[ 0 0 0 0 0 1 0 0 1 1 0 1 0 - + 0 0 0 0 0 1 0 1 1 1 0 ]

d_19_15=2.371705623904 s=[ 0 0 0 0 0 1 0 0 1 1 0 1 0 - + 0 0 0 0 0 1 0 1 1 1 0 ]

d_19_15=2.371905824104 s=[ 0 0 0 0 0 1 0 0 1 1 0 1 0 - + 0 0 0 0 0 1 0 1 1 1 0 ]

d_19_15=2.372106024304 s=[ 0 0 0 0 0 1 0 0 1 1 0 1 0 - + 0 0 0 0 0 1 0 1 1 1 0 ]

d_19_15=2.372306224505 s=[ 0 0 0 0 0 1 0 0 1 1 0 1 0 - + 0 0 0 0 0 1 0 1 1 1 0 ]

d_19_15=2.372506424705 s=[ 0 0 0 0 0 1 0 0 1 1 0 1 0 - + 0 0 0 0 0 1 0 1 1 1 0 ]

d_19_15=2.372706624905 s=[ 0 0 0 0 0 1 0 0 1 1 0 1 0 - + 0 0 0 0 0 1 0 1 1 1 0 ]

d_19_15=2.372906825105 s=[ 0 0 0 0 0 1 0 0 1 1 0 1 0 - + 0 0 0 0 0 1 0 1 1 1 0 ]

d_19_15=2.373107025305 s=[ 0 0 0 0 0 1 0 0 1 1 0 1 0 - + 0 0 0 0 0 1 0 1 1 1 0 ]

d_19_15=2.373307225506 s=[ 0 0 0 0 0 1 0 0 1 1 0 1 0 - + 0 0 0 0 0 1 0 1 1 1 0 ]

d_19_15=2.373507425706 s=[ 0 0 0 0 0 1 0 0 1 1 0 1 0 - + 0 0 0 0 0 1 0 1 1 1 0 ]

d_19_15=2.373707625906 s=[ 0 0 0 0 0 1 0 0 1 1 0 1 0 - + 0 0 0 0 0 1 0 1 1 1 0 ]

d_19_15=2.376710628909 s=[ 0 0 0 0 0 1 0 0 1 1 0 1 0 - - 0 0 1 1 1 0 1 0 0 0 1 ]

d_19_15=2.376910829109 s=[ 0 0 0 0 0 1 0 0 1 1 0 1 0 - - 0 0 1 1 1 0 1 0 0 0 1 ]

d_19_15=2.377111029309 s=[ 0 0 0 0 0 1 0 0 1 1 0 1 0 - - 0 0 1 1 1 0 1 0 0 0 1 ]

d_19_15=2.377311229510 s=[ 0 0 0 0 0 1 0 0 1 1 0 1 0 - - 0 0 1 1 1 0 1 0 0 0 1 ]

d_19_15=2.377511429710 s=[ 0 0 0 0 0 1 0 0 1 1 0 1 0 - - 0 0 1 1 1 0 1 0 0 0 1 ]

d_19_15=2.377711629910 s=[ 0 0 0 0 0 1 0 0 1 1 0 1 0 - - 0 0 1 1 1 0 1 0 0 0 1 ]

d_19_15=2.377911830110 s=[ 0 0 0 0 0 1 0 0 1 1 0 1 0 - - 0 0 1 1 1 0 1 0 0 0 1 ]

d_19_15=2.378112030310 s=[ 0 0 0 0 0 1 0 0 1 1 0 1 0 - - 0 0 1 1 1 0 1 0 0 0 1 ]

d_19_15=2.378312230511 s=[ 0 0 0 0 0 1 0 0 1 1 0 1 0 - - 0 0 1 1 1 0 1 0 0 0 1 ]

d_19_15=2.378512430711 s=[ 0 0 0 0 0 1 0 0 1 1 0 1 0 - - 0 0 1 1 1 0 1 0 0 0 1 ]

d_19_15=2.378712630911 s=[ 0 0 0 0 0 1 0 0 1 1 0 1 0 - - 0 0 1 1 1 0 1 0 0 0 1 ]

d_19_15=2.378912831111 s=[ 0 0 0 0 0 1 0 0 1 1 0 1 0 - - 0 0 1 1 1 0 1 0 0 0 1 ]

d_19_15=2.379113031311 s=[ 0 0 0 0 0 1 0 0 1 1 0 1 0 - - 0 0 1 1 1 0 1 0 0 0 1 ]

d_19_15=2.379313231512 s=[ 0 0 0 0 0 1 0 0 1 1 0 1 0 - - 0 0 1 1 1 0 1 0 0 0 1 ]

d_19_15=2.379513431712 s=[ 0 0 0 0 0 1 0 0 1 1 0 1 0 - - 0 0 1 1 1 0 1 0 0 0 1 ]

d_19_15=2.379713631912 s=[ 0 0 0 0 0 1 0 0 1 1 0 1 0 - - 0 0 1 1 1 0 1 0 0 0 1 ]

d_19_15=2.379913832112 s=[ 0 0 0 0 0 1 0 0 1 1 0 1 0 - - 0 0 1 1 1 0 1 0 0 0 1 ]

d_19_15=2.380114032312 s=[ 0 0 0 0 0 1 0 0 1 1 0 1 0 - - 0 0 1 1 1 0 1 0 0 0 1 ]

d_19_15=2.380314232513 s=[ 0 0 0 0 0 1 0 0 1 1 0 1 0 - - 0 0 1 1 1 0 1 0 0 0 1 ]

d_19_15=2.380514432713 s=[ 0 0 0 0 0 1 0 0 1 1 0 1 0 - - 0 0 1 1 1 0 1 0 0 0 1 ]

d_19_15=2.380714632913 s=[ 0 0 0 0 0 1 0 0 1 1 0 1 0 - - 0 0 1 1 1 0 1 0 0 0 1 ]

d_19_15=2.403337255536 s=[ 0 0 0 0 0 1 0 0 1 1 0 1 0 - - 0 1 0 0 0 1 0 1 1 1 0 ]

d_19_15=2.403537455736 s=[ 0 0 0 0 0 1 0 0 1 1 0 1 0 - - 0 1 0 0 0 1 0 1 1 1 0 ]

d_19_15=2.403737655936 s=[ 0 0 0 0 0 1 0 0 1 1 0 1 0 - - 0 1 0 0 0 1 0 1 1 1 0 ]

d_19_15=2.403937856136 s=[ 0 0 0 0 0 1 0 0 1 1 0 1 0 - - 0 1 0 0 0 1 0 1 1 1 0 ]

d_19_15=2.404138056336 s=[ 0 0 0 0 0 1 0 0 1 1 0 1 0 - - 0 1 0 0 0 1 0 1 1 1 0 ]

d_19_15=2.404338256537 s=[ 0 0 0 0 0 1 0 0 1 1 0 1 0 - - 0 1 0 0 0 1 0 1 1 1 0 ]

d_19_15=2.406740658939 s=[ 0 0 0 0 0 1 0 0 1 1 0 1 0 - - 0 1 0 0 0 1 1 1 1 1 0 ]

d_19_15=2.406940859139 s=[ 0 0 0 0 0 1 0 0 1 1 0 1 0 - - 0 1 0 0 0 1 1 1 1 1 0 ]

d_19_15=2.407141059339 s=[ 0 0 0 0 0 1 0 0 1 1 0 1 0 - - 0 1 0 0 0 1 1 1 1 1 0 ]

d_19_15=2.407341259540 s=[ 0 0 0 0 0 1 0 0 1 1 0 1 0 - - 0 1 0 0 0 1 1 1 1 1 0 ]

d_19_15=2.407541459740 s=[ 0 0 0 0 0 1 0 0 1 1 0 1 0 - - 0 1 0 0 0 1 1 1 1 1 0 ]

d_19_15=2.407741659940 s=[ 0 0 0 0 0 1 0 0 1 1 0 1 0 - - 0 1 0 0 0 1 1 1 1 1 0 ]

d_19_15=2.407941860140 s=[ 0 0 0 0 0 1 0 0 1 1 0 1 0 - - 0 1 0 0 0 1 1 1 1 1 0 ]

d_19_15=2.408142060340 s=[ 0 0 0 0 0 1 0 0 1 1 0 1 0 - - 0 1 0 0 0 1 1 1 1 1 0 ]

d_19_15=2.408342260541 s=[ 0 0 0 0 0 1 0 0 1 1 0 1 0 - - 0 1 0 0 0 1 1 1 1 1 0 ]

d_19_15=2.408542460741 s=[ 0 0 0 0 0 1 0 0 1 1 0 1 0 - - 0 1 0 0 0 1 1 1 1 1 0 ]

d_19_15=2.408742660941 s=[ 0 0 0 0 0 1 0 0 1 1 0 1 0 - - 0 1 0 0 0 1 1 1 1 1 0 ]

d_19_15=2.427761679960 s=[ 0 0 0 0 0 1 0 0 1 1 0 1 0 - - 0 0 1 1 1 0 0 0 0 0 1 ]

d_19_15=2.436370288569 s=[ 0 0 0 0 0 1 0 0 1 1 0 1 0 - + 0 1 0 0 0 1 1 0 0 0 1 ]

d_19_15=2.436570488769 s=[ 0 0 0 0 0 1 0 0 1 1 0 1 0 - + 0 1 0 0 0 1 1 0 0 0 1 ]

d_19_15=2.436770688969 s=[ 0 0 0 0 0 1 0 0 1 1 0 1 0 - + 0 1 0 0 0 1 1 0 0 0 1 ]

d_19_15=2.436970889169 s=[ 0 0 0 0 0 1 0 0 1 1 0 1 0 - + 0 1 0 0 0 1 1 0 0 0 1 ]

d_19_15=2.437171089369 s=[ 0 0 0 0 0 1 0 0 1 1 0 1 0 - + 0 1 0 0 0 1 1 0 0 0 1 ]

d_19_15=2.437371289570 s=[ 0 0 0 0 0 1 0 0 1 1 0 1 0 - + 0 1 0 0 0 1 1 0 0 0 1 ]

d_19_15=2.437571489770 s=[ 0 0 0 0 0 1 0 0 1 1 0 1 0 - + 0 1 0 0 0 1 1 0 0 0 1 ]

d_19_15=2.437771689970 s=[ 0 0 0 0 0 1 0 0 1 1 0 1 0 - + 0 1 0 0 0 1 1 0 0 0 1 ]

d_19_15=2.437971890170 s=[ 0 0 0 0 0 1 0 0 1 1 0 1 0 - + 0 1 0 0 0 1 1 0 0 0 1 ]

d_19_15=2.438172090370 s=[ 0 0 0 0 0 1 0 0 1 1 0 1 0 - + 0 1 0 0 0 1 1 0 0 0 1 ]

d_19_15=2.438372290571 s=[ 0 0 0 0 0 1 0 0 1 1 0 1 0 - + 0 1 0 0 0 1 1 0 0 0 1 ]

d_19_15=2.438572490771 s=[ 0 0 0 0 0 1 0 0 1 1 0 1 0 - + 0 1 0 0 0 1 1 0 0 0 1 ]

d_19_15=2.438772690971 s=[ 0 0 0 0 0 1 0 0 1 1 0 1 0 - + 0 1 0 0 0 1 1 0 0 0 1 ]

d_19_15=2.438972891171 s=[ 0 0 0 0 0 1 0 0 1 1 0 1 0 - + 0 1 0 0 0 1 1 0 0 0 1 ]

d_19_15=2.439173091371 s=[ 0 0 0 0 0 1 0 0 1 1 0 1 0 - + 0 1 0 0 0 1 1 0 0 0 1 ]

d_19_15=2.439373291572 s=[ 0 0 0 0 0 1 0 0 1 1 0 1 0 - + 0 1 0 0 0 1 1 0 0 0 1 ]

d_19_15=2.439573491772 s=[ 0 0 0 0 0 1 0 0 1 1 0 1 0 - + 0 1 0 0 0 1 1 0 0 0 1 ]

d_19_15=2.439773691972 s=[ 0 0 0 0 0 1 0 0 1 1 0 1 0 - + 0 1 0 0 0 1 1 0 0 0 1 ]

d_19_15=2.439973892172 s=[ 0 0 0 0 0 1 0 0 1 1 0 1 0 - + 0 1 0 0 0 1 1 0 0 0 1 ]

d_19_15=2.440174092372 s=[ 0 0 0 0 0 1 0 0 1 1 0 1 0 - + 0 1 0 0 0 1 1 0 0 0 1 ]

d_19_15=2.440374292573 s=[ 0 0 0 0 0 1 0 0 1 1 0 1 0 - + 0 1 0 0 0 1 1 0 0 0 1 ]

d_19_15=2.440574492773 s=[ 0 0 0 0 0 1 0 0 1 1 0 1 0 - + 0 1 0 0 0 1 1 0 0 0 1 ]

d_19_15=2.440774692973 s=[ 0 0 0 0 0 1 0 0 1 1 0 1 0 - + 0 1 0 0 0 1 1 0 0 0 1 ]

d_19_15=2.440974893173 s=[ 0 0 0 0 0 1 0 0 1 1 0 1 0 - + 0 1 0 0 0 1 1 0 0 0 1 ]

d_19_15=2.441175093373 s=[ 0 0 0 0 0 1 0 0 1 1 0 1 0 - + 0 1 0 0 0 1 1 0 0 0 1 ]

d_19_15=2.441375293574 s=[ 0 0 0 0 0 1 0 0 1 1 0 1 0 - + 0 1 0 0 0 1 1 0 0 0 1 ]

d_19_15=2.441575493774 s=[ 0 0 0 0 0 1 0 0 1 1 0 1 0 - + 0 1 0 0 0 1 1 0 0 0 1 ]

d_19_15=2.441775693974 s=[ 0 0 0 0 0 1 0 0 1 1 0 1 0 - + 0 1 0 0 0 1 1 0 0 0 1 ]

d_19_15=2.441975894174 s=[ 0 0 0 0 0 1 0 0 1 1 0 1 0 - + 0 1 0 0 0 1 1 0 0 0 1 ]

d_19_15=2.442176094374 s=[ 0 0 0 0 0 1 0 0 1 1 0 1 0 - + 0 1 0 0 0 1 1 0 0 0 1 ]

d_19_15=2.442376294575 s=[ 0 0 0 0 0 1 0 0 1 1 0 1 0 - + 0 1 0 0 0 1 1 0 0 0 1 ]

d_19_15=2.442576494775 s=[ 0 0 0 0 0 1 0 0 1 1 0 1 0 - + 0 1 0 0 0 1 1 0 0 0 1 ]

d_19_15=2.442776694975 s=[ 0 0 0 0 0 1 0 0 1 1 0 1 0 - + 0 1 0 0 0 1 1 0 0 0 1 ]

d_19_15=2.442976895175 s=[ 0 0 0 0 0 1 0 0 1 1 0 1 0 - + 0 1 0 0 0 1 1 0 0 0 1 ]

d_19_15=2.443177095375 s=[ 0 0 0 0 0 1 0 0 1 1 0 1 0 - + 0 1 0 0 0 1 1 0 0 0 1 ]

d_19_15=2.443377295576 s=[ 0 0 0 0 0 1 0 0 1 1 0 1 0 - + 0 1 0 0 0 1 1 0 0 0 1 ]

d_19_15=2.443577495776 s=[ 0 0 0 0 0 1 0 0 1 1 0 1 0 - + 0 1 0 0 0 1 1 0 0 0 1 ]

d_19_15=2.443777695976 s=[ 0 0 0 0 0 1 0 0 1 1 0 1 0 - + 0 1 0 0 0 1 1 0 0 0 1 ]

d_19_15=2.443977896176 s=[ 0 0 0 0 0 1 0 0 1 1 0 1 0 - + 0 1 0 0 0 1 1 0 0 0 1 ]

d_19_15=2.444178096376 s=[ 0 0 0 0 0 1 0 0 1 1 0 1 0 - + 0 1 0 0 0 1 1 0 0 0 1 ]

d_19_15=2.444378296577 s=[ 0 0 0 0 0 1 0 0 1 1 0 1 0 - + 0 1 0 0 0 1 1 0 0 0 1 ]

d_19_15=2.444578496777 s=[ 0 0 0 0 0 1 0 0 1 1 0 1 0 - + 0 1 0 0 0 1 1 0 0 0 1 ]

d_19_15=2.444778696977 s=[ 0 0 0 0 0 1 0 0 1 1 0 1 0 - + 0 1 0 0 0 1 1 0 0 0 1 ]

d_19_15=2.444978897177 s=[ 0 0 0 0 0 1 0 0 1 1 0 1 0 - + 0 1 0 0 0 1 1 0 0 0 1 ]

d_19_15=2.445179097377 s=[ 0 0 0 0 0 1 0 0 1 1 0 1 0 - + 0 1 0 0 0 1 1 0 0 0 1 ]

d_19_15=2.445379297578 s=[ 0 0 0 0 0 1 0 0 1 1 0 1 0 - + 0 1 0 0 0 1 1 0 0 0 1 ]

d_19_15=2.445579497778 s=[ 0 0 0 0 0 1 0 0 1 1 0 1 0 - + 0 1 0 0 0 1 1 0 0 0 1 ]

d_19_15=2.445779697978 s=[ 0 0 0 0 0 1 0 0 1 1 0 1 0 - + 0 1 0 0 0 1 1 0 0 0 1 ]

d_19_15=2.445979898178 s=[ 0 0 0 0 0 1 0 0 1 1 0 1 0 - + 0 1 0 0 0 1 1 0 0 0 1 ]

d_19_15=2.446180098378 s=[ 0 0 0 0 0 1 0 0 1 1 0 1 0 - + 0 1 0 0 0 1 1 0 0 0 1 ]

d_19_15=2.446380298579 s=[ 0 0 0 0 0 1 0 0 1 1 0 1 0 - + 0 1 0 0 0 1 1 0 0 0 1 ]

d_19_15=2.446580498779 s=[ 0 0 0 0 0 1 0 0 1 1 0 1 0 - + 0 1 0 0 0 1 1 0 0 0 1 ]

d_19_15=2.446780698979 s=[ 0 0 0 0 0 1 0 0 1 1 0 1 0 - + 0 1 0 0 0 1 1 0 0 0 1 ]

d_19_15=2.446980899179 s=[ 0 0 0 0 0 1 0 0 1 1 0 1 0 - + 0 1 0 0 0 1 1 0 0 0 1 ]

d_19_15=2.447181099379 s=[ 0 0 0 0 0 1 0 0 1 1 0 1 0 - + 0 1 0 0 0 1 1 0 0 0 1 ]

d_19_15=2.447381299580 s=[ 0 0 0 0 0 1 0 0 1 1 0 1 0 - + 0 1 0 0 0 1 1 0 0 0 1 ]

d_19_15=2.447581499780 s=[ 0 0 0 0 0 1 0 0 1 1 0 1 0 - + 0 1 0 0 0 1 1 0 0 0 1 ]

d_19_15=2.447781699980 s=[ 0 0 0 0 0 1 0 0 1 1 0 1 0 - + 0 1 0 0 0 1 1 0 0 0 1 ]

d_19_15=2.447981900180 s=[ 0 0 0 0 0 1 0 0 1 1 0 1 0 - + 0 1 0 0 0 1 1 0 0 0 1 ]

d_19_15=2.448182100380 s=[ 0 0 0 0 0 1 0 0 1 1 0 1 0 - + 0 1 0 0 0 1 1 0 0 0 1 ]

d_19_15=2.448382300581 s=[ 0 0 0 0 0 1 0 0 1 1 0 1 0 - + 0 1 0 0 0 1 1 0 0 0 1 ]

d_19_15=2.448582500781 s=[ 0 0 0 0 0 1 0 0 1 1 0 1 0 - + 0 1 0 0 0 1 1 0 0 0 1 ]

d_19_15=2.448782700981 s=[ 0 0 0 0 0 1 0 0 1 1 0 1 0 - + 0 1 0 0 0 1 1 0 0 0 1 ]

d_19_15=2.448982901181 s=[ 0 0 0 0 0 1 0 0 1 1 0 1 0 - + 0 1 0 0 0 1 1 0 0 0 1 ]

d_19_15=2.449183101381 s=[ 0 0 0 0 0 1 0 0 1 1 0 1 0 - + 0 1 0 0 0 1 1 0 0 0 1 ]

d_19_15=2.449383301582 s=[ 0 0 0 0 0 1 0 0 1 1 0 1 0 - + 0 1 0 0 0 1 1 0 0 0 1 ]

d_19_15=2.449583501782 s=[ 0 0 0 0 0 1 0 0 1 1 0 1 0 - + 0 1 0 0 0 1 1 0 0 0 1 ]

d_19_15=2.449783701982 s=[ 0 0 0 0 0 1 0 0 1 1 0 1 0 - + 0 1 0 0 0 1 1 0 0 0 1 ]

d_19_15=2.449983902182 s=[ 0 0 0 0 0 1 0 0 1 1 0 1 0 - + 0 1 0 0 0 1 1 0 0 0 1 ]

d_19_15=2.450184102382 s=[ 0 0 0 0 0 1 0 0 1 1 0 1 0 - + 0 1 0 0 0 1 1 0 0 0 1 ]

d_19_15=2.450384302583 s=[ 0 0 0 0 0 1 0 0 1 1 0 1 0 - + 0 1 0 0 0 1 1 0 0 0 1 ]

d_19_15=2.450584502783 s=[ 0 0 0 0 0 1 0 0 1 1 0 1 0 - + 0 1 0 0 0 1 1 0 0 0 1 ]

d_19_15=2.450784702983 s=[ 0 0 0 0 0 1 0 0 1 1 0 1 0 - + 0 1 0 0 0 1 1 0 0 0 1 ]

d_19_15=2.450984903183 s=[ 0 0 0 0 0 1 0 0 1 1 0 1 0 - + 0 1 0 0 0 1 1 0 0 0 1 ]

d_19_15=2.451185103383 s=[ 0 0 0 0 0 1 0 0 1 1 0 1 0 - + 0 1 0 0 0 1 1 0 0 0 1 ]

d_19_15=2.451385303584 s=[ 0 0 0 0 0 1 0 0 1 1 0 1 0 - + 0 1 0 0 0 1 1 0 0 0 1 ]

d_19_15=2.451585503784 s=[ 0 0 0 0 0 1 0 0 1 1 0 1 0 - + 0 1 0 0 0 1 1 0 0 0 1 ]

d_19_15=2.451785703984 s=[ 0 0 0 0 0 1 0 0 1 1 0 1 0 - + 0 1 0 0 0 1 1 0 0 0 1 ]

d_19_15=2.451985904184 s=[ 0 0 0 0 0 1 0 0 1 1 0 1 0 - + 0 1 0 0 0 1 1 0 0 0 1 ]

d_19_15=2.452186104384 s=[ 0 0 0 0 0 1 0 0 1 1 0 1 0 - + 0 1 0 0 0 1 1 0 0 0 1 ]

d_19_15=2.270204122402 s=[ 0 0 0 1 1 0 1 1 0 0 1 0 1 + - 1 1 0 0 0 1 1 0 0 0 1 ]

d_19_15=2.270404322603 s=[ 0 0 0 1 1 0 1 1 0 0 1 0 1 + - 1 1 0 0 0 1 1 0 0 0 1 ]

d_19_15=2.270604522803 s=[ 0 0 0 1 1 0 1 1 0 0 1 0 1 + - 1 1 0 0 0 1 1 0 0 0 1 ]

d_19_15=2.270804723003 s=[ 0 0 0 1 1 0 1 1 0 0 1 0 1 + - 1 1 0 0 0 1 1 0 0 0 1 ]

d_19_15=2.271004923203 s=[ 0 0 0 1 1 0 1 1 0 0 1 0 1 + - 1 1 0 0 0 1 1 0 0 0 1 ]

d_19_15=2.271205123403 s=[ 0 0 0 1 1 0 1 1 0 0 1 0 1 + - 1 1 0 0 0 1 1 0 0 0 1 ]

d_19_15=2.271405323604 s=[ 0 0 0 1 1 0 1 1 0 0 1 0 1 + - 1 1 0 0 0 1 1 0 0 0 1 ]

d_19_15=2.271605523804 s=[ 0 0 0 1 1 0 1 1 0 0 1 0 1 + - 1 1 0 0 0 1 1 0 0 0 1 ]

d_19_15=2.284618536817 s=[ 0 0 0 1 1 0 1 1 0 0 1 0 1 + + 1 0 0 0 0 1 0 0 0 0 1 ]

d_19_15=2.284818737017 s=[ 0 0 0 1 1 0 1 1 0 0 1 0 1 + + 1 0 0 0 0 1 0 0 0 0 1 ]

d_19_15=2.285018937217 s=[ 0 0 0 1 1 0 1 1 0 0 1 0 1 + + 1 0 0 0 0 1 0 0 0 0 1 ]

d_19_15=2.285219137417 s=[ 0 0 0 1 1 0 1 1 0 0 1 0 1 + + 1 0 0 0 0 1 0 0 0 0 1 ]

d_19_15=2.285419337618 s=[ 0 0 0 1 1 0 1 1 0 0 1 0 1 + + 1 0 0 0 0 1 0 0 0 0 1 ]

d_19_15=2.285619537818 s=[ 0 0 0 1 1 0 1 1 0 0 1 0 1 + + 1 0 0 0 0 1 0 0 0 0 1 ]

d_19_15=2.285819738018 s=[ 0 0 0 1 1 0 1 1 0 0 1 0 1 + + 1 0 0 0 0 1 0 0 0 0 1 ]

d_19_15=2.286019938218 s=[ 0 0 0 1 1 0 1 1 0 0 1 0 1 + + 1 0 0 0 0 1 0 0 0 0 1 ]

d_19_15=2.286220138418 s=[ 0 0 0 1 1 0 1 1 0 0 1 0 1 + + 1 0 0 0 0 1 0 0 0 0 1 ]

d_19_15=2.299633551832 s=[ 0 0 0 1 1 0 1 1 0 0 1 0 1 + + 1 1 1 1 1 0 1 1 1 1 0 ]

d_19_15=2.299833752032 s=[ 0 0 0 1 1 0 1 1 0 0 1 0 1 + + 1 1 1 1 1 0 1 1 1 1 0 ]

d_19_15=2.300634552833 s=[ 0 0 0 1 1 0 1 1 0 0 1 0 1 + + 1 1 1 1 1 0 0 0 0 0 1 ]

d_19_15=2.300834753033 s=[ 0 0 0 1 1 0 1 1 0 0 1 0 1 + + 1 1 1 1 1 0 0 0 0 0 1 ]

d_19_15=2.301034953233 s=[ 0 0 0 1 1 0 1 1 0 0 1 0 1 + + 1 1 1 1 1 0 0 0 0 0 1 ]

d_19_15=2.304438356637 s=[ 0 0 0 1 1 0 1 1 0 0 1 0 1 + - 1 1 1 1 1 0 0 1 1 1 0 ]

d_19_15=2.304638556837 s=[ 0 0 0 1 1 0 1 1 0 0 1 0 1 + - 1 1 1 1 1 0 0 1 1 1 0 ]

d_19_15=2.304838757037 s=[ 0 0 0 1 1 0 1 1 0 0 1 0 1 + - 1 1 1 1 1 0 0 1 1 1 0 ]

d_19_15=2.305038957237 s=[ 0 0 0 1 1 0 1 1 0 0 1 0 1 + - 1 0 0 0 0 1 1 0 0 0 1 ]

d_19_15=2.305038957237 s=[ 0 0 0 1 1 0 1 1 0 0 1 0 1 + - 1 1 1 1 1 0 0 1 1 1 0 ]

d_19_15=2.305239157437 s=[ 0 0 0 1 1 0 1 1 0 0 1 0 1 + - 1 0 0 0 0 1 1 0 0 0 1 ]

d_19_15=2.305239157437 s=[ 0 0 0 1 1 0 1 1 0 0 1 0 1 + - 1 1 1 1 1 0 0 1 1 1 0 ]

d_19_15=2.305439357638 s=[ 0 0 0 1 1 0 1 1 0 0 1 0 1 + - 1 0 0 0 0 1 1 0 0 0 1 ]

d_19_15=2.305439357638 s=[ 0 0 0 1 1 0 1 1 0 0 1 0 1 + - 1 1 1 1 1 0 0 1 1 1 0 ]

d_19_15=2.305639557838 s=[ 0 0 0 1 1 0 1 1 0 0 1 0 1 + + 1 0 0 0 0 1 1 1 1 1 0 ]

d_19_15=2.305639557838 s=[ 0 0 0 1 1 0 1 1 0 0 1 0 1 + - 1 0 0 0 0 1 1 0 0 0 1 ]

d_19_15=2.305639557838 s=[ 0 0 0 1 1 0 1 1 0 0 1 0 1 + - 1 1 1 1 1 0 0 1 1 1 0 ]

d_19_15=2.305839758038 s=[ 0 0 0 1 1 0 1 1 0 0 1 0 1 + - 1 0 0 0 0 1 1 0 0 0 1 ]

d_19_15=2.305839758038 s=[ 0 0 0 1 1 0 1 1 0 0 1 0 1 + - 1 1 1 1 1 0 0 1 1 1 0 ]

d_19_15=2.306039958238 s=[ 0 0 0 1 1 0 1 1 0 0 1 0 1 + - 1 0 0 0 0 1 1 0 0 0 1 ]

d_19_15=2.306039958238 s=[ 0 0 0 1 1 0 1 1 0 0 1 0 1 + - 1 1 1 1 1 0 0 1 1 1 0 ]

d_19_15=2.306240158438 s=[ 0 0 0 1 1 0 1 1 0 0 1 0 1 + - 1 0 0 0 0 1 1 0 0 0 1 ]

d_19_15=2.306240158438 s=[ 0 0 0 1 1 0 1 1 0 0 1 0 1 + - 1 1 1 1 1 0 0 1 1 1 0 ]

d_19_15=2.306440358639 s=[ 0 0 0 1 1 0 1 1 0 0 1 0 1 + - 1 0 0 0 0 1 1 0 0 0 1 ]

d_19_15=2.306440358639 s=[ 0 0 0 1 1 0 1 1 0 0 1 0 1 + - 1 1 1 1 1 0 0 1 1 1 0 ]

d_19_15=2.306640558839 s=[ 0 0 0 1 1 0 1 1 0 0 1 0 1 + - 1 0 0 0 0 1 1 0 0 0 1 ]

d_19_15=2.306640558839 s=[ 0 0 0 1 1 0 1 1 0 0 1 0 1 + - 1 1 1 1 1 0 0 1 1 1 0 ]

d_19_15=2.306840759039 s=[ 0 0 0 1 1 0 1 1 0 0 1 0 1 + + 1 1 0 0 0 1 1 0 0 0 1 ]

d_19_15=2.306840759039 s=[ 0 0 0 1 1 0 1 1 0 0 1 0 1 + - 1 0 0 0 0 1 1 0 0 0 1 ]

d_19_15=2.306840759039 s=[ 0 0 0 1 1 0 1 1 0 0 1 0 1 + - 1 1 1 1 1 0 0 1 1 1 0 ]

d_19_15=2.307040959239 s=[ 0 0 0 1 1 0 1 1 0 0 1 0 1 + + 1 1 0 0 0 1 1 0 0 0 1 ]

d_19_15=2.307040959239 s=[ 0 0 0 1 1 0 1 1 0 0 1 0 1 + - 1 0 0 0 0 1 1 0 0 0 1 ]

d_19_15=2.307040959239 s=[ 0 0 0 1 1 0 1 1 0 0 1 0 1 + - 1 1 1 1 1 0 0 1 1 1 0 ]

d_19_15=2.307241159439 s=[ 0 0 0 1 1 0 1 1 0 0 1 0 1 + + 1 1 0 0 0 1 1 0 0 0 1 ]

d_19_15=2.307241159439 s=[ 0 0 0 1 1 0 1 1 0 0 1 0 1 + - 1 0 0 0 0 1 1 0 0 0 1 ]

d_19_15=2.307241159439 s=[ 0 0 0 1 1 0 1 1 0 0 1 0 1 + - 1 1 1 1 1 0 0 1 1 1 0 ]

d_19_15=2.307441359640 s=[ 0 0 0 1 1 0 1 1 0 0 1 0 1 + + 1 1 0 0 0 1 1 0 0 0 1 ]

d_19_15=2.307441359640 s=[ 0 0 0 1 1 0 1 1 0 0 1 0 1 + - 1 0 0 0 0 1 1 0 0 0 1 ]

d_19_15=2.307441359640 s=[ 0 0 0 1 1 0 1 1 0 0 1 0 1 + - 1 1 1 1 1 0 0 1 1 1 0 ]

d_19_15=2.307641559840 s=[ 0 0 0 1 1 0 1 1 0 0 1 0 1 + + 1 1 0 0 0 1 1 0 0 0 1 ]

d_19_15=2.307641559840 s=[ 0 0 0 1 1 0 1 1 0 0 1 0 1 + - 1 0 0 0 0 1 1 0 0 0 1 ]

d_19_15=2.307641559840 s=[ 0 0 0 1 1 0 1 1 0 0 1 0 1 + - 1 1 1 1 1 0 0 1 1 1 0 ]

d_19_15=2.307841760040 s=[ 0 0 0 1 1 0 1 1 0 0 1 0 1 + + 1 1 0 0 0 1 1 0 0 0 1 ]

d_19_15=2.307841760040 s=[ 0 0 0 1 1 0 1 1 0 0 1 0 1 + - 1 0 0 0 0 1 1 0 0 0 1 ]

d_19_15=2.307841760040 s=[ 0 0 0 1 1 0 1 1 0 0 1 0 1 + - 1 1 1 1 1 0 0 1 1 1 0 ]

d_19_15=2.308041960240 s=[ 0 0 0 1 1 0 1 1 0 0 1 0 1 + + 1 1 0 0 0 1 1 0 0 0 1 ]

d_19_15=2.308041960240 s=[ 0 0 0 1 1 0 1 1 0 0 1 0 1 + - 1 0 0 0 0 1 1 0 0 0 1 ]

d_19_15=2.308041960240 s=[ 0 0 0 1 1 0 1 1 0 0 1 0 1 + - 1 1 1 1 1 0 0 1 1 1 0 ]

d_19_15=2.308242160440 s=[ 0 0 0 1 1 0 1 1 0 0 1 0 1 + + 1 1 0 0 0 1 1 0 0 0 1 ]

d_19_15=2.308242160440 s=[ 0 0 0 1 1 0 1 1 0 0 1 0 1 + - 1 0 0 0 0 1 1 0 0 0 1 ]

d_19_15=2.308242160440 s=[ 0 0 0 1 1 0 1 1 0 0 1 0 1 + - 1 1 1 1 1 0 0 1 1 1 0 ]

d_19_15=2.308442360641 s=[ 0 0 0 1 1 0 1 1 0 0 1 0 1 + + 1 1 0 0 0 1 1 0 0 0 1 ]

d_19_15=2.308442360641 s=[ 0 0 0 1 1 0 1 1 0 0 1 0 1 + - 1 0 0 0 0 1 1 0 0 0 1 ]

d_19_15=2.308442360641 s=[ 0 0 0 1 1 0 1 1 0 0 1 0 1 + - 1 1 1 1 1 0 0 1 1 1 0 ]

d_19_15=2.308642560841 s=[ 0 0 0 1 1 0 1 1 0 0 1 0 1 + + 1 1 0 0 0 1 1 0 0 0 1 ]

d_19_15=2.308642560841 s=[ 0 0 0 1 1 0 1 1 0 0 1 0 1 + - 1 0 0 0 0 1 1 0 0 0 1 ]

d_19_15=2.308642560841 s=[ 0 0 0 1 1 0 1 1 0 0 1 0 1 + - 1 1 1 1 1 0 0 1 1 1 0 ]

d_19_15=2.308842761041 s=[ 0 0 0 1 1 0 1 1 0 0 1 0 1 + + 1 1 0 0 0 1 1 0 0 0 1 ]

d_19_15=2.308842761041 s=[ 0 0 0 1 1 0 1 1 0 0 1 0 1 + - 1 0 0 0 0 1 1 0 0 0 1 ]

d_19_15=2.308842761041 s=[ 0 0 0 1 1 0 1 1 0 0 1 0 1 + - 1 1 1 1 1 0 0 1 1 1 0 ]

d_19_15=2.309042961241 s=[ 0 0 0 1 1 0 1 1 0 0 1 0 1 + + 1 1 0 0 0 1 1 0 0 0 1 ]

d_19_15=2.309042961241 s=[ 0 0 0 1 1 0 1 1 0 0 1 0 1 + - 1 0 0 0 0 1 1 0 0 0 1 ]

d_19_15=2.309042961241 s=[ 0 0 0 1 1 0 1 1 0 0 1 0 1 + - 1 1 1 1 1 0 0 1 1 1 0 ]

d_19_15=2.309243161441 s=[ 0 0 0 1 1 0 1 1 0 0 1 0 1 + + 1 1 0 0 0 1 1 0 0 0 1 ]

d_19_15=2.309243161441 s=[ 0 0 0 1 1 0 1 1 0 0 1 0 1 + - 1 0 0 0 0 1 1 0 0 0 1 ]

d_19_15=2.309243161441 s=[ 0 0 0 1 1 0 1 1 0 0 1 0 1 + - 1 1 1 1 1 0 0 1 1 1 0 ]

d_19_15=2.309443361642 s=[ 0 0 0 1 1 0 1 1 0 0 1 0 1 + + 1 1 0 0 0 1 1 0 0 0 1 ]

d_19_15=2.309443361642 s=[ 0 0 0 1 1 0 1 1 0 0 1 0 1 + - 1 0 0 0 0 1 1 0 0 0 1 ]

d_19_15=2.309443361642 s=[ 0 0 0 1 1 0 1 1 0 0 1 0 1 + - 1 1 1 1 1 0 0 1 1 1 0 ]

d_19_15=2.309643561842 s=[ 0 0 0 1 1 0 1 1 0 0 1 0 1 + + 1 1 0 0 0 1 1 0 0 0 1 ]

d_19_15=2.309643561842 s=[ 0 0 0 1 1 0 1 1 0 0 1 0 1 + - 1 0 0 0 0 1 1 0 0 0 1 ]

d_19_15=2.309643561842 s=[ 0 0 0 1 1 0 1 1 0 0 1 0 1 + - 1 1 1 1 1 0 0 1 1 1 0 ]

d_19_15=2.309843762042 s=[ 0 0 0 1 1 0 1 1 0 0 1 0 1 + + 1 1 0 0 0 1 1 0 0 0 1 ]

d_19_15=2.309843762042 s=[ 0 0 0 1 1 0 1 1 0 0 1 0 1 + - 1 1 1 1 1 0 0 1 1 1 0 ]

d_19_15=2.310043962242 s=[ 0 0 0 1 1 0 1 1 0 0 1 0 1 + + 1 1 0 0 0 1 1 0 0 0 1 ]

d_19_15=2.310244162442 s=[ 0 0 0 1 1 0 1 1 0 0 1 0 1 + + 1 1 0 0 0 1 1 0 0 0 1 ]

d_19_15=2.310444362643 s=[ 0 0 0 1 1 0 1 1 0 0 1 0 1 + + 1 1 0 0 0 1 1 0 0 0 1 ]

d_19_15=2.310644562843 s=[ 0 0 0 1 1 0 1 1 0 0 1 0 1 + + 1 1 0 0 0 1 1 0 0 0 1 ]

d_19_15=2.310844763043 s=[ 0 0 0 1 1 0 1 1 0 0 1 0 1 + + 1 1 0 0 0 1 1 0 0 0 1 ]

d_19_15=2.311044963243 s=[ 0 0 0 1 1 0 1 1 0 0 1 0 1 + + 1 1 0 0 0 1 1 0 0 0 1 ]

d_19_15=2.311245163443 s=[ 0 0 0 1 1 0 1 1 0 0 1 0 1 + + 1 1 0 0 0 1 1 0 0 0 1 ]

d_19_15=2.311445363644 s=[ 0 0 0 1 1 0 1 1 0 0 1 0 1 + + 1 1 0 0 0 1 1 0 0 0 1 ]

d_19_15=2.311645563844 s=[ 0 0 0 1 1 0 1 1 0 0 1 0 1 + + 1 1 0 0 0 1 1 0 0 0 1 ]

d_19_15=2.311845764044 s=[ 0 0 0 1 1 0 1 1 0 0 1 0 1 + + 1 1 0 0 0 1 1 0 0 0 1 ]

d_19_15=2.312045964244 s=[ 0 0 0 1 1 0 1 1 0 0 1 0 1 + + 1 1 0 0 0 1 1 0 0 0 1 ]

d_19_15=2.312246164444 s=[ 0 0 0 1 1 0 1 1 0 0 1 0 1 + + 1 1 0 0 0 1 1 0 0 0 1 ]

d_19_15=2.312446364645 s=[ 0 0 0 1 1 0 1 1 0 0 1 0 1 + + 1 1 0 0 0 1 1 0 0 0 1 ]

d_19_15=2.312646564845 s=[ 0 0 0 1 1 0 1 1 0 0 1 0 1 + + 1 1 0 0 0 1 1 0 0 0 1 ]

d_19_15=2.312846765045 s=[ 0 0 0 1 1 0 1 1 0 0 1 0 1 + + 1 1 0 0 0 1 1 0 0 0 1 ]

d_19_15=2.313046965245 s=[ 0 0 0 1 1 0 1 1 0 0 1 0 1 + + 1 1 0 0 0 1 1 0 0 0 1 ]

d_19_15=2.313247165445 s=[ 0 0 0 1 1 0 1 1 0 0 1 0 1 + + 1 1 0 0 0 1 1 0 0 0 1 ]

d_19_15=2.313447365646 s=[ 0 0 0 1 1 0 1 1 0 0 1 0 1 + + 1 1 0 0 0 1 1 0 0 0 1 ]

d_19_15=2.341074993273 s=[ 0 0 0 1 1 0 1 1 0 0 1 0 1 + - 1 0 1 1 1 0 0 1 1 1 0 ]

d_19_15=2.341275193473 s=[ 0 0 0 1 1 0 1 1 0 0 1 0 1 + - 1 0 1 1 1 0 0 1 1 1 0 ]

d_19_15=2.341475393674 s=[ 0 0 0 1 1 0 1 1 0 0 1 0 1 + - 1 0 1 1 1 0 0 1 1 1 0 ]

d_19_15=2.341675593874 s=[ 0 0 0 1 1 0 1 1 0 0 1 0 1 + - 1 0 1 1 1 0 0 1 1 1 0 ]

d_19_15=2.341875794074 s=[ 0 0 0 1 1 0 1 1 0 0 1 0 1 + - 1 0 1 1 1 0 0 1 1 1 0 ]

d_19_15=2.342075994274 s=[ 0 0 0 1 1 0 1 1 0 0 1 0 1 + - 1 0 1 1 1 0 0 1 1 1 0 ]

d_19_15=2.342276194474 s=[ 0 0 0 1 1 0 1 1 0 0 1 0 1 + - 1 0 1 1 1 0 0 1 1 1 0 ]

d_19_15=2.342476394675 s=[ 0 0 0 1 1 0 1 1 0 0 1 0 1 + - 1 0 1 1 1 0 0 1 1 1 0 ]

d_19_15=2.342676594875 s=[ 0 0 0 1 1 0 1 1 0 0 1 0 1 + - 1 0 1 1 1 0 0 1 1 1 0 ]

d_19_15=2.342876795075 s=[ 0 0 0 1 1 0 1 1 0 0 1 0 1 + - 1 0 1 1 1 0 0 1 1 1 0 ]

d_19_15=2.343076995275 s=[ 0 0 0 1 1 0 1 1 0 0 1 0 1 + - 1 0 1 1 1 0 0 1 1 1 0 ]

d_19_15=2.343277195475 s=[ 0 0 0 1 1 0 1 1 0 0 1 0 1 + - 1 0 1 1 1 0 0 1 1 1 0 ]

d_19_15=2.343477395676 s=[ 0 0 0 1 1 0 1 1 0 0 1 0 1 + - 1 0 1 1 1 0 0 1 1 1 0 ]

d_19_15=2.343677595876 s=[ 0 0 0 1 1 0 1 1 0 0 1 0 1 + - 1 0 1 1 1 0 0 1 1 1 0 ]

d_19_15=2.343877796076 s=[ 0 0 0 1 1 0 1 1 0 0 1 0 1 + - 1 0 1 1 1 0 0 1 1 1 0 ]

d_19_15=2.344077996276 s=[ 0 0 0 1 1 0 1 1 0 0 1 0 1 + - 1 0 1 1 1 0 0 1 1 1 0 ]

d_19_15=2.344278196476 s=[ 0 0 0 1 1 0 1 1 0 0 1 0 1 + - 1 0 1 1 1 0 0 1 1 1 0 ]

d_19_15=2.344478396677 s=[ 0 0 0 1 1 0 1 1 0 0 1 0 1 + - 1 0 1 1 1 0 0 1 1 1 0 ]

d_19_15=2.344678596877 s=[ 0 0 0 1 1 0 1 1 0 0 1 0 1 + - 1 0 1 1 1 0 0 1 1 1 0 ]

d_19_15=2.344878797077 s=[ 0 0 0 1 1 0 1 1 0 0 1 0 1 + - 1 0 1 1 1 0 0 1 1 1 0 ]

d_19_15=2.345078997277 s=[ 0 0 0 1 1 0 1 1 0 0 1 0 1 + - 1 0 1 1 1 0 0 1 1 1 0 ]

d_19_15=2.345279197477 s=[ 0 0 0 1 1 0 1 1 0 0 1 0 1 + - 1 0 1 1 1 0 0 1 1 1 0 ]

d_19_15=2.345479397678 s=[ 0 0 0 1 1 0 1 1 0 0 1 0 1 + - 1 0 1 1 1 0 0 1 1 1 0 ]

d_19_15=2.345679597878 s=[ 0 0 0 1 1 0 1 1 0 0 1 0 1 + - 1 0 1 1 1 0 0 1 1 1 0 ]

d_19_15=2.345879798078 s=[ 0 0 0 1 1 0 1 1 0 0 1 0 1 + - 1 0 1 1 1 0 0 1 1 1 0 ]

d_19_15=2.346079998278 s=[ 0 0 0 1 1 0 1 1 0 0 1 0 1 + - 1 0 1 1 1 0 0 1 1 1 0 ]

d_19_15=2.346280198478 s=[ 0 0 0 1 1 0 1 1 0 0 1 0 1 + - 1 0 1 1 1 0 0 1 1 1 0 ]

d_19_15=2.346480398679 s=[ 0 0 0 1 1 0 1 1 0 0 1 0 1 + - 1 0 1 1 1 0 0 1 1 1 0 ]

d_19_15=2.346680598879 s=[ 0 0 0 1 1 0 1 1 0 0 1 0 1 + - 1 0 1 1 1 0 0 1 1 1 0 ]

d_19_15=2.346880799079 s=[ 0 0 0 1 1 0 1 1 0 0 1 0 1 + - 1 0 1 1 1 0 0 1 1 1 0 ]

d_19_15=2.347080999279 s=[ 0 0 0 1 1 0 1 1 0 0 1 0 1 + - 1 0 1 1 1 0 0 1 1 1 0 ]

d_19_15=2.347281199479 s=[ 0 0 0 1 1 0 1 1 0 0 1 0 1 + - 1 0 1 1 1 0 0 1 1 1 0 ]

d_19_15=2.347481399680 s=[ 0 0 0 1 1 0 1 1 0 0 1 0 1 + - 1 0 1 1 1 0 0 1 1 1 0 ]

d_19_15=2.347681599880 s=[ 0 0 0 1 1 0 1 1 0 0 1 0 1 + - 1 0 1 1 1 0 0 1 1 1 0 ]

d_19_15=2.347881800080 s=[ 0 0 0 1 1 0 1 1 0 0 1 0 1 + - 1 0 1 1 1 0 0 1 1 1 0 ]

d_19_15=2.348082000280 s=[ 0 0 0 1 1 0 1 1 0 0 1 0 1 + - 1 0 1 1 1 0 0 1 1 1 0 ]

d_19_15=2.348282200480 s=[ 0 0 0 1 1 0 1 1 0 0 1 0 1 + - 1 0 1 1 1 0 0 1 1 1 0 ]

d_19_15=2.348482400681 s=[ 0 0 0 1 1 0 1 1 0 0 1 0 1 + - 1 0 1 1 1 0 0 1 1 1 0 ]

d_19_15=2.348682600881 s=[ 0 0 0 1 1 0 1 1 0 0 1 0 1 + - 1 0 1 1 1 0 0 1 1 1 0 ]

d_19_15=2.348882801081 s=[ 0 0 0 1 1 0 1 1 0 0 1 0 1 + - 1 0 1 1 1 0 0 1 1 1 0 ]

d_19_15=2.349083001281 s=[ 0 0 0 1 1 0 1 1 0 0 1 0 1 + - 1 0 1 1 1 0 0 1 1 1 0 ]

d_19_15=2.369303221502 s=[ 0 0 0 1 1 0 1 1 0 0 1 0 1 + - 1 1 1 1 1 0 1 0 0 0 1 ]

d_19_15=2.369503421702 s=[ 0 0 0 1 1 0 1 1 0 0 1 0 1 + - 1 1 1 1 1 0 1 0 0 0 1 ]

d_19_15=2.369703621902 s=[ 0 0 0 1 1 0 1 1 0 0 1 0 1 + - 1 1 1 1 1 0 1 0 0 0 1 ]

d_19_15=2.369903822102 s=[ 0 0 0 1 1 0 1 1 0 0 1 0 1 + - 1 1 1 1 1 0 1 0 0 0 1 ]

d_19_15=2.370104022302 s=[ 0 0 0 1 1 0 1 1 0 0 1 0 1 + - 1 1 1 1 1 0 1 0 0 0 1 ]

d_19_15=2.370304222503 s=[ 0 0 0 1 1 0 1 1 0 0 1 0 1 + - 1 1 1 1 1 0 1 0 0 0 1 ]

d_19_15=2.370504422703 s=[ 0 0 0 1 1 0 1 1 0 0 1 0 1 + - 1 1 1 1 1 0 1 0 0 0 1 ]

d_19_15=2.370704622903 s=[ 0 0 0 1 1 0 1 1 0 0 1 0 1 + - 1 1 1 1 1 0 1 0 0 0 1 ]

d_19_15=2.370904823103 s=[ 0 0 0 1 1 0 1 1 0 0 1 0 1 + - 1 1 1 1 1 0 1 0 0 0 1 ]

d_19_15=2.371105023303 s=[ 0 0 0 1 1 0 1 1 0 0 1 0 1 + - 1 1 1 1 1 0 1 0 0 0 1 ]

d_19_15=2.371305223504 s=[ 0 0 0 1 1 0 1 1 0 0 1 0 1 + - 1 1 1 1 1 0 1 0 0 0 1 ]

d_19_15=2.371505423704 s=[ 0 0 0 1 1 0 1 1 0 0 1 0 1 + - 1 1 1 1 1 0 1 0 0 0 1 ]

d_19_15=2.371705623904 s=[ 0 0 0 1 1 0 1 1 0 0 1 0 1 + - 1 1 1 1 1 0 1 0 0 0 1 ]

d_19_15=2.371905824104 s=[ 0 0 0 1 1 0 1 1 0 0 1 0 1 + - 1 1 1 1 1 0 1 0 0 0 1 ]

d_19_15=2.372106024304 s=[ 0 0 0 1 1 0 1 1 0 0 1 0 1 + - 1 1 1 1 1 0 1 0 0 0 1 ]

d_19_15=2.372306224505 s=[ 0 0 0 1 1 0 1 1 0 0 1 0 1 + - 1 1 1 1 1 0 1 0 0 0 1 ]

d_19_15=2.372506424705 s=[ 0 0 0 1 1 0 1 1 0 0 1 0 1 + - 1 1 1 1 1 0 1 0 0 0 1 ]

d_19_15=2.372706624905 s=[ 0 0 0 1 1 0 1 1 0 0 1 0 1 + - 1 1 1 1 1 0 1 0 0 0 1 ]

d_19_15=2.372906825105 s=[ 0 0 0 1 1 0 1 1 0 0 1 0 1 + - 1 1 1 1 1 0 1 0 0 0 1 ]

d_19_15=2.373107025305 s=[ 0 0 0 1 1 0 1 1 0 0 1 0 1 + - 1 1 1 1 1 0 1 0 0 0 1 ]

d_19_15=2.373307225506 s=[ 0 0 0 1 1 0 1 1 0 0 1 0 1 + - 1 1 1 1 1 0 1 0 0 0 1 ]

d_19_15=2.373507425706 s=[ 0 0 0 1 1 0 1 1 0 0 1 0 1 + - 1 1 1 1 1 0 1 0 0 0 1 ]

d_19_15=2.373707625906 s=[ 0 0 0 1 1 0 1 1 0 0 1 0 1 + - 1 1 1 1 1 0 1 0 0 0 1 ]

d_19_15=2.376710628909 s=[ 0 0 0 1 1 0 1 1 0 0 1 0 1 + + 1 1 0 0 0 1 0 1 1 1 0 ]

d_19_15=2.376910829109 s=[ 0 0 0 1 1 0 1 1 0 0 1 0 1 + + 1 1 0 0 0 1 0 1 1 1 0 ]

d_19_15=2.377111029309 s=[ 0 0 0 1 1 0 1 1 0 0 1 0 1 + + 1 1 0 0 0 1 0 1 1 1 0 ]

d_19_15=2.377311229510 s=[ 0 0 0 1 1 0 1 1 0 0 1 0 1 + + 1 1 0 0 0 1 0 1 1 1 0 ]

d_19_15=2.377511429710 s=[ 0 0 0 1 1 0 1 1 0 0 1 0 1 + + 1 1 0 0 0 1 0 1 1 1 0 ]

d_19_15=2.377711629910 s=[ 0 0 0 1 1 0 1 1 0 0 1 0 1 + + 1 1 0 0 0 1 0 1 1 1 0 ]

d_19_15=2.377911830110 s=[ 0 0 0 1 1 0 1 1 0 0 1 0 1 + + 1 1 0 0 0 1 0 1 1 1 0 ]

d_19_15=2.378112030310 s=[ 0 0 0 1 1 0 1 1 0 0 1 0 1 + + 1 1 0 0 0 1 0 1 1 1 0 ]

d_19_15=2.378312230511 s=[ 0 0 0 1 1 0 1 1 0 0 1 0 1 + + 1 1 0 0 0 1 0 1 1 1 0 ]

d_19_15=2.378512430711 s=[ 0 0 0 1 1 0 1 1 0 0 1 0 1 + + 1 1 0 0 0 1 0 1 1 1 0 ]

d_19_15=2.378712630911 s=[ 0 0 0 1 1 0 1 1 0 0 1 0 1 + + 1 1 0 0 0 1 0 1 1 1 0 ]

d_19_15=2.378912831111 s=[ 0 0 0 1 1 0 1 1 0 0 1 0 1 + + 1 1 0 0 0 1 0 1 1 1 0 ]

d_19_15=2.379113031311 s=[ 0 0 0 1 1 0 1 1 0 0 1 0 1 + + 1 1 0 0 0 1 0 1 1 1 0 ]

d_19_15=2.379313231512 s=[ 0 0 0 1 1 0 1 1 0 0 1 0 1 + + 1 1 0 0 0 1 0 1 1 1 0 ]

d_19_15=2.379513431712 s=[ 0 0 0 1 1 0 1 1 0 0 1 0 1 + + 1 1 0 0 0 1 0 1 1 1 0 ]

d_19_15=2.379713631912 s=[ 0 0 0 1 1 0 1 1 0 0 1 0 1 + + 1 1 0 0 0 1 0 1 1 1 0 ]

d_19_15=2.379913832112 s=[ 0 0 0 1 1 0 1 1 0 0 1 0 1 + + 1 1 0 0 0 1 0 1 1 1 0 ]

d_19_15=2.380114032312 s=[ 0 0 0 1 1 0 1 1 0 0 1 0 1 + + 1 1 0 0 0 1 0 1 1 1 0 ]

d_19_15=2.380314232513 s=[ 0 0 0 1 1 0 1 1 0 0 1 0 1 + + 1 1 0 0 0 1 0 1 1 1 0 ]

d_19_15=2.380514432713 s=[ 0 0 0 1 1 0 1 1 0 0 1 0 1 + + 1 1 0 0 0 1 0 1 1 1 0 ]

d_19_15=2.380714632913 s=[ 0 0 0 1 1 0 1 1 0 0 1 0 1 + + 1 1 0 0 0 1 0 1 1 1 0 ]

d_19_15=2.403337255536 s=[ 0 0 0 1 1 0 1 1 0 0 1 0 1 + + 1 0 1 1 1 0 1 0 0 0 1 ]

d_19_15=2.403537455736 s=[ 0 0 0 1 1 0 1 1 0 0 1 0 1 + + 1 0 1 1 1 0 1 0 0 0 1 ]

d_19_15=2.403737655936 s=[ 0 0 0 1 1 0 1 1 0 0 1 0 1 + + 1 0 1 1 1 0 1 0 0 0 1 ]

d_19_15=2.403937856136 s=[ 0 0 0 1 1 0 1 1 0 0 1 0 1 + + 1 0 1 1 1 0 1 0 0 0 1 ]

d_19_15=2.404138056336 s=[ 0 0 0 1 1 0 1 1 0 0 1 0 1 + + 1 0 1 1 1 0 1 0 0 0 1 ]

d_19_15=2.404338256537 s=[ 0 0 0 1 1 0 1 1 0 0 1 0 1 + + 1 0 1 1 1 0 1 0 0 0 1 ]

d_19_15=2.406740658939 s=[ 0 0 0 1 1 0 1 1 0 0 1 0 1 + + 1 0 1 1 1 0 0 0 0 0 1 ]

d_19_15=2.406940859139 s=[ 0 0 0 1 1 0 1 1 0 0 1 0 1 + + 1 0 1 1 1 0 0 0 0 0 1 ]

d_19_15=2.407141059339 s=[ 0 0 0 1 1 0 1 1 0 0 1 0 1 + + 1 0 1 1 1 0 0 0 0 0 1 ]

d_19_15=2.407341259540 s=[ 0 0 0 1 1 0 1 1 0 0 1 0 1 + + 1 0 1 1 1 0 0 0 0 0 1 ]

d_19_15=2.407541459740 s=[ 0 0 0 1 1 0 1 1 0 0 1 0 1 + + 1 0 1 1 1 0 0 0 0 0 1 ]

d_19_15=2.407741659940 s=[ 0 0 0 1 1 0 1 1 0 0 1 0 1 + + 1 0 1 1 1 0 0 0 0 0 1 ]

d_19_15=2.407941860140 s=[ 0 0 0 1 1 0 1 1 0 0 1 0 1 + + 1 0 1 1 1 0 0 0 0 0 1 ]

d_19_15=2.408142060340 s=[ 0 0 0 1 1 0 1 1 0 0 1 0 1 + + 1 0 1 1 1 0 0 0 0 0 1 ]

d_19_15=2.408342260541 s=[ 0 0 0 1 1 0 1 1 0 0 1 0 1 + + 1 0 1 1 1 0 0 0 0 0 1 ]

d_19_15=2.408542460741 s=[ 0 0 0 1 1 0 1 1 0 0 1 0 1 + + 1 0 1 1 1 0 0 0 0 0 1 ]

d_19_15=2.408742660941 s=[ 0 0 0 1 1 0 1 1 0 0 1 0 1 + + 1 0 1 1 1 0 0 0 0 0 1 ]

d_19_15=2.427761679960 s=[ 0 0 0 1 1 0 1 1 0 0 1 0 1 + + 1 1 0 0 0 1 1 1 1 1 0 ]

d_19_15=2.436370288569 s=[ 0 0 0 1 1 0 1 1 0 0 1 0 1 + - 1 0 1 1 1 0 0 1 1 1 0 ]

d_19_15=2.436570488769 s=[ 0 0 0 1 1 0 1 1 0 0 1 0 1 + - 1 0 1 1 1 0 0 1 1 1 0 ]

d_19_15=2.436770688969 s=[ 0 0 0 1 1 0 1 1 0 0 1 0 1 + - 1 0 1 1 1 0 0 1 1 1 0 ]

d_19_15=2.436970889169 s=[ 0 0 0 1 1 0 1 1 0 0 1 0 1 + - 1 0 1 1 1 0 0 1 1 1 0 ]

d_19_15=2.437171089369 s=[ 0 0 0 1 1 0 1 1 0 0 1 0 1 + - 1 0 1 1 1 0 0 1 1 1 0 ]

d_19_15=2.437371289570 s=[ 0 0 0 1 1 0 1 1 0 0 1 0 1 + - 1 0 1 1 1 0 0 1 1 1 0 ]

d_19_15=2.437571489770 s=[ 0 0 0 1 1 0 1 1 0 0 1 0 1 + - 1 0 1 1 1 0 0 1 1 1 0 ]

d_19_15=2.437771689970 s=[ 0 0 0 1 1 0 1 1 0 0 1 0 1 + - 1 0 1 1 1 0 0 1 1 1 0 ]

d_19_15=2.437971890170 s=[ 0 0 0 1 1 0 1 1 0 0 1 0 1 + - 1 0 1 1 1 0 0 1 1 1 0 ]

d_19_15=2.438172090370 s=[ 0 0 0 1 1 0 1 1 0 0 1 0 1 + - 1 0 1 1 1 0 0 1 1 1 0 ]

d_19_15=2.438372290571 s=[ 0 0 0 1 1 0 1 1 0 0 1 0 1 + - 1 0 1 1 1 0 0 1 1 1 0 ]

d_19_15=2.438572490771 s=[ 0 0 0 1 1 0 1 1 0 0 1 0 1 + - 1 0 1 1 1 0 0 1 1 1 0 ]

d_19_15=2.438772690971 s=[ 0 0 0 1 1 0 1 1 0 0 1 0 1 + - 1 0 1 1 1 0 0 1 1 1 0 ]

d_19_15=2.438972891171 s=[ 0 0 0 1 1 0 1 1 0 0 1 0 1 + - 1 0 1 1 1 0 0 1 1 1 0 ]

d_19_15=2.439173091371 s=[ 0 0 0 1 1 0 1 1 0 0 1 0 1 + - 1 0 1 1 1 0 0 1 1 1 0 ]

d_19_15=2.439373291572 s=[ 0 0 0 1 1 0 1 1 0 0 1 0 1 + - 1 0 1 1 1 0 0 1 1 1 0 ]

d_19_15=2.439573491772 s=[ 0 0 0 1 1 0 1 1 0 0 1 0 1 + - 1 0 1 1 1 0 0 1 1 1 0 ]

d_19_15=2.439773691972 s=[ 0 0 0 1 1 0 1 1 0 0 1 0 1 + - 1 0 1 1 1 0 0 1 1 1 0 ]

d_19_15=2.439973892172 s=[ 0 0 0 1 1 0 1 1 0 0 1 0 1 + - 1 0 1 1 1 0 0 1 1 1 0 ]

d_19_15=2.440174092372 s=[ 0 0 0 1 1 0 1 1 0 0 1 0 1 + - 1 0 1 1 1 0 0 1 1 1 0 ]

d_19_15=2.440374292573 s=[ 0 0 0 1 1 0 1 1 0 0 1 0 1 + - 1 0 1 1 1 0 0 1 1 1 0 ]

d_19_15=2.440574492773 s=[ 0 0 0 1 1 0 1 1 0 0 1 0 1 + - 1 0 1 1 1 0 0 1 1 1 0 ]

d_19_15=2.440774692973 s=[ 0 0 0 1 1 0 1 1 0 0 1 0 1 + - 1 0 1 1 1 0 0 1 1 1 0 ]

d_19_15=2.440974893173 s=[ 0 0 0 1 1 0 1 1 0 0 1 0 1 + - 1 0 1 1 1 0 0 1 1 1 0 ]

d_19_15=2.441175093373 s=[ 0 0 0 1 1 0 1 1 0 0 1 0 1 + - 1 0 1 1 1 0 0 1 1 1 0 ]

d_19_15=2.441375293574 s=[ 0 0 0 1 1 0 1 1 0 0 1 0 1 + - 1 0 1 1 1 0 0 1 1 1 0 ]

d_19_15=2.441575493774 s=[ 0 0 0 1 1 0 1 1 0 0 1 0 1 + - 1 0 1 1 1 0 0 1 1 1 0 ]

d_19_15=2.441775693974 s=[ 0 0 0 1 1 0 1 1 0 0 1 0 1 + - 1 0 1 1 1 0 0 1 1 1 0 ]

d_19_15=2.441975894174 s=[ 0 0 0 1 1 0 1 1 0 0 1 0 1 + - 1 0 1 1 1 0 0 1 1 1 0 ]

d_19_15=2.442176094374 s=[ 0 0 0 1 1 0 1 1 0 0 1 0 1 + - 1 0 1 1 1 0 0 1 1 1 0 ]

d_19_15=2.442376294575 s=[ 0 0 0 1 1 0 1 1 0 0 1 0 1 + - 1 0 1 1 1 0 0 1 1 1 0 ]

d_19_15=2.442576494775 s=[ 0 0 0 1 1 0 1 1 0 0 1 0 1 + - 1 0 1 1 1 0 0 1 1 1 0 ]

d_19_15=2.442776694975 s=[ 0 0 0 1 1 0 1 1 0 0 1 0 1 + - 1 0 1 1 1 0 0 1 1 1 0 ]

d_19_15=2.442976895175 s=[ 0 0 0 1 1 0 1 1 0 0 1 0 1 + - 1 0 1 1 1 0 0 1 1 1 0 ]

d_19_15=2.443177095375 s=[ 0 0 0 1 1 0 1 1 0 0 1 0 1 + - 1 0 1 1 1 0 0 1 1 1 0 ]

d_19_15=2.443377295576 s=[ 0 0 0 1 1 0 1 1 0 0 1 0 1 + - 1 0 1 1 1 0 0 1 1 1 0 ]

d_19_15=2.443577495776 s=[ 0 0 0 1 1 0 1 1 0 0 1 0 1 + - 1 0 1 1 1 0 0 1 1 1 0 ]

d_19_15=2.443777695976 s=[ 0 0 0 1 1 0 1 1 0 0 1 0 1 + - 1 0 1 1 1 0 0 1 1 1 0 ]

d_19_15=2.443977896176 s=[ 0 0 0 1 1 0 1 1 0 0 1 0 1 + - 1 0 1 1 1 0 0 1 1 1 0 ]

d_19_15=2.444178096376 s=[ 0 0 0 1 1 0 1 1 0 0 1 0 1 + - 1 0 1 1 1 0 0 1 1 1 0 ]

d_19_15=2.444378296577 s=[ 0 0 0 1 1 0 1 1 0 0 1 0 1 + - 1 0 1 1 1 0 0 1 1 1 0 ]

d_19_15=2.444578496777 s=[ 0 0 0 1 1 0 1 1 0 0 1 0 1 + - 1 0 1 1 1 0 0 1 1 1 0 ]

d_19_15=2.444778696977 s=[ 0 0 0 1 1 0 1 1 0 0 1 0 1 + - 1 0 1 1 1 0 0 1 1 1 0 ]

d_19_15=2.444978897177 s=[ 0 0 0 1 1 0 1 1 0 0 1 0 1 + - 1 0 1 1 1 0 0 1 1 1 0 ]

d_19_15=2.445179097377 s=[ 0 0 0 1 1 0 1 1 0 0 1 0 1 + - 1 0 1 1 1 0 0 1 1 1 0 ]

d_19_15=2.445379297578 s=[ 0 0 0 1 1 0 1 1 0 0 1 0 1 + - 1 0 1 1 1 0 0 1 1 1 0 ]

d_19_15=2.445579497778 s=[ 0 0 0 1 1 0 1 1 0 0 1 0 1 + - 1 0 1 1 1 0 0 1 1 1 0 ]

d_19_15=2.445779697978 s=[ 0 0 0 1 1 0 1 1 0 0 1 0 1 + - 1 0 1 1 1 0 0 1 1 1 0 ]

d_19_15=2.445979898178 s=[ 0 0 0 1 1 0 1 1 0 0 1 0 1 + - 1 0 1 1 1 0 0 1 1 1 0 ]

d_19_15=2.446180098378 s=[ 0 0 0 1 1 0 1 1 0 0 1 0 1 + - 1 0 1 1 1 0 0 1 1 1 0 ]

d_19_15=2.446380298579 s=[ 0 0 0 1 1 0 1 1 0 0 1 0 1 + - 1 0 1 1 1 0 0 1 1 1 0 ]

d_19_15=2.446580498779 s=[ 0 0 0 1 1 0 1 1 0 0 1 0 1 + - 1 0 1 1 1 0 0 1 1 1 0 ]

d_19_15=2.446780698979 s=[ 0 0 0 1 1 0 1 1 0 0 1 0 1 + - 1 0 1 1 1 0 0 1 1 1 0 ]

d_19_15=2.446980899179 s=[ 0 0 0 1 1 0 1 1 0 0 1 0 1 + - 1 0 1 1 1 0 0 1 1 1 0 ]

d_19_15=2.447181099379 s=[ 0 0 0 1 1 0 1 1 0 0 1 0 1 + - 1 0 1 1 1 0 0 1 1 1 0 ]

d_19_15=2.447381299580 s=[ 0 0 0 1 1 0 1 1 0 0 1 0 1 + - 1 0 1 1 1 0 0 1 1 1 0 ]

d_19_15=2.447581499780 s=[ 0 0 0 1 1 0 1 1 0 0 1 0 1 + - 1 0 1 1 1 0 0 1 1 1 0 ]

d_19_15=2.447781699980 s=[ 0 0 0 1 1 0 1 1 0 0 1 0 1 + - 1 0 1 1 1 0 0 1 1 1 0 ]

d_19_15=2.447981900180 s=[ 0 0 0 1 1 0 1 1 0 0 1 0 1 + - 1 0 1 1 1 0 0 1 1 1 0 ]

d_19_15=2.448182100380 s=[ 0 0 0 1 1 0 1 1 0 0 1 0 1 + - 1 0 1 1 1 0 0 1 1 1 0 ]

d_19_15=2.448382300581 s=[ 0 0 0 1 1 0 1 1 0 0 1 0 1 + - 1 0 1 1 1 0 0 1 1 1 0 ]

d_19_15=2.448582500781 s=[ 0 0 0 1 1 0 1 1 0 0 1 0 1 + - 1 0 1 1 1 0 0 1 1 1 0 ]

d_19_15=2.448782700981 s=[ 0 0 0 1 1 0 1 1 0 0 1 0 1 + - 1 0 1 1 1 0 0 1 1 1 0 ]

d_19_15=2.448982901181 s=[ 0 0 0 1 1 0 1 1 0 0 1 0 1 + - 1 0 1 1 1 0 0 1 1 1 0 ]

d_19_15=2.449183101381 s=[ 0 0 0 1 1 0 1 1 0 0 1 0 1 + - 1 0 1 1 1 0 0 1 1 1 0 ]

d_19_15=2.449383301582 s=[ 0 0 0 1 1 0 1 1 0 0 1 0 1 + - 1 0 1 1 1 0 0 1 1 1 0 ]

d_19_15=2.449583501782 s=[ 0 0 0 1 1 0 1 1 0 0 1 0 1 + - 1 0 1 1 1 0 0 1 1 1 0 ]

d_19_15=2.449783701982 s=[ 0 0 0 1 1 0 1 1 0 0 1 0 1 + - 1 0 1 1 1 0 0 1 1 1 0 ]

d_19_15=2.449983902182 s=[ 0 0 0 1 1 0 1 1 0 0 1 0 1 + - 1 0 1 1 1 0 0 1 1 1 0 ]

d_19_15=2.450184102382 s=[ 0 0 0 1 1 0 1 1 0 0 1 0 1 + - 1 0 1 1 1 0 0 1 1 1 0 ]

d_19_15=2.450384302583 s=[ 0 0 0 1 1 0 1 1 0 0 1 0 1 + - 1 0 1 1 1 0 0 1 1 1 0 ]

d_19_15=2.450584502783 s=[ 0 0 0 1 1 0 1 1 0 0 1 0 1 + - 1 0 1 1 1 0 0 1 1 1 0 ]

d_19_15=2.450784702983 s=[ 0 0 0 1 1 0 1 1 0 0 1 0 1 + - 1 0 1 1 1 0 0 1 1 1 0 ]

d_19_15=2.450984903183 s=[ 0 0 0 1 1 0 1 1 0 0 1 0 1 + - 1 0 1 1 1 0 0 1 1 1 0 ]

d_19_15=2.451185103383 s=[ 0 0 0 1 1 0 1 1 0 0 1 0 1 + - 1 0 1 1 1 0 0 1 1 1 0 ]

d_19_15=2.451385303584 s=[ 0 0 0 1 1 0 1 1 0 0 1 0 1 + - 1 0 1 1 1 0 0 1 1 1 0 ]

d_19_15=2.451585503784 s=[ 0 0 0 1 1 0 1 1 0 0 1 0 1 + - 1 0 1 1 1 0 0 1 1 1 0 ]

d_19_15=2.451785703984 s=[ 0 0 0 1 1 0 1 1 0 0 1 0 1 + - 1 0 1 1 1 0 0 1 1 1 0 ]

d_19_15=2.451985904184 s=[ 0 0 0 1 1 0 1 1 0 0 1 0 1 + - 1 0 1 1 1 0 0 1 1 1 0 ]

d_19_15=2.452186104384 s=[ 0 0 0 1 1 0 1 1 0 0 1 0 1 + - 1 0 1 1 1 0 0 1 1 1 0 ]

d_19_15=2.269803722002 s=[ 0 0 0 1 1 0 1 1 0 0 1 0 1 - - 1 1 0 0 0 1 1 0 0 0 1 ]

d_19_15=2.270003922202 s=[ 0 0 0 1 1 0 1 1 0 0 1 0 1 - - 1 1 0 0 0 1 1 0 0 0 1 ]

d_19_15=2.270204122402 s=[ 0 0 0 1 1 0 1 1 0 0 1 0 1 - - 1 1 0 0 0 1 1 0 0 0 1 ]

d_19_15=2.270404322603 s=[ 0 0 0 1 1 0 1 1 0 0 1 0 1 - - 1 1 0 0 0 1 1 0 0 0 1 ]

d_19_15=2.270604522803 s=[ 0 0 0 1 1 0 1 1 0 0 1 0 1 - - 1 1 0 0 0 1 1 0 0 0 1 ]

d_19_15=2.270804723003 s=[ 0 0 0 1 1 0 1 1 0 0 1 0 1 - - 1 1 0 0 0 1 1 0 0 0 1 ]

d_19_15=2.271004923203 s=[ 0 0 0 1 1 0 1 1 0 0 1 0 1 - - 1 1 0 0 0 1 1 0 0 0 1 ]

d_19_15=2.271205123403 s=[ 0 0 0 1 1 0 1 1 0 0 1 0 1 - - 1 1 0 0 0 1 1 0 0 0 1 ]

d_19_15=2.284818737017 s=[ 0 0 0 1 1 0 1 1 0 0 1 0 1 - + 1 0 0 0 0 1 0 0 0 0 1 ]

d_19_15=2.285018937217 s=[ 0 0 0 1 1 0 1 1 0 0 1 0 1 - + 1 0 0 0 0 1 0 0 0 0 1 ]

d_19_15=2.285219137417 s=[ 0 0 0 1 1 0 1 1 0 0 1 0 1 - + 1 0 0 0 0 1 0 0 0 0 1 ]

d_19_15=2.285419337618 s=[ 0 0 0 1 1 0 1 1 0 0 1 0 1 - + 1 0 0 0 0 1 0 0 0 0 1 ]

d_19_15=2.285619537818 s=[ 0 0 0 1 1 0 1 1 0 0 1 0 1 - + 1 0 0 0 0 1 0 0 0 0 1 ]

d_19_15=2.285819738018 s=[ 0 0 0 1 1 0 1 1 0 0 1 0 1 - + 1 0 0 0 0 1 0 0 0 0 1 ]

d_19_15=2.286019938218 s=[ 0 0 0 1 1 0 1 1 0 0 1 0 1 - + 1 0 0 0 0 1 0 0 0 0 1 ]

d_19_15=2.286220138418 s=[ 0 0 0 1 1 0 1 1 0 0 1 0 1 - + 1 0 0 0 0 1 0 0 0 0 1 ]

d_19_15=2.286420338619 s=[ 0 0 0 1 1 0 1 1 0 0 1 0 1 - + 1 0 0 0 0 1 0 0 0 0 1 ]

d_19_15=2.299833752032 s=[ 0 0 0 1 1 0 1 1 0 0 1 0 1 - + 1 1 1 1 1 0 1 1 1 1 0 ]

d_19_15=2.300033952232 s=[ 0 0 0 1 1 0 1 1 0 0 1 0 1 - + 1 1 1 1 1 0 1 1 1 1 0 ]

d_19_15=2.300234152432 s=[ 0 0 0 1 1 0 1 1 0 0 1 0 1 - + 1 1 1 1 1 0 1 1 1 1 0 ]

d_19_15=2.301034953233 s=[ 0 0 0 1 1 0 1 1 0 0 1 0 1 - + 1 1 1 1 1 0 0 0 0 0 1 ]

d_19_15=2.301235153433 s=[ 0 0 0 1 1 0 1 1 0 0 1 0 1 - + 1 1 1 1 1 0 0 0 0 0 1 ]

d_19_15=2.301435353634 s=[ 0 0 0 1 1 0 1 1 0 0 1 0 1 - + 1 1 1 1 1 0 0 0 0 0 1 ]

d_19_15=2.303837756036 s=[ 0 0 0 1 1 0 1 1 0 0 1 0 1 - - 1 1 1 1 1 0 0 1 1 1 0 ]

d_19_15=2.304037956236 s=[ 0 0 0 1 1 0 1 1 0 0 1 0 1 - - 1 1 1 1 1 0 0 1 1 1 0 ]

d_19_15=2.304238156436 s=[ 0 0 0 1 1 0 1 1 0 0 1 0 1 - - 1 1 1 1 1 0 0 1 1 1 0 ]

d_19_15=2.304438356637 s=[ 0 0 0 1 1 0 1 1 0 0 1 0 1 - - 1 1 1 1 1 0 0 1 1 1 0 ]

d_19_15=2.304638556837 s=[ 0 0 0 1 1 0 1 1 0 0 1 0 1 - - 1 0 0 0 0 1 1 0 0 0 1 ]

d_19_15=2.304638556837 s=[ 0 0 0 1 1 0 1 1 0 0 1 0 1 - - 1 1 1 1 1 0 0 1 1 1 0 ]

d_19_15=2.304838757037 s=[ 0 0 0 1 1 0 1 1 0 0 1 0 1 - - 1 0 0 0 0 1 1 0 0 0 1 ]

d_19_15=2.304838757037 s=[ 0 0 0 1 1 0 1 1 0 0 1 0 1 - - 1 1 1 1 1 0 0 1 1 1 0 ]

d_19_15=2.305038957237 s=[ 0 0 0 1 1 0 1 1 0 0 1 0 1 - - 1 0 0 0 0 1 1 0 0 0 1 ]

d_19_15=2.305038957237 s=[ 0 0 0 1 1 0 1 1 0 0 1 0 1 - - 1 1 1 1 1 0 0 1 1 1 0 ]

d_19_15=2.305239157437 s=[ 0 0 0 1 1 0 1 1 0 0 1 0 1 - - 1 0 0 0 0 1 1 0 0 0 1 ]

d_19_15=2.305239157437 s=[ 0 0 0 1 1 0 1 1 0 0 1 0 1 - - 1 1 1 1 1 0 0 1 1 1 0 ]

d_19_15=2.305439357638 s=[ 0 0 0 1 1 0 1 1 0 0 1 0 1 - - 1 0 0 0 0 1 1 0 0 0 1 ]

d_19_15=2.305439357638 s=[ 0 0 0 1 1 0 1 1 0 0 1 0 1 - - 1 1 1 1 1 0 0 1 1 1 0 ]

d_19_15=2.305639557838 s=[ 0 0 0 1 1 0 1 1 0 0 1 0 1 - - 1 0 0 0 0 1 1 0 0 0 1 ]

d_19_15=2.305639557838 s=[ 0 0 0 1 1 0 1 1 0 0 1 0 1 - - 1 1 1 1 1 0 0 1 1 1 0 ]

d_19_15=2.305839758038 s=[ 0 0 0 1 1 0 1 1 0 0 1 0 1 - - 1 0 0 0 0 1 1 0 0 0 1 ]

d_19_15=2.305839758038 s=[ 0 0 0 1 1 0 1 1 0 0 1 0 1 - - 1 1 1 1 1 0 0 1 1 1 0 ]

d_19_15=2.306039958238 s=[ 0 0 0 1 1 0 1 1 0 0 1 0 1 - + 1 0 0 0 0 1 1 1 1 1 0 ]

d_19_15=2.306039958238 s=[ 0 0 0 1 1 0 1 1 0 0 1 0 1 - - 1 0 0 0 0 1 1 0 0 0 1 ]

d_19_15=2.306039958238 s=[ 0 0 0 1 1 0 1 1 0 0 1 0 1 - - 1 1 1 1 1 0 0 1 1 1 0 ]

d_19_15=2.306240158438 s=[ 0 0 0 1 1 0 1 1 0 0 1 0 1 - - 1 0 0 0 0 1 1 0 0 0 1 ]

d_19_15=2.306240158438 s=[ 0 0 0 1 1 0 1 1 0 0 1 0 1 - - 1 1 1 1 1 0 0 1 1 1 0 ]

d_19_15=2.306440358639 s=[ 0 0 0 1 1 0 1 1 0 0 1 0 1 - - 1 0 0 0 0 1 1 0 0 0 1 ]

d_19_15=2.306440358639 s=[ 0 0 0 1 1 0 1 1 0 0 1 0 1 - - 1 1 1 1 1 0 0 1 1 1 0 ]

d_19_15=2.306640558839 s=[ 0 0 0 1 1 0 1 1 0 0 1 0 1 - - 1 0 0 0 0 1 1 0 0 0 1 ]

d_19_15=2.306640558839 s=[ 0 0 0 1 1 0 1 1 0 0 1 0 1 - - 1 1 1 1 1 0 0 1 1 1 0 ]

d_19_15=2.306840759039 s=[ 0 0 0 1 1 0 1 1 0 0 1 0 1 - - 1 0 0 0 0 1 1 0 0 0 1 ]

d_19_15=2.306840759039 s=[ 0 0 0 1 1 0 1 1 0 0 1 0 1 - - 1 1 1 1 1 0 0 1 1 1 0 ]

d_19_15=2.307040959239 s=[ 0 0 0 1 1 0 1 1 0 0 1 0 1 - - 1 0 0 0 0 1 1 0 0 0 1 ]

d_19_15=2.307040959239 s=[ 0 0 0 1 1 0 1 1 0 0 1 0 1 - - 1 1 1 1 1 0 0 1 1 1 0 ]

d_19_15=2.307241159439 s=[ 0 0 0 1 1 0 1 1 0 0 1 0 1 - + 1 1 0 0 0 1 1 0 0 0 1 ]

d_19_15=2.307241159439 s=[ 0 0 0 1 1 0 1 1 0 0 1 0 1 - - 1 0 0 0 0 1 1 0 0 0 1 ]

d_19_15=2.307241159439 s=[ 0 0 0 1 1 0 1 1 0 0 1 0 1 - - 1 1 1 1 1 0 0 1 1 1 0 ]

d_19_15=2.307441359640 s=[ 0 0 0 1 1 0 1 1 0 0 1 0 1 - + 1 1 0 0 0 1 1 0 0 0 1 ]

d_19_15=2.307441359640 s=[ 0 0 0 1 1 0 1 1 0 0 1 0 1 - - 1 0 0 0 0 1 1 0 0 0 1 ]

d_19_15=2.307441359640 s=[ 0 0 0 1 1 0 1 1 0 0 1 0 1 - - 1 1 1 1 1 0 0 1 1 1 0 ]

d_19_15=2.307641559840 s=[ 0 0 0 1 1 0 1 1 0 0 1 0 1 - + 1 1 0 0 0 1 1 0 0 0 1 ]

d_19_15=2.307641559840 s=[ 0 0 0 1 1 0 1 1 0 0 1 0 1 - - 1 0 0 0 0 1 1 0 0 0 1 ]

d_19_15=2.307641559840 s=[ 0 0 0 1 1 0 1 1 0 0 1 0 1 - - 1 1 1 1 1 0 0 1 1 1 0 ]

d_19_15=2.307841760040 s=[ 0 0 0 1 1 0 1 1 0 0 1 0 1 - + 1 1 0 0 0 1 1 0 0 0 1 ]

d_19_15=2.307841760040 s=[ 0 0 0 1 1 0 1 1 0 0 1 0 1 - - 1 0 0 0 0 1 1 0 0 0 1 ]

d_19_15=2.307841760040 s=[ 0 0 0 1 1 0 1 1 0 0 1 0 1 - - 1 1 1 1 1 0 0 1 1 1 0 ]

d_19_15=2.308041960240 s=[ 0 0 0 1 1 0 1 1 0 0 1 0 1 - + 1 1 0 0 0 1 1 0 0 0 1 ]

d_19_15=2.308041960240 s=[ 0 0 0 1 1 0 1 1 0 0 1 0 1 - - 1 0 0 0 0 1 1 0 0 0 1 ]

d_19_15=2.308041960240 s=[ 0 0 0 1 1 0 1 1 0 0 1 0 1 - - 1 1 1 1 1 0 0 1 1 1 0 ]

d_19_15=2.308242160440 s=[ 0 0 0 1 1 0 1 1 0 0 1 0 1 - + 1 1 0 0 0 1 1 0 0 0 1 ]

d_19_15=2.308242160440 s=[ 0 0 0 1 1 0 1 1 0 0 1 0 1 - - 1 0 0 0 0 1 1 0 0 0 1 ]

d_19_15=2.308242160440 s=[ 0 0 0 1 1 0 1 1 0 0 1 0 1 - - 1 1 1 1 1 0 0 1 1 1 0 ]

d_19_15=2.308442360641 s=[ 0 0 0 1 1 0 1 1 0 0 1 0 1 - + 1 1 0 0 0 1 1 0 0 0 1 ]

d_19_15=2.308442360641 s=[ 0 0 0 1 1 0 1 1 0 0 1 0 1 - - 1 0 0 0 0 1 1 0 0 0 1 ]

d_19_15=2.308442360641 s=[ 0 0 0 1 1 0 1 1 0 0 1 0 1 - - 1 1 1 1 1 0 0 1 1 1 0 ]

d_19_15=2.308642560841 s=[ 0 0 0 1 1 0 1 1 0 0 1 0 1 - + 1 1 0 0 0 1 1 0 0 0 1 ]

d_19_15=2.308642560841 s=[ 0 0 0 1 1 0 1 1 0 0 1 0 1 - - 1 0 0 0 0 1 1 0 0 0 1 ]

d_19_15=2.308642560841 s=[ 0 0 0 1 1 0 1 1 0 0 1 0 1 - - 1 1 1 1 1 0 0 1 1 1 0 ]

d_19_15=2.308842761041 s=[ 0 0 0 1 1 0 1 1 0 0 1 0 1 - + 1 1 0 0 0 1 1 0 0 0 1 ]

d_19_15=2.308842761041 s=[ 0 0 0 1 1 0 1 1 0 0 1 0 1 - - 1 0 0 0 0 1 1 0 0 0 1 ]

d_19_15=2.308842761041 s=[ 0 0 0 1 1 0 1 1 0 0 1 0 1 - - 1 1 1 1 1 0 0 1 1 1 0 ]

d_19_15=2.309042961241 s=[ 0 0 0 1 1 0 1 1 0 0 1 0 1 - + 1 1 0 0 0 1 1 0 0 0 1 ]

d_19_15=2.309042961241 s=[ 0 0 0 1 1 0 1 1 0 0 1 0 1 - - 1 0 0 0 0 1 1 0 0 0 1 ]

d_19_15=2.309042961241 s=[ 0 0 0 1 1 0 1 1 0 0 1 0 1 - - 1 1 1 1 1 0 0 1 1 1 0 ]

d_19_15=2.309243161441 s=[ 0 0 0 1 1 0 1 1 0 0 1 0 1 - + 1 1 0 0 0 1 1 0 0 0 1 ]

d_19_15=2.309243161441 s=[ 0 0 0 1 1 0 1 1 0 0 1 0 1 - - 1 0 0 0 0 1 1 0 0 0 1 ]

d_19_15=2.309243161441 s=[ 0 0 0 1 1 0 1 1 0 0 1 0 1 - - 1 1 1 1 1 0 0 1 1 1 0 ]

d_19_15=2.309443361642 s=[ 0 0 0 1 1 0 1 1 0 0 1 0 1 - + 1 1 0 0 0 1 1 0 0 0 1 ]

d_19_15=2.309643561842 s=[ 0 0 0 1 1 0 1 1 0 0 1 0 1 - + 1 1 0 0 0 1 1 0 0 0 1 ]

d_19_15=2.309843762042 s=[ 0 0 0 1 1 0 1 1 0 0 1 0 1 - + 1 1 0 0 0 1 1 0 0 0 1 ]

d_19_15=2.310043962242 s=[ 0 0 0 1 1 0 1 1 0 0 1 0 1 - + 1 1 0 0 0 1 1 0 0 0 1 ]

d_19_15=2.310244162442 s=[ 0 0 0 1 1 0 1 1 0 0 1 0 1 - + 1 1 0 0 0 1 1 0 0 0 1 ]

d_19_15=2.310444362643 s=[ 0 0 0 1 1 0 1 1 0 0 1 0 1 - + 1 1 0 0 0 1 1 0 0 0 1 ]

d_19_15=2.310644562843 s=[ 0 0 0 1 1 0 1 1 0 0 1 0 1 - + 1 1 0 0 0 1 1 0 0 0 1 ]

d_19_15=2.310844763043 s=[ 0 0 0 1 1 0 1 1 0 0 1 0 1 - + 1 1 0 0 0 1 1 0 0 0 1 ]

d_19_15=2.311044963243 s=[ 0 0 0 1 1 0 1 1 0 0 1 0 1 - + 1 1 0 0 0 1 1 0 0 0 1 ]

d_19_15=2.311245163443 s=[ 0 0 0 1 1 0 1 1 0 0 1 0 1 - + 1 1 0 0 0 1 1 0 0 0 1 ]

d_19_15=2.311445363644 s=[ 0 0 0 1 1 0 1 1 0 0 1 0 1 - + 1 1 0 0 0 1 1 0 0 0 1 ]

d_19_15=2.311645563844 s=[ 0 0 0 1 1 0 1 1 0 0 1 0 1 - + 1 1 0 0 0 1 1 0 0 0 1 ]

d_19_15=2.311845764044 s=[ 0 0 0 1 1 0 1 1 0 0 1 0 1 - + 1 1 0 0 0 1 1 0 0 0 1 ]

d_19_15=2.312045964244 s=[ 0 0 0 1 1 0 1 1 0 0 1 0 1 - + 1 1 0 0 0 1 1 0 0 0 1 ]

d_19_15=2.312246164444 s=[ 0 0 0 1 1 0 1 1 0 0 1 0 1 - + 1 1 0 0 0 1 1 0 0 0 1 ]

d_19_15=2.312446364645 s=[ 0 0 0 1 1 0 1 1 0 0 1 0 1 - + 1 1 0 0 0 1 1 0 0 0 1 ]

d_19_15=2.312646564845 s=[ 0 0 0 1 1 0 1 1 0 0 1 0 1 - + 1 1 0 0 0 1 1 0 0 0 1 ]

d_19_15=2.312846765045 s=[ 0 0 0 1 1 0 1 1 0 0 1 0 1 - + 1 1 0 0 0 1 1 0 0 0 1 ]

d_19_15=2.313046965245 s=[ 0 0 0 1 1 0 1 1 0 0 1 0 1 - + 1 1 0 0 0 1 1 0 0 0 1 ]

d_19_15=2.313247165445 s=[ 0 0 0 1 1 0 1 1 0 0 1 0 1 - + 1 1 0 0 0 1 1 0 0 0 1 ]

d_19_15=2.313447365646 s=[ 0 0 0 1 1 0 1 1 0 0 1 0 1 - + 1 1 0 0 0 1 1 0 0 0 1 ]

d_19_15=2.313647565846 s=[ 0 0 0 1 1 0 1 1 0 0 1 0 1 - + 1 1 0 0 0 1 1 0 0 0 1 ]

d_19_15=2.313847766046 s=[ 0 0 0 1 1 0 1 1 0 0 1 0 1 - + 1 1 0 0 0 1 1 0 0 0 1 ]

d_19_15=2.340474392673 s=[ 0 0 0 1 1 0 1 1 0 0 1 0 1 - - 1 0 1 1 1 0 0 1 1 1 0 ]

d_19_15=2.340674592873 s=[ 0 0 0 1 1 0 1 1 0 0 1 0 1 - - 1 0 1 1 1 0 0 1 1 1 0 ]

d_19_15=2.340874793073 s=[ 0 0 0 1 1 0 1 1 0 0 1 0 1 - - 1 0 1 1 1 0 0 1 1 1 0 ]

d_19_15=2.341074993273 s=[ 0 0 0 1 1 0 1 1 0 0 1 0 1 - - 1 0 1 1 1 0 0 1 1 1 0 ]

d_19_15=2.341275193473 s=[ 0 0 0 1 1 0 1 1 0 0 1 0 1 - - 1 0 1 1 1 0 0 1 1 1 0 ]

d_19_15=2.341475393674 s=[ 0 0 0 1 1 0 1 1 0 0 1 0 1 - - 1 0 1 1 1 0 0 1 1 1 0 ]

d_19_15=2.341675593874 s=[ 0 0 0 1 1 0 1 1 0 0 1 0 1 - - 1 0 1 1 1 0 0 1 1 1 0 ]

d_19_15=2.341875794074 s=[ 0 0 0 1 1 0 1 1 0 0 1 0 1 - - 1 0 1 1 1 0 0 1 1 1 0 ]

d_19_15=2.342075994274 s=[ 0 0 0 1 1 0 1 1 0 0 1 0 1 - - 1 0 1 1 1 0 0 1 1 1 0 ]

d_19_15=2.342276194474 s=[ 0 0 0 1 1 0 1 1 0 0 1 0 1 - - 1 0 1 1 1 0 0 1 1 1 0 ]

d_19_15=2.342476394675 s=[ 0 0 0 1 1 0 1 1 0 0 1 0 1 - - 1 0 1 1 1 0 0 1 1 1 0 ]

d_19_15=2.342676594875 s=[ 0 0 0 1 1 0 1 1 0 0 1 0 1 - - 1 0 1 1 1 0 0 1 1 1 0 ]

d_19_15=2.342876795075 s=[ 0 0 0 1 1 0 1 1 0 0 1 0 1 - - 1 0 1 1 1 0 0 1 1 1 0 ]

d_19_15=2.343076995275 s=[ 0 0 0 1 1 0 1 1 0 0 1 0 1 - - 1 0 1 1 1 0 0 1 1 1 0 ]

d_19_15=2.343277195475 s=[ 0 0 0 1 1 0 1 1 0 0 1 0 1 - - 1 0 1 1 1 0 0 1 1 1 0 ]

d_19_15=2.343477395676 s=[ 0 0 0 1 1 0 1 1 0 0 1 0 1 - - 1 0 1 1 1 0 0 1 1 1 0 ]

d_19_15=2.343677595876 s=[ 0 0 0 1 1 0 1 1 0 0 1 0 1 - - 1 0 1 1 1 0 0 1 1 1 0 ]

d_19_15=2.343877796076 s=[ 0 0 0 1 1 0 1 1 0 0 1 0 1 - - 1 0 1 1 1 0 0 1 1 1 0 ]

d_19_15=2.344077996276 s=[ 0 0 0 1 1 0 1 1 0 0 1 0 1 - - 1 0 1 1 1 0 0 1 1 1 0 ]

d_19_15=2.344278196476 s=[ 0 0 0 1 1 0 1 1 0 0 1 0 1 - - 1 0 1 1 1 0 0 1 1 1 0 ]

d_19_15=2.344478396677 s=[ 0 0 0 1 1 0 1 1 0 0 1 0 1 - - 1 0 1 1 1 0 0 1 1 1 0 ]

d_19_15=2.344678596877 s=[ 0 0 0 1 1 0 1 1 0 0 1 0 1 - - 1 0 1 1 1 0 0 1 1 1 0 ]

d_19_15=2.344878797077 s=[ 0 0 0 1 1 0 1 1 0 0 1 0 1 - - 1 0 1 1 1 0 0 1 1 1 0 ]

d_19_15=2.345078997277 s=[ 0 0 0 1 1 0 1 1 0 0 1 0 1 - - 1 0 1 1 1 0 0 1 1 1 0 ]

d_19_15=2.345279197477 s=[ 0 0 0 1 1 0 1 1 0 0 1 0 1 - - 1 0 1 1 1 0 0 1 1 1 0 ]

d_19_15=2.345479397678 s=[ 0 0 0 1 1 0 1 1 0 0 1 0 1 - - 1 0 1 1 1 0 0 1 1 1 0 ]

d_19_15=2.345679597878 s=[ 0 0 0 1 1 0 1 1 0 0 1 0 1 - - 1 0 1 1 1 0 0 1 1 1 0 ]

d_19_15=2.345879798078 s=[ 0 0 0 1 1 0 1 1 0 0 1 0 1 - - 1 0 1 1 1 0 0 1 1 1 0 ]

d_19_15=2.346079998278 s=[ 0 0 0 1 1 0 1 1 0 0 1 0 1 - - 1 0 1 1 1 0 0 1 1 1 0 ]

d_19_15=2.346280198478 s=[ 0 0 0 1 1 0 1 1 0 0 1 0 1 - - 1 0 1 1 1 0 0 1 1 1 0 ]

d_19_15=2.346480398679 s=[ 0 0 0 1 1 0 1 1 0 0 1 0 1 - - 1 0 1 1 1 0 0 1 1 1 0 ]

d_19_15=2.346680598879 s=[ 0 0 0 1 1 0 1 1 0 0 1 0 1 - - 1 0 1 1 1 0 0 1 1 1 0 ]

d_19_15=2.346880799079 s=[ 0 0 0 1 1 0 1 1 0 0 1 0 1 - - 1 0 1 1 1 0 0 1 1 1 0 ]

d_19_15=2.347080999279 s=[ 0 0 0 1 1 0 1 1 0 0 1 0 1 - - 1 0 1 1 1 0 0 1 1 1 0 ]

d_19_15=2.347281199479 s=[ 0 0 0 1 1 0 1 1 0 0 1 0 1 - - 1 0 1 1 1 0 0 1 1 1 0 ]

d_19_15=2.347481399680 s=[ 0 0 0 1 1 0 1 1 0 0 1 0 1 - - 1 0 1 1 1 0 0 1 1 1 0 ]

d_19_15=2.347681599880 s=[ 0 0 0 1 1 0 1 1 0 0 1 0 1 - - 1 0 1 1 1 0 0 1 1 1 0 ]

d_19_15=2.347881800080 s=[ 0 0 0 1 1 0 1 1 0 0 1 0 1 - - 1 0 1 1 1 0 0 1 1 1 0 ]

d_19_15=2.348082000280 s=[ 0 0 0 1 1 0 1 1 0 0 1 0 1 - - 1 0 1 1 1 0 0 1 1 1 0 ]

d_19_15=2.348282200480 s=[ 0 0 0 1 1 0 1 1 0 0 1 0 1 - - 1 0 1 1 1 0 0 1 1 1 0 ]

d_19_15=2.348482400681 s=[ 0 0 0 1 1 0 1 1 0 0 1 0 1 - - 1 0 1 1 1 0 0 1 1 1 0 ]

d_19_15=2.368702620901 s=[ 0 0 0 1 1 0 1 1 0 0 1 0 1 - - 1 1 1 1 1 0 1 0 0 0 1 ]

d_19_15=2.368902821101 s=[ 0 0 0 1 1 0 1 1 0 0 1 0 1 - - 1 1 1 1 1 0 1 0 0 0 1 ]

d_19_15=2.369103021301 s=[ 0 0 0 1 1 0 1 1 0 0 1 0 1 - - 1 1 1 1 1 0 1 0 0 0 1 ]

d_19_15=2.369303221502 s=[ 0 0 0 1 1 0 1 1 0 0 1 0 1 - - 1 1 1 1 1 0 1 0 0 0 1 ]

d_19_15=2.369503421702 s=[ 0 0 0 1 1 0 1 1 0 0 1 0 1 - - 1 1 1 1 1 0 1 0 0 0 1 ]

d_19_15=2.369703621902 s=[ 0 0 0 1 1 0 1 1 0 0 1 0 1 - - 1 1 1 1 1 0 1 0 0 0 1 ]

d_19_15=2.369903822102 s=[ 0 0 0 1 1 0 1 1 0 0 1 0 1 - - 1 1 1 1 1 0 1 0 0 0 1 ]

d_19_15=2.370104022302 s=[ 0 0 0 1 1 0 1 1 0 0 1 0 1 - - 1 1 1 1 1 0 1 0 0 0 1 ]

d_19_15=2.370304222502 s=[ 0 0 0 1 1 0 1 1 0 0 1 0 1 - - 1 1 1 1 1 0 1 0 0 0 1 ]

d_19_15=2.370504422703 s=[ 0 0 0 1 1 0 1 1 0 0 1 0 1 - - 1 1 1 1 1 0 1 0 0 0 1 ]

d_19_15=2.370704622903 s=[ 0 0 0 1 1 0 1 1 0 0 1 0 1 - - 1 1 1 1 1 0 1 0 0 0 1 ]

d_19_15=2.370904823103 s=[ 0 0 0 1 1 0 1 1 0 0 1 0 1 - - 1 1 1 1 1 0 1 0 0 0 1 ]

d_19_15=2.371105023303 s=[ 0 0 0 1 1 0 1 1 0 0 1 0 1 - - 1 1 1 1 1 0 1 0 0 0 1 ]

d_19_15=2.371305223504 s=[ 0 0 0 1 1 0 1 1 0 0 1 0 1 - - 1 1 1 1 1 0 1 0 0 0 1 ]

d_19_15=2.371505423704 s=[ 0 0 0 1 1 0 1 1 0 0 1 0 1 - - 1 1 1 1 1 0 1 0 0 0 1 ]

d_19_15=2.371705623904 s=[ 0 0 0 1 1 0 1 1 0 0 1 0 1 - - 1 1 1 1 1 0 1 0 0 0 1 ]

d_19_15=2.371905824104 s=[ 0 0 0 1 1 0 1 1 0 0 1 0 1 - - 1 1 1 1 1 0 1 0 0 0 1 ]

d_19_15=2.372106024304 s=[ 0 0 0 1 1 0 1 1 0 0 1 0 1 - - 1 1 1 1 1 0 1 0 0 0 1 ]

d_19_15=2.372306224505 s=[ 0 0 0 1 1 0 1 1 0 0 1 0 1 - - 1 1 1 1 1 0 1 0 0 0 1 ]

d_19_15=2.372506424705 s=[ 0 0 0 1 1 0 1 1 0 0 1 0 1 - - 1 1 1 1 1 0 1 0 0 0 1 ]

d_19_15=2.372706624905 s=[ 0 0 0 1 1 0 1 1 0 0 1 0 1 - - 1 1 1 1 1 0 1 0 0 0 1 ]

d_19_15=2.372906825105 s=[ 0 0 0 1 1 0 1 1 0 0 1 0 1 - - 1 1 1 1 1 0 1 0 0 0 1 ]

d_19_15=2.373107025305 s=[ 0 0 0 1 1 0 1 1 0 0 1 0 1 - - 1 1 1 1 1 0 1 0 0 0 1 ]

d_19_15=2.377111029309 s=[ 0 0 0 1 1 0 1 1 0 0 1 0 1 - + 1 1 0 0 0 1 0 1 1 1 0 ]

d_19_15=2.377311229510 s=[ 0 0 0 1 1 0 1 1 0 0 1 0 1 - + 1 1 0 0 0 1 0 1 1 1 0 ]

d_19_15=2.377511429710 s=[ 0 0 0 1 1 0 1 1 0 0 1 0 1 - + 1 1 0 0 0 1 0 1 1 1 0 ]

d_19_15=2.377711629910 s=[ 0 0 0 1 1 0 1 1 0 0 1 0 1 - + 1 1 0 0 0 1 0 1 1 1 0 ]

d_19_15=2.377911830110 s=[ 0 0 0 1 1 0 1 1 0 0 1 0 1 - + 1 1 0 0 0 1 0 1 1 1 0 ]

d_19_15=2.378112030310 s=[ 0 0 0 1 1 0 1 1 0 0 1 0 1 - + 1 1 0 0 0 1 0 1 1 1 0 ]

d_19_15=2.378312230511 s=[ 0 0 0 1 1 0 1 1 0 0 1 0 1 - + 1 1 0 0 0 1 0 1 1 1 0 ]

d_19_15=2.378512430711 s=[ 0 0 0 1 1 0 1 1 0 0 1 0 1 - + 1 1 0 0 0 1 0 1 1 1 0 ]

d_19_15=2.378712630911 s=[ 0 0 0 1 1 0 1 1 0 0 1 0 1 - + 1 1 0 0 0 1 0 1 1 1 0 ]

d_19_15=2.378912831111 s=[ 0 0 0 1 1 0 1 1 0 0 1 0 1 - + 1 1 0 0 0 1 0 1 1 1 0 ]

d_19_15=2.379113031311 s=[ 0 0 0 1 1 0 1 1 0 0 1 0 1 - + 1 1 0 0 0 1 0 1 1 1 0 ]

d_19_15=2.379313231512 s=[ 0 0 0 1 1 0 1 1 0 0 1 0 1 - + 1 1 0 0 0 1 0 1 1 1 0 ]

d_19_15=2.379513431712 s=[ 0 0 0 1 1 0 1 1 0 0 1 0 1 - + 1 1 0 0 0 1 0 1 1 1 0 ]

d_19_15=2.379713631912 s=[ 0 0 0 1 1 0 1 1 0 0 1 0 1 - + 1 1 0 0 0 1 0 1 1 1 0 ]

d_19_15=2.379913832112 s=[ 0 0 0 1 1 0 1 1 0 0 1 0 1 - + 1 1 0 0 0 1 0 1 1 1 0 ]

d_19_15=2.380114032312 s=[ 0 0 0 1 1 0 1 1 0 0 1 0 1 - + 1 1 0 0 0 1 0 1 1 1 0 ]

d_19_15=2.380314232513 s=[ 0 0 0 1 1 0 1 1 0 0 1 0 1 - + 1 1 0 0 0 1 0 1 1 1 0 ]

d_19_15=2.380514432713 s=[ 0 0 0 1 1 0 1 1 0 0 1 0 1 - + 1 1 0 0 0 1 0 1 1 1 0 ]

d_19_15=2.380714632913 s=[ 0 0 0 1 1 0 1 1 0 0 1 0 1 - + 1 1 0 0 0 1 0 1 1 1 0 ]

d_19_15=2.380914833113 s=[ 0 0 0 1 1 0 1 1 0 0 1 0 1 - + 1 1 0 0 0 1 0 1 1 1 0 ]

d_19_15=2.381115033313 s=[ 0 0 0 1 1 0 1 1 0 0 1 0 1 - + 1 1 0 0 0 1 0 1 1 1 0 ]

d_19_15=2.403737655936 s=[ 0 0 0 1 1 0 1 1 0 0 1 0 1 - + 1 0 1 1 1 0 1 0 0 0 1 ]

d_19_15=2.403937856136 s=[ 0 0 0 1 1 0 1 1 0 0 1 0 1 - + 1 0 1 1 1 0 1 0 0 0 1 ]

d_19_15=2.404138056336 s=[ 0 0 0 1 1 0 1 1 0 0 1 0 1 - + 1 0 1 1 1 0 1 0 0 0 1 ]

d_19_15=2.404338256537 s=[ 0 0 0 1 1 0 1 1 0 0 1 0 1 - + 1 0 1 1 1 0 1 0 0 0 1 ]

d_19_15=2.404538456737 s=[ 0 0 0 1 1 0 1 1 0 0 1 0 1 - + 1 0 1 1 1 0 1 0 0 0 1 ]

d_19_15=2.404738656937 s=[ 0 0 0 1 1 0 1 1 0 0 1 0 1 - + 1 0 1 1 1 0 1 0 0 0 1 ]

d_19_15=2.404938857137 s=[ 0 0 0 1 1 0 1 1 0 0 1 0 1 - + 1 0 1 1 1 0 1 0 0 0 1 ]

d_19_15=2.407341259540 s=[ 0 0 0 1 1 0 1 1 0 0 1 0 1 - + 1 0 1 1 1 0 0 0 0 0 1 ]

d_19_15=2.407541459740 s=[ 0 0 0 1 1 0 1 1 0 0 1 0 1 - + 1 0 1 1 1 0 0 0 0 0 1 ]

d_19_15=2.407741659940 s=[ 0 0 0 1 1 0 1 1 0 0 1 0 1 - + 1 0 1 1 1 0 0 0 0 0 1 ]

d_19_15=2.407941860140 s=[ 0 0 0 1 1 0 1 1 0 0 1 0 1 - + 1 0 1 1 1 0 0 0 0 0 1 ]

d_19_15=2.408142060340 s=[ 0 0 0 1 1 0 1 1 0 0 1 0 1 - + 1 0 1 1 1 0 0 0 0 0 1 ]

d_19_15=2.408342260541 s=[ 0 0 0 1 1 0 1 1 0 0 1 0 1 - + 1 0 1 1 1 0 0 0 0 0 1 ]

d_19_15=2.408542460741 s=[ 0 0 0 1 1 0 1 1 0 0 1 0 1 - + 1 0 1 1 1 0 0 0 0 0 1 ]

d_19_15=2.408742660941 s=[ 0 0 0 1 1 0 1 1 0 0 1 0 1 - + 1 0 1 1 1 0 0 0 0 0 1 ]

d_19_15=2.408942861141 s=[ 0 0 0 1 1 0 1 1 0 0 1 0 1 - + 1 0 1 1 1 0 0 0 0 0 1 ]

d_19_15=2.409143061341 s=[ 0 0 0 1 1 0 1 1 0 0 1 0 1 - + 1 0 1 1 1 0 0 0 0 0 1 ]

d_19_15=2.428362280561 s=[ 0 0 0 1 1 0 1 1 0 0 1 0 1 - + 1 1 0 0 0 1 1 1 1 1 0 ]

d_19_15=2.435769687968 s=[ 0 0 0 1 1 0 1 1 0 0 1 0 1 - - 1 0 1 1 1 0 0 1 1 1 0 ]

d_19_15=2.435969888168 s=[ 0 0 0 1 1 0 1 1 0 0 1 0 1 - - 1 0 1 1 1 0 0 1 1 1 0 ]

d_19_15=2.436170088368 s=[ 0 0 0 1 1 0 1 1 0 0 1 0 1 - - 1 0 1 1 1 0 0 1 1 1 0 ]

d_19_15=2.436370288569 s=[ 0 0 0 1 1 0 1 1 0 0 1 0 1 - - 1 0 1 1 1 0 0 1 1 1 0 ]

d_19_15=2.436570488769 s=[ 0 0 0 1 1 0 1 1 0 0 1 0 1 - - 1 0 1 1 1 0 0 1 1 1 0 ]

d_19_15=2.436770688969 s=[ 0 0 0 1 1 0 1 1 0 0 1 0 1 - - 1 0 1 1 1 0 0 1 1 1 0 ]

d_19_15=2.436970889169 s=[ 0 0 0 1 1 0 1 1 0 0 1 0 1 - - 1 0 1 1 1 0 0 1 1 1 0 ]

d_19_15=2.437171089369 s=[ 0 0 0 1 1 0 1 1 0 0 1 0 1 - - 1 0 1 1 1 0 0 1 1 1 0 ]

d_19_15=2.437371289570 s=[ 0 0 0 1 1 0 1 1 0 0 1 0 1 - - 1 0 1 1 1 0 0 1 1 1 0 ]

d_19_15=2.437571489770 s=[ 0 0 0 1 1 0 1 1 0 0 1 0 1 - - 1 0 1 1 1 0 0 1 1 1 0 ]

d_19_15=2.437771689970 s=[ 0 0 0 1 1 0 1 1 0 0 1 0 1 - - 1 0 1 1 1 0 0 1 1 1 0 ]

d_19_15=2.437971890170 s=[ 0 0 0 1 1 0 1 1 0 0 1 0 1 - - 1 0 1 1 1 0 0 1 1 1 0 ]

d_19_15=2.438172090370 s=[ 0 0 0 1 1 0 1 1 0 0 1 0 1 - - 1 0 1 1 1 0 0 1 1 1 0 ]

d_19_15=2.438372290571 s=[ 0 0 0 1 1 0 1 1 0 0 1 0 1 - - 1 0 1 1 1 0 0 1 1 1 0 ]

d_19_15=2.438572490771 s=[ 0 0 0 1 1 0 1 1 0 0 1 0 1 - - 1 0 1 1 1 0 0 1 1 1 0 ]

d_19_15=2.438772690971 s=[ 0 0 0 1 1 0 1 1 0 0 1 0 1 - - 1 0 1 1 1 0 0 1 1 1 0 ]

d_19_15=2.438972891171 s=[ 0 0 0 1 1 0 1 1 0 0 1 0 1 - - 1 0 1 1 1 0 0 1 1 1 0 ]

d_19_15=2.439173091371 s=[ 0 0 0 1 1 0 1 1 0 0 1 0 1 - - 1 0 1 1 1 0 0 1 1 1 0 ]

d_19_15=2.439373291572 s=[ 0 0 0 1 1 0 1 1 0 0 1 0 1 - - 1 0 1 1 1 0 0 1 1 1 0 ]

d_19_15=2.439573491772 s=[ 0 0 0 1 1 0 1 1 0 0 1 0 1 - - 1 0 1 1 1 0 0 1 1 1 0 ]

d_19_15=2.439773691972 s=[ 0 0 0 1 1 0 1 1 0 0 1 0 1 - - 1 0 1 1 1 0 0 1 1 1 0 ]

d_19_15=2.439973892172 s=[ 0 0 0 1 1 0 1 1 0 0 1 0 1 - - 1 0 1 1 1 0 0 1 1 1 0 ]

d_19_15=2.440174092372 s=[ 0 0 0 1 1 0 1 1 0 0 1 0 1 - - 1 0 1 1 1 0 0 1 1 1 0 ]

d_19_15=2.440374292573 s=[ 0 0 0 1 1 0 1 1 0 0 1 0 1 - - 1 0 1 1 1 0 0 1 1 1 0 ]

d_19_15=2.440574492773 s=[ 0 0 0 1 1 0 1 1 0 0 1 0 1 - - 1 0 1 1 1 0 0 1 1 1 0 ]

d_19_15=2.440774692973 s=[ 0 0 0 1 1 0 1 1 0 0 1 0 1 - - 1 0 1 1 1 0 0 1 1 1 0 ]

d_19_15=2.440974893173 s=[ 0 0 0 1 1 0 1 1 0 0 1 0 1 - - 1 0 1 1 1 0 0 1 1 1 0 ]

d_19_15=2.441175093373 s=[ 0 0 0 1 1 0 1 1 0 0 1 0 1 - - 1 0 1 1 1 0 0 1 1 1 0 ]

d_19_15=2.441375293574 s=[ 0 0 0 1 1 0 1 1 0 0 1 0 1 - - 1 0 1 1 1 0 0 1 1 1 0 ]

d_19_15=2.441575493774 s=[ 0 0 0 1 1 0 1 1 0 0 1 0 1 - - 1 0 1 1 1 0 0 1 1 1 0 ]

d_19_15=2.441775693974 s=[ 0 0 0 1 1 0 1 1 0 0 1 0 1 - - 1 0 1 1 1 0 0 1 1 1 0 ]

d_19_15=2.441975894174 s=[ 0 0 0 1 1 0 1 1 0 0 1 0 1 - - 1 0 1 1 1 0 0 1 1 1 0 ]

d_19_15=2.442176094374 s=[ 0 0 0 1 1 0 1 1 0 0 1 0 1 - - 1 0 1 1 1 0 0 1 1 1 0 ]

d_19_15=2.442376294575 s=[ 0 0 0 1 1 0 1 1 0 0 1 0 1 - - 1 0 1 1 1 0 0 1 1 1 0 ]

d_19_15=2.442576494775 s=[ 0 0 0 1 1 0 1 1 0 0 1 0 1 - - 1 0 1 1 1 0 0 1 1 1 0 ]

d_19_15=2.442776694975 s=[ 0 0 0 1 1 0 1 1 0 0 1 0 1 - - 1 0 1 1 1 0 0 1 1 1 0 ]

d_19_15=2.442976895175 s=[ 0 0 0 1 1 0 1 1 0 0 1 0 1 - - 1 0 1 1 1 0 0 1 1 1 0 ]

d_19_15=2.443177095375 s=[ 0 0 0 1 1 0 1 1 0 0 1 0 1 - - 1 0 1 1 1 0 0 1 1 1 0 ]

d_19_15=2.443377295576 s=[ 0 0 0 1 1 0 1 1 0 0 1 0 1 - - 1 0 1 1 1 0 0 1 1 1 0 ]

d_19_15=2.443577495776 s=[ 0 0 0 1 1 0 1 1 0 0 1 0 1 - - 1 0 1 1 1 0 0 1 1 1 0 ]

d_19_15=2.443777695976 s=[ 0 0 0 1 1 0 1 1 0 0 1 0 1 - - 1 0 1 1 1 0 0 1 1 1 0 ]

d_19_15=2.443977896176 s=[ 0 0 0 1 1 0 1 1 0 0 1 0 1 - - 1 0 1 1 1 0 0 1 1 1 0 ]

d_19_15=2.444178096376 s=[ 0 0 0 1 1 0 1 1 0 0 1 0 1 - - 1 0 1 1 1 0 0 1 1 1 0 ]

d_19_15=2.444378296577 s=[ 0 0 0 1 1 0 1 1 0 0 1 0 1 - - 1 0 1 1 1 0 0 1 1 1 0 ]

d_19_15=2.444578496777 s=[ 0 0 0 1 1 0 1 1 0 0 1 0 1 - - 1 0 1 1 1 0 0 1 1 1 0 ]

d_19_15=2.444778696977 s=[ 0 0 0 1 1 0 1 1 0 0 1 0 1 - - 1 0 1 1 1 0 0 1 1 1 0 ]

d_19_15=2.444978897177 s=[ 0 0 0 1 1 0 1 1 0 0 1 0 1 - - 1 0 1 1 1 0 0 1 1 1 0 ]

d_19_15=2.445179097377 s=[ 0 0 0 1 1 0 1 1 0 0 1 0 1 - - 1 0 1 1 1 0 0 1 1 1 0 ]

d_19_15=2.445379297578 s=[ 0 0 0 1 1 0 1 1 0 0 1 0 1 - - 1 0 1 1 1 0 0 1 1 1 0 ]

d_19_15=2.445579497778 s=[ 0 0 0 1 1 0 1 1 0 0 1 0 1 - - 1 0 1 1 1 0 0 1 1 1 0 ]

d_19_15=2.445779697978 s=[ 0 0 0 1 1 0 1 1 0 0 1 0 1 - - 1 0 1 1 1 0 0 1 1 1 0 ]

d_19_15=2.445979898178 s=[ 0 0 0 1 1 0 1 1 0 0 1 0 1 - - 1 0 1 1 1 0 0 1 1 1 0 ]

d_19_15=2.446180098378 s=[ 0 0 0 1 1 0 1 1 0 0 1 0 1 - - 1 0 1 1 1 0 0 1 1 1 0 ]

d_19_15=2.446380298579 s=[ 0 0 0 1 1 0 1 1 0 0 1 0 1 - - 1 0 1 1 1 0 0 1 1 1 0 ]

d_19_15=2.446580498779 s=[ 0 0 0 1 1 0 1 1 0 0 1 0 1 - - 1 0 1 1 1 0 0 1 1 1 0 ]

d_19_15=2.446780698979 s=[ 0 0 0 1 1 0 1 1 0 0 1 0 1 - - 1 0 1 1 1 0 0 1 1 1 0 ]

d_19_15=2.446980899179 s=[ 0 0 0 1 1 0 1 1 0 0 1 0 1 - - 1 0 1 1 1 0 0 1 1 1 0 ]

d_19_15=2.447181099379 s=[ 0 0 0 1 1 0 1 1 0 0 1 0 1 - - 1 0 1 1 1 0 0 1 1 1 0 ]

d_19_15=2.447381299580 s=[ 0 0 0 1 1 0 1 1 0 0 1 0 1 - - 1 0 1 1 1 0 0 1 1 1 0 ]

d_19_15=2.447581499780 s=[ 0 0 0 1 1 0 1 1 0 0 1 0 1 - - 1 0 1 1 1 0 0 1 1 1 0 ]

d_19_15=2.447781699980 s=[ 0 0 0 1 1 0 1 1 0 0 1 0 1 - - 1 0 1 1 1 0 0 1 1 1 0 ]

d_19_15=2.447981900180 s=[ 0 0 0 1 1 0 1 1 0 0 1 0 1 - - 1 0 1 1 1 0 0 1 1 1 0 ]

d_19_15=2.448182100380 s=[ 0 0 0 1 1 0 1 1 0 0 1 0 1 - - 1 0 1 1 1 0 0 1 1 1 0 ]

d_19_15=2.448382300581 s=[ 0 0 0 1 1 0 1 1 0 0 1 0 1 - - 1 0 1 1 1 0 0 1 1 1 0 ]

d_19_15=2.448582500781 s=[ 0 0 0 1 1 0 1 1 0 0 1 0 1 - - 1 0 1 1 1 0 0 1 1 1 0 ]

d_19_15=2.448782700981 s=[ 0 0 0 1 1 0 1 1 0 0 1 0 1 - - 1 0 1 1 1 0 0 1 1 1 0 ]

d_19_15=2.448982901181 s=[ 0 0 0 1 1 0 1 1 0 0 1 0 1 - - 1 0 1 1 1 0 0 1 1 1 0 ]

d_19_15=2.449183101381 s=[ 0 0 0 1 1 0 1 1 0 0 1 0 1 - - 1 0 1 1 1 0 0 1 1 1 0 ]

d_19_15=2.449383301582 s=[ 0 0 0 1 1 0 1 1 0 0 1 0 1 - - 1 0 1 1 1 0 0 1 1 1 0 ]

d_19_15=2.449583501782 s=[ 0 0 0 1 1 0 1 1 0 0 1 0 1 - - 1 0 1 1 1 0 0 1 1 1 0 ]

d_19_15=2.449783701982 s=[ 0 0 0 1 1 0 1 1 0 0 1 0 1 - - 1 0 1 1 1 0 0 1 1 1 0 ]

d_19_15=2.449983902182 s=[ 0 0 0 1 1 0 1 1 0 0 1 0 1 - - 1 0 1 1 1 0 0 1 1 1 0 ]

d_19_15=2.450184102382 s=[ 0 0 0 1 1 0 1 1 0 0 1 0 1 - - 1 0 1 1 1 0 0 1 1 1 0 ]

d_19_15=2.450384302583 s=[ 0 0 0 1 1 0 1 1 0 0 1 0 1 - - 1 0 1 1 1 0 0 1 1 1 0 ]

d_19_15=2.450584502783 s=[ 0 0 0 1 1 0 1 1 0 0 1 0 1 - - 1 0 1 1 1 0 0 1 1 1 0 ]

d_19_15=2.450784702983 s=[ 0 0 0 1 1 0 1 1 0 0 1 0 1 - - 1 0 1 1 1 0 0 1 1 1 0 ]

d_19_15=2.450984903183 s=[ 0 0 0 1 1 0 1 1 0 0 1 0 1 - - 1 0 1 1 1 0 0 1 1 1 0 ]

d_19_15=2.451185103383 s=[ 0 0 0 1 1 0 1 1 0 0 1 0 1 - - 1 0 1 1 1 0 0 1 1 1 0 ]

d_19_15=2.451385303584 s=[ 0 0 0 1 1 0 1 1 0 0 1 0 1 - - 1 0 1 1 1 0 0 1 1 1 0 ]

d_19_15=2.451585503784 s=[ 0 0 0 1 1 0 1 1 0 0 1 0 1 - - 1 0 1 1 1 0 0 1 1 1 0 ]

