order:    [ 1 13 14 0 25 24 23 22 21 20 18 17 16 19 15 12 7 8 11 10 9 6 2 5 4 3 ]
atoms:    [ CA CA C N C CA N C CA N C CA N H HA N CA C C CA N N C C CA N ]
residues: [ 0 4 4 0 7 7 7 6 6 6 5 5 5 5 4 4 2 2 3 3 3 2 0 1 1 1 ]

d_19_15=2.312246164444 eijMax=5.004E-03 rmsd=9.772E+00 s=[ 0 0 0 0 0 1 0 0 1 1 0 1 0 0 1 0 0 1 1 1 0 0 1 1 1 0 ]
d_19_15=2.378912831111 eijMax=1.172E-03 rmsd=9.037E+00 s=[ 0 0 0 0 0 1 0 0 1 1 0 1 0 0 1 0 0 1 1 1 0 1 0 0 0 1 ]
d_19_15=2.445579497778 eijMax=2.141E-03 rmsd=1.480E+00 s=[ 0 0 0 0 0 1 0 0 1 1 0 1 0 0 0 0 1 0 0 0 1 1 0 0 0 1 ]
d_19_15=2.312246164444 eijMax=6.053E-03 rmsd=9.774E+00 s=[ 0 0 0 0 0 1 0 0 1 1 0 1 0 1 1 0 0 1 1 1 0 0 1 1 1 0 ]
d_19_15=2.378912831111 eijMax=1.005E-03 rmsd=9.040E+00 s=[ 0 0 0 0 0 1 0 0 1 1 0 1 0 1 1 0 0 1 1 1 0 1 0 0 0 1 ]
d_19_15=2.445579497778 eijMax=1.261E-03 rmsd=1.470E+00 s=[ 0 0 0 0 0 1 0 0 1 1 0 1 0 1 0 0 1 0 0 0 1 1 0 0 0 1 ]
d_19_15=2.312246164444 eijMax=6.053E-03 rmsd=9.774E+00 s=[ 0 0 0 1 1 0 1 1 0 0 1 0 1 0 0 1 1 0 0 0 1 1 0 0 0 1 ]
d_19_15=2.378912831111 eijMax=1.005E-03 rmsd=9.040E+00 s=[ 0 0 0 1 1 0 1 1 0 0 1 0 1 0 0 1 1 0 0 0 1 0 1 1 1 0 ]
d_19_15=2.445579497778 eijMax=1.261E-03 rmsd=1.470E+00 s=[ 0 0 0 1 1 0 1 1 0 0 1 0 1 0 1 1 0 1 1 1 0 0 1 1 1 0 ]
d_19_15=2.312246164444 eijMax=5.004E-03 rmsd=9.772E+00 s=[ 0 0 0 1 1 0 1 1 0 0 1 0 1 1 0 1 1 0 0 0 1 1 0 0 0 1 ]
d_19_15=2.378912831111 eijMax=1.172E-03 rmsd=9.037E+00 s=[ 0 0 0 1 1 0 1 1 0 0 1 0 1 1 0 1 1 0 0 0 1 0 1 1 1 0 ]
d_19_15=2.445579497778 eijMax=2.141E-03 rmsd=1.480E+00 s=[ 0 0 0 1 1 0 1 1 0 0 1 0 1 1 1 1 0 1 1 1 0 0 1 1 1 0 ]
num ..... 10
nnodes .. 26
nedges .. 130
nsols ... 12
nbbsols 12
tsecs ... 0.620881
