xyz12=( 78.715433 54.184189 26.506263 )
xyz12=( 78.715364 54.183848 26.506027 )
xyz12=( 78.715296 54.183506 26.505791 )
xyz12=( 78.715296 54.183506 26.505791 )
xyz12=( 78.715227 54.183165 26.505555 )
xyz12=( 78.715227 54.183165 26.505555 )
xyz12=( 78.715158 54.182824 26.505320 )
xyz12=( 78.715089 54.182482 26.505085 )
xyz12=( 78.715020 54.182141 26.504849 )
xyz12=( 78.622002 53.796482 26.320141 )
xyz12=( 78.622106 53.796860 26.320253 )
xyz12=( 78.622210 53.797239 26.320365 )
xyz12=( 78.622315 53.797617 26.320477 )
xyz12=( 78.622419 53.797995 26.320589 )
xyz12=( 78.622523 53.798373 26.320701 )
xyz12=( 78.622627 53.798751 26.320813 )
xyz12=( 78.622731 53.799128 26.320925 )
xyz12=( 78.622835 53.799506 26.321038 )
xyz12=( 78.622939 53.799884 26.321150 )
xyz12=( 78.623043 53.800261 26.321263 )
xyz12=( 78.623147 53.800639 26.321376 )
xyz12=( 78.623251 53.801016 26.321489 )
xyz12=( 78.623354 53.801394 26.321601 )
xyz12=( 78.623458 53.801771 26.321714 )
xyz12=( 78.623562 53.802148 26.321828 )
xyz12=( 78.623665 53.802525 26.321941 )
xyz12=( 78.623769 53.802902 26.322054 )
xyz12=( 78.623873 53.803279 26.322168 )
xyz12=( 78.623976 53.803656 26.322281 )
xyz12=( 78.624080 53.804033 26.322395 )
xyz12=( 78.624183 53.804410 26.322508 )
xyz12=( 78.624286 53.804786 26.322622 )
xyz12=( 78.624390 53.805163 26.322736 )
xyz12=( 78.624493 53.805539 26.322850 )
xyz12=( 78.624596 53.805916 26.322964 )
xyz12=( 78.624699 53.806292 26.323078 )
xyz12=( 78.624803 53.806668 26.323193 )
xyz12=( 78.624906 53.807044 26.323307 )
xyz12=( 78.625009 53.807420 26.323422 )
xyz12=( 78.625112 53.807796 26.323536 )
xyz12=( 78.625215 53.808172 26.323651 )
xyz12=( 78.625318 53.808548 26.323766 )
xyz12=( 78.625420 53.808924 26.323881 )
xyz12=( 78.625523 53.809300 26.323996 )
xyz12=( 78.625626 53.809675 26.324111 )
xyz12=( 78.625729 53.810051 26.324226 )
xyz12=( 78.625832 53.810426 26.324341 )
xyz12=( 78.625934 53.810802 26.324457 )
xyz12=( 78.626037 53.811177 26.324572 )
xyz12=( 78.626139 53.811552 26.324688 )
xyz12=( 78.626242 53.811927 26.324803 )
xyz12=( 78.626344 53.812302 26.324919 )
xyz12=( 78.626447 53.812677 26.325035 )
xyz12=( 78.626549 53.813052 26.325151 )
xyz12=( 78.626652 53.813427 26.325267 )
xyz12=( 78.626754 53.813802 26.325383 )
xyz12=( 78.626856 53.814177 26.325500 )
xyz12=( 78.626958 53.814551 26.325616 )
xyz12=( 78.627061 53.814926 26.325732 )
xyz12=( 78.627163 53.815300 26.325849 )
xyz12=( 78.627163 53.815300 26.325849 )
xyz12=( 78.627265 53.815675 26.325966 )
xyz12=( 78.627265 53.815675 26.325966 )
xyz12=( 78.627367 53.816049 26.326083 )
xyz12=( 78.627367 53.816049 26.326083 )
xyz12=( 78.627469 53.816423 26.326199 )
xyz12=( 78.627469 53.816423 26.326199 )
xyz12=( 78.627571 53.816797 26.326316 )
xyz12=( 78.627571 53.816797 26.326316 )
xyz12=( 78.627673 53.817171 26.326433 )
xyz12=( 78.627673 53.817171 26.326433 )
xyz12=( 78.627775 53.817545 26.326551 )
xyz12=( 78.627775 53.817545 26.326551 )
xyz12=( 78.627876 53.817919 26.326668 )
xyz12=( 78.627876 53.817919 26.326668 )
xyz12=( 78.627978 53.818293 26.326785 )
xyz12=( 78.627978 53.818293 26.326785 )
xyz12=( 78.628080 53.818667 26.326903 )
xyz12=( 78.628080 53.818667 26.326903 )
xyz12=( 78.628182 53.819041 26.327020 )
xyz12=( 78.628182 53.819041 26.327020 )
xyz12=( 78.628283 53.819414 26.327138 )
xyz12=( 78.628283 53.819414 26.327138 )
xyz12=( 78.628385 53.819788 26.327256 )
xyz12=( 78.628385 53.819788 26.327256 )
xyz12=( 78.628486 53.820161 26.327373 )
xyz12=( 78.628486 53.820161 26.327373 )
xyz12=( 78.628588 53.820535 26.327491 )
xyz12=( 78.628588 53.820535 26.327491 )
xyz12=( 78.628689 53.820908 26.327609 )
xyz12=( 78.628689 53.820908 26.327609 )
xyz12=( 78.628791 53.821281 26.327728 )
xyz12=( 78.628791 53.821281 26.327728 )
xyz12=( 78.628892 53.821654 26.327846 )
xyz12=( 78.628892 53.821654 26.327846 )
xyz12=( 78.628994 53.822027 26.327964 )
xyz12=( 78.628994 53.822027 26.327964 )
xyz12=( 78.629095 53.822400 26.328083 )
xyz12=( 78.629095 53.822400 26.328083 )
xyz12=( 78.629196 53.822773 26.328201 )
xyz12=( 78.629196 53.822773 26.328201 )
xyz12=( 78.629297 53.823146 26.328320 )
xyz12=( 78.629297 53.823146 26.328320 )
xyz12=( 78.629399 53.823519 26.328438 )
xyz12=( 78.629399 53.823519 26.328438 )
xyz12=( 78.629500 53.823892 26.328557 )
xyz12=( 78.629500 53.823892 26.328557 )
xyz12=( 78.629601 53.824264 26.328676 )
xyz12=( 78.629601 53.824264 26.328676 )
xyz12=( 78.629702 53.824637 26.328795 )
xyz12=( 78.629702 53.824637 26.328795 )
xyz12=( 78.629803 53.825009 26.328914 )
xyz12=( 78.629803 53.825009 26.328914 )
xyz12=( 78.629904 53.825382 26.329033 )
xyz12=( 78.629904 53.825382 26.329033 )
xyz12=( 78.630005 53.825754 26.329153 )
xyz12=( 78.630005 53.825754 26.329153 )
xyz12=( 78.630106 53.826126 26.329272 )
xyz12=( 78.630106 53.826126 26.329272 )
xyz12=( 78.630206 53.826498 26.329392 )
xyz12=( 78.630206 53.826498 26.329392 )
xyz12=( 78.630307 53.826871 26.329511 )
xyz12=( 78.630307 53.826871 26.329511 )
xyz12=( 78.630408 53.827243 26.329631 )
xyz12=( 78.630408 53.827243 26.329631 )
xyz12=( 78.630509 53.827615 26.329751 )
xyz12=( 78.630509 53.827615 26.329751 )
xyz12=( 78.630609 53.827986 26.329871 )
xyz12=( 78.630609 53.827986 26.329871 )
xyz12=( 78.630710 53.828358 26.329991 )
xyz12=( 78.630710 53.828358 26.329991 )
xyz12=( 78.630810 53.828730 26.330111 )
xyz12=( 78.630810 53.828730 26.330111 )
xyz12=( 78.630911 53.829102 26.330231 )
xyz12=( 78.630911 53.829102 26.330231 )
xyz12=( 78.631011 53.829473 26.330351 )
xyz12=( 78.631011 53.829473 26.330351 )
xyz12=( 78.631112 53.829845 26.330471 )
xyz12=( 78.631112 53.829845 26.330471 )
xyz12=( 78.631212 53.830216 26.330592 )
xyz12=( 78.631212 53.830216 26.330592 )
xyz12=( 78.631313 53.830587 26.330712 )
xyz12=( 78.631313 53.830587 26.330712 )
xyz12=( 78.631413 53.830959 26.330833 )
xyz12=( 78.631413 53.830959 26.330833 )
xyz12=( 78.631513 53.831330 26.330954 )
xyz12=( 78.631513 53.831330 26.330954 )
xyz12=( 78.631613 53.831701 26.331075 )
xyz12=( 78.631613 53.831701 26.331075 )
xyz12=( 78.631713 53.832072 26.331196 )
xyz12=( 78.631713 53.832072 26.331196 )
xyz12=( 78.631814 53.832443 26.331317 )
xyz12=( 78.631814 53.832443 26.331317 )
xyz12=( 78.631914 53.832814 26.331438 )
xyz12=( 78.632014 53.833185 26.331559 )
xyz12=( 78.632114 53.833555 26.331680 )
xyz12=( 78.632214 53.833926 26.331802 )
xyz12=( 78.632314 53.834297 26.331923 )
xyz12=( 78.632413 53.834667 26.332045 )
xyz12=( 78.632513 53.835038 26.332167 )
xyz12=( 78.632613 53.835408 26.332289 )
xyz12=( 78.632713 53.835778 26.332410 )
xyz12=( 78.632813 53.836148 26.332532 )
xyz12=( 78.632912 53.836519 26.332655 )
xyz12=( 78.633012 53.836889 26.332777 )
xyz12=( 78.633111 53.837259 26.332899 )
xyz12=( 78.633211 53.837628 26.333021 )
xyz12=( 78.633310 53.837998 26.333144 )
xyz12=( 78.633410 53.838368 26.333267 )
xyz12=( 78.633509 53.838738 26.333389 )
xyz12=( 78.633609 53.839107 26.333512 )
xyz12=( 78.633708 53.839477 26.333635 )
xyz12=( 78.633807 53.839846 26.333758 )
xyz12=( 78.633906 53.840216 26.333881 )
xyz12=( 78.634006 53.840585 26.334004 )
xyz12=( 78.634105 53.840954 26.334127 )
xyz12=( 78.634204 53.841324 26.334251 )
xyz12=( 78.634303 53.841693 26.334374 )
xyz12=( 78.634402 53.842062 26.334498 )
xyz12=( 78.634501 53.842431 26.334621 )
xyz12=( 78.634600 53.842799 26.334745 )
xyz12=( 78.634699 53.843168 26.334869 )
xyz12=( 78.634798 53.843537 26.334993 )
xyz12=( 78.634896 53.843906 26.335117 )
xyz12=( 78.634995 53.844274 26.335241 )
xyz12=( 78.635094 53.844643 26.335365 )
xyz12=( 78.635193 53.845011 26.335489 )
xyz12=( 78.635291 53.845379 26.335614 )
xyz12=( 78.635390 53.845748 26.335738 )
xyz12=( 78.635488 53.846116 26.335863 )
xyz12=( 78.635587 53.846484 26.335988 )
xyz12=( 78.635685 53.846852 26.336112 )
xyz12=( 78.635784 53.847220 26.336237 )
xyz12=( 78.635882 53.847588 26.336362 )
xyz12=( 78.635980 53.847956 26.336487 )
xyz12=( 78.636079 53.848324 26.336612 )
xyz12=( 78.636177 53.848691 26.336738 )
xyz12=( 78.636275 53.849059 26.336863 )
xyz12=( 78.636373 53.849426 26.336988 )
xyz12=( 78.636472 53.849794 26.337114 )
xyz12=( 78.636570 53.850161 26.337240 )
xyz12=( 78.636668 53.850529 26.337365 )
xyz12=( 78.636766 53.850896 26.337491 )
xyz12=( 78.636864 53.851263 26.337617 )
xyz12=( 78.636962 53.851630 26.337743 )
xyz12=( 78.637059 53.851997 26.337869 )
xyz12=( 78.637157 53.852364 26.337995 )
xyz12=( 78.637255 53.852731 26.338122 )
xyz12=( 78.637353 53.853098 26.338248 )
xyz12=( 78.637450 53.853465 26.338375 )
xyz12=( 78.637548 53.853831 26.338501 )
xyz12=( 78.294831 52.860488 26.410701 )
xyz12=( 78.294981 52.860834 26.410514 )
xyz12=( 78.295131 52.861181 26.410328 )
xyz12=( 78.295131 52.861181 26.410328 )
xyz12=( 78.295281 52.861527 26.410142 )
xyz12=( 78.295281 52.861527 26.410142 )
xyz12=( 78.295430 52.861873 26.409956 )
xyz12=( 78.295580 52.862219 26.409771 )
xyz12=( 78.295729 52.862565 26.409585 )
xyz12=( 78.448911 53.251738 26.280814 )
xyz12=( 78.448774 53.251358 26.280871 )
xyz12=( 78.448638 53.250978 26.280929 )
xyz12=( 78.448501 53.250598 26.280986 )
xyz12=( 78.448364 53.250218 26.281043 )
xyz12=( 78.448228 53.249838 26.281100 )
xyz12=( 78.448091 53.249458 26.281158 )
xyz12=( 78.447954 53.249078 26.281216 )
xyz12=( 78.447818 53.248699 26.281273 )
xyz12=( 78.447681 53.248319 26.281331 )
xyz12=( 78.447544 53.247940 26.281389 )
xyz12=( 78.447408 53.247560 26.281447 )
xyz12=( 78.447271 53.247181 26.281505 )
xyz12=( 78.447135 53.246802 26.281564 )
xyz12=( 78.446998 53.246422 26.281622 )
xyz12=( 78.446861 53.246043 26.281681 )
xyz12=( 78.446725 53.245664 26.281739 )
xyz12=( 78.446588 53.245285 26.281798 )
xyz12=( 78.446451 53.244907 26.281857 )
xyz12=( 78.446315 53.244528 26.281916 )
xyz12=( 78.446178 53.244149 26.281975 )
xyz12=( 78.446042 53.243770 26.282034 )
xyz12=( 78.445905 53.243392 26.282093 )
xyz12=( 78.445768 53.243013 26.282153 )
xyz12=( 78.445632 53.242635 26.282212 )
xyz12=( 78.445495 53.242256 26.282272 )
xyz12=( 78.445359 53.241878 26.282332 )
xyz12=( 78.445222 53.241500 26.282392 )
xyz12=( 78.445086 53.241122 26.282452 )
xyz12=( 78.444949 53.240744 26.282512 )
xyz12=( 78.444812 53.240366 26.282572 )
xyz12=( 78.444676 53.239988 26.282632 )
xyz12=( 78.444539 53.239610 26.282692 )
xyz12=( 78.444403 53.239232 26.282753 )
xyz12=( 78.444266 53.238855 26.282814 )
xyz12=( 78.444130 53.238477 26.282874 )
xyz12=( 78.443993 53.238100 26.282935 )
xyz12=( 78.443857 53.237722 26.282996 )
xyz12=( 78.443720 53.237345 26.283057 )
xyz12=( 78.443584 53.236968 26.283118 )
xyz12=( 78.443447 53.236590 26.283180 )
xyz12=( 78.443311 53.236213 26.283241 )
xyz12=( 78.443174 53.235836 26.283302 )
xyz12=( 78.443038 53.235459 26.283364 )
xyz12=( 78.442901 53.235082 26.283426 )
xyz12=( 78.442765 53.234705 26.283487 )
xyz12=( 78.442628 53.234329 26.283549 )
xyz12=( 78.442492 53.233952 26.283611 )
xyz12=( 78.442355 53.233575 26.283674 )
xyz12=( 78.442219 53.233199 26.283736 )
xyz12=( 78.442082 53.232822 26.283798 )
xyz12=( 78.442082 53.232822 26.283798 )
xyz12=( 78.441946 53.232446 26.283861 )
xyz12=( 78.441946 53.232446 26.283861 )
xyz12=( 78.441809 53.232070 26.283923 )
xyz12=( 78.441809 53.232070 26.283923 )
xyz12=( 78.441673 53.231693 26.283986 )
xyz12=( 78.441673 53.231693 26.283986 )
xyz12=( 78.441536 53.231317 26.284049 )
xyz12=( 78.441536 53.231317 26.284049 )
xyz12=( 78.441400 53.230941 26.284112 )
xyz12=( 78.441400 53.230941 26.284112 )
xyz12=( 78.441263 53.230565 26.284175 )
xyz12=( 78.441263 53.230565 26.284175 )
xyz12=( 78.441127 53.230189 26.284238 )
xyz12=( 78.441127 53.230189 26.284238 )
xyz12=( 78.440991 53.229813 26.284301 )
xyz12=( 78.440991 53.229813 26.284301 )
xyz12=( 78.440854 53.229437 26.284364 )
xyz12=( 78.440854 53.229437 26.284364 )
xyz12=( 78.440718 53.229062 26.284428 )
xyz12=( 78.440718 53.229062 26.284428 )
xyz12=( 78.440581 53.228686 26.284491 )
xyz12=( 78.440581 53.228686 26.284491 )
xyz12=( 78.440445 53.228311 26.284555 )
xyz12=( 78.440445 53.228311 26.284555 )
xyz12=( 78.440308 53.227935 26.284619 )
xyz12=( 78.440308 53.227935 26.284619 )
xyz12=( 78.440172 53.227560 26.284683 )
xyz12=( 78.440172 53.227560 26.284683 )
xyz12=( 78.440036 53.227184 26.284747 )
xyz12=( 78.440036 53.227184 26.284747 )
xyz12=( 78.439899 53.226809 26.284811 )
xyz12=( 78.439899 53.226809 26.284811 )
xyz12=( 78.439763 53.226434 26.284875 )
xyz12=( 78.439763 53.226434 26.284875 )
xyz12=( 78.439626 53.226059 26.284939 )
xyz12=( 78.439626 53.226059 26.284939 )
xyz12=( 78.439490 53.225684 26.285004 )
xyz12=( 78.439490 53.225684 26.285004 )
xyz12=( 78.439354 53.225309 26.285068 )
xyz12=( 78.439354 53.225309 26.285068 )
xyz12=( 78.439217 53.224934 26.285133 )
xyz12=( 78.439217 53.224934 26.285133 )
xyz12=( 78.439081 53.224559 26.285198 )
xyz12=( 78.439081 53.224559 26.285198 )
xyz12=( 78.438944 53.224184 26.285262 )
xyz12=( 78.438944 53.224184 26.285262 )
xyz12=( 78.438808 53.223809 26.285327 )
xyz12=( 78.438808 53.223809 26.285327 )
xyz12=( 78.438672 53.223435 26.285393 )
xyz12=( 78.438672 53.223435 26.285393 )
xyz12=( 78.438535 53.223060 26.285458 )
xyz12=( 78.438535 53.223060 26.285458 )
xyz12=( 78.438399 53.222686 26.285523 )
xyz12=( 78.438399 53.222686 26.285523 )
xyz12=( 78.438263 53.222311 26.285588 )
xyz12=( 78.438263 53.222311 26.285588 )
xyz12=( 78.438126 53.221937 26.285654 )
xyz12=( 78.438126 53.221937 26.285654 )
xyz12=( 78.437990 53.221563 26.285719 )
xyz12=( 78.437990 53.221563 26.285719 )
xyz12=( 78.437854 53.221189 26.285785 )
xyz12=( 78.437854 53.221189 26.285785 )
xyz12=( 78.437717 53.220815 26.285851 )
xyz12=( 78.437717 53.220815 26.285851 )
xyz12=( 78.437581 53.220441 26.285917 )
xyz12=( 78.437581 53.220441 26.285917 )
xyz12=( 78.437445 53.220067 26.285983 )
xyz12=( 78.437445 53.220067 26.285983 )
xyz12=( 78.437308 53.219693 26.286049 )
xyz12=( 78.437308 53.219693 26.286049 )
xyz12=( 78.437172 53.219319 26.286115 )
xyz12=( 78.437172 53.219319 26.286115 )
xyz12=( 78.437036 53.218945 26.286182 )
xyz12=( 78.437036 53.218945 26.286182 )
xyz12=( 78.436899 53.218572 26.286248 )
xyz12=( 78.436899 53.218572 26.286248 )
xyz12=( 78.436763 53.218198 26.286315 )
xyz12=( 78.436763 53.218198 26.286315 )
xyz12=( 78.436627 53.217824 26.286382 )
xyz12=( 78.436627 53.217824 26.286382 )
xyz12=( 78.436490 53.217451 26.286448 )
xyz12=( 78.436490 53.217451 26.286448 )
xyz12=( 78.436354 53.217078 26.286515 )
xyz12=( 78.436354 53.217078 26.286515 )
xyz12=( 78.436218 53.216704 26.286582 )
xyz12=( 78.436218 53.216704 26.286582 )
xyz12=( 78.436082 53.216331 26.286649 )
xyz12=( 78.436082 53.216331 26.286649 )
xyz12=( 78.435945 53.215958 26.286717 )
xyz12=( 78.435945 53.215958 26.286717 )
xyz12=( 78.435809 53.215585 26.286784 )
xyz12=( 78.435809 53.215585 26.286784 )
xyz12=( 78.435673 53.215212 26.286851 )
xyz12=( 78.435536 53.214839 26.286919 )
xyz12=( 78.435400 53.214466 26.286987 )
xyz12=( 78.435264 53.214093 26.287054 )
xyz12=( 78.435128 53.213721 26.287122 )
xyz12=( 78.434991 53.213348 26.287190 )
xyz12=( 78.434855 53.212975 26.287258 )
xyz12=( 78.434719 53.212603 26.287326 )
xyz12=( 78.434583 53.212231 26.287395 )
xyz12=( 78.434446 53.211858 26.287463 )
xyz12=( 78.434310 53.211486 26.287532 )
xyz12=( 78.434174 53.211114 26.287600 )
xyz12=( 78.434038 53.210742 26.287669 )
xyz12=( 78.433901 53.210370 26.287738 )
xyz12=( 78.433765 53.209998 26.287807 )
xyz12=( 78.433629 53.209626 26.287876 )
xyz12=( 78.433493 53.209254 26.287945 )
xyz12=( 78.433357 53.208882 26.288014 )
xyz12=( 78.433220 53.208510 26.288083 )
xyz12=( 78.433084 53.208139 26.288153 )
xyz12=( 78.432948 53.207767 26.288222 )
xyz12=( 78.432812 53.207396 26.288292 )
xyz12=( 78.432676 53.207024 26.288362 )
xyz12=( 78.432539 53.206653 26.288432 )
xyz12=( 78.432403 53.206282 26.288502 )
xyz12=( 78.432267 53.205911 26.288572 )
xyz12=( 78.432131 53.205539 26.288642 )
xyz12=( 78.431995 53.205168 26.288712 )
xyz12=( 78.431858 53.204797 26.288783 )
xyz12=( 78.431722 53.204427 26.288853 )
xyz12=( 78.431586 53.204056 26.288924 )
xyz12=( 78.431450 53.203685 26.288995 )
xyz12=( 78.431314 53.203314 26.289066 )
xyz12=( 78.431178 53.202944 26.289137 )
xyz12=( 78.431041 53.202573 26.289208 )
xyz12=( 78.430905 53.202203 26.289279 )
xyz12=( 78.430769 53.201832 26.289350 )
xyz12=( 78.430633 53.201462 26.289421 )
xyz12=( 78.430497 53.201092 26.289493 )
xyz12=( 78.430361 53.200721 26.289564 )
xyz12=( 78.430225 53.200351 26.289636 )
xyz12=( 78.430089 53.199981 26.289708 )
xyz12=( 78.429952 53.199611 26.289780 )
xyz12=( 78.429816 53.199241 26.289852 )
xyz12=( 78.429680 53.198872 26.289924 )
xyz12=( 78.429544 53.198502 26.289996 )
xyz12=( 78.429408 53.198132 26.290069 )
xyz12=( 78.429272 53.197762 26.290141 )
xyz12=( 78.429136 53.197393 26.290213 )
xyz12=( 78.429000 53.197023 26.290286 )
xyz12=( 78.428864 53.196654 26.290359 )
xyz12=( 78.428728 53.196285 26.290432 )
xyz12=( 78.428591 53.195915 26.290505 )
xyz12=( 78.428455 53.195546 26.290578 )
xyz12=( 78.428319 53.195177 26.290651 )
xyz12=( 78.428183 53.194808 26.290724 )
xyz12=( 78.428047 53.194439 26.290798 )
xyz12=( 78.427911 53.194070 26.290871 )
