xyz12=( 78.622901 53.799746 26.321109 )
xyz12=( 78.623948 53.803553 26.322250 )
xyz12=( 78.624990 53.807352 26.323401 )
xyz12=( 78.626028 53.811143 26.324562 )
xyz12=( 78.627061 53.814926 26.325732 )
xyz12=( 78.628089 53.818701 26.326913 )
xyz12=( 78.628089 53.818701 26.326913 )
xyz12=( 78.629113 53.822468 26.328104 )
xyz12=( 78.629113 53.822468 26.328104 )
xyz12=( 78.630133 53.826228 26.329305 )
xyz12=( 78.630133 53.826228 26.329305 )
xyz12=( 78.631148 53.829980 26.330515 )
xyz12=( 78.631148 53.829980 26.330515 )
xyz12=( 78.632159 53.833724 26.331736 )
xyz12=( 78.633166 53.837460 26.332966 )
xyz12=( 78.634168 53.841189 26.334206 )
xyz12=( 78.635166 53.844911 26.335455 )
xyz12=( 78.636159 53.848624 26.336715 )
xyz12=( 78.637148 53.852331 26.337984 )
xyz12=( 78.447731 53.248457 26.281310 )
xyz12=( 78.446352 53.244631 26.281900 )
xyz12=( 78.444974 53.240813 26.282501 )
xyz12=( 78.443596 53.237002 26.283113 )
xyz12=( 78.442219 53.233199 26.283736 )
xyz12=( 78.440842 53.229403 26.284370 )
xyz12=( 78.440842 53.229403 26.284370 )
xyz12=( 78.439465 53.225615 26.285015 )
xyz12=( 78.439465 53.225615 26.285015 )
xyz12=( 78.438089 53.221835 26.285672 )
xyz12=( 78.438089 53.221835 26.285672 )
xyz12=( 78.436713 53.218062 26.286339 )
xyz12=( 78.436713 53.218062 26.286339 )
xyz12=( 78.435338 53.214297 26.287017 )
xyz12=( 78.433963 53.210539 26.287706 )
xyz12=( 78.432589 53.206788 26.288406 )
xyz12=( 78.431215 53.203045 26.289117 )
xyz12=( 78.429841 53.199309 26.289839 )
xyz12=( 78.428468 53.195580 26.290571 )
