order:    [ 1 13 14 0 25 24 23 22 21 20 18 17 16 19 15 12 7 8 11 10 9 6 2 5 4 3 ]
atoms:    [ CA CA C N C CA N C CA N C CA N H HA N CA C C CA N N C C CA N ]
residues: [ 0 4 4 0 7 7 7 6 6 6 5 5 5 5 4 4 2 2 3 3 3 2 0 1 1 1 ]

We use a different pair of symbles to represent the bits values which are associated with the HA and H of the discretized distance, and another one to represent the bits of other hydrogens.
For the HA and H from the discretized distance:
	"+" means 0
	"-" means 1
For any other hydrogens:
	">" means 0
	"<" means 1

d_19_15=2.523688098586 s=[ 0 0 0 0 0 1 0 1 1 1 0 0 0 + + 0 1 0 0 0 1 0 0 0 0 0 ]

d_19_15=2.525708300606 s=[ 0 0 0 0 0 1 0 1 1 1 0 0 0 + + 0 1 0 0 0 1 0 0 0 0 0 ]

d_19_15=2.527728502626 s=[ 0 0 0 0 0 1 0 1 1 1 0 0 0 + + 0 1 0 0 0 1 0 0 0 0 0 ]

d_19_15=2.529748704646 s=[ 0 0 0 0 0 1 0 1 1 1 0 0 0 + + 0 1 0 0 0 1 0 0 0 0 0 ]

d_19_15=2.531768906667 s=[ 0 0 0 0 0 1 0 1 1 1 0 0 0 + + 0 1 0 0 0 1 0 0 0 0 0 ]

d_19_15=2.533789108687 s=[ 0 0 0 0 0 1 0 1 1 1 0 0 0 + + 0 1 0 0 0 1 0 0 0 0 0 ]

d_19_15=2.533789108687 s=[ 0 0 0 0 0 1 0 1 1 1 0 0 0 + + 0 1 0 0 0 1 0 0 1 1 1 ]

d_19_15=2.535809310707 s=[ 0 0 0 0 0 1 0 1 1 1 0 0 0 + + 0 1 0 0 0 1 0 0 0 0 0 ]

d_19_15=2.535809310707 s=[ 0 0 0 0 0 1 0 1 1 1 0 0 0 + + 0 1 0 0 0 1 0 0 1 1 1 ]

d_19_15=2.537829512727 s=[ 0 0 0 0 0 1 0 1 1 1 0 0 0 + + 0 1 0 0 0 1 0 0 0 0 0 ]

d_19_15=2.537829512727 s=[ 0 0 0 0 0 1 0 1 1 1 0 0 0 + + 0 1 0 0 0 1 0 0 1 1 1 ]

d_19_15=2.539849714747 s=[ 0 0 0 0 0 1 0 1 1 1 0 0 0 + + 0 1 0 0 0 1 0 0 0 0 0 ]

d_19_15=2.539849714747 s=[ 0 0 0 0 0 1 0 1 1 1 0 0 0 + + 0 1 0 0 0 1 0 0 1 1 1 ]

d_19_15=2.541869916768 s=[ 0 0 0 0 0 1 0 1 1 1 0 0 0 + + 0 1 0 0 0 1 0 0 1 1 1 ]

d_19_15=2.543890118788 s=[ 0 0 0 0 0 1 0 1 1 1 0 0 0 + + 0 1 0 0 0 1 0 0 1 1 1 ]

d_19_15=2.545910320808 s=[ 0 0 0 0 0 1 0 1 1 1 0 0 0 + + 0 1 0 0 0 1 0 0 1 1 1 ]

d_19_15=2.547930522828 s=[ 0 0 0 0 0 1 0 1 1 1 0 0 0 + + 0 1 0 0 0 1 0 0 1 1 1 ]

d_19_15=2.549950724848 s=[ 0 0 0 0 0 1 0 1 1 1 0 0 0 + + 0 1 0 0 0 1 0 0 1 1 1 ]

d_19_15=2.551970926869 s=[ 0 0 0 0 0 1 0 1 1 1 0 0 0 + + 0 1 0 0 0 1 0 0 1 1 1 ]

d_19_15=2.523688098586 s=[ 0 0 0 1 1 0 1 0 0 0 1 1 1 + - 1 0 1 1 1 0 1 1 1 1 1 ]

d_19_15=2.525708300606 s=[ 0 0 0 1 1 0 1 0 0 0 1 1 1 + - 1 0 1 1 1 0 1 1 1 1 1 ]

d_19_15=2.527728502626 s=[ 0 0 0 1 1 0 1 0 0 0 1 1 1 + - 1 0 1 1 1 0 1 1 1 1 1 ]

d_19_15=2.529748704646 s=[ 0 0 0 1 1 0 1 0 0 0 1 1 1 + - 1 0 1 1 1 0 1 1 1 1 1 ]

d_19_15=2.531768906667 s=[ 0 0 0 1 1 0 1 0 0 0 1 1 1 + - 1 0 1 1 1 0 1 1 1 1 1 ]

d_19_15=2.533789108687 s=[ 0 0 0 1 1 0 1 0 0 0 1 1 1 + - 1 0 1 1 1 0 1 1 0 0 0 ]

d_19_15=2.533789108687 s=[ 0 0 0 1 1 0 1 0 0 0 1 1 1 + - 1 0 1 1 1 0 1 1 1 1 1 ]

d_19_15=2.535809310707 s=[ 0 0 0 1 1 0 1 0 0 0 1 1 1 + - 1 0 1 1 1 0 1 1 0 0 0 ]

d_19_15=2.535809310707 s=[ 0 0 0 1 1 0 1 0 0 0 1 1 1 + - 1 0 1 1 1 0 1 1 1 1 1 ]

d_19_15=2.537829512727 s=[ 0 0 0 1 1 0 1 0 0 0 1 1 1 + - 1 0 1 1 1 0 1 1 0 0 0 ]

d_19_15=2.537829512727 s=[ 0 0 0 1 1 0 1 0 0 0 1 1 1 + - 1 0 1 1 1 0 1 1 1 1 1 ]

d_19_15=2.539849714747 s=[ 0 0 0 1 1 0 1 0 0 0 1 1 1 + - 1 0 1 1 1 0 1 1 0 0 0 ]

d_19_15=2.539849714747 s=[ 0 0 0 1 1 0 1 0 0 0 1 1 1 + - 1 0 1 1 1 0 1 1 1 1 1 ]

d_19_15=2.541869916768 s=[ 0 0 0 1 1 0 1 0 0 0 1 1 1 + - 1 0 1 1 1 0 1 1 0 0 0 ]

d_19_15=2.543890118788 s=[ 0 0 0 1 1 0 1 0 0 0 1 1 1 + - 1 0 1 1 1 0 1 1 0 0 0 ]

d_19_15=2.545910320808 s=[ 0 0 0 1 1 0 1 0 0 0 1 1 1 + - 1 0 1 1 1 0 1 1 0 0 0 ]

d_19_15=2.547930522828 s=[ 0 0 0 1 1 0 1 0 0 0 1 1 1 + - 1 0 1 1 1 0 1 1 0 0 0 ]

d_19_15=2.549950724848 s=[ 0 0 0 1 1 0 1 0 0 0 1 1 1 + - 1 0 1 1 1 0 1 1 0 0 0 ]

d_19_15=2.551970926869 s=[ 0 0 0 1 1 0 1 0 0 0 1 1 1 + - 1 0 1 1 1 0 1 1 0 0 0 ]

