order:    [ 1 13 14 0 25 24 23 22 21 20 18 17 16 19 15 12 7 8 11 10 9 6 2 5 4 3 ]
atoms:    [ CA CA C N C CA N C CA N C CA N H HA N CA C C CA N N C C CA N ]
residues: [ 0 4 4 0 7 7 7 6 6 6 5 5 5 5 4 4 2 2 3 3 3 2 0 1 1 1 ]

We use a different pair of symbles to represent the bits values which are associated with the HA and H of the discretized distance, and another one to represent the bits of other hydrogens.
For the HA and H from the discretized distance:
	"+" means 0
	"-" means 1
For any other hydrogens:
	">" means 0
	"<" means 1

d_19_15=2.483520658418 s=[ 0 0 0 0 0 1 0 1 1 1 0 0 0 + - 1 1 1 1 1 0 1 1 1 1 1 ] xyz12=( 78.715433, 54.184189, 26.506263 )

d_19_15=2.483720858619 s=[ 0 0 0 0 0 1 0 1 1 1 0 0 0 + - 1 1 1 1 1 0 1 1 1 1 1 ] xyz12=( 78.715364, 54.183848, 26.506027 )

d_19_15=2.483921058819 s=[ 0 0 0 0 0 1 0 1 1 1 0 0 0 + - 1 1 1 1 1 0 1 1 0 0 0 ] xyz12=( 78.715296, 54.183506, 26.505791 )

d_19_15=2.483921058819 s=[ 0 0 0 0 0 1 0 1 1 1 0 0 0 + - 1 1 1 1 1 0 1 1 1 1 1 ] xyz12=( 78.715296, 54.183506, 26.505791 )

d_19_15=2.484121259019 s=[ 0 0 0 0 0 1 0 1 1 1 0 0 0 + - 1 1 1 1 1 0 1 1 0 0 0 ] xyz12=( 78.715227, 54.183165, 26.505555 )

d_19_15=2.484121259019 s=[ 0 0 0 0 0 1 0 1 1 1 0 0 0 + - 1 1 1 1 1 0 1 1 1 1 1 ] xyz12=( 78.715227, 54.183165, 26.505555 )

d_19_15=2.484321459219 s=[ 0 0 0 0 0 1 0 1 1 1 0 0 0 + - 1 1 1 1 1 0 1 1 0 0 0 ] xyz12=( 78.715158, 54.182824, 26.505320 )

d_19_15=2.484521659419 s=[ 0 0 0 0 0 1 0 1 1 1 0 0 0 + - 1 1 1 1 1 0 1 1 0 0 0 ] xyz12=( 78.715089, 54.182482, 26.505085 )

d_19_15=2.484721859620 s=[ 0 0 0 0 0 1 0 1 1 1 0 0 0 + - 1 1 1 1 1 0 1 1 0 0 0 ] xyz12=( 78.715020, 54.182141, 26.504849 )

d_19_15=2.521959096857 s=[ 0 0 0 0 0 1 0 1 1 1 0 0 0 + + 0 1 0 0 0 1 0 0 0 0 0 ] xyz12=( 78.622002, 53.796482, 26.320141 )

d_19_15=2.522159297057 s=[ 0 0 0 0 0 1 0 1 1 1 0 0 0 + + 0 1 0 0 0 1 0 0 0 0 0 ] xyz12=( 78.622106, 53.796860, 26.320253 )

d_19_15=2.522359497257 s=[ 0 0 0 0 0 1 0 1 1 1 0 0 0 + + 0 1 0 0 0 1 0 0 0 0 0 ] xyz12=( 78.622210, 53.797239, 26.320365 )

d_19_15=2.522559697457 s=[ 0 0 0 0 0 1 0 1 1 1 0 0 0 + + 0 1 0 0 0 1 0 0 0 0 0 ] xyz12=( 78.622315, 53.797617, 26.320477 )

d_19_15=2.522759897658 s=[ 0 0 0 0 0 1 0 1 1 1 0 0 0 + + 0 1 0 0 0 1 0 0 0 0 0 ] xyz12=( 78.622419, 53.797995, 26.320589 )

d_19_15=2.522960097858 s=[ 0 0 0 0 0 1 0 1 1 1 0 0 0 + + 0 1 0 0 0 1 0 0 0 0 0 ] xyz12=( 78.622523, 53.798373, 26.320701 )

d_19_15=2.523160298058 s=[ 0 0 0 0 0 1 0 1 1 1 0 0 0 + + 0 1 0 0 0 1 0 0 0 0 0 ] xyz12=( 78.622627, 53.798751, 26.320813 )

d_19_15=2.523360498258 s=[ 0 0 0 0 0 1 0 1 1 1 0 0 0 + + 0 1 0 0 0 1 0 0 0 0 0 ] xyz12=( 78.622731, 53.799128, 26.320925 )

d_19_15=2.523560698458 s=[ 0 0 0 0 0 1 0 1 1 1 0 0 0 + + 0 1 0 0 0 1 0 0 0 0 0 ] xyz12=( 78.622835, 53.799506, 26.321038 )

d_19_15=2.523760898659 s=[ 0 0 0 0 0 1 0 1 1 1 0 0 0 + + 0 1 0 0 0 1 0 0 0 0 0 ] xyz12=( 78.622939, 53.799884, 26.321150 )

d_19_15=2.523961098859 s=[ 0 0 0 0 0 1 0 1 1 1 0 0 0 + + 0 1 0 0 0 1 0 0 0 0 0 ] xyz12=( 78.623043, 53.800261, 26.321263 )

d_19_15=2.524161299059 s=[ 0 0 0 0 0 1 0 1 1 1 0 0 0 + + 0 1 0 0 0 1 0 0 0 0 0 ] xyz12=( 78.623147, 53.800639, 26.321376 )

d_19_15=2.524361499259 s=[ 0 0 0 0 0 1 0 1 1 1 0 0 0 + + 0 1 0 0 0 1 0 0 0 0 0 ] xyz12=( 78.623251, 53.801016, 26.321489 )

d_19_15=2.524561699459 s=[ 0 0 0 0 0 1 0 1 1 1 0 0 0 + + 0 1 0 0 0 1 0 0 0 0 0 ] xyz12=( 78.623354, 53.801394, 26.321601 )

d_19_15=2.524761899660 s=[ 0 0 0 0 0 1 0 1 1 1 0 0 0 + + 0 1 0 0 0 1 0 0 0 0 0 ] xyz12=( 78.623458, 53.801771, 26.321714 )

d_19_15=2.524962099860 s=[ 0 0 0 0 0 1 0 1 1 1 0 0 0 + + 0 1 0 0 0 1 0 0 0 0 0 ] xyz12=( 78.623562, 53.802148, 26.321828 )

d_19_15=2.525162300060 s=[ 0 0 0 0 0 1 0 1 1 1 0 0 0 + + 0 1 0 0 0 1 0 0 0 0 0 ] xyz12=( 78.623665, 53.802525, 26.321941 )

d_19_15=2.525362500260 s=[ 0 0 0 0 0 1 0 1 1 1 0 0 0 + + 0 1 0 0 0 1 0 0 0 0 0 ] xyz12=( 78.623769, 53.802902, 26.322054 )

d_19_15=2.525562700460 s=[ 0 0 0 0 0 1 0 1 1 1 0 0 0 + + 0 1 0 0 0 1 0 0 0 0 0 ] xyz12=( 78.623873, 53.803279, 26.322168 )

d_19_15=2.525762900661 s=[ 0 0 0 0 0 1 0 1 1 1 0 0 0 + + 0 1 0 0 0 1 0 0 0 0 0 ] xyz12=( 78.623976, 53.803656, 26.322281 )

d_19_15=2.525963100861 s=[ 0 0 0 0 0 1 0 1 1 1 0 0 0 + + 0 1 0 0 0 1 0 0 0 0 0 ] xyz12=( 78.624080, 53.804033, 26.322395 )

d_19_15=2.526163301061 s=[ 0 0 0 0 0 1 0 1 1 1 0 0 0 + + 0 1 0 0 0 1 0 0 0 0 0 ] xyz12=( 78.624183, 53.804410, 26.322508 )

d_19_15=2.526363501261 s=[ 0 0 0 0 0 1 0 1 1 1 0 0 0 + + 0 1 0 0 0 1 0 0 0 0 0 ] xyz12=( 78.624286, 53.804786, 26.322622 )

d_19_15=2.526563701461 s=[ 0 0 0 0 0 1 0 1 1 1 0 0 0 + + 0 1 0 0 0 1 0 0 0 0 0 ] xyz12=( 78.624390, 53.805163, 26.322736 )

d_19_15=2.526763901662 s=[ 0 0 0 0 0 1 0 1 1 1 0 0 0 + + 0 1 0 0 0 1 0 0 0 0 0 ] xyz12=( 78.624493, 53.805539, 26.322850 )

d_19_15=2.526964101862 s=[ 0 0 0 0 0 1 0 1 1 1 0 0 0 + + 0 1 0 0 0 1 0 0 0 0 0 ] xyz12=( 78.624596, 53.805916, 26.322964 )

d_19_15=2.527164302062 s=[ 0 0 0 0 0 1 0 1 1 1 0 0 0 + + 0 1 0 0 0 1 0 0 0 0 0 ] xyz12=( 78.624699, 53.806292, 26.323078 )

d_19_15=2.527364502262 s=[ 0 0 0 0 0 1 0 1 1 1 0 0 0 + + 0 1 0 0 0 1 0 0 0 0 0 ] xyz12=( 78.624803, 53.806668, 26.323193 )

d_19_15=2.527564702462 s=[ 0 0 0 0 0 1 0 1 1 1 0 0 0 + + 0 1 0 0 0 1 0 0 0 0 0 ] xyz12=( 78.624906, 53.807044, 26.323307 )

d_19_15=2.527764902663 s=[ 0 0 0 0 0 1 0 1 1 1 0 0 0 + + 0 1 0 0 0 1 0 0 0 0 0 ] xyz12=( 78.625009, 53.807420, 26.323422 )

d_19_15=2.527965102863 s=[ 0 0 0 0 0 1 0 1 1 1 0 0 0 + + 0 1 0 0 0 1 0 0 0 0 0 ] xyz12=( 78.625112, 53.807796, 26.323536 )

d_19_15=2.528165303063 s=[ 0 0 0 0 0 1 0 1 1 1 0 0 0 + + 0 1 0 0 0 1 0 0 0 0 0 ] xyz12=( 78.625215, 53.808172, 26.323651 )

d_19_15=2.528365503263 s=[ 0 0 0 0 0 1 0 1 1 1 0 0 0 + + 0 1 0 0 0 1 0 0 0 0 0 ] xyz12=( 78.625318, 53.808548, 26.323766 )

d_19_15=2.528565703463 s=[ 0 0 0 0 0 1 0 1 1 1 0 0 0 + + 0 1 0 0 0 1 0 0 0 0 0 ] xyz12=( 78.625420, 53.808924, 26.323881 )

d_19_15=2.528765903664 s=[ 0 0 0 0 0 1 0 1 1 1 0 0 0 + + 0 1 0 0 0 1 0 0 0 0 0 ] xyz12=( 78.625523, 53.809300, 26.323996 )

d_19_15=2.528966103864 s=[ 0 0 0 0 0 1 0 1 1 1 0 0 0 + + 0 1 0 0 0 1 0 0 0 0 0 ] xyz12=( 78.625626, 53.809675, 26.324111 )

d_19_15=2.529166304064 s=[ 0 0 0 0 0 1 0 1 1 1 0 0 0 + + 0 1 0 0 0 1 0 0 0 0 0 ] xyz12=( 78.625729, 53.810051, 26.324226 )

d_19_15=2.529366504264 s=[ 0 0 0 0 0 1 0 1 1 1 0 0 0 + + 0 1 0 0 0 1 0 0 0 0 0 ] xyz12=( 78.625832, 53.810426, 26.324341 )

d_19_15=2.529566704464 s=[ 0 0 0 0 0 1 0 1 1 1 0 0 0 + + 0 1 0 0 0 1 0 0 0 0 0 ] xyz12=( 78.625934, 53.810802, 26.324457 )

d_19_15=2.529766904665 s=[ 0 0 0 0 0 1 0 1 1 1 0 0 0 + + 0 1 0 0 0 1 0 0 0 0 0 ] xyz12=( 78.626037, 53.811177, 26.324572 )

d_19_15=2.529967104865 s=[ 0 0 0 0 0 1 0 1 1 1 0 0 0 + + 0 1 0 0 0 1 0 0 0 0 0 ] xyz12=( 78.626139, 53.811552, 26.324688 )

d_19_15=2.530167305065 s=[ 0 0 0 0 0 1 0 1 1 1 0 0 0 + + 0 1 0 0 0 1 0 0 0 0 0 ] xyz12=( 78.626242, 53.811927, 26.324803 )

d_19_15=2.530367505265 s=[ 0 0 0 0 0 1 0 1 1 1 0 0 0 + + 0 1 0 0 0 1 0 0 0 0 0 ] xyz12=( 78.626344, 53.812302, 26.324919 )

d_19_15=2.530567705465 s=[ 0 0 0 0 0 1 0 1 1 1 0 0 0 + + 0 1 0 0 0 1 0 0 0 0 0 ] xyz12=( 78.626447, 53.812677, 26.325035 )

d_19_15=2.530767905666 s=[ 0 0 0 0 0 1 0 1 1 1 0 0 0 + + 0 1 0 0 0 1 0 0 0 0 0 ] xyz12=( 78.626549, 53.813052, 26.325151 )

d_19_15=2.530968105866 s=[ 0 0 0 0 0 1 0 1 1 1 0 0 0 + + 0 1 0 0 0 1 0 0 0 0 0 ] xyz12=( 78.626652, 53.813427, 26.325267 )

d_19_15=2.531168306066 s=[ 0 0 0 0 0 1 0 1 1 1 0 0 0 + + 0 1 0 0 0 1 0 0 0 0 0 ] xyz12=( 78.626754, 53.813802, 26.325383 )

d_19_15=2.531368506266 s=[ 0 0 0 0 0 1 0 1 1 1 0 0 0 + + 0 1 0 0 0 1 0 0 0 0 0 ] xyz12=( 78.626856, 53.814177, 26.325500 )

d_19_15=2.531568706466 s=[ 0 0 0 0 0 1 0 1 1 1 0 0 0 + + 0 1 0 0 0 1 0 0 0 0 0 ] xyz12=( 78.626958, 53.814551, 26.325616 )

d_19_15=2.531768906667 s=[ 0 0 0 0 0 1 0 1 1 1 0 0 0 + + 0 1 0 0 0 1 0 0 0 0 0 ] xyz12=( 78.627061, 53.814926, 26.325732 )

d_19_15=2.531969106867 s=[ 0 0 0 0 0 1 0 1 1 1 0 0 0 + + 0 1 0 0 0 1 0 0 0 0 0 ] xyz12=( 78.627163, 53.815300, 26.325849 )

d_19_15=2.531969106867 s=[ 0 0 0 0 0 1 0 1 1 1 0 0 0 + + 0 1 0 0 0 1 0 0 1 1 1 ] xyz12=( 78.627163, 53.815300, 26.325849 )

d_19_15=2.532169307067 s=[ 0 0 0 0 0 1 0 1 1 1 0 0 0 + + 0 1 0 0 0 1 0 0 0 0 0 ] xyz12=( 78.627265, 53.815675, 26.325966 )

d_19_15=2.532169307067 s=[ 0 0 0 0 0 1 0 1 1 1 0 0 0 + + 0 1 0 0 0 1 0 0 1 1 1 ] xyz12=( 78.627265, 53.815675, 26.325966 )

d_19_15=2.532369507267 s=[ 0 0 0 0 0 1 0 1 1 1 0 0 0 + + 0 1 0 0 0 1 0 0 0 0 0 ] xyz12=( 78.627367, 53.816049, 26.326083 )

d_19_15=2.532369507267 s=[ 0 0 0 0 0 1 0 1 1 1 0 0 0 + + 0 1 0 0 0 1 0 0 1 1 1 ] xyz12=( 78.627367, 53.816049, 26.326083 )

d_19_15=2.532569707467 s=[ 0 0 0 0 0 1 0 1 1 1 0 0 0 + + 0 1 0 0 0 1 0 0 0 0 0 ] xyz12=( 78.627469, 53.816423, 26.326199 )

d_19_15=2.532569707467 s=[ 0 0 0 0 0 1 0 1 1 1 0 0 0 + + 0 1 0 0 0 1 0 0 1 1 1 ] xyz12=( 78.627469, 53.816423, 26.326199 )

d_19_15=2.532769907668 s=[ 0 0 0 0 0 1 0 1 1 1 0 0 0 + + 0 1 0 0 0 1 0 0 0 0 0 ] xyz12=( 78.627571, 53.816797, 26.326316 )

d_19_15=2.532769907668 s=[ 0 0 0 0 0 1 0 1 1 1 0 0 0 + + 0 1 0 0 0 1 0 0 1 1 1 ] xyz12=( 78.627571, 53.816797, 26.326316 )

d_19_15=2.532970107868 s=[ 0 0 0 0 0 1 0 1 1 1 0 0 0 + + 0 1 0 0 0 1 0 0 0 0 0 ] xyz12=( 78.627673, 53.817171, 26.326433 )

d_19_15=2.532970107868 s=[ 0 0 0 0 0 1 0 1 1 1 0 0 0 + + 0 1 0 0 0 1 0 0 1 1 1 ] xyz12=( 78.627673, 53.817171, 26.326433 )

d_19_15=2.533170308068 s=[ 0 0 0 0 0 1 0 1 1 1 0 0 0 + + 0 1 0 0 0 1 0 0 0 0 0 ] xyz12=( 78.627775, 53.817545, 26.326551 )

d_19_15=2.533170308068 s=[ 0 0 0 0 0 1 0 1 1 1 0 0 0 + + 0 1 0 0 0 1 0 0 1 1 1 ] xyz12=( 78.627775, 53.817545, 26.326551 )

d_19_15=2.533370508268 s=[ 0 0 0 0 0 1 0 1 1 1 0 0 0 + + 0 1 0 0 0 1 0 0 0 0 0 ] xyz12=( 78.627876, 53.817919, 26.326668 )

d_19_15=2.533370508268 s=[ 0 0 0 0 0 1 0 1 1 1 0 0 0 + + 0 1 0 0 0 1 0 0 1 1 1 ] xyz12=( 78.627876, 53.817919, 26.326668 )

d_19_15=2.533570708468 s=[ 0 0 0 0 0 1 0 1 1 1 0 0 0 + + 0 1 0 0 0 1 0 0 0 0 0 ] xyz12=( 78.627978, 53.818293, 26.326785 )

d_19_15=2.533570708468 s=[ 0 0 0 0 0 1 0 1 1 1 0 0 0 + + 0 1 0 0 0 1 0 0 1 1 1 ] xyz12=( 78.627978, 53.818293, 26.326785 )

d_19_15=2.533770908669 s=[ 0 0 0 0 0 1 0 1 1 1 0 0 0 + + 0 1 0 0 0 1 0 0 0 0 0 ] xyz12=( 78.628080, 53.818667, 26.326903 )

d_19_15=2.533770908669 s=[ 0 0 0 0 0 1 0 1 1 1 0 0 0 + + 0 1 0 0 0 1 0 0 1 1 1 ] xyz12=( 78.628080, 53.818667, 26.326903 )

d_19_15=2.533971108869 s=[ 0 0 0 0 0 1 0 1 1 1 0 0 0 + + 0 1 0 0 0 1 0 0 0 0 0 ] xyz12=( 78.628182, 53.819041, 26.327020 )

d_19_15=2.533971108869 s=[ 0 0 0 0 0 1 0 1 1 1 0 0 0 + + 0 1 0 0 0 1 0 0 1 1 1 ] xyz12=( 78.628182, 53.819041, 26.327020 )

d_19_15=2.534171309069 s=[ 0 0 0 0 0 1 0 1 1 1 0 0 0 + + 0 1 0 0 0 1 0 0 0 0 0 ] xyz12=( 78.628283, 53.819414, 26.327138 )

d_19_15=2.534171309069 s=[ 0 0 0 0 0 1 0 1 1 1 0 0 0 + + 0 1 0 0 0 1 0 0 1 1 1 ] xyz12=( 78.628283, 53.819414, 26.327138 )

d_19_15=2.534371509269 s=[ 0 0 0 0 0 1 0 1 1 1 0 0 0 + + 0 1 0 0 0 1 0 0 0 0 0 ] xyz12=( 78.628385, 53.819788, 26.327256 )

d_19_15=2.534371509269 s=[ 0 0 0 0 0 1 0 1 1 1 0 0 0 + + 0 1 0 0 0 1 0 0 1 1 1 ] xyz12=( 78.628385, 53.819788, 26.327256 )

d_19_15=2.534571709469 s=[ 0 0 0 0 0 1 0 1 1 1 0 0 0 + + 0 1 0 0 0 1 0 0 0 0 0 ] xyz12=( 78.628486, 53.820161, 26.327373 )

d_19_15=2.534571709469 s=[ 0 0 0 0 0 1 0 1 1 1 0 0 0 + + 0 1 0 0 0 1 0 0 1 1 1 ] xyz12=( 78.628486, 53.820161, 26.327373 )

d_19_15=2.534771909670 s=[ 0 0 0 0 0 1 0 1 1 1 0 0 0 + + 0 1 0 0 0 1 0 0 0 0 0 ] xyz12=( 78.628588, 53.820535, 26.327491 )

d_19_15=2.534771909670 s=[ 0 0 0 0 0 1 0 1 1 1 0 0 0 + + 0 1 0 0 0 1 0 0 1 1 1 ] xyz12=( 78.628588, 53.820535, 26.327491 )

d_19_15=2.534972109870 s=[ 0 0 0 0 0 1 0 1 1 1 0 0 0 + + 0 1 0 0 0 1 0 0 0 0 0 ] xyz12=( 78.628689, 53.820908, 26.327609 )

d_19_15=2.534972109870 s=[ 0 0 0 0 0 1 0 1 1 1 0 0 0 + + 0 1 0 0 0 1 0 0 1 1 1 ] xyz12=( 78.628689, 53.820908, 26.327609 )

d_19_15=2.535172310070 s=[ 0 0 0 0 0 1 0 1 1 1 0 0 0 + + 0 1 0 0 0 1 0 0 0 0 0 ] xyz12=( 78.628791, 53.821281, 26.327728 )

d_19_15=2.535172310070 s=[ 0 0 0 0 0 1 0 1 1 1 0 0 0 + + 0 1 0 0 0 1 0 0 1 1 1 ] xyz12=( 78.628791, 53.821281, 26.327728 )

d_19_15=2.535372510270 s=[ 0 0 0 0 0 1 0 1 1 1 0 0 0 + + 0 1 0 0 0 1 0 0 0 0 0 ] xyz12=( 78.628892, 53.821654, 26.327846 )

d_19_15=2.535372510270 s=[ 0 0 0 0 0 1 0 1 1 1 0 0 0 + + 0 1 0 0 0 1 0 0 1 1 1 ] xyz12=( 78.628892, 53.821654, 26.327846 )

d_19_15=2.535572710470 s=[ 0 0 0 0 0 1 0 1 1 1 0 0 0 + + 0 1 0 0 0 1 0 0 0 0 0 ] xyz12=( 78.628994, 53.822027, 26.327964 )

d_19_15=2.535572710470 s=[ 0 0 0 0 0 1 0 1 1 1 0 0 0 + + 0 1 0 0 0 1 0 0 1 1 1 ] xyz12=( 78.628994, 53.822027, 26.327964 )

d_19_15=2.535772910671 s=[ 0 0 0 0 0 1 0 1 1 1 0 0 0 + + 0 1 0 0 0 1 0 0 0 0 0 ] xyz12=( 78.629095, 53.822400, 26.328083 )

d_19_15=2.535772910671 s=[ 0 0 0 0 0 1 0 1 1 1 0 0 0 + + 0 1 0 0 0 1 0 0 1 1 1 ] xyz12=( 78.629095, 53.822400, 26.328083 )

d_19_15=2.535973110871 s=[ 0 0 0 0 0 1 0 1 1 1 0 0 0 + + 0 1 0 0 0 1 0 0 0 0 0 ] xyz12=( 78.629196, 53.822773, 26.328201 )

d_19_15=2.535973110871 s=[ 0 0 0 0 0 1 0 1 1 1 0 0 0 + + 0 1 0 0 0 1 0 0 1 1 1 ] xyz12=( 78.629196, 53.822773, 26.328201 )

d_19_15=2.536173311071 s=[ 0 0 0 0 0 1 0 1 1 1 0 0 0 + + 0 1 0 0 0 1 0 0 0 0 0 ] xyz12=( 78.629297, 53.823146, 26.328320 )

d_19_15=2.536173311071 s=[ 0 0 0 0 0 1 0 1 1 1 0 0 0 + + 0 1 0 0 0 1 0 0 1 1 1 ] xyz12=( 78.629297, 53.823146, 26.328320 )

d_19_15=2.536373511271 s=[ 0 0 0 0 0 1 0 1 1 1 0 0 0 + + 0 1 0 0 0 1 0 0 0 0 0 ] xyz12=( 78.629399, 53.823519, 26.328438 )

d_19_15=2.536373511271 s=[ 0 0 0 0 0 1 0 1 1 1 0 0 0 + + 0 1 0 0 0 1 0 0 1 1 1 ] xyz12=( 78.629399, 53.823519, 26.328438 )

d_19_15=2.536573711471 s=[ 0 0 0 0 0 1 0 1 1 1 0 0 0 + + 0 1 0 0 0 1 0 0 0 0 0 ] xyz12=( 78.629500, 53.823892, 26.328557 )

d_19_15=2.536573711471 s=[ 0 0 0 0 0 1 0 1 1 1 0 0 0 + + 0 1 0 0 0 1 0 0 1 1 1 ] xyz12=( 78.629500, 53.823892, 26.328557 )

d_19_15=2.536773911672 s=[ 0 0 0 0 0 1 0 1 1 1 0 0 0 + + 0 1 0 0 0 1 0 0 0 0 0 ] xyz12=( 78.629601, 53.824264, 26.328676 )

d_19_15=2.536773911672 s=[ 0 0 0 0 0 1 0 1 1 1 0 0 0 + + 0 1 0 0 0 1 0 0 1 1 1 ] xyz12=( 78.629601, 53.824264, 26.328676 )

d_19_15=2.536974111872 s=[ 0 0 0 0 0 1 0 1 1 1 0 0 0 + + 0 1 0 0 0 1 0 0 0 0 0 ] xyz12=( 78.629702, 53.824637, 26.328795 )

d_19_15=2.536974111872 s=[ 0 0 0 0 0 1 0 1 1 1 0 0 0 + + 0 1 0 0 0 1 0 0 1 1 1 ] xyz12=( 78.629702, 53.824637, 26.328795 )

d_19_15=2.537174312072 s=[ 0 0 0 0 0 1 0 1 1 1 0 0 0 + + 0 1 0 0 0 1 0 0 0 0 0 ] xyz12=( 78.629803, 53.825009, 26.328914 )

d_19_15=2.537174312072 s=[ 0 0 0 0 0 1 0 1 1 1 0 0 0 + + 0 1 0 0 0 1 0 0 1 1 1 ] xyz12=( 78.629803, 53.825009, 26.328914 )

d_19_15=2.537374512272 s=[ 0 0 0 0 0 1 0 1 1 1 0 0 0 + + 0 1 0 0 0 1 0 0 0 0 0 ] xyz12=( 78.629904, 53.825382, 26.329033 )

d_19_15=2.537374512272 s=[ 0 0 0 0 0 1 0 1 1 1 0 0 0 + + 0 1 0 0 0 1 0 0 1 1 1 ] xyz12=( 78.629904, 53.825382, 26.329033 )

d_19_15=2.537574712472 s=[ 0 0 0 0 0 1 0 1 1 1 0 0 0 + + 0 1 0 0 0 1 0 0 0 0 0 ] xyz12=( 78.630005, 53.825754, 26.329153 )

d_19_15=2.537574712472 s=[ 0 0 0 0 0 1 0 1 1 1 0 0 0 + + 0 1 0 0 0 1 0 0 1 1 1 ] xyz12=( 78.630005, 53.825754, 26.329153 )

d_19_15=2.537774912673 s=[ 0 0 0 0 0 1 0 1 1 1 0 0 0 + + 0 1 0 0 0 1 0 0 0 0 0 ] xyz12=( 78.630106, 53.826126, 26.329272 )

d_19_15=2.537774912673 s=[ 0 0 0 0 0 1 0 1 1 1 0 0 0 + + 0 1 0 0 0 1 0 0 1 1 1 ] xyz12=( 78.630106, 53.826126, 26.329272 )

d_19_15=2.537975112873 s=[ 0 0 0 0 0 1 0 1 1 1 0 0 0 + + 0 1 0 0 0 1 0 0 0 0 0 ] xyz12=( 78.630206, 53.826498, 26.329392 )

d_19_15=2.537975112873 s=[ 0 0 0 0 0 1 0 1 1 1 0 0 0 + + 0 1 0 0 0 1 0 0 1 1 1 ] xyz12=( 78.630206, 53.826498, 26.329392 )

d_19_15=2.538175313073 s=[ 0 0 0 0 0 1 0 1 1 1 0 0 0 + + 0 1 0 0 0 1 0 0 0 0 0 ] xyz12=( 78.630307, 53.826871, 26.329511 )

d_19_15=2.538175313073 s=[ 0 0 0 0 0 1 0 1 1 1 0 0 0 + + 0 1 0 0 0 1 0 0 1 1 1 ] xyz12=( 78.630307, 53.826871, 26.329511 )

d_19_15=2.538375513273 s=[ 0 0 0 0 0 1 0 1 1 1 0 0 0 + + 0 1 0 0 0 1 0 0 0 0 0 ] xyz12=( 78.630408, 53.827243, 26.329631 )

d_19_15=2.538375513273 s=[ 0 0 0 0 0 1 0 1 1 1 0 0 0 + + 0 1 0 0 0 1 0 0 1 1 1 ] xyz12=( 78.630408, 53.827243, 26.329631 )

d_19_15=2.538575713473 s=[ 0 0 0 0 0 1 0 1 1 1 0 0 0 + + 0 1 0 0 0 1 0 0 0 0 0 ] xyz12=( 78.630509, 53.827615, 26.329751 )

d_19_15=2.538575713473 s=[ 0 0 0 0 0 1 0 1 1 1 0 0 0 + + 0 1 0 0 0 1 0 0 1 1 1 ] xyz12=( 78.630509, 53.827615, 26.329751 )

d_19_15=2.538775913674 s=[ 0 0 0 0 0 1 0 1 1 1 0 0 0 + + 0 1 0 0 0 1 0 0 0 0 0 ] xyz12=( 78.630609, 53.827986, 26.329871 )

d_19_15=2.538775913674 s=[ 0 0 0 0 0 1 0 1 1 1 0 0 0 + + 0 1 0 0 0 1 0 0 1 1 1 ] xyz12=( 78.630609, 53.827986, 26.329871 )

d_19_15=2.538976113874 s=[ 0 0 0 0 0 1 0 1 1 1 0 0 0 + + 0 1 0 0 0 1 0 0 0 0 0 ] xyz12=( 78.630710, 53.828358, 26.329991 )

d_19_15=2.538976113874 s=[ 0 0 0 0 0 1 0 1 1 1 0 0 0 + + 0 1 0 0 0 1 0 0 1 1 1 ] xyz12=( 78.630710, 53.828358, 26.329991 )

d_19_15=2.539176314074 s=[ 0 0 0 0 0 1 0 1 1 1 0 0 0 + + 0 1 0 0 0 1 0 0 0 0 0 ] xyz12=( 78.630810, 53.828730, 26.330111 )

d_19_15=2.539176314074 s=[ 0 0 0 0 0 1 0 1 1 1 0 0 0 + + 0 1 0 0 0 1 0 0 1 1 1 ] xyz12=( 78.630810, 53.828730, 26.330111 )

d_19_15=2.539376514274 s=[ 0 0 0 0 0 1 0 1 1 1 0 0 0 + + 0 1 0 0 0 1 0 0 0 0 0 ] xyz12=( 78.630911, 53.829102, 26.330231 )

d_19_15=2.539376514274 s=[ 0 0 0 0 0 1 0 1 1 1 0 0 0 + + 0 1 0 0 0 1 0 0 1 1 1 ] xyz12=( 78.630911, 53.829102, 26.330231 )

d_19_15=2.539576714474 s=[ 0 0 0 0 0 1 0 1 1 1 0 0 0 + + 0 1 0 0 0 1 0 0 0 0 0 ] xyz12=( 78.631011, 53.829473, 26.330351 )

d_19_15=2.539576714474 s=[ 0 0 0 0 0 1 0 1 1 1 0 0 0 + + 0 1 0 0 0 1 0 0 1 1 1 ] xyz12=( 78.631011, 53.829473, 26.330351 )

d_19_15=2.539776914675 s=[ 0 0 0 0 0 1 0 1 1 1 0 0 0 + + 0 1 0 0 0 1 0 0 0 0 0 ] xyz12=( 78.631112, 53.829845, 26.330471 )

d_19_15=2.539776914675 s=[ 0 0 0 0 0 1 0 1 1 1 0 0 0 + + 0 1 0 0 0 1 0 0 1 1 1 ] xyz12=( 78.631112, 53.829845, 26.330471 )

d_19_15=2.539977114875 s=[ 0 0 0 0 0 1 0 1 1 1 0 0 0 + + 0 1 0 0 0 1 0 0 0 0 0 ] xyz12=( 78.631212, 53.830216, 26.330592 )

d_19_15=2.539977114875 s=[ 0 0 0 0 0 1 0 1 1 1 0 0 0 + + 0 1 0 0 0 1 0 0 1 1 1 ] xyz12=( 78.631212, 53.830216, 26.330592 )

d_19_15=2.540177315075 s=[ 0 0 0 0 0 1 0 1 1 1 0 0 0 + + 0 1 0 0 0 1 0 0 0 0 0 ] xyz12=( 78.631313, 53.830587, 26.330712 )

d_19_15=2.540177315075 s=[ 0 0 0 0 0 1 0 1 1 1 0 0 0 + + 0 1 0 0 0 1 0 0 1 1 1 ] xyz12=( 78.631313, 53.830587, 26.330712 )

d_19_15=2.540377515275 s=[ 0 0 0 0 0 1 0 1 1 1 0 0 0 + + 0 1 0 0 0 1 0 0 0 0 0 ] xyz12=( 78.631413, 53.830959, 26.330833 )

d_19_15=2.540377515275 s=[ 0 0 0 0 0 1 0 1 1 1 0 0 0 + + 0 1 0 0 0 1 0 0 1 1 1 ] xyz12=( 78.631413, 53.830959, 26.330833 )

d_19_15=2.540577715475 s=[ 0 0 0 0 0 1 0 1 1 1 0 0 0 + + 0 1 0 0 0 1 0 0 0 0 0 ] xyz12=( 78.631513, 53.831330, 26.330954 )

d_19_15=2.540577715475 s=[ 0 0 0 0 0 1 0 1 1 1 0 0 0 + + 0 1 0 0 0 1 0 0 1 1 1 ] xyz12=( 78.631513, 53.831330, 26.330954 )

d_19_15=2.540777915676 s=[ 0 0 0 0 0 1 0 1 1 1 0 0 0 + + 0 1 0 0 0 1 0 0 0 0 0 ] xyz12=( 78.631613, 53.831701, 26.331075 )

d_19_15=2.540777915676 s=[ 0 0 0 0 0 1 0 1 1 1 0 0 0 + + 0 1 0 0 0 1 0 0 1 1 1 ] xyz12=( 78.631613, 53.831701, 26.331075 )

d_19_15=2.540978115876 s=[ 0 0 0 0 0 1 0 1 1 1 0 0 0 + + 0 1 0 0 0 1 0 0 0 0 0 ] xyz12=( 78.631713, 53.832072, 26.331196 )

d_19_15=2.540978115876 s=[ 0 0 0 0 0 1 0 1 1 1 0 0 0 + + 0 1 0 0 0 1 0 0 1 1 1 ] xyz12=( 78.631713, 53.832072, 26.331196 )

d_19_15=2.541178316076 s=[ 0 0 0 0 0 1 0 1 1 1 0 0 0 + + 0 1 0 0 0 1 0 0 0 0 0 ] xyz12=( 78.631814, 53.832443, 26.331317 )

d_19_15=2.541178316076 s=[ 0 0 0 0 0 1 0 1 1 1 0 0 0 + + 0 1 0 0 0 1 0 0 1 1 1 ] xyz12=( 78.631814, 53.832443, 26.331317 )

d_19_15=2.541378516276 s=[ 0 0 0 0 0 1 0 1 1 1 0 0 0 + + 0 1 0 0 0 1 0 0 1 1 1 ] xyz12=( 78.631914, 53.832814, 26.331438 )

d_19_15=2.541578716476 s=[ 0 0 0 0 0 1 0 1 1 1 0 0 0 + + 0 1 0 0 0 1 0 0 1 1 1 ] xyz12=( 78.632014, 53.833185, 26.331559 )

d_19_15=2.541778916677 s=[ 0 0 0 0 0 1 0 1 1 1 0 0 0 + + 0 1 0 0 0 1 0 0 1 1 1 ] xyz12=( 78.632114, 53.833555, 26.331680 )

d_19_15=2.541979116877 s=[ 0 0 0 0 0 1 0 1 1 1 0 0 0 + + 0 1 0 0 0 1 0 0 1 1 1 ] xyz12=( 78.632214, 53.833926, 26.331802 )

d_19_15=2.542179317077 s=[ 0 0 0 0 0 1 0 1 1 1 0 0 0 + + 0 1 0 0 0 1 0 0 1 1 1 ] xyz12=( 78.632314, 53.834297, 26.331923 )

d_19_15=2.542379517277 s=[ 0 0 0 0 0 1 0 1 1 1 0 0 0 + + 0 1 0 0 0 1 0 0 1 1 1 ] xyz12=( 78.632413, 53.834667, 26.332045 )

d_19_15=2.542579717477 s=[ 0 0 0 0 0 1 0 1 1 1 0 0 0 + + 0 1 0 0 0 1 0 0 1 1 1 ] xyz12=( 78.632513, 53.835038, 26.332167 )

d_19_15=2.542779917678 s=[ 0 0 0 0 0 1 0 1 1 1 0 0 0 + + 0 1 0 0 0 1 0 0 1 1 1 ] xyz12=( 78.632613, 53.835408, 26.332289 )

d_19_15=2.542980117878 s=[ 0 0 0 0 0 1 0 1 1 1 0 0 0 + + 0 1 0 0 0 1 0 0 1 1 1 ] xyz12=( 78.632713, 53.835778, 26.332410 )

d_19_15=2.543180318078 s=[ 0 0 0 0 0 1 0 1 1 1 0 0 0 + + 0 1 0 0 0 1 0 0 1 1 1 ] xyz12=( 78.632813, 53.836148, 26.332532 )

d_19_15=2.543380518278 s=[ 0 0 0 0 0 1 0 1 1 1 0 0 0 + + 0 1 0 0 0 1 0 0 1 1 1 ] xyz12=( 78.632912, 53.836519, 26.332655 )

d_19_15=2.543580718478 s=[ 0 0 0 0 0 1 0 1 1 1 0 0 0 + + 0 1 0 0 0 1 0 0 1 1 1 ] xyz12=( 78.633012, 53.836889, 26.332777 )

d_19_15=2.543780918679 s=[ 0 0 0 0 0 1 0 1 1 1 0 0 0 + + 0 1 0 0 0 1 0 0 1 1 1 ] xyz12=( 78.633111, 53.837259, 26.332899 )

d_19_15=2.543981118879 s=[ 0 0 0 0 0 1 0 1 1 1 0 0 0 + + 0 1 0 0 0 1 0 0 1 1 1 ] xyz12=( 78.633211, 53.837628, 26.333021 )

d_19_15=2.544181319079 s=[ 0 0 0 0 0 1 0 1 1 1 0 0 0 + + 0 1 0 0 0 1 0 0 1 1 1 ] xyz12=( 78.633310, 53.837998, 26.333144 )

d_19_15=2.544381519279 s=[ 0 0 0 0 0 1 0 1 1 1 0 0 0 + + 0 1 0 0 0 1 0 0 1 1 1 ] xyz12=( 78.633410, 53.838368, 26.333267 )

d_19_15=2.544581719479 s=[ 0 0 0 0 0 1 0 1 1 1 0 0 0 + + 0 1 0 0 0 1 0 0 1 1 1 ] xyz12=( 78.633509, 53.838738, 26.333389 )

d_19_15=2.544781919680 s=[ 0 0 0 0 0 1 0 1 1 1 0 0 0 + + 0 1 0 0 0 1 0 0 1 1 1 ] xyz12=( 78.633609, 53.839107, 26.333512 )

d_19_15=2.544982119880 s=[ 0 0 0 0 0 1 0 1 1 1 0 0 0 + + 0 1 0 0 0 1 0 0 1 1 1 ] xyz12=( 78.633708, 53.839477, 26.333635 )

d_19_15=2.545182320080 s=[ 0 0 0 0 0 1 0 1 1 1 0 0 0 + + 0 1 0 0 0 1 0 0 1 1 1 ] xyz12=( 78.633807, 53.839846, 26.333758 )

d_19_15=2.545382520280 s=[ 0 0 0 0 0 1 0 1 1 1 0 0 0 + + 0 1 0 0 0 1 0 0 1 1 1 ] xyz12=( 78.633906, 53.840216, 26.333881 )

d_19_15=2.545582720480 s=[ 0 0 0 0 0 1 0 1 1 1 0 0 0 + + 0 1 0 0 0 1 0 0 1 1 1 ] xyz12=( 78.634006, 53.840585, 26.334004 )

d_19_15=2.545782920681 s=[ 0 0 0 0 0 1 0 1 1 1 0 0 0 + + 0 1 0 0 0 1 0 0 1 1 1 ] xyz12=( 78.634105, 53.840954, 26.334127 )

d_19_15=2.545983120881 s=[ 0 0 0 0 0 1 0 1 1 1 0 0 0 + + 0 1 0 0 0 1 0 0 1 1 1 ] xyz12=( 78.634204, 53.841324, 26.334251 )

d_19_15=2.546183321081 s=[ 0 0 0 0 0 1 0 1 1 1 0 0 0 + + 0 1 0 0 0 1 0 0 1 1 1 ] xyz12=( 78.634303, 53.841693, 26.334374 )

d_19_15=2.546383521281 s=[ 0 0 0 0 0 1 0 1 1 1 0 0 0 + + 0 1 0 0 0 1 0 0 1 1 1 ] xyz12=( 78.634402, 53.842062, 26.334498 )

d_19_15=2.546583721481 s=[ 0 0 0 0 0 1 0 1 1 1 0 0 0 + + 0 1 0 0 0 1 0 0 1 1 1 ] xyz12=( 78.634501, 53.842431, 26.334621 )

d_19_15=2.546783921682 s=[ 0 0 0 0 0 1 0 1 1 1 0 0 0 + + 0 1 0 0 0 1 0 0 1 1 1 ] xyz12=( 78.634600, 53.842799, 26.334745 )

d_19_15=2.546984121882 s=[ 0 0 0 0 0 1 0 1 1 1 0 0 0 + + 0 1 0 0 0 1 0 0 1 1 1 ] xyz12=( 78.634699, 53.843168, 26.334869 )

d_19_15=2.547184322082 s=[ 0 0 0 0 0 1 0 1 1 1 0 0 0 + + 0 1 0 0 0 1 0 0 1 1 1 ] xyz12=( 78.634798, 53.843537, 26.334993 )

d_19_15=2.547384522282 s=[ 0 0 0 0 0 1 0 1 1 1 0 0 0 + + 0 1 0 0 0 1 0 0 1 1 1 ] xyz12=( 78.634896, 53.843906, 26.335117 )

d_19_15=2.547584722482 s=[ 0 0 0 0 0 1 0 1 1 1 0 0 0 + + 0 1 0 0 0 1 0 0 1 1 1 ] xyz12=( 78.634995, 53.844274, 26.335241 )

d_19_15=2.547784922683 s=[ 0 0 0 0 0 1 0 1 1 1 0 0 0 + + 0 1 0 0 0 1 0 0 1 1 1 ] xyz12=( 78.635094, 53.844643, 26.335365 )

d_19_15=2.547985122883 s=[ 0 0 0 0 0 1 0 1 1 1 0 0 0 + + 0 1 0 0 0 1 0 0 1 1 1 ] xyz12=( 78.635193, 53.845011, 26.335489 )

d_19_15=2.548185323083 s=[ 0 0 0 0 0 1 0 1 1 1 0 0 0 + + 0 1 0 0 0 1 0 0 1 1 1 ] xyz12=( 78.635291, 53.845379, 26.335614 )

d_19_15=2.548385523283 s=[ 0 0 0 0 0 1 0 1 1 1 0 0 0 + + 0 1 0 0 0 1 0 0 1 1 1 ] xyz12=( 78.635390, 53.845748, 26.335738 )

d_19_15=2.548585723483 s=[ 0 0 0 0 0 1 0 1 1 1 0 0 0 + + 0 1 0 0 0 1 0 0 1 1 1 ] xyz12=( 78.635488, 53.846116, 26.335863 )

d_19_15=2.548785923684 s=[ 0 0 0 0 0 1 0 1 1 1 0 0 0 + + 0 1 0 0 0 1 0 0 1 1 1 ] xyz12=( 78.635587, 53.846484, 26.335988 )

d_19_15=2.548986123884 s=[ 0 0 0 0 0 1 0 1 1 1 0 0 0 + + 0 1 0 0 0 1 0 0 1 1 1 ] xyz12=( 78.635685, 53.846852, 26.336112 )

d_19_15=2.549186324084 s=[ 0 0 0 0 0 1 0 1 1 1 0 0 0 + + 0 1 0 0 0 1 0 0 1 1 1 ] xyz12=( 78.635784, 53.847220, 26.336237 )

d_19_15=2.549386524284 s=[ 0 0 0 0 0 1 0 1 1 1 0 0 0 + + 0 1 0 0 0 1 0 0 1 1 1 ] xyz12=( 78.635882, 53.847588, 26.336362 )

d_19_15=2.549586724484 s=[ 0 0 0 0 0 1 0 1 1 1 0 0 0 + + 0 1 0 0 0 1 0 0 1 1 1 ] xyz12=( 78.635980, 53.847956, 26.336487 )

d_19_15=2.549786924685 s=[ 0 0 0 0 0 1 0 1 1 1 0 0 0 + + 0 1 0 0 0 1 0 0 1 1 1 ] xyz12=( 78.636079, 53.848324, 26.336612 )

d_19_15=2.549987124885 s=[ 0 0 0 0 0 1 0 1 1 1 0 0 0 + + 0 1 0 0 0 1 0 0 1 1 1 ] xyz12=( 78.636177, 53.848691, 26.336738 )

d_19_15=2.550187325085 s=[ 0 0 0 0 0 1 0 1 1 1 0 0 0 + + 0 1 0 0 0 1 0 0 1 1 1 ] xyz12=( 78.636275, 53.849059, 26.336863 )

d_19_15=2.550387525285 s=[ 0 0 0 0 0 1 0 1 1 1 0 0 0 + + 0 1 0 0 0 1 0 0 1 1 1 ] xyz12=( 78.636373, 53.849426, 26.336988 )

d_19_15=2.550587725485 s=[ 0 0 0 0 0 1 0 1 1 1 0 0 0 + + 0 1 0 0 0 1 0 0 1 1 1 ] xyz12=( 78.636472, 53.849794, 26.337114 )

d_19_15=2.550787925686 s=[ 0 0 0 0 0 1 0 1 1 1 0 0 0 + + 0 1 0 0 0 1 0 0 1 1 1 ] xyz12=( 78.636570, 53.850161, 26.337240 )

d_19_15=2.550988125886 s=[ 0 0 0 0 0 1 0 1 1 1 0 0 0 + + 0 1 0 0 0 1 0 0 1 1 1 ] xyz12=( 78.636668, 53.850529, 26.337365 )

d_19_15=2.551188326086 s=[ 0 0 0 0 0 1 0 1 1 1 0 0 0 + + 0 1 0 0 0 1 0 0 1 1 1 ] xyz12=( 78.636766, 53.850896, 26.337491 )

d_19_15=2.551388526286 s=[ 0 0 0 0 0 1 0 1 1 1 0 0 0 + + 0 1 0 0 0 1 0 0 1 1 1 ] xyz12=( 78.636864, 53.851263, 26.337617 )

d_19_15=2.551588726486 s=[ 0 0 0 0 0 1 0 1 1 1 0 0 0 + + 0 1 0 0 0 1 0 0 1 1 1 ] xyz12=( 78.636962, 53.851630, 26.337743 )

d_19_15=2.551788926687 s=[ 0 0 0 0 0 1 0 1 1 1 0 0 0 + + 0 1 0 0 0 1 0 0 1 1 1 ] xyz12=( 78.637059, 53.851997, 26.337869 )

d_19_15=2.551989126887 s=[ 0 0 0 0 0 1 0 1 1 1 0 0 0 + + 0 1 0 0 0 1 0 0 1 1 1 ] xyz12=( 78.637157, 53.852364, 26.337995 )

d_19_15=2.552189327087 s=[ 0 0 0 0 0 1 0 1 1 1 0 0 0 + + 0 1 0 0 0 1 0 0 1 1 1 ] xyz12=( 78.637255, 53.852731, 26.338122 )

d_19_15=2.552389527287 s=[ 0 0 0 0 0 1 0 1 1 1 0 0 0 + + 0 1 0 0 0 1 0 0 1 1 1 ] xyz12=( 78.637353, 53.853098, 26.338248 )

d_19_15=2.552589727487 s=[ 0 0 0 0 0 1 0 1 1 1 0 0 0 + + 0 1 0 0 0 1 0 0 1 1 1 ] xyz12=( 78.637450, 53.853465, 26.338375 )

d_19_15=2.552789927688 s=[ 0 0 0 0 0 1 0 1 1 1 0 0 0 + + 0 1 0 0 0 1 0 0 1 1 1 ] xyz12=( 78.637548, 53.853831, 26.338501 )

d_19_15=2.483520658418 s=[ 0 0 0 1 1 0 1 0 0 0 1 1 1 + + 0 0 0 0 0 1 0 0 0 0 0 ] xyz12=( 78.294831, 52.860488, 26.410701 )

d_19_15=2.483720858619 s=[ 0 0 0 1 1 0 1 0 0 0 1 1 1 + + 0 0 0 0 0 1 0 0 0 0 0 ] xyz12=( 78.294981, 52.860834, 26.410514 )

d_19_15=2.483921058819 s=[ 0 0 0 1 1 0 1 0 0 0 1 1 1 + + 0 0 0 0 0 1 0 0 0 0 0 ] xyz12=( 78.295131, 52.861181, 26.410328 )

d_19_15=2.483921058819 s=[ 0 0 0 1 1 0 1 0 0 0 1 1 1 + + 0 0 0 0 0 1 0 0 1 1 1 ] xyz12=( 78.295131, 52.861181, 26.410328 )

d_19_15=2.484121259019 s=[ 0 0 0 1 1 0 1 0 0 0 1 1 1 + + 0 0 0 0 0 1 0 0 0 0 0 ] xyz12=( 78.295281, 52.861527, 26.410142 )

d_19_15=2.484121259019 s=[ 0 0 0 1 1 0 1 0 0 0 1 1 1 + + 0 0 0 0 0 1 0 0 1 1 1 ] xyz12=( 78.295281, 52.861527, 26.410142 )

d_19_15=2.484321459219 s=[ 0 0 0 1 1 0 1 0 0 0 1 1 1 + + 0 0 0 0 0 1 0 0 1 1 1 ] xyz12=( 78.295430, 52.861873, 26.409956 )

d_19_15=2.484521659419 s=[ 0 0 0 1 1 0 1 0 0 0 1 1 1 + + 0 0 0 0 0 1 0 0 1 1 1 ] xyz12=( 78.295580, 52.862219, 26.409771 )

d_19_15=2.484721859620 s=[ 0 0 0 1 1 0 1 0 0 0 1 1 1 + + 0 0 0 0 0 1 0 0 1 1 1 ] xyz12=( 78.295729, 52.862565, 26.409585 )

d_19_15=2.521959096857 s=[ 0 0 0 1 1 0 1 0 0 0 1 1 1 + - 1 0 1 1 1 0 1 1 1 1 1 ] xyz12=( 78.448911, 53.251738, 26.280814 )

d_19_15=2.522159297057 s=[ 0 0 0 1 1 0 1 0 0 0 1 1 1 + - 1 0 1 1 1 0 1 1 1 1 1 ] xyz12=( 78.448774, 53.251358, 26.280871 )

d_19_15=2.522359497257 s=[ 0 0 0 1 1 0 1 0 0 0 1 1 1 + - 1 0 1 1 1 0 1 1 1 1 1 ] xyz12=( 78.448638, 53.250978, 26.280929 )

d_19_15=2.522559697457 s=[ 0 0 0 1 1 0 1 0 0 0 1 1 1 + - 1 0 1 1 1 0 1 1 1 1 1 ] xyz12=( 78.448501, 53.250598, 26.280986 )

d_19_15=2.522759897658 s=[ 0 0 0 1 1 0 1 0 0 0 1 1 1 + - 1 0 1 1 1 0 1 1 1 1 1 ] xyz12=( 78.448364, 53.250218, 26.281043 )

d_19_15=2.522960097858 s=[ 0 0 0 1 1 0 1 0 0 0 1 1 1 + - 1 0 1 1 1 0 1 1 1 1 1 ] xyz12=( 78.448228, 53.249838, 26.281100 )

d_19_15=2.523160298058 s=[ 0 0 0 1 1 0 1 0 0 0 1 1 1 + - 1 0 1 1 1 0 1 1 1 1 1 ] xyz12=( 78.448091, 53.249458, 26.281158 )

d_19_15=2.523360498258 s=[ 0 0 0 1 1 0 1 0 0 0 1 1 1 + - 1 0 1 1 1 0 1 1 1 1 1 ] xyz12=( 78.447954, 53.249078, 26.281216 )

d_19_15=2.523560698458 s=[ 0 0 0 1 1 0 1 0 0 0 1 1 1 + - 1 0 1 1 1 0 1 1 1 1 1 ] xyz12=( 78.447818, 53.248699, 26.281273 )

d_19_15=2.523760898659 s=[ 0 0 0 1 1 0 1 0 0 0 1 1 1 + - 1 0 1 1 1 0 1 1 1 1 1 ] xyz12=( 78.447681, 53.248319, 26.281331 )

d_19_15=2.523961098859 s=[ 0 0 0 1 1 0 1 0 0 0 1 1 1 + - 1 0 1 1 1 0 1 1 1 1 1 ] xyz12=( 78.447544, 53.247940, 26.281389 )

d_19_15=2.524161299059 s=[ 0 0 0 1 1 0 1 0 0 0 1 1 1 + - 1 0 1 1 1 0 1 1 1 1 1 ] xyz12=( 78.447408, 53.247560, 26.281447 )

d_19_15=2.524361499259 s=[ 0 0 0 1 1 0 1 0 0 0 1 1 1 + - 1 0 1 1 1 0 1 1 1 1 1 ] xyz12=( 78.447271, 53.247181, 26.281505 )

d_19_15=2.524561699459 s=[ 0 0 0 1 1 0 1 0 0 0 1 1 1 + - 1 0 1 1 1 0 1 1 1 1 1 ] xyz12=( 78.447135, 53.246802, 26.281564 )

d_19_15=2.524761899660 s=[ 0 0 0 1 1 0 1 0 0 0 1 1 1 + - 1 0 1 1 1 0 1 1 1 1 1 ] xyz12=( 78.446998, 53.246422, 26.281622 )

d_19_15=2.524962099860 s=[ 0 0 0 1 1 0 1 0 0 0 1 1 1 + - 1 0 1 1 1 0 1 1 1 1 1 ] xyz12=( 78.446861, 53.246043, 26.281681 )

d_19_15=2.525162300060 s=[ 0 0 0 1 1 0 1 0 0 0 1 1 1 + - 1 0 1 1 1 0 1 1 1 1 1 ] xyz12=( 78.446725, 53.245664, 26.281739 )

d_19_15=2.525362500260 s=[ 0 0 0 1 1 0 1 0 0 0 1 1 1 + - 1 0 1 1 1 0 1 1 1 1 1 ] xyz12=( 78.446588, 53.245285, 26.281798 )

d_19_15=2.525562700460 s=[ 0 0 0 1 1 0 1 0 0 0 1 1 1 + - 1 0 1 1 1 0 1 1 1 1 1 ] xyz12=( 78.446451, 53.244907, 26.281857 )

d_19_15=2.525762900661 s=[ 0 0 0 1 1 0 1 0 0 0 1 1 1 + - 1 0 1 1 1 0 1 1 1 1 1 ] xyz12=( 78.446315, 53.244528, 26.281916 )

d_19_15=2.525963100861 s=[ 0 0 0 1 1 0 1 0 0 0 1 1 1 + - 1 0 1 1 1 0 1 1 1 1 1 ] xyz12=( 78.446178, 53.244149, 26.281975 )

d_19_15=2.526163301061 s=[ 0 0 0 1 1 0 1 0 0 0 1 1 1 + - 1 0 1 1 1 0 1 1 1 1 1 ] xyz12=( 78.446042, 53.243770, 26.282034 )

d_19_15=2.526363501261 s=[ 0 0 0 1 1 0 1 0 0 0 1 1 1 + - 1 0 1 1 1 0 1 1 1 1 1 ] xyz12=( 78.445905, 53.243392, 26.282093 )

d_19_15=2.526563701461 s=[ 0 0 0 1 1 0 1 0 0 0 1 1 1 + - 1 0 1 1 1 0 1 1 1 1 1 ] xyz12=( 78.445768, 53.243013, 26.282153 )

d_19_15=2.526763901662 s=[ 0 0 0 1 1 0 1 0 0 0 1 1 1 + - 1 0 1 1 1 0 1 1 1 1 1 ] xyz12=( 78.445632, 53.242635, 26.282212 )

d_19_15=2.526964101862 s=[ 0 0 0 1 1 0 1 0 0 0 1 1 1 + - 1 0 1 1 1 0 1 1 1 1 1 ] xyz12=( 78.445495, 53.242256, 26.282272 )

d_19_15=2.527164302062 s=[ 0 0 0 1 1 0 1 0 0 0 1 1 1 + - 1 0 1 1 1 0 1 1 1 1 1 ] xyz12=( 78.445359, 53.241878, 26.282332 )

d_19_15=2.527364502262 s=[ 0 0 0 1 1 0 1 0 0 0 1 1 1 + - 1 0 1 1 1 0 1 1 1 1 1 ] xyz12=( 78.445222, 53.241500, 26.282392 )

d_19_15=2.527564702462 s=[ 0 0 0 1 1 0 1 0 0 0 1 1 1 + - 1 0 1 1 1 0 1 1 1 1 1 ] xyz12=( 78.445086, 53.241122, 26.282452 )

d_19_15=2.527764902663 s=[ 0 0 0 1 1 0 1 0 0 0 1 1 1 + - 1 0 1 1 1 0 1 1 1 1 1 ] xyz12=( 78.444949, 53.240744, 26.282512 )

d_19_15=2.527965102863 s=[ 0 0 0 1 1 0 1 0 0 0 1 1 1 + - 1 0 1 1 1 0 1 1 1 1 1 ] xyz12=( 78.444812, 53.240366, 26.282572 )

d_19_15=2.528165303063 s=[ 0 0 0 1 1 0 1 0 0 0 1 1 1 + - 1 0 1 1 1 0 1 1 1 1 1 ] xyz12=( 78.444676, 53.239988, 26.282632 )

d_19_15=2.528365503263 s=[ 0 0 0 1 1 0 1 0 0 0 1 1 1 + - 1 0 1 1 1 0 1 1 1 1 1 ] xyz12=( 78.444539, 53.239610, 26.282692 )

d_19_15=2.528565703463 s=[ 0 0 0 1 1 0 1 0 0 0 1 1 1 + - 1 0 1 1 1 0 1 1 1 1 1 ] xyz12=( 78.444403, 53.239232, 26.282753 )

d_19_15=2.528765903664 s=[ 0 0 0 1 1 0 1 0 0 0 1 1 1 + - 1 0 1 1 1 0 1 1 1 1 1 ] xyz12=( 78.444266, 53.238855, 26.282814 )

d_19_15=2.528966103864 s=[ 0 0 0 1 1 0 1 0 0 0 1 1 1 + - 1 0 1 1 1 0 1 1 1 1 1 ] xyz12=( 78.444130, 53.238477, 26.282874 )

d_19_15=2.529166304064 s=[ 0 0 0 1 1 0 1 0 0 0 1 1 1 + - 1 0 1 1 1 0 1 1 1 1 1 ] xyz12=( 78.443993, 53.238100, 26.282935 )

d_19_15=2.529366504264 s=[ 0 0 0 1 1 0 1 0 0 0 1 1 1 + - 1 0 1 1 1 0 1 1 1 1 1 ] xyz12=( 78.443857, 53.237722, 26.282996 )

d_19_15=2.529566704464 s=[ 0 0 0 1 1 0 1 0 0 0 1 1 1 + - 1 0 1 1 1 0 1 1 1 1 1 ] xyz12=( 78.443720, 53.237345, 26.283057 )

d_19_15=2.529766904665 s=[ 0 0 0 1 1 0 1 0 0 0 1 1 1 + - 1 0 1 1 1 0 1 1 1 1 1 ] xyz12=( 78.443584, 53.236968, 26.283118 )

d_19_15=2.529967104865 s=[ 0 0 0 1 1 0 1 0 0 0 1 1 1 + - 1 0 1 1 1 0 1 1 1 1 1 ] xyz12=( 78.443447, 53.236590, 26.283180 )

d_19_15=2.530167305065 s=[ 0 0 0 1 1 0 1 0 0 0 1 1 1 + - 1 0 1 1 1 0 1 1 1 1 1 ] xyz12=( 78.443311, 53.236213, 26.283241 )

d_19_15=2.530367505265 s=[ 0 0 0 1 1 0 1 0 0 0 1 1 1 + - 1 0 1 1 1 0 1 1 1 1 1 ] xyz12=( 78.443174, 53.235836, 26.283302 )

d_19_15=2.530567705465 s=[ 0 0 0 1 1 0 1 0 0 0 1 1 1 + - 1 0 1 1 1 0 1 1 1 1 1 ] xyz12=( 78.443038, 53.235459, 26.283364 )

d_19_15=2.530767905666 s=[ 0 0 0 1 1 0 1 0 0 0 1 1 1 + - 1 0 1 1 1 0 1 1 1 1 1 ] xyz12=( 78.442901, 53.235082, 26.283426 )

d_19_15=2.530968105866 s=[ 0 0 0 1 1 0 1 0 0 0 1 1 1 + - 1 0 1 1 1 0 1 1 1 1 1 ] xyz12=( 78.442765, 53.234705, 26.283487 )

d_19_15=2.531168306066 s=[ 0 0 0 1 1 0 1 0 0 0 1 1 1 + - 1 0 1 1 1 0 1 1 1 1 1 ] xyz12=( 78.442628, 53.234329, 26.283549 )

d_19_15=2.531368506266 s=[ 0 0 0 1 1 0 1 0 0 0 1 1 1 + - 1 0 1 1 1 0 1 1 1 1 1 ] xyz12=( 78.442492, 53.233952, 26.283611 )

d_19_15=2.531568706466 s=[ 0 0 0 1 1 0 1 0 0 0 1 1 1 + - 1 0 1 1 1 0 1 1 1 1 1 ] xyz12=( 78.442355, 53.233575, 26.283674 )

d_19_15=2.531768906667 s=[ 0 0 0 1 1 0 1 0 0 0 1 1 1 + - 1 0 1 1 1 0 1 1 1 1 1 ] xyz12=( 78.442219, 53.233199, 26.283736 )

d_19_15=2.531969106867 s=[ 0 0 0 1 1 0 1 0 0 0 1 1 1 + - 1 0 1 1 1 0 1 1 0 0 0 ] xyz12=( 78.442082, 53.232822, 26.283798 )

d_19_15=2.531969106867 s=[ 0 0 0 1 1 0 1 0 0 0 1 1 1 + - 1 0 1 1 1 0 1 1 1 1 1 ] xyz12=( 78.442082, 53.232822, 26.283798 )

d_19_15=2.532169307067 s=[ 0 0 0 1 1 0 1 0 0 0 1 1 1 + - 1 0 1 1 1 0 1 1 0 0 0 ] xyz12=( 78.441946, 53.232446, 26.283861 )

d_19_15=2.532169307067 s=[ 0 0 0 1 1 0 1 0 0 0 1 1 1 + - 1 0 1 1 1 0 1 1 1 1 1 ] xyz12=( 78.441946, 53.232446, 26.283861 )

d_19_15=2.532369507267 s=[ 0 0 0 1 1 0 1 0 0 0 1 1 1 + - 1 0 1 1 1 0 1 1 0 0 0 ] xyz12=( 78.441809, 53.232070, 26.283923 )

d_19_15=2.532369507267 s=[ 0 0 0 1 1 0 1 0 0 0 1 1 1 + - 1 0 1 1 1 0 1 1 1 1 1 ] xyz12=( 78.441809, 53.232070, 26.283923 )

d_19_15=2.532569707467 s=[ 0 0 0 1 1 0 1 0 0 0 1 1 1 + - 1 0 1 1 1 0 1 1 0 0 0 ] xyz12=( 78.441673, 53.231693, 26.283986 )

d_19_15=2.532569707467 s=[ 0 0 0 1 1 0 1 0 0 0 1 1 1 + - 1 0 1 1 1 0 1 1 1 1 1 ] xyz12=( 78.441673, 53.231693, 26.283986 )

d_19_15=2.532769907668 s=[ 0 0 0 1 1 0 1 0 0 0 1 1 1 + - 1 0 1 1 1 0 1 1 0 0 0 ] xyz12=( 78.441536, 53.231317, 26.284049 )

d_19_15=2.532769907668 s=[ 0 0 0 1 1 0 1 0 0 0 1 1 1 + - 1 0 1 1 1 0 1 1 1 1 1 ] xyz12=( 78.441536, 53.231317, 26.284049 )

d_19_15=2.532970107868 s=[ 0 0 0 1 1 0 1 0 0 0 1 1 1 + - 1 0 1 1 1 0 1 1 0 0 0 ] xyz12=( 78.441400, 53.230941, 26.284112 )

d_19_15=2.532970107868 s=[ 0 0 0 1 1 0 1 0 0 0 1 1 1 + - 1 0 1 1 1 0 1 1 1 1 1 ] xyz12=( 78.441400, 53.230941, 26.284112 )

d_19_15=2.533170308068 s=[ 0 0 0 1 1 0 1 0 0 0 1 1 1 + - 1 0 1 1 1 0 1 1 0 0 0 ] xyz12=( 78.441263, 53.230565, 26.284175 )

d_19_15=2.533170308068 s=[ 0 0 0 1 1 0 1 0 0 0 1 1 1 + - 1 0 1 1 1 0 1 1 1 1 1 ] xyz12=( 78.441263, 53.230565, 26.284175 )

d_19_15=2.533370508268 s=[ 0 0 0 1 1 0 1 0 0 0 1 1 1 + - 1 0 1 1 1 0 1 1 0 0 0 ] xyz12=( 78.441127, 53.230189, 26.284238 )

d_19_15=2.533370508268 s=[ 0 0 0 1 1 0 1 0 0 0 1 1 1 + - 1 0 1 1 1 0 1 1 1 1 1 ] xyz12=( 78.441127, 53.230189, 26.284238 )

d_19_15=2.533570708468 s=[ 0 0 0 1 1 0 1 0 0 0 1 1 1 + - 1 0 1 1 1 0 1 1 0 0 0 ] xyz12=( 78.440991, 53.229813, 26.284301 )

d_19_15=2.533570708468 s=[ 0 0 0 1 1 0 1 0 0 0 1 1 1 + - 1 0 1 1 1 0 1 1 1 1 1 ] xyz12=( 78.440991, 53.229813, 26.284301 )

d_19_15=2.533770908669 s=[ 0 0 0 1 1 0 1 0 0 0 1 1 1 + - 1 0 1 1 1 0 1 1 0 0 0 ] xyz12=( 78.440854, 53.229437, 26.284364 )

d_19_15=2.533770908669 s=[ 0 0 0 1 1 0 1 0 0 0 1 1 1 + - 1 0 1 1 1 0 1 1 1 1 1 ] xyz12=( 78.440854, 53.229437, 26.284364 )

d_19_15=2.533971108869 s=[ 0 0 0 1 1 0 1 0 0 0 1 1 1 + - 1 0 1 1 1 0 1 1 0 0 0 ] xyz12=( 78.440718, 53.229062, 26.284428 )

d_19_15=2.533971108869 s=[ 0 0 0 1 1 0 1 0 0 0 1 1 1 + - 1 0 1 1 1 0 1 1 1 1 1 ] xyz12=( 78.440718, 53.229062, 26.284428 )

d_19_15=2.534171309069 s=[ 0 0 0 1 1 0 1 0 0 0 1 1 1 + - 1 0 1 1 1 0 1 1 0 0 0 ] xyz12=( 78.440581, 53.228686, 26.284491 )

d_19_15=2.534171309069 s=[ 0 0 0 1 1 0 1 0 0 0 1 1 1 + - 1 0 1 1 1 0 1 1 1 1 1 ] xyz12=( 78.440581, 53.228686, 26.284491 )

d_19_15=2.534371509269 s=[ 0 0 0 1 1 0 1 0 0 0 1 1 1 + - 1 0 1 1 1 0 1 1 0 0 0 ] xyz12=( 78.440445, 53.228311, 26.284555 )

d_19_15=2.534371509269 s=[ 0 0 0 1 1 0 1 0 0 0 1 1 1 + - 1 0 1 1 1 0 1 1 1 1 1 ] xyz12=( 78.440445, 53.228311, 26.284555 )

d_19_15=2.534571709469 s=[ 0 0 0 1 1 0 1 0 0 0 1 1 1 + - 1 0 1 1 1 0 1 1 0 0 0 ] xyz12=( 78.440308, 53.227935, 26.284619 )

d_19_15=2.534571709469 s=[ 0 0 0 1 1 0 1 0 0 0 1 1 1 + - 1 0 1 1 1 0 1 1 1 1 1 ] xyz12=( 78.440308, 53.227935, 26.284619 )

d_19_15=2.534771909670 s=[ 0 0 0 1 1 0 1 0 0 0 1 1 1 + - 1 0 1 1 1 0 1 1 0 0 0 ] xyz12=( 78.440172, 53.227560, 26.284683 )

d_19_15=2.534771909670 s=[ 0 0 0 1 1 0 1 0 0 0 1 1 1 + - 1 0 1 1 1 0 1 1 1 1 1 ] xyz12=( 78.440172, 53.227560, 26.284683 )

d_19_15=2.534972109870 s=[ 0 0 0 1 1 0 1 0 0 0 1 1 1 + - 1 0 1 1 1 0 1 1 0 0 0 ] xyz12=( 78.440036, 53.227184, 26.284747 )

d_19_15=2.534972109870 s=[ 0 0 0 1 1 0 1 0 0 0 1 1 1 + - 1 0 1 1 1 0 1 1 1 1 1 ] xyz12=( 78.440036, 53.227184, 26.284747 )

d_19_15=2.535172310070 s=[ 0 0 0 1 1 0 1 0 0 0 1 1 1 + - 1 0 1 1 1 0 1 1 0 0 0 ] xyz12=( 78.439899, 53.226809, 26.284811 )

d_19_15=2.535172310070 s=[ 0 0 0 1 1 0 1 0 0 0 1 1 1 + - 1 0 1 1 1 0 1 1 1 1 1 ] xyz12=( 78.439899, 53.226809, 26.284811 )

d_19_15=2.535372510270 s=[ 0 0 0 1 1 0 1 0 0 0 1 1 1 + - 1 0 1 1 1 0 1 1 0 0 0 ] xyz12=( 78.439763, 53.226434, 26.284875 )

d_19_15=2.535372510270 s=[ 0 0 0 1 1 0 1 0 0 0 1 1 1 + - 1 0 1 1 1 0 1 1 1 1 1 ] xyz12=( 78.439763, 53.226434, 26.284875 )

d_19_15=2.535572710470 s=[ 0 0 0 1 1 0 1 0 0 0 1 1 1 + - 1 0 1 1 1 0 1 1 0 0 0 ] xyz12=( 78.439626, 53.226059, 26.284939 )

d_19_15=2.535572710470 s=[ 0 0 0 1 1 0 1 0 0 0 1 1 1 + - 1 0 1 1 1 0 1 1 1 1 1 ] xyz12=( 78.439626, 53.226059, 26.284939 )

d_19_15=2.535772910671 s=[ 0 0 0 1 1 0 1 0 0 0 1 1 1 + - 1 0 1 1 1 0 1 1 0 0 0 ] xyz12=( 78.439490, 53.225684, 26.285004 )

d_19_15=2.535772910671 s=[ 0 0 0 1 1 0 1 0 0 0 1 1 1 + - 1 0 1 1 1 0 1 1 1 1 1 ] xyz12=( 78.439490, 53.225684, 26.285004 )

d_19_15=2.535973110871 s=[ 0 0 0 1 1 0 1 0 0 0 1 1 1 + - 1 0 1 1 1 0 1 1 0 0 0 ] xyz12=( 78.439354, 53.225309, 26.285068 )

d_19_15=2.535973110871 s=[ 0 0 0 1 1 0 1 0 0 0 1 1 1 + - 1 0 1 1 1 0 1 1 1 1 1 ] xyz12=( 78.439354, 53.225309, 26.285068 )

d_19_15=2.536173311071 s=[ 0 0 0 1 1 0 1 0 0 0 1 1 1 + - 1 0 1 1 1 0 1 1 0 0 0 ] xyz12=( 78.439217, 53.224934, 26.285133 )

d_19_15=2.536173311071 s=[ 0 0 0 1 1 0 1 0 0 0 1 1 1 + - 1 0 1 1 1 0 1 1 1 1 1 ] xyz12=( 78.439217, 53.224934, 26.285133 )

d_19_15=2.536373511271 s=[ 0 0 0 1 1 0 1 0 0 0 1 1 1 + - 1 0 1 1 1 0 1 1 0 0 0 ] xyz12=( 78.439081, 53.224559, 26.285198 )

d_19_15=2.536373511271 s=[ 0 0 0 1 1 0 1 0 0 0 1 1 1 + - 1 0 1 1 1 0 1 1 1 1 1 ] xyz12=( 78.439081, 53.224559, 26.285198 )

d_19_15=2.536573711471 s=[ 0 0 0 1 1 0 1 0 0 0 1 1 1 + - 1 0 1 1 1 0 1 1 0 0 0 ] xyz12=( 78.438944, 53.224184, 26.285262 )

d_19_15=2.536573711471 s=[ 0 0 0 1 1 0 1 0 0 0 1 1 1 + - 1 0 1 1 1 0 1 1 1 1 1 ] xyz12=( 78.438944, 53.224184, 26.285262 )

d_19_15=2.536773911672 s=[ 0 0 0 1 1 0 1 0 0 0 1 1 1 + - 1 0 1 1 1 0 1 1 0 0 0 ] xyz12=( 78.438808, 53.223809, 26.285327 )

d_19_15=2.536773911672 s=[ 0 0 0 1 1 0 1 0 0 0 1 1 1 + - 1 0 1 1 1 0 1 1 1 1 1 ] xyz12=( 78.438808, 53.223809, 26.285327 )

d_19_15=2.536974111872 s=[ 0 0 0 1 1 0 1 0 0 0 1 1 1 + - 1 0 1 1 1 0 1 1 0 0 0 ] xyz12=( 78.438672, 53.223435, 26.285393 )

d_19_15=2.536974111872 s=[ 0 0 0 1 1 0 1 0 0 0 1 1 1 + - 1 0 1 1 1 0 1 1 1 1 1 ] xyz12=( 78.438672, 53.223435, 26.285393 )

d_19_15=2.537174312072 s=[ 0 0 0 1 1 0 1 0 0 0 1 1 1 + - 1 0 1 1 1 0 1 1 0 0 0 ] xyz12=( 78.438535, 53.223060, 26.285458 )

d_19_15=2.537174312072 s=[ 0 0 0 1 1 0 1 0 0 0 1 1 1 + - 1 0 1 1 1 0 1 1 1 1 1 ] xyz12=( 78.438535, 53.223060, 26.285458 )

d_19_15=2.537374512272 s=[ 0 0 0 1 1 0 1 0 0 0 1 1 1 + - 1 0 1 1 1 0 1 1 0 0 0 ] xyz12=( 78.438399, 53.222686, 26.285523 )

d_19_15=2.537374512272 s=[ 0 0 0 1 1 0 1 0 0 0 1 1 1 + - 1 0 1 1 1 0 1 1 1 1 1 ] xyz12=( 78.438399, 53.222686, 26.285523 )

d_19_15=2.537574712472 s=[ 0 0 0 1 1 0 1 0 0 0 1 1 1 + - 1 0 1 1 1 0 1 1 0 0 0 ] xyz12=( 78.438263, 53.222311, 26.285588 )

d_19_15=2.537574712472 s=[ 0 0 0 1 1 0 1 0 0 0 1 1 1 + - 1 0 1 1 1 0 1 1 1 1 1 ] xyz12=( 78.438263, 53.222311, 26.285588 )

d_19_15=2.537774912673 s=[ 0 0 0 1 1 0 1 0 0 0 1 1 1 + - 1 0 1 1 1 0 1 1 0 0 0 ] xyz12=( 78.438126, 53.221937, 26.285654 )

d_19_15=2.537774912673 s=[ 0 0 0 1 1 0 1 0 0 0 1 1 1 + - 1 0 1 1 1 0 1 1 1 1 1 ] xyz12=( 78.438126, 53.221937, 26.285654 )

d_19_15=2.537975112873 s=[ 0 0 0 1 1 0 1 0 0 0 1 1 1 + - 1 0 1 1 1 0 1 1 0 0 0 ] xyz12=( 78.437990, 53.221563, 26.285719 )

d_19_15=2.537975112873 s=[ 0 0 0 1 1 0 1 0 0 0 1 1 1 + - 1 0 1 1 1 0 1 1 1 1 1 ] xyz12=( 78.437990, 53.221563, 26.285719 )

d_19_15=2.538175313073 s=[ 0 0 0 1 1 0 1 0 0 0 1 1 1 + - 1 0 1 1 1 0 1 1 0 0 0 ] xyz12=( 78.437854, 53.221189, 26.285785 )

d_19_15=2.538175313073 s=[ 0 0 0 1 1 0 1 0 0 0 1 1 1 + - 1 0 1 1 1 0 1 1 1 1 1 ] xyz12=( 78.437854, 53.221189, 26.285785 )

d_19_15=2.538375513273 s=[ 0 0 0 1 1 0 1 0 0 0 1 1 1 + - 1 0 1 1 1 0 1 1 0 0 0 ] xyz12=( 78.437717, 53.220815, 26.285851 )

d_19_15=2.538375513273 s=[ 0 0 0 1 1 0 1 0 0 0 1 1 1 + - 1 0 1 1 1 0 1 1 1 1 1 ] xyz12=( 78.437717, 53.220815, 26.285851 )

d_19_15=2.538575713473 s=[ 0 0 0 1 1 0 1 0 0 0 1 1 1 + - 1 0 1 1 1 0 1 1 0 0 0 ] xyz12=( 78.437581, 53.220441, 26.285917 )

d_19_15=2.538575713473 s=[ 0 0 0 1 1 0 1 0 0 0 1 1 1 + - 1 0 1 1 1 0 1 1 1 1 1 ] xyz12=( 78.437581, 53.220441, 26.285917 )

d_19_15=2.538775913674 s=[ 0 0 0 1 1 0 1 0 0 0 1 1 1 + - 1 0 1 1 1 0 1 1 0 0 0 ] xyz12=( 78.437445, 53.220067, 26.285983 )

d_19_15=2.538775913674 s=[ 0 0 0 1 1 0 1 0 0 0 1 1 1 + - 1 0 1 1 1 0 1 1 1 1 1 ] xyz12=( 78.437445, 53.220067, 26.285983 )

d_19_15=2.538976113874 s=[ 0 0 0 1 1 0 1 0 0 0 1 1 1 + - 1 0 1 1 1 0 1 1 0 0 0 ] xyz12=( 78.437308, 53.219693, 26.286049 )

d_19_15=2.538976113874 s=[ 0 0 0 1 1 0 1 0 0 0 1 1 1 + - 1 0 1 1 1 0 1 1 1 1 1 ] xyz12=( 78.437308, 53.219693, 26.286049 )

d_19_15=2.539176314074 s=[ 0 0 0 1 1 0 1 0 0 0 1 1 1 + - 1 0 1 1 1 0 1 1 0 0 0 ] xyz12=( 78.437172, 53.219319, 26.286115 )

d_19_15=2.539176314074 s=[ 0 0 0 1 1 0 1 0 0 0 1 1 1 + - 1 0 1 1 1 0 1 1 1 1 1 ] xyz12=( 78.437172, 53.219319, 26.286115 )

d_19_15=2.539376514274 s=[ 0 0 0 1 1 0 1 0 0 0 1 1 1 + - 1 0 1 1 1 0 1 1 0 0 0 ] xyz12=( 78.437036, 53.218945, 26.286182 )

d_19_15=2.539376514274 s=[ 0 0 0 1 1 0 1 0 0 0 1 1 1 + - 1 0 1 1 1 0 1 1 1 1 1 ] xyz12=( 78.437036, 53.218945, 26.286182 )

d_19_15=2.539576714474 s=[ 0 0 0 1 1 0 1 0 0 0 1 1 1 + - 1 0 1 1 1 0 1 1 0 0 0 ] xyz12=( 78.436899, 53.218572, 26.286248 )

d_19_15=2.539576714474 s=[ 0 0 0 1 1 0 1 0 0 0 1 1 1 + - 1 0 1 1 1 0 1 1 1 1 1 ] xyz12=( 78.436899, 53.218572, 26.286248 )

d_19_15=2.539776914675 s=[ 0 0 0 1 1 0 1 0 0 0 1 1 1 + - 1 0 1 1 1 0 1 1 0 0 0 ] xyz12=( 78.436763, 53.218198, 26.286315 )

d_19_15=2.539776914675 s=[ 0 0 0 1 1 0 1 0 0 0 1 1 1 + - 1 0 1 1 1 0 1 1 1 1 1 ] xyz12=( 78.436763, 53.218198, 26.286315 )

d_19_15=2.539977114875 s=[ 0 0 0 1 1 0 1 0 0 0 1 1 1 + - 1 0 1 1 1 0 1 1 0 0 0 ] xyz12=( 78.436627, 53.217824, 26.286382 )

d_19_15=2.539977114875 s=[ 0 0 0 1 1 0 1 0 0 0 1 1 1 + - 1 0 1 1 1 0 1 1 1 1 1 ] xyz12=( 78.436627, 53.217824, 26.286382 )

d_19_15=2.540177315075 s=[ 0 0 0 1 1 0 1 0 0 0 1 1 1 + - 1 0 1 1 1 0 1 1 0 0 0 ] xyz12=( 78.436490, 53.217451, 26.286448 )

d_19_15=2.540177315075 s=[ 0 0 0 1 1 0 1 0 0 0 1 1 1 + - 1 0 1 1 1 0 1 1 1 1 1 ] xyz12=( 78.436490, 53.217451, 26.286448 )

d_19_15=2.540377515275 s=[ 0 0 0 1 1 0 1 0 0 0 1 1 1 + - 1 0 1 1 1 0 1 1 0 0 0 ] xyz12=( 78.436354, 53.217078, 26.286515 )

d_19_15=2.540377515275 s=[ 0 0 0 1 1 0 1 0 0 0 1 1 1 + - 1 0 1 1 1 0 1 1 1 1 1 ] xyz12=( 78.436354, 53.217078, 26.286515 )

d_19_15=2.540577715475 s=[ 0 0 0 1 1 0 1 0 0 0 1 1 1 + - 1 0 1 1 1 0 1 1 0 0 0 ] xyz12=( 78.436218, 53.216704, 26.286582 )

d_19_15=2.540577715475 s=[ 0 0 0 1 1 0 1 0 0 0 1 1 1 + - 1 0 1 1 1 0 1 1 1 1 1 ] xyz12=( 78.436218, 53.216704, 26.286582 )

d_19_15=2.540777915676 s=[ 0 0 0 1 1 0 1 0 0 0 1 1 1 + - 1 0 1 1 1 0 1 1 0 0 0 ] xyz12=( 78.436082, 53.216331, 26.286649 )

d_19_15=2.540777915676 s=[ 0 0 0 1 1 0 1 0 0 0 1 1 1 + - 1 0 1 1 1 0 1 1 1 1 1 ] xyz12=( 78.436082, 53.216331, 26.286649 )

d_19_15=2.540978115876 s=[ 0 0 0 1 1 0 1 0 0 0 1 1 1 + - 1 0 1 1 1 0 1 1 0 0 0 ] xyz12=( 78.435945, 53.215958, 26.286717 )

d_19_15=2.540978115876 s=[ 0 0 0 1 1 0 1 0 0 0 1 1 1 + - 1 0 1 1 1 0 1 1 1 1 1 ] xyz12=( 78.435945, 53.215958, 26.286717 )

d_19_15=2.541178316076 s=[ 0 0 0 1 1 0 1 0 0 0 1 1 1 + - 1 0 1 1 1 0 1 1 0 0 0 ] xyz12=( 78.435809, 53.215585, 26.286784 )

d_19_15=2.541178316076 s=[ 0 0 0 1 1 0 1 0 0 0 1 1 1 + - 1 0 1 1 1 0 1 1 1 1 1 ] xyz12=( 78.435809, 53.215585, 26.286784 )

d_19_15=2.541378516276 s=[ 0 0 0 1 1 0 1 0 0 0 1 1 1 + - 1 0 1 1 1 0 1 1 0 0 0 ] xyz12=( 78.435673, 53.215212, 26.286851 )

d_19_15=2.541578716476 s=[ 0 0 0 1 1 0 1 0 0 0 1 1 1 + - 1 0 1 1 1 0 1 1 0 0 0 ] xyz12=( 78.435536, 53.214839, 26.286919 )

d_19_15=2.541778916677 s=[ 0 0 0 1 1 0 1 0 0 0 1 1 1 + - 1 0 1 1 1 0 1 1 0 0 0 ] xyz12=( 78.435400, 53.214466, 26.286987 )

d_19_15=2.541979116877 s=[ 0 0 0 1 1 0 1 0 0 0 1 1 1 + - 1 0 1 1 1 0 1 1 0 0 0 ] xyz12=( 78.435264, 53.214093, 26.287054 )

d_19_15=2.542179317077 s=[ 0 0 0 1 1 0 1 0 0 0 1 1 1 + - 1 0 1 1 1 0 1 1 0 0 0 ] xyz12=( 78.435128, 53.213721, 26.287122 )

d_19_15=2.542379517277 s=[ 0 0 0 1 1 0 1 0 0 0 1 1 1 + - 1 0 1 1 1 0 1 1 0 0 0 ] xyz12=( 78.434991, 53.213348, 26.287190 )

d_19_15=2.542579717477 s=[ 0 0 0 1 1 0 1 0 0 0 1 1 1 + - 1 0 1 1 1 0 1 1 0 0 0 ] xyz12=( 78.434855, 53.212975, 26.287258 )

d_19_15=2.542779917678 s=[ 0 0 0 1 1 0 1 0 0 0 1 1 1 + - 1 0 1 1 1 0 1 1 0 0 0 ] xyz12=( 78.434719, 53.212603, 26.287326 )

d_19_15=2.542980117878 s=[ 0 0 0 1 1 0 1 0 0 0 1 1 1 + - 1 0 1 1 1 0 1 1 0 0 0 ] xyz12=( 78.434583, 53.212231, 26.287395 )

d_19_15=2.543180318078 s=[ 0 0 0 1 1 0 1 0 0 0 1 1 1 + - 1 0 1 1 1 0 1 1 0 0 0 ] xyz12=( 78.434446, 53.211858, 26.287463 )

d_19_15=2.543380518278 s=[ 0 0 0 1 1 0 1 0 0 0 1 1 1 + - 1 0 1 1 1 0 1 1 0 0 0 ] xyz12=( 78.434310, 53.211486, 26.287532 )

d_19_15=2.543580718478 s=[ 0 0 0 1 1 0 1 0 0 0 1 1 1 + - 1 0 1 1 1 0 1 1 0 0 0 ] xyz12=( 78.434174, 53.211114, 26.287600 )

d_19_15=2.543780918679 s=[ 0 0 0 1 1 0 1 0 0 0 1 1 1 + - 1 0 1 1 1 0 1 1 0 0 0 ] xyz12=( 78.434038, 53.210742, 26.287669 )

d_19_15=2.543981118879 s=[ 0 0 0 1 1 0 1 0 0 0 1 1 1 + - 1 0 1 1 1 0 1 1 0 0 0 ] xyz12=( 78.433901, 53.210370, 26.287738 )

d_19_15=2.544181319079 s=[ 0 0 0 1 1 0 1 0 0 0 1 1 1 + - 1 0 1 1 1 0 1 1 0 0 0 ] xyz12=( 78.433765, 53.209998, 26.287807 )

d_19_15=2.544381519279 s=[ 0 0 0 1 1 0 1 0 0 0 1 1 1 + - 1 0 1 1 1 0 1 1 0 0 0 ] xyz12=( 78.433629, 53.209626, 26.287876 )

d_19_15=2.544581719479 s=[ 0 0 0 1 1 0 1 0 0 0 1 1 1 + - 1 0 1 1 1 0 1 1 0 0 0 ] xyz12=( 78.433493, 53.209254, 26.287945 )

d_19_15=2.544781919680 s=[ 0 0 0 1 1 0 1 0 0 0 1 1 1 + - 1 0 1 1 1 0 1 1 0 0 0 ] xyz12=( 78.433357, 53.208882, 26.288014 )

d_19_15=2.544982119880 s=[ 0 0 0 1 1 0 1 0 0 0 1 1 1 + - 1 0 1 1 1 0 1 1 0 0 0 ] xyz12=( 78.433220, 53.208510, 26.288083 )

d_19_15=2.545182320080 s=[ 0 0 0 1 1 0 1 0 0 0 1 1 1 + - 1 0 1 1 1 0 1 1 0 0 0 ] xyz12=( 78.433084, 53.208139, 26.288153 )

d_19_15=2.545382520280 s=[ 0 0 0 1 1 0 1 0 0 0 1 1 1 + - 1 0 1 1 1 0 1 1 0 0 0 ] xyz12=( 78.432948, 53.207767, 26.288222 )

d_19_15=2.545582720480 s=[ 0 0 0 1 1 0 1 0 0 0 1 1 1 + - 1 0 1 1 1 0 1 1 0 0 0 ] xyz12=( 78.432812, 53.207396, 26.288292 )

d_19_15=2.545782920681 s=[ 0 0 0 1 1 0 1 0 0 0 1 1 1 + - 1 0 1 1 1 0 1 1 0 0 0 ] xyz12=( 78.432676, 53.207024, 26.288362 )

d_19_15=2.545983120881 s=[ 0 0 0 1 1 0 1 0 0 0 1 1 1 + - 1 0 1 1 1 0 1 1 0 0 0 ] xyz12=( 78.432539, 53.206653, 26.288432 )

d_19_15=2.546183321081 s=[ 0 0 0 1 1 0 1 0 0 0 1 1 1 + - 1 0 1 1 1 0 1 1 0 0 0 ] xyz12=( 78.432403, 53.206282, 26.288502 )

d_19_15=2.546383521281 s=[ 0 0 0 1 1 0 1 0 0 0 1 1 1 + - 1 0 1 1 1 0 1 1 0 0 0 ] xyz12=( 78.432267, 53.205911, 26.288572 )

d_19_15=2.546583721481 s=[ 0 0 0 1 1 0 1 0 0 0 1 1 1 + - 1 0 1 1 1 0 1 1 0 0 0 ] xyz12=( 78.432131, 53.205539, 26.288642 )

d_19_15=2.546783921682 s=[ 0 0 0 1 1 0 1 0 0 0 1 1 1 + - 1 0 1 1 1 0 1 1 0 0 0 ] xyz12=( 78.431995, 53.205168, 26.288712 )

d_19_15=2.546984121882 s=[ 0 0 0 1 1 0 1 0 0 0 1 1 1 + - 1 0 1 1 1 0 1 1 0 0 0 ] xyz12=( 78.431858, 53.204797, 26.288783 )

d_19_15=2.547184322082 s=[ 0 0 0 1 1 0 1 0 0 0 1 1 1 + - 1 0 1 1 1 0 1 1 0 0 0 ] xyz12=( 78.431722, 53.204427, 26.288853 )

d_19_15=2.547384522282 s=[ 0 0 0 1 1 0 1 0 0 0 1 1 1 + - 1 0 1 1 1 0 1 1 0 0 0 ] xyz12=( 78.431586, 53.204056, 26.288924 )

d_19_15=2.547584722482 s=[ 0 0 0 1 1 0 1 0 0 0 1 1 1 + - 1 0 1 1 1 0 1 1 0 0 0 ] xyz12=( 78.431450, 53.203685, 26.288995 )

d_19_15=2.547784922683 s=[ 0 0 0 1 1 0 1 0 0 0 1 1 1 + - 1 0 1 1 1 0 1 1 0 0 0 ] xyz12=( 78.431314, 53.203314, 26.289066 )

d_19_15=2.547985122883 s=[ 0 0 0 1 1 0 1 0 0 0 1 1 1 + - 1 0 1 1 1 0 1 1 0 0 0 ] xyz12=( 78.431178, 53.202944, 26.289137 )

d_19_15=2.548185323083 s=[ 0 0 0 1 1 0 1 0 0 0 1 1 1 + - 1 0 1 1 1 0 1 1 0 0 0 ] xyz12=( 78.431041, 53.202573, 26.289208 )

d_19_15=2.548385523283 s=[ 0 0 0 1 1 0 1 0 0 0 1 1 1 + - 1 0 1 1 1 0 1 1 0 0 0 ] xyz12=( 78.430905, 53.202203, 26.289279 )

d_19_15=2.548585723483 s=[ 0 0 0 1 1 0 1 0 0 0 1 1 1 + - 1 0 1 1 1 0 1 1 0 0 0 ] xyz12=( 78.430769, 53.201832, 26.289350 )

d_19_15=2.548785923684 s=[ 0 0 0 1 1 0 1 0 0 0 1 1 1 + - 1 0 1 1 1 0 1 1 0 0 0 ] xyz12=( 78.430633, 53.201462, 26.289421 )

d_19_15=2.548986123884 s=[ 0 0 0 1 1 0 1 0 0 0 1 1 1 + - 1 0 1 1 1 0 1 1 0 0 0 ] xyz12=( 78.430497, 53.201092, 26.289493 )

d_19_15=2.549186324084 s=[ 0 0 0 1 1 0 1 0 0 0 1 1 1 + - 1 0 1 1 1 0 1 1 0 0 0 ] xyz12=( 78.430361, 53.200721, 26.289564 )

d_19_15=2.549386524284 s=[ 0 0 0 1 1 0 1 0 0 0 1 1 1 + - 1 0 1 1 1 0 1 1 0 0 0 ] xyz12=( 78.430225, 53.200351, 26.289636 )

d_19_15=2.549586724484 s=[ 0 0 0 1 1 0 1 0 0 0 1 1 1 + - 1 0 1 1 1 0 1 1 0 0 0 ] xyz12=( 78.430089, 53.199981, 26.289708 )

d_19_15=2.549786924685 s=[ 0 0 0 1 1 0 1 0 0 0 1 1 1 + - 1 0 1 1 1 0 1 1 0 0 0 ] xyz12=( 78.429952, 53.199611, 26.289780 )

d_19_15=2.549987124885 s=[ 0 0 0 1 1 0 1 0 0 0 1 1 1 + - 1 0 1 1 1 0 1 1 0 0 0 ] xyz12=( 78.429816, 53.199241, 26.289852 )

d_19_15=2.550187325085 s=[ 0 0 0 1 1 0 1 0 0 0 1 1 1 + - 1 0 1 1 1 0 1 1 0 0 0 ] xyz12=( 78.429680, 53.198872, 26.289924 )

d_19_15=2.550387525285 s=[ 0 0 0 1 1 0 1 0 0 0 1 1 1 + - 1 0 1 1 1 0 1 1 0 0 0 ] xyz12=( 78.429544, 53.198502, 26.289996 )

d_19_15=2.550587725485 s=[ 0 0 0 1 1 0 1 0 0 0 1 1 1 + - 1 0 1 1 1 0 1 1 0 0 0 ] xyz12=( 78.429408, 53.198132, 26.290069 )

d_19_15=2.550787925686 s=[ 0 0 0 1 1 0 1 0 0 0 1 1 1 + - 1 0 1 1 1 0 1 1 0 0 0 ] xyz12=( 78.429272, 53.197762, 26.290141 )

d_19_15=2.550988125886 s=[ 0 0 0 1 1 0 1 0 0 0 1 1 1 + - 1 0 1 1 1 0 1 1 0 0 0 ] xyz12=( 78.429136, 53.197393, 26.290213 )

d_19_15=2.551188326086 s=[ 0 0 0 1 1 0 1 0 0 0 1 1 1 + - 1 0 1 1 1 0 1 1 0 0 0 ] xyz12=( 78.429000, 53.197023, 26.290286 )

d_19_15=2.551388526286 s=[ 0 0 0 1 1 0 1 0 0 0 1 1 1 + - 1 0 1 1 1 0 1 1 0 0 0 ] xyz12=( 78.428864, 53.196654, 26.290359 )

d_19_15=2.551588726486 s=[ 0 0 0 1 1 0 1 0 0 0 1 1 1 + - 1 0 1 1 1 0 1 1 0 0 0 ] xyz12=( 78.428728, 53.196285, 26.290432 )

d_19_15=2.551788926687 s=[ 0 0 0 1 1 0 1 0 0 0 1 1 1 + - 1 0 1 1 1 0 1 1 0 0 0 ] xyz12=( 78.428591, 53.195915, 26.290505 )

d_19_15=2.551989126887 s=[ 0 0 0 1 1 0 1 0 0 0 1 1 1 + - 1 0 1 1 1 0 1 1 0 0 0 ] xyz12=( 78.428455, 53.195546, 26.290578 )

d_19_15=2.552189327087 s=[ 0 0 0 1 1 0 1 0 0 0 1 1 1 + - 1 0 1 1 1 0 1 1 0 0 0 ] xyz12=( 78.428319, 53.195177, 26.290651 )

d_19_15=2.552389527287 s=[ 0 0 0 1 1 0 1 0 0 0 1 1 1 + - 1 0 1 1 1 0 1 1 0 0 0 ] xyz12=( 78.428183, 53.194808, 26.290724 )

d_19_15=2.552589727487 s=[ 0 0 0 1 1 0 1 0 0 0 1 1 1 + - 1 0 1 1 1 0 1 1 0 0 0 ] xyz12=( 78.428047, 53.194439, 26.290798 )

d_19_15=2.552789927688 s=[ 0 0 0 1 1 0 1 0 0 0 1 1 1 + - 1 0 1 1 1 0 1 1 0 0 0 ] xyz12=( 78.427911, 53.194070, 26.290871 )

