d_19_15=2.136328650060 eijMax=9.936E-03 rmsd=4.728E+00 s=[ 0 0 0 0 1 0 1 1 1 1 1 1 1 0 0 1 1 1 1 1 0 0 0 0 0 0 ]
d_19_15=2.136528850260 eijMax=7.643E-03 rmsd=4.728E+00 s=[ 0 0 0 0 1 0 1 1 1 1 1 1 1 0 0 1 1 1 1 1 0 0 0 0 0 0 ]
d_19_15=2.136729050460 eijMax=5.496E-03 rmsd=4.728E+00 s=[ 0 0 0 0 1 0 1 1 1 1 1 1 1 0 0 1 1 1 1 1 0 0 0 0 0 0 ]
d_19_15=2.136929250661 eijMax=3.469E-03 rmsd=4.729E+00 s=[ 0 0 0 0 1 0 1 1 1 1 1 1 1 0 0 1 1 1 1 1 0 0 0 0 0 0 ]
d_19_15=2.137129450861 eijMax=1.545E-03 rmsd=4.729E+00 s=[ 0 0 0 0 1 0 1 1 1 1 1 1 1 0 0 1 1 1 1 1 0 0 0 0 0 0 ]
d_19_15=2.137329651061 eijMax=2.908E-04 rmsd=4.729E+00 s=[ 0 0 0 0 1 0 1 1 1 1 1 1 1 0 0 1 1 1 1 1 0 0 0 0 0 0 ]
d_19_15=2.137529851261 eijMax=2.049E-03 rmsd=4.729E+00 s=[ 0 0 0 0 1 0 1 1 1 1 1 1 1 0 0 1 1 1 1 1 0 0 0 0 0 0 ]
d_19_15=2.137730051461 eijMax=3.739E-03 rmsd=4.729E+00 s=[ 0 0 0 0 1 0 1 1 1 1 1 1 1 0 0 1 1 1 1 1 0 0 0 0 0 0 ]
d_19_15=2.137930251662 eijMax=5.367E-03 rmsd=4.729E+00 s=[ 0 0 0 0 1 0 1 1 1 1 1 1 1 0 0 1 1 1 1 1 0 0 0 0 0 0 ]
d_19_15=2.138130451862 eijMax=6.940E-03 rmsd=4.730E+00 s=[ 0 0 0 0 1 0 1 1 1 1 1 1 1 0 0 1 1 1 1 1 0 0 0 0 0 0 ]
d_19_15=2.138330652062 eijMax=8.463E-03 rmsd=4.730E+00 s=[ 0 0 0 0 1 0 1 1 1 1 1 1 1 0 0 1 1 1 1 1 0 0 0 0 0 0 ]
d_19_15=2.138530852262 eijMax=9.941E-03 rmsd=4.730E+00 s=[ 0 0 0 0 1 0 1 1 1 1 1 1 1 0 0 1 1 1 1 1 0 0 0 0 0 0 ]
d_19_15=2.152745066476 eijMax=9.758E-03 rmsd=5.301E+00 s=[ 0 0 0 0 1 0 1 1 1 1 1 1 1 0 1 1 0 0 0 0 1 1 1 1 1 1 ]
d_19_15=2.152945266677 eijMax=3.730E-03 rmsd=5.306E+00 s=[ 0 0 0 0 1 0 1 1 1 1 1 1 1 0 1 1 0 0 0 0 1 1 1 1 1 1 ]
d_19_15=2.153145466877 eijMax=2.285E-03 rmsd=5.311E+00 s=[ 0 0 0 0 1 0 1 1 1 1 1 1 1 0 1 1 0 0 0 0 1 1 1 1 1 1 ]
d_19_15=2.153145466877 eijMax=5.719E-03 rmsd=2.319E-02 s=[ 0 0 0 0 1 0 1 1 1 1 1 1 1 0 1 1 1 1 1 1 0 0 0 0 0 0 ]
d_19_15=2.153345667077 eijMax=8.294E-03 rmsd=5.316E+00 s=[ 0 0 0 0 1 0 1 1 1 1 1 1 1 0 1 1 0 0 0 0 1 1 1 1 1 1 ]
d_19_15=2.153345667077 eijMax=1.542E-05 rmsd=9.626E-04 s=[ 0 0 0 0 1 0 1 1 1 1 1 1 1 0 1 1 1 1 1 1 0 0 0 0 0 0 ]
d_19_15=2.153545867277 eijMax=5.759E-03 rmsd=2.361E-02 s=[ 0 0 0 0 1 0 1 1 1 1 1 1 1 0 1 1 1 1 1 1 0 0 0 0 0 0 ]
d_19_15=2.156749070480 eijMax=7.638E-03 rmsd=5.800E+00 s=[ 0 0 0 0 1 0 1 1 1 1 1 1 1 0 1 1 0 0 0 0 1 1 1 0 0 0 ]
d_19_15=2.156949270681 eijMax=6.225E-04 rmsd=5.799E+00 s=[ 0 0 0 0 1 0 1 1 1 1 1 1 1 0 1 1 0 0 0 0 1 1 1 0 0 0 ]
d_19_15=2.157149470881 eijMax=6.573E-03 rmsd=5.797E+00 s=[ 0 0 0 0 1 0 1 1 1 1 1 1 1 0 1 1 0 0 0 0 1 1 1 0 0 0 ]
d_19_15=2.157149470881 eijMax=4.783E-03 rmsd=3.234E+00 s=[ 0 0 0 0 1 0 1 1 1 1 1 1 1 0 1 1 1 1 1 1 0 0 0 1 1 1 ]
d_19_15=2.157349671081 eijMax=2.604E-03 rmsd=3.257E+00 s=[ 0 0 0 0 1 0 1 1 1 1 1 1 1 0 1 1 1 1 1 1 0 0 0 1 1 1 ]
d_19_15=2.173365687097 eijMax=9.996E-03 rmsd=5.276E+00 s=[ 0 0 0 0 1 0 1 1 1 1 1 1 1 0 0 1 1 1 1 1 0 0 0 1 1 1 ]
d_19_15=2.173565887297 eijMax=9.690E-03 rmsd=5.277E+00 s=[ 0 0 0 0 1 0 1 1 1 1 1 1 1 0 0 1 1 1 1 1 0 0 0 1 1 1 ]
d_19_15=2.173766087498 eijMax=9.385E-03 rmsd=5.277E+00 s=[ 0 0 0 0 1 0 1 1 1 1 1 1 1 0 0 1 1 1 1 1 0 0 0 1 1 1 ]
d_19_15=2.173966287698 eijMax=9.082E-03 rmsd=5.278E+00 s=[ 0 0 0 0 1 0 1 1 1 1 1 1 1 0 0 1 1 1 1 1 0 0 0 1 1 1 ]
d_19_15=2.174166487898 eijMax=8.780E-03 rmsd=5.279E+00 s=[ 0 0 0 0 1 0 1 1 1 1 1 1 1 0 0 1 1 1 1 1 0 0 0 1 1 1 ]
d_19_15=2.174366688098 eijMax=8.479E-03 rmsd=5.280E+00 s=[ 0 0 0 0 1 0 1 1 1 1 1 1 1 0 0 1 1 1 1 1 0 0 0 1 1 1 ]
d_19_15=2.174566888298 eijMax=8.179E-03 rmsd=5.281E+00 s=[ 0 0 0 0 1 0 1 1 1 1 1 1 1 0 0 1 1 1 1 1 0 0 0 1 1 1 ]
d_19_15=2.174767088498 eijMax=7.881E-03 rmsd=5.281E+00 s=[ 0 0 0 0 1 0 1 1 1 1 1 1 1 0 0 1 1 1 1 1 0 0 0 1 1 1 ]
d_19_15=2.174967288699 eijMax=7.584E-03 rmsd=5.282E+00 s=[ 0 0 0 0 1 0 1 1 1 1 1 1 1 0 0 1 1 1 1 1 0 0 0 1 1 1 ]
d_19_15=2.175167488899 eijMax=7.288E-03 rmsd=5.283E+00 s=[ 0 0 0 0 1 0 1 1 1 1 1 1 1 0 0 1 1 1 1 1 0 0 0 1 1 1 ]
d_19_15=2.175367689099 eijMax=6.994E-03 rmsd=5.284E+00 s=[ 0 0 0 0 1 0 1 1 1 1 1 1 1 0 0 1 1 1 1 1 0 0 0 1 1 1 ]
d_19_15=2.175567889299 eijMax=6.701E-03 rmsd=5.284E+00 s=[ 0 0 0 0 1 0 1 1 1 1 1 1 1 0 0 1 1 1 1 1 0 0 0 1 1 1 ]
d_19_15=2.175768089500 eijMax=6.409E-03 rmsd=5.285E+00 s=[ 0 0 0 0 1 0 1 1 1 1 1 1 1 0 0 1 1 1 1 1 0 0 0 1 1 1 ]
d_19_15=2.175968289700 eijMax=6.118E-03 rmsd=5.286E+00 s=[ 0 0 0 0 1 0 1 1 1 1 1 1 1 0 0 1 1 1 1 1 0 0 0 1 1 1 ]
d_19_15=2.176168489900 eijMax=5.828E-03 rmsd=5.287E+00 s=[ 0 0 0 0 1 0 1 1 1 1 1 1 1 0 0 1 1 1 1 1 0 0 0 1 1 1 ]
d_19_15=2.176368690100 eijMax=5.540E-03 rmsd=5.287E+00 s=[ 0 0 0 0 1 0 1 1 1 1 1 1 1 0 0 1 1 1 1 1 0 0 0 1 1 1 ]
d_19_15=2.176568890300 eijMax=5.252E-03 rmsd=5.288E+00 s=[ 0 0 0 0 1 0 1 1 1 1 1 1 1 0 0 1 1 1 1 1 0 0 0 1 1 1 ]
d_19_15=2.176769090500 eijMax=4.966E-03 rmsd=5.289E+00 s=[ 0 0 0 0 1 0 1 1 1 1 1 1 1 0 0 1 1 1 1 1 0 0 0 1 1 1 ]
d_19_15=2.176969290701 eijMax=4.681E-03 rmsd=5.290E+00 s=[ 0 0 0 0 1 0 1 1 1 1 1 1 1 0 0 1 1 1 1 1 0 0 0 1 1 1 ]
d_19_15=2.177169490901 eijMax=4.398E-03 rmsd=5.291E+00 s=[ 0 0 0 0 1 0 1 1 1 1 1 1 1 0 0 1 1 1 1 1 0 0 0 1 1 1 ]
d_19_15=2.177369691101 eijMax=4.115E-03 rmsd=5.291E+00 s=[ 0 0 0 0 1 0 1 1 1 1 1 1 1 0 0 1 1 1 1 1 0 0 0 1 1 1 ]
d_19_15=2.177569891301 eijMax=3.833E-03 rmsd=5.292E+00 s=[ 0 0 0 0 1 0 1 1 1 1 1 1 1 0 0 1 1 1 1 1 0 0 0 1 1 1 ]
d_19_15=2.177770091502 eijMax=3.553E-03 rmsd=5.293E+00 s=[ 0 0 0 0 1 0 1 1 1 1 1 1 1 0 0 1 1 1 1 1 0 0 0 1 1 1 ]
d_19_15=2.177970291702 eijMax=3.273E-03 rmsd=5.294E+00 s=[ 0 0 0 0 1 0 1 1 1 1 1 1 1 0 0 1 1 1 1 1 0 0 0 1 1 1 ]
d_19_15=2.178170491902 eijMax=2.995E-03 rmsd=5.294E+00 s=[ 0 0 0 0 1 0 1 1 1 1 1 1 1 0 0 1 1 1 1 1 0 0 0 1 1 1 ]
d_19_15=2.178370692102 eijMax=2.718E-03 rmsd=5.295E+00 s=[ 0 0 0 0 1 0 1 1 1 1 1 1 1 0 0 1 1 1 1 1 0 0 0 1 1 1 ]
d_19_15=2.178570892302 eijMax=2.442E-03 rmsd=5.296E+00 s=[ 0 0 0 0 1 0 1 1 1 1 1 1 1 0 0 1 1 1 1 1 0 0 0 1 1 1 ]
d_19_15=2.178771092503 eijMax=2.167E-03 rmsd=5.297E+00 s=[ 0 0 0 0 1 0 1 1 1 1 1 1 1 0 0 1 1 1 1 1 0 0 0 1 1 1 ]
d_19_15=2.178971292703 eijMax=1.893E-03 rmsd=5.297E+00 s=[ 0 0 0 0 1 0 1 1 1 1 1 1 1 0 0 1 1 1 1 1 0 0 0 1 1 1 ]
d_19_15=2.179171492903 eijMax=1.620E-03 rmsd=5.298E+00 s=[ 0 0 0 0 1 0 1 1 1 1 1 1 1 0 0 1 1 1 1 1 0 0 0 1 1 1 ]
d_19_15=2.179371693103 eijMax=1.348E-03 rmsd=5.299E+00 s=[ 0 0 0 0 1 0 1 1 1 1 1 1 1 0 0 1 1 1 1 1 0 0 0 1 1 1 ]
d_19_15=2.179571893303 eijMax=1.077E-03 rmsd=5.300E+00 s=[ 0 0 0 0 1 0 1 1 1 1 1 1 1 0 0 1 1 1 1 1 0 0 0 1 1 1 ]
d_19_15=2.179772093504 eijMax=8.067E-04 rmsd=5.301E+00 s=[ 0 0 0 0 1 0 1 1 1 1 1 1 1 0 0 1 1 1 1 1 0 0 0 1 1 1 ]
d_19_15=2.179972293704 eijMax=5.377E-04 rmsd=5.301E+00 s=[ 0 0 0 0 1 0 1 1 1 1 1 1 1 0 0 1 1 1 1 1 0 0 0 1 1 1 ]
d_19_15=2.180172493904 eijMax=2.697E-04 rmsd=5.302E+00 s=[ 0 0 0 0 1 0 1 1 1 1 1 1 1 0 0 1 1 1 1 1 0 0 0 1 1 1 ]
d_19_15=2.180372694104 eijMax=1.331E-05 rmsd=5.303E+00 s=[ 0 0 0 0 1 0 1 1 1 1 1 1 1 0 0 1 1 1 1 1 0 0 0 1 1 1 ]
d_19_15=2.180572894304 eijMax=2.633E-04 rmsd=5.304E+00 s=[ 0 0 0 0 1 0 1 1 1 1 1 1 1 0 0 1 1 1 1 1 0 0 0 1 1 1 ]
d_19_15=2.180773094505 eijMax=5.284E-04 rmsd=5.304E+00 s=[ 0 0 0 0 1 0 1 1 1 1 1 1 1 0 0 1 1 1 1 1 0 0 0 1 1 1 ]
d_19_15=2.180973294705 eijMax=7.925E-04 rmsd=5.305E+00 s=[ 0 0 0 0 1 0 1 1 1 1 1 1 1 0 0 1 1 1 1 1 0 0 0 1 1 1 ]
d_19_15=2.181173494905 eijMax=1.056E-03 rmsd=5.306E+00 s=[ 0 0 0 0 1 0 1 1 1 1 1 1 1 0 0 1 1 1 1 1 0 0 0 1 1 1 ]
d_19_15=2.181373695105 eijMax=1.318E-03 rmsd=5.307E+00 s=[ 0 0 0 0 1 0 1 1 1 1 1 1 1 0 0 1 1 1 1 1 0 0 0 1 1 1 ]
d_19_15=2.181573895305 eijMax=1.579E-03 rmsd=5.307E+00 s=[ 0 0 0 0 1 0 1 1 1 1 1 1 1 0 0 1 1 1 1 1 0 0 0 1 1 1 ]
d_19_15=2.181774095506 eijMax=1.840E-03 rmsd=5.308E+00 s=[ 0 0 0 0 1 0 1 1 1 1 1 1 1 0 0 1 1 1 1 1 0 0 0 1 1 1 ]
d_19_15=2.181974295706 eijMax=2.099E-03 rmsd=5.309E+00 s=[ 0 0 0 0 1 0 1 1 1 1 1 1 1 0 0 1 1 1 1 1 0 0 0 1 1 1 ]
d_19_15=2.182174495906 eijMax=2.358E-03 rmsd=5.310E+00 s=[ 0 0 0 0 1 0 1 1 1 1 1 1 1 0 0 1 1 1 1 1 0 0 0 1 1 1 ]
d_19_15=2.182374696106 eijMax=2.615E-03 rmsd=5.310E+00 s=[ 0 0 0 0 1 0 1 1 1 1 1 1 1 0 0 1 1 1 1 1 0 0 0 1 1 1 ]
d_19_15=2.182574896306 eijMax=2.872E-03 rmsd=5.311E+00 s=[ 0 0 0 0 1 0 1 1 1 1 1 1 1 0 0 1 1 1 1 1 0 0 0 1 1 1 ]
d_19_15=2.182775096507 eijMax=3.128E-03 rmsd=5.312E+00 s=[ 0 0 0 0 1 0 1 1 1 1 1 1 1 0 0 1 1 1 1 1 0 0 0 1 1 1 ]
d_19_15=2.182975296707 eijMax=3.383E-03 rmsd=5.313E+00 s=[ 0 0 0 0 1 0 1 1 1 1 1 1 1 0 0 1 1 1 1 1 0 0 0 1 1 1 ]
d_19_15=2.183175496907 eijMax=3.638E-03 rmsd=5.314E+00 s=[ 0 0 0 0 1 0 1 1 1 1 1 1 1 0 0 1 1 1 1 1 0 0 0 1 1 1 ]
d_19_15=2.183375697107 eijMax=3.891E-03 rmsd=5.314E+00 s=[ 0 0 0 0 1 0 1 1 1 1 1 1 1 0 0 1 1 1 1 1 0 0 0 1 1 1 ]
d_19_15=2.183575897307 eijMax=4.144E-03 rmsd=5.315E+00 s=[ 0 0 0 0 1 0 1 1 1 1 1 1 1 0 0 1 1 1 1 1 0 0 0 1 1 1 ]
d_19_15=2.183776097508 eijMax=4.395E-03 rmsd=5.316E+00 s=[ 0 0 0 0 1 0 1 1 1 1 1 1 1 0 0 1 1 1 1 1 0 0 0 1 1 1 ]
d_19_15=2.183976297708 eijMax=4.646E-03 rmsd=5.317E+00 s=[ 0 0 0 0 1 0 1 1 1 1 1 1 1 0 0 1 1 1 1 1 0 0 0 1 1 1 ]
d_19_15=2.184176497908 eijMax=4.896E-03 rmsd=5.317E+00 s=[ 0 0 0 0 1 0 1 1 1 1 1 1 1 0 0 1 1 1 1 1 0 0 0 1 1 1 ]
d_19_15=2.184376698108 eijMax=5.145E-03 rmsd=5.318E+00 s=[ 0 0 0 0 1 0 1 1 1 1 1 1 1 0 0 1 1 1 1 1 0 0 0 1 1 1 ]
d_19_15=2.184576898308 eijMax=5.394E-03 rmsd=5.319E+00 s=[ 0 0 0 0 1 0 1 1 1 1 1 1 1 0 0 1 1 1 1 1 0 0 0 1 1 1 ]
d_19_15=2.184777098509 eijMax=5.642E-03 rmsd=5.320E+00 s=[ 0 0 0 0 1 0 1 1 1 1 1 1 1 0 0 1 1 1 1 1 0 0 0 1 1 1 ]
d_19_15=2.184977298709 eijMax=5.889E-03 rmsd=5.320E+00 s=[ 0 0 0 0 1 0 1 1 1 1 1 1 1 0 0 1 1 1 1 1 0 0 0 1 1 1 ]
d_19_15=2.185177498909 eijMax=6.135E-03 rmsd=5.321E+00 s=[ 0 0 0 0 1 0 1 1 1 1 1 1 1 0 0 1 1 1 1 1 0 0 0 1 1 1 ]
d_19_15=2.185377699109 eijMax=6.380E-03 rmsd=5.322E+00 s=[ 0 0 0 0 1 0 1 1 1 1 1 1 1 0 0 1 1 1 1 1 0 0 0 1 1 1 ]
d_19_15=2.185577899309 eijMax=6.625E-03 rmsd=5.323E+00 s=[ 0 0 0 0 1 0 1 1 1 1 1 1 1 0 0 1 1 1 1 1 0 0 0 1 1 1 ]
d_19_15=2.185778099510 eijMax=6.868E-03 rmsd=5.324E+00 s=[ 0 0 0 0 1 0 1 1 1 1 1 1 1 0 0 1 1 1 1 1 0 0 0 1 1 1 ]
d_19_15=2.185978299710 eijMax=7.111E-03 rmsd=5.324E+00 s=[ 0 0 0 0 1 0 1 1 1 1 1 1 1 0 0 1 1 1 1 1 0 0 0 1 1 1 ]
d_19_15=2.186178499910 eijMax=7.354E-03 rmsd=5.325E+00 s=[ 0 0 0 0 1 0 1 1 1 1 1 1 1 0 0 1 1 1 1 1 0 0 0 1 1 1 ]
d_19_15=2.186378700110 eijMax=7.595E-03 rmsd=5.326E+00 s=[ 0 0 0 0 1 0 1 1 1 1 1 1 1 0 0 1 1 1 1 1 0 0 0 1 1 1 ]
d_19_15=2.186578900310 eijMax=7.836E-03 rmsd=5.327E+00 s=[ 0 0 0 0 1 0 1 1 1 1 1 1 1 0 0 1 1 1 1 1 0 0 0 1 1 1 ]
d_19_15=2.186779100511 eijMax=8.076E-03 rmsd=5.327E+00 s=[ 0 0 0 0 1 0 1 1 1 1 1 1 1 0 0 1 1 1 1 1 0 0 0 1 1 1 ]
d_19_15=2.186979300711 eijMax=8.316E-03 rmsd=5.328E+00 s=[ 0 0 0 0 1 0 1 1 1 1 1 1 1 0 0 1 1 1 1 1 0 0 0 1 1 1 ]
d_19_15=2.187179500911 eijMax=8.554E-03 rmsd=5.329E+00 s=[ 0 0 0 0 1 0 1 1 1 1 1 1 1 0 0 1 1 1 1 1 0 0 0 1 1 1 ]
d_19_15=2.187379701111 eijMax=8.792E-03 rmsd=5.330E+00 s=[ 0 0 0 0 1 0 1 1 1 1 1 1 1 0 0 1 1 1 1 1 0 0 0 1 1 1 ]
d_19_15=2.187579901311 eijMax=9.030E-03 rmsd=5.330E+00 s=[ 0 0 0 0 1 0 1 1 1 1 1 1 1 0 0 1 1 1 1 1 0 0 0 1 1 1 ]
d_19_15=2.187780101512 eijMax=9.266E-03 rmsd=5.331E+00 s=[ 0 0 0 0 1 0 1 1 1 1 1 1 1 0 0 1 1 1 1 1 0 0 0 1 1 1 ]
d_19_15=2.187980301712 eijMax=9.502E-03 rmsd=5.332E+00 s=[ 0 0 0 0 1 0 1 1 1 1 1 1 1 0 0 1 1 1 1 1 0 0 0 1 1 1 ]
d_19_15=2.188180501912 eijMax=9.738E-03 rmsd=5.333E+00 s=[ 0 0 0 0 1 0 1 1 1 1 1 1 1 0 0 1 1 1 1 1 0 0 0 1 1 1 ]
d_19_15=2.188380702112 eijMax=9.972E-03 rmsd=5.333E+00 s=[ 0 0 0 0 1 0 1 1 1 1 1 1 1 0 0 1 1 1 1 1 0 0 0 1 1 1 ]
d_19_15=2.196388710120 eijMax=1.084E-03 rmsd=5.313E+00 s=[ 0 0 0 0 1 0 1 1 1 1 1 1 1 0 1 1 0 1 1 1 0 1 1 1 1 1 ]
d_19_15=2.196588910320 eijMax=8.501E-03 rmsd=5.323E+00 s=[ 0 0 0 0 1 0 1 1 1 1 1 1 1 0 1 1 0 1 1 1 0 1 1 1 1 1 ]
d_19_15=2.197990311722 eijMax=4.041E-03 rmsd=2.300E+00 s=[ 0 0 0 0 1 0 1 1 1 1 1 1 1 0 1 1 1 0 0 0 1 0 0 0 0 0 ]
d_19_15=2.198590912322 eijMax=3.504E-03 rmsd=5.882E+00 s=[ 0 0 0 0 1 0 1 1 1 1 1 1 1 0 1 1 0 1 1 1 0 1 1 0 0 0 ]
d_19_15=2.275467789199 eijMax=9.767E-03 rmsd=6.348E+00 s=[ 0 0 0 0 1 0 1 1 1 1 1 1 1 0 0 1 0 0 0 0 1 0 1 0 0 0 ]
d_19_15=2.275667989399 eijMax=8.777E-03 rmsd=6.349E+00 s=[ 0 0 0 0 1 0 1 1 1 1 1 1 1 0 0 1 0 0 0 0 1 0 1 0 0 0 ]
d_19_15=2.275868189600 eijMax=7.784E-03 rmsd=6.349E+00 s=[ 0 0 0 0 1 0 1 1 1 1 1 1 1 0 0 1 0 0 0 0 1 0 1 0 0 0 ]
d_19_15=2.276068389800 eijMax=6.786E-03 rmsd=6.350E+00 s=[ 0 0 0 0 1 0 1 1 1 1 1 1 1 0 0 1 0 0 0 0 1 0 1 0 0 0 ]
d_19_15=2.276268590000 eijMax=5.784E-03 rmsd=6.350E+00 s=[ 0 0 0 0 1 0 1 1 1 1 1 1 1 0 0 1 0 0 0 0 1 0 1 0 0 0 ]
d_19_15=2.136729050460 eijMax=8.871E-03 rmsd=4.728E+00 s=[ 0 0 0 0 1 0 1 1 1 1 1 1 1 1 0 1 1 1 1 1 0 0 0 0 0 0 ]
d_19_15=2.136929250661 eijMax=6.653E-03 rmsd=4.728E+00 s=[ 0 0 0 0 1 0 1 1 1 1 1 1 1 1 0 1 1 1 1 1 0 0 0 0 0 0 ]
d_19_15=2.137129450861 eijMax=4.568E-03 rmsd=4.728E+00 s=[ 0 0 0 0 1 0 1 1 1 1 1 1 1 1 0 1 1 1 1 1 0 0 0 0 0 0 ]
d_19_15=2.137329651061 eijMax=2.594E-03 rmsd=4.729E+00 s=[ 0 0 0 0 1 0 1 1 1 1 1 1 1 1 0 1 1 1 1 1 0 0 0 0 0 0 ]
d_19_15=2.137529851261 eijMax=7.160E-04 rmsd=4.729E+00 s=[ 0 0 0 0 1 0 1 1 1 1 1 1 1 1 0 1 1 1 1 1 0 0 0 0 0 0 ]
d_19_15=2.137730051461 eijMax=1.079E-03 rmsd=4.729E+00 s=[ 0 0 0 0 1 0 1 1 1 1 1 1 1 1 0 1 1 1 1 1 0 0 0 0 0 0 ]
d_19_15=2.137930251662 eijMax=2.802E-03 rmsd=4.729E+00 s=[ 0 0 0 0 1 0 1 1 1 1 1 1 1 1 0 1 1 1 1 1 0 0 0 0 0 0 ]
d_19_15=2.138130451862 eijMax=4.460E-03 rmsd=4.729E+00 s=[ 0 0 0 0 1 0 1 1 1 1 1 1 1 1 0 1 1 1 1 1 0 0 0 0 0 0 ]
d_19_15=2.138330652062 eijMax=6.060E-03 rmsd=4.730E+00 s=[ 0 0 0 0 1 0 1 1 1 1 1 1 1 1 0 1 1 1 1 1 0 0 0 0 0 0 ]
d_19_15=2.138530852262 eijMax=7.607E-03 rmsd=4.730E+00 s=[ 0 0 0 0 1 0 1 1 1 1 1 1 1 1 0 1 1 1 1 1 0 0 0 0 0 0 ]
d_19_15=2.138731052462 eijMax=9.106E-03 rmsd=4.730E+00 s=[ 0 0 0 0 1 0 1 1 1 1 1 1 1 1 0 1 1 1 1 1 0 0 0 0 0 0 ]
d_19_15=2.152344666076 eijMax=9.320E-03 rmsd=5.302E+00 s=[ 0 0 0 0 1 0 1 1 1 1 1 1 1 1 1 1 0 0 0 0 1 1 1 1 1 1 ]
d_19_15=2.152544866276 eijMax=3.280E-03 rmsd=5.307E+00 s=[ 0 0 0 0 1 0 1 1 1 1 1 1 1 1 1 1 0 0 0 0 1 1 1 1 1 1 ]
d_19_15=2.152745066476 eijMax=2.746E-03 rmsd=5.312E+00 s=[ 0 0 0 0 1 0 1 1 1 1 1 1 1 1 1 1 0 0 0 0 1 1 1 1 1 1 ]
d_19_15=2.152745066476 eijMax=5.279E-03 rmsd=2.144E-02 s=[ 0 0 0 0 1 0 1 1 1 1 1 1 1 1 1 1 1 1 1 1 0 0 0 0 0 0 ]
d_19_15=2.152945266677 eijMax=8.768E-03 rmsd=5.317E+00 s=[ 0 0 0 0 1 0 1 1 1 1 1 1 1 1 1 1 0 0 0 0 1 1 1 1 1 1 ]
d_19_15=2.152945266677 eijMax=4.682E-04 rmsd=2.140E-03 s=[ 0 0 0 0 1 0 1 1 1 1 1 1 1 1 1 1 1 1 1 1 0 0 0 0 0 0 ]
d_19_15=2.153145466877 eijMax=6.225E-03 rmsd=2.550E-02 s=[ 0 0 0 0 1 0 1 1 1 1 1 1 1 1 1 1 1 1 1 1 0 0 0 0 0 0 ]
d_19_15=2.156348670080 eijMax=6.844E-03 rmsd=5.800E+00 s=[ 0 0 0 0 1 0 1 1 1 1 1 1 1 1 1 1 0 0 0 0 1 1 1 0 0 0 ]
d_19_15=2.156548870280 eijMax=2.056E-04 rmsd=5.798E+00 s=[ 0 0 0 0 1 0 1 1 1 1 1 1 1 1 1 1 0 0 0 0 1 1 1 0 0 0 ]
d_19_15=2.156749070480 eijMax=7.439E-03 rmsd=5.796E+00 s=[ 0 0 0 0 1 0 1 1 1 1 1 1 1 1 1 1 0 0 0 0 1 1 1 0 0 0 ]
d_19_15=2.156749070480 eijMax=3.921E-03 rmsd=3.237E+00 s=[ 0 0 0 0 1 0 1 1 1 1 1 1 1 1 1 1 1 1 1 1 0 0 0 1 1 1 ]
d_19_15=2.156949270681 eijMax=3.512E-03 rmsd=3.260E+00 s=[ 0 0 0 0 1 0 1 1 1 1 1 1 1 1 1 1 1 1 1 1 0 0 0 1 1 1 ]
d_19_15=2.173766087497 eijMax=9.977E-03 rmsd=5.276E+00 s=[ 0 0 0 0 1 0 1 1 1 1 1 1 1 1 0 1 1 1 1 1 0 0 0 1 1 1 ]
d_19_15=2.173966287698 eijMax=9.672E-03 rmsd=5.277E+00 s=[ 0 0 0 0 1 0 1 1 1 1 1 1 1 1 0 1 1 1 1 1 0 0 0 1 1 1 ]
d_19_15=2.174166487898 eijMax=9.368E-03 rmsd=5.277E+00 s=[ 0 0 0 0 1 0 1 1 1 1 1 1 1 1 0 1 1 1 1 1 0 0 0 1 1 1 ]
d_19_15=2.174366688098 eijMax=9.065E-03 rmsd=5.278E+00 s=[ 0 0 0 0 1 0 1 1 1 1 1 1 1 1 0 1 1 1 1 1 0 0 0 1 1 1 ]
d_19_15=2.174566888298 eijMax=8.763E-03 rmsd=5.279E+00 s=[ 0 0 0 0 1 0 1 1 1 1 1 1 1 1 0 1 1 1 1 1 0 0 0 1 1 1 ]
d_19_15=2.174767088498 eijMax=8.463E-03 rmsd=5.280E+00 s=[ 0 0 0 0 1 0 1 1 1 1 1 1 1 1 0 1 1 1 1 1 0 0 0 1 1 1 ]
d_19_15=2.174967288699 eijMax=8.164E-03 rmsd=5.281E+00 s=[ 0 0 0 0 1 0 1 1 1 1 1 1 1 1 0 1 1 1 1 1 0 0 0 1 1 1 ]
d_19_15=2.175167488899 eijMax=7.867E-03 rmsd=5.281E+00 s=[ 0 0 0 0 1 0 1 1 1 1 1 1 1 1 0 1 1 1 1 1 0 0 0 1 1 1 ]
d_19_15=2.175367689099 eijMax=7.570E-03 rmsd=5.282E+00 s=[ 0 0 0 0 1 0 1 1 1 1 1 1 1 1 0 1 1 1 1 1 0 0 0 1 1 1 ]
d_19_15=2.175567889299 eijMax=7.275E-03 rmsd=5.283E+00 s=[ 0 0 0 0 1 0 1 1 1 1 1 1 1 1 0 1 1 1 1 1 0 0 0 1 1 1 ]
d_19_15=2.175768089499 eijMax=6.981E-03 rmsd=5.284E+00 s=[ 0 0 0 0 1 0 1 1 1 1 1 1 1 1 0 1 1 1 1 1 0 0 0 1 1 1 ]
d_19_15=2.175968289700 eijMax=6.688E-03 rmsd=5.284E+00 s=[ 0 0 0 0 1 0 1 1 1 1 1 1 1 1 0 1 1 1 1 1 0 0 0 1 1 1 ]
d_19_15=2.176168489900 eijMax=6.397E-03 rmsd=5.285E+00 s=[ 0 0 0 0 1 0 1 1 1 1 1 1 1 1 0 1 1 1 1 1 0 0 0 1 1 1 ]
d_19_15=2.176368690100 eijMax=6.107E-03 rmsd=5.286E+00 s=[ 0 0 0 0 1 0 1 1 1 1 1 1 1 1 0 1 1 1 1 1 0 0 0 1 1 1 ]
d_19_15=2.176568890300 eijMax=5.818E-03 rmsd=5.287E+00 s=[ 0 0 0 0 1 0 1 1 1 1 1 1 1 1 0 1 1 1 1 1 0 0 0 1 1 1 ]
d_19_15=2.176769090501 eijMax=5.530E-03 rmsd=5.287E+00 s=[ 0 0 0 0 1 0 1 1 1 1 1 1 1 1 0 1 1 1 1 1 0 0 0 1 1 1 ]
d_19_15=2.176969290701 eijMax=5.243E-03 rmsd=5.288E+00 s=[ 0 0 0 0 1 0 1 1 1 1 1 1 1 1 0 1 1 1 1 1 0 0 0 1 1 1 ]
d_19_15=2.177169490901 eijMax=4.957E-03 rmsd=5.289E+00 s=[ 0 0 0 0 1 0 1 1 1 1 1 1 1 1 0 1 1 1 1 1 0 0 0 1 1 1 ]
d_19_15=2.177369691101 eijMax=4.673E-03 rmsd=5.290E+00 s=[ 0 0 0 0 1 0 1 1 1 1 1 1 1 1 0 1 1 1 1 1 0 0 0 1 1 1 ]
d_19_15=2.177569891301 eijMax=4.390E-03 rmsd=5.291E+00 s=[ 0 0 0 0 1 0 1 1 1 1 1 1 1 1 0 1 1 1 1 1 0 0 0 1 1 1 ]
d_19_15=2.177770091501 eijMax=4.108E-03 rmsd=5.291E+00 s=[ 0 0 0 0 1 0 1 1 1 1 1 1 1 1 0 1 1 1 1 1 0 0 0 1 1 1 ]
d_19_15=2.177970291702 eijMax=3.826E-03 rmsd=5.292E+00 s=[ 0 0 0 0 1 0 1 1 1 1 1 1 1 1 0 1 1 1 1 1 0 0 0 1 1 1 ]
d_19_15=2.178170491902 eijMax=3.547E-03 rmsd=5.293E+00 s=[ 0 0 0 0 1 0 1 1 1 1 1 1 1 1 0 1 1 1 1 1 0 0 0 1 1 1 ]
d_19_15=2.178370692102 eijMax=3.268E-03 rmsd=5.294E+00 s=[ 0 0 0 0 1 0 1 1 1 1 1 1 1 1 0 1 1 1 1 1 0 0 0 1 1 1 ]
d_19_15=2.178570892302 eijMax=2.990E-03 rmsd=5.294E+00 s=[ 0 0 0 0 1 0 1 1 1 1 1 1 1 1 0 1 1 1 1 1 0 0 0 1 1 1 ]
d_19_15=2.178771092503 eijMax=2.713E-03 rmsd=5.295E+00 s=[ 0 0 0 0 1 0 1 1 1 1 1 1 1 1 0 1 1 1 1 1 0 0 0 1 1 1 ]
d_19_15=2.178971292703 eijMax=2.438E-03 rmsd=5.296E+00 s=[ 0 0 0 0 1 0 1 1 1 1 1 1 1 1 0 1 1 1 1 1 0 0 0 1 1 1 ]
d_19_15=2.179171492903 eijMax=2.163E-03 rmsd=5.297E+00 s=[ 0 0 0 0 1 0 1 1 1 1 1 1 1 1 0 1 1 1 1 1 0 0 0 1 1 1 ]
d_19_15=2.179371693103 eijMax=1.889E-03 rmsd=5.297E+00 s=[ 0 0 0 0 1 0 1 1 1 1 1 1 1 1 0 1 1 1 1 1 0 0 0 1 1 1 ]
d_19_15=2.179571893303 eijMax=1.617E-03 rmsd=5.298E+00 s=[ 0 0 0 0 1 0 1 1 1 1 1 1 1 1 0 1 1 1 1 1 0 0 0 1 1 1 ]
d_19_15=2.179772093503 eijMax=1.345E-03 rmsd=5.299E+00 s=[ 0 0 0 0 1 0 1 1 1 1 1 1 1 1 0 1 1 1 1 1 0 0 0 1 1 1 ]
d_19_15=2.179972293704 eijMax=1.075E-03 rmsd=5.300E+00 s=[ 0 0 0 0 1 0 1 1 1 1 1 1 1 1 0 1 1 1 1 1 0 0 0 1 1 1 ]
d_19_15=2.180172493904 eijMax=8.055E-04 rmsd=5.300E+00 s=[ 0 0 0 0 1 0 1 1 1 1 1 1 1 1 0 1 1 1 1 1 0 0 0 1 1 1 ]
d_19_15=2.180372694104 eijMax=5.370E-04 rmsd=5.301E+00 s=[ 0 0 0 0 1 0 1 1 1 1 1 1 1 1 0 1 1 1 1 1 0 0 0 1 1 1 ]
d_19_15=2.180572894304 eijMax=2.695E-04 rmsd=5.302E+00 s=[ 0 0 0 0 1 0 1 1 1 1 1 1 1 1 0 1 1 1 1 1 0 0 0 1 1 1 ]
d_19_15=2.180773094505 eijMax=1.096E-05 rmsd=5.303E+00 s=[ 0 0 0 0 1 0 1 1 1 1 1 1 1 1 0 1 1 1 1 1 0 0 0 1 1 1 ]
d_19_15=2.180973294705 eijMax=2.626E-04 rmsd=5.304E+00 s=[ 0 0 0 0 1 0 1 1 1 1 1 1 1 1 0 1 1 1 1 1 0 0 0 1 1 1 ]
d_19_15=2.181173494905 eijMax=5.272E-04 rmsd=5.304E+00 s=[ 0 0 0 0 1 0 1 1 1 1 1 1 1 1 0 1 1 1 1 1 0 0 0 1 1 1 ]
d_19_15=2.181373695105 eijMax=7.909E-04 rmsd=5.305E+00 s=[ 0 0 0 0 1 0 1 1 1 1 1 1 1 1 0 1 1 1 1 1 0 0 0 1 1 1 ]
d_19_15=2.181573895305 eijMax=1.054E-03 rmsd=5.306E+00 s=[ 0 0 0 0 1 0 1 1 1 1 1 1 1 1 0 1 1 1 1 1 0 0 0 1 1 1 ]
d_19_15=2.181774095506 eijMax=1.315E-03 rmsd=5.307E+00 s=[ 0 0 0 0 1 0 1 1 1 1 1 1 1 1 0 1 1 1 1 1 0 0 0 1 1 1 ]
d_19_15=2.181974295706 eijMax=1.576E-03 rmsd=5.307E+00 s=[ 0 0 0 0 1 0 1 1 1 1 1 1 1 1 0 1 1 1 1 1 0 0 0 1 1 1 ]
d_19_15=2.182174495906 eijMax=1.836E-03 rmsd=5.308E+00 s=[ 0 0 0 0 1 0 1 1 1 1 1 1 1 1 0 1 1 1 1 1 0 0 0 1 1 1 ]
d_19_15=2.182374696106 eijMax=2.095E-03 rmsd=5.309E+00 s=[ 0 0 0 0 1 0 1 1 1 1 1 1 1 1 0 1 1 1 1 1 0 0 0 1 1 1 ]
d_19_15=2.182574896306 eijMax=2.353E-03 rmsd=5.310E+00 s=[ 0 0 0 0 1 0 1 1 1 1 1 1 1 1 0 1 1 1 1 1 0 0 0 1 1 1 ]
d_19_15=2.182775096507 eijMax=2.611E-03 rmsd=5.310E+00 s=[ 0 0 0 0 1 0 1 1 1 1 1 1 1 1 0 1 1 1 1 1 0 0 0 1 1 1 ]
d_19_15=2.182975296707 eijMax=2.867E-03 rmsd=5.311E+00 s=[ 0 0 0 0 1 0 1 1 1 1 1 1 1 1 0 1 1 1 1 1 0 0 0 1 1 1 ]
d_19_15=2.183175496907 eijMax=3.123E-03 rmsd=5.312E+00 s=[ 0 0 0 0 1 0 1 1 1 1 1 1 1 1 0 1 1 1 1 1 0 0 0 1 1 1 ]
d_19_15=2.183375697107 eijMax=3.377E-03 rmsd=5.313E+00 s=[ 0 0 0 0 1 0 1 1 1 1 1 1 1 1 0 1 1 1 1 1 0 0 0 1 1 1 ]
d_19_15=2.183575897307 eijMax=3.631E-03 rmsd=5.313E+00 s=[ 0 0 0 0 1 0 1 1 1 1 1 1 1 1 0 1 1 1 1 1 0 0 0 1 1 1 ]
d_19_15=2.183776097508 eijMax=3.884E-03 rmsd=5.314E+00 s=[ 0 0 0 0 1 0 1 1 1 1 1 1 1 1 0 1 1 1 1 1 0 0 0 1 1 1 ]
d_19_15=2.183976297708 eijMax=4.136E-03 rmsd=5.315E+00 s=[ 0 0 0 0 1 0 1 1 1 1 1 1 1 1 0 1 1 1 1 1 0 0 0 1 1 1 ]
d_19_15=2.184176497908 eijMax=4.388E-03 rmsd=5.316E+00 s=[ 0 0 0 0 1 0 1 1 1 1 1 1 1 1 0 1 1 1 1 1 0 0 0 1 1 1 ]
d_19_15=2.184376698108 eijMax=4.638E-03 rmsd=5.317E+00 s=[ 0 0 0 0 1 0 1 1 1 1 1 1 1 1 0 1 1 1 1 1 0 0 0 1 1 1 ]
d_19_15=2.184576898308 eijMax=4.888E-03 rmsd=5.317E+00 s=[ 0 0 0 0 1 0 1 1 1 1 1 1 1 1 0 1 1 1 1 1 0 0 0 1 1 1 ]
d_19_15=2.184777098509 eijMax=5.137E-03 rmsd=5.318E+00 s=[ 0 0 0 0 1 0 1 1 1 1 1 1 1 1 0 1 1 1 1 1 0 0 0 1 1 1 ]
d_19_15=2.184977298709 eijMax=5.385E-03 rmsd=5.319E+00 s=[ 0 0 0 0 1 0 1 1 1 1 1 1 1 1 0 1 1 1 1 1 0 0 0 1 1 1 ]
d_19_15=2.185177498909 eijMax=5.632E-03 rmsd=5.320E+00 s=[ 0 0 0 0 1 0 1 1 1 1 1 1 1 1 0 1 1 1 1 1 0 0 0 1 1 1 ]
d_19_15=2.185377699109 eijMax=5.879E-03 rmsd=5.320E+00 s=[ 0 0 0 0 1 0 1 1 1 1 1 1 1 1 0 1 1 1 1 1 0 0 0 1 1 1 ]
d_19_15=2.185577899309 eijMax=6.124E-03 rmsd=5.321E+00 s=[ 0 0 0 0 1 0 1 1 1 1 1 1 1 1 0 1 1 1 1 1 0 0 0 1 1 1 ]
d_19_15=2.185778099510 eijMax=6.369E-03 rmsd=5.322E+00 s=[ 0 0 0 0 1 0 1 1 1 1 1 1 1 1 0 1 1 1 1 1 0 0 0 1 1 1 ]
d_19_15=2.185978299710 eijMax=6.613E-03 rmsd=5.323E+00 s=[ 0 0 0 0 1 0 1 1 1 1 1 1 1 1 0 1 1 1 1 1 0 0 0 1 1 1 ]
d_19_15=2.186178499910 eijMax=6.857E-03 rmsd=5.323E+00 s=[ 0 0 0 0 1 0 1 1 1 1 1 1 1 1 0 1 1 1 1 1 0 0 0 1 1 1 ]
d_19_15=2.186378700110 eijMax=7.099E-03 rmsd=5.324E+00 s=[ 0 0 0 0 1 0 1 1 1 1 1 1 1 1 0 1 1 1 1 1 0 0 0 1 1 1 ]
d_19_15=2.186578900310 eijMax=7.341E-03 rmsd=5.325E+00 s=[ 0 0 0 0 1 0 1 1 1 1 1 1 1 1 0 1 1 1 1 1 0 0 0 1 1 1 ]
d_19_15=2.186779100511 eijMax=7.583E-03 rmsd=5.326E+00 s=[ 0 0 0 0 1 0 1 1 1 1 1 1 1 1 0 1 1 1 1 1 0 0 0 1 1 1 ]
d_19_15=2.186979300711 eijMax=7.823E-03 rmsd=5.327E+00 s=[ 0 0 0 0 1 0 1 1 1 1 1 1 1 1 0 1 1 1 1 1 0 0 0 1 1 1 ]
d_19_15=2.187179500911 eijMax=8.063E-03 rmsd=5.327E+00 s=[ 0 0 0 0 1 0 1 1 1 1 1 1 1 1 0 1 1 1 1 1 0 0 0 1 1 1 ]
d_19_15=2.187379701111 eijMax=8.302E-03 rmsd=5.328E+00 s=[ 0 0 0 0 1 0 1 1 1 1 1 1 1 1 0 1 1 1 1 1 0 0 0 1 1 1 ]
d_19_15=2.187579901311 eijMax=8.540E-03 rmsd=5.329E+00 s=[ 0 0 0 0 1 0 1 1 1 1 1 1 1 1 0 1 1 1 1 1 0 0 0 1 1 1 ]
d_19_15=2.187780101512 eijMax=8.778E-03 rmsd=5.330E+00 s=[ 0 0 0 0 1 0 1 1 1 1 1 1 1 1 0 1 1 1 1 1 0 0 0 1 1 1 ]
d_19_15=2.187980301712 eijMax=9.015E-03 rmsd=5.330E+00 s=[ 0 0 0 0 1 0 1 1 1 1 1 1 1 1 0 1 1 1 1 1 0 0 0 1 1 1 ]
d_19_15=2.188180501912 eijMax=9.251E-03 rmsd=5.331E+00 s=[ 0 0 0 0 1 0 1 1 1 1 1 1 1 1 0 1 1 1 1 1 0 0 0 1 1 1 ]
d_19_15=2.188380702112 eijMax=9.487E-03 rmsd=5.332E+00 s=[ 0 0 0 0 1 0 1 1 1 1 1 1 1 1 0 1 1 1 1 1 0 0 0 1 1 1 ]
d_19_15=2.188580902312 eijMax=9.722E-03 rmsd=5.333E+00 s=[ 0 0 0 0 1 0 1 1 1 1 1 1 1 1 0 1 1 1 1 1 0 0 0 1 1 1 ]
d_19_15=2.188781102513 eijMax=9.956E-03 rmsd=5.333E+00 s=[ 0 0 0 0 1 0 1 1 1 1 1 1 1 1 0 1 1 1 1 1 0 0 0 1 1 1 ]
d_19_15=2.195788109520 eijMax=6.143E-03 rmsd=5.308E+00 s=[ 0 0 0 0 1 0 1 1 1 1 1 1 1 1 1 1 0 1 1 1 0 1 1 1 1 1 ]
d_19_15=2.195988309720 eijMax=3.391E-03 rmsd=5.318E+00 s=[ 0 0 0 0 1 0 1 1 1 1 1 1 1 1 1 1 0 1 1 1 0 1 1 1 1 1 ]
d_19_15=2.197389711121 eijMax=3.660E-03 rmsd=2.299E+00 s=[ 0 0 0 0 1 0 1 1 1 1 1 1 1 1 1 1 1 0 0 0 1 0 0 0 0 0 ]
d_19_15=2.197990311722 eijMax=5.216E-03 rmsd=5.885E+00 s=[ 0 0 0 0 1 0 1 1 1 1 1 1 1 1 1 1 0 1 1 1 0 1 1 0 0 0 ]
d_19_15=2.276068389800 eijMax=9.416E-03 rmsd=6.348E+00 s=[ 0 0 0 0 1 0 1 1 1 1 1 1 1 1 0 1 0 0 0 0 1 0 1 0 0 0 ]
d_19_15=2.276268590000 eijMax=8.426E-03 rmsd=6.349E+00 s=[ 0 0 0 0 1 0 1 1 1 1 1 1 1 1 0 1 0 0 0 0 1 0 1 0 0 0 ]
d_19_15=2.136729050460 eijMax=8.871E-03 rmsd=4.728E+00 s=[ 0 0 0 1 0 1 0 0 0 0 0 0 0 0 1 0 0 0 0 0 1 1 1 1 1 1 ]
d_19_15=2.136929250661 eijMax=6.653E-03 rmsd=4.728E+00 s=[ 0 0 0 1 0 1 0 0 0 0 0 0 0 0 1 0 0 0 0 0 1 1 1 1 1 1 ]
d_19_15=2.137129450861 eijMax=4.568E-03 rmsd=4.728E+00 s=[ 0 0 0 1 0 1 0 0 0 0 0 0 0 0 1 0 0 0 0 0 1 1 1 1 1 1 ]
d_19_15=2.137329651061 eijMax=2.594E-03 rmsd=4.729E+00 s=[ 0 0 0 1 0 1 0 0 0 0 0 0 0 0 1 0 0 0 0 0 1 1 1 1 1 1 ]
d_19_15=2.137529851261 eijMax=7.160E-04 rmsd=4.729E+00 s=[ 0 0 0 1 0 1 0 0 0 0 0 0 0 0 1 0 0 0 0 0 1 1 1 1 1 1 ]
d_19_15=2.137730051461 eijMax=1.079E-03 rmsd=4.729E+00 s=[ 0 0 0 1 0 1 0 0 0 0 0 0 0 0 1 0 0 0 0 0 1 1 1 1 1 1 ]
d_19_15=2.137930251662 eijMax=2.802E-03 rmsd=4.729E+00 s=[ 0 0 0 1 0 1 0 0 0 0 0 0 0 0 1 0 0 0 0 0 1 1 1 1 1 1 ]
d_19_15=2.138130451862 eijMax=4.460E-03 rmsd=4.729E+00 s=[ 0 0 0 1 0 1 0 0 0 0 0 0 0 0 1 0 0 0 0 0 1 1 1 1 1 1 ]
d_19_15=2.138330652062 eijMax=6.060E-03 rmsd=4.730E+00 s=[ 0 0 0 1 0 1 0 0 0 0 0 0 0 0 1 0 0 0 0 0 1 1 1 1 1 1 ]
d_19_15=2.138530852262 eijMax=7.607E-03 rmsd=4.730E+00 s=[ 0 0 0 1 0 1 0 0 0 0 0 0 0 0 1 0 0 0 0 0 1 1 1 1 1 1 ]
d_19_15=2.138731052462 eijMax=9.106E-03 rmsd=4.730E+00 s=[ 0 0 0 1 0 1 0 0 0 0 0 0 0 0 1 0 0 0 0 0 1 1 1 1 1 1 ]
d_19_15=2.152344666076 eijMax=9.320E-03 rmsd=5.302E+00 s=[ 0 0 0 1 0 1 0 0 0 0 0 0 0 0 0 0 1 1 1 1 0 0 0 0 0 0 ]
d_19_15=2.152544866276 eijMax=3.280E-03 rmsd=5.307E+00 s=[ 0 0 0 1 0 1 0 0 0 0 0 0 0 0 0 0 1 1 1 1 0 0 0 0 0 0 ]
d_19_15=2.152745066476 eijMax=5.279E-03 rmsd=2.144E-02 s=[ 0 0 0 1 0 1 0 0 0 0 0 0 0 0 0 0 0 0 0 0 1 1 1 1 1 1 ]
d_19_15=2.152745066476 eijMax=2.746E-03 rmsd=5.312E+00 s=[ 0 0 0 1 0 1 0 0 0 0 0 0 0 0 0 0 1 1 1 1 0 0 0 0 0 0 ]
d_19_15=2.152945266677 eijMax=4.682E-04 rmsd=2.140E-03 s=[ 0 0 0 1 0 1 0 0 0 0 0 0 0 0 0 0 0 0 0 0 1 1 1 1 1 1 ]
d_19_15=2.152945266677 eijMax=8.768E-03 rmsd=5.317E+00 s=[ 0 0 0 1 0 1 0 0 0 0 0 0 0 0 0 0 1 1 1 1 0 0 0 0 0 0 ]
d_19_15=2.153145466877 eijMax=6.225E-03 rmsd=2.550E-02 s=[ 0 0 0 1 0 1 0 0 0 0 0 0 0 0 0 0 0 0 0 0 1 1 1 1 1 1 ]
d_19_15=2.156348670080 eijMax=6.844E-03 rmsd=5.800E+00 s=[ 0 0 0 1 0 1 0 0 0 0 0 0 0 0 0 0 1 1 1 1 0 0 0 1 1 1 ]
d_19_15=2.156548870280 eijMax=2.056E-04 rmsd=5.798E+00 s=[ 0 0 0 1 0 1 0 0 0 0 0 0 0 0 0 0 1 1 1 1 0 0 0 1 1 1 ]
d_19_15=2.156749070480 eijMax=3.921E-03 rmsd=3.237E+00 s=[ 0 0 0 1 0 1 0 0 0 0 0 0 0 0 0 0 0 0 0 0 1 1 1 0 0 0 ]
d_19_15=2.156749070480 eijMax=7.439E-03 rmsd=5.796E+00 s=[ 0 0 0 1 0 1 0 0 0 0 0 0 0 0 0 0 1 1 1 1 0 0 0 1 1 1 ]
d_19_15=2.156949270681 eijMax=3.512E-03 rmsd=3.260E+00 s=[ 0 0 0 1 0 1 0 0 0 0 0 0 0 0 0 0 0 0 0 0 1 1 1 0 0 0 ]
d_19_15=2.173766087497 eijMax=9.977E-03 rmsd=5.276E+00 s=[ 0 0 0 1 0 1 0 0 0 0 0 0 0 0 1 0 0 0 0 0 1 1 1 0 0 0 ]
d_19_15=2.173966287698 eijMax=9.672E-03 rmsd=5.277E+00 s=[ 0 0 0 1 0 1 0 0 0 0 0 0 0 0 1 0 0 0 0 0 1 1 1 0 0 0 ]
d_19_15=2.174166487898 eijMax=9.368E-03 rmsd=5.277E+00 s=[ 0 0 0 1 0 1 0 0 0 0 0 0 0 0 1 0 0 0 0 0 1 1 1 0 0 0 ]
d_19_15=2.174366688098 eijMax=9.065E-03 rmsd=5.278E+00 s=[ 0 0 0 1 0 1 0 0 0 0 0 0 0 0 1 0 0 0 0 0 1 1 1 0 0 0 ]
d_19_15=2.174566888298 eijMax=8.763E-03 rmsd=5.279E+00 s=[ 0 0 0 1 0 1 0 0 0 0 0 0 0 0 1 0 0 0 0 0 1 1 1 0 0 0 ]
d_19_15=2.174767088498 eijMax=8.463E-03 rmsd=5.280E+00 s=[ 0 0 0 1 0 1 0 0 0 0 0 0 0 0 1 0 0 0 0 0 1 1 1 0 0 0 ]
d_19_15=2.174967288699 eijMax=8.164E-03 rmsd=5.281E+00 s=[ 0 0 0 1 0 1 0 0 0 0 0 0 0 0 1 0 0 0 0 0 1 1 1 0 0 0 ]
d_19_15=2.175167488899 eijMax=7.867E-03 rmsd=5.281E+00 s=[ 0 0 0 1 0 1 0 0 0 0 0 0 0 0 1 0 0 0 0 0 1 1 1 0 0 0 ]
d_19_15=2.175367689099 eijMax=7.570E-03 rmsd=5.282E+00 s=[ 0 0 0 1 0 1 0 0 0 0 0 0 0 0 1 0 0 0 0 0 1 1 1 0 0 0 ]
d_19_15=2.175567889299 eijMax=7.275E-03 rmsd=5.283E+00 s=[ 0 0 0 1 0 1 0 0 0 0 0 0 0 0 1 0 0 0 0 0 1 1 1 0 0 0 ]
d_19_15=2.175768089499 eijMax=6.981E-03 rmsd=5.284E+00 s=[ 0 0 0 1 0 1 0 0 0 0 0 0 0 0 1 0 0 0 0 0 1 1 1 0 0 0 ]
d_19_15=2.175968289700 eijMax=6.688E-03 rmsd=5.284E+00 s=[ 0 0 0 1 0 1 0 0 0 0 0 0 0 0 1 0 0 0 0 0 1 1 1 0 0 0 ]
d_19_15=2.176168489900 eijMax=6.397E-03 rmsd=5.285E+00 s=[ 0 0 0 1 0 1 0 0 0 0 0 0 0 0 1 0 0 0 0 0 1 1 1 0 0 0 ]
d_19_15=2.176368690100 eijMax=6.107E-03 rmsd=5.286E+00 s=[ 0 0 0 1 0 1 0 0 0 0 0 0 0 0 1 0 0 0 0 0 1 1 1 0 0 0 ]
d_19_15=2.176568890300 eijMax=5.818E-03 rmsd=5.287E+00 s=[ 0 0 0 1 0 1 0 0 0 0 0 0 0 0 1 0 0 0 0 0 1 1 1 0 0 0 ]
d_19_15=2.176769090500 eijMax=5.530E-03 rmsd=5.287E+00 s=[ 0 0 0 1 0 1 0 0 0 0 0 0 0 0 1 0 0 0 0 0 1 1 1 0 0 0 ]
d_19_15=2.176969290701 eijMax=5.243E-03 rmsd=5.288E+00 s=[ 0 0 0 1 0 1 0 0 0 0 0 0 0 0 1 0 0 0 0 0 1 1 1 0 0 0 ]
d_19_15=2.177169490901 eijMax=4.957E-03 rmsd=5.289E+00 s=[ 0 0 0 1 0 1 0 0 0 0 0 0 0 0 1 0 0 0 0 0 1 1 1 0 0 0 ]
d_19_15=2.177369691101 eijMax=4.673E-03 rmsd=5.290E+00 s=[ 0 0 0 1 0 1 0 0 0 0 0 0 0 0 1 0 0 0 0 0 1 1 1 0 0 0 ]
d_19_15=2.177569891301 eijMax=4.390E-03 rmsd=5.291E+00 s=[ 0 0 0 1 0 1 0 0 0 0 0 0 0 0 1 0 0 0 0 0 1 1 1 0 0 0 ]
d_19_15=2.177770091502 eijMax=4.108E-03 rmsd=5.291E+00 s=[ 0 0 0 1 0 1 0 0 0 0 0 0 0 0 1 0 0 0 0 0 1 1 1 0 0 0 ]
d_19_15=2.177970291702 eijMax=3.826E-03 rmsd=5.292E+00 s=[ 0 0 0 1 0 1 0 0 0 0 0 0 0 0 1 0 0 0 0 0 1 1 1 0 0 0 ]
d_19_15=2.178170491902 eijMax=3.547E-03 rmsd=5.293E+00 s=[ 0 0 0 1 0 1 0 0 0 0 0 0 0 0 1 0 0 0 0 0 1 1 1 0 0 0 ]
d_19_15=2.178370692102 eijMax=3.268E-03 rmsd=5.294E+00 s=[ 0 0 0 1 0 1 0 0 0 0 0 0 0 0 1 0 0 0 0 0 1 1 1 0 0 0 ]
d_19_15=2.178570892302 eijMax=2.990E-03 rmsd=5.294E+00 s=[ 0 0 0 1 0 1 0 0 0 0 0 0 0 0 1 0 0 0 0 0 1 1 1 0 0 0 ]
d_19_15=2.178771092502 eijMax=2.713E-03 rmsd=5.295E+00 s=[ 0 0 0 1 0 1 0 0 0 0 0 0 0 0 1 0 0 0 0 0 1 1 1 0 0 0 ]
d_19_15=2.178971292703 eijMax=2.438E-03 rmsd=5.296E+00 s=[ 0 0 0 1 0 1 0 0 0 0 0 0 0 0 1 0 0 0 0 0 1 1 1 0 0 0 ]
d_19_15=2.179171492903 eijMax=2.163E-03 rmsd=5.297E+00 s=[ 0 0 0 1 0 1 0 0 0 0 0 0 0 0 1 0 0 0 0 0 1 1 1 0 0 0 ]
d_19_15=2.179371693103 eijMax=1.889E-03 rmsd=5.297E+00 s=[ 0 0 0 1 0 1 0 0 0 0 0 0 0 0 1 0 0 0 0 0 1 1 1 0 0 0 ]
d_19_15=2.179571893303 eijMax=1.617E-03 rmsd=5.298E+00 s=[ 0 0 0 1 0 1 0 0 0 0 0 0 0 0 1 0 0 0 0 0 1 1 1 0 0 0 ]
d_19_15=2.179772093504 eijMax=1.345E-03 rmsd=5.299E+00 s=[ 0 0 0 1 0 1 0 0 0 0 0 0 0 0 1 0 0 0 0 0 1 1 1 0 0 0 ]
d_19_15=2.179972293704 eijMax=1.075E-03 rmsd=5.300E+00 s=[ 0 0 0 1 0 1 0 0 0 0 0 0 0 0 1 0 0 0 0 0 1 1 1 0 0 0 ]
d_19_15=2.180172493904 eijMax=8.055E-04 rmsd=5.300E+00 s=[ 0 0 0 1 0 1 0 0 0 0 0 0 0 0 1 0 0 0 0 0 1 1 1 0 0 0 ]
d_19_15=2.180372694104 eijMax=5.370E-04 rmsd=5.301E+00 s=[ 0 0 0 1 0 1 0 0 0 0 0 0 0 0 1 0 0 0 0 0 1 1 1 0 0 0 ]
d_19_15=2.180572894304 eijMax=2.695E-04 rmsd=5.302E+00 s=[ 0 0 0 1 0 1 0 0 0 0 0 0 0 0 1 0 0 0 0 0 1 1 1 0 0 0 ]
d_19_15=2.180773094505 eijMax=1.096E-05 rmsd=5.303E+00 s=[ 0 0 0 1 0 1 0 0 0 0 0 0 0 0 1 0 0 0 0 0 1 1 1 0 0 0 ]
d_19_15=2.180973294705 eijMax=2.626E-04 rmsd=5.304E+00 s=[ 0 0 0 1 0 1 0 0 0 0 0 0 0 0 1 0 0 0 0 0 1 1 1 0 0 0 ]
d_19_15=2.181173494905 eijMax=5.272E-04 rmsd=5.304E+00 s=[ 0 0 0 1 0 1 0 0 0 0 0 0 0 0 1 0 0 0 0 0 1 1 1 0 0 0 ]
d_19_15=2.181373695105 eijMax=7.909E-04 rmsd=5.305E+00 s=[ 0 0 0 1 0 1 0 0 0 0 0 0 0 0 1 0 0 0 0 0 1 1 1 0 0 0 ]
d_19_15=2.181573895305 eijMax=1.054E-03 rmsd=5.306E+00 s=[ 0 0 0 1 0 1 0 0 0 0 0 0 0 0 1 0 0 0 0 0 1 1 1 0 0 0 ]
d_19_15=2.181774095506 eijMax=1.315E-03 rmsd=5.307E+00 s=[ 0 0 0 1 0 1 0 0 0 0 0 0 0 0 1 0 0 0 0 0 1 1 1 0 0 0 ]
d_19_15=2.181974295706 eijMax=1.576E-03 rmsd=5.307E+00 s=[ 0 0 0 1 0 1 0 0 0 0 0 0 0 0 1 0 0 0 0 0 1 1 1 0 0 0 ]
d_19_15=2.182174495906 eijMax=1.836E-03 rmsd=5.308E+00 s=[ 0 0 0 1 0 1 0 0 0 0 0 0 0 0 1 0 0 0 0 0 1 1 1 0 0 0 ]
d_19_15=2.182374696106 eijMax=2.095E-03 rmsd=5.309E+00 s=[ 0 0 0 1 0 1 0 0 0 0 0 0 0 0 1 0 0 0 0 0 1 1 1 0 0 0 ]
d_19_15=2.182574896306 eijMax=2.353E-03 rmsd=5.310E+00 s=[ 0 0 0 1 0 1 0 0 0 0 0 0 0 0 1 0 0 0 0 0 1 1 1 0 0 0 ]
d_19_15=2.182775096507 eijMax=2.611E-03 rmsd=5.310E+00 s=[ 0 0 0 1 0 1 0 0 0 0 0 0 0 0 1 0 0 0 0 0 1 1 1 0 0 0 ]
d_19_15=2.182975296707 eijMax=2.867E-03 rmsd=5.311E+00 s=[ 0 0 0 1 0 1 0 0 0 0 0 0 0 0 1 0 0 0 0 0 1 1 1 0 0 0 ]
d_19_15=2.183175496907 eijMax=3.123E-03 rmsd=5.312E+00 s=[ 0 0 0 1 0 1 0 0 0 0 0 0 0 0 1 0 0 0 0 0 1 1 1 0 0 0 ]
d_19_15=2.183375697107 eijMax=3.377E-03 rmsd=5.313E+00 s=[ 0 0 0 1 0 1 0 0 0 0 0 0 0 0 1 0 0 0 0 0 1 1 1 0 0 0 ]
d_19_15=2.183575897307 eijMax=3.631E-03 rmsd=5.313E+00 s=[ 0 0 0 1 0 1 0 0 0 0 0 0 0 0 1 0 0 0 0 0 1 1 1 0 0 0 ]
d_19_15=2.183776097508 eijMax=3.884E-03 rmsd=5.314E+00 s=[ 0 0 0 1 0 1 0 0 0 0 0 0 0 0 1 0 0 0 0 0 1 1 1 0 0 0 ]
d_19_15=2.183976297708 eijMax=4.136E-03 rmsd=5.315E+00 s=[ 0 0 0 1 0 1 0 0 0 0 0 0 0 0 1 0 0 0 0 0 1 1 1 0 0 0 ]
d_19_15=2.184176497908 eijMax=4.388E-03 rmsd=5.316E+00 s=[ 0 0 0 1 0 1 0 0 0 0 0 0 0 0 1 0 0 0 0 0 1 1 1 0 0 0 ]
d_19_15=2.184376698108 eijMax=4.638E-03 rmsd=5.317E+00 s=[ 0 0 0 1 0 1 0 0 0 0 0 0 0 0 1 0 0 0 0 0 1 1 1 0 0 0 ]
d_19_15=2.184576898308 eijMax=4.888E-03 rmsd=5.317E+00 s=[ 0 0 0 1 0 1 0 0 0 0 0 0 0 0 1 0 0 0 0 0 1 1 1 0 0 0 ]
d_19_15=2.184777098509 eijMax=5.137E-03 rmsd=5.318E+00 s=[ 0 0 0 1 0 1 0 0 0 0 0 0 0 0 1 0 0 0 0 0 1 1 1 0 0 0 ]
d_19_15=2.184977298709 eijMax=5.385E-03 rmsd=5.319E+00 s=[ 0 0 0 1 0 1 0 0 0 0 0 0 0 0 1 0 0 0 0 0 1 1 1 0 0 0 ]
d_19_15=2.185177498909 eijMax=5.632E-03 rmsd=5.320E+00 s=[ 0 0 0 1 0 1 0 0 0 0 0 0 0 0 1 0 0 0 0 0 1 1 1 0 0 0 ]
d_19_15=2.185377699109 eijMax=5.879E-03 rmsd=5.320E+00 s=[ 0 0 0 1 0 1 0 0 0 0 0 0 0 0 1 0 0 0 0 0 1 1 1 0 0 0 ]
d_19_15=2.185577899309 eijMax=6.124E-03 rmsd=5.321E+00 s=[ 0 0 0 1 0 1 0 0 0 0 0 0 0 0 1 0 0 0 0 0 1 1 1 0 0 0 ]
d_19_15=2.185778099510 eijMax=6.369E-03 rmsd=5.322E+00 s=[ 0 0 0 1 0 1 0 0 0 0 0 0 0 0 1 0 0 0 0 0 1 1 1 0 0 0 ]
d_19_15=2.185978299710 eijMax=6.613E-03 rmsd=5.323E+00 s=[ 0 0 0 1 0 1 0 0 0 0 0 0 0 0 1 0 0 0 0 0 1 1 1 0 0 0 ]
d_19_15=2.186178499910 eijMax=6.857E-03 rmsd=5.323E+00 s=[ 0 0 0 1 0 1 0 0 0 0 0 0 0 0 1 0 0 0 0 0 1 1 1 0 0 0 ]
d_19_15=2.186378700110 eijMax=7.099E-03 rmsd=5.324E+00 s=[ 0 0 0 1 0 1 0 0 0 0 0 0 0 0 1 0 0 0 0 0 1 1 1 0 0 0 ]
d_19_15=2.186578900310 eijMax=7.341E-03 rmsd=5.325E+00 s=[ 0 0 0 1 0 1 0 0 0 0 0 0 0 0 1 0 0 0 0 0 1 1 1 0 0 0 ]
d_19_15=2.186779100511 eijMax=7.583E-03 rmsd=5.326E+00 s=[ 0 0 0 1 0 1 0 0 0 0 0 0 0 0 1 0 0 0 0 0 1 1 1 0 0 0 ]
d_19_15=2.186979300711 eijMax=7.823E-03 rmsd=5.327E+00 s=[ 0 0 0 1 0 1 0 0 0 0 0 0 0 0 1 0 0 0 0 0 1 1 1 0 0 0 ]
d_19_15=2.187179500911 eijMax=8.063E-03 rmsd=5.327E+00 s=[ 0 0 0 1 0 1 0 0 0 0 0 0 0 0 1 0 0 0 0 0 1 1 1 0 0 0 ]
d_19_15=2.187379701111 eijMax=8.302E-03 rmsd=5.328E+00 s=[ 0 0 0 1 0 1 0 0 0 0 0 0 0 0 1 0 0 0 0 0 1 1 1 0 0 0 ]
d_19_15=2.187579901311 eijMax=8.540E-03 rmsd=5.329E+00 s=[ 0 0 0 1 0 1 0 0 0 0 0 0 0 0 1 0 0 0 0 0 1 1 1 0 0 0 ]
d_19_15=2.187780101512 eijMax=8.778E-03 rmsd=5.330E+00 s=[ 0 0 0 1 0 1 0 0 0 0 0 0 0 0 1 0 0 0 0 0 1 1 1 0 0 0 ]
d_19_15=2.187980301712 eijMax=9.015E-03 rmsd=5.330E+00 s=[ 0 0 0 1 0 1 0 0 0 0 0 0 0 0 1 0 0 0 0 0 1 1 1 0 0 0 ]
d_19_15=2.188180501912 eijMax=9.251E-03 rmsd=5.331E+00 s=[ 0 0 0 1 0 1 0 0 0 0 0 0 0 0 1 0 0 0 0 0 1 1 1 0 0 0 ]
d_19_15=2.188380702112 eijMax=9.487E-03 rmsd=5.332E+00 s=[ 0 0 0 1 0 1 0 0 0 0 0 0 0 0 1 0 0 0 0 0 1 1 1 0 0 0 ]
d_19_15=2.188580902312 eijMax=9.722E-03 rmsd=5.333E+00 s=[ 0 0 0 1 0 1 0 0 0 0 0 0 0 0 1 0 0 0 0 0 1 1 1 0 0 0 ]
d_19_15=2.188781102513 eijMax=9.956E-03 rmsd=5.333E+00 s=[ 0 0 0 1 0 1 0 0 0 0 0 0 0 0 1 0 0 0 0 0 1 1 1 0 0 0 ]
d_19_15=2.195788109520 eijMax=6.143E-03 rmsd=5.308E+00 s=[ 0 0 0 1 0 1 0 0 0 0 0 0 0 0 0 0 1 0 0 0 1 0 0 0 0 0 ]
d_19_15=2.195988309720 eijMax=3.391E-03 rmsd=5.318E+00 s=[ 0 0 0 1 0 1 0 0 0 0 0 0 0 0 0 0 1 0 0 0 1 0 0 0 0 0 ]
d_19_15=2.197389711121 eijMax=3.660E-03 rmsd=2.299E+00 s=[ 0 0 0 1 0 1 0 0 0 0 0 0 0 0 0 0 0 1 1 1 0 1 1 1 1 1 ]
d_19_15=2.197990311722 eijMax=5.216E-03 rmsd=5.885E+00 s=[ 0 0 0 1 0 1 0 0 0 0 0 0 0 0 0 0 1 0 0 0 1 0 0 1 1 1 ]
d_19_15=2.276068389800 eijMax=9.416E-03 rmsd=6.348E+00 s=[ 0 0 0 1 0 1 0 0 0 0 0 0 0 0 1 0 1 1 1 1 0 1 0 1 1 1 ]
d_19_15=2.276268590000 eijMax=8.426E-03 rmsd=6.349E+00 s=[ 0 0 0 1 0 1 0 0 0 0 0 0 0 0 1 0 1 1 1 1 0 1 0 1 1 1 ]
d_19_15=2.136328650060 eijMax=9.936E-03 rmsd=4.728E+00 s=[ 0 0 0 1 0 1 0 0 0 0 0 0 0 1 1 0 0 0 0 0 1 1 1 1 1 1 ]
d_19_15=2.136528850260 eijMax=7.643E-03 rmsd=4.728E+00 s=[ 0 0 0 1 0 1 0 0 0 0 0 0 0 1 1 0 0 0 0 0 1 1 1 1 1 1 ]
d_19_15=2.136729050460 eijMax=5.496E-03 rmsd=4.728E+00 s=[ 0 0 0 1 0 1 0 0 0 0 0 0 0 1 1 0 0 0 0 0 1 1 1 1 1 1 ]
d_19_15=2.136929250661 eijMax=3.469E-03 rmsd=4.729E+00 s=[ 0 0 0 1 0 1 0 0 0 0 0 0 0 1 1 0 0 0 0 0 1 1 1 1 1 1 ]
d_19_15=2.137129450861 eijMax=1.545E-03 rmsd=4.729E+00 s=[ 0 0 0 1 0 1 0 0 0 0 0 0 0 1 1 0 0 0 0 0 1 1 1 1 1 1 ]
d_19_15=2.137329651061 eijMax=2.908E-04 rmsd=4.729E+00 s=[ 0 0 0 1 0 1 0 0 0 0 0 0 0 1 1 0 0 0 0 0 1 1 1 1 1 1 ]
d_19_15=2.137529851261 eijMax=2.049E-03 rmsd=4.729E+00 s=[ 0 0 0 1 0 1 0 0 0 0 0 0 0 1 1 0 0 0 0 0 1 1 1 1 1 1 ]
d_19_15=2.137730051461 eijMax=3.739E-03 rmsd=4.729E+00 s=[ 0 0 0 1 0 1 0 0 0 0 0 0 0 1 1 0 0 0 0 0 1 1 1 1 1 1 ]
d_19_15=2.137930251662 eijMax=5.367E-03 rmsd=4.729E+00 s=[ 0 0 0 1 0 1 0 0 0 0 0 0 0 1 1 0 0 0 0 0 1 1 1 1 1 1 ]
d_19_15=2.138130451862 eijMax=6.940E-03 rmsd=4.730E+00 s=[ 0 0 0 1 0 1 0 0 0 0 0 0 0 1 1 0 0 0 0 0 1 1 1 1 1 1 ]
d_19_15=2.138330652062 eijMax=8.463E-03 rmsd=4.730E+00 s=[ 0 0 0 1 0 1 0 0 0 0 0 0 0 1 1 0 0 0 0 0 1 1 1 1 1 1 ]
d_19_15=2.138530852262 eijMax=9.941E-03 rmsd=4.730E+00 s=[ 0 0 0 1 0 1 0 0 0 0 0 0 0 1 1 0 0 0 0 0 1 1 1 1 1 1 ]
d_19_15=2.152745066476 eijMax=9.758E-03 rmsd=5.301E+00 s=[ 0 0 0 1 0 1 0 0 0 0 0 0 0 1 0 0 1 1 1 1 0 0 0 0 0 0 ]
d_19_15=2.152945266677 eijMax=3.730E-03 rmsd=5.306E+00 s=[ 0 0 0 1 0 1 0 0 0 0 0 0 0 1 0 0 1 1 1 1 0 0 0 0 0 0 ]
d_19_15=2.153145466877 eijMax=5.719E-03 rmsd=2.319E-02 s=[ 0 0 0 1 0 1 0 0 0 0 0 0 0 1 0 0 0 0 0 0 1 1 1 1 1 1 ]
d_19_15=2.153145466877 eijMax=2.285E-03 rmsd=5.311E+00 s=[ 0 0 0 1 0 1 0 0 0 0 0 0 0 1 0 0 1 1 1 1 0 0 0 0 0 0 ]
d_19_15=2.153345667077 eijMax=1.542E-05 rmsd=9.626E-04 s=[ 0 0 0 1 0 1 0 0 0 0 0 0 0 1 0 0 0 0 0 0 1 1 1 1 1 1 ]
d_19_15=2.153345667077 eijMax=8.294E-03 rmsd=5.316E+00 s=[ 0 0 0 1 0 1 0 0 0 0 0 0 0 1 0 0 1 1 1 1 0 0 0 0 0 0 ]
d_19_15=2.153545867277 eijMax=5.759E-03 rmsd=2.361E-02 s=[ 0 0 0 1 0 1 0 0 0 0 0 0 0 1 0 0 0 0 0 0 1 1 1 1 1 1 ]
d_19_15=2.156749070480 eijMax=7.638E-03 rmsd=5.800E+00 s=[ 0 0 0 1 0 1 0 0 0 0 0 0 0 1 0 0 1 1 1 1 0 0 0 1 1 1 ]
d_19_15=2.156949270681 eijMax=6.225E-04 rmsd=5.799E+00 s=[ 0 0 0 1 0 1 0 0 0 0 0 0 0 1 0 0 1 1 1 1 0 0 0 1 1 1 ]
d_19_15=2.157149470881 eijMax=4.783E-03 rmsd=3.234E+00 s=[ 0 0 0 1 0 1 0 0 0 0 0 0 0 1 0 0 0 0 0 0 1 1 1 0 0 0 ]
d_19_15=2.157149470881 eijMax=6.573E-03 rmsd=5.797E+00 s=[ 0 0 0 1 0 1 0 0 0 0 0 0 0 1 0 0 1 1 1 1 0 0 0 1 1 1 ]
d_19_15=2.157349671081 eijMax=2.604E-03 rmsd=3.257E+00 s=[ 0 0 0 1 0 1 0 0 0 0 0 0 0 1 0 0 0 0 0 0 1 1 1 0 0 0 ]
d_19_15=2.173365687097 eijMax=9.996E-03 rmsd=5.276E+00 s=[ 0 0 0 1 0 1 0 0 0 0 0 0 0 1 1 0 0 0 0 0 1 1 1 0 0 0 ]
d_19_15=2.173565887297 eijMax=9.690E-03 rmsd=5.277E+00 s=[ 0 0 0 1 0 1 0 0 0 0 0 0 0 1 1 0 0 0 0 0 1 1 1 0 0 0 ]
d_19_15=2.173766087497 eijMax=9.385E-03 rmsd=5.277E+00 s=[ 0 0 0 1 0 1 0 0 0 0 0 0 0 1 1 0 0 0 0 0 1 1 1 0 0 0 ]
d_19_15=2.173966287698 eijMax=9.082E-03 rmsd=5.278E+00 s=[ 0 0 0 1 0 1 0 0 0 0 0 0 0 1 1 0 0 0 0 0 1 1 1 0 0 0 ]
d_19_15=2.174166487898 eijMax=8.780E-03 rmsd=5.279E+00 s=[ 0 0 0 1 0 1 0 0 0 0 0 0 0 1 1 0 0 0 0 0 1 1 1 0 0 0 ]
d_19_15=2.174366688098 eijMax=8.479E-03 rmsd=5.280E+00 s=[ 0 0 0 1 0 1 0 0 0 0 0 0 0 1 1 0 0 0 0 0 1 1 1 0 0 0 ]
d_19_15=2.174566888298 eijMax=8.179E-03 rmsd=5.281E+00 s=[ 0 0 0 1 0 1 0 0 0 0 0 0 0 1 1 0 0 0 0 0 1 1 1 0 0 0 ]
d_19_15=2.174767088498 eijMax=7.881E-03 rmsd=5.281E+00 s=[ 0 0 0 1 0 1 0 0 0 0 0 0 0 1 1 0 0 0 0 0 1 1 1 0 0 0 ]
d_19_15=2.174967288699 eijMax=7.584E-03 rmsd=5.282E+00 s=[ 0 0 0 1 0 1 0 0 0 0 0 0 0 1 1 0 0 0 0 0 1 1 1 0 0 0 ]
d_19_15=2.175167488899 eijMax=7.288E-03 rmsd=5.283E+00 s=[ 0 0 0 1 0 1 0 0 0 0 0 0 0 1 1 0 0 0 0 0 1 1 1 0 0 0 ]
d_19_15=2.175367689099 eijMax=6.994E-03 rmsd=5.284E+00 s=[ 0 0 0 1 0 1 0 0 0 0 0 0 0 1 1 0 0 0 0 0 1 1 1 0 0 0 ]
d_19_15=2.175567889299 eijMax=6.701E-03 rmsd=5.284E+00 s=[ 0 0 0 1 0 1 0 0 0 0 0 0 0 1 1 0 0 0 0 0 1 1 1 0 0 0 ]
d_19_15=2.175768089499 eijMax=6.409E-03 rmsd=5.285E+00 s=[ 0 0 0 1 0 1 0 0 0 0 0 0 0 1 1 0 0 0 0 0 1 1 1 0 0 0 ]
d_19_15=2.175968289700 eijMax=6.118E-03 rmsd=5.286E+00 s=[ 0 0 0 1 0 1 0 0 0 0 0 0 0 1 1 0 0 0 0 0 1 1 1 0 0 0 ]
d_19_15=2.176168489900 eijMax=5.828E-03 rmsd=5.287E+00 s=[ 0 0 0 1 0 1 0 0 0 0 0 0 0 1 1 0 0 0 0 0 1 1 1 0 0 0 ]
d_19_15=2.176368690100 eijMax=5.540E-03 rmsd=5.287E+00 s=[ 0 0 0 1 0 1 0 0 0 0 0 0 0 1 1 0 0 0 0 0 1 1 1 0 0 0 ]
d_19_15=2.176568890300 eijMax=5.252E-03 rmsd=5.288E+00 s=[ 0 0 0 1 0 1 0 0 0 0 0 0 0 1 1 0 0 0 0 0 1 1 1 0 0 0 ]
d_19_15=2.176769090501 eijMax=4.966E-03 rmsd=5.289E+00 s=[ 0 0 0 1 0 1 0 0 0 0 0 0 0 1 1 0 0 0 0 0 1 1 1 0 0 0 ]
d_19_15=2.176969290701 eijMax=4.681E-03 rmsd=5.290E+00 s=[ 0 0 0 1 0 1 0 0 0 0 0 0 0 1 1 0 0 0 0 0 1 1 1 0 0 0 ]
d_19_15=2.177169490901 eijMax=4.398E-03 rmsd=5.291E+00 s=[ 0 0 0 1 0 1 0 0 0 0 0 0 0 1 1 0 0 0 0 0 1 1 1 0 0 0 ]
d_19_15=2.177369691101 eijMax=4.115E-03 rmsd=5.291E+00 s=[ 0 0 0 1 0 1 0 0 0 0 0 0 0 1 1 0 0 0 0 0 1 1 1 0 0 0 ]
d_19_15=2.177569891301 eijMax=3.833E-03 rmsd=5.292E+00 s=[ 0 0 0 1 0 1 0 0 0 0 0 0 0 1 1 0 0 0 0 0 1 1 1 0 0 0 ]
d_19_15=2.177770091502 eijMax=3.553E-03 rmsd=5.293E+00 s=[ 0 0 0 1 0 1 0 0 0 0 0 0 0 1 1 0 0 0 0 0 1 1 1 0 0 0 ]
d_19_15=2.177970291702 eijMax=3.273E-03 rmsd=5.294E+00 s=[ 0 0 0 1 0 1 0 0 0 0 0 0 0 1 1 0 0 0 0 0 1 1 1 0 0 0 ]
d_19_15=2.178170491902 eijMax=2.995E-03 rmsd=5.294E+00 s=[ 0 0 0 1 0 1 0 0 0 0 0 0 0 1 1 0 0 0 0 0 1 1 1 0 0 0 ]
d_19_15=2.178370692102 eijMax=2.718E-03 rmsd=5.295E+00 s=[ 0 0 0 1 0 1 0 0 0 0 0 0 0 1 1 0 0 0 0 0 1 1 1 0 0 0 ]
d_19_15=2.178570892302 eijMax=2.442E-03 rmsd=5.296E+00 s=[ 0 0 0 1 0 1 0 0 0 0 0 0 0 1 1 0 0 0 0 0 1 1 1 0 0 0 ]
d_19_15=2.178771092503 eijMax=2.167E-03 rmsd=5.297E+00 s=[ 0 0 0 1 0 1 0 0 0 0 0 0 0 1 1 0 0 0 0 0 1 1 1 0 0 0 ]
d_19_15=2.178971292703 eijMax=1.893E-03 rmsd=5.297E+00 s=[ 0 0 0 1 0 1 0 0 0 0 0 0 0 1 1 0 0 0 0 0 1 1 1 0 0 0 ]
d_19_15=2.179171492903 eijMax=1.620E-03 rmsd=5.298E+00 s=[ 0 0 0 1 0 1 0 0 0 0 0 0 0 1 1 0 0 0 0 0 1 1 1 0 0 0 ]
d_19_15=2.179371693103 eijMax=1.348E-03 rmsd=5.299E+00 s=[ 0 0 0 1 0 1 0 0 0 0 0 0 0 1 1 0 0 0 0 0 1 1 1 0 0 0 ]
d_19_15=2.179571893303 eijMax=1.077E-03 rmsd=5.300E+00 s=[ 0 0 0 1 0 1 0 0 0 0 0 0 0 1 1 0 0 0 0 0 1 1 1 0 0 0 ]
d_19_15=2.179772093504 eijMax=8.067E-04 rmsd=5.301E+00 s=[ 0 0 0 1 0 1 0 0 0 0 0 0 0 1 1 0 0 0 0 0 1 1 1 0 0 0 ]
d_19_15=2.179972293704 eijMax=5.377E-04 rmsd=5.301E+00 s=[ 0 0 0 1 0 1 0 0 0 0 0 0 0 1 1 0 0 0 0 0 1 1 1 0 0 0 ]
d_19_15=2.180172493904 eijMax=2.697E-04 rmsd=5.302E+00 s=[ 0 0 0 1 0 1 0 0 0 0 0 0 0 1 1 0 0 0 0 0 1 1 1 0 0 0 ]
d_19_15=2.180372694104 eijMax=1.331E-05 rmsd=5.303E+00 s=[ 0 0 0 1 0 1 0 0 0 0 0 0 0 1 1 0 0 0 0 0 1 1 1 0 0 0 ]
d_19_15=2.180572894304 eijMax=2.633E-04 rmsd=5.304E+00 s=[ 0 0 0 1 0 1 0 0 0 0 0 0 0 1 1 0 0 0 0 0 1 1 1 0 0 0 ]
d_19_15=2.180773094505 eijMax=5.284E-04 rmsd=5.304E+00 s=[ 0 0 0 1 0 1 0 0 0 0 0 0 0 1 1 0 0 0 0 0 1 1 1 0 0 0 ]
d_19_15=2.180973294705 eijMax=7.925E-04 rmsd=5.305E+00 s=[ 0 0 0 1 0 1 0 0 0 0 0 0 0 1 1 0 0 0 0 0 1 1 1 0 0 0 ]
d_19_15=2.181173494905 eijMax=1.056E-03 rmsd=5.306E+00 s=[ 0 0 0 1 0 1 0 0 0 0 0 0 0 1 1 0 0 0 0 0 1 1 1 0 0 0 ]
d_19_15=2.181373695105 eijMax=1.318E-03 rmsd=5.307E+00 s=[ 0 0 0 1 0 1 0 0 0 0 0 0 0 1 1 0 0 0 0 0 1 1 1 0 0 0 ]
d_19_15=2.181573895305 eijMax=1.579E-03 rmsd=5.307E+00 s=[ 0 0 0 1 0 1 0 0 0 0 0 0 0 1 1 0 0 0 0 0 1 1 1 0 0 0 ]
d_19_15=2.181774095506 eijMax=1.840E-03 rmsd=5.308E+00 s=[ 0 0 0 1 0 1 0 0 0 0 0 0 0 1 1 0 0 0 0 0 1 1 1 0 0 0 ]
d_19_15=2.181974295706 eijMax=2.099E-03 rmsd=5.309E+00 s=[ 0 0 0 1 0 1 0 0 0 0 0 0 0 1 1 0 0 0 0 0 1 1 1 0 0 0 ]
d_19_15=2.182174495906 eijMax=2.358E-03 rmsd=5.310E+00 s=[ 0 0 0 1 0 1 0 0 0 0 0 0 0 1 1 0 0 0 0 0 1 1 1 0 0 0 ]
d_19_15=2.182374696106 eijMax=2.615E-03 rmsd=5.310E+00 s=[ 0 0 0 1 0 1 0 0 0 0 0 0 0 1 1 0 0 0 0 0 1 1 1 0 0 0 ]
d_19_15=2.182574896306 eijMax=2.872E-03 rmsd=5.311E+00 s=[ 0 0 0 1 0 1 0 0 0 0 0 0 0 1 1 0 0 0 0 0 1 1 1 0 0 0 ]
d_19_15=2.182775096507 eijMax=3.128E-03 rmsd=5.312E+00 s=[ 0 0 0 1 0 1 0 0 0 0 0 0 0 1 1 0 0 0 0 0 1 1 1 0 0 0 ]
d_19_15=2.182975296707 eijMax=3.383E-03 rmsd=5.313E+00 s=[ 0 0 0 1 0 1 0 0 0 0 0 0 0 1 1 0 0 0 0 0 1 1 1 0 0 0 ]
d_19_15=2.183175496907 eijMax=3.638E-03 rmsd=5.314E+00 s=[ 0 0 0 1 0 1 0 0 0 0 0 0 0 1 1 0 0 0 0 0 1 1 1 0 0 0 ]
d_19_15=2.183375697107 eijMax=3.891E-03 rmsd=5.314E+00 s=[ 0 0 0 1 0 1 0 0 0 0 0 0 0 1 1 0 0 0 0 0 1 1 1 0 0 0 ]
d_19_15=2.183575897307 eijMax=4.144E-03 rmsd=5.315E+00 s=[ 0 0 0 1 0 1 0 0 0 0 0 0 0 1 1 0 0 0 0 0 1 1 1 0 0 0 ]
d_19_15=2.183776097508 eijMax=4.395E-03 rmsd=5.316E+00 s=[ 0 0 0 1 0 1 0 0 0 0 0 0 0 1 1 0 0 0 0 0 1 1 1 0 0 0 ]
d_19_15=2.183976297708 eijMax=4.646E-03 rmsd=5.317E+00 s=[ 0 0 0 1 0 1 0 0 0 0 0 0 0 1 1 0 0 0 0 0 1 1 1 0 0 0 ]
d_19_15=2.184176497908 eijMax=4.896E-03 rmsd=5.317E+00 s=[ 0 0 0 1 0 1 0 0 0 0 0 0 0 1 1 0 0 0 0 0 1 1 1 0 0 0 ]
d_19_15=2.184376698108 eijMax=5.145E-03 rmsd=5.318E+00 s=[ 0 0 0 1 0 1 0 0 0 0 0 0 0 1 1 0 0 0 0 0 1 1 1 0 0 0 ]
d_19_15=2.184576898308 eijMax=5.394E-03 rmsd=5.319E+00 s=[ 0 0 0 1 0 1 0 0 0 0 0 0 0 1 1 0 0 0 0 0 1 1 1 0 0 0 ]
d_19_15=2.184777098509 eijMax=5.642E-03 rmsd=5.320E+00 s=[ 0 0 0 1 0 1 0 0 0 0 0 0 0 1 1 0 0 0 0 0 1 1 1 0 0 0 ]
d_19_15=2.184977298709 eijMax=5.889E-03 rmsd=5.320E+00 s=[ 0 0 0 1 0 1 0 0 0 0 0 0 0 1 1 0 0 0 0 0 1 1 1 0 0 0 ]
d_19_15=2.185177498909 eijMax=6.135E-03 rmsd=5.321E+00 s=[ 0 0 0 1 0 1 0 0 0 0 0 0 0 1 1 0 0 0 0 0 1 1 1 0 0 0 ]
d_19_15=2.185377699109 eijMax=6.380E-03 rmsd=5.322E+00 s=[ 0 0 0 1 0 1 0 0 0 0 0 0 0 1 1 0 0 0 0 0 1 1 1 0 0 0 ]
d_19_15=2.185577899309 eijMax=6.625E-03 rmsd=5.323E+00 s=[ 0 0 0 1 0 1 0 0 0 0 0 0 0 1 1 0 0 0 0 0 1 1 1 0 0 0 ]
d_19_15=2.185778099510 eijMax=6.868E-03 rmsd=5.324E+00 s=[ 0 0 0 1 0 1 0 0 0 0 0 0 0 1 1 0 0 0 0 0 1 1 1 0 0 0 ]
d_19_15=2.185978299710 eijMax=7.111E-03 rmsd=5.324E+00 s=[ 0 0 0 1 0 1 0 0 0 0 0 0 0 1 1 0 0 0 0 0 1 1 1 0 0 0 ]
d_19_15=2.186178499910 eijMax=7.354E-03 rmsd=5.325E+00 s=[ 0 0 0 1 0 1 0 0 0 0 0 0 0 1 1 0 0 0 0 0 1 1 1 0 0 0 ]
d_19_15=2.186378700110 eijMax=7.595E-03 rmsd=5.326E+00 s=[ 0 0 0 1 0 1 0 0 0 0 0 0 0 1 1 0 0 0 0 0 1 1 1 0 0 0 ]
d_19_15=2.186578900310 eijMax=7.836E-03 rmsd=5.327E+00 s=[ 0 0 0 1 0 1 0 0 0 0 0 0 0 1 1 0 0 0 0 0 1 1 1 0 0 0 ]
d_19_15=2.186779100511 eijMax=8.076E-03 rmsd=5.327E+00 s=[ 0 0 0 1 0 1 0 0 0 0 0 0 0 1 1 0 0 0 0 0 1 1 1 0 0 0 ]
d_19_15=2.186979300711 eijMax=8.316E-03 rmsd=5.328E+00 s=[ 0 0 0 1 0 1 0 0 0 0 0 0 0 1 1 0 0 0 0 0 1 1 1 0 0 0 ]
d_19_15=2.187179500911 eijMax=8.554E-03 rmsd=5.329E+00 s=[ 0 0 0 1 0 1 0 0 0 0 0 0 0 1 1 0 0 0 0 0 1 1 1 0 0 0 ]
d_19_15=2.187379701111 eijMax=8.792E-03 rmsd=5.330E+00 s=[ 0 0 0 1 0 1 0 0 0 0 0 0 0 1 1 0 0 0 0 0 1 1 1 0 0 0 ]
d_19_15=2.187579901311 eijMax=9.030E-03 rmsd=5.330E+00 s=[ 0 0 0 1 0 1 0 0 0 0 0 0 0 1 1 0 0 0 0 0 1 1 1 0 0 0 ]
d_19_15=2.187780101512 eijMax=9.266E-03 rmsd=5.331E+00 s=[ 0 0 0 1 0 1 0 0 0 0 0 0 0 1 1 0 0 0 0 0 1 1 1 0 0 0 ]
d_19_15=2.187980301712 eijMax=9.502E-03 rmsd=5.332E+00 s=[ 0 0 0 1 0 1 0 0 0 0 0 0 0 1 1 0 0 0 0 0 1 1 1 0 0 0 ]
d_19_15=2.188180501912 eijMax=9.738E-03 rmsd=5.333E+00 s=[ 0 0 0 1 0 1 0 0 0 0 0 0 0 1 1 0 0 0 0 0 1 1 1 0 0 0 ]
d_19_15=2.188380702112 eijMax=9.972E-03 rmsd=5.333E+00 s=[ 0 0 0 1 0 1 0 0 0 0 0 0 0 1 1 0 0 0 0 0 1 1 1 0 0 0 ]
d_19_15=2.196388710120 eijMax=1.084E-03 rmsd=5.313E+00 s=[ 0 0 0 1 0 1 0 0 0 0 0 0 0 1 0 0 1 0 0 0 1 0 0 0 0 0 ]
d_19_15=2.196588910320 eijMax=8.501E-03 rmsd=5.323E+00 s=[ 0 0 0 1 0 1 0 0 0 0 0 0 0 1 0 0 1 0 0 0 1 0 0 0 0 0 ]
d_19_15=2.197990311722 eijMax=4.041E-03 rmsd=2.300E+00 s=[ 0 0 0 1 0 1 0 0 0 0 0 0 0 1 0 0 0 1 1 1 0 1 1 1 1 1 ]
d_19_15=2.198590912322 eijMax=3.504E-03 rmsd=5.882E+00 s=[ 0 0 0 1 0 1 0 0 0 0 0 0 0 1 0 0 1 0 0 0 1 0 0 1 1 1 ]
d_19_15=2.275467789199 eijMax=9.767E-03 rmsd=6.348E+00 s=[ 0 0 0 1 0 1 0 0 0 0 0 0 0 1 1 0 1 1 1 1 0 1 0 1 1 1 ]
d_19_15=2.275667989399 eijMax=8.777E-03 rmsd=6.349E+00 s=[ 0 0 0 1 0 1 0 0 0 0 0 0 0 1 1 0 1 1 1 1 0 1 0 1 1 1 ]
d_19_15=2.275868189600 eijMax=7.784E-03 rmsd=6.349E+00 s=[ 0 0 0 1 0 1 0 0 0 0 0 0 0 1 1 0 1 1 1 1 0 1 0 1 1 1 ]
d_19_15=2.276068389800 eijMax=6.786E-03 rmsd=6.350E+00 s=[ 0 0 0 1 0 1 0 0 0 0 0 0 0 1 1 0 1 1 1 1 0 1 0 1 1 1 ]
d_19_15=2.276268590000 eijMax=5.784E-03 rmsd=6.350E+00 s=[ 0 0 0 1 0 1 0 0 0 0 0 0 0 1 1 0 1 1 1 1 0 1 0 1 1 1 ]
num ..... 1000
nnodes .. 26
nedges .. 130
nsols ... 428
tsecs ... 56.453376
