xyz12=( 54.852313 15.816356 15.685571 )
xyz12=( 54.852508 15.817019 15.685938 )
xyz12=( 54.852702 15.817681 15.686304 )
xyz12=( 54.852895 15.818343 15.686670 )
xyz12=( 54.853088 15.819004 15.687035 )
xyz12=( 54.853280 15.819664 15.687399 )
xyz12=( 54.853472 15.820324 15.687762 )
xyz12=( 54.853664 15.820983 15.688124 )
xyz12=( 54.853854 15.821641 15.688486 )
xyz12=( 54.854045 15.822298 15.688846 )
xyz12=( 54.854235 15.822955 15.689206 )
xyz12=( 54.854424 15.823611 15.689565 )
xyz12=( 54.408377 15.214036 15.004357 )
xyz12=( 54.407977 15.213854 15.003805 )
xyz12=( 54.407578 15.213671 15.003254 )
xyz12=( 54.407578 15.213671 15.003254 )
xyz12=( 54.407179 15.213490 15.002704 )
xyz12=( 54.407179 15.213490 15.002704 )
xyz12=( 54.406780 15.213309 15.002154 )
xyz12=( 54.400449 15.210487 14.993432 )
xyz12=( 54.400057 15.210315 14.992891 )
xyz12=( 54.399664 15.210144 14.992351 )
xyz12=( 54.399664 15.210144 14.992351 )
xyz12=( 54.399272 15.209973 14.991812 )
xyz12=( 54.881095 15.929367 15.742459 )
xyz12=( 54.881219 15.929935 15.742718 )
xyz12=( 54.881343 15.930504 15.742976 )
xyz12=( 54.881466 15.931072 15.743234 )
xyz12=( 54.881589 15.931640 15.743492 )
xyz12=( 54.881711 15.932207 15.743749 )
xyz12=( 54.881834 15.932774 15.744006 )
xyz12=( 54.881956 15.933341 15.744262 )
xyz12=( 54.882078 15.933907 15.744518 )
xyz12=( 54.882199 15.934473 15.744774 )
xyz12=( 54.882321 15.935039 15.745029 )
xyz12=( 54.882442 15.935604 15.745283 )
xyz12=( 54.882562 15.936169 15.745538 )
xyz12=( 54.882683 15.936733 15.745791 )
xyz12=( 54.882803 15.937297 15.746045 )
xyz12=( 54.882923 15.937861 15.746298 )
xyz12=( 54.883043 15.938425 15.746551 )
xyz12=( 54.883162 15.938988 15.746803 )
xyz12=( 54.883281 15.939551 15.747055 )
xyz12=( 54.883400 15.940113 15.747306 )
xyz12=( 54.883519 15.940675 15.747557 )
xyz12=( 54.883637 15.941237 15.747808 )
xyz12=( 54.883755 15.941798 15.748058 )
xyz12=( 54.883873 15.942359 15.748308 )
xyz12=( 54.883990 15.942920 15.748557 )
xyz12=( 54.884108 15.943480 15.748806 )
xyz12=( 54.884225 15.944040 15.749054 )
xyz12=( 54.884342 15.944600 15.749303 )
xyz12=( 54.884458 15.945160 15.749550 )
xyz12=( 54.884574 15.945719 15.749798 )
xyz12=( 54.884690 15.946277 15.750045 )
xyz12=( 54.884806 15.946836 15.750291 )
xyz12=( 54.884921 15.947394 15.750538 )
xyz12=( 54.885037 15.947951 15.750783 )
xyz12=( 54.885151 15.948509 15.751029 )
xyz12=( 54.885266 15.949066 15.751274 )
xyz12=( 54.885381 15.949622 15.751518 )
xyz12=( 54.885495 15.950179 15.751763 )
xyz12=( 54.885609 15.950735 15.752007 )
xyz12=( 54.885722 15.951291 15.752250 )
xyz12=( 54.885836 15.951846 15.752493 )
xyz12=( 54.885949 15.952401 15.752736 )
xyz12=( 54.886062 15.952956 15.752978 )
xyz12=( 54.886174 15.953510 15.753220 )
xyz12=( 54.886287 15.954064 15.753462 )
xyz12=( 54.886399 15.954618 15.753703 )
xyz12=( 54.886511 15.955172 15.753943 )
xyz12=( 54.886622 15.955725 15.754184 )
xyz12=( 54.886734 15.956278 15.754424 )
xyz12=( 54.886845 15.956830 15.754664 )
xyz12=( 54.886956 15.957382 15.754903 )
xyz12=( 54.887067 15.957934 15.755142 )
xyz12=( 54.887177 15.958486 15.755380 )
xyz12=( 54.887287 15.959037 15.755618 )
xyz12=( 54.887397 15.959588 15.755856 )
xyz12=( 54.887507 15.960138 15.756094 )
xyz12=( 54.887616 15.960689 15.756331 )
xyz12=( 54.887725 15.961239 15.756567 )
xyz12=( 54.887834 15.961788 15.756804 )
xyz12=( 54.887943 15.962338 15.757040 )
xyz12=( 54.888051 15.962887 15.757275 )
xyz12=( 54.888160 15.963436 15.757510 )
xyz12=( 54.888268 15.963984 15.757745 )
xyz12=( 54.888375 15.964532 15.757980 )
xyz12=( 54.888483 15.965080 15.758214 )
xyz12=( 54.888590 15.965628 15.758447 )
xyz12=( 54.888697 15.966175 15.758681 )
xyz12=( 54.888804 15.966722 15.758914 )
xyz12=( 54.888911 15.967268 15.759146 )
xyz12=( 54.889017 15.967815 15.759379 )
xyz12=( 54.889123 15.968361 15.759611 )
xyz12=( 54.889229 15.968906 15.759842 )
xyz12=( 54.889334 15.969452 15.760074 )
xyz12=( 54.889440 15.969997 15.760304 )
xyz12=( 54.889545 15.970542 15.760535 )
xyz12=( 54.889650 15.971086 15.760765 )
xyz12=( 54.328063 15.184835 14.894837 )
xyz12=( 54.327720 15.184742 14.894374 )
xyz12=( 54.325325 15.184095 14.891147 )
xyz12=( 54.324301 15.183823 14.889768 )
xyz12=( 54.918312 16.187140 15.835221 )
xyz12=( 54.918347 16.187601 15.835345 )
xyz12=( 54.918382 16.188061 15.835470 )
xyz12=( 54.918417 16.188521 15.835595 )
xyz12=( 54.918452 16.188982 15.835719 )
xyz12=( 54.852402 15.816658 15.685738 )
xyz12=( 54.852596 15.817319 15.686104 )
xyz12=( 54.852789 15.817980 15.686469 )
xyz12=( 54.852982 15.818639 15.686834 )
xyz12=( 54.853174 15.819298 15.687197 )
xyz12=( 54.853365 15.819957 15.687560 )
xyz12=( 54.853557 15.820614 15.687922 )
xyz12=( 54.853747 15.821271 15.688283 )
xyz12=( 54.853937 15.821928 15.688643 )
xyz12=( 54.854127 15.822583 15.689002 )
xyz12=( 54.854316 15.823238 15.689361 )
xyz12=( 54.408348 15.214023 15.004317 )
xyz12=( 54.407947 15.213840 15.003764 )
xyz12=( 54.407547 15.213658 15.003212 )
xyz12=( 54.407547 15.213658 15.003212 )
xyz12=( 54.407147 15.213476 15.002661 )
xyz12=( 54.407147 15.213476 15.002661 )
xyz12=( 54.406748 15.213294 15.002110 )
xyz12=( 54.400404 15.210467 14.993370 )
xyz12=( 54.400011 15.210295 14.992828 )
xyz12=( 54.399618 15.210123 14.992287 )
xyz12=( 54.399618 15.210123 14.992287 )
xyz12=( 54.399225 15.209952 14.991747 )
xyz12=( 54.881103 15.929402 15.742475 )
xyz12=( 54.881227 15.929970 15.742733 )
xyz12=( 54.881350 15.930537 15.742991 )
xyz12=( 54.881473 15.931104 15.743249 )
xyz12=( 54.881596 15.931671 15.743506 )
xyz12=( 54.881718 15.932237 15.743763 )
xyz12=( 54.881840 15.932803 15.744019 )
xyz12=( 54.881962 15.933369 15.744275 )
xyz12=( 54.882084 15.933934 15.744530 )
xyz12=( 54.882205 15.934499 15.744785 )
xyz12=( 54.882326 15.935063 15.745040 )
xyz12=( 54.882447 15.935627 15.745294 )
xyz12=( 54.882567 15.936191 15.745548 )
xyz12=( 54.882688 15.936755 15.745801 )
xyz12=( 54.882808 15.937318 15.746054 )
xyz12=( 54.882927 15.937881 15.746307 )
xyz12=( 54.883047 15.938443 15.746559 )
xyz12=( 54.883166 15.939005 15.746811 )
xyz12=( 54.883285 15.939567 15.747062 )
xyz12=( 54.883403 15.940129 15.747313 )
xyz12=( 54.883522 15.940690 15.747563 )
xyz12=( 54.883640 15.941250 15.747814 )
xyz12=( 54.883758 15.941811 15.748063 )
xyz12=( 54.883875 15.942371 15.748313 )
xyz12=( 54.883993 15.942930 15.748562 )
xyz12=( 54.884110 15.943490 15.748810 )
xyz12=( 54.884227 15.944049 15.749058 )
xyz12=( 54.884343 15.944608 15.749306 )
xyz12=( 54.884459 15.945166 15.749553 )
xyz12=( 54.884575 15.945724 15.749800 )
xyz12=( 54.884691 15.946282 15.750047 )
xyz12=( 54.884807 15.946839 15.750293 )
xyz12=( 54.884922 15.947396 15.750539 )
xyz12=( 54.885037 15.947953 15.750784 )
xyz12=( 54.885152 15.948509 15.751029 )
xyz12=( 54.885266 15.949065 15.751274 )
xyz12=( 54.885380 15.949621 15.751518 )
xyz12=( 54.885494 15.950176 15.751762 )
xyz12=( 54.885608 15.950732 15.752005 )
xyz12=( 54.885721 15.951286 15.752248 )
xyz12=( 54.885835 15.951841 15.752491 )
xyz12=( 54.885948 15.952395 15.752733 )
xyz12=( 54.886060 15.952949 15.752975 )
xyz12=( 54.886173 15.953502 15.753216 )
xyz12=( 54.886285 15.954055 15.753458 )
xyz12=( 54.886397 15.954608 15.753698 )
xyz12=( 54.886509 15.955161 15.753939 )
xyz12=( 54.886620 15.955713 15.754179 )
xyz12=( 54.886731 15.956265 15.754418 )
xyz12=( 54.886842 15.956816 15.754658 )
xyz12=( 54.886953 15.957367 15.754896 )
xyz12=( 54.887063 15.957918 15.755135 )
xyz12=( 54.887174 15.958469 15.755373 )
xyz12=( 54.887284 15.959019 15.755611 )
xyz12=( 54.887393 15.959569 15.755848 )
xyz12=( 54.887503 15.960119 15.756085 )
xyz12=( 54.887612 15.960668 15.756322 )
xyz12=( 54.887721 15.961217 15.756558 )
xyz12=( 54.887830 15.961766 15.756794 )
xyz12=( 54.887938 15.962315 15.757030 )
xyz12=( 54.888047 15.962863 15.757265 )
xyz12=( 54.888155 15.963411 15.757500 )
xyz12=( 54.888263 15.963958 15.757734 )
xyz12=( 54.888370 15.964505 15.757968 )
xyz12=( 54.888477 15.965052 15.758202 )
xyz12=( 54.888585 15.965599 15.758435 )
xyz12=( 54.888691 15.966145 15.758668 )
xyz12=( 54.888798 15.966691 15.758901 )
xyz12=( 54.888904 15.967237 15.759133 )
xyz12=( 54.889011 15.967782 15.759365 )
xyz12=( 54.889116 15.968327 15.759597 )
xyz12=( 54.889222 15.968872 15.759828 )
xyz12=( 54.889328 15.969417 15.760059 )
xyz12=( 54.889433 15.969961 15.760289 )
xyz12=( 54.889538 15.970505 15.760519 )
xyz12=( 54.889643 15.971049 15.760749 )
xyz12=( 54.328246 15.184885 14.895083 )
xyz12=( 54.327902 15.184791 14.894620 )
xyz12=( 54.325503 15.184143 14.891386 )
xyz12=( 54.324477 15.183869 14.890005 )
xyz12=( 54.918325 16.187304 15.835265 )
xyz12=( 54.918360 16.187764 15.835390 )
xyz12=( 54.684998 15.456108 15.405910 )
xyz12=( 54.684663 15.455630 15.405392 )
xyz12=( 54.684328 15.455154 15.404874 )
xyz12=( 54.683994 15.454678 15.404357 )
xyz12=( 54.683659 15.454204 15.403841 )
xyz12=( 54.683326 15.453730 15.403325 )
xyz12=( 54.682992 15.453258 15.402810 )
xyz12=( 54.682659 15.452786 15.402295 )
xyz12=( 54.682326 15.452316 15.401781 )
xyz12=( 54.681993 15.451846 15.401267 )
xyz12=( 54.681661 15.451378 15.400754 )
xyz12=( 54.924230 16.325114 15.866653 )
xyz12=( 54.924237 16.325809 15.866782 )
xyz12=( 54.924244 16.326503 15.866910 )
xyz12=( 54.924244 16.326503 15.866910 )
xyz12=( 54.924250 16.327196 15.867038 )
xyz12=( 54.924250 16.327196 15.867038 )
xyz12=( 54.924257 16.327889 15.867165 )
xyz12=( 54.924327 16.338875 15.869146 )
xyz12=( 54.924329 16.339555 15.869266 )
xyz12=( 54.924332 16.340235 15.869386 )
xyz12=( 54.924332 16.340235 15.869386 )
xyz12=( 54.924334 16.340915 15.869505 )
xyz12=( 54.626809 15.381712 15.317404 )
xyz12=( 54.626511 15.381371 15.316957 )
xyz12=( 54.626213 15.381031 15.316511 )
xyz12=( 54.625915 15.380692 15.316065 )
xyz12=( 54.625617 15.380353 15.315619 )
xyz12=( 54.625320 15.380014 15.315173 )
xyz12=( 54.625022 15.379677 15.314728 )
xyz12=( 54.624725 15.379339 15.314283 )
xyz12=( 54.624428 15.379002 15.313838 )
xyz12=( 54.624130 15.378666 15.313394 )
xyz12=( 54.623833 15.378330 15.312950 )
xyz12=( 54.623537 15.377995 15.312506 )
xyz12=( 54.623240 15.377660 15.312062 )
xyz12=( 54.622943 15.377326 15.311619 )
xyz12=( 54.622647 15.376992 15.311176 )
xyz12=( 54.622351 15.376659 15.310733 )
xyz12=( 54.622055 15.376326 15.310291 )
xyz12=( 54.621759 15.375994 15.309848 )
xyz12=( 54.621463 15.375663 15.309406 )
xyz12=( 54.621167 15.375332 15.308965 )
xyz12=( 54.620871 15.375001 15.308523 )
xyz12=( 54.620576 15.374671 15.308082 )
xyz12=( 54.620280 15.374341 15.307641 )
xyz12=( 54.619985 15.374012 15.307200 )
xyz12=( 54.619690 15.373684 15.306760 )
xyz12=( 54.619395 15.373356 15.306320 )
xyz12=( 54.619100 15.373028 15.305880 )
xyz12=( 54.618806 15.372701 15.305440 )
xyz12=( 54.618511 15.372375 15.305001 )
xyz12=( 54.618217 15.372049 15.304561 )
xyz12=( 54.617922 15.371723 15.304122 )
xyz12=( 54.617628 15.371398 15.303684 )
xyz12=( 54.617334 15.371074 15.303245 )
xyz12=( 54.617040 15.370750 15.302807 )
xyz12=( 54.616746 15.370426 15.302369 )
xyz12=( 54.616453 15.370103 15.301932 )
xyz12=( 54.616159 15.369781 15.301494 )
xyz12=( 54.615866 15.369459 15.301057 )
xyz12=( 54.615572 15.369137 15.300620 )
xyz12=( 54.615279 15.368816 15.300183 )
xyz12=( 54.614986 15.368496 15.299747 )
xyz12=( 54.614693 15.368176 15.299311 )
xyz12=( 54.614400 15.367856 15.298875 )
xyz12=( 54.614108 15.367537 15.298439 )
xyz12=( 54.613815 15.367218 15.298004 )
xyz12=( 54.613523 15.366900 15.297569 )
xyz12=( 54.613230 15.366583 15.297134 )
xyz12=( 54.612938 15.366266 15.296699 )
xyz12=( 54.612646 15.365949 15.296264 )
xyz12=( 54.612354 15.365633 15.295830 )
xyz12=( 54.612062 15.365317 15.295396 )
xyz12=( 54.611771 15.365002 15.294962 )
xyz12=( 54.611479 15.364687 15.294529 )
xyz12=( 54.611188 15.364373 15.294096 )
xyz12=( 54.610896 15.364059 15.293663 )
xyz12=( 54.610605 15.363745 15.293230 )
xyz12=( 54.610314 15.363433 15.292797 )
xyz12=( 54.610023 15.363120 15.292365 )
xyz12=( 54.609732 15.362808 15.291933 )
xyz12=( 54.609442 15.362497 15.291501 )
xyz12=( 54.609151 15.362186 15.291069 )
xyz12=( 54.608860 15.361875 15.290638 )
xyz12=( 54.608570 15.361565 15.290207 )
xyz12=( 54.608280 15.361255 15.289776 )
xyz12=( 54.607990 15.360946 15.289345 )
xyz12=( 54.607700 15.360638 15.288915 )
xyz12=( 54.607410 15.360329 15.288484 )
xyz12=( 54.607120 15.360022 15.288054 )
xyz12=( 54.606830 15.359714 15.287625 )
xyz12=( 54.606541 15.359407 15.287195 )
xyz12=( 54.606251 15.359101 15.286766 )
xyz12=( 54.605962 15.358795 15.286337 )
xyz12=( 54.605673 15.358490 15.285908 )
xyz12=( 54.605383 15.358184 15.285479 )
xyz12=( 54.605094 15.357880 15.285051 )
xyz12=( 54.604806 15.357576 15.284623 )
xyz12=( 54.921314 16.462217 15.886442 )
xyz12=( 54.921284 16.462797 15.886502 )
xyz12=( 54.921066 16.466849 15.886916 )
xyz12=( 54.920971 16.468580 15.887090 )
xyz12=( 54.486680 15.257642 15.113739 )
xyz12=( 54.486422 15.257471 15.113374 )
xyz12=( 54.685151 15.456327 15.406146 )
xyz12=( 54.684815 15.455847 15.405627 )
xyz12=( 54.684479 15.455369 15.405108 )
xyz12=( 54.684144 15.454892 15.404590 )
xyz12=( 54.683809 15.454416 15.404072 )
xyz12=( 54.683474 15.453941 15.403555 )
xyz12=( 54.683140 15.453467 15.403038 )
xyz12=( 54.682805 15.452993 15.402522 )
xyz12=( 54.682471 15.452521 15.402006 )
xyz12=( 54.682138 15.452050 15.401491 )
xyz12=( 54.681804 15.451580 15.400976 )
xyz12=( 54.681471 15.451111 15.400462 )
xyz12=( 54.924230 16.325064 15.866644 )
xyz12=( 54.924237 16.325757 15.866772 )
xyz12=( 54.924243 16.326450 15.866900 )
xyz12=( 54.924243 16.326450 15.866900 )
xyz12=( 54.924250 16.327142 15.867028 )
xyz12=( 54.924250 16.327142 15.867028 )
xyz12=( 54.924256 16.327833 15.867155 )
xyz12=( 54.924326 16.338797 15.869132 )
xyz12=( 54.924329 16.339476 15.869252 )
xyz12=( 54.924331 16.340155 15.869372 )
xyz12=( 54.924331 16.340155 15.869372 )
xyz12=( 54.924333 16.340833 15.869491 )
xyz12=( 54.626828 15.381733 15.317431 )
xyz12=( 54.626529 15.381392 15.316984 )
xyz12=( 54.626230 15.381051 15.316537 )
xyz12=( 54.625932 15.380711 15.316090 )
xyz12=( 54.625634 15.380371 15.315643 )
xyz12=( 54.625335 15.380032 15.315197 )
xyz12=( 54.625037 15.379694 15.314751 )
xyz12=( 54.624739 15.379356 15.314305 )
xyz12=( 54.624442 15.379018 15.313860 )
xyz12=( 54.624144 15.378681 15.313414 )
xyz12=( 54.623847 15.378345 15.312969 )
xyz12=( 54.623549 15.378009 15.312525 )
xyz12=( 54.623252 15.377674 15.312080 )
xyz12=( 54.622955 15.377339 15.311636 )
xyz12=( 54.622658 15.377005 15.311192 )
xyz12=( 54.622361 15.376671 15.310749 )
xyz12=( 54.622064 15.376337 15.310305 )
xyz12=( 54.621768 15.376005 15.309862 )
xyz12=( 54.621471 15.375673 15.309419 )
xyz12=( 54.621175 15.375341 15.308977 )
xyz12=( 54.620879 15.375010 15.308535 )
xyz12=( 54.620583 15.374679 15.308093 )
xyz12=( 54.620287 15.374349 15.307651 )
xyz12=( 54.619991 15.374019 15.307209 )
xyz12=( 54.619696 15.373690 15.306768 )
xyz12=( 54.619400 15.373361 15.306327 )
xyz12=( 54.619105 15.373033 15.305886 )
xyz12=( 54.618810 15.372706 15.305446 )
xyz12=( 54.618514 15.372379 15.305006 )
xyz12=( 54.618220 15.372052 15.304566 )
xyz12=( 54.617925 15.371726 15.304126 )
xyz12=( 54.617630 15.371400 15.303686 )
xyz12=( 54.617335 15.371075 15.303247 )
xyz12=( 54.617041 15.370751 15.302808 )
xyz12=( 54.616747 15.370427 15.302370 )
xyz12=( 54.616452 15.370103 15.301931 )
xyz12=( 54.616158 15.369780 15.301493 )
xyz12=( 54.615864 15.369457 15.301055 )
xyz12=( 54.615571 15.369135 15.300617 )
xyz12=( 54.615277 15.368814 15.300180 )
xyz12=( 54.614983 15.368493 15.299743 )
xyz12=( 54.614690 15.368172 15.299306 )
xyz12=( 54.614397 15.367852 15.298869 )
xyz12=( 54.614103 15.367532 15.298433 )
xyz12=( 54.613810 15.367213 15.297997 )
xyz12=( 54.613517 15.366895 15.297561 )
xyz12=( 54.613225 15.366576 15.297125 )
xyz12=( 54.612932 15.366259 15.296689 )
xyz12=( 54.612639 15.365941 15.296254 )
xyz12=( 54.612347 15.365625 15.295819 )
xyz12=( 54.612055 15.365308 15.295384 )
xyz12=( 54.611762 15.364993 15.294950 )
xyz12=( 54.611470 15.364677 15.294516 )
xyz12=( 54.611178 15.364363 15.294082 )
xyz12=( 54.610887 15.364048 15.293648 )
xyz12=( 54.610595 15.363734 15.293214 )
xyz12=( 54.610303 15.363421 15.292781 )
xyz12=( 54.610012 15.363108 15.292348 )
xyz12=( 54.609720 15.362796 15.291915 )
xyz12=( 54.609429 15.362484 15.291483 )
xyz12=( 54.609138 15.362172 15.291050 )
xyz12=( 54.608847 15.361861 15.290618 )
xyz12=( 54.608556 15.361550 15.290186 )
xyz12=( 54.608265 15.361240 15.289755 )
xyz12=( 54.607975 15.360931 15.289323 )
xyz12=( 54.607684 15.360621 15.288892 )
xyz12=( 54.607394 15.360313 15.288461 )
xyz12=( 54.607104 15.360004 15.288030 )
xyz12=( 54.606813 15.359697 15.287600 )
xyz12=( 54.606523 15.359389 15.287170 )
xyz12=( 54.606233 15.359082 15.286740 )
xyz12=( 54.605944 15.358776 15.286310 )
xyz12=( 54.605654 15.358470 15.285880 )
xyz12=( 54.605364 15.358164 15.285451 )
xyz12=( 54.605075 15.357859 15.285022 )
xyz12=( 54.604786 15.357555 15.284593 )
xyz12=( 54.921298 16.462526 15.886474 )
xyz12=( 54.921267 16.463105 15.886534 )
xyz12=( 54.921050 16.467149 15.886946 )
xyz12=( 54.920955 16.468877 15.887120 )
xyz12=( 54.486772 15.257703 15.113868 )
xyz12=( 54.486514 15.257532 15.113503 )
xyz12=( 54.486256 15.257361 15.113139 )
xyz12=( 54.485998 15.257191 15.112774 )
xyz12=( 54.485740 15.257021 15.112409 )
