xyz12=( 54.852842 15.818162 15.686570 )
xyz12=( 54.407796 15.213771 15.003555 )
xyz12=( 54.407796 15.213771 15.003555 )
xyz12=( 54.399807 15.210206 14.992547 )
xyz12=( 54.399807 15.210206 14.992547 )
xyz12=( 54.882255 15.934730 15.744890 )
xyz12=( 54.883465 15.940420 15.747443 )
xyz12=( 54.884648 15.946074 15.749955 )
xyz12=( 54.885805 15.951695 15.752427 )
xyz12=( 54.886936 15.957282 15.754859 )
xyz12=( 54.888042 15.962837 15.757254 )
xyz12=( 54.889123 15.968361 15.759611 )
xyz12=( 54.918452 16.188982 15.835719 )
xyz12=( 54.852543 15.817139 15.686005 )
xyz12=( 54.406966 15.213393 15.002410 )
xyz12=( 54.398975 15.209844 14.991403 )
xyz12=( 54.882017 15.933626 15.744391 )
xyz12=( 54.883231 15.939312 15.746948 )
xyz12=( 54.884417 15.944963 15.749463 )
xyz12=( 54.885577 15.950580 15.751939 )
xyz12=( 54.886711 15.956164 15.754375 )
xyz12=( 54.887820 15.961716 15.756773 )
xyz12=( 54.888904 15.967237 15.759133 )
xyz12=( 54.325347 15.184101 14.891177 )
xyz12=( 54.918360 16.187764 15.835390 )
xyz12=( 54.684754 15.455761 15.405533 )
xyz12=( 54.924253 16.327511 15.867096 )
xyz12=( 54.924335 16.341347 15.869581 )
xyz12=( 54.624590 15.379186 15.314081 )
xyz12=( 54.621597 15.375813 15.309607 )
xyz12=( 54.618618 15.372494 15.305160 )
xyz12=( 54.615652 15.369225 15.300739 )
xyz12=( 54.612699 15.366006 15.296343 )
xyz12=( 54.609759 15.362837 15.291972 )
xyz12=( 54.606830 15.359714 15.287625 )
xyz12=( 54.921052 16.467112 15.886943 )
xyz12=( 54.486422 15.257471 15.113374 )
xyz12=( 54.684235 15.455022 15.404731 )
xyz12=( 54.924240 16.326072 15.866830 )
xyz12=( 54.924240 16.326072 15.866830 )
xyz12=( 54.924330 16.339908 15.869328 )
xyz12=( 54.924330 16.339908 15.869328 )
xyz12=( 54.624009 15.378528 15.313212 )
xyz12=( 54.621014 15.375160 15.308736 )
xyz12=( 54.618032 15.371845 15.304286 )
xyz12=( 54.615063 15.368580 15.299862 )
xyz12=( 54.612108 15.365366 15.295464 )
xyz12=( 54.609165 15.362200 15.291090 )
xyz12=( 54.606233 15.359082 15.286740 )
xyz12=( 54.485740 15.257021 15.112409 )
