xyz12=( -3.180127 22.720370 0.970713 )
xyz12=( -3.177159 22.723697 0.970597 )
xyz12=( -3.174181 22.727027 0.970465 )
xyz12=( -3.171193 22.730361 0.970319 )
xyz12=( -3.168196 22.733699 0.970158 )
xyz12=( -3.165189 22.737041 0.969983 )
xyz12=( -3.150008 22.753806 0.968879 )
xyz12=( -3.146942 22.757170 0.968613 )
xyz12=( -3.143866 22.760538 0.968331 )
xyz12=( -3.146084 22.758110 0.968536 )
xyz12=( -3.149217 22.754674 0.968812 )
xyz12=( -3.152355 22.751226 0.969073 )
xyz12=( -3.164953 22.737304 0.969968 )
xyz12=( -3.168114 22.733791 0.970154 )
xyz12=( -3.171280 22.730265 0.970323 )
xyz12=( -3.174450 22.726726 0.970477 )
xyz12=( -3.177625 22.723174 0.970616 )
xyz12=( -3.180805 22.719608 0.970738 )
xyz12=( -3.183990 22.716029 0.970845 )
xyz12=( -3.187180 22.712436 0.970935 )
xyz12=( -3.190374 22.708830 0.971009 )
xyz12=( -3.193573 22.705210 0.971066 )
xyz12=( -3.196778 22.701576 0.971107 )
xyz12=( -3.199987 22.697928 0.971131 )
xyz12=( -3.203201 22.694267 0.971138 )
xyz12=( -3.203201 22.694267 0.971138 )
xyz12=( -3.206420 22.690591 0.971128 )
xyz12=( -3.206420 22.690591 0.971128 )
xyz12=( -3.209644 22.686901 0.971101 )
xyz12=( -3.209644 22.686901 0.971101 )
xyz12=( -3.212872 22.683196 0.971057 )
xyz12=( -3.216106 22.679477 0.970995 )
xyz12=( -3.219345 22.675744 0.970915 )
xyz12=( -3.222590 22.671996 0.970818 )
xyz12=( -3.346493 22.521829 0.952987 )
xyz12=( -2.902952 23.002961 0.903317 )
xyz12=( -3.349956 22.517420 0.952064 )
xyz12=( -2.898960 23.006637 0.901553 )
xyz12=( -3.353426 22.512991 0.951114 )
xyz12=( -2.894950 23.010318 0.899759 )
xyz12=( -2.894950 23.010318 0.899759 )
xyz12=( -3.356903 22.508540 0.950136 )
xyz12=( -2.890922 23.014004 0.897935 )
xyz12=( -3.360386 22.504068 0.949131 )
xyz12=( -3.363876 22.499574 0.948098 )
xyz12=( -3.402738 22.448631 0.934773 )
xyz12=( -3.406316 22.443854 0.933372 )
xyz12=( -3.409901 22.439052 0.931938 )
xyz12=( -3.413494 22.434224 0.930469 )
xyz12=( -3.180978 22.719414 0.970744 )
xyz12=( -3.178011 22.722742 0.970632 )
xyz12=( -3.175034 22.726074 0.970504 )
xyz12=( -3.172047 22.729409 0.970362 )
xyz12=( -3.169051 22.732748 0.970205 )
xyz12=( -3.166045 22.736091 0.970034 )
xyz12=( -3.150868 22.752861 0.968951 )
xyz12=( -3.147803 22.756226 0.968689 )
xyz12=( -3.144728 22.759595 0.968411 )
xyz12=( -3.143790 22.760621 0.968324 )
xyz12=( -3.146918 22.757196 0.968611 )
xyz12=( -3.150050 22.753759 0.968883 )
xyz12=( -3.165781 22.736384 0.970018 )
xyz12=( -3.168941 22.732870 0.970199 )
xyz12=( -3.172106 22.729343 0.970365 )
xyz12=( -3.175276 22.725803 0.970515 )
xyz12=( -3.178450 22.722250 0.970649 )
xyz12=( -3.181629 22.718683 0.970767 )
xyz12=( -3.184813 22.715103 0.970869 )
xyz12=( -3.188001 22.711510 0.970955 )
xyz12=( -3.191195 22.707902 0.971025 )
xyz12=( -3.194393 22.704281 0.971078 )
xyz12=( -3.197596 22.700647 0.971114 )
xyz12=( -3.200804 22.696998 0.971134 )
xyz12=( -3.204017 22.693335 0.971137 )
xyz12=( -3.204017 22.693335 0.971137 )
xyz12=( -3.207235 22.689658 0.971123 )
xyz12=( -3.207235 22.689658 0.971123 )
xyz12=( -3.210458 22.685967 0.971091 )
xyz12=( -3.210458 22.685967 0.971091 )
xyz12=( -3.213685 22.682262 0.971043 )
xyz12=( -3.216918 22.678542 0.970976 )
xyz12=( -3.220156 22.674808 0.970893 )
xyz12=( -3.223399 22.671059 0.970791 )
xyz12=( -3.343792 22.525258 0.953690 )
xyz12=( -3.347247 22.520870 0.952789 )
xyz12=( -2.903850 23.002132 0.903711 )
xyz12=( -3.350708 22.516461 0.951860 )
xyz12=( -2.899858 23.005810 0.901952 )
xyz12=( -3.354176 22.512032 0.950905 )
xyz12=( -2.895848 23.009494 0.900163 )
xyz12=( -3.357651 22.507581 0.949922 )
xyz12=( -2.891820 23.013183 0.898344 )
xyz12=( -3.361132 22.503108 0.948912 )
xyz12=( -3.364620 22.498614 0.947874 )
xyz12=( -3.403459 22.447669 0.934493 )
xyz12=( -2.837723 23.061652 0.871744 )
xyz12=( -3.407034 22.442893 0.933087 )
xyz12=( -3.410618 22.438091 0.931648 )
xyz12=( -3.414209 22.433263 0.930174 )
xyz12=( -3.551280 22.235557 0.846926 )
xyz12=( -3.553475 22.232138 0.845086 )
xyz12=( -3.555669 22.228714 0.843230 )
xyz12=( -3.557859 22.225285 0.841357 )
xyz12=( -3.560046 22.221851 0.839467 )
xyz12=( -3.562231 22.218412 0.837560 )
xyz12=( -3.573110 22.201136 0.827766 )
xyz12=( -3.575276 22.197665 0.825754 )
xyz12=( -3.577440 22.194189 0.823724 )
xyz12=( -3.578098 22.193130 0.823103 )
xyz12=( -3.575900 22.196664 0.825171 )
xyz12=( -3.573689 22.200209 0.827230 )
xyz12=( -3.562422 22.218110 0.837392 )
xyz12=( -3.560126 22.221726 0.839398 )
xyz12=( -3.557816 22.225353 0.841394 )
xyz12=( -3.555491 22.228992 0.843382 )
xyz12=( -3.553151 22.232644 0.845359 )
xyz12=( -3.550796 22.236308 0.847328 )
xyz12=( -3.548427 22.239984 0.849287 )
xyz12=( -3.546043 22.243672 0.851236 )
xyz12=( -3.543643 22.247373 0.853176 )
xyz12=( -3.541229 22.251086 0.855106 )
xyz12=( -3.538799 22.254812 0.857026 )
xyz12=( -3.536353 22.258550 0.858936 )
xyz12=( -3.533892 22.262301 0.860836 )
xyz12=( -3.533892 22.262301 0.860836 )
xyz12=( -3.531415 22.266065 0.862726 )
xyz12=( -3.531415 22.266065 0.862726 )
xyz12=( -3.528923 22.269842 0.864605 )
xyz12=( -3.528923 22.269842 0.864605 )
xyz12=( -3.526415 22.273632 0.866475 )
xyz12=( -3.523890 22.277435 0.868333 )
xyz12=( -3.521349 22.281252 0.870182 )
xyz12=( -3.518793 22.285081 0.872019 )
xyz12=( -3.414563 22.432785 0.930026 )
xyz12=( -3.411286 22.437194 0.931376 )
xyz12=( -3.407984 22.441621 0.932709 )
xyz12=( -3.716928 21.939717 0.631840 )
xyz12=( -3.404659 22.446068 0.934025 )
xyz12=( -3.718761 21.935785 0.628133 )
xyz12=( -3.401309 22.450534 0.935324 )
xyz12=( -3.720586 21.931844 0.624393 )
xyz12=( -3.397935 22.455019 0.936606 )
xyz12=( -3.722404 21.927895 0.620619 )
xyz12=( -3.394537 22.459523 0.937871 )
xyz12=( -3.355423 22.510436 0.950555 )
xyz12=( -3.351701 22.515195 0.951589 )
xyz12=( -3.745305 21.875753 0.568273 )
xyz12=( -3.347949 22.519977 0.952602 )
xyz12=( -3.344167 22.524783 0.953594 )
xyz12=( -3.551910 22.234576 0.846399 )
xyz12=( -3.554104 22.231158 0.844556 )
xyz12=( -3.556295 22.227734 0.842696 )
xyz12=( -3.558483 22.224306 0.840820 )
xyz12=( -3.560669 22.220872 0.838926 )
xyz12=( -3.562851 22.217434 0.837015 )
xyz12=( -3.573719 22.200161 0.827202 )
xyz12=( -3.575883 22.196691 0.825187 )
xyz12=( -3.578045 22.193215 0.823153 )
xyz12=( -3.576487 22.195721 0.824621 )
xyz12=( -3.574278 22.199266 0.826683 )
xyz12=( -3.572055 22.202822 0.828737 )
xyz12=( -3.563022 22.217163 0.836865 )
xyz12=( -3.560729 22.220778 0.838874 )
xyz12=( -3.558420 22.224405 0.840874 )
xyz12=( -3.556097 22.228044 0.842865 )
xyz12=( -3.553760 22.231695 0.844847 )
xyz12=( -3.551408 22.235358 0.846819 )
xyz12=( -3.549040 22.239033 0.848782 )
xyz12=( -3.546658 22.242721 0.850735 )
xyz12=( -3.544261 22.246421 0.852679 )
xyz12=( -3.541848 22.250134 0.854612 )
xyz12=( -3.539421 22.253859 0.856536 )
xyz12=( -3.536977 22.257597 0.858450 )
xyz12=( -3.534519 22.261348 0.860354 )
xyz12=( -3.534519 22.261348 0.860354 )
xyz12=( -3.532044 22.265111 0.862248 )
xyz12=( -3.532044 22.265111 0.862248 )
xyz12=( -3.529554 22.268888 0.864132 )
xyz12=( -3.529554 22.268888 0.864132 )
xyz12=( -3.527047 22.272677 0.866005 )
xyz12=( -3.524525 22.276480 0.867868 )
xyz12=( -3.521987 22.280295 0.869720 )
xyz12=( -3.519432 22.284125 0.871562 )
xyz12=( -3.412002 22.436231 0.931083 )
xyz12=( -3.408703 22.440659 0.932421 )
xyz12=( -3.717342 21.938832 0.631007 )
xyz12=( -3.405380 22.445105 0.933742 )
xyz12=( -3.719171 21.934901 0.627297 )
xyz12=( -3.402032 22.449571 0.935046 )
xyz12=( -3.720993 21.930962 0.623553 )
xyz12=( -3.720993 21.930962 0.623553 )
xyz12=( -3.398660 22.454057 0.936333 )
xyz12=( -3.722807 21.927015 0.619775 )
xyz12=( -3.395263 22.458561 0.937603 )
xyz12=( -3.356171 22.509478 0.950344 )
xyz12=( -3.352451 22.514237 0.951383 )
xyz12=( -3.348701 22.519020 0.952402 )
xyz12=( -3.344921 22.523826 0.953398 )
