d_26_22=3.554595076877 eijMax=7.230E-03 rmsd=1.986E-02 s=[ 0 0 0 0 1 0 1 0 0 0 1 0 0 0 0 0 0 0 1 0 1 0 0 0 0 1 0 0 1 1 0 0 0 0 1 1 0 ]
d_26_22=3.554595076877 eijMax=7.230E-03 rmsd=1.988E-02 s=[ 0 0 0 0 1 0 1 0 0 0 1 0 0 0 0 0 0 0 1 0 1 0 0 0 0 1 0 1 1 1 0 0 0 0 1 1 0 ]
d_26_22=3.554795277077 eijMax=1.413E-03 rmsd=4.023E-03 s=[ 0 0 0 0 1 0 1 0 0 0 1 0 0 0 0 0 0 0 1 0 1 0 0 0 0 1 0 0 1 1 0 0 0 0 1 1 0 ]
d_26_22=3.554795277077 eijMax=1.413E-03 rmsd=3.999E-03 s=[ 0 0 0 0 1 0 1 0 0 0 1 0 0 0 0 0 0 0 1 0 1 0 0 0 0 1 0 1 1 1 0 0 0 0 1 1 0 ]
d_26_22=3.554995477277 eijMax=9.736E-03 rmsd=2.646E-02 s=[ 0 0 0 0 1 0 1 0 0 0 1 0 0 0 0 0 0 0 1 0 1 0 0 0 0 1 0 0 1 1 0 0 0 0 1 1 0 ]
d_26_22=3.554995477277 eijMax=9.736E-03 rmsd=2.643E-02 s=[ 0 0 0 0 1 0 1 0 0 0 1 0 0 0 0 0 0 0 1 0 1 0 0 0 0 1 0 1 1 1 0 0 0 0 1 1 0 ]
d_26_22=3.554194676476 eijMax=8.743E-03 rmsd=2.402E-02 s=[ 0 0 0 0 1 0 1 0 0 0 1 0 0 0 0 0 0 1 1 0 1 0 0 0 0 1 0 0 1 1 0 0 0 0 1 1 0 ]
d_26_22=3.554194676476 eijMax=8.743E-03 rmsd=2.404E-02 s=[ 0 0 0 0 1 0 1 0 0 0 1 0 0 0 0 0 0 1 1 0 1 0 0 0 0 1 0 1 1 1 0 0 0 0 1 1 0 ]
d_26_22=3.554394876677 eijMax=5.794E-05 rmsd=1.225E-03 s=[ 0 0 0 0 1 0 1 0 0 0 1 0 0 0 0 0 0 1 1 0 1 0 0 0 0 1 0 0 1 1 0 0 0 0 1 1 0 ]
d_26_22=3.554394876677 eijMax=5.794E-05 rmsd=1.230E-03 s=[ 0 0 0 0 1 0 1 0 0 0 1 0 0 0 0 0 0 1 1 0 1 0 0 0 0 1 0 1 1 1 0 0 0 0 1 1 0 ]
d_26_22=3.554595076877 eijMax=8.299E-03 rmsd=2.258E-02 s=[ 0 0 0 0 1 0 1 0 0 0 1 0 0 0 0 0 0 1 1 0 1 0 0 0 0 1 0 0 1 1 0 0 0 0 1 1 0 ]
d_26_22=3.554595076877 eijMax=8.299E-03 rmsd=2.255E-02 s=[ 0 0 0 0 1 0 1 0 0 0 1 0 0 0 0 0 0 1 1 0 1 0 0 0 0 1 0 1 1 1 0 0 0 0 1 1 0 ]
d_26_22=3.554595076877 eijMax=7.230E-03 rmsd=1.996E-02 s=[ 0 0 0 0 1 0 1 0 0 0 1 0 0 0 1 0 0 0 1 0 1 0 0 0 0 1 0 0 1 1 0 0 0 0 1 1 0 ]
d_26_22=3.554595076877 eijMax=7.230E-03 rmsd=1.999E-02 s=[ 0 0 0 0 1 0 1 0 0 0 1 0 0 0 1 0 0 0 1 0 1 0 0 0 0 1 0 1 1 1 0 0 0 0 1 1 0 ]
d_26_22=3.554795277077 eijMax=1.413E-03 rmsd=4.224E-03 s=[ 0 0 0 0 1 0 1 0 0 0 1 0 0 0 1 0 0 0 1 0 1 0 0 0 0 1 0 0 1 1 0 0 0 0 1 1 0 ]
d_26_22=3.554795277077 eijMax=1.413E-03 rmsd=4.201E-03 s=[ 0 0 0 0 1 0 1 0 0 0 1 0 0 0 1 0 0 0 1 0 1 0 0 0 0 1 0 1 1 1 0 0 0 0 1 1 0 ]
d_26_22=3.554995477277 eijMax=9.736E-03 rmsd=2.645E-02 s=[ 0 0 0 0 1 0 1 0 0 0 1 0 0 0 1 0 0 0 1 0 1 0 0 0 0 1 0 0 1 1 0 0 0 0 1 1 0 ]
d_26_22=3.554995477277 eijMax=9.736E-03 rmsd=2.642E-02 s=[ 0 0 0 0 1 0 1 0 0 0 1 0 0 0 1 0 0 0 1 0 1 0 0 0 0 1 0 1 1 1 0 0 0 0 1 1 0 ]
d_26_22=3.554194676476 eijMax=8.743E-03 rmsd=2.411E-02 s=[ 0 0 0 0 1 0 1 0 0 0 1 0 0 0 1 0 0 1 1 0 1 0 0 0 0 1 0 0 1 1 0 0 0 0 1 1 0 ]
d_26_22=3.554194676476 eijMax=8.743E-03 rmsd=2.413E-02 s=[ 0 0 0 0 1 0 1 0 0 0 1 0 0 0 1 0 0 1 1 0 1 0 0 0 0 1 0 1 1 1 0 0 0 0 1 1 0 ]
d_26_22=3.554394876677 eijMax=5.794E-05 rmsd=1.909E-03 s=[ 0 0 0 0 1 0 1 0 0 0 1 0 0 0 1 0 0 1 1 0 1 0 0 0 0 1 0 0 1 1 0 0 0 0 1 1 0 ]
d_26_22=3.554394876677 eijMax=5.794E-05 rmsd=1.913E-03 s=[ 0 0 0 0 1 0 1 0 0 0 1 0 0 0 1 0 0 1 1 0 1 0 0 0 0 1 0 1 1 1 0 0 0 0 1 1 0 ]
d_26_22=3.554595076877 eijMax=8.299E-03 rmsd=2.257E-02 s=[ 0 0 0 0 1 0 1 0 0 0 1 0 0 0 1 0 0 1 1 0 1 0 0 0 0 1 0 0 1 1 0 0 0 0 1 1 0 ]
d_26_22=3.554595076877 eijMax=8.299E-03 rmsd=2.255E-02 s=[ 0 0 0 0 1 0 1 0 0 0 1 0 0 0 1 0 0 1 1 0 1 0 0 0 0 1 0 1 1 1 0 0 0 0 1 1 0 ]
d_26_22=3.554194676476 eijMax=8.743E-03 rmsd=2.413E-02 s=[ 0 0 0 1 0 1 0 1 1 1 0 1 1 1 0 1 1 0 0 1 0 1 1 1 1 0 1 0 0 0 1 1 1 1 0 0 1 ]
d_26_22=3.554194676476 eijMax=8.743E-03 rmsd=2.411E-02 s=[ 0 0 0 1 0 1 0 1 1 1 0 1 1 1 0 1 1 0 0 1 0 1 1 1 1 0 1 1 0 0 1 1 1 1 0 0 1 ]
d_26_22=3.554394876677 eijMax=5.793E-05 rmsd=1.913E-03 s=[ 0 0 0 1 0 1 0 1 1 1 0 1 1 1 0 1 1 0 0 1 0 1 1 1 1 0 1 0 0 0 1 1 1 1 0 0 1 ]
d_26_22=3.554394876677 eijMax=5.793E-05 rmsd=1.909E-03 s=[ 0 0 0 1 0 1 0 1 1 1 0 1 1 1 0 1 1 0 0 1 0 1 1 1 1 0 1 1 0 0 1 1 1 1 0 0 1 ]
d_26_22=3.554595076877 eijMax=8.299E-03 rmsd=2.255E-02 s=[ 0 0 0 1 0 1 0 1 1 1 0 1 1 1 0 1 1 0 0 1 0 1 1 1 1 0 1 0 0 0 1 1 1 1 0 0 1 ]
d_26_22=3.554595076877 eijMax=8.299E-03 rmsd=2.257E-02 s=[ 0 0 0 1 0 1 0 1 1 1 0 1 1 1 0 1 1 0 0 1 0 1 1 1 1 0 1 1 0 0 1 1 1 1 0 0 1 ]
d_26_22=3.554595076877 eijMax=7.230E-03 rmsd=1.999E-02 s=[ 0 0 0 1 0 1 0 1 1 1 0 1 1 1 0 1 1 1 0 1 0 1 1 1 1 0 1 0 0 0 1 1 1 1 0 0 1 ]
d_26_22=3.554595076877 eijMax=7.230E-03 rmsd=1.996E-02 s=[ 0 0 0 1 0 1 0 1 1 1 0 1 1 1 0 1 1 1 0 1 0 1 1 1 1 0 1 1 0 0 1 1 1 1 0 0 1 ]
d_26_22=3.554795277077 eijMax=1.413E-03 rmsd=4.201E-03 s=[ 0 0 0 1 0 1 0 1 1 1 0 1 1 1 0 1 1 1 0 1 0 1 1 1 1 0 1 0 0 0 1 1 1 1 0 0 1 ]
d_26_22=3.554795277077 eijMax=1.413E-03 rmsd=4.224E-03 s=[ 0 0 0 1 0 1 0 1 1 1 0 1 1 1 0 1 1 1 0 1 0 1 1 1 1 0 1 1 0 0 1 1 1 1 0 0 1 ]
d_26_22=3.554995477277 eijMax=9.736E-03 rmsd=2.642E-02 s=[ 0 0 0 1 0 1 0 1 1 1 0 1 1 1 0 1 1 1 0 1 0 1 1 1 1 0 1 0 0 0 1 1 1 1 0 0 1 ]
d_26_22=3.554995477277 eijMax=9.736E-03 rmsd=2.645E-02 s=[ 0 0 0 1 0 1 0 1 1 1 0 1 1 1 0 1 1 1 0 1 0 1 1 1 1 0 1 1 0 0 1 1 1 1 0 0 1 ]
d_26_22=3.554194676476 eijMax=8.743E-03 rmsd=2.404E-02 s=[ 0 0 0 1 0 1 0 1 1 1 0 1 1 1 1 1 1 0 0 1 0 1 1 1 1 0 1 0 0 0 1 1 1 1 0 0 1 ]
d_26_22=3.554194676476 eijMax=8.743E-03 rmsd=2.402E-02 s=[ 0 0 0 1 0 1 0 1 1 1 0 1 1 1 1 1 1 0 0 1 0 1 1 1 1 0 1 1 0 0 1 1 1 1 0 0 1 ]
d_26_22=3.554394876677 eijMax=5.793E-05 rmsd=1.230E-03 s=[ 0 0 0 1 0 1 0 1 1 1 0 1 1 1 1 1 1 0 0 1 0 1 1 1 1 0 1 0 0 0 1 1 1 1 0 0 1 ]
d_26_22=3.554394876677 eijMax=5.793E-05 rmsd=1.225E-03 s=[ 0 0 0 1 0 1 0 1 1 1 0 1 1 1 1 1 1 0 0 1 0 1 1 1 1 0 1 1 0 0 1 1 1 1 0 0 1 ]
d_26_22=3.554595076877 eijMax=8.299E-03 rmsd=2.255E-02 s=[ 0 0 0 1 0 1 0 1 1 1 0 1 1 1 1 1 1 0 0 1 0 1 1 1 1 0 1 0 0 0 1 1 1 1 0 0 1 ]
d_26_22=3.554595076877 eijMax=8.299E-03 rmsd=2.258E-02 s=[ 0 0 0 1 0 1 0 1 1 1 0 1 1 1 1 1 1 0 0 1 0 1 1 1 1 0 1 1 0 0 1 1 1 1 0 0 1 ]
d_26_22=3.554595076877 eijMax=7.230E-03 rmsd=1.988E-02 s=[ 0 0 0 1 0 1 0 1 1 1 0 1 1 1 1 1 1 1 0 1 0 1 1 1 1 0 1 0 0 0 1 1 1 1 0 0 1 ]
d_26_22=3.554595076877 eijMax=7.230E-03 rmsd=1.986E-02 s=[ 0 0 0 1 0 1 0 1 1 1 0 1 1 1 1 1 1 1 0 1 0 1 1 1 1 0 1 1 0 0 1 1 1 1 0 0 1 ]
d_26_22=3.554795277077 eijMax=1.413E-03 rmsd=3.999E-03 s=[ 0 0 0 1 0 1 0 1 1 1 0 1 1 1 1 1 1 1 0 1 0 1 1 1 1 0 1 0 0 0 1 1 1 1 0 0 1 ]
d_26_22=3.554795277077 eijMax=1.413E-03 rmsd=4.023E-03 s=[ 0 0 0 1 0 1 0 1 1 1 0 1 1 1 1 1 1 1 0 1 0 1 1 1 1 0 1 1 0 0 1 1 1 1 0 0 1 ]
d_26_22=3.554995477277 eijMax=9.736E-03 rmsd=2.643E-02 s=[ 0 0 0 1 0 1 0 1 1 1 0 1 1 1 1 1 1 1 0 1 0 1 1 1 1 0 1 0 0 0 1 1 1 1 0 0 1 ]
d_26_22=3.554995477277 eijMax=9.736E-03 rmsd=2.646E-02 s=[ 0 0 0 1 0 1 0 1 1 1 0 1 1 1 1 1 1 1 0 1 0 1 1 1 1 0 1 1 0 0 1 1 1 1 0 0 1 ]
num ..... 1000
nnodes .. 37
nedges .. 202
nsols ... 48
tsecs ... 21.940058
