order:    [ 1 19 20 0 35 34 33 36 30 29 28 32 25 24 31 23 27 26 22 18 9 10 15 14 21 13 17 16 8 12 2 3 6 5 11 4 7 ]
atoms:    [ CA CA C N C CA N HA C CA N HA C CA H N HA H HA N CA C C CA H N HA H N HA C HA C CA H N HA ]
residues: [ 0 4 4 0 7 7 7 7 6 6 6 6 5 5 6 5 5 5 4 4 2 2 3 3 4 3 3 3 2 2 0 0 1 1 2 1 1 ]

We use a different pair of symbles to represent the bits values which are associated with the HA and H of the discretized distance, and another one to represent the bits of other hydrogens.
For the HA and H from the discretized distance:
	"+" means 0
	"-" means 1
For any other hydrogens:
	">" means 0
	"<" means 1

d_26_22=3.554595076877 s=[ 0 0 0 0 1 0 1 > 0 0 1 > 0 0 > 0 > + - 0 1 0 0 0 > 1 > > 1 < 0 > 0 0 < 1 > ] xyz18=( 25.801119, 18.578133, 60.406697 )

d_26_22=3.554795277077 s=[ 0 0 0 0 1 0 1 > 0 0 1 > 0 0 > 0 > + - 0 1 0 0 0 > 1 > < 1 < 0 > 0 0 < 1 > ] xyz18=( 25.800775, 18.578576, 60.405980 )

d_26_22=3.554194676476 s=[ 0 0 0 0 1 0 1 > 0 0 1 > 0 0 > 0 > - - 0 1 0 0 0 > 1 > > 1 < 0 > 0 0 < 1 > ] xyz18=( 25.801177, 18.578057, 60.406819 )

d_26_22=3.554394876677 s=[ 0 0 0 0 1 0 1 > 0 0 1 > 0 0 > 0 > - - 0 1 0 0 0 > 1 > > 1 < 0 > 0 0 < 1 > ] xyz18=( 25.800834, 18.578499, 60.406104 )

d_26_22=3.554995477277 s=[ 0 0 0 0 1 0 1 > 0 0 1 > 0 0 < 0 > + - 0 1 0 0 0 > 1 > < 1 < 0 > 0 0 < 1 > ] xyz18=( 25.800431, 18.579019, 60.405262 )

d_26_22=3.554595076877 s=[ 0 0 0 0 1 0 1 > 0 0 1 > 0 0 < 0 > - - 0 1 0 0 0 > 1 > < 1 < 0 > 0 0 < 1 > ] xyz18=( 25.800492, 18.578941, 60.405388 )

d_26_22=3.554995477277 s=[ 0 0 0 1 0 1 0 < 1 1 0 < 1 1 > 1 < - + 1 0 1 1 1 < 0 < > 0 > 1 < 1 1 > 0 < ] xyz18=( 25.671344, 18.773923, 59.956147 )

d_26_22=3.554194676476 s=[ 0 0 0 1 0 1 0 < 1 1 0 < 1 1 < 1 < + + 1 0 1 1 1 < 0 < < 0 > 1 < 1 1 > 0 < ] xyz18=( 25.671100, 18.774456, 59.954260 )

d_26_22=3.554394876677 s=[ 0 0 0 1 0 1 0 < 1 1 0 < 1 1 < 1 < + + 1 0 1 1 1 < 0 < < 0 > 1 < 1 1 > 0 < ] xyz18=( 25.671212, 18.774211, 59.955127 )

d_26_22=3.554595076877 s=[ 0 0 0 1 0 1 0 < 1 1 0 < 1 1 < 1 < + + 1 0 1 1 1 < 0 < > 0 > 1 < 1 1 > 0 < ] xyz18=( 25.671324, 18.773966, 59.955995 )

d_26_22=3.554595076877 s=[ 0 0 0 1 0 1 0 < 1 1 0 < 1 1 < 1 < - + 1 0 1 1 1 < 0 < < 0 > 1 < 1 1 > 0 < ] xyz18=( 25.671119, 18.774414, 59.954409 )

d_26_22=3.554795277077 s=[ 0 0 0 1 0 1 0 < 1 1 0 < 1 1 < 1 < - + 1 0 1 1 1 < 0 < > 0 > 1 < 1 1 > 0 < ] xyz18=( 25.671231, 18.774169, 59.955277 )

