xyz18=( 25.801119 18.578133 60.406697 )
xyz18=( 25.801119 18.578133 60.406697 )
xyz18=( 25.800775 18.578576 60.405980 )
xyz18=( 25.800775 18.578576 60.405980 )
xyz18=( 25.800431 18.579019 60.405262 )
xyz18=( 25.800431 18.579019 60.405262 )
xyz18=( 25.801177 18.578057 60.406819 )
xyz18=( 25.801177 18.578057 60.406819 )
xyz18=( 25.800834 18.578499 60.406104 )
xyz18=( 25.800834 18.578499 60.406104 )
xyz18=( 25.800492 18.578941 60.405388 )
xyz18=( 25.800492 18.578941 60.405388 )
xyz18=( 25.801119 18.578133 60.406697 )
xyz18=( 25.801119 18.578133 60.406697 )
xyz18=( 25.800775 18.578576 60.405980 )
xyz18=( 25.800775 18.578576 60.405980 )
xyz18=( 25.800431 18.579019 60.405262 )
xyz18=( 25.800431 18.579019 60.405262 )
xyz18=( 25.801177 18.578057 60.406819 )
xyz18=( 25.801177 18.578057 60.406819 )
xyz18=( 25.800834 18.578499 60.406104 )
xyz18=( 25.800834 18.578499 60.406104 )
xyz18=( 25.800492 18.578941 60.405388 )
xyz18=( 25.800492 18.578941 60.405388 )
xyz18=( 25.671100 18.774456 59.954260 )
xyz18=( 25.671100 18.774456 59.954260 )
xyz18=( 25.671212 18.774211 59.955127 )
xyz18=( 25.671212 18.774211 59.955127 )
xyz18=( 25.671324 18.773966 59.955995 )
xyz18=( 25.671324 18.773966 59.955995 )
xyz18=( 25.671119 18.774414 59.954409 )
xyz18=( 25.671119 18.774414 59.954409 )
xyz18=( 25.671231 18.774169 59.955277 )
xyz18=( 25.671231 18.774169 59.955277 )
xyz18=( 25.671344 18.773923 59.956147 )
xyz18=( 25.671344 18.773923 59.956147 )
xyz18=( 25.671100 18.774456 59.954260 )
xyz18=( 25.671100 18.774456 59.954260 )
xyz18=( 25.671212 18.774211 59.955127 )
xyz18=( 25.671212 18.774211 59.955127 )
xyz18=( 25.671324 18.773966 59.955995 )
xyz18=( 25.671324 18.773966 59.955995 )
xyz18=( 25.671119 18.774414 59.954409 )
xyz18=( 25.671119 18.774414 59.954409 )
xyz18=( 25.671231 18.774169 59.955277 )
xyz18=( 25.671231 18.774169 59.955277 )
xyz18=( 25.671344 18.773923 59.956147 )
xyz18=( 25.671344 18.773923 59.956147 )
