xyz19=( 18.474599 33.986800 9.545542 )
xyz19=( 18.474555 33.987290 9.545761 )
xyz19=( 18.474511 33.987781 9.545981 )
xyz19=( 18.474468 33.988272 9.546201 )
xyz19=( 18.474425 33.988763 9.546420 )
xyz19=( 18.474382 33.989255 9.546640 )
xyz19=( 18.474339 33.989746 9.546860 )
xyz19=( 18.474296 33.990238 9.547080 )
xyz19=( 18.474254 33.990730 9.547299 )
xyz19=( 18.474212 33.991222 9.547519 )
xyz19=( 18.474170 33.991714 9.547739 )
xyz19=( 18.474128 33.992207 9.547959 )
xyz19=( 18.474086 33.992700 9.548179 )
xyz19=( 18.474599 33.986800 9.545542 )
xyz19=( 18.474555 33.987290 9.545761 )
xyz19=( 18.474511 33.987781 9.545981 )
xyz19=( 18.474468 33.988272 9.546201 )
xyz19=( 18.474425 33.988763 9.546420 )
xyz19=( 18.474382 33.989255 9.546640 )
xyz19=( 18.474339 33.989746 9.546860 )
xyz19=( 18.474296 33.990238 9.547080 )
xyz19=( 18.474254 33.990730 9.547299 )
xyz19=( 18.474212 33.991222 9.547519 )
xyz19=( 18.474170 33.991714 9.547739 )
xyz19=( 18.474128 33.992207 9.547959 )
xyz19=( 18.474086 33.992700 9.548179 )
xyz19=( 18.474599 33.986800 9.545542 )
xyz19=( 18.474555 33.987290 9.545761 )
xyz19=( 18.474511 33.987781 9.545981 )
xyz19=( 18.474468 33.988272 9.546201 )
xyz19=( 18.474425 33.988763 9.546420 )
xyz19=( 18.474382 33.989255 9.546640 )
xyz19=( 18.474339 33.989746 9.546860 )
xyz19=( 18.474296 33.990238 9.547080 )
xyz19=( 18.474254 33.990730 9.547299 )
xyz19=( 18.474212 33.991222 9.547519 )
xyz19=( 18.474170 33.991714 9.547739 )
xyz19=( 18.474128 33.992207 9.547959 )
xyz19=( 18.474086 33.992700 9.548179 )
xyz19=( 18.474599 33.986800 9.545542 )
xyz19=( 18.474555 33.987290 9.545761 )
xyz19=( 18.474511 33.987781 9.545981 )
xyz19=( 18.474468 33.988272 9.546201 )
xyz19=( 18.474425 33.988763 9.546420 )
xyz19=( 18.474382 33.989255 9.546640 )
xyz19=( 18.474339 33.989746 9.546860 )
xyz19=( 18.474296 33.990238 9.547080 )
xyz19=( 18.474254 33.990730 9.547299 )
xyz19=( 18.474212 33.991222 9.547519 )
xyz19=( 18.474170 33.991714 9.547739 )
xyz19=( 18.474128 33.992207 9.547959 )
xyz19=( 18.474086 33.992700 9.548179 )
xyz19=( 20.193142 33.054603 8.802426 )
xyz19=( 20.193645 33.054797 8.802409 )
xyz19=( 20.194148 33.054991 8.802392 )
xyz19=( 20.194651 33.055186 8.802376 )
xyz19=( 20.195154 33.055380 8.802359 )
xyz19=( 20.195657 33.055575 8.802343 )
xyz19=( 20.196161 33.055771 8.802326 )
xyz19=( 20.196664 33.055966 8.802310 )
xyz19=( 20.197168 33.056162 8.802294 )
xyz19=( 20.197671 33.056358 8.802278 )
xyz19=( 20.198175 33.056555 8.802262 )
xyz19=( 20.198679 33.056751 8.802246 )
xyz19=( 20.199183 33.056948 8.802230 )
xyz19=( 20.193142 33.054603 8.802426 )
xyz19=( 20.193645 33.054797 8.802409 )
xyz19=( 20.194148 33.054991 8.802392 )
xyz19=( 20.194651 33.055186 8.802376 )
xyz19=( 20.195154 33.055380 8.802359 )
xyz19=( 20.195657 33.055575 8.802343 )
xyz19=( 20.196161 33.055771 8.802326 )
xyz19=( 20.196664 33.055966 8.802310 )
xyz19=( 20.197168 33.056162 8.802294 )
xyz19=( 20.197671 33.056358 8.802278 )
xyz19=( 20.198175 33.056555 8.802262 )
xyz19=( 20.198679 33.056751 8.802246 )
xyz19=( 20.199183 33.056948 8.802230 )
xyz19=( 20.193142 33.054603 8.802426 )
xyz19=( 20.193645 33.054797 8.802409 )
xyz19=( 20.194148 33.054991 8.802392 )
xyz19=( 20.194651 33.055186 8.802376 )
xyz19=( 20.195154 33.055380 8.802359 )
xyz19=( 20.195657 33.055575 8.802343 )
xyz19=( 20.196161 33.055771 8.802326 )
xyz19=( 20.196664 33.055966 8.802310 )
xyz19=( 20.197168 33.056162 8.802294 )
xyz19=( 20.197671 33.056358 8.802278 )
xyz19=( 20.198175 33.056555 8.802262 )
xyz19=( 20.198679 33.056751 8.802246 )
xyz19=( 20.199183 33.056948 8.802230 )
xyz19=( 20.193142 33.054603 8.802426 )
xyz19=( 20.193645 33.054797 8.802409 )
xyz19=( 20.194148 33.054991 8.802392 )
xyz19=( 20.194651 33.055186 8.802376 )
xyz19=( 20.195154 33.055380 8.802359 )
xyz19=( 20.195657 33.055575 8.802343 )
xyz19=( 20.196161 33.055771 8.802326 )
xyz19=( 20.196664 33.055966 8.802310 )
xyz19=( 20.197168 33.056162 8.802294 )
xyz19=( 20.197671 33.056358 8.802278 )
xyz19=( 20.198175 33.056555 8.802262 )
xyz19=( 20.198679 33.056751 8.802246 )
xyz19=( 20.199183 33.056948 8.802230 )
