order:    [ 1 20 21 0 36 35 34 31 30 37 29 33 26 25 32 24 28 27 23 19 10 11 16 15 22 14 18 17 9 13 2 3 6 5 12 4 8 7 ]
atoms:    [ CA CA C N C CA N C CA H N HA C CA H N HA H HA N CA C C CA H N HA H N HA C HA C CA H N HA H ]
residues: [ 0 4 4 0 7 7 7 6 6 7 6 6 5 5 6 5 5 5 4 4 2 2 3 3 4 3 3 3 2 2 0 0 1 1 2 1 1 1 ]

d_27_23=3.345935984875 eijMax=9.945E-03 rmsd=5.570E-02 s=[ 0 0 0 0 0 0 1 0 0 0 0 1 1 0 0 0 1 0 0 1 1 1 1 1 1 0 1 0 1 0 0 1 0 0 0 0 1 0 ]
d_27_23=3.346136185075 eijMax=8.948E-03 rmsd=5.010E-02 s=[ 0 0 0 0 0 0 1 0 0 0 0 1 1 0 0 0 1 0 0 1 1 1 1 1 1 0 1 0 1 0 0 1 0 0 0 0 1 0 ]
d_27_23=3.346336385275 eijMax=7.949E-03 rmsd=4.450E-02 s=[ 0 0 0 0 0 0 1 0 0 0 0 1 1 0 0 0 1 0 0 1 1 1 1 1 1 0 1 0 1 0 0 1 0 0 0 0 1 0 ]
d_27_23=3.346536585475 eijMax=6.949E-03 rmsd=3.890E-02 s=[ 0 0 0 0 0 0 1 0 0 0 0 1 1 0 0 0 1 0 0 1 1 1 1 1 1 0 1 0 1 0 0 1 0 0 0 0 1 0 ]
d_27_23=3.346736785676 eijMax=5.947E-03 rmsd=3.329E-02 s=[ 0 0 0 0 0 0 1 0 0 0 0 1 1 0 0 0 1 0 0 1 1 1 1 1 1 0 1 0 1 0 0 1 0 0 0 0 1 0 ]
d_27_23=3.346936985876 eijMax=4.943E-03 rmsd=2.768E-02 s=[ 0 0 0 0 0 0 1 0 0 0 0 1 1 0 0 0 1 0 0 1 1 1 1 1 1 0 1 0 1 0 0 1 0 0 0 0 1 0 ]
d_27_23=3.347137186076 eijMax=3.938E-03 rmsd=2.206E-02 s=[ 0 0 0 0 0 0 1 0 0 0 0 1 1 0 0 0 1 0 0 1 1 1 1 1 1 0 1 0 1 0 0 1 0 0 0 0 1 0 ]
d_27_23=3.347337386276 eijMax=2.932E-03 rmsd=1.644E-02 s=[ 0 0 0 0 0 0 1 0 0 0 0 1 1 0 0 0 1 0 0 1 1 1 1 1 1 0 1 0 1 0 0 1 0 0 0 0 1 0 ]
d_27_23=3.347537586476 eijMax=1.924E-03 rmsd=1.082E-02 s=[ 0 0 0 0 0 0 1 0 0 0 0 1 1 0 0 0 1 0 0 1 1 1 1 1 1 0 1 0 1 0 0 1 0 0 0 0 1 0 ]
d_27_23=3.347737786677 eijMax=9.141E-04 rmsd=5.201E-03 s=[ 0 0 0 0 0 0 1 0 0 0 0 1 1 0 0 0 1 0 0 1 1 1 1 1 1 0 1 0 1 0 0 1 0 0 0 0 1 0 ]
d_27_23=3.347937986877 eijMax=9.705E-05 rmsd=4.291E-04 s=[ 0 0 0 0 0 0 1 0 0 0 0 1 1 0 0 0 1 0 0 1 1 1 1 1 1 0 1 0 1 0 0 1 0 0 0 0 1 0 ]
d_27_23=3.348138187077 eijMax=1.110E-03 rmsd=6.054E-03 s=[ 0 0 0 0 0 0 1 0 0 0 0 1 1 0 0 0 1 0 0 1 1 1 1 1 1 0 1 0 1 0 0 1 0 0 0 0 1 0 ]
d_27_23=3.348338387277 eijMax=2.124E-03 rmsd=1.169E-02 s=[ 0 0 0 0 0 0 1 0 0 0 0 1 1 0 0 0 1 0 0 1 1 1 1 1 1 0 1 0 1 0 0 1 0 0 0 0 1 0 ]
d_27_23=3.345935984875 eijMax=9.945E-03 rmsd=5.570E-02 s=[ 0 0 0 1 1 1 0 1 1 1 1 0 0 1 1 1 0 0 1 0 0 0 0 0 0 1 0 0 0 1 1 0 1 1 1 1 0 0 ]
d_27_23=3.346136185075 eijMax=8.948E-03 rmsd=5.010E-02 s=[ 0 0 0 1 1 1 0 1 1 1 1 0 0 1 1 1 0 0 1 0 0 0 0 0 0 1 0 0 0 1 1 0 1 1 1 1 0 0 ]
d_27_23=3.346336385275 eijMax=7.949E-03 rmsd=4.450E-02 s=[ 0 0 0 1 1 1 0 1 1 1 1 0 0 1 1 1 0 0 1 0 0 0 0 0 0 1 0 0 0 1 1 0 1 1 1 1 0 0 ]
d_27_23=3.346536585475 eijMax=6.949E-03 rmsd=3.890E-02 s=[ 0 0 0 1 1 1 0 1 1 1 1 0 0 1 1 1 0 0 1 0 0 0 0 0 0 1 0 0 0 1 1 0 1 1 1 1 0 0 ]
d_27_23=3.346736785676 eijMax=5.947E-03 rmsd=3.329E-02 s=[ 0 0 0 1 1 1 0 1 1 1 1 0 0 1 1 1 0 0 1 0 0 0 0 0 0 1 0 0 0 1 1 0 1 1 1 1 0 0 ]
d_27_23=3.346936985876 eijMax=4.943E-03 rmsd=2.768E-02 s=[ 0 0 0 1 1 1 0 1 1 1 1 0 0 1 1 1 0 0 1 0 0 0 0 0 0 1 0 0 0 1 1 0 1 1 1 1 0 0 ]
d_27_23=3.347137186076 eijMax=3.938E-03 rmsd=2.206E-02 s=[ 0 0 0 1 1 1 0 1 1 1 1 0 0 1 1 1 0 0 1 0 0 0 0 0 0 1 0 0 0 1 1 0 1 1 1 1 0 0 ]
d_27_23=3.347337386276 eijMax=2.932E-03 rmsd=1.644E-02 s=[ 0 0 0 1 1 1 0 1 1 1 1 0 0 1 1 1 0 0 1 0 0 0 0 0 0 1 0 0 0 1 1 0 1 1 1 1 0 0 ]
d_27_23=3.347537586476 eijMax=1.924E-03 rmsd=1.082E-02 s=[ 0 0 0 1 1 1 0 1 1 1 1 0 0 1 1 1 0 0 1 0 0 0 0 0 0 1 0 0 0 1 1 0 1 1 1 1 0 0 ]
d_27_23=3.347737786677 eijMax=9.141E-04 rmsd=5.201E-03 s=[ 0 0 0 1 1 1 0 1 1 1 1 0 0 1 1 1 0 0 1 0 0 0 0 0 0 1 0 0 0 1 1 0 1 1 1 1 0 0 ]
d_27_23=3.347937986877 eijMax=9.705E-05 rmsd=4.291E-04 s=[ 0 0 0 1 1 1 0 1 1 1 1 0 0 1 1 1 0 0 1 0 0 0 0 0 0 1 0 0 0 1 1 0 1 1 1 1 0 0 ]
d_27_23=3.348138187077 eijMax=1.110E-03 rmsd=6.054E-03 s=[ 0 0 0 1 1 1 0 1 1 1 1 0 0 1 1 1 0 0 1 0 0 0 0 0 0 1 0 0 0 1 1 0 1 1 1 1 0 0 ]
d_27_23=3.348338387277 eijMax=2.124E-03 rmsd=1.169E-02 s=[ 0 0 0 1 1 1 0 1 1 1 1 0 0 1 1 1 0 0 1 0 0 0 0 0 0 1 0 0 0 1 1 0 1 1 1 1 0 0 ]
num ..... 1000
nnodes .. 38
nedges .. 215
nsols ... 104
nbbsols . 26
tsecs ... 53.376271
