xyz19=( 26.926495 12.738409 67.694900 )
xyz19=( 26.926495 12.738409 67.694900 )
xyz19=( 26.929746 12.735952 67.695107 )
xyz19=( 26.929746 12.735952 67.695107 )
xyz19=( 26.933001 12.733491 67.695327 )
xyz19=( 26.933001 12.733491 67.695327 )
xyz19=( 26.926495 12.738409 67.694900 )
xyz19=( 26.926495 12.738409 67.694900 )
xyz19=( 26.929746 12.735952 67.695107 )
xyz19=( 26.929746 12.735952 67.695107 )
xyz19=( 26.933001 12.733491 67.695327 )
xyz19=( 26.933001 12.733491 67.695327 )
xyz19=( 26.926495 12.738409 67.694900 )
xyz19=( 26.926495 12.738409 67.694900 )
xyz19=( 26.929746 12.735952 67.695107 )
xyz19=( 26.929746 12.735952 67.695107 )
xyz19=( 26.933001 12.733491 67.695327 )
xyz19=( 26.933001 12.733491 67.695327 )
xyz19=( 26.926495 12.738409 67.694900 )
xyz19=( 26.926495 12.738409 67.694900 )
xyz19=( 26.929746 12.735952 67.695107 )
xyz19=( 26.929746 12.735952 67.695107 )
xyz19=( 26.933001 12.733491 67.695327 )
xyz19=( 26.933001 12.733491 67.695327 )
xyz19=( 27.640533 12.115805 68.161197 )
xyz19=( 27.640533 12.115805 68.161197 )
xyz19=( 27.638728 12.117757 68.158102 )
xyz19=( 27.638728 12.117757 68.158102 )
xyz19=( 27.636911 12.119718 68.155010 )
xyz19=( 27.636911 12.119718 68.155010 )
xyz19=( 27.640533 12.115805 68.161197 )
xyz19=( 27.640533 12.115805 68.161197 )
xyz19=( 27.638728 12.117757 68.158102 )
xyz19=( 27.638728 12.117757 68.158102 )
xyz19=( 27.636911 12.119718 68.155010 )
xyz19=( 27.636911 12.119718 68.155010 )
xyz19=( 27.640533 12.115805 68.161197 )
xyz19=( 27.640533 12.115805 68.161197 )
xyz19=( 27.638728 12.117757 68.158102 )
xyz19=( 27.638728 12.117757 68.158102 )
xyz19=( 27.636911 12.119718 68.155010 )
xyz19=( 27.636911 12.119718 68.155010 )
xyz19=( 27.640533 12.115805 68.161197 )
xyz19=( 27.640533 12.115805 68.161197 )
xyz19=( 27.638728 12.117757 68.158102 )
xyz19=( 27.638728 12.117757 68.158102 )
xyz19=( 27.636911 12.119718 68.155010 )
xyz19=( 27.636911 12.119718 68.155010 )
