order:    [ 1 20 21 0 36 35 34 38 31 30 37 29 33 26 25 32 24 28 27 23 19 10 11 16 15 22 14 18 17 9 13 2 3 6 5 12 4 8 7 ]
atoms:    [ CA CA C N C CA N HA C CA H N HA C CA H N HA H HA N CA C C CA H N HA H N HA C HA C CA H N HA H ]
residues: [ 0 4 4 0 7 7 7 7 6 6 7 6 6 5 5 6 5 5 5 4 4 2 2 3 3 4 3 3 3 2 2 0 0 1 1 2 1 1 1 ]

We use a different pair of symbles to represent the bits values which are associated with the HA and H of the discretized distance, and another one to represent the bits of other hydrogens.
For the HA and H from the discretized distance:
	"+" means 0
	"-" means 1
For any other hydrogens:
	">" means 0
	"<" means 1

d_27_23=3.121558557077 s=[ 0 0 0 0 1 1 1 > 0 1 > 1 > 0 0 > 0 > + - 0 0 0 0 0 > 1 > > 0 < 0 > 1 1 > 1 > > ]
3.121558557077 s=[ 0 0 0 0 1 1 1 > 0 1 > 1 > 0 0 > 0 > + - 0 0 0 0 0 > 1 > > 0 < 0 > 1 1 < 1 > > ]
3.121558557077 s=[ 0 0 0 0 1 1 1 > 0 1 > 1 > 0 0 < 0 > + - 0 0 0 0 0 > 1 > > 0 < 0 > 1 1 > 1 > > ]
3.121558557077 s=[ 0 0 0 0 1 1 1 > 0 1 > 1 > 0 0 < 0 > + - 0 0 0 0 0 > 1 > > 0 < 0 > 1 1 < 1 > > ]
3.121558557077 s=[ 0 0 0 0 1 1 1 > 0 1 < 1 > 0 0 > 0 > + - 0 0 0 0 0 > 1 > > 0 < 0 > 1 1 > 1 > > ]
3.121558557077 s=[ 0 0 0 0 1 1 1 > 0 1 < 1 > 0 0 > 0 > + - 0 0 0 0 0 > 1 > > 0 < 0 > 1 1 < 1 > > ]
3.121558557077 s=[ 0 0 0 0 1 1 1 > 0 1 < 1 > 0 0 < 0 > + - 0 0 0 0 0 > 1 > > 0 < 0 > 1 1 > 1 > > ]
3.121558557077 s=[ 0 0 0 0 1 1 1 > 0 1 < 1 > 0 0 < 0 > + - 0 0 0 0 0 > 1 > > 0 < 0 > 1 1 < 1 > > ]

d_27_23=3.121758757277 s=[ 0 0 0 0 1 1 1 > 0 1 > 1 > 0 0 > 0 > + - 0 0 0 0 0 > 1 > > 0 < 0 > 1 1 > 1 > > ]
3.121758757277 s=[ 0 0 0 0 1 1 1 > 0 1 > 1 > 0 0 > 0 > + - 0 0 0 0 0 > 1 > > 0 < 0 > 1 1 < 1 > > ]
3.121758757277 s=[ 0 0 0 0 1 1 1 > 0 1 > 1 > 0 0 < 0 > + - 0 0 0 0 0 > 1 > > 0 < 0 > 1 1 > 1 > > ]
3.121758757277 s=[ 0 0 0 0 1 1 1 > 0 1 > 1 > 0 0 < 0 > + - 0 0 0 0 0 > 1 > > 0 < 0 > 1 1 < 1 > > ]
3.121758757277 s=[ 0 0 0 0 1 1 1 > 0 1 < 1 > 0 0 > 0 > + - 0 0 0 0 0 > 1 > > 0 < 0 > 1 1 > 1 > > ]
3.121758757277 s=[ 0 0 0 0 1 1 1 > 0 1 < 1 > 0 0 > 0 > + - 0 0 0 0 0 > 1 > > 0 < 0 > 1 1 < 1 > > ]
3.121758757277 s=[ 0 0 0 0 1 1 1 > 0 1 < 1 > 0 0 < 0 > + - 0 0 0 0 0 > 1 > > 0 < 0 > 1 1 > 1 > > ]
3.121758757277 s=[ 0 0 0 0 1 1 1 > 0 1 < 1 > 0 0 < 0 > + - 0 0 0 0 0 > 1 > > 0 < 0 > 1 1 < 1 > > ]

d_27_23=3.121958957477 s=[ 0 0 0 0 1 1 1 > 0 1 > 1 > 0 0 > 0 > + - 0 0 0 0 0 > 1 > > 0 < 0 > 1 1 > 1 > > ]
3.121958957477 s=[ 0 0 0 0 1 1 1 > 0 1 > 1 > 0 0 > 0 > + - 0 0 0 0 0 > 1 > > 0 < 0 > 1 1 < 1 > > ]
3.121958957477 s=[ 0 0 0 0 1 1 1 > 0 1 > 1 > 0 0 < 0 > + - 0 0 0 0 0 > 1 > > 0 < 0 > 1 1 > 1 > > ]
3.121958957477 s=[ 0 0 0 0 1 1 1 > 0 1 > 1 > 0 0 < 0 > + - 0 0 0 0 0 > 1 > > 0 < 0 > 1 1 < 1 > > ]
3.121958957477 s=[ 0 0 0 0 1 1 1 > 0 1 < 1 > 0 0 > 0 > + - 0 0 0 0 0 > 1 > > 0 < 0 > 1 1 > 1 > > ]
3.121958957477 s=[ 0 0 0 0 1 1 1 > 0 1 < 1 > 0 0 > 0 > + - 0 0 0 0 0 > 1 > > 0 < 0 > 1 1 < 1 > > ]
3.121958957477 s=[ 0 0 0 0 1 1 1 > 0 1 < 1 > 0 0 < 0 > + - 0 0 0 0 0 > 1 > > 0 < 0 > 1 1 > 1 > > ]
3.121958957477 s=[ 0 0 0 0 1 1 1 > 0 1 < 1 > 0 0 < 0 > + - 0 0 0 0 0 > 1 > > 0 < 0 > 1 1 < 1 > > ]

d_27_23=3.122159157678 s=[ 0 0 0 0 1 1 1 > 0 1 > 1 > 0 0 > 0 > + - 0 0 0 0 0 > 1 > > 0 < 0 > 1 1 > 1 > > ]
3.122159157678 s=[ 0 0 0 0 1 1 1 > 0 1 > 1 > 0 0 > 0 > + - 0 0 0 0 0 > 1 > > 0 < 0 > 1 1 < 1 > > ]
3.122159157678 s=[ 0 0 0 0 1 1 1 > 0 1 > 1 > 0 0 < 0 > + - 0 0 0 0 0 > 1 > > 0 < 0 > 1 1 > 1 > > ]
3.122159157678 s=[ 0 0 0 0 1 1 1 > 0 1 > 1 > 0 0 < 0 > + - 0 0 0 0 0 > 1 > > 0 < 0 > 1 1 < 1 > > ]
3.122159157678 s=[ 0 0 0 0 1 1 1 > 0 1 < 1 > 0 0 > 0 > + - 0 0 0 0 0 > 1 > > 0 < 0 > 1 1 > 1 > > ]
3.122159157678 s=[ 0 0 0 0 1 1 1 > 0 1 < 1 > 0 0 > 0 > + - 0 0 0 0 0 > 1 > > 0 < 0 > 1 1 < 1 > > ]
3.122159157678 s=[ 0 0 0 0 1 1 1 > 0 1 < 1 > 0 0 < 0 > + - 0 0 0 0 0 > 1 > > 0 < 0 > 1 1 > 1 > > ]
3.122159157678 s=[ 0 0 0 0 1 1 1 > 0 1 < 1 > 0 0 < 0 > + - 0 0 0 0 0 > 1 > > 0 < 0 > 1 1 < 1 > > ]

d_27_23=3.122359357878 s=[ 0 0 0 0 1 1 1 > 0 1 > 1 > 0 0 > 0 > + - 0 0 0 0 0 > 1 > > 0 < 0 > 1 1 > 1 > > ]
3.122359357878 s=[ 0 0 0 0 1 1 1 > 0 1 > 1 > 0 0 > 0 > + - 0 0 0 0 0 > 1 > > 0 < 0 > 1 1 < 1 > > ]
3.122359357878 s=[ 0 0 0 0 1 1 1 > 0 1 > 1 > 0 0 < 0 > + - 0 0 0 0 0 > 1 > > 0 < 0 > 1 1 > 1 > > ]
3.122359357878 s=[ 0 0 0 0 1 1 1 > 0 1 > 1 > 0 0 < 0 > + - 0 0 0 0 0 > 1 > > 0 < 0 > 1 1 < 1 > > ]
3.122359357878 s=[ 0 0 0 0 1 1 1 > 0 1 < 1 > 0 0 > 0 > + - 0 0 0 0 0 > 1 > > 0 < 0 > 1 1 > 1 > > ]
3.122359357878 s=[ 0 0 0 0 1 1 1 > 0 1 < 1 > 0 0 > 0 > + - 0 0 0 0 0 > 1 > > 0 < 0 > 1 1 < 1 > > ]
3.122359357878 s=[ 0 0 0 0 1 1 1 > 0 1 < 1 > 0 0 < 0 > + - 0 0 0 0 0 > 1 > > 0 < 0 > 1 1 > 1 > > ]
3.122359357878 s=[ 0 0 0 0 1 1 1 > 0 1 < 1 > 0 0 < 0 > + - 0 0 0 0 0 > 1 > > 0 < 0 > 1 1 < 1 > > ]

d_27_23=3.122559558078 s=[ 0 0 0 0 1 1 1 > 0 1 > 1 > 0 0 > 0 > + - 0 0 0 0 0 > 1 > > 0 < 0 > 1 1 > 1 > > ]
3.122559558078 s=[ 0 0 0 0 1 1 1 > 0 1 > 1 > 0 0 > 0 > + - 0 0 0 0 0 > 1 > > 0 < 0 > 1 1 < 1 > > ]
3.122559558078 s=[ 0 0 0 0 1 1 1 > 0 1 > 1 > 0 0 < 0 > + - 0 0 0 0 0 > 1 > > 0 < 0 > 1 1 > 1 > > ]
3.122559558078 s=[ 0 0 0 0 1 1 1 > 0 1 > 1 > 0 0 < 0 > + - 0 0 0 0 0 > 1 > > 0 < 0 > 1 1 < 1 > > ]
3.122559558078 s=[ 0 0 0 0 1 1 1 > 0 1 < 1 > 0 0 > 0 > + - 0 0 0 0 0 > 1 > > 0 < 0 > 1 1 > 1 > > ]
3.122559558078 s=[ 0 0 0 0 1 1 1 > 0 1 < 1 > 0 0 > 0 > + - 0 0 0 0 0 > 1 > > 0 < 0 > 1 1 < 1 > > ]
3.122559558078 s=[ 0 0 0 0 1 1 1 > 0 1 < 1 > 0 0 < 0 > + - 0 0 0 0 0 > 1 > > 0 < 0 > 1 1 > 1 > > ]
3.122559558078 s=[ 0 0 0 0 1 1 1 > 0 1 < 1 > 0 0 < 0 > + - 0 0 0 0 0 > 1 > > 0 < 0 > 1 1 < 1 > > ]

d_27_23=3.122759758278 s=[ 0 0 0 0 1 1 1 > 0 1 > 1 > 0 0 > 0 > + - 0 0 0 0 0 > 1 > > 0 < 0 > 1 1 > 1 > > ]
3.122759758278 s=[ 0 0 0 0 1 1 1 > 0 1 > 1 > 0 0 > 0 > + - 0 0 0 0 0 > 1 > > 0 < 0 > 1 1 < 1 > > ]
3.122759758278 s=[ 0 0 0 0 1 1 1 > 0 1 > 1 > 0 0 < 0 > + - 0 0 0 0 0 > 1 > > 0 < 0 > 1 1 > 1 > > ]
3.122759758278 s=[ 0 0 0 0 1 1 1 > 0 1 > 1 > 0 0 < 0 > + - 0 0 0 0 0 > 1 > > 0 < 0 > 1 1 < 1 > > ]
3.122759758278 s=[ 0 0 0 0 1 1 1 > 0 1 < 1 > 0 0 > 0 > + - 0 0 0 0 0 > 1 > > 0 < 0 > 1 1 > 1 > > ]
3.122759758278 s=[ 0 0 0 0 1 1 1 > 0 1 < 1 > 0 0 > 0 > + - 0 0 0 0 0 > 1 > > 0 < 0 > 1 1 < 1 > > ]
3.122759758278 s=[ 0 0 0 0 1 1 1 > 0 1 < 1 > 0 0 < 0 > + - 0 0 0 0 0 > 1 > > 0 < 0 > 1 1 > 1 > > ]
3.122759758278 s=[ 0 0 0 0 1 1 1 > 0 1 < 1 > 0 0 < 0 > + - 0 0 0 0 0 > 1 > > 0 < 0 > 1 1 < 1 > > ]

d_27_23=3.122959958478 s=[ 0 0 0 0 1 1 1 > 0 1 > 1 > 0 0 > 0 > + - 0 0 0 0 0 > 1 > > 0 < 0 > 1 1 > 1 > > ]
3.122959958478 s=[ 0 0 0 0 1 1 1 > 0 1 > 1 > 0 0 > 0 > + - 0 0 0 0 0 > 1 > > 0 < 0 > 1 1 < 1 > > ]
3.122959958478 s=[ 0 0 0 0 1 1 1 > 0 1 > 1 > 0 0 < 0 > + - 0 0 0 0 0 > 1 > > 0 < 0 > 1 1 > 1 > > ]
3.122959958478 s=[ 0 0 0 0 1 1 1 > 0 1 > 1 > 0 0 < 0 > + - 0 0 0 0 0 > 1 > > 0 < 0 > 1 1 < 1 > > ]
3.122959958478 s=[ 0 0 0 0 1 1 1 > 0 1 < 1 > 0 0 > 0 > + - 0 0 0 0 0 > 1 > > 0 < 0 > 1 1 > 1 > > ]
3.122959958478 s=[ 0 0 0 0 1 1 1 > 0 1 < 1 > 0 0 > 0 > + - 0 0 0 0 0 > 1 > > 0 < 0 > 1 1 < 1 > > ]
3.122959958478 s=[ 0 0 0 0 1 1 1 > 0 1 < 1 > 0 0 < 0 > + - 0 0 0 0 0 > 1 > > 0 < 0 > 1 1 > 1 > > ]
3.122959958478 s=[ 0 0 0 0 1 1 1 > 0 1 < 1 > 0 0 < 0 > + - 0 0 0 0 0 > 1 > > 0 < 0 > 1 1 < 1 > > ]

d_27_23=3.123160158679 s=[ 0 0 0 0 1 1 1 > 0 1 > 1 > 0 0 > 0 > + - 0 0 0 0 0 > 1 > > 0 < 0 > 1 1 > 1 > > ]
3.123160158679 s=[ 0 0 0 0 1 1 1 > 0 1 > 1 > 0 0 > 0 > + - 0 0 0 0 0 > 1 > > 0 < 0 > 1 1 < 1 > > ]
3.123160158679 s=[ 0 0 0 0 1 1 1 > 0 1 > 1 > 0 0 < 0 > + - 0 0 0 0 0 > 1 > > 0 < 0 > 1 1 > 1 > > ]
3.123160158679 s=[ 0 0 0 0 1 1 1 > 0 1 > 1 > 0 0 < 0 > + - 0 0 0 0 0 > 1 > > 0 < 0 > 1 1 < 1 > > ]
3.123160158679 s=[ 0 0 0 0 1 1 1 > 0 1 < 1 > 0 0 > 0 > + - 0 0 0 0 0 > 1 > > 0 < 0 > 1 1 > 1 > > ]
3.123160158679 s=[ 0 0 0 0 1 1 1 > 0 1 < 1 > 0 0 > 0 > + - 0 0 0 0 0 > 1 > > 0 < 0 > 1 1 < 1 > > ]
3.123160158679 s=[ 0 0 0 0 1 1 1 > 0 1 < 1 > 0 0 < 0 > + - 0 0 0 0 0 > 1 > > 0 < 0 > 1 1 > 1 > > ]
3.123160158679 s=[ 0 0 0 0 1 1 1 > 0 1 < 1 > 0 0 < 0 > + - 0 0 0 0 0 > 1 > > 0 < 0 > 1 1 < 1 > > ]

d_27_23=3.123360358879 s=[ 0 0 0 0 1 1 1 > 0 1 > 1 > 0 0 > 0 > + - 0 0 0 0 0 > 1 > > 0 < 0 > 1 1 > 1 > > ]
3.123360358879 s=[ 0 0 0 0 1 1 1 > 0 1 > 1 > 0 0 > 0 > + - 0 0 0 0 0 > 1 > > 0 < 0 > 1 1 < 1 > > ]
3.123360358879 s=[ 0 0 0 0 1 1 1 > 0 1 > 1 > 0 0 < 0 > + - 0 0 0 0 0 > 1 > > 0 < 0 > 1 1 > 1 > > ]
3.123360358879 s=[ 0 0 0 0 1 1 1 > 0 1 > 1 > 0 0 < 0 > + - 0 0 0 0 0 > 1 > > 0 < 0 > 1 1 < 1 > > ]
3.123360358879 s=[ 0 0 0 0 1 1 1 > 0 1 < 1 > 0 0 > 0 > + - 0 0 0 0 0 > 1 > > 0 < 0 > 1 1 > 1 > > ]
3.123360358879 s=[ 0 0 0 0 1 1 1 > 0 1 < 1 > 0 0 > 0 > + - 0 0 0 0 0 > 1 > > 0 < 0 > 1 1 < 1 > > ]
3.123360358879 s=[ 0 0 0 0 1 1 1 > 0 1 < 1 > 0 0 < 0 > + - 0 0 0 0 0 > 1 > > 0 < 0 > 1 1 > 1 > > ]
3.123360358879 s=[ 0 0 0 0 1 1 1 > 0 1 < 1 > 0 0 < 0 > + - 0 0 0 0 0 > 1 > > 0 < 0 > 1 1 < 1 > > ]

d_27_23=3.123560559079 s=[ 0 0 0 0 1 1 1 > 0 1 > 1 > 0 0 > 0 > + - 0 0 0 0 0 > 1 > > 0 < 0 > 1 1 > 1 > > ]
3.123560559079 s=[ 0 0 0 0 1 1 1 > 0 1 > 1 > 0 0 > 0 > + - 0 0 0 0 0 > 1 > > 0 < 0 > 1 1 < 1 > > ]
3.123560559079 s=[ 0 0 0 0 1 1 1 > 0 1 > 1 > 0 0 < 0 > + - 0 0 0 0 0 > 1 > > 0 < 0 > 1 1 > 1 > > ]
3.123560559079 s=[ 0 0 0 0 1 1 1 > 0 1 > 1 > 0 0 < 0 > + - 0 0 0 0 0 > 1 > > 0 < 0 > 1 1 < 1 > > ]
3.123560559079 s=[ 0 0 0 0 1 1 1 > 0 1 < 1 > 0 0 > 0 > + - 0 0 0 0 0 > 1 > > 0 < 0 > 1 1 > 1 > > ]
3.123560559079 s=[ 0 0 0 0 1 1 1 > 0 1 < 1 > 0 0 > 0 > + - 0 0 0 0 0 > 1 > > 0 < 0 > 1 1 < 1 > > ]
3.123560559079 s=[ 0 0 0 0 1 1 1 > 0 1 < 1 > 0 0 < 0 > + - 0 0 0 0 0 > 1 > > 0 < 0 > 1 1 > 1 > > ]
3.123560559079 s=[ 0 0 0 0 1 1 1 > 0 1 < 1 > 0 0 < 0 > + - 0 0 0 0 0 > 1 > > 0 < 0 > 1 1 < 1 > > ]

d_27_23=3.123760759279 s=[ 0 0 0 0 1 1 1 > 0 1 > 1 > 0 0 > 0 > + - 0 0 0 0 0 > 1 > > 0 < 0 > 1 1 > 1 > > ]
3.123760759279 s=[ 0 0 0 0 1 1 1 > 0 1 > 1 > 0 0 > 0 > + - 0 0 0 0 0 > 1 > > 0 < 0 > 1 1 < 1 > > ]
3.123760759279 s=[ 0 0 0 0 1 1 1 > 0 1 > 1 > 0 0 < 0 > + - 0 0 0 0 0 > 1 > > 0 < 0 > 1 1 > 1 > > ]
3.123760759279 s=[ 0 0 0 0 1 1 1 > 0 1 > 1 > 0 0 < 0 > + - 0 0 0 0 0 > 1 > > 0 < 0 > 1 1 < 1 > > ]
3.123760759279 s=[ 0 0 0 0 1 1 1 > 0 1 < 1 > 0 0 > 0 > + - 0 0 0 0 0 > 1 > > 0 < 0 > 1 1 > 1 > > ]
3.123760759279 s=[ 0 0 0 0 1 1 1 > 0 1 < 1 > 0 0 > 0 > + - 0 0 0 0 0 > 1 > > 0 < 0 > 1 1 < 1 > > ]
3.123760759279 s=[ 0 0 0 0 1 1 1 > 0 1 < 1 > 0 0 < 0 > + - 0 0 0 0 0 > 1 > > 0 < 0 > 1 1 > 1 > > ]
3.123760759279 s=[ 0 0 0 0 1 1 1 > 0 1 < 1 > 0 0 < 0 > + - 0 0 0 0 0 > 1 > > 0 < 0 > 1 1 < 1 > > ]

d_27_23=3.123960959479 s=[ 0 0 0 0 1 1 1 > 0 1 > 1 > 0 0 > 0 > + - 0 0 0 0 0 > 1 > > 0 < 0 > 1 1 > 1 > > ]
3.123960959479 s=[ 0 0 0 0 1 1 1 > 0 1 > 1 > 0 0 > 0 > + - 0 0 0 0 0 > 1 > > 0 < 0 > 1 1 < 1 > > ]
3.123960959479 s=[ 0 0 0 0 1 1 1 > 0 1 > 1 > 0 0 < 0 > + - 0 0 0 0 0 > 1 > > 0 < 0 > 1 1 > 1 > > ]
3.123960959479 s=[ 0 0 0 0 1 1 1 > 0 1 > 1 > 0 0 < 0 > + - 0 0 0 0 0 > 1 > > 0 < 0 > 1 1 < 1 > > ]
3.123960959479 s=[ 0 0 0 0 1 1 1 > 0 1 < 1 > 0 0 > 0 > + - 0 0 0 0 0 > 1 > > 0 < 0 > 1 1 > 1 > > ]
3.123960959479 s=[ 0 0 0 0 1 1 1 > 0 1 < 1 > 0 0 > 0 > + - 0 0 0 0 0 > 1 > > 0 < 0 > 1 1 < 1 > > ]
3.123960959479 s=[ 0 0 0 0 1 1 1 > 0 1 < 1 > 0 0 < 0 > + - 0 0 0 0 0 > 1 > > 0 < 0 > 1 1 > 1 > > ]
3.123960959479 s=[ 0 0 0 0 1 1 1 > 0 1 < 1 > 0 0 < 0 > + - 0 0 0 0 0 > 1 > > 0 < 0 > 1 1 < 1 > > ]

d_27_23=3.119156154675 s=[ 0 0 0 0 1 1 1 > 0 1 < 1 > 0 0 > 0 > + - 0 0 0 0 0 > 1 > > 0 < 0 > 1 1 < 1 > > ]
3.119156154675 s=[ 0 0 0 0 1 1 1 > 0 1 > 1 > 0 0 > 0 > + - 0 0 0 0 0 > 1 > > 0 < 0 > 1 1 > 1 > > ]
3.119156154675 s=[ 0 0 0 0 1 1 1 > 0 1 > 1 > 0 0 > 0 > + - 0 0 0 0 0 > 1 > > 0 < 0 > 1 1 < 1 > > ]
3.119156154675 s=[ 0 0 0 0 1 1 1 > 0 1 > 1 > 0 0 < 0 > + - 0 0 0 0 0 > 1 > > 0 < 0 > 1 1 > 1 > > ]
3.119156154675 s=[ 0 0 0 0 1 1 1 > 0 1 > 1 > 0 0 < 0 > + - 0 0 0 0 0 > 1 > > 0 < 0 > 1 1 < 1 > > ]
3.119156154675 s=[ 0 0 0 0 1 1 1 > 0 1 < 1 > 0 0 > 0 > + - 0 0 0 0 0 > 1 > > 0 < 0 > 1 1 > 1 > > ]
3.119156154675 s=[ 0 0 0 0 1 1 1 > 0 1 < 1 > 0 0 < 0 > + - 0 0 0 0 0 > 1 > > 0 < 0 > 1 1 > 1 > > ]
3.119156154675 s=[ 0 0 0 0 1 1 1 > 0 1 < 1 > 0 0 < 0 > + - 0 0 0 0 0 > 1 > > 0 < 0 > 1 1 < 1 > > ]

d_27_23=3.119356354875 s=[ 0 0 0 0 1 1 1 > 0 1 < 1 > 0 0 > 0 > + - 0 0 0 0 0 > 1 > > 0 < 0 > 1 1 < 1 > > ]
3.119356354875 s=[ 0 0 0 0 1 1 1 > 0 1 > 1 > 0 0 > 0 > + - 0 0 0 0 0 > 1 > > 0 < 0 > 1 1 > 1 > > ]
3.119356354875 s=[ 0 0 0 0 1 1 1 > 0 1 > 1 > 0 0 > 0 > + - 0 0 0 0 0 > 1 > > 0 < 0 > 1 1 < 1 > > ]
3.119356354875 s=[ 0 0 0 0 1 1 1 > 0 1 > 1 > 0 0 < 0 > + - 0 0 0 0 0 > 1 > > 0 < 0 > 1 1 > 1 > > ]
3.119356354875 s=[ 0 0 0 0 1 1 1 > 0 1 > 1 > 0 0 < 0 > + - 0 0 0 0 0 > 1 > > 0 < 0 > 1 1 < 1 > > ]
3.119356354875 s=[ 0 0 0 0 1 1 1 > 0 1 < 1 > 0 0 > 0 > + - 0 0 0 0 0 > 1 > > 0 < 0 > 1 1 > 1 > > ]
3.119356354875 s=[ 0 0 0 0 1 1 1 > 0 1 < 1 > 0 0 < 0 > + - 0 0 0 0 0 > 1 > > 0 < 0 > 1 1 > 1 > > ]
3.119356354875 s=[ 0 0 0 0 1 1 1 > 0 1 < 1 > 0 0 < 0 > + - 0 0 0 0 0 > 1 > > 0 < 0 > 1 1 < 1 > > ]

d_27_23=3.119556555075 s=[ 0 0 0 0 1 1 1 > 0 1 < 1 > 0 0 > 0 > + - 0 0 0 0 0 > 1 > > 0 < 0 > 1 1 < 1 > > ]
3.119556555075 s=[ 0 0 0 0 1 1 1 > 0 1 > 1 > 0 0 > 0 > + - 0 0 0 0 0 > 1 > > 0 < 0 > 1 1 > 1 > > ]
3.119556555075 s=[ 0 0 0 0 1 1 1 > 0 1 > 1 > 0 0 > 0 > + - 0 0 0 0 0 > 1 > > 0 < 0 > 1 1 < 1 > > ]
3.119556555075 s=[ 0 0 0 0 1 1 1 > 0 1 > 1 > 0 0 < 0 > + - 0 0 0 0 0 > 1 > > 0 < 0 > 1 1 > 1 > > ]
3.119556555075 s=[ 0 0 0 0 1 1 1 > 0 1 > 1 > 0 0 < 0 > + - 0 0 0 0 0 > 1 > > 0 < 0 > 1 1 < 1 > > ]
3.119556555075 s=[ 0 0 0 0 1 1 1 > 0 1 < 1 > 0 0 > 0 > + - 0 0 0 0 0 > 1 > > 0 < 0 > 1 1 > 1 > > ]
3.119556555075 s=[ 0 0 0 0 1 1 1 > 0 1 < 1 > 0 0 < 0 > + - 0 0 0 0 0 > 1 > > 0 < 0 > 1 1 > 1 > > ]
3.119556555075 s=[ 0 0 0 0 1 1 1 > 0 1 < 1 > 0 0 < 0 > + - 0 0 0 0 0 > 1 > > 0 < 0 > 1 1 < 1 > > ]

d_27_23=3.119756755275 s=[ 0 0 0 0 1 1 1 > 0 1 < 1 > 0 0 > 0 > + - 0 0 0 0 0 > 1 > > 0 < 0 > 1 1 < 1 > > ]
3.119756755275 s=[ 0 0 0 0 1 1 1 > 0 1 > 1 > 0 0 > 0 > + - 0 0 0 0 0 > 1 > > 0 < 0 > 1 1 > 1 > > ]
3.119756755275 s=[ 0 0 0 0 1 1 1 > 0 1 > 1 > 0 0 > 0 > + - 0 0 0 0 0 > 1 > > 0 < 0 > 1 1 < 1 > > ]
3.119756755275 s=[ 0 0 0 0 1 1 1 > 0 1 > 1 > 0 0 < 0 > + - 0 0 0 0 0 > 1 > > 0 < 0 > 1 1 > 1 > > ]
3.119756755275 s=[ 0 0 0 0 1 1 1 > 0 1 > 1 > 0 0 < 0 > + - 0 0 0 0 0 > 1 > > 0 < 0 > 1 1 < 1 > > ]
3.119756755275 s=[ 0 0 0 0 1 1 1 > 0 1 < 1 > 0 0 > 0 > + - 0 0 0 0 0 > 1 > > 0 < 0 > 1 1 > 1 > > ]
3.119756755275 s=[ 0 0 0 0 1 1 1 > 0 1 < 1 > 0 0 < 0 > + - 0 0 0 0 0 > 1 > > 0 < 0 > 1 1 > 1 > > ]
3.119756755275 s=[ 0 0 0 0 1 1 1 > 0 1 < 1 > 0 0 < 0 > + - 0 0 0 0 0 > 1 > > 0 < 0 > 1 1 < 1 > > ]

d_27_23=3.119956955475 s=[ 0 0 0 0 1 1 1 > 0 1 < 1 > 0 0 > 0 > + - 0 0 0 0 0 > 1 > > 0 < 0 > 1 1 < 1 > > ]
3.119956955475 s=[ 0 0 0 0 1 1 1 > 0 1 > 1 > 0 0 > 0 > + - 0 0 0 0 0 > 1 > > 0 < 0 > 1 1 > 1 > > ]
3.119956955475 s=[ 0 0 0 0 1 1 1 > 0 1 > 1 > 0 0 > 0 > + - 0 0 0 0 0 > 1 > > 0 < 0 > 1 1 < 1 > > ]
3.119956955475 s=[ 0 0 0 0 1 1 1 > 0 1 > 1 > 0 0 < 0 > + - 0 0 0 0 0 > 1 > > 0 < 0 > 1 1 > 1 > > ]
3.119956955475 s=[ 0 0 0 0 1 1 1 > 0 1 > 1 > 0 0 < 0 > + - 0 0 0 0 0 > 1 > > 0 < 0 > 1 1 < 1 > > ]
3.119956955475 s=[ 0 0 0 0 1 1 1 > 0 1 < 1 > 0 0 > 0 > + - 0 0 0 0 0 > 1 > > 0 < 0 > 1 1 > 1 > > ]
3.119956955475 s=[ 0 0 0 0 1 1 1 > 0 1 < 1 > 0 0 < 0 > + - 0 0 0 0 0 > 1 > > 0 < 0 > 1 1 > 1 > > ]
3.119956955475 s=[ 0 0 0 0 1 1 1 > 0 1 < 1 > 0 0 < 0 > + - 0 0 0 0 0 > 1 > > 0 < 0 > 1 1 < 1 > > ]

d_27_23=3.120157155676 s=[ 0 0 0 0 1 1 1 > 0 1 < 1 > 0 0 > 0 > + - 0 0 0 0 0 > 1 > > 0 < 0 > 1 1 < 1 > > ]
3.120157155676 s=[ 0 0 0 0 1 1 1 > 0 1 > 1 > 0 0 > 0 > + - 0 0 0 0 0 > 1 > > 0 < 0 > 1 1 > 1 > > ]
3.120157155676 s=[ 0 0 0 0 1 1 1 > 0 1 > 1 > 0 0 > 0 > + - 0 0 0 0 0 > 1 > > 0 < 0 > 1 1 < 1 > > ]
3.120157155676 s=[ 0 0 0 0 1 1 1 > 0 1 > 1 > 0 0 < 0 > + - 0 0 0 0 0 > 1 > > 0 < 0 > 1 1 > 1 > > ]
3.120157155676 s=[ 0 0 0 0 1 1 1 > 0 1 > 1 > 0 0 < 0 > + - 0 0 0 0 0 > 1 > > 0 < 0 > 1 1 < 1 > > ]
3.120157155676 s=[ 0 0 0 0 1 1 1 > 0 1 < 1 > 0 0 > 0 > + - 0 0 0 0 0 > 1 > > 0 < 0 > 1 1 > 1 > > ]
3.120157155676 s=[ 0 0 0 0 1 1 1 > 0 1 < 1 > 0 0 < 0 > + - 0 0 0 0 0 > 1 > > 0 < 0 > 1 1 > 1 > > ]
3.120157155676 s=[ 0 0 0 0 1 1 1 > 0 1 < 1 > 0 0 < 0 > + - 0 0 0 0 0 > 1 > > 0 < 0 > 1 1 < 1 > > ]

d_27_23=3.120357355876 s=[ 0 0 0 0 1 1 1 > 0 1 < 1 > 0 0 > 0 > + - 0 0 0 0 0 > 1 > > 0 < 0 > 1 1 < 1 > > ]
3.120357355876 s=[ 0 0 0 0 1 1 1 > 0 1 > 1 > 0 0 > 0 > + - 0 0 0 0 0 > 1 > > 0 < 0 > 1 1 > 1 > > ]
3.120357355876 s=[ 0 0 0 0 1 1 1 > 0 1 > 1 > 0 0 > 0 > + - 0 0 0 0 0 > 1 > > 0 < 0 > 1 1 < 1 > > ]
3.120357355876 s=[ 0 0 0 0 1 1 1 > 0 1 > 1 > 0 0 < 0 > + - 0 0 0 0 0 > 1 > > 0 < 0 > 1 1 > 1 > > ]
3.120357355876 s=[ 0 0 0 0 1 1 1 > 0 1 > 1 > 0 0 < 0 > + - 0 0 0 0 0 > 1 > > 0 < 0 > 1 1 < 1 > > ]
3.120357355876 s=[ 0 0 0 0 1 1 1 > 0 1 < 1 > 0 0 > 0 > + - 0 0 0 0 0 > 1 > > 0 < 0 > 1 1 > 1 > > ]
3.120357355876 s=[ 0 0 0 0 1 1 1 > 0 1 < 1 > 0 0 < 0 > + - 0 0 0 0 0 > 1 > > 0 < 0 > 1 1 > 1 > > ]
3.120357355876 s=[ 0 0 0 0 1 1 1 > 0 1 < 1 > 0 0 < 0 > + - 0 0 0 0 0 > 1 > > 0 < 0 > 1 1 < 1 > > ]

d_27_23=3.120557556076 s=[ 0 0 0 0 1 1 1 > 0 1 < 1 > 0 0 > 0 > + - 0 0 0 0 0 > 1 > > 0 < 0 > 1 1 < 1 > > ]
3.120557556076 s=[ 0 0 0 0 1 1 1 > 0 1 > 1 > 0 0 > 0 > + - 0 0 0 0 0 > 1 > > 0 < 0 > 1 1 > 1 > > ]
3.120557556076 s=[ 0 0 0 0 1 1 1 > 0 1 > 1 > 0 0 > 0 > + - 0 0 0 0 0 > 1 > > 0 < 0 > 1 1 < 1 > > ]
3.120557556076 s=[ 0 0 0 0 1 1 1 > 0 1 > 1 > 0 0 < 0 > + - 0 0 0 0 0 > 1 > > 0 < 0 > 1 1 > 1 > > ]
3.120557556076 s=[ 0 0 0 0 1 1 1 > 0 1 > 1 > 0 0 < 0 > + - 0 0 0 0 0 > 1 > > 0 < 0 > 1 1 < 1 > > ]
3.120557556076 s=[ 0 0 0 0 1 1 1 > 0 1 < 1 > 0 0 > 0 > + - 0 0 0 0 0 > 1 > > 0 < 0 > 1 1 > 1 > > ]
3.120557556076 s=[ 0 0 0 0 1 1 1 > 0 1 < 1 > 0 0 < 0 > + - 0 0 0 0 0 > 1 > > 0 < 0 > 1 1 > 1 > > ]
3.120557556076 s=[ 0 0 0 0 1 1 1 > 0 1 < 1 > 0 0 < 0 > + - 0 0 0 0 0 > 1 > > 0 < 0 > 1 1 < 1 > > ]

d_27_23=3.120757756276 s=[ 0 0 0 0 1 1 1 > 0 1 < 1 > 0 0 > 0 > + - 0 0 0 0 0 > 1 > > 0 < 0 > 1 1 > 1 > > ]
3.120757756276 s=[ 0 0 0 0 1 1 1 > 0 1 > 1 > 0 0 > 0 > + - 0 0 0 0 0 > 1 > > 0 < 0 > 1 1 > 1 > > ]
3.120757756276 s=[ 0 0 0 0 1 1 1 > 0 1 > 1 > 0 0 > 0 > + - 0 0 0 0 0 > 1 > > 0 < 0 > 1 1 < 1 > > ]
3.120757756276 s=[ 0 0 0 0 1 1 1 > 0 1 > 1 > 0 0 < 0 > + - 0 0 0 0 0 > 1 > > 0 < 0 > 1 1 > 1 > > ]
3.120757756276 s=[ 0 0 0 0 1 1 1 > 0 1 > 1 > 0 0 < 0 > + - 0 0 0 0 0 > 1 > > 0 < 0 > 1 1 < 1 > > ]
3.120757756276 s=[ 0 0 0 0 1 1 1 > 0 1 < 1 > 0 0 > 0 > + - 0 0 0 0 0 > 1 > > 0 < 0 > 1 1 < 1 > > ]
3.120757756276 s=[ 0 0 0 0 1 1 1 > 0 1 < 1 > 0 0 < 0 > + - 0 0 0 0 0 > 1 > > 0 < 0 > 1 1 > 1 > > ]
3.120757756276 s=[ 0 0 0 0 1 1 1 > 0 1 < 1 > 0 0 < 0 > + - 0 0 0 0 0 > 1 > > 0 < 0 > 1 1 < 1 > > ]

d_27_23=3.120957956476 s=[ 0 0 0 0 1 1 1 > 0 1 < 1 > 0 0 > 0 > + - 0 0 0 0 0 > 1 > > 0 < 0 > 1 1 > 1 > > ]
3.120957956476 s=[ 0 0 0 0 1 1 1 > 0 1 > 1 > 0 0 > 0 > + - 0 0 0 0 0 > 1 > > 0 < 0 > 1 1 > 1 > > ]
3.120957956476 s=[ 0 0 0 0 1 1 1 > 0 1 > 1 > 0 0 > 0 > + - 0 0 0 0 0 > 1 > > 0 < 0 > 1 1 < 1 > > ]
3.120957956476 s=[ 0 0 0 0 1 1 1 > 0 1 > 1 > 0 0 < 0 > + - 0 0 0 0 0 > 1 > > 0 < 0 > 1 1 > 1 > > ]
3.120957956476 s=[ 0 0 0 0 1 1 1 > 0 1 > 1 > 0 0 < 0 > + - 0 0 0 0 0 > 1 > > 0 < 0 > 1 1 < 1 > > ]
3.120957956476 s=[ 0 0 0 0 1 1 1 > 0 1 < 1 > 0 0 > 0 > + - 0 0 0 0 0 > 1 > > 0 < 0 > 1 1 < 1 > > ]
3.120957956476 s=[ 0 0 0 0 1 1 1 > 0 1 < 1 > 0 0 < 0 > + - 0 0 0 0 0 > 1 > > 0 < 0 > 1 1 > 1 > > ]
3.120957956476 s=[ 0 0 0 0 1 1 1 > 0 1 < 1 > 0 0 < 0 > + - 0 0 0 0 0 > 1 > > 0 < 0 > 1 1 < 1 > > ]

d_27_23=3.121158156677 s=[ 0 0 0 0 1 1 1 > 0 1 < 1 > 0 0 > 0 > + - 0 0 0 0 0 > 1 > > 0 < 0 > 1 1 > 1 > > ]
3.121158156677 s=[ 0 0 0 0 1 1 1 > 0 1 > 1 > 0 0 > 0 > + - 0 0 0 0 0 > 1 > > 0 < 0 > 1 1 > 1 > > ]
3.121158156677 s=[ 0 0 0 0 1 1 1 > 0 1 > 1 > 0 0 > 0 > + - 0 0 0 0 0 > 1 > > 0 < 0 > 1 1 < 1 > > ]
3.121158156677 s=[ 0 0 0 0 1 1 1 > 0 1 > 1 > 0 0 < 0 > + - 0 0 0 0 0 > 1 > > 0 < 0 > 1 1 > 1 > > ]
3.121158156677 s=[ 0 0 0 0 1 1 1 > 0 1 > 1 > 0 0 < 0 > + - 0 0 0 0 0 > 1 > > 0 < 0 > 1 1 < 1 > > ]
3.121158156677 s=[ 0 0 0 0 1 1 1 > 0 1 < 1 > 0 0 > 0 > + - 0 0 0 0 0 > 1 > > 0 < 0 > 1 1 < 1 > > ]
3.121158156677 s=[ 0 0 0 0 1 1 1 > 0 1 < 1 > 0 0 < 0 > + - 0 0 0 0 0 > 1 > > 0 < 0 > 1 1 > 1 > > ]
3.121158156677 s=[ 0 0 0 0 1 1 1 > 0 1 < 1 > 0 0 < 0 > + - 0 0 0 0 0 > 1 > > 0 < 0 > 1 1 < 1 > > ]

d_27_23=3.121358356877 s=[ 0 0 0 0 1 1 1 > 0 1 < 1 > 0 0 > 0 > + - 0 0 0 0 0 > 1 > > 0 < 0 > 1 1 > 1 > > ]
3.121358356877 s=[ 0 0 0 0 1 1 1 > 0 1 > 1 > 0 0 > 0 > + - 0 0 0 0 0 > 1 > > 0 < 0 > 1 1 > 1 > > ]
3.121358356877 s=[ 0 0 0 0 1 1 1 > 0 1 > 1 > 0 0 > 0 > + - 0 0 0 0 0 > 1 > > 0 < 0 > 1 1 < 1 > > ]
3.121358356877 s=[ 0 0 0 0 1 1 1 > 0 1 > 1 > 0 0 < 0 > + - 0 0 0 0 0 > 1 > > 0 < 0 > 1 1 > 1 > > ]
3.121358356877 s=[ 0 0 0 0 1 1 1 > 0 1 > 1 > 0 0 < 0 > + - 0 0 0 0 0 > 1 > > 0 < 0 > 1 1 < 1 > > ]
3.121358356877 s=[ 0 0 0 0 1 1 1 > 0 1 < 1 > 0 0 > 0 > + - 0 0 0 0 0 > 1 > > 0 < 0 > 1 1 < 1 > > ]
3.121358356877 s=[ 0 0 0 0 1 1 1 > 0 1 < 1 > 0 0 < 0 > + - 0 0 0 0 0 > 1 > > 0 < 0 > 1 1 > 1 > > ]
3.121358356877 s=[ 0 0 0 0 1 1 1 > 0 1 < 1 > 0 0 < 0 > + - 0 0 0 0 0 > 1 > > 0 < 0 > 1 1 < 1 > > ]

d_27_23=3.119156154675 s=[ 0 0 0 1 0 0 0 < 1 0 > 0 < 1 1 < 1 < + + 1 1 1 1 1 < 0 < > 1 > 1 < 0 0 > 0 < > ]
3.119156154675 s=[ 0 0 0 1 0 0 0 < 1 0 > 0 < 1 1 > 1 < + + 1 1 1 1 1 < 0 < > 1 > 1 < 0 0 > 0 < > ]
3.119156154675 s=[ 0 0 0 1 0 0 0 < 1 0 > 0 < 1 1 > 1 < + + 1 1 1 1 1 < 0 < > 1 > 1 < 0 0 < 0 < > ]
3.119156154675 s=[ 0 0 0 1 0 0 0 < 1 0 > 0 < 1 1 < 1 < + + 1 1 1 1 1 < 0 < > 1 > 1 < 0 0 < 0 < > ]
3.119156154675 s=[ 0 0 0 1 0 0 0 < 1 0 < 0 < 1 1 > 1 < + + 1 1 1 1 1 < 0 < > 1 > 1 < 0 0 > 0 < > ]
3.119156154675 s=[ 0 0 0 1 0 0 0 < 1 0 < 0 < 1 1 > 1 < + + 1 1 1 1 1 < 0 < > 1 > 1 < 0 0 < 0 < > ]
3.119156154675 s=[ 0 0 0 1 0 0 0 < 1 0 < 0 < 1 1 < 1 < + + 1 1 1 1 1 < 0 < > 1 > 1 < 0 0 > 0 < > ]
3.119156154675 s=[ 0 0 0 1 0 0 0 < 1 0 < 0 < 1 1 < 1 < + + 1 1 1 1 1 < 0 < > 1 > 1 < 0 0 < 0 < > ]

d_27_23=3.119356354875 s=[ 0 0 0 1 0 0 0 < 1 0 > 0 < 1 1 < 1 < + + 1 1 1 1 1 < 0 < > 1 > 1 < 0 0 > 0 < > ]
3.119356354875 s=[ 0 0 0 1 0 0 0 < 1 0 > 0 < 1 1 > 1 < + + 1 1 1 1 1 < 0 < > 1 > 1 < 0 0 > 0 < > ]
3.119356354875 s=[ 0 0 0 1 0 0 0 < 1 0 > 0 < 1 1 > 1 < + + 1 1 1 1 1 < 0 < > 1 > 1 < 0 0 < 0 < > ]
3.119356354875 s=[ 0 0 0 1 0 0 0 < 1 0 > 0 < 1 1 < 1 < + + 1 1 1 1 1 < 0 < > 1 > 1 < 0 0 < 0 < > ]
3.119356354875 s=[ 0 0 0 1 0 0 0 < 1 0 < 0 < 1 1 > 1 < + + 1 1 1 1 1 < 0 < > 1 > 1 < 0 0 > 0 < > ]
3.119356354875 s=[ 0 0 0 1 0 0 0 < 1 0 < 0 < 1 1 > 1 < + + 1 1 1 1 1 < 0 < > 1 > 1 < 0 0 < 0 < > ]
3.119356354875 s=[ 0 0 0 1 0 0 0 < 1 0 < 0 < 1 1 < 1 < + + 1 1 1 1 1 < 0 < > 1 > 1 < 0 0 > 0 < > ]
3.119356354875 s=[ 0 0 0 1 0 0 0 < 1 0 < 0 < 1 1 < 1 < + + 1 1 1 1 1 < 0 < > 1 > 1 < 0 0 < 0 < > ]

d_27_23=3.119556555075 s=[ 0 0 0 1 0 0 0 < 1 0 > 0 < 1 1 < 1 < + + 1 1 1 1 1 < 0 < > 1 > 1 < 0 0 > 0 < > ]
3.119556555075 s=[ 0 0 0 1 0 0 0 < 1 0 > 0 < 1 1 > 1 < + + 1 1 1 1 1 < 0 < > 1 > 1 < 0 0 > 0 < > ]
3.119556555075 s=[ 0 0 0 1 0 0 0 < 1 0 > 0 < 1 1 > 1 < + + 1 1 1 1 1 < 0 < > 1 > 1 < 0 0 < 0 < > ]
3.119556555075 s=[ 0 0 0 1 0 0 0 < 1 0 > 0 < 1 1 < 1 < + + 1 1 1 1 1 < 0 < > 1 > 1 < 0 0 < 0 < > ]
3.119556555075 s=[ 0 0 0 1 0 0 0 < 1 0 < 0 < 1 1 > 1 < + + 1 1 1 1 1 < 0 < > 1 > 1 < 0 0 > 0 < > ]
3.119556555075 s=[ 0 0 0 1 0 0 0 < 1 0 < 0 < 1 1 > 1 < + + 1 1 1 1 1 < 0 < > 1 > 1 < 0 0 < 0 < > ]
3.119556555075 s=[ 0 0 0 1 0 0 0 < 1 0 < 0 < 1 1 < 1 < + + 1 1 1 1 1 < 0 < > 1 > 1 < 0 0 > 0 < > ]
3.119556555075 s=[ 0 0 0 1 0 0 0 < 1 0 < 0 < 1 1 < 1 < + + 1 1 1 1 1 < 0 < > 1 > 1 < 0 0 < 0 < > ]

d_27_23=3.119756755275 s=[ 0 0 0 1 0 0 0 < 1 0 > 0 < 1 1 < 1 < + + 1 1 1 1 1 < 0 < > 1 > 1 < 0 0 > 0 < > ]
3.119756755275 s=[ 0 0 0 1 0 0 0 < 1 0 > 0 < 1 1 > 1 < + + 1 1 1 1 1 < 0 < > 1 > 1 < 0 0 > 0 < > ]
3.119756755275 s=[ 0 0 0 1 0 0 0 < 1 0 > 0 < 1 1 > 1 < + + 1 1 1 1 1 < 0 < > 1 > 1 < 0 0 < 0 < > ]
3.119756755275 s=[ 0 0 0 1 0 0 0 < 1 0 > 0 < 1 1 < 1 < + + 1 1 1 1 1 < 0 < > 1 > 1 < 0 0 < 0 < > ]
3.119756755275 s=[ 0 0 0 1 0 0 0 < 1 0 < 0 < 1 1 > 1 < + + 1 1 1 1 1 < 0 < > 1 > 1 < 0 0 > 0 < > ]
3.119756755275 s=[ 0 0 0 1 0 0 0 < 1 0 < 0 < 1 1 > 1 < + + 1 1 1 1 1 < 0 < > 1 > 1 < 0 0 < 0 < > ]
3.119756755275 s=[ 0 0 0 1 0 0 0 < 1 0 < 0 < 1 1 < 1 < + + 1 1 1 1 1 < 0 < > 1 > 1 < 0 0 > 0 < > ]
3.119756755275 s=[ 0 0 0 1 0 0 0 < 1 0 < 0 < 1 1 < 1 < + + 1 1 1 1 1 < 0 < > 1 > 1 < 0 0 < 0 < > ]

d_27_23=3.119956955475 s=[ 0 0 0 1 0 0 0 < 1 0 > 0 < 1 1 < 1 < + + 1 1 1 1 1 < 0 < > 1 > 1 < 0 0 > 0 < > ]
3.119956955475 s=[ 0 0 0 1 0 0 0 < 1 0 > 0 < 1 1 > 1 < + + 1 1 1 1 1 < 0 < > 1 > 1 < 0 0 > 0 < > ]
3.119956955475 s=[ 0 0 0 1 0 0 0 < 1 0 > 0 < 1 1 > 1 < + + 1 1 1 1 1 < 0 < > 1 > 1 < 0 0 < 0 < > ]
3.119956955475 s=[ 0 0 0 1 0 0 0 < 1 0 > 0 < 1 1 < 1 < + + 1 1 1 1 1 < 0 < > 1 > 1 < 0 0 < 0 < > ]
3.119956955475 s=[ 0 0 0 1 0 0 0 < 1 0 < 0 < 1 1 > 1 < + + 1 1 1 1 1 < 0 < > 1 > 1 < 0 0 > 0 < > ]
3.119956955475 s=[ 0 0 0 1 0 0 0 < 1 0 < 0 < 1 1 > 1 < + + 1 1 1 1 1 < 0 < > 1 > 1 < 0 0 < 0 < > ]
3.119956955475 s=[ 0 0 0 1 0 0 0 < 1 0 < 0 < 1 1 < 1 < + + 1 1 1 1 1 < 0 < > 1 > 1 < 0 0 > 0 < > ]
3.119956955475 s=[ 0 0 0 1 0 0 0 < 1 0 < 0 < 1 1 < 1 < + + 1 1 1 1 1 < 0 < > 1 > 1 < 0 0 < 0 < > ]

d_27_23=3.120157155676 s=[ 0 0 0 1 0 0 0 < 1 0 > 0 < 1 1 < 1 < + + 1 1 1 1 1 < 0 < > 1 > 1 < 0 0 > 0 < > ]
3.120157155676 s=[ 0 0 0 1 0 0 0 < 1 0 > 0 < 1 1 > 1 < + + 1 1 1 1 1 < 0 < > 1 > 1 < 0 0 > 0 < > ]
3.120157155676 s=[ 0 0 0 1 0 0 0 < 1 0 > 0 < 1 1 > 1 < + + 1 1 1 1 1 < 0 < > 1 > 1 < 0 0 < 0 < > ]
3.120157155676 s=[ 0 0 0 1 0 0 0 < 1 0 > 0 < 1 1 < 1 < + + 1 1 1 1 1 < 0 < > 1 > 1 < 0 0 < 0 < > ]
3.120157155676 s=[ 0 0 0 1 0 0 0 < 1 0 < 0 < 1 1 > 1 < + + 1 1 1 1 1 < 0 < > 1 > 1 < 0 0 > 0 < > ]
3.120157155676 s=[ 0 0 0 1 0 0 0 < 1 0 < 0 < 1 1 > 1 < + + 1 1 1 1 1 < 0 < > 1 > 1 < 0 0 < 0 < > ]
3.120157155676 s=[ 0 0 0 1 0 0 0 < 1 0 < 0 < 1 1 < 1 < + + 1 1 1 1 1 < 0 < > 1 > 1 < 0 0 > 0 < > ]
3.120157155676 s=[ 0 0 0 1 0 0 0 < 1 0 < 0 < 1 1 < 1 < + + 1 1 1 1 1 < 0 < > 1 > 1 < 0 0 < 0 < > ]

d_27_23=3.120357355876 s=[ 0 0 0 1 0 0 0 < 1 0 > 0 < 1 1 < 1 < + + 1 1 1 1 1 < 0 < > 1 > 1 < 0 0 > 0 < > ]
3.120357355876 s=[ 0 0 0 1 0 0 0 < 1 0 > 0 < 1 1 > 1 < + + 1 1 1 1 1 < 0 < > 1 > 1 < 0 0 > 0 < > ]
3.120357355876 s=[ 0 0 0 1 0 0 0 < 1 0 > 0 < 1 1 > 1 < + + 1 1 1 1 1 < 0 < > 1 > 1 < 0 0 < 0 < > ]
3.120357355876 s=[ 0 0 0 1 0 0 0 < 1 0 > 0 < 1 1 < 1 < + + 1 1 1 1 1 < 0 < > 1 > 1 < 0 0 < 0 < > ]
3.120357355876 s=[ 0 0 0 1 0 0 0 < 1 0 < 0 < 1 1 > 1 < + + 1 1 1 1 1 < 0 < > 1 > 1 < 0 0 > 0 < > ]
3.120357355876 s=[ 0 0 0 1 0 0 0 < 1 0 < 0 < 1 1 > 1 < + + 1 1 1 1 1 < 0 < > 1 > 1 < 0 0 < 0 < > ]
3.120357355876 s=[ 0 0 0 1 0 0 0 < 1 0 < 0 < 1 1 < 1 < + + 1 1 1 1 1 < 0 < > 1 > 1 < 0 0 > 0 < > ]
3.120357355876 s=[ 0 0 0 1 0 0 0 < 1 0 < 0 < 1 1 < 1 < + + 1 1 1 1 1 < 0 < > 1 > 1 < 0 0 < 0 < > ]

d_27_23=3.120557556076 s=[ 0 0 0 1 0 0 0 < 1 0 > 0 < 1 1 < 1 < + + 1 1 1 1 1 < 0 < > 1 > 1 < 0 0 > 0 < > ]
3.120557556076 s=[ 0 0 0 1 0 0 0 < 1 0 > 0 < 1 1 > 1 < + + 1 1 1 1 1 < 0 < > 1 > 1 < 0 0 > 0 < > ]
3.120557556076 s=[ 0 0 0 1 0 0 0 < 1 0 > 0 < 1 1 > 1 < + + 1 1 1 1 1 < 0 < > 1 > 1 < 0 0 < 0 < > ]
3.120557556076 s=[ 0 0 0 1 0 0 0 < 1 0 > 0 < 1 1 < 1 < + + 1 1 1 1 1 < 0 < > 1 > 1 < 0 0 < 0 < > ]
3.120557556076 s=[ 0 0 0 1 0 0 0 < 1 0 < 0 < 1 1 > 1 < + + 1 1 1 1 1 < 0 < > 1 > 1 < 0 0 > 0 < > ]
3.120557556076 s=[ 0 0 0 1 0 0 0 < 1 0 < 0 < 1 1 > 1 < + + 1 1 1 1 1 < 0 < > 1 > 1 < 0 0 < 0 < > ]
3.120557556076 s=[ 0 0 0 1 0 0 0 < 1 0 < 0 < 1 1 < 1 < + + 1 1 1 1 1 < 0 < > 1 > 1 < 0 0 > 0 < > ]
3.120557556076 s=[ 0 0 0 1 0 0 0 < 1 0 < 0 < 1 1 < 1 < + + 1 1 1 1 1 < 0 < > 1 > 1 < 0 0 < 0 < > ]

d_27_23=3.120757756276 s=[ 0 0 0 1 0 0 0 < 1 0 > 0 < 1 1 < 1 < + + 1 1 1 1 1 < 0 < > 1 > 1 < 0 0 < 0 < > ]
3.120757756276 s=[ 0 0 0 1 0 0 0 < 1 0 > 0 < 1 1 > 1 < + + 1 1 1 1 1 < 0 < > 1 > 1 < 0 0 > 0 < > ]
3.120757756276 s=[ 0 0 0 1 0 0 0 < 1 0 > 0 < 1 1 > 1 < + + 1 1 1 1 1 < 0 < > 1 > 1 < 0 0 < 0 < > ]
3.120757756276 s=[ 0 0 0 1 0 0 0 < 1 0 > 0 < 1 1 < 1 < + + 1 1 1 1 1 < 0 < > 1 > 1 < 0 0 > 0 < > ]
3.120757756276 s=[ 0 0 0 1 0 0 0 < 1 0 < 0 < 1 1 > 1 < + + 1 1 1 1 1 < 0 < > 1 > 1 < 0 0 > 0 < > ]
3.120757756276 s=[ 0 0 0 1 0 0 0 < 1 0 < 0 < 1 1 > 1 < + + 1 1 1 1 1 < 0 < > 1 > 1 < 0 0 < 0 < > ]
3.120757756276 s=[ 0 0 0 1 0 0 0 < 1 0 < 0 < 1 1 < 1 < + + 1 1 1 1 1 < 0 < > 1 > 1 < 0 0 > 0 < > ]
3.120757756276 s=[ 0 0 0 1 0 0 0 < 1 0 < 0 < 1 1 < 1 < + + 1 1 1 1 1 < 0 < > 1 > 1 < 0 0 < 0 < > ]

d_27_23=3.120957956476 s=[ 0 0 0 1 0 0 0 < 1 0 > 0 < 1 1 < 1 < + + 1 1 1 1 1 < 0 < > 1 > 1 < 0 0 < 0 < > ]
3.120957956476 s=[ 0 0 0 1 0 0 0 < 1 0 > 0 < 1 1 > 1 < + + 1 1 1 1 1 < 0 < > 1 > 1 < 0 0 > 0 < > ]
3.120957956476 s=[ 0 0 0 1 0 0 0 < 1 0 > 0 < 1 1 > 1 < + + 1 1 1 1 1 < 0 < > 1 > 1 < 0 0 < 0 < > ]
3.120957956476 s=[ 0 0 0 1 0 0 0 < 1 0 > 0 < 1 1 < 1 < + + 1 1 1 1 1 < 0 < > 1 > 1 < 0 0 > 0 < > ]
3.120957956476 s=[ 0 0 0 1 0 0 0 < 1 0 < 0 < 1 1 > 1 < + + 1 1 1 1 1 < 0 < > 1 > 1 < 0 0 > 0 < > ]
3.120957956476 s=[ 0 0 0 1 0 0 0 < 1 0 < 0 < 1 1 > 1 < + + 1 1 1 1 1 < 0 < > 1 > 1 < 0 0 < 0 < > ]
3.120957956476 s=[ 0 0 0 1 0 0 0 < 1 0 < 0 < 1 1 < 1 < + + 1 1 1 1 1 < 0 < > 1 > 1 < 0 0 > 0 < > ]
3.120957956476 s=[ 0 0 0 1 0 0 0 < 1 0 < 0 < 1 1 < 1 < + + 1 1 1 1 1 < 0 < > 1 > 1 < 0 0 < 0 < > ]

d_27_23=3.121158156677 s=[ 0 0 0 1 0 0 0 < 1 0 > 0 < 1 1 < 1 < + + 1 1 1 1 1 < 0 < > 1 > 1 < 0 0 < 0 < > ]
3.121158156677 s=[ 0 0 0 1 0 0 0 < 1 0 > 0 < 1 1 > 1 < + + 1 1 1 1 1 < 0 < > 1 > 1 < 0 0 > 0 < > ]
3.121158156677 s=[ 0 0 0 1 0 0 0 < 1 0 > 0 < 1 1 > 1 < + + 1 1 1 1 1 < 0 < > 1 > 1 < 0 0 < 0 < > ]
3.121158156677 s=[ 0 0 0 1 0 0 0 < 1 0 > 0 < 1 1 < 1 < + + 1 1 1 1 1 < 0 < > 1 > 1 < 0 0 > 0 < > ]
3.121158156677 s=[ 0 0 0 1 0 0 0 < 1 0 < 0 < 1 1 > 1 < + + 1 1 1 1 1 < 0 < > 1 > 1 < 0 0 > 0 < > ]
3.121158156677 s=[ 0 0 0 1 0 0 0 < 1 0 < 0 < 1 1 > 1 < + + 1 1 1 1 1 < 0 < > 1 > 1 < 0 0 < 0 < > ]
3.121158156677 s=[ 0 0 0 1 0 0 0 < 1 0 < 0 < 1 1 < 1 < + + 1 1 1 1 1 < 0 < > 1 > 1 < 0 0 > 0 < > ]
3.121158156677 s=[ 0 0 0 1 0 0 0 < 1 0 < 0 < 1 1 < 1 < + + 1 1 1 1 1 < 0 < > 1 > 1 < 0 0 < 0 < > ]

d_27_23=3.121358356877 s=[ 0 0 0 1 0 0 0 < 1 0 > 0 < 1 1 < 1 < + + 1 1 1 1 1 < 0 < > 1 > 1 < 0 0 < 0 < > ]
3.121358356877 s=[ 0 0 0 1 0 0 0 < 1 0 > 0 < 1 1 > 1 < + + 1 1 1 1 1 < 0 < > 1 > 1 < 0 0 > 0 < > ]
3.121358356877 s=[ 0 0 0 1 0 0 0 < 1 0 > 0 < 1 1 > 1 < + + 1 1 1 1 1 < 0 < > 1 > 1 < 0 0 < 0 < > ]
3.121358356877 s=[ 0 0 0 1 0 0 0 < 1 0 > 0 < 1 1 < 1 < + + 1 1 1 1 1 < 0 < > 1 > 1 < 0 0 > 0 < > ]
3.121358356877 s=[ 0 0 0 1 0 0 0 < 1 0 < 0 < 1 1 > 1 < + + 1 1 1 1 1 < 0 < > 1 > 1 < 0 0 > 0 < > ]
3.121358356877 s=[ 0 0 0 1 0 0 0 < 1 0 < 0 < 1 1 > 1 < + + 1 1 1 1 1 < 0 < > 1 > 1 < 0 0 < 0 < > ]
3.121358356877 s=[ 0 0 0 1 0 0 0 < 1 0 < 0 < 1 1 < 1 < + + 1 1 1 1 1 < 0 < > 1 > 1 < 0 0 > 0 < > ]
3.121358356877 s=[ 0 0 0 1 0 0 0 < 1 0 < 0 < 1 1 < 1 < + + 1 1 1 1 1 < 0 < > 1 > 1 < 0 0 < 0 < > ]

d_27_23=3.121558557077 s=[ 0 0 0 1 0 0 0 < 1 0 < 0 < 1 1 < 1 < + + 1 1 1 1 1 < 0 < > 1 > 1 < 0 0 < 0 < > ]
3.121558557077 s=[ 0 0 0 1 0 0 0 < 1 0 > 0 < 1 1 > 1 < + + 1 1 1 1 1 < 0 < > 1 > 1 < 0 0 > 0 < > ]
3.121558557077 s=[ 0 0 0 1 0 0 0 < 1 0 > 0 < 1 1 > 1 < + + 1 1 1 1 1 < 0 < > 1 > 1 < 0 0 < 0 < > ]
3.121558557077 s=[ 0 0 0 1 0 0 0 < 1 0 > 0 < 1 1 < 1 < + + 1 1 1 1 1 < 0 < > 1 > 1 < 0 0 > 0 < > ]
3.121558557077 s=[ 0 0 0 1 0 0 0 < 1 0 > 0 < 1 1 < 1 < + + 1 1 1 1 1 < 0 < > 1 > 1 < 0 0 < 0 < > ]
3.121558557077 s=[ 0 0 0 1 0 0 0 < 1 0 < 0 < 1 1 > 1 < + + 1 1 1 1 1 < 0 < > 1 > 1 < 0 0 > 0 < > ]
3.121558557077 s=[ 0 0 0 1 0 0 0 < 1 0 < 0 < 1 1 > 1 < + + 1 1 1 1 1 < 0 < > 1 > 1 < 0 0 < 0 < > ]
3.121558557077 s=[ 0 0 0 1 0 0 0 < 1 0 < 0 < 1 1 < 1 < + + 1 1 1 1 1 < 0 < > 1 > 1 < 0 0 > 0 < > ]

d_27_23=3.121758757277 s=[ 0 0 0 1 0 0 0 < 1 0 < 0 < 1 1 < 1 < + + 1 1 1 1 1 < 0 < > 1 > 1 < 0 0 < 0 < > ]
3.121758757277 s=[ 0 0 0 1 0 0 0 < 1 0 > 0 < 1 1 > 1 < + + 1 1 1 1 1 < 0 < > 1 > 1 < 0 0 > 0 < > ]
3.121758757277 s=[ 0 0 0 1 0 0 0 < 1 0 > 0 < 1 1 > 1 < + + 1 1 1 1 1 < 0 < > 1 > 1 < 0 0 < 0 < > ]
3.121758757277 s=[ 0 0 0 1 0 0 0 < 1 0 > 0 < 1 1 < 1 < + + 1 1 1 1 1 < 0 < > 1 > 1 < 0 0 > 0 < > ]
3.121758757277 s=[ 0 0 0 1 0 0 0 < 1 0 > 0 < 1 1 < 1 < + + 1 1 1 1 1 < 0 < > 1 > 1 < 0 0 < 0 < > ]
3.121758757277 s=[ 0 0 0 1 0 0 0 < 1 0 < 0 < 1 1 > 1 < + + 1 1 1 1 1 < 0 < > 1 > 1 < 0 0 > 0 < > ]
3.121758757277 s=[ 0 0 0 1 0 0 0 < 1 0 < 0 < 1 1 > 1 < + + 1 1 1 1 1 < 0 < > 1 > 1 < 0 0 < 0 < > ]
3.121758757277 s=[ 0 0 0 1 0 0 0 < 1 0 < 0 < 1 1 < 1 < + + 1 1 1 1 1 < 0 < > 1 > 1 < 0 0 > 0 < > ]

d_27_23=3.121958957477 s=[ 0 0 0 1 0 0 0 < 1 0 < 0 < 1 1 < 1 < + + 1 1 1 1 1 < 0 < > 1 > 1 < 0 0 < 0 < > ]
3.121958957477 s=[ 0 0 0 1 0 0 0 < 1 0 > 0 < 1 1 > 1 < + + 1 1 1 1 1 < 0 < > 1 > 1 < 0 0 > 0 < > ]
3.121958957477 s=[ 0 0 0 1 0 0 0 < 1 0 > 0 < 1 1 > 1 < + + 1 1 1 1 1 < 0 < > 1 > 1 < 0 0 < 0 < > ]
3.121958957477 s=[ 0 0 0 1 0 0 0 < 1 0 > 0 < 1 1 < 1 < + + 1 1 1 1 1 < 0 < > 1 > 1 < 0 0 > 0 < > ]
3.121958957477 s=[ 0 0 0 1 0 0 0 < 1 0 > 0 < 1 1 < 1 < + + 1 1 1 1 1 < 0 < > 1 > 1 < 0 0 < 0 < > ]
3.121958957477 s=[ 0 0 0 1 0 0 0 < 1 0 < 0 < 1 1 > 1 < + + 1 1 1 1 1 < 0 < > 1 > 1 < 0 0 > 0 < > ]
3.121958957477 s=[ 0 0 0 1 0 0 0 < 1 0 < 0 < 1 1 > 1 < + + 1 1 1 1 1 < 0 < > 1 > 1 < 0 0 < 0 < > ]
3.121958957477 s=[ 0 0 0 1 0 0 0 < 1 0 < 0 < 1 1 < 1 < + + 1 1 1 1 1 < 0 < > 1 > 1 < 0 0 > 0 < > ]

d_27_23=3.122159157678 s=[ 0 0 0 1 0 0 0 < 1 0 < 0 < 1 1 < 1 < + + 1 1 1 1 1 < 0 < > 1 > 1 < 0 0 < 0 < > ]
3.122159157678 s=[ 0 0 0 1 0 0 0 < 1 0 > 0 < 1 1 > 1 < + + 1 1 1 1 1 < 0 < > 1 > 1 < 0 0 > 0 < > ]
3.122159157678 s=[ 0 0 0 1 0 0 0 < 1 0 > 0 < 1 1 > 1 < + + 1 1 1 1 1 < 0 < > 1 > 1 < 0 0 < 0 < > ]
3.122159157678 s=[ 0 0 0 1 0 0 0 < 1 0 > 0 < 1 1 < 1 < + + 1 1 1 1 1 < 0 < > 1 > 1 < 0 0 > 0 < > ]
3.122159157678 s=[ 0 0 0 1 0 0 0 < 1 0 > 0 < 1 1 < 1 < + + 1 1 1 1 1 < 0 < > 1 > 1 < 0 0 < 0 < > ]
3.122159157678 s=[ 0 0 0 1 0 0 0 < 1 0 < 0 < 1 1 > 1 < + + 1 1 1 1 1 < 0 < > 1 > 1 < 0 0 > 0 < > ]
3.122159157678 s=[ 0 0 0 1 0 0 0 < 1 0 < 0 < 1 1 > 1 < + + 1 1 1 1 1 < 0 < > 1 > 1 < 0 0 < 0 < > ]
3.122159157678 s=[ 0 0 0 1 0 0 0 < 1 0 < 0 < 1 1 < 1 < + + 1 1 1 1 1 < 0 < > 1 > 1 < 0 0 > 0 < > ]

d_27_23=3.122359357878 s=[ 0 0 0 1 0 0 0 < 1 0 < 0 < 1 1 < 1 < + + 1 1 1 1 1 < 0 < > 1 > 1 < 0 0 < 0 < > ]
3.122359357878 s=[ 0 0 0 1 0 0 0 < 1 0 > 0 < 1 1 > 1 < + + 1 1 1 1 1 < 0 < > 1 > 1 < 0 0 > 0 < > ]
3.122359357878 s=[ 0 0 0 1 0 0 0 < 1 0 > 0 < 1 1 > 1 < + + 1 1 1 1 1 < 0 < > 1 > 1 < 0 0 < 0 < > ]
3.122359357878 s=[ 0 0 0 1 0 0 0 < 1 0 > 0 < 1 1 < 1 < + + 1 1 1 1 1 < 0 < > 1 > 1 < 0 0 > 0 < > ]
3.122359357878 s=[ 0 0 0 1 0 0 0 < 1 0 > 0 < 1 1 < 1 < + + 1 1 1 1 1 < 0 < > 1 > 1 < 0 0 < 0 < > ]
3.122359357878 s=[ 0 0 0 1 0 0 0 < 1 0 < 0 < 1 1 > 1 < + + 1 1 1 1 1 < 0 < > 1 > 1 < 0 0 > 0 < > ]
3.122359357878 s=[ 0 0 0 1 0 0 0 < 1 0 < 0 < 1 1 > 1 < + + 1 1 1 1 1 < 0 < > 1 > 1 < 0 0 < 0 < > ]
3.122359357878 s=[ 0 0 0 1 0 0 0 < 1 0 < 0 < 1 1 < 1 < + + 1 1 1 1 1 < 0 < > 1 > 1 < 0 0 > 0 < > ]

d_27_23=3.122559558078 s=[ 0 0 0 1 0 0 0 < 1 0 < 0 < 1 1 < 1 < + + 1 1 1 1 1 < 0 < > 1 > 1 < 0 0 < 0 < > ]
3.122559558078 s=[ 0 0 0 1 0 0 0 < 1 0 > 0 < 1 1 > 1 < + + 1 1 1 1 1 < 0 < > 1 > 1 < 0 0 > 0 < > ]
3.122559558078 s=[ 0 0 0 1 0 0 0 < 1 0 > 0 < 1 1 > 1 < + + 1 1 1 1 1 < 0 < > 1 > 1 < 0 0 < 0 < > ]
3.122559558078 s=[ 0 0 0 1 0 0 0 < 1 0 > 0 < 1 1 < 1 < + + 1 1 1 1 1 < 0 < > 1 > 1 < 0 0 > 0 < > ]
3.122559558078 s=[ 0 0 0 1 0 0 0 < 1 0 > 0 < 1 1 < 1 < + + 1 1 1 1 1 < 0 < > 1 > 1 < 0 0 < 0 < > ]
3.122559558078 s=[ 0 0 0 1 0 0 0 < 1 0 < 0 < 1 1 > 1 < + + 1 1 1 1 1 < 0 < > 1 > 1 < 0 0 > 0 < > ]
3.122559558078 s=[ 0 0 0 1 0 0 0 < 1 0 < 0 < 1 1 > 1 < + + 1 1 1 1 1 < 0 < > 1 > 1 < 0 0 < 0 < > ]
3.122559558078 s=[ 0 0 0 1 0 0 0 < 1 0 < 0 < 1 1 < 1 < + + 1 1 1 1 1 < 0 < > 1 > 1 < 0 0 > 0 < > ]

d_27_23=3.122759758278 s=[ 0 0 0 1 0 0 0 < 1 0 < 0 < 1 1 < 1 < + + 1 1 1 1 1 < 0 < > 1 > 1 < 0 0 < 0 < > ]
3.122759758278 s=[ 0 0 0 1 0 0 0 < 1 0 > 0 < 1 1 > 1 < + + 1 1 1 1 1 < 0 < > 1 > 1 < 0 0 > 0 < > ]
3.122759758278 s=[ 0 0 0 1 0 0 0 < 1 0 > 0 < 1 1 > 1 < + + 1 1 1 1 1 < 0 < > 1 > 1 < 0 0 < 0 < > ]
3.122759758278 s=[ 0 0 0 1 0 0 0 < 1 0 > 0 < 1 1 < 1 < + + 1 1 1 1 1 < 0 < > 1 > 1 < 0 0 > 0 < > ]
3.122759758278 s=[ 0 0 0 1 0 0 0 < 1 0 > 0 < 1 1 < 1 < + + 1 1 1 1 1 < 0 < > 1 > 1 < 0 0 < 0 < > ]
3.122759758278 s=[ 0 0 0 1 0 0 0 < 1 0 < 0 < 1 1 > 1 < + + 1 1 1 1 1 < 0 < > 1 > 1 < 0 0 > 0 < > ]
3.122759758278 s=[ 0 0 0 1 0 0 0 < 1 0 < 0 < 1 1 > 1 < + + 1 1 1 1 1 < 0 < > 1 > 1 < 0 0 < 0 < > ]
3.122759758278 s=[ 0 0 0 1 0 0 0 < 1 0 < 0 < 1 1 < 1 < + + 1 1 1 1 1 < 0 < > 1 > 1 < 0 0 > 0 < > ]

d_27_23=3.122959958478 s=[ 0 0 0 1 0 0 0 < 1 0 < 0 < 1 1 < 1 < + + 1 1 1 1 1 < 0 < > 1 > 1 < 0 0 < 0 < > ]
3.122959958478 s=[ 0 0 0 1 0 0 0 < 1 0 > 0 < 1 1 > 1 < + + 1 1 1 1 1 < 0 < > 1 > 1 < 0 0 > 0 < > ]
3.122959958478 s=[ 0 0 0 1 0 0 0 < 1 0 > 0 < 1 1 > 1 < + + 1 1 1 1 1 < 0 < > 1 > 1 < 0 0 < 0 < > ]
3.122959958478 s=[ 0 0 0 1 0 0 0 < 1 0 > 0 < 1 1 < 1 < + + 1 1 1 1 1 < 0 < > 1 > 1 < 0 0 > 0 < > ]
3.122959958478 s=[ 0 0 0 1 0 0 0 < 1 0 > 0 < 1 1 < 1 < + + 1 1 1 1 1 < 0 < > 1 > 1 < 0 0 < 0 < > ]
3.122959958478 s=[ 0 0 0 1 0 0 0 < 1 0 < 0 < 1 1 > 1 < + + 1 1 1 1 1 < 0 < > 1 > 1 < 0 0 > 0 < > ]
3.122959958478 s=[ 0 0 0 1 0 0 0 < 1 0 < 0 < 1 1 > 1 < + + 1 1 1 1 1 < 0 < > 1 > 1 < 0 0 < 0 < > ]
3.122959958478 s=[ 0 0 0 1 0 0 0 < 1 0 < 0 < 1 1 < 1 < + + 1 1 1 1 1 < 0 < > 1 > 1 < 0 0 > 0 < > ]

d_27_23=3.123160158679 s=[ 0 0 0 1 0 0 0 < 1 0 < 0 < 1 1 < 1 < + + 1 1 1 1 1 < 0 < > 1 > 1 < 0 0 < 0 < > ]
3.123160158679 s=[ 0 0 0 1 0 0 0 < 1 0 > 0 < 1 1 > 1 < + + 1 1 1 1 1 < 0 < > 1 > 1 < 0 0 > 0 < > ]
3.123160158679 s=[ 0 0 0 1 0 0 0 < 1 0 > 0 < 1 1 > 1 < + + 1 1 1 1 1 < 0 < > 1 > 1 < 0 0 < 0 < > ]
3.123160158679 s=[ 0 0 0 1 0 0 0 < 1 0 > 0 < 1 1 < 1 < + + 1 1 1 1 1 < 0 < > 1 > 1 < 0 0 > 0 < > ]
3.123160158679 s=[ 0 0 0 1 0 0 0 < 1 0 > 0 < 1 1 < 1 < + + 1 1 1 1 1 < 0 < > 1 > 1 < 0 0 < 0 < > ]
3.123160158679 s=[ 0 0 0 1 0 0 0 < 1 0 < 0 < 1 1 > 1 < + + 1 1 1 1 1 < 0 < > 1 > 1 < 0 0 > 0 < > ]
3.123160158679 s=[ 0 0 0 1 0 0 0 < 1 0 < 0 < 1 1 > 1 < + + 1 1 1 1 1 < 0 < > 1 > 1 < 0 0 < 0 < > ]
3.123160158679 s=[ 0 0 0 1 0 0 0 < 1 0 < 0 < 1 1 < 1 < + + 1 1 1 1 1 < 0 < > 1 > 1 < 0 0 > 0 < > ]

d_27_23=3.123360358879 s=[ 0 0 0 1 0 0 0 < 1 0 < 0 < 1 1 < 1 < + + 1 1 1 1 1 < 0 < > 1 > 1 < 0 0 < 0 < > ]
3.123360358879 s=[ 0 0 0 1 0 0 0 < 1 0 > 0 < 1 1 > 1 < + + 1 1 1 1 1 < 0 < > 1 > 1 < 0 0 > 0 < > ]
3.123360358879 s=[ 0 0 0 1 0 0 0 < 1 0 > 0 < 1 1 > 1 < + + 1 1 1 1 1 < 0 < > 1 > 1 < 0 0 < 0 < > ]
3.123360358879 s=[ 0 0 0 1 0 0 0 < 1 0 > 0 < 1 1 < 1 < + + 1 1 1 1 1 < 0 < > 1 > 1 < 0 0 > 0 < > ]
3.123360358879 s=[ 0 0 0 1 0 0 0 < 1 0 > 0 < 1 1 < 1 < + + 1 1 1 1 1 < 0 < > 1 > 1 < 0 0 < 0 < > ]
3.123360358879 s=[ 0 0 0 1 0 0 0 < 1 0 < 0 < 1 1 > 1 < + + 1 1 1 1 1 < 0 < > 1 > 1 < 0 0 > 0 < > ]
3.123360358879 s=[ 0 0 0 1 0 0 0 < 1 0 < 0 < 1 1 > 1 < + + 1 1 1 1 1 < 0 < > 1 > 1 < 0 0 < 0 < > ]
3.123360358879 s=[ 0 0 0 1 0 0 0 < 1 0 < 0 < 1 1 < 1 < + + 1 1 1 1 1 < 0 < > 1 > 1 < 0 0 > 0 < > ]

d_27_23=3.123560559079 s=[ 0 0 0 1 0 0 0 < 1 0 < 0 < 1 1 < 1 < + + 1 1 1 1 1 < 0 < > 1 > 1 < 0 0 < 0 < > ]
3.123560559079 s=[ 0 0 0 1 0 0 0 < 1 0 > 0 < 1 1 > 1 < + + 1 1 1 1 1 < 0 < > 1 > 1 < 0 0 > 0 < > ]
3.123560559079 s=[ 0 0 0 1 0 0 0 < 1 0 > 0 < 1 1 > 1 < + + 1 1 1 1 1 < 0 < > 1 > 1 < 0 0 < 0 < > ]
3.123560559079 s=[ 0 0 0 1 0 0 0 < 1 0 > 0 < 1 1 < 1 < + + 1 1 1 1 1 < 0 < > 1 > 1 < 0 0 > 0 < > ]
3.123560559079 s=[ 0 0 0 1 0 0 0 < 1 0 > 0 < 1 1 < 1 < + + 1 1 1 1 1 < 0 < > 1 > 1 < 0 0 < 0 < > ]
3.123560559079 s=[ 0 0 0 1 0 0 0 < 1 0 < 0 < 1 1 > 1 < + + 1 1 1 1 1 < 0 < > 1 > 1 < 0 0 > 0 < > ]
3.123560559079 s=[ 0 0 0 1 0 0 0 < 1 0 < 0 < 1 1 > 1 < + + 1 1 1 1 1 < 0 < > 1 > 1 < 0 0 < 0 < > ]
3.123560559079 s=[ 0 0 0 1 0 0 0 < 1 0 < 0 < 1 1 < 1 < + + 1 1 1 1 1 < 0 < > 1 > 1 < 0 0 > 0 < > ]

d_27_23=3.123760759279 s=[ 0 0 0 1 0 0 0 < 1 0 < 0 < 1 1 < 1 < + + 1 1 1 1 1 < 0 < > 1 > 1 < 0 0 < 0 < > ]
3.123760759279 s=[ 0 0 0 1 0 0 0 < 1 0 > 0 < 1 1 > 1 < + + 1 1 1 1 1 < 0 < > 1 > 1 < 0 0 > 0 < > ]
3.123760759279 s=[ 0 0 0 1 0 0 0 < 1 0 > 0 < 1 1 > 1 < + + 1 1 1 1 1 < 0 < > 1 > 1 < 0 0 < 0 < > ]
3.123760759279 s=[ 0 0 0 1 0 0 0 < 1 0 > 0 < 1 1 < 1 < + + 1 1 1 1 1 < 0 < > 1 > 1 < 0 0 > 0 < > ]
3.123760759279 s=[ 0 0 0 1 0 0 0 < 1 0 > 0 < 1 1 < 1 < + + 1 1 1 1 1 < 0 < > 1 > 1 < 0 0 < 0 < > ]
3.123760759279 s=[ 0 0 0 1 0 0 0 < 1 0 < 0 < 1 1 > 1 < + + 1 1 1 1 1 < 0 < > 1 > 1 < 0 0 > 0 < > ]
3.123760759279 s=[ 0 0 0 1 0 0 0 < 1 0 < 0 < 1 1 > 1 < + + 1 1 1 1 1 < 0 < > 1 > 1 < 0 0 < 0 < > ]
3.123760759279 s=[ 0 0 0 1 0 0 0 < 1 0 < 0 < 1 1 < 1 < + + 1 1 1 1 1 < 0 < > 1 > 1 < 0 0 > 0 < > ]

d_27_23=3.123960959479 s=[ 0 0 0 1 0 0 0 < 1 0 < 0 < 1 1 < 1 < + + 1 1 1 1 1 < 0 < > 1 > 1 < 0 0 < 0 < > ]
3.123960959479 s=[ 0 0 0 1 0 0 0 < 1 0 > 0 < 1 1 > 1 < + + 1 1 1 1 1 < 0 < > 1 > 1 < 0 0 > 0 < > ]
3.123960959479 s=[ 0 0 0 1 0 0 0 < 1 0 > 0 < 1 1 > 1 < + + 1 1 1 1 1 < 0 < > 1 > 1 < 0 0 < 0 < > ]
3.123960959479 s=[ 0 0 0 1 0 0 0 < 1 0 > 0 < 1 1 < 1 < + + 1 1 1 1 1 < 0 < > 1 > 1 < 0 0 > 0 < > ]
3.123960959479 s=[ 0 0 0 1 0 0 0 < 1 0 > 0 < 1 1 < 1 < + + 1 1 1 1 1 < 0 < > 1 > 1 < 0 0 < 0 < > ]
3.123960959479 s=[ 0 0 0 1 0 0 0 < 1 0 < 0 < 1 1 > 1 < + + 1 1 1 1 1 < 0 < > 1 > 1 < 0 0 > 0 < > ]
3.123960959479 s=[ 0 0 0 1 0 0 0 < 1 0 < 0 < 1 1 > 1 < + + 1 1 1 1 1 < 0 < > 1 > 1 < 0 0 < 0 < > ]
3.123960959479 s=[ 0 0 0 1 0 0 0 < 1 0 < 0 < 1 1 < 1 < + + 1 1 1 1 1 < 0 < > 1 > 1 < 0 0 > 0 < > ]

