xyz19=( 26.926378 12.738498 67.694892 )
xyz19=( 26.926378 12.738498 67.694892 )
xyz19=( 26.926700 12.738254 67.694912 )
xyz19=( 26.926700 12.738254 67.694912 )
xyz19=( 26.927022 12.738011 67.694932 )
xyz19=( 26.927022 12.738011 67.694932 )
xyz19=( 26.927344 12.737768 67.694953 )
xyz19=( 26.927344 12.737768 67.694953 )
xyz19=( 26.927666 12.737524 67.694973 )
xyz19=( 26.927666 12.737524 67.694973 )
xyz19=( 26.927988 12.737281 67.694993 )
xyz19=( 26.927988 12.737281 67.694993 )
xyz19=( 26.928311 12.737038 67.695014 )
xyz19=( 26.928311 12.737038 67.695014 )
xyz19=( 26.928633 12.736794 67.695035 )
xyz19=( 26.928633 12.736794 67.695035 )
xyz19=( 26.928955 12.736550 67.695055 )
xyz19=( 26.928955 12.736550 67.695055 )
xyz19=( 26.929278 12.736307 67.695076 )
xyz19=( 26.929278 12.736307 67.695076 )
xyz19=( 26.929600 12.736063 67.695097 )
xyz19=( 26.929600 12.736063 67.695097 )
xyz19=( 26.929922 12.735820 67.695119 )
xyz19=( 26.929922 12.735820 67.695119 )
xyz19=( 26.930245 12.735576 67.695140 )
xyz19=( 26.930245 12.735576 67.695140 )
xyz19=( 26.930567 12.735332 67.695161 )
xyz19=( 26.930567 12.735332 67.695161 )
xyz19=( 26.930890 12.735088 67.695183 )
xyz19=( 26.930890 12.735088 67.695183 )
xyz19=( 26.931212 12.734844 67.695205 )
xyz19=( 26.931212 12.734844 67.695205 )
xyz19=( 26.931535 12.734600 67.695226 )
xyz19=( 26.931535 12.734600 67.695226 )
xyz19=( 26.931857 12.734356 67.695248 )
xyz19=( 26.931857 12.734356 67.695248 )
xyz19=( 26.932180 12.734112 67.695270 )
xyz19=( 26.932180 12.734112 67.695270 )
xyz19=( 26.932503 12.733868 67.695293 )
xyz19=( 26.932503 12.733868 67.695293 )
xyz19=( 26.932825 12.733624 67.695315 )
xyz19=( 26.932825 12.733624 67.695315 )
xyz19=( 26.933148 12.733380 67.695337 )
xyz19=( 26.933148 12.733380 67.695337 )
xyz19=( 26.933471 12.733136 67.695360 )
xyz19=( 26.933471 12.733136 67.695360 )
xyz19=( 26.933793 12.732892 67.695383 )
xyz19=( 26.933793 12.732892 67.695383 )
xyz19=( 26.934116 12.732647 67.695405 )
xyz19=( 26.934116 12.732647 67.695405 )
xyz19=( 26.926378 12.738498 67.694892 )
xyz19=( 26.926378 12.738498 67.694892 )
xyz19=( 26.926700 12.738254 67.694912 )
xyz19=( 26.926700 12.738254 67.694912 )
xyz19=( 26.927022 12.738011 67.694932 )
xyz19=( 26.927022 12.738011 67.694932 )
xyz19=( 26.927344 12.737768 67.694953 )
xyz19=( 26.927344 12.737768 67.694953 )
xyz19=( 26.927666 12.737524 67.694973 )
xyz19=( 26.927666 12.737524 67.694973 )
xyz19=( 26.927988 12.737281 67.694993 )
xyz19=( 26.927988 12.737281 67.694993 )
xyz19=( 26.928311 12.737038 67.695014 )
xyz19=( 26.928311 12.737038 67.695014 )
xyz19=( 26.928633 12.736794 67.695035 )
xyz19=( 26.928633 12.736794 67.695035 )
xyz19=( 26.928955 12.736550 67.695055 )
xyz19=( 26.928955 12.736550 67.695055 )
xyz19=( 26.929278 12.736307 67.695076 )
xyz19=( 26.929278 12.736307 67.695076 )
xyz19=( 26.929600 12.736063 67.695097 )
xyz19=( 26.929600 12.736063 67.695097 )
xyz19=( 26.929922 12.735820 67.695119 )
xyz19=( 26.929922 12.735820 67.695119 )
xyz19=( 26.930245 12.735576 67.695140 )
xyz19=( 26.930245 12.735576 67.695140 )
xyz19=( 26.930567 12.735332 67.695161 )
xyz19=( 26.930567 12.735332 67.695161 )
xyz19=( 26.930890 12.735088 67.695183 )
xyz19=( 26.930890 12.735088 67.695183 )
xyz19=( 26.931212 12.734844 67.695205 )
xyz19=( 26.931212 12.734844 67.695205 )
xyz19=( 26.931535 12.734600 67.695226 )
xyz19=( 26.931535 12.734600 67.695226 )
xyz19=( 26.931857 12.734356 67.695248 )
xyz19=( 26.931857 12.734356 67.695248 )
xyz19=( 26.932180 12.734112 67.695270 )
xyz19=( 26.932180 12.734112 67.695270 )
xyz19=( 26.932503 12.733868 67.695293 )
xyz19=( 26.932503 12.733868 67.695293 )
xyz19=( 26.932825 12.733624 67.695315 )
xyz19=( 26.932825 12.733624 67.695315 )
xyz19=( 26.933148 12.733380 67.695337 )
xyz19=( 26.933148 12.733380 67.695337 )
xyz19=( 26.933471 12.733136 67.695360 )
xyz19=( 26.933471 12.733136 67.695360 )
xyz19=( 26.933793 12.732892 67.695383 )
xyz19=( 26.933793 12.732892 67.695383 )
xyz19=( 26.934116 12.732647 67.695405 )
xyz19=( 26.934116 12.732647 67.695405 )
xyz19=( 26.926378 12.738498 67.694892 )
xyz19=( 26.926378 12.738498 67.694892 )
xyz19=( 26.926700 12.738254 67.694912 )
xyz19=( 26.926700 12.738254 67.694912 )
xyz19=( 26.927022 12.738011 67.694932 )
xyz19=( 26.927022 12.738011 67.694932 )
xyz19=( 26.927344 12.737768 67.694953 )
xyz19=( 26.927344 12.737768 67.694953 )
xyz19=( 26.927666 12.737524 67.694973 )
xyz19=( 26.927666 12.737524 67.694973 )
xyz19=( 26.927988 12.737281 67.694993 )
xyz19=( 26.927988 12.737281 67.694993 )
xyz19=( 26.928311 12.737038 67.695014 )
xyz19=( 26.928311 12.737038 67.695014 )
xyz19=( 26.928633 12.736794 67.695035 )
xyz19=( 26.928633 12.736794 67.695035 )
xyz19=( 26.928955 12.736550 67.695055 )
xyz19=( 26.928955 12.736550 67.695055 )
xyz19=( 26.929278 12.736307 67.695076 )
xyz19=( 26.929278 12.736307 67.695076 )
xyz19=( 26.929600 12.736063 67.695097 )
xyz19=( 26.929600 12.736063 67.695097 )
xyz19=( 26.929922 12.735820 67.695119 )
xyz19=( 26.929922 12.735820 67.695119 )
xyz19=( 26.930245 12.735576 67.695140 )
xyz19=( 26.930245 12.735576 67.695140 )
xyz19=( 26.930567 12.735332 67.695161 )
xyz19=( 26.930567 12.735332 67.695161 )
xyz19=( 26.930890 12.735088 67.695183 )
xyz19=( 26.930890 12.735088 67.695183 )
xyz19=( 26.931212 12.734844 67.695205 )
xyz19=( 26.931212 12.734844 67.695205 )
xyz19=( 26.931535 12.734600 67.695226 )
xyz19=( 26.931535 12.734600 67.695226 )
xyz19=( 26.931857 12.734356 67.695248 )
xyz19=( 26.931857 12.734356 67.695248 )
xyz19=( 26.932180 12.734112 67.695270 )
xyz19=( 26.932180 12.734112 67.695270 )
xyz19=( 26.932503 12.733868 67.695293 )
xyz19=( 26.932503 12.733868 67.695293 )
xyz19=( 26.932825 12.733624 67.695315 )
xyz19=( 26.932825 12.733624 67.695315 )
xyz19=( 26.933148 12.733380 67.695337 )
xyz19=( 26.933148 12.733380 67.695337 )
xyz19=( 26.933471 12.733136 67.695360 )
xyz19=( 26.933471 12.733136 67.695360 )
xyz19=( 26.933793 12.732892 67.695383 )
xyz19=( 26.933793 12.732892 67.695383 )
xyz19=( 26.934116 12.732647 67.695405 )
xyz19=( 26.934116 12.732647 67.695405 )
xyz19=( 26.926378 12.738498 67.694892 )
xyz19=( 26.926378 12.738498 67.694892 )
xyz19=( 26.926700 12.738254 67.694912 )
xyz19=( 26.926700 12.738254 67.694912 )
xyz19=( 26.927022 12.738011 67.694932 )
xyz19=( 26.927022 12.738011 67.694932 )
xyz19=( 26.927344 12.737768 67.694953 )
xyz19=( 26.927344 12.737768 67.694953 )
xyz19=( 26.927666 12.737524 67.694973 )
xyz19=( 26.927666 12.737524 67.694973 )
xyz19=( 26.927988 12.737281 67.694993 )
xyz19=( 26.927988 12.737281 67.694993 )
xyz19=( 26.928311 12.737038 67.695014 )
xyz19=( 26.928311 12.737038 67.695014 )
xyz19=( 26.928633 12.736794 67.695035 )
xyz19=( 26.928633 12.736794 67.695035 )
xyz19=( 26.928955 12.736550 67.695055 )
xyz19=( 26.928955 12.736550 67.695055 )
xyz19=( 26.929278 12.736307 67.695076 )
xyz19=( 26.929278 12.736307 67.695076 )
xyz19=( 26.929600 12.736063 67.695097 )
xyz19=( 26.929600 12.736063 67.695097 )
xyz19=( 26.929922 12.735820 67.695119 )
xyz19=( 26.929922 12.735820 67.695119 )
xyz19=( 26.930245 12.735576 67.695140 )
xyz19=( 26.930245 12.735576 67.695140 )
xyz19=( 26.930567 12.735332 67.695161 )
xyz19=( 26.930567 12.735332 67.695161 )
xyz19=( 26.930890 12.735088 67.695183 )
xyz19=( 26.930890 12.735088 67.695183 )
xyz19=( 26.931212 12.734844 67.695205 )
xyz19=( 26.931212 12.734844 67.695205 )
xyz19=( 26.931535 12.734600 67.695226 )
xyz19=( 26.931535 12.734600 67.695226 )
xyz19=( 26.931857 12.734356 67.695248 )
xyz19=( 26.931857 12.734356 67.695248 )
xyz19=( 26.932180 12.734112 67.695270 )
xyz19=( 26.932180 12.734112 67.695270 )
xyz19=( 26.932503 12.733868 67.695293 )
xyz19=( 26.932503 12.733868 67.695293 )
xyz19=( 26.932825 12.733624 67.695315 )
xyz19=( 26.932825 12.733624 67.695315 )
xyz19=( 26.933148 12.733380 67.695337 )
xyz19=( 26.933148 12.733380 67.695337 )
xyz19=( 26.933471 12.733136 67.695360 )
xyz19=( 26.933471 12.733136 67.695360 )
xyz19=( 26.933793 12.732892 67.695383 )
xyz19=( 26.933793 12.732892 67.695383 )
xyz19=( 26.934116 12.732647 67.695405 )
xyz19=( 26.934116 12.732647 67.695405 )
xyz19=( 27.640598 12.115734 68.161308 )
xyz19=( 27.640598 12.115734 68.161308 )
xyz19=( 27.640420 12.115927 68.161001 )
xyz19=( 27.640420 12.115927 68.161001 )
xyz19=( 27.640241 12.116121 68.160695 )
xyz19=( 27.640241 12.116121 68.160695 )
xyz19=( 27.640063 12.116314 68.160388 )
xyz19=( 27.640063 12.116314 68.160388 )
xyz19=( 27.639884 12.116507 68.160081 )
xyz19=( 27.639884 12.116507 68.160081 )
xyz19=( 27.639705 12.116701 68.159774 )
xyz19=( 27.639705 12.116701 68.159774 )
xyz19=( 27.639526 12.116894 68.159468 )
xyz19=( 27.639526 12.116894 68.159468 )
xyz19=( 27.639347 12.117088 68.159161 )
xyz19=( 27.639347 12.117088 68.159161 )
xyz19=( 27.639168 12.117282 68.158854 )
xyz19=( 27.639168 12.117282 68.158854 )
xyz19=( 27.638989 12.117475 68.158548 )
xyz19=( 27.638989 12.117475 68.158548 )
xyz19=( 27.638810 12.117669 68.158241 )
xyz19=( 27.638810 12.117669 68.158241 )
xyz19=( 27.638630 12.117863 68.157934 )
xyz19=( 27.638630 12.117863 68.157934 )
xyz19=( 27.638450 12.118057 68.157628 )
xyz19=( 27.638450 12.118057 68.157628 )
xyz19=( 27.638271 12.118251 68.157321 )
xyz19=( 27.638271 12.118251 68.157321 )
xyz19=( 27.638091 12.118445 68.157015 )
xyz19=( 27.638091 12.118445 68.157015 )
xyz19=( 27.637911 12.118639 68.156709 )
xyz19=( 27.637911 12.118639 68.156709 )
xyz19=( 27.637731 12.118834 68.156402 )
xyz19=( 27.637731 12.118834 68.156402 )
xyz19=( 27.637551 12.119028 68.156096 )
xyz19=( 27.637551 12.119028 68.156096 )
xyz19=( 27.637371 12.119222 68.155790 )
xyz19=( 27.637371 12.119222 68.155790 )
xyz19=( 27.637190 12.119417 68.155483 )
xyz19=( 27.637190 12.119417 68.155483 )
xyz19=( 27.637010 12.119612 68.155177 )
xyz19=( 27.637010 12.119612 68.155177 )
xyz19=( 27.636829 12.119806 68.154871 )
xyz19=( 27.636829 12.119806 68.154871 )
xyz19=( 27.636649 12.120001 68.154565 )
xyz19=( 27.636649 12.120001 68.154565 )
xyz19=( 27.636468 12.120196 68.154259 )
xyz19=( 27.636468 12.120196 68.154259 )
xyz19=( 27.636287 12.120391 68.153952 )
xyz19=( 27.636287 12.120391 68.153952 )
xyz19=( 27.640598 12.115734 68.161308 )
xyz19=( 27.640598 12.115734 68.161308 )
xyz19=( 27.640420 12.115927 68.161001 )
xyz19=( 27.640420 12.115927 68.161001 )
xyz19=( 27.640241 12.116121 68.160695 )
xyz19=( 27.640241 12.116121 68.160695 )
xyz19=( 27.640063 12.116314 68.160388 )
xyz19=( 27.640063 12.116314 68.160388 )
xyz19=( 27.639884 12.116507 68.160081 )
xyz19=( 27.639884 12.116507 68.160081 )
xyz19=( 27.639705 12.116701 68.159774 )
xyz19=( 27.639705 12.116701 68.159774 )
xyz19=( 27.639526 12.116894 68.159468 )
xyz19=( 27.639526 12.116894 68.159468 )
xyz19=( 27.639347 12.117088 68.159161 )
xyz19=( 27.639347 12.117088 68.159161 )
xyz19=( 27.639168 12.117282 68.158854 )
xyz19=( 27.639168 12.117282 68.158854 )
xyz19=( 27.638989 12.117475 68.158548 )
xyz19=( 27.638989 12.117475 68.158548 )
xyz19=( 27.638810 12.117669 68.158241 )
xyz19=( 27.638810 12.117669 68.158241 )
xyz19=( 27.638630 12.117863 68.157934 )
xyz19=( 27.638630 12.117863 68.157934 )
xyz19=( 27.638450 12.118057 68.157628 )
xyz19=( 27.638450 12.118057 68.157628 )
xyz19=( 27.638271 12.118251 68.157321 )
xyz19=( 27.638271 12.118251 68.157321 )
xyz19=( 27.638091 12.118445 68.157015 )
xyz19=( 27.638091 12.118445 68.157015 )
xyz19=( 27.637911 12.118639 68.156709 )
xyz19=( 27.637911 12.118639 68.156709 )
xyz19=( 27.637731 12.118834 68.156402 )
xyz19=( 27.637731 12.118834 68.156402 )
xyz19=( 27.637551 12.119028 68.156096 )
xyz19=( 27.637551 12.119028 68.156096 )
xyz19=( 27.637371 12.119222 68.155790 )
xyz19=( 27.637371 12.119222 68.155790 )
xyz19=( 27.637190 12.119417 68.155483 )
xyz19=( 27.637190 12.119417 68.155483 )
xyz19=( 27.637010 12.119612 68.155177 )
xyz19=( 27.637010 12.119612 68.155177 )
xyz19=( 27.636829 12.119806 68.154871 )
xyz19=( 27.636829 12.119806 68.154871 )
xyz19=( 27.636649 12.120001 68.154565 )
xyz19=( 27.636649 12.120001 68.154565 )
xyz19=( 27.636468 12.120196 68.154259 )
xyz19=( 27.636468 12.120196 68.154259 )
xyz19=( 27.636287 12.120391 68.153952 )
xyz19=( 27.636287 12.120391 68.153952 )
xyz19=( 27.640598 12.115734 68.161308 )
xyz19=( 27.640598 12.115734 68.161308 )
xyz19=( 27.640420 12.115927 68.161001 )
xyz19=( 27.640420 12.115927 68.161001 )
xyz19=( 27.640241 12.116121 68.160695 )
xyz19=( 27.640241 12.116121 68.160695 )
xyz19=( 27.640063 12.116314 68.160388 )
xyz19=( 27.640063 12.116314 68.160388 )
xyz19=( 27.639884 12.116507 68.160081 )
xyz19=( 27.639884 12.116507 68.160081 )
xyz19=( 27.639705 12.116701 68.159774 )
xyz19=( 27.639705 12.116701 68.159774 )
xyz19=( 27.639526 12.116894 68.159468 )
xyz19=( 27.639526 12.116894 68.159468 )
xyz19=( 27.639347 12.117088 68.159161 )
xyz19=( 27.639347 12.117088 68.159161 )
xyz19=( 27.639168 12.117282 68.158854 )
xyz19=( 27.639168 12.117282 68.158854 )
xyz19=( 27.638989 12.117475 68.158548 )
xyz19=( 27.638989 12.117475 68.158548 )
xyz19=( 27.638810 12.117669 68.158241 )
xyz19=( 27.638810 12.117669 68.158241 )
xyz19=( 27.638630 12.117863 68.157934 )
xyz19=( 27.638630 12.117863 68.157934 )
xyz19=( 27.638450 12.118057 68.157628 )
xyz19=( 27.638450 12.118057 68.157628 )
xyz19=( 27.638271 12.118251 68.157321 )
xyz19=( 27.638271 12.118251 68.157321 )
xyz19=( 27.638091 12.118445 68.157015 )
xyz19=( 27.638091 12.118445 68.157015 )
xyz19=( 27.637911 12.118639 68.156709 )
xyz19=( 27.637911 12.118639 68.156709 )
xyz19=( 27.637731 12.118834 68.156402 )
xyz19=( 27.637731 12.118834 68.156402 )
xyz19=( 27.637551 12.119028 68.156096 )
xyz19=( 27.637551 12.119028 68.156096 )
xyz19=( 27.637371 12.119222 68.155790 )
xyz19=( 27.637371 12.119222 68.155790 )
xyz19=( 27.637190 12.119417 68.155483 )
xyz19=( 27.637190 12.119417 68.155483 )
xyz19=( 27.637010 12.119612 68.155177 )
xyz19=( 27.637010 12.119612 68.155177 )
xyz19=( 27.636829 12.119806 68.154871 )
xyz19=( 27.636829 12.119806 68.154871 )
xyz19=( 27.636649 12.120001 68.154565 )
xyz19=( 27.636649 12.120001 68.154565 )
xyz19=( 27.636468 12.120196 68.154259 )
xyz19=( 27.636468 12.120196 68.154259 )
xyz19=( 27.636287 12.120391 68.153952 )
xyz19=( 27.636287 12.120391 68.153952 )
xyz19=( 27.640598 12.115734 68.161308 )
xyz19=( 27.640598 12.115734 68.161308 )
xyz19=( 27.640420 12.115927 68.161001 )
xyz19=( 27.640420 12.115927 68.161001 )
xyz19=( 27.640241 12.116121 68.160695 )
xyz19=( 27.640241 12.116121 68.160695 )
xyz19=( 27.640063 12.116314 68.160388 )
xyz19=( 27.640063 12.116314 68.160388 )
xyz19=( 27.639884 12.116507 68.160081 )
xyz19=( 27.639884 12.116507 68.160081 )
xyz19=( 27.639705 12.116701 68.159774 )
xyz19=( 27.639705 12.116701 68.159774 )
xyz19=( 27.639526 12.116894 68.159468 )
xyz19=( 27.639526 12.116894 68.159468 )
xyz19=( 27.639347 12.117088 68.159161 )
xyz19=( 27.639347 12.117088 68.159161 )
xyz19=( 27.639168 12.117282 68.158854 )
xyz19=( 27.639168 12.117282 68.158854 )
xyz19=( 27.638989 12.117475 68.158548 )
xyz19=( 27.638989 12.117475 68.158548 )
xyz19=( 27.638810 12.117669 68.158241 )
xyz19=( 27.638810 12.117669 68.158241 )
xyz19=( 27.638630 12.117863 68.157934 )
xyz19=( 27.638630 12.117863 68.157934 )
xyz19=( 27.638450 12.118057 68.157628 )
xyz19=( 27.638450 12.118057 68.157628 )
xyz19=( 27.638271 12.118251 68.157321 )
xyz19=( 27.638271 12.118251 68.157321 )
xyz19=( 27.638091 12.118445 68.157015 )
xyz19=( 27.638091 12.118445 68.157015 )
xyz19=( 27.637911 12.118639 68.156709 )
xyz19=( 27.637911 12.118639 68.156709 )
xyz19=( 27.637731 12.118834 68.156402 )
xyz19=( 27.637731 12.118834 68.156402 )
xyz19=( 27.637551 12.119028 68.156096 )
xyz19=( 27.637551 12.119028 68.156096 )
xyz19=( 27.637371 12.119222 68.155790 )
xyz19=( 27.637371 12.119222 68.155790 )
xyz19=( 27.637190 12.119417 68.155483 )
xyz19=( 27.637190 12.119417 68.155483 )
xyz19=( 27.637010 12.119612 68.155177 )
xyz19=( 27.637010 12.119612 68.155177 )
xyz19=( 27.636829 12.119806 68.154871 )
xyz19=( 27.636829 12.119806 68.154871 )
xyz19=( 27.636649 12.120001 68.154565 )
xyz19=( 27.636649 12.120001 68.154565 )
xyz19=( 27.636468 12.120196 68.154259 )
xyz19=( 27.636468 12.120196 68.154259 )
xyz19=( 27.636287 12.120391 68.153952 )
xyz19=( 27.636287 12.120391 68.153952 )
