d_25_21=3.552431456768 eijMax=8.991E-03 rmsd=1.676E-01 s=[ 0 0 0 0 1 0 1 1 1 0 0 1 1 1 1 0 1 1 0 0 1 0 0 1 1 0 1 0 1 0 0 1 0 0 0 0 1 ]
d_25_21=3.552431456768 eijMax=7.153E-04 rmsd=1.519E-02 s=[ 0 0 0 0 1 0 1 1 1 0 0 1 1 1 1 0 1 1 0 0 1 0 0 1 1 0 1 0 1 0 0 1 0 0 1 0 1 ]
d_25_21=3.552431456768 eijMax=8.991E-03 rmsd=1.676E-01 s=[ 0 0 0 0 1 0 1 1 1 0 0 1 1 1 1 0 1 1 0 0 1 0 0 1 1 0 1 1 1 0 0 1 0 0 0 0 1 ]
d_25_21=3.552431456768 eijMax=7.153E-04 rmsd=1.517E-02 s=[ 0 0 0 0 1 0 1 1 1 0 0 1 1 1 1 0 1 1 0 0 1 0 0 1 1 0 1 1 1 0 0 1 0 0 1 0 1 ]
d_25_21=3.552431456768 eijMax=8.991E-03 rmsd=1.680E-01 s=[ 0 0 0 0 1 0 1 1 1 0 0 1 1 1 1 0 1 1 1 0 1 0 0 1 1 0 1 0 1 0 0 1 0 0 0 0 1 ]
d_25_21=3.552431456768 eijMax=7.668E-04 rmsd=1.597E-02 s=[ 0 0 0 0 1 0 1 1 1 0 0 1 1 1 1 0 1 1 1 0 1 0 0 1 1 0 1 0 1 0 0 1 0 0 1 0 1 ]
d_25_21=3.552431456768 eijMax=8.991E-03 rmsd=1.680E-01 s=[ 0 0 0 0 1 0 1 1 1 0 0 1 1 1 1 0 1 1 1 0 1 0 0 1 1 0 1 1 1 0 0 1 0 0 0 0 1 ]
d_25_21=3.552431456768 eijMax=7.668E-04 rmsd=1.595E-02 s=[ 0 0 0 0 1 0 1 1 1 0 0 1 1 1 1 0 1 1 1 0 1 0 0 1 1 0 1 1 1 0 0 1 0 0 1 0 1 ]
d_25_21=3.552431456768 eijMax=8.991E-03 rmsd=1.674E-01 s=[ 0 0 0 0 1 0 1 1 1 0 0 1 1 1 1 1 1 1 0 0 1 0 0 1 1 0 1 0 1 0 0 1 0 0 0 0 1 ]
d_25_21=3.552431456768 eijMax=7.153E-04 rmsd=1.300E-02 s=[ 0 0 0 0 1 0 1 1 1 0 0 1 1 1 1 1 1 1 0 0 1 0 0 1 1 0 1 0 1 0 0 1 0 0 1 0 1 ]
d_25_21=3.552431456768 eijMax=8.991E-03 rmsd=1.674E-01 s=[ 0 0 0 0 1 0 1 1 1 0 0 1 1 1 1 1 1 1 0 0 1 0 0 1 1 0 1 1 1 0 0 1 0 0 0 0 1 ]
d_25_21=3.552431456768 eijMax=7.153E-04 rmsd=1.297E-02 s=[ 0 0 0 0 1 0 1 1 1 0 0 1 1 1 1 1 1 1 0 0 1 0 0 1 1 0 1 1 1 0 0 1 0 0 1 0 1 ]
d_25_21=3.552431456768 eijMax=8.991E-03 rmsd=1.678E-01 s=[ 0 0 0 0 1 0 1 1 1 0 0 1 1 1 1 1 1 1 1 0 1 0 0 1 1 0 1 0 1 0 0 1 0 0 0 0 1 ]
d_25_21=3.552431456768 eijMax=7.668E-04 rmsd=1.391E-02 s=[ 0 0 0 0 1 0 1 1 1 0 0 1 1 1 1 1 1 1 1 0 1 0 0 1 1 0 1 0 1 0 0 1 0 0 1 0 1 ]
d_25_21=3.552431456768 eijMax=8.991E-03 rmsd=1.678E-01 s=[ 0 0 0 0 1 0 1 1 1 0 0 1 1 1 1 1 1 1 1 0 1 0 0 1 1 0 1 1 1 0 0 1 0 0 0 0 1 ]
d_25_21=3.552431456768 eijMax=7.668E-04 rmsd=1.388E-02 s=[ 0 0 0 0 1 0 1 1 1 0 0 1 1 1 1 1 1 1 1 0 1 0 0 1 1 0 1 1 1 0 0 1 0 0 1 0 1 ]
d_25_21=3.552431456768 eijMax=9.330E-03 rmsd=2.372E-01 s=[ 0 0 0 0 1 0 1 1 1 0 1 1 1 1 1 0 1 1 0 0 1 0 0 1 1 0 1 0 1 0 0 1 0 0 0 0 1 ]
d_25_21=3.552431456768 eijMax=9.330E-03 rmsd=1.640E-01 s=[ 0 0 0 0 1 0 1 1 1 0 1 1 1 1 1 0 1 1 0 0 1 0 0 1 1 0 1 0 1 0 0 1 0 0 1 0 1 ]
d_25_21=3.552431456768 eijMax=9.330E-03 rmsd=2.372E-01 s=[ 0 0 0 0 1 0 1 1 1 0 1 1 1 1 1 0 1 1 0 0 1 0 0 1 1 0 1 1 1 0 0 1 0 0 0 0 1 ]
d_25_21=3.552431456768 eijMax=9.330E-03 rmsd=1.640E-01 s=[ 0 0 0 0 1 0 1 1 1 0 1 1 1 1 1 0 1 1 0 0 1 0 0 1 1 0 1 1 1 0 0 1 0 0 1 0 1 ]
d_25_21=3.552431456768 eijMax=9.330E-03 rmsd=2.376E-01 s=[ 0 0 0 0 1 0 1 1 1 0 1 1 1 1 1 0 1 1 1 0 1 0 0 1 1 0 1 0 1 0 0 1 0 0 0 0 1 ]
d_25_21=3.552431456768 eijMax=9.330E-03 rmsd=1.642E-01 s=[ 0 0 0 0 1 0 1 1 1 0 1 1 1 1 1 0 1 1 1 0 1 0 0 1 1 0 1 0 1 0 0 1 0 0 1 0 1 ]
d_25_21=3.552431456768 eijMax=9.330E-03 rmsd=2.376E-01 s=[ 0 0 0 0 1 0 1 1 1 0 1 1 1 1 1 0 1 1 1 0 1 0 0 1 1 0 1 1 1 0 0 1 0 0 0 0 1 ]
d_25_21=3.552431456768 eijMax=9.330E-03 rmsd=1.642E-01 s=[ 0 0 0 0 1 0 1 1 1 0 1 1 1 1 1 0 1 1 1 0 1 0 0 1 1 0 1 1 1 0 0 1 0 0 1 0 1 ]
d_25_21=3.552431456768 eijMax=9.330E-03 rmsd=2.371E-01 s=[ 0 0 0 0 1 0 1 1 1 0 1 1 1 1 1 1 1 1 0 0 1 0 0 1 1 0 1 0 1 0 0 1 0 0 0 0 1 ]
d_25_21=3.552431456768 eijMax=9.330E-03 rmsd=1.639E-01 s=[ 0 0 0 0 1 0 1 1 1 0 1 1 1 1 1 1 1 1 0 0 1 0 0 1 1 0 1 0 1 0 0 1 0 0 1 0 1 ]
d_25_21=3.552431456768 eijMax=9.330E-03 rmsd=2.371E-01 s=[ 0 0 0 0 1 0 1 1 1 0 1 1 1 1 1 1 1 1 0 0 1 0 0 1 1 0 1 1 1 0 0 1 0 0 0 0 1 ]
d_25_21=3.552431456768 eijMax=9.330E-03 rmsd=1.639E-01 s=[ 0 0 0 0 1 0 1 1 1 0 1 1 1 1 1 1 1 1 0 0 1 0 0 1 1 0 1 1 1 0 0 1 0 0 1 0 1 ]
d_25_21=3.552431456768 eijMax=9.330E-03 rmsd=2.374E-01 s=[ 0 0 0 0 1 0 1 1 1 0 1 1 1 1 1 1 1 1 1 0 1 0 0 1 1 0 1 0 1 0 0 1 0 0 0 0 1 ]
d_25_21=3.552431456768 eijMax=9.330E-03 rmsd=1.641E-01 s=[ 0 0 0 0 1 0 1 1 1 0 1 1 1 1 1 1 1 1 1 0 1 0 0 1 1 0 1 0 1 0 0 1 0 0 1 0 1 ]
d_25_21=3.552431456768 eijMax=9.330E-03 rmsd=2.374E-01 s=[ 0 0 0 0 1 0 1 1 1 0 1 1 1 1 1 1 1 1 1 0 1 0 0 1 1 0 1 1 1 0 0 1 0 0 0 0 1 ]
d_25_21=3.552431456768 eijMax=9.330E-03 rmsd=1.641E-01 s=[ 0 0 0 0 1 0 1 1 1 0 1 1 1 1 1 1 1 1 1 0 1 0 0 1 1 0 1 1 1 0 0 1 0 0 1 0 1 ]
d_25_21=3.552431456768 eijMax=9.330E-03 rmsd=1.641E-01 s=[ 0 0 0 1 0 1 0 0 0 1 0 0 0 0 0 0 0 0 0 1 0 1 1 0 0 1 0 0 0 1 1 0 1 1 0 1 0 ]
d_25_21=3.552431456768 eijMax=9.330E-03 rmsd=2.374E-01 s=[ 0 0 0 1 0 1 0 0 0 1 0 0 0 0 0 0 0 0 0 1 0 1 1 0 0 1 0 0 0 1 1 0 1 1 1 1 0 ]
d_25_21=3.552431456768 eijMax=9.330E-03 rmsd=1.641E-01 s=[ 0 0 0 1 0 1 0 0 0 1 0 0 0 0 0 0 0 0 0 1 0 1 1 0 0 1 0 1 0 1 1 0 1 1 0 1 0 ]
d_25_21=3.552431456768 eijMax=9.330E-03 rmsd=2.374E-01 s=[ 0 0 0 1 0 1 0 0 0 1 0 0 0 0 0 0 0 0 0 1 0 1 1 0 0 1 0 1 0 1 1 0 1 1 1 1 0 ]
d_25_21=3.552431456768 eijMax=9.330E-03 rmsd=1.639E-01 s=[ 0 0 0 1 0 1 0 0 0 1 0 0 0 0 0 0 0 0 1 1 0 1 1 0 0 1 0 0 0 1 1 0 1 1 0 1 0 ]
d_25_21=3.552431456768 eijMax=9.330E-03 rmsd=2.371E-01 s=[ 0 0 0 1 0 1 0 0 0 1 0 0 0 0 0 0 0 0 1 1 0 1 1 0 0 1 0 0 0 1 1 0 1 1 1 1 0 ]
d_25_21=3.552431456768 eijMax=9.330E-03 rmsd=1.639E-01 s=[ 0 0 0 1 0 1 0 0 0 1 0 0 0 0 0 0 0 0 1 1 0 1 1 0 0 1 0 1 0 1 1 0 1 1 0 1 0 ]
d_25_21=3.552431456768 eijMax=9.330E-03 rmsd=2.371E-01 s=[ 0 0 0 1 0 1 0 0 0 1 0 0 0 0 0 0 0 0 1 1 0 1 1 0 0 1 0 1 0 1 1 0 1 1 1 1 0 ]
d_25_21=3.552431456768 eijMax=9.330E-03 rmsd=1.642E-01 s=[ 0 0 0 1 0 1 0 0 0 1 0 0 0 0 0 1 0 0 0 1 0 1 1 0 0 1 0 0 0 1 1 0 1 1 0 1 0 ]
d_25_21=3.552431456768 eijMax=9.330E-03 rmsd=2.376E-01 s=[ 0 0 0 1 0 1 0 0 0 1 0 0 0 0 0 1 0 0 0 1 0 1 1 0 0 1 0 0 0 1 1 0 1 1 1 1 0 ]
d_25_21=3.552431456768 eijMax=9.330E-03 rmsd=1.642E-01 s=[ 0 0 0 1 0 1 0 0 0 1 0 0 0 0 0 1 0 0 0 1 0 1 1 0 0 1 0 1 0 1 1 0 1 1 0 1 0 ]
d_25_21=3.552431456768 eijMax=9.330E-03 rmsd=2.376E-01 s=[ 0 0 0 1 0 1 0 0 0 1 0 0 0 0 0 1 0 0 0 1 0 1 1 0 0 1 0 1 0 1 1 0 1 1 1 1 0 ]
d_25_21=3.552431456768 eijMax=9.330E-03 rmsd=1.640E-01 s=[ 0 0 0 1 0 1 0 0 0 1 0 0 0 0 0 1 0 0 1 1 0 1 1 0 0 1 0 0 0 1 1 0 1 1 0 1 0 ]
d_25_21=3.552431456768 eijMax=9.330E-03 rmsd=2.372E-01 s=[ 0 0 0 1 0 1 0 0 0 1 0 0 0 0 0 1 0 0 1 1 0 1 1 0 0 1 0 0 0 1 1 0 1 1 1 1 0 ]
d_25_21=3.552431456768 eijMax=9.330E-03 rmsd=1.640E-01 s=[ 0 0 0 1 0 1 0 0 0 1 0 0 0 0 0 1 0 0 1 1 0 1 1 0 0 1 0 1 0 1 1 0 1 1 0 1 0 ]
d_25_21=3.552431456768 eijMax=9.330E-03 rmsd=2.372E-01 s=[ 0 0 0 1 0 1 0 0 0 1 0 0 0 0 0 1 0 0 1 1 0 1 1 0 0 1 0 1 0 1 1 0 1 1 1 1 0 ]
d_25_21=3.552431456768 eijMax=7.668E-04 rmsd=1.388E-02 s=[ 0 0 0 1 0 1 0 0 0 1 1 0 0 0 0 0 0 0 0 1 0 1 1 0 0 1 0 0 0 1 1 0 1 1 0 1 0 ]
d_25_21=3.552431456768 eijMax=8.991E-03 rmsd=1.678E-01 s=[ 0 0 0 1 0 1 0 0 0 1 1 0 0 0 0 0 0 0 0 1 0 1 1 0 0 1 0 0 0 1 1 0 1 1 1 1 0 ]
d_25_21=3.552431456768 eijMax=7.668E-04 rmsd=1.391E-02 s=[ 0 0 0 1 0 1 0 0 0 1 1 0 0 0 0 0 0 0 0 1 0 1 1 0 0 1 0 1 0 1 1 0 1 1 0 1 0 ]
d_25_21=3.552431456768 eijMax=8.991E-03 rmsd=1.678E-01 s=[ 0 0 0 1 0 1 0 0 0 1 1 0 0 0 0 0 0 0 0 1 0 1 1 0 0 1 0 1 0 1 1 0 1 1 1 1 0 ]
d_25_21=3.552431456768 eijMax=7.153E-04 rmsd=1.297E-02 s=[ 0 0 0 1 0 1 0 0 0 1 1 0 0 0 0 0 0 0 1 1 0 1 1 0 0 1 0 0 0 1 1 0 1 1 0 1 0 ]
d_25_21=3.552431456768 eijMax=8.991E-03 rmsd=1.674E-01 s=[ 0 0 0 1 0 1 0 0 0 1 1 0 0 0 0 0 0 0 1 1 0 1 1 0 0 1 0 0 0 1 1 0 1 1 1 1 0 ]
d_25_21=3.552431456768 eijMax=7.153E-04 rmsd=1.300E-02 s=[ 0 0 0 1 0 1 0 0 0 1 1 0 0 0 0 0 0 0 1 1 0 1 1 0 0 1 0 1 0 1 1 0 1 1 0 1 0 ]
d_25_21=3.552431456768 eijMax=8.991E-03 rmsd=1.674E-01 s=[ 0 0 0 1 0 1 0 0 0 1 1 0 0 0 0 0 0 0 1 1 0 1 1 0 0 1 0 1 0 1 1 0 1 1 1 1 0 ]
d_25_21=3.552431456768 eijMax=7.668E-04 rmsd=1.595E-02 s=[ 0 0 0 1 0 1 0 0 0 1 1 0 0 0 0 1 0 0 0 1 0 1 1 0 0 1 0 0 0 1 1 0 1 1 0 1 0 ]
d_25_21=3.552431456768 eijMax=8.991E-03 rmsd=1.680E-01 s=[ 0 0 0 1 0 1 0 0 0 1 1 0 0 0 0 1 0 0 0 1 0 1 1 0 0 1 0 0 0 1 1 0 1 1 1 1 0 ]
d_25_21=3.552431456768 eijMax=7.668E-04 rmsd=1.597E-02 s=[ 0 0 0 1 0 1 0 0 0 1 1 0 0 0 0 1 0 0 0 1 0 1 1 0 0 1 0 1 0 1 1 0 1 1 0 1 0 ]
d_25_21=3.552431456768 eijMax=8.991E-03 rmsd=1.680E-01 s=[ 0 0 0 1 0 1 0 0 0 1 1 0 0 0 0 1 0 0 0 1 0 1 1 0 0 1 0 1 0 1 1 0 1 1 1 1 0 ]
d_25_21=3.552431456768 eijMax=7.153E-04 rmsd=1.517E-02 s=[ 0 0 0 1 0 1 0 0 0 1 1 0 0 0 0 1 0 0 1 1 0 1 1 0 0 1 0 0 0 1 1 0 1 1 0 1 0 ]
d_25_21=3.552431456768 eijMax=8.991E-03 rmsd=1.676E-01 s=[ 0 0 0 1 0 1 0 0 0 1 1 0 0 0 0 1 0 0 1 1 0 1 1 0 0 1 0 0 0 1 1 0 1 1 1 1 0 ]
d_25_21=3.552431456768 eijMax=7.153E-04 rmsd=1.519E-02 s=[ 0 0 0 1 0 1 0 0 0 1 1 0 0 0 0 1 0 0 1 1 0 1 1 0 0 1 0 1 0 1 1 0 1 1 0 1 0 ]
d_25_21=3.552431456768 eijMax=8.991E-03 rmsd=1.676E-01 s=[ 0 0 0 1 0 1 0 0 0 1 1 0 0 0 0 1 0 0 1 1 0 1 1 0 0 1 0 1 0 1 1 0 1 1 1 1 0 ]
num ..... 100
nnodes .. 37
nedges .. 194
nsols ... 64
tsecs ... 3.784186
