xyz18=( -3.493605 5.924626 25.821137 )
xyz18=( -3.493605 5.924626 25.821137 )
xyz18=( -3.493605 5.924626 25.821137 )
xyz18=( -3.493605 5.924626 25.821137 )
xyz18=( -3.493045 5.923670 25.821606 )
xyz18=( -3.493045 5.923670 25.821606 )
xyz18=( -3.493045 5.923670 25.821606 )
xyz18=( -3.493045 5.923670 25.821606 )
xyz18=( -3.492484 5.922713 25.822077 )
xyz18=( -3.492484 5.922713 25.822077 )
xyz18=( -3.492484 5.922713 25.822077 )
xyz18=( -3.492484 5.922713 25.822077 )
xyz18=( -3.491922 5.921753 25.822549 )
xyz18=( -3.491922 5.921753 25.822549 )
xyz18=( -3.491922 5.921753 25.822549 )
xyz18=( -3.491922 5.921753 25.822549 )
xyz18=( -3.491359 5.920791 25.823024 )
xyz18=( -3.491359 5.920791 25.823024 )
xyz18=( -3.491359 5.920791 25.823024 )
xyz18=( -3.491359 5.920791 25.823024 )
xyz18=( -3.490795 5.919827 25.823501 )
xyz18=( -3.490795 5.919827 25.823501 )
xyz18=( -3.490795 5.919827 25.823501 )
xyz18=( -3.490795 5.919827 25.823501 )
xyz18=( -3.490230 5.918861 25.823980 )
xyz18=( -3.490230 5.918861 25.823980 )
xyz18=( -3.490230 5.918861 25.823980 )
xyz18=( -3.490230 5.918861 25.823980 )
xyz18=( -3.489664 5.917893 25.824462 )
xyz18=( -3.489664 5.917893 25.824462 )
xyz18=( -3.489664 5.917893 25.824462 )
xyz18=( -3.489664 5.917893 25.824462 )
xyz18=( -3.489097 5.916923 25.824945 )
xyz18=( -3.489097 5.916923 25.824945 )
xyz18=( -3.489097 5.916923 25.824945 )
xyz18=( -3.489097 5.916923 25.824945 )
xyz18=( -3.488529 5.915951 25.825431 )
xyz18=( -3.488529 5.915951 25.825431 )
xyz18=( -3.488529 5.915951 25.825431 )
xyz18=( -3.488529 5.915951 25.825431 )
xyz18=( -3.487961 5.914976 25.825918 )
xyz18=( -3.487961 5.914976 25.825918 )
xyz18=( -3.487961 5.914976 25.825918 )
xyz18=( -3.487961 5.914976 25.825918 )
xyz18=( -3.487391 5.914000 25.826408 )
xyz18=( -3.487391 5.914000 25.826408 )
xyz18=( -3.487391 5.914000 25.826408 )
xyz18=( -3.487391 5.914000 25.826408 )
xyz18=( -3.486820 5.913022 25.826901 )
xyz18=( -3.486820 5.913022 25.826901 )
xyz18=( -3.493624 5.924658 25.821122 )
xyz18=( -3.493624 5.924658 25.821122 )
xyz18=( -3.493624 5.924658 25.821122 )
xyz18=( -3.493624 5.924658 25.821122 )
xyz18=( -3.493063 5.923702 25.821590 )
xyz18=( -3.493063 5.923702 25.821590 )
xyz18=( -3.493063 5.923702 25.821590 )
xyz18=( -3.493063 5.923702 25.821590 )
xyz18=( -3.492502 5.922744 25.822061 )
xyz18=( -3.492502 5.922744 25.822061 )
xyz18=( -3.492502 5.922744 25.822061 )
xyz18=( -3.492502 5.922744 25.822061 )
xyz18=( -3.491940 5.921784 25.822534 )
xyz18=( -3.491940 5.921784 25.822534 )
xyz18=( -3.491940 5.921784 25.822534 )
xyz18=( -3.491940 5.921784 25.822534 )
xyz18=( -3.491377 5.920822 25.823009 )
xyz18=( -3.491377 5.920822 25.823009 )
xyz18=( -3.491377 5.920822 25.823009 )
xyz18=( -3.491377 5.920822 25.823009 )
xyz18=( -3.490813 5.919858 25.823486 )
xyz18=( -3.490813 5.919858 25.823486 )
xyz18=( -3.490813 5.919858 25.823486 )
xyz18=( -3.490813 5.919858 25.823486 )
xyz18=( -3.490248 5.918892 25.823965 )
xyz18=( -3.490248 5.918892 25.823965 )
xyz18=( -3.490248 5.918892 25.823965 )
xyz18=( -3.490248 5.918892 25.823965 )
xyz18=( -3.489682 5.917924 25.824446 )
xyz18=( -3.489682 5.917924 25.824446 )
xyz18=( -3.489682 5.917924 25.824446 )
xyz18=( -3.489682 5.917924 25.824446 )
xyz18=( -3.489115 5.916954 25.824930 )
xyz18=( -3.489115 5.916954 25.824930 )
xyz18=( -3.489115 5.916954 25.824930 )
xyz18=( -3.489115 5.916954 25.824930 )
xyz18=( -3.488547 5.915981 25.825415 )
xyz18=( -3.488547 5.915981 25.825415 )
xyz18=( -3.488547 5.915981 25.825415 )
xyz18=( -3.488547 5.915981 25.825415 )
xyz18=( -3.487978 5.915007 25.825903 )
xyz18=( -3.487978 5.915007 25.825903 )
xyz18=( -3.487978 5.915007 25.825903 )
xyz18=( -3.487978 5.915007 25.825903 )
xyz18=( -3.487409 5.914030 25.826393 )
xyz18=( -3.487409 5.914030 25.826393 )
xyz18=( -3.487409 5.914030 25.826393 )
xyz18=( -3.487409 5.914030 25.826393 )
xyz18=( -3.486838 5.913052 25.826885 )
xyz18=( -3.486838 5.913052 25.826885 )
xyz18=( -3.493605 5.924626 25.821137 )
xyz18=( -3.493605 5.924626 25.821137 )
xyz18=( -3.493605 5.924626 25.821137 )
xyz18=( -3.493605 5.924626 25.821137 )
xyz18=( -3.493045 5.923670 25.821606 )
xyz18=( -3.493045 5.923670 25.821606 )
xyz18=( -3.493045 5.923670 25.821606 )
xyz18=( -3.493045 5.923670 25.821606 )
xyz18=( -3.492484 5.922713 25.822077 )
xyz18=( -3.492484 5.922713 25.822077 )
xyz18=( -3.492484 5.922713 25.822077 )
xyz18=( -3.492484 5.922713 25.822077 )
xyz18=( -3.491922 5.921753 25.822549 )
xyz18=( -3.491922 5.921753 25.822549 )
xyz18=( -3.491922 5.921753 25.822549 )
xyz18=( -3.491922 5.921753 25.822549 )
xyz18=( -3.491359 5.920791 25.823024 )
xyz18=( -3.491359 5.920791 25.823024 )
xyz18=( -3.491359 5.920791 25.823024 )
xyz18=( -3.491359 5.920791 25.823024 )
xyz18=( -3.490795 5.919827 25.823501 )
xyz18=( -3.490795 5.919827 25.823501 )
xyz18=( -3.490795 5.919827 25.823501 )
xyz18=( -3.490795 5.919827 25.823501 )
xyz18=( -3.490230 5.918861 25.823980 )
xyz18=( -3.490230 5.918861 25.823980 )
xyz18=( -3.490230 5.918861 25.823980 )
xyz18=( -3.490230 5.918861 25.823980 )
xyz18=( -3.489664 5.917893 25.824462 )
xyz18=( -3.489664 5.917893 25.824462 )
xyz18=( -3.489664 5.917893 25.824462 )
xyz18=( -3.489664 5.917893 25.824462 )
xyz18=( -3.489097 5.916923 25.824945 )
xyz18=( -3.489097 5.916923 25.824945 )
xyz18=( -3.489097 5.916923 25.824945 )
xyz18=( -3.489097 5.916923 25.824945 )
xyz18=( -3.488529 5.915951 25.825431 )
xyz18=( -3.488529 5.915951 25.825431 )
xyz18=( -3.488529 5.915951 25.825431 )
xyz18=( -3.488529 5.915951 25.825431 )
xyz18=( -3.487961 5.914976 25.825918 )
xyz18=( -3.487961 5.914976 25.825918 )
xyz18=( -3.487961 5.914976 25.825918 )
xyz18=( -3.487961 5.914976 25.825918 )
xyz18=( -3.487391 5.914000 25.826408 )
xyz18=( -3.487391 5.914000 25.826408 )
xyz18=( -3.487391 5.914000 25.826408 )
xyz18=( -3.487391 5.914000 25.826408 )
xyz18=( -3.486820 5.913022 25.826901 )
xyz18=( -3.486820 5.913022 25.826901 )
xyz18=( -3.493624 5.924658 25.821122 )
xyz18=( -3.493624 5.924658 25.821122 )
xyz18=( -3.493624 5.924658 25.821122 )
xyz18=( -3.493624 5.924658 25.821122 )
xyz18=( -3.493063 5.923702 25.821590 )
xyz18=( -3.493063 5.923702 25.821590 )
xyz18=( -3.493063 5.923702 25.821590 )
xyz18=( -3.493063 5.923702 25.821590 )
xyz18=( -3.492502 5.922744 25.822061 )
xyz18=( -3.492502 5.922744 25.822061 )
xyz18=( -3.492502 5.922744 25.822061 )
xyz18=( -3.492502 5.922744 25.822061 )
xyz18=( -3.491940 5.921784 25.822534 )
xyz18=( -3.491940 5.921784 25.822534 )
xyz18=( -3.491940 5.921784 25.822534 )
xyz18=( -3.491940 5.921784 25.822534 )
xyz18=( -3.491377 5.920822 25.823009 )
xyz18=( -3.491377 5.920822 25.823009 )
xyz18=( -3.491377 5.920822 25.823009 )
xyz18=( -3.491377 5.920822 25.823009 )
xyz18=( -3.490813 5.919858 25.823486 )
xyz18=( -3.490813 5.919858 25.823486 )
xyz18=( -3.490813 5.919858 25.823486 )
xyz18=( -3.490813 5.919858 25.823486 )
xyz18=( -3.490248 5.918892 25.823965 )
xyz18=( -3.490248 5.918892 25.823965 )
xyz18=( -3.490248 5.918892 25.823965 )
xyz18=( -3.490248 5.918892 25.823965 )
xyz18=( -3.489682 5.917924 25.824446 )
xyz18=( -3.489682 5.917924 25.824446 )
xyz18=( -3.489682 5.917924 25.824446 )
xyz18=( -3.489682 5.917924 25.824446 )
xyz18=( -3.489115 5.916954 25.824930 )
xyz18=( -3.489115 5.916954 25.824930 )
xyz18=( -3.489115 5.916954 25.824930 )
xyz18=( -3.489115 5.916954 25.824930 )
xyz18=( -3.488547 5.915981 25.825415 )
xyz18=( -3.488547 5.915981 25.825415 )
xyz18=( -3.488547 5.915981 25.825415 )
xyz18=( -3.488547 5.915981 25.825415 )
xyz18=( -3.487978 5.915007 25.825903 )
xyz18=( -3.487978 5.915007 25.825903 )
xyz18=( -3.487978 5.915007 25.825903 )
xyz18=( -3.487978 5.915007 25.825903 )
xyz18=( -3.487409 5.914030 25.826393 )
xyz18=( -3.487409 5.914030 25.826393 )
xyz18=( -3.487409 5.914030 25.826393 )
xyz18=( -3.487409 5.914030 25.826393 )
xyz18=( -3.486838 5.913052 25.826885 )
xyz18=( -3.486838 5.913052 25.826885 )
xyz18=( -3.493605 5.924626 25.821137 )
xyz18=( -3.493605 5.924626 25.821137 )
xyz18=( -3.493605 5.924626 25.821137 )
xyz18=( -3.493605 5.924626 25.821137 )
xyz18=( -3.493045 5.923670 25.821606 )
xyz18=( -3.493045 5.923670 25.821606 )
xyz18=( -3.493045 5.923670 25.821606 )
xyz18=( -3.493045 5.923670 25.821606 )
xyz18=( -3.492484 5.922713 25.822077 )
xyz18=( -3.492484 5.922713 25.822077 )
xyz18=( -3.492484 5.922713 25.822077 )
xyz18=( -3.492484 5.922713 25.822077 )
xyz18=( -3.491922 5.921753 25.822549 )
xyz18=( -3.491922 5.921753 25.822549 )
xyz18=( -3.491922 5.921753 25.822549 )
xyz18=( -3.491922 5.921753 25.822549 )
xyz18=( -3.491359 5.920791 25.823024 )
xyz18=( -3.491359 5.920791 25.823024 )
xyz18=( -3.491359 5.920791 25.823024 )
xyz18=( -3.491359 5.920791 25.823024 )
xyz18=( -3.490795 5.919827 25.823501 )
xyz18=( -3.490795 5.919827 25.823501 )
xyz18=( -3.490795 5.919827 25.823501 )
xyz18=( -3.490795 5.919827 25.823501 )
xyz18=( -3.490230 5.918861 25.823980 )
xyz18=( -3.490230 5.918861 25.823980 )
xyz18=( -3.490230 5.918861 25.823980 )
xyz18=( -3.490230 5.918861 25.823980 )
xyz18=( -3.489664 5.917893 25.824462 )
xyz18=( -3.489664 5.917893 25.824462 )
xyz18=( -3.489664 5.917893 25.824462 )
xyz18=( -3.489664 5.917893 25.824462 )
xyz18=( -3.489097 5.916923 25.824945 )
xyz18=( -3.489097 5.916923 25.824945 )
xyz18=( -3.489097 5.916923 25.824945 )
xyz18=( -3.489097 5.916923 25.824945 )
xyz18=( -3.488529 5.915951 25.825431 )
xyz18=( -3.488529 5.915951 25.825431 )
xyz18=( -3.488529 5.915951 25.825431 )
xyz18=( -3.488529 5.915951 25.825431 )
xyz18=( -3.487961 5.914976 25.825918 )
xyz18=( -3.487961 5.914976 25.825918 )
xyz18=( -3.487961 5.914976 25.825918 )
xyz18=( -3.487961 5.914976 25.825918 )
xyz18=( -3.487391 5.914000 25.826408 )
xyz18=( -3.487391 5.914000 25.826408 )
xyz18=( -3.487391 5.914000 25.826408 )
xyz18=( -3.487391 5.914000 25.826408 )
xyz18=( -3.486820 5.913022 25.826901 )
xyz18=( -3.486820 5.913022 25.826901 )
xyz18=( -3.493624 5.924658 25.821122 )
xyz18=( -3.493624 5.924658 25.821122 )
xyz18=( -3.493624 5.924658 25.821122 )
xyz18=( -3.493624 5.924658 25.821122 )
xyz18=( -3.493063 5.923702 25.821590 )
xyz18=( -3.493063 5.923702 25.821590 )
xyz18=( -3.493063 5.923702 25.821590 )
xyz18=( -3.493063 5.923702 25.821590 )
xyz18=( -3.492502 5.922744 25.822061 )
xyz18=( -3.492502 5.922744 25.822061 )
xyz18=( -3.492502 5.922744 25.822061 )
xyz18=( -3.492502 5.922744 25.822061 )
xyz18=( -3.491940 5.921784 25.822534 )
xyz18=( -3.491940 5.921784 25.822534 )
xyz18=( -3.491940 5.921784 25.822534 )
xyz18=( -3.491940 5.921784 25.822534 )
xyz18=( -3.491377 5.920822 25.823009 )
xyz18=( -3.491377 5.920822 25.823009 )
xyz18=( -3.491377 5.920822 25.823009 )
xyz18=( -3.491377 5.920822 25.823009 )
xyz18=( -3.490813 5.919858 25.823486 )
xyz18=( -3.490813 5.919858 25.823486 )
xyz18=( -3.490813 5.919858 25.823486 )
xyz18=( -3.490813 5.919858 25.823486 )
xyz18=( -3.490248 5.918892 25.823965 )
xyz18=( -3.490248 5.918892 25.823965 )
xyz18=( -3.490248 5.918892 25.823965 )
xyz18=( -3.490248 5.918892 25.823965 )
xyz18=( -3.489682 5.917924 25.824446 )
xyz18=( -3.489682 5.917924 25.824446 )
xyz18=( -3.489682 5.917924 25.824446 )
xyz18=( -3.489682 5.917924 25.824446 )
xyz18=( -3.489115 5.916954 25.824930 )
xyz18=( -3.489115 5.916954 25.824930 )
xyz18=( -3.489115 5.916954 25.824930 )
xyz18=( -3.489115 5.916954 25.824930 )
xyz18=( -3.488547 5.915981 25.825415 )
xyz18=( -3.488547 5.915981 25.825415 )
xyz18=( -3.488547 5.915981 25.825415 )
xyz18=( -3.488547 5.915981 25.825415 )
xyz18=( -3.487978 5.915007 25.825903 )
xyz18=( -3.487978 5.915007 25.825903 )
xyz18=( -3.487978 5.915007 25.825903 )
xyz18=( -3.487978 5.915007 25.825903 )
xyz18=( -3.487409 5.914030 25.826393 )
xyz18=( -3.487409 5.914030 25.826393 )
xyz18=( -3.487409 5.914030 25.826393 )
xyz18=( -3.487409 5.914030 25.826393 )
xyz18=( -3.486838 5.913052 25.826885 )
xyz18=( -3.486838 5.913052 25.826885 )
xyz18=( -3.493605 5.924626 25.821137 )
xyz18=( -3.493605 5.924626 25.821137 )
xyz18=( -3.493605 5.924626 25.821137 )
xyz18=( -3.493605 5.924626 25.821137 )
xyz18=( -3.493045 5.923670 25.821606 )
xyz18=( -3.493045 5.923670 25.821606 )
xyz18=( -3.493045 5.923670 25.821606 )
xyz18=( -3.493045 5.923670 25.821606 )
xyz18=( -3.492484 5.922713 25.822077 )
xyz18=( -3.492484 5.922713 25.822077 )
xyz18=( -3.492484 5.922713 25.822077 )
xyz18=( -3.492484 5.922713 25.822077 )
xyz18=( -3.491922 5.921753 25.822549 )
xyz18=( -3.491922 5.921753 25.822549 )
xyz18=( -3.491922 5.921753 25.822549 )
xyz18=( -3.491922 5.921753 25.822549 )
xyz18=( -3.491359 5.920791 25.823024 )
xyz18=( -3.491359 5.920791 25.823024 )
xyz18=( -3.491359 5.920791 25.823024 )
xyz18=( -3.491359 5.920791 25.823024 )
xyz18=( -3.490795 5.919827 25.823501 )
xyz18=( -3.490795 5.919827 25.823501 )
xyz18=( -3.490795 5.919827 25.823501 )
xyz18=( -3.490795 5.919827 25.823501 )
xyz18=( -3.490230 5.918861 25.823980 )
xyz18=( -3.490230 5.918861 25.823980 )
xyz18=( -3.490230 5.918861 25.823980 )
xyz18=( -3.490230 5.918861 25.823980 )
xyz18=( -3.489664 5.917893 25.824462 )
xyz18=( -3.489664 5.917893 25.824462 )
xyz18=( -3.489664 5.917893 25.824462 )
xyz18=( -3.489664 5.917893 25.824462 )
xyz18=( -3.489097 5.916923 25.824945 )
xyz18=( -3.489097 5.916923 25.824945 )
xyz18=( -3.489097 5.916923 25.824945 )
xyz18=( -3.489097 5.916923 25.824945 )
xyz18=( -3.488529 5.915951 25.825431 )
xyz18=( -3.488529 5.915951 25.825431 )
xyz18=( -3.488529 5.915951 25.825431 )
xyz18=( -3.488529 5.915951 25.825431 )
xyz18=( -3.487961 5.914976 25.825918 )
xyz18=( -3.487961 5.914976 25.825918 )
xyz18=( -3.487961 5.914976 25.825918 )
xyz18=( -3.487961 5.914976 25.825918 )
xyz18=( -3.487391 5.914000 25.826408 )
xyz18=( -3.487391 5.914000 25.826408 )
xyz18=( -3.487391 5.914000 25.826408 )
xyz18=( -3.487391 5.914000 25.826408 )
xyz18=( -3.486820 5.913022 25.826901 )
xyz18=( -3.486820 5.913022 25.826901 )
xyz18=( -3.493624 5.924658 25.821122 )
xyz18=( -3.493624 5.924658 25.821122 )
xyz18=( -3.493624 5.924658 25.821122 )
xyz18=( -3.493624 5.924658 25.821122 )
xyz18=( -3.493063 5.923702 25.821590 )
xyz18=( -3.493063 5.923702 25.821590 )
xyz18=( -3.493063 5.923702 25.821590 )
xyz18=( -3.493063 5.923702 25.821590 )
xyz18=( -3.492502 5.922744 25.822061 )
xyz18=( -3.492502 5.922744 25.822061 )
xyz18=( -3.492502 5.922744 25.822061 )
xyz18=( -3.492502 5.922744 25.822061 )
xyz18=( -3.491940 5.921784 25.822534 )
xyz18=( -3.491940 5.921784 25.822534 )
xyz18=( -3.491940 5.921784 25.822534 )
xyz18=( -3.491940 5.921784 25.822534 )
xyz18=( -3.491377 5.920822 25.823009 )
xyz18=( -3.491377 5.920822 25.823009 )
xyz18=( -3.491377 5.920822 25.823009 )
xyz18=( -3.491377 5.920822 25.823009 )
xyz18=( -3.490813 5.919858 25.823486 )
xyz18=( -3.490813 5.919858 25.823486 )
xyz18=( -3.490813 5.919858 25.823486 )
xyz18=( -3.490813 5.919858 25.823486 )
xyz18=( -3.490248 5.918892 25.823965 )
xyz18=( -3.490248 5.918892 25.823965 )
xyz18=( -3.490248 5.918892 25.823965 )
xyz18=( -3.490248 5.918892 25.823965 )
xyz18=( -3.489682 5.917924 25.824446 )
xyz18=( -3.489682 5.917924 25.824446 )
xyz18=( -3.489682 5.917924 25.824446 )
xyz18=( -3.489682 5.917924 25.824446 )
xyz18=( -3.489115 5.916954 25.824930 )
xyz18=( -3.489115 5.916954 25.824930 )
xyz18=( -3.489115 5.916954 25.824930 )
xyz18=( -3.489115 5.916954 25.824930 )
xyz18=( -3.488547 5.915981 25.825415 )
xyz18=( -3.488547 5.915981 25.825415 )
xyz18=( -3.488547 5.915981 25.825415 )
xyz18=( -3.488547 5.915981 25.825415 )
xyz18=( -3.487978 5.915007 25.825903 )
xyz18=( -3.487978 5.915007 25.825903 )
xyz18=( -3.487978 5.915007 25.825903 )
xyz18=( -3.487978 5.915007 25.825903 )
xyz18=( -3.487409 5.914030 25.826393 )
xyz18=( -3.487409 5.914030 25.826393 )
xyz18=( -3.487409 5.914030 25.826393 )
xyz18=( -3.487409 5.914030 25.826393 )
xyz18=( -3.486838 5.913052 25.826885 )
xyz18=( -3.486838 5.913052 25.826885 )
xyz18=( -4.644555 7.338277 26.637639 )
xyz18=( -4.644555 7.338277 26.637639 )
xyz18=( -4.644555 7.338277 26.637639 )
xyz18=( -4.644555 7.338277 26.637639 )
xyz18=( -4.644926 7.338464 26.638768 )
xyz18=( -4.644926 7.338464 26.638768 )
xyz18=( -4.644926 7.338464 26.638768 )
xyz18=( -4.644926 7.338464 26.638768 )
xyz18=( -4.645297 7.338651 26.639900 )
xyz18=( -4.645297 7.338651 26.639900 )
xyz18=( -4.645297 7.338651 26.639900 )
xyz18=( -4.645297 7.338651 26.639900 )
xyz18=( -4.645668 7.338838 26.641035 )
xyz18=( -4.645668 7.338838 26.641035 )
xyz18=( -4.645668 7.338838 26.641035 )
xyz18=( -4.645668 7.338838 26.641035 )
xyz18=( -4.646040 7.339024 26.642173 )
xyz18=( -4.646040 7.339024 26.642173 )
xyz18=( -4.646040 7.339024 26.642173 )
xyz18=( -4.646040 7.339024 26.642173 )
xyz18=( -4.646412 7.339210 26.643314 )
xyz18=( -4.646412 7.339210 26.643314 )
xyz18=( -4.646412 7.339210 26.643314 )
xyz18=( -4.646412 7.339210 26.643314 )
xyz18=( -4.646784 7.339395 26.644458 )
xyz18=( -4.646784 7.339395 26.644458 )
xyz18=( -4.646784 7.339395 26.644458 )
xyz18=( -4.646784 7.339395 26.644458 )
xyz18=( -4.647157 7.339580 26.645606 )
xyz18=( -4.647157 7.339580 26.645606 )
xyz18=( -4.647157 7.339580 26.645606 )
xyz18=( -4.647157 7.339580 26.645606 )
xyz18=( -4.647530 7.339764 26.646756 )
xyz18=( -4.647530 7.339764 26.646756 )
xyz18=( -4.647530 7.339764 26.646756 )
xyz18=( -4.647530 7.339764 26.646756 )
xyz18=( -4.647904 7.339948 26.647909 )
xyz18=( -4.647904 7.339948 26.647909 )
xyz18=( -4.647904 7.339948 26.647909 )
xyz18=( -4.647904 7.339948 26.647909 )
xyz18=( -4.648277 7.340131 26.649066 )
xyz18=( -4.648277 7.340131 26.649066 )
xyz18=( -4.648277 7.340131 26.649066 )
xyz18=( -4.648277 7.340131 26.649066 )
xyz18=( -4.648652 7.340314 26.650226 )
xyz18=( -4.648652 7.340314 26.650226 )
xyz18=( -4.648652 7.340314 26.650226 )
xyz18=( -4.648652 7.340314 26.650226 )
xyz18=( -4.649026 7.340497 26.651389 )
xyz18=( -4.649026 7.340497 26.651389 )
xyz18=( -4.644567 7.338283 26.637676 )
xyz18=( -4.644567 7.338283 26.637676 )
xyz18=( -4.644567 7.338283 26.637676 )
xyz18=( -4.644567 7.338283 26.637676 )
xyz18=( -4.644938 7.338470 26.638805 )
xyz18=( -4.644938 7.338470 26.638805 )
xyz18=( -4.644938 7.338470 26.638805 )
xyz18=( -4.644938 7.338470 26.638805 )
xyz18=( -4.645309 7.338657 26.639937 )
xyz18=( -4.645309 7.338657 26.639937 )
xyz18=( -4.645309 7.338657 26.639937 )
xyz18=( -4.645309 7.338657 26.639937 )
xyz18=( -4.645680 7.338844 26.641072 )
xyz18=( -4.645680 7.338844 26.641072 )
xyz18=( -4.645680 7.338844 26.641072 )
xyz18=( -4.645680 7.338844 26.641072 )
xyz18=( -4.646052 7.339030 26.642210 )
xyz18=( -4.646052 7.339030 26.642210 )
xyz18=( -4.646052 7.339030 26.642210 )
xyz18=( -4.646052 7.339030 26.642210 )
xyz18=( -4.646424 7.339216 26.643351 )
xyz18=( -4.646424 7.339216 26.643351 )
xyz18=( -4.646424 7.339216 26.643351 )
xyz18=( -4.646424 7.339216 26.643351 )
xyz18=( -4.646796 7.339401 26.644495 )
xyz18=( -4.646796 7.339401 26.644495 )
xyz18=( -4.646796 7.339401 26.644495 )
xyz18=( -4.646796 7.339401 26.644495 )
xyz18=( -4.647169 7.339585 26.645642 )
xyz18=( -4.647169 7.339585 26.645642 )
xyz18=( -4.647169 7.339585 26.645642 )
xyz18=( -4.647169 7.339585 26.645642 )
xyz18=( -4.647542 7.339770 26.646792 )
xyz18=( -4.647542 7.339770 26.646792 )
xyz18=( -4.647542 7.339770 26.646792 )
xyz18=( -4.647542 7.339770 26.646792 )
xyz18=( -4.647915 7.339954 26.647946 )
xyz18=( -4.647915 7.339954 26.647946 )
xyz18=( -4.647915 7.339954 26.647946 )
xyz18=( -4.647915 7.339954 26.647946 )
xyz18=( -4.648289 7.340137 26.649102 )
xyz18=( -4.648289 7.340137 26.649102 )
xyz18=( -4.648289 7.340137 26.649102 )
xyz18=( -4.648289 7.340137 26.649102 )
xyz18=( -4.648663 7.340320 26.650262 )
xyz18=( -4.648663 7.340320 26.650262 )
xyz18=( -4.648663 7.340320 26.650262 )
xyz18=( -4.648663 7.340320 26.650262 )
xyz18=( -4.649038 7.340502 26.651424 )
xyz18=( -4.649038 7.340502 26.651424 )
xyz18=( -4.644555 7.338277 26.637639 )
xyz18=( -4.644555 7.338277 26.637639 )
xyz18=( -4.644555 7.338277 26.637639 )
xyz18=( -4.644555 7.338277 26.637639 )
xyz18=( -4.644926 7.338464 26.638768 )
xyz18=( -4.644926 7.338464 26.638768 )
xyz18=( -4.644926 7.338464 26.638768 )
xyz18=( -4.644926 7.338464 26.638768 )
xyz18=( -4.645297 7.338651 26.639900 )
xyz18=( -4.645297 7.338651 26.639900 )
xyz18=( -4.645297 7.338651 26.639900 )
xyz18=( -4.645297 7.338651 26.639900 )
xyz18=( -4.645668 7.338838 26.641035 )
xyz18=( -4.645668 7.338838 26.641035 )
xyz18=( -4.645668 7.338838 26.641035 )
xyz18=( -4.645668 7.338838 26.641035 )
xyz18=( -4.646040 7.339024 26.642173 )
xyz18=( -4.646040 7.339024 26.642173 )
xyz18=( -4.646040 7.339024 26.642173 )
xyz18=( -4.646040 7.339024 26.642173 )
xyz18=( -4.646412 7.339210 26.643314 )
xyz18=( -4.646412 7.339210 26.643314 )
xyz18=( -4.646412 7.339210 26.643314 )
xyz18=( -4.646412 7.339210 26.643314 )
xyz18=( -4.646784 7.339395 26.644458 )
xyz18=( -4.646784 7.339395 26.644458 )
xyz18=( -4.646784 7.339395 26.644458 )
xyz18=( -4.646784 7.339395 26.644458 )
xyz18=( -4.647157 7.339580 26.645606 )
xyz18=( -4.647157 7.339580 26.645606 )
xyz18=( -4.647157 7.339580 26.645606 )
xyz18=( -4.647157 7.339580 26.645606 )
xyz18=( -4.647530 7.339764 26.646756 )
xyz18=( -4.647530 7.339764 26.646756 )
xyz18=( -4.647530 7.339764 26.646756 )
xyz18=( -4.647530 7.339764 26.646756 )
xyz18=( -4.647904 7.339948 26.647909 )
xyz18=( -4.647904 7.339948 26.647909 )
xyz18=( -4.647904 7.339948 26.647909 )
xyz18=( -4.647904 7.339948 26.647909 )
xyz18=( -4.648277 7.340131 26.649066 )
xyz18=( -4.648277 7.340131 26.649066 )
xyz18=( -4.648277 7.340131 26.649066 )
xyz18=( -4.648277 7.340131 26.649066 )
xyz18=( -4.648652 7.340314 26.650226 )
xyz18=( -4.648652 7.340314 26.650226 )
xyz18=( -4.648652 7.340314 26.650226 )
xyz18=( -4.648652 7.340314 26.650226 )
xyz18=( -4.649026 7.340497 26.651389 )
xyz18=( -4.649026 7.340497 26.651389 )
xyz18=( -4.644567 7.338283 26.637676 )
xyz18=( -4.644567 7.338283 26.637676 )
xyz18=( -4.644567 7.338283 26.637676 )
xyz18=( -4.644567 7.338283 26.637676 )
xyz18=( -4.644938 7.338470 26.638805 )
xyz18=( -4.644938 7.338470 26.638805 )
xyz18=( -4.644938 7.338470 26.638805 )
xyz18=( -4.644938 7.338470 26.638805 )
xyz18=( -4.645309 7.338657 26.639937 )
xyz18=( -4.645309 7.338657 26.639937 )
xyz18=( -4.645309 7.338657 26.639937 )
xyz18=( -4.645309 7.338657 26.639937 )
xyz18=( -4.645680 7.338844 26.641072 )
xyz18=( -4.645680 7.338844 26.641072 )
xyz18=( -4.645680 7.338844 26.641072 )
xyz18=( -4.645680 7.338844 26.641072 )
xyz18=( -4.646052 7.339030 26.642210 )
xyz18=( -4.646052 7.339030 26.642210 )
xyz18=( -4.646052 7.339030 26.642210 )
xyz18=( -4.646052 7.339030 26.642210 )
xyz18=( -4.646424 7.339216 26.643351 )
xyz18=( -4.646424 7.339216 26.643351 )
xyz18=( -4.646424 7.339216 26.643351 )
xyz18=( -4.646424 7.339216 26.643351 )
xyz18=( -4.646796 7.339401 26.644495 )
xyz18=( -4.646796 7.339401 26.644495 )
xyz18=( -4.646796 7.339401 26.644495 )
xyz18=( -4.646796 7.339401 26.644495 )
xyz18=( -4.647169 7.339585 26.645642 )
xyz18=( -4.647169 7.339585 26.645642 )
xyz18=( -4.647169 7.339585 26.645642 )
xyz18=( -4.647169 7.339585 26.645642 )
xyz18=( -4.647542 7.339770 26.646792 )
xyz18=( -4.647542 7.339770 26.646792 )
xyz18=( -4.647542 7.339770 26.646792 )
xyz18=( -4.647542 7.339770 26.646792 )
xyz18=( -4.647915 7.339954 26.647946 )
xyz18=( -4.647915 7.339954 26.647946 )
xyz18=( -4.647915 7.339954 26.647946 )
xyz18=( -4.647915 7.339954 26.647946 )
xyz18=( -4.648289 7.340137 26.649102 )
xyz18=( -4.648289 7.340137 26.649102 )
xyz18=( -4.648289 7.340137 26.649102 )
xyz18=( -4.648289 7.340137 26.649102 )
xyz18=( -4.648663 7.340320 26.650262 )
xyz18=( -4.648663 7.340320 26.650262 )
xyz18=( -4.648663 7.340320 26.650262 )
xyz18=( -4.648663 7.340320 26.650262 )
xyz18=( -4.649038 7.340502 26.651424 )
xyz18=( -4.649038 7.340502 26.651424 )
xyz18=( -4.644555 7.338277 26.637639 )
xyz18=( -4.644555 7.338277 26.637639 )
xyz18=( -4.644555 7.338277 26.637639 )
xyz18=( -4.644555 7.338277 26.637639 )
xyz18=( -4.644926 7.338464 26.638768 )
xyz18=( -4.644926 7.338464 26.638768 )
xyz18=( -4.644926 7.338464 26.638768 )
xyz18=( -4.644926 7.338464 26.638768 )
xyz18=( -4.645297 7.338651 26.639900 )
xyz18=( -4.645297 7.338651 26.639900 )
xyz18=( -4.645297 7.338651 26.639900 )
xyz18=( -4.645297 7.338651 26.639900 )
xyz18=( -4.645668 7.338838 26.641035 )
xyz18=( -4.645668 7.338838 26.641035 )
xyz18=( -4.645668 7.338838 26.641035 )
xyz18=( -4.645668 7.338838 26.641035 )
xyz18=( -4.646040 7.339024 26.642173 )
xyz18=( -4.646040 7.339024 26.642173 )
xyz18=( -4.646040 7.339024 26.642173 )
xyz18=( -4.646040 7.339024 26.642173 )
xyz18=( -4.646412 7.339210 26.643314 )
xyz18=( -4.646412 7.339210 26.643314 )
xyz18=( -4.646412 7.339210 26.643314 )
xyz18=( -4.646412 7.339210 26.643314 )
xyz18=( -4.646784 7.339395 26.644458 )
xyz18=( -4.646784 7.339395 26.644458 )
xyz18=( -4.646784 7.339395 26.644458 )
xyz18=( -4.646784 7.339395 26.644458 )
xyz18=( -4.647157 7.339580 26.645606 )
xyz18=( -4.647157 7.339580 26.645606 )
xyz18=( -4.647157 7.339580 26.645606 )
xyz18=( -4.647157 7.339580 26.645606 )
xyz18=( -4.647530 7.339764 26.646756 )
xyz18=( -4.647530 7.339764 26.646756 )
xyz18=( -4.647530 7.339764 26.646756 )
xyz18=( -4.647530 7.339764 26.646756 )
xyz18=( -4.647904 7.339948 26.647909 )
xyz18=( -4.647904 7.339948 26.647909 )
xyz18=( -4.647904 7.339948 26.647909 )
xyz18=( -4.647904 7.339948 26.647909 )
xyz18=( -4.648277 7.340131 26.649066 )
xyz18=( -4.648277 7.340131 26.649066 )
xyz18=( -4.648277 7.340131 26.649066 )
xyz18=( -4.648277 7.340131 26.649066 )
xyz18=( -4.648652 7.340314 26.650226 )
xyz18=( -4.648652 7.340314 26.650226 )
xyz18=( -4.648652 7.340314 26.650226 )
xyz18=( -4.648652 7.340314 26.650226 )
xyz18=( -4.649026 7.340497 26.651389 )
xyz18=( -4.649026 7.340497 26.651389 )
xyz18=( -4.644567 7.338283 26.637676 )
xyz18=( -4.644567 7.338283 26.637676 )
xyz18=( -4.644567 7.338283 26.637676 )
xyz18=( -4.644567 7.338283 26.637676 )
xyz18=( -4.644938 7.338470 26.638805 )
xyz18=( -4.644938 7.338470 26.638805 )
xyz18=( -4.644938 7.338470 26.638805 )
xyz18=( -4.644938 7.338470 26.638805 )
xyz18=( -4.645309 7.338657 26.639937 )
xyz18=( -4.645309 7.338657 26.639937 )
xyz18=( -4.645309 7.338657 26.639937 )
xyz18=( -4.645309 7.338657 26.639937 )
xyz18=( -4.645680 7.338844 26.641072 )
xyz18=( -4.645680 7.338844 26.641072 )
xyz18=( -4.645680 7.338844 26.641072 )
xyz18=( -4.645680 7.338844 26.641072 )
xyz18=( -4.646052 7.339030 26.642210 )
xyz18=( -4.646052 7.339030 26.642210 )
xyz18=( -4.646052 7.339030 26.642210 )
xyz18=( -4.646052 7.339030 26.642210 )
xyz18=( -4.646424 7.339216 26.643351 )
xyz18=( -4.646424 7.339216 26.643351 )
xyz18=( -4.646424 7.339216 26.643351 )
xyz18=( -4.646424 7.339216 26.643351 )
xyz18=( -4.646796 7.339401 26.644495 )
xyz18=( -4.646796 7.339401 26.644495 )
xyz18=( -4.646796 7.339401 26.644495 )
xyz18=( -4.646796 7.339401 26.644495 )
xyz18=( -4.647169 7.339585 26.645642 )
xyz18=( -4.647169 7.339585 26.645642 )
xyz18=( -4.647169 7.339585 26.645642 )
xyz18=( -4.647169 7.339585 26.645642 )
xyz18=( -4.647542 7.339770 26.646792 )
xyz18=( -4.647542 7.339770 26.646792 )
xyz18=( -4.647542 7.339770 26.646792 )
xyz18=( -4.647542 7.339770 26.646792 )
xyz18=( -4.647915 7.339954 26.647946 )
xyz18=( -4.647915 7.339954 26.647946 )
xyz18=( -4.647915 7.339954 26.647946 )
xyz18=( -4.647915 7.339954 26.647946 )
xyz18=( -4.648289 7.340137 26.649102 )
xyz18=( -4.648289 7.340137 26.649102 )
xyz18=( -4.648289 7.340137 26.649102 )
xyz18=( -4.648289 7.340137 26.649102 )
xyz18=( -4.648663 7.340320 26.650262 )
xyz18=( -4.648663 7.340320 26.650262 )
xyz18=( -4.648663 7.340320 26.650262 )
xyz18=( -4.648663 7.340320 26.650262 )
xyz18=( -4.649038 7.340502 26.651424 )
xyz18=( -4.649038 7.340502 26.651424 )
xyz18=( -4.644555 7.338277 26.637639 )
xyz18=( -4.644555 7.338277 26.637639 )
xyz18=( -4.644555 7.338277 26.637639 )
xyz18=( -4.644555 7.338277 26.637639 )
xyz18=( -4.644926 7.338464 26.638768 )
xyz18=( -4.644926 7.338464 26.638768 )
xyz18=( -4.644926 7.338464 26.638768 )
xyz18=( -4.644926 7.338464 26.638768 )
xyz18=( -4.645297 7.338651 26.639900 )
xyz18=( -4.645297 7.338651 26.639900 )
xyz18=( -4.645297 7.338651 26.639900 )
xyz18=( -4.645297 7.338651 26.639900 )
xyz18=( -4.645668 7.338838 26.641035 )
xyz18=( -4.645668 7.338838 26.641035 )
xyz18=( -4.645668 7.338838 26.641035 )
xyz18=( -4.645668 7.338838 26.641035 )
xyz18=( -4.646040 7.339024 26.642173 )
xyz18=( -4.646040 7.339024 26.642173 )
xyz18=( -4.646040 7.339024 26.642173 )
xyz18=( -4.646040 7.339024 26.642173 )
xyz18=( -4.646412 7.339210 26.643314 )
xyz18=( -4.646412 7.339210 26.643314 )
xyz18=( -4.646412 7.339210 26.643314 )
xyz18=( -4.646412 7.339210 26.643314 )
xyz18=( -4.646784 7.339395 26.644458 )
xyz18=( -4.646784 7.339395 26.644458 )
xyz18=( -4.646784 7.339395 26.644458 )
xyz18=( -4.646784 7.339395 26.644458 )
xyz18=( -4.647157 7.339580 26.645606 )
xyz18=( -4.647157 7.339580 26.645606 )
xyz18=( -4.647157 7.339580 26.645606 )
xyz18=( -4.647157 7.339580 26.645606 )
xyz18=( -4.647530 7.339764 26.646756 )
xyz18=( -4.647530 7.339764 26.646756 )
xyz18=( -4.647530 7.339764 26.646756 )
xyz18=( -4.647530 7.339764 26.646756 )
xyz18=( -4.647904 7.339948 26.647909 )
xyz18=( -4.647904 7.339948 26.647909 )
xyz18=( -4.647904 7.339948 26.647909 )
xyz18=( -4.647904 7.339948 26.647909 )
xyz18=( -4.648277 7.340131 26.649066 )
xyz18=( -4.648277 7.340131 26.649066 )
xyz18=( -4.648277 7.340131 26.649066 )
xyz18=( -4.648277 7.340131 26.649066 )
xyz18=( -4.648652 7.340314 26.650226 )
xyz18=( -4.648652 7.340314 26.650226 )
xyz18=( -4.648652 7.340314 26.650226 )
xyz18=( -4.648652 7.340314 26.650226 )
xyz18=( -4.649026 7.340497 26.651389 )
xyz18=( -4.649026 7.340497 26.651389 )
xyz18=( -4.644567 7.338283 26.637676 )
xyz18=( -4.644567 7.338283 26.637676 )
xyz18=( -4.644567 7.338283 26.637676 )
xyz18=( -4.644567 7.338283 26.637676 )
xyz18=( -4.644938 7.338470 26.638805 )
xyz18=( -4.644938 7.338470 26.638805 )
xyz18=( -4.644938 7.338470 26.638805 )
xyz18=( -4.644938 7.338470 26.638805 )
xyz18=( -4.645309 7.338657 26.639937 )
xyz18=( -4.645309 7.338657 26.639937 )
xyz18=( -4.645309 7.338657 26.639937 )
xyz18=( -4.645309 7.338657 26.639937 )
xyz18=( -4.645680 7.338844 26.641072 )
xyz18=( -4.645680 7.338844 26.641072 )
xyz18=( -4.645680 7.338844 26.641072 )
xyz18=( -4.645680 7.338844 26.641072 )
xyz18=( -4.646052 7.339030 26.642210 )
xyz18=( -4.646052 7.339030 26.642210 )
xyz18=( -4.646052 7.339030 26.642210 )
xyz18=( -4.646052 7.339030 26.642210 )
xyz18=( -4.646424 7.339216 26.643351 )
xyz18=( -4.646424 7.339216 26.643351 )
xyz18=( -4.646424 7.339216 26.643351 )
xyz18=( -4.646424 7.339216 26.643351 )
xyz18=( -4.646796 7.339401 26.644495 )
xyz18=( -4.646796 7.339401 26.644495 )
xyz18=( -4.646796 7.339401 26.644495 )
xyz18=( -4.646796 7.339401 26.644495 )
xyz18=( -4.647169 7.339585 26.645642 )
xyz18=( -4.647169 7.339585 26.645642 )
xyz18=( -4.647169 7.339585 26.645642 )
xyz18=( -4.647169 7.339585 26.645642 )
xyz18=( -4.647542 7.339770 26.646792 )
xyz18=( -4.647542 7.339770 26.646792 )
xyz18=( -4.647542 7.339770 26.646792 )
xyz18=( -4.647542 7.339770 26.646792 )
xyz18=( -4.647915 7.339954 26.647946 )
xyz18=( -4.647915 7.339954 26.647946 )
xyz18=( -4.647915 7.339954 26.647946 )
xyz18=( -4.647915 7.339954 26.647946 )
xyz18=( -4.648289 7.340137 26.649102 )
xyz18=( -4.648289 7.340137 26.649102 )
xyz18=( -4.648289 7.340137 26.649102 )
xyz18=( -4.648289 7.340137 26.649102 )
xyz18=( -4.648663 7.340320 26.650262 )
xyz18=( -4.648663 7.340320 26.650262 )
xyz18=( -4.648663 7.340320 26.650262 )
xyz18=( -4.648663 7.340320 26.650262 )
xyz18=( -4.649038 7.340502 26.651424 )
xyz18=( -4.649038 7.340502 26.651424 )
