order:    [ 1 19 20 0 34 33 32 36 29 28 35 27 31 24 23 30 22 26 25 21 18 9 10 15 14 13 17 16 8 12 2 3 6 5 11 4 7 ]
atoms:    [ CA CA C N C CA N HA C CA H N HA C CA H N HA H HA N CA C C CA N HA H N HA C HA C CA H N HA ]
residues: [ 0 4 4 0 7 7 7 7 6 6 7 6 6 5 5 6 5 5 5 4 4 2 2 3 3 3 3 3 2 2 0 0 1 1 2 1 1 ]

We use a different pair of symbles to represent the bits values which are associated with the HA and H of the discretized distance, and another one to represent the bits of other hydrogens.
For the HA and H from the discretized distance:
	"+" means 0
	"-" means 1
For any other hydrogens:
	">" means 0
	"<" means 1

d_25_21=3.551339455676 s=[ 0 0 0 0 1 0 1 < 1 0 > 1 < 1 1 < 1 < + + 1 0 0 1 1 0 < < 1 > 0 < 0 0 < 0 < ] xyz18=( -3.493605, 5.924626, 25.821137 )

d_25_21=3.551539655876 s=[ 0 0 0 0 1 0 1 < 1 0 > 1 < 1 1 < 1 < + + 1 0 0 1 1 0 < < 1 > 0 < 0 0 < 0 < ] xyz18=( -3.493045, 5.923670, 25.821606 )

d_25_21=3.551739856076 s=[ 0 0 0 0 1 0 1 < 1 0 > 1 < 1 1 < 1 < + + 1 0 0 1 1 0 < < 1 > 0 < 0 0 < 0 < ] xyz18=( -3.492484, 5.922713, 25.822077 )

d_25_21=3.551940056276 s=[ 0 0 0 0 1 0 1 < 1 0 > 1 < 1 1 < 1 < + + 1 0 0 1 1 0 < < 1 > 0 < 0 0 < 0 < ] xyz18=( -3.491922, 5.921753, 25.822549 )

d_25_21=3.552140256476 s=[ 0 0 0 0 1 0 1 < 1 0 > 1 < 1 1 < 1 < + + 1 0 0 1 1 0 < < 1 > 0 < 0 0 < 0 < ] xyz18=( -3.491359, 5.920791, 25.823024 )

d_25_21=3.552340456677 s=[ 0 0 0 0 1 0 1 < 1 0 > 1 < 1 1 < 1 < + + 1 0 0 1 1 0 < < 1 > 0 < 0 0 < 0 < ] xyz18=( -3.490795, 5.919827, 25.823501 )

d_25_21=3.552540656877 s=[ 0 0 0 0 1 0 1 < 1 0 > 1 < 1 1 < 1 < + + 1 0 0 1 1 0 < > 1 > 0 < 0 0 < 0 < ] xyz18=( -3.490230, 5.918861, 25.823980 )

d_25_21=3.552740857077 s=[ 0 0 0 0 1 0 1 < 1 0 > 1 < 1 1 < 1 < + + 1 0 0 1 1 0 < > 1 > 0 < 0 0 < 0 < ] xyz18=( -3.489664, 5.917893, 25.824462 )

d_25_21=3.552941057277 s=[ 0 0 0 0 1 0 1 < 1 0 > 1 < 1 1 < 1 < + + 1 0 0 1 1 0 < > 1 > 0 < 0 0 < 0 < ] xyz18=( -3.489097, 5.916923, 25.824945 )

d_25_21=3.553141257477 s=[ 0 0 0 0 1 0 1 < 1 0 > 1 < 1 1 < 1 < + + 1 0 0 1 1 0 < > 1 > 0 < 0 0 < 0 < ] xyz18=( -3.488529, 5.915951, 25.825431 )

d_25_21=3.553341457678 s=[ 0 0 0 0 1 0 1 < 1 0 > 1 < 1 1 < 1 < + + 1 0 0 1 1 0 < < 1 > 0 < 0 0 < 0 < ] xyz18=( -3.487961, 5.914976, 25.825918 )

d_25_21=3.553541657878 s=[ 0 0 0 0 1 0 1 < 1 0 > 1 < 1 1 < 1 < + + 1 0 0 1 1 0 < > 1 > 0 < 0 0 < 0 < ] xyz18=( -3.487391, 5.914000, 25.826408 )

d_25_21=3.553741858078 s=[ 0 0 0 0 1 0 1 < 1 0 > 1 < 1 1 < 1 < + + 1 0 0 1 1 0 < > 1 > 0 < 0 0 > 0 < ] xyz18=( -3.486820, 5.913022, 25.826901 )

d_25_21=3.551339455676 s=[ 0 0 0 0 1 0 1 < 1 0 > 1 < 1 1 < 1 < - + 1 0 0 1 1 0 < < 1 > 0 < 0 0 < 0 < ] xyz18=( -3.493624, 5.924658, 25.821122 )

d_25_21=3.551539655876 s=[ 0 0 0 0 1 0 1 < 1 0 > 1 < 1 1 < 1 < - + 1 0 0 1 1 0 < < 1 > 0 < 0 0 < 0 < ] xyz18=( -3.493063, 5.923702, 25.821590 )

d_25_21=3.551739856076 s=[ 0 0 0 0 1 0 1 < 1 0 > 1 < 1 1 < 1 < - + 1 0 0 1 1 0 < < 1 > 0 < 0 0 < 0 < ] xyz18=( -3.492502, 5.922744, 25.822061 )

d_25_21=3.551940056276 s=[ 0 0 0 0 1 0 1 < 1 0 > 1 < 1 1 < 1 < - + 1 0 0 1 1 0 < < 1 > 0 < 0 0 < 0 < ] xyz18=( -3.491940, 5.921784, 25.822534 )

d_25_21=3.552140256476 s=[ 0 0 0 0 1 0 1 < 1 0 > 1 < 1 1 < 1 < - + 1 0 0 1 1 0 < < 1 > 0 < 0 0 < 0 < ] xyz18=( -3.491377, 5.920822, 25.823009 )

d_25_21=3.552340456677 s=[ 0 0 0 0 1 0 1 < 1 0 > 1 < 1 1 < 1 < - + 1 0 0 1 1 0 < < 1 > 0 < 0 0 < 0 < ] xyz18=( -3.490813, 5.919858, 25.823486 )

d_25_21=3.552540656877 s=[ 0 0 0 0 1 0 1 < 1 0 > 1 < 1 1 < 1 < - + 1 0 0 1 1 0 < > 1 > 0 < 0 0 < 0 < ] xyz18=( -3.490248, 5.918892, 25.823965 )

d_25_21=3.552740857077 s=[ 0 0 0 0 1 0 1 < 1 0 > 1 < 1 1 < 1 < - + 1 0 0 1 1 0 < > 1 > 0 < 0 0 < 0 < ] xyz18=( -3.489682, 5.917924, 25.824446 )

d_25_21=3.552941057277 s=[ 0 0 0 0 1 0 1 < 1 0 > 1 < 1 1 < 1 < - + 1 0 0 1 1 0 < > 1 > 0 < 0 0 < 0 < ] xyz18=( -3.489115, 5.916954, 25.824930 )

d_25_21=3.553141257477 s=[ 0 0 0 0 1 0 1 < 1 0 > 1 < 1 1 < 1 < - + 1 0 0 1 1 0 < > 1 > 0 < 0 0 < 0 < ] xyz18=( -3.488547, 5.915981, 25.825415 )

d_25_21=3.553341457678 s=[ 0 0 0 0 1 0 1 < 1 0 > 1 < 1 1 < 1 < - + 1 0 0 1 1 0 < < 1 > 0 < 0 0 < 0 < ] xyz18=( -3.487978, 5.915007, 25.825903 )

d_25_21=3.553541657878 s=[ 0 0 0 0 1 0 1 < 1 0 > 1 < 1 1 < 1 < - + 1 0 0 1 1 0 < > 1 > 0 < 0 0 < 0 < ] xyz18=( -3.487409, 5.914030, 25.826393 )

d_25_21=3.553741858078 s=[ 0 0 0 0 1 0 1 < 1 0 > 1 < 1 1 < 1 < - + 1 0 0 1 1 0 < < 1 > 0 < 0 0 > 0 < ] xyz18=( -3.486838, 5.913052, 25.826885 )

d_25_21=3.551539655876 s=[ 0 0 0 1 0 1 0 > 0 1 < 0 > 0 0 > 0 > + - 0 1 1 0 0 1 > < 0 < 1 > 1 1 > 1 > ] xyz18=( -4.644926, 7.338464, 26.638768 )

d_25_21=3.551739856076 s=[ 0 0 0 1 0 1 0 > 0 1 < 0 > 0 0 > 0 > + - 0 1 1 0 0 1 > < 0 < 1 > 1 1 > 1 > ] xyz18=( -4.645297, 7.338651, 26.639900 )

d_25_21=3.551940056276 s=[ 0 0 0 1 0 1 0 > 0 1 < 0 > 0 0 > 0 > + - 0 1 1 0 0 1 > > 0 < 1 > 1 1 > 1 > ] xyz18=( -4.645668, 7.338838, 26.641035 )

d_25_21=3.552140256476 s=[ 0 0 0 1 0 1 0 > 0 1 < 0 > 0 0 > 0 > + - 0 1 1 0 0 1 > > 0 < 1 > 1 1 > 1 > ] xyz18=( -4.646040, 7.339024, 26.642173 )

d_25_21=3.552340456677 s=[ 0 0 0 1 0 1 0 > 0 1 < 0 > 0 0 > 0 > + - 0 1 1 0 0 1 > > 0 < 1 > 1 1 > 1 > ] xyz18=( -4.646412, 7.339210, 26.643314 )

d_25_21=3.552540656877 s=[ 0 0 0 1 0 1 0 > 0 1 < 0 > 0 0 > 0 > + - 0 1 1 0 0 1 > < 0 < 1 > 1 1 > 1 > ] xyz18=( -4.646784, 7.339395, 26.644458 )

d_25_21=3.552740857077 s=[ 0 0 0 1 0 1 0 > 0 1 < 0 > 0 0 > 0 > + - 0 1 1 0 0 1 > < 0 < 1 > 1 1 > 1 > ] xyz18=( -4.647157, 7.339580, 26.645606 )

d_25_21=3.552941057277 s=[ 0 0 0 1 0 1 0 > 0 1 < 0 > 0 0 > 0 > + - 0 1 1 0 0 1 > < 0 < 1 > 1 1 > 1 > ] xyz18=( -4.647530, 7.339764, 26.646756 )

d_25_21=3.553141257477 s=[ 0 0 0 1 0 1 0 > 0 1 < 0 > 0 0 > 0 > + - 0 1 1 0 0 1 > < 0 < 1 > 1 1 > 1 > ] xyz18=( -4.647904, 7.339948, 26.647909 )

d_25_21=3.553341457678 s=[ 0 0 0 1 0 1 0 > 0 1 < 0 > 0 0 > 0 > + - 0 1 1 0 0 1 > < 0 < 1 > 1 1 > 1 > ] xyz18=( -4.648277, 7.340131, 26.649066 )

d_25_21=3.553541657878 s=[ 0 0 0 1 0 1 0 > 0 1 < 0 > 0 0 > 0 > + - 0 1 1 0 0 1 > < 0 < 1 > 1 1 > 1 > ] xyz18=( -4.648652, 7.340314, 26.650226 )

d_25_21=3.553741858078 s=[ 0 0 0 1 0 1 0 > 0 1 < 0 > 0 0 > 0 > + - 0 1 1 0 0 1 > < 0 < 1 > 1 1 < 1 > ] xyz18=( -4.649026, 7.340497, 26.651389 )

d_25_21=3.551339455676 s=[ 0 0 0 1 0 1 0 > 0 1 < 0 > 0 0 > 0 > - - 0 1 1 0 0 1 > < 0 < 1 > 1 1 > 1 > ] xyz18=( -4.644567, 7.338283, 26.637676 )

d_25_21=3.551539655876 s=[ 0 0 0 1 0 1 0 > 0 1 < 0 > 0 0 > 0 > - - 0 1 1 0 0 1 > < 0 < 1 > 1 1 > 1 > ] xyz18=( -4.644938, 7.338470, 26.638805 )

d_25_21=3.551739856076 s=[ 0 0 0 1 0 1 0 > 0 1 < 0 > 0 0 > 0 > - - 0 1 1 0 0 1 > > 0 < 1 > 1 1 > 1 > ] xyz18=( -4.645309, 7.338657, 26.639937 )

d_25_21=3.551940056276 s=[ 0 0 0 1 0 1 0 > 0 1 < 0 > 0 0 > 0 > - - 0 1 1 0 0 1 > > 0 < 1 > 1 1 > 1 > ] xyz18=( -4.645680, 7.338844, 26.641072 )

d_25_21=3.552140256476 s=[ 0 0 0 1 0 1 0 > 0 1 < 0 > 0 0 > 0 > - - 0 1 1 0 0 1 > > 0 < 1 > 1 1 > 1 > ] xyz18=( -4.646052, 7.339030, 26.642210 )

d_25_21=3.552340456677 s=[ 0 0 0 1 0 1 0 > 0 1 < 0 > 0 0 > 0 > - - 0 1 1 0 0 1 > > 0 < 1 > 1 1 > 1 > ] xyz18=( -4.646424, 7.339216, 26.643351 )

d_25_21=3.552540656877 s=[ 0 0 0 1 0 1 0 > 0 1 < 0 > 0 0 > 0 > - - 0 1 1 0 0 1 > < 0 < 1 > 1 1 > 1 > ] xyz18=( -4.646796, 7.339401, 26.644495 )

d_25_21=3.552740857077 s=[ 0 0 0 1 0 1 0 > 0 1 < 0 > 0 0 > 0 > - - 0 1 1 0 0 1 > < 0 < 1 > 1 1 > 1 > ] xyz18=( -4.647169, 7.339585, 26.645642 )

d_25_21=3.552941057277 s=[ 0 0 0 1 0 1 0 > 0 1 < 0 > 0 0 > 0 > - - 0 1 1 0 0 1 > < 0 < 1 > 1 1 > 1 > ] xyz18=( -4.647542, 7.339770, 26.646792 )

d_25_21=3.553141257477 s=[ 0 0 0 1 0 1 0 > 0 1 < 0 > 0 0 > 0 > - - 0 1 1 0 0 1 > < 0 < 1 > 1 1 > 1 > ] xyz18=( -4.647915, 7.339954, 26.647946 )

d_25_21=3.553341457678 s=[ 0 0 0 1 0 1 0 > 0 1 < 0 > 0 0 > 0 > - - 0 1 1 0 0 1 > < 0 < 1 > 1 1 > 1 > ] xyz18=( -4.648289, 7.340137, 26.649102 )

d_25_21=3.553541657878 s=[ 0 0 0 1 0 1 0 > 0 1 < 0 > 0 0 > 0 > - - 0 1 1 0 0 1 > < 0 < 1 > 1 1 > 1 > ] xyz18=( -4.648663, 7.340320, 26.650262 )

d_25_21=3.553741858078 s=[ 0 0 0 1 0 1 0 > 0 1 < 0 > 0 0 > 0 > - - 0 1 1 0 0 1 > < 0 < 1 > 1 1 < 1 > ] xyz18=( -4.649038, 7.340502, 26.651424 )

d_25_21=3.551339455676 s=[ 0 0 0 1 0 1 0 > 0 1 < 0 > 0 0 < 0 > + - 0 1 1 0 0 1 > < 0 < 1 > 1 1 > 1 > ] xyz18=( -4.644555, 7.338277, 26.637639 )

