xyz18=( -3.490538 5.919388 25.823719 )
xyz18=( -3.490538 5.919388 25.823719 )
xyz18=( -3.490538 5.919388 25.823719 )
xyz18=( -3.490538 5.919388 25.823719 )
xyz18=( -3.490556 5.919419 25.823703 )
xyz18=( -3.490556 5.919419 25.823703 )
xyz18=( -3.490556 5.919419 25.823703 )
xyz18=( -3.490556 5.919419 25.823703 )
xyz18=( -3.490538 5.919388 25.823719 )
xyz18=( -3.490538 5.919388 25.823719 )
xyz18=( -3.490538 5.919388 25.823719 )
xyz18=( -3.490538 5.919388 25.823719 )
xyz18=( -3.490556 5.919419 25.823703 )
xyz18=( -3.490556 5.919419 25.823703 )
xyz18=( -3.490556 5.919419 25.823703 )
xyz18=( -3.490556 5.919419 25.823703 )
xyz18=( -3.490538 5.919388 25.823719 )
xyz18=( -3.490538 5.919388 25.823719 )
xyz18=( -3.490538 5.919388 25.823719 )
xyz18=( -3.490538 5.919388 25.823719 )
xyz18=( -3.490556 5.919419 25.823703 )
xyz18=( -3.490556 5.919419 25.823703 )
xyz18=( -3.490556 5.919419 25.823703 )
xyz18=( -3.490556 5.919419 25.823703 )
xyz18=( -3.490538 5.919388 25.823719 )
xyz18=( -3.490538 5.919388 25.823719 )
xyz18=( -3.490538 5.919388 25.823719 )
xyz18=( -3.490538 5.919388 25.823719 )
xyz18=( -3.490556 5.919419 25.823703 )
xyz18=( -3.490556 5.919419 25.823703 )
xyz18=( -3.490556 5.919419 25.823703 )
xyz18=( -3.490556 5.919419 25.823703 )
xyz18=( -4.646581 7.339294 26.643834 )
xyz18=( -4.646581 7.339294 26.643834 )
xyz18=( -4.646581 7.339294 26.643834 )
xyz18=( -4.646581 7.339294 26.643834 )
xyz18=( -4.646593 7.339300 26.643871 )
xyz18=( -4.646593 7.339300 26.643871 )
xyz18=( -4.646593 7.339300 26.643871 )
xyz18=( -4.646593 7.339300 26.643871 )
xyz18=( -4.646581 7.339294 26.643834 )
xyz18=( -4.646581 7.339294 26.643834 )
xyz18=( -4.646581 7.339294 26.643834 )
xyz18=( -4.646581 7.339294 26.643834 )
xyz18=( -4.646593 7.339300 26.643871 )
xyz18=( -4.646593 7.339300 26.643871 )
xyz18=( -4.646593 7.339300 26.643871 )
xyz18=( -4.646593 7.339300 26.643871 )
xyz18=( -4.646581 7.339294 26.643834 )
xyz18=( -4.646581 7.339294 26.643834 )
xyz18=( -4.646581 7.339294 26.643834 )
xyz18=( -4.646581 7.339294 26.643834 )
xyz18=( -4.646593 7.339300 26.643871 )
xyz18=( -4.646593 7.339300 26.643871 )
xyz18=( -4.646593 7.339300 26.643871 )
xyz18=( -4.646593 7.339300 26.643871 )
xyz18=( -4.646581 7.339294 26.643834 )
xyz18=( -4.646581 7.339294 26.643834 )
xyz18=( -4.646581 7.339294 26.643834 )
xyz18=( -4.646581 7.339294 26.643834 )
xyz18=( -4.646593 7.339300 26.643871 )
xyz18=( -4.646593 7.339300 26.643871 )
xyz18=( -4.646593 7.339300 26.643871 )
xyz18=( -4.646593 7.339300 26.643871 )
