order:    [ 1 9 8 2 3 4 6 5 7 11 12 10 19 18 13 14 16 15 17 21 0 20 22 23 25 24 26 27 28 30 29 31 32 33 35 34 36 ]
atoms:    [ CA CA N C N CA H C HA H HA C CA N N CA H C HA H N C N CA H C HA N CA H C HA N CA H C HA ]
residues: [ 0 2 2 0 1 1 1 1 1 2 2 2 4 4 3 3 3 3 3 4 0 4 5 5 5 5 5 6 6 6 6 6 7 7 7 7 7 ]

d_11_12=2.824307396877 eijMax=5.726E-05 rmsd=3.200E-04 s=[ 0 0 0 0 0 0 0 1 0 0 0 0 0 1 0 1 0 0 0 0 1 1 1 1 0 1 0 0 0 0 1 0 1 1 0 1 0 ]
d_11_12=2.824507597077 eijMax=7.908E-04 rmsd=4.213E-03 s=[ 0 0 0 0 0 0 0 1 0 0 0 0 0 1 0 1 0 0 0 0 1 1 1 1 0 1 0 0 0 0 1 0 1 1 0 1 0 ]
d_11_12=2.824707797277 eijMax=1.518E-03 rmsd=8.155E-03 s=[ 0 0 0 0 0 0 0 1 0 0 0 0 0 1 0 1 0 0 0 0 1 1 1 1 0 1 0 0 0 0 1 0 1 1 0 1 0 ]
d_11_12=2.824907997477 eijMax=2.240E-03 rmsd=1.208E-02 s=[ 0 0 0 0 0 0 0 1 0 0 0 0 0 1 0 1 0 0 0 0 1 1 1 1 0 1 0 0 0 0 1 0 1 1 0 1 0 ]
d_11_12=2.825108197678 eijMax=2.956E-03 rmsd=1.600E-02 s=[ 0 0 0 0 0 0 0 1 0 0 0 0 0 1 0 1 0 0 0 0 1 1 1 1 0 1 0 0 0 0 1 0 1 1 0 1 0 ]
d_11_12=2.825308397878 eijMax=3.666E-03 rmsd=1.990E-02 s=[ 0 0 0 0 0 0 0 1 0 0 0 0 0 1 0 1 0 0 0 0 1 1 1 1 0 1 0 0 0 0 1 0 1 1 0 1 0 ]
d_11_12=2.825508598078 eijMax=4.370E-03 rmsd=2.378E-02 s=[ 0 0 0 0 0 0 0 1 0 0 0 0 0 1 0 1 0 0 0 0 1 1 1 1 0 1 0 0 0 0 1 0 1 1 0 1 0 ]
d_11_12=2.825708798278 eijMax=5.069E-03 rmsd=2.766E-02 s=[ 0 0 0 0 0 0 0 1 0 0 0 0 0 1 0 1 0 0 0 0 1 1 1 1 0 1 0 0 0 0 1 0 1 1 0 1 0 ]
d_11_12=2.825908998478 eijMax=5.763E-03 rmsd=3.152E-02 s=[ 0 0 0 0 0 0 0 1 0 0 0 0 0 1 0 1 0 0 0 0 1 1 1 1 0 1 0 0 0 0 1 0 1 1 0 1 0 ]
d_11_12=2.826109198679 eijMax=6.451E-03 rmsd=3.536E-02 s=[ 0 0 0 0 0 0 0 1 0 0 0 0 0 1 0 1 0 0 0 0 1 1 1 1 0 1 0 0 0 0 1 0 1 1 0 1 0 ]
d_11_12=2.826309398879 eijMax=7.133E-03 rmsd=3.919E-02 s=[ 0 0 0 0 0 0 0 1 0 0 0 0 0 1 0 1 0 0 0 0 1 1 1 1 0 1 0 0 0 0 1 0 1 1 0 1 0 ]
d_11_12=2.826509599079 eijMax=7.810E-03 rmsd=4.301E-02 s=[ 0 0 0 0 0 0 0 1 0 0 0 0 0 1 0 1 0 0 0 0 1 1 1 1 0 1 0 0 0 0 1 0 1 1 0 1 0 ]
d_11_12=2.826709799279 eijMax=8.482E-03 rmsd=4.682E-02 s=[ 0 0 0 0 0 0 0 1 0 0 0 0 0 1 0 1 0 0 0 0 1 1 1 1 0 1 0 0 0 0 1 0 1 1 0 1 0 ]
d_11_12=2.826909999479 eijMax=9.149E-03 rmsd=5.061E-02 s=[ 0 0 0 0 0 0 0 1 0 0 0 0 0 1 0 1 0 0 0 0 1 1 1 1 0 1 0 0 0 0 1 0 1 1 0 1 0 ]
d_11_12=2.827110199680 eijMax=9.811E-03 rmsd=5.439E-02 s=[ 0 0 0 0 0 0 0 1 0 0 0 0 0 1 0 1 0 0 0 0 1 1 1 1 0 1 0 0 0 0 1 0 1 1 0 1 0 ]
d_11_12=2.821904994474 eijMax=9.242E-03 rmsd=4.853E-02 s=[ 0 0 0 0 0 0 1 1 0 0 0 0 0 1 0 1 0 0 0 0 1 1 1 1 0 1 0 0 0 1 1 0 1 1 0 1 0 ]
d_11_12=2.822105194675 eijMax=8.430E-03 rmsd=4.436E-02 s=[ 0 0 0 0 0 0 1 1 0 0 0 0 0 1 0 1 0 0 0 0 1 1 1 1 0 1 0 0 0 1 1 0 1 1 0 1 0 ]
d_11_12=2.822305394875 eijMax=7.625E-03 rmsd=4.021E-02 s=[ 0 0 0 0 0 0 1 1 0 0 0 0 0 1 0 1 0 0 0 0 1 1 1 1 0 1 0 0 0 1 1 0 1 1 0 1 0 ]
d_11_12=2.822505595075 eijMax=6.827E-03 rmsd=3.609E-02 s=[ 0 0 0 0 0 0 1 1 0 0 0 0 0 1 0 1 0 0 0 0 1 1 1 1 0 1 0 0 0 1 1 0 1 1 0 1 0 ]
d_11_12=2.822705795275 eijMax=6.036E-03 rmsd=3.198E-02 s=[ 0 0 0 0 0 0 1 1 0 0 0 0 0 1 0 1 0 0 0 0 1 1 1 1 0 1 0 0 0 1 1 0 1 1 0 1 0 ]
d_11_12=2.822905995475 eijMax=5.252E-03 rmsd=2.788E-02 s=[ 0 0 0 0 0 0 1 1 0 0 0 0 0 1 0 1 0 0 0 0 1 1 1 1 0 1 0 0 0 1 1 0 1 1 0 1 0 ]
d_11_12=2.823106195676 eijMax=4.474E-03 rmsd=2.381E-02 s=[ 0 0 0 0 0 0 1 1 0 0 0 0 0 1 0 1 0 0 0 0 1 1 1 1 0 1 0 0 0 1 1 0 1 1 0 1 0 ]
d_11_12=2.823306395876 eijMax=3.703E-03 rmsd=1.975E-02 s=[ 0 0 0 0 0 0 1 1 0 0 0 0 0 1 0 1 0 0 0 0 1 1 1 1 0 1 0 0 0 1 1 0 1 1 0 1 0 ]
d_11_12=2.823506596076 eijMax=2.938E-03 rmsd=1.571E-02 s=[ 0 0 0 0 0 0 1 1 0 0 0 0 0 1 0 1 0 0 0 0 1 1 1 1 0 1 0 0 0 1 1 0 1 1 0 1 0 ]
d_11_12=2.823706796276 eijMax=2.180E-03 rmsd=1.169E-02 s=[ 0 0 0 0 0 0 1 1 0 0 0 0 0 1 0 1 0 0 0 0 1 1 1 1 0 1 0 0 0 1 1 0 1 1 0 1 0 ]
d_11_12=2.823906996476 eijMax=1.428E-03 rmsd=7.683E-03 s=[ 0 0 0 0 0 0 1 1 0 0 0 0 0 1 0 1 0 0 0 0 1 1 1 1 0 1 0 0 0 1 1 0 1 1 0 1 0 ]
d_11_12=2.824107196677 eijMax=6.823E-04 rmsd=3.694E-03 s=[ 0 0 0 0 0 0 1 1 0 0 0 0 0 1 0 1 0 0 0 0 1 1 1 1 0 1 0 0 0 1 1 0 1 1 0 1 0 ]
d_11_12=2.821904994474 eijMax=9.242E-03 rmsd=4.853E-02 s=[ 0 0 0 1 1 1 0 0 1 1 1 1 1 0 1 0 0 1 1 1 0 0 0 0 0 0 1 1 1 0 0 1 0 0 0 0 1 ]
d_11_12=2.822105194675 eijMax=8.430E-03 rmsd=4.436E-02 s=[ 0 0 0 1 1 1 0 0 1 1 1 1 1 0 1 0 0 1 1 1 0 0 0 0 0 0 1 1 1 0 0 1 0 0 0 0 1 ]
d_11_12=2.822305394875 eijMax=7.625E-03 rmsd=4.021E-02 s=[ 0 0 0 1 1 1 0 0 1 1 1 1 1 0 1 0 0 1 1 1 0 0 0 0 0 0 1 1 1 0 0 1 0 0 0 0 1 ]
d_11_12=2.822505595075 eijMax=6.827E-03 rmsd=3.609E-02 s=[ 0 0 0 1 1 1 0 0 1 1 1 1 1 0 1 0 0 1 1 1 0 0 0 0 0 0 1 1 1 0 0 1 0 0 0 0 1 ]
d_11_12=2.822705795275 eijMax=6.036E-03 rmsd=3.198E-02 s=[ 0 0 0 1 1 1 0 0 1 1 1 1 1 0 1 0 0 1 1 1 0 0 0 0 0 0 1 1 1 0 0 1 0 0 0 0 1 ]
d_11_12=2.822905995475 eijMax=5.252E-03 rmsd=2.788E-02 s=[ 0 0 0 1 1 1 0 0 1 1 1 1 1 0 1 0 0 1 1 1 0 0 0 0 0 0 1 1 1 0 0 1 0 0 0 0 1 ]
d_11_12=2.823106195676 eijMax=4.474E-03 rmsd=2.381E-02 s=[ 0 0 0 1 1 1 0 0 1 1 1 1 1 0 1 0 0 1 1 1 0 0 0 0 0 0 1 1 1 0 0 1 0 0 0 0 1 ]
d_11_12=2.823306395876 eijMax=3.703E-03 rmsd=1.975E-02 s=[ 0 0 0 1 1 1 0 0 1 1 1 1 1 0 1 0 0 1 1 1 0 0 0 0 0 0 1 1 1 0 0 1 0 0 0 0 1 ]
d_11_12=2.823506596076 eijMax=2.938E-03 rmsd=1.571E-02 s=[ 0 0 0 1 1 1 0 0 1 1 1 1 1 0 1 0 0 1 1 1 0 0 0 0 0 0 1 1 1 0 0 1 0 0 0 0 1 ]
d_11_12=2.823706796276 eijMax=2.180E-03 rmsd=1.169E-02 s=[ 0 0 0 1 1 1 0 0 1 1 1 1 1 0 1 0 0 1 1 1 0 0 0 0 0 0 1 1 1 0 0 1 0 0 0 0 1 ]
d_11_12=2.823906996476 eijMax=1.428E-03 rmsd=7.683E-03 s=[ 0 0 0 1 1 1 0 0 1 1 1 1 1 0 1 0 0 1 1 1 0 0 0 0 0 0 1 1 1 0 0 1 0 0 0 0 1 ]
d_11_12=2.824107196677 eijMax=6.823E-04 rmsd=3.694E-03 s=[ 0 0 0 1 1 1 0 0 1 1 1 1 1 0 1 0 0 1 1 1 0 0 0 0 0 0 1 1 1 0 0 1 0 0 0 0 1 ]
d_11_12=2.824307396877 eijMax=5.726E-05 rmsd=3.200E-04 s=[ 0 0 0 1 1 1 1 0 1 1 1 1 1 0 1 0 0 1 1 1 0 0 0 0 0 0 1 1 1 1 0 1 0 0 0 0 1 ]
d_11_12=2.824507597077 eijMax=7.908E-04 rmsd=4.213E-03 s=[ 0 0 0 1 1 1 1 0 1 1 1 1 1 0 1 0 0 1 1 1 0 0 0 0 0 0 1 1 1 1 0 1 0 0 0 0 1 ]
d_11_12=2.824707797277 eijMax=1.518E-03 rmsd=8.155E-03 s=[ 0 0 0 1 1 1 1 0 1 1 1 1 1 0 1 0 0 1 1 1 0 0 0 0 0 0 1 1 1 1 0 1 0 0 0 0 1 ]
d_11_12=2.824907997477 eijMax=2.240E-03 rmsd=1.208E-02 s=[ 0 0 0 1 1 1 1 0 1 1 1 1 1 0 1 0 0 1 1 1 0 0 0 0 0 0 1 1 1 1 0 1 0 0 0 0 1 ]
d_11_12=2.825108197678 eijMax=2.956E-03 rmsd=1.600E-02 s=[ 0 0 0 1 1 1 1 0 1 1 1 1 1 0 1 0 0 1 1 1 0 0 0 0 0 0 1 1 1 1 0 1 0 0 0 0 1 ]
d_11_12=2.825308397878 eijMax=3.666E-03 rmsd=1.990E-02 s=[ 0 0 0 1 1 1 1 0 1 1 1 1 1 0 1 0 0 1 1 1 0 0 0 0 0 0 1 1 1 1 0 1 0 0 0 0 1 ]
d_11_12=2.825508598078 eijMax=4.370E-03 rmsd=2.378E-02 s=[ 0 0 0 1 1 1 1 0 1 1 1 1 1 0 1 0 0 1 1 1 0 0 0 0 0 0 1 1 1 1 0 1 0 0 0 0 1 ]
d_11_12=2.825708798278 eijMax=5.069E-03 rmsd=2.766E-02 s=[ 0 0 0 1 1 1 1 0 1 1 1 1 1 0 1 0 0 1 1 1 0 0 0 0 0 0 1 1 1 1 0 1 0 0 0 0 1 ]
d_11_12=2.825908998478 eijMax=5.763E-03 rmsd=3.152E-02 s=[ 0 0 0 1 1 1 1 0 1 1 1 1 1 0 1 0 0 1 1 1 0 0 0 0 0 0 1 1 1 1 0 1 0 0 0 0 1 ]
d_11_12=2.826109198679 eijMax=6.451E-03 rmsd=3.536E-02 s=[ 0 0 0 1 1 1 1 0 1 1 1 1 1 0 1 0 0 1 1 1 0 0 0 0 0 0 1 1 1 1 0 1 0 0 0 0 1 ]
d_11_12=2.826309398879 eijMax=7.133E-03 rmsd=3.919E-02 s=[ 0 0 0 1 1 1 1 0 1 1 1 1 1 0 1 0 0 1 1 1 0 0 0 0 0 0 1 1 1 1 0 1 0 0 0 0 1 ]
d_11_12=2.826509599079 eijMax=7.810E-03 rmsd=4.301E-02 s=[ 0 0 0 1 1 1 1 0 1 1 1 1 1 0 1 0 0 1 1 1 0 0 0 0 0 0 1 1 1 1 0 1 0 0 0 0 1 ]
d_11_12=2.826709799279 eijMax=8.482E-03 rmsd=4.682E-02 s=[ 0 0 0 1 1 1 1 0 1 1 1 1 1 0 1 0 0 1 1 1 0 0 0 0 0 0 1 1 1 1 0 1 0 0 0 0 1 ]
d_11_12=2.826909999479 eijMax=9.149E-03 rmsd=5.061E-02 s=[ 0 0 0 1 1 1 1 0 1 1 1 1 1 0 1 0 0 1 1 1 0 0 0 0 0 0 1 1 1 1 0 1 0 0 0 0 1 ]
d_11_12=2.827110199680 eijMax=9.811E-03 rmsd=5.439E-02 s=[ 0 0 0 1 1 1 1 0 1 1 1 1 1 0 1 0 0 1 1 1 0 0 0 0 0 0 1 1 1 1 0 1 0 0 0 0 1 ]
num ..... 1000
nnodes .. 37
nedges .. 200
nsols ... 432
nnonhsols 54
tsecs ... 14.813856
