xyz10=( 2.496871 -9.624614 -13.814539 )
xyz10=( 2.496871 -9.624614 -13.814539 )
xyz10=( 2.496871 -9.624614 -13.814539 )
xyz10=( 2.496871 -9.624614 -13.814539 )
xyz10=( 2.501804 -9.625150 -13.804357 )
xyz10=( 2.501804 -9.625150 -13.804357 )
xyz10=( 2.501804 -9.625150 -13.804357 )
xyz10=( 2.501804 -9.625150 -13.804357 )
xyz10=( 2.506695 -9.625712 -13.794051 )
xyz10=( 2.506695 -9.625712 -13.794051 )
xyz10=( 2.506695 -9.625712 -13.794051 )
xyz10=( 2.506695 -9.625712 -13.794051 )
xyz10=( 2.496871 -9.624614 -13.814539 )
xyz10=( 2.496871 -9.624614 -13.814539 )
xyz10=( 2.496871 -9.624614 -13.814539 )
xyz10=( 2.496871 -9.624614 -13.814539 )
xyz10=( 2.501804 -9.625150 -13.804357 )
xyz10=( 2.501804 -9.625150 -13.804357 )
xyz10=( 2.501804 -9.625150 -13.804357 )
xyz10=( 2.501804 -9.625150 -13.804357 )
xyz10=( 2.506695 -9.625712 -13.794051 )
xyz10=( 2.506695 -9.625712 -13.794051 )
xyz10=( 2.506695 -9.625712 -13.794051 )
xyz10=( 2.506695 -9.625712 -13.794051 )
xyz10=( 0.229433 -10.259551 -12.423289 )
xyz10=( 0.229433 -10.259551 -12.423289 )
xyz10=( 0.229433 -10.259551 -12.423289 )
xyz10=( 0.229433 -10.259551 -12.423289 )
xyz10=( 0.236379 -10.259524 -12.414342 )
xyz10=( 0.236379 -10.259524 -12.414342 )
xyz10=( 0.236379 -10.259524 -12.414342 )
xyz10=( 0.236379 -10.259524 -12.414342 )
xyz10=( 0.243455 -10.259474 -12.405377 )
xyz10=( 0.243455 -10.259474 -12.405377 )
xyz10=( 0.243455 -10.259474 -12.405377 )
xyz10=( 0.243455 -10.259474 -12.405377 )
xyz10=( 0.229433 -10.259551 -12.423289 )
xyz10=( 0.229433 -10.259551 -12.423289 )
xyz10=( 0.229433 -10.259551 -12.423289 )
xyz10=( 0.229433 -10.259551 -12.423289 )
xyz10=( 0.236379 -10.259524 -12.414342 )
xyz10=( 0.236379 -10.259524 -12.414342 )
xyz10=( 0.236379 -10.259524 -12.414342 )
xyz10=( 0.236379 -10.259524 -12.414342 )
xyz10=( 0.243455 -10.259474 -12.405377 )
xyz10=( 0.243455 -10.259474 -12.405377 )
xyz10=( 0.243455 -10.259474 -12.405377 )
xyz10=( 0.243455 -10.259474 -12.405377 )
