d_11_12=2.821904994474 eijMax=9.242E-03 rmsd=4.857E-02 s=[ 0 0 0 0 0 0 0 1 0 0 0 0 0 1 0 1 0 0 0 0 1 1 1 1 0 1 0 0 0 0 1 0 1 1 0 1 0 ]
d_11_12=2.821904994474 eijMax=9.242E-03 rmsd=4.854E-02 s=[ 0 0 0 0 0 0 0 1 0 0 0 0 0 1 0 1 0 0 0 0 1 1 1 1 0 1 0 0 0 1 1 0 1 1 0 1 0 ]
d_11_12=2.821904994474 eijMax=9.242E-03 rmsd=5.106E-02 s=[ 0 0 0 0 0 0 0 1 0 0 0 0 0 1 0 1 0 0 0 1 1 1 1 1 0 1 0 0 0 0 1 0 1 1 0 1 0 ]
d_11_12=2.821904994474 eijMax=9.242E-03 rmsd=5.105E-02 s=[ 0 0 0 0 0 0 0 1 0 0 0 0 0 1 0 1 0 0 0 1 1 1 1 1 0 1 0 0 0 1 1 0 1 1 0 1 0 ]
d_11_12=2.822105194675 eijMax=8.430E-03 rmsd=4.440E-02 s=[ 0 0 0 0 0 0 0 1 0 0 0 0 0 1 0 1 0 0 0 0 1 1 1 1 0 1 0 0 0 0 1 0 1 1 0 1 0 ]
d_11_12=2.822105194675 eijMax=8.430E-03 rmsd=4.438E-02 s=[ 0 0 0 0 0 0 0 1 0 0 0 0 0 1 0 1 0 0 0 0 1 1 1 1 0 1 0 0 0 1 1 0 1 1 0 1 0 ]
d_11_12=2.822105194675 eijMax=8.430E-03 rmsd=4.709E-02 s=[ 0 0 0 0 0 0 0 1 0 0 0 0 0 1 0 1 0 0 0 1 1 1 1 1 0 1 0 0 0 0 1 0 1 1 0 1 0 ]
d_11_12=2.822105194675 eijMax=8.430E-03 rmsd=4.707E-02 s=[ 0 0 0 0 0 0 0 1 0 0 0 0 0 1 0 1 0 0 0 1 1 1 1 1 0 1 0 0 0 1 1 0 1 1 0 1 0 ]
d_11_12=2.822305394875 eijMax=7.625E-03 rmsd=4.025E-02 s=[ 0 0 0 0 0 0 0 1 0 0 0 0 0 1 0 1 0 0 0 0 1 1 1 1 0 1 0 0 0 0 1 0 1 1 0 1 0 ]
d_11_12=2.822305394875 eijMax=7.625E-03 rmsd=4.023E-02 s=[ 0 0 0 0 0 0 0 1 0 0 0 0 0 1 0 1 0 0 0 0 1 1 1 1 0 1 0 0 0 1 1 0 1 1 0 1 0 ]
d_11_12=2.822305394875 eijMax=7.625E-03 rmsd=4.316E-02 s=[ 0 0 0 0 0 0 0 1 0 0 0 0 0 1 0 1 0 0 0 1 1 1 1 1 0 1 0 0 0 0 1 0 1 1 0 1 0 ]
d_11_12=2.822305394875 eijMax=7.625E-03 rmsd=4.314E-02 s=[ 0 0 0 0 0 0 0 1 0 0 0 0 0 1 0 1 0 0 0 1 1 1 1 1 0 1 0 0 0 1 1 0 1 1 0 1 0 ]
d_11_12=2.822505595075 eijMax=6.827E-03 rmsd=3.612E-02 s=[ 0 0 0 0 0 0 0 1 0 0 0 0 0 1 0 1 0 0 0 0 1 1 1 1 0 1 0 0 0 0 1 0 1 1 0 1 0 ]
d_11_12=2.822505595075 eijMax=6.827E-03 rmsd=3.610E-02 s=[ 0 0 0 0 0 0 0 1 0 0 0 0 0 1 0 1 0 0 0 0 1 1 1 1 0 1 0 0 0 1 1 0 1 1 0 1 0 ]
d_11_12=2.822505595075 eijMax=6.827E-03 rmsd=3.930E-02 s=[ 0 0 0 0 0 0 0 1 0 0 0 0 0 1 0 1 0 0 0 1 1 1 1 1 0 1 0 0 0 0 1 0 1 1 0 1 0 ]
d_11_12=2.822505595075 eijMax=6.827E-03 rmsd=3.928E-02 s=[ 0 0 0 0 0 0 0 1 0 0 0 0 0 1 0 1 0 0 0 1 1 1 1 1 0 1 0 0 0 1 1 0 1 1 0 1 0 ]
d_11_12=2.822705795275 eijMax=6.036E-03 rmsd=3.201E-02 s=[ 0 0 0 0 0 0 0 1 0 0 0 0 0 1 0 1 0 0 0 0 1 1 1 1 0 1 0 0 0 0 1 0 1 1 0 1 0 ]
d_11_12=2.822705795275 eijMax=6.036E-03 rmsd=3.199E-02 s=[ 0 0 0 0 0 0 0 1 0 0 0 0 0 1 0 1 0 0 0 0 1 1 1 1 0 1 0 0 0 1 1 0 1 1 0 1 0 ]
d_11_12=2.822705795275 eijMax=6.036E-03 rmsd=3.551E-02 s=[ 0 0 0 0 0 0 0 1 0 0 0 0 0 1 0 1 0 0 0 1 1 1 1 1 0 1 0 0 0 0 1 0 1 1 0 1 0 ]
d_11_12=2.822705795275 eijMax=6.036E-03 rmsd=3.550E-02 s=[ 0 0 0 0 0 0 0 1 0 0 0 0 0 1 0 1 0 0 0 1 1 1 1 1 0 1 0 0 0 1 1 0 1 1 0 1 0 ]
d_11_12=2.822905995475 eijMax=5.252E-03 rmsd=2.792E-02 s=[ 0 0 0 0 0 0 0 1 0 0 0 0 0 1 0 1 0 0 0 0 1 1 1 1 0 1 0 0 0 0 1 0 1 1 0 1 0 ]
d_11_12=2.822905995475 eijMax=5.252E-03 rmsd=2.790E-02 s=[ 0 0 0 0 0 0 0 1 0 0 0 0 0 1 0 1 0 0 0 0 1 1 1 1 0 1 0 0 0 1 1 0 1 1 0 1 0 ]
d_11_12=2.822905995475 eijMax=5.252E-03 rmsd=3.183E-02 s=[ 0 0 0 0 0 0 0 1 0 0 0 0 0 1 0 1 0 0 0 1 1 1 1 1 0 1 0 0 0 0 1 0 1 1 0 1 0 ]
d_11_12=2.822905995475 eijMax=5.252E-03 rmsd=3.181E-02 s=[ 0 0 0 0 0 0 0 1 0 0 0 0 0 1 0 1 0 0 0 1 1 1 1 1 0 1 0 0 0 1 1 0 1 1 0 1 0 ]
d_11_12=2.823106195676 eijMax=4.474E-03 rmsd=2.385E-02 s=[ 0 0 0 0 0 0 0 1 0 0 0 0 0 1 0 1 0 0 0 0 1 1 1 1 0 1 0 0 0 0 1 0 1 1 0 1 0 ]
d_11_12=2.823106195676 eijMax=4.474E-03 rmsd=2.383E-02 s=[ 0 0 0 0 0 0 0 1 0 0 0 0 0 1 0 1 0 0 0 0 1 1 1 1 0 1 0 0 0 1 1 0 1 1 0 1 0 ]
d_11_12=2.823106195676 eijMax=4.474E-03 rmsd=2.827E-02 s=[ 0 0 0 0 0 0 0 1 0 0 0 0 0 1 0 1 0 0 0 1 1 1 1 1 0 1 0 0 0 0 1 0 1 1 0 1 0 ]
d_11_12=2.823106195676 eijMax=4.474E-03 rmsd=2.825E-02 s=[ 0 0 0 0 0 0 0 1 0 0 0 0 0 1 0 1 0 0 0 1 1 1 1 1 0 1 0 0 0 1 1 0 1 1 0 1 0 ]
d_11_12=2.823306395876 eijMax=3.703E-03 rmsd=1.979E-02 s=[ 0 0 0 0 0 0 0 1 0 0 0 0 0 1 0 1 0 0 0 0 1 1 1 1 0 1 0 0 0 0 1 0 1 1 0 1 0 ]
d_11_12=2.823306395876 eijMax=3.703E-03 rmsd=1.977E-02 s=[ 0 0 0 0 0 0 0 1 0 0 0 0 0 1 0 1 0 0 0 0 1 1 1 1 0 1 0 0 0 1 1 0 1 1 0 1 0 ]
d_11_12=2.823306395876 eijMax=3.703E-03 rmsd=2.488E-02 s=[ 0 0 0 0 0 0 0 1 0 0 0 0 0 1 0 1 0 0 0 1 1 1 1 1 0 1 0 0 0 0 1 0 1 1 0 1 0 ]
d_11_12=2.823306395876 eijMax=3.703E-03 rmsd=2.487E-02 s=[ 0 0 0 0 0 0 0 1 0 0 0 0 0 1 0 1 0 0 0 1 1 1 1 1 0 1 0 0 0 1 1 0 1 1 0 1 0 ]
d_11_12=2.823506596076 eijMax=2.938E-03 rmsd=1.575E-02 s=[ 0 0 0 0 0 0 0 1 0 0 0 0 0 1 0 1 0 0 0 0 1 1 1 1 0 1 0 0 0 0 1 0 1 1 0 1 0 ]
d_11_12=2.823506596076 eijMax=2.938E-03 rmsd=1.573E-02 s=[ 0 0 0 0 0 0 0 1 0 0 0 0 0 1 0 1 0 0 0 0 1 1 1 1 0 1 0 0 0 1 1 0 1 1 0 1 0 ]
d_11_12=2.823506596076 eijMax=2.938E-03 rmsd=2.173E-02 s=[ 0 0 0 0 0 0 0 1 0 0 0 0 0 1 0 1 0 0 0 1 1 1 1 1 0 1 0 0 0 0 1 0 1 1 0 1 0 ]
d_11_12=2.823506596076 eijMax=2.938E-03 rmsd=2.172E-02 s=[ 0 0 0 0 0 0 0 1 0 0 0 0 0 1 0 1 0 0 0 1 1 1 1 1 0 1 0 0 0 1 1 0 1 1 0 1 0 ]
d_11_12=2.823706796276 eijMax=2.180E-03 rmsd=1.173E-02 s=[ 0 0 0 0 0 0 0 1 0 0 0 0 0 1 0 1 0 0 0 0 1 1 1 1 0 1 0 0 0 0 1 0 1 1 0 1 0 ]
d_11_12=2.823706796276 eijMax=2.180E-03 rmsd=1.171E-02 s=[ 0 0 0 0 0 0 0 1 0 0 0 0 0 1 0 1 0 0 0 0 1 1 1 1 0 1 0 0 0 1 1 0 1 1 0 1 0 ]
d_11_12=2.823706796276 eijMax=2.180E-03 rmsd=1.894E-02 s=[ 0 0 0 0 0 0 0 1 0 0 0 0 0 1 0 1 0 0 0 1 1 1 1 1 0 1 0 0 0 0 1 0 1 1 0 1 0 ]
d_11_12=2.823706796276 eijMax=2.180E-03 rmsd=1.893E-02 s=[ 0 0 0 0 0 0 0 1 0 0 0 0 0 1 0 1 0 0 0 1 1 1 1 1 0 1 0 0 0 1 1 0 1 1 0 1 0 ]
d_11_12=2.823906996476 eijMax=1.428E-03 rmsd=7.721E-03 s=[ 0 0 0 0 0 0 0 1 0 0 0 0 0 1 0 1 0 0 0 0 1 1 1 1 0 1 0 0 0 0 1 0 1 1 0 1 0 ]
d_11_12=2.823906996476 eijMax=1.428E-03 rmsd=7.700E-03 s=[ 0 0 0 0 0 0 0 1 0 0 0 0 0 1 0 1 0 0 0 0 1 1 1 1 0 1 0 0 0 1 1 0 1 1 0 1 0 ]
d_11_12=2.823906996476 eijMax=1.428E-03 rmsd=1.667E-02 s=[ 0 0 0 0 0 0 0 1 0 0 0 0 0 1 0 1 0 0 0 1 1 1 1 1 0 1 0 0 0 0 1 0 1 1 0 1 0 ]
d_11_12=2.823906996476 eijMax=1.428E-03 rmsd=1.667E-02 s=[ 0 0 0 0 0 0 0 1 0 0 0 0 0 1 0 1 0 0 0 1 1 1 1 1 0 1 0 0 0 1 1 0 1 1 0 1 0 ]
d_11_12=2.824107196677 eijMax=6.823E-04 rmsd=3.733E-03 s=[ 0 0 0 0 0 0 0 1 0 0 0 0 0 1 0 1 0 0 0 0 1 1 1 1 0 1 0 0 0 0 1 0 1 1 0 1 0 ]
d_11_12=2.824107196677 eijMax=6.823E-04 rmsd=3.711E-03 s=[ 0 0 0 0 0 0 0 1 0 0 0 0 0 1 0 1 0 0 0 0 1 1 1 1 0 1 0 0 0 1 1 0 1 1 0 1 0 ]
d_11_12=2.824107196677 eijMax=6.823E-04 rmsd=1.514E-02 s=[ 0 0 0 0 0 0 0 1 0 0 0 0 0 1 0 1 0 0 0 1 1 1 1 1 0 1 0 0 0 0 1 0 1 1 0 1 0 ]
d_11_12=2.824107196677 eijMax=6.823E-04 rmsd=1.514E-02 s=[ 0 0 0 0 0 0 0 1 0 0 0 0 0 1 0 1 0 0 0 1 1 1 1 1 0 1 0 0 0 1 1 0 1 1 0 1 0 ]
d_11_12=2.824307396877 eijMax=5.726E-05 rmsd=3.200E-04 s=[ 0 0 0 0 0 0 0 1 0 0 0 0 0 1 0 1 0 0 0 0 1 1 1 1 0 1 0 0 0 0 1 0 1 1 0 1 0 ]
d_11_12=2.824307396877 eijMax=5.726E-05 rmsd=3.314E-04 s=[ 0 0 0 0 0 0 0 1 0 0 0 0 0 1 0 1 0 0 0 0 1 1 1 1 0 1 0 0 0 1 1 0 1 1 0 1 0 ]
d_11_12=2.824307396877 eijMax=7.037E-05 rmsd=1.458E-02 s=[ 0 0 0 0 0 0 0 1 0 0 0 0 0 1 0 1 0 0 0 1 1 1 1 1 0 1 0 0 0 0 1 0 1 1 0 1 0 ]
d_11_12=2.824307396877 eijMax=7.037E-05 rmsd=1.459E-02 s=[ 0 0 0 0 0 0 0 1 0 0 0 0 0 1 0 1 0 0 0 1 1 1 1 1 0 1 0 0 0 1 1 0 1 1 0 1 0 ]
d_11_12=2.824507597077 eijMax=7.908E-04 rmsd=4.213E-03 s=[ 0 0 0 0 0 0 0 1 0 0 0 0 0 1 0 1 0 0 0 0 1 1 1 1 0 1 0 0 0 0 1 0 1 1 0 1 0 ]
d_11_12=2.824507597077 eijMax=7.908E-04 rmsd=4.233E-03 s=[ 0 0 0 0 0 0 0 1 0 0 0 0 0 1 0 1 0 0 0 0 1 1 1 1 0 1 0 0 0 1 1 0 1 1 0 1 0 ]
d_11_12=2.824507597077 eijMax=7.908E-04 rmsd=1.507E-02 s=[ 0 0 0 0 0 0 0 1 0 0 0 0 0 1 0 1 0 0 0 1 1 1 1 1 0 1 0 0 0 0 1 0 1 1 0 1 0 ]
d_11_12=2.824507597077 eijMax=7.908E-04 rmsd=1.509E-02 s=[ 0 0 0 0 0 0 0 1 0 0 0 0 0 1 0 1 0 0 0 1 1 1 1 1 0 1 0 0 0 1 1 0 1 1 0 1 0 ]
d_11_12=2.824707797277 eijMax=1.518E-03 rmsd=8.155E-03 s=[ 0 0 0 0 0 0 0 1 0 0 0 0 0 1 0 1 0 0 0 0 1 1 1 1 0 1 0 0 0 0 1 0 1 1 0 1 0 ]
d_11_12=2.824707797277 eijMax=1.518E-03 rmsd=8.176E-03 s=[ 0 0 0 0 0 0 0 1 0 0 0 0 0 1 0 1 0 0 0 0 1 1 1 1 0 1 0 0 0 1 1 0 1 1 0 1 0 ]
d_11_12=2.824707797277 eijMax=1.518E-03 rmsd=1.653E-02 s=[ 0 0 0 0 0 0 0 1 0 0 0 0 0 1 0 1 0 0 0 1 1 1 1 1 0 1 0 0 0 0 1 0 1 1 0 1 0 ]
d_11_12=2.824707797277 eijMax=1.518E-03 rmsd=1.654E-02 s=[ 0 0 0 0 0 0 0 1 0 0 0 0 0 1 0 1 0 0 0 1 1 1 1 1 0 1 0 0 0 1 1 0 1 1 0 1 0 ]
d_11_12=2.824907997477 eijMax=2.240E-03 rmsd=1.208E-02 s=[ 0 0 0 0 0 0 0 1 0 0 0 0 0 1 0 1 0 0 0 0 1 1 1 1 0 1 0 0 0 0 1 0 1 1 0 1 0 ]
d_11_12=2.824907997477 eijMax=2.240E-03 rmsd=1.210E-02 s=[ 0 0 0 0 0 0 0 1 0 0 0 0 0 1 0 1 0 0 0 0 1 1 1 1 0 1 0 0 0 1 1 0 1 1 0 1 0 ]
d_11_12=2.824907997477 eijMax=2.240E-03 rmsd=1.870E-02 s=[ 0 0 0 0 0 0 0 1 0 0 0 0 0 1 0 1 0 0 0 1 1 1 1 1 0 1 0 0 0 0 1 0 1 1 0 1 0 ]
d_11_12=2.824907997477 eijMax=2.240E-03 rmsd=1.872E-02 s=[ 0 0 0 0 0 0 0 1 0 0 0 0 0 1 0 1 0 0 0 1 1 1 1 1 0 1 0 0 0 1 1 0 1 1 0 1 0 ]
d_11_12=2.825108197678 eijMax=2.956E-03 rmsd=1.600E-02 s=[ 0 0 0 0 0 0 0 1 0 0 0 0 0 1 0 1 0 0 0 0 1 1 1 1 0 1 0 0 0 0 1 0 1 1 0 1 0 ]
d_11_12=2.825108197678 eijMax=2.956E-03 rmsd=1.602E-02 s=[ 0 0 0 0 0 0 0 1 0 0 0 0 0 1 0 1 0 0 0 0 1 1 1 1 0 1 0 0 0 1 1 0 1 1 0 1 0 ]
d_11_12=2.825108197678 eijMax=2.956E-03 rmsd=2.137E-02 s=[ 0 0 0 0 0 0 0 1 0 0 0 0 0 1 0 1 0 0 0 1 1 1 1 1 0 1 0 0 0 0 1 0 1 1 0 1 0 ]
d_11_12=2.825108197678 eijMax=2.956E-03 rmsd=2.139E-02 s=[ 0 0 0 0 0 0 0 1 0 0 0 0 0 1 0 1 0 0 0 1 1 1 1 1 0 1 0 0 0 1 1 0 1 1 0 1 0 ]
d_11_12=2.825308397878 eijMax=3.666E-03 rmsd=1.990E-02 s=[ 0 0 0 0 0 0 0 1 0 0 0 0 0 1 0 1 0 0 0 0 1 1 1 1 0 1 0 0 0 0 1 0 1 1 0 1 0 ]
d_11_12=2.825308397878 eijMax=3.666E-03 rmsd=1.992E-02 s=[ 0 0 0 0 0 0 0 1 0 0 0 0 0 1 0 1 0 0 0 0 1 1 1 1 0 1 0 0 0 1 1 0 1 1 0 1 0 ]
d_11_12=2.825308397878 eijMax=3.666E-03 rmsd=2.437E-02 s=[ 0 0 0 0 0 0 0 1 0 0 0 0 0 1 0 1 0 0 0 1 1 1 1 1 0 1 0 0 0 0 1 0 1 1 0 1 0 ]
d_11_12=2.825308397878 eijMax=3.666E-03 rmsd=2.439E-02 s=[ 0 0 0 0 0 0 0 1 0 0 0 0 0 1 0 1 0 0 0 1 1 1 1 1 0 1 0 0 0 1 1 0 1 1 0 1 0 ]
d_11_12=2.825508598078 eijMax=4.370E-03 rmsd=2.378E-02 s=[ 0 0 0 0 0 0 0 1 0 0 0 0 0 1 0 1 0 0 0 0 1 1 1 1 0 1 0 0 0 0 1 0 1 1 0 1 0 ]
d_11_12=2.825508598078 eijMax=4.370E-03 rmsd=2.380E-02 s=[ 0 0 0 0 0 0 0 1 0 0 0 0 0 1 0 1 0 0 0 0 1 1 1 1 0 1 0 0 0 1 1 0 1 1 0 1 0 ]
d_11_12=2.825508598078 eijMax=4.370E-03 rmsd=2.758E-02 s=[ 0 0 0 0 0 0 0 1 0 0 0 0 0 1 0 1 0 0 0 1 1 1 1 1 0 1 0 0 0 0 1 0 1 1 0 1 0 ]
d_11_12=2.825508598078 eijMax=4.370E-03 rmsd=2.761E-02 s=[ 0 0 0 0 0 0 0 1 0 0 0 0 0 1 0 1 0 0 0 1 1 1 1 1 0 1 0 0 0 1 1 0 1 1 0 1 0 ]
d_11_12=2.825708798278 eijMax=5.069E-03 rmsd=2.766E-02 s=[ 0 0 0 0 0 0 0 1 0 0 0 0 0 1 0 1 0 0 0 0 1 1 1 1 0 1 0 0 0 0 1 0 1 1 0 1 0 ]
d_11_12=2.825708798278 eijMax=5.069E-03 rmsd=2.768E-02 s=[ 0 0 0 0 0 0 0 1 0 0 0 0 0 1 0 1 0 0 0 0 1 1 1 1 0 1 0 0 0 1 1 0 1 1 0 1 0 ]
d_11_12=2.825708798278 eijMax=5.069E-03 rmsd=3.094E-02 s=[ 0 0 0 0 0 0 0 1 0 0 0 0 0 1 0 1 0 0 0 1 1 1 1 1 0 1 0 0 0 0 1 0 1 1 0 1 0 ]
d_11_12=2.825708798278 eijMax=5.069E-03 rmsd=3.096E-02 s=[ 0 0 0 0 0 0 0 1 0 0 0 0 0 1 0 1 0 0 0 1 1 1 1 1 0 1 0 0 0 1 1 0 1 1 0 1 0 ]
d_11_12=2.825908998478 eijMax=5.763E-03 rmsd=3.152E-02 s=[ 0 0 0 0 0 0 0 1 0 0 0 0 0 1 0 1 0 0 0 0 1 1 1 1 0 1 0 0 0 0 1 0 1 1 0 1 0 ]
d_11_12=2.825908998478 eijMax=5.763E-03 rmsd=3.154E-02 s=[ 0 0 0 0 0 0 0 1 0 0 0 0 0 1 0 1 0 0 0 0 1 1 1 1 0 1 0 0 0 1 1 0 1 1 0 1 0 ]
d_11_12=2.825908998478 eijMax=5.763E-03 rmsd=3.439E-02 s=[ 0 0 0 0 0 0 0 1 0 0 0 0 0 1 0 1 0 0 0 1 1 1 1 1 0 1 0 0 0 0 1 0 1 1 0 1 0 ]
d_11_12=2.825908998478 eijMax=5.763E-03 rmsd=3.441E-02 s=[ 0 0 0 0 0 0 0 1 0 0 0 0 0 1 0 1 0 0 0 1 1 1 1 1 0 1 0 0 0 1 1 0 1 1 0 1 0 ]
d_11_12=2.826109198679 eijMax=6.451E-03 rmsd=3.536E-02 s=[ 0 0 0 0 0 0 0 1 0 0 0 0 0 1 0 1 0 0 0 0 1 1 1 1 0 1 0 0 0 0 1 0 1 1 0 1 0 ]
d_11_12=2.826109198679 eijMax=6.451E-03 rmsd=3.538E-02 s=[ 0 0 0 0 0 0 0 1 0 0 0 0 0 1 0 1 0 0 0 0 1 1 1 1 0 1 0 0 0 1 1 0 1 1 0 1 0 ]
d_11_12=2.826109198679 eijMax=6.451E-03 rmsd=3.791E-02 s=[ 0 0 0 0 0 0 0 1 0 0 0 0 0 1 0 1 0 0 0 1 1 1 1 1 0 1 0 0 0 0 1 0 1 1 0 1 0 ]
d_11_12=2.826109198679 eijMax=6.451E-03 rmsd=3.793E-02 s=[ 0 0 0 0 0 0 0 1 0 0 0 0 0 1 0 1 0 0 0 1 1 1 1 1 0 1 0 0 0 1 1 0 1 1 0 1 0 ]
d_11_12=2.826309398879 eijMax=7.133E-03 rmsd=3.919E-02 s=[ 0 0 0 0 0 0 0 1 0 0 0 0 0 1 0 1 0 0 0 0 1 1 1 1 0 1 0 0 0 0 1 0 1 1 0 1 0 ]
d_11_12=2.826309398879 eijMax=7.133E-03 rmsd=3.921E-02 s=[ 0 0 0 0 0 0 0 1 0 0 0 0 0 1 0 1 0 0 0 0 1 1 1 1 0 1 0 0 0 1 1 0 1 1 0 1 0 ]
d_11_12=2.826309398879 eijMax=7.133E-03 rmsd=4.147E-02 s=[ 0 0 0 0 0 0 0 1 0 0 0 0 0 1 0 1 0 0 0 1 1 1 1 1 0 1 0 0 0 0 1 0 1 1 0 1 0 ]
d_11_12=2.826309398879 eijMax=7.133E-03 rmsd=4.150E-02 s=[ 0 0 0 0 0 0 0 1 0 0 0 0 0 1 0 1 0 0 0 1 1 1 1 1 0 1 0 0 0 1 1 0 1 1 0 1 0 ]
d_11_12=2.826509599079 eijMax=7.810E-03 rmsd=4.301E-02 s=[ 0 0 0 0 0 0 0 1 0 0 0 0 0 1 0 1 0 0 0 0 1 1 1 1 0 1 0 0 0 0 1 0 1 1 0 1 0 ]
d_11_12=2.826509599079 eijMax=7.810E-03 rmsd=4.303E-02 s=[ 0 0 0 0 0 0 0 1 0 0 0 0 0 1 0 1 0 0 0 0 1 1 1 1 0 1 0 0 0 1 1 0 1 1 0 1 0 ]
d_11_12=2.826509599079 eijMax=7.810E-03 rmsd=4.507E-02 s=[ 0 0 0 0 0 0 0 1 0 0 0 0 0 1 0 1 0 0 0 1 1 1 1 1 0 1 0 0 0 0 1 0 1 1 0 1 0 ]
d_11_12=2.826509599079 eijMax=7.810E-03 rmsd=4.509E-02 s=[ 0 0 0 0 0 0 0 1 0 0 0 0 0 1 0 1 0 0 0 1 1 1 1 1 0 1 0 0 0 1 1 0 1 1 0 1 0 ]
d_11_12=2.826709799279 eijMax=8.482E-03 rmsd=4.682E-02 s=[ 0 0 0 0 0 0 0 1 0 0 0 0 0 1 0 1 0 0 0 0 1 1 1 1 0 1 0 0 0 0 1 0 1 1 0 1 0 ]
d_11_12=2.826709799279 eijMax=8.482E-03 rmsd=4.684E-02 s=[ 0 0 0 0 0 0 0 1 0 0 0 0 0 1 0 1 0 0 0 0 1 1 1 1 0 1 0 0 0 1 1 0 1 1 0 1 0 ]
d_11_12=2.826709799279 eijMax=8.482E-03 rmsd=4.869E-02 s=[ 0 0 0 0 0 0 0 1 0 0 0 0 0 1 0 1 0 0 0 1 1 1 1 1 0 1 0 0 0 0 1 0 1 1 0 1 0 ]
d_11_12=2.826709799279 eijMax=8.482E-03 rmsd=4.871E-02 s=[ 0 0 0 0 0 0 0 1 0 0 0 0 0 1 0 1 0 0 0 1 1 1 1 1 0 1 0 0 0 1 1 0 1 1 0 1 0 ]
d_11_12=2.826909999479 eijMax=9.149E-03 rmsd=5.061E-02 s=[ 0 0 0 0 0 0 0 1 0 0 0 0 0 1 0 1 0 0 0 0 1 1 1 1 0 1 0 0 0 0 1 0 1 1 0 1 0 ]
d_11_12=2.826909999479 eijMax=9.149E-03 rmsd=5.063E-02 s=[ 0 0 0 0 0 0 0 1 0 0 0 0 0 1 0 1 0 0 0 0 1 1 1 1 0 1 0 0 0 1 1 0 1 1 0 1 0 ]
d_11_12=2.826909999479 eijMax=9.149E-03 rmsd=5.232E-02 s=[ 0 0 0 0 0 0 0 1 0 0 0 0 0 1 0 1 0 0 0 1 1 1 1 1 0 1 0 0 0 0 1 0 1 1 0 1 0 ]
d_11_12=2.826909999479 eijMax=9.149E-03 rmsd=5.234E-02 s=[ 0 0 0 0 0 0 0 1 0 0 0 0 0 1 0 1 0 0 0 1 1 1 1 1 0 1 0 0 0 1 1 0 1 1 0 1 0 ]
d_11_12=2.827110199680 eijMax=9.811E-03 rmsd=5.439E-02 s=[ 0 0 0 0 0 0 0 1 0 0 0 0 0 1 0 1 0 0 0 0 1 1 1 1 0 1 0 0 0 0 1 0 1 1 0 1 0 ]
d_11_12=2.827110199680 eijMax=9.811E-03 rmsd=5.441E-02 s=[ 0 0 0 0 0 0 0 1 0 0 0 0 0 1 0 1 0 0 0 0 1 1 1 1 0 1 0 0 0 1 1 0 1 1 0 1 0 ]
d_11_12=2.827110199680 eijMax=9.811E-03 rmsd=5.596E-02 s=[ 0 0 0 0 0 0 0 1 0 0 0 0 0 1 0 1 0 0 0 1 1 1 1 1 0 1 0 0 0 0 1 0 1 1 0 1 0 ]
d_11_12=2.827110199680 eijMax=9.811E-03 rmsd=5.598E-02 s=[ 0 0 0 0 0 0 0 1 0 0 0 0 0 1 0 1 0 0 0 1 1 1 1 1 0 1 0 0 0 1 1 0 1 1 0 1 0 ]
d_11_12=2.821904994474 eijMax=9.242E-03 rmsd=4.855E-02 s=[ 0 0 0 0 0 0 1 1 0 0 0 0 0 1 0 1 0 0 0 0 1 1 1 1 0 1 0 0 0 0 1 0 1 1 0 1 0 ]
d_11_12=2.821904994474 eijMax=9.242E-03 rmsd=4.853E-02 s=[ 0 0 0 0 0 0 1 1 0 0 0 0 0 1 0 1 0 0 0 0 1 1 1 1 0 1 0 0 0 1 1 0 1 1 0 1 0 ]
d_11_12=2.821904994474 eijMax=9.242E-03 rmsd=5.105E-02 s=[ 0 0 0 0 0 0 1 1 0 0 0 0 0 1 0 1 0 0 0 1 1 1 1 1 0 1 0 0 0 0 1 0 1 1 0 1 0 ]
d_11_12=2.821904994474 eijMax=9.242E-03 rmsd=5.103E-02 s=[ 0 0 0 0 0 0 1 1 0 0 0 0 0 1 0 1 0 0 0 1 1 1 1 1 0 1 0 0 0 1 1 0 1 1 0 1 0 ]
d_11_12=2.822105194675 eijMax=8.430E-03 rmsd=4.438E-02 s=[ 0 0 0 0 0 0 1 1 0 0 0 0 0 1 0 1 0 0 0 0 1 1 1 1 0 1 0 0 0 0 1 0 1 1 0 1 0 ]
d_11_12=2.822105194675 eijMax=8.430E-03 rmsd=4.436E-02 s=[ 0 0 0 0 0 0 1 1 0 0 0 0 0 1 0 1 0 0 0 0 1 1 1 1 0 1 0 0 0 1 1 0 1 1 0 1 0 ]
d_11_12=2.822105194675 eijMax=8.430E-03 rmsd=4.707E-02 s=[ 0 0 0 0 0 0 1 1 0 0 0 0 0 1 0 1 0 0 0 1 1 1 1 1 0 1 0 0 0 0 1 0 1 1 0 1 0 ]
d_11_12=2.822105194675 eijMax=8.430E-03 rmsd=4.705E-02 s=[ 0 0 0 0 0 0 1 1 0 0 0 0 0 1 0 1 0 0 0 1 1 1 1 1 0 1 0 0 0 1 1 0 1 1 0 1 0 ]
d_11_12=2.822305394875 eijMax=7.625E-03 rmsd=4.024E-02 s=[ 0 0 0 0 0 0 1 1 0 0 0 0 0 1 0 1 0 0 0 0 1 1 1 1 0 1 0 0 0 0 1 0 1 1 0 1 0 ]
d_11_12=2.822305394875 eijMax=7.625E-03 rmsd=4.021E-02 s=[ 0 0 0 0 0 0 1 1 0 0 0 0 0 1 0 1 0 0 0 0 1 1 1 1 0 1 0 0 0 1 1 0 1 1 0 1 0 ]
d_11_12=2.822305394875 eijMax=7.625E-03 rmsd=4.315E-02 s=[ 0 0 0 0 0 0 1 1 0 0 0 0 0 1 0 1 0 0 0 1 1 1 1 1 0 1 0 0 0 0 1 0 1 1 0 1 0 ]
d_11_12=2.822305394875 eijMax=7.625E-03 rmsd=4.313E-02 s=[ 0 0 0 0 0 0 1 1 0 0 0 0 0 1 0 1 0 0 0 1 1 1 1 1 0 1 0 0 0 1 1 0 1 1 0 1 0 ]
d_11_12=2.822505595075 eijMax=6.827E-03 rmsd=3.611E-02 s=[ 0 0 0 0 0 0 1 1 0 0 0 0 0 1 0 1 0 0 0 0 1 1 1 1 0 1 0 0 0 0 1 0 1 1 0 1 0 ]
d_11_12=2.822505595075 eijMax=6.827E-03 rmsd=3.609E-02 s=[ 0 0 0 0 0 0 1 1 0 0 0 0 0 1 0 1 0 0 0 0 1 1 1 1 0 1 0 0 0 1 1 0 1 1 0 1 0 ]
d_11_12=2.822505595075 eijMax=6.827E-03 rmsd=3.928E-02 s=[ 0 0 0 0 0 0 1 1 0 0 0 0 0 1 0 1 0 0 0 1 1 1 1 1 0 1 0 0 0 0 1 0 1 1 0 1 0 ]
d_11_12=2.822505595075 eijMax=6.827E-03 rmsd=3.927E-02 s=[ 0 0 0 0 0 0 1 1 0 0 0 0 0 1 0 1 0 0 0 1 1 1 1 1 0 1 0 0 0 1 1 0 1 1 0 1 0 ]
d_11_12=2.822705795275 eijMax=6.036E-03 rmsd=3.200E-02 s=[ 0 0 0 0 0 0 1 1 0 0 0 0 0 1 0 1 0 0 0 0 1 1 1 1 0 1 0 0 0 0 1 0 1 1 0 1 0 ]
d_11_12=2.822705795275 eijMax=6.036E-03 rmsd=3.198E-02 s=[ 0 0 0 0 0 0 1 1 0 0 0 0 0 1 0 1 0 0 0 0 1 1 1 1 0 1 0 0 0 1 1 0 1 1 0 1 0 ]
d_11_12=2.822705795275 eijMax=6.036E-03 rmsd=3.550E-02 s=[ 0 0 0 0 0 0 1 1 0 0 0 0 0 1 0 1 0 0 0 1 1 1 1 1 0 1 0 0 0 0 1 0 1 1 0 1 0 ]
d_11_12=2.822705795275 eijMax=6.036E-03 rmsd=3.548E-02 s=[ 0 0 0 0 0 0 1 1 0 0 0 0 0 1 0 1 0 0 0 1 1 1 1 1 0 1 0 0 0 1 1 0 1 1 0 1 0 ]
d_11_12=2.822905995475 eijMax=5.252E-03 rmsd=2.791E-02 s=[ 0 0 0 0 0 0 1 1 0 0 0 0 0 1 0 1 0 0 0 0 1 1 1 1 0 1 0 0 0 0 1 0 1 1 0 1 0 ]
d_11_12=2.822905995475 eijMax=5.252E-03 rmsd=2.788E-02 s=[ 0 0 0 0 0 0 1 1 0 0 0 0 0 1 0 1 0 0 0 0 1 1 1 1 0 1 0 0 0 1 1 0 1 1 0 1 0 ]
d_11_12=2.822905995475 eijMax=5.252E-03 rmsd=3.181E-02 s=[ 0 0 0 0 0 0 1 1 0 0 0 0 0 1 0 1 0 0 0 1 1 1 1 1 0 1 0 0 0 0 1 0 1 1 0 1 0 ]
d_11_12=2.822905995475 eijMax=5.252E-03 rmsd=3.180E-02 s=[ 0 0 0 0 0 0 1 1 0 0 0 0 0 1 0 1 0 0 0 1 1 1 1 1 0 1 0 0 0 1 1 0 1 1 0 1 0 ]
d_11_12=2.823106195676 eijMax=4.474E-03 rmsd=2.383E-02 s=[ 0 0 0 0 0 0 1 1 0 0 0 0 0 1 0 1 0 0 0 0 1 1 1 1 0 1 0 0 0 0 1 0 1 1 0 1 0 ]
d_11_12=2.823106195676 eijMax=4.474E-03 rmsd=2.381E-02 s=[ 0 0 0 0 0 0 1 1 0 0 0 0 0 1 0 1 0 0 0 0 1 1 1 1 0 1 0 0 0 1 1 0 1 1 0 1 0 ]
d_11_12=2.823106195676 eijMax=4.474E-03 rmsd=2.825E-02 s=[ 0 0 0 0 0 0 1 1 0 0 0 0 0 1 0 1 0 0 0 1 1 1 1 1 0 1 0 0 0 0 1 0 1 1 0 1 0 ]
d_11_12=2.823106195676 eijMax=4.474E-03 rmsd=2.824E-02 s=[ 0 0 0 0 0 0 1 1 0 0 0 0 0 1 0 1 0 0 0 1 1 1 1 1 0 1 0 0 0 1 1 0 1 1 0 1 0 ]
d_11_12=2.823306395876 eijMax=3.703E-03 rmsd=1.977E-02 s=[ 0 0 0 0 0 0 1 1 0 0 0 0 0 1 0 1 0 0 0 0 1 1 1 1 0 1 0 0 0 0 1 0 1 1 0 1 0 ]
d_11_12=2.823306395876 eijMax=3.703E-03 rmsd=1.975E-02 s=[ 0 0 0 0 0 0 1 1 0 0 0 0 0 1 0 1 0 0 0 0 1 1 1 1 0 1 0 0 0 1 1 0 1 1 0 1 0 ]
d_11_12=2.823306395876 eijMax=3.703E-03 rmsd=2.486E-02 s=[ 0 0 0 0 0 0 1 1 0 0 0 0 0 1 0 1 0 0 0 1 1 1 1 1 0 1 0 0 0 0 1 0 1 1 0 1 0 ]
d_11_12=2.823306395876 eijMax=3.703E-03 rmsd=2.485E-02 s=[ 0 0 0 0 0 0 1 1 0 0 0 0 0 1 0 1 0 0 0 1 1 1 1 1 0 1 0 0 0 1 1 0 1 1 0 1 0 ]
d_11_12=2.823506596076 eijMax=2.938E-03 rmsd=1.573E-02 s=[ 0 0 0 0 0 0 1 1 0 0 0 0 0 1 0 1 0 0 0 0 1 1 1 1 0 1 0 0 0 0 1 0 1 1 0 1 0 ]
d_11_12=2.823506596076 eijMax=2.938E-03 rmsd=1.571E-02 s=[ 0 0 0 0 0 0 1 1 0 0 0 0 0 1 0 1 0 0 0 0 1 1 1 1 0 1 0 0 0 1 1 0 1 1 0 1 0 ]
d_11_12=2.823506596076 eijMax=2.938E-03 rmsd=2.172E-02 s=[ 0 0 0 0 0 0 1 1 0 0 0 0 0 1 0 1 0 0 0 1 1 1 1 1 0 1 0 0 0 0 1 0 1 1 0 1 0 ]
d_11_12=2.823506596076 eijMax=2.938E-03 rmsd=2.171E-02 s=[ 0 0 0 0 0 0 1 1 0 0 0 0 0 1 0 1 0 0 0 1 1 1 1 1 0 1 0 0 0 1 1 0 1 1 0 1 0 ]
d_11_12=2.823706796276 eijMax=2.180E-03 rmsd=1.171E-02 s=[ 0 0 0 0 0 0 1 1 0 0 0 0 0 1 0 1 0 0 0 0 1 1 1 1 0 1 0 0 0 0 1 0 1 1 0 1 0 ]
d_11_12=2.823706796276 eijMax=2.180E-03 rmsd=1.169E-02 s=[ 0 0 0 0 0 0 1 1 0 0 0 0 0 1 0 1 0 0 0 0 1 1 1 1 0 1 0 0 0 1 1 0 1 1 0 1 0 ]
d_11_12=2.823706796276 eijMax=2.180E-03 rmsd=1.893E-02 s=[ 0 0 0 0 0 0 1 1 0 0 0 0 0 1 0 1 0 0 0 1 1 1 1 1 0 1 0 0 0 0 1 0 1 1 0 1 0 ]
d_11_12=2.823706796276 eijMax=2.180E-03 rmsd=1.892E-02 s=[ 0 0 0 0 0 0 1 1 0 0 0 0 0 1 0 1 0 0 0 1 1 1 1 1 0 1 0 0 0 1 1 0 1 1 0 1 0 ]
d_11_12=2.823906996476 eijMax=1.428E-03 rmsd=7.704E-03 s=[ 0 0 0 0 0 0 1 1 0 0 0 0 0 1 0 1 0 0 0 0 1 1 1 1 0 1 0 0 0 0 1 0 1 1 0 1 0 ]
d_11_12=2.823906996476 eijMax=1.428E-03 rmsd=7.683E-03 s=[ 0 0 0 0 0 0 1 1 0 0 0 0 0 1 0 1 0 0 0 0 1 1 1 1 0 1 0 0 0 1 1 0 1 1 0 1 0 ]
d_11_12=2.823906996476 eijMax=1.428E-03 rmsd=1.666E-02 s=[ 0 0 0 0 0 0 1 1 0 0 0 0 0 1 0 1 0 0 0 1 1 1 1 1 0 1 0 0 0 0 1 0 1 1 0 1 0 ]
d_11_12=2.823906996476 eijMax=1.428E-03 rmsd=1.666E-02 s=[ 0 0 0 0 0 0 1 1 0 0 0 0 0 1 0 1 0 0 0 1 1 1 1 1 0 1 0 0 0 1 1 0 1 1 0 1 0 ]
d_11_12=2.824107196677 eijMax=6.823E-04 rmsd=3.716E-03 s=[ 0 0 0 0 0 0 1 1 0 0 0 0 0 1 0 1 0 0 0 0 1 1 1 1 0 1 0 0 0 0 1 0 1 1 0 1 0 ]
d_11_12=2.824107196677 eijMax=6.823E-04 rmsd=3.694E-03 s=[ 0 0 0 0 0 0 1 1 0 0 0 0 0 1 0 1 0 0 0 0 1 1 1 1 0 1 0 0 0 1 1 0 1 1 0 1 0 ]
d_11_12=2.824107196677 eijMax=6.823E-04 rmsd=1.514E-02 s=[ 0 0 0 0 0 0 1 1 0 0 0 0 0 1 0 1 0 0 0 1 1 1 1 1 0 1 0 0 0 0 1 0 1 1 0 1 0 ]
d_11_12=2.824107196677 eijMax=6.823E-04 rmsd=1.514E-02 s=[ 0 0 0 0 0 0 1 1 0 0 0 0 0 1 0 1 0 0 0 1 1 1 1 1 0 1 0 0 0 1 1 0 1 1 0 1 0 ]
d_11_12=2.824307396877 eijMax=5.726E-05 rmsd=3.356E-04 s=[ 0 0 0 0 0 0 1 1 0 0 0 0 0 1 0 1 0 0 0 0 1 1 1 1 0 1 0 0 0 0 1 0 1 1 0 1 0 ]
d_11_12=2.824307396877 eijMax=5.726E-05 rmsd=3.446E-04 s=[ 0 0 0 0 0 0 1 1 0 0 0 0 0 1 0 1 0 0 0 0 1 1 1 1 0 1 0 0 0 1 1 0 1 1 0 1 0 ]
d_11_12=2.824307396877 eijMax=7.037E-05 rmsd=1.458E-02 s=[ 0 0 0 0 0 0 1 1 0 0 0 0 0 1 0 1 0 0 0 1 1 1 1 1 0 1 0 0 0 0 1 0 1 1 0 1 0 ]
d_11_12=2.824307396877 eijMax=7.037E-05 rmsd=1.459E-02 s=[ 0 0 0 0 0 0 1 1 0 0 0 0 0 1 0 1 0 0 0 1 1 1 1 1 0 1 0 0 0 1 1 0 1 1 0 1 0 ]
d_11_12=2.824507597077 eijMax=7.908E-04 rmsd=4.230E-03 s=[ 0 0 0 0 0 0 1 1 0 0 0 0 0 1 0 1 0 0 0 0 1 1 1 1 0 1 0 0 0 0 1 0 1 1 0 1 0 ]
d_11_12=2.824507597077 eijMax=7.908E-04 rmsd=4.250E-03 s=[ 0 0 0 0 0 0 1 1 0 0 0 0 0 1 0 1 0 0 0 0 1 1 1 1 0 1 0 0 0 1 1 0 1 1 0 1 0 ]
d_11_12=2.824507597077 eijMax=7.908E-04 rmsd=1.508E-02 s=[ 0 0 0 0 0 0 1 1 0 0 0 0 0 1 0 1 0 0 0 1 1 1 1 1 0 1 0 0 0 0 1 0 1 1 0 1 0 ]
d_11_12=2.824507597077 eijMax=7.908E-04 rmsd=1.509E-02 s=[ 0 0 0 0 0 0 1 1 0 0 0 0 0 1 0 1 0 0 0 1 1 1 1 1 0 1 0 0 0 1 1 0 1 1 0 1 0 ]
d_11_12=2.824707797277 eijMax=1.518E-03 rmsd=8.172E-03 s=[ 0 0 0 0 0 0 1 1 0 0 0 0 0 1 0 1 0 0 0 0 1 1 1 1 0 1 0 0 0 0 1 0 1 1 0 1 0 ]
d_11_12=2.824707797277 eijMax=1.518E-03 rmsd=8.192E-03 s=[ 0 0 0 0 0 0 1 1 0 0 0 0 0 1 0 1 0 0 0 0 1 1 1 1 0 1 0 0 0 1 1 0 1 1 0 1 0 ]
d_11_12=2.824707797277 eijMax=1.518E-03 rmsd=1.653E-02 s=[ 0 0 0 0 0 0 1 1 0 0 0 0 0 1 0 1 0 0 0 1 1 1 1 1 0 1 0 0 0 0 1 0 1 1 0 1 0 ]
d_11_12=2.824707797277 eijMax=1.518E-03 rmsd=1.655E-02 s=[ 0 0 0 0 0 0 1 1 0 0 0 0 0 1 0 1 0 0 0 1 1 1 1 1 0 1 0 0 0 1 1 0 1 1 0 1 0 ]
d_11_12=2.824907997477 eijMax=2.240E-03 rmsd=1.210E-02 s=[ 0 0 0 0 0 0 1 1 0 0 0 0 0 1 0 1 0 0 0 0 1 1 1 1 0 1 0 0 0 0 1 0 1 1 0 1 0 ]
d_11_12=2.824907997477 eijMax=2.240E-03 rmsd=1.212E-02 s=[ 0 0 0 0 0 0 1 1 0 0 0 0 0 1 0 1 0 0 0 0 1 1 1 1 0 1 0 0 0 1 1 0 1 1 0 1 0 ]
d_11_12=2.824907997477 eijMax=2.240E-03 rmsd=1.871E-02 s=[ 0 0 0 0 0 0 1 1 0 0 0 0 0 1 0 1 0 0 0 1 1 1 1 1 0 1 0 0 0 0 1 0 1 1 0 1 0 ]
d_11_12=2.824907997477 eijMax=2.240E-03 rmsd=1.873E-02 s=[ 0 0 0 0 0 0 1 1 0 0 0 0 0 1 0 1 0 0 0 1 1 1 1 1 0 1 0 0 0 1 1 0 1 1 0 1 0 ]
d_11_12=2.825108197678 eijMax=2.956E-03 rmsd=1.602E-02 s=[ 0 0 0 0 0 0 1 1 0 0 0 0 0 1 0 1 0 0 0 0 1 1 1 1 0 1 0 0 0 0 1 0 1 1 0 1 0 ]
d_11_12=2.825108197678 eijMax=2.956E-03 rmsd=1.604E-02 s=[ 0 0 0 0 0 0 1 1 0 0 0 0 0 1 0 1 0 0 0 0 1 1 1 1 0 1 0 0 0 1 1 0 1 1 0 1 0 ]
d_11_12=2.825108197678 eijMax=2.956E-03 rmsd=2.139E-02 s=[ 0 0 0 0 0 0 1 1 0 0 0 0 0 1 0 1 0 0 0 1 1 1 1 1 0 1 0 0 0 0 1 0 1 1 0 1 0 ]
d_11_12=2.825108197678 eijMax=2.956E-03 rmsd=2.141E-02 s=[ 0 0 0 0 0 0 1 1 0 0 0 0 0 1 0 1 0 0 0 1 1 1 1 1 0 1 0 0 0 1 1 0 1 1 0 1 0 ]
d_11_12=2.825308397878 eijMax=3.666E-03 rmsd=1.992E-02 s=[ 0 0 0 0 0 0 1 1 0 0 0 0 0 1 0 1 0 0 0 0 1 1 1 1 0 1 0 0 0 0 1 0 1 1 0 1 0 ]
d_11_12=2.825308397878 eijMax=3.666E-03 rmsd=1.994E-02 s=[ 0 0 0 0 0 0 1 1 0 0 0 0 0 1 0 1 0 0 0 0 1 1 1 1 0 1 0 0 0 1 1 0 1 1 0 1 0 ]
d_11_12=2.825308397878 eijMax=3.666E-03 rmsd=2.438E-02 s=[ 0 0 0 0 0 0 1 1 0 0 0 0 0 1 0 1 0 0 0 1 1 1 1 1 0 1 0 0 0 0 1 0 1 1 0 1 0 ]
d_11_12=2.825308397878 eijMax=3.666E-03 rmsd=2.441E-02 s=[ 0 0 0 0 0 0 1 1 0 0 0 0 0 1 0 1 0 0 0 1 1 1 1 1 0 1 0 0 0 1 1 0 1 1 0 1 0 ]
d_11_12=2.825508598078 eijMax=4.370E-03 rmsd=2.380E-02 s=[ 0 0 0 0 0 0 1 1 0 0 0 0 0 1 0 1 0 0 0 0 1 1 1 1 0 1 0 0 0 0 1 0 1 1 0 1 0 ]
d_11_12=2.825508598078 eijMax=4.370E-03 rmsd=2.382E-02 s=[ 0 0 0 0 0 0 1 1 0 0 0 0 0 1 0 1 0 0 0 0 1 1 1 1 0 1 0 0 0 1 1 0 1 1 0 1 0 ]
d_11_12=2.825508598078 eijMax=4.370E-03 rmsd=2.760E-02 s=[ 0 0 0 0 0 0 1 1 0 0 0 0 0 1 0 1 0 0 0 1 1 1 1 1 0 1 0 0 0 0 1 0 1 1 0 1 0 ]
d_11_12=2.825508598078 eijMax=4.370E-03 rmsd=2.762E-02 s=[ 0 0 0 0 0 0 1 1 0 0 0 0 0 1 0 1 0 0 0 1 1 1 1 1 0 1 0 0 0 1 1 0 1 1 0 1 0 ]
d_11_12=2.825708798278 eijMax=5.069E-03 rmsd=2.767E-02 s=[ 0 0 0 0 0 0 1 1 0 0 0 0 0 1 0 1 0 0 0 0 1 1 1 1 0 1 0 0 0 0 1 0 1 1 0 1 0 ]
d_11_12=2.825708798278 eijMax=5.069E-03 rmsd=2.769E-02 s=[ 0 0 0 0 0 0 1 1 0 0 0 0 0 1 0 1 0 0 0 0 1 1 1 1 0 1 0 0 0 1 1 0 1 1 0 1 0 ]
d_11_12=2.825708798278 eijMax=5.069E-03 rmsd=3.095E-02 s=[ 0 0 0 0 0 0 1 1 0 0 0 0 0 1 0 1 0 0 0 1 1 1 1 1 0 1 0 0 0 0 1 0 1 1 0 1 0 ]
d_11_12=2.825708798278 eijMax=5.069E-03 rmsd=3.098E-02 s=[ 0 0 0 0 0 0 1 1 0 0 0 0 0 1 0 1 0 0 0 1 1 1 1 1 0 1 0 0 0 1 1 0 1 1 0 1 0 ]
d_11_12=2.825908998478 eijMax=5.763E-03 rmsd=3.153E-02 s=[ 0 0 0 0 0 0 1 1 0 0 0 0 0 1 0 1 0 0 0 0 1 1 1 1 0 1 0 0 0 0 1 0 1 1 0 1 0 ]
d_11_12=2.825908998478 eijMax=5.763E-03 rmsd=3.155E-02 s=[ 0 0 0 0 0 0 1 1 0 0 0 0 0 1 0 1 0 0 0 0 1 1 1 1 0 1 0 0 0 1 1 0 1 1 0 1 0 ]
d_11_12=2.825908998478 eijMax=5.763E-03 rmsd=3.441E-02 s=[ 0 0 0 0 0 0 1 1 0 0 0 0 0 1 0 1 0 0 0 1 1 1 1 1 0 1 0 0 0 0 1 0 1 1 0 1 0 ]
d_11_12=2.825908998478 eijMax=5.763E-03 rmsd=3.443E-02 s=[ 0 0 0 0 0 0 1 1 0 0 0 0 0 1 0 1 0 0 0 1 1 1 1 1 0 1 0 0 0 1 1 0 1 1 0 1 0 ]
d_11_12=2.826109198679 eijMax=6.451E-03 rmsd=3.538E-02 s=[ 0 0 0 0 0 0 1 1 0 0 0 0 0 1 0 1 0 0 0 0 1 1 1 1 0 1 0 0 0 0 1 0 1 1 0 1 0 ]
d_11_12=2.826109198679 eijMax=6.451E-03 rmsd=3.540E-02 s=[ 0 0 0 0 0 0 1 1 0 0 0 0 0 1 0 1 0 0 0 0 1 1 1 1 0 1 0 0 0 1 1 0 1 1 0 1 0 ]
d_11_12=2.826109198679 eijMax=6.451E-03 rmsd=3.793E-02 s=[ 0 0 0 0 0 0 1 1 0 0 0 0 0 1 0 1 0 0 0 1 1 1 1 1 0 1 0 0 0 0 1 0 1 1 0 1 0 ]
d_11_12=2.826109198679 eijMax=6.451E-03 rmsd=3.795E-02 s=[ 0 0 0 0 0 0 1 1 0 0 0 0 0 1 0 1 0 0 0 1 1 1 1 1 0 1 0 0 0 1 1 0 1 1 0 1 0 ]
d_11_12=2.826309398879 eijMax=7.133E-03 rmsd=3.921E-02 s=[ 0 0 0 0 0 0 1 1 0 0 0 0 0 1 0 1 0 0 0 0 1 1 1 1 0 1 0 0 0 0 1 0 1 1 0 1 0 ]
d_11_12=2.826309398879 eijMax=7.133E-03 rmsd=3.923E-02 s=[ 0 0 0 0 0 0 1 1 0 0 0 0 0 1 0 1 0 0 0 0 1 1 1 1 0 1 0 0 0 1 1 0 1 1 0 1 0 ]
d_11_12=2.826309398879 eijMax=7.133E-03 rmsd=4.149E-02 s=[ 0 0 0 0 0 0 1 1 0 0 0 0 0 1 0 1 0 0 0 1 1 1 1 1 0 1 0 0 0 0 1 0 1 1 0 1 0 ]
d_11_12=2.826309398879 eijMax=7.133E-03 rmsd=4.151E-02 s=[ 0 0 0 0 0 0 1 1 0 0 0 0 0 1 0 1 0 0 0 1 1 1 1 1 0 1 0 0 0 1 1 0 1 1 0 1 0 ]
d_11_12=2.826509599079 eijMax=7.810E-03 rmsd=4.303E-02 s=[ 0 0 0 0 0 0 1 1 0 0 0 0 0 1 0 1 0 0 0 0 1 1 1 1 0 1 0 0 0 0 1 0 1 1 0 1 0 ]
d_11_12=2.826509599079 eijMax=7.810E-03 rmsd=4.305E-02 s=[ 0 0 0 0 0 0 1 1 0 0 0 0 0 1 0 1 0 0 0 0 1 1 1 1 0 1 0 0 0 1 1 0 1 1 0 1 0 ]
d_11_12=2.826509599079 eijMax=7.810E-03 rmsd=4.509E-02 s=[ 0 0 0 0 0 0 1 1 0 0 0 0 0 1 0 1 0 0 0 1 1 1 1 1 0 1 0 0 0 0 1 0 1 1 0 1 0 ]
d_11_12=2.826509599079 eijMax=7.810E-03 rmsd=4.511E-02 s=[ 0 0 0 0 0 0 1 1 0 0 0 0 0 1 0 1 0 0 0 1 1 1 1 1 0 1 0 0 0 1 1 0 1 1 0 1 0 ]
d_11_12=2.826709799279 eijMax=8.482E-03 rmsd=4.684E-02 s=[ 0 0 0 0 0 0 1 1 0 0 0 0 0 1 0 1 0 0 0 0 1 1 1 1 0 1 0 0 0 0 1 0 1 1 0 1 0 ]
d_11_12=2.826709799279 eijMax=8.482E-03 rmsd=4.686E-02 s=[ 0 0 0 0 0 0 1 1 0 0 0 0 0 1 0 1 0 0 0 0 1 1 1 1 0 1 0 0 0 1 1 0 1 1 0 1 0 ]
d_11_12=2.826709799279 eijMax=8.482E-03 rmsd=4.870E-02 s=[ 0 0 0 0 0 0 1 1 0 0 0 0 0 1 0 1 0 0 0 1 1 1 1 1 0 1 0 0 0 0 1 0 1 1 0 1 0 ]
d_11_12=2.826709799279 eijMax=8.482E-03 rmsd=4.873E-02 s=[ 0 0 0 0 0 0 1 1 0 0 0 0 0 1 0 1 0 0 0 1 1 1 1 1 0 1 0 0 0 1 1 0 1 1 0 1 0 ]
d_11_12=2.826909999479 eijMax=9.149E-03 rmsd=5.063E-02 s=[ 0 0 0 0 0 0 1 1 0 0 0 0 0 1 0 1 0 0 0 0 1 1 1 1 0 1 0 0 0 0 1 0 1 1 0 1 0 ]
d_11_12=2.826909999479 eijMax=9.149E-03 rmsd=5.065E-02 s=[ 0 0 0 0 0 0 1 1 0 0 0 0 0 1 0 1 0 0 0 0 1 1 1 1 0 1 0 0 0 1 1 0 1 1 0 1 0 ]
d_11_12=2.826909999479 eijMax=9.149E-03 rmsd=5.234E-02 s=[ 0 0 0 0 0 0 1 1 0 0 0 0 0 1 0 1 0 0 0 1 1 1 1 1 0 1 0 0 0 0 1 0 1 1 0 1 0 ]
d_11_12=2.826909999479 eijMax=9.149E-03 rmsd=5.236E-02 s=[ 0 0 0 0 0 0 1 1 0 0 0 0 0 1 0 1 0 0 0 1 1 1 1 1 0 1 0 0 0 1 1 0 1 1 0 1 0 ]
d_11_12=2.827110199680 eijMax=9.811E-03 rmsd=5.441E-02 s=[ 0 0 0 0 0 0 1 1 0 0 0 0 0 1 0 1 0 0 0 0 1 1 1 1 0 1 0 0 0 0 1 0 1 1 0 1 0 ]
d_11_12=2.827110199680 eijMax=9.811E-03 rmsd=5.443E-02 s=[ 0 0 0 0 0 0 1 1 0 0 0 0 0 1 0 1 0 0 0 0 1 1 1 1 0 1 0 0 0 1 1 0 1 1 0 1 0 ]
d_11_12=2.827110199680 eijMax=9.811E-03 rmsd=5.598E-02 s=[ 0 0 0 0 0 0 1 1 0 0 0 0 0 1 0 1 0 0 0 1 1 1 1 1 0 1 0 0 0 0 1 0 1 1 0 1 0 ]
d_11_12=2.827110199680 eijMax=9.811E-03 rmsd=5.600E-02 s=[ 0 0 0 0 0 0 1 1 0 0 0 0 0 1 0 1 0 0 0 1 1 1 1 1 0 1 0 0 0 1 1 0 1 1 0 1 0 ]
d_11_12=2.821904994474 eijMax=9.242E-03 rmsd=5.103E-02 s=[ 0 0 0 1 1 1 0 0 1 1 1 1 1 0 1 0 0 1 1 0 0 0 0 0 0 0 1 1 1 0 0 1 0 0 0 0 1 ]
d_11_12=2.821904994474 eijMax=9.242E-03 rmsd=5.105E-02 s=[ 0 0 0 1 1 1 0 0 1 1 1 1 1 0 1 0 0 1 1 0 0 0 0 0 0 0 1 1 1 1 0 1 0 0 0 0 1 ]
d_11_12=2.821904994474 eijMax=9.242E-03 rmsd=4.853E-02 s=[ 0 0 0 1 1 1 0 0 1 1 1 1 1 0 1 0 0 1 1 1 0 0 0 0 0 0 1 1 1 0 0 1 0 0 0 0 1 ]
d_11_12=2.821904994474 eijMax=9.242E-03 rmsd=4.855E-02 s=[ 0 0 0 1 1 1 0 0 1 1 1 1 1 0 1 0 0 1 1 1 0 0 0 0 0 0 1 1 1 1 0 1 0 0 0 0 1 ]
d_11_12=2.822105194675 eijMax=8.430E-03 rmsd=4.705E-02 s=[ 0 0 0 1 1 1 0 0 1 1 1 1 1 0 1 0 0 1 1 0 0 0 0 0 0 0 1 1 1 0 0 1 0 0 0 0 1 ]
d_11_12=2.822105194675 eijMax=8.430E-03 rmsd=4.707E-02 s=[ 0 0 0 1 1 1 0 0 1 1 1 1 1 0 1 0 0 1 1 0 0 0 0 0 0 0 1 1 1 1 0 1 0 0 0 0 1 ]
d_11_12=2.822105194675 eijMax=8.430E-03 rmsd=4.436E-02 s=[ 0 0 0 1 1 1 0 0 1 1 1 1 1 0 1 0 0 1 1 1 0 0 0 0 0 0 1 1 1 0 0 1 0 0 0 0 1 ]
d_11_12=2.822105194675 eijMax=8.430E-03 rmsd=4.438E-02 s=[ 0 0 0 1 1 1 0 0 1 1 1 1 1 0 1 0 0 1 1 1 0 0 0 0 0 0 1 1 1 1 0 1 0 0 0 0 1 ]
d_11_12=2.822305394875 eijMax=7.625E-03 rmsd=4.313E-02 s=[ 0 0 0 1 1 1 0 0 1 1 1 1 1 0 1 0 0 1 1 0 0 0 0 0 0 0 1 1 1 0 0 1 0 0 0 0 1 ]
d_11_12=2.822305394875 eijMax=7.625E-03 rmsd=4.315E-02 s=[ 0 0 0 1 1 1 0 0 1 1 1 1 1 0 1 0 0 1 1 0 0 0 0 0 0 0 1 1 1 1 0 1 0 0 0 0 1 ]
d_11_12=2.822305394875 eijMax=7.625E-03 rmsd=4.021E-02 s=[ 0 0 0 1 1 1 0 0 1 1 1 1 1 0 1 0 0 1 1 1 0 0 0 0 0 0 1 1 1 0 0 1 0 0 0 0 1 ]
d_11_12=2.822305394875 eijMax=7.625E-03 rmsd=4.024E-02 s=[ 0 0 0 1 1 1 0 0 1 1 1 1 1 0 1 0 0 1 1 1 0 0 0 0 0 0 1 1 1 1 0 1 0 0 0 0 1 ]
d_11_12=2.822505595075 eijMax=6.827E-03 rmsd=3.927E-02 s=[ 0 0 0 1 1 1 0 0 1 1 1 1 1 0 1 0 0 1 1 0 0 0 0 0 0 0 1 1 1 0 0 1 0 0 0 0 1 ]
d_11_12=2.822505595075 eijMax=6.827E-03 rmsd=3.928E-02 s=[ 0 0 0 1 1 1 0 0 1 1 1 1 1 0 1 0 0 1 1 0 0 0 0 0 0 0 1 1 1 1 0 1 0 0 0 0 1 ]
d_11_12=2.822505595075 eijMax=6.827E-03 rmsd=3.609E-02 s=[ 0 0 0 1 1 1 0 0 1 1 1 1 1 0 1 0 0 1 1 1 0 0 0 0 0 0 1 1 1 0 0 1 0 0 0 0 1 ]
d_11_12=2.822505595075 eijMax=6.827E-03 rmsd=3.611E-02 s=[ 0 0 0 1 1 1 0 0 1 1 1 1 1 0 1 0 0 1 1 1 0 0 0 0 0 0 1 1 1 1 0 1 0 0 0 0 1 ]
d_11_12=2.822705795275 eijMax=6.036E-03 rmsd=3.548E-02 s=[ 0 0 0 1 1 1 0 0 1 1 1 1 1 0 1 0 0 1 1 0 0 0 0 0 0 0 1 1 1 0 0 1 0 0 0 0 1 ]
d_11_12=2.822705795275 eijMax=6.036E-03 rmsd=3.550E-02 s=[ 0 0 0 1 1 1 0 0 1 1 1 1 1 0 1 0 0 1 1 0 0 0 0 0 0 0 1 1 1 1 0 1 0 0 0 0 1 ]
d_11_12=2.822705795275 eijMax=6.036E-03 rmsd=3.198E-02 s=[ 0 0 0 1 1 1 0 0 1 1 1 1 1 0 1 0 0 1 1 1 0 0 0 0 0 0 1 1 1 0 0 1 0 0 0 0 1 ]
d_11_12=2.822705795275 eijMax=6.036E-03 rmsd=3.200E-02 s=[ 0 0 0 1 1 1 0 0 1 1 1 1 1 0 1 0 0 1 1 1 0 0 0 0 0 0 1 1 1 1 0 1 0 0 0 0 1 ]
d_11_12=2.822905995475 eijMax=5.252E-03 rmsd=3.180E-02 s=[ 0 0 0 1 1 1 0 0 1 1 1 1 1 0 1 0 0 1 1 0 0 0 0 0 0 0 1 1 1 0 0 1 0 0 0 0 1 ]
d_11_12=2.822905995475 eijMax=5.252E-03 rmsd=3.181E-02 s=[ 0 0 0 1 1 1 0 0 1 1 1 1 1 0 1 0 0 1 1 0 0 0 0 0 0 0 1 1 1 1 0 1 0 0 0 0 1 ]
d_11_12=2.822905995475 eijMax=5.252E-03 rmsd=2.788E-02 s=[ 0 0 0 1 1 1 0 0 1 1 1 1 1 0 1 0 0 1 1 1 0 0 0 0 0 0 1 1 1 0 0 1 0 0 0 0 1 ]
d_11_12=2.822905995475 eijMax=5.252E-03 rmsd=2.791E-02 s=[ 0 0 0 1 1 1 0 0 1 1 1 1 1 0 1 0 0 1 1 1 0 0 0 0 0 0 1 1 1 1 0 1 0 0 0 0 1 ]
d_11_12=2.823106195676 eijMax=4.474E-03 rmsd=2.824E-02 s=[ 0 0 0 1 1 1 0 0 1 1 1 1 1 0 1 0 0 1 1 0 0 0 0 0 0 0 1 1 1 0 0 1 0 0 0 0 1 ]
d_11_12=2.823106195676 eijMax=4.474E-03 rmsd=2.825E-02 s=[ 0 0 0 1 1 1 0 0 1 1 1 1 1 0 1 0 0 1 1 0 0 0 0 0 0 0 1 1 1 1 0 1 0 0 0 0 1 ]
d_11_12=2.823106195676 eijMax=4.474E-03 rmsd=2.381E-02 s=[ 0 0 0 1 1 1 0 0 1 1 1 1 1 0 1 0 0 1 1 1 0 0 0 0 0 0 1 1 1 0 0 1 0 0 0 0 1 ]
d_11_12=2.823106195676 eijMax=4.474E-03 rmsd=2.383E-02 s=[ 0 0 0 1 1 1 0 0 1 1 1 1 1 0 1 0 0 1 1 1 0 0 0 0 0 0 1 1 1 1 0 1 0 0 0 0 1 ]
d_11_12=2.823306395876 eijMax=3.703E-03 rmsd=2.485E-02 s=[ 0 0 0 1 1 1 0 0 1 1 1 1 1 0 1 0 0 1 1 0 0 0 0 0 0 0 1 1 1 0 0 1 0 0 0 0 1 ]
d_11_12=2.823306395876 eijMax=3.703E-03 rmsd=2.486E-02 s=[ 0 0 0 1 1 1 0 0 1 1 1 1 1 0 1 0 0 1 1 0 0 0 0 0 0 0 1 1 1 1 0 1 0 0 0 0 1 ]
d_11_12=2.823306395876 eijMax=3.703E-03 rmsd=1.975E-02 s=[ 0 0 0 1 1 1 0 0 1 1 1 1 1 0 1 0 0 1 1 1 0 0 0 0 0 0 1 1 1 0 0 1 0 0 0 0 1 ]
d_11_12=2.823306395876 eijMax=3.703E-03 rmsd=1.977E-02 s=[ 0 0 0 1 1 1 0 0 1 1 1 1 1 0 1 0 0 1 1 1 0 0 0 0 0 0 1 1 1 1 0 1 0 0 0 0 1 ]
d_11_12=2.823506596076 eijMax=2.938E-03 rmsd=2.171E-02 s=[ 0 0 0 1 1 1 0 0 1 1 1 1 1 0 1 0 0 1 1 0 0 0 0 0 0 0 1 1 1 0 0 1 0 0 0 0 1 ]
d_11_12=2.823506596076 eijMax=2.938E-03 rmsd=2.172E-02 s=[ 0 0 0 1 1 1 0 0 1 1 1 1 1 0 1 0 0 1 1 0 0 0 0 0 0 0 1 1 1 1 0 1 0 0 0 0 1 ]
d_11_12=2.823506596076 eijMax=2.938E-03 rmsd=1.571E-02 s=[ 0 0 0 1 1 1 0 0 1 1 1 1 1 0 1 0 0 1 1 1 0 0 0 0 0 0 1 1 1 0 0 1 0 0 0 0 1 ]
d_11_12=2.823506596076 eijMax=2.938E-03 rmsd=1.573E-02 s=[ 0 0 0 1 1 1 0 0 1 1 1 1 1 0 1 0 0 1 1 1 0 0 0 0 0 0 1 1 1 1 0 1 0 0 0 0 1 ]
d_11_12=2.823706796276 eijMax=2.180E-03 rmsd=1.892E-02 s=[ 0 0 0 1 1 1 0 0 1 1 1 1 1 0 1 0 0 1 1 0 0 0 0 0 0 0 1 1 1 0 0 1 0 0 0 0 1 ]
d_11_12=2.823706796276 eijMax=2.180E-03 rmsd=1.893E-02 s=[ 0 0 0 1 1 1 0 0 1 1 1 1 1 0 1 0 0 1 1 0 0 0 0 0 0 0 1 1 1 1 0 1 0 0 0 0 1 ]
d_11_12=2.823706796276 eijMax=2.180E-03 rmsd=1.169E-02 s=[ 0 0 0 1 1 1 0 0 1 1 1 1 1 0 1 0 0 1 1 1 0 0 0 0 0 0 1 1 1 0 0 1 0 0 0 0 1 ]
d_11_12=2.823706796276 eijMax=2.180E-03 rmsd=1.171E-02 s=[ 0 0 0 1 1 1 0 0 1 1 1 1 1 0 1 0 0 1 1 1 0 0 0 0 0 0 1 1 1 1 0 1 0 0 0 0 1 ]
d_11_12=2.823906996476 eijMax=1.428E-03 rmsd=1.666E-02 s=[ 0 0 0 1 1 1 0 0 1 1 1 1 1 0 1 0 0 1 1 0 0 0 0 0 0 0 1 1 1 0 0 1 0 0 0 0 1 ]
d_11_12=2.823906996476 eijMax=1.428E-03 rmsd=1.666E-02 s=[ 0 0 0 1 1 1 0 0 1 1 1 1 1 0 1 0 0 1 1 0 0 0 0 0 0 0 1 1 1 1 0 1 0 0 0 0 1 ]
d_11_12=2.823906996476 eijMax=1.428E-03 rmsd=7.683E-03 s=[ 0 0 0 1 1 1 0 0 1 1 1 1 1 0 1 0 0 1 1 1 0 0 0 0 0 0 1 1 1 0 0 1 0 0 0 0 1 ]
d_11_12=2.823906996476 eijMax=1.428E-03 rmsd=7.704E-03 s=[ 0 0 0 1 1 1 0 0 1 1 1 1 1 0 1 0 0 1 1 1 0 0 0 0 0 0 1 1 1 1 0 1 0 0 0 0 1 ]
d_11_12=2.824107196677 eijMax=6.823E-04 rmsd=1.514E-02 s=[ 0 0 0 1 1 1 0 0 1 1 1 1 1 0 1 0 0 1 1 0 0 0 0 0 0 0 1 1 1 0 0 1 0 0 0 0 1 ]
d_11_12=2.824107196677 eijMax=6.823E-04 rmsd=1.514E-02 s=[ 0 0 0 1 1 1 0 0 1 1 1 1 1 0 1 0 0 1 1 0 0 0 0 0 0 0 1 1 1 1 0 1 0 0 0 0 1 ]
d_11_12=2.824107196677 eijMax=6.823E-04 rmsd=3.694E-03 s=[ 0 0 0 1 1 1 0 0 1 1 1 1 1 0 1 0 0 1 1 1 0 0 0 0 0 0 1 1 1 0 0 1 0 0 0 0 1 ]
d_11_12=2.824107196677 eijMax=6.823E-04 rmsd=3.716E-03 s=[ 0 0 0 1 1 1 0 0 1 1 1 1 1 0 1 0 0 1 1 1 0 0 0 0 0 0 1 1 1 1 0 1 0 0 0 0 1 ]
d_11_12=2.824307396877 eijMax=7.037E-05 rmsd=1.459E-02 s=[ 0 0 0 1 1 1 0 0 1 1 1 1 1 0 1 0 0 1 1 0 0 0 0 0 0 0 1 1 1 0 0 1 0 0 0 0 1 ]
d_11_12=2.824307396877 eijMax=7.037E-05 rmsd=1.458E-02 s=[ 0 0 0 1 1 1 0 0 1 1 1 1 1 0 1 0 0 1 1 0 0 0 0 0 0 0 1 1 1 1 0 1 0 0 0 0 1 ]
d_11_12=2.824307396877 eijMax=5.726E-05 rmsd=3.446E-04 s=[ 0 0 0 1 1 1 0 0 1 1 1 1 1 0 1 0 0 1 1 1 0 0 0 0 0 0 1 1 1 0 0 1 0 0 0 0 1 ]
d_11_12=2.824307396877 eijMax=5.726E-05 rmsd=3.356E-04 s=[ 0 0 0 1 1 1 0 0 1 1 1 1 1 0 1 0 0 1 1 1 0 0 0 0 0 0 1 1 1 1 0 1 0 0 0 0 1 ]
d_11_12=2.824507597077 eijMax=7.908E-04 rmsd=1.509E-02 s=[ 0 0 0 1 1 1 0 0 1 1 1 1 1 0 1 0 0 1 1 0 0 0 0 0 0 0 1 1 1 0 0 1 0 0 0 0 1 ]
d_11_12=2.824507597077 eijMax=7.908E-04 rmsd=1.508E-02 s=[ 0 0 0 1 1 1 0 0 1 1 1 1 1 0 1 0 0 1 1 0 0 0 0 0 0 0 1 1 1 1 0 1 0 0 0 0 1 ]
d_11_12=2.824507597077 eijMax=7.908E-04 rmsd=4.250E-03 s=[ 0 0 0 1 1 1 0 0 1 1 1 1 1 0 1 0 0 1 1 1 0 0 0 0 0 0 1 1 1 0 0 1 0 0 0 0 1 ]
d_11_12=2.824507597077 eijMax=7.908E-04 rmsd=4.230E-03 s=[ 0 0 0 1 1 1 0 0 1 1 1 1 1 0 1 0 0 1 1 1 0 0 0 0 0 0 1 1 1 1 0 1 0 0 0 0 1 ]
d_11_12=2.824707797277 eijMax=1.518E-03 rmsd=1.655E-02 s=[ 0 0 0 1 1 1 0 0 1 1 1 1 1 0 1 0 0 1 1 0 0 0 0 0 0 0 1 1 1 0 0 1 0 0 0 0 1 ]
d_11_12=2.824707797277 eijMax=1.518E-03 rmsd=1.653E-02 s=[ 0 0 0 1 1 1 0 0 1 1 1 1 1 0 1 0 0 1 1 0 0 0 0 0 0 0 1 1 1 1 0 1 0 0 0 0 1 ]
d_11_12=2.824707797277 eijMax=1.518E-03 rmsd=8.192E-03 s=[ 0 0 0 1 1 1 0 0 1 1 1 1 1 0 1 0 0 1 1 1 0 0 0 0 0 0 1 1 1 0 0 1 0 0 0 0 1 ]
d_11_12=2.824707797277 eijMax=1.518E-03 rmsd=8.172E-03 s=[ 0 0 0 1 1 1 0 0 1 1 1 1 1 0 1 0 0 1 1 1 0 0 0 0 0 0 1 1 1 1 0 1 0 0 0 0 1 ]
d_11_12=2.824907997477 eijMax=2.240E-03 rmsd=1.873E-02 s=[ 0 0 0 1 1 1 0 0 1 1 1 1 1 0 1 0 0 1 1 0 0 0 0 0 0 0 1 1 1 0 0 1 0 0 0 0 1 ]
d_11_12=2.824907997477 eijMax=2.240E-03 rmsd=1.871E-02 s=[ 0 0 0 1 1 1 0 0 1 1 1 1 1 0 1 0 0 1 1 0 0 0 0 0 0 0 1 1 1 1 0 1 0 0 0 0 1 ]
d_11_12=2.824907997477 eijMax=2.240E-03 rmsd=1.212E-02 s=[ 0 0 0 1 1 1 0 0 1 1 1 1 1 0 1 0 0 1 1 1 0 0 0 0 0 0 1 1 1 0 0 1 0 0 0 0 1 ]
d_11_12=2.824907997477 eijMax=2.240E-03 rmsd=1.210E-02 s=[ 0 0 0 1 1 1 0 0 1 1 1 1 1 0 1 0 0 1 1 1 0 0 0 0 0 0 1 1 1 1 0 1 0 0 0 0 1 ]
d_11_12=2.825108197678 eijMax=2.956E-03 rmsd=2.141E-02 s=[ 0 0 0 1 1 1 0 0 1 1 1 1 1 0 1 0 0 1 1 0 0 0 0 0 0 0 1 1 1 0 0 1 0 0 0 0 1 ]
d_11_12=2.825108197678 eijMax=2.956E-03 rmsd=2.139E-02 s=[ 0 0 0 1 1 1 0 0 1 1 1 1 1 0 1 0 0 1 1 0 0 0 0 0 0 0 1 1 1 1 0 1 0 0 0 0 1 ]
d_11_12=2.825108197678 eijMax=2.956E-03 rmsd=1.604E-02 s=[ 0 0 0 1 1 1 0 0 1 1 1 1 1 0 1 0 0 1 1 1 0 0 0 0 0 0 1 1 1 0 0 1 0 0 0 0 1 ]
d_11_12=2.825108197678 eijMax=2.956E-03 rmsd=1.602E-02 s=[ 0 0 0 1 1 1 0 0 1 1 1 1 1 0 1 0 0 1 1 1 0 0 0 0 0 0 1 1 1 1 0 1 0 0 0 0 1 ]
d_11_12=2.825308397878 eijMax=3.666E-03 rmsd=2.441E-02 s=[ 0 0 0 1 1 1 0 0 1 1 1 1 1 0 1 0 0 1 1 0 0 0 0 0 0 0 1 1 1 0 0 1 0 0 0 0 1 ]
d_11_12=2.825308397878 eijMax=3.666E-03 rmsd=2.438E-02 s=[ 0 0 0 1 1 1 0 0 1 1 1 1 1 0 1 0 0 1 1 0 0 0 0 0 0 0 1 1 1 1 0 1 0 0 0 0 1 ]
d_11_12=2.825308397878 eijMax=3.666E-03 rmsd=1.994E-02 s=[ 0 0 0 1 1 1 0 0 1 1 1 1 1 0 1 0 0 1 1 1 0 0 0 0 0 0 1 1 1 0 0 1 0 0 0 0 1 ]
d_11_12=2.825308397878 eijMax=3.666E-03 rmsd=1.992E-02 s=[ 0 0 0 1 1 1 0 0 1 1 1 1 1 0 1 0 0 1 1 1 0 0 0 0 0 0 1 1 1 1 0 1 0 0 0 0 1 ]
d_11_12=2.825508598078 eijMax=4.370E-03 rmsd=2.762E-02 s=[ 0 0 0 1 1 1 0 0 1 1 1 1 1 0 1 0 0 1 1 0 0 0 0 0 0 0 1 1 1 0 0 1 0 0 0 0 1 ]
d_11_12=2.825508598078 eijMax=4.370E-03 rmsd=2.760E-02 s=[ 0 0 0 1 1 1 0 0 1 1 1 1 1 0 1 0 0 1 1 0 0 0 0 0 0 0 1 1 1 1 0 1 0 0 0 0 1 ]
d_11_12=2.825508598078 eijMax=4.370E-03 rmsd=2.382E-02 s=[ 0 0 0 1 1 1 0 0 1 1 1 1 1 0 1 0 0 1 1 1 0 0 0 0 0 0 1 1 1 0 0 1 0 0 0 0 1 ]
d_11_12=2.825508598078 eijMax=4.370E-03 rmsd=2.380E-02 s=[ 0 0 0 1 1 1 0 0 1 1 1 1 1 0 1 0 0 1 1 1 0 0 0 0 0 0 1 1 1 1 0 1 0 0 0 0 1 ]
d_11_12=2.825708798278 eijMax=5.069E-03 rmsd=3.098E-02 s=[ 0 0 0 1 1 1 0 0 1 1 1 1 1 0 1 0 0 1 1 0 0 0 0 0 0 0 1 1 1 0 0 1 0 0 0 0 1 ]
d_11_12=2.825708798278 eijMax=5.069E-03 rmsd=3.095E-02 s=[ 0 0 0 1 1 1 0 0 1 1 1 1 1 0 1 0 0 1 1 0 0 0 0 0 0 0 1 1 1 1 0 1 0 0 0 0 1 ]
d_11_12=2.825708798278 eijMax=5.069E-03 rmsd=2.769E-02 s=[ 0 0 0 1 1 1 0 0 1 1 1 1 1 0 1 0 0 1 1 1 0 0 0 0 0 0 1 1 1 0 0 1 0 0 0 0 1 ]
d_11_12=2.825708798278 eijMax=5.069E-03 rmsd=2.767E-02 s=[ 0 0 0 1 1 1 0 0 1 1 1 1 1 0 1 0 0 1 1 1 0 0 0 0 0 0 1 1 1 1 0 1 0 0 0 0 1 ]
d_11_12=2.825908998478 eijMax=5.763E-03 rmsd=3.443E-02 s=[ 0 0 0 1 1 1 0 0 1 1 1 1 1 0 1 0 0 1 1 0 0 0 0 0 0 0 1 1 1 0 0 1 0 0 0 0 1 ]
d_11_12=2.825908998478 eijMax=5.763E-03 rmsd=3.441E-02 s=[ 0 0 0 1 1 1 0 0 1 1 1 1 1 0 1 0 0 1 1 0 0 0 0 0 0 0 1 1 1 1 0 1 0 0 0 0 1 ]
d_11_12=2.825908998478 eijMax=5.763E-03 rmsd=3.155E-02 s=[ 0 0 0 1 1 1 0 0 1 1 1 1 1 0 1 0 0 1 1 1 0 0 0 0 0 0 1 1 1 0 0 1 0 0 0 0 1 ]
d_11_12=2.825908998478 eijMax=5.763E-03 rmsd=3.153E-02 s=[ 0 0 0 1 1 1 0 0 1 1 1 1 1 0 1 0 0 1 1 1 0 0 0 0 0 0 1 1 1 1 0 1 0 0 0 0 1 ]
d_11_12=2.826109198679 eijMax=6.451E-03 rmsd=3.795E-02 s=[ 0 0 0 1 1 1 0 0 1 1 1 1 1 0 1 0 0 1 1 0 0 0 0 0 0 0 1 1 1 0 0 1 0 0 0 0 1 ]
d_11_12=2.826109198679 eijMax=6.451E-03 rmsd=3.793E-02 s=[ 0 0 0 1 1 1 0 0 1 1 1 1 1 0 1 0 0 1 1 0 0 0 0 0 0 0 1 1 1 1 0 1 0 0 0 0 1 ]
d_11_12=2.826109198679 eijMax=6.451E-03 rmsd=3.540E-02 s=[ 0 0 0 1 1 1 0 0 1 1 1 1 1 0 1 0 0 1 1 1 0 0 0 0 0 0 1 1 1 0 0 1 0 0 0 0 1 ]
d_11_12=2.826109198679 eijMax=6.451E-03 rmsd=3.538E-02 s=[ 0 0 0 1 1 1 0 0 1 1 1 1 1 0 1 0 0 1 1 1 0 0 0 0 0 0 1 1 1 1 0 1 0 0 0 0 1 ]
d_11_12=2.826309398879 eijMax=7.133E-03 rmsd=4.151E-02 s=[ 0 0 0 1 1 1 0 0 1 1 1 1 1 0 1 0 0 1 1 0 0 0 0 0 0 0 1 1 1 0 0 1 0 0 0 0 1 ]
d_11_12=2.826309398879 eijMax=7.133E-03 rmsd=4.149E-02 s=[ 0 0 0 1 1 1 0 0 1 1 1 1 1 0 1 0 0 1 1 0 0 0 0 0 0 0 1 1 1 1 0 1 0 0 0 0 1 ]
d_11_12=2.826309398879 eijMax=7.133E-03 rmsd=3.923E-02 s=[ 0 0 0 1 1 1 0 0 1 1 1 1 1 0 1 0 0 1 1 1 0 0 0 0 0 0 1 1 1 0 0 1 0 0 0 0 1 ]
d_11_12=2.826309398879 eijMax=7.133E-03 rmsd=3.921E-02 s=[ 0 0 0 1 1 1 0 0 1 1 1 1 1 0 1 0 0 1 1 1 0 0 0 0 0 0 1 1 1 1 0 1 0 0 0 0 1 ]
d_11_12=2.826509599079 eijMax=7.810E-03 rmsd=4.511E-02 s=[ 0 0 0 1 1 1 0 0 1 1 1 1 1 0 1 0 0 1 1 0 0 0 0 0 0 0 1 1 1 0 0 1 0 0 0 0 1 ]
d_11_12=2.826509599079 eijMax=7.810E-03 rmsd=4.509E-02 s=[ 0 0 0 1 1 1 0 0 1 1 1 1 1 0 1 0 0 1 1 0 0 0 0 0 0 0 1 1 1 1 0 1 0 0 0 0 1 ]
d_11_12=2.826509599079 eijMax=7.810E-03 rmsd=4.305E-02 s=[ 0 0 0 1 1 1 0 0 1 1 1 1 1 0 1 0 0 1 1 1 0 0 0 0 0 0 1 1 1 0 0 1 0 0 0 0 1 ]
d_11_12=2.826509599079 eijMax=7.810E-03 rmsd=4.303E-02 s=[ 0 0 0 1 1 1 0 0 1 1 1 1 1 0 1 0 0 1 1 1 0 0 0 0 0 0 1 1 1 1 0 1 0 0 0 0 1 ]
d_11_12=2.826709799279 eijMax=8.482E-03 rmsd=4.873E-02 s=[ 0 0 0 1 1 1 0 0 1 1 1 1 1 0 1 0 0 1 1 0 0 0 0 0 0 0 1 1 1 0 0 1 0 0 0 0 1 ]
d_11_12=2.826709799279 eijMax=8.482E-03 rmsd=4.870E-02 s=[ 0 0 0 1 1 1 0 0 1 1 1 1 1 0 1 0 0 1 1 0 0 0 0 0 0 0 1 1 1 1 0 1 0 0 0 0 1 ]
d_11_12=2.826709799279 eijMax=8.482E-03 rmsd=4.686E-02 s=[ 0 0 0 1 1 1 0 0 1 1 1 1 1 0 1 0 0 1 1 1 0 0 0 0 0 0 1 1 1 0 0 1 0 0 0 0 1 ]
d_11_12=2.826709799279 eijMax=8.482E-03 rmsd=4.684E-02 s=[ 0 0 0 1 1 1 0 0 1 1 1 1 1 0 1 0 0 1 1 1 0 0 0 0 0 0 1 1 1 1 0 1 0 0 0 0 1 ]
d_11_12=2.826909999479 eijMax=9.149E-03 rmsd=5.236E-02 s=[ 0 0 0 1 1 1 0 0 1 1 1 1 1 0 1 0 0 1 1 0 0 0 0 0 0 0 1 1 1 0 0 1 0 0 0 0 1 ]
d_11_12=2.826909999479 eijMax=9.149E-03 rmsd=5.234E-02 s=[ 0 0 0 1 1 1 0 0 1 1 1 1 1 0 1 0 0 1 1 0 0 0 0 0 0 0 1 1 1 1 0 1 0 0 0 0 1 ]
d_11_12=2.826909999479 eijMax=9.149E-03 rmsd=5.065E-02 s=[ 0 0 0 1 1 1 0 0 1 1 1 1 1 0 1 0 0 1 1 1 0 0 0 0 0 0 1 1 1 0 0 1 0 0 0 0 1 ]
d_11_12=2.826909999479 eijMax=9.149E-03 rmsd=5.063E-02 s=[ 0 0 0 1 1 1 0 0 1 1 1 1 1 0 1 0 0 1 1 1 0 0 0 0 0 0 1 1 1 1 0 1 0 0 0 0 1 ]
d_11_12=2.827110199680 eijMax=9.811E-03 rmsd=5.600E-02 s=[ 0 0 0 1 1 1 0 0 1 1 1 1 1 0 1 0 0 1 1 0 0 0 0 0 0 0 1 1 1 0 0 1 0 0 0 0 1 ]
d_11_12=2.827110199680 eijMax=9.811E-03 rmsd=5.598E-02 s=[ 0 0 0 1 1 1 0 0 1 1 1 1 1 0 1 0 0 1 1 0 0 0 0 0 0 0 1 1 1 1 0 1 0 0 0 0 1 ]
d_11_12=2.827110199680 eijMax=9.811E-03 rmsd=5.443E-02 s=[ 0 0 0 1 1 1 0 0 1 1 1 1 1 0 1 0 0 1 1 1 0 0 0 0 0 0 1 1 1 0 0 1 0 0 0 0 1 ]
d_11_12=2.827110199680 eijMax=9.811E-03 rmsd=5.441E-02 s=[ 0 0 0 1 1 1 0 0 1 1 1 1 1 0 1 0 0 1 1 1 0 0 0 0 0 0 1 1 1 1 0 1 0 0 0 0 1 ]
d_11_12=2.821904994474 eijMax=9.242E-03 rmsd=5.105E-02 s=[ 0 0 0 1 1 1 1 0 1 1 1 1 1 0 1 0 0 1 1 0 0 0 0 0 0 0 1 1 1 0 0 1 0 0 0 0 1 ]
d_11_12=2.821904994474 eijMax=9.242E-03 rmsd=5.106E-02 s=[ 0 0 0 1 1 1 1 0 1 1 1 1 1 0 1 0 0 1 1 0 0 0 0 0 0 0 1 1 1 1 0 1 0 0 0 0 1 ]
d_11_12=2.821904994474 eijMax=9.242E-03 rmsd=4.854E-02 s=[ 0 0 0 1 1 1 1 0 1 1 1 1 1 0 1 0 0 1 1 1 0 0 0 0 0 0 1 1 1 0 0 1 0 0 0 0 1 ]
d_11_12=2.821904994474 eijMax=9.242E-03 rmsd=4.857E-02 s=[ 0 0 0 1 1 1 1 0 1 1 1 1 1 0 1 0 0 1 1 1 0 0 0 0 0 0 1 1 1 1 0 1 0 0 0 0 1 ]
d_11_12=2.822105194675 eijMax=8.430E-03 rmsd=4.707E-02 s=[ 0 0 0 1 1 1 1 0 1 1 1 1 1 0 1 0 0 1 1 0 0 0 0 0 0 0 1 1 1 0 0 1 0 0 0 0 1 ]
d_11_12=2.822105194675 eijMax=8.430E-03 rmsd=4.709E-02 s=[ 0 0 0 1 1 1 1 0 1 1 1 1 1 0 1 0 0 1 1 0 0 0 0 0 0 0 1 1 1 1 0 1 0 0 0 0 1 ]
d_11_12=2.822105194675 eijMax=8.430E-03 rmsd=4.438E-02 s=[ 0 0 0 1 1 1 1 0 1 1 1 1 1 0 1 0 0 1 1 1 0 0 0 0 0 0 1 1 1 0 0 1 0 0 0 0 1 ]
d_11_12=2.822105194675 eijMax=8.430E-03 rmsd=4.440E-02 s=[ 0 0 0 1 1 1 1 0 1 1 1 1 1 0 1 0 0 1 1 1 0 0 0 0 0 0 1 1 1 1 0 1 0 0 0 0 1 ]
d_11_12=2.822305394875 eijMax=7.625E-03 rmsd=4.314E-02 s=[ 0 0 0 1 1 1 1 0 1 1 1 1 1 0 1 0 0 1 1 0 0 0 0 0 0 0 1 1 1 0 0 1 0 0 0 0 1 ]
d_11_12=2.822305394875 eijMax=7.625E-03 rmsd=4.316E-02 s=[ 0 0 0 1 1 1 1 0 1 1 1 1 1 0 1 0 0 1 1 0 0 0 0 0 0 0 1 1 1 1 0 1 0 0 0 0 1 ]
d_11_12=2.822305394875 eijMax=7.625E-03 rmsd=4.023E-02 s=[ 0 0 0 1 1 1 1 0 1 1 1 1 1 0 1 0 0 1 1 1 0 0 0 0 0 0 1 1 1 0 0 1 0 0 0 0 1 ]
d_11_12=2.822305394875 eijMax=7.625E-03 rmsd=4.025E-02 s=[ 0 0 0 1 1 1 1 0 1 1 1 1 1 0 1 0 0 1 1 1 0 0 0 0 0 0 1 1 1 1 0 1 0 0 0 0 1 ]
d_11_12=2.822505595075 eijMax=6.827E-03 rmsd=3.928E-02 s=[ 0 0 0 1 1 1 1 0 1 1 1 1 1 0 1 0 0 1 1 0 0 0 0 0 0 0 1 1 1 0 0 1 0 0 0 0 1 ]
d_11_12=2.822505595075 eijMax=6.827E-03 rmsd=3.930E-02 s=[ 0 0 0 1 1 1 1 0 1 1 1 1 1 0 1 0 0 1 1 0 0 0 0 0 0 0 1 1 1 1 0 1 0 0 0 0 1 ]
d_11_12=2.822505595075 eijMax=6.827E-03 rmsd=3.610E-02 s=[ 0 0 0 1 1 1 1 0 1 1 1 1 1 0 1 0 0 1 1 1 0 0 0 0 0 0 1 1 1 0 0 1 0 0 0 0 1 ]
d_11_12=2.822505595075 eijMax=6.827E-03 rmsd=3.612E-02 s=[ 0 0 0 1 1 1 1 0 1 1 1 1 1 0 1 0 0 1 1 1 0 0 0 0 0 0 1 1 1 1 0 1 0 0 0 0 1 ]
d_11_12=2.822705795275 eijMax=6.036E-03 rmsd=3.550E-02 s=[ 0 0 0 1 1 1 1 0 1 1 1 1 1 0 1 0 0 1 1 0 0 0 0 0 0 0 1 1 1 0 0 1 0 0 0 0 1 ]
d_11_12=2.822705795275 eijMax=6.036E-03 rmsd=3.551E-02 s=[ 0 0 0 1 1 1 1 0 1 1 1 1 1 0 1 0 0 1 1 0 0 0 0 0 0 0 1 1 1 1 0 1 0 0 0 0 1 ]
d_11_12=2.822705795275 eijMax=6.036E-03 rmsd=3.199E-02 s=[ 0 0 0 1 1 1 1 0 1 1 1 1 1 0 1 0 0 1 1 1 0 0 0 0 0 0 1 1 1 0 0 1 0 0 0 0 1 ]
d_11_12=2.822705795275 eijMax=6.036E-03 rmsd=3.201E-02 s=[ 0 0 0 1 1 1 1 0 1 1 1 1 1 0 1 0 0 1 1 1 0 0 0 0 0 0 1 1 1 1 0 1 0 0 0 0 1 ]
d_11_12=2.822905995475 eijMax=5.252E-03 rmsd=3.181E-02 s=[ 0 0 0 1 1 1 1 0 1 1 1 1 1 0 1 0 0 1 1 0 0 0 0 0 0 0 1 1 1 0 0 1 0 0 0 0 1 ]
d_11_12=2.822905995475 eijMax=5.252E-03 rmsd=3.183E-02 s=[ 0 0 0 1 1 1 1 0 1 1 1 1 1 0 1 0 0 1 1 0 0 0 0 0 0 0 1 1 1 1 0 1 0 0 0 0 1 ]
d_11_12=2.822905995475 eijMax=5.252E-03 rmsd=2.790E-02 s=[ 0 0 0 1 1 1 1 0 1 1 1 1 1 0 1 0 0 1 1 1 0 0 0 0 0 0 1 1 1 0 0 1 0 0 0 0 1 ]
d_11_12=2.822905995475 eijMax=5.252E-03 rmsd=2.792E-02 s=[ 0 0 0 1 1 1 1 0 1 1 1 1 1 0 1 0 0 1 1 1 0 0 0 0 0 0 1 1 1 1 0 1 0 0 0 0 1 ]
d_11_12=2.823106195676 eijMax=4.474E-03 rmsd=2.825E-02 s=[ 0 0 0 1 1 1 1 0 1 1 1 1 1 0 1 0 0 1 1 0 0 0 0 0 0 0 1 1 1 0 0 1 0 0 0 0 1 ]
d_11_12=2.823106195676 eijMax=4.474E-03 rmsd=2.827E-02 s=[ 0 0 0 1 1 1 1 0 1 1 1 1 1 0 1 0 0 1 1 0 0 0 0 0 0 0 1 1 1 1 0 1 0 0 0 0 1 ]
d_11_12=2.823106195676 eijMax=4.474E-03 rmsd=2.383E-02 s=[ 0 0 0 1 1 1 1 0 1 1 1 1 1 0 1 0 0 1 1 1 0 0 0 0 0 0 1 1 1 0 0 1 0 0 0 0 1 ]
d_11_12=2.823106195676 eijMax=4.474E-03 rmsd=2.385E-02 s=[ 0 0 0 1 1 1 1 0 1 1 1 1 1 0 1 0 0 1 1 1 0 0 0 0 0 0 1 1 1 1 0 1 0 0 0 0 1 ]
d_11_12=2.823306395876 eijMax=3.703E-03 rmsd=2.487E-02 s=[ 0 0 0 1 1 1 1 0 1 1 1 1 1 0 1 0 0 1 1 0 0 0 0 0 0 0 1 1 1 0 0 1 0 0 0 0 1 ]
d_11_12=2.823306395876 eijMax=3.703E-03 rmsd=2.488E-02 s=[ 0 0 0 1 1 1 1 0 1 1 1 1 1 0 1 0 0 1 1 0 0 0 0 0 0 0 1 1 1 1 0 1 0 0 0 0 1 ]
d_11_12=2.823306395876 eijMax=3.703E-03 rmsd=1.977E-02 s=[ 0 0 0 1 1 1 1 0 1 1 1 1 1 0 1 0 0 1 1 1 0 0 0 0 0 0 1 1 1 0 0 1 0 0 0 0 1 ]
d_11_12=2.823306395876 eijMax=3.703E-03 rmsd=1.979E-02 s=[ 0 0 0 1 1 1 1 0 1 1 1 1 1 0 1 0 0 1 1 1 0 0 0 0 0 0 1 1 1 1 0 1 0 0 0 0 1 ]
d_11_12=2.823506596076 eijMax=2.938E-03 rmsd=2.172E-02 s=[ 0 0 0 1 1 1 1 0 1 1 1 1 1 0 1 0 0 1 1 0 0 0 0 0 0 0 1 1 1 0 0 1 0 0 0 0 1 ]
d_11_12=2.823506596076 eijMax=2.938E-03 rmsd=2.173E-02 s=[ 0 0 0 1 1 1 1 0 1 1 1 1 1 0 1 0 0 1 1 0 0 0 0 0 0 0 1 1 1 1 0 1 0 0 0 0 1 ]
d_11_12=2.823506596076 eijMax=2.938E-03 rmsd=1.573E-02 s=[ 0 0 0 1 1 1 1 0 1 1 1 1 1 0 1 0 0 1 1 1 0 0 0 0 0 0 1 1 1 0 0 1 0 0 0 0 1 ]
d_11_12=2.823506596076 eijMax=2.938E-03 rmsd=1.575E-02 s=[ 0 0 0 1 1 1 1 0 1 1 1 1 1 0 1 0 0 1 1 1 0 0 0 0 0 0 1 1 1 1 0 1 0 0 0 0 1 ]
d_11_12=2.823706796276 eijMax=2.180E-03 rmsd=1.893E-02 s=[ 0 0 0 1 1 1 1 0 1 1 1 1 1 0 1 0 0 1 1 0 0 0 0 0 0 0 1 1 1 0 0 1 0 0 0 0 1 ]
d_11_12=2.823706796276 eijMax=2.180E-03 rmsd=1.894E-02 s=[ 0 0 0 1 1 1 1 0 1 1 1 1 1 0 1 0 0 1 1 0 0 0 0 0 0 0 1 1 1 1 0 1 0 0 0 0 1 ]
d_11_12=2.823706796276 eijMax=2.180E-03 rmsd=1.171E-02 s=[ 0 0 0 1 1 1 1 0 1 1 1 1 1 0 1 0 0 1 1 1 0 0 0 0 0 0 1 1 1 0 0 1 0 0 0 0 1 ]
d_11_12=2.823706796276 eijMax=2.180E-03 rmsd=1.173E-02 s=[ 0 0 0 1 1 1 1 0 1 1 1 1 1 0 1 0 0 1 1 1 0 0 0 0 0 0 1 1 1 1 0 1 0 0 0 0 1 ]
d_11_12=2.823906996476 eijMax=1.428E-03 rmsd=1.667E-02 s=[ 0 0 0 1 1 1 1 0 1 1 1 1 1 0 1 0 0 1 1 0 0 0 0 0 0 0 1 1 1 0 0 1 0 0 0 0 1 ]
d_11_12=2.823906996476 eijMax=1.428E-03 rmsd=1.667E-02 s=[ 0 0 0 1 1 1 1 0 1 1 1 1 1 0 1 0 0 1 1 0 0 0 0 0 0 0 1 1 1 1 0 1 0 0 0 0 1 ]
d_11_12=2.823906996476 eijMax=1.428E-03 rmsd=7.700E-03 s=[ 0 0 0 1 1 1 1 0 1 1 1 1 1 0 1 0 0 1 1 1 0 0 0 0 0 0 1 1 1 0 0 1 0 0 0 0 1 ]
d_11_12=2.823906996476 eijMax=1.428E-03 rmsd=7.721E-03 s=[ 0 0 0 1 1 1 1 0 1 1 1 1 1 0 1 0 0 1 1 1 0 0 0 0 0 0 1 1 1 1 0 1 0 0 0 0 1 ]
d_11_12=2.824107196677 eijMax=6.823E-04 rmsd=1.514E-02 s=[ 0 0 0 1 1 1 1 0 1 1 1 1 1 0 1 0 0 1 1 0 0 0 0 0 0 0 1 1 1 0 0 1 0 0 0 0 1 ]
d_11_12=2.824107196677 eijMax=6.823E-04 rmsd=1.514E-02 s=[ 0 0 0 1 1 1 1 0 1 1 1 1 1 0 1 0 0 1 1 0 0 0 0 0 0 0 1 1 1 1 0 1 0 0 0 0 1 ]
d_11_12=2.824107196677 eijMax=6.823E-04 rmsd=3.711E-03 s=[ 0 0 0 1 1 1 1 0 1 1 1 1 1 0 1 0 0 1 1 1 0 0 0 0 0 0 1 1 1 0 0 1 0 0 0 0 1 ]
d_11_12=2.824107196677 eijMax=6.823E-04 rmsd=3.733E-03 s=[ 0 0 0 1 1 1 1 0 1 1 1 1 1 0 1 0 0 1 1 1 0 0 0 0 0 0 1 1 1 1 0 1 0 0 0 0 1 ]
d_11_12=2.824307396877 eijMax=7.037E-05 rmsd=1.459E-02 s=[ 0 0 0 1 1 1 1 0 1 1 1 1 1 0 1 0 0 1 1 0 0 0 0 0 0 0 1 1 1 0 0 1 0 0 0 0 1 ]
d_11_12=2.824307396877 eijMax=7.037E-05 rmsd=1.458E-02 s=[ 0 0 0 1 1 1 1 0 1 1 1 1 1 0 1 0 0 1 1 0 0 0 0 0 0 0 1 1 1 1 0 1 0 0 0 0 1 ]
d_11_12=2.824307396877 eijMax=5.726E-05 rmsd=3.314E-04 s=[ 0 0 0 1 1 1 1 0 1 1 1 1 1 0 1 0 0 1 1 1 0 0 0 0 0 0 1 1 1 0 0 1 0 0 0 0 1 ]
d_11_12=2.824307396877 eijMax=5.726E-05 rmsd=3.200E-04 s=[ 0 0 0 1 1 1 1 0 1 1 1 1 1 0 1 0 0 1 1 1 0 0 0 0 0 0 1 1 1 1 0 1 0 0 0 0 1 ]
d_11_12=2.824507597077 eijMax=7.908E-04 rmsd=1.509E-02 s=[ 0 0 0 1 1 1 1 0 1 1 1 1 1 0 1 0 0 1 1 0 0 0 0 0 0 0 1 1 1 0 0 1 0 0 0 0 1 ]
d_11_12=2.824507597077 eijMax=7.908E-04 rmsd=1.507E-02 s=[ 0 0 0 1 1 1 1 0 1 1 1 1 1 0 1 0 0 1 1 0 0 0 0 0 0 0 1 1 1 1 0 1 0 0 0 0 1 ]
d_11_12=2.824507597077 eijMax=7.908E-04 rmsd=4.233E-03 s=[ 0 0 0 1 1 1 1 0 1 1 1 1 1 0 1 0 0 1 1 1 0 0 0 0 0 0 1 1 1 0 0 1 0 0 0 0 1 ]
d_11_12=2.824507597077 eijMax=7.908E-04 rmsd=4.213E-03 s=[ 0 0 0 1 1 1 1 0 1 1 1 1 1 0 1 0 0 1 1 1 0 0 0 0 0 0 1 1 1 1 0 1 0 0 0 0 1 ]
d_11_12=2.824707797277 eijMax=1.518E-03 rmsd=1.654E-02 s=[ 0 0 0 1 1 1 1 0 1 1 1 1 1 0 1 0 0 1 1 0 0 0 0 0 0 0 1 1 1 0 0 1 0 0 0 0 1 ]
d_11_12=2.824707797277 eijMax=1.518E-03 rmsd=1.653E-02 s=[ 0 0 0 1 1 1 1 0 1 1 1 1 1 0 1 0 0 1 1 0 0 0 0 0 0 0 1 1 1 1 0 1 0 0 0 0 1 ]
d_11_12=2.824707797277 eijMax=1.518E-03 rmsd=8.176E-03 s=[ 0 0 0 1 1 1 1 0 1 1 1 1 1 0 1 0 0 1 1 1 0 0 0 0 0 0 1 1 1 0 0 1 0 0 0 0 1 ]
d_11_12=2.824707797277 eijMax=1.518E-03 rmsd=8.155E-03 s=[ 0 0 0 1 1 1 1 0 1 1 1 1 1 0 1 0 0 1 1 1 0 0 0 0 0 0 1 1 1 1 0 1 0 0 0 0 1 ]
d_11_12=2.824907997477 eijMax=2.240E-03 rmsd=1.872E-02 s=[ 0 0 0 1 1 1 1 0 1 1 1 1 1 0 1 0 0 1 1 0 0 0 0 0 0 0 1 1 1 0 0 1 0 0 0 0 1 ]
d_11_12=2.824907997477 eijMax=2.240E-03 rmsd=1.870E-02 s=[ 0 0 0 1 1 1 1 0 1 1 1 1 1 0 1 0 0 1 1 0 0 0 0 0 0 0 1 1 1 1 0 1 0 0 0 0 1 ]
d_11_12=2.824907997477 eijMax=2.240E-03 rmsd=1.210E-02 s=[ 0 0 0 1 1 1 1 0 1 1 1 1 1 0 1 0 0 1 1 1 0 0 0 0 0 0 1 1 1 0 0 1 0 0 0 0 1 ]
d_11_12=2.824907997477 eijMax=2.240E-03 rmsd=1.208E-02 s=[ 0 0 0 1 1 1 1 0 1 1 1 1 1 0 1 0 0 1 1 1 0 0 0 0 0 0 1 1 1 1 0 1 0 0 0 0 1 ]
d_11_12=2.825108197678 eijMax=2.956E-03 rmsd=2.139E-02 s=[ 0 0 0 1 1 1 1 0 1 1 1 1 1 0 1 0 0 1 1 0 0 0 0 0 0 0 1 1 1 0 0 1 0 0 0 0 1 ]
d_11_12=2.825108197678 eijMax=2.956E-03 rmsd=2.137E-02 s=[ 0 0 0 1 1 1 1 0 1 1 1 1 1 0 1 0 0 1 1 0 0 0 0 0 0 0 1 1 1 1 0 1 0 0 0 0 1 ]
d_11_12=2.825108197678 eijMax=2.956E-03 rmsd=1.602E-02 s=[ 0 0 0 1 1 1 1 0 1 1 1 1 1 0 1 0 0 1 1 1 0 0 0 0 0 0 1 1 1 0 0 1 0 0 0 0 1 ]
d_11_12=2.825108197678 eijMax=2.956E-03 rmsd=1.600E-02 s=[ 0 0 0 1 1 1 1 0 1 1 1 1 1 0 1 0 0 1 1 1 0 0 0 0 0 0 1 1 1 1 0 1 0 0 0 0 1 ]
d_11_12=2.825308397878 eijMax=3.666E-03 rmsd=2.439E-02 s=[ 0 0 0 1 1 1 1 0 1 1 1 1 1 0 1 0 0 1 1 0 0 0 0 0 0 0 1 1 1 0 0 1 0 0 0 0 1 ]
d_11_12=2.825308397878 eijMax=3.666E-03 rmsd=2.437E-02 s=[ 0 0 0 1 1 1 1 0 1 1 1 1 1 0 1 0 0 1 1 0 0 0 0 0 0 0 1 1 1 1 0 1 0 0 0 0 1 ]
d_11_12=2.825308397878 eijMax=3.666E-03 rmsd=1.992E-02 s=[ 0 0 0 1 1 1 1 0 1 1 1 1 1 0 1 0 0 1 1 1 0 0 0 0 0 0 1 1 1 0 0 1 0 0 0 0 1 ]
d_11_12=2.825308397878 eijMax=3.666E-03 rmsd=1.990E-02 s=[ 0 0 0 1 1 1 1 0 1 1 1 1 1 0 1 0 0 1 1 1 0 0 0 0 0 0 1 1 1 1 0 1 0 0 0 0 1 ]
d_11_12=2.825508598078 eijMax=4.370E-03 rmsd=2.761E-02 s=[ 0 0 0 1 1 1 1 0 1 1 1 1 1 0 1 0 0 1 1 0 0 0 0 0 0 0 1 1 1 0 0 1 0 0 0 0 1 ]
d_11_12=2.825508598078 eijMax=4.370E-03 rmsd=2.758E-02 s=[ 0 0 0 1 1 1 1 0 1 1 1 1 1 0 1 0 0 1 1 0 0 0 0 0 0 0 1 1 1 1 0 1 0 0 0 0 1 ]
d_11_12=2.825508598078 eijMax=4.370E-03 rmsd=2.380E-02 s=[ 0 0 0 1 1 1 1 0 1 1 1 1 1 0 1 0 0 1 1 1 0 0 0 0 0 0 1 1 1 0 0 1 0 0 0 0 1 ]
d_11_12=2.825508598078 eijMax=4.370E-03 rmsd=2.378E-02 s=[ 0 0 0 1 1 1 1 0 1 1 1 1 1 0 1 0 0 1 1 1 0 0 0 0 0 0 1 1 1 1 0 1 0 0 0 0 1 ]
d_11_12=2.825708798278 eijMax=5.069E-03 rmsd=3.096E-02 s=[ 0 0 0 1 1 1 1 0 1 1 1 1 1 0 1 0 0 1 1 0 0 0 0 0 0 0 1 1 1 0 0 1 0 0 0 0 1 ]
d_11_12=2.825708798278 eijMax=5.069E-03 rmsd=3.094E-02 s=[ 0 0 0 1 1 1 1 0 1 1 1 1 1 0 1 0 0 1 1 0 0 0 0 0 0 0 1 1 1 1 0 1 0 0 0 0 1 ]
d_11_12=2.825708798278 eijMax=5.069E-03 rmsd=2.768E-02 s=[ 0 0 0 1 1 1 1 0 1 1 1 1 1 0 1 0 0 1 1 1 0 0 0 0 0 0 1 1 1 0 0 1 0 0 0 0 1 ]
d_11_12=2.825708798278 eijMax=5.069E-03 rmsd=2.766E-02 s=[ 0 0 0 1 1 1 1 0 1 1 1 1 1 0 1 0 0 1 1 1 0 0 0 0 0 0 1 1 1 1 0 1 0 0 0 0 1 ]
d_11_12=2.825908998478 eijMax=5.763E-03 rmsd=3.441E-02 s=[ 0 0 0 1 1 1 1 0 1 1 1 1 1 0 1 0 0 1 1 0 0 0 0 0 0 0 1 1 1 0 0 1 0 0 0 0 1 ]
d_11_12=2.825908998478 eijMax=5.763E-03 rmsd=3.439E-02 s=[ 0 0 0 1 1 1 1 0 1 1 1 1 1 0 1 0 0 1 1 0 0 0 0 0 0 0 1 1 1 1 0 1 0 0 0 0 1 ]
d_11_12=2.825908998478 eijMax=5.763E-03 rmsd=3.154E-02 s=[ 0 0 0 1 1 1 1 0 1 1 1 1 1 0 1 0 0 1 1 1 0 0 0 0 0 0 1 1 1 0 0 1 0 0 0 0 1 ]
d_11_12=2.825908998478 eijMax=5.763E-03 rmsd=3.152E-02 s=[ 0 0 0 1 1 1 1 0 1 1 1 1 1 0 1 0 0 1 1 1 0 0 0 0 0 0 1 1 1 1 0 1 0 0 0 0 1 ]
d_11_12=2.826109198679 eijMax=6.451E-03 rmsd=3.793E-02 s=[ 0 0 0 1 1 1 1 0 1 1 1 1 1 0 1 0 0 1 1 0 0 0 0 0 0 0 1 1 1 0 0 1 0 0 0 0 1 ]
d_11_12=2.826109198679 eijMax=6.451E-03 rmsd=3.791E-02 s=[ 0 0 0 1 1 1 1 0 1 1 1 1 1 0 1 0 0 1 1 0 0 0 0 0 0 0 1 1 1 1 0 1 0 0 0 0 1 ]
d_11_12=2.826109198679 eijMax=6.451E-03 rmsd=3.538E-02 s=[ 0 0 0 1 1 1 1 0 1 1 1 1 1 0 1 0 0 1 1 1 0 0 0 0 0 0 1 1 1 0 0 1 0 0 0 0 1 ]
d_11_12=2.826109198679 eijMax=6.451E-03 rmsd=3.536E-02 s=[ 0 0 0 1 1 1 1 0 1 1 1 1 1 0 1 0 0 1 1 1 0 0 0 0 0 0 1 1 1 1 0 1 0 0 0 0 1 ]
d_11_12=2.826309398879 eijMax=7.133E-03 rmsd=4.150E-02 s=[ 0 0 0 1 1 1 1 0 1 1 1 1 1 0 1 0 0 1 1 0 0 0 0 0 0 0 1 1 1 0 0 1 0 0 0 0 1 ]
d_11_12=2.826309398879 eijMax=7.133E-03 rmsd=4.147E-02 s=[ 0 0 0 1 1 1 1 0 1 1 1 1 1 0 1 0 0 1 1 0 0 0 0 0 0 0 1 1 1 1 0 1 0 0 0 0 1 ]
d_11_12=2.826309398879 eijMax=7.133E-03 rmsd=3.921E-02 s=[ 0 0 0 1 1 1 1 0 1 1 1 1 1 0 1 0 0 1 1 1 0 0 0 0 0 0 1 1 1 0 0 1 0 0 0 0 1 ]
d_11_12=2.826309398879 eijMax=7.133E-03 rmsd=3.919E-02 s=[ 0 0 0 1 1 1 1 0 1 1 1 1 1 0 1 0 0 1 1 1 0 0 0 0 0 0 1 1 1 1 0 1 0 0 0 0 1 ]
d_11_12=2.826509599079 eijMax=7.810E-03 rmsd=4.509E-02 s=[ 0 0 0 1 1 1 1 0 1 1 1 1 1 0 1 0 0 1 1 0 0 0 0 0 0 0 1 1 1 0 0 1 0 0 0 0 1 ]
d_11_12=2.826509599079 eijMax=7.810E-03 rmsd=4.507E-02 s=[ 0 0 0 1 1 1 1 0 1 1 1 1 1 0 1 0 0 1 1 0 0 0 0 0 0 0 1 1 1 1 0 1 0 0 0 0 1 ]
d_11_12=2.826509599079 eijMax=7.810E-03 rmsd=4.303E-02 s=[ 0 0 0 1 1 1 1 0 1 1 1 1 1 0 1 0 0 1 1 1 0 0 0 0 0 0 1 1 1 0 0 1 0 0 0 0 1 ]
d_11_12=2.826509599079 eijMax=7.810E-03 rmsd=4.301E-02 s=[ 0 0 0 1 1 1 1 0 1 1 1 1 1 0 1 0 0 1 1 1 0 0 0 0 0 0 1 1 1 1 0 1 0 0 0 0 1 ]
d_11_12=2.826709799279 eijMax=8.482E-03 rmsd=4.871E-02 s=[ 0 0 0 1 1 1 1 0 1 1 1 1 1 0 1 0 0 1 1 0 0 0 0 0 0 0 1 1 1 0 0 1 0 0 0 0 1 ]
d_11_12=2.826709799279 eijMax=8.482E-03 rmsd=4.869E-02 s=[ 0 0 0 1 1 1 1 0 1 1 1 1 1 0 1 0 0 1 1 0 0 0 0 0 0 0 1 1 1 1 0 1 0 0 0 0 1 ]
d_11_12=2.826709799279 eijMax=8.482E-03 rmsd=4.684E-02 s=[ 0 0 0 1 1 1 1 0 1 1 1 1 1 0 1 0 0 1 1 1 0 0 0 0 0 0 1 1 1 0 0 1 0 0 0 0 1 ]
d_11_12=2.826709799279 eijMax=8.482E-03 rmsd=4.682E-02 s=[ 0 0 0 1 1 1 1 0 1 1 1 1 1 0 1 0 0 1 1 1 0 0 0 0 0 0 1 1 1 1 0 1 0 0 0 0 1 ]
d_11_12=2.826909999479 eijMax=9.149E-03 rmsd=5.234E-02 s=[ 0 0 0 1 1 1 1 0 1 1 1 1 1 0 1 0 0 1 1 0 0 0 0 0 0 0 1 1 1 0 0 1 0 0 0 0 1 ]
d_11_12=2.826909999479 eijMax=9.149E-03 rmsd=5.232E-02 s=[ 0 0 0 1 1 1 1 0 1 1 1 1 1 0 1 0 0 1 1 0 0 0 0 0 0 0 1 1 1 1 0 1 0 0 0 0 1 ]
d_11_12=2.826909999479 eijMax=9.149E-03 rmsd=5.063E-02 s=[ 0 0 0 1 1 1 1 0 1 1 1 1 1 0 1 0 0 1 1 1 0 0 0 0 0 0 1 1 1 0 0 1 0 0 0 0 1 ]
d_11_12=2.826909999479 eijMax=9.149E-03 rmsd=5.061E-02 s=[ 0 0 0 1 1 1 1 0 1 1 1 1 1 0 1 0 0 1 1 1 0 0 0 0 0 0 1 1 1 1 0 1 0 0 0 0 1 ]
d_11_12=2.827110199680 eijMax=9.811E-03 rmsd=5.598E-02 s=[ 0 0 0 1 1 1 1 0 1 1 1 1 1 0 1 0 0 1 1 0 0 0 0 0 0 0 1 1 1 0 0 1 0 0 0 0 1 ]
d_11_12=2.827110199680 eijMax=9.811E-03 rmsd=5.596E-02 s=[ 0 0 0 1 1 1 1 0 1 1 1 1 1 0 1 0 0 1 1 0 0 0 0 0 0 0 1 1 1 1 0 1 0 0 0 0 1 ]
d_11_12=2.827110199680 eijMax=9.811E-03 rmsd=5.441E-02 s=[ 0 0 0 1 1 1 1 0 1 1 1 1 1 0 1 0 0 1 1 1 0 0 0 0 0 0 1 1 1 0 0 1 0 0 0 0 1 ]
d_11_12=2.827110199680 eijMax=9.811E-03 rmsd=5.439E-02 s=[ 0 0 0 1 1 1 1 0 1 1 1 1 1 0 1 0 0 1 1 1 0 0 0 0 0 0 1 1 1 1 0 1 0 0 0 0 1 ]
num ..... 1000
nnodes .. 37
nedges .. 200
nsols ... 432
tsecs ... 14.813856
