xyz10=( 2.496201 -9.624543 -13.815906 )
xyz10=( 2.496201 -9.624543 -13.815906 )
xyz10=( 2.496201 -9.624543 -13.815906 )
xyz10=( 2.496201 -9.624543 -13.815906 )
xyz10=( 2.496692 -9.624595 -13.814904 )
xyz10=( 2.496692 -9.624595 -13.814904 )
xyz10=( 2.496692 -9.624595 -13.814904 )
xyz10=( 2.496692 -9.624595 -13.814904 )
xyz10=( 2.497183 -9.624647 -13.813900 )
xyz10=( 2.497183 -9.624647 -13.813900 )
xyz10=( 2.497183 -9.624647 -13.813900 )
xyz10=( 2.497183 -9.624647 -13.813900 )
xyz10=( 2.497674 -9.624699 -13.812896 )
xyz10=( 2.497674 -9.624699 -13.812896 )
xyz10=( 2.497674 -9.624699 -13.812896 )
xyz10=( 2.497674 -9.624699 -13.812896 )
xyz10=( 2.498164 -9.624751 -13.811890 )
xyz10=( 2.498164 -9.624751 -13.811890 )
xyz10=( 2.498164 -9.624751 -13.811890 )
xyz10=( 2.498164 -9.624751 -13.811890 )
xyz10=( 2.498654 -9.624804 -13.810884 )
xyz10=( 2.498654 -9.624804 -13.810884 )
xyz10=( 2.498654 -9.624804 -13.810884 )
xyz10=( 2.498654 -9.624804 -13.810884 )
xyz10=( 2.499143 -9.624857 -13.809876 )
xyz10=( 2.499143 -9.624857 -13.809876 )
xyz10=( 2.499143 -9.624857 -13.809876 )
xyz10=( 2.499143 -9.624857 -13.809876 )
xyz10=( 2.499632 -9.624910 -13.808867 )
xyz10=( 2.499632 -9.624910 -13.808867 )
xyz10=( 2.499632 -9.624910 -13.808867 )
xyz10=( 2.499632 -9.624910 -13.808867 )
xyz10=( 2.500120 -9.624964 -13.807856 )
xyz10=( 2.500120 -9.624964 -13.807856 )
xyz10=( 2.500120 -9.624964 -13.807856 )
xyz10=( 2.500120 -9.624964 -13.807856 )
xyz10=( 2.500608 -9.625017 -13.806845 )
xyz10=( 2.500608 -9.625017 -13.806845 )
xyz10=( 2.500608 -9.625017 -13.806845 )
xyz10=( 2.500608 -9.625017 -13.806845 )
xyz10=( 2.501096 -9.625071 -13.805832 )
xyz10=( 2.501096 -9.625071 -13.805832 )
xyz10=( 2.501096 -9.625071 -13.805832 )
xyz10=( 2.501096 -9.625071 -13.805832 )
xyz10=( 2.501583 -9.625125 -13.804818 )
xyz10=( 2.501583 -9.625125 -13.804818 )
xyz10=( 2.501583 -9.625125 -13.804818 )
xyz10=( 2.501583 -9.625125 -13.804818 )
xyz10=( 2.502070 -9.625180 -13.803803 )
xyz10=( 2.502070 -9.625180 -13.803803 )
xyz10=( 2.502070 -9.625180 -13.803803 )
xyz10=( 2.502070 -9.625180 -13.803803 )
xyz10=( 2.502556 -9.625235 -13.802786 )
xyz10=( 2.502556 -9.625235 -13.802786 )
xyz10=( 2.502556 -9.625235 -13.802786 )
xyz10=( 2.502556 -9.625235 -13.802786 )
xyz10=( 2.503042 -9.625289 -13.801769 )
xyz10=( 2.503042 -9.625289 -13.801769 )
xyz10=( 2.503042 -9.625289 -13.801769 )
xyz10=( 2.503042 -9.625289 -13.801769 )
xyz10=( 2.503528 -9.625345 -13.800750 )
xyz10=( 2.503528 -9.625345 -13.800750 )
xyz10=( 2.503528 -9.625345 -13.800750 )
xyz10=( 2.503528 -9.625345 -13.800750 )
xyz10=( 2.504013 -9.625400 -13.799730 )
xyz10=( 2.504013 -9.625400 -13.799730 )
xyz10=( 2.504013 -9.625400 -13.799730 )
xyz10=( 2.504013 -9.625400 -13.799730 )
xyz10=( 2.504497 -9.625456 -13.798709 )
xyz10=( 2.504497 -9.625456 -13.798709 )
xyz10=( 2.504497 -9.625456 -13.798709 )
xyz10=( 2.504497 -9.625456 -13.798709 )
xyz10=( 2.504982 -9.625512 -13.797686 )
xyz10=( 2.504982 -9.625512 -13.797686 )
xyz10=( 2.504982 -9.625512 -13.797686 )
xyz10=( 2.504982 -9.625512 -13.797686 )
xyz10=( 2.505465 -9.625568 -13.796663 )
xyz10=( 2.505465 -9.625568 -13.796663 )
xyz10=( 2.505465 -9.625568 -13.796663 )
xyz10=( 2.505465 -9.625568 -13.796663 )
xyz10=( 2.505949 -9.625625 -13.795638 )
xyz10=( 2.505949 -9.625625 -13.795638 )
xyz10=( 2.505949 -9.625625 -13.795638 )
xyz10=( 2.505949 -9.625625 -13.795638 )
xyz10=( 2.506432 -9.625681 -13.794612 )
xyz10=( 2.506432 -9.625681 -13.794612 )
xyz10=( 2.506432 -9.625681 -13.794612 )
xyz10=( 2.506432 -9.625681 -13.794612 )
xyz10=( 2.506914 -9.625738 -13.793584 )
xyz10=( 2.506914 -9.625738 -13.793584 )
xyz10=( 2.506914 -9.625738 -13.793584 )
xyz10=( 2.506914 -9.625738 -13.793584 )
xyz10=( 2.507397 -9.625796 -13.792556 )
xyz10=( 2.507397 -9.625796 -13.792556 )
xyz10=( 2.507397 -9.625796 -13.792556 )
xyz10=( 2.507397 -9.625796 -13.792556 )
xyz10=( 2.507878 -9.625853 -13.791526 )
xyz10=( 2.507878 -9.625853 -13.791526 )
xyz10=( 2.507878 -9.625853 -13.791526 )
xyz10=( 2.507878 -9.625853 -13.791526 )
xyz10=( 2.508359 -9.625911 -13.790495 )
xyz10=( 2.508359 -9.625911 -13.790495 )
xyz10=( 2.508359 -9.625911 -13.790495 )
xyz10=( 2.508359 -9.625911 -13.790495 )
xyz10=( 2.508840 -9.625969 -13.789462 )
xyz10=( 2.508840 -9.625969 -13.789462 )
xyz10=( 2.508840 -9.625969 -13.789462 )
xyz10=( 2.508840 -9.625969 -13.789462 )
xyz10=( 2.496201 -9.624543 -13.815906 )
xyz10=( 2.496201 -9.624543 -13.815906 )
xyz10=( 2.496201 -9.624543 -13.815906 )
xyz10=( 2.496201 -9.624543 -13.815906 )
xyz10=( 2.496692 -9.624595 -13.814904 )
xyz10=( 2.496692 -9.624595 -13.814904 )
xyz10=( 2.496692 -9.624595 -13.814904 )
xyz10=( 2.496692 -9.624595 -13.814904 )
xyz10=( 2.497183 -9.624647 -13.813900 )
xyz10=( 2.497183 -9.624647 -13.813900 )
xyz10=( 2.497183 -9.624647 -13.813900 )
xyz10=( 2.497183 -9.624647 -13.813900 )
xyz10=( 2.497674 -9.624699 -13.812896 )
xyz10=( 2.497674 -9.624699 -13.812896 )
xyz10=( 2.497674 -9.624699 -13.812896 )
xyz10=( 2.497674 -9.624699 -13.812896 )
xyz10=( 2.498164 -9.624751 -13.811890 )
xyz10=( 2.498164 -9.624751 -13.811890 )
xyz10=( 2.498164 -9.624751 -13.811890 )
xyz10=( 2.498164 -9.624751 -13.811890 )
xyz10=( 2.498654 -9.624804 -13.810884 )
xyz10=( 2.498654 -9.624804 -13.810884 )
xyz10=( 2.498654 -9.624804 -13.810884 )
xyz10=( 2.498654 -9.624804 -13.810884 )
xyz10=( 2.499143 -9.624857 -13.809876 )
xyz10=( 2.499143 -9.624857 -13.809876 )
xyz10=( 2.499143 -9.624857 -13.809876 )
xyz10=( 2.499143 -9.624857 -13.809876 )
xyz10=( 2.499632 -9.624910 -13.808867 )
xyz10=( 2.499632 -9.624910 -13.808867 )
xyz10=( 2.499632 -9.624910 -13.808867 )
xyz10=( 2.499632 -9.624910 -13.808867 )
xyz10=( 2.500120 -9.624964 -13.807856 )
xyz10=( 2.500120 -9.624964 -13.807856 )
xyz10=( 2.500120 -9.624964 -13.807856 )
xyz10=( 2.500120 -9.624964 -13.807856 )
xyz10=( 2.500608 -9.625017 -13.806845 )
xyz10=( 2.500608 -9.625017 -13.806845 )
xyz10=( 2.500608 -9.625017 -13.806845 )
xyz10=( 2.500608 -9.625017 -13.806845 )
xyz10=( 2.501096 -9.625071 -13.805832 )
xyz10=( 2.501096 -9.625071 -13.805832 )
xyz10=( 2.501096 -9.625071 -13.805832 )
xyz10=( 2.501096 -9.625071 -13.805832 )
xyz10=( 2.501583 -9.625125 -13.804818 )
xyz10=( 2.501583 -9.625125 -13.804818 )
xyz10=( 2.501583 -9.625125 -13.804818 )
xyz10=( 2.501583 -9.625125 -13.804818 )
xyz10=( 2.502070 -9.625180 -13.803803 )
xyz10=( 2.502070 -9.625180 -13.803803 )
xyz10=( 2.502070 -9.625180 -13.803803 )
xyz10=( 2.502070 -9.625180 -13.803803 )
xyz10=( 2.502556 -9.625235 -13.802786 )
xyz10=( 2.502556 -9.625235 -13.802786 )
xyz10=( 2.502556 -9.625235 -13.802786 )
xyz10=( 2.502556 -9.625235 -13.802786 )
xyz10=( 2.503042 -9.625289 -13.801769 )
xyz10=( 2.503042 -9.625289 -13.801769 )
xyz10=( 2.503042 -9.625289 -13.801769 )
xyz10=( 2.503042 -9.625289 -13.801769 )
xyz10=( 2.503528 -9.625345 -13.800750 )
xyz10=( 2.503528 -9.625345 -13.800750 )
xyz10=( 2.503528 -9.625345 -13.800750 )
xyz10=( 2.503528 -9.625345 -13.800750 )
xyz10=( 2.504013 -9.625400 -13.799730 )
xyz10=( 2.504013 -9.625400 -13.799730 )
xyz10=( 2.504013 -9.625400 -13.799730 )
xyz10=( 2.504013 -9.625400 -13.799730 )
xyz10=( 2.504497 -9.625456 -13.798709 )
xyz10=( 2.504497 -9.625456 -13.798709 )
xyz10=( 2.504497 -9.625456 -13.798709 )
xyz10=( 2.504497 -9.625456 -13.798709 )
xyz10=( 2.504982 -9.625512 -13.797686 )
xyz10=( 2.504982 -9.625512 -13.797686 )
xyz10=( 2.504982 -9.625512 -13.797686 )
xyz10=( 2.504982 -9.625512 -13.797686 )
xyz10=( 2.505465 -9.625568 -13.796663 )
xyz10=( 2.505465 -9.625568 -13.796663 )
xyz10=( 2.505465 -9.625568 -13.796663 )
xyz10=( 2.505465 -9.625568 -13.796663 )
xyz10=( 2.505949 -9.625625 -13.795638 )
xyz10=( 2.505949 -9.625625 -13.795638 )
xyz10=( 2.505949 -9.625625 -13.795638 )
xyz10=( 2.505949 -9.625625 -13.795638 )
xyz10=( 2.506432 -9.625681 -13.794612 )
xyz10=( 2.506432 -9.625681 -13.794612 )
xyz10=( 2.506432 -9.625681 -13.794612 )
xyz10=( 2.506432 -9.625681 -13.794612 )
xyz10=( 2.506914 -9.625738 -13.793584 )
xyz10=( 2.506914 -9.625738 -13.793584 )
xyz10=( 2.506914 -9.625738 -13.793584 )
xyz10=( 2.506914 -9.625738 -13.793584 )
xyz10=( 2.507397 -9.625796 -13.792556 )
xyz10=( 2.507397 -9.625796 -13.792556 )
xyz10=( 2.507397 -9.625796 -13.792556 )
xyz10=( 2.507397 -9.625796 -13.792556 )
xyz10=( 2.507878 -9.625853 -13.791526 )
xyz10=( 2.507878 -9.625853 -13.791526 )
xyz10=( 2.507878 -9.625853 -13.791526 )
xyz10=( 2.507878 -9.625853 -13.791526 )
xyz10=( 2.508359 -9.625911 -13.790495 )
xyz10=( 2.508359 -9.625911 -13.790495 )
xyz10=( 2.508359 -9.625911 -13.790495 )
xyz10=( 2.508359 -9.625911 -13.790495 )
xyz10=( 2.508840 -9.625969 -13.789462 )
xyz10=( 2.508840 -9.625969 -13.789462 )
xyz10=( 2.508840 -9.625969 -13.789462 )
xyz10=( 2.508840 -9.625969 -13.789462 )
xyz10=( 0.228504 -10.259553 -12.424497 )
xyz10=( 0.228504 -10.259553 -12.424497 )
xyz10=( 0.228504 -10.259553 -12.424497 )
xyz10=( 0.228504 -10.259553 -12.424497 )
xyz10=( 0.229185 -10.259552 -12.423611 )
xyz10=( 0.229185 -10.259552 -12.423611 )
xyz10=( 0.229185 -10.259552 -12.423611 )
xyz10=( 0.229185 -10.259552 -12.423611 )
xyz10=( 0.229867 -10.259550 -12.422725 )
xyz10=( 0.229867 -10.259550 -12.422725 )
xyz10=( 0.229867 -10.259550 -12.422725 )
xyz10=( 0.229867 -10.259550 -12.422725 )
xyz10=( 0.230550 -10.259548 -12.421839 )
xyz10=( 0.230550 -10.259548 -12.421839 )
xyz10=( 0.230550 -10.259548 -12.421839 )
xyz10=( 0.230550 -10.259548 -12.421839 )
xyz10=( 0.231235 -10.259546 -12.420953 )
xyz10=( 0.231235 -10.259546 -12.420953 )
xyz10=( 0.231235 -10.259546 -12.420953 )
xyz10=( 0.231235 -10.259546 -12.420953 )
xyz10=( 0.231921 -10.259544 -12.420067 )
xyz10=( 0.231921 -10.259544 -12.420067 )
xyz10=( 0.231921 -10.259544 -12.420067 )
xyz10=( 0.231921 -10.259544 -12.420067 )
xyz10=( 0.232608 -10.259541 -12.419180 )
xyz10=( 0.232608 -10.259541 -12.419180 )
xyz10=( 0.232608 -10.259541 -12.419180 )
xyz10=( 0.232608 -10.259541 -12.419180 )
xyz10=( 0.233297 -10.259539 -12.418294 )
xyz10=( 0.233297 -10.259539 -12.418294 )
xyz10=( 0.233297 -10.259539 -12.418294 )
xyz10=( 0.233297 -10.259539 -12.418294 )
xyz10=( 0.233987 -10.259536 -12.417407 )
xyz10=( 0.233987 -10.259536 -12.417407 )
xyz10=( 0.233987 -10.259536 -12.417407 )
xyz10=( 0.233987 -10.259536 -12.417407 )
xyz10=( 0.234678 -10.259532 -12.416520 )
xyz10=( 0.234678 -10.259532 -12.416520 )
xyz10=( 0.234678 -10.259532 -12.416520 )
xyz10=( 0.234678 -10.259532 -12.416520 )
xyz10=( 0.235370 -10.259529 -12.415632 )
xyz10=( 0.235370 -10.259529 -12.415632 )
xyz10=( 0.235370 -10.259529 -12.415632 )
xyz10=( 0.235370 -10.259529 -12.415632 )
xyz10=( 0.236063 -10.259526 -12.414745 )
xyz10=( 0.236063 -10.259526 -12.414745 )
xyz10=( 0.236063 -10.259526 -12.414745 )
xyz10=( 0.236063 -10.259526 -12.414745 )
xyz10=( 0.236758 -10.259522 -12.413858 )
xyz10=( 0.236758 -10.259522 -12.413858 )
xyz10=( 0.236758 -10.259522 -12.413858 )
xyz10=( 0.236758 -10.259522 -12.413858 )
xyz10=( 0.237454 -10.259518 -12.412970 )
xyz10=( 0.237454 -10.259518 -12.412970 )
xyz10=( 0.237454 -10.259518 -12.412970 )
xyz10=( 0.237454 -10.259518 -12.412970 )
xyz10=( 0.238152 -10.259513 -12.412082 )
xyz10=( 0.238152 -10.259513 -12.412082 )
xyz10=( 0.238152 -10.259513 -12.412082 )
xyz10=( 0.238152 -10.259513 -12.412082 )
xyz10=( 0.238850 -10.259509 -12.411194 )
xyz10=( 0.238850 -10.259509 -12.411194 )
xyz10=( 0.238850 -10.259509 -12.411194 )
xyz10=( 0.238850 -10.259509 -12.411194 )
xyz10=( 0.239550 -10.259504 -12.410306 )
xyz10=( 0.239550 -10.259504 -12.410306 )
xyz10=( 0.239550 -10.259504 -12.410306 )
xyz10=( 0.239550 -10.259504 -12.410306 )
xyz10=( 0.240252 -10.259499 -12.409418 )
xyz10=( 0.240252 -10.259499 -12.409418 )
xyz10=( 0.240252 -10.259499 -12.409418 )
xyz10=( 0.240252 -10.259499 -12.409418 )
xyz10=( 0.240954 -10.259494 -12.408529 )
xyz10=( 0.240954 -10.259494 -12.408529 )
xyz10=( 0.240954 -10.259494 -12.408529 )
xyz10=( 0.240954 -10.259494 -12.408529 )
xyz10=( 0.241658 -10.259489 -12.407640 )
xyz10=( 0.241658 -10.259489 -12.407640 )
xyz10=( 0.241658 -10.259489 -12.407640 )
xyz10=( 0.241658 -10.259489 -12.407640 )
xyz10=( 0.242363 -10.259483 -12.406751 )
xyz10=( 0.242363 -10.259483 -12.406751 )
xyz10=( 0.242363 -10.259483 -12.406751 )
xyz10=( 0.242363 -10.259483 -12.406751 )
xyz10=( 0.243069 -10.259478 -12.405862 )
xyz10=( 0.243069 -10.259478 -12.405862 )
xyz10=( 0.243069 -10.259478 -12.405862 )
xyz10=( 0.243069 -10.259478 -12.405862 )
xyz10=( 0.243777 -10.259472 -12.404973 )
xyz10=( 0.243777 -10.259472 -12.404973 )
xyz10=( 0.243777 -10.259472 -12.404973 )
xyz10=( 0.243777 -10.259472 -12.404973 )
xyz10=( 0.244486 -10.259465 -12.404084 )
xyz10=( 0.244486 -10.259465 -12.404084 )
xyz10=( 0.244486 -10.259465 -12.404084 )
xyz10=( 0.244486 -10.259465 -12.404084 )
xyz10=( 0.245196 -10.259459 -12.403194 )
xyz10=( 0.245196 -10.259459 -12.403194 )
xyz10=( 0.245196 -10.259459 -12.403194 )
xyz10=( 0.245196 -10.259459 -12.403194 )
xyz10=( 0.245908 -10.259452 -12.402305 )
xyz10=( 0.245908 -10.259452 -12.402305 )
xyz10=( 0.245908 -10.259452 -12.402305 )
xyz10=( 0.245908 -10.259452 -12.402305 )
xyz10=( 0.246621 -10.259445 -12.401415 )
xyz10=( 0.246621 -10.259445 -12.401415 )
xyz10=( 0.246621 -10.259445 -12.401415 )
xyz10=( 0.246621 -10.259445 -12.401415 )
xyz10=( 0.228504 -10.259553 -12.424497 )
xyz10=( 0.228504 -10.259553 -12.424497 )
xyz10=( 0.228504 -10.259553 -12.424497 )
xyz10=( 0.228504 -10.259553 -12.424497 )
xyz10=( 0.229185 -10.259552 -12.423611 )
xyz10=( 0.229185 -10.259552 -12.423611 )
xyz10=( 0.229185 -10.259552 -12.423611 )
xyz10=( 0.229185 -10.259552 -12.423611 )
xyz10=( 0.229867 -10.259550 -12.422725 )
xyz10=( 0.229867 -10.259550 -12.422725 )
xyz10=( 0.229867 -10.259550 -12.422725 )
xyz10=( 0.229867 -10.259550 -12.422725 )
xyz10=( 0.230550 -10.259548 -12.421839 )
xyz10=( 0.230550 -10.259548 -12.421839 )
xyz10=( 0.230550 -10.259548 -12.421839 )
xyz10=( 0.230550 -10.259548 -12.421839 )
xyz10=( 0.231235 -10.259546 -12.420953 )
xyz10=( 0.231235 -10.259546 -12.420953 )
xyz10=( 0.231235 -10.259546 -12.420953 )
xyz10=( 0.231235 -10.259546 -12.420953 )
xyz10=( 0.231921 -10.259544 -12.420067 )
xyz10=( 0.231921 -10.259544 -12.420067 )
xyz10=( 0.231921 -10.259544 -12.420067 )
xyz10=( 0.231921 -10.259544 -12.420067 )
xyz10=( 0.232608 -10.259541 -12.419180 )
xyz10=( 0.232608 -10.259541 -12.419180 )
xyz10=( 0.232608 -10.259541 -12.419180 )
xyz10=( 0.232608 -10.259541 -12.419180 )
xyz10=( 0.233297 -10.259539 -12.418294 )
xyz10=( 0.233297 -10.259539 -12.418294 )
xyz10=( 0.233297 -10.259539 -12.418294 )
xyz10=( 0.233297 -10.259539 -12.418294 )
xyz10=( 0.233987 -10.259536 -12.417407 )
xyz10=( 0.233987 -10.259536 -12.417407 )
xyz10=( 0.233987 -10.259536 -12.417407 )
xyz10=( 0.233987 -10.259536 -12.417407 )
xyz10=( 0.234678 -10.259532 -12.416520 )
xyz10=( 0.234678 -10.259532 -12.416520 )
xyz10=( 0.234678 -10.259532 -12.416520 )
xyz10=( 0.234678 -10.259532 -12.416520 )
xyz10=( 0.235370 -10.259529 -12.415632 )
xyz10=( 0.235370 -10.259529 -12.415632 )
xyz10=( 0.235370 -10.259529 -12.415632 )
xyz10=( 0.235370 -10.259529 -12.415632 )
xyz10=( 0.236063 -10.259526 -12.414745 )
xyz10=( 0.236063 -10.259526 -12.414745 )
xyz10=( 0.236063 -10.259526 -12.414745 )
xyz10=( 0.236063 -10.259526 -12.414745 )
xyz10=( 0.236758 -10.259522 -12.413858 )
xyz10=( 0.236758 -10.259522 -12.413858 )
xyz10=( 0.236758 -10.259522 -12.413858 )
xyz10=( 0.236758 -10.259522 -12.413858 )
xyz10=( 0.237454 -10.259518 -12.412970 )
xyz10=( 0.237454 -10.259518 -12.412970 )
xyz10=( 0.237454 -10.259518 -12.412970 )
xyz10=( 0.237454 -10.259518 -12.412970 )
xyz10=( 0.238152 -10.259513 -12.412082 )
xyz10=( 0.238152 -10.259513 -12.412082 )
xyz10=( 0.238152 -10.259513 -12.412082 )
xyz10=( 0.238152 -10.259513 -12.412082 )
xyz10=( 0.238850 -10.259509 -12.411194 )
xyz10=( 0.238850 -10.259509 -12.411194 )
xyz10=( 0.238850 -10.259509 -12.411194 )
xyz10=( 0.238850 -10.259509 -12.411194 )
xyz10=( 0.239550 -10.259504 -12.410306 )
xyz10=( 0.239550 -10.259504 -12.410306 )
xyz10=( 0.239550 -10.259504 -12.410306 )
xyz10=( 0.239550 -10.259504 -12.410306 )
xyz10=( 0.240252 -10.259499 -12.409418 )
xyz10=( 0.240252 -10.259499 -12.409418 )
xyz10=( 0.240252 -10.259499 -12.409418 )
xyz10=( 0.240252 -10.259499 -12.409418 )
xyz10=( 0.240954 -10.259494 -12.408529 )
xyz10=( 0.240954 -10.259494 -12.408529 )
xyz10=( 0.240954 -10.259494 -12.408529 )
xyz10=( 0.240954 -10.259494 -12.408529 )
xyz10=( 0.241658 -10.259489 -12.407640 )
xyz10=( 0.241658 -10.259489 -12.407640 )
xyz10=( 0.241658 -10.259489 -12.407640 )
xyz10=( 0.241658 -10.259489 -12.407640 )
xyz10=( 0.242363 -10.259483 -12.406751 )
xyz10=( 0.242363 -10.259483 -12.406751 )
xyz10=( 0.242363 -10.259483 -12.406751 )
xyz10=( 0.242363 -10.259483 -12.406751 )
xyz10=( 0.243069 -10.259478 -12.405862 )
xyz10=( 0.243069 -10.259478 -12.405862 )
xyz10=( 0.243069 -10.259478 -12.405862 )
xyz10=( 0.243069 -10.259478 -12.405862 )
xyz10=( 0.243777 -10.259472 -12.404973 )
xyz10=( 0.243777 -10.259472 -12.404973 )
xyz10=( 0.243777 -10.259472 -12.404973 )
xyz10=( 0.243777 -10.259472 -12.404973 )
xyz10=( 0.244486 -10.259465 -12.404084 )
xyz10=( 0.244486 -10.259465 -12.404084 )
xyz10=( 0.244486 -10.259465 -12.404084 )
xyz10=( 0.244486 -10.259465 -12.404084 )
xyz10=( 0.245196 -10.259459 -12.403194 )
xyz10=( 0.245196 -10.259459 -12.403194 )
xyz10=( 0.245196 -10.259459 -12.403194 )
xyz10=( 0.245196 -10.259459 -12.403194 )
xyz10=( 0.245908 -10.259452 -12.402305 )
xyz10=( 0.245908 -10.259452 -12.402305 )
xyz10=( 0.245908 -10.259452 -12.402305 )
xyz10=( 0.245908 -10.259452 -12.402305 )
xyz10=( 0.246621 -10.259445 -12.401415 )
xyz10=( 0.246621 -10.259445 -12.401415 )
xyz10=( 0.246621 -10.259445 -12.401415 )
xyz10=( 0.246621 -10.259445 -12.401415 )
