xyz19=( 7.872540 39.731620 14.401485 )
xyz19=( 7.873173 39.731240 14.401777 )
xyz19=( 7.873808 39.730859 14.402068 )
xyz19=( 7.874443 39.730478 14.402359 )
xyz19=( 7.875079 39.730096 14.402650 )
xyz19=( 7.875716 39.729714 14.402940 )
xyz19=( 7.876354 39.729332 14.403231 )
xyz19=( 7.872540 39.731620 14.401485 )
xyz19=( 7.873173 39.731240 14.401777 )
xyz19=( 7.873808 39.730859 14.402068 )
xyz19=( 7.874443 39.730478 14.402359 )
xyz19=( 7.875079 39.730096 14.402650 )
xyz19=( 7.875716 39.729714 14.402940 )
xyz19=( 7.876354 39.729332 14.403231 )
xyz19=( 7.872540 39.731620 14.401485 )
xyz19=( 7.873173 39.731240 14.401777 )
xyz19=( 7.873808 39.730859 14.402068 )
xyz19=( 7.874443 39.730478 14.402359 )
xyz19=( 7.875079 39.730096 14.402650 )
xyz19=( 7.875716 39.729714 14.402940 )
xyz19=( 7.876354 39.729332 14.403231 )
xyz19=( 7.872540 39.731620 14.401485 )
xyz19=( 7.873173 39.731240 14.401777 )
xyz19=( 7.873808 39.730859 14.402068 )
xyz19=( 7.874443 39.730478 14.402359 )
xyz19=( 7.875079 39.730096 14.402650 )
xyz19=( 7.875716 39.729714 14.402940 )
xyz19=( 7.876354 39.729332 14.403231 )
xyz19=( 9.263368 39.107128 14.063488 )
xyz19=( 9.262838 39.107270 14.064062 )
xyz19=( 9.262307 39.107412 14.064636 )
xyz19=( 9.261775 39.107555 14.065211 )
xyz19=( 9.261242 39.107699 14.065786 )
xyz19=( 9.260709 39.107842 14.066361 )
xyz19=( 9.260175 39.107986 14.066936 )
xyz19=( 9.263368 39.107128 14.063488 )
xyz19=( 9.262838 39.107270 14.064062 )
xyz19=( 9.262307 39.107412 14.064636 )
xyz19=( 9.261775 39.107555 14.065211 )
xyz19=( 9.261242 39.107699 14.065786 )
xyz19=( 9.260709 39.107842 14.066361 )
xyz19=( 9.260175 39.107986 14.066936 )
xyz19=( 9.263368 39.107128 14.063488 )
xyz19=( 9.262838 39.107270 14.064062 )
xyz19=( 9.262307 39.107412 14.064636 )
xyz19=( 9.261775 39.107555 14.065211 )
xyz19=( 9.261242 39.107699 14.065786 )
xyz19=( 9.260709 39.107842 14.066361 )
xyz19=( 9.260175 39.107986 14.066936 )
xyz19=( 9.263368 39.107128 14.063488 )
xyz19=( 9.262838 39.107270 14.064062 )
xyz19=( 9.262307 39.107412 14.064636 )
xyz19=( 9.261775 39.107555 14.065211 )
xyz19=( 9.261242 39.107699 14.065786 )
xyz19=( 9.260709 39.107842 14.066361 )
xyz19=( 9.260175 39.107986 14.066936 )
