order:    [ 1 20 21 0 36 35 34 38 31 30 37 29 33 26 25 32 24 28 27 23 19 10 11 16 15 22 14 18 17 9 13 2 3 6 5 12 4 8 7 ]
atoms:    [ CA CA C N C CA N HA C CA H N HA C CA H N HA H HA N CA C C CA H N HA H N HA C HA C CA H N HA H ]
residues: [ 0 4 4 0 7 7 7 7 6 6 7 6 6 5 5 6 5 5 5 4 4 2 2 3 3 4 3 3 3 2 2 0 0 1 1 2 1 1 1 ]

We use a different pair of symbles to represent the bits values which are associated with the HA and H of the discretized distance, and another one to represent the bits of other hydrogens.
For the HA and H from the discretized distance:
	"+" means 0
	"-" means 1
For any other hydrogens:
	">" means 0
	"<" means 1

d_27_23=2.342549194747 s=[ 0 0 0 0 0 1 0 > 0 1 < 1 > 0 1 < 0 > + + 0 1 0 0 0 > 1 > < 1 < 0 > 0 0 > 1 > > ] xyz19=( 42.539985, 46.720381, 6.461245 )

d_27_23=2.344569396768 s=[ 0 0 0 0 0 1 0 > 0 1 < 1 > 0 1 < 0 > + + 0 1 0 0 0 > 1 > > 1 < 0 > 0 0 > 1 > > ] xyz19=( 42.537240, 46.725899, 6.459629 )

d_27_23=2.346589598788 s=[ 0 0 0 0 0 1 0 > 0 1 < 1 > 0 1 < 0 > + + 0 1 0 0 0 > 1 > > 1 < 0 > 0 0 > 1 > > ] xyz19=( 42.534531, 46.731396, 6.458039 )

d_27_23=2.342549194747 s=[ 0 0 0 0 0 1 0 > 0 1 < 1 > 0 1 < 0 > - + 0 1 0 0 0 > 1 > < 1 < 0 > 0 0 > 1 > > ] xyz19=( 42.540775, 46.718802, 6.461712 )

d_27_23=2.344569396768 s=[ 0 0 0 0 0 1 0 > 0 1 < 1 > 0 1 < 0 > - + 0 1 0 0 0 > 1 > < 1 < 0 > 0 0 > 1 > > ] xyz19=( 42.538024, 46.724317, 6.460090 )

d_27_23=2.346589598788 s=[ 0 0 0 0 0 1 0 > 0 1 < 1 > 0 1 < 0 > - + 0 1 0 0 0 > 1 > > 1 < 0 > 0 0 > 1 > > ] xyz19=( 42.535309, 46.729813, 6.458495 )

d_27_23=2.342549194747 s=[ 0 0 0 1 1 0 1 < 1 0 > 0 < 1 0 > 1 < + - 1 0 1 1 1 < 0 < > 0 > 1 < 1 1 < 0 < > ] xyz19=( 43.160547, 46.105833, 6.899410 )

d_27_23=2.344569396768 s=[ 0 0 0 1 1 0 1 < 1 0 > 0 < 1 0 > 1 < + - 1 0 1 1 1 < 0 < > 0 > 1 < 1 1 < 0 < > ] xyz19=( 43.165347, 46.103880, 6.903121 )

d_27_23=2.346589598788 s=[ 0 0 0 1 1 0 1 < 1 0 > 0 < 1 0 > 1 < + - 1 0 1 1 1 < 0 < < 0 > 1 < 1 1 < 0 < > ] xyz19=( 43.170122, 46.101968, 6.906816 )

d_27_23=2.342549194747 s=[ 0 0 0 1 1 0 1 < 1 0 > 0 < 1 0 > 1 < - - 1 0 1 1 1 < 0 < > 0 > 1 < 1 1 < 0 < > ] xyz19=( 43.161922, 46.105271, 6.900473 )

d_27_23=2.344569396768 s=[ 0 0 0 1 1 0 1 < 1 0 > 0 < 1 0 > 1 < - - 1 0 1 1 1 < 0 < < 0 > 1 < 1 1 < 0 < > ] xyz19=( 43.166721, 46.103327, 6.904184 )

d_27_23=2.346589598788 s=[ 0 0 0 1 1 0 1 < 1 0 > 0 < 1 0 > 1 < - - 1 0 1 1 1 < 0 < < 0 > 1 < 1 1 < 0 < > ] xyz19=( 43.171497, 46.101423, 6.907880 )

