xyz19=( 42.539985 46.720381 6.461245 )
xyz19=( 42.539985 46.720381 6.461245 )
xyz19=( 42.537240 46.725899 6.459629 )
xyz19=( 42.537240 46.725899 6.459629 )
xyz19=( 42.537240 46.725899 6.459629 )
xyz19=( 42.537240 46.725899 6.459629 )
xyz19=( 42.534531 46.731396 6.458039 )
xyz19=( 42.534531 46.731396 6.458039 )
xyz19=( 42.534531 46.731396 6.458039 )
xyz19=( 42.534531 46.731396 6.458039 )
xyz19=( 42.540775 46.718802 6.461712 )
xyz19=( 42.540775 46.718802 6.461712 )
xyz19=( 42.538024 46.724317 6.460090 )
xyz19=( 42.538024 46.724317 6.460090 )
xyz19=( 42.535309 46.729813 6.458495 )
xyz19=( 42.535309 46.729813 6.458495 )
xyz19=( 42.535309 46.729813 6.458495 )
xyz19=( 42.535309 46.729813 6.458495 )
xyz19=( 43.160547 46.105833 6.899410 )
xyz19=( 43.160547 46.105833 6.899410 )
xyz19=( 43.165347 46.103880 6.903121 )
xyz19=( 43.165347 46.103880 6.903121 )
xyz19=( 43.170122 46.101968 6.906816 )
xyz19=( 43.170122 46.101968 6.906816 )
xyz19=( 43.170122 46.101968 6.906816 )
xyz19=( 43.170122 46.101968 6.906816 )
xyz19=( 43.161922 46.105271 6.900473 )
xyz19=( 43.161922 46.105271 6.900473 )
xyz19=( 43.166721 46.103327 6.904184 )
xyz19=( 43.166721 46.103327 6.904184 )
xyz19=( 43.166721 46.103327 6.904184 )
xyz19=( 43.166721 46.103327 6.904184 )
xyz19=( 43.171497 46.101423 6.907880 )
xyz19=( 43.171497 46.101423 6.907880 )
xyz19=( 43.171497 46.101423 6.907880 )
xyz19=( 43.171497 46.101423 6.907880 )
