order:    [ 1 20 21 0 36 35 34 38 31 30 37 29 33 26 25 32 24 28 27 23 19 10 11 16 15 22 14 18 17 9 13 2 3 6 5 12 4 8 7 ]
atoms:    [ CA CA C N C CA N HA C CA H N HA C CA H N HA H HA N CA C C CA H N HA H N HA C HA C CA H N HA H ]
residues: [ 0 4 4 0 7 7 7 7 6 6 7 6 6 5 5 6 5 5 5 4 4 2 2 3 3 4 3 3 3 2 2 0 0 1 1 2 1 1 1 ]

We use a different pair of symbles to represent the bits values which are associated with the HA and H of the discretized distance, and another one to represent the bits of other hydrogens.
For the HA and H from the discretized distance:
	"+" means 0
	"-" means 1
For any other hydrogens:
	">" means 0
	"<" means 1

d_27_23=2.341875794074 s=[ 0 0 0 0 0 1 0 > 0 1 < 1 > 0 1 < 0 > + + 0 1 0 0 0 > 1 > < 1 < 0 > 0 0 > 1 > > ] xyz19=( 42.540908, 46.718537, 6.461790 )

d_27_23=2.342075994274 s=[ 0 0 0 0 0 1 0 > 0 1 < 1 > 0 1 < 0 > + + 0 1 0 0 0 > 1 > < 1 < 0 > 0 0 > 1 > > ] xyz19=( 42.540633, 46.719086, 6.461628 )

d_27_23=2.342276194474 s=[ 0 0 0 0 0 1 0 > 0 1 < 1 > 0 1 < 0 > + + 0 1 0 0 0 > 1 > < 1 < 0 > 0 0 > 1 > > ] xyz19=( 42.540358, 46.719634, 6.461466 )

d_27_23=2.342476394675 s=[ 0 0 0 0 0 1 0 > 0 1 < 1 > 0 1 < 0 > + + 0 1 0 0 0 > 1 > < 1 < 0 > 0 0 > 1 > > ] xyz19=( 42.540084, 46.720182, 6.461304 )

d_27_23=2.342676594875 s=[ 0 0 0 0 0 1 0 > 0 1 < 1 > 0 1 < 0 > + + 0 1 0 0 0 > 1 > < 1 < 0 > 0 0 > 1 > > ] xyz19=( 42.539810, 46.720730, 6.461142 )

d_27_23=2.342876795075 s=[ 0 0 0 0 0 1 0 > 0 1 < 1 > 0 1 < 0 > + + 0 1 0 0 0 > 1 > < 1 < 0 > 0 0 > 1 > > ] xyz19=( 42.539537, 46.721277, 6.460981 )

d_27_23=2.343076995275 s=[ 0 0 0 0 0 1 0 > 0 1 < 1 > 0 1 < 0 > + + 0 1 0 0 0 > 1 > < 1 < 0 > 0 0 > 1 > > ] xyz19=( 42.539264, 46.721825, 6.460820 )

d_27_23=2.343277195475 s=[ 0 0 0 0 0 1 0 > 0 1 < 1 > 0 1 < 0 > + + 0 1 0 0 0 > 1 > < 1 < 0 > 0 0 > 1 > > ] xyz19=( 42.538991, 46.722372, 6.460659 )

d_27_23=2.343477395676 s=[ 0 0 0 0 0 1 0 > 0 1 < 1 > 0 1 < 0 > + + 0 1 0 0 0 > 1 > < 1 < 0 > 0 0 > 1 > > ] xyz19=( 42.538719, 46.722919, 6.460499 )

d_27_23=2.343677595876 s=[ 0 0 0 0 0 1 0 > 0 1 < 1 > 0 1 < 0 > + + 0 1 0 0 0 > 1 > < 1 < 0 > 0 0 > 1 > > ] xyz19=( 42.538447, 46.723465, 6.460339 )

d_27_23=2.343877796076 s=[ 0 0 0 0 0 1 0 > 0 1 < 1 > 0 1 < 0 > + + 0 1 0 0 0 > 1 > < 1 < 0 > 0 0 > 1 > > ] xyz19=( 42.538175, 46.724012, 6.460179 )

d_27_23=2.344077996276 s=[ 0 0 0 0 0 1 0 > 0 1 < 1 > 0 1 < 0 > + + 0 1 0 0 0 > 1 > < 1 < 0 > 0 0 > 1 > > ] xyz19=( 42.537904, 46.724558, 6.460019 )

d_27_23=2.344278196476 s=[ 0 0 0 0 0 1 0 > 0 1 < 1 > 0 1 < 0 > + + 0 1 0 0 0 > 1 > < 1 < 0 > 0 0 > 1 > > ] xyz19=( 42.537633, 46.725105, 6.459860 )

d_27_23=2.344478396677 s=[ 0 0 0 0 0 1 0 > 0 1 < 1 > 0 1 < 0 > + + 0 1 0 0 0 > 1 > > 1 < 0 > 0 0 > 1 > > ] xyz19=( 42.537363, 46.725651, 6.459701 )

d_27_23=2.344678596877 s=[ 0 0 0 0 0 1 0 > 0 1 < 1 > 0 1 < 0 > + + 0 1 0 0 0 > 1 > > 1 < 0 > 0 0 > 1 > > ] xyz19=( 42.537093, 46.726196, 6.459542 )

d_27_23=2.344878797077 s=[ 0 0 0 0 0 1 0 > 0 1 < 1 > 0 1 < 0 > + + 0 1 0 0 0 > 1 > > 1 < 0 > 0 0 > 1 > > ] xyz19=( 42.536823, 46.726742, 6.459383 )

d_27_23=2.345078997277 s=[ 0 0 0 0 0 1 0 > 0 1 < 1 > 0 1 < 0 > + + 0 1 0 0 0 > 1 > > 1 < 0 > 0 0 > 1 > > ] xyz19=( 42.536553, 46.727287, 6.459225 )

d_27_23=2.345279197477 s=[ 0 0 0 0 0 1 0 > 0 1 < 1 > 0 1 < 0 > + + 0 1 0 0 0 > 1 > > 1 < 0 > 0 0 > 1 > > ] xyz19=( 42.536284, 46.727833, 6.459067 )

d_27_23=2.345479397678 s=[ 0 0 0 0 0 1 0 > 0 1 < 1 > 0 1 < 0 > + + 0 1 0 0 0 > 1 > > 1 < 0 > 0 0 > 1 > > ] xyz19=( 42.536015, 46.728378, 6.458909 )

d_27_23=2.345679597878 s=[ 0 0 0 0 0 1 0 > 0 1 < 1 > 0 1 < 0 > + + 0 1 0 0 0 > 1 > > 1 < 0 > 0 0 > 1 > > ] xyz19=( 42.535747, 46.728922, 6.458752 )

d_27_23=2.345879798078 s=[ 0 0 0 0 0 1 0 > 0 1 < 1 > 0 1 < 0 > + + 0 1 0 0 0 > 1 > > 1 < 0 > 0 0 > 1 > > ] xyz19=( 42.535479, 46.729467, 6.458595 )

d_27_23=2.346079998278 s=[ 0 0 0 0 0 1 0 > 0 1 < 1 > 0 1 < 0 > + + 0 1 0 0 0 > 1 > > 1 < 0 > 0 0 > 1 > > ] xyz19=( 42.535211, 46.730011, 6.458438 )

d_27_23=2.346280198478 s=[ 0 0 0 0 0 1 0 > 0 1 < 1 > 0 1 < 0 > + + 0 1 0 0 0 > 1 > > 1 < 0 > 0 0 > 1 > > ] xyz19=( 42.534944, 46.730556, 6.458281 )

d_27_23=2.346480398679 s=[ 0 0 0 0 0 1 0 > 0 1 < 1 > 0 1 < 0 > + + 0 1 0 0 0 > 1 > > 1 < 0 > 0 0 > 1 > > ] xyz19=( 42.534677, 46.731100, 6.458125 )

d_27_23=2.346680598879 s=[ 0 0 0 0 0 1 0 > 0 1 < 1 > 0 1 < 0 > + + 0 1 0 0 0 > 1 > > 1 < 0 > 0 0 > 1 > > ] xyz19=( 42.534410, 46.731644, 6.457968 )

d_27_23=2.346880799079 s=[ 0 0 0 0 0 1 0 > 0 1 < 1 > 0 1 < 0 > + + 0 1 0 0 0 > 1 > > 1 < 0 > 0 0 > 1 > > ] xyz19=( 42.534144, 46.732187, 6.457813 )

d_27_23=2.342476394675 s=[ 0 0 0 0 0 1 0 > 0 1 < 1 > 0 1 < 0 > - + 0 1 0 0 0 > 1 > < 1 < 0 > 0 0 > 1 > > ] xyz19=( 42.540875, 46.718603, 6.461771 )

d_27_23=2.342676594875 s=[ 0 0 0 0 0 1 0 > 0 1 < 1 > 0 1 < 0 > - + 0 1 0 0 0 > 1 > < 1 < 0 > 0 0 > 1 > > ] xyz19=( 42.540600, 46.719151, 6.461609 )

d_27_23=2.342876795075 s=[ 0 0 0 0 0 1 0 > 0 1 < 1 > 0 1 < 0 > - + 0 1 0 0 0 > 1 > < 1 < 0 > 0 0 > 1 > > ] xyz19=( 42.540326, 46.719698, 6.461447 )

d_27_23=2.343076995275 s=[ 0 0 0 0 0 1 0 > 0 1 < 1 > 0 1 < 0 > - + 0 1 0 0 0 > 1 > < 1 < 0 > 0 0 > 1 > > ] xyz19=( 42.540053, 46.720245, 6.461285 )

d_27_23=2.343277195475 s=[ 0 0 0 0 0 1 0 > 0 1 < 1 > 0 1 < 0 > - + 0 1 0 0 0 > 1 > < 1 < 0 > 0 0 > 1 > > ] xyz19=( 42.539779, 46.720792, 6.461124 )

d_27_23=2.343477395676 s=[ 0 0 0 0 0 1 0 > 0 1 < 1 > 0 1 < 0 > - + 0 1 0 0 0 > 1 > < 1 < 0 > 0 0 > 1 > > ] xyz19=( 42.539506, 46.721339, 6.460963 )

d_27_23=2.343677595876 s=[ 0 0 0 0 0 1 0 > 0 1 < 1 > 0 1 < 0 > - + 0 1 0 0 0 > 1 > < 1 < 0 > 0 0 > 1 > > ] xyz19=( 42.539234, 46.721885, 6.460802 )

d_27_23=2.343877796076 s=[ 0 0 0 0 0 1 0 > 0 1 < 1 > 0 1 < 0 > - + 0 1 0 0 0 > 1 > < 1 < 0 > 0 0 > 1 > > ] xyz19=( 42.538961, 46.722432, 6.460642 )

d_27_23=2.344077996276 s=[ 0 0 0 0 0 1 0 > 0 1 < 1 > 0 1 < 0 > - + 0 1 0 0 0 > 1 > < 1 < 0 > 0 0 > 1 > > ] xyz19=( 42.538690, 46.722978, 6.460482 )

d_27_23=2.344278196476 s=[ 0 0 0 0 0 1 0 > 0 1 < 1 > 0 1 < 0 > - + 0 1 0 0 0 > 1 > < 1 < 0 > 0 0 > 1 > > ] xyz19=( 42.538418, 46.723524, 6.460322 )

d_27_23=2.344478396677 s=[ 0 0 0 0 0 1 0 > 0 1 < 1 > 0 1 < 0 > - + 0 1 0 0 0 > 1 > < 1 < 0 > 0 0 > 1 > > ] xyz19=( 42.538147, 46.724069, 6.460162 )

d_27_23=2.344678596877 s=[ 0 0 0 0 0 1 0 > 0 1 < 1 > 0 1 < 0 > - + 0 1 0 0 0 > 1 > < 1 < 0 > 0 0 > 1 > > ] xyz19=( 42.537876, 46.724615, 6.460003 )

d_27_23=2.344878797077 s=[ 0 0 0 0 0 1 0 > 0 1 < 1 > 0 1 < 0 > - + 0 1 0 0 0 > 1 > < 1 < 0 > 0 0 > 1 > > ] xyz19=( 42.537606, 46.725160, 6.459844 )

d_27_23=2.345078997277 s=[ 0 0 0 0 0 1 0 > 0 1 < 1 > 0 1 < 0 > - + 0 1 0 0 0 > 1 > > 1 < 0 > 0 0 > 1 > > ] xyz19=( 42.537336, 46.725705, 6.459685 )

d_27_23=2.345279197477 s=[ 0 0 0 0 0 1 0 > 0 1 < 1 > 0 1 < 0 > - + 0 1 0 0 0 > 1 > > 1 < 0 > 0 0 > 1 > > ] xyz19=( 42.537066, 46.726250, 6.459526 )

d_27_23=2.345479397678 s=[ 0 0 0 0 0 1 0 > 0 1 < 1 > 0 1 < 0 > - + 0 1 0 0 0 > 1 > > 1 < 0 > 0 0 > 1 > > ] xyz19=( 42.536796, 46.726795, 6.459368 )

d_27_23=2.345679597878 s=[ 0 0 0 0 0 1 0 > 0 1 < 1 > 0 1 < 0 > - + 0 1 0 0 0 > 1 > > 1 < 0 > 0 0 > 1 > > ] xyz19=( 42.536527, 46.727340, 6.459210 )

d_27_23=2.345879798078 s=[ 0 0 0 0 0 1 0 > 0 1 < 1 > 0 1 < 0 > - + 0 1 0 0 0 > 1 > > 1 < 0 > 0 0 > 1 > > ] xyz19=( 42.536259, 46.727884, 6.459052 )

d_27_23=2.346079998278 s=[ 0 0 0 0 0 1 0 > 0 1 < 1 > 0 1 < 0 > - + 0 1 0 0 0 > 1 > > 1 < 0 > 0 0 > 1 > > ] xyz19=( 42.535990, 46.728428, 6.458895 )

d_27_23=2.346280198478 s=[ 0 0 0 0 0 1 0 > 0 1 < 1 > 0 1 < 0 > - + 0 1 0 0 0 > 1 > > 1 < 0 > 0 0 > 1 > > ] xyz19=( 42.535722, 46.728972, 6.458737 )

d_27_23=2.346480398679 s=[ 0 0 0 0 0 1 0 > 0 1 < 1 > 0 1 < 0 > - + 0 1 0 0 0 > 1 > > 1 < 0 > 0 0 > 1 > > ] xyz19=( 42.535455, 46.729516, 6.458581 )

d_27_23=2.346680598879 s=[ 0 0 0 0 0 1 0 > 0 1 < 1 > 0 1 < 0 > - + 0 1 0 0 0 > 1 > > 1 < 0 > 0 0 > 1 > > ] xyz19=( 42.535188, 46.730060, 6.458424 )

d_27_23=2.346880799079 s=[ 0 0 0 0 0 1 0 > 0 1 < 1 > 0 1 < 0 > - + 0 1 0 0 0 > 1 > > 1 < 0 > 0 0 > 1 > > ] xyz19=( 42.534921, 46.730603, 6.458267 )

d_27_23=2.347080999279 s=[ 0 0 0 0 0 1 0 > 0 1 < 1 > 0 1 < 0 > - + 0 1 0 0 0 > 1 > > 1 < 0 > 0 0 > 1 > > ] xyz19=( 42.534654, 46.731146, 6.458111 )

d_27_23=2.347281199479 s=[ 0 0 0 0 0 1 0 > 0 1 < 1 > 0 1 < 0 > - + 0 1 0 0 0 > 1 > > 1 < 0 > 0 0 > 1 > > ] xyz19=( 42.534388, 46.731689, 6.457955 )

d_27_23=2.347481399680 s=[ 0 0 0 0 0 1 0 > 0 1 < 1 > 0 1 < 0 > - + 0 1 0 0 0 > 1 > > 1 < 0 > 0 0 > 1 > > ] xyz19=( 42.534122, 46.732232, 6.457800 )

d_27_23=2.342476394675 s=[ 0 0 0 1 1 0 1 < 1 0 > 0 < 1 0 > 1 < + - 1 0 1 1 1 < 0 < > 0 > 1 < 1 1 < 0 < > ] xyz19=( 43.160374, 46.105904, 6.899276 )

d_27_23=2.342676594875 s=[ 0 0 0 1 1 0 1 < 1 0 > 0 < 1 0 > 1 < + - 1 0 1 1 1 < 0 < > 0 > 1 < 1 1 < 0 < > ] xyz19=( 43.160850, 46.105709, 6.899645 )

d_27_23=2.342876795075 s=[ 0 0 0 1 1 0 1 < 1 0 > 0 < 1 0 > 1 < + - 1 0 1 1 1 < 0 < > 0 > 1 < 1 1 < 0 < > ] xyz19=( 43.161327, 46.105514, 6.900013 )

d_27_23=2.343076995275 s=[ 0 0 0 1 1 0 1 < 1 0 > 0 < 1 0 > 1 < + - 1 0 1 1 1 < 0 < > 0 > 1 < 1 1 < 0 < > ] xyz19=( 43.161803, 46.105319, 6.900381 )

d_27_23=2.343277195475 s=[ 0 0 0 1 1 0 1 < 1 0 > 0 < 1 0 > 1 < + - 1 0 1 1 1 < 0 < > 0 > 1 < 1 1 < 0 < > ] xyz19=( 43.162280, 46.105125, 6.900749 )

d_27_23=2.343477395676 s=[ 0 0 0 1 1 0 1 < 1 0 > 0 < 1 0 > 1 < + - 1 0 1 1 1 < 0 < > 0 > 1 < 1 1 < 0 < > ] xyz19=( 43.162755, 46.104931, 6.901117 )

d_27_23=2.343677595876 s=[ 0 0 0 1 1 0 1 < 1 0 > 0 < 1 0 > 1 < + - 1 0 1 1 1 < 0 < > 0 > 1 < 1 1 < 0 < > ] xyz19=( 43.163231, 46.104737, 6.901485 )

d_27_23=2.343877796076 s=[ 0 0 0 1 1 0 1 < 1 0 > 0 < 1 0 > 1 < + - 1 0 1 1 1 < 0 < > 0 > 1 < 1 1 < 0 < > ] xyz19=( 43.163706, 46.104544, 6.901852 )

d_27_23=2.344077996276 s=[ 0 0 0 1 1 0 1 < 1 0 > 0 < 1 0 > 1 < + - 1 0 1 1 1 < 0 < > 0 > 1 < 1 1 < 0 < > ] xyz19=( 43.164181, 46.104351, 6.902220 )

d_27_23=2.344278196476 s=[ 0 0 0 1 1 0 1 < 1 0 > 0 < 1 0 > 1 < + - 1 0 1 1 1 < 0 < > 0 > 1 < 1 1 < 0 < > ] xyz19=( 43.164656, 46.104159, 6.902587 )

d_27_23=2.344478396677 s=[ 0 0 0 1 1 0 1 < 1 0 > 0 < 1 0 > 1 < + - 1 0 1 1 1 < 0 < > 0 > 1 < 1 1 < 0 < > ] xyz19=( 43.165131, 46.103967, 6.902954 )

d_27_23=2.344678596877 s=[ 0 0 0 1 1 0 1 < 1 0 > 0 < 1 0 > 1 < + - 1 0 1 1 1 < 0 < > 0 > 1 < 1 1 < 0 < > ] xyz19=( 43.165605, 46.103776, 6.903321 )

d_27_23=2.344878797077 s=[ 0 0 0 1 1 0 1 < 1 0 > 0 < 1 0 > 1 < + - 1 0 1 1 1 < 0 < > 0 > 1 < 1 1 < 0 < > ] xyz19=( 43.166080, 46.103585, 6.903688 )

d_27_23=2.345078997277 s=[ 0 0 0 1 1 0 1 < 1 0 > 0 < 1 0 > 1 < + - 1 0 1 1 1 < 0 < < 0 > 1 < 1 1 < 0 < > ] xyz19=( 43.166553, 46.103394, 6.904054 )

d_27_23=2.345279197477 s=[ 0 0 0 1 1 0 1 < 1 0 > 0 < 1 0 > 1 < + - 1 0 1 1 1 < 0 < < 0 > 1 < 1 1 < 0 < > ] xyz19=( 43.167027, 46.103204, 6.904421 )

d_27_23=2.345479397678 s=[ 0 0 0 1 1 0 1 < 1 0 > 0 < 1 0 > 1 < + - 1 0 1 1 1 < 0 < < 0 > 1 < 1 1 < 0 < > ] xyz19=( 43.167501, 46.103014, 6.904787 )

d_27_23=2.345679597878 s=[ 0 0 0 1 1 0 1 < 1 0 > 0 < 1 0 > 1 < + - 1 0 1 1 1 < 0 < < 0 > 1 < 1 1 < 0 < > ] xyz19=( 43.167974, 46.102824, 6.905153 )

d_27_23=2.345879798078 s=[ 0 0 0 1 1 0 1 < 1 0 > 0 < 1 0 > 1 < + - 1 0 1 1 1 < 0 < < 0 > 1 < 1 1 < 0 < > ] xyz19=( 43.168447, 46.102635, 6.905519 )

d_27_23=2.346079998278 s=[ 0 0 0 1 1 0 1 < 1 0 > 0 < 1 0 > 1 < + - 1 0 1 1 1 < 0 < < 0 > 1 < 1 1 < 0 < > ] xyz19=( 43.168919, 46.102447, 6.905885 )

d_27_23=2.346280198478 s=[ 0 0 0 1 1 0 1 < 1 0 > 0 < 1 0 > 1 < + - 1 0 1 1 1 < 0 < < 0 > 1 < 1 1 < 0 < > ] xyz19=( 43.169392, 46.102258, 6.906251 )

d_27_23=2.346480398679 s=[ 0 0 0 1 1 0 1 < 1 0 > 0 < 1 0 > 1 < + - 1 0 1 1 1 < 0 < < 0 > 1 < 1 1 < 0 < > ] xyz19=( 43.169864, 46.102070, 6.906616 )

d_27_23=2.346680598879 s=[ 0 0 0 1 1 0 1 < 1 0 > 0 < 1 0 > 1 < + - 1 0 1 1 1 < 0 < < 0 > 1 < 1 1 < 0 < > ] xyz19=( 43.170336, 46.101883, 6.906982 )

d_27_23=2.346880799079 s=[ 0 0 0 1 1 0 1 < 1 0 > 0 < 1 0 > 1 < + - 1 0 1 1 1 < 0 < < 0 > 1 < 1 1 < 0 < > ] xyz19=( 43.170808, 46.101696, 6.907347 )

d_27_23=2.347080999279 s=[ 0 0 0 1 1 0 1 < 1 0 > 0 < 1 0 > 1 < + - 1 0 1 1 1 < 0 < < 0 > 1 < 1 1 < 0 < > ] xyz19=( 43.171279, 46.101509, 6.907712 )

d_27_23=2.347281199479 s=[ 0 0 0 1 1 0 1 < 1 0 > 0 < 1 0 > 1 < + - 1 0 1 1 1 < 0 < < 0 > 1 < 1 1 < 0 < > ] xyz19=( 43.171751, 46.101322, 6.908077 )

d_27_23=2.347481399680 s=[ 0 0 0 1 1 0 1 < 1 0 > 0 < 1 0 > 1 < + - 1 0 1 1 1 < 0 < < 0 > 1 < 1 1 < 0 < > ] xyz19=( 43.172222, 46.101136, 6.908442 )

d_27_23=2.341875794074 s=[ 0 0 0 1 1 0 1 < 1 0 > 0 < 1 0 > 1 < - - 1 0 1 1 1 < 0 < > 0 > 1 < 1 1 < 0 < > ] xyz19=( 43.160316, 46.105928, 6.899232 )

d_27_23=2.342075994274 s=[ 0 0 0 1 1 0 1 < 1 0 > 0 < 1 0 > 1 < - - 1 0 1 1 1 < 0 < > 0 > 1 < 1 1 < 0 < > ] xyz19=( 43.160794, 46.105732, 6.899601 )

d_27_23=2.342276194474 s=[ 0 0 0 1 1 0 1 < 1 0 > 0 < 1 0 > 1 < - - 1 0 1 1 1 < 0 < > 0 > 1 < 1 1 < 0 < > ] xyz19=( 43.161271, 46.105536, 6.899970 )

d_27_23=2.342476394675 s=[ 0 0 0 1 1 0 1 < 1 0 > 0 < 1 0 > 1 < - - 1 0 1 1 1 < 0 < > 0 > 1 < 1 1 < 0 < > ] xyz19=( 43.161748, 46.105341, 6.900339 )

d_27_23=2.342676594875 s=[ 0 0 0 1 1 0 1 < 1 0 > 0 < 1 0 > 1 < - - 1 0 1 1 1 < 0 < > 0 > 1 < 1 1 < 0 < > ] xyz19=( 43.162225, 46.105147, 6.900707 )

d_27_23=2.342876795075 s=[ 0 0 0 1 1 0 1 < 1 0 > 0 < 1 0 > 1 < - - 1 0 1 1 1 < 0 < > 0 > 1 < 1 1 < 0 < > ] xyz19=( 43.162702, 46.104953, 6.901076 )

d_27_23=2.343076995275 s=[ 0 0 0 1 1 0 1 < 1 0 > 0 < 1 0 > 1 < - - 1 0 1 1 1 < 0 < > 0 > 1 < 1 1 < 0 < > ] xyz19=( 43.163178, 46.104759, 6.901444 )

d_27_23=2.343277195475 s=[ 0 0 0 1 1 0 1 < 1 0 > 0 < 1 0 > 1 < - - 1 0 1 1 1 < 0 < > 0 > 1 < 1 1 < 0 < > ] xyz19=( 43.163654, 46.104565, 6.901812 )

d_27_23=2.343477395676 s=[ 0 0 0 1 1 0 1 < 1 0 > 0 < 1 0 > 1 < - - 1 0 1 1 1 < 0 < > 0 > 1 < 1 1 < 0 < > ] xyz19=( 43.164130, 46.104372, 6.902180 )

d_27_23=2.343677595876 s=[ 0 0 0 1 1 0 1 < 1 0 > 0 < 1 0 > 1 < - - 1 0 1 1 1 < 0 < > 0 > 1 < 1 1 < 0 < > ] xyz19=( 43.164606, 46.104180, 6.902548 )

d_27_23=2.343877796076 s=[ 0 0 0 1 1 0 1 < 1 0 > 0 < 1 0 > 1 < - - 1 0 1 1 1 < 0 < > 0 > 1 < 1 1 < 0 < > ] xyz19=( 43.165081, 46.103988, 6.902915 )

d_27_23=2.344077996276 s=[ 0 0 0 1 1 0 1 < 1 0 > 0 < 1 0 > 1 < - - 1 0 1 1 1 < 0 < > 0 > 1 < 1 1 < 0 < > ] xyz19=( 43.165556, 46.103796, 6.903283 )

d_27_23=2.344278196476 s=[ 0 0 0 1 1 0 1 < 1 0 > 0 < 1 0 > 1 < - - 1 0 1 1 1 < 0 < > 0 > 1 < 1 1 < 0 < > ] xyz19=( 43.166031, 46.103604, 6.903650 )

d_27_23=2.344478396677 s=[ 0 0 0 1 1 0 1 < 1 0 > 0 < 1 0 > 1 < - - 1 0 1 1 1 < 0 < < 0 > 1 < 1 1 < 0 < > ] xyz19=( 43.166506, 46.103413, 6.904017 )

d_27_23=2.344678596877 s=[ 0 0 0 1 1 0 1 < 1 0 > 0 < 1 0 > 1 < - - 1 0 1 1 1 < 0 < < 0 > 1 < 1 1 < 0 < > ] xyz19=( 43.166980, 46.103223, 6.904384 )

d_27_23=2.344878797077 s=[ 0 0 0 1 1 0 1 < 1 0 > 0 < 1 0 > 1 < - - 1 0 1 1 1 < 0 < < 0 > 1 < 1 1 < 0 < > ] xyz19=( 43.167454, 46.103032, 6.904751 )

d_27_23=2.345078997277 s=[ 0 0 0 1 1 0 1 < 1 0 > 0 < 1 0 > 1 < - - 1 0 1 1 1 < 0 < < 0 > 1 < 1 1 < 0 < > ] xyz19=( 43.167928, 46.102843, 6.905118 )

d_27_23=2.345279197477 s=[ 0 0 0 1 1 0 1 < 1 0 > 0 < 1 0 > 1 < - - 1 0 1 1 1 < 0 < < 0 > 1 < 1 1 < 0 < > ] xyz19=( 43.168402, 46.102653, 6.905485 )

d_27_23=2.345479397678 s=[ 0 0 0 1 1 0 1 < 1 0 > 0 < 1 0 > 1 < - - 1 0 1 1 1 < 0 < < 0 > 1 < 1 1 < 0 < > ] xyz19=( 43.168875, 46.102464, 6.905851 )

d_27_23=2.345679597878 s=[ 0 0 0 1 1 0 1 < 1 0 > 0 < 1 0 > 1 < - - 1 0 1 1 1 < 0 < < 0 > 1 < 1 1 < 0 < > ] xyz19=( 43.169349, 46.102275, 6.906217 )

d_27_23=2.345879798078 s=[ 0 0 0 1 1 0 1 < 1 0 > 0 < 1 0 > 1 < - - 1 0 1 1 1 < 0 < < 0 > 1 < 1 1 < 0 < > ] xyz19=( 43.169822, 46.102087, 6.906583 )

d_27_23=2.346079998278 s=[ 0 0 0 1 1 0 1 < 1 0 > 0 < 1 0 > 1 < - - 1 0 1 1 1 < 0 < < 0 > 1 < 1 1 < 0 < > ] xyz19=( 43.170294, 46.101899, 6.906949 )

d_27_23=2.346280198478 s=[ 0 0 0 1 1 0 1 < 1 0 > 0 < 1 0 > 1 < - - 1 0 1 1 1 < 0 < < 0 > 1 < 1 1 < 0 < > ] xyz19=( 43.170767, 46.101712, 6.907315 )

d_27_23=2.346480398679 s=[ 0 0 0 1 1 0 1 < 1 0 > 0 < 1 0 > 1 < - - 1 0 1 1 1 < 0 < < 0 > 1 < 1 1 < 0 < > ] xyz19=( 43.171239, 46.101525, 6.907681 )

d_27_23=2.346680598879 s=[ 0 0 0 1 1 0 1 < 1 0 > 0 < 1 0 > 1 < - - 1 0 1 1 1 < 0 < < 0 > 1 < 1 1 < 0 < > ] xyz19=( 43.171711, 46.101338, 6.908046 )

d_27_23=2.346880799079 s=[ 0 0 0 1 1 0 1 < 1 0 > 0 < 1 0 > 1 < - - 1 0 1 1 1 < 0 < < 0 > 1 < 1 1 < 0 < > ] xyz19=( 43.172183, 46.101152, 6.908412 )

