d_27_23=2.342549194747 eijMax=4.258E-03 rmsd=5.718E-02 s=[ 0 0 0 0 0 1 0 0 0 1 1 1 0 0 1 1 0 0 0 0 0 1 0 0 0 0 1 0 0 1 1 0 0 0 0 0 1 0 0 ]
d_27_23=2.342549194747 eijMax=4.258E-03 rmsd=5.710E-02 s=[ 0 0 0 0 0 1 0 0 0 1 1 1 0 0 1 1 0 0 0 0 0 1 0 0 0 0 1 0 1 1 1 0 0 0 0 0 1 0 0 ]
d_27_23=2.344569396768 eijMax=7.283E-04 rmsd=9.892E-03 s=[ 0 0 0 0 0 1 0 0 0 1 1 1 0 0 1 1 0 0 0 0 0 1 0 0 0 0 1 0 0 1 1 0 0 0 0 0 1 0 0 ]
d_27_23=2.344569396768 eijMax=7.283E-04 rmsd=2.890E-02 s=[ 0 0 0 0 0 1 0 0 0 1 1 1 0 0 1 1 0 0 0 0 0 1 0 0 0 0 1 0 0 1 1 0 0 0 0 1 1 0 0 ]
d_27_23=2.344569396768 eijMax=7.283E-04 rmsd=9.941E-03 s=[ 0 0 0 0 0 1 0 0 0 1 1 1 0 0 1 1 0 0 0 0 0 1 0 0 0 0 1 0 1 1 1 0 0 0 0 0 1 0 0 ]
d_27_23=2.344569396768 eijMax=7.283E-04 rmsd=2.891E-02 s=[ 0 0 0 0 0 1 0 0 0 1 1 1 0 0 1 1 0 0 0 0 0 1 0 0 0 0 1 0 1 1 1 0 0 0 0 1 1 0 0 ]
d_27_23=2.346589598788 eijMax=5.449E-03 rmsd=7.419E-02 s=[ 0 0 0 0 0 1 0 0 0 1 1 1 0 0 1 1 0 0 0 0 0 1 0 0 0 0 1 0 0 1 1 0 0 0 0 0 1 0 0 ]
d_27_23=2.346589598788 eijMax=5.449E-03 rmsd=7.624E-02 s=[ 0 0 0 0 0 1 0 0 0 1 1 1 0 0 1 1 0 0 0 0 0 1 0 0 0 0 1 0 0 1 1 0 0 0 0 1 1 0 0 ]
d_27_23=2.346589598788 eijMax=5.449E-03 rmsd=7.426E-02 s=[ 0 0 0 0 0 1 0 0 0 1 1 1 0 0 1 1 0 0 0 0 0 1 0 0 0 0 1 0 1 1 1 0 0 0 0 0 1 0 0 ]
d_27_23=2.346589598788 eijMax=5.449E-03 rmsd=7.631E-02 s=[ 0 0 0 0 0 1 0 0 0 1 1 1 0 0 1 1 0 0 0 0 0 1 0 0 0 0 1 0 1 1 1 0 0 0 0 1 1 0 0 ]
d_27_23=2.342549194747 eijMax=5.729E-03 rmsd=7.695E-02 s=[ 0 0 0 0 0 1 0 0 0 1 1 1 0 0 1 1 0 0 1 0 0 1 0 0 0 0 1 0 0 1 1 0 0 0 0 0 1 0 0 ]
d_27_23=2.342549194747 eijMax=5.729E-03 rmsd=7.687E-02 s=[ 0 0 0 0 0 1 0 0 0 1 1 1 0 0 1 1 0 0 1 0 0 1 0 0 0 0 1 0 1 1 1 0 0 0 0 0 1 0 0 ]
d_27_23=2.344569396768 eijMax=6.756E-04 rmsd=9.448E-03 s=[ 0 0 0 0 0 1 0 0 0 1 1 1 0 0 1 1 0 0 1 0 0 1 0 0 0 0 1 0 0 1 1 0 0 0 0 0 1 0 0 ]
d_27_23=2.344569396768 eijMax=6.756E-04 rmsd=9.348E-03 s=[ 0 0 0 0 0 1 0 0 0 1 1 1 0 0 1 1 0 0 1 0 0 1 0 0 0 0 1 0 1 1 1 0 0 0 0 0 1 0 0 ]
d_27_23=2.346589598788 eijMax=4.115E-03 rmsd=5.564E-02 s=[ 0 0 0 0 0 1 0 0 0 1 1 1 0 0 1 1 0 0 1 0 0 1 0 0 0 0 1 0 0 1 1 0 0 0 0 0 1 0 0 ]
d_27_23=2.346589598788 eijMax=4.115E-03 rmsd=5.938E-02 s=[ 0 0 0 0 0 1 0 0 0 1 1 1 0 0 1 1 0 0 1 0 0 1 0 0 0 0 1 0 0 1 1 0 0 0 0 1 1 0 0 ]
d_27_23=2.346589598788 eijMax=4.115E-03 rmsd=5.571E-02 s=[ 0 0 0 0 0 1 0 0 0 1 1 1 0 0 1 1 0 0 1 0 0 1 0 0 0 0 1 0 1 1 1 0 0 0 0 0 1 0 0 ]
d_27_23=2.346589598788 eijMax=4.115E-03 rmsd=5.944E-02 s=[ 0 0 0 0 0 1 0 0 0 1 1 1 0 0 1 1 0 0 1 0 0 1 0 0 0 0 1 0 1 1 1 0 0 0 0 1 1 0 0 ]
d_27_23=2.342549194747 eijMax=5.729E-03 rmsd=7.687E-02 s=[ 0 0 0 1 1 0 1 1 1 0 0 0 1 1 0 0 1 1 0 1 1 0 1 1 1 1 0 1 0 0 0 1 1 1 1 1 0 1 0 ]
d_27_23=2.342549194747 eijMax=5.729E-03 rmsd=7.695E-02 s=[ 0 0 0 1 1 0 1 1 1 0 0 0 1 1 0 0 1 1 0 1 1 0 1 1 1 1 0 1 1 0 0 1 1 1 1 1 0 1 0 ]
d_27_23=2.344569396768 eijMax=6.756E-04 rmsd=9.348E-03 s=[ 0 0 0 1 1 0 1 1 1 0 0 0 1 1 0 0 1 1 0 1 1 0 1 1 1 1 0 1 0 0 0 1 1 1 1 1 0 1 0 ]
d_27_23=2.344569396768 eijMax=6.756E-04 rmsd=9.448E-03 s=[ 0 0 0 1 1 0 1 1 1 0 0 0 1 1 0 0 1 1 0 1 1 0 1 1 1 1 0 1 1 0 0 1 1 1 1 1 0 1 0 ]
d_27_23=2.346589598788 eijMax=4.115E-03 rmsd=5.944E-02 s=[ 0 0 0 1 1 0 1 1 1 0 0 0 1 1 0 0 1 1 0 1 1 0 1 1 1 1 0 1 0 0 0 1 1 1 1 0 0 1 0 ]
d_27_23=2.346589598788 eijMax=4.115E-03 rmsd=5.571E-02 s=[ 0 0 0 1 1 0 1 1 1 0 0 0 1 1 0 0 1 1 0 1 1 0 1 1 1 1 0 1 0 0 0 1 1 1 1 1 0 1 0 ]
d_27_23=2.346589598788 eijMax=4.115E-03 rmsd=5.938E-02 s=[ 0 0 0 1 1 0 1 1 1 0 0 0 1 1 0 0 1 1 0 1 1 0 1 1 1 1 0 1 1 0 0 1 1 1 1 0 0 1 0 ]
d_27_23=2.346589598788 eijMax=4.115E-03 rmsd=5.564E-02 s=[ 0 0 0 1 1 0 1 1 1 0 0 0 1 1 0 0 1 1 0 1 1 0 1 1 1 1 0 1 1 0 0 1 1 1 1 1 0 1 0 ]
d_27_23=2.342549194747 eijMax=4.258E-03 rmsd=5.710E-02 s=[ 0 0 0 1 1 0 1 1 1 0 0 0 1 1 0 0 1 1 1 1 1 0 1 1 1 1 0 1 0 0 0 1 1 1 1 1 0 1 0 ]
d_27_23=2.342549194747 eijMax=4.258E-03 rmsd=5.718E-02 s=[ 0 0 0 1 1 0 1 1 1 0 0 0 1 1 0 0 1 1 1 1 1 0 1 1 1 1 0 1 1 0 0 1 1 1 1 1 0 1 0 ]
d_27_23=2.344569396768 eijMax=7.283E-04 rmsd=2.891E-02 s=[ 0 0 0 1 1 0 1 1 1 0 0 0 1 1 0 0 1 1 1 1 1 0 1 1 1 1 0 1 0 0 0 1 1 1 1 0 0 1 0 ]
d_27_23=2.344569396768 eijMax=7.283E-04 rmsd=9.941E-03 s=[ 0 0 0 1 1 0 1 1 1 0 0 0 1 1 0 0 1 1 1 1 1 0 1 1 1 1 0 1 0 0 0 1 1 1 1 1 0 1 0 ]
d_27_23=2.344569396768 eijMax=7.283E-04 rmsd=2.890E-02 s=[ 0 0 0 1 1 0 1 1 1 0 0 0 1 1 0 0 1 1 1 1 1 0 1 1 1 1 0 1 1 0 0 1 1 1 1 0 0 1 0 ]
d_27_23=2.344569396768 eijMax=7.283E-04 rmsd=9.892E-03 s=[ 0 0 0 1 1 0 1 1 1 0 0 0 1 1 0 0 1 1 1 1 1 0 1 1 1 1 0 1 1 0 0 1 1 1 1 1 0 1 0 ]
d_27_23=2.346589598788 eijMax=5.449E-03 rmsd=7.631E-02 s=[ 0 0 0 1 1 0 1 1 1 0 0 0 1 1 0 0 1 1 1 1 1 0 1 1 1 1 0 1 0 0 0 1 1 1 1 0 0 1 0 ]
d_27_23=2.346589598788 eijMax=5.449E-03 rmsd=7.426E-02 s=[ 0 0 0 1 1 0 1 1 1 0 0 0 1 1 0 0 1 1 1 1 1 0 1 1 1 1 0 1 0 0 0 1 1 1 1 1 0 1 0 ]
d_27_23=2.346589598788 eijMax=5.449E-03 rmsd=7.624E-02 s=[ 0 0 0 1 1 0 1 1 1 0 0 0 1 1 0 0 1 1 1 1 1 0 1 1 1 1 0 1 1 0 0 1 1 1 1 0 0 1 0 ]
d_27_23=2.346589598788 eijMax=5.449E-03 rmsd=7.419E-02 s=[ 0 0 0 1 1 0 1 1 1 0 0 0 1 1 0 0 1 1 1 1 1 0 1 1 1 1 0 1 1 0 0 1 1 1 1 1 0 1 0 ]
num ..... 100
nnodes .. 39
nedges .. 215
nsols ... 36
tsecs ... 1.699641
