order:    [ 1 19 20 0 35 34 33 37 30 29 36 28 32 25 24 31 23 27 26 22 18 10 11 15 14 21 13 17 16 9 2 3 6 5 12 4 8 7 ]
atoms:    [ CA CA C N C CA N HA C CA H N HA C CA H N HA H HA N CA C C CA H N HA H N C HA C CA H N HA H ]
residues: [ 0 4 4 0 7 7 7 7 6 6 7 6 6 5 5 6 5 5 5 4 4 2 2 3 3 4 3 3 3 2 0 0 1 1 2 1 1 1 ]

d_26_22=2.537829512727 eijMax=7.076E-03 rmsd=5.853E-02 s=[ 0 0 0 0 0 1 0 0 1 1 1 1 0 0 0 0 0 0 0 0 0 1 0 0 0 0 1 0 0 0 0 0 1 1 0 1 0 1 ]
d_26_22=2.539849714747 eijMax=3.594E-03 rmsd=2.993E-02 s=[ 0 0 0 0 0 1 0 0 1 1 1 1 0 0 0 0 0 0 0 0 0 1 0 0 0 0 1 0 0 0 0 0 1 1 0 1 0 1 ]
d_26_22=2.541869916768 eijMax=1.645E-04 rmsd=1.349E-03 s=[ 0 0 0 0 0 1 0 0 1 1 1 1 0 0 0 0 0 0 0 0 0 1 0 0 0 0 1 0 0 0 0 0 1 1 0 1 0 1 ]
d_26_22=2.543890118788 eijMax=3.195E-03 rmsd=2.717E-02 s=[ 0 0 0 0 0 1 0 0 1 1 1 1 0 0 0 0 0 0 0 0 0 1 0 0 0 0 1 0 0 0 0 0 1 1 0 1 0 0 ]
d_26_22=2.545910320808 eijMax=6.529E-03 rmsd=5.579E-02 s=[ 0 0 0 0 0 1 0 0 1 1 1 1 0 0 0 0 0 0 0 0 0 1 0 0 0 0 1 0 0 0 0 0 1 1 0 1 0 0 ]
d_26_22=2.547930522828 eijMax=9.820E-03 rmsd=9.370E-02 s=[ 0 0 0 0 0 1 0 0 1 1 1 1 0 0 0 0 0 0 0 0 0 1 0 0 0 1 1 0 0 0 0 0 1 1 0 1 0 0 ]
d_26_22=2.537829512727 eijMax=7.076E-03 rmsd=5.853E-02 s=[ 0 0 0 1 1 0 1 1 0 0 0 0 1 1 1 1 1 1 0 1 1 0 1 1 1 1 0 1 0 1 1 1 0 0 1 0 1 0 ]
d_26_22=2.539849714747 eijMax=3.594E-03 rmsd=2.993E-02 s=[ 0 0 0 1 1 0 1 1 0 0 0 0 1 1 1 1 1 1 0 1 1 0 1 1 1 1 0 1 0 1 1 1 0 0 1 0 1 0 ]
d_26_22=2.541869916768 eijMax=1.645E-04 rmsd=1.349E-03 s=[ 0 0 0 1 1 0 1 1 0 0 0 0 1 1 1 1 1 1 0 1 1 0 1 1 1 1 0 1 0 1 1 1 0 0 1 0 1 0 ]
d_26_22=2.543890118788 eijMax=3.195E-03 rmsd=2.717E-02 s=[ 0 0 0 1 1 0 1 1 0 0 0 0 1 1 1 1 1 1 0 1 1 0 1 1 1 1 0 1 0 1 1 1 0 0 1 0 1 1 ]
d_26_22=2.545910320808 eijMax=6.529E-03 rmsd=5.579E-02 s=[ 0 0 0 1 1 0 1 1 0 0 0 0 1 1 1 1 1 1 0 1 1 0 1 1 1 1 0 1 0 1 1 1 0 0 1 0 1 1 ]
d_26_22=2.547930522828 eijMax=9.820E-03 rmsd=9.370E-02 s=[ 0 0 0 1 1 0 1 1 0 0 0 0 1 1 1 1 1 1 0 1 1 0 1 1 1 0 0 1 0 1 1 1 0 0 1 0 1 1 ]
num ..... 100
nnodes .. 38
nedges .. 197
nsols ... 368
nbbsols . 12
tsecs ... 7.824401
