xyz18=( 78.630133 53.826228 26.329305 )
xyz18=( 78.630133 53.826228 26.329305 )
xyz18=( 78.630133 53.826228 26.329305 )
xyz18=( 78.630133 53.826228 26.329305 )
xyz18=( 78.630133 53.826228 26.329305 )
xyz18=( 78.630133 53.826228 26.329305 )
xyz18=( 78.630133 53.826228 26.329305 )
xyz18=( 78.630133 53.826228 26.329305 )
xyz18=( 78.631148 53.829980 26.330515 )
xyz18=( 78.631148 53.829980 26.330515 )
xyz18=( 78.631148 53.829980 26.330515 )
xyz18=( 78.631148 53.829980 26.330515 )
xyz18=( 78.631148 53.829980 26.330515 )
xyz18=( 78.631148 53.829980 26.330515 )
xyz18=( 78.631148 53.829980 26.330515 )
xyz18=( 78.631148 53.829980 26.330515 )
xyz18=( 78.632159 53.833724 26.331736 )
xyz18=( 78.632159 53.833724 26.331736 )
xyz18=( 78.632159 53.833724 26.331736 )
xyz18=( 78.632159 53.833724 26.331736 )
xyz18=( 78.632159 53.833724 26.331736 )
xyz18=( 78.632159 53.833724 26.331736 )
xyz18=( 78.632159 53.833724 26.331736 )
xyz18=( 78.632159 53.833724 26.331736 )
xyz18=( 78.633166 53.837460 26.332966 )
xyz18=( 78.633166 53.837460 26.332966 )
xyz18=( 78.633166 53.837460 26.332966 )
xyz18=( 78.633166 53.837460 26.332966 )
xyz18=( 78.633166 53.837460 26.332966 )
xyz18=( 78.633166 53.837460 26.332966 )
xyz18=( 78.633166 53.837460 26.332966 )
xyz18=( 78.633166 53.837460 26.332966 )
xyz18=( 78.634168 53.841189 26.334206 )
xyz18=( 78.634168 53.841189 26.334206 )
xyz18=( 78.634168 53.841189 26.334206 )
xyz18=( 78.634168 53.841189 26.334206 )
xyz18=( 78.634168 53.841189 26.334206 )
xyz18=( 78.634168 53.841189 26.334206 )
xyz18=( 78.634168 53.841189 26.334206 )
xyz18=( 78.634168 53.841189 26.334206 )
xyz18=( 78.635166 53.844911 26.335455 )
xyz18=( 78.635166 53.844911 26.335455 )
xyz18=( 78.635166 53.844911 26.335455 )
xyz18=( 78.635166 53.844911 26.335455 )
xyz18=( 78.630133 53.826228 26.329305 )
xyz18=( 78.630133 53.826228 26.329305 )
xyz18=( 78.630133 53.826228 26.329305 )
xyz18=( 78.630133 53.826228 26.329305 )
xyz18=( 78.630133 53.826228 26.329305 )
xyz18=( 78.630133 53.826228 26.329305 )
xyz18=( 78.630133 53.826228 26.329305 )
xyz18=( 78.630133 53.826228 26.329305 )
xyz18=( 78.631148 53.829980 26.330515 )
xyz18=( 78.631148 53.829980 26.330515 )
xyz18=( 78.631148 53.829980 26.330515 )
xyz18=( 78.631148 53.829980 26.330515 )
xyz18=( 78.631148 53.829980 26.330515 )
xyz18=( 78.631148 53.829980 26.330515 )
xyz18=( 78.631148 53.829980 26.330515 )
xyz18=( 78.631148 53.829980 26.330515 )
xyz18=( 78.632159 53.833724 26.331736 )
xyz18=( 78.632159 53.833724 26.331736 )
xyz18=( 78.632159 53.833724 26.331736 )
xyz18=( 78.632159 53.833724 26.331736 )
xyz18=( 78.632159 53.833724 26.331736 )
xyz18=( 78.632159 53.833724 26.331736 )
xyz18=( 78.632159 53.833724 26.331736 )
xyz18=( 78.632159 53.833724 26.331736 )
xyz18=( 78.633166 53.837460 26.332966 )
xyz18=( 78.633166 53.837460 26.332966 )
xyz18=( 78.633166 53.837460 26.332966 )
xyz18=( 78.633166 53.837460 26.332966 )
xyz18=( 78.633166 53.837460 26.332966 )
xyz18=( 78.633166 53.837460 26.332966 )
xyz18=( 78.633166 53.837460 26.332966 )
xyz18=( 78.633166 53.837460 26.332966 )
xyz18=( 78.634168 53.841189 26.334206 )
xyz18=( 78.634168 53.841189 26.334206 )
xyz18=( 78.634168 53.841189 26.334206 )
xyz18=( 78.634168 53.841189 26.334206 )
xyz18=( 78.634168 53.841189 26.334206 )
xyz18=( 78.634168 53.841189 26.334206 )
xyz18=( 78.634168 53.841189 26.334206 )
xyz18=( 78.634168 53.841189 26.334206 )
xyz18=( 78.635166 53.844911 26.335455 )
xyz18=( 78.635166 53.844911 26.335455 )
xyz18=( 78.635166 53.844911 26.335455 )
xyz18=( 78.635166 53.844911 26.335455 )
xyz18=( 78.635166 53.844911 26.335455 )
xyz18=( 78.635166 53.844911 26.335455 )
xyz18=( 78.635166 53.844911 26.335455 )
xyz18=( 78.635166 53.844911 26.335455 )
xyz18=( 78.630133 53.826228 26.329305 )
xyz18=( 78.630133 53.826228 26.329305 )
xyz18=( 78.630133 53.826228 26.329305 )
xyz18=( 78.630133 53.826228 26.329305 )
xyz18=( 78.630133 53.826228 26.329305 )
xyz18=( 78.630133 53.826228 26.329305 )
xyz18=( 78.630133 53.826228 26.329305 )
xyz18=( 78.630133 53.826228 26.329305 )
xyz18=( 78.631148 53.829980 26.330515 )
xyz18=( 78.631148 53.829980 26.330515 )
xyz18=( 78.631148 53.829980 26.330515 )
xyz18=( 78.631148 53.829980 26.330515 )
xyz18=( 78.631148 53.829980 26.330515 )
xyz18=( 78.631148 53.829980 26.330515 )
xyz18=( 78.631148 53.829980 26.330515 )
xyz18=( 78.631148 53.829980 26.330515 )
xyz18=( 78.632159 53.833724 26.331736 )
xyz18=( 78.632159 53.833724 26.331736 )
xyz18=( 78.632159 53.833724 26.331736 )
xyz18=( 78.632159 53.833724 26.331736 )
xyz18=( 78.632159 53.833724 26.331736 )
xyz18=( 78.632159 53.833724 26.331736 )
xyz18=( 78.632159 53.833724 26.331736 )
xyz18=( 78.632159 53.833724 26.331736 )
xyz18=( 78.633166 53.837460 26.332966 )
xyz18=( 78.633166 53.837460 26.332966 )
xyz18=( 78.633166 53.837460 26.332966 )
xyz18=( 78.633166 53.837460 26.332966 )
xyz18=( 78.633166 53.837460 26.332966 )
xyz18=( 78.633166 53.837460 26.332966 )
xyz18=( 78.633166 53.837460 26.332966 )
xyz18=( 78.633166 53.837460 26.332966 )
xyz18=( 78.634168 53.841189 26.334206 )
xyz18=( 78.634168 53.841189 26.334206 )
xyz18=( 78.634168 53.841189 26.334206 )
xyz18=( 78.634168 53.841189 26.334206 )
xyz18=( 78.634168 53.841189 26.334206 )
xyz18=( 78.634168 53.841189 26.334206 )
xyz18=( 78.634168 53.841189 26.334206 )
xyz18=( 78.634168 53.841189 26.334206 )
xyz18=( 78.635166 53.844911 26.335455 )
xyz18=( 78.635166 53.844911 26.335455 )
xyz18=( 78.635166 53.844911 26.335455 )
xyz18=( 78.635166 53.844911 26.335455 )
xyz18=( 78.630133 53.826228 26.329305 )
xyz18=( 78.630133 53.826228 26.329305 )
xyz18=( 78.630133 53.826228 26.329305 )
xyz18=( 78.630133 53.826228 26.329305 )
xyz18=( 78.630133 53.826228 26.329305 )
xyz18=( 78.630133 53.826228 26.329305 )
xyz18=( 78.630133 53.826228 26.329305 )
xyz18=( 78.630133 53.826228 26.329305 )
xyz18=( 78.631148 53.829980 26.330515 )
xyz18=( 78.631148 53.829980 26.330515 )
xyz18=( 78.631148 53.829980 26.330515 )
xyz18=( 78.631148 53.829980 26.330515 )
xyz18=( 78.631148 53.829980 26.330515 )
xyz18=( 78.631148 53.829980 26.330515 )
xyz18=( 78.631148 53.829980 26.330515 )
xyz18=( 78.631148 53.829980 26.330515 )
xyz18=( 78.632159 53.833724 26.331736 )
xyz18=( 78.632159 53.833724 26.331736 )
xyz18=( 78.632159 53.833724 26.331736 )
xyz18=( 78.632159 53.833724 26.331736 )
xyz18=( 78.632159 53.833724 26.331736 )
xyz18=( 78.632159 53.833724 26.331736 )
xyz18=( 78.632159 53.833724 26.331736 )
xyz18=( 78.632159 53.833724 26.331736 )
xyz18=( 78.633166 53.837460 26.332966 )
xyz18=( 78.633166 53.837460 26.332966 )
xyz18=( 78.633166 53.837460 26.332966 )
xyz18=( 78.633166 53.837460 26.332966 )
xyz18=( 78.633166 53.837460 26.332966 )
xyz18=( 78.633166 53.837460 26.332966 )
xyz18=( 78.633166 53.837460 26.332966 )
xyz18=( 78.633166 53.837460 26.332966 )
xyz18=( 78.634168 53.841189 26.334206 )
xyz18=( 78.634168 53.841189 26.334206 )
xyz18=( 78.634168 53.841189 26.334206 )
xyz18=( 78.634168 53.841189 26.334206 )
xyz18=( 78.634168 53.841189 26.334206 )
xyz18=( 78.634168 53.841189 26.334206 )
xyz18=( 78.634168 53.841189 26.334206 )
xyz18=( 78.634168 53.841189 26.334206 )
xyz18=( 78.635166 53.844911 26.335455 )
xyz18=( 78.635166 53.844911 26.335455 )
xyz18=( 78.635166 53.844911 26.335455 )
xyz18=( 78.635166 53.844911 26.335455 )
xyz18=( 78.635166 53.844911 26.335455 )
xyz18=( 78.635166 53.844911 26.335455 )
xyz18=( 78.635166 53.844911 26.335455 )
xyz18=( 78.635166 53.844911 26.335455 )
xyz18=( 78.438089 53.221835 26.285672 )
xyz18=( 78.438089 53.221835 26.285672 )
xyz18=( 78.438089 53.221835 26.285672 )
xyz18=( 78.438089 53.221835 26.285672 )
xyz18=( 78.438089 53.221835 26.285672 )
xyz18=( 78.438089 53.221835 26.285672 )
xyz18=( 78.438089 53.221835 26.285672 )
xyz18=( 78.438089 53.221835 26.285672 )
xyz18=( 78.436713 53.218062 26.286339 )
xyz18=( 78.436713 53.218062 26.286339 )
xyz18=( 78.436713 53.218062 26.286339 )
xyz18=( 78.436713 53.218062 26.286339 )
xyz18=( 78.436713 53.218062 26.286339 )
xyz18=( 78.436713 53.218062 26.286339 )
xyz18=( 78.436713 53.218062 26.286339 )
xyz18=( 78.436713 53.218062 26.286339 )
xyz18=( 78.435338 53.214297 26.287017 )
xyz18=( 78.435338 53.214297 26.287017 )
xyz18=( 78.435338 53.214297 26.287017 )
xyz18=( 78.435338 53.214297 26.287017 )
xyz18=( 78.435338 53.214297 26.287017 )
xyz18=( 78.435338 53.214297 26.287017 )
xyz18=( 78.435338 53.214297 26.287017 )
xyz18=( 78.435338 53.214297 26.287017 )
xyz18=( 78.433963 53.210539 26.287706 )
xyz18=( 78.433963 53.210539 26.287706 )
xyz18=( 78.433963 53.210539 26.287706 )
xyz18=( 78.433963 53.210539 26.287706 )
xyz18=( 78.433963 53.210539 26.287706 )
xyz18=( 78.433963 53.210539 26.287706 )
xyz18=( 78.433963 53.210539 26.287706 )
xyz18=( 78.433963 53.210539 26.287706 )
xyz18=( 78.432589 53.206788 26.288406 )
xyz18=( 78.432589 53.206788 26.288406 )
xyz18=( 78.432589 53.206788 26.288406 )
xyz18=( 78.432589 53.206788 26.288406 )
xyz18=( 78.432589 53.206788 26.288406 )
xyz18=( 78.432589 53.206788 26.288406 )
xyz18=( 78.432589 53.206788 26.288406 )
xyz18=( 78.432589 53.206788 26.288406 )
xyz18=( 78.431215 53.203045 26.289117 )
xyz18=( 78.431215 53.203045 26.289117 )
xyz18=( 78.431215 53.203045 26.289117 )
xyz18=( 78.431215 53.203045 26.289117 )
xyz18=( 78.431215 53.203045 26.289117 )
xyz18=( 78.431215 53.203045 26.289117 )
xyz18=( 78.431215 53.203045 26.289117 )
xyz18=( 78.431215 53.203045 26.289117 )
xyz18=( 78.438089 53.221835 26.285672 )
xyz18=( 78.438089 53.221835 26.285672 )
xyz18=( 78.438089 53.221835 26.285672 )
xyz18=( 78.438089 53.221835 26.285672 )
xyz18=( 78.438089 53.221835 26.285672 )
xyz18=( 78.438089 53.221835 26.285672 )
xyz18=( 78.438089 53.221835 26.285672 )
xyz18=( 78.438089 53.221835 26.285672 )
xyz18=( 78.436713 53.218062 26.286339 )
xyz18=( 78.436713 53.218062 26.286339 )
xyz18=( 78.436713 53.218062 26.286339 )
xyz18=( 78.436713 53.218062 26.286339 )
xyz18=( 78.436713 53.218062 26.286339 )
xyz18=( 78.436713 53.218062 26.286339 )
xyz18=( 78.436713 53.218062 26.286339 )
xyz18=( 78.436713 53.218062 26.286339 )
xyz18=( 78.435338 53.214297 26.287017 )
xyz18=( 78.435338 53.214297 26.287017 )
xyz18=( 78.435338 53.214297 26.287017 )
xyz18=( 78.435338 53.214297 26.287017 )
xyz18=( 78.435338 53.214297 26.287017 )
xyz18=( 78.435338 53.214297 26.287017 )
xyz18=( 78.435338 53.214297 26.287017 )
xyz18=( 78.435338 53.214297 26.287017 )
xyz18=( 78.433963 53.210539 26.287706 )
xyz18=( 78.433963 53.210539 26.287706 )
xyz18=( 78.433963 53.210539 26.287706 )
xyz18=( 78.433963 53.210539 26.287706 )
xyz18=( 78.433963 53.210539 26.287706 )
xyz18=( 78.433963 53.210539 26.287706 )
xyz18=( 78.433963 53.210539 26.287706 )
xyz18=( 78.433963 53.210539 26.287706 )
xyz18=( 78.432589 53.206788 26.288406 )
xyz18=( 78.432589 53.206788 26.288406 )
xyz18=( 78.432589 53.206788 26.288406 )
xyz18=( 78.432589 53.206788 26.288406 )
xyz18=( 78.432589 53.206788 26.288406 )
xyz18=( 78.432589 53.206788 26.288406 )
xyz18=( 78.432589 53.206788 26.288406 )
xyz18=( 78.432589 53.206788 26.288406 )
xyz18=( 78.431215 53.203045 26.289117 )
xyz18=( 78.431215 53.203045 26.289117 )
xyz18=( 78.431215 53.203045 26.289117 )
xyz18=( 78.431215 53.203045 26.289117 )
xyz18=( 78.438089 53.221835 26.285672 )
xyz18=( 78.438089 53.221835 26.285672 )
xyz18=( 78.438089 53.221835 26.285672 )
xyz18=( 78.438089 53.221835 26.285672 )
xyz18=( 78.438089 53.221835 26.285672 )
xyz18=( 78.438089 53.221835 26.285672 )
xyz18=( 78.438089 53.221835 26.285672 )
xyz18=( 78.438089 53.221835 26.285672 )
xyz18=( 78.436713 53.218062 26.286339 )
xyz18=( 78.436713 53.218062 26.286339 )
xyz18=( 78.436713 53.218062 26.286339 )
xyz18=( 78.436713 53.218062 26.286339 )
xyz18=( 78.436713 53.218062 26.286339 )
xyz18=( 78.436713 53.218062 26.286339 )
xyz18=( 78.436713 53.218062 26.286339 )
xyz18=( 78.436713 53.218062 26.286339 )
xyz18=( 78.435338 53.214297 26.287017 )
xyz18=( 78.435338 53.214297 26.287017 )
xyz18=( 78.435338 53.214297 26.287017 )
xyz18=( 78.435338 53.214297 26.287017 )
xyz18=( 78.435338 53.214297 26.287017 )
xyz18=( 78.435338 53.214297 26.287017 )
xyz18=( 78.435338 53.214297 26.287017 )
xyz18=( 78.435338 53.214297 26.287017 )
xyz18=( 78.433963 53.210539 26.287706 )
xyz18=( 78.433963 53.210539 26.287706 )
xyz18=( 78.433963 53.210539 26.287706 )
xyz18=( 78.433963 53.210539 26.287706 )
xyz18=( 78.433963 53.210539 26.287706 )
xyz18=( 78.433963 53.210539 26.287706 )
xyz18=( 78.433963 53.210539 26.287706 )
xyz18=( 78.433963 53.210539 26.287706 )
xyz18=( 78.432589 53.206788 26.288406 )
xyz18=( 78.432589 53.206788 26.288406 )
xyz18=( 78.432589 53.206788 26.288406 )
xyz18=( 78.432589 53.206788 26.288406 )
xyz18=( 78.432589 53.206788 26.288406 )
xyz18=( 78.432589 53.206788 26.288406 )
xyz18=( 78.432589 53.206788 26.288406 )
xyz18=( 78.432589 53.206788 26.288406 )
xyz18=( 78.431215 53.203045 26.289117 )
xyz18=( 78.431215 53.203045 26.289117 )
xyz18=( 78.431215 53.203045 26.289117 )
xyz18=( 78.431215 53.203045 26.289117 )
xyz18=( 78.431215 53.203045 26.289117 )
xyz18=( 78.431215 53.203045 26.289117 )
xyz18=( 78.431215 53.203045 26.289117 )
xyz18=( 78.431215 53.203045 26.289117 )
xyz18=( 78.438089 53.221835 26.285672 )
xyz18=( 78.438089 53.221835 26.285672 )
xyz18=( 78.438089 53.221835 26.285672 )
xyz18=( 78.438089 53.221835 26.285672 )
xyz18=( 78.438089 53.221835 26.285672 )
xyz18=( 78.438089 53.221835 26.285672 )
xyz18=( 78.438089 53.221835 26.285672 )
xyz18=( 78.438089 53.221835 26.285672 )
xyz18=( 78.436713 53.218062 26.286339 )
xyz18=( 78.436713 53.218062 26.286339 )
xyz18=( 78.436713 53.218062 26.286339 )
xyz18=( 78.436713 53.218062 26.286339 )
xyz18=( 78.436713 53.218062 26.286339 )
xyz18=( 78.436713 53.218062 26.286339 )
xyz18=( 78.436713 53.218062 26.286339 )
xyz18=( 78.436713 53.218062 26.286339 )
xyz18=( 78.435338 53.214297 26.287017 )
xyz18=( 78.435338 53.214297 26.287017 )
xyz18=( 78.435338 53.214297 26.287017 )
xyz18=( 78.435338 53.214297 26.287017 )
xyz18=( 78.435338 53.214297 26.287017 )
xyz18=( 78.435338 53.214297 26.287017 )
xyz18=( 78.435338 53.214297 26.287017 )
xyz18=( 78.435338 53.214297 26.287017 )
xyz18=( 78.433963 53.210539 26.287706 )
xyz18=( 78.433963 53.210539 26.287706 )
xyz18=( 78.433963 53.210539 26.287706 )
xyz18=( 78.433963 53.210539 26.287706 )
xyz18=( 78.433963 53.210539 26.287706 )
xyz18=( 78.433963 53.210539 26.287706 )
xyz18=( 78.433963 53.210539 26.287706 )
xyz18=( 78.433963 53.210539 26.287706 )
xyz18=( 78.432589 53.206788 26.288406 )
xyz18=( 78.432589 53.206788 26.288406 )
xyz18=( 78.432589 53.206788 26.288406 )
xyz18=( 78.432589 53.206788 26.288406 )
xyz18=( 78.432589 53.206788 26.288406 )
xyz18=( 78.432589 53.206788 26.288406 )
xyz18=( 78.432589 53.206788 26.288406 )
xyz18=( 78.432589 53.206788 26.288406 )
xyz18=( 78.431215 53.203045 26.289117 )
xyz18=( 78.431215 53.203045 26.289117 )
xyz18=( 78.431215 53.203045 26.289117 )
xyz18=( 78.431215 53.203045 26.289117 )
