order:    [ 1 19 20 0 35 34 33 37 30 29 36 28 32 25 24 31 23 27 26 22 18 10 11 15 14 21 13 17 16 9 2 3 6 5 12 4 8 7 ]
atoms:    [ CA CA C N C CA N HA C CA H N HA C CA H N HA H HA N CA C C CA H N HA H N C HA C CA H N HA H ]
residues: [ 0 4 4 0 7 7 7 7 6 6 7 6 6 5 5 6 5 5 5 4 4 2 2 3 3 4 3 3 3 2 0 0 1 1 2 1 1 1 ]

d_26_22=2.536173311071 eijMax=9.973E-03 rmsd=8.197E-02 s=[ 0 0 0 0 0 1 0 0 1 1 1 1 0 0 0 0 0 0 0 0 0 1 0 0 0 0 1 0 0 0 0 0 1 1 0 1 0 1 ]
d_26_22=2.536373511271 eijMax=9.621E-03 rmsd=7.914E-02 s=[ 0 0 0 0 0 1 0 0 1 1 1 1 0 0 0 0 0 0 0 0 0 1 0 0 0 0 1 0 0 0 0 0 1 1 0 1 0 1 ]
d_26_22=2.536573711471 eijMax=9.269E-03 rmsd=7.631E-02 s=[ 0 0 0 0 0 1 0 0 1 1 1 1 0 0 0 0 0 0 0 0 0 1 0 0 0 0 1 0 0 0 0 0 1 1 0 1 0 1 ]
d_26_22=2.536773911672 eijMax=8.918E-03 rmsd=7.347E-02 s=[ 0 0 0 0 0 1 0 0 1 1 1 1 0 0 0 0 0 0 0 0 0 1 0 0 0 0 1 0 0 0 0 0 1 1 0 1 0 1 ]
d_26_22=2.536974111872 eijMax=8.567E-03 rmsd=7.064E-02 s=[ 0 0 0 0 0 1 0 0 1 1 1 1 0 0 0 0 0 0 0 0 0 1 0 0 0 0 1 0 0 0 0 0 1 1 0 1 0 1 ]
d_26_22=2.537174312072 eijMax=8.218E-03 rmsd=6.780E-02 s=[ 0 0 0 0 0 1 0 0 1 1 1 1 0 0 0 0 0 0 0 0 0 1 0 0 0 0 1 0 0 0 0 0 1 1 0 1 0 1 ]
d_26_22=2.537374512272 eijMax=7.868E-03 rmsd=6.497E-02 s=[ 0 0 0 0 0 1 0 0 1 1 1 1 0 0 0 0 0 0 0 0 0 1 0 0 0 0 1 0 0 0 0 0 1 1 0 1 0 1 ]
d_26_22=2.537574712472 eijMax=7.519E-03 rmsd=6.214E-02 s=[ 0 0 0 0 0 1 0 0 1 1 1 1 0 0 0 0 0 0 0 0 0 1 0 0 0 0 1 0 0 0 0 0 1 1 0 1 0 1 ]
d_26_22=2.537774912673 eijMax=7.171E-03 rmsd=5.930E-02 s=[ 0 0 0 0 0 1 0 0 1 1 1 1 0 0 0 0 0 0 0 0 0 1 0 0 0 0 1 0 0 0 0 0 1 1 0 1 0 1 ]
d_26_22=2.537975112873 eijMax=6.823E-03 rmsd=5.647E-02 s=[ 0 0 0 0 0 1 0 0 1 1 1 1 0 0 0 0 0 0 0 0 0 1 0 0 0 0 1 0 0 0 0 0 1 1 0 1 0 1 ]
d_26_22=2.538175313073 eijMax=6.476E-03 rmsd=5.363E-02 s=[ 0 0 0 0 0 1 0 0 1 1 1 1 0 0 0 0 0 0 0 0 0 1 0 0 0 0 1 0 0 0 0 0 1 1 0 1 0 1 ]
d_26_22=2.538375513273 eijMax=6.130E-03 rmsd=5.080E-02 s=[ 0 0 0 0 0 1 0 0 1 1 1 1 0 0 0 0 0 0 0 0 0 1 0 0 0 0 1 0 0 0 0 0 1 1 0 1 0 1 ]
d_26_22=2.538575713473 eijMax=5.784E-03 rmsd=4.797E-02 s=[ 0 0 0 0 0 1 0 0 1 1 1 1 0 0 0 0 0 0 0 0 0 1 0 0 0 0 1 0 0 0 0 0 1 1 0 1 0 1 ]
d_26_22=2.538775913674 eijMax=5.438E-03 rmsd=4.513E-02 s=[ 0 0 0 0 0 1 0 0 1 1 1 1 0 0 0 0 0 0 0 0 0 1 0 0 0 0 1 0 0 0 0 0 1 1 0 1 0 1 ]
d_26_22=2.538976113874 eijMax=5.093E-03 rmsd=4.230E-02 s=[ 0 0 0 0 0 1 0 0 1 1 1 1 0 0 0 0 0 0 0 0 0 1 0 0 0 0 1 0 0 0 0 0 1 1 0 1 0 1 ]
d_26_22=2.539176314074 eijMax=4.749E-03 rmsd=3.947E-02 s=[ 0 0 0 0 0 1 0 0 1 1 1 1 0 0 0 0 0 0 0 0 0 1 0 0 0 0 1 0 0 0 0 0 1 1 0 1 0 1 ]
d_26_22=2.539376514274 eijMax=4.405E-03 rmsd=3.663E-02 s=[ 0 0 0 0 0 1 0 0 1 1 1 1 0 0 0 0 0 0 0 0 0 1 0 0 0 0 1 0 0 0 0 0 1 1 0 1 0 1 ]
d_26_22=2.539576714474 eijMax=4.061E-03 rmsd=3.380E-02 s=[ 0 0 0 0 0 1 0 0 1 1 1 1 0 0 0 0 0 0 0 0 0 1 0 0 0 0 1 0 0 0 0 0 1 1 0 1 0 1 ]
d_26_22=2.539776914675 eijMax=3.719E-03 rmsd=3.096E-02 s=[ 0 0 0 0 0 1 0 0 1 1 1 1 0 0 0 0 0 0 0 0 0 1 0 0 0 0 1 0 0 0 0 0 1 1 0 1 0 1 ]
d_26_22=2.539977114875 eijMax=3.376E-03 rmsd=2.813E-02 s=[ 0 0 0 0 0 1 0 0 1 1 1 1 0 0 0 0 0 0 0 0 0 1 0 0 0 0 1 0 0 0 0 0 1 1 0 1 0 1 ]
d_26_22=2.540177315075 eijMax=3.034E-03 rmsd=2.530E-02 s=[ 0 0 0 0 0 1 0 0 1 1 1 1 0 0 0 0 0 0 0 0 0 1 0 0 0 0 1 0 0 0 0 0 1 1 0 1 0 1 ]
d_26_22=2.540377515275 eijMax=2.693E-03 rmsd=2.246E-02 s=[ 0 0 0 0 0 1 0 0 1 1 1 1 0 0 0 0 0 0 0 0 0 1 0 0 0 0 1 0 0 0 0 0 1 1 0 1 0 1 ]
d_26_22=2.540577715475 eijMax=2.352E-03 rmsd=1.963E-02 s=[ 0 0 0 0 0 1 0 0 1 1 1 1 0 0 0 0 0 0 0 0 0 1 0 0 0 0 1 0 0 0 0 0 1 1 0 1 0 1 ]
d_26_22=2.540777915676 eijMax=2.012E-03 rmsd=1.680E-02 s=[ 0 0 0 0 0 1 0 0 1 1 1 1 0 0 0 0 0 0 0 0 0 1 0 0 0 0 1 0 0 0 0 0 1 1 0 1 0 1 ]
d_26_22=2.540978115876 eijMax=1.672E-03 rmsd=1.396E-02 s=[ 0 0 0 0 0 1 0 0 1 1 1 1 0 0 0 0 0 0 0 0 0 1 0 0 0 0 1 0 0 0 0 0 1 1 0 1 0 1 ]
d_26_22=2.541178316076 eijMax=1.333E-03 rmsd=1.113E-02 s=[ 0 0 0 0 0 1 0 0 1 1 1 1 0 0 0 0 0 0 0 0 0 1 0 0 0 0 1 0 0 0 0 0 1 1 0 1 0 1 ]
d_26_22=2.541378516276 eijMax=9.940E-04 rmsd=8.295E-03 s=[ 0 0 0 0 0 1 0 0 1 1 1 1 0 0 0 0 0 0 0 0 0 1 0 0 0 0 1 0 0 0 0 0 1 1 0 1 0 1 ]
d_26_22=2.541578716476 eijMax=6.557E-04 rmsd=5.462E-03 s=[ 0 0 0 0 0 1 0 0 1 1 1 1 0 0 0 0 0 0 0 0 0 1 0 0 0 0 1 0 0 0 0 0 1 1 0 1 0 1 ]
d_26_22=2.541778916677 eijMax=3.179E-04 rmsd=2.631E-03 s=[ 0 0 0 0 0 1 0 0 1 1 1 1 0 0 0 0 0 0 0 0 0 1 0 0 0 0 1 0 0 0 0 0 1 1 0 1 0 1 ]
d_26_22=2.541979116877 eijMax=4.793E-06 rmsd=2.390E-04 s=[ 0 0 0 0 0 1 0 0 1 1 1 1 0 0 0 0 0 0 0 0 0 1 0 0 0 0 1 0 0 0 0 0 1 1 0 1 0 0 ]
d_26_22=2.542179317077 eijMax=3.344E-04 rmsd=2.955E-03 s=[ 0 0 0 0 0 1 0 0 1 1 1 1 0 0 0 0 0 0 0 0 0 1 0 0 0 0 1 0 0 0 0 0 1 1 0 1 0 0 ]
d_26_22=2.542379517277 eijMax=6.709E-04 rmsd=5.786E-03 s=[ 0 0 0 0 0 1 0 0 1 1 1 1 0 0 0 0 0 0 0 0 0 1 0 0 0 0 1 0 0 0 0 0 1 1 0 1 0 0 ]
d_26_22=2.542579717477 eijMax=1.007E-03 rmsd=8.619E-03 s=[ 0 0 0 0 0 1 0 0 1 1 1 1 0 0 0 0 0 0 0 0 0 1 0 0 0 0 1 0 0 0 0 0 1 1 0 1 0 0 ]
d_26_22=2.542779917678 eijMax=1.342E-03 rmsd=1.145E-02 s=[ 0 0 0 0 0 1 0 0 1 1 1 1 0 0 0 0 0 0 0 0 0 1 0 0 0 0 1 0 0 0 0 0 1 1 0 1 0 0 ]
d_26_22=2.542980117878 eijMax=1.677E-03 rmsd=1.429E-02 s=[ 0 0 0 0 0 1 0 0 1 1 1 1 0 0 0 0 0 0 0 0 0 1 0 0 0 0 1 0 0 0 0 0 1 1 0 1 0 0 ]
d_26_22=2.543180318078 eijMax=2.012E-03 rmsd=1.712E-02 s=[ 0 0 0 0 0 1 0 0 1 1 1 1 0 0 0 0 0 0 0 0 0 1 0 0 0 0 1 0 0 0 0 0 1 1 0 1 0 0 ]
d_26_22=2.543380518278 eijMax=2.346E-03 rmsd=1.996E-02 s=[ 0 0 0 0 0 1 0 0 1 1 1 1 0 0 0 0 0 0 0 0 0 1 0 0 0 0 1 0 0 0 0 0 1 1 0 1 0 0 ]
d_26_22=2.543580718478 eijMax=2.680E-03 rmsd=2.279E-02 s=[ 0 0 0 0 0 1 0 0 1 1 1 1 0 0 0 0 0 0 0 0 0 1 0 0 0 0 1 0 0 0 0 0 1 1 0 1 0 0 ]
d_26_22=2.543780918679 eijMax=3.013E-03 rmsd=2.563E-02 s=[ 0 0 0 0 0 1 0 0 1 1 1 1 0 0 0 0 0 0 0 0 0 1 0 0 0 0 1 0 0 0 0 0 1 1 0 1 0 0 ]
d_26_22=2.543981118879 eijMax=3.346E-03 rmsd=2.846E-02 s=[ 0 0 0 0 0 1 0 0 1 1 1 1 0 0 0 0 0 0 0 0 0 1 0 0 0 0 1 0 0 0 0 0 1 1 0 1 0 0 ]
d_26_22=2.544181319079 eijMax=3.678E-03 rmsd=3.130E-02 s=[ 0 0 0 0 0 1 0 0 1 1 1 1 0 0 0 0 0 0 0 0 0 1 0 0 0 0 1 0 0 0 0 0 1 1 0 1 0 0 ]
d_26_22=2.544381519279 eijMax=4.010E-03 rmsd=3.413E-02 s=[ 0 0 0 0 0 1 0 0 1 1 1 1 0 0 0 0 0 0 0 0 0 1 0 0 0 0 1 0 0 0 0 0 1 1 0 1 0 0 ]
d_26_22=2.544581719479 eijMax=4.341E-03 rmsd=3.697E-02 s=[ 0 0 0 0 0 1 0 0 1 1 1 1 0 0 0 0 0 0 0 0 0 1 0 0 0 0 1 0 0 0 0 0 1 1 0 1 0 0 ]
d_26_22=2.544781919680 eijMax=4.672E-03 rmsd=3.980E-02 s=[ 0 0 0 0 0 1 0 0 1 1 1 1 0 0 0 0 0 0 0 0 0 1 0 0 0 0 1 0 0 0 0 0 1 1 0 1 0 0 ]
d_26_22=2.544982119880 eijMax=5.003E-03 rmsd=4.264E-02 s=[ 0 0 0 0 0 1 0 0 1 1 1 1 0 0 0 0 0 0 0 0 0 1 0 0 0 0 1 0 0 0 0 0 1 1 0 1 0 0 ]
d_26_22=2.545182320080 eijMax=5.333E-03 rmsd=4.547E-02 s=[ 0 0 0 0 0 1 0 0 1 1 1 1 0 0 0 0 0 0 0 0 0 1 0 0 0 0 1 0 0 0 0 0 1 1 0 1 0 0 ]
d_26_22=2.545382520280 eijMax=5.662E-03 rmsd=4.831E-02 s=[ 0 0 0 0 0 1 0 0 1 1 1 1 0 0 0 0 0 0 0 0 0 1 0 0 0 0 1 0 0 0 0 0 1 1 0 1 0 0 ]
d_26_22=2.545582720480 eijMax=5.991E-03 rmsd=5.115E-02 s=[ 0 0 0 0 0 1 0 0 1 1 1 1 0 0 0 0 0 0 0 0 0 1 0 0 0 0 1 0 0 0 0 0 1 1 0 1 0 0 ]
d_26_22=2.545782920681 eijMax=6.320E-03 rmsd=5.398E-02 s=[ 0 0 0 0 0 1 0 0 1 1 1 1 0 0 0 0 0 0 0 0 0 1 0 0 0 0 1 0 0 0 0 0 1 1 0 1 0 0 ]
d_26_22=2.545983120881 eijMax=6.648E-03 rmsd=5.682E-02 s=[ 0 0 0 0 0 1 0 0 1 1 1 1 0 0 0 0 0 0 0 0 0 1 0 0 0 0 1 0 0 0 0 0 1 1 0 1 0 0 ]
d_26_22=2.546183321081 eijMax=6.976E-03 rmsd=5.965E-02 s=[ 0 0 0 0 0 1 0 0 1 1 1 1 0 0 0 0 0 0 0 0 0 1 0 0 0 0 1 0 0 0 0 0 1 1 0 1 0 0 ]
d_26_22=2.546383521281 eijMax=7.304E-03 rmsd=6.249E-02 s=[ 0 0 0 0 0 1 0 0 1 1 1 1 0 0 0 0 0 0 0 0 0 1 0 0 0 0 1 0 0 0 0 0 1 1 0 1 0 0 ]
d_26_22=2.546583721481 eijMax=7.631E-03 rmsd=6.533E-02 s=[ 0 0 0 0 0 1 0 0 1 1 1 1 0 0 0 0 0 0 0 0 0 1 0 0 0 0 1 0 0 0 0 0 1 1 0 1 0 0 ]
d_26_22=2.546783921682 eijMax=7.957E-03 rmsd=6.816E-02 s=[ 0 0 0 0 0 1 0 0 1 1 1 1 0 0 0 0 0 0 0 0 0 1 0 0 0 0 1 0 0 0 0 0 1 1 0 1 0 0 ]
d_26_22=2.546984121882 eijMax=8.283E-03 rmsd=7.100E-02 s=[ 0 0 0 0 0 1 0 0 1 1 1 1 0 0 0 0 0 0 0 0 0 1 0 0 0 0 1 0 0 0 0 0 1 1 0 1 0 0 ]
d_26_22=2.547184322082 eijMax=8.609E-03 rmsd=7.384E-02 s=[ 0 0 0 0 0 1 0 0 1 1 1 1 0 0 0 0 0 0 0 0 0 1 0 0 0 0 1 0 0 0 0 0 1 1 0 1 0 0 ]
d_26_22=2.547384522282 eijMax=8.935E-03 rmsd=7.668E-02 s=[ 0 0 0 0 0 1 0 0 1 1 1 1 0 0 0 0 0 0 0 0 0 1 0 0 0 0 1 0 0 0 0 0 1 1 0 1 0 0 ]
d_26_22=2.547584722482 eijMax=9.259E-03 rmsd=7.951E-02 s=[ 0 0 0 0 0 1 0 0 1 1 1 1 0 0 0 0 0 0 0 0 0 1 0 0 0 0 1 0 0 0 0 0 1 1 0 1 0 0 ]
d_26_22=2.547784922683 eijMax=9.584E-03 rmsd=9.196E-02 s=[ 0 0 0 0 0 1 0 0 1 1 1 1 0 0 0 0 0 0 0 0 0 1 0 0 0 1 1 0 0 0 0 0 1 1 0 1 0 0 ]
d_26_22=2.547985122883 eijMax=9.908E-03 rmsd=9.436E-02 s=[ 0 0 0 0 0 1 0 0 1 1 1 1 0 0 0 0 0 0 0 0 0 1 0 0 0 1 1 0 0 0 0 0 1 1 0 1 0 0 ]
d_26_22=2.536173311071 eijMax=9.973E-03 rmsd=8.197E-02 s=[ 0 0 0 1 1 0 1 1 0 0 0 0 1 1 1 1 1 1 0 1 1 0 1 1 1 1 0 1 0 1 1 1 0 0 1 0 1 0 ]
d_26_22=2.536373511271 eijMax=9.621E-03 rmsd=7.914E-02 s=[ 0 0 0 1 1 0 1 1 0 0 0 0 1 1 1 1 1 1 0 1 1 0 1 1 1 1 0 1 0 1 1 1 0 0 1 0 1 0 ]
d_26_22=2.536573711471 eijMax=9.269E-03 rmsd=7.631E-02 s=[ 0 0 0 1 1 0 1 1 0 0 0 0 1 1 1 1 1 1 0 1 1 0 1 1 1 1 0 1 0 1 1 1 0 0 1 0 1 0 ]
d_26_22=2.536773911672 eijMax=8.918E-03 rmsd=7.347E-02 s=[ 0 0 0 1 1 0 1 1 0 0 0 0 1 1 1 1 1 1 0 1 1 0 1 1 1 1 0 1 0 1 1 1 0 0 1 0 1 0 ]
d_26_22=2.536974111872 eijMax=8.567E-03 rmsd=7.064E-02 s=[ 0 0 0 1 1 0 1 1 0 0 0 0 1 1 1 1 1 1 0 1 1 0 1 1 1 1 0 1 0 1 1 1 0 0 1 0 1 0 ]
d_26_22=2.537174312072 eijMax=8.218E-03 rmsd=6.780E-02 s=[ 0 0 0 1 1 0 1 1 0 0 0 0 1 1 1 1 1 1 0 1 1 0 1 1 1 1 0 1 0 1 1 1 0 0 1 0 1 0 ]
d_26_22=2.537374512272 eijMax=7.868E-03 rmsd=6.497E-02 s=[ 0 0 0 1 1 0 1 1 0 0 0 0 1 1 1 1 1 1 0 1 1 0 1 1 1 1 0 1 0 1 1 1 0 0 1 0 1 0 ]
d_26_22=2.537574712472 eijMax=7.519E-03 rmsd=6.214E-02 s=[ 0 0 0 1 1 0 1 1 0 0 0 0 1 1 1 1 1 1 0 1 1 0 1 1 1 1 0 1 0 1 1 1 0 0 1 0 1 0 ]
d_26_22=2.537774912673 eijMax=7.171E-03 rmsd=5.930E-02 s=[ 0 0 0 1 1 0 1 1 0 0 0 0 1 1 1 1 1 1 0 1 1 0 1 1 1 1 0 1 0 1 1 1 0 0 1 0 1 0 ]
d_26_22=2.537975112873 eijMax=6.823E-03 rmsd=5.647E-02 s=[ 0 0 0 1 1 0 1 1 0 0 0 0 1 1 1 1 1 1 0 1 1 0 1 1 1 1 0 1 0 1 1 1 0 0 1 0 1 0 ]
d_26_22=2.538175313073 eijMax=6.476E-03 rmsd=5.363E-02 s=[ 0 0 0 1 1 0 1 1 0 0 0 0 1 1 1 1 1 1 0 1 1 0 1 1 1 1 0 1 0 1 1 1 0 0 1 0 1 0 ]
d_26_22=2.538375513273 eijMax=6.130E-03 rmsd=5.080E-02 s=[ 0 0 0 1 1 0 1 1 0 0 0 0 1 1 1 1 1 1 0 1 1 0 1 1 1 1 0 1 0 1 1 1 0 0 1 0 1 0 ]
d_26_22=2.538575713473 eijMax=5.784E-03 rmsd=4.797E-02 s=[ 0 0 0 1 1 0 1 1 0 0 0 0 1 1 1 1 1 1 0 1 1 0 1 1 1 1 0 1 0 1 1 1 0 0 1 0 1 0 ]
d_26_22=2.538775913674 eijMax=5.438E-03 rmsd=4.513E-02 s=[ 0 0 0 1 1 0 1 1 0 0 0 0 1 1 1 1 1 1 0 1 1 0 1 1 1 1 0 1 0 1 1 1 0 0 1 0 1 0 ]
d_26_22=2.538976113874 eijMax=5.093E-03 rmsd=4.230E-02 s=[ 0 0 0 1 1 0 1 1 0 0 0 0 1 1 1 1 1 1 0 1 1 0 1 1 1 1 0 1 0 1 1 1 0 0 1 0 1 0 ]
d_26_22=2.539176314074 eijMax=4.749E-03 rmsd=3.947E-02 s=[ 0 0 0 1 1 0 1 1 0 0 0 0 1 1 1 1 1 1 0 1 1 0 1 1 1 1 0 1 0 1 1 1 0 0 1 0 1 0 ]
d_26_22=2.539376514274 eijMax=4.405E-03 rmsd=3.663E-02 s=[ 0 0 0 1 1 0 1 1 0 0 0 0 1 1 1 1 1 1 0 1 1 0 1 1 1 1 0 1 0 1 1 1 0 0 1 0 1 0 ]
d_26_22=2.539576714474 eijMax=4.061E-03 rmsd=3.380E-02 s=[ 0 0 0 1 1 0 1 1 0 0 0 0 1 1 1 1 1 1 0 1 1 0 1 1 1 1 0 1 0 1 1 1 0 0 1 0 1 0 ]
d_26_22=2.539776914675 eijMax=3.719E-03 rmsd=3.096E-02 s=[ 0 0 0 1 1 0 1 1 0 0 0 0 1 1 1 1 1 1 0 1 1 0 1 1 1 1 0 1 0 1 1 1 0 0 1 0 1 0 ]
d_26_22=2.539977114875 eijMax=3.376E-03 rmsd=2.813E-02 s=[ 0 0 0 1 1 0 1 1 0 0 0 0 1 1 1 1 1 1 0 1 1 0 1 1 1 1 0 1 0 1 1 1 0 0 1 0 1 0 ]
d_26_22=2.540177315075 eijMax=3.034E-03 rmsd=2.530E-02 s=[ 0 0 0 1 1 0 1 1 0 0 0 0 1 1 1 1 1 1 0 1 1 0 1 1 1 1 0 1 0 1 1 1 0 0 1 0 1 0 ]
d_26_22=2.540377515275 eijMax=2.693E-03 rmsd=2.246E-02 s=[ 0 0 0 1 1 0 1 1 0 0 0 0 1 1 1 1 1 1 0 1 1 0 1 1 1 1 0 1 0 1 1 1 0 0 1 0 1 0 ]
d_26_22=2.540577715475 eijMax=2.352E-03 rmsd=1.963E-02 s=[ 0 0 0 1 1 0 1 1 0 0 0 0 1 1 1 1 1 1 0 1 1 0 1 1 1 1 0 1 0 1 1 1 0 0 1 0 1 0 ]
d_26_22=2.540777915676 eijMax=2.012E-03 rmsd=1.680E-02 s=[ 0 0 0 1 1 0 1 1 0 0 0 0 1 1 1 1 1 1 0 1 1 0 1 1 1 1 0 1 0 1 1 1 0 0 1 0 1 0 ]
d_26_22=2.540978115876 eijMax=1.672E-03 rmsd=1.396E-02 s=[ 0 0 0 1 1 0 1 1 0 0 0 0 1 1 1 1 1 1 0 1 1 0 1 1 1 1 0 1 0 1 1 1 0 0 1 0 1 0 ]
d_26_22=2.541178316076 eijMax=1.333E-03 rmsd=1.113E-02 s=[ 0 0 0 1 1 0 1 1 0 0 0 0 1 1 1 1 1 1 0 1 1 0 1 1 1 1 0 1 0 1 1 1 0 0 1 0 1 0 ]
d_26_22=2.541378516276 eijMax=9.940E-04 rmsd=8.295E-03 s=[ 0 0 0 1 1 0 1 1 0 0 0 0 1 1 1 1 1 1 0 1 1 0 1 1 1 1 0 1 0 1 1 1 0 0 1 0 1 0 ]
d_26_22=2.541578716476 eijMax=6.557E-04 rmsd=5.462E-03 s=[ 0 0 0 1 1 0 1 1 0 0 0 0 1 1 1 1 1 1 0 1 1 0 1 1 1 1 0 1 0 1 1 1 0 0 1 0 1 0 ]
d_26_22=2.541778916677 eijMax=3.179E-04 rmsd=2.631E-03 s=[ 0 0 0 1 1 0 1 1 0 0 0 0 1 1 1 1 1 1 0 1 1 0 1 1 1 1 0 1 0 1 1 1 0 0 1 0 1 0 ]
d_26_22=2.541979116877 eijMax=4.793E-06 rmsd=2.390E-04 s=[ 0 0 0 1 1 0 1 1 0 0 0 0 1 1 1 1 1 1 0 1 1 0 1 1 1 1 0 1 0 1 1 1 0 0 1 0 1 1 ]
d_26_22=2.542179317077 eijMax=3.344E-04 rmsd=2.955E-03 s=[ 0 0 0 1 1 0 1 1 0 0 0 0 1 1 1 1 1 1 0 1 1 0 1 1 1 1 0 1 0 1 1 1 0 0 1 0 1 1 ]
d_26_22=2.542379517277 eijMax=6.709E-04 rmsd=5.786E-03 s=[ 0 0 0 1 1 0 1 1 0 0 0 0 1 1 1 1 1 1 0 1 1 0 1 1 1 1 0 1 0 1 1 1 0 0 1 0 1 1 ]
d_26_22=2.542579717477 eijMax=1.007E-03 rmsd=8.619E-03 s=[ 0 0 0 1 1 0 1 1 0 0 0 0 1 1 1 1 1 1 0 1 1 0 1 1 1 1 0 1 0 1 1 1 0 0 1 0 1 1 ]
d_26_22=2.542779917678 eijMax=1.342E-03 rmsd=1.145E-02 s=[ 0 0 0 1 1 0 1 1 0 0 0 0 1 1 1 1 1 1 0 1 1 0 1 1 1 1 0 1 0 1 1 1 0 0 1 0 1 1 ]
d_26_22=2.542980117878 eijMax=1.677E-03 rmsd=1.429E-02 s=[ 0 0 0 1 1 0 1 1 0 0 0 0 1 1 1 1 1 1 0 1 1 0 1 1 1 1 0 1 0 1 1 1 0 0 1 0 1 1 ]
d_26_22=2.543180318078 eijMax=2.012E-03 rmsd=1.712E-02 s=[ 0 0 0 1 1 0 1 1 0 0 0 0 1 1 1 1 1 1 0 1 1 0 1 1 1 1 0 1 0 1 1 1 0 0 1 0 1 1 ]
d_26_22=2.543380518278 eijMax=2.346E-03 rmsd=1.996E-02 s=[ 0 0 0 1 1 0 1 1 0 0 0 0 1 1 1 1 1 1 0 1 1 0 1 1 1 1 0 1 0 1 1 1 0 0 1 0 1 1 ]
d_26_22=2.543580718478 eijMax=2.680E-03 rmsd=2.279E-02 s=[ 0 0 0 1 1 0 1 1 0 0 0 0 1 1 1 1 1 1 0 1 1 0 1 1 1 1 0 1 0 1 1 1 0 0 1 0 1 1 ]
d_26_22=2.543780918679 eijMax=3.013E-03 rmsd=2.563E-02 s=[ 0 0 0 1 1 0 1 1 0 0 0 0 1 1 1 1 1 1 0 1 1 0 1 1 1 1 0 1 0 1 1 1 0 0 1 0 1 1 ]
d_26_22=2.543981118879 eijMax=3.346E-03 rmsd=2.846E-02 s=[ 0 0 0 1 1 0 1 1 0 0 0 0 1 1 1 1 1 1 0 1 1 0 1 1 1 1 0 1 0 1 1 1 0 0 1 0 1 1 ]
d_26_22=2.544181319079 eijMax=3.678E-03 rmsd=3.130E-02 s=[ 0 0 0 1 1 0 1 1 0 0 0 0 1 1 1 1 1 1 0 1 1 0 1 1 1 1 0 1 0 1 1 1 0 0 1 0 1 1 ]
d_26_22=2.544381519279 eijMax=4.010E-03 rmsd=3.413E-02 s=[ 0 0 0 1 1 0 1 1 0 0 0 0 1 1 1 1 1 1 0 1 1 0 1 1 1 1 0 1 0 1 1 1 0 0 1 0 1 1 ]
d_26_22=2.544581719479 eijMax=4.341E-03 rmsd=3.697E-02 s=[ 0 0 0 1 1 0 1 1 0 0 0 0 1 1 1 1 1 1 0 1 1 0 1 1 1 1 0 1 0 1 1 1 0 0 1 0 1 1 ]
d_26_22=2.544781919680 eijMax=4.672E-03 rmsd=3.980E-02 s=[ 0 0 0 1 1 0 1 1 0 0 0 0 1 1 1 1 1 1 0 1 1 0 1 1 1 1 0 1 0 1 1 1 0 0 1 0 1 1 ]
d_26_22=2.544982119880 eijMax=5.003E-03 rmsd=4.264E-02 s=[ 0 0 0 1 1 0 1 1 0 0 0 0 1 1 1 1 1 1 0 1 1 0 1 1 1 1 0 1 0 1 1 1 0 0 1 0 1 1 ]
d_26_22=2.545182320080 eijMax=5.333E-03 rmsd=4.547E-02 s=[ 0 0 0 1 1 0 1 1 0 0 0 0 1 1 1 1 1 1 0 1 1 0 1 1 1 1 0 1 0 1 1 1 0 0 1 0 1 1 ]
d_26_22=2.545382520280 eijMax=5.662E-03 rmsd=4.831E-02 s=[ 0 0 0 1 1 0 1 1 0 0 0 0 1 1 1 1 1 1 0 1 1 0 1 1 1 1 0 1 0 1 1 1 0 0 1 0 1 1 ]
d_26_22=2.545582720480 eijMax=5.991E-03 rmsd=5.115E-02 s=[ 0 0 0 1 1 0 1 1 0 0 0 0 1 1 1 1 1 1 0 1 1 0 1 1 1 1 0 1 0 1 1 1 0 0 1 0 1 1 ]
d_26_22=2.545782920681 eijMax=6.320E-03 rmsd=5.398E-02 s=[ 0 0 0 1 1 0 1 1 0 0 0 0 1 1 1 1 1 1 0 1 1 0 1 1 1 1 0 1 0 1 1 1 0 0 1 0 1 1 ]
d_26_22=2.545983120881 eijMax=6.648E-03 rmsd=5.682E-02 s=[ 0 0 0 1 1 0 1 1 0 0 0 0 1 1 1 1 1 1 0 1 1 0 1 1 1 1 0 1 0 1 1 1 0 0 1 0 1 1 ]
d_26_22=2.546183321081 eijMax=6.976E-03 rmsd=5.965E-02 s=[ 0 0 0 1 1 0 1 1 0 0 0 0 1 1 1 1 1 1 0 1 1 0 1 1 1 1 0 1 0 1 1 1 0 0 1 0 1 1 ]
d_26_22=2.546383521281 eijMax=7.304E-03 rmsd=6.249E-02 s=[ 0 0 0 1 1 0 1 1 0 0 0 0 1 1 1 1 1 1 0 1 1 0 1 1 1 1 0 1 0 1 1 1 0 0 1 0 1 1 ]
d_26_22=2.546583721481 eijMax=7.631E-03 rmsd=6.533E-02 s=[ 0 0 0 1 1 0 1 1 0 0 0 0 1 1 1 1 1 1 0 1 1 0 1 1 1 1 0 1 0 1 1 1 0 0 1 0 1 1 ]
d_26_22=2.546783921682 eijMax=7.957E-03 rmsd=6.816E-02 s=[ 0 0 0 1 1 0 1 1 0 0 0 0 1 1 1 1 1 1 0 1 1 0 1 1 1 1 0 1 0 1 1 1 0 0 1 0 1 1 ]
d_26_22=2.546984121882 eijMax=8.283E-03 rmsd=7.100E-02 s=[ 0 0 0 1 1 0 1 1 0 0 0 0 1 1 1 1 1 1 0 1 1 0 1 1 1 1 0 1 0 1 1 1 0 0 1 0 1 1 ]
d_26_22=2.547184322082 eijMax=8.609E-03 rmsd=7.384E-02 s=[ 0 0 0 1 1 0 1 1 0 0 0 0 1 1 1 1 1 1 0 1 1 0 1 1 1 1 0 1 0 1 1 1 0 0 1 0 1 1 ]
d_26_22=2.547384522282 eijMax=8.935E-03 rmsd=7.668E-02 s=[ 0 0 0 1 1 0 1 1 0 0 0 0 1 1 1 1 1 1 0 1 1 0 1 1 1 1 0 1 0 1 1 1 0 0 1 0 1 1 ]
d_26_22=2.547584722482 eijMax=9.259E-03 rmsd=7.951E-02 s=[ 0 0 0 1 1 0 1 1 0 0 0 0 1 1 1 1 1 1 0 1 1 0 1 1 1 1 0 1 0 1 1 1 0 0 1 0 1 1 ]
d_26_22=2.547784922683 eijMax=9.584E-03 rmsd=9.196E-02 s=[ 0 0 0 1 1 0 1 1 0 0 0 0 1 1 1 1 1 1 0 1 1 0 1 1 1 0 0 1 0 1 1 1 0 0 1 0 1 1 ]
d_26_22=2.547985122883 eijMax=9.908E-03 rmsd=9.436E-02 s=[ 0 0 0 1 1 0 1 1 0 0 0 0 1 1 1 1 1 1 0 1 1 0 1 1 1 0 0 1 0 1 1 1 0 0 1 0 1 1 ]
num ..... 1000
nnodes .. 38
nedges .. 197
nsols ... 3808
nnonhsols 120
tsecs ... 73.497922
