order:    [ 1 19 20 0 35 34 33 37 30 29 36 28 32 25 24 31 23 27 26 22 18 10 11 15 14 21 13 17 16 9 2 3 6 5 12 4 8 7 ]
atoms:    [ CA CA C N C CA N HA C CA H N HA C CA H N HA H HA N CA C C CA H N HA H N C HA C CA H N HA H ]
residues: [ 0 4 4 0 7 7 7 7 6 6 7 6 6 5 5 6 5 5 5 4 4 2 2 3 3 4 3 3 3 2 0 0 1 1 2 1 1 1 ]

We use a different pair of symbles to represent the bits values which are associated with the HA and H of the discretized distance, and another one to represent the bits of other hydrogens.
For the HA and H from the discretized distance:
	"+" means 0
	"-" means 1
For any other hydrogens:
	">" means 0
	"<" means 1

d_26_22=2.537829512727 s=[ 0 0 0 0 0 1 0 > 1 1 < 1 > 0 0 > 0 > + + 0 1 0 0 0 > 1 > > 0 0 > 1 1 > 1 > < ] xyz18=( 78.630133, 53.826228, 26.329305 )

d_26_22=2.539849714747 s=[ 0 0 0 0 0 1 0 > 1 1 < 1 > 0 0 > 0 > + + 0 1 0 0 0 > 1 > > 0 0 > 1 1 > 1 > < ] xyz18=( 78.631148, 53.829980, 26.330515 )

d_26_22=2.541869916768 s=[ 0 0 0 0 0 1 0 > 1 1 < 1 > 0 0 > 0 > + + 0 1 0 0 0 > 1 > > 0 0 > 1 1 > 1 > < ] xyz18=( 78.632159, 53.833724, 26.331736 )

d_26_22=2.543890118788 s=[ 0 0 0 0 0 1 0 > 1 1 < 1 > 0 0 > 0 > + + 0 1 0 0 0 > 1 > > 0 0 > 1 1 > 1 > > ] xyz18=( 78.633166, 53.837460, 26.332966 )

d_26_22=2.545910320808 s=[ 0 0 0 0 0 1 0 > 1 1 < 1 > 0 0 > 0 > + + 0 1 0 0 0 > 1 > > 0 0 > 1 1 > 1 > > ] xyz18=( 78.634168, 53.841189, 26.334206 )

d_26_22=2.547930522828 s=[ 0 0 0 0 0 1 0 > 1 1 < 1 > 0 0 > 0 > + + 0 1 0 0 0 < 1 > > 0 0 > 1 1 > 1 > > ] xyz18=( 78.635166, 53.844911, 26.335455 )

d_26_22=2.537829512727 s=[ 0 0 0 1 1 0 1 < 0 0 > 0 < 1 1 < 1 < + - 1 0 1 1 1 < 0 < > 1 1 < 0 0 < 0 < > ] xyz18=( 78.438089, 53.221835, 26.285672 )

d_26_22=2.539849714747 s=[ 0 0 0 1 1 0 1 < 0 0 > 0 < 1 1 < 1 < + - 1 0 1 1 1 < 0 < > 1 1 < 0 0 < 0 < > ] xyz18=( 78.436713, 53.218062, 26.286339 )

d_26_22=2.541869916768 s=[ 0 0 0 1 1 0 1 < 0 0 > 0 < 1 1 < 1 < + - 1 0 1 1 1 < 0 < > 1 1 < 0 0 < 0 < > ] xyz18=( 78.435338, 53.214297, 26.287017 )

d_26_22=2.543890118788 s=[ 0 0 0 1 1 0 1 < 0 0 > 0 < 1 1 < 1 < + - 1 0 1 1 1 < 0 < > 1 1 < 0 0 < 0 < < ] xyz18=( 78.433963, 53.210539, 26.287706 )

d_26_22=2.545910320808 s=[ 0 0 0 1 1 0 1 < 0 0 > 0 < 1 1 < 1 < + - 1 0 1 1 1 < 0 < > 1 1 < 0 0 < 0 < < ] xyz18=( 78.432589, 53.206788, 26.288406 )

d_26_22=2.547930522828 s=[ 0 0 0 1 1 0 1 < 0 0 > 0 < 1 1 < 1 < + - 1 0 1 1 1 > 0 < > 1 1 < 0 0 < 0 < < ] xyz18=( 78.431215, 53.203045, 26.289117 )

