xyz18=( 54.407578 15.213671 15.003254 )
xyz18=( 54.407578 15.213671 15.003254 )
xyz18=( 54.407179 15.213490 15.002704 )
xyz18=( 54.407547 15.213658 15.003212 )
xyz18=( 54.407547 15.213658 15.003212 )
xyz18=( 54.407147 15.213476 15.002661 )
xyz18=( 54.407578 15.213671 15.003254 )
xyz18=( 54.407578 15.213671 15.003254 )
xyz18=( 54.407179 15.213490 15.002704 )
xyz18=( 54.407547 15.213658 15.003212 )
xyz18=( 54.407547 15.213658 15.003212 )
xyz18=( 54.407147 15.213476 15.002661 )
xyz18=( 54.924244 16.326503 15.866910 )
xyz18=( 54.924244 16.326503 15.866910 )
xyz18=( 54.924250 16.327196 15.867038 )
xyz18=( 54.924243 16.326450 15.866900 )
xyz18=( 54.924243 16.326450 15.866900 )
xyz18=( 54.924250 16.327142 15.867028 )
xyz18=( 54.924244 16.326503 15.866910 )
xyz18=( 54.924244 16.326503 15.866910 )
xyz18=( 54.924250 16.327196 15.867038 )
xyz18=( 54.924243 16.326450 15.866900 )
xyz18=( 54.924243 16.326450 15.866900 )
xyz18=( 54.924250 16.327142 15.867028 )
