xyz17=( -3.204998 22.692215 0.971134 )
xyz17=( -3.204998 22.692215 0.971134 )
xyz17=( -3.205317 22.691851 0.971133 )
xyz17=( -3.205317 22.691851 0.971133 )
xyz17=( -3.205636 22.691486 0.971132 )
xyz17=( -3.205636 22.691486 0.971132 )
xyz17=( -3.205955 22.691121 0.971130 )
xyz17=( -3.205955 22.691121 0.971130 )
xyz17=( -3.206275 22.690757 0.971129 )
xyz17=( -3.206275 22.690757 0.971129 )
xyz17=( -3.206594 22.690392 0.971127 )
xyz17=( -3.206594 22.690392 0.971127 )
xyz17=( -3.206913 22.690026 0.971125 )
xyz17=( -3.206913 22.690026 0.971125 )
xyz17=( -3.207232 22.689661 0.971123 )
xyz17=( -3.207232 22.689661 0.971123 )
xyz17=( -3.207552 22.689296 0.971120 )
xyz17=( -3.207552 22.689296 0.971120 )
xyz17=( -3.207871 22.688930 0.971118 )
xyz17=( -3.207871 22.688930 0.971118 )
xyz17=( -3.208191 22.688565 0.971115 )
xyz17=( -3.208191 22.688565 0.971115 )
xyz17=( -3.208510 22.688199 0.971112 )
xyz17=( -3.208510 22.688199 0.971112 )
xyz17=( -3.208830 22.687833 0.971109 )
xyz17=( -3.208830 22.687833 0.971109 )
xyz17=( -3.209149 22.687467 0.971106 )
xyz17=( -3.209149 22.687467 0.971106 )
xyz17=( -3.204857 22.692376 0.971135 )
xyz17=( -3.204857 22.692376 0.971135 )
xyz17=( -3.205176 22.692012 0.971134 )
xyz17=( -3.205176 22.692012 0.971134 )
xyz17=( -3.205495 22.691648 0.971133 )
xyz17=( -3.205495 22.691648 0.971133 )
xyz17=( -3.205814 22.691283 0.971131 )
xyz17=( -3.205814 22.691283 0.971131 )
xyz17=( -3.206133 22.690919 0.971130 )
xyz17=( -3.206133 22.690919 0.971130 )
xyz17=( -3.206452 22.690554 0.971128 )
xyz17=( -3.206452 22.690554 0.971128 )
xyz17=( -3.206771 22.690189 0.971126 )
xyz17=( -3.206771 22.690189 0.971126 )
xyz17=( -3.207090 22.689824 0.971124 )
xyz17=( -3.207090 22.689824 0.971124 )
xyz17=( -3.207409 22.689459 0.971121 )
xyz17=( -3.207409 22.689459 0.971121 )
xyz17=( -3.207728 22.689094 0.971119 )
xyz17=( -3.207728 22.689094 0.971119 )
xyz17=( -3.208047 22.688729 0.971116 )
xyz17=( -3.208047 22.688729 0.971116 )
xyz17=( -3.208367 22.688363 0.971114 )
xyz17=( -3.208367 22.688363 0.971114 )
xyz17=( -3.208686 22.687998 0.971111 )
xyz17=( -3.208686 22.687998 0.971111 )
xyz17=( -3.209005 22.687632 0.971108 )
xyz17=( -3.209005 22.687632 0.971108 )
xyz17=( -3.204998 22.692215 0.971134 )
xyz17=( -3.204998 22.692215 0.971134 )
xyz17=( -3.205317 22.691851 0.971133 )
xyz17=( -3.205317 22.691851 0.971133 )
xyz17=( -3.205636 22.691486 0.971132 )
xyz17=( -3.205636 22.691486 0.971132 )
xyz17=( -3.205955 22.691121 0.971130 )
xyz17=( -3.205955 22.691121 0.971130 )
xyz17=( -3.206275 22.690757 0.971129 )
xyz17=( -3.206275 22.690757 0.971129 )
xyz17=( -3.206594 22.690392 0.971127 )
xyz17=( -3.206594 22.690392 0.971127 )
xyz17=( -3.206913 22.690026 0.971125 )
xyz17=( -3.206913 22.690026 0.971125 )
xyz17=( -3.207232 22.689661 0.971123 )
xyz17=( -3.207232 22.689661 0.971123 )
xyz17=( -3.207552 22.689296 0.971120 )
xyz17=( -3.207552 22.689296 0.971120 )
xyz17=( -3.207871 22.688930 0.971118 )
xyz17=( -3.207871 22.688930 0.971118 )
xyz17=( -3.208191 22.688565 0.971115 )
xyz17=( -3.208191 22.688565 0.971115 )
xyz17=( -3.208510 22.688199 0.971112 )
xyz17=( -3.208510 22.688199 0.971112 )
xyz17=( -3.208830 22.687833 0.971109 )
xyz17=( -3.208830 22.687833 0.971109 )
xyz17=( -3.209149 22.687467 0.971106 )
xyz17=( -3.209149 22.687467 0.971106 )
xyz17=( -3.204857 22.692376 0.971135 )
xyz17=( -3.204857 22.692376 0.971135 )
xyz17=( -3.205176 22.692012 0.971134 )
xyz17=( -3.205176 22.692012 0.971134 )
xyz17=( -3.205495 22.691648 0.971133 )
xyz17=( -3.205495 22.691648 0.971133 )
xyz17=( -3.205814 22.691283 0.971131 )
xyz17=( -3.205814 22.691283 0.971131 )
xyz17=( -3.206133 22.690919 0.971130 )
xyz17=( -3.206133 22.690919 0.971130 )
xyz17=( -3.206452 22.690554 0.971128 )
xyz17=( -3.206452 22.690554 0.971128 )
xyz17=( -3.206771 22.690189 0.971126 )
xyz17=( -3.206771 22.690189 0.971126 )
xyz17=( -3.207090 22.689824 0.971124 )
xyz17=( -3.207090 22.689824 0.971124 )
xyz17=( -3.207409 22.689459 0.971121 )
xyz17=( -3.207409 22.689459 0.971121 )
xyz17=( -3.207728 22.689094 0.971119 )
xyz17=( -3.207728 22.689094 0.971119 )
xyz17=( -3.208047 22.688729 0.971116 )
xyz17=( -3.208047 22.688729 0.971116 )
xyz17=( -3.208367 22.688363 0.971114 )
xyz17=( -3.208367 22.688363 0.971114 )
xyz17=( -3.208686 22.687998 0.971111 )
xyz17=( -3.208686 22.687998 0.971111 )
xyz17=( -3.209005 22.687632 0.971108 )
xyz17=( -3.209005 22.687632 0.971108 )
xyz17=( -3.533247 22.263283 0.861330 )
xyz17=( -3.533247 22.263283 0.861330 )
xyz17=( -3.533001 22.263656 0.861518 )
xyz17=( -3.533001 22.263656 0.861518 )
xyz17=( -3.532756 22.264029 0.861705 )
xyz17=( -3.532756 22.264029 0.861705 )
xyz17=( -3.532511 22.264402 0.861893 )
xyz17=( -3.532511 22.264402 0.861893 )
xyz17=( -3.532265 22.264775 0.862080 )
xyz17=( -3.532265 22.264775 0.862080 )
xyz17=( -3.532019 22.265149 0.862267 )
xyz17=( -3.532019 22.265149 0.862267 )
xyz17=( -3.531773 22.265522 0.862454 )
xyz17=( -3.531773 22.265522 0.862454 )
xyz17=( -3.531527 22.265895 0.862641 )
xyz17=( -3.531527 22.265895 0.862641 )
xyz17=( -3.531281 22.266269 0.862828 )
xyz17=( -3.531281 22.266269 0.862828 )
xyz17=( -3.531035 22.266643 0.863014 )
xyz17=( -3.531035 22.266643 0.863014 )
xyz17=( -3.530788 22.267017 0.863201 )
xyz17=( -3.530788 22.267017 0.863201 )
xyz17=( -3.530542 22.267391 0.863387 )
xyz17=( -3.530542 22.267391 0.863387 )
xyz17=( -3.530295 22.267765 0.863574 )
xyz17=( -3.530295 22.267765 0.863574 )
xyz17=( -3.530048 22.268139 0.863760 )
xyz17=( -3.530048 22.268139 0.863760 )
xyz17=( -3.533138 22.263448 0.861413 )
xyz17=( -3.533138 22.263448 0.861413 )
xyz17=( -3.532893 22.263821 0.861601 )
xyz17=( -3.532893 22.263821 0.861601 )
xyz17=( -3.532647 22.264194 0.861788 )
xyz17=( -3.532647 22.264194 0.861788 )
xyz17=( -3.532402 22.264568 0.861976 )
xyz17=( -3.532402 22.264568 0.861976 )
xyz17=( -3.532156 22.264941 0.862163 )
xyz17=( -3.532156 22.264941 0.862163 )
xyz17=( -3.531910 22.265315 0.862350 )
xyz17=( -3.531910 22.265315 0.862350 )
xyz17=( -3.531664 22.265689 0.862537 )
xyz17=( -3.531664 22.265689 0.862537 )
xyz17=( -3.531417 22.266062 0.862724 )
xyz17=( -3.531417 22.266062 0.862724 )
xyz17=( -3.531171 22.266436 0.862911 )
xyz17=( -3.531171 22.266436 0.862911 )
xyz17=( -3.530924 22.266811 0.863098 )
xyz17=( -3.530924 22.266811 0.863098 )
xyz17=( -3.530677 22.267185 0.863285 )
xyz17=( -3.530677 22.267185 0.863285 )
xyz17=( -3.530431 22.267559 0.863471 )
xyz17=( -3.530431 22.267559 0.863471 )
xyz17=( -3.530183 22.267934 0.863658 )
xyz17=( -3.530183 22.267934 0.863658 )
xyz17=( -3.529936 22.268308 0.863844 )
xyz17=( -3.529936 22.268308 0.863844 )
xyz17=( -3.533247 22.263283 0.861330 )
xyz17=( -3.533247 22.263283 0.861330 )
xyz17=( -3.533001 22.263656 0.861518 )
xyz17=( -3.533001 22.263656 0.861518 )
xyz17=( -3.532756 22.264029 0.861705 )
xyz17=( -3.532756 22.264029 0.861705 )
xyz17=( -3.532511 22.264402 0.861893 )
xyz17=( -3.532511 22.264402 0.861893 )
xyz17=( -3.532265 22.264775 0.862080 )
xyz17=( -3.532265 22.264775 0.862080 )
xyz17=( -3.532019 22.265149 0.862267 )
xyz17=( -3.532019 22.265149 0.862267 )
xyz17=( -3.531773 22.265522 0.862454 )
xyz17=( -3.531773 22.265522 0.862454 )
xyz17=( -3.531527 22.265895 0.862641 )
xyz17=( -3.531527 22.265895 0.862641 )
xyz17=( -3.531281 22.266269 0.862828 )
xyz17=( -3.531281 22.266269 0.862828 )
xyz17=( -3.531035 22.266643 0.863014 )
xyz17=( -3.531035 22.266643 0.863014 )
xyz17=( -3.530788 22.267017 0.863201 )
xyz17=( -3.530788 22.267017 0.863201 )
xyz17=( -3.530542 22.267391 0.863387 )
xyz17=( -3.530542 22.267391 0.863387 )
xyz17=( -3.530295 22.267765 0.863574 )
xyz17=( -3.530295 22.267765 0.863574 )
xyz17=( -3.530048 22.268139 0.863760 )
xyz17=( -3.530048 22.268139 0.863760 )
xyz17=( -3.533138 22.263448 0.861413 )
xyz17=( -3.533138 22.263448 0.861413 )
xyz17=( -3.532893 22.263821 0.861601 )
xyz17=( -3.532893 22.263821 0.861601 )
xyz17=( -3.532647 22.264194 0.861788 )
xyz17=( -3.532647 22.264194 0.861788 )
xyz17=( -3.532402 22.264568 0.861976 )
xyz17=( -3.532402 22.264568 0.861976 )
xyz17=( -3.532156 22.264941 0.862163 )
xyz17=( -3.532156 22.264941 0.862163 )
xyz17=( -3.531910 22.265315 0.862350 )
xyz17=( -3.531910 22.265315 0.862350 )
xyz17=( -3.531664 22.265689 0.862537 )
xyz17=( -3.531664 22.265689 0.862537 )
xyz17=( -3.531417 22.266062 0.862724 )
xyz17=( -3.531417 22.266062 0.862724 )
xyz17=( -3.531171 22.266436 0.862911 )
xyz17=( -3.531171 22.266436 0.862911 )
xyz17=( -3.530924 22.266811 0.863098 )
xyz17=( -3.530924 22.266811 0.863098 )
xyz17=( -3.530677 22.267185 0.863285 )
xyz17=( -3.530677 22.267185 0.863285 )
xyz17=( -3.530431 22.267559 0.863471 )
xyz17=( -3.530431 22.267559 0.863471 )
xyz17=( -3.530183 22.267934 0.863658 )
xyz17=( -3.530183 22.267934 0.863658 )
xyz17=( -3.529936 22.268308 0.863844 )
xyz17=( -3.529936 22.268308 0.863844 )
