d_25_21=3.203941915876 eijMax=8.787E-03 rmsd=7.245E-02 s=[ 0 0 0 0 1 1 1 0 0 1 1 1 0 0 1 0 0 0 0 1 0 0 0 1 0 0 1 0 0 1 1 0 1 1 1 0 0 ]
d_25_21=3.203941915876 eijMax=8.787E-03 rmsd=7.245E-02 s=[ 0 0 0 0 1 1 1 0 0 1 1 1 0 0 1 0 0 0 0 1 0 0 0 1 0 0 1 1 0 1 1 0 1 1 1 0 0 ]
d_25_21=3.204142116076 eijMax=7.356E-03 rmsd=7.000E-02 s=[ 0 0 0 0 1 1 1 0 0 1 1 1 0 0 1 0 0 0 0 1 0 0 0 1 0 0 1 0 0 1 1 0 1 1 1 0 0 ]
d_25_21=3.204142116076 eijMax=7.356E-03 rmsd=7.000E-02 s=[ 0 0 0 0 1 1 1 0 0 1 1 1 0 0 1 0 0 0 0 1 0 0 0 1 0 0 1 1 0 1 1 0 1 1 1 0 0 ]
d_25_21=3.204342316276 eijMax=5.931E-03 rmsd=6.789E-02 s=[ 0 0 0 0 1 1 1 0 0 1 1 1 0 0 1 0 0 0 0 1 0 0 0 1 0 0 1 0 0 1 1 0 1 1 1 0 0 ]
d_25_21=3.204342316276 eijMax=5.931E-03 rmsd=6.789E-02 s=[ 0 0 0 0 1 1 1 0 0 1 1 1 0 0 1 0 0 0 0 1 0 0 0 1 0 0 1 1 0 1 1 0 1 1 1 0 0 ]
d_25_21=3.204542516476 eijMax=4.511E-03 rmsd=6.615E-02 s=[ 0 0 0 0 1 1 1 0 0 1 1 1 0 0 1 0 0 0 0 1 0 0 0 1 0 0 1 0 0 1 1 0 1 1 1 0 0 ]
d_25_21=3.204542516476 eijMax=4.511E-03 rmsd=6.615E-02 s=[ 0 0 0 0 1 1 1 0 0 1 1 1 0 0 1 0 0 0 0 1 0 0 0 1 0 0 1 1 0 1 1 0 1 1 1 0 0 ]
d_25_21=3.204742716677 eijMax=3.098E-03 rmsd=6.481E-02 s=[ 0 0 0 0 1 1 1 0 0 1 1 1 0 0 1 0 0 0 0 1 0 0 0 1 0 0 1 0 0 1 1 0 1 1 1 0 0 ]
d_25_21=3.204742716677 eijMax=3.098E-03 rmsd=6.481E-02 s=[ 0 0 0 0 1 1 1 0 0 1 1 1 0 0 1 0 0 0 0 1 0 0 0 1 0 0 1 1 0 1 1 0 1 1 1 0 0 ]
d_25_21=3.204942916877 eijMax=1.690E-03 rmsd=6.390E-02 s=[ 0 0 0 0 1 1 1 0 0 1 1 1 0 0 1 0 0 0 0 1 0 0 0 1 0 0 1 0 0 1 1 0 1 1 1 0 0 ]
d_25_21=3.204942916877 eijMax=1.690E-03 rmsd=6.389E-02 s=[ 0 0 0 0 1 1 1 0 0 1 1 1 0 0 1 0 0 0 0 1 0 0 0 1 0 0 1 1 0 1 1 0 1 1 1 0 0 ]
d_25_21=3.205143117077 eijMax=1.355E-03 rmsd=6.342E-02 s=[ 0 0 0 0 1 1 1 0 0 1 1 1 0 0 1 0 0 0 0 1 0 0 0 1 0 0 1 0 0 1 1 0 1 1 1 0 0 ]
d_25_21=3.205143117077 eijMax=1.355E-03 rmsd=6.342E-02 s=[ 0 0 0 0 1 1 1 0 0 1 1 1 0 0 1 0 0 0 0 1 0 0 0 1 0 0 1 1 0 1 1 0 1 1 1 0 0 ]
d_25_21=3.205343317277 eijMax=1.355E-03 rmsd=6.339E-02 s=[ 0 0 0 0 1 1 1 0 0 1 1 1 0 0 1 0 0 0 0 1 0 0 0 1 0 0 1 0 0 1 1 0 1 1 1 0 0 ]
d_25_21=3.205343317277 eijMax=1.355E-03 rmsd=6.339E-02 s=[ 0 0 0 0 1 1 1 0 0 1 1 1 0 0 1 0 0 0 0 1 0 0 0 1 0 0 1 1 0 1 1 0 1 1 1 0 0 ]
d_25_21=3.205543517477 eijMax=2.498E-03 rmsd=6.381E-02 s=[ 0 0 0 0 1 1 1 0 0 1 1 1 0 0 1 0 0 0 0 1 0 0 0 1 0 0 1 0 0 1 1 0 1 1 1 0 0 ]
d_25_21=3.205543517477 eijMax=2.498E-03 rmsd=6.381E-02 s=[ 0 0 0 0 1 1 1 0 0 1 1 1 0 0 1 0 0 0 0 1 0 0 0 1 0 0 1 1 0 1 1 0 1 1 1 0 0 ]
d_25_21=3.205743717678 eijMax=3.883E-03 rmsd=6.467E-02 s=[ 0 0 0 0 1 1 1 0 0 1 1 1 0 0 1 0 0 0 0 1 0 0 0 1 0 0 1 0 0 1 1 0 1 1 1 0 0 ]
d_25_21=3.205743717678 eijMax=3.883E-03 rmsd=6.467E-02 s=[ 0 0 0 0 1 1 1 0 0 1 1 1 0 0 1 0 0 0 0 1 0 0 0 1 0 0 1 1 0 1 1 0 1 1 1 0 0 ]
d_25_21=3.205943917878 eijMax=5.263E-03 rmsd=6.596E-02 s=[ 0 0 0 0 1 1 1 0 0 1 1 1 0 0 1 0 0 0 0 1 0 0 0 1 0 0 1 0 0 1 1 0 1 1 1 0 0 ]
d_25_21=3.205943917878 eijMax=5.263E-03 rmsd=6.595E-02 s=[ 0 0 0 0 1 1 1 0 0 1 1 1 0 0 1 0 0 0 0 1 0 0 0 1 0 0 1 1 0 1 1 0 1 1 1 0 0 ]
d_25_21=3.206144118078 eijMax=6.637E-03 rmsd=6.763E-02 s=[ 0 0 0 0 1 1 1 0 0 1 1 1 0 0 1 0 0 0 0 1 0 0 0 1 0 0 1 0 0 1 1 0 1 1 1 0 0 ]
d_25_21=3.206144118078 eijMax=6.637E-03 rmsd=6.763E-02 s=[ 0 0 0 0 1 1 1 0 0 1 1 1 0 0 1 0 0 0 0 1 0 0 0 1 0 0 1 1 0 1 1 0 1 1 1 0 0 ]
d_25_21=3.206344318278 eijMax=8.006E-03 rmsd=6.968E-02 s=[ 0 0 0 0 1 1 1 0 0 1 1 1 0 0 1 0 0 0 0 1 0 0 0 1 0 0 1 0 0 1 1 0 1 1 1 0 0 ]
d_25_21=3.206344318278 eijMax=8.006E-03 rmsd=6.967E-02 s=[ 0 0 0 0 1 1 1 0 0 1 1 1 0 0 1 0 0 0 0 1 0 0 0 1 0 0 1 1 0 1 1 0 1 1 1 0 0 ]
d_25_21=3.206544518478 eijMax=9.369E-03 rmsd=7.206E-02 s=[ 0 0 0 0 1 1 1 0 0 1 1 1 0 0 1 0 0 0 0 1 0 0 0 1 0 0 1 0 0 1 1 0 1 1 1 0 0 ]
d_25_21=3.206544518478 eijMax=9.369E-03 rmsd=7.205E-02 s=[ 0 0 0 0 1 1 1 0 0 1 1 1 0 0 1 0 0 0 0 1 0 0 0 1 0 0 1 1 0 1 1 0 1 1 1 0 0 ]
d_25_21=3.203341315275 eijMax=9.421E-03 rmsd=7.369E-02 s=[ 0 0 0 0 1 1 1 0 0 1 1 1 0 0 1 0 0 0 1 1 0 0 0 1 0 0 1 0 0 1 1 0 1 1 1 0 0 ]
d_25_21=3.203341315275 eijMax=9.421E-03 rmsd=7.369E-02 s=[ 0 0 0 0 1 1 1 0 0 1 1 1 0 0 1 0 0 0 1 1 0 0 0 1 0 0 1 1 0 1 1 0 1 1 1 0 0 ]
d_25_21=3.203541515475 eijMax=7.988E-03 rmsd=7.110E-02 s=[ 0 0 0 0 1 1 1 0 0 1 1 1 0 0 1 0 0 0 1 1 0 0 0 1 0 0 1 0 0 1 1 0 1 1 1 0 0 ]
d_25_21=3.203541515475 eijMax=7.988E-03 rmsd=7.110E-02 s=[ 0 0 0 0 1 1 1 0 0 1 1 1 0 0 1 0 0 0 1 1 0 0 0 1 0 0 1 1 0 1 1 0 1 1 1 0 0 ]
d_25_21=3.203741715676 eijMax=6.561E-03 rmsd=6.883E-02 s=[ 0 0 0 0 1 1 1 0 0 1 1 1 0 0 1 0 0 0 1 1 0 0 0 1 0 0 1 0 0 1 1 0 1 1 1 0 0 ]
d_25_21=3.203741715676 eijMax=6.561E-03 rmsd=6.883E-02 s=[ 0 0 0 0 1 1 1 0 0 1 1 1 0 0 1 0 0 0 1 1 0 0 0 1 0 0 1 1 0 1 1 0 1 1 1 0 0 ]
d_25_21=3.203941915876 eijMax=5.140E-03 rmsd=6.692E-02 s=[ 0 0 0 0 1 1 1 0 0 1 1 1 0 0 1 0 0 0 1 1 0 0 0 1 0 0 1 0 0 1 1 0 1 1 1 0 0 ]
d_25_21=3.203941915876 eijMax=5.140E-03 rmsd=6.692E-02 s=[ 0 0 0 0 1 1 1 0 0 1 1 1 0 0 1 0 0 0 1 1 0 0 0 1 0 0 1 1 0 1 1 0 1 1 1 0 0 ]
d_25_21=3.204142116076 eijMax=3.725E-03 rmsd=6.539E-02 s=[ 0 0 0 0 1 1 1 0 0 1 1 1 0 0 1 0 0 0 1 1 0 0 0 1 0 0 1 0 0 1 1 0 1 1 1 0 0 ]
d_25_21=3.204142116076 eijMax=3.725E-03 rmsd=6.539E-02 s=[ 0 0 0 0 1 1 1 0 0 1 1 1 0 0 1 0 0 0 1 1 0 0 0 1 0 0 1 1 0 1 1 0 1 1 1 0 0 ]
d_25_21=3.204342316276 eijMax=2.316E-03 rmsd=6.427E-02 s=[ 0 0 0 0 1 1 1 0 0 1 1 1 0 0 1 0 0 0 1 1 0 0 0 1 0 0 1 0 0 1 1 0 1 1 1 0 0 ]
d_25_21=3.204342316276 eijMax=2.316E-03 rmsd=6.427E-02 s=[ 0 0 0 0 1 1 1 0 0 1 1 1 0 0 1 0 0 0 1 1 0 0 0 1 0 0 1 1 0 1 1 0 1 1 1 0 0 ]
d_25_21=3.204542516476 eijMax=1.355E-03 rmsd=6.359E-02 s=[ 0 0 0 0 1 1 1 0 0 1 1 1 0 0 1 0 0 0 1 1 0 0 0 1 0 0 1 0 0 1 1 0 1 1 1 0 0 ]
d_25_21=3.204542516476 eijMax=1.355E-03 rmsd=6.358E-02 s=[ 0 0 0 0 1 1 1 0 0 1 1 1 0 0 1 0 0 0 1 1 0 0 0 1 0 0 1 1 0 1 1 0 1 1 1 0 0 ]
d_25_21=3.204742716677 eijMax=1.355E-03 rmsd=6.335E-02 s=[ 0 0 0 0 1 1 1 0 0 1 1 1 0 0 1 0 0 0 1 1 0 0 0 1 0 0 1 0 0 1 1 0 1 1 1 0 0 ]
d_25_21=3.204742716677 eijMax=1.355E-03 rmsd=6.334E-02 s=[ 0 0 0 0 1 1 1 0 0 1 1 1 0 0 1 0 0 0 1 1 0 0 0 1 0 0 1 1 0 1 1 0 1 1 1 0 0 ]
d_25_21=3.204942916877 eijMax=1.877E-03 rmsd=6.356E-02 s=[ 0 0 0 0 1 1 1 0 0 1 1 1 0 0 1 0 0 0 1 1 0 0 0 1 0 0 1 0 0 1 1 0 1 1 1 0 0 ]
d_25_21=3.204942916877 eijMax=1.877E-03 rmsd=6.355E-02 s=[ 0 0 0 0 1 1 1 0 0 1 1 1 0 0 1 0 0 0 1 1 0 0 0 1 0 0 1 1 0 1 1 0 1 1 1 0 0 ]
d_25_21=3.205143117077 eijMax=3.264E-03 rmsd=6.421E-02 s=[ 0 0 0 0 1 1 1 0 0 1 1 1 0 0 1 0 0 0 1 1 0 0 0 1 0 0 1 0 0 1 1 0 1 1 1 0 0 ]
d_25_21=3.205143117077 eijMax=3.264E-03 rmsd=6.421E-02 s=[ 0 0 0 0 1 1 1 0 0 1 1 1 0 0 1 0 0 0 1 1 0 0 0 1 0 0 1 1 0 1 1 0 1 1 1 0 0 ]
d_25_21=3.205343317277 eijMax=4.645E-03 rmsd=6.530E-02 s=[ 0 0 0 0 1 1 1 0 0 1 1 1 0 0 1 0 0 0 1 1 0 0 0 1 0 0 1 0 0 1 1 0 1 1 1 0 0 ]
d_25_21=3.205343317277 eijMax=4.645E-03 rmsd=6.529E-02 s=[ 0 0 0 0 1 1 1 0 0 1 1 1 0 0 1 0 0 0 1 1 0 0 0 1 0 0 1 1 0 1 1 0 1 1 1 0 0 ]
d_25_21=3.205543517477 eijMax=6.020E-03 rmsd=6.679E-02 s=[ 0 0 0 0 1 1 1 0 0 1 1 1 0 0 1 0 0 0 1 1 0 0 0 1 0 0 1 0 0 1 1 0 1 1 1 0 0 ]
d_25_21=3.205543517477 eijMax=6.020E-03 rmsd=6.678E-02 s=[ 0 0 0 0 1 1 1 0 0 1 1 1 0 0 1 0 0 0 1 1 0 0 0 1 0 0 1 1 0 1 1 0 1 1 1 0 0 ]
d_25_21=3.205743717678 eijMax=7.390E-03 rmsd=6.867E-02 s=[ 0 0 0 0 1 1 1 0 0 1 1 1 0 0 1 0 0 0 1 1 0 0 0 1 0 0 1 0 0 1 1 0 1 1 1 0 0 ]
d_25_21=3.205743717678 eijMax=7.390E-03 rmsd=6.866E-02 s=[ 0 0 0 0 1 1 1 0 0 1 1 1 0 0 1 0 0 0 1 1 0 0 0 1 0 0 1 1 0 1 1 0 1 1 1 0 0 ]
d_25_21=3.205943917878 eijMax=8.755E-03 rmsd=7.089E-02 s=[ 0 0 0 0 1 1 1 0 0 1 1 1 0 0 1 0 0 0 1 1 0 0 0 1 0 0 1 0 0 1 1 0 1 1 1 0 0 ]
d_25_21=3.205943917878 eijMax=8.755E-03 rmsd=7.088E-02 s=[ 0 0 0 0 1 1 1 0 0 1 1 1 0 0 1 0 0 0 1 1 0 0 0 1 0 0 1 1 0 1 1 0 1 1 1 0 0 ]
d_25_21=3.203941915876 eijMax=8.787E-03 rmsd=3.321E-02 s=[ 0 0 0 0 1 1 1 0 0 1 1 1 0 0 1 1 0 0 0 1 0 0 0 1 0 0 1 0 0 1 1 0 1 1 1 0 0 ]
d_25_21=3.203941915876 eijMax=8.787E-03 rmsd=3.322E-02 s=[ 0 0 0 0 1 1 1 0 0 1 1 1 0 0 1 1 0 0 0 1 0 0 0 1 0 0 1 1 0 1 1 0 1 1 1 0 0 ]
d_25_21=3.204142116076 eijMax=7.356E-03 rmsd=2.784E-02 s=[ 0 0 0 0 1 1 1 0 0 1 1 1 0 0 1 1 0 0 0 1 0 0 0 1 0 0 1 0 0 1 1 0 1 1 1 0 0 ]
d_25_21=3.204142116076 eijMax=7.356E-03 rmsd=2.786E-02 s=[ 0 0 0 0 1 1 1 0 0 1 1 1 0 0 1 1 0 0 0 1 0 0 0 1 0 0 1 1 0 1 1 0 1 1 1 0 0 ]
d_25_21=3.204342316276 eijMax=5.931E-03 rmsd=2.248E-02 s=[ 0 0 0 0 1 1 1 0 0 1 1 1 0 0 1 1 0 0 0 1 0 0 0 1 0 0 1 0 0 1 1 0 1 1 1 0 0 ]
d_25_21=3.204342316276 eijMax=5.931E-03 rmsd=2.250E-02 s=[ 0 0 0 0 1 1 1 0 0 1 1 1 0 0 1 1 0 0 0 1 0 0 0 1 0 0 1 1 0 1 1 0 1 1 1 0 0 ]
d_25_21=3.204542516476 eijMax=4.511E-03 rmsd=1.713E-02 s=[ 0 0 0 0 1 1 1 0 0 1 1 1 0 0 1 1 0 0 0 1 0 0 0 1 0 0 1 0 0 1 1 0 1 1 1 0 0 ]
d_25_21=3.204542516476 eijMax=4.511E-03 rmsd=1.714E-02 s=[ 0 0 0 0 1 1 1 0 0 1 1 1 0 0 1 1 0 0 0 1 0 0 0 1 0 0 1 1 0 1 1 0 1 1 1 0 0 ]
d_25_21=3.204742716677 eijMax=3.098E-03 rmsd=1.178E-02 s=[ 0 0 0 0 1 1 1 0 0 1 1 1 0 0 1 1 0 0 0 1 0 0 0 1 0 0 1 0 0 1 1 0 1 1 1 0 0 ]
d_25_21=3.204742716677 eijMax=3.098E-03 rmsd=1.180E-02 s=[ 0 0 0 0 1 1 1 0 0 1 1 1 0 0 1 1 0 0 0 1 0 0 0 1 0 0 1 1 0 1 1 0 1 1 1 0 0 ]
d_25_21=3.204942916877 eijMax=1.690E-03 rmsd=6.458E-03 s=[ 0 0 0 0 1 1 1 0 0 1 1 1 0 0 1 1 0 0 0 1 0 0 0 1 0 0 1 0 0 1 1 0 1 1 1 0 0 ]
d_25_21=3.204942916877 eijMax=1.690E-03 rmsd=6.473E-03 s=[ 0 0 0 0 1 1 1 0 0 1 1 1 0 0 1 1 0 0 0 1 0 0 0 1 0 0 1 1 0 1 1 0 1 1 1 0 0 ]
d_25_21=3.205143117077 eijMax=2.883E-04 rmsd=1.385E-03 s=[ 0 0 0 0 1 1 1 0 0 1 1 1 0 0 1 1 0 0 0 1 0 0 0 1 0 0 1 0 0 1 1 0 1 1 1 0 0 ]
d_25_21=3.205143117077 eijMax=2.883E-04 rmsd=1.401E-03 s=[ 0 0 0 0 1 1 1 0 0 1 1 1 0 0 1 1 0 0 0 1 0 0 0 1 0 0 1 1 0 1 1 0 1 1 1 0 0 ]
d_25_21=3.205343317277 eijMax=1.108E-03 rmsd=4.398E-03 s=[ 0 0 0 0 1 1 1 0 0 1 1 1 0 0 1 1 0 0 0 1 0 0 0 1 0 0 1 0 0 1 1 0 1 1 1 0 0 ]
d_25_21=3.205343317277 eijMax=1.108E-03 rmsd=4.384E-03 s=[ 0 0 0 0 1 1 1 0 0 1 1 1 0 0 1 1 0 0 0 1 0 0 0 1 0 0 1 1 0 1 1 0 1 1 1 0 0 ]
d_25_21=3.205543517477 eijMax=2.498E-03 rmsd=9.687E-03 s=[ 0 0 0 0 1 1 1 0 0 1 1 1 0 0 1 1 0 0 0 1 0 0 0 1 0 0 1 0 0 1 1 0 1 1 1 0 0 ]
d_25_21=3.205543517477 eijMax=2.498E-03 rmsd=9.673E-03 s=[ 0 0 0 0 1 1 1 0 0 1 1 1 0 0 1 1 0 0 0 1 0 0 0 1 0 0 1 1 0 1 1 0 1 1 1 0 0 ]
d_25_21=3.205743717678 eijMax=3.883E-03 rmsd=1.501E-02 s=[ 0 0 0 0 1 1 1 0 0 1 1 1 0 0 1 1 0 0 0 1 0 0 0 1 0 0 1 0 0 1 1 0 1 1 1 0 0 ]
d_25_21=3.205743717678 eijMax=3.883E-03 rmsd=1.500E-02 s=[ 0 0 0 0 1 1 1 0 0 1 1 1 0 0 1 1 0 0 0 1 0 0 0 1 0 0 1 1 0 1 1 0 1 1 1 0 0 ]
d_25_21=3.205943917878 eijMax=5.263E-03 rmsd=2.034E-02 s=[ 0 0 0 0 1 1 1 0 0 1 1 1 0 0 1 1 0 0 0 1 0 0 0 1 0 0 1 0 0 1 1 0 1 1 1 0 0 ]
d_25_21=3.205943917878 eijMax=5.263E-03 rmsd=2.032E-02 s=[ 0 0 0 0 1 1 1 0 0 1 1 1 0 0 1 1 0 0 0 1 0 0 0 1 0 0 1 1 0 1 1 0 1 1 1 0 0 ]
d_25_21=3.206144118078 eijMax=6.637E-03 rmsd=2.567E-02 s=[ 0 0 0 0 1 1 1 0 0 1 1 1 0 0 1 1 0 0 0 1 0 0 0 1 0 0 1 0 0 1 1 0 1 1 1 0 0 ]
d_25_21=3.206144118078 eijMax=6.637E-03 rmsd=2.565E-02 s=[ 0 0 0 0 1 1 1 0 0 1 1 1 0 0 1 1 0 0 0 1 0 0 0 1 0 0 1 1 0 1 1 0 1 1 1 0 0 ]
d_25_21=3.206344318278 eijMax=8.006E-03 rmsd=3.099E-02 s=[ 0 0 0 0 1 1 1 0 0 1 1 1 0 0 1 1 0 0 0 1 0 0 0 1 0 0 1 0 0 1 1 0 1 1 1 0 0 ]
d_25_21=3.206344318278 eijMax=8.006E-03 rmsd=3.098E-02 s=[ 0 0 0 0 1 1 1 0 0 1 1 1 0 0 1 1 0 0 0 1 0 0 0 1 0 0 1 1 0 1 1 0 1 1 1 0 0 ]
d_25_21=3.206544518478 eijMax=9.369E-03 rmsd=3.632E-02 s=[ 0 0 0 0 1 1 1 0 0 1 1 1 0 0 1 1 0 0 0 1 0 0 0 1 0 0 1 0 0 1 1 0 1 1 1 0 0 ]
d_25_21=3.206544518478 eijMax=9.369E-03 rmsd=3.630E-02 s=[ 0 0 0 0 1 1 1 0 0 1 1 1 0 0 1 1 0 0 0 1 0 0 0 1 0 0 1 1 0 1 1 0 1 1 1 0 0 ]
d_25_21=3.203341315275 eijMax=9.421E-03 rmsd=3.570E-02 s=[ 0 0 0 0 1 1 1 0 0 1 1 1 0 0 1 1 0 0 1 1 0 0 0 1 0 0 1 0 0 1 1 0 1 1 1 0 0 ]
d_25_21=3.203341315275 eijMax=9.421E-03 rmsd=3.571E-02 s=[ 0 0 0 0 1 1 1 0 0 1 1 1 0 0 1 1 0 0 1 1 0 0 0 1 0 0 1 1 0 1 1 0 1 1 1 0 0 ]
d_25_21=3.203541515475 eijMax=7.988E-03 rmsd=3.034E-02 s=[ 0 0 0 0 1 1 1 0 0 1 1 1 0 0 1 1 0 0 1 1 0 0 0 1 0 0 1 0 0 1 1 0 1 1 1 0 0 ]
d_25_21=3.203541515475 eijMax=7.988E-03 rmsd=3.035E-02 s=[ 0 0 0 0 1 1 1 0 0 1 1 1 0 0 1 1 0 0 1 1 0 0 0 1 0 0 1 1 0 1 1 0 1 1 1 0 0 ]
d_25_21=3.203741715676 eijMax=6.561E-03 rmsd=2.498E-02 s=[ 0 0 0 0 1 1 1 0 0 1 1 1 0 0 1 1 0 0 1 1 0 0 0 1 0 0 1 0 0 1 1 0 1 1 1 0 0 ]
d_25_21=3.203741715676 eijMax=6.561E-03 rmsd=2.499E-02 s=[ 0 0 0 0 1 1 1 0 0 1 1 1 0 0 1 1 0 0 1 1 0 0 0 1 0 0 1 1 0 1 1 0 1 1 1 0 0 ]
d_25_21=3.203941915876 eijMax=5.140E-03 rmsd=1.962E-02 s=[ 0 0 0 0 1 1 1 0 0 1 1 1 0 0 1 1 0 0 1 1 0 0 0 1 0 0 1 0 0 1 1 0 1 1 1 0 0 ]
d_25_21=3.203941915876 eijMax=5.140E-03 rmsd=1.964E-02 s=[ 0 0 0 0 1 1 1 0 0 1 1 1 0 0 1 1 0 0 1 1 0 0 0 1 0 0 1 1 0 1 1 0 1 1 1 0 0 ]
d_25_21=3.204142116076 eijMax=3.725E-03 rmsd=1.428E-02 s=[ 0 0 0 0 1 1 1 0 0 1 1 1 0 0 1 1 0 0 1 1 0 0 0 1 0 0 1 0 0 1 1 0 1 1 1 0 0 ]
d_25_21=3.204142116076 eijMax=3.725E-03 rmsd=1.429E-02 s=[ 0 0 0 0 1 1 1 0 0 1 1 1 0 0 1 1 0 0 1 1 0 0 0 1 0 0 1 1 0 1 1 0 1 1 1 0 0 ]
d_25_21=3.204342316276 eijMax=2.316E-03 rmsd=8.943E-03 s=[ 0 0 0 0 1 1 1 0 0 1 1 1 0 0 1 1 0 0 1 1 0 0 0 1 0 0 1 0 0 1 1 0 1 1 1 0 0 ]
d_25_21=3.204342316276 eijMax=2.316E-03 rmsd=8.957E-03 s=[ 0 0 0 0 1 1 1 0 0 1 1 1 0 0 1 1 0 0 1 1 0 0 0 1 0 0 1 1 0 1 1 0 1 1 1 0 0 ]
d_25_21=3.204542516476 eijMax=9.126E-04 rmsd=3.664E-03 s=[ 0 0 0 0 1 1 1 0 0 1 1 1 0 0 1 1 0 0 1 1 0 0 0 1 0 0 1 0 0 1 1 0 1 1 1 0 0 ]
d_25_21=3.204542516476 eijMax=9.126E-04 rmsd=3.678E-03 s=[ 0 0 0 0 1 1 1 0 0 1 1 1 0 0 1 1 0 0 1 1 0 0 0 1 0 0 1 1 0 1 1 0 1 1 1 0 0 ]
d_25_21=3.204742716677 eijMax=4.851E-04 rmsd=2.011E-03 s=[ 0 0 0 0 1 1 1 0 0 1 1 1 0 0 1 1 0 0 1 1 0 0 0 1 0 0 1 0 0 1 1 0 1 1 1 0 0 ]
d_25_21=3.204742716677 eijMax=4.851E-04 rmsd=1.997E-03 s=[ 0 0 0 0 1 1 1 0 0 1 1 1 0 0 1 1 0 0 1 1 0 0 0 1 0 0 1 1 0 1 1 0 1 1 1 0 0 ]
d_25_21=3.204942916877 eijMax=1.877E-03 rmsd=7.191E-03 s=[ 0 0 0 0 1 1 1 0 0 1 1 1 0 0 1 1 0 0 1 1 0 0 0 1 0 0 1 0 0 1 1 0 1 1 1 0 0 ]
d_25_21=3.204942916877 eijMax=1.877E-03 rmsd=7.176E-03 s=[ 0 0 0 0 1 1 1 0 0 1 1 1 0 0 1 1 0 0 1 1 0 0 0 1 0 0 1 1 0 1 1 0 1 1 1 0 0 ]
d_25_21=3.205143117077 eijMax=3.264E-03 rmsd=1.250E-02 s=[ 0 0 0 0 1 1 1 0 0 1 1 1 0 0 1 1 0 0 1 1 0 0 0 1 0 0 1 0 0 1 1 0 1 1 1 0 0 ]
d_25_21=3.205143117077 eijMax=3.264E-03 rmsd=1.249E-02 s=[ 0 0 0 0 1 1 1 0 0 1 1 1 0 0 1 1 0 0 1 1 0 0 0 1 0 0 1 1 0 1 1 0 1 1 1 0 0 ]
d_25_21=3.205343317277 eijMax=4.645E-03 rmsd=1.783E-02 s=[ 0 0 0 0 1 1 1 0 0 1 1 1 0 0 1 1 0 0 1 1 0 0 0 1 0 0 1 0 0 1 1 0 1 1 1 0 0 ]
d_25_21=3.205343317277 eijMax=4.645E-03 rmsd=1.781E-02 s=[ 0 0 0 0 1 1 1 0 0 1 1 1 0 0 1 1 0 0 1 1 0 0 0 1 0 0 1 1 0 1 1 0 1 1 1 0 0 ]
d_25_21=3.205543517477 eijMax=6.020E-03 rmsd=2.315E-02 s=[ 0 0 0 0 1 1 1 0 0 1 1 1 0 0 1 1 0 0 1 1 0 0 0 1 0 0 1 0 0 1 1 0 1 1 1 0 0 ]
d_25_21=3.205543517477 eijMax=6.020E-03 rmsd=2.313E-02 s=[ 0 0 0 0 1 1 1 0 0 1 1 1 0 0 1 1 0 0 1 1 0 0 0 1 0 0 1 1 0 1 1 0 1 1 1 0 0 ]
d_25_21=3.205743717678 eijMax=7.390E-03 rmsd=2.847E-02 s=[ 0 0 0 0 1 1 1 0 0 1 1 1 0 0 1 1 0 0 1 1 0 0 0 1 0 0 1 0 0 1 1 0 1 1 1 0 0 ]
d_25_21=3.205743717678 eijMax=7.390E-03 rmsd=2.846E-02 s=[ 0 0 0 0 1 1 1 0 0 1 1 1 0 0 1 1 0 0 1 1 0 0 0 1 0 0 1 1 0 1 1 0 1 1 1 0 0 ]
d_25_21=3.205943917878 eijMax=8.755E-03 rmsd=3.379E-02 s=[ 0 0 0 0 1 1 1 0 0 1 1 1 0 0 1 1 0 0 1 1 0 0 0 1 0 0 1 0 0 1 1 0 1 1 1 0 0 ]
d_25_21=3.205943917878 eijMax=8.755E-03 rmsd=3.378E-02 s=[ 0 0 0 0 1 1 1 0 0 1 1 1 0 0 1 1 0 0 1 1 0 0 0 1 0 0 1 1 0 1 1 0 1 1 1 0 0 ]
d_25_21=3.203341315275 eijMax=9.421E-03 rmsd=3.571E-02 s=[ 0 0 0 1 0 0 0 1 1 0 0 0 1 1 0 0 1 1 0 0 1 1 1 0 1 1 0 0 1 0 0 1 0 0 0 1 0 ]
d_25_21=3.203341315275 eijMax=9.421E-03 rmsd=3.570E-02 s=[ 0 0 0 1 0 0 0 1 1 0 0 0 1 1 0 0 1 1 0 0 1 1 1 0 1 1 0 1 1 0 0 1 0 0 0 1 0 ]
d_25_21=3.203541515475 eijMax=7.988E-03 rmsd=3.035E-02 s=[ 0 0 0 1 0 0 0 1 1 0 0 0 1 1 0 0 1 1 0 0 1 1 1 0 1 1 0 0 1 0 0 1 0 0 0 1 0 ]
d_25_21=3.203541515475 eijMax=7.988E-03 rmsd=3.034E-02 s=[ 0 0 0 1 0 0 0 1 1 0 0 0 1 1 0 0 1 1 0 0 1 1 1 0 1 1 0 1 1 0 0 1 0 0 0 1 0 ]
d_25_21=3.203741715676 eijMax=6.561E-03 rmsd=2.499E-02 s=[ 0 0 0 1 0 0 0 1 1 0 0 0 1 1 0 0 1 1 0 0 1 1 1 0 1 1 0 0 1 0 0 1 0 0 0 1 0 ]
d_25_21=3.203741715676 eijMax=6.561E-03 rmsd=2.498E-02 s=[ 0 0 0 1 0 0 0 1 1 0 0 0 1 1 0 0 1 1 0 0 1 1 1 0 1 1 0 1 1 0 0 1 0 0 0 1 0 ]
d_25_21=3.203941915876 eijMax=5.140E-03 rmsd=1.964E-02 s=[ 0 0 0 1 0 0 0 1 1 0 0 0 1 1 0 0 1 1 0 0 1 1 1 0 1 1 0 0 1 0 0 1 0 0 0 1 0 ]
d_25_21=3.203941915876 eijMax=5.140E-03 rmsd=1.962E-02 s=[ 0 0 0 1 0 0 0 1 1 0 0 0 1 1 0 0 1 1 0 0 1 1 1 0 1 1 0 1 1 0 0 1 0 0 0 1 0 ]
d_25_21=3.204142116076 eijMax=3.725E-03 rmsd=1.429E-02 s=[ 0 0 0 1 0 0 0 1 1 0 0 0 1 1 0 0 1 1 0 0 1 1 1 0 1 1 0 0 1 0 0 1 0 0 0 1 0 ]
d_25_21=3.204142116076 eijMax=3.725E-03 rmsd=1.428E-02 s=[ 0 0 0 1 0 0 0 1 1 0 0 0 1 1 0 0 1 1 0 0 1 1 1 0 1 1 0 1 1 0 0 1 0 0 0 1 0 ]
d_25_21=3.204342316276 eijMax=2.316E-03 rmsd=8.957E-03 s=[ 0 0 0 1 0 0 0 1 1 0 0 0 1 1 0 0 1 1 0 0 1 1 1 0 1 1 0 0 1 0 0 1 0 0 0 1 0 ]
d_25_21=3.204342316276 eijMax=2.316E-03 rmsd=8.943E-03 s=[ 0 0 0 1 0 0 0 1 1 0 0 0 1 1 0 0 1 1 0 0 1 1 1 0 1 1 0 1 1 0 0 1 0 0 0 1 0 ]
d_25_21=3.204542516476 eijMax=9.126E-04 rmsd=3.678E-03 s=[ 0 0 0 1 0 0 0 1 1 0 0 0 1 1 0 0 1 1 0 0 1 1 1 0 1 1 0 0 1 0 0 1 0 0 0 1 0 ]
d_25_21=3.204542516476 eijMax=9.126E-04 rmsd=3.664E-03 s=[ 0 0 0 1 0 0 0 1 1 0 0 0 1 1 0 0 1 1 0 0 1 1 1 0 1 1 0 1 1 0 0 1 0 0 0 1 0 ]
d_25_21=3.204742716677 eijMax=4.851E-04 rmsd=1.997E-03 s=[ 0 0 0 1 0 0 0 1 1 0 0 0 1 1 0 0 1 1 0 0 1 1 1 0 1 1 0 0 1 0 0 1 0 0 0 1 0 ]
d_25_21=3.204742716677 eijMax=4.851E-04 rmsd=2.011E-03 s=[ 0 0 0 1 0 0 0 1 1 0 0 0 1 1 0 0 1 1 0 0 1 1 1 0 1 1 0 1 1 0 0 1 0 0 0 1 0 ]
d_25_21=3.204942916877 eijMax=1.877E-03 rmsd=7.176E-03 s=[ 0 0 0 1 0 0 0 1 1 0 0 0 1 1 0 0 1 1 0 0 1 1 1 0 1 1 0 0 1 0 0 1 0 0 0 1 0 ]
d_25_21=3.204942916877 eijMax=1.877E-03 rmsd=7.191E-03 s=[ 0 0 0 1 0 0 0 1 1 0 0 0 1 1 0 0 1 1 0 0 1 1 1 0 1 1 0 1 1 0 0 1 0 0 0 1 0 ]
d_25_21=3.205143117077 eijMax=3.264E-03 rmsd=1.249E-02 s=[ 0 0 0 1 0 0 0 1 1 0 0 0 1 1 0 0 1 1 0 0 1 1 1 0 1 1 0 0 1 0 0 1 0 0 0 1 0 ]
d_25_21=3.205143117077 eijMax=3.264E-03 rmsd=1.250E-02 s=[ 0 0 0 1 0 0 0 1 1 0 0 0 1 1 0 0 1 1 0 0 1 1 1 0 1 1 0 1 1 0 0 1 0 0 0 1 0 ]
d_25_21=3.205343317277 eijMax=4.645E-03 rmsd=1.781E-02 s=[ 0 0 0 1 0 0 0 1 1 0 0 0 1 1 0 0 1 1 0 0 1 1 1 0 1 1 0 0 1 0 0 1 0 0 0 1 0 ]
d_25_21=3.205343317277 eijMax=4.645E-03 rmsd=1.783E-02 s=[ 0 0 0 1 0 0 0 1 1 0 0 0 1 1 0 0 1 1 0 0 1 1 1 0 1 1 0 1 1 0 0 1 0 0 0 1 0 ]
d_25_21=3.205543517477 eijMax=6.020E-03 rmsd=2.313E-02 s=[ 0 0 0 1 0 0 0 1 1 0 0 0 1 1 0 0 1 1 0 0 1 1 1 0 1 1 0 0 1 0 0 1 0 0 0 1 0 ]
d_25_21=3.205543517477 eijMax=6.020E-03 rmsd=2.315E-02 s=[ 0 0 0 1 0 0 0 1 1 0 0 0 1 1 0 0 1 1 0 0 1 1 1 0 1 1 0 1 1 0 0 1 0 0 0 1 0 ]
d_25_21=3.205743717678 eijMax=7.390E-03 rmsd=2.846E-02 s=[ 0 0 0 1 0 0 0 1 1 0 0 0 1 1 0 0 1 1 0 0 1 1 1 0 1 1 0 0 1 0 0 1 0 0 0 1 0 ]
d_25_21=3.205743717678 eijMax=7.390E-03 rmsd=2.847E-02 s=[ 0 0 0 1 0 0 0 1 1 0 0 0 1 1 0 0 1 1 0 0 1 1 1 0 1 1 0 1 1 0 0 1 0 0 0 1 0 ]
d_25_21=3.205943917878 eijMax=8.755E-03 rmsd=3.378E-02 s=[ 0 0 0 1 0 0 0 1 1 0 0 0 1 1 0 0 1 1 0 0 1 1 1 0 1 1 0 0 1 0 0 1 0 0 0 1 0 ]
d_25_21=3.205943917878 eijMax=8.755E-03 rmsd=3.379E-02 s=[ 0 0 0 1 0 0 0 1 1 0 0 0 1 1 0 0 1 1 0 0 1 1 1 0 1 1 0 1 1 0 0 1 0 0 0 1 0 ]
d_25_21=3.203941915876 eijMax=8.787E-03 rmsd=3.322E-02 s=[ 0 0 0 1 0 0 0 1 1 0 0 0 1 1 0 0 1 1 1 0 1 1 1 0 1 1 0 0 1 0 0 1 0 0 0 1 0 ]
d_25_21=3.203941915876 eijMax=8.787E-03 rmsd=3.321E-02 s=[ 0 0 0 1 0 0 0 1 1 0 0 0 1 1 0 0 1 1 1 0 1 1 1 0 1 1 0 1 1 0 0 1 0 0 0 1 0 ]
d_25_21=3.204142116076 eijMax=7.356E-03 rmsd=2.786E-02 s=[ 0 0 0 1 0 0 0 1 1 0 0 0 1 1 0 0 1 1 1 0 1 1 1 0 1 1 0 0 1 0 0 1 0 0 0 1 0 ]
d_25_21=3.204142116076 eijMax=7.356E-03 rmsd=2.784E-02 s=[ 0 0 0 1 0 0 0 1 1 0 0 0 1 1 0 0 1 1 1 0 1 1 1 0 1 1 0 1 1 0 0 1 0 0 0 1 0 ]
d_25_21=3.204342316276 eijMax=5.931E-03 rmsd=2.250E-02 s=[ 0 0 0 1 0 0 0 1 1 0 0 0 1 1 0 0 1 1 1 0 1 1 1 0 1 1 0 0 1 0 0 1 0 0 0 1 0 ]
d_25_21=3.204342316276 eijMax=5.931E-03 rmsd=2.248E-02 s=[ 0 0 0 1 0 0 0 1 1 0 0 0 1 1 0 0 1 1 1 0 1 1 1 0 1 1 0 1 1 0 0 1 0 0 0 1 0 ]
d_25_21=3.204542516476 eijMax=4.511E-03 rmsd=1.714E-02 s=[ 0 0 0 1 0 0 0 1 1 0 0 0 1 1 0 0 1 1 1 0 1 1 1 0 1 1 0 0 1 0 0 1 0 0 0 1 0 ]
d_25_21=3.204542516476 eijMax=4.511E-03 rmsd=1.713E-02 s=[ 0 0 0 1 0 0 0 1 1 0 0 0 1 1 0 0 1 1 1 0 1 1 1 0 1 1 0 1 1 0 0 1 0 0 0 1 0 ]
d_25_21=3.204742716677 eijMax=3.098E-03 rmsd=1.180E-02 s=[ 0 0 0 1 0 0 0 1 1 0 0 0 1 1 0 0 1 1 1 0 1 1 1 0 1 1 0 0 1 0 0 1 0 0 0 1 0 ]
d_25_21=3.204742716677 eijMax=3.098E-03 rmsd=1.178E-02 s=[ 0 0 0 1 0 0 0 1 1 0 0 0 1 1 0 0 1 1 1 0 1 1 1 0 1 1 0 1 1 0 0 1 0 0 0 1 0 ]
d_25_21=3.204942916877 eijMax=1.690E-03 rmsd=6.473E-03 s=[ 0 0 0 1 0 0 0 1 1 0 0 0 1 1 0 0 1 1 1 0 1 1 1 0 1 1 0 0 1 0 0 1 0 0 0 1 0 ]
d_25_21=3.204942916877 eijMax=1.690E-03 rmsd=6.458E-03 s=[ 0 0 0 1 0 0 0 1 1 0 0 0 1 1 0 0 1 1 1 0 1 1 1 0 1 1 0 1 1 0 0 1 0 0 0 1 0 ]
d_25_21=3.205143117077 eijMax=2.883E-04 rmsd=1.401E-03 s=[ 0 0 0 1 0 0 0 1 1 0 0 0 1 1 0 0 1 1 1 0 1 1 1 0 1 1 0 0 1 0 0 1 0 0 0 1 0 ]
d_25_21=3.205143117077 eijMax=2.883E-04 rmsd=1.385E-03 s=[ 0 0 0 1 0 0 0 1 1 0 0 0 1 1 0 0 1 1 1 0 1 1 1 0 1 1 0 1 1 0 0 1 0 0 0 1 0 ]
d_25_21=3.205343317277 eijMax=1.108E-03 rmsd=4.384E-03 s=[ 0 0 0 1 0 0 0 1 1 0 0 0 1 1 0 0 1 1 1 0 1 1 1 0 1 1 0 0 1 0 0 1 0 0 0 1 0 ]
d_25_21=3.205343317277 eijMax=1.108E-03 rmsd=4.398E-03 s=[ 0 0 0 1 0 0 0 1 1 0 0 0 1 1 0 0 1 1 1 0 1 1 1 0 1 1 0 1 1 0 0 1 0 0 0 1 0 ]
d_25_21=3.205543517477 eijMax=2.498E-03 rmsd=9.673E-03 s=[ 0 0 0 1 0 0 0 1 1 0 0 0 1 1 0 0 1 1 1 0 1 1 1 0 1 1 0 0 1 0 0 1 0 0 0 1 0 ]
d_25_21=3.205543517477 eijMax=2.498E-03 rmsd=9.687E-03 s=[ 0 0 0 1 0 0 0 1 1 0 0 0 1 1 0 0 1 1 1 0 1 1 1 0 1 1 0 1 1 0 0 1 0 0 0 1 0 ]
d_25_21=3.205743717678 eijMax=3.883E-03 rmsd=1.500E-02 s=[ 0 0 0 1 0 0 0 1 1 0 0 0 1 1 0 0 1 1 1 0 1 1 1 0 1 1 0 0 1 0 0 1 0 0 0 1 0 ]
d_25_21=3.205743717678 eijMax=3.883E-03 rmsd=1.501E-02 s=[ 0 0 0 1 0 0 0 1 1 0 0 0 1 1 0 0 1 1 1 0 1 1 1 0 1 1 0 1 1 0 0 1 0 0 0 1 0 ]
d_25_21=3.205943917878 eijMax=5.263E-03 rmsd=2.032E-02 s=[ 0 0 0 1 0 0 0 1 1 0 0 0 1 1 0 0 1 1 1 0 1 1 1 0 1 1 0 0 1 0 0 1 0 0 0 1 0 ]
d_25_21=3.205943917878 eijMax=5.263E-03 rmsd=2.034E-02 s=[ 0 0 0 1 0 0 0 1 1 0 0 0 1 1 0 0 1 1 1 0 1 1 1 0 1 1 0 1 1 0 0 1 0 0 0 1 0 ]
d_25_21=3.206144118078 eijMax=6.637E-03 rmsd=2.565E-02 s=[ 0 0 0 1 0 0 0 1 1 0 0 0 1 1 0 0 1 1 1 0 1 1 1 0 1 1 0 0 1 0 0 1 0 0 0 1 0 ]
d_25_21=3.206144118078 eijMax=6.637E-03 rmsd=2.567E-02 s=[ 0 0 0 1 0 0 0 1 1 0 0 0 1 1 0 0 1 1 1 0 1 1 1 0 1 1 0 1 1 0 0 1 0 0 0 1 0 ]
d_25_21=3.206344318278 eijMax=8.006E-03 rmsd=3.098E-02 s=[ 0 0 0 1 0 0 0 1 1 0 0 0 1 1 0 0 1 1 1 0 1 1 1 0 1 1 0 0 1 0 0 1 0 0 0 1 0 ]
d_25_21=3.206344318278 eijMax=8.006E-03 rmsd=3.099E-02 s=[ 0 0 0 1 0 0 0 1 1 0 0 0 1 1 0 0 1 1 1 0 1 1 1 0 1 1 0 1 1 0 0 1 0 0 0 1 0 ]
d_25_21=3.206544518478 eijMax=9.369E-03 rmsd=3.630E-02 s=[ 0 0 0 1 0 0 0 1 1 0 0 0 1 1 0 0 1 1 1 0 1 1 1 0 1 1 0 0 1 0 0 1 0 0 0 1 0 ]
d_25_21=3.206544518478 eijMax=9.369E-03 rmsd=3.632E-02 s=[ 0 0 0 1 0 0 0 1 1 0 0 0 1 1 0 0 1 1 1 0 1 1 1 0 1 1 0 1 1 0 0 1 0 0 0 1 0 ]
d_25_21=3.203341315275 eijMax=9.421E-03 rmsd=7.369E-02 s=[ 0 0 0 1 0 0 0 1 1 0 0 0 1 1 0 1 1 1 0 0 1 1 1 0 1 1 0 0 1 0 0 1 0 0 0 1 0 ]
d_25_21=3.203341315275 eijMax=9.421E-03 rmsd=7.369E-02 s=[ 0 0 0 1 0 0 0 1 1 0 0 0 1 1 0 1 1 1 0 0 1 1 1 0 1 1 0 1 1 0 0 1 0 0 0 1 0 ]
d_25_21=3.203541515475 eijMax=7.988E-03 rmsd=7.110E-02 s=[ 0 0 0 1 0 0 0 1 1 0 0 0 1 1 0 1 1 1 0 0 1 1 1 0 1 1 0 0 1 0 0 1 0 0 0 1 0 ]
d_25_21=3.203541515475 eijMax=7.988E-03 rmsd=7.110E-02 s=[ 0 0 0 1 0 0 0 1 1 0 0 0 1 1 0 1 1 1 0 0 1 1 1 0 1 1 0 1 1 0 0 1 0 0 0 1 0 ]
d_25_21=3.203741715676 eijMax=6.561E-03 rmsd=6.883E-02 s=[ 0 0 0 1 0 0 0 1 1 0 0 0 1 1 0 1 1 1 0 0 1 1 1 0 1 1 0 0 1 0 0 1 0 0 0 1 0 ]
d_25_21=3.203741715676 eijMax=6.561E-03 rmsd=6.883E-02 s=[ 0 0 0 1 0 0 0 1 1 0 0 0 1 1 0 1 1 1 0 0 1 1 1 0 1 1 0 1 1 0 0 1 0 0 0 1 0 ]
d_25_21=3.203941915876 eijMax=5.140E-03 rmsd=6.692E-02 s=[ 0 0 0 1 0 0 0 1 1 0 0 0 1 1 0 1 1 1 0 0 1 1 1 0 1 1 0 0 1 0 0 1 0 0 0 1 0 ]
d_25_21=3.203941915876 eijMax=5.140E-03 rmsd=6.692E-02 s=[ 0 0 0 1 0 0 0 1 1 0 0 0 1 1 0 1 1 1 0 0 1 1 1 0 1 1 0 1 1 0 0 1 0 0 0 1 0 ]
d_25_21=3.204142116076 eijMax=3.725E-03 rmsd=6.539E-02 s=[ 0 0 0 1 0 0 0 1 1 0 0 0 1 1 0 1 1 1 0 0 1 1 1 0 1 1 0 0 1 0 0 1 0 0 0 1 0 ]
d_25_21=3.204142116076 eijMax=3.725E-03 rmsd=6.539E-02 s=[ 0 0 0 1 0 0 0 1 1 0 0 0 1 1 0 1 1 1 0 0 1 1 1 0 1 1 0 1 1 0 0 1 0 0 0 1 0 ]
d_25_21=3.204342316276 eijMax=2.316E-03 rmsd=6.427E-02 s=[ 0 0 0 1 0 0 0 1 1 0 0 0 1 1 0 1 1 1 0 0 1 1 1 0 1 1 0 0 1 0 0 1 0 0 0 1 0 ]
d_25_21=3.204342316276 eijMax=2.316E-03 rmsd=6.427E-02 s=[ 0 0 0 1 0 0 0 1 1 0 0 0 1 1 0 1 1 1 0 0 1 1 1 0 1 1 0 1 1 0 0 1 0 0 0 1 0 ]
d_25_21=3.204542516476 eijMax=1.355E-03 rmsd=6.358E-02 s=[ 0 0 0 1 0 0 0 1 1 0 0 0 1 1 0 1 1 1 0 0 1 1 1 0 1 1 0 0 1 0 0 1 0 0 0 1 0 ]
d_25_21=3.204542516476 eijMax=1.355E-03 rmsd=6.359E-02 s=[ 0 0 0 1 0 0 0 1 1 0 0 0 1 1 0 1 1 1 0 0 1 1 1 0 1 1 0 1 1 0 0 1 0 0 0 1 0 ]
d_25_21=3.204742716677 eijMax=1.355E-03 rmsd=6.334E-02 s=[ 0 0 0 1 0 0 0 1 1 0 0 0 1 1 0 1 1 1 0 0 1 1 1 0 1 1 0 0 1 0 0 1 0 0 0 1 0 ]
d_25_21=3.204742716677 eijMax=1.355E-03 rmsd=6.335E-02 s=[ 0 0 0 1 0 0 0 1 1 0 0 0 1 1 0 1 1 1 0 0 1 1 1 0 1 1 0 1 1 0 0 1 0 0 0 1 0 ]
d_25_21=3.204942916877 eijMax=1.877E-03 rmsd=6.355E-02 s=[ 0 0 0 1 0 0 0 1 1 0 0 0 1 1 0 1 1 1 0 0 1 1 1 0 1 1 0 0 1 0 0 1 0 0 0 1 0 ]
d_25_21=3.204942916877 eijMax=1.877E-03 rmsd=6.356E-02 s=[ 0 0 0 1 0 0 0 1 1 0 0 0 1 1 0 1 1 1 0 0 1 1 1 0 1 1 0 1 1 0 0 1 0 0 0 1 0 ]
d_25_21=3.205143117077 eijMax=3.264E-03 rmsd=6.421E-02 s=[ 0 0 0 1 0 0 0 1 1 0 0 0 1 1 0 1 1 1 0 0 1 1 1 0 1 1 0 0 1 0 0 1 0 0 0 1 0 ]
d_25_21=3.205143117077 eijMax=3.264E-03 rmsd=6.421E-02 s=[ 0 0 0 1 0 0 0 1 1 0 0 0 1 1 0 1 1 1 0 0 1 1 1 0 1 1 0 1 1 0 0 1 0 0 0 1 0 ]
d_25_21=3.205343317277 eijMax=4.645E-03 rmsd=6.529E-02 s=[ 0 0 0 1 0 0 0 1 1 0 0 0 1 1 0 1 1 1 0 0 1 1 1 0 1 1 0 0 1 0 0 1 0 0 0 1 0 ]
d_25_21=3.205343317277 eijMax=4.645E-03 rmsd=6.530E-02 s=[ 0 0 0 1 0 0 0 1 1 0 0 0 1 1 0 1 1 1 0 0 1 1 1 0 1 1 0 1 1 0 0 1 0 0 0 1 0 ]
d_25_21=3.205543517477 eijMax=6.020E-03 rmsd=6.678E-02 s=[ 0 0 0 1 0 0 0 1 1 0 0 0 1 1 0 1 1 1 0 0 1 1 1 0 1 1 0 0 1 0 0 1 0 0 0 1 0 ]
d_25_21=3.205543517477 eijMax=6.020E-03 rmsd=6.679E-02 s=[ 0 0 0 1 0 0 0 1 1 0 0 0 1 1 0 1 1 1 0 0 1 1 1 0 1 1 0 1 1 0 0 1 0 0 0 1 0 ]
d_25_21=3.205743717678 eijMax=7.390E-03 rmsd=6.866E-02 s=[ 0 0 0 1 0 0 0 1 1 0 0 0 1 1 0 1 1 1 0 0 1 1 1 0 1 1 0 0 1 0 0 1 0 0 0 1 0 ]
d_25_21=3.205743717678 eijMax=7.390E-03 rmsd=6.867E-02 s=[ 0 0 0 1 0 0 0 1 1 0 0 0 1 1 0 1 1 1 0 0 1 1 1 0 1 1 0 1 1 0 0 1 0 0 0 1 0 ]
d_25_21=3.205943917878 eijMax=8.755E-03 rmsd=7.088E-02 s=[ 0 0 0 1 0 0 0 1 1 0 0 0 1 1 0 1 1 1 0 0 1 1 1 0 1 1 0 0 1 0 0 1 0 0 0 1 0 ]
d_25_21=3.205943917878 eijMax=8.755E-03 rmsd=7.089E-02 s=[ 0 0 0 1 0 0 0 1 1 0 0 0 1 1 0 1 1 1 0 0 1 1 1 0 1 1 0 1 1 0 0 1 0 0 0 1 0 ]
d_25_21=3.203941915876 eijMax=8.787E-03 rmsd=7.245E-02 s=[ 0 0 0 1 0 0 0 1 1 0 0 0 1 1 0 1 1 1 1 0 1 1 1 0 1 1 0 0 1 0 0 1 0 0 0 1 0 ]
d_25_21=3.203941915876 eijMax=8.787E-03 rmsd=7.245E-02 s=[ 0 0 0 1 0 0 0 1 1 0 0 0 1 1 0 1 1 1 1 0 1 1 1 0 1 1 0 1 1 0 0 1 0 0 0 1 0 ]
d_25_21=3.204142116076 eijMax=7.356E-03 rmsd=7.000E-02 s=[ 0 0 0 1 0 0 0 1 1 0 0 0 1 1 0 1 1 1 1 0 1 1 1 0 1 1 0 0 1 0 0 1 0 0 0 1 0 ]
d_25_21=3.204142116076 eijMax=7.356E-03 rmsd=7.000E-02 s=[ 0 0 0 1 0 0 0 1 1 0 0 0 1 1 0 1 1 1 1 0 1 1 1 0 1 1 0 1 1 0 0 1 0 0 0 1 0 ]
d_25_21=3.204342316276 eijMax=5.931E-03 rmsd=6.789E-02 s=[ 0 0 0 1 0 0 0 1 1 0 0 0 1 1 0 1 1 1 1 0 1 1 1 0 1 1 0 0 1 0 0 1 0 0 0 1 0 ]
d_25_21=3.204342316276 eijMax=5.931E-03 rmsd=6.789E-02 s=[ 0 0 0 1 0 0 0 1 1 0 0 0 1 1 0 1 1 1 1 0 1 1 1 0 1 1 0 1 1 0 0 1 0 0 0 1 0 ]
d_25_21=3.204542516476 eijMax=4.511E-03 rmsd=6.615E-02 s=[ 0 0 0 1 0 0 0 1 1 0 0 0 1 1 0 1 1 1 1 0 1 1 1 0 1 1 0 0 1 0 0 1 0 0 0 1 0 ]
d_25_21=3.204542516476 eijMax=4.511E-03 rmsd=6.615E-02 s=[ 0 0 0 1 0 0 0 1 1 0 0 0 1 1 0 1 1 1 1 0 1 1 1 0 1 1 0 1 1 0 0 1 0 0 0 1 0 ]
d_25_21=3.204742716677 eijMax=3.098E-03 rmsd=6.481E-02 s=[ 0 0 0 1 0 0 0 1 1 0 0 0 1 1 0 1 1 1 1 0 1 1 1 0 1 1 0 0 1 0 0 1 0 0 0 1 0 ]
d_25_21=3.204742716677 eijMax=3.098E-03 rmsd=6.481E-02 s=[ 0 0 0 1 0 0 0 1 1 0 0 0 1 1 0 1 1 1 1 0 1 1 1 0 1 1 0 1 1 0 0 1 0 0 0 1 0 ]
d_25_21=3.204942916877 eijMax=1.690E-03 rmsd=6.389E-02 s=[ 0 0 0 1 0 0 0 1 1 0 0 0 1 1 0 1 1 1 1 0 1 1 1 0 1 1 0 0 1 0 0 1 0 0 0 1 0 ]
d_25_21=3.204942916877 eijMax=1.690E-03 rmsd=6.390E-02 s=[ 0 0 0 1 0 0 0 1 1 0 0 0 1 1 0 1 1 1 1 0 1 1 1 0 1 1 0 1 1 0 0 1 0 0 0 1 0 ]
d_25_21=3.205143117077 eijMax=1.355E-03 rmsd=6.342E-02 s=[ 0 0 0 1 0 0 0 1 1 0 0 0 1 1 0 1 1 1 1 0 1 1 1 0 1 1 0 0 1 0 0 1 0 0 0 1 0 ]
d_25_21=3.205143117077 eijMax=1.355E-03 rmsd=6.342E-02 s=[ 0 0 0 1 0 0 0 1 1 0 0 0 1 1 0 1 1 1 1 0 1 1 1 0 1 1 0 1 1 0 0 1 0 0 0 1 0 ]
d_25_21=3.205343317277 eijMax=1.355E-03 rmsd=6.339E-02 s=[ 0 0 0 1 0 0 0 1 1 0 0 0 1 1 0 1 1 1 1 0 1 1 1 0 1 1 0 0 1 0 0 1 0 0 0 1 0 ]
d_25_21=3.205343317277 eijMax=1.355E-03 rmsd=6.339E-02 s=[ 0 0 0 1 0 0 0 1 1 0 0 0 1 1 0 1 1 1 1 0 1 1 1 0 1 1 0 1 1 0 0 1 0 0 0 1 0 ]
d_25_21=3.205543517477 eijMax=2.498E-03 rmsd=6.381E-02 s=[ 0 0 0 1 0 0 0 1 1 0 0 0 1 1 0 1 1 1 1 0 1 1 1 0 1 1 0 0 1 0 0 1 0 0 0 1 0 ]
d_25_21=3.205543517477 eijMax=2.498E-03 rmsd=6.381E-02 s=[ 0 0 0 1 0 0 0 1 1 0 0 0 1 1 0 1 1 1 1 0 1 1 1 0 1 1 0 1 1 0 0 1 0 0 0 1 0 ]
d_25_21=3.205743717678 eijMax=3.883E-03 rmsd=6.467E-02 s=[ 0 0 0 1 0 0 0 1 1 0 0 0 1 1 0 1 1 1 1 0 1 1 1 0 1 1 0 0 1 0 0 1 0 0 0 1 0 ]
d_25_21=3.205743717678 eijMax=3.883E-03 rmsd=6.467E-02 s=[ 0 0 0 1 0 0 0 1 1 0 0 0 1 1 0 1 1 1 1 0 1 1 1 0 1 1 0 1 1 0 0 1 0 0 0 1 0 ]
d_25_21=3.205943917878 eijMax=5.263E-03 rmsd=6.595E-02 s=[ 0 0 0 1 0 0 0 1 1 0 0 0 1 1 0 1 1 1 1 0 1 1 1 0 1 1 0 0 1 0 0 1 0 0 0 1 0 ]
d_25_21=3.205943917878 eijMax=5.263E-03 rmsd=6.596E-02 s=[ 0 0 0 1 0 0 0 1 1 0 0 0 1 1 0 1 1 1 1 0 1 1 1 0 1 1 0 1 1 0 0 1 0 0 0 1 0 ]
d_25_21=3.206144118078 eijMax=6.637E-03 rmsd=6.763E-02 s=[ 0 0 0 1 0 0 0 1 1 0 0 0 1 1 0 1 1 1 1 0 1 1 1 0 1 1 0 0 1 0 0 1 0 0 0 1 0 ]
d_25_21=3.206144118078 eijMax=6.637E-03 rmsd=6.763E-02 s=[ 0 0 0 1 0 0 0 1 1 0 0 0 1 1 0 1 1 1 1 0 1 1 1 0 1 1 0 1 1 0 0 1 0 0 0 1 0 ]
d_25_21=3.206344318278 eijMax=8.006E-03 rmsd=6.967E-02 s=[ 0 0 0 1 0 0 0 1 1 0 0 0 1 1 0 1 1 1 1 0 1 1 1 0 1 1 0 0 1 0 0 1 0 0 0 1 0 ]
d_25_21=3.206344318278 eijMax=8.006E-03 rmsd=6.968E-02 s=[ 0 0 0 1 0 0 0 1 1 0 0 0 1 1 0 1 1 1 1 0 1 1 1 0 1 1 0 1 1 0 0 1 0 0 0 1 0 ]
d_25_21=3.206544518478 eijMax=9.369E-03 rmsd=7.205E-02 s=[ 0 0 0 1 0 0 0 1 1 0 0 0 1 1 0 1 1 1 1 0 1 1 1 0 1 1 0 0 1 0 0 1 0 0 0 1 0 ]
d_25_21=3.206544518478 eijMax=9.369E-03 rmsd=7.206E-02 s=[ 0 0 0 1 0 0 0 1 1 0 0 0 1 1 0 1 1 1 1 0 1 1 1 0 1 1 0 1 1 0 0 1 0 0 0 1 0 ]
num ..... 1000
nnodes .. 37
nedges .. 192
nsols ... 224
tsecs ... 49.100868
