order:    [ 1 15 30 0 2 4 5 6 9 10 11 14 16 19 20 21 24 25 26 29 31 34 35 36 39 40 41 43 44 45 48 49 50 53 54 55 3 7 8 12 13 17 18 22 23 27 28 32 33 37 38 42 46 47 51 52 56 57 ]
atoms:    [ CA CA CA N C N CA C N CA C N C N CA C N CA C N C N CA C N CA C N CA C N CA C N CA C HA H HA H HA H HA H HA H HA H HA H HA HA H HA H HA H HA ]
residues: [ 0 3 6 0 0 1 1 1 2 2 2 3 3 4 4 4 5 5 5 6 6 7 7 7 8 8 8 9 9 9 10 10 10 11 11 11 0 1 1 2 2 3 3 4 4 5 5 6 6 7 7 8 9 9 10 10 11 11 ]

d_0_15=5.901685607568 eijMax=9.018E-03 rmsd=2.673E-01 s=[ 0 0 0 0 0 0 0 1 1 1 1 1 0 0 0 1 1 1 1 1 1 1 0 1 1 1 1 1 1 1 0 0 0 0 0 0 1 1 1 0 1 1 1 1 1 1 1 1 1 1 1 1 0 1 1 1 1 1 ]
d_0_15=5.901685607568 eijMax=9.018E-03 rmsd=2.673E-01 s=[ 0 0 0 1 1 1 1 0 0 0 0 0 1 1 1 0 0 0 0 0 0 0 1 0 0 0 0 0 0 0 1 1 1 1 1 1 0 0 0 1 0 0 0 0 0 0 0 0 0 0 0 0 1 0 0 0 0 0 ]
d_0_15=5.902468789550 eijMax=7.208E-03 rmsd=2.130E-01 s=[ 0 0 0 0 0 0 0 1 1 1 1 1 0 0 0 1 1 1 1 1 1 1 0 1 1 1 1 1 1 1 0 0 0 0 0 0 1 1 1 0 1 1 1 1 1 1 1 1 1 1 1 1 0 1 1 1 1 1 ]
d_0_15=5.902468789550 eijMax=7.208E-03 rmsd=2.130E-01 s=[ 0 0 0 1 1 1 1 0 0 0 0 0 1 1 1 0 0 0 0 0 0 0 1 0 0 0 0 0 0 0 1 1 1 1 1 1 0 0 0 1 0 0 0 0 0 0 0 0 0 0 0 0 1 0 0 0 0 0 ]
d_0_15=5.903251971532 eijMax=5.411E-03 rmsd=1.594E-01 s=[ 0 0 0 0 0 0 0 1 1 1 1 1 0 0 0 1 1 1 1 1 1 1 0 1 1 1 1 1 1 1 0 0 0 0 0 0 1 1 1 0 1 1 1 1 1 1 1 1 1 1 1 1 0 1 1 1 1 1 ]
d_0_15=5.903251971532 eijMax=5.411E-03 rmsd=1.594E-01 s=[ 0 0 0 1 1 1 1 0 0 0 0 0 1 1 1 0 0 0 0 0 0 0 1 0 0 0 0 0 0 0 1 1 1 1 1 1 0 0 0 1 0 0 0 0 0 0 0 0 0 0 0 0 1 0 0 0 0 0 ]
d_0_15=5.904035153514 eijMax=3.626E-03 rmsd=1.064E-01 s=[ 0 0 0 0 0 0 0 1 1 1 1 1 0 0 0 1 1 1 1 1 1 1 0 1 1 1 1 1 1 1 0 0 0 0 0 0 1 1 1 0 1 1 1 1 1 1 1 1 1 1 1 1 0 1 1 1 1 1 ]
d_0_15=5.904035153514 eijMax=3.626E-03 rmsd=1.064E-01 s=[ 0 0 0 1 1 1 1 0 0 0 0 0 1 1 1 0 0 0 0 0 0 0 1 0 0 0 0 0 0 0 1 1 1 1 1 1 0 0 0 1 0 0 0 0 0 0 0 0 0 0 0 0 1 0 0 0 0 0 ]
d_0_15=5.904818335495 eijMax=1.850E-03 rmsd=5.406E-02 s=[ 0 0 0 0 0 0 0 1 1 1 1 1 0 0 0 1 1 1 1 1 1 1 0 1 1 1 1 1 1 1 0 0 0 0 0 0 1 1 1 0 1 1 1 1 1 1 1 1 1 1 1 1 0 1 1 1 1 1 ]
d_0_15=5.904818335495 eijMax=1.850E-03 rmsd=5.406E-02 s=[ 0 0 0 1 1 1 1 0 0 0 0 0 1 1 1 0 0 0 0 0 0 0 1 0 0 0 0 0 0 0 1 1 1 1 1 1 0 0 0 1 0 0 0 0 0 0 0 0 0 0 0 0 1 0 0 0 0 0 ]
d_0_15=5.905601517477 eijMax=8.346E-05 rmsd=2.274E-03 s=[ 0 0 0 0 0 0 0 1 1 1 1 1 0 0 0 1 1 1 1 1 1 1 0 1 1 1 1 1 1 1 0 0 0 0 0 0 1 1 1 0 1 1 1 1 1 1 1 1 1 1 1 1 0 1 1 1 1 1 ]
d_0_15=5.905601517477 eijMax=8.346E-05 rmsd=2.274E-03 s=[ 0 0 0 1 1 1 1 0 0 0 0 0 1 1 1 0 0 0 0 0 0 0 1 0 0 0 0 0 0 0 1 1 1 1 1 1 0 0 0 1 0 0 0 0 0 0 0 0 0 0 0 0 1 0 0 0 0 0 ]
d_0_15=5.906384699459 eijMax=1.675E-03 rmsd=4.898E-02 s=[ 0 0 0 0 0 0 0 1 1 1 1 1 0 0 0 1 1 1 1 1 1 1 0 1 1 1 1 1 1 1 0 0 0 0 0 0 1 1 1 0 1 1 1 1 1 1 1 1 1 1 1 1 0 1 1 1 1 1 ]
d_0_15=5.906384699459 eijMax=1.675E-03 rmsd=4.898E-02 s=[ 0 0 0 1 1 1 1 0 0 0 0 0 1 1 1 0 0 0 0 0 0 0 1 0 0 0 0 0 0 0 1 1 1 1 1 1 0 0 0 1 0 0 0 0 0 0 0 0 0 0 0 0 1 0 0 0 0 0 ]
d_0_15=5.907167881441 eijMax=3.426E-03 rmsd=9.974E-02 s=[ 0 0 0 0 0 0 0 1 1 1 1 1 0 0 0 1 1 1 1 1 1 1 0 1 1 1 1 1 1 1 0 0 0 0 0 0 1 1 1 0 1 1 1 1 1 1 1 1 1 1 1 1 0 1 1 1 1 1 ]
d_0_15=5.907167881441 eijMax=3.426E-03 rmsd=9.974E-02 s=[ 0 0 0 1 1 1 1 0 0 0 0 0 1 1 1 0 0 0 0 0 0 0 1 0 0 0 0 0 0 0 1 1 1 1 1 1 0 0 0 1 0 0 0 0 0 0 0 0 0 0 0 0 1 0 0 0 0 0 ]
d_0_15=5.907951063423 eijMax=5.170E-03 rmsd=1.500E-01 s=[ 0 0 0 0 0 0 0 1 1 1 1 1 0 0 0 1 1 1 1 1 1 1 0 1 1 1 1 1 1 1 0 0 0 0 0 0 1 1 1 0 1 1 1 1 1 1 1 1 1 1 1 1 0 1 1 1 1 1 ]
d_0_15=5.907951063423 eijMax=5.170E-03 rmsd=1.500E-01 s=[ 0 0 0 1 1 1 1 0 0 0 0 0 1 1 1 0 0 0 0 0 0 0 1 0 0 0 0 0 0 0 1 1 1 1 1 1 0 0 0 1 0 0 0 0 0 0 0 0 0 0 0 0 1 0 0 0 0 0 ]
d_0_15=5.908734245405 eijMax=6.909E-03 rmsd=1.999E-01 s=[ 0 0 0 0 0 0 0 1 1 1 1 1 0 0 0 1 1 1 1 1 1 1 0 1 1 1 1 1 1 1 0 0 0 0 0 0 1 1 1 0 1 1 1 1 1 1 1 1 1 1 1 1 0 1 1 1 1 1 ]
d_0_15=5.908734245405 eijMax=6.909E-03 rmsd=1.999E-01 s=[ 0 0 0 1 1 1 1 0 0 0 0 0 1 1 1 0 0 0 0 0 0 0 1 0 0 0 0 0 0 0 1 1 1 1 1 1 0 0 0 1 0 0 0 0 0 0 0 0 0 0 0 0 1 0 0 0 0 0 ]
d_0_15=5.909517427387 eijMax=8.642E-03 rmsd=2.493E-01 s=[ 0 0 0 0 0 0 0 1 1 1 1 1 0 0 0 1 1 1 1 1 1 1 0 1 1 1 1 1 1 1 0 0 0 0 0 0 1 1 1 0 1 1 1 1 1 1 1 1 1 1 1 1 0 1 1 1 1 1 ]
d_0_15=5.909517427387 eijMax=8.642E-03 rmsd=2.493E-01 s=[ 0 0 0 1 1 1 1 0 0 0 0 0 1 1 1 0 0 0 0 0 0 0 1 0 0 0 0 0 0 0 1 1 1 1 1 1 0 0 0 1 0 0 0 0 0 0 0 0 0 0 0 0 1 0 0 0 0 0 ]
num ..... 1000
nnodes .. 58
nedges .. 403
nsols ... 264
nbbsols . 22
tsecs ... 129.776294
