order:    [ 1 14 28 0 2 4 5 6 8 9 10 13 15 18 19 20 22 23 24 27 29 32 33 34 37 38 39 41 42 43 46 47 48 51 52 53 3 7 11 12 16 17 21 25 26 30 31 35 36 40 44 45 49 50 54 55 ]
atoms:    [ CA CA CA N C N CA C N CA C N C N CA C N CA C N C N CA C N CA C N CA C N CA C N CA C HA HA H HA H HA HA H HA H HA H HA H H HA H HA H HA ]
residues: [ 0 3 6 0 0 1 1 1 2 2 2 3 3 4 4 4 5 5 5 6 6 7 7 7 8 8 8 9 9 9 10 10 10 11 11 11 0 1 2 2 3 3 4 5 5 6 6 7 7 8 9 9 10 10 11 11 ]

We use a different pair of symbles to represent the bits values which are associated with the HA and H of the discretized distance, and another one to represent the bits of other hydrogens.
For the HA and H from the discretized distance:
	"+" means 0
	"-" means 1
For any other hydrogens:
	">" means 0
	"<" means 1

d_0_14=11.202523696667 s=[ 0 0 0 0 1 0 0 1 1 1 1 1 0 0 1 1 1 1 1 1 0 1 0 1 1 1 1 1 1 1 1 1 1 1 1 1 < < > < < < < > < < < < < < < < > < > < ]
11.202523696667 s=[ 0 0 0 0 1 0 0 1 1 1 1 1 0 0 1 1 1 1 1 1 0 1 0 1 1 1 1 1 1 1 1 1 1 1 1 1 < < > < < < < > < > < < < > < < > < > < ]
11.202523696667 s=[ 0 0 0 0 1 0 0 1 1 1 1 1 0 0 1 1 1 1 1 1 0 1 0 1 1 1 1 1 1 1 1 1 1 1 1 1 < < > < < < < > < > < < < < < < > < > < ]
11.202523696667 s=[ 0 0 0 0 1 0 0 1 1 1 1 1 0 0 1 1 1 1 1 1 0 1 0 1 1 1 1 1 1 1 1 1 1 1 1 1 < < > < < < < > < < < < < > < < > < > < ]
11.202523696667 s=[ 0 0 0 0 1 0 0 1 1 1 1 1 0 0 1 1 1 1 1 1 0 1 0 1 1 1 1 1 1 1 1 1 1 1 1 1 < < > < < < < < < > < < < > < < > < > < ]
11.202523696667 s=[ 0 0 0 0 1 0 0 1 1 1 1 1 0 0 1 1 1 1 1 1 0 1 0 1 1 1 1 1 1 1 1 1 1 1 1 1 < < > < < < < < < > < < < < < < > < > < ]
11.202523696667 s=[ 0 0 0 0 1 0 0 1 1 1 1 1 0 0 1 1 1 1 1 1 0 1 0 1 1 1 1 1 1 1 1 1 1 1 1 1 < < > < < < < < < < < < < > < < > < > < ]
11.202523696667 s=[ 0 0 0 0 1 0 0 1 1 1 1 1 0 0 1 1 1 1 1 1 0 1 0 1 1 1 1 1 1 1 1 1 1 1 1 1 < < > < < < < < < < < < < < < < > < > < ]

d_0_14=11.202523696667 s=[ 0 0 0 1 0 1 1 0 0 0 0 0 1 1 0 0 0 0 0 0 1 0 1 0 0 0 0 0 0 0 0 0 0 0 0 0 > > < > > > > < > > > > > > > > < > < > ]
11.202523696667 s=[ 0 0 0 1 0 1 1 0 0 0 0 0 1 1 0 0 0 0 0 0 1 0 1 0 0 0 0 0 0 0 0 0 0 0 0 0 > > < > > > > > > > > > > > > > < > < > ]
11.202523696667 s=[ 0 0 0 1 0 1 1 0 0 0 0 0 1 1 0 0 0 0 0 0 1 0 1 0 0 0 0 0 0 0 0 0 0 0 0 0 > > < > > > > > > > > > > < > > < > < > ]
11.202523696667 s=[ 0 0 0 1 0 1 1 0 0 0 0 0 1 1 0 0 0 0 0 0 1 0 1 0 0 0 0 0 0 0 0 0 0 0 0 0 > > < > > > > > > < > > > > > > < > < > ]
11.202523696667 s=[ 0 0 0 1 0 1 1 0 0 0 0 0 1 1 0 0 0 0 0 0 1 0 1 0 0 0 0 0 0 0 0 0 0 0 0 0 > > < > > > > > > < > > > < > > < > < > ]
11.202523696667 s=[ 0 0 0 1 0 1 1 0 0 0 0 0 1 1 0 0 0 0 0 0 1 0 1 0 0 0 0 0 0 0 0 0 0 0 0 0 > > < > > > > < > > > > > < > > < > < > ]
11.202523696667 s=[ 0 0 0 1 0 1 1 0 0 0 0 0 1 1 0 0 0 0 0 0 1 0 1 0 0 0 0 0 0 0 0 0 0 0 0 0 > > < > > > > < > < > > > > > > < > < > ]
11.202523696667 s=[ 0 0 0 1 0 1 1 0 0 0 0 0 1 1 0 0 0 0 0 0 1 0 1 0 0 0 0 0 0 0 0 0 0 0 0 0 > > < > > > > < > < > > > < > > < > < > ]

