d_0_14=11.199452765255 eijMax=8.984E-03 rmsd=1.699E-01 s=[ 0 0 0 0 1 0 0 1 1 1 1 1 0 0 1 1 1 1 1 1 0 1 0 1 1 1 1 1 1 1 1 1 1 1 1 1 1 1 0 1 1 1 1 0 1 0 1 1 1 0 1 1 0 1 0 1 ]
d_0_14=11.199452765255 eijMax=8.984E-03 rmsd=1.525E-01 s=[ 0 0 0 0 1 0 0 1 1 1 1 1 0 0 1 1 1 1 1 1 0 1 0 1 1 1 1 1 1 1 1 1 1 1 1 1 1 1 0 1 1 1 1 0 1 0 1 1 1 1 1 1 0 1 0 1 ]
d_0_14=11.199452765255 eijMax=8.984E-03 rmsd=1.706E-01 s=[ 0 0 0 0 1 0 0 1 1 1 1 1 0 0 1 1 1 1 1 1 0 1 0 1 1 1 1 1 1 1 1 1 1 1 1 1 1 1 0 1 1 1 1 0 1 1 1 1 1 0 1 1 0 1 0 1 ]
d_0_14=11.199452765255 eijMax=8.984E-03 rmsd=1.531E-01 s=[ 0 0 0 0 1 0 0 1 1 1 1 1 0 0 1 1 1 1 1 1 0 1 0 1 1 1 1 1 1 1 1 1 1 1 1 1 1 1 0 1 1 1 1 0 1 1 1 1 1 1 1 1 0 1 0 1 ]
d_0_14=11.199452765255 eijMax=8.984E-03 rmsd=2.045E-01 s=[ 0 0 0 0 1 0 0 1 1 1 1 1 0 0 1 1 1 1 1 1 0 1 0 1 1 1 1 1 1 1 1 1 1 1 1 1 1 1 0 1 1 1 1 1 1 0 1 1 1 0 1 1 0 1 0 1 ]
d_0_14=11.199452765255 eijMax=8.984E-03 rmsd=1.896E-01 s=[ 0 0 0 0 1 0 0 1 1 1 1 1 0 0 1 1 1 1 1 1 0 1 0 1 1 1 1 1 1 1 1 1 1 1 1 1 1 1 0 1 1 1 1 1 1 0 1 1 1 1 1 1 0 1 0 1 ]
d_0_14=11.199452765255 eijMax=8.984E-03 rmsd=2.050E-01 s=[ 0 0 0 0 1 0 0 1 1 1 1 1 0 0 1 1 1 1 1 1 0 1 0 1 1 1 1 1 1 1 1 1 1 1 1 1 1 1 0 1 1 1 1 1 1 1 1 1 1 0 1 1 0 1 0 1 ]
d_0_14=11.199452765255 eijMax=8.984E-03 rmsd=1.901E-01 s=[ 0 0 0 0 1 0 0 1 1 1 1 1 0 0 1 1 1 1 1 1 0 1 0 1 1 1 1 1 1 1 1 1 1 1 1 1 1 1 0 1 1 1 1 1 1 1 1 1 1 1 1 1 0 1 0 1 ]
d_0_14=11.199452765255 eijMax=8.984E-03 rmsd=1.901E-01 s=[ 0 0 0 1 0 1 1 0 0 0 0 0 1 1 0 0 0 0 0 0 1 0 1 0 0 0 0 0 0 0 0 0 0 0 0 0 0 0 1 0 0 0 0 0 0 0 0 0 0 0 0 0 1 0 1 0 ]
d_0_14=11.199452765255 eijMax=8.984E-03 rmsd=2.050E-01 s=[ 0 0 0 1 0 1 1 0 0 0 0 0 1 1 0 0 0 0 0 0 1 0 1 0 0 0 0 0 0 0 0 0 0 0 0 0 0 0 1 0 0 0 0 0 0 0 0 0 0 1 0 0 1 0 1 0 ]
d_0_14=11.199452765255 eijMax=8.984E-03 rmsd=1.896E-01 s=[ 0 0 0 1 0 1 1 0 0 0 0 0 1 1 0 0 0 0 0 0 1 0 1 0 0 0 0 0 0 0 0 0 0 0 0 0 0 0 1 0 0 0 0 0 0 1 0 0 0 0 0 0 1 0 1 0 ]
d_0_14=11.199452765255 eijMax=8.984E-03 rmsd=2.045E-01 s=[ 0 0 0 1 0 1 1 0 0 0 0 0 1 1 0 0 0 0 0 0 1 0 1 0 0 0 0 0 0 0 0 0 0 0 0 0 0 0 1 0 0 0 0 0 0 1 0 0 0 1 0 0 1 0 1 0 ]
d_0_14=11.199452765255 eijMax=8.984E-03 rmsd=1.531E-01 s=[ 0 0 0 1 0 1 1 0 0 0 0 0 1 1 0 0 0 0 0 0 1 0 1 0 0 0 0 0 0 0 0 0 0 0 0 0 0 0 1 0 0 0 0 1 0 0 0 0 0 0 0 0 1 0 1 0 ]
d_0_14=11.199452765255 eijMax=8.984E-03 rmsd=1.706E-01 s=[ 0 0 0 1 0 1 1 0 0 0 0 0 1 1 0 0 0 0 0 0 1 0 1 0 0 0 0 0 0 0 0 0 0 0 0 0 0 0 1 0 0 0 0 1 0 0 0 0 0 1 0 0 1 0 1 0 ]
d_0_14=11.199452765255 eijMax=8.984E-03 rmsd=1.525E-01 s=[ 0 0 0 1 0 1 1 0 0 0 0 0 1 1 0 0 0 0 0 0 1 0 1 0 0 0 0 0 0 0 0 0 0 0 0 0 0 0 1 0 0 0 0 1 0 1 0 0 0 0 0 0 1 0 1 0 ]
d_0_14=11.199452765255 eijMax=8.984E-03 rmsd=1.699E-01 s=[ 0 0 0 1 0 1 1 0 0 0 0 0 1 1 0 0 0 0 0 0 1 0 1 0 0 0 0 0 0 0 0 0 0 0 0 0 0 0 1 0 0 0 0 1 0 1 0 0 0 1 0 0 1 0 1 0 ]
d_0_14=11.200508397928 eijMax=6.090E-03 rmsd=1.293E-01 s=[ 0 0 0 0 1 0 0 1 1 1 1 1 0 0 1 1 1 1 1 1 0 1 0 1 1 1 1 1 1 1 1 1 1 1 1 1 1 1 0 1 1 1 1 0 1 0 1 1 1 0 1 1 0 1 0 1 ]
d_0_14=11.200508397928 eijMax=6.090E-03 rmsd=1.043E-01 s=[ 0 0 0 0 1 0 0 1 1 1 1 1 0 0 1 1 1 1 1 1 0 1 0 1 1 1 1 1 1 1 1 1 1 1 1 1 1 1 0 1 1 1 1 0 1 0 1 1 1 1 1 1 0 1 0 1 ]
d_0_14=11.200508397928 eijMax=6.090E-03 rmsd=1.296E-01 s=[ 0 0 0 0 1 0 0 1 1 1 1 1 0 0 1 1 1 1 1 1 0 1 0 1 1 1 1 1 1 1 1 1 1 1 1 1 1 1 0 1 1 1 1 0 1 1 1 1 1 0 1 1 0 1 0 1 ]
d_0_14=11.200508397928 eijMax=6.090E-03 rmsd=1.045E-01 s=[ 0 0 0 0 1 0 0 1 1 1 1 1 0 0 1 1 1 1 1 1 0 1 0 1 1 1 1 1 1 1 1 1 1 1 1 1 1 1 0 1 1 1 1 0 1 1 1 1 1 1 1 1 0 1 0 1 ]
d_0_14=11.200508397928 eijMax=6.090E-03 rmsd=1.685E-01 s=[ 0 0 0 0 1 0 0 1 1 1 1 1 0 0 1 1 1 1 1 1 0 1 0 1 1 1 1 1 1 1 1 1 1 1 1 1 1 1 0 1 1 1 1 1 1 0 1 1 1 0 1 1 0 1 0 1 ]
d_0_14=11.200508397928 eijMax=6.090E-03 rmsd=1.494E-01 s=[ 0 0 0 0 1 0 0 1 1 1 1 1 0 0 1 1 1 1 1 1 0 1 0 1 1 1 1 1 1 1 1 1 1 1 1 1 1 1 0 1 1 1 1 1 1 0 1 1 1 1 1 1 0 1 0 1 ]
d_0_14=11.200508397928 eijMax=6.090E-03 rmsd=1.686E-01 s=[ 0 0 0 0 1 0 0 1 1 1 1 1 0 0 1 1 1 1 1 1 0 1 0 1 1 1 1 1 1 1 1 1 1 1 1 1 1 1 0 1 1 1 1 1 1 1 1 1 1 0 1 1 0 1 0 1 ]
d_0_14=11.200508397928 eijMax=6.090E-03 rmsd=1.495E-01 s=[ 0 0 0 0 1 0 0 1 1 1 1 1 0 0 1 1 1 1 1 1 0 1 0 1 1 1 1 1 1 1 1 1 1 1 1 1 1 1 0 1 1 1 1 1 1 1 1 1 1 1 1 1 0 1 0 1 ]
d_0_14=11.200508397928 eijMax=6.090E-03 rmsd=1.495E-01 s=[ 0 0 0 1 0 1 1 0 0 0 0 0 1 1 0 0 0 0 0 0 1 0 1 0 0 0 0 0 0 0 0 0 0 0 0 0 0 0 1 0 0 0 0 0 0 0 0 0 0 0 0 0 1 0 1 0 ]
d_0_14=11.200508397928 eijMax=6.090E-03 rmsd=1.686E-01 s=[ 0 0 0 1 0 1 1 0 0 0 0 0 1 1 0 0 0 0 0 0 1 0 1 0 0 0 0 0 0 0 0 0 0 0 0 0 0 0 1 0 0 0 0 0 0 0 0 0 0 1 0 0 1 0 1 0 ]
d_0_14=11.200508397928 eijMax=6.090E-03 rmsd=1.494E-01 s=[ 0 0 0 1 0 1 1 0 0 0 0 0 1 1 0 0 0 0 0 0 1 0 1 0 0 0 0 0 0 0 0 0 0 0 0 0 0 0 1 0 0 0 0 0 0 1 0 0 0 0 0 0 1 0 1 0 ]
d_0_14=11.200508397928 eijMax=6.090E-03 rmsd=1.685E-01 s=[ 0 0 0 1 0 1 1 0 0 0 0 0 1 1 0 0 0 0 0 0 1 0 1 0 0 0 0 0 0 0 0 0 0 0 0 0 0 0 1 0 0 0 0 0 0 1 0 0 0 1 0 0 1 0 1 0 ]
d_0_14=11.200508397928 eijMax=6.090E-03 rmsd=1.045E-01 s=[ 0 0 0 1 0 1 1 0 0 0 0 0 1 1 0 0 0 0 0 0 1 0 1 0 0 0 0 0 0 0 0 0 0 0 0 0 0 0 1 0 0 0 0 1 0 0 0 0 0 0 0 0 1 0 1 0 ]
d_0_14=11.200508397928 eijMax=6.090E-03 rmsd=1.296E-01 s=[ 0 0 0 1 0 1 1 0 0 0 0 0 1 1 0 0 0 0 0 0 1 0 1 0 0 0 0 0 0 0 0 0 0 0 0 0 0 0 1 0 0 0 0 1 0 0 0 0 0 1 0 0 1 0 1 0 ]
d_0_14=11.200508397928 eijMax=6.090E-03 rmsd=1.043E-01 s=[ 0 0 0 1 0 1 1 0 0 0 0 0 1 1 0 0 0 0 0 0 1 0 1 0 0 0 0 0 0 0 0 0 0 0 0 0 0 0 1 0 0 0 0 1 0 1 0 0 0 0 0 0 1 0 1 0 ]
d_0_14=11.200508397928 eijMax=6.090E-03 rmsd=1.293E-01 s=[ 0 0 0 1 0 1 1 0 0 0 0 0 1 1 0 0 0 0 0 0 1 0 1 0 0 0 0 0 0 0 0 0 0 0 0 0 0 0 1 0 0 0 0 1 0 1 0 0 0 1 0 0 1 0 1 0 ]
d_0_14=11.201564030601 eijMax=3.052E-03 rmsd=9.450E-02 s=[ 0 0 0 0 1 0 0 1 1 1 1 1 0 0 1 1 1 1 1 1 0 1 0 1 1 1 1 1 1 1 1 1 1 1 1 1 1 1 0 1 1 1 1 0 1 0 1 1 1 0 1 1 0 1 0 1 ]
d_0_14=11.201564030601 eijMax=3.052E-03 rmsd=5.372E-02 s=[ 0 0 0 0 1 0 0 1 1 1 1 1 0 0 1 1 1 1 1 1 0 1 0 1 1 1 1 1 1 1 1 1 1 1 1 1 1 1 0 1 1 1 1 0 1 0 1 1 1 1 1 1 0 1 0 1 ]
d_0_14=11.201564030601 eijMax=3.052E-03 rmsd=9.411E-02 s=[ 0 0 0 0 1 0 0 1 1 1 1 1 0 0 1 1 1 1 1 1 0 1 0 1 1 1 1 1 1 1 1 1 1 1 1 1 1 1 0 1 1 1 1 0 1 1 1 1 1 0 1 1 0 1 0 1 ]
d_0_14=11.201564030601 eijMax=3.052E-03 rmsd=5.274E-02 s=[ 0 0 0 0 1 0 0 1 1 1 1 1 0 0 1 1 1 1 1 1 0 1 0 1 1 1 1 1 1 1 1 1 1 1 1 1 1 1 0 1 1 1 1 0 1 1 1 1 1 1 1 1 0 1 0 1 ]
d_0_14=11.201564030601 eijMax=3.060E-03 rmsd=1.387E-01 s=[ 0 0 0 0 1 0 0 1 1 1 1 1 0 0 1 1 1 1 1 1 0 1 0 1 1 1 1 1 1 1 1 1 1 1 1 1 1 1 0 1 1 1 1 1 1 0 1 1 1 0 1 1 0 1 0 1 ]
d_0_14=11.201564030601 eijMax=3.060E-03 rmsd=1.138E-01 s=[ 0 0 0 0 1 0 0 1 1 1 1 1 0 0 1 1 1 1 1 1 0 1 0 1 1 1 1 1 1 1 1 1 1 1 1 1 1 1 0 1 1 1 1 1 1 0 1 1 1 1 1 1 0 1 0 1 ]
d_0_14=11.201564030601 eijMax=3.060E-03 rmsd=1.383E-01 s=[ 0 0 0 0 1 0 0 1 1 1 1 1 0 0 1 1 1 1 1 1 0 1 0 1 1 1 1 1 1 1 1 1 1 1 1 1 1 1 0 1 1 1 1 1 1 1 1 1 1 0 1 1 0 1 0 1 ]
d_0_14=11.201564030601 eijMax=3.060E-03 rmsd=1.132E-01 s=[ 0 0 0 0 1 0 0 1 1 1 1 1 0 0 1 1 1 1 1 1 0 1 0 1 1 1 1 1 1 1 1 1 1 1 1 1 1 1 0 1 1 1 1 1 1 1 1 1 1 1 1 1 0 1 0 1 ]
d_0_14=11.201564030601 eijMax=3.060E-03 rmsd=1.132E-01 s=[ 0 0 0 1 0 1 1 0 0 0 0 0 1 1 0 0 0 0 0 0 1 0 1 0 0 0 0 0 0 0 0 0 0 0 0 0 0 0 1 0 0 0 0 0 0 0 0 0 0 0 0 0 1 0 1 0 ]
d_0_14=11.201564030601 eijMax=3.060E-03 rmsd=1.383E-01 s=[ 0 0 0 1 0 1 1 0 0 0 0 0 1 1 0 0 0 0 0 0 1 0 1 0 0 0 0 0 0 0 0 0 0 0 0 0 0 0 1 0 0 0 0 0 0 0 0 0 0 1 0 0 1 0 1 0 ]
d_0_14=11.201564030601 eijMax=3.060E-03 rmsd=1.138E-01 s=[ 0 0 0 1 0 1 1 0 0 0 0 0 1 1 0 0 0 0 0 0 1 0 1 0 0 0 0 0 0 0 0 0 0 0 0 0 0 0 1 0 0 0 0 0 0 1 0 0 0 0 0 0 1 0 1 0 ]
d_0_14=11.201564030601 eijMax=3.060E-03 rmsd=1.387E-01 s=[ 0 0 0 1 0 1 1 0 0 0 0 0 1 1 0 0 0 0 0 0 1 0 1 0 0 0 0 0 0 0 0 0 0 0 0 0 0 0 1 0 0 0 0 0 0 1 0 0 0 1 0 0 1 0 1 0 ]
d_0_14=11.201564030601 eijMax=3.052E-03 rmsd=5.274E-02 s=[ 0 0 0 1 0 1 1 0 0 0 0 0 1 1 0 0 0 0 0 0 1 0 1 0 0 0 0 0 0 0 0 0 0 0 0 0 0 0 1 0 0 0 0 1 0 0 0 0 0 0 0 0 1 0 1 0 ]
d_0_14=11.201564030601 eijMax=3.052E-03 rmsd=9.411E-02 s=[ 0 0 0 1 0 1 1 0 0 0 0 0 1 1 0 0 0 0 0 0 1 0 1 0 0 0 0 0 0 0 0 0 0 0 0 0 0 0 1 0 0 0 0 1 0 0 0 0 0 1 0 0 1 0 1 0 ]
d_0_14=11.201564030601 eijMax=3.052E-03 rmsd=5.372E-02 s=[ 0 0 0 1 0 1 1 0 0 0 0 0 1 1 0 0 0 0 0 0 1 0 1 0 0 0 0 0 0 0 0 0 0 0 0 0 0 0 1 0 0 0 0 1 0 1 0 0 0 0 0 0 1 0 1 0 ]
d_0_14=11.201564030601 eijMax=3.052E-03 rmsd=9.450E-02 s=[ 0 0 0 1 0 1 1 0 0 0 0 0 1 1 0 0 0 0 0 0 1 0 1 0 0 0 0 0 0 0 0 0 0 0 0 0 0 0 1 0 0 0 0 1 0 1 0 0 0 1 0 0 1 0 1 0 ]
d_0_14=11.202619663273 eijMax=2.170E-03 rmsd=8.096E-02 s=[ 0 0 0 0 1 0 0 1 1 1 1 1 0 0 1 1 1 1 1 1 0 1 0 1 1 1 1 1 1 1 1 1 1 1 1 1 1 1 0 1 1 1 1 0 1 0 1 1 1 0 1 1 0 1 0 1 ]
d_0_14=11.202619663273 eijMax=1.539E-04 rmsd=1.661E-02 s=[ 0 0 0 0 1 0 0 1 1 1 1 1 0 0 1 1 1 1 1 1 0 1 0 1 1 1 1 1 1 1 1 1 1 1 1 1 1 1 0 1 1 1 1 0 1 0 1 1 1 1 1 1 0 1 0 1 ]
d_0_14=11.202619663273 eijMax=2.170E-03 rmsd=7.947E-02 s=[ 0 0 0 0 1 0 0 1 1 1 1 1 0 0 1 1 1 1 1 1 0 1 0 1 1 1 1 1 1 1 1 1 1 1 1 1 1 1 0 1 1 1 1 0 1 1 1 1 1 0 1 1 0 1 0 1 ]
d_0_14=11.202619663273 eijMax=1.539E-04 rmsd=2.609E-03 s=[ 0 0 0 0 1 0 0 1 1 1 1 1 0 0 1 1 1 1 1 1 0 1 0 1 1 1 1 1 1 1 1 1 1 1 1 1 1 1 0 1 1 1 1 0 1 1 1 1 1 1 1 1 0 1 0 1 ]
d_0_14=11.202619663273 eijMax=3.060E-03 rmsd=1.239E-01 s=[ 0 0 0 0 1 0 0 1 1 1 1 1 0 0 1 1 1 1 1 1 0 1 0 1 1 1 1 1 1 1 1 1 1 1 1 1 1 1 0 1 1 1 1 1 1 0 1 1 1 0 1 1 0 1 0 1 ]
d_0_14=11.202619663273 eijMax=3.060E-03 rmsd=9.404E-02 s=[ 0 0 0 0 1 0 0 1 1 1 1 1 0 0 1 1 1 1 1 1 0 1 0 1 1 1 1 1 1 1 1 1 1 1 1 1 1 1 0 1 1 1 1 1 1 0 1 1 1 1 1 1 0 1 0 1 ]
d_0_14=11.202619663273 eijMax=3.060E-03 rmsd=1.228E-01 s=[ 0 0 0 0 1 0 0 1 1 1 1 1 0 0 1 1 1 1 1 1 0 1 0 1 1 1 1 1 1 1 1 1 1 1 1 1 1 1 0 1 1 1 1 1 1 1 1 1 1 0 1 1 0 1 0 1 ]
d_0_14=11.202619663273 eijMax=3.060E-03 rmsd=9.242E-02 s=[ 0 0 0 0 1 0 0 1 1 1 1 1 0 0 1 1 1 1 1 1 0 1 0 1 1 1 1 1 1 1 1 1 1 1 1 1 1 1 0 1 1 1 1 1 1 1 1 1 1 1 1 1 0 1 0 1 ]
d_0_14=11.202619663273 eijMax=3.060E-03 rmsd=9.242E-02 s=[ 0 0 0 1 0 1 1 0 0 0 0 0 1 1 0 0 0 0 0 0 1 0 1 0 0 0 0 0 0 0 0 0 0 0 0 0 0 0 1 0 0 0 0 0 0 0 0 0 0 0 0 0 1 0 1 0 ]
d_0_14=11.202619663273 eijMax=3.060E-03 rmsd=1.228E-01 s=[ 0 0 0 1 0 1 1 0 0 0 0 0 1 1 0 0 0 0 0 0 1 0 1 0 0 0 0 0 0 0 0 0 0 0 0 0 0 0 1 0 0 0 0 0 0 0 0 0 0 1 0 0 1 0 1 0 ]
d_0_14=11.202619663273 eijMax=3.060E-03 rmsd=9.404E-02 s=[ 0 0 0 1 0 1 1 0 0 0 0 0 1 1 0 0 0 0 0 0 1 0 1 0 0 0 0 0 0 0 0 0 0 0 0 0 0 0 1 0 0 0 0 0 0 1 0 0 0 0 0 0 1 0 1 0 ]
d_0_14=11.202619663273 eijMax=3.060E-03 rmsd=1.239E-01 s=[ 0 0 0 1 0 1 1 0 0 0 0 0 1 1 0 0 0 0 0 0 1 0 1 0 0 0 0 0 0 0 0 0 0 0 0 0 0 0 1 0 0 0 0 0 0 1 0 0 0 1 0 0 1 0 1 0 ]
d_0_14=11.202619663273 eijMax=1.539E-04 rmsd=2.609E-03 s=[ 0 0 0 1 0 1 1 0 0 0 0 0 1 1 0 0 0 0 0 0 1 0 1 0 0 0 0 0 0 0 0 0 0 0 0 0 0 0 1 0 0 0 0 1 0 0 0 0 0 0 0 0 1 0 1 0 ]
d_0_14=11.202619663273 eijMax=2.170E-03 rmsd=7.947E-02 s=[ 0 0 0 1 0 1 1 0 0 0 0 0 1 1 0 0 0 0 0 0 1 0 1 0 0 0 0 0 0 0 0 0 0 0 0 0 0 0 1 0 0 0 0 1 0 0 0 0 0 1 0 0 1 0 1 0 ]
d_0_14=11.202619663273 eijMax=1.539E-04 rmsd=1.661E-02 s=[ 0 0 0 1 0 1 1 0 0 0 0 0 1 1 0 0 0 0 0 0 1 0 1 0 0 0 0 0 0 0 0 0 0 0 0 0 0 0 1 0 0 0 0 1 0 1 0 0 0 0 0 0 1 0 1 0 ]
d_0_14=11.202619663273 eijMax=2.170E-03 rmsd=8.096E-02 s=[ 0 0 0 1 0 1 1 0 0 0 0 0 1 1 0 0 0 0 0 0 1 0 1 0 0 0 0 0 0 0 0 0 0 0 0 0 0 0 1 0 0 0 0 1 0 1 0 0 0 1 0 0 1 0 1 0 ]
d_0_14=11.203675295946 eijMax=3.554E-03 rmsd=1.040E-01 s=[ 0 0 0 0 1 0 0 1 1 1 1 1 0 0 1 1 1 1 1 1 0 1 0 1 1 1 1 1 1 1 1 1 1 1 1 1 1 1 0 1 1 1 1 0 1 0 1 1 1 0 1 1 0 1 0 1 ]
d_0_14=11.203675295946 eijMax=3.554E-03 rmsd=6.548E-02 s=[ 0 0 0 0 1 0 0 1 1 1 1 1 0 0 1 1 1 1 1 1 0 1 0 1 1 1 1 1 1 1 1 1 1 1 1 1 1 1 0 1 1 1 1 0 1 0 1 1 1 1 1 1 0 1 0 1 ]
d_0_14=11.203675295946 eijMax=3.554E-03 rmsd=1.020E-01 s=[ 0 0 0 0 1 0 0 1 1 1 1 1 0 0 1 1 1 1 1 1 0 1 0 1 1 1 1 1 1 1 1 1 1 1 1 1 1 1 0 1 1 1 1 0 1 1 1 1 1 0 1 1 0 1 0 1 ]
d_0_14=11.203675295946 eijMax=3.554E-03 rmsd=6.194E-02 s=[ 0 0 0 0 1 0 0 1 1 1 1 1 0 0 1 1 1 1 1 1 0 1 0 1 1 1 1 1 1 1 1 1 1 1 1 1 1 1 0 1 1 1 1 0 1 1 1 1 1 1 1 1 0 1 0 1 ]
d_0_14=11.203675295946 eijMax=3.554E-03 rmsd=1.341E-01 s=[ 0 0 0 0 1 0 0 1 1 1 1 1 0 0 1 1 1 1 1 1 0 1 0 1 1 1 1 1 1 1 1 1 1 1 1 1 1 1 0 1 1 1 1 1 1 0 1 1 1 0 1 1 0 1 0 1 ]
d_0_14=11.203675295946 eijMax=3.554E-03 rmsd=1.059E-01 s=[ 0 0 0 0 1 0 0 1 1 1 1 1 0 0 1 1 1 1 1 1 0 1 0 1 1 1 1 1 1 1 1 1 1 1 1 1 1 1 0 1 1 1 1 1 1 0 1 1 1 1 1 1 0 1 0 1 ]
d_0_14=11.203675295946 eijMax=3.554E-03 rmsd=1.324E-01 s=[ 0 0 0 0 1 0 0 1 1 1 1 1 0 0 1 1 1 1 1 1 0 1 0 1 1 1 1 1 1 1 1 1 1 1 1 1 1 1 0 1 1 1 1 1 1 1 1 1 1 0 1 1 0 1 0 1 ]
d_0_14=11.203675295946 eijMax=3.554E-03 rmsd=1.036E-01 s=[ 0 0 0 0 1 0 0 1 1 1 1 1 0 0 1 1 1 1 1 1 0 1 0 1 1 1 1 1 1 1 1 1 1 1 1 1 1 1 0 1 1 1 1 1 1 1 1 1 1 1 1 1 0 1 0 1 ]
d_0_14=11.203675295946 eijMax=3.554E-03 rmsd=1.036E-01 s=[ 0 0 0 1 0 1 1 0 0 0 0 0 1 1 0 0 0 0 0 0 1 0 1 0 0 0 0 0 0 0 0 0 0 0 0 0 0 0 1 0 0 0 0 0 0 0 0 0 0 0 0 0 1 0 1 0 ]
d_0_14=11.203675295946 eijMax=3.554E-03 rmsd=1.324E-01 s=[ 0 0 0 1 0 1 1 0 0 0 0 0 1 1 0 0 0 0 0 0 1 0 1 0 0 0 0 0 0 0 0 0 0 0 0 0 0 0 1 0 0 0 0 0 0 0 0 0 0 1 0 0 1 0 1 0 ]
d_0_14=11.203675295946 eijMax=3.554E-03 rmsd=1.059E-01 s=[ 0 0 0 1 0 1 1 0 0 0 0 0 1 1 0 0 0 0 0 0 1 0 1 0 0 0 0 0 0 0 0 0 0 0 0 0 0 0 1 0 0 0 0 0 0 1 0 0 0 0 0 0 1 0 1 0 ]
d_0_14=11.203675295946 eijMax=3.554E-03 rmsd=1.341E-01 s=[ 0 0 0 1 0 1 1 0 0 0 0 0 1 1 0 0 0 0 0 0 1 0 1 0 0 0 0 0 0 0 0 0 0 0 0 0 0 0 1 0 0 0 0 0 0 1 0 0 0 1 0 0 1 0 1 0 ]
d_0_14=11.203675295946 eijMax=3.554E-03 rmsd=6.194E-02 s=[ 0 0 0 1 0 1 1 0 0 0 0 0 1 1 0 0 0 0 0 0 1 0 1 0 0 0 0 0 0 0 0 0 0 0 0 0 0 0 1 0 0 0 0 1 0 0 0 0 0 0 0 0 1 0 1 0 ]
d_0_14=11.203675295946 eijMax=3.554E-03 rmsd=1.020E-01 s=[ 0 0 0 1 0 1 1 0 0 0 0 0 1 1 0 0 0 0 0 0 1 0 1 0 0 0 0 0 0 0 0 0 0 0 0 0 0 0 1 0 0 0 0 1 0 0 0 0 0 1 0 0 1 0 1 0 ]
d_0_14=11.203675295946 eijMax=3.554E-03 rmsd=6.548E-02 s=[ 0 0 0 1 0 1 1 0 0 0 0 0 1 1 0 0 0 0 0 0 1 0 1 0 0 0 0 0 0 0 0 0 0 0 0 0 0 0 1 0 0 0 0 1 0 1 0 0 0 0 0 0 1 0 1 0 ]
d_0_14=11.203675295946 eijMax=3.554E-03 rmsd=1.040E-01 s=[ 0 0 0 1 0 1 1 0 0 0 0 0 1 1 0 0 0 0 0 0 1 0 1 0 0 0 0 0 0 0 0 0 0 0 0 0 0 0 1 0 0 0 0 1 0 1 0 0 0 1 0 0 1 0 1 0 ]
d_0_14=11.204730928619 eijMax=7.182E-03 rmsd=1.526E-01 s=[ 0 0 0 0 1 0 0 1 1 1 1 1 0 0 1 1 1 1 1 1 0 1 0 1 1 1 1 1 1 1 1 1 1 1 1 1 1 1 0 1 1 1 1 0 1 0 1 1 1 0 1 1 0 1 0 1 ]
d_0_14=11.204730928619 eijMax=7.182E-03 rmsd=1.283E-01 s=[ 0 0 0 0 1 0 0 1 1 1 1 1 0 0 1 1 1 1 1 1 0 1 0 1 1 1 1 1 1 1 1 1 1 1 1 1 1 1 0 1 1 1 1 0 1 0 1 1 1 1 1 1 0 1 0 1 ]
d_0_14=11.204730928619 eijMax=7.182E-03 rmsd=1.505E-01 s=[ 0 0 0 0 1 0 0 1 1 1 1 1 0 0 1 1 1 1 1 1 0 1 0 1 1 1 1 1 1 1 1 1 1 1 1 1 1 1 0 1 1 1 1 0 1 1 1 1 1 0 1 1 0 1 0 1 ]
d_0_14=11.204730928619 eijMax=7.182E-03 rmsd=1.258E-01 s=[ 0 0 0 0 1 0 0 1 1 1 1 1 0 0 1 1 1 1 1 1 0 1 0 1 1 1 1 1 1 1 1 1 1 1 1 1 1 1 0 1 1 1 1 0 1 1 1 1 1 1 1 1 0 1 0 1 ]
d_0_14=11.204730928619 eijMax=7.182E-03 rmsd=1.693E-01 s=[ 0 0 0 0 1 0 0 1 1 1 1 1 0 0 1 1 1 1 1 1 0 1 0 1 1 1 1 1 1 1 1 1 1 1 1 1 1 1 0 1 1 1 1 1 1 0 1 1 1 0 1 1 0 1 0 1 ]
d_0_14=11.204730928619 eijMax=7.182E-03 rmsd=1.471E-01 s=[ 0 0 0 0 1 0 0 1 1 1 1 1 0 0 1 1 1 1 1 1 0 1 0 1 1 1 1 1 1 1 1 1 1 1 1 1 1 1 0 1 1 1 1 1 1 0 1 1 1 1 1 1 0 1 0 1 ]
d_0_14=11.204730928619 eijMax=7.182E-03 rmsd=1.674E-01 s=[ 0 0 0 0 1 0 0 1 1 1 1 1 0 0 1 1 1 1 1 1 0 1 0 1 1 1 1 1 1 1 1 1 1 1 1 1 1 1 0 1 1 1 1 1 1 1 1 1 1 0 1 1 0 1 0 1 ]
d_0_14=11.204730928619 eijMax=7.182E-03 rmsd=1.447E-01 s=[ 0 0 0 0 1 0 0 1 1 1 1 1 0 0 1 1 1 1 1 1 0 1 0 1 1 1 1 1 1 1 1 1 1 1 1 1 1 1 0 1 1 1 1 1 1 1 1 1 1 1 1 1 0 1 0 1 ]
d_0_14=11.204730928619 eijMax=7.182E-03 rmsd=1.447E-01 s=[ 0 0 0 1 0 1 1 0 0 0 0 0 1 1 0 0 0 0 0 0 1 0 1 0 0 0 0 0 0 0 0 0 0 0 0 0 0 0 1 0 0 0 0 0 0 0 0 0 0 0 0 0 1 0 1 0 ]
d_0_14=11.204730928619 eijMax=7.182E-03 rmsd=1.674E-01 s=[ 0 0 0 1 0 1 1 0 0 0 0 0 1 1 0 0 0 0 0 0 1 0 1 0 0 0 0 0 0 0 0 0 0 0 0 0 0 0 1 0 0 0 0 0 0 0 0 0 0 1 0 0 1 0 1 0 ]
d_0_14=11.204730928619 eijMax=7.182E-03 rmsd=1.471E-01 s=[ 0 0 0 1 0 1 1 0 0 0 0 0 1 1 0 0 0 0 0 0 1 0 1 0 0 0 0 0 0 0 0 0 0 0 0 0 0 0 1 0 0 0 0 0 0 1 0 0 0 0 0 0 1 0 1 0 ]
d_0_14=11.204730928619 eijMax=7.182E-03 rmsd=1.693E-01 s=[ 0 0 0 1 0 1 1 0 0 0 0 0 1 1 0 0 0 0 0 0 1 0 1 0 0 0 0 0 0 0 0 0 0 0 0 0 0 0 1 0 0 0 0 0 0 1 0 0 0 1 0 0 1 0 1 0 ]
d_0_14=11.204730928619 eijMax=7.182E-03 rmsd=1.258E-01 s=[ 0 0 0 1 0 1 1 0 0 0 0 0 1 1 0 0 0 0 0 0 1 0 1 0 0 0 0 0 0 0 0 0 0 0 0 0 0 0 1 0 0 0 0 1 0 0 0 0 0 0 0 0 1 0 1 0 ]
d_0_14=11.204730928619 eijMax=7.182E-03 rmsd=1.505E-01 s=[ 0 0 0 1 0 1 1 0 0 0 0 0 1 1 0 0 0 0 0 0 1 0 1 0 0 0 0 0 0 0 0 0 0 0 0 0 0 0 1 0 0 0 0 1 0 0 0 0 0 1 0 0 1 0 1 0 ]
d_0_14=11.204730928619 eijMax=7.182E-03 rmsd=1.283E-01 s=[ 0 0 0 1 0 1 1 0 0 0 0 0 1 1 0 0 0 0 0 0 1 0 1 0 0 0 0 0 0 0 0 0 0 0 0 0 0 0 1 0 0 0 0 1 0 1 0 0 0 0 0 0 1 0 1 0 ]
d_0_14=11.204730928619 eijMax=7.182E-03 rmsd=1.526E-01 s=[ 0 0 0 1 0 1 1 0 0 0 0 0 1 1 0 0 0 0 0 0 1 0 1 0 0 0 0 0 0 0 0 0 0 0 0 0 0 0 1 0 0 0 0 1 0 1 0 0 0 1 0 0 1 0 1 0 ]
num ..... 1000
nnodes .. 56
nedges .. 379
nsols ... 96
tsecs ... 24.222636
