order:    [ 1 14 28 0 2 4 5 6 8 9 10 13 15 18 19 20 22 23 24 27 29 32 33 34 37 38 39 41 42 43 46 47 48 51 52 53 3 7 11 12 16 17 21 25 26 30 31 35 36 40 44 45 49 50 54 55 ]
atoms:    [ CA CA CA N C N CA C N CA C N C N CA C N CA C N C N CA C N CA C N CA C N CA C N CA C HA HA H HA H HA HA H HA H HA H HA H H HA H HA H HA ]
residues: [ 0 3 6 0 0 1 1 1 2 2 2 3 3 4 4 4 5 5 5 6 6 7 7 7 8 8 8 9 9 9 10 10 10 11 11 11 0 1 2 2 3 3 4 5 5 6 6 7 7 8 9 9 10 10 11 11 ]

d_0_14=11.199452765255 eijMax=8.984E-03 rmsd=1.525E-01 s=[ 0 0 0 0 1 0 0 1 1 1 1 1 0 0 1 1 1 1 1 1 0 1 0 1 1 1 1 1 1 1 1 1 1 1 1 1 1 1 0 1 1 1 1 0 1 0 1 1 1 1 1 1 0 1 0 1 ]
d_0_14=11.199452765255 eijMax=8.984E-03 rmsd=1.525E-01 s=[ 0 0 0 1 0 1 1 0 0 0 0 0 1 1 0 0 0 0 0 0 1 0 1 0 0 0 0 0 0 0 0 0 0 0 0 0 0 0 1 0 0 0 0 1 0 1 0 0 0 0 0 0 1 0 1 0 ]
d_0_14=11.200508397928 eijMax=6.090E-03 rmsd=1.043E-01 s=[ 0 0 0 0 1 0 0 1 1 1 1 1 0 0 1 1 1 1 1 1 0 1 0 1 1 1 1 1 1 1 1 1 1 1 1 1 1 1 0 1 1 1 1 0 1 0 1 1 1 1 1 1 0 1 0 1 ]
d_0_14=11.200508397928 eijMax=6.090E-03 rmsd=1.043E-01 s=[ 0 0 0 1 0 1 1 0 0 0 0 0 1 1 0 0 0 0 0 0 1 0 1 0 0 0 0 0 0 0 0 0 0 0 0 0 0 0 1 0 0 0 0 1 0 1 0 0 0 0 0 0 1 0 1 0 ]
d_0_14=11.201564030601 eijMax=3.052E-03 rmsd=5.274E-02 s=[ 0 0 0 0 1 0 0 1 1 1 1 1 0 0 1 1 1 1 1 1 0 1 0 1 1 1 1 1 1 1 1 1 1 1 1 1 1 1 0 1 1 1 1 0 1 1 1 1 1 1 1 1 0 1 0 1 ]
d_0_14=11.201564030601 eijMax=3.052E-03 rmsd=5.274E-02 s=[ 0 0 0 1 0 1 1 0 0 0 0 0 1 1 0 0 0 0 0 0 1 0 1 0 0 0 0 0 0 0 0 0 0 0 0 0 0 0 1 0 0 0 0 1 0 0 0 0 0 0 0 0 1 0 1 0 ]
d_0_14=11.202619663273 eijMax=1.539E-04 rmsd=2.609E-03 s=[ 0 0 0 0 1 0 0 1 1 1 1 1 0 0 1 1 1 1 1 1 0 1 0 1 1 1 1 1 1 1 1 1 1 1 1 1 1 1 0 1 1 1 1 0 1 1 1 1 1 1 1 1 0 1 0 1 ]
d_0_14=11.202619663273 eijMax=1.539E-04 rmsd=2.609E-03 s=[ 0 0 0 1 0 1 1 0 0 0 0 0 1 1 0 0 0 0 0 0 1 0 1 0 0 0 0 0 0 0 0 0 0 0 0 0 0 0 1 0 0 0 0 1 0 0 0 0 0 0 0 0 1 0 1 0 ]
d_0_14=11.203675295946 eijMax=3.554E-03 rmsd=6.194E-02 s=[ 0 0 0 0 1 0 0 1 1 1 1 1 0 0 1 1 1 1 1 1 0 1 0 1 1 1 1 1 1 1 1 1 1 1 1 1 1 1 0 1 1 1 1 0 1 1 1 1 1 1 1 1 0 1 0 1 ]
d_0_14=11.203675295946 eijMax=3.554E-03 rmsd=6.194E-02 s=[ 0 0 0 1 0 1 1 0 0 0 0 0 1 1 0 0 0 0 0 0 1 0 1 0 0 0 0 0 0 0 0 0 0 0 0 0 0 0 1 0 0 0 0 1 0 0 0 0 0 0 0 0 1 0 1 0 ]
d_0_14=11.204730928619 eijMax=7.182E-03 rmsd=1.258E-01 s=[ 0 0 0 0 1 0 0 1 1 1 1 1 0 0 1 1 1 1 1 1 0 1 0 1 1 1 1 1 1 1 1 1 1 1 1 1 1 1 0 1 1 1 1 0 1 1 1 1 1 1 1 1 0 1 0 1 ]
d_0_14=11.204730928619 eijMax=7.182E-03 rmsd=1.258E-01 s=[ 0 0 0 1 0 1 1 0 0 0 0 0 1 1 0 0 0 0 0 0 1 0 1 0 0 0 0 0 0 0 0 0 0 0 0 0 0 0 1 0 0 0 0 1 0 0 0 0 0 0 0 0 1 0 1 0 ]
num ..... 1000
nnodes .. 56
nedges .. 379
nsols ... 96
nnonhsols 12
tsecs ... 24.222636
