xyz15=( 24.846634 19.019133 60.603979 )
xyz15=( 24.846634 19.019133 60.603979 )
xyz15=( 24.846634 19.019133 60.603979 )
xyz15=( 24.846634 19.019133 60.603979 )
xyz15=( 24.846634 19.019133 60.603979 )
xyz15=( 24.846634 19.019133 60.603979 )
xyz15=( 24.846634 19.019133 60.603979 )
xyz15=( 24.846634 19.019133 60.603979 )
xyz15=( 24.846634 19.019133 60.603979 )
xyz15=( 24.846634 19.019133 60.603979 )
xyz15=( 24.846634 19.019133 60.603979 )
xyz15=( 24.846634 19.019133 60.603979 )
xyz15=( 24.846634 19.019133 60.603979 )
xyz15=( 24.846634 19.019133 60.603979 )
xyz15=( 24.846634 19.019133 60.603979 )
xyz15=( 24.846634 19.019133 60.603979 )
xyz15=( 24.847500 19.019590 60.603768 )
xyz15=( 24.847500 19.019590 60.603768 )
xyz15=( 24.847500 19.019590 60.603768 )
xyz15=( 24.847500 19.019590 60.603768 )
xyz15=( 24.847500 19.019590 60.603768 )
xyz15=( 24.847500 19.019590 60.603768 )
xyz15=( 24.847500 19.019590 60.603768 )
xyz15=( 24.847500 19.019590 60.603768 )
xyz15=( 24.847500 19.019590 60.603768 )
xyz15=( 24.847500 19.019590 60.603768 )
xyz15=( 24.847500 19.019590 60.603768 )
xyz15=( 24.847500 19.019590 60.603768 )
xyz15=( 24.847500 19.019590 60.603768 )
xyz15=( 24.847500 19.019590 60.603768 )
xyz15=( 24.847500 19.019590 60.603768 )
xyz15=( 24.847500 19.019590 60.603768 )
xyz15=( 24.848366 19.020047 60.603556 )
xyz15=( 24.848366 19.020047 60.603556 )
xyz15=( 24.848366 19.020047 60.603556 )
xyz15=( 24.848366 19.020047 60.603556 )
xyz15=( 24.848366 19.020047 60.603556 )
xyz15=( 24.848366 19.020047 60.603556 )
xyz15=( 24.848366 19.020047 60.603556 )
xyz15=( 24.848366 19.020047 60.603556 )
xyz15=( 24.848366 19.020047 60.603556 )
xyz15=( 24.848366 19.020047 60.603556 )
xyz15=( 24.848366 19.020047 60.603556 )
xyz15=( 24.848366 19.020047 60.603556 )
xyz15=( 24.848366 19.020047 60.603556 )
xyz15=( 24.848366 19.020047 60.603556 )
xyz15=( 24.848366 19.020047 60.603556 )
xyz15=( 24.848366 19.020047 60.603556 )
xyz15=( 24.846634 19.019133 60.603979 )
xyz15=( 24.846634 19.019133 60.603979 )
xyz15=( 24.846634 19.019133 60.603979 )
xyz15=( 24.846634 19.019133 60.603979 )
xyz15=( 24.846634 19.019133 60.603979 )
xyz15=( 24.846634 19.019133 60.603979 )
xyz15=( 24.846634 19.019133 60.603979 )
xyz15=( 24.846634 19.019133 60.603979 )
xyz15=( 24.846634 19.019133 60.603979 )
xyz15=( 24.846634 19.019133 60.603979 )
xyz15=( 24.846634 19.019133 60.603979 )
xyz15=( 24.846634 19.019133 60.603979 )
xyz15=( 24.846634 19.019133 60.603979 )
xyz15=( 24.846634 19.019133 60.603979 )
xyz15=( 24.846634 19.019133 60.603979 )
xyz15=( 24.846634 19.019133 60.603979 )
xyz15=( 24.847500 19.019590 60.603768 )
xyz15=( 24.847500 19.019590 60.603768 )
xyz15=( 24.847500 19.019590 60.603768 )
xyz15=( 24.847500 19.019590 60.603768 )
xyz15=( 24.847500 19.019590 60.603768 )
xyz15=( 24.847500 19.019590 60.603768 )
xyz15=( 24.847500 19.019590 60.603768 )
xyz15=( 24.847500 19.019590 60.603768 )
xyz15=( 24.847500 19.019590 60.603768 )
xyz15=( 24.847500 19.019590 60.603768 )
xyz15=( 24.847500 19.019590 60.603768 )
xyz15=( 24.847500 19.019590 60.603768 )
xyz15=( 24.847500 19.019590 60.603768 )
xyz15=( 24.847500 19.019590 60.603768 )
xyz15=( 24.847500 19.019590 60.603768 )
xyz15=( 24.847500 19.019590 60.603768 )
xyz15=( 24.848366 19.020047 60.603556 )
xyz15=( 24.848366 19.020047 60.603556 )
xyz15=( 24.848366 19.020047 60.603556 )
xyz15=( 24.848366 19.020047 60.603556 )
xyz15=( 24.848366 19.020047 60.603556 )
xyz15=( 24.848366 19.020047 60.603556 )
xyz15=( 24.848366 19.020047 60.603556 )
xyz15=( 24.848366 19.020047 60.603556 )
xyz15=( 24.848366 19.020047 60.603556 )
xyz15=( 24.848366 19.020047 60.603556 )
xyz15=( 24.848366 19.020047 60.603556 )
xyz15=( 24.848366 19.020047 60.603556 )
xyz15=( 24.848366 19.020047 60.603556 )
xyz15=( 24.848366 19.020047 60.603556 )
xyz15=( 24.848366 19.020047 60.603556 )
xyz15=( 24.848366 19.020047 60.603556 )
xyz15=( 25.674661 19.894057 60.722945 )
xyz15=( 25.674661 19.894057 60.722945 )
xyz15=( 25.674661 19.894057 60.722945 )
xyz15=( 25.674661 19.894057 60.722945 )
xyz15=( 25.674661 19.894057 60.722945 )
xyz15=( 25.674661 19.894057 60.722945 )
xyz15=( 25.674661 19.894057 60.722945 )
xyz15=( 25.674661 19.894057 60.722945 )
xyz15=( 25.674661 19.894057 60.722945 )
xyz15=( 25.674661 19.894057 60.722945 )
xyz15=( 25.674661 19.894057 60.722945 )
xyz15=( 25.674661 19.894057 60.722945 )
xyz15=( 25.674661 19.894057 60.722945 )
xyz15=( 25.674661 19.894057 60.722945 )
xyz15=( 25.674661 19.894057 60.722945 )
xyz15=( 25.674661 19.894057 60.722945 )
xyz15=( 25.674294 19.893210 60.722557 )
xyz15=( 25.674294 19.893210 60.722557 )
xyz15=( 25.674294 19.893210 60.722557 )
xyz15=( 25.674294 19.893210 60.722557 )
xyz15=( 25.674294 19.893210 60.722557 )
xyz15=( 25.674294 19.893210 60.722557 )
xyz15=( 25.674294 19.893210 60.722557 )
xyz15=( 25.674294 19.893210 60.722557 )
xyz15=( 25.674294 19.893210 60.722557 )
xyz15=( 25.674294 19.893210 60.722557 )
xyz15=( 25.674294 19.893210 60.722557 )
xyz15=( 25.674294 19.893210 60.722557 )
xyz15=( 25.674294 19.893210 60.722557 )
xyz15=( 25.674294 19.893210 60.722557 )
xyz15=( 25.674294 19.893210 60.722557 )
xyz15=( 25.674294 19.893210 60.722557 )
xyz15=( 25.673926 19.892362 60.722168 )
xyz15=( 25.673926 19.892362 60.722168 )
xyz15=( 25.673926 19.892362 60.722168 )
xyz15=( 25.673926 19.892362 60.722168 )
xyz15=( 25.673926 19.892362 60.722168 )
xyz15=( 25.673926 19.892362 60.722168 )
xyz15=( 25.673926 19.892362 60.722168 )
xyz15=( 25.673926 19.892362 60.722168 )
xyz15=( 25.673926 19.892362 60.722168 )
xyz15=( 25.673926 19.892362 60.722168 )
xyz15=( 25.673926 19.892362 60.722168 )
xyz15=( 25.673926 19.892362 60.722168 )
xyz15=( 25.673926 19.892362 60.722168 )
xyz15=( 25.673926 19.892362 60.722168 )
xyz15=( 25.673926 19.892362 60.722168 )
xyz15=( 25.673926 19.892362 60.722168 )
xyz15=( 25.674661 19.894057 60.722945 )
xyz15=( 25.674661 19.894057 60.722945 )
xyz15=( 25.674661 19.894057 60.722945 )
xyz15=( 25.674661 19.894057 60.722945 )
xyz15=( 25.674661 19.894057 60.722945 )
xyz15=( 25.674661 19.894057 60.722945 )
xyz15=( 25.674661 19.894057 60.722945 )
xyz15=( 25.674661 19.894057 60.722945 )
xyz15=( 25.674661 19.894057 60.722945 )
xyz15=( 25.674661 19.894057 60.722945 )
xyz15=( 25.674661 19.894057 60.722945 )
xyz15=( 25.674661 19.894057 60.722945 )
xyz15=( 25.674661 19.894057 60.722945 )
xyz15=( 25.674661 19.894057 60.722945 )
xyz15=( 25.674661 19.894057 60.722945 )
xyz15=( 25.674661 19.894057 60.722945 )
xyz15=( 25.674294 19.893210 60.722557 )
xyz15=( 25.674294 19.893210 60.722557 )
xyz15=( 25.674294 19.893210 60.722557 )
xyz15=( 25.674294 19.893210 60.722557 )
xyz15=( 25.674294 19.893210 60.722557 )
xyz15=( 25.674294 19.893210 60.722557 )
xyz15=( 25.674294 19.893210 60.722557 )
xyz15=( 25.674294 19.893210 60.722557 )
xyz15=( 25.674294 19.893210 60.722557 )
xyz15=( 25.674294 19.893210 60.722557 )
xyz15=( 25.674294 19.893210 60.722557 )
xyz15=( 25.674294 19.893210 60.722557 )
xyz15=( 25.674294 19.893210 60.722557 )
xyz15=( 25.674294 19.893210 60.722557 )
xyz15=( 25.674294 19.893210 60.722557 )
xyz15=( 25.674294 19.893210 60.722557 )
xyz15=( 25.673926 19.892362 60.722168 )
xyz15=( 25.673926 19.892362 60.722168 )
xyz15=( 25.673926 19.892362 60.722168 )
xyz15=( 25.673926 19.892362 60.722168 )
xyz15=( 25.673926 19.892362 60.722168 )
xyz15=( 25.673926 19.892362 60.722168 )
xyz15=( 25.673926 19.892362 60.722168 )
xyz15=( 25.673926 19.892362 60.722168 )
xyz15=( 25.673926 19.892362 60.722168 )
xyz15=( 25.673926 19.892362 60.722168 )
xyz15=( 25.673926 19.892362 60.722168 )
xyz15=( 25.673926 19.892362 60.722168 )
xyz15=( 25.673926 19.892362 60.722168 )
xyz15=( 25.673926 19.892362 60.722168 )
xyz15=( 25.673926 19.892362 60.722168 )
xyz15=( 25.673926 19.892362 60.722168 )
