xyz29=( 10.981359 38.369253 23.183427 )
xyz29=( 10.981359 38.369253 23.183427 )
xyz29=( 10.981359 38.369253 23.183427 )
xyz29=( 10.981359 38.369253 23.183427 )
xyz29=( 10.981359 38.369253 23.183427 )
xyz29=( 10.981359 38.369253 23.183427 )
xyz29=( 10.981359 38.369253 23.183427 )
xyz29=( 10.981359 38.369253 23.183427 )
xyz29=( 10.981359 38.369253 23.183427 )
xyz29=( 10.981359 38.369253 23.183427 )
xyz29=( 10.981359 38.369253 23.183427 )
xyz29=( 10.981359 38.369253 23.183427 )
xyz29=( 10.981359 38.369253 23.183427 )
xyz29=( 10.981359 38.369253 23.183427 )
xyz29=( 10.981359 38.369253 23.183427 )
xyz29=( 10.981359 38.369253 23.183427 )
xyz29=( 9.054416 37.687689 22.915459 )
xyz29=( 9.054416 37.687689 22.915459 )
xyz29=( 9.054416 37.687689 22.915459 )
xyz29=( 9.054416 37.687689 22.915459 )
xyz29=( 9.054416 37.687689 22.915459 )
xyz29=( 9.054416 37.687689 22.915459 )
xyz29=( 9.054416 37.687689 22.915459 )
xyz29=( 9.054416 37.687689 22.915459 )
xyz29=( 9.054416 37.687689 22.915459 )
xyz29=( 9.054416 37.687689 22.915459 )
xyz29=( 9.054416 37.687689 22.915459 )
xyz29=( 9.054416 37.687689 22.915459 )
xyz29=( 9.054416 37.687689 22.915459 )
xyz29=( 9.054416 37.687689 22.915459 )
xyz29=( 9.054416 37.687689 22.915459 )
xyz29=( 9.054416 37.687689 22.915459 )
