xyz29=( -4.202839 30.838374 14.711846 )
xyz29=( -4.207746 30.841012 14.711326 )
xyz29=( -4.212682 30.843641 14.710796 )
xyz29=( -4.217648 30.846261 14.710256 )
xyz29=( -4.222644 30.848870 14.709706 )
xyz29=( -4.200833 30.837287 14.712057 )
xyz29=( -4.205737 30.839935 14.711540 )
xyz29=( -4.210670 30.842573 14.711013 )
xyz29=( -4.215633 30.845201 14.710476 )
xyz29=( -4.220626 30.847819 14.709929 )
xyz29=( -4.225650 30.850428 14.709372 )
xyz29=( -4.202839 30.838374 14.711846 )
xyz29=( -4.207746 30.841012 14.711326 )
xyz29=( -4.212682 30.843641 14.710796 )
xyz29=( -4.217648 30.846261 14.710256 )
xyz29=( -4.222644 30.848870 14.709706 )
xyz29=( -4.200833 30.837287 14.712057 )
xyz29=( -4.205737 30.839935 14.711540 )
xyz29=( -4.210670 30.842573 14.711013 )
xyz29=( -4.215633 30.845201 14.710476 )
xyz29=( -4.220626 30.847819 14.709929 )
xyz29=( -4.225650 30.850428 14.709372 )
xyz29=( -4.202839 30.838374 14.711846 )
xyz29=( -4.207746 30.841012 14.711326 )
xyz29=( -4.212682 30.843641 14.710796 )
xyz29=( -4.217648 30.846261 14.710256 )
xyz29=( -4.222644 30.848870 14.709706 )
xyz29=( -4.200833 30.837287 14.712057 )
xyz29=( -4.205737 30.839935 14.711540 )
xyz29=( -4.210670 30.842573 14.711013 )
xyz29=( -4.215633 30.845201 14.710476 )
xyz29=( -4.220626 30.847819 14.709929 )
xyz29=( -4.225650 30.850428 14.709372 )
xyz29=( -4.202839 30.838374 14.711846 )
xyz29=( -4.207746 30.841012 14.711326 )
xyz29=( -4.212682 30.843641 14.710796 )
xyz29=( -4.217648 30.846261 14.710256 )
xyz29=( -4.222644 30.848870 14.709706 )
xyz29=( -4.200833 30.837287 14.712057 )
xyz29=( -4.205737 30.839935 14.711540 )
xyz29=( -4.210670 30.842573 14.711013 )
xyz29=( -4.215633 30.845201 14.710476 )
xyz29=( -4.220626 30.847819 14.709929 )
xyz29=( -4.225650 30.850428 14.709372 )
xyz29=( -3.636651 29.020308 14.361887 )
xyz29=( -3.639325 29.015774 14.359986 )
xyz29=( -3.642030 29.011234 14.358076 )
xyz29=( -3.644766 29.006689 14.356157 )
xyz29=( -3.647533 29.002138 14.354228 )
xyz29=( -3.650332 28.997582 14.352290 )
xyz29=( -3.637744 29.018450 14.361109 )
xyz29=( -3.640425 29.013922 14.359208 )
xyz29=( -3.643138 29.009389 14.357298 )
xyz29=( -3.645881 29.004849 14.355378 )
xyz29=( -3.648656 29.000305 14.353449 )
xyz29=( -3.636651 29.020308 14.361887 )
xyz29=( -3.639325 29.015774 14.359986 )
xyz29=( -3.642030 29.011234 14.358076 )
xyz29=( -3.644766 29.006689 14.356157 )
xyz29=( -3.647533 29.002138 14.354228 )
xyz29=( -3.650332 28.997582 14.352290 )
xyz29=( -3.637744 29.018450 14.361109 )
xyz29=( -3.640425 29.013922 14.359208 )
xyz29=( -3.643138 29.009389 14.357298 )
xyz29=( -3.645881 29.004849 14.355378 )
xyz29=( -3.648656 29.000305 14.353449 )
xyz29=( -3.636651 29.020308 14.361887 )
xyz29=( -3.639325 29.015774 14.359986 )
xyz29=( -3.642030 29.011234 14.358076 )
xyz29=( -3.644766 29.006689 14.356157 )
xyz29=( -3.647533 29.002138 14.354228 )
xyz29=( -3.650332 28.997582 14.352290 )
xyz29=( -3.637744 29.018450 14.361109 )
xyz29=( -3.640425 29.013922 14.359208 )
xyz29=( -3.643138 29.009389 14.357298 )
xyz29=( -3.645881 29.004849 14.355378 )
xyz29=( -3.648656 29.000305 14.353449 )
xyz29=( -3.636651 29.020308 14.361887 )
xyz29=( -3.639325 29.015774 14.359986 )
xyz29=( -3.642030 29.011234 14.358076 )
xyz29=( -3.644766 29.006689 14.356157 )
xyz29=( -3.647533 29.002138 14.354228 )
xyz29=( -3.650332 28.997582 14.352290 )
xyz29=( -3.637744 29.018450 14.361109 )
xyz29=( -3.640425 29.013922 14.359208 )
xyz29=( -3.643138 29.009389 14.357298 )
xyz29=( -3.645881 29.004849 14.355378 )
xyz29=( -3.648656 29.000305 14.353449 )
