xyz29=( -4.199408 30.836514 14.712206 )
xyz29=( -4.199891 30.836777 14.712155 )
xyz29=( -4.200375 30.837039 14.712105 )
xyz29=( -4.200858 30.837301 14.712054 )
xyz29=( -4.201342 30.837564 14.712003 )
xyz29=( -4.201826 30.837826 14.711953 )
xyz29=( -4.202310 30.838088 14.711902 )
xyz29=( -4.202795 30.838350 14.711851 )
xyz29=( -4.203280 30.838612 14.711800 )
xyz29=( -4.203765 30.838874 14.711749 )
xyz29=( -4.204251 30.839135 14.711697 )
xyz29=( -4.204737 30.839397 14.711646 )
xyz29=( -4.205223 30.839659 14.711594 )
xyz29=( -4.205709 30.839920 14.711543 )
xyz29=( -4.206196 30.840181 14.711491 )
xyz29=( -4.206683 30.840443 14.711440 )
xyz29=( -4.207170 30.840704 14.711388 )
xyz29=( -4.207657 30.840965 14.711336 )
xyz29=( -4.208145 30.841226 14.711284 )
xyz29=( -4.208633 30.841487 14.711232 )
xyz29=( -4.209122 30.841748 14.711179 )
xyz29=( -4.209610 30.842008 14.711127 )
xyz29=( -4.210099 30.842269 14.711074 )
xyz29=( -4.210589 30.842529 14.711022 )
xyz29=( -4.211078 30.842790 14.710969 )
xyz29=( -4.211568 30.843050 14.710917 )
xyz29=( -4.212058 30.843310 14.710864 )
xyz29=( -4.212549 30.843570 14.710811 )
xyz29=( -4.213039 30.843831 14.710758 )
xyz29=( -4.213530 30.844090 14.710705 )
xyz29=( -4.214022 30.844350 14.710651 )
xyz29=( -4.214513 30.844610 14.710598 )
xyz29=( -4.215005 30.844870 14.710545 )
xyz29=( -4.215497 30.845129 14.710491 )
xyz29=( -4.215990 30.845389 14.710437 )
xyz29=( -4.216482 30.845648 14.710384 )
xyz29=( -4.216975 30.845907 14.710330 )
xyz29=( -4.217469 30.846166 14.710276 )
xyz29=( -4.217962 30.846426 14.710222 )
xyz29=( -4.218456 30.846685 14.710168 )
xyz29=( -4.218951 30.846943 14.710113 )
xyz29=( -4.219445 30.847202 14.710059 )
xyz29=( -4.219940 30.847461 14.710005 )
xyz29=( -4.220435 30.847719 14.709950 )
xyz29=( -4.220931 30.847978 14.709896 )
xyz29=( -4.221426 30.848236 14.709841 )
xyz29=( -4.221922 30.848495 14.709786 )
xyz29=( -4.222419 30.848753 14.709731 )
xyz29=( -4.222915 30.849011 14.709676 )
xyz29=( -4.223412 30.849269 14.709621 )
xyz29=( -4.223909 30.849527 14.709566 )
xyz29=( -4.224407 30.849785 14.709510 )
xyz29=( -4.224905 30.850042 14.709455 )
xyz29=( -4.225403 30.850300 14.709399 )
xyz29=( -4.225901 30.850557 14.709343 )
xyz29=( -4.226400 30.850815 14.709288 )
xyz29=( -4.226899 30.851072 14.709232 )
xyz29=( -4.199820 30.836738 14.712163 )
xyz29=( -4.200304 30.837001 14.712112 )
xyz29=( -4.200788 30.837264 14.712061 )
xyz29=( -4.201273 30.837526 14.712011 )
xyz29=( -4.201758 30.837789 14.711960 )
xyz29=( -4.202243 30.838052 14.711909 )
xyz29=( -4.202729 30.838314 14.711858 )
xyz29=( -4.203215 30.838577 14.711807 )
xyz29=( -4.203701 30.838839 14.711755 )
xyz29=( -4.204187 30.839101 14.711704 )
xyz29=( -4.204674 30.839363 14.711653 )
xyz29=( -4.205161 30.839625 14.711601 )
xyz29=( -4.205648 30.839887 14.711549 )
xyz29=( -4.206135 30.840149 14.711498 )
xyz29=( -4.206623 30.840411 14.711446 )
xyz29=( -4.207111 30.840673 14.711394 )
xyz29=( -4.207600 30.840934 14.711342 )
xyz29=( -4.208088 30.841196 14.711290 )
xyz29=( -4.208577 30.841457 14.711237 )
xyz29=( -4.209067 30.841718 14.711185 )
xyz29=( -4.209556 30.841979 14.711133 )
xyz29=( -4.210046 30.842241 14.711080 )
xyz29=( -4.210536 30.842502 14.711028 )
xyz29=( -4.211027 30.842762 14.710975 )
xyz29=( -4.211517 30.843023 14.710922 )
xyz29=( -4.212008 30.843284 14.710869 )
xyz29=( -4.212500 30.843545 14.710816 )
xyz29=( -4.212991 30.843805 14.710763 )
xyz29=( -4.213483 30.844066 14.710710 )
xyz29=( -4.213975 30.844326 14.710656 )
xyz29=( -4.214468 30.844586 14.710603 )
xyz29=( -4.214961 30.844846 14.710549 )
xyz29=( -4.215454 30.845106 14.710496 )
xyz29=( -4.215947 30.845366 14.710442 )
xyz29=( -4.216441 30.845626 14.710388 )
xyz29=( -4.216935 30.845886 14.710334 )
xyz29=( -4.217429 30.846146 14.710280 )
xyz29=( -4.217924 30.846405 14.710226 )
xyz29=( -4.218418 30.846665 14.710172 )
xyz29=( -4.218914 30.846924 14.710118 )
xyz29=( -4.219409 30.847183 14.710063 )
xyz29=( -4.219905 30.847442 14.710009 )
xyz29=( -4.220401 30.847702 14.709954 )
xyz29=( -4.220897 30.847960 14.709899 )
xyz29=( -4.221394 30.848219 14.709844 )
xyz29=( -4.221891 30.848478 14.709789 )
xyz29=( -4.222388 30.848737 14.709734 )
xyz29=( -4.222885 30.848995 14.709679 )
xyz29=( -4.223383 30.849254 14.709624 )
xyz29=( -4.223881 30.849512 14.709569 )
xyz29=( -4.224380 30.849771 14.709513 )
xyz29=( -4.224879 30.850029 14.709458 )
xyz29=( -4.225378 30.850287 14.709402 )
xyz29=( -4.225877 30.850545 14.709346 )
xyz29=( -4.226377 30.850803 14.709290 )
xyz29=( -4.226877 30.851061 14.709234 )
xyz29=( -4.199408 30.836514 14.712206 )
xyz29=( -4.199891 30.836777 14.712155 )
xyz29=( -4.200375 30.837039 14.712105 )
xyz29=( -4.200858 30.837301 14.712054 )
xyz29=( -4.201342 30.837564 14.712003 )
xyz29=( -4.201826 30.837826 14.711953 )
xyz29=( -4.202310 30.838088 14.711902 )
xyz29=( -4.202795 30.838350 14.711851 )
xyz29=( -4.203280 30.838612 14.711800 )
xyz29=( -4.203765 30.838874 14.711749 )
xyz29=( -4.204251 30.839135 14.711697 )
xyz29=( -4.204737 30.839397 14.711646 )
xyz29=( -4.205223 30.839659 14.711594 )
xyz29=( -4.205709 30.839920 14.711543 )
xyz29=( -4.206196 30.840181 14.711491 )
xyz29=( -4.206683 30.840443 14.711440 )
xyz29=( -4.207170 30.840704 14.711388 )
xyz29=( -4.207657 30.840965 14.711336 )
xyz29=( -4.208145 30.841226 14.711284 )
xyz29=( -4.208633 30.841487 14.711232 )
xyz29=( -4.209122 30.841748 14.711179 )
xyz29=( -4.209610 30.842008 14.711127 )
xyz29=( -4.210099 30.842269 14.711074 )
xyz29=( -4.210589 30.842529 14.711022 )
xyz29=( -4.211078 30.842790 14.710969 )
xyz29=( -4.211568 30.843050 14.710917 )
xyz29=( -4.212058 30.843310 14.710864 )
xyz29=( -4.212549 30.843570 14.710811 )
xyz29=( -4.213039 30.843831 14.710758 )
xyz29=( -4.213530 30.844090 14.710705 )
xyz29=( -4.214022 30.844350 14.710651 )
xyz29=( -4.214513 30.844610 14.710598 )
xyz29=( -4.215005 30.844870 14.710545 )
xyz29=( -4.215497 30.845129 14.710491 )
xyz29=( -4.215990 30.845389 14.710437 )
xyz29=( -4.216482 30.845648 14.710384 )
xyz29=( -4.216975 30.845907 14.710330 )
xyz29=( -4.217469 30.846166 14.710276 )
xyz29=( -4.217962 30.846426 14.710222 )
xyz29=( -4.218456 30.846685 14.710168 )
xyz29=( -4.218951 30.846943 14.710113 )
xyz29=( -4.219445 30.847202 14.710059 )
xyz29=( -4.219940 30.847461 14.710005 )
xyz29=( -4.220435 30.847719 14.709950 )
xyz29=( -4.220931 30.847978 14.709896 )
xyz29=( -4.221426 30.848236 14.709841 )
xyz29=( -4.221922 30.848495 14.709786 )
xyz29=( -4.222419 30.848753 14.709731 )
xyz29=( -4.222915 30.849011 14.709676 )
xyz29=( -4.223412 30.849269 14.709621 )
xyz29=( -4.223909 30.849527 14.709566 )
xyz29=( -4.224407 30.849785 14.709510 )
xyz29=( -4.224905 30.850042 14.709455 )
xyz29=( -4.225403 30.850300 14.709399 )
xyz29=( -4.225901 30.850557 14.709343 )
xyz29=( -4.226400 30.850815 14.709288 )
xyz29=( -4.226899 30.851072 14.709232 )
xyz29=( -4.199820 30.836738 14.712163 )
xyz29=( -4.200304 30.837001 14.712112 )
xyz29=( -4.200788 30.837264 14.712061 )
xyz29=( -4.201273 30.837526 14.712011 )
xyz29=( -4.201758 30.837789 14.711960 )
xyz29=( -4.202243 30.838052 14.711909 )
xyz29=( -4.202729 30.838314 14.711858 )
xyz29=( -4.203215 30.838577 14.711807 )
xyz29=( -4.203701 30.838839 14.711755 )
xyz29=( -4.204187 30.839101 14.711704 )
xyz29=( -4.204674 30.839363 14.711653 )
xyz29=( -4.205161 30.839625 14.711601 )
xyz29=( -4.205648 30.839887 14.711549 )
xyz29=( -4.206135 30.840149 14.711498 )
xyz29=( -4.206623 30.840411 14.711446 )
xyz29=( -4.207111 30.840673 14.711394 )
xyz29=( -4.207600 30.840934 14.711342 )
xyz29=( -4.208088 30.841196 14.711290 )
xyz29=( -4.208577 30.841457 14.711237 )
xyz29=( -4.209067 30.841718 14.711185 )
xyz29=( -4.209556 30.841979 14.711133 )
xyz29=( -4.210046 30.842241 14.711080 )
xyz29=( -4.210536 30.842502 14.711028 )
xyz29=( -4.211027 30.842762 14.710975 )
xyz29=( -4.211517 30.843023 14.710922 )
xyz29=( -4.212008 30.843284 14.710869 )
xyz29=( -4.212500 30.843545 14.710816 )
xyz29=( -4.212991 30.843805 14.710763 )
xyz29=( -4.213483 30.844066 14.710710 )
xyz29=( -4.213975 30.844326 14.710656 )
xyz29=( -4.214468 30.844586 14.710603 )
xyz29=( -4.214961 30.844846 14.710549 )
xyz29=( -4.215454 30.845106 14.710496 )
xyz29=( -4.215947 30.845366 14.710442 )
xyz29=( -4.216441 30.845626 14.710388 )
xyz29=( -4.216935 30.845886 14.710334 )
xyz29=( -4.217429 30.846146 14.710280 )
xyz29=( -4.217924 30.846405 14.710226 )
xyz29=( -4.218418 30.846665 14.710172 )
xyz29=( -4.218914 30.846924 14.710118 )
xyz29=( -4.219409 30.847183 14.710063 )
xyz29=( -4.219905 30.847442 14.710009 )
xyz29=( -4.220401 30.847702 14.709954 )
xyz29=( -4.220897 30.847960 14.709899 )
xyz29=( -4.221394 30.848219 14.709844 )
xyz29=( -4.221891 30.848478 14.709789 )
xyz29=( -4.222388 30.848737 14.709734 )
xyz29=( -4.222885 30.848995 14.709679 )
xyz29=( -4.223383 30.849254 14.709624 )
xyz29=( -4.223881 30.849512 14.709569 )
xyz29=( -4.224380 30.849771 14.709513 )
xyz29=( -4.224879 30.850029 14.709458 )
xyz29=( -4.225378 30.850287 14.709402 )
xyz29=( -4.225877 30.850545 14.709346 )
xyz29=( -4.226377 30.850803 14.709290 )
xyz29=( -4.226877 30.851061 14.709234 )
xyz29=( -4.199408 30.836514 14.712206 )
xyz29=( -4.199891 30.836777 14.712155 )
xyz29=( -4.200375 30.837039 14.712105 )
xyz29=( -4.200858 30.837301 14.712054 )
xyz29=( -4.201342 30.837564 14.712003 )
xyz29=( -4.201826 30.837826 14.711953 )
xyz29=( -4.202310 30.838088 14.711902 )
xyz29=( -4.202795 30.838350 14.711851 )
xyz29=( -4.203280 30.838612 14.711800 )
xyz29=( -4.203765 30.838874 14.711749 )
xyz29=( -4.204251 30.839135 14.711697 )
xyz29=( -4.204737 30.839397 14.711646 )
xyz29=( -4.205223 30.839659 14.711594 )
xyz29=( -4.205709 30.839920 14.711543 )
xyz29=( -4.206196 30.840181 14.711491 )
xyz29=( -4.206683 30.840443 14.711440 )
xyz29=( -4.207170 30.840704 14.711388 )
xyz29=( -4.207657 30.840965 14.711336 )
xyz29=( -4.208145 30.841226 14.711284 )
xyz29=( -4.208633 30.841487 14.711232 )
xyz29=( -4.209122 30.841748 14.711179 )
xyz29=( -4.209610 30.842008 14.711127 )
xyz29=( -4.210099 30.842269 14.711074 )
xyz29=( -4.210589 30.842529 14.711022 )
xyz29=( -4.211078 30.842790 14.710969 )
xyz29=( -4.211568 30.843050 14.710917 )
xyz29=( -4.212058 30.843310 14.710864 )
xyz29=( -4.212549 30.843570 14.710811 )
xyz29=( -4.213039 30.843831 14.710758 )
xyz29=( -4.213530 30.844090 14.710705 )
xyz29=( -4.214022 30.844350 14.710651 )
xyz29=( -4.214513 30.844610 14.710598 )
xyz29=( -4.215005 30.844870 14.710545 )
xyz29=( -4.215497 30.845129 14.710491 )
xyz29=( -4.215990 30.845389 14.710437 )
xyz29=( -4.216482 30.845648 14.710384 )
xyz29=( -4.216975 30.845907 14.710330 )
xyz29=( -4.217469 30.846166 14.710276 )
xyz29=( -4.217962 30.846426 14.710222 )
xyz29=( -4.218456 30.846685 14.710168 )
xyz29=( -4.218951 30.846943 14.710113 )
xyz29=( -4.219445 30.847202 14.710059 )
xyz29=( -4.219940 30.847461 14.710005 )
xyz29=( -4.220435 30.847719 14.709950 )
xyz29=( -4.220931 30.847978 14.709896 )
xyz29=( -4.221426 30.848236 14.709841 )
xyz29=( -4.221922 30.848495 14.709786 )
xyz29=( -4.222419 30.848753 14.709731 )
xyz29=( -4.222915 30.849011 14.709676 )
xyz29=( -4.223412 30.849269 14.709621 )
xyz29=( -4.223909 30.849527 14.709566 )
xyz29=( -4.224407 30.849785 14.709510 )
xyz29=( -4.224905 30.850042 14.709455 )
xyz29=( -4.225403 30.850300 14.709399 )
xyz29=( -4.225901 30.850557 14.709343 )
xyz29=( -4.226400 30.850815 14.709288 )
xyz29=( -4.226899 30.851072 14.709232 )
xyz29=( -4.199820 30.836738 14.712163 )
xyz29=( -4.200304 30.837001 14.712112 )
xyz29=( -4.200788 30.837264 14.712061 )
xyz29=( -4.201273 30.837526 14.712011 )
xyz29=( -4.201758 30.837789 14.711960 )
xyz29=( -4.202243 30.838052 14.711909 )
xyz29=( -4.202729 30.838314 14.711858 )
xyz29=( -4.203215 30.838577 14.711807 )
xyz29=( -4.203701 30.838839 14.711755 )
xyz29=( -4.204187 30.839101 14.711704 )
xyz29=( -4.204674 30.839363 14.711653 )
xyz29=( -4.205161 30.839625 14.711601 )
xyz29=( -4.205648 30.839887 14.711549 )
xyz29=( -4.206135 30.840149 14.711498 )
xyz29=( -4.206623 30.840411 14.711446 )
xyz29=( -4.207111 30.840673 14.711394 )
xyz29=( -4.207600 30.840934 14.711342 )
xyz29=( -4.208088 30.841196 14.711290 )
xyz29=( -4.208577 30.841457 14.711237 )
xyz29=( -4.209067 30.841718 14.711185 )
xyz29=( -4.209556 30.841979 14.711133 )
xyz29=( -4.210046 30.842241 14.711080 )
xyz29=( -4.210536 30.842502 14.711028 )
xyz29=( -4.211027 30.842762 14.710975 )
xyz29=( -4.211517 30.843023 14.710922 )
xyz29=( -4.212008 30.843284 14.710869 )
xyz29=( -4.212500 30.843545 14.710816 )
xyz29=( -4.212991 30.843805 14.710763 )
xyz29=( -4.213483 30.844066 14.710710 )
xyz29=( -4.213975 30.844326 14.710656 )
xyz29=( -4.214468 30.844586 14.710603 )
xyz29=( -4.214961 30.844846 14.710549 )
xyz29=( -4.215454 30.845106 14.710496 )
xyz29=( -4.215947 30.845366 14.710442 )
xyz29=( -4.216441 30.845626 14.710388 )
xyz29=( -4.216935 30.845886 14.710334 )
xyz29=( -4.217429 30.846146 14.710280 )
xyz29=( -4.217924 30.846405 14.710226 )
xyz29=( -4.218418 30.846665 14.710172 )
xyz29=( -4.218914 30.846924 14.710118 )
xyz29=( -4.219409 30.847183 14.710063 )
xyz29=( -4.219905 30.847442 14.710009 )
xyz29=( -4.220401 30.847702 14.709954 )
xyz29=( -4.220897 30.847960 14.709899 )
xyz29=( -4.221394 30.848219 14.709844 )
xyz29=( -4.221891 30.848478 14.709789 )
xyz29=( -4.222388 30.848737 14.709734 )
xyz29=( -4.222885 30.848995 14.709679 )
xyz29=( -4.223383 30.849254 14.709624 )
xyz29=( -4.223881 30.849512 14.709569 )
xyz29=( -4.224380 30.849771 14.709513 )
xyz29=( -4.224879 30.850029 14.709458 )
xyz29=( -4.225378 30.850287 14.709402 )
xyz29=( -4.225877 30.850545 14.709346 )
xyz29=( -4.226377 30.850803 14.709290 )
xyz29=( -4.226877 30.851061 14.709234 )
xyz29=( -4.199408 30.836514 14.712206 )
xyz29=( -4.199891 30.836777 14.712155 )
xyz29=( -4.200375 30.837039 14.712105 )
xyz29=( -4.200858 30.837301 14.712054 )
xyz29=( -4.201342 30.837564 14.712003 )
xyz29=( -4.201826 30.837826 14.711953 )
xyz29=( -4.202310 30.838088 14.711902 )
xyz29=( -4.202795 30.838350 14.711851 )
xyz29=( -4.203280 30.838612 14.711800 )
xyz29=( -4.203765 30.838874 14.711749 )
xyz29=( -4.204251 30.839135 14.711697 )
xyz29=( -4.204737 30.839397 14.711646 )
xyz29=( -4.205223 30.839659 14.711594 )
xyz29=( -4.205709 30.839920 14.711543 )
xyz29=( -4.206196 30.840181 14.711491 )
xyz29=( -4.206683 30.840443 14.711440 )
xyz29=( -4.207170 30.840704 14.711388 )
xyz29=( -4.207657 30.840965 14.711336 )
xyz29=( -4.208145 30.841226 14.711284 )
xyz29=( -4.208633 30.841487 14.711232 )
xyz29=( -4.209122 30.841748 14.711179 )
xyz29=( -4.209610 30.842008 14.711127 )
xyz29=( -4.210099 30.842269 14.711074 )
xyz29=( -4.210589 30.842529 14.711022 )
xyz29=( -4.211078 30.842790 14.710969 )
xyz29=( -4.211568 30.843050 14.710917 )
xyz29=( -4.212058 30.843310 14.710864 )
xyz29=( -4.212549 30.843570 14.710811 )
xyz29=( -4.213039 30.843831 14.710758 )
xyz29=( -4.213530 30.844090 14.710705 )
xyz29=( -4.214022 30.844350 14.710651 )
xyz29=( -4.214513 30.844610 14.710598 )
xyz29=( -4.215005 30.844870 14.710545 )
xyz29=( -4.215497 30.845129 14.710491 )
xyz29=( -4.215990 30.845389 14.710437 )
xyz29=( -4.216482 30.845648 14.710384 )
xyz29=( -4.216975 30.845907 14.710330 )
xyz29=( -4.217469 30.846166 14.710276 )
xyz29=( -4.217962 30.846426 14.710222 )
xyz29=( -4.218456 30.846685 14.710168 )
xyz29=( -4.218951 30.846943 14.710113 )
xyz29=( -4.219445 30.847202 14.710059 )
xyz29=( -4.219940 30.847461 14.710005 )
xyz29=( -4.220435 30.847719 14.709950 )
xyz29=( -4.220931 30.847978 14.709896 )
xyz29=( -4.221426 30.848236 14.709841 )
xyz29=( -4.221922 30.848495 14.709786 )
xyz29=( -4.222419 30.848753 14.709731 )
xyz29=( -4.222915 30.849011 14.709676 )
xyz29=( -4.223412 30.849269 14.709621 )
xyz29=( -4.223909 30.849527 14.709566 )
xyz29=( -4.224407 30.849785 14.709510 )
xyz29=( -4.224905 30.850042 14.709455 )
xyz29=( -4.225403 30.850300 14.709399 )
xyz29=( -4.225901 30.850557 14.709343 )
xyz29=( -4.226400 30.850815 14.709288 )
xyz29=( -4.226899 30.851072 14.709232 )
xyz29=( -4.199820 30.836738 14.712163 )
xyz29=( -4.200304 30.837001 14.712112 )
xyz29=( -4.200788 30.837264 14.712061 )
xyz29=( -4.201273 30.837526 14.712011 )
xyz29=( -4.201758 30.837789 14.711960 )
xyz29=( -4.202243 30.838052 14.711909 )
xyz29=( -4.202729 30.838314 14.711858 )
xyz29=( -4.203215 30.838577 14.711807 )
xyz29=( -4.203701 30.838839 14.711755 )
xyz29=( -4.204187 30.839101 14.711704 )
xyz29=( -4.204674 30.839363 14.711653 )
xyz29=( -4.205161 30.839625 14.711601 )
xyz29=( -4.205648 30.839887 14.711549 )
xyz29=( -4.206135 30.840149 14.711498 )
xyz29=( -4.206623 30.840411 14.711446 )
xyz29=( -4.207111 30.840673 14.711394 )
xyz29=( -4.207600 30.840934 14.711342 )
xyz29=( -4.208088 30.841196 14.711290 )
xyz29=( -4.208577 30.841457 14.711237 )
xyz29=( -4.209067 30.841718 14.711185 )
xyz29=( -4.209556 30.841979 14.711133 )
xyz29=( -4.210046 30.842241 14.711080 )
xyz29=( -4.210536 30.842502 14.711028 )
xyz29=( -4.211027 30.842762 14.710975 )
xyz29=( -4.211517 30.843023 14.710922 )
xyz29=( -4.212008 30.843284 14.710869 )
xyz29=( -4.212500 30.843545 14.710816 )
xyz29=( -4.212991 30.843805 14.710763 )
xyz29=( -4.213483 30.844066 14.710710 )
xyz29=( -4.213975 30.844326 14.710656 )
xyz29=( -4.214468 30.844586 14.710603 )
xyz29=( -4.214961 30.844846 14.710549 )
xyz29=( -4.215454 30.845106 14.710496 )
xyz29=( -4.215947 30.845366 14.710442 )
xyz29=( -4.216441 30.845626 14.710388 )
xyz29=( -4.216935 30.845886 14.710334 )
xyz29=( -4.217429 30.846146 14.710280 )
xyz29=( -4.217924 30.846405 14.710226 )
xyz29=( -4.218418 30.846665 14.710172 )
xyz29=( -4.218914 30.846924 14.710118 )
xyz29=( -4.219409 30.847183 14.710063 )
xyz29=( -4.219905 30.847442 14.710009 )
xyz29=( -4.220401 30.847702 14.709954 )
xyz29=( -4.220897 30.847960 14.709899 )
xyz29=( -4.221394 30.848219 14.709844 )
xyz29=( -4.221891 30.848478 14.709789 )
xyz29=( -4.222388 30.848737 14.709734 )
xyz29=( -4.222885 30.848995 14.709679 )
xyz29=( -4.223383 30.849254 14.709624 )
xyz29=( -4.223881 30.849512 14.709569 )
xyz29=( -4.224380 30.849771 14.709513 )
xyz29=( -4.224879 30.850029 14.709458 )
xyz29=( -4.225378 30.850287 14.709402 )
xyz29=( -4.225877 30.850545 14.709346 )
xyz29=( -4.226377 30.850803 14.709290 )
xyz29=( -4.226877 30.851061 14.709234 )
xyz29=( -3.636101 29.021247 14.362280 )
xyz29=( -3.636364 29.020798 14.362092 )
xyz29=( -3.636627 29.020349 14.361904 )
xyz29=( -3.636891 29.019900 14.361717 )
xyz29=( -3.637155 29.019451 14.361528 )
xyz29=( -3.637419 29.019002 14.361340 )
xyz29=( -3.637684 29.018552 14.361152 )
xyz29=( -3.637948 29.018103 14.360964 )
xyz29=( -3.638214 29.017654 14.360775 )
xyz29=( -3.638479 29.017204 14.360587 )
xyz29=( -3.638745 29.016755 14.360398 )
xyz29=( -3.639011 29.016305 14.360210 )
xyz29=( -3.639277 29.015856 14.360021 )
xyz29=( -3.639544 29.015406 14.359832 )
xyz29=( -3.639810 29.014956 14.359643 )
xyz29=( -3.640078 29.014507 14.359454 )
xyz29=( -3.640345 29.014057 14.359265 )
xyz29=( -3.640613 29.013607 14.359076 )
xyz29=( -3.640881 29.013157 14.358886 )
xyz29=( -3.641150 29.012707 14.358697 )
xyz29=( -3.641418 29.012257 14.358507 )
xyz29=( -3.641687 29.011807 14.358318 )
xyz29=( -3.641957 29.011357 14.358128 )
xyz29=( -3.642226 29.010907 14.357938 )
xyz29=( -3.642496 29.010457 14.357748 )
xyz29=( -3.642766 29.010006 14.357559 )
xyz29=( -3.643037 29.009556 14.357368 )
xyz29=( -3.643308 29.009105 14.357178 )
xyz29=( -3.643579 29.008655 14.356988 )
xyz29=( -3.643850 29.008205 14.356798 )
xyz29=( -3.644122 29.007754 14.356607 )
xyz29=( -3.644394 29.007303 14.356417 )
xyz29=( -3.644667 29.006853 14.356226 )
xyz29=( -3.644939 29.006402 14.356036 )
xyz29=( -3.645212 29.005951 14.355845 )
xyz29=( -3.645486 29.005500 14.355654 )
xyz29=( -3.645759 29.005049 14.355463 )
xyz29=( -3.646033 29.004599 14.355272 )
xyz29=( -3.646308 29.004148 14.355081 )
xyz29=( -3.646582 29.003697 14.354889 )
xyz29=( -3.646857 29.003245 14.354698 )
xyz29=( -3.647132 29.002794 14.354507 )
xyz29=( -3.647408 29.002343 14.354315 )
xyz29=( -3.647683 29.001892 14.354124 )
xyz29=( -3.647960 29.001440 14.353932 )
xyz29=( -3.648236 29.000989 14.353740 )
xyz29=( -3.648513 29.000538 14.353548 )
xyz29=( -3.648790 29.000086 14.353356 )
xyz29=( -3.649067 28.999635 14.353164 )
xyz29=( -3.649345 28.999183 14.352972 )
xyz29=( -3.649623 28.998731 14.352780 )
xyz29=( -3.649901 28.998280 14.352587 )
xyz29=( -3.650180 28.997828 14.352395 )
xyz29=( -3.650459 28.997376 14.352202 )
xyz29=( -3.650738 28.996924 14.352010 )
xyz29=( -3.651018 28.996472 14.351817 )
xyz29=( -3.635878 29.021629 14.362440 )
xyz29=( -3.636140 29.021181 14.362252 )
xyz29=( -3.636402 29.020733 14.362065 )
xyz29=( -3.636665 29.020285 14.361877 )
xyz29=( -3.636928 29.019836 14.361690 )
xyz29=( -3.637192 29.019388 14.361502 )
xyz29=( -3.637456 29.018940 14.361314 )
xyz29=( -3.637720 29.018491 14.361126 )
xyz29=( -3.637984 29.018043 14.360938 )
xyz29=( -3.638249 29.017594 14.360750 )
xyz29=( -3.638514 29.017146 14.360562 )
xyz29=( -3.638779 29.016697 14.360374 )
xyz29=( -3.639045 29.016248 14.360186 )
xyz29=( -3.639310 29.015799 14.359997 )
xyz29=( -3.639576 29.015351 14.359809 )
xyz29=( -3.639843 29.014902 14.359620 )
xyz29=( -3.640110 29.014453 14.359431 )
xyz29=( -3.640377 29.014004 14.359242 )
xyz29=( -3.640644 29.013555 14.359054 )
xyz29=( -3.640912 29.013106 14.358865 )
xyz29=( -3.641180 29.012657 14.358676 )
xyz29=( -3.641448 29.012207 14.358486 )
xyz29=( -3.641717 29.011758 14.358297 )
xyz29=( -3.641985 29.011309 14.358108 )
xyz29=( -3.642255 29.010859 14.357918 )
xyz29=( -3.642524 29.010410 14.357729 )
xyz29=( -3.642794 29.009961 14.357539 )
xyz29=( -3.643064 29.009511 14.357350 )
xyz29=( -3.643334 29.009062 14.357160 )
xyz29=( -3.643605 29.008612 14.356970 )
xyz29=( -3.643876 29.008162 14.356780 )
xyz29=( -3.644147 29.007713 14.356590 )
xyz29=( -3.644419 29.007263 14.356400 )
xyz29=( -3.644691 29.006813 14.356209 )
xyz29=( -3.644963 29.006363 14.356019 )
xyz29=( -3.645235 29.005913 14.355829 )
xyz29=( -3.645508 29.005463 14.355638 )
xyz29=( -3.645781 29.005013 14.355448 )
xyz29=( -3.646055 29.004563 14.355257 )
xyz29=( -3.646329 29.004113 14.355066 )
xyz29=( -3.646603 29.003663 14.354875 )
xyz29=( -3.646877 29.003212 14.354684 )
xyz29=( -3.647152 29.002762 14.354493 )
xyz29=( -3.647427 29.002312 14.354302 )
xyz29=( -3.647702 29.001861 14.354111 )
xyz29=( -3.647978 29.001411 14.353919 )
xyz29=( -3.648254 29.000960 14.353728 )
xyz29=( -3.648530 29.000510 14.353536 )
xyz29=( -3.648806 29.000059 14.353345 )
xyz29=( -3.649083 28.999609 14.353153 )
xyz29=( -3.649360 28.999158 14.352961 )
xyz29=( -3.649638 28.998707 14.352769 )
xyz29=( -3.649916 28.998256 14.352577 )
xyz29=( -3.650194 28.997805 14.352385 )
xyz29=( -3.650472 28.997354 14.352193 )
xyz29=( -3.650751 28.996903 14.352001 )
xyz29=( -3.651030 28.996452 14.351808 )
xyz29=( -3.636101 29.021247 14.362280 )
xyz29=( -3.636364 29.020798 14.362092 )
xyz29=( -3.636627 29.020349 14.361904 )
xyz29=( -3.636891 29.019900 14.361717 )
xyz29=( -3.637155 29.019451 14.361528 )
xyz29=( -3.637419 29.019002 14.361340 )
xyz29=( -3.637684 29.018552 14.361152 )
xyz29=( -3.637948 29.018103 14.360964 )
xyz29=( -3.638214 29.017654 14.360775 )
xyz29=( -3.638479 29.017204 14.360587 )
xyz29=( -3.638745 29.016755 14.360398 )
xyz29=( -3.639011 29.016305 14.360210 )
xyz29=( -3.639277 29.015856 14.360021 )
xyz29=( -3.639544 29.015406 14.359832 )
xyz29=( -3.639810 29.014956 14.359643 )
xyz29=( -3.640078 29.014507 14.359454 )
xyz29=( -3.640345 29.014057 14.359265 )
xyz29=( -3.640613 29.013607 14.359076 )
xyz29=( -3.640881 29.013157 14.358886 )
xyz29=( -3.641150 29.012707 14.358697 )
xyz29=( -3.641418 29.012257 14.358507 )
xyz29=( -3.641687 29.011807 14.358318 )
xyz29=( -3.641957 29.011357 14.358128 )
xyz29=( -3.642226 29.010907 14.357938 )
xyz29=( -3.642496 29.010457 14.357748 )
xyz29=( -3.642766 29.010006 14.357559 )
xyz29=( -3.643037 29.009556 14.357368 )
xyz29=( -3.643308 29.009105 14.357178 )
xyz29=( -3.643579 29.008655 14.356988 )
xyz29=( -3.643850 29.008205 14.356798 )
xyz29=( -3.644122 29.007754 14.356607 )
xyz29=( -3.644394 29.007303 14.356417 )
xyz29=( -3.644667 29.006853 14.356226 )
xyz29=( -3.644939 29.006402 14.356036 )
xyz29=( -3.645212 29.005951 14.355845 )
xyz29=( -3.645486 29.005500 14.355654 )
xyz29=( -3.645759 29.005049 14.355463 )
xyz29=( -3.646033 29.004599 14.355272 )
xyz29=( -3.646308 29.004148 14.355081 )
xyz29=( -3.646582 29.003697 14.354889 )
xyz29=( -3.646857 29.003245 14.354698 )
xyz29=( -3.647132 29.002794 14.354507 )
xyz29=( -3.647408 29.002343 14.354315 )
xyz29=( -3.647683 29.001892 14.354124 )
xyz29=( -3.647960 29.001440 14.353932 )
xyz29=( -3.648236 29.000989 14.353740 )
xyz29=( -3.648513 29.000538 14.353548 )
xyz29=( -3.648790 29.000086 14.353356 )
xyz29=( -3.649067 28.999635 14.353164 )
xyz29=( -3.649345 28.999183 14.352972 )
xyz29=( -3.649623 28.998731 14.352780 )
xyz29=( -3.649901 28.998280 14.352587 )
xyz29=( -3.650180 28.997828 14.352395 )
xyz29=( -3.650459 28.997376 14.352202 )
xyz29=( -3.650738 28.996924 14.352010 )
xyz29=( -3.651018 28.996472 14.351817 )
xyz29=( -3.635878 29.021629 14.362440 )
xyz29=( -3.636140 29.021181 14.362252 )
xyz29=( -3.636402 29.020733 14.362065 )
xyz29=( -3.636665 29.020285 14.361877 )
xyz29=( -3.636928 29.019836 14.361690 )
xyz29=( -3.637192 29.019388 14.361502 )
xyz29=( -3.637456 29.018940 14.361314 )
xyz29=( -3.637720 29.018491 14.361126 )
xyz29=( -3.637984 29.018043 14.360938 )
xyz29=( -3.638249 29.017594 14.360750 )
xyz29=( -3.638514 29.017146 14.360562 )
xyz29=( -3.638779 29.016697 14.360374 )
xyz29=( -3.639045 29.016248 14.360186 )
xyz29=( -3.639310 29.015799 14.359997 )
xyz29=( -3.639576 29.015351 14.359809 )
xyz29=( -3.639843 29.014902 14.359620 )
xyz29=( -3.640110 29.014453 14.359431 )
xyz29=( -3.640377 29.014004 14.359242 )
xyz29=( -3.640644 29.013555 14.359054 )
xyz29=( -3.640912 29.013106 14.358865 )
xyz29=( -3.641180 29.012657 14.358676 )
xyz29=( -3.641448 29.012207 14.358486 )
xyz29=( -3.641717 29.011758 14.358297 )
xyz29=( -3.641985 29.011309 14.358108 )
xyz29=( -3.642255 29.010859 14.357918 )
xyz29=( -3.642524 29.010410 14.357729 )
xyz29=( -3.642794 29.009961 14.357539 )
xyz29=( -3.643064 29.009511 14.357350 )
xyz29=( -3.643334 29.009062 14.357160 )
xyz29=( -3.643605 29.008612 14.356970 )
xyz29=( -3.643876 29.008162 14.356780 )
xyz29=( -3.644147 29.007713 14.356590 )
xyz29=( -3.644419 29.007263 14.356400 )
xyz29=( -3.644691 29.006813 14.356209 )
xyz29=( -3.644963 29.006363 14.356019 )
xyz29=( -3.645235 29.005913 14.355829 )
xyz29=( -3.645508 29.005463 14.355638 )
xyz29=( -3.645781 29.005013 14.355448 )
xyz29=( -3.646055 29.004563 14.355257 )
xyz29=( -3.646329 29.004113 14.355066 )
xyz29=( -3.646603 29.003663 14.354875 )
xyz29=( -3.646877 29.003212 14.354684 )
xyz29=( -3.647152 29.002762 14.354493 )
xyz29=( -3.647427 29.002312 14.354302 )
xyz29=( -3.647702 29.001861 14.354111 )
xyz29=( -3.647978 29.001411 14.353919 )
xyz29=( -3.648254 29.000960 14.353728 )
xyz29=( -3.648530 29.000510 14.353536 )
xyz29=( -3.648806 29.000059 14.353345 )
xyz29=( -3.649083 28.999609 14.353153 )
xyz29=( -3.649360 28.999158 14.352961 )
xyz29=( -3.649638 28.998707 14.352769 )
xyz29=( -3.649916 28.998256 14.352577 )
xyz29=( -3.650194 28.997805 14.352385 )
xyz29=( -3.650472 28.997354 14.352193 )
xyz29=( -3.650751 28.996903 14.352001 )
xyz29=( -3.651030 28.996452 14.351808 )
xyz29=( -3.636101 29.021247 14.362280 )
xyz29=( -3.636364 29.020798 14.362092 )
xyz29=( -3.636627 29.020349 14.361904 )
xyz29=( -3.636891 29.019900 14.361717 )
xyz29=( -3.637155 29.019451 14.361528 )
xyz29=( -3.637419 29.019002 14.361340 )
xyz29=( -3.637684 29.018552 14.361152 )
xyz29=( -3.637948 29.018103 14.360964 )
xyz29=( -3.638214 29.017654 14.360775 )
xyz29=( -3.638479 29.017204 14.360587 )
xyz29=( -3.638745 29.016755 14.360398 )
xyz29=( -3.639011 29.016305 14.360210 )
xyz29=( -3.639277 29.015856 14.360021 )
xyz29=( -3.639544 29.015406 14.359832 )
xyz29=( -3.639810 29.014956 14.359643 )
xyz29=( -3.640078 29.014507 14.359454 )
xyz29=( -3.640345 29.014057 14.359265 )
xyz29=( -3.640613 29.013607 14.359076 )
xyz29=( -3.640881 29.013157 14.358886 )
xyz29=( -3.641150 29.012707 14.358697 )
xyz29=( -3.641418 29.012257 14.358507 )
xyz29=( -3.641687 29.011807 14.358318 )
xyz29=( -3.641957 29.011357 14.358128 )
xyz29=( -3.642226 29.010907 14.357938 )
xyz29=( -3.642496 29.010457 14.357748 )
xyz29=( -3.642766 29.010006 14.357559 )
xyz29=( -3.643037 29.009556 14.357368 )
xyz29=( -3.643308 29.009105 14.357178 )
xyz29=( -3.643579 29.008655 14.356988 )
xyz29=( -3.643850 29.008205 14.356798 )
xyz29=( -3.644122 29.007754 14.356607 )
xyz29=( -3.644394 29.007303 14.356417 )
xyz29=( -3.644667 29.006853 14.356226 )
xyz29=( -3.644939 29.006402 14.356036 )
xyz29=( -3.645212 29.005951 14.355845 )
xyz29=( -3.645486 29.005500 14.355654 )
xyz29=( -3.645759 29.005049 14.355463 )
xyz29=( -3.646033 29.004599 14.355272 )
xyz29=( -3.646308 29.004148 14.355081 )
xyz29=( -3.646582 29.003697 14.354889 )
xyz29=( -3.646857 29.003245 14.354698 )
xyz29=( -3.647132 29.002794 14.354507 )
xyz29=( -3.647408 29.002343 14.354315 )
xyz29=( -3.647683 29.001892 14.354124 )
xyz29=( -3.647960 29.001440 14.353932 )
xyz29=( -3.648236 29.000989 14.353740 )
xyz29=( -3.648513 29.000538 14.353548 )
xyz29=( -3.648790 29.000086 14.353356 )
xyz29=( -3.649067 28.999635 14.353164 )
xyz29=( -3.649345 28.999183 14.352972 )
xyz29=( -3.649623 28.998731 14.352780 )
xyz29=( -3.649901 28.998280 14.352587 )
xyz29=( -3.650180 28.997828 14.352395 )
xyz29=( -3.650459 28.997376 14.352202 )
xyz29=( -3.650738 28.996924 14.352010 )
xyz29=( -3.651018 28.996472 14.351817 )
xyz29=( -3.635878 29.021629 14.362440 )
xyz29=( -3.636140 29.021181 14.362252 )
xyz29=( -3.636402 29.020733 14.362065 )
xyz29=( -3.636665 29.020285 14.361877 )
xyz29=( -3.636928 29.019836 14.361690 )
xyz29=( -3.637192 29.019388 14.361502 )
xyz29=( -3.637456 29.018940 14.361314 )
xyz29=( -3.637720 29.018491 14.361126 )
xyz29=( -3.637984 29.018043 14.360938 )
xyz29=( -3.638249 29.017594 14.360750 )
xyz29=( -3.638514 29.017146 14.360562 )
xyz29=( -3.638779 29.016697 14.360374 )
xyz29=( -3.639045 29.016248 14.360186 )
xyz29=( -3.639310 29.015799 14.359997 )
xyz29=( -3.639576 29.015351 14.359809 )
xyz29=( -3.639843 29.014902 14.359620 )
xyz29=( -3.640110 29.014453 14.359431 )
xyz29=( -3.640377 29.014004 14.359242 )
xyz29=( -3.640644 29.013555 14.359054 )
xyz29=( -3.640912 29.013106 14.358865 )
xyz29=( -3.641180 29.012657 14.358676 )
xyz29=( -3.641448 29.012207 14.358486 )
xyz29=( -3.641717 29.011758 14.358297 )
xyz29=( -3.641985 29.011309 14.358108 )
xyz29=( -3.642255 29.010859 14.357918 )
xyz29=( -3.642524 29.010410 14.357729 )
xyz29=( -3.642794 29.009961 14.357539 )
xyz29=( -3.643064 29.009511 14.357350 )
xyz29=( -3.643334 29.009062 14.357160 )
xyz29=( -3.643605 29.008612 14.356970 )
xyz29=( -3.643876 29.008162 14.356780 )
xyz29=( -3.644147 29.007713 14.356590 )
xyz29=( -3.644419 29.007263 14.356400 )
xyz29=( -3.644691 29.006813 14.356209 )
xyz29=( -3.644963 29.006363 14.356019 )
xyz29=( -3.645235 29.005913 14.355829 )
xyz29=( -3.645508 29.005463 14.355638 )
xyz29=( -3.645781 29.005013 14.355448 )
xyz29=( -3.646055 29.004563 14.355257 )
xyz29=( -3.646329 29.004113 14.355066 )
xyz29=( -3.646603 29.003663 14.354875 )
xyz29=( -3.646877 29.003212 14.354684 )
xyz29=( -3.647152 29.002762 14.354493 )
xyz29=( -3.647427 29.002312 14.354302 )
xyz29=( -3.647702 29.001861 14.354111 )
xyz29=( -3.647978 29.001411 14.353919 )
xyz29=( -3.648254 29.000960 14.353728 )
xyz29=( -3.648530 29.000510 14.353536 )
xyz29=( -3.648806 29.000059 14.353345 )
xyz29=( -3.649083 28.999609 14.353153 )
xyz29=( -3.649360 28.999158 14.352961 )
xyz29=( -3.649638 28.998707 14.352769 )
xyz29=( -3.649916 28.998256 14.352577 )
xyz29=( -3.650194 28.997805 14.352385 )
xyz29=( -3.650472 28.997354 14.352193 )
xyz29=( -3.650751 28.996903 14.352001 )
xyz29=( -3.651030 28.996452 14.351808 )
xyz29=( -3.636101 29.021247 14.362280 )
xyz29=( -3.636364 29.020798 14.362092 )
xyz29=( -3.636627 29.020349 14.361904 )
xyz29=( -3.636891 29.019900 14.361717 )
xyz29=( -3.637155 29.019451 14.361528 )
xyz29=( -3.637419 29.019002 14.361340 )
xyz29=( -3.637684 29.018552 14.361152 )
xyz29=( -3.637948 29.018103 14.360964 )
xyz29=( -3.638214 29.017654 14.360775 )
xyz29=( -3.638479 29.017204 14.360587 )
xyz29=( -3.638745 29.016755 14.360398 )
xyz29=( -3.639011 29.016305 14.360210 )
xyz29=( -3.639277 29.015856 14.360021 )
xyz29=( -3.639544 29.015406 14.359832 )
xyz29=( -3.639810 29.014956 14.359643 )
xyz29=( -3.640078 29.014507 14.359454 )
xyz29=( -3.640345 29.014057 14.359265 )
xyz29=( -3.640613 29.013607 14.359076 )
xyz29=( -3.640881 29.013157 14.358886 )
xyz29=( -3.641150 29.012707 14.358697 )
xyz29=( -3.641418 29.012257 14.358507 )
xyz29=( -3.641687 29.011807 14.358318 )
xyz29=( -3.641957 29.011357 14.358128 )
xyz29=( -3.642226 29.010907 14.357938 )
xyz29=( -3.642496 29.010457 14.357748 )
xyz29=( -3.642766 29.010006 14.357559 )
xyz29=( -3.643037 29.009556 14.357368 )
xyz29=( -3.643308 29.009105 14.357178 )
xyz29=( -3.643579 29.008655 14.356988 )
xyz29=( -3.643850 29.008205 14.356798 )
xyz29=( -3.644122 29.007754 14.356607 )
xyz29=( -3.644394 29.007303 14.356417 )
xyz29=( -3.644667 29.006853 14.356226 )
xyz29=( -3.644939 29.006402 14.356036 )
xyz29=( -3.645212 29.005951 14.355845 )
xyz29=( -3.645486 29.005500 14.355654 )
xyz29=( -3.645759 29.005049 14.355463 )
xyz29=( -3.646033 29.004599 14.355272 )
xyz29=( -3.646308 29.004148 14.355081 )
xyz29=( -3.646582 29.003697 14.354889 )
xyz29=( -3.646857 29.003245 14.354698 )
xyz29=( -3.647132 29.002794 14.354507 )
xyz29=( -3.647408 29.002343 14.354315 )
xyz29=( -3.647683 29.001892 14.354124 )
xyz29=( -3.647960 29.001440 14.353932 )
xyz29=( -3.648236 29.000989 14.353740 )
xyz29=( -3.648513 29.000538 14.353548 )
xyz29=( -3.648790 29.000086 14.353356 )
xyz29=( -3.649067 28.999635 14.353164 )
xyz29=( -3.649345 28.999183 14.352972 )
xyz29=( -3.649623 28.998731 14.352780 )
xyz29=( -3.649901 28.998280 14.352587 )
xyz29=( -3.650180 28.997828 14.352395 )
xyz29=( -3.650459 28.997376 14.352202 )
xyz29=( -3.650738 28.996924 14.352010 )
xyz29=( -3.651018 28.996472 14.351817 )
xyz29=( -3.635878 29.021629 14.362440 )
xyz29=( -3.636140 29.021181 14.362252 )
xyz29=( -3.636402 29.020733 14.362065 )
xyz29=( -3.636665 29.020285 14.361877 )
xyz29=( -3.636928 29.019836 14.361690 )
xyz29=( -3.637192 29.019388 14.361502 )
xyz29=( -3.637456 29.018940 14.361314 )
xyz29=( -3.637720 29.018491 14.361126 )
xyz29=( -3.637984 29.018043 14.360938 )
xyz29=( -3.638249 29.017594 14.360750 )
xyz29=( -3.638514 29.017146 14.360562 )
xyz29=( -3.638779 29.016697 14.360374 )
xyz29=( -3.639045 29.016248 14.360186 )
xyz29=( -3.639310 29.015799 14.359997 )
xyz29=( -3.639576 29.015351 14.359809 )
xyz29=( -3.639843 29.014902 14.359620 )
xyz29=( -3.640110 29.014453 14.359431 )
xyz29=( -3.640377 29.014004 14.359242 )
xyz29=( -3.640644 29.013555 14.359054 )
xyz29=( -3.640912 29.013106 14.358865 )
xyz29=( -3.641180 29.012657 14.358676 )
xyz29=( -3.641448 29.012207 14.358486 )
xyz29=( -3.641717 29.011758 14.358297 )
xyz29=( -3.641985 29.011309 14.358108 )
xyz29=( -3.642255 29.010859 14.357918 )
xyz29=( -3.642524 29.010410 14.357729 )
xyz29=( -3.642794 29.009961 14.357539 )
xyz29=( -3.643064 29.009511 14.357350 )
xyz29=( -3.643334 29.009062 14.357160 )
xyz29=( -3.643605 29.008612 14.356970 )
xyz29=( -3.643876 29.008162 14.356780 )
xyz29=( -3.644147 29.007713 14.356590 )
xyz29=( -3.644419 29.007263 14.356400 )
xyz29=( -3.644691 29.006813 14.356209 )
xyz29=( -3.644963 29.006363 14.356019 )
xyz29=( -3.645235 29.005913 14.355829 )
xyz29=( -3.645508 29.005463 14.355638 )
xyz29=( -3.645781 29.005013 14.355448 )
xyz29=( -3.646055 29.004563 14.355257 )
xyz29=( -3.646329 29.004113 14.355066 )
xyz29=( -3.646603 29.003663 14.354875 )
xyz29=( -3.646877 29.003212 14.354684 )
xyz29=( -3.647152 29.002762 14.354493 )
xyz29=( -3.647427 29.002312 14.354302 )
xyz29=( -3.647702 29.001861 14.354111 )
xyz29=( -3.647978 29.001411 14.353919 )
xyz29=( -3.648254 29.000960 14.353728 )
xyz29=( -3.648530 29.000510 14.353536 )
xyz29=( -3.648806 29.000059 14.353345 )
xyz29=( -3.649083 28.999609 14.353153 )
xyz29=( -3.649360 28.999158 14.352961 )
xyz29=( -3.649638 28.998707 14.352769 )
xyz29=( -3.649916 28.998256 14.352577 )
xyz29=( -3.650194 28.997805 14.352385 )
xyz29=( -3.650472 28.997354 14.352193 )
xyz29=( -3.650751 28.996903 14.352001 )
xyz29=( -3.651030 28.996452 14.351808 )
