xyz28=( 28.420651 16.246251 71.840051 )
xyz28=( 28.420651 16.246251 71.840051 )
xyz28=( 28.420651 16.246251 71.840051 )
xyz28=( 28.420651 16.246251 71.840051 )
xyz28=( 28.420651 16.246251 71.840051 )
xyz28=( 28.420651 16.246251 71.840051 )
xyz28=( 28.420651 16.246251 71.840051 )
xyz28=( 28.420651 16.246251 71.840051 )
xyz28=( 28.420901 16.246471 71.839997 )
xyz28=( 28.420901 16.246471 71.839997 )
xyz28=( 28.420901 16.246471 71.839997 )
xyz28=( 28.420901 16.246471 71.839997 )
xyz28=( 28.420901 16.246471 71.839997 )
xyz28=( 28.420901 16.246471 71.839997 )
xyz28=( 28.420901 16.246471 71.839997 )
xyz28=( 28.420901 16.246471 71.839997 )
xyz28=( 28.421151 16.246690 71.839943 )
xyz28=( 28.421151 16.246690 71.839943 )
xyz28=( 28.421151 16.246690 71.839943 )
xyz28=( 28.421151 16.246690 71.839943 )
xyz28=( 28.421151 16.246690 71.839943 )
xyz28=( 28.421151 16.246690 71.839943 )
xyz28=( 28.421151 16.246690 71.839943 )
xyz28=( 28.421151 16.246690 71.839943 )
xyz28=( 28.421400 16.246910 71.839889 )
xyz28=( 28.421400 16.246910 71.839889 )
xyz28=( 28.421400 16.246910 71.839889 )
xyz28=( 28.421400 16.246910 71.839889 )
xyz28=( 28.421400 16.246910 71.839889 )
xyz28=( 28.421400 16.246910 71.839889 )
xyz28=( 28.421400 16.246910 71.839889 )
xyz28=( 28.421400 16.246910 71.839889 )
xyz28=( 28.421650 16.247130 71.839835 )
xyz28=( 28.421650 16.247130 71.839835 )
xyz28=( 28.421650 16.247130 71.839835 )
xyz28=( 28.421650 16.247130 71.839835 )
xyz28=( 28.421650 16.247130 71.839835 )
xyz28=( 28.421650 16.247130 71.839835 )
xyz28=( 28.421650 16.247130 71.839835 )
xyz28=( 28.421650 16.247130 71.839835 )
xyz28=( 28.421900 16.247350 71.839781 )
xyz28=( 28.421900 16.247350 71.839781 )
xyz28=( 28.421900 16.247350 71.839781 )
xyz28=( 28.421900 16.247350 71.839781 )
xyz28=( 28.421900 16.247350 71.839781 )
xyz28=( 28.421900 16.247350 71.839781 )
xyz28=( 28.421900 16.247350 71.839781 )
xyz28=( 28.421900 16.247350 71.839781 )
xyz28=( 28.422149 16.247570 71.839727 )
xyz28=( 28.422149 16.247570 71.839727 )
xyz28=( 28.422149 16.247570 71.839727 )
xyz28=( 28.422149 16.247570 71.839727 )
xyz28=( 28.422149 16.247570 71.839727 )
xyz28=( 28.422149 16.247570 71.839727 )
xyz28=( 28.422149 16.247570 71.839727 )
xyz28=( 28.422149 16.247570 71.839727 )
xyz28=( 28.422399 16.247790 71.839673 )
xyz28=( 28.422399 16.247790 71.839673 )
xyz28=( 28.422399 16.247790 71.839673 )
xyz28=( 28.422399 16.247790 71.839673 )
xyz28=( 28.422399 16.247790 71.839673 )
xyz28=( 28.422399 16.247790 71.839673 )
xyz28=( 28.422399 16.247790 71.839673 )
xyz28=( 28.422399 16.247790 71.839673 )
xyz28=( 28.422648 16.248011 71.839619 )
xyz28=( 28.422648 16.248011 71.839619 )
xyz28=( 28.422648 16.248011 71.839619 )
xyz28=( 28.422648 16.248011 71.839619 )
xyz28=( 28.422648 16.248011 71.839619 )
xyz28=( 28.422648 16.248011 71.839619 )
xyz28=( 28.422648 16.248011 71.839619 )
xyz28=( 28.422648 16.248011 71.839619 )
xyz28=( 28.422898 16.248231 71.839565 )
xyz28=( 28.422898 16.248231 71.839565 )
xyz28=( 28.422898 16.248231 71.839565 )
xyz28=( 28.422898 16.248231 71.839565 )
xyz28=( 28.422898 16.248231 71.839565 )
xyz28=( 28.422898 16.248231 71.839565 )
xyz28=( 28.422898 16.248231 71.839565 )
xyz28=( 28.422898 16.248231 71.839565 )
xyz28=( 28.423147 16.248451 71.839512 )
xyz28=( 28.423147 16.248451 71.839512 )
xyz28=( 28.423147 16.248451 71.839512 )
xyz28=( 28.423147 16.248451 71.839512 )
xyz28=( 28.423147 16.248451 71.839512 )
xyz28=( 28.423147 16.248451 71.839512 )
xyz28=( 28.423147 16.248451 71.839512 )
xyz28=( 28.423147 16.248451 71.839512 )
xyz28=( 28.423396 16.248672 71.839458 )
xyz28=( 28.423396 16.248672 71.839458 )
xyz28=( 28.423396 16.248672 71.839458 )
xyz28=( 28.423396 16.248672 71.839458 )
xyz28=( 28.423396 16.248672 71.839458 )
xyz28=( 28.423396 16.248672 71.839458 )
xyz28=( 28.423396 16.248672 71.839458 )
xyz28=( 28.423396 16.248672 71.839458 )
xyz28=( 28.423646 16.248892 71.839404 )
xyz28=( 28.423646 16.248892 71.839404 )
xyz28=( 28.423646 16.248892 71.839404 )
xyz28=( 28.423646 16.248892 71.839404 )
xyz28=( 28.423646 16.248892 71.839404 )
xyz28=( 28.423646 16.248892 71.839404 )
xyz28=( 28.423646 16.248892 71.839404 )
xyz28=( 28.423646 16.248892 71.839404 )
xyz28=( 28.423895 16.249113 71.839350 )
xyz28=( 28.423895 16.249113 71.839350 )
xyz28=( 28.423895 16.249113 71.839350 )
xyz28=( 28.423895 16.249113 71.839350 )
xyz28=( 28.423895 16.249113 71.839350 )
xyz28=( 28.423895 16.249113 71.839350 )
xyz28=( 28.423895 16.249113 71.839350 )
xyz28=( 28.423895 16.249113 71.839350 )
xyz28=( 28.424144 16.249333 71.839297 )
xyz28=( 28.424144 16.249333 71.839297 )
xyz28=( 28.424144 16.249333 71.839297 )
xyz28=( 28.424144 16.249333 71.839297 )
xyz28=( 28.424144 16.249333 71.839297 )
xyz28=( 28.424144 16.249333 71.839297 )
xyz28=( 28.424144 16.249333 71.839297 )
xyz28=( 28.424144 16.249333 71.839297 )
xyz28=( 28.424393 16.249554 71.839243 )
xyz28=( 28.424393 16.249554 71.839243 )
xyz28=( 28.424393 16.249554 71.839243 )
xyz28=( 28.424393 16.249554 71.839243 )
xyz28=( 28.424393 16.249554 71.839243 )
xyz28=( 28.424393 16.249554 71.839243 )
xyz28=( 28.424393 16.249554 71.839243 )
xyz28=( 28.424393 16.249554 71.839243 )
xyz28=( 28.424643 16.249775 71.839190 )
xyz28=( 28.424643 16.249775 71.839190 )
xyz28=( 28.424643 16.249775 71.839190 )
xyz28=( 28.424643 16.249775 71.839190 )
xyz28=( 28.424643 16.249775 71.839190 )
xyz28=( 28.424643 16.249775 71.839190 )
xyz28=( 28.424643 16.249775 71.839190 )
xyz28=( 28.424643 16.249775 71.839190 )
xyz28=( 28.424892 16.249996 71.839136 )
xyz28=( 28.424892 16.249996 71.839136 )
xyz28=( 28.424892 16.249996 71.839136 )
xyz28=( 28.424892 16.249996 71.839136 )
xyz28=( 28.424892 16.249996 71.839136 )
xyz28=( 28.424892 16.249996 71.839136 )
xyz28=( 28.424892 16.249996 71.839136 )
xyz28=( 28.424892 16.249996 71.839136 )
xyz28=( 28.425141 16.250216 71.839083 )
xyz28=( 28.425141 16.250216 71.839083 )
xyz28=( 28.425141 16.250216 71.839083 )
xyz28=( 28.425141 16.250216 71.839083 )
xyz28=( 28.425141 16.250216 71.839083 )
xyz28=( 28.425141 16.250216 71.839083 )
xyz28=( 28.425141 16.250216 71.839083 )
xyz28=( 28.425141 16.250216 71.839083 )
xyz28=( 28.425390 16.250437 71.839029 )
xyz28=( 28.425390 16.250437 71.839029 )
xyz28=( 28.425390 16.250437 71.839029 )
xyz28=( 28.425390 16.250437 71.839029 )
xyz28=( 28.425390 16.250437 71.839029 )
xyz28=( 28.425390 16.250437 71.839029 )
xyz28=( 28.425390 16.250437 71.839029 )
xyz28=( 28.425390 16.250437 71.839029 )
xyz28=( 28.425639 16.250658 71.838976 )
xyz28=( 28.425639 16.250658 71.838976 )
xyz28=( 28.425639 16.250658 71.838976 )
xyz28=( 28.425639 16.250658 71.838976 )
xyz28=( 28.425639 16.250658 71.838976 )
xyz28=( 28.425639 16.250658 71.838976 )
xyz28=( 28.425639 16.250658 71.838976 )
xyz28=( 28.425639 16.250658 71.838976 )
xyz28=( 28.425888 16.250879 71.838922 )
xyz28=( 28.425888 16.250879 71.838922 )
xyz28=( 28.425888 16.250879 71.838922 )
xyz28=( 28.425888 16.250879 71.838922 )
xyz28=( 28.425888 16.250879 71.838922 )
xyz28=( 28.425888 16.250879 71.838922 )
xyz28=( 28.425888 16.250879 71.838922 )
xyz28=( 28.425888 16.250879 71.838922 )
xyz28=( 28.426137 16.251101 71.838869 )
xyz28=( 28.426137 16.251101 71.838869 )
xyz28=( 28.426137 16.251101 71.838869 )
xyz28=( 28.426137 16.251101 71.838869 )
xyz28=( 28.426137 16.251101 71.838869 )
xyz28=( 28.426137 16.251101 71.838869 )
xyz28=( 28.426137 16.251101 71.838869 )
xyz28=( 28.426137 16.251101 71.838869 )
xyz28=( 28.426385 16.251322 71.838816 )
xyz28=( 28.426385 16.251322 71.838816 )
xyz28=( 28.426385 16.251322 71.838816 )
xyz28=( 28.426385 16.251322 71.838816 )
xyz28=( 28.426385 16.251322 71.838816 )
xyz28=( 28.426385 16.251322 71.838816 )
xyz28=( 28.426385 16.251322 71.838816 )
xyz28=( 28.426385 16.251322 71.838816 )
xyz28=( 28.426634 16.251543 71.838763 )
xyz28=( 28.426634 16.251543 71.838763 )
xyz28=( 28.426634 16.251543 71.838763 )
xyz28=( 28.426634 16.251543 71.838763 )
xyz28=( 28.426634 16.251543 71.838763 )
xyz28=( 28.426634 16.251543 71.838763 )
xyz28=( 28.426634 16.251543 71.838763 )
xyz28=( 28.426634 16.251543 71.838763 )
xyz28=( 28.422898 16.248231 71.839565 )
xyz28=( 28.422898 16.248231 71.839565 )
xyz28=( 28.422898 16.248231 71.839565 )
xyz28=( 28.422898 16.248231 71.839565 )
xyz28=( 28.422898 16.248231 71.839565 )
xyz28=( 28.422898 16.248231 71.839565 )
xyz28=( 28.422898 16.248231 71.839565 )
xyz28=( 28.422898 16.248231 71.839565 )
xyz28=( 28.423147 16.248451 71.839512 )
xyz28=( 28.423147 16.248451 71.839512 )
xyz28=( 28.423147 16.248451 71.839512 )
xyz28=( 28.423147 16.248451 71.839512 )
xyz28=( 28.423147 16.248451 71.839512 )
xyz28=( 28.423147 16.248451 71.839512 )
xyz28=( 28.423147 16.248451 71.839512 )
xyz28=( 28.423147 16.248451 71.839512 )
xyz28=( 28.423396 16.248672 71.839458 )
xyz28=( 28.423396 16.248672 71.839458 )
xyz28=( 28.423396 16.248672 71.839458 )
xyz28=( 28.423396 16.248672 71.839458 )
xyz28=( 28.423396 16.248672 71.839458 )
xyz28=( 28.423396 16.248672 71.839458 )
xyz28=( 28.423396 16.248672 71.839458 )
xyz28=( 28.423396 16.248672 71.839458 )
xyz28=( 28.423646 16.248892 71.839404 )
xyz28=( 28.423646 16.248892 71.839404 )
xyz28=( 28.423646 16.248892 71.839404 )
xyz28=( 28.423646 16.248892 71.839404 )
xyz28=( 28.423646 16.248892 71.839404 )
xyz28=( 28.423646 16.248892 71.839404 )
xyz28=( 28.423646 16.248892 71.839404 )
xyz28=( 28.423646 16.248892 71.839404 )
xyz28=( 28.423895 16.249113 71.839350 )
xyz28=( 28.423895 16.249113 71.839350 )
xyz28=( 28.423895 16.249113 71.839350 )
xyz28=( 28.423895 16.249113 71.839350 )
xyz28=( 28.423895 16.249113 71.839350 )
xyz28=( 28.423895 16.249113 71.839350 )
xyz28=( 28.423895 16.249113 71.839350 )
xyz28=( 28.423895 16.249113 71.839350 )
xyz28=( 28.424144 16.249333 71.839297 )
xyz28=( 28.424144 16.249333 71.839297 )
xyz28=( 28.424144 16.249333 71.839297 )
xyz28=( 28.424144 16.249333 71.839297 )
xyz28=( 28.424144 16.249333 71.839297 )
xyz28=( 28.424144 16.249333 71.839297 )
xyz28=( 28.424144 16.249333 71.839297 )
xyz28=( 28.424144 16.249333 71.839297 )
xyz28=( 28.424393 16.249554 71.839243 )
xyz28=( 28.424393 16.249554 71.839243 )
xyz28=( 28.424393 16.249554 71.839243 )
xyz28=( 28.424393 16.249554 71.839243 )
xyz28=( 28.424393 16.249554 71.839243 )
xyz28=( 28.424393 16.249554 71.839243 )
xyz28=( 28.424393 16.249554 71.839243 )
xyz28=( 28.424393 16.249554 71.839243 )
xyz28=( 28.424643 16.249775 71.839190 )
xyz28=( 28.424643 16.249775 71.839190 )
xyz28=( 28.424643 16.249775 71.839190 )
xyz28=( 28.424643 16.249775 71.839190 )
xyz28=( 28.424643 16.249775 71.839190 )
xyz28=( 28.424643 16.249775 71.839190 )
xyz28=( 28.424643 16.249775 71.839190 )
xyz28=( 28.424643 16.249775 71.839190 )
xyz28=( 28.424892 16.249996 71.839136 )
xyz28=( 28.424892 16.249996 71.839136 )
xyz28=( 28.424892 16.249996 71.839136 )
xyz28=( 28.424892 16.249996 71.839136 )
xyz28=( 28.424892 16.249996 71.839136 )
xyz28=( 28.424892 16.249996 71.839136 )
xyz28=( 28.424892 16.249996 71.839136 )
xyz28=( 28.424892 16.249996 71.839136 )
xyz28=( 28.425141 16.250216 71.839083 )
xyz28=( 28.425141 16.250216 71.839083 )
xyz28=( 28.425141 16.250216 71.839083 )
xyz28=( 28.425141 16.250216 71.839083 )
xyz28=( 28.425141 16.250216 71.839083 )
xyz28=( 28.425141 16.250216 71.839083 )
xyz28=( 28.425141 16.250216 71.839083 )
xyz28=( 28.425141 16.250216 71.839083 )
xyz28=( 28.425390 16.250437 71.839029 )
xyz28=( 28.425390 16.250437 71.839029 )
xyz28=( 28.425390 16.250437 71.839029 )
xyz28=( 28.425390 16.250437 71.839029 )
xyz28=( 28.425390 16.250437 71.839029 )
xyz28=( 28.425390 16.250437 71.839029 )
xyz28=( 28.425390 16.250437 71.839029 )
xyz28=( 28.425390 16.250437 71.839029 )
xyz28=( 28.425639 16.250658 71.838976 )
xyz28=( 28.425639 16.250658 71.838976 )
xyz28=( 28.425639 16.250658 71.838976 )
xyz28=( 28.425639 16.250658 71.838976 )
xyz28=( 28.425639 16.250658 71.838976 )
xyz28=( 28.425639 16.250658 71.838976 )
xyz28=( 28.425639 16.250658 71.838976 )
xyz28=( 28.425639 16.250658 71.838976 )
xyz28=( 28.425888 16.250879 71.838922 )
xyz28=( 28.425888 16.250879 71.838922 )
xyz28=( 28.425888 16.250879 71.838922 )
xyz28=( 28.425888 16.250879 71.838922 )
xyz28=( 28.425888 16.250879 71.838922 )
xyz28=( 28.425888 16.250879 71.838922 )
xyz28=( 28.425888 16.250879 71.838922 )
xyz28=( 28.425888 16.250879 71.838922 )
xyz28=( 28.426137 16.251101 71.838869 )
xyz28=( 28.426137 16.251101 71.838869 )
xyz28=( 28.426137 16.251101 71.838869 )
xyz28=( 28.426137 16.251101 71.838869 )
xyz28=( 28.426137 16.251101 71.838869 )
xyz28=( 28.426137 16.251101 71.838869 )
xyz28=( 28.426137 16.251101 71.838869 )
xyz28=( 28.426137 16.251101 71.838869 )
xyz28=( 28.426385 16.251322 71.838816 )
xyz28=( 28.426385 16.251322 71.838816 )
xyz28=( 28.426385 16.251322 71.838816 )
xyz28=( 28.426385 16.251322 71.838816 )
xyz28=( 28.426385 16.251322 71.838816 )
xyz28=( 28.426385 16.251322 71.838816 )
xyz28=( 28.426385 16.251322 71.838816 )
xyz28=( 28.426385 16.251322 71.838816 )
xyz28=( 28.426634 16.251543 71.838763 )
xyz28=( 28.426634 16.251543 71.838763 )
xyz28=( 28.426634 16.251543 71.838763 )
xyz28=( 28.426634 16.251543 71.838763 )
xyz28=( 28.426634 16.251543 71.838763 )
xyz28=( 28.426634 16.251543 71.838763 )
xyz28=( 28.426634 16.251543 71.838763 )
xyz28=( 28.426634 16.251543 71.838763 )
xyz28=( 28.420651 16.246251 71.840051 )
xyz28=( 28.420651 16.246251 71.840051 )
xyz28=( 28.420651 16.246251 71.840051 )
xyz28=( 28.420651 16.246251 71.840051 )
xyz28=( 28.420651 16.246251 71.840051 )
xyz28=( 28.420651 16.246251 71.840051 )
xyz28=( 28.420651 16.246251 71.840051 )
xyz28=( 28.420651 16.246251 71.840051 )
xyz28=( 28.420901 16.246471 71.839997 )
xyz28=( 28.420901 16.246471 71.839997 )
xyz28=( 28.420901 16.246471 71.839997 )
xyz28=( 28.420901 16.246471 71.839997 )
xyz28=( 28.420901 16.246471 71.839997 )
xyz28=( 28.420901 16.246471 71.839997 )
xyz28=( 28.420901 16.246471 71.839997 )
xyz28=( 28.420901 16.246471 71.839997 )
xyz28=( 28.421151 16.246690 71.839943 )
xyz28=( 28.421151 16.246690 71.839943 )
xyz28=( 28.421151 16.246690 71.839943 )
xyz28=( 28.421151 16.246690 71.839943 )
xyz28=( 28.421151 16.246690 71.839943 )
xyz28=( 28.421151 16.246690 71.839943 )
xyz28=( 28.421151 16.246690 71.839943 )
xyz28=( 28.421151 16.246690 71.839943 )
xyz28=( 28.421400 16.246910 71.839889 )
xyz28=( 28.421400 16.246910 71.839889 )
xyz28=( 28.421400 16.246910 71.839889 )
xyz28=( 28.421400 16.246910 71.839889 )
xyz28=( 28.421400 16.246910 71.839889 )
xyz28=( 28.421400 16.246910 71.839889 )
xyz28=( 28.421400 16.246910 71.839889 )
xyz28=( 28.421400 16.246910 71.839889 )
xyz28=( 28.421650 16.247130 71.839835 )
xyz28=( 28.421650 16.247130 71.839835 )
xyz28=( 28.421650 16.247130 71.839835 )
xyz28=( 28.421650 16.247130 71.839835 )
xyz28=( 28.421650 16.247130 71.839835 )
xyz28=( 28.421650 16.247130 71.839835 )
xyz28=( 28.421650 16.247130 71.839835 )
xyz28=( 28.421650 16.247130 71.839835 )
xyz28=( 28.421900 16.247350 71.839781 )
xyz28=( 28.421900 16.247350 71.839781 )
xyz28=( 28.421900 16.247350 71.839781 )
xyz28=( 28.421900 16.247350 71.839781 )
xyz28=( 28.421900 16.247350 71.839781 )
xyz28=( 28.421900 16.247350 71.839781 )
xyz28=( 28.421900 16.247350 71.839781 )
xyz28=( 28.421900 16.247350 71.839781 )
xyz28=( 28.422149 16.247570 71.839727 )
xyz28=( 28.422149 16.247570 71.839727 )
xyz28=( 28.422149 16.247570 71.839727 )
xyz28=( 28.422149 16.247570 71.839727 )
xyz28=( 28.422149 16.247570 71.839727 )
xyz28=( 28.422149 16.247570 71.839727 )
xyz28=( 28.422149 16.247570 71.839727 )
xyz28=( 28.422149 16.247570 71.839727 )
xyz28=( 28.422399 16.247790 71.839673 )
xyz28=( 28.422399 16.247790 71.839673 )
xyz28=( 28.422399 16.247790 71.839673 )
xyz28=( 28.422399 16.247790 71.839673 )
xyz28=( 28.422399 16.247790 71.839673 )
xyz28=( 28.422399 16.247790 71.839673 )
xyz28=( 28.422399 16.247790 71.839673 )
xyz28=( 28.422399 16.247790 71.839673 )
xyz28=( 28.422648 16.248011 71.839619 )
xyz28=( 28.422648 16.248011 71.839619 )
xyz28=( 28.422648 16.248011 71.839619 )
xyz28=( 28.422648 16.248011 71.839619 )
xyz28=( 28.422648 16.248011 71.839619 )
xyz28=( 28.422648 16.248011 71.839619 )
xyz28=( 28.422648 16.248011 71.839619 )
xyz28=( 28.422648 16.248011 71.839619 )
xyz28=( 28.422898 16.248231 71.839565 )
xyz28=( 28.422898 16.248231 71.839565 )
xyz28=( 28.422898 16.248231 71.839565 )
xyz28=( 28.422898 16.248231 71.839565 )
xyz28=( 28.422898 16.248231 71.839565 )
xyz28=( 28.422898 16.248231 71.839565 )
xyz28=( 28.422898 16.248231 71.839565 )
xyz28=( 28.422898 16.248231 71.839565 )
xyz28=( 28.423147 16.248451 71.839512 )
xyz28=( 28.423147 16.248451 71.839512 )
xyz28=( 28.423147 16.248451 71.839512 )
xyz28=( 28.423147 16.248451 71.839512 )
xyz28=( 28.423147 16.248451 71.839512 )
xyz28=( 28.423147 16.248451 71.839512 )
xyz28=( 28.423147 16.248451 71.839512 )
xyz28=( 28.423147 16.248451 71.839512 )
xyz28=( 28.423396 16.248672 71.839458 )
xyz28=( 28.423396 16.248672 71.839458 )
xyz28=( 28.423396 16.248672 71.839458 )
xyz28=( 28.423396 16.248672 71.839458 )
xyz28=( 28.423396 16.248672 71.839458 )
xyz28=( 28.423396 16.248672 71.839458 )
xyz28=( 28.423396 16.248672 71.839458 )
xyz28=( 28.423396 16.248672 71.839458 )
xyz28=( 28.423646 16.248892 71.839404 )
xyz28=( 28.423646 16.248892 71.839404 )
xyz28=( 28.423646 16.248892 71.839404 )
xyz28=( 28.423646 16.248892 71.839404 )
xyz28=( 28.423646 16.248892 71.839404 )
xyz28=( 28.423646 16.248892 71.839404 )
xyz28=( 28.423646 16.248892 71.839404 )
xyz28=( 28.423646 16.248892 71.839404 )
xyz28=( 28.423895 16.249113 71.839350 )
xyz28=( 28.423895 16.249113 71.839350 )
xyz28=( 28.423895 16.249113 71.839350 )
xyz28=( 28.423895 16.249113 71.839350 )
xyz28=( 28.423895 16.249113 71.839350 )
xyz28=( 28.423895 16.249113 71.839350 )
xyz28=( 28.423895 16.249113 71.839350 )
xyz28=( 28.423895 16.249113 71.839350 )
xyz28=( 28.424144 16.249333 71.839297 )
xyz28=( 28.424144 16.249333 71.839297 )
xyz28=( 28.424144 16.249333 71.839297 )
xyz28=( 28.424144 16.249333 71.839297 )
xyz28=( 28.424144 16.249333 71.839297 )
xyz28=( 28.424144 16.249333 71.839297 )
xyz28=( 28.424144 16.249333 71.839297 )
xyz28=( 28.424144 16.249333 71.839297 )
xyz28=( 28.424393 16.249554 71.839243 )
xyz28=( 28.424393 16.249554 71.839243 )
xyz28=( 28.424393 16.249554 71.839243 )
xyz28=( 28.424393 16.249554 71.839243 )
xyz28=( 28.424393 16.249554 71.839243 )
xyz28=( 28.424393 16.249554 71.839243 )
xyz28=( 28.424393 16.249554 71.839243 )
xyz28=( 28.424393 16.249554 71.839243 )
xyz28=( 28.424643 16.249775 71.839190 )
xyz28=( 28.424643 16.249775 71.839190 )
xyz28=( 28.424643 16.249775 71.839190 )
xyz28=( 28.424643 16.249775 71.839190 )
xyz28=( 28.424643 16.249775 71.839190 )
xyz28=( 28.424643 16.249775 71.839190 )
xyz28=( 28.424643 16.249775 71.839190 )
xyz28=( 28.424643 16.249775 71.839190 )
xyz28=( 28.424892 16.249996 71.839136 )
xyz28=( 28.424892 16.249996 71.839136 )
xyz28=( 28.424892 16.249996 71.839136 )
xyz28=( 28.424892 16.249996 71.839136 )
xyz28=( 28.424892 16.249996 71.839136 )
xyz28=( 28.424892 16.249996 71.839136 )
xyz28=( 28.424892 16.249996 71.839136 )
xyz28=( 28.424892 16.249996 71.839136 )
xyz28=( 28.425141 16.250216 71.839083 )
xyz28=( 28.425141 16.250216 71.839083 )
xyz28=( 28.425141 16.250216 71.839083 )
xyz28=( 28.425141 16.250216 71.839083 )
xyz28=( 28.425141 16.250216 71.839083 )
xyz28=( 28.425141 16.250216 71.839083 )
xyz28=( 28.425141 16.250216 71.839083 )
xyz28=( 28.425141 16.250216 71.839083 )
xyz28=( 28.425390 16.250437 71.839029 )
xyz28=( 28.425390 16.250437 71.839029 )
xyz28=( 28.425390 16.250437 71.839029 )
xyz28=( 28.425390 16.250437 71.839029 )
xyz28=( 28.425390 16.250437 71.839029 )
xyz28=( 28.425390 16.250437 71.839029 )
xyz28=( 28.425390 16.250437 71.839029 )
xyz28=( 28.425390 16.250437 71.839029 )
xyz28=( 28.425639 16.250658 71.838976 )
xyz28=( 28.425639 16.250658 71.838976 )
xyz28=( 28.425639 16.250658 71.838976 )
xyz28=( 28.425639 16.250658 71.838976 )
xyz28=( 28.425639 16.250658 71.838976 )
xyz28=( 28.425639 16.250658 71.838976 )
xyz28=( 28.425639 16.250658 71.838976 )
xyz28=( 28.425639 16.250658 71.838976 )
xyz28=( 28.425888 16.250879 71.838922 )
xyz28=( 28.425888 16.250879 71.838922 )
xyz28=( 28.425888 16.250879 71.838922 )
xyz28=( 28.425888 16.250879 71.838922 )
xyz28=( 28.425888 16.250879 71.838922 )
xyz28=( 28.425888 16.250879 71.838922 )
xyz28=( 28.425888 16.250879 71.838922 )
xyz28=( 28.425888 16.250879 71.838922 )
xyz28=( 28.426137 16.251101 71.838869 )
xyz28=( 28.426137 16.251101 71.838869 )
xyz28=( 28.426137 16.251101 71.838869 )
xyz28=( 28.426137 16.251101 71.838869 )
xyz28=( 28.426137 16.251101 71.838869 )
xyz28=( 28.426137 16.251101 71.838869 )
xyz28=( 28.426137 16.251101 71.838869 )
xyz28=( 28.426137 16.251101 71.838869 )
xyz28=( 28.426385 16.251322 71.838816 )
xyz28=( 28.426385 16.251322 71.838816 )
xyz28=( 28.426385 16.251322 71.838816 )
xyz28=( 28.426385 16.251322 71.838816 )
xyz28=( 28.426385 16.251322 71.838816 )
xyz28=( 28.426385 16.251322 71.838816 )
xyz28=( 28.426385 16.251322 71.838816 )
xyz28=( 28.426385 16.251322 71.838816 )
xyz28=( 28.426634 16.251543 71.838763 )
xyz28=( 28.426634 16.251543 71.838763 )
xyz28=( 28.426634 16.251543 71.838763 )
xyz28=( 28.426634 16.251543 71.838763 )
xyz28=( 28.426634 16.251543 71.838763 )
xyz28=( 28.426634 16.251543 71.838763 )
xyz28=( 28.426634 16.251543 71.838763 )
xyz28=( 28.426634 16.251543 71.838763 )
xyz28=( 28.422898 16.248231 71.839565 )
xyz28=( 28.422898 16.248231 71.839565 )
xyz28=( 28.422898 16.248231 71.839565 )
xyz28=( 28.422898 16.248231 71.839565 )
xyz28=( 28.422898 16.248231 71.839565 )
xyz28=( 28.422898 16.248231 71.839565 )
xyz28=( 28.422898 16.248231 71.839565 )
xyz28=( 28.422898 16.248231 71.839565 )
xyz28=( 28.423147 16.248451 71.839512 )
xyz28=( 28.423147 16.248451 71.839512 )
xyz28=( 28.423147 16.248451 71.839512 )
xyz28=( 28.423147 16.248451 71.839512 )
xyz28=( 28.423147 16.248451 71.839512 )
xyz28=( 28.423147 16.248451 71.839512 )
xyz28=( 28.423147 16.248451 71.839512 )
xyz28=( 28.423147 16.248451 71.839512 )
xyz28=( 28.423396 16.248672 71.839458 )
xyz28=( 28.423396 16.248672 71.839458 )
xyz28=( 28.423396 16.248672 71.839458 )
xyz28=( 28.423396 16.248672 71.839458 )
xyz28=( 28.423396 16.248672 71.839458 )
xyz28=( 28.423396 16.248672 71.839458 )
xyz28=( 28.423396 16.248672 71.839458 )
xyz28=( 28.423396 16.248672 71.839458 )
xyz28=( 28.423646 16.248892 71.839404 )
xyz28=( 28.423646 16.248892 71.839404 )
xyz28=( 28.423646 16.248892 71.839404 )
xyz28=( 28.423646 16.248892 71.839404 )
xyz28=( 28.423646 16.248892 71.839404 )
xyz28=( 28.423646 16.248892 71.839404 )
xyz28=( 28.423646 16.248892 71.839404 )
xyz28=( 28.423646 16.248892 71.839404 )
xyz28=( 28.423895 16.249113 71.839350 )
xyz28=( 28.423895 16.249113 71.839350 )
xyz28=( 28.423895 16.249113 71.839350 )
xyz28=( 28.423895 16.249113 71.839350 )
xyz28=( 28.423895 16.249113 71.839350 )
xyz28=( 28.423895 16.249113 71.839350 )
xyz28=( 28.423895 16.249113 71.839350 )
xyz28=( 28.423895 16.249113 71.839350 )
xyz28=( 28.424144 16.249333 71.839297 )
xyz28=( 28.424144 16.249333 71.839297 )
xyz28=( 28.424144 16.249333 71.839297 )
xyz28=( 28.424144 16.249333 71.839297 )
xyz28=( 28.424144 16.249333 71.839297 )
xyz28=( 28.424144 16.249333 71.839297 )
xyz28=( 28.424144 16.249333 71.839297 )
xyz28=( 28.424144 16.249333 71.839297 )
xyz28=( 28.424393 16.249554 71.839243 )
xyz28=( 28.424393 16.249554 71.839243 )
xyz28=( 28.424393 16.249554 71.839243 )
xyz28=( 28.424393 16.249554 71.839243 )
xyz28=( 28.424393 16.249554 71.839243 )
xyz28=( 28.424393 16.249554 71.839243 )
xyz28=( 28.424393 16.249554 71.839243 )
xyz28=( 28.424393 16.249554 71.839243 )
xyz28=( 28.424643 16.249775 71.839190 )
xyz28=( 28.424643 16.249775 71.839190 )
xyz28=( 28.424643 16.249775 71.839190 )
xyz28=( 28.424643 16.249775 71.839190 )
xyz28=( 28.424643 16.249775 71.839190 )
xyz28=( 28.424643 16.249775 71.839190 )
xyz28=( 28.424643 16.249775 71.839190 )
xyz28=( 28.424643 16.249775 71.839190 )
xyz28=( 28.424892 16.249996 71.839136 )
xyz28=( 28.424892 16.249996 71.839136 )
xyz28=( 28.424892 16.249996 71.839136 )
xyz28=( 28.424892 16.249996 71.839136 )
xyz28=( 28.424892 16.249996 71.839136 )
xyz28=( 28.424892 16.249996 71.839136 )
xyz28=( 28.424892 16.249996 71.839136 )
xyz28=( 28.424892 16.249996 71.839136 )
xyz28=( 28.425141 16.250216 71.839083 )
xyz28=( 28.425141 16.250216 71.839083 )
xyz28=( 28.425141 16.250216 71.839083 )
xyz28=( 28.425141 16.250216 71.839083 )
xyz28=( 28.425141 16.250216 71.839083 )
xyz28=( 28.425141 16.250216 71.839083 )
xyz28=( 28.425141 16.250216 71.839083 )
xyz28=( 28.425141 16.250216 71.839083 )
xyz28=( 28.425390 16.250437 71.839029 )
xyz28=( 28.425390 16.250437 71.839029 )
xyz28=( 28.425390 16.250437 71.839029 )
xyz28=( 28.425390 16.250437 71.839029 )
xyz28=( 28.425390 16.250437 71.839029 )
xyz28=( 28.425390 16.250437 71.839029 )
xyz28=( 28.425390 16.250437 71.839029 )
xyz28=( 28.425390 16.250437 71.839029 )
xyz28=( 28.425639 16.250658 71.838976 )
xyz28=( 28.425639 16.250658 71.838976 )
xyz28=( 28.425639 16.250658 71.838976 )
xyz28=( 28.425639 16.250658 71.838976 )
xyz28=( 28.425639 16.250658 71.838976 )
xyz28=( 28.425639 16.250658 71.838976 )
xyz28=( 28.425639 16.250658 71.838976 )
xyz28=( 28.425639 16.250658 71.838976 )
xyz28=( 28.425888 16.250879 71.838922 )
xyz28=( 28.425888 16.250879 71.838922 )
xyz28=( 28.425888 16.250879 71.838922 )
xyz28=( 28.425888 16.250879 71.838922 )
xyz28=( 28.425888 16.250879 71.838922 )
xyz28=( 28.425888 16.250879 71.838922 )
xyz28=( 28.425888 16.250879 71.838922 )
xyz28=( 28.425888 16.250879 71.838922 )
xyz28=( 28.426137 16.251101 71.838869 )
xyz28=( 28.426137 16.251101 71.838869 )
xyz28=( 28.426137 16.251101 71.838869 )
xyz28=( 28.426137 16.251101 71.838869 )
xyz28=( 28.426137 16.251101 71.838869 )
xyz28=( 28.426137 16.251101 71.838869 )
xyz28=( 28.426137 16.251101 71.838869 )
xyz28=( 28.426137 16.251101 71.838869 )
xyz28=( 28.426385 16.251322 71.838816 )
xyz28=( 28.426385 16.251322 71.838816 )
xyz28=( 28.426385 16.251322 71.838816 )
xyz28=( 28.426385 16.251322 71.838816 )
xyz28=( 28.426385 16.251322 71.838816 )
xyz28=( 28.426385 16.251322 71.838816 )
xyz28=( 28.426385 16.251322 71.838816 )
xyz28=( 28.426385 16.251322 71.838816 )
xyz28=( 28.426634 16.251543 71.838763 )
xyz28=( 28.426634 16.251543 71.838763 )
xyz28=( 28.426634 16.251543 71.838763 )
xyz28=( 28.426634 16.251543 71.838763 )
xyz28=( 28.426634 16.251543 71.838763 )
xyz28=( 28.426634 16.251543 71.838763 )
xyz28=( 28.426634 16.251543 71.838763 )
xyz28=( 28.426634 16.251543 71.838763 )
xyz28=( 28.248512 18.375072 72.539501 )
xyz28=( 28.248512 18.375072 72.539501 )
xyz28=( 28.248512 18.375072 72.539501 )
xyz28=( 28.248512 18.375072 72.539501 )
xyz28=( 28.248512 18.375072 72.539501 )
xyz28=( 28.248512 18.375072 72.539501 )
xyz28=( 28.248512 18.375072 72.539501 )
xyz28=( 28.248512 18.375072 72.539501 )
xyz28=( 28.248788 18.374966 72.539340 )
xyz28=( 28.248788 18.374966 72.539340 )
xyz28=( 28.248788 18.374966 72.539340 )
xyz28=( 28.248788 18.374966 72.539340 )
xyz28=( 28.248788 18.374966 72.539340 )
xyz28=( 28.248788 18.374966 72.539340 )
xyz28=( 28.248788 18.374966 72.539340 )
xyz28=( 28.248788 18.374966 72.539340 )
xyz28=( 28.249065 18.374859 72.539179 )
xyz28=( 28.249065 18.374859 72.539179 )
xyz28=( 28.249065 18.374859 72.539179 )
xyz28=( 28.249065 18.374859 72.539179 )
xyz28=( 28.249065 18.374859 72.539179 )
xyz28=( 28.249065 18.374859 72.539179 )
xyz28=( 28.249065 18.374859 72.539179 )
xyz28=( 28.249065 18.374859 72.539179 )
xyz28=( 28.249341 18.374753 72.539017 )
xyz28=( 28.249341 18.374753 72.539017 )
xyz28=( 28.249341 18.374753 72.539017 )
xyz28=( 28.249341 18.374753 72.539017 )
xyz28=( 28.249341 18.374753 72.539017 )
xyz28=( 28.249341 18.374753 72.539017 )
xyz28=( 28.249341 18.374753 72.539017 )
xyz28=( 28.249341 18.374753 72.539017 )
xyz28=( 28.249617 18.374646 72.538856 )
xyz28=( 28.249617 18.374646 72.538856 )
xyz28=( 28.249617 18.374646 72.538856 )
xyz28=( 28.249617 18.374646 72.538856 )
xyz28=( 28.249617 18.374646 72.538856 )
xyz28=( 28.249617 18.374646 72.538856 )
xyz28=( 28.249617 18.374646 72.538856 )
xyz28=( 28.249617 18.374646 72.538856 )
xyz28=( 28.249893 18.374539 72.538695 )
xyz28=( 28.249893 18.374539 72.538695 )
xyz28=( 28.249893 18.374539 72.538695 )
xyz28=( 28.249893 18.374539 72.538695 )
xyz28=( 28.249893 18.374539 72.538695 )
xyz28=( 28.249893 18.374539 72.538695 )
xyz28=( 28.249893 18.374539 72.538695 )
xyz28=( 28.249893 18.374539 72.538695 )
xyz28=( 28.250169 18.374432 72.538533 )
xyz28=( 28.250169 18.374432 72.538533 )
xyz28=( 28.250169 18.374432 72.538533 )
xyz28=( 28.250169 18.374432 72.538533 )
xyz28=( 28.250169 18.374432 72.538533 )
xyz28=( 28.250169 18.374432 72.538533 )
xyz28=( 28.250169 18.374432 72.538533 )
xyz28=( 28.250169 18.374432 72.538533 )
xyz28=( 28.250445 18.374325 72.538372 )
xyz28=( 28.250445 18.374325 72.538372 )
xyz28=( 28.250445 18.374325 72.538372 )
xyz28=( 28.250445 18.374325 72.538372 )
xyz28=( 28.250445 18.374325 72.538372 )
xyz28=( 28.250445 18.374325 72.538372 )
xyz28=( 28.250445 18.374325 72.538372 )
xyz28=( 28.250445 18.374325 72.538372 )
xyz28=( 28.250721 18.374218 72.538210 )
xyz28=( 28.250721 18.374218 72.538210 )
xyz28=( 28.250721 18.374218 72.538210 )
xyz28=( 28.250721 18.374218 72.538210 )
xyz28=( 28.250721 18.374218 72.538210 )
xyz28=( 28.250721 18.374218 72.538210 )
xyz28=( 28.250721 18.374218 72.538210 )
xyz28=( 28.250721 18.374218 72.538210 )
xyz28=( 28.250997 18.374111 72.538049 )
xyz28=( 28.250997 18.374111 72.538049 )
xyz28=( 28.250997 18.374111 72.538049 )
xyz28=( 28.250997 18.374111 72.538049 )
xyz28=( 28.250997 18.374111 72.538049 )
xyz28=( 28.250997 18.374111 72.538049 )
xyz28=( 28.250997 18.374111 72.538049 )
xyz28=( 28.250997 18.374111 72.538049 )
xyz28=( 28.251273 18.374004 72.537888 )
xyz28=( 28.251273 18.374004 72.537888 )
xyz28=( 28.251273 18.374004 72.537888 )
xyz28=( 28.251273 18.374004 72.537888 )
xyz28=( 28.251273 18.374004 72.537888 )
xyz28=( 28.251273 18.374004 72.537888 )
xyz28=( 28.251273 18.374004 72.537888 )
xyz28=( 28.251273 18.374004 72.537888 )
xyz28=( 28.251549 18.373897 72.537726 )
xyz28=( 28.251549 18.373897 72.537726 )
xyz28=( 28.251549 18.373897 72.537726 )
xyz28=( 28.251549 18.373897 72.537726 )
xyz28=( 28.251549 18.373897 72.537726 )
xyz28=( 28.251549 18.373897 72.537726 )
xyz28=( 28.251549 18.373897 72.537726 )
xyz28=( 28.251549 18.373897 72.537726 )
xyz28=( 28.251825 18.373789 72.537565 )
xyz28=( 28.251825 18.373789 72.537565 )
xyz28=( 28.251825 18.373789 72.537565 )
xyz28=( 28.251825 18.373789 72.537565 )
xyz28=( 28.251825 18.373789 72.537565 )
xyz28=( 28.251825 18.373789 72.537565 )
xyz28=( 28.251825 18.373789 72.537565 )
xyz28=( 28.251825 18.373789 72.537565 )
xyz28=( 28.252100 18.373682 72.537403 )
xyz28=( 28.252100 18.373682 72.537403 )
xyz28=( 28.252100 18.373682 72.537403 )
xyz28=( 28.252100 18.373682 72.537403 )
xyz28=( 28.252100 18.373682 72.537403 )
xyz28=( 28.252100 18.373682 72.537403 )
xyz28=( 28.252100 18.373682 72.537403 )
xyz28=( 28.252100 18.373682 72.537403 )
xyz28=( 28.252376 18.373574 72.537242 )
xyz28=( 28.252376 18.373574 72.537242 )
xyz28=( 28.252376 18.373574 72.537242 )
xyz28=( 28.252376 18.373574 72.537242 )
xyz28=( 28.252376 18.373574 72.537242 )
xyz28=( 28.252376 18.373574 72.537242 )
xyz28=( 28.252376 18.373574 72.537242 )
xyz28=( 28.252376 18.373574 72.537242 )
xyz28=( 28.252652 18.373467 72.537080 )
xyz28=( 28.252652 18.373467 72.537080 )
xyz28=( 28.252652 18.373467 72.537080 )
xyz28=( 28.252652 18.373467 72.537080 )
xyz28=( 28.252652 18.373467 72.537080 )
xyz28=( 28.252652 18.373467 72.537080 )
xyz28=( 28.252652 18.373467 72.537080 )
xyz28=( 28.252652 18.373467 72.537080 )
xyz28=( 28.246025 18.376027 72.540953 )
xyz28=( 28.246025 18.376027 72.540953 )
xyz28=( 28.246025 18.376027 72.540953 )
xyz28=( 28.246025 18.376027 72.540953 )
xyz28=( 28.246025 18.376027 72.540953 )
xyz28=( 28.246025 18.376027 72.540953 )
xyz28=( 28.246025 18.376027 72.540953 )
xyz28=( 28.246025 18.376027 72.540953 )
xyz28=( 28.246302 18.375921 72.540792 )
xyz28=( 28.246302 18.375921 72.540792 )
xyz28=( 28.246302 18.375921 72.540792 )
xyz28=( 28.246302 18.375921 72.540792 )
xyz28=( 28.246302 18.375921 72.540792 )
xyz28=( 28.246302 18.375921 72.540792 )
xyz28=( 28.246302 18.375921 72.540792 )
xyz28=( 28.246302 18.375921 72.540792 )
xyz28=( 28.246578 18.375815 72.540630 )
xyz28=( 28.246578 18.375815 72.540630 )
xyz28=( 28.246578 18.375815 72.540630 )
xyz28=( 28.246578 18.375815 72.540630 )
xyz28=( 28.246578 18.375815 72.540630 )
xyz28=( 28.246578 18.375815 72.540630 )
xyz28=( 28.246578 18.375815 72.540630 )
xyz28=( 28.246578 18.375815 72.540630 )
xyz28=( 28.246854 18.375709 72.540469 )
xyz28=( 28.246854 18.375709 72.540469 )
xyz28=( 28.246854 18.375709 72.540469 )
xyz28=( 28.246854 18.375709 72.540469 )
xyz28=( 28.246854 18.375709 72.540469 )
xyz28=( 28.246854 18.375709 72.540469 )
xyz28=( 28.246854 18.375709 72.540469 )
xyz28=( 28.246854 18.375709 72.540469 )
xyz28=( 28.247131 18.375603 72.540308 )
xyz28=( 28.247131 18.375603 72.540308 )
xyz28=( 28.247131 18.375603 72.540308 )
xyz28=( 28.247131 18.375603 72.540308 )
xyz28=( 28.247131 18.375603 72.540308 )
xyz28=( 28.247131 18.375603 72.540308 )
xyz28=( 28.247131 18.375603 72.540308 )
xyz28=( 28.247131 18.375603 72.540308 )
xyz28=( 28.247407 18.375497 72.540147 )
xyz28=( 28.247407 18.375497 72.540147 )
xyz28=( 28.247407 18.375497 72.540147 )
xyz28=( 28.247407 18.375497 72.540147 )
xyz28=( 28.247407 18.375497 72.540147 )
xyz28=( 28.247407 18.375497 72.540147 )
xyz28=( 28.247407 18.375497 72.540147 )
xyz28=( 28.247407 18.375497 72.540147 )
xyz28=( 28.247683 18.375391 72.539985 )
xyz28=( 28.247683 18.375391 72.539985 )
xyz28=( 28.247683 18.375391 72.539985 )
xyz28=( 28.247683 18.375391 72.539985 )
xyz28=( 28.247683 18.375391 72.539985 )
xyz28=( 28.247683 18.375391 72.539985 )
xyz28=( 28.247683 18.375391 72.539985 )
xyz28=( 28.247683 18.375391 72.539985 )
xyz28=( 28.247960 18.375285 72.539824 )
xyz28=( 28.247960 18.375285 72.539824 )
xyz28=( 28.247960 18.375285 72.539824 )
xyz28=( 28.247960 18.375285 72.539824 )
xyz28=( 28.247960 18.375285 72.539824 )
xyz28=( 28.247960 18.375285 72.539824 )
xyz28=( 28.247960 18.375285 72.539824 )
xyz28=( 28.247960 18.375285 72.539824 )
xyz28=( 28.248236 18.375179 72.539663 )
xyz28=( 28.248236 18.375179 72.539663 )
xyz28=( 28.248236 18.375179 72.539663 )
xyz28=( 28.248236 18.375179 72.539663 )
xyz28=( 28.248236 18.375179 72.539663 )
xyz28=( 28.248236 18.375179 72.539663 )
xyz28=( 28.248236 18.375179 72.539663 )
xyz28=( 28.248236 18.375179 72.539663 )
xyz28=( 28.248512 18.375072 72.539501 )
xyz28=( 28.248512 18.375072 72.539501 )
xyz28=( 28.248512 18.375072 72.539501 )
xyz28=( 28.248512 18.375072 72.539501 )
xyz28=( 28.248512 18.375072 72.539501 )
xyz28=( 28.248512 18.375072 72.539501 )
xyz28=( 28.248512 18.375072 72.539501 )
xyz28=( 28.248512 18.375072 72.539501 )
xyz28=( 28.248788 18.374966 72.539340 )
xyz28=( 28.248788 18.374966 72.539340 )
xyz28=( 28.248788 18.374966 72.539340 )
xyz28=( 28.248788 18.374966 72.539340 )
xyz28=( 28.248788 18.374966 72.539340 )
xyz28=( 28.248788 18.374966 72.539340 )
xyz28=( 28.248788 18.374966 72.539340 )
xyz28=( 28.248788 18.374966 72.539340 )
xyz28=( 28.249065 18.374859 72.539179 )
xyz28=( 28.249065 18.374859 72.539179 )
xyz28=( 28.249065 18.374859 72.539179 )
xyz28=( 28.249065 18.374859 72.539179 )
xyz28=( 28.249065 18.374859 72.539179 )
xyz28=( 28.249065 18.374859 72.539179 )
xyz28=( 28.249065 18.374859 72.539179 )
xyz28=( 28.249065 18.374859 72.539179 )
xyz28=( 28.249341 18.374753 72.539017 )
xyz28=( 28.249341 18.374753 72.539017 )
xyz28=( 28.249341 18.374753 72.539017 )
xyz28=( 28.249341 18.374753 72.539017 )
xyz28=( 28.249341 18.374753 72.539017 )
xyz28=( 28.249341 18.374753 72.539017 )
xyz28=( 28.249341 18.374753 72.539017 )
xyz28=( 28.249341 18.374753 72.539017 )
xyz28=( 28.249617 18.374646 72.538856 )
xyz28=( 28.249617 18.374646 72.538856 )
xyz28=( 28.249617 18.374646 72.538856 )
xyz28=( 28.249617 18.374646 72.538856 )
xyz28=( 28.249617 18.374646 72.538856 )
xyz28=( 28.249617 18.374646 72.538856 )
xyz28=( 28.249617 18.374646 72.538856 )
xyz28=( 28.249617 18.374646 72.538856 )
xyz28=( 28.249893 18.374539 72.538695 )
xyz28=( 28.249893 18.374539 72.538695 )
xyz28=( 28.249893 18.374539 72.538695 )
xyz28=( 28.249893 18.374539 72.538695 )
xyz28=( 28.249893 18.374539 72.538695 )
xyz28=( 28.249893 18.374539 72.538695 )
xyz28=( 28.249893 18.374539 72.538695 )
xyz28=( 28.249893 18.374539 72.538695 )
xyz28=( 28.250169 18.374432 72.538533 )
xyz28=( 28.250169 18.374432 72.538533 )
xyz28=( 28.250169 18.374432 72.538533 )
xyz28=( 28.250169 18.374432 72.538533 )
xyz28=( 28.250169 18.374432 72.538533 )
xyz28=( 28.250169 18.374432 72.538533 )
xyz28=( 28.250169 18.374432 72.538533 )
xyz28=( 28.250169 18.374432 72.538533 )
xyz28=( 28.250445 18.374325 72.538372 )
xyz28=( 28.250445 18.374325 72.538372 )
xyz28=( 28.250445 18.374325 72.538372 )
xyz28=( 28.250445 18.374325 72.538372 )
xyz28=( 28.250445 18.374325 72.538372 )
xyz28=( 28.250445 18.374325 72.538372 )
xyz28=( 28.250445 18.374325 72.538372 )
xyz28=( 28.250445 18.374325 72.538372 )
xyz28=( 28.250721 18.374218 72.538210 )
xyz28=( 28.250721 18.374218 72.538210 )
xyz28=( 28.250721 18.374218 72.538210 )
xyz28=( 28.250721 18.374218 72.538210 )
xyz28=( 28.250721 18.374218 72.538210 )
xyz28=( 28.250721 18.374218 72.538210 )
xyz28=( 28.250721 18.374218 72.538210 )
xyz28=( 28.250721 18.374218 72.538210 )
xyz28=( 28.250997 18.374111 72.538049 )
xyz28=( 28.250997 18.374111 72.538049 )
xyz28=( 28.250997 18.374111 72.538049 )
xyz28=( 28.250997 18.374111 72.538049 )
xyz28=( 28.250997 18.374111 72.538049 )
xyz28=( 28.250997 18.374111 72.538049 )
xyz28=( 28.250997 18.374111 72.538049 )
xyz28=( 28.250997 18.374111 72.538049 )
xyz28=( 28.251273 18.374004 72.537888 )
xyz28=( 28.251273 18.374004 72.537888 )
xyz28=( 28.251273 18.374004 72.537888 )
xyz28=( 28.251273 18.374004 72.537888 )
xyz28=( 28.251273 18.374004 72.537888 )
xyz28=( 28.251273 18.374004 72.537888 )
xyz28=( 28.251273 18.374004 72.537888 )
xyz28=( 28.251273 18.374004 72.537888 )
xyz28=( 28.251549 18.373897 72.537726 )
xyz28=( 28.251549 18.373897 72.537726 )
xyz28=( 28.251549 18.373897 72.537726 )
xyz28=( 28.251549 18.373897 72.537726 )
xyz28=( 28.251549 18.373897 72.537726 )
xyz28=( 28.251549 18.373897 72.537726 )
xyz28=( 28.251549 18.373897 72.537726 )
xyz28=( 28.251549 18.373897 72.537726 )
xyz28=( 28.251825 18.373789 72.537565 )
xyz28=( 28.251825 18.373789 72.537565 )
xyz28=( 28.251825 18.373789 72.537565 )
xyz28=( 28.251825 18.373789 72.537565 )
xyz28=( 28.251825 18.373789 72.537565 )
xyz28=( 28.251825 18.373789 72.537565 )
xyz28=( 28.251825 18.373789 72.537565 )
xyz28=( 28.251825 18.373789 72.537565 )
xyz28=( 28.252100 18.373682 72.537403 )
xyz28=( 28.252100 18.373682 72.537403 )
xyz28=( 28.252100 18.373682 72.537403 )
xyz28=( 28.252100 18.373682 72.537403 )
xyz28=( 28.252100 18.373682 72.537403 )
xyz28=( 28.252100 18.373682 72.537403 )
xyz28=( 28.252100 18.373682 72.537403 )
xyz28=( 28.252100 18.373682 72.537403 )
xyz28=( 28.252376 18.373574 72.537242 )
xyz28=( 28.252376 18.373574 72.537242 )
xyz28=( 28.252376 18.373574 72.537242 )
xyz28=( 28.252376 18.373574 72.537242 )
xyz28=( 28.252376 18.373574 72.537242 )
xyz28=( 28.252376 18.373574 72.537242 )
xyz28=( 28.252376 18.373574 72.537242 )
xyz28=( 28.252376 18.373574 72.537242 )
xyz28=( 28.252652 18.373467 72.537080 )
xyz28=( 28.252652 18.373467 72.537080 )
xyz28=( 28.252652 18.373467 72.537080 )
xyz28=( 28.252652 18.373467 72.537080 )
xyz28=( 28.252652 18.373467 72.537080 )
xyz28=( 28.252652 18.373467 72.537080 )
xyz28=( 28.252652 18.373467 72.537080 )
xyz28=( 28.252652 18.373467 72.537080 )
xyz28=( 28.248512 18.375072 72.539501 )
xyz28=( 28.248512 18.375072 72.539501 )
xyz28=( 28.248512 18.375072 72.539501 )
xyz28=( 28.248512 18.375072 72.539501 )
xyz28=( 28.248512 18.375072 72.539501 )
xyz28=( 28.248512 18.375072 72.539501 )
xyz28=( 28.248512 18.375072 72.539501 )
xyz28=( 28.248512 18.375072 72.539501 )
xyz28=( 28.248788 18.374966 72.539340 )
xyz28=( 28.248788 18.374966 72.539340 )
xyz28=( 28.248788 18.374966 72.539340 )
xyz28=( 28.248788 18.374966 72.539340 )
xyz28=( 28.248788 18.374966 72.539340 )
xyz28=( 28.248788 18.374966 72.539340 )
xyz28=( 28.248788 18.374966 72.539340 )
xyz28=( 28.248788 18.374966 72.539340 )
xyz28=( 28.249065 18.374859 72.539179 )
xyz28=( 28.249065 18.374859 72.539179 )
xyz28=( 28.249065 18.374859 72.539179 )
xyz28=( 28.249065 18.374859 72.539179 )
xyz28=( 28.249065 18.374859 72.539179 )
xyz28=( 28.249065 18.374859 72.539179 )
xyz28=( 28.249065 18.374859 72.539179 )
xyz28=( 28.249065 18.374859 72.539179 )
xyz28=( 28.249341 18.374753 72.539017 )
xyz28=( 28.249341 18.374753 72.539017 )
xyz28=( 28.249341 18.374753 72.539017 )
xyz28=( 28.249341 18.374753 72.539017 )
xyz28=( 28.249341 18.374753 72.539017 )
xyz28=( 28.249341 18.374753 72.539017 )
xyz28=( 28.249341 18.374753 72.539017 )
xyz28=( 28.249341 18.374753 72.539017 )
xyz28=( 28.249617 18.374646 72.538856 )
xyz28=( 28.249617 18.374646 72.538856 )
xyz28=( 28.249617 18.374646 72.538856 )
xyz28=( 28.249617 18.374646 72.538856 )
xyz28=( 28.249617 18.374646 72.538856 )
xyz28=( 28.249617 18.374646 72.538856 )
xyz28=( 28.249617 18.374646 72.538856 )
xyz28=( 28.249617 18.374646 72.538856 )
xyz28=( 28.249893 18.374539 72.538695 )
xyz28=( 28.249893 18.374539 72.538695 )
xyz28=( 28.249893 18.374539 72.538695 )
xyz28=( 28.249893 18.374539 72.538695 )
xyz28=( 28.249893 18.374539 72.538695 )
xyz28=( 28.249893 18.374539 72.538695 )
xyz28=( 28.249893 18.374539 72.538695 )
xyz28=( 28.249893 18.374539 72.538695 )
xyz28=( 28.250169 18.374432 72.538533 )
xyz28=( 28.250169 18.374432 72.538533 )
xyz28=( 28.250169 18.374432 72.538533 )
xyz28=( 28.250169 18.374432 72.538533 )
xyz28=( 28.250169 18.374432 72.538533 )
xyz28=( 28.250169 18.374432 72.538533 )
xyz28=( 28.250169 18.374432 72.538533 )
xyz28=( 28.250169 18.374432 72.538533 )
xyz28=( 28.250445 18.374325 72.538372 )
xyz28=( 28.250445 18.374325 72.538372 )
xyz28=( 28.250445 18.374325 72.538372 )
xyz28=( 28.250445 18.374325 72.538372 )
xyz28=( 28.250445 18.374325 72.538372 )
xyz28=( 28.250445 18.374325 72.538372 )
xyz28=( 28.250445 18.374325 72.538372 )
xyz28=( 28.250445 18.374325 72.538372 )
xyz28=( 28.250721 18.374218 72.538210 )
xyz28=( 28.250721 18.374218 72.538210 )
xyz28=( 28.250721 18.374218 72.538210 )
xyz28=( 28.250721 18.374218 72.538210 )
xyz28=( 28.250721 18.374218 72.538210 )
xyz28=( 28.250721 18.374218 72.538210 )
xyz28=( 28.250721 18.374218 72.538210 )
xyz28=( 28.250721 18.374218 72.538210 )
xyz28=( 28.250997 18.374111 72.538049 )
xyz28=( 28.250997 18.374111 72.538049 )
xyz28=( 28.250997 18.374111 72.538049 )
xyz28=( 28.250997 18.374111 72.538049 )
xyz28=( 28.250997 18.374111 72.538049 )
xyz28=( 28.250997 18.374111 72.538049 )
xyz28=( 28.250997 18.374111 72.538049 )
xyz28=( 28.250997 18.374111 72.538049 )
xyz28=( 28.251273 18.374004 72.537888 )
xyz28=( 28.251273 18.374004 72.537888 )
xyz28=( 28.251273 18.374004 72.537888 )
xyz28=( 28.251273 18.374004 72.537888 )
xyz28=( 28.251273 18.374004 72.537888 )
xyz28=( 28.251273 18.374004 72.537888 )
xyz28=( 28.251273 18.374004 72.537888 )
xyz28=( 28.251273 18.374004 72.537888 )
xyz28=( 28.251549 18.373897 72.537726 )
xyz28=( 28.251549 18.373897 72.537726 )
xyz28=( 28.251549 18.373897 72.537726 )
xyz28=( 28.251549 18.373897 72.537726 )
xyz28=( 28.251549 18.373897 72.537726 )
xyz28=( 28.251549 18.373897 72.537726 )
xyz28=( 28.251549 18.373897 72.537726 )
xyz28=( 28.251549 18.373897 72.537726 )
xyz28=( 28.251825 18.373789 72.537565 )
xyz28=( 28.251825 18.373789 72.537565 )
xyz28=( 28.251825 18.373789 72.537565 )
xyz28=( 28.251825 18.373789 72.537565 )
xyz28=( 28.251825 18.373789 72.537565 )
xyz28=( 28.251825 18.373789 72.537565 )
xyz28=( 28.251825 18.373789 72.537565 )
xyz28=( 28.251825 18.373789 72.537565 )
xyz28=( 28.252100 18.373682 72.537403 )
xyz28=( 28.252100 18.373682 72.537403 )
xyz28=( 28.252100 18.373682 72.537403 )
xyz28=( 28.252100 18.373682 72.537403 )
xyz28=( 28.252100 18.373682 72.537403 )
xyz28=( 28.252100 18.373682 72.537403 )
xyz28=( 28.252100 18.373682 72.537403 )
xyz28=( 28.252100 18.373682 72.537403 )
xyz28=( 28.252376 18.373574 72.537242 )
xyz28=( 28.252376 18.373574 72.537242 )
xyz28=( 28.252376 18.373574 72.537242 )
xyz28=( 28.252376 18.373574 72.537242 )
xyz28=( 28.252376 18.373574 72.537242 )
xyz28=( 28.252376 18.373574 72.537242 )
xyz28=( 28.252376 18.373574 72.537242 )
xyz28=( 28.252376 18.373574 72.537242 )
xyz28=( 28.252652 18.373467 72.537080 )
xyz28=( 28.252652 18.373467 72.537080 )
xyz28=( 28.252652 18.373467 72.537080 )
xyz28=( 28.252652 18.373467 72.537080 )
xyz28=( 28.252652 18.373467 72.537080 )
xyz28=( 28.252652 18.373467 72.537080 )
xyz28=( 28.252652 18.373467 72.537080 )
xyz28=( 28.252652 18.373467 72.537080 )
xyz28=( 28.246025 18.376027 72.540953 )
xyz28=( 28.246025 18.376027 72.540953 )
xyz28=( 28.246025 18.376027 72.540953 )
xyz28=( 28.246025 18.376027 72.540953 )
xyz28=( 28.246025 18.376027 72.540953 )
xyz28=( 28.246025 18.376027 72.540953 )
xyz28=( 28.246025 18.376027 72.540953 )
xyz28=( 28.246025 18.376027 72.540953 )
xyz28=( 28.246302 18.375921 72.540792 )
xyz28=( 28.246302 18.375921 72.540792 )
xyz28=( 28.246302 18.375921 72.540792 )
xyz28=( 28.246302 18.375921 72.540792 )
xyz28=( 28.246302 18.375921 72.540792 )
xyz28=( 28.246302 18.375921 72.540792 )
xyz28=( 28.246302 18.375921 72.540792 )
xyz28=( 28.246302 18.375921 72.540792 )
xyz28=( 28.246578 18.375815 72.540630 )
xyz28=( 28.246578 18.375815 72.540630 )
xyz28=( 28.246578 18.375815 72.540630 )
xyz28=( 28.246578 18.375815 72.540630 )
xyz28=( 28.246578 18.375815 72.540630 )
xyz28=( 28.246578 18.375815 72.540630 )
xyz28=( 28.246578 18.375815 72.540630 )
xyz28=( 28.246578 18.375815 72.540630 )
xyz28=( 28.246854 18.375709 72.540469 )
xyz28=( 28.246854 18.375709 72.540469 )
xyz28=( 28.246854 18.375709 72.540469 )
xyz28=( 28.246854 18.375709 72.540469 )
xyz28=( 28.246854 18.375709 72.540469 )
xyz28=( 28.246854 18.375709 72.540469 )
xyz28=( 28.246854 18.375709 72.540469 )
xyz28=( 28.246854 18.375709 72.540469 )
xyz28=( 28.247131 18.375603 72.540308 )
xyz28=( 28.247131 18.375603 72.540308 )
xyz28=( 28.247131 18.375603 72.540308 )
xyz28=( 28.247131 18.375603 72.540308 )
xyz28=( 28.247131 18.375603 72.540308 )
xyz28=( 28.247131 18.375603 72.540308 )
xyz28=( 28.247131 18.375603 72.540308 )
xyz28=( 28.247131 18.375603 72.540308 )
xyz28=( 28.247407 18.375497 72.540147 )
xyz28=( 28.247407 18.375497 72.540147 )
xyz28=( 28.247407 18.375497 72.540147 )
xyz28=( 28.247407 18.375497 72.540147 )
xyz28=( 28.247407 18.375497 72.540147 )
xyz28=( 28.247407 18.375497 72.540147 )
xyz28=( 28.247407 18.375497 72.540147 )
xyz28=( 28.247407 18.375497 72.540147 )
xyz28=( 28.247683 18.375391 72.539985 )
xyz28=( 28.247683 18.375391 72.539985 )
xyz28=( 28.247683 18.375391 72.539985 )
xyz28=( 28.247683 18.375391 72.539985 )
xyz28=( 28.247683 18.375391 72.539985 )
xyz28=( 28.247683 18.375391 72.539985 )
xyz28=( 28.247683 18.375391 72.539985 )
xyz28=( 28.247683 18.375391 72.539985 )
xyz28=( 28.247960 18.375285 72.539824 )
xyz28=( 28.247960 18.375285 72.539824 )
xyz28=( 28.247960 18.375285 72.539824 )
xyz28=( 28.247960 18.375285 72.539824 )
xyz28=( 28.247960 18.375285 72.539824 )
xyz28=( 28.247960 18.375285 72.539824 )
xyz28=( 28.247960 18.375285 72.539824 )
xyz28=( 28.247960 18.375285 72.539824 )
xyz28=( 28.248236 18.375179 72.539663 )
xyz28=( 28.248236 18.375179 72.539663 )
xyz28=( 28.248236 18.375179 72.539663 )
xyz28=( 28.248236 18.375179 72.539663 )
xyz28=( 28.248236 18.375179 72.539663 )
xyz28=( 28.248236 18.375179 72.539663 )
xyz28=( 28.248236 18.375179 72.539663 )
xyz28=( 28.248236 18.375179 72.539663 )
xyz28=( 28.248512 18.375072 72.539501 )
xyz28=( 28.248512 18.375072 72.539501 )
xyz28=( 28.248512 18.375072 72.539501 )
xyz28=( 28.248512 18.375072 72.539501 )
xyz28=( 28.248512 18.375072 72.539501 )
xyz28=( 28.248512 18.375072 72.539501 )
xyz28=( 28.248512 18.375072 72.539501 )
xyz28=( 28.248512 18.375072 72.539501 )
xyz28=( 28.248788 18.374966 72.539340 )
xyz28=( 28.248788 18.374966 72.539340 )
xyz28=( 28.248788 18.374966 72.539340 )
xyz28=( 28.248788 18.374966 72.539340 )
xyz28=( 28.248788 18.374966 72.539340 )
xyz28=( 28.248788 18.374966 72.539340 )
xyz28=( 28.248788 18.374966 72.539340 )
xyz28=( 28.248788 18.374966 72.539340 )
xyz28=( 28.249065 18.374859 72.539179 )
xyz28=( 28.249065 18.374859 72.539179 )
xyz28=( 28.249065 18.374859 72.539179 )
xyz28=( 28.249065 18.374859 72.539179 )
xyz28=( 28.249065 18.374859 72.539179 )
xyz28=( 28.249065 18.374859 72.539179 )
xyz28=( 28.249065 18.374859 72.539179 )
xyz28=( 28.249065 18.374859 72.539179 )
xyz28=( 28.249341 18.374753 72.539017 )
xyz28=( 28.249341 18.374753 72.539017 )
xyz28=( 28.249341 18.374753 72.539017 )
xyz28=( 28.249341 18.374753 72.539017 )
xyz28=( 28.249341 18.374753 72.539017 )
xyz28=( 28.249341 18.374753 72.539017 )
xyz28=( 28.249341 18.374753 72.539017 )
xyz28=( 28.249341 18.374753 72.539017 )
xyz28=( 28.249617 18.374646 72.538856 )
xyz28=( 28.249617 18.374646 72.538856 )
xyz28=( 28.249617 18.374646 72.538856 )
xyz28=( 28.249617 18.374646 72.538856 )
xyz28=( 28.249617 18.374646 72.538856 )
xyz28=( 28.249617 18.374646 72.538856 )
xyz28=( 28.249617 18.374646 72.538856 )
xyz28=( 28.249617 18.374646 72.538856 )
xyz28=( 28.249893 18.374539 72.538695 )
xyz28=( 28.249893 18.374539 72.538695 )
xyz28=( 28.249893 18.374539 72.538695 )
xyz28=( 28.249893 18.374539 72.538695 )
xyz28=( 28.249893 18.374539 72.538695 )
xyz28=( 28.249893 18.374539 72.538695 )
xyz28=( 28.249893 18.374539 72.538695 )
xyz28=( 28.249893 18.374539 72.538695 )
xyz28=( 28.250169 18.374432 72.538533 )
xyz28=( 28.250169 18.374432 72.538533 )
xyz28=( 28.250169 18.374432 72.538533 )
xyz28=( 28.250169 18.374432 72.538533 )
xyz28=( 28.250169 18.374432 72.538533 )
xyz28=( 28.250169 18.374432 72.538533 )
xyz28=( 28.250169 18.374432 72.538533 )
xyz28=( 28.250169 18.374432 72.538533 )
xyz28=( 28.250445 18.374325 72.538372 )
xyz28=( 28.250445 18.374325 72.538372 )
xyz28=( 28.250445 18.374325 72.538372 )
xyz28=( 28.250445 18.374325 72.538372 )
xyz28=( 28.250445 18.374325 72.538372 )
xyz28=( 28.250445 18.374325 72.538372 )
xyz28=( 28.250445 18.374325 72.538372 )
xyz28=( 28.250445 18.374325 72.538372 )
xyz28=( 28.250721 18.374218 72.538210 )
xyz28=( 28.250721 18.374218 72.538210 )
xyz28=( 28.250721 18.374218 72.538210 )
xyz28=( 28.250721 18.374218 72.538210 )
xyz28=( 28.250721 18.374218 72.538210 )
xyz28=( 28.250721 18.374218 72.538210 )
xyz28=( 28.250721 18.374218 72.538210 )
xyz28=( 28.250721 18.374218 72.538210 )
xyz28=( 28.250997 18.374111 72.538049 )
xyz28=( 28.250997 18.374111 72.538049 )
xyz28=( 28.250997 18.374111 72.538049 )
xyz28=( 28.250997 18.374111 72.538049 )
xyz28=( 28.250997 18.374111 72.538049 )
xyz28=( 28.250997 18.374111 72.538049 )
xyz28=( 28.250997 18.374111 72.538049 )
xyz28=( 28.250997 18.374111 72.538049 )
xyz28=( 28.251273 18.374004 72.537888 )
xyz28=( 28.251273 18.374004 72.537888 )
xyz28=( 28.251273 18.374004 72.537888 )
xyz28=( 28.251273 18.374004 72.537888 )
xyz28=( 28.251273 18.374004 72.537888 )
xyz28=( 28.251273 18.374004 72.537888 )
xyz28=( 28.251273 18.374004 72.537888 )
xyz28=( 28.251273 18.374004 72.537888 )
xyz28=( 28.251549 18.373897 72.537726 )
xyz28=( 28.251549 18.373897 72.537726 )
xyz28=( 28.251549 18.373897 72.537726 )
xyz28=( 28.251549 18.373897 72.537726 )
xyz28=( 28.251549 18.373897 72.537726 )
xyz28=( 28.251549 18.373897 72.537726 )
xyz28=( 28.251549 18.373897 72.537726 )
xyz28=( 28.251549 18.373897 72.537726 )
xyz28=( 28.251825 18.373789 72.537565 )
xyz28=( 28.251825 18.373789 72.537565 )
xyz28=( 28.251825 18.373789 72.537565 )
xyz28=( 28.251825 18.373789 72.537565 )
xyz28=( 28.251825 18.373789 72.537565 )
xyz28=( 28.251825 18.373789 72.537565 )
xyz28=( 28.251825 18.373789 72.537565 )
xyz28=( 28.251825 18.373789 72.537565 )
xyz28=( 28.252100 18.373682 72.537403 )
xyz28=( 28.252100 18.373682 72.537403 )
xyz28=( 28.252100 18.373682 72.537403 )
xyz28=( 28.252100 18.373682 72.537403 )
xyz28=( 28.252100 18.373682 72.537403 )
xyz28=( 28.252100 18.373682 72.537403 )
xyz28=( 28.252100 18.373682 72.537403 )
xyz28=( 28.252100 18.373682 72.537403 )
xyz28=( 28.252376 18.373574 72.537242 )
xyz28=( 28.252376 18.373574 72.537242 )
xyz28=( 28.252376 18.373574 72.537242 )
xyz28=( 28.252376 18.373574 72.537242 )
xyz28=( 28.252376 18.373574 72.537242 )
xyz28=( 28.252376 18.373574 72.537242 )
xyz28=( 28.252376 18.373574 72.537242 )
xyz28=( 28.252376 18.373574 72.537242 )
xyz28=( 28.252652 18.373467 72.537080 )
xyz28=( 28.252652 18.373467 72.537080 )
xyz28=( 28.252652 18.373467 72.537080 )
xyz28=( 28.252652 18.373467 72.537080 )
xyz28=( 28.252652 18.373467 72.537080 )
xyz28=( 28.252652 18.373467 72.537080 )
xyz28=( 28.252652 18.373467 72.537080 )
xyz28=( 28.252652 18.373467 72.537080 )
