xyz28=( 28.422489 16.247871 71.839653 )
xyz28=( 28.422489 16.247871 71.839653 )
xyz28=( 28.422489 16.247871 71.839653 )
xyz28=( 28.422489 16.247871 71.839653 )
xyz28=( 28.422489 16.247871 71.839653 )
xyz28=( 28.422489 16.247871 71.839653 )
xyz28=( 28.422489 16.247871 71.839653 )
xyz28=( 28.422489 16.247871 71.839653 )
xyz28=( 28.425005 16.250096 71.839112 )
xyz28=( 28.425005 16.250096 71.839112 )
xyz28=( 28.425005 16.250096 71.839112 )
xyz28=( 28.425005 16.250096 71.839112 )
xyz28=( 28.425005 16.250096 71.839112 )
xyz28=( 28.425005 16.250096 71.839112 )
xyz28=( 28.425005 16.250096 71.839112 )
xyz28=( 28.425005 16.250096 71.839112 )
xyz28=( 28.425005 16.250096 71.839112 )
xyz28=( 28.425005 16.250096 71.839112 )
xyz28=( 28.425005 16.250096 71.839112 )
xyz28=( 28.425005 16.250096 71.839112 )
xyz28=( 28.425005 16.250096 71.839112 )
xyz28=( 28.425005 16.250096 71.839112 )
xyz28=( 28.425005 16.250096 71.839112 )
xyz28=( 28.425005 16.250096 71.839112 )
xyz28=( 28.422489 16.247871 71.839653 )
xyz28=( 28.422489 16.247871 71.839653 )
xyz28=( 28.422489 16.247871 71.839653 )
xyz28=( 28.422489 16.247871 71.839653 )
xyz28=( 28.422489 16.247871 71.839653 )
xyz28=( 28.422489 16.247871 71.839653 )
xyz28=( 28.422489 16.247871 71.839653 )
xyz28=( 28.422489 16.247871 71.839653 )
xyz28=( 28.425005 16.250096 71.839112 )
xyz28=( 28.425005 16.250096 71.839112 )
xyz28=( 28.425005 16.250096 71.839112 )
xyz28=( 28.425005 16.250096 71.839112 )
xyz28=( 28.425005 16.250096 71.839112 )
xyz28=( 28.425005 16.250096 71.839112 )
xyz28=( 28.425005 16.250096 71.839112 )
xyz28=( 28.425005 16.250096 71.839112 )
xyz28=( 28.425005 16.250096 71.839112 )
xyz28=( 28.425005 16.250096 71.839112 )
xyz28=( 28.425005 16.250096 71.839112 )
xyz28=( 28.425005 16.250096 71.839112 )
xyz28=( 28.425005 16.250096 71.839112 )
xyz28=( 28.425005 16.250096 71.839112 )
xyz28=( 28.425005 16.250096 71.839112 )
xyz28=( 28.425005 16.250096 71.839112 )
xyz28=( 28.250846 18.374170 72.538137 )
xyz28=( 28.250846 18.374170 72.538137 )
xyz28=( 28.250846 18.374170 72.538137 )
xyz28=( 28.250846 18.374170 72.538137 )
xyz28=( 28.250846 18.374170 72.538137 )
xyz28=( 28.250846 18.374170 72.538137 )
xyz28=( 28.250846 18.374170 72.538137 )
xyz28=( 28.250846 18.374170 72.538137 )
xyz28=( 28.248060 18.375246 72.539765 )
xyz28=( 28.248060 18.375246 72.539765 )
xyz28=( 28.248060 18.375246 72.539765 )
xyz28=( 28.248060 18.375246 72.539765 )
xyz28=( 28.248060 18.375246 72.539765 )
xyz28=( 28.248060 18.375246 72.539765 )
xyz28=( 28.248060 18.375246 72.539765 )
xyz28=( 28.248060 18.375246 72.539765 )
xyz28=( 28.250846 18.374170 72.538137 )
xyz28=( 28.250846 18.374170 72.538137 )
xyz28=( 28.250846 18.374170 72.538137 )
xyz28=( 28.250846 18.374170 72.538137 )
xyz28=( 28.250846 18.374170 72.538137 )
xyz28=( 28.250846 18.374170 72.538137 )
xyz28=( 28.250846 18.374170 72.538137 )
xyz28=( 28.250846 18.374170 72.538137 )
xyz28=( 28.250846 18.374170 72.538137 )
xyz28=( 28.250846 18.374170 72.538137 )
xyz28=( 28.250846 18.374170 72.538137 )
xyz28=( 28.250846 18.374170 72.538137 )
xyz28=( 28.250846 18.374170 72.538137 )
xyz28=( 28.250846 18.374170 72.538137 )
xyz28=( 28.250846 18.374170 72.538137 )
xyz28=( 28.250846 18.374170 72.538137 )
xyz28=( 28.248060 18.375246 72.539765 )
xyz28=( 28.248060 18.375246 72.539765 )
xyz28=( 28.248060 18.375246 72.539765 )
xyz28=( 28.248060 18.375246 72.539765 )
xyz28=( 28.248060 18.375246 72.539765 )
xyz28=( 28.248060 18.375246 72.539765 )
xyz28=( 28.248060 18.375246 72.539765 )
xyz28=( 28.248060 18.375246 72.539765 )
xyz28=( 28.250846 18.374170 72.538137 )
xyz28=( 28.250846 18.374170 72.538137 )
xyz28=( 28.250846 18.374170 72.538137 )
xyz28=( 28.250846 18.374170 72.538137 )
xyz28=( 28.250846 18.374170 72.538137 )
xyz28=( 28.250846 18.374170 72.538137 )
xyz28=( 28.250846 18.374170 72.538137 )
xyz28=( 28.250846 18.374170 72.538137 )
