xyz27=( -14.081971 22.000874 6.612216 )
xyz27=( -14.081971 22.000874 6.612216 )
xyz27=( -14.081288 21.997653 6.614398 )
xyz27=( -14.081288 21.997653 6.614398 )
xyz27=( -14.080597 21.994437 6.616585 )
xyz27=( -14.080597 21.994437 6.616585 )
xyz27=( -14.079897 21.991227 6.618776 )
xyz27=( -14.079897 21.991227 6.618776 )
xyz27=( -14.079189 21.988022 6.620972 )
xyz27=( -14.079189 21.988022 6.620972 )
xyz27=( -14.078474 21.984824 6.623173 )
xyz27=( -14.078474 21.984824 6.623173 )
xyz27=( -14.077750 21.981631 6.625378 )
xyz27=( -14.077750 21.981631 6.625378 )
xyz27=( -14.077017 21.978444 6.627589 )
xyz27=( -14.077017 21.978444 6.627589 )
xyz27=( -14.076277 21.975263 6.629804 )
xyz27=( -14.076277 21.975263 6.629804 )
xyz27=( -14.075528 21.972087 6.632024 )
xyz27=( -14.075528 21.972087 6.632024 )
xyz27=( -14.074772 21.968917 6.634248 )
xyz27=( -14.074772 21.968917 6.634248 )
xyz27=( -14.074007 21.965753 6.636478 )
xyz27=( -14.074007 21.965753 6.636478 )
xyz27=( -14.073234 21.962595 6.638712 )
xyz27=( -14.073234 21.962595 6.638712 )
xyz27=( -14.072452 21.959443 6.640950 )
xyz27=( -14.072452 21.959443 6.640950 )
xyz27=( -14.071663 21.956296 6.643194 )
xyz27=( -14.071663 21.956296 6.643194 )
xyz27=( -14.070865 21.953155 6.645442 )
xyz27=( -14.070865 21.953155 6.645442 )
xyz27=( -14.070060 21.950019 6.647695 )
xyz27=( -14.070060 21.950019 6.647695 )
xyz27=( -14.081615 21.999190 6.613356 )
xyz27=( -14.081615 21.999190 6.613356 )
xyz27=( -14.080927 21.995970 6.615541 )
xyz27=( -14.080927 21.995970 6.615541 )
xyz27=( -14.080232 21.992757 6.617730 )
xyz27=( -14.080232 21.992757 6.617730 )
xyz27=( -14.079528 21.989549 6.619925 )
xyz27=( -14.079528 21.989549 6.619925 )
xyz27=( -14.078816 21.986347 6.622124 )
xyz27=( -14.078816 21.986347 6.622124 )
xyz27=( -14.078095 21.983151 6.624327 )
xyz27=( -14.078095 21.983151 6.624327 )
xyz27=( -14.077367 21.979960 6.626536 )
xyz27=( -14.077367 21.979960 6.626536 )
xyz27=( -14.076630 21.976776 6.628749 )
xyz27=( -14.076630 21.976776 6.628749 )
xyz27=( -14.075885 21.973597 6.630967 )
xyz27=( -14.075885 21.973597 6.630967 )
xyz27=( -14.075132 21.970424 6.633190 )
xyz27=( -14.075132 21.970424 6.633190 )
xyz27=( -14.074371 21.967257 6.635417 )
xyz27=( -14.074371 21.967257 6.635417 )
xyz27=( -14.073602 21.964095 6.637649 )
xyz27=( -14.073602 21.964095 6.637649 )
xyz27=( -14.072824 21.960939 6.639886 )
xyz27=( -14.072824 21.960939 6.639886 )
xyz27=( -14.072039 21.957789 6.642128 )
xyz27=( -14.072039 21.957789 6.642128 )
xyz27=( -14.071245 21.954645 6.644375 )
xyz27=( -14.071245 21.954645 6.644375 )
xyz27=( -14.070443 21.951507 6.646626 )
xyz27=( -14.070443 21.951507 6.646626 )
xyz27=( -14.081971 22.000874 6.612216 )
xyz27=( -14.081971 22.000874 6.612216 )
xyz27=( -14.081288 21.997653 6.614398 )
xyz27=( -14.081288 21.997653 6.614398 )
xyz27=( -14.080597 21.994437 6.616585 )
xyz27=( -14.080597 21.994437 6.616585 )
xyz27=( -14.079897 21.991227 6.618776 )
xyz27=( -14.079897 21.991227 6.618776 )
xyz27=( -14.079189 21.988022 6.620972 )
xyz27=( -14.079189 21.988022 6.620972 )
xyz27=( -14.078474 21.984824 6.623173 )
xyz27=( -14.078474 21.984824 6.623173 )
xyz27=( -14.077750 21.981631 6.625378 )
xyz27=( -14.077750 21.981631 6.625378 )
xyz27=( -14.077017 21.978444 6.627589 )
xyz27=( -14.077017 21.978444 6.627589 )
xyz27=( -14.076277 21.975263 6.629804 )
xyz27=( -14.076277 21.975263 6.629804 )
xyz27=( -14.075528 21.972087 6.632024 )
xyz27=( -14.075528 21.972087 6.632024 )
xyz27=( -14.074772 21.968917 6.634248 )
xyz27=( -14.074772 21.968917 6.634248 )
xyz27=( -14.074007 21.965753 6.636478 )
xyz27=( -14.074007 21.965753 6.636478 )
xyz27=( -14.073234 21.962595 6.638712 )
xyz27=( -14.073234 21.962595 6.638712 )
xyz27=( -14.072452 21.959443 6.640950 )
xyz27=( -14.072452 21.959443 6.640950 )
xyz27=( -14.071663 21.956296 6.643194 )
xyz27=( -14.071663 21.956296 6.643194 )
xyz27=( -14.070865 21.953155 6.645442 )
xyz27=( -14.070865 21.953155 6.645442 )
xyz27=( -14.070060 21.950019 6.647695 )
xyz27=( -14.070060 21.950019 6.647695 )
xyz27=( -14.081615 21.999190 6.613356 )
xyz27=( -14.081615 21.999190 6.613356 )
xyz27=( -14.080927 21.995970 6.615541 )
xyz27=( -14.080927 21.995970 6.615541 )
xyz27=( -14.080232 21.992757 6.617730 )
xyz27=( -14.080232 21.992757 6.617730 )
xyz27=( -14.079528 21.989549 6.619925 )
xyz27=( -14.079528 21.989549 6.619925 )
xyz27=( -14.078816 21.986347 6.622124 )
xyz27=( -14.078816 21.986347 6.622124 )
xyz27=( -14.078095 21.983151 6.624327 )
xyz27=( -14.078095 21.983151 6.624327 )
xyz27=( -14.077367 21.979960 6.626536 )
xyz27=( -14.077367 21.979960 6.626536 )
xyz27=( -14.076630 21.976776 6.628749 )
xyz27=( -14.076630 21.976776 6.628749 )
xyz27=( -14.075885 21.973597 6.630967 )
xyz27=( -14.075885 21.973597 6.630967 )
xyz27=( -14.075132 21.970424 6.633190 )
xyz27=( -14.075132 21.970424 6.633190 )
xyz27=( -14.074371 21.967257 6.635417 )
xyz27=( -14.074371 21.967257 6.635417 )
xyz27=( -14.073602 21.964095 6.637649 )
xyz27=( -14.073602 21.964095 6.637649 )
xyz27=( -14.072824 21.960939 6.639886 )
xyz27=( -14.072824 21.960939 6.639886 )
xyz27=( -14.072039 21.957789 6.642128 )
xyz27=( -14.072039 21.957789 6.642128 )
xyz27=( -14.071245 21.954645 6.644375 )
xyz27=( -14.071245 21.954645 6.644375 )
xyz27=( -14.070443 21.951507 6.646626 )
xyz27=( -14.070443 21.951507 6.646626 )
xyz27=( -13.219926 21.346693 7.721032 )
xyz27=( -13.219926 21.346693 7.721032 )
xyz27=( -13.222917 21.346260 7.718488 )
xyz27=( -13.222917 21.346260 7.718488 )
xyz27=( -13.225907 21.345837 7.715940 )
xyz27=( -13.225907 21.345837 7.715940 )
xyz27=( -13.228894 21.345424 7.713390 )
xyz27=( -13.228894 21.345424 7.713390 )
xyz27=( -13.231879 21.345022 7.710836 )
xyz27=( -13.231879 21.345022 7.710836 )
xyz27=( -13.234862 21.344630 7.708279 )
xyz27=( -13.234862 21.344630 7.708279 )
xyz27=( -13.237843 21.344249 7.705719 )
xyz27=( -13.237843 21.344249 7.705719 )
xyz27=( -13.240823 21.343878 7.703156 )
xyz27=( -13.240823 21.343878 7.703156 )
xyz27=( -13.243800 21.343517 7.700589 )
xyz27=( -13.243800 21.343517 7.700589 )
xyz27=( -13.246775 21.343167 7.698020 )
xyz27=( -13.246775 21.343167 7.698020 )
xyz27=( -13.249748 21.342827 7.695447 )
xyz27=( -13.249748 21.342827 7.695447 )
xyz27=( -13.252719 21.342498 7.692871 )
xyz27=( -13.252719 21.342498 7.692871 )
xyz27=( -13.255688 21.342179 7.690292 )
xyz27=( -13.255688 21.342179 7.690292 )
xyz27=( -13.258654 21.341871 7.687710 )
xyz27=( -13.258654 21.341871 7.687710 )
xyz27=( -13.261619 21.341573 7.685125 )
xyz27=( -13.261619 21.341573 7.685125 )
xyz27=( -13.264582 21.341285 7.682536 )
xyz27=( -13.264582 21.341285 7.682536 )
xyz27=( -13.218362 21.346924 7.722361 )
xyz27=( -13.218362 21.346924 7.722361 )
xyz27=( -13.221354 21.346485 7.719818 )
xyz27=( -13.221354 21.346485 7.719818 )
xyz27=( -13.224343 21.346057 7.717273 )
xyz27=( -13.224343 21.346057 7.717273 )
xyz27=( -13.227331 21.345639 7.714725 )
xyz27=( -13.227331 21.345639 7.714725 )
xyz27=( -13.230317 21.345231 7.712173 )
xyz27=( -13.230317 21.345231 7.712173 )
xyz27=( -13.233300 21.344834 7.709618 )
xyz27=( -13.233300 21.344834 7.709618 )
xyz27=( -13.236282 21.344447 7.707060 )
xyz27=( -13.236282 21.344447 7.707060 )
xyz27=( -13.239262 21.344071 7.704499 )
xyz27=( -13.239262 21.344071 7.704499 )
xyz27=( -13.242239 21.343705 7.701935 )
xyz27=( -13.242239 21.343705 7.701935 )
xyz27=( -13.245215 21.343349 7.699368 )
xyz27=( -13.245215 21.343349 7.699368 )
xyz27=( -13.248188 21.343004 7.696797 )
xyz27=( -13.248188 21.343004 7.696797 )
xyz27=( -13.251160 21.342670 7.694223 )
xyz27=( -13.251160 21.342670 7.694223 )
xyz27=( -13.254129 21.342345 7.691646 )
xyz27=( -13.254129 21.342345 7.691646 )
xyz27=( -13.257097 21.342031 7.689066 )
xyz27=( -13.257097 21.342031 7.689066 )
xyz27=( -13.260062 21.341728 7.686483 )
xyz27=( -13.260062 21.341728 7.686483 )
xyz27=( -13.263026 21.341435 7.683897 )
xyz27=( -13.263026 21.341435 7.683897 )
xyz27=( -13.265987 21.341152 7.681307 )
xyz27=( -13.265987 21.341152 7.681307 )
xyz27=( -13.219926 21.346693 7.721032 )
xyz27=( -13.219926 21.346693 7.721032 )
xyz27=( -13.222917 21.346260 7.718488 )
xyz27=( -13.222917 21.346260 7.718488 )
xyz27=( -13.225907 21.345837 7.715940 )
xyz27=( -13.225907 21.345837 7.715940 )
xyz27=( -13.228894 21.345424 7.713390 )
xyz27=( -13.228894 21.345424 7.713390 )
xyz27=( -13.231879 21.345022 7.710836 )
xyz27=( -13.231879 21.345022 7.710836 )
xyz27=( -13.234862 21.344630 7.708279 )
xyz27=( -13.234862 21.344630 7.708279 )
xyz27=( -13.237843 21.344249 7.705719 )
xyz27=( -13.237843 21.344249 7.705719 )
xyz27=( -13.240823 21.343878 7.703156 )
xyz27=( -13.240823 21.343878 7.703156 )
xyz27=( -13.243800 21.343517 7.700589 )
xyz27=( -13.243800 21.343517 7.700589 )
xyz27=( -13.246775 21.343167 7.698020 )
xyz27=( -13.246775 21.343167 7.698020 )
xyz27=( -13.249748 21.342827 7.695447 )
xyz27=( -13.249748 21.342827 7.695447 )
xyz27=( -13.252719 21.342498 7.692871 )
xyz27=( -13.252719 21.342498 7.692871 )
xyz27=( -13.255688 21.342179 7.690292 )
xyz27=( -13.255688 21.342179 7.690292 )
xyz27=( -13.258654 21.341871 7.687710 )
xyz27=( -13.258654 21.341871 7.687710 )
xyz27=( -13.261619 21.341573 7.685125 )
xyz27=( -13.261619 21.341573 7.685125 )
xyz27=( -13.264582 21.341285 7.682536 )
xyz27=( -13.264582 21.341285 7.682536 )
xyz27=( -13.218362 21.346924 7.722361 )
xyz27=( -13.218362 21.346924 7.722361 )
xyz27=( -13.221354 21.346485 7.719818 )
xyz27=( -13.221354 21.346485 7.719818 )
xyz27=( -13.224343 21.346057 7.717273 )
xyz27=( -13.224343 21.346057 7.717273 )
xyz27=( -13.227331 21.345639 7.714725 )
xyz27=( -13.227331 21.345639 7.714725 )
xyz27=( -13.230317 21.345231 7.712173 )
xyz27=( -13.230317 21.345231 7.712173 )
xyz27=( -13.233300 21.344834 7.709618 )
xyz27=( -13.233300 21.344834 7.709618 )
xyz27=( -13.236282 21.344447 7.707060 )
xyz27=( -13.236282 21.344447 7.707060 )
xyz27=( -13.239262 21.344071 7.704499 )
xyz27=( -13.239262 21.344071 7.704499 )
xyz27=( -13.242239 21.343705 7.701935 )
xyz27=( -13.242239 21.343705 7.701935 )
xyz27=( -13.245215 21.343349 7.699368 )
xyz27=( -13.245215 21.343349 7.699368 )
xyz27=( -13.248188 21.343004 7.696797 )
xyz27=( -13.248188 21.343004 7.696797 )
xyz27=( -13.251160 21.342670 7.694223 )
xyz27=( -13.251160 21.342670 7.694223 )
xyz27=( -13.254129 21.342345 7.691646 )
xyz27=( -13.254129 21.342345 7.691646 )
xyz27=( -13.257097 21.342031 7.689066 )
xyz27=( -13.257097 21.342031 7.689066 )
xyz27=( -13.260062 21.341728 7.686483 )
xyz27=( -13.260062 21.341728 7.686483 )
xyz27=( -13.263026 21.341435 7.683897 )
xyz27=( -13.263026 21.341435 7.683897 )
xyz27=( -13.265987 21.341152 7.681307 )
xyz27=( -13.265987 21.341152 7.681307 )
