order:    [ 1 28 29 0 53 52 51 55 48 47 54 46 50 43 42 49 41 45 39 38 44 37 34 33 40 32 36 35 31 27 14 15 24 23 30 22 26 20 19 25 18 21 13 17 2 3 10 9 16 8 12 6 5 11 4 7 ]
atoms:    [ CA CA C N C CA N HA C CA H N HA C CA H N HA C CA H N C CA H N HA H HA N CA C C CA H N HA C CA H N HA N HA C HA C CA H N HA C CA H N HA ]
residues: [ 0 6 6 0 11 11 11 11 10 10 11 10 10 9 9 10 9 9 8 8 9 8 7 7 8 7 7 7 6 6 3 3 5 5 6 5 5 4 4 5 4 4 3 3 0 0 2 2 3 2 2 1 1 2 1 1 ]

We use a different pair of symbles to represent the bits values which are associated with the HA and H of the discretized distance, and another one to represent the bits of other hydrogens.
For the HA and H from the discretized distance:
	"+" means 0
	"-" means 1
For any other hydrogens:
	">" means 0
	"<" means 1

d_35_31=2.780825654545 s=[ 0 0 0 0 1 1 0 > 0 1 < 1 > 0 1 < 1 > 0 0 > 0 1 0 > 1 > + - 0 0 1 1 1 > 1 > 0 1 < 1 > 0 < 0 > 1 1 > 0 > 0 1 < 1 > ] xyz27=( -14.081971, 22.000874, 6.612216 )

d_35_31=2.782845856566 s=[ 0 0 0 0 1 1 0 > 0 1 < 1 > 0 1 < 1 > 0 0 > 0 1 0 > 1 > + - 0 0 1 1 1 > 1 > 0 1 < 1 > 0 < 0 > 1 1 > 0 > 0 1 < 1 > ] xyz27=( -14.081288, 21.997653, 6.614398 )

d_35_31=2.784866058586 s=[ 0 0 0 0 1 1 0 > 0 1 < 1 > 0 1 < 1 > 0 0 > 0 1 0 > 1 > + - 0 0 1 1 1 > 1 > 0 1 < 1 > 0 < 0 > 1 1 > 0 > 0 1 < 1 > ] xyz27=( -14.080597, 21.994437, 6.616585 )

d_35_31=2.786886260606 s=[ 0 0 0 0 1 1 0 > 0 1 < 1 > 0 1 < 1 > 0 0 > 0 1 0 > 1 > + - 0 0 1 1 1 > 1 > 0 1 < 1 > 0 < 0 > 1 1 > 0 > 0 1 < 1 > ] xyz27=( -14.079897, 21.991227, 6.618776 )

d_35_31=2.788906462626 s=[ 0 0 0 0 1 1 0 > 0 1 < 1 > 0 1 < 1 > 0 0 > 0 1 0 > 1 > + - 0 0 1 1 1 > 1 > 0 1 < 1 > 0 < 0 > 1 1 > 0 > 0 1 < 1 > ] xyz27=( -14.079189, 21.988022, 6.620972 )

d_35_31=2.790926664646 s=[ 0 0 0 0 1 1 0 > 0 1 < 1 > 0 1 < 1 > 0 0 > 0 1 0 > 1 > + - 0 0 1 1 1 > 1 > 0 1 < 1 > 0 < 0 > 1 1 > 0 > 0 1 < 1 > ] xyz27=( -14.078474, 21.984824, 6.623173 )

d_35_31=2.792946866667 s=[ 0 0 0 0 1 1 0 > 0 1 < 1 > 0 1 < 1 > 0 0 > 0 1 0 > 1 > + - 0 0 1 1 1 > 1 > 0 1 < 1 > 0 < 0 > 1 1 > 0 > 0 1 < 1 > ] xyz27=( -14.077750, 21.981631, 6.625378 )

d_35_31=2.794967068687 s=[ 0 0 0 0 1 1 0 > 0 1 < 1 > 0 1 < 1 > 0 0 > 0 1 0 > 1 > + - 0 0 1 1 1 > 1 > 0 1 < 1 > 0 < 0 > 1 1 > 0 > 0 1 < 1 > ] xyz27=( -14.077017, 21.978444, 6.627589 )

d_35_31=2.796987270707 s=[ 0 0 0 0 1 1 0 > 0 1 < 1 > 0 1 < 1 > 0 0 > 0 1 0 > 1 > + - 0 0 1 1 1 > 1 > 0 1 < 1 > 0 < 0 > 1 1 > 0 > 0 1 < 1 > ] xyz27=( -14.076277, 21.975263, 6.629804 )

d_35_31=2.799007472727 s=[ 0 0 0 0 1 1 0 > 0 1 < 1 > 0 1 < 1 > 0 0 > 0 1 0 > 1 > + - 0 0 1 1 1 > 1 > 0 1 < 1 > 0 < 0 > 1 1 > 0 > 0 1 < 1 > ] xyz27=( -14.075528, 21.972087, 6.632024 )

d_35_31=2.801027674747 s=[ 0 0 0 0 1 1 0 > 0 1 < 1 > 0 1 < 1 > 0 0 > 0 1 0 > 1 > + - 0 0 1 1 1 > 1 > 0 1 < 1 > 0 < 0 > 1 1 > 0 > 0 1 < 1 > ] xyz27=( -14.074772, 21.968917, 6.634248 )

d_35_31=2.803047876768 s=[ 0 0 0 0 1 1 0 > 0 1 < 1 > 0 1 < 1 > 0 0 > 0 1 0 > 1 > + - 0 0 1 1 1 > 1 > 0 1 < 1 > 0 < 0 > 1 1 > 0 > 0 1 < 1 > ] xyz27=( -14.074007, 21.965753, 6.636478 )

d_35_31=2.805068078788 s=[ 0 0 0 0 1 1 0 > 0 1 < 1 > 0 1 < 1 > 0 0 > 0 1 0 > 1 > + - 0 0 1 1 1 > 1 > 0 1 < 1 > 0 < 0 > 1 1 > 0 > 0 1 < 1 > ] xyz27=( -14.073234, 21.962595, 6.638712 )

d_35_31=2.807088280808 s=[ 0 0 0 0 1 1 0 > 0 1 < 1 > 0 1 < 1 > 0 0 > 0 1 0 > 1 > + - 0 0 1 1 1 > 1 > 0 1 < 1 > 0 < 0 > 1 1 > 0 > 0 1 < 1 > ] xyz27=( -14.072452, 21.959443, 6.640950 )

d_35_31=2.809108482828 s=[ 0 0 0 0 1 1 0 > 0 1 < 1 > 0 1 < 1 > 0 0 > 0 1 0 > 1 > + - 0 0 1 1 1 < 1 > 0 1 < 1 > 0 < 0 > 1 1 > 0 > 0 1 < 1 > ] xyz27=( -14.071663, 21.956296, 6.643194 )

d_35_31=2.811128684848 s=[ 0 0 0 0 1 1 0 > 0 1 < 1 > 0 1 < 1 > 0 0 > 0 1 0 > 1 > + - 0 0 1 1 1 < 1 > 0 1 < 1 > 0 < 0 > 1 1 > 0 > 0 1 < 1 > ] xyz27=( -14.070865, 21.953155, 6.645442 )

d_35_31=2.813148886869 s=[ 0 0 0 0 1 1 0 > 0 1 < 1 > 0 1 < 1 > 0 0 > 0 1 0 > 1 > + - 0 0 1 1 1 < 1 > 0 1 < 1 > 0 < 0 > 1 1 > 0 > 0 1 < 1 > ] xyz27=( -14.070060, 21.950019, 6.647695 )

d_35_31=2.780825654545 s=[ 0 0 0 0 1 1 0 > 0 1 < 1 > 0 1 < 1 > 0 0 > 0 1 0 > 1 > - - 0 0 1 1 1 > 1 > 0 1 < 1 > 0 < 0 > 1 1 > 0 > 0 1 < 1 > ] xyz27=( -14.081615, 21.999190, 6.613356 )

d_35_31=2.782845856566 s=[ 0 0 0 0 1 1 0 > 0 1 < 1 > 0 1 < 1 > 0 0 > 0 1 0 > 1 > - - 0 0 1 1 1 > 1 > 0 1 < 1 > 0 < 0 > 1 1 > 0 > 0 1 < 1 > ] xyz27=( -14.080927, 21.995970, 6.615541 )

d_35_31=2.784866058586 s=[ 0 0 0 0 1 1 0 > 0 1 < 1 > 0 1 < 1 > 0 0 > 0 1 0 > 1 > - - 0 0 1 1 1 > 1 > 0 1 < 1 > 0 < 0 > 1 1 > 0 > 0 1 < 1 > ] xyz27=( -14.080232, 21.992757, 6.617730 )

d_35_31=2.786886260606 s=[ 0 0 0 0 1 1 0 > 0 1 < 1 > 0 1 < 1 > 0 0 > 0 1 0 > 1 > - - 0 0 1 1 1 > 1 > 0 1 < 1 > 0 < 0 > 1 1 > 0 > 0 1 < 1 > ] xyz27=( -14.079528, 21.989549, 6.619925 )

d_35_31=2.788906462626 s=[ 0 0 0 0 1 1 0 > 0 1 < 1 > 0 1 < 1 > 0 0 > 0 1 0 > 1 > - - 0 0 1 1 1 > 1 > 0 1 < 1 > 0 < 0 > 1 1 > 0 > 0 1 < 1 > ] xyz27=( -14.078816, 21.986347, 6.622124 )

d_35_31=2.790926664646 s=[ 0 0 0 0 1 1 0 > 0 1 < 1 > 0 1 < 1 > 0 0 > 0 1 0 > 1 > - - 0 0 1 1 1 > 1 > 0 1 < 1 > 0 < 0 > 1 1 > 0 > 0 1 < 1 > ] xyz27=( -14.078095, 21.983151, 6.624327 )

d_35_31=2.792946866667 s=[ 0 0 0 0 1 1 0 > 0 1 < 1 > 0 1 < 1 > 0 0 > 0 1 0 > 1 > - - 0 0 1 1 1 > 1 > 0 1 < 1 > 0 < 0 > 1 1 > 0 > 0 1 < 1 > ] xyz27=( -14.077367, 21.979960, 6.626536 )

d_35_31=2.794967068687 s=[ 0 0 0 0 1 1 0 > 0 1 < 1 > 0 1 < 1 > 0 0 > 0 1 0 > 1 > - - 0 0 1 1 1 > 1 > 0 1 < 1 > 0 < 0 > 1 1 > 0 > 0 1 < 1 > ] xyz27=( -14.076630, 21.976776, 6.628749 )

d_35_31=2.796987270707 s=[ 0 0 0 0 1 1 0 > 0 1 < 1 > 0 1 < 1 > 0 0 > 0 1 0 > 1 > - - 0 0 1 1 1 > 1 > 0 1 < 1 > 0 < 0 > 1 1 > 0 > 0 1 < 1 > ] xyz27=( -14.075885, 21.973597, 6.630967 )

d_35_31=2.799007472727 s=[ 0 0 0 0 1 1 0 > 0 1 < 1 > 0 1 < 1 > 0 0 > 0 1 0 > 1 > - - 0 0 1 1 1 > 1 > 0 1 < 1 > 0 < 0 > 1 1 > 0 > 0 1 < 1 > ] xyz27=( -14.075132, 21.970424, 6.633190 )

d_35_31=2.801027674747 s=[ 0 0 0 0 1 1 0 > 0 1 < 1 > 0 1 < 1 > 0 0 > 0 1 0 > 1 > - - 0 0 1 1 1 > 1 > 0 1 < 1 > 0 < 0 > 1 1 > 0 > 0 1 < 1 > ] xyz27=( -14.074371, 21.967257, 6.635417 )

d_35_31=2.803047876768 s=[ 0 0 0 0 1 1 0 > 0 1 < 1 > 0 1 < 1 > 0 0 > 0 1 0 > 1 > - - 0 0 1 1 1 > 1 > 0 1 < 1 > 0 < 0 > 1 1 > 0 > 0 1 < 1 > ] xyz27=( -14.073602, 21.964095, 6.637649 )

d_35_31=2.805068078788 s=[ 0 0 0 0 1 1 0 > 0 1 < 1 > 0 1 < 1 > 0 0 > 0 1 0 > 1 > - - 0 0 1 1 1 > 1 > 0 1 < 1 > 0 < 0 > 1 1 > 0 > 0 1 < 1 > ] xyz27=( -14.072824, 21.960939, 6.639886 )

d_35_31=2.807088280808 s=[ 0 0 0 0 1 1 0 > 0 1 < 1 > 0 1 < 1 > 0 0 > 0 1 0 > 1 > - - 0 0 1 1 1 > 1 > 0 1 < 1 > 0 < 0 > 1 1 > 0 > 0 1 < 1 > ] xyz27=( -14.072039, 21.957789, 6.642128 )

d_35_31=2.809108482828 s=[ 0 0 0 0 1 1 0 > 0 1 < 1 > 0 1 < 1 > 0 0 > 0 1 0 > 1 > - - 0 0 1 1 1 < 1 > 0 1 < 1 > 0 < 0 > 1 1 > 0 > 0 1 < 1 > ] xyz27=( -14.071245, 21.954645, 6.644375 )

d_35_31=2.811128684848 s=[ 0 0 0 0 1 1 0 > 0 1 < 1 > 0 1 < 1 > 0 0 > 0 1 0 > 1 > - - 0 0 1 1 1 < 1 > 0 1 < 1 > 0 < 0 > 1 1 > 0 > 0 1 < 1 > ] xyz27=( -14.070443, 21.951507, 6.646626 )

d_35_31=2.780825654545 s=[ 0 0 0 1 0 0 1 < 1 0 > 0 < 1 0 > 0 < 1 1 < 1 0 1 < 0 < + + 1 1 0 0 0 < 0 < 1 0 > 0 < 1 > 1 < 0 0 < 1 < 1 0 > 0 < ] xyz27=( -13.219926, 21.346693, 7.721032 )

d_35_31=2.782845856566 s=[ 0 0 0 1 0 0 1 < 1 0 > 0 < 1 0 > 0 < 1 1 < 1 0 1 < 0 < + + 1 1 0 0 0 < 0 < 1 0 > 0 < 1 > 1 < 0 0 < 1 < 1 0 > 0 < ] xyz27=( -13.222917, 21.346260, 7.718488 )

d_35_31=2.784866058586 s=[ 0 0 0 1 0 0 1 < 1 0 > 0 < 1 0 > 0 < 1 1 < 1 0 1 < 0 < + + 1 1 0 0 0 < 0 < 1 0 > 0 < 1 > 1 < 0 0 < 1 < 1 0 > 0 < ] xyz27=( -13.225907, 21.345837, 7.715940 )

d_35_31=2.786886260606 s=[ 0 0 0 1 0 0 1 < 1 0 > 0 < 1 0 > 0 < 1 1 < 1 0 1 < 0 < + + 1 1 0 0 0 < 0 < 1 0 > 0 < 1 > 1 < 0 0 < 1 < 1 0 > 0 < ] xyz27=( -13.228894, 21.345424, 7.713390 )

d_35_31=2.788906462626 s=[ 0 0 0 1 0 0 1 < 1 0 > 0 < 1 0 > 0 < 1 1 < 1 0 1 < 0 < + + 1 1 0 0 0 < 0 < 1 0 > 0 < 1 > 1 < 0 0 < 1 < 1 0 > 0 < ] xyz27=( -13.231879, 21.345022, 7.710836 )

d_35_31=2.790926664646 s=[ 0 0 0 1 0 0 1 < 1 0 > 0 < 1 0 > 0 < 1 1 < 1 0 1 < 0 < + + 1 1 0 0 0 < 0 < 1 0 > 0 < 1 > 1 < 0 0 < 1 < 1 0 > 0 < ] xyz27=( -13.234862, 21.344630, 7.708279 )

d_35_31=2.792946866667 s=[ 0 0 0 1 0 0 1 < 1 0 > 0 < 1 0 > 0 < 1 1 < 1 0 1 < 0 < + + 1 1 0 0 0 < 0 < 1 0 > 0 < 1 > 1 < 0 0 < 1 < 1 0 > 0 < ] xyz27=( -13.237843, 21.344249, 7.705719 )

d_35_31=2.794967068687 s=[ 0 0 0 1 0 0 1 < 1 0 > 0 < 1 0 > 0 < 1 1 < 1 0 1 < 0 < + + 1 1 0 0 0 < 0 < 1 0 > 0 < 1 > 1 < 0 0 < 1 < 1 0 > 0 < ] xyz27=( -13.240823, 21.343878, 7.703156 )

d_35_31=2.796987270707 s=[ 0 0 0 1 0 0 1 < 1 0 > 0 < 1 0 > 0 < 1 1 < 1 0 1 < 0 < + + 1 1 0 0 0 < 0 < 1 0 > 0 < 1 > 1 < 0 0 < 1 < 1 0 > 0 < ] xyz27=( -13.243800, 21.343517, 7.700589 )

d_35_31=2.799007472727 s=[ 0 0 0 1 0 0 1 < 1 0 > 0 < 1 0 > 0 < 1 1 < 1 0 1 < 0 < + + 1 1 0 0 0 < 0 < 1 0 > 0 < 1 > 1 < 0 0 < 1 < 1 0 > 0 < ] xyz27=( -13.246775, 21.343167, 7.698020 )

d_35_31=2.801027674747 s=[ 0 0 0 1 0 0 1 < 1 0 > 0 < 1 0 > 0 < 1 1 < 1 0 1 < 0 < + + 1 1 0 0 0 < 0 < 1 0 > 0 < 1 > 1 < 0 0 < 1 < 1 0 > 0 < ] xyz27=( -13.249748, 21.342827, 7.695447 )

d_35_31=2.803047876768 s=[ 0 0 0 1 0 0 1 < 1 0 > 0 < 1 0 > 0 < 1 1 < 1 0 1 < 0 < + + 1 1 0 0 0 < 0 < 1 0 > 0 < 1 > 1 < 0 0 < 1 < 1 0 > 0 < ] xyz27=( -13.252719, 21.342498, 7.692871 )

d_35_31=2.805068078788 s=[ 0 0 0 1 0 0 1 < 1 0 > 0 < 1 0 > 0 < 1 1 < 1 0 1 < 0 < + + 1 1 0 0 0 < 0 < 1 0 > 0 < 1 > 1 < 0 0 < 1 < 1 0 > 0 < ] xyz27=( -13.255688, 21.342179, 7.690292 )

d_35_31=2.807088280808 s=[ 0 0 0 1 0 0 1 < 1 0 > 0 < 1 0 > 0 < 1 1 < 1 0 1 < 0 < + + 1 1 0 0 0 < 0 < 1 0 > 0 < 1 > 1 < 0 0 < 1 < 1 0 > 0 < ] xyz27=( -13.258654, 21.341871, 7.687710 )

d_35_31=2.809108482828 s=[ 0 0 0 1 0 0 1 < 1 0 > 0 < 1 0 > 0 < 1 1 < 1 0 1 < 0 < + + 1 1 0 0 0 > 0 < 1 0 > 0 < 1 > 1 < 0 0 < 1 < 1 0 > 0 < ] xyz27=( -13.261619, 21.341573, 7.685125 )

d_35_31=2.811128684848 s=[ 0 0 0 1 0 0 1 < 1 0 > 0 < 1 0 > 0 < 1 1 < 1 0 1 < 0 < + + 1 1 0 0 0 > 0 < 1 0 > 0 < 1 > 1 < 0 0 < 1 < 1 0 > 0 < ] xyz27=( -13.264582, 21.341285, 7.682536 )

d_35_31=2.780825654545 s=[ 0 0 0 1 0 0 1 < 1 0 > 0 < 1 0 > 0 < 1 1 < 1 0 1 < 0 < - + 1 1 0 0 0 < 0 < 1 0 > 0 < 1 > 1 < 0 0 < 1 < 1 0 > 0 < ] xyz27=( -13.218362, 21.346924, 7.722361 )

d_35_31=2.782845856566 s=[ 0 0 0 1 0 0 1 < 1 0 > 0 < 1 0 > 0 < 1 1 < 1 0 1 < 0 < - + 1 1 0 0 0 < 0 < 1 0 > 0 < 1 > 1 < 0 0 < 1 < 1 0 > 0 < ] xyz27=( -13.221354, 21.346485, 7.719818 )

d_35_31=2.784866058586 s=[ 0 0 0 1 0 0 1 < 1 0 > 0 < 1 0 > 0 < 1 1 < 1 0 1 < 0 < - + 1 1 0 0 0 < 0 < 1 0 > 0 < 1 > 1 < 0 0 < 1 < 1 0 > 0 < ] xyz27=( -13.224343, 21.346057, 7.717273 )

d_35_31=2.786886260606 s=[ 0 0 0 1 0 0 1 < 1 0 > 0 < 1 0 > 0 < 1 1 < 1 0 1 < 0 < - + 1 1 0 0 0 < 0 < 1 0 > 0 < 1 > 1 < 0 0 < 1 < 1 0 > 0 < ] xyz27=( -13.227331, 21.345639, 7.714725 )

d_35_31=2.788906462626 s=[ 0 0 0 1 0 0 1 < 1 0 > 0 < 1 0 > 0 < 1 1 < 1 0 1 < 0 < - + 1 1 0 0 0 < 0 < 1 0 > 0 < 1 > 1 < 0 0 < 1 < 1 0 > 0 < ] xyz27=( -13.230317, 21.345231, 7.712173 )

d_35_31=2.790926664646 s=[ 0 0 0 1 0 0 1 < 1 0 > 0 < 1 0 > 0 < 1 1 < 1 0 1 < 0 < - + 1 1 0 0 0 < 0 < 1 0 > 0 < 1 > 1 < 0 0 < 1 < 1 0 > 0 < ] xyz27=( -13.233300, 21.344834, 7.709618 )

d_35_31=2.792946866667 s=[ 0 0 0 1 0 0 1 < 1 0 > 0 < 1 0 > 0 < 1 1 < 1 0 1 < 0 < - + 1 1 0 0 0 < 0 < 1 0 > 0 < 1 > 1 < 0 0 < 1 < 1 0 > 0 < ] xyz27=( -13.236282, 21.344447, 7.707060 )

d_35_31=2.794967068687 s=[ 0 0 0 1 0 0 1 < 1 0 > 0 < 1 0 > 0 < 1 1 < 1 0 1 < 0 < - + 1 1 0 0 0 < 0 < 1 0 > 0 < 1 > 1 < 0 0 < 1 < 1 0 > 0 < ] xyz27=( -13.239262, 21.344071, 7.704499 )

d_35_31=2.796987270707 s=[ 0 0 0 1 0 0 1 < 1 0 > 0 < 1 0 > 0 < 1 1 < 1 0 1 < 0 < - + 1 1 0 0 0 < 0 < 1 0 > 0 < 1 > 1 < 0 0 < 1 < 1 0 > 0 < ] xyz27=( -13.242239, 21.343705, 7.701935 )

d_35_31=2.799007472727 s=[ 0 0 0 1 0 0 1 < 1 0 > 0 < 1 0 > 0 < 1 1 < 1 0 1 < 0 < - + 1 1 0 0 0 < 0 < 1 0 > 0 < 1 > 1 < 0 0 < 1 < 1 0 > 0 < ] xyz27=( -13.245215, 21.343349, 7.699368 )

d_35_31=2.801027674747 s=[ 0 0 0 1 0 0 1 < 1 0 > 0 < 1 0 > 0 < 1 1 < 1 0 1 < 0 < - + 1 1 0 0 0 < 0 < 1 0 > 0 < 1 > 1 < 0 0 < 1 < 1 0 > 0 < ] xyz27=( -13.248188, 21.343004, 7.696797 )

d_35_31=2.803047876768 s=[ 0 0 0 1 0 0 1 < 1 0 > 0 < 1 0 > 0 < 1 1 < 1 0 1 < 0 < - + 1 1 0 0 0 < 0 < 1 0 > 0 < 1 > 1 < 0 0 < 1 < 1 0 > 0 < ] xyz27=( -13.251160, 21.342670, 7.694223 )

d_35_31=2.805068078788 s=[ 0 0 0 1 0 0 1 < 1 0 > 0 < 1 0 > 0 < 1 1 < 1 0 1 < 0 < - + 1 1 0 0 0 < 0 < 1 0 > 0 < 1 > 1 < 0 0 < 1 < 1 0 > 0 < ] xyz27=( -13.254129, 21.342345, 7.691646 )

d_35_31=2.807088280808 s=[ 0 0 0 1 0 0 1 < 1 0 > 0 < 1 0 > 0 < 1 1 < 1 0 1 < 0 < - + 1 1 0 0 0 < 0 < 1 0 > 0 < 1 > 1 < 0 0 < 1 < 1 0 > 0 < ] xyz27=( -13.257097, 21.342031, 7.689066 )

d_35_31=2.809108482828 s=[ 0 0 0 1 0 0 1 < 1 0 > 0 < 1 0 > 0 < 1 1 < 1 0 1 < 0 < - + 1 1 0 0 0 > 0 < 1 0 > 0 < 1 > 1 < 0 0 < 1 < 1 0 > 0 < ] xyz27=( -13.260062, 21.341728, 7.686483 )

d_35_31=2.811128684848 s=[ 0 0 0 1 0 0 1 < 1 0 > 0 < 1 0 > 0 < 1 1 < 1 0 1 < 0 < - + 1 1 0 0 0 > 0 < 1 0 > 0 < 1 > 1 < 0 0 < 1 < 1 0 > 0 < ] xyz27=( -13.263026, 21.341435, 7.683897 )

d_35_31=2.813148886869 s=[ 0 0 0 1 0 0 1 < 1 0 > 0 < 1 0 > 0 < 1 1 < 1 0 1 < 0 < - + 1 1 0 0 0 > 0 < 1 0 > 0 < 1 > 1 < 0 0 < 1 < 1 0 > 0 < ] xyz27=( -13.265987, 21.341152, 7.681307 )

