order:    [ 1 28 29 0 53 52 51 55 49 48 54 47 50 44 43 42 46 39 38 45 37 41 34 33 40 32 36 35 31 27 13 14 24 23 30 22 26 19 18 25 17 21 20 12 16 2 10 9 15 8 11 5 4 3 7 6 ]
atoms:    [ CA CA C N C CA N HA C CA H N HA C CA N HA C CA H N HA C CA H N HA H HA N CA C C CA H N HA C CA H N HA H N HA C C CA H N HA C CA N HA H ]
residues: [ 0 6 6 0 11 11 11 11 10 10 11 10 10 9 9 9 9 8 8 9 8 8 7 7 8 7 7 7 6 6 3 3 5 5 6 5 5 4 4 5 4 4 4 3 3 0 2 2 3 2 2 1 1 1 1 1 ]

We use a different pair of symbles to represent the bits values which are associated with the HA and H of the discretized distance, and another one to represent the bits of other hydrogens.
For the HA and H from the discretized distance:
	"+" means 0
	"-" means 1
For any other hydrogens:
	">" means 0
	"<" means 1

d_35_31=2.448251684675 s=[ 0 0 0 0 1 1 0 > 0 0 > 0 > 0 0 1 > 0 1 < 1 > 1 0 > 0 > + - 0 1 1 1 1 < 1 > 0 1 < 1 > > 0 < 1 1 1 < 1 > 0 1 1 > > ] xyz27=( -12.473252, 34.639944, 22.614594 )

d_35_31=2.448451884875 s=[ 0 0 0 0 1 1 0 > 0 0 > 0 > 0 0 1 > 0 1 < 1 > 1 0 > 0 > + - 0 1 1 1 1 < 1 > 0 1 < 1 > > 0 < 1 1 1 < 1 > 0 1 1 > > ] xyz27=( -12.473658, 34.640177, 22.614662 )

d_35_31=2.448652085075 s=[ 0 0 0 0 1 1 0 > 0 0 > 0 > 0 0 1 > 0 1 < 1 > 1 0 > 0 > + - 0 1 1 1 1 < 1 > 0 1 < 1 > > 0 < 1 1 1 < 1 > 0 1 1 > > ] xyz27=( -12.474064, 34.640411, 22.614730 )

d_35_31=2.448852285275 s=[ 0 0 0 0 1 1 0 > 0 0 > 0 > 0 0 1 > 0 1 < 1 > 1 0 > 0 > + - 0 1 1 1 1 < 1 > 0 1 < 1 > > 0 < 1 1 1 < 1 > 0 1 1 > > ] xyz27=( -12.474469, 34.640645, 22.614798 )

d_35_31=2.449052485475 s=[ 0 0 0 0 1 1 0 > 0 0 > 0 > 0 0 1 > 0 1 < 1 > 1 0 > 0 > + - 0 1 1 1 1 < 1 > 0 1 < 1 > > 0 < 1 1 1 < 1 > 0 1 1 > > ] xyz27=( -12.474875, 34.640879, 22.614865 )

d_35_31=2.449252685676 s=[ 0 0 0 0 1 1 0 > 0 0 > 0 > 0 0 1 > 0 1 < 1 > 1 0 > 0 > + - 0 1 1 1 1 < 1 > 0 1 < 1 > > 0 < 1 1 1 < 1 > 0 1 1 > > ] xyz27=( -12.475280, 34.641113, 22.614933 )

d_35_31=2.449452885876 s=[ 0 0 0 0 1 1 0 > 0 0 > 0 > 0 0 1 > 0 1 < 1 > 1 0 > 0 > + - 0 1 1 1 1 < 1 > 0 1 < 1 > > 0 < 1 1 1 < 1 > 0 1 1 > > ] xyz27=( -12.475685, 34.641347, 22.615000 )

d_35_31=2.449653086076 s=[ 0 0 0 0 1 1 0 > 0 0 > 0 > 0 0 1 > 0 1 < 1 > 1 0 > 0 > + - 0 1 1 1 1 < 1 > 0 1 < 1 > > 0 < 1 1 1 < 1 > 0 1 1 > > ] xyz27=( -12.476090, 34.641581, 22.615068 )

d_35_31=2.449853286276 s=[ 0 0 0 0 1 1 0 > 0 0 > 0 > 0 0 1 > 0 1 < 1 > 1 0 > 0 > + - 0 1 1 1 1 < 1 > 0 1 < 1 > > 0 < 1 1 1 < 1 > 0 1 1 > > ] xyz27=( -12.476495, 34.641815, 22.615135 )

d_35_31=2.450053486476 s=[ 0 0 0 0 1 1 0 > 0 0 > 0 > 0 0 1 > 0 1 < 1 > 1 0 > 0 > + - 0 1 1 1 1 < 1 > 0 1 < 1 > > 0 < 1 1 1 > 1 > 0 1 1 > > ] xyz27=( -12.476900, 34.642050, 22.615203 )

d_35_31=2.450253686677 s=[ 0 0 0 0 1 1 0 > 0 0 > 0 > 0 0 1 > 0 1 < 1 > 1 0 > 0 > + - 0 1 1 1 1 < 1 > 0 1 < 1 > > 0 < 1 1 1 > 1 > 0 1 1 > > ] xyz27=( -12.477304, 34.642284, 22.615270 )

d_35_31=2.450453886877 s=[ 0 0 0 0 1 1 0 > 0 0 > 0 > 0 0 1 > 0 1 < 1 > 1 0 > 0 > + - 0 1 1 1 1 < 1 > 0 1 < 1 > > 0 < 1 1 1 > 1 > 0 1 1 > > ] xyz27=( -12.477708, 34.642519, 22.615337 )

d_35_31=2.450654087077 s=[ 0 0 0 0 1 1 0 > 0 0 > 0 > 0 0 1 > 0 1 < 1 > 1 0 > 0 > + - 0 1 1 1 1 < 1 > 0 1 < 1 > > 0 < 1 1 1 > 1 > 0 1 1 > > ] xyz27=( -12.478113, 34.642753, 22.615404 )

d_35_31=2.450854287277 s=[ 0 0 0 0 1 1 0 > 0 0 > 0 > 0 0 1 > 0 1 < 1 > 1 0 > 0 > + - 0 1 1 1 1 < 1 > 0 1 < 1 > > 0 < 1 1 1 > 1 > 0 1 1 > > ] xyz27=( -12.478517, 34.642988, 22.615471 )

d_35_31=2.451054487477 s=[ 0 0 0 0 1 1 0 > 0 0 > 0 > 0 0 1 > 0 1 < 1 > 1 0 > 0 > + - 0 1 1 1 1 < 1 > 0 1 < 1 > > 0 < 1 1 1 > 1 > 0 1 1 > > ] xyz27=( -12.478920, 34.643222, 22.615538 )

d_35_31=2.451254687678 s=[ 0 0 0 0 1 1 0 > 0 0 > 0 > 0 0 1 > 0 1 < 1 > 1 0 > 0 > + - 0 1 1 1 1 < 1 > 0 1 < 1 > > 0 < 1 1 1 > 1 > 0 1 1 > > ] xyz27=( -12.479324, 34.643457, 22.615605 )

d_35_31=2.451454887878 s=[ 0 0 0 0 1 1 0 > 0 0 > 0 > 0 0 1 > 0 1 < 1 > 1 0 > 0 > + - 0 1 1 1 1 < 1 > 0 1 < 1 > > 0 < 1 1 1 > 1 > 0 1 1 > > ] xyz27=( -12.479727, 34.643692, 22.615672 )

d_35_31=2.451655088078 s=[ 0 0 0 0 1 1 0 > 0 0 > 0 > 0 0 1 > 0 1 < 1 > 1 0 > 0 > + - 0 1 1 1 1 < 1 > 0 1 < 1 > > 0 < 1 1 1 > 1 > 0 1 1 > > ] xyz27=( -12.480131, 34.643927, 22.615739 )

d_35_31=2.451855288278 s=[ 0 0 0 0 1 1 0 > 0 0 > 0 > 0 0 1 > 0 1 < 1 > 1 0 > 0 > + - 0 1 1 1 1 < 1 > 0 1 < 1 > > 0 < 1 1 1 > 1 > 0 1 1 > > ] xyz27=( -12.480534, 34.644162, 22.615806 )

d_35_31=2.452055488478 s=[ 0 0 0 0 1 1 0 > 0 0 > 0 > 0 0 1 > 0 1 < 1 > 1 0 > 0 > + - 0 1 1 1 1 < 1 > 0 1 < 1 > > 0 < 1 1 1 > 1 > 0 1 1 > > ] xyz27=( -12.480937, 34.644397, 22.615872 )

d_35_31=2.452255688679 s=[ 0 0 0 0 1 1 0 > 0 0 > 0 > 0 0 1 > 0 1 < 1 > 1 0 > 0 > + - 0 1 1 1 1 < 1 > 0 1 < 1 > > 0 < 1 1 1 > 1 > 0 1 1 > > ] xyz27=( -12.481340, 34.644632, 22.615939 )

d_35_31=2.452455888879 s=[ 0 0 0 0 1 1 0 > 0 0 > 0 > 0 0 1 > 0 1 < 1 > 1 0 > 0 > + - 0 1 1 1 1 < 1 > 0 1 < 1 > > 0 < 1 1 1 > 1 > 0 1 1 > > ] xyz27=( -12.481742, 34.644867, 22.616005 )

d_35_31=2.448251684675 s=[ 0 0 0 1 0 0 1 < 1 1 < 1 < 1 1 0 < 1 0 > 0 < 0 1 < 1 < + + 1 0 0 0 0 > 0 < 1 0 > 0 < > 1 > 0 0 0 > 0 < 1 0 0 < > ] xyz27=( -10.506197, 35.659029, 21.752158 )

d_35_31=2.448451884875 s=[ 0 0 0 1 0 0 1 < 1 1 < 1 < 1 1 0 < 1 0 > 0 < 0 1 < 1 < + + 1 0 0 0 0 > 0 < 1 0 > 0 < > 1 > 0 0 0 > 0 < 1 0 0 < > ] xyz27=( -10.506172, 35.659486, 21.752037 )

d_35_31=2.448652085075 s=[ 0 0 0 1 0 0 1 < 1 1 < 1 < 1 1 0 < 1 0 > 0 < 0 1 < 1 < + + 1 0 0 0 0 > 0 < 1 0 > 0 < > 1 > 0 0 0 > 0 < 1 0 0 < > ] xyz27=( -10.506148, 35.659943, 21.751916 )

d_35_31=2.448852285275 s=[ 0 0 0 1 0 0 1 < 1 1 < 1 < 1 1 0 < 1 0 > 0 < 0 1 < 1 < + + 1 0 0 0 0 > 0 < 1 0 > 0 < > 1 > 0 0 0 > 0 < 1 0 0 < > ] xyz27=( -10.506123, 35.660400, 21.751795 )

d_35_31=2.449052485475 s=[ 0 0 0 1 0 0 1 < 1 1 < 1 < 1 1 0 < 1 0 > 0 < 0 1 < 1 < + + 1 0 0 0 0 > 0 < 1 0 > 0 < > 1 > 0 0 0 > 0 < 1 0 0 < > ] xyz27=( -10.506099, 35.660856, 21.751674 )

d_35_31=2.449252685676 s=[ 0 0 0 1 0 0 1 < 1 1 < 1 < 1 1 0 < 1 0 > 0 < 0 1 < 1 < + + 1 0 0 0 0 > 0 < 1 0 > 0 < > 1 > 0 0 0 > 0 < 1 0 0 < > ] xyz27=( -10.506074, 35.661313, 21.751553 )

d_35_31=2.449452885876 s=[ 0 0 0 1 0 0 1 < 1 1 < 1 < 1 1 0 < 1 0 > 0 < 0 1 < 1 < + + 1 0 0 0 0 > 0 < 1 0 > 0 < > 1 > 0 0 0 > 0 < 1 0 0 < > ] xyz27=( -10.506050, 35.661769, 21.751433 )

d_35_31=2.449653086076 s=[ 0 0 0 1 0 0 1 < 1 1 < 1 < 1 1 0 < 1 0 > 0 < 0 1 < 1 < + + 1 0 0 0 0 > 0 < 1 0 > 0 < > 1 > 0 0 0 > 0 < 1 0 0 < > ] xyz27=( -10.506026, 35.662226, 21.751312 )

d_35_31=2.449853286276 s=[ 0 0 0 1 0 0 1 < 1 1 < 1 < 1 1 0 < 1 0 > 0 < 0 1 < 1 < + + 1 0 0 0 0 > 0 < 1 0 > 0 < > 1 > 0 0 0 > 0 < 1 0 0 < > ] xyz27=( -10.506003, 35.662682, 21.751192 )

d_35_31=2.450053486476 s=[ 0 0 0 1 0 0 1 < 1 1 < 1 < 1 1 0 < 1 0 > 0 < 0 1 < 1 < + + 1 0 0 0 0 > 0 < 1 0 > 0 < > 1 > 0 0 0 < 0 < 1 0 0 < > ] xyz27=( -10.505979, 35.663138, 21.751071 )

d_35_31=2.450253686677 s=[ 0 0 0 1 0 0 1 < 1 1 < 1 < 1 1 0 < 1 0 > 0 < 0 1 < 1 < + + 1 0 0 0 0 > 0 < 1 0 > 0 < > 1 > 0 0 0 < 0 < 1 0 0 < > ] xyz27=( -10.505955, 35.663594, 21.750951 )

d_35_31=2.450453886877 s=[ 0 0 0 1 0 0 1 < 1 1 < 1 < 1 1 0 < 1 0 > 0 < 0 1 < 1 < + + 1 0 0 0 0 > 0 < 1 0 > 0 < > 1 > 0 0 0 < 0 < 1 0 0 < > ] xyz27=( -10.505932, 35.664050, 21.750831 )

d_35_31=2.450654087077 s=[ 0 0 0 1 0 0 1 < 1 1 < 1 < 1 1 0 < 1 0 > 0 < 0 1 < 1 < + + 1 0 0 0 0 > 0 < 1 0 > 0 < > 1 > 0 0 0 < 0 < 1 0 0 < > ] xyz27=( -10.505909, 35.664506, 21.750710 )

d_35_31=2.450854287277 s=[ 0 0 0 1 0 0 1 < 1 1 < 1 < 1 1 0 < 1 0 > 0 < 0 1 < 1 < + + 1 0 0 0 0 > 0 < 1 0 > 0 < > 1 > 0 0 0 < 0 < 1 0 0 < > ] xyz27=( -10.505886, 35.664962, 21.750590 )

d_35_31=2.451054487477 s=[ 0 0 0 1 0 0 1 < 1 1 < 1 < 1 1 0 < 1 0 > 0 < 0 1 < 1 < + + 1 0 0 0 0 > 0 < 1 0 > 0 < > 1 > 0 0 0 < 0 < 1 0 0 < > ] xyz27=( -10.505863, 35.665418, 21.750470 )

d_35_31=2.451254687678 s=[ 0 0 0 1 0 0 1 < 1 1 < 1 < 1 1 0 < 1 0 > 0 < 0 1 < 1 < + + 1 0 0 0 0 > 0 < 1 0 > 0 < > 1 > 0 0 0 < 0 < 1 0 0 < > ] xyz27=( -10.505840, 35.665873, 21.750350 )

d_35_31=2.451454887878 s=[ 0 0 0 1 0 0 1 < 1 1 < 1 < 1 1 0 < 1 0 > 0 < 0 1 < 1 < + + 1 0 0 0 0 > 0 < 1 0 > 0 < > 1 > 0 0 0 < 0 < 1 0 0 < > ] xyz27=( -10.505818, 35.666329, 21.750230 )

d_35_31=2.451655088078 s=[ 0 0 0 1 0 0 1 < 1 1 < 1 < 1 1 0 < 1 0 > 0 < 0 1 < 1 < + + 1 0 0 0 0 > 0 < 1 0 > 0 < > 1 > 0 0 0 < 0 < 1 0 0 < > ] xyz27=( -10.505796, 35.666784, 21.750110 )

d_35_31=2.451855288278 s=[ 0 0 0 1 0 0 1 < 1 1 < 1 < 1 1 0 < 1 0 > 0 < 0 1 < 1 < + + 1 0 0 0 0 > 0 < 1 0 > 0 < > 1 > 0 0 0 < 0 < 1 0 0 < > ] xyz27=( -10.505773, 35.667240, 21.749991 )

d_35_31=2.452055488478 s=[ 0 0 0 1 0 0 1 < 1 1 < 1 < 1 1 0 < 1 0 > 0 < 0 1 < 1 < + + 1 0 0 0 0 > 0 < 1 0 > 0 < > 1 > 0 0 0 < 0 < 1 0 0 < > ] xyz27=( -10.505751, 35.667695, 21.749871 )

d_35_31=2.452255688679 s=[ 0 0 0 1 0 0 1 < 1 1 < 1 < 1 1 0 < 1 0 > 0 < 0 1 < 1 < + + 1 0 0 0 0 > 0 < 1 0 > 0 < > 1 > 0 0 0 < 0 < 1 0 0 < > ] xyz27=( -10.505729, 35.668150, 21.749751 )

d_35_31=2.452455888879 s=[ 0 0 0 1 0 0 1 < 1 1 < 1 < 1 1 0 < 1 0 > 0 < 0 1 < 1 < + + 1 0 0 0 0 > 0 < 1 0 > 0 < > 1 > 0 0 0 < 0 < 1 0 0 < > ] xyz27=( -10.505708, 35.668605, 21.749632 )

