xyz27=( -12.473252 34.639944 22.614594 )
xyz27=( -12.473252 34.639944 22.614594 )
xyz27=( -12.473252 34.639944 22.614594 )
xyz27=( -12.473252 34.639944 22.614594 )
xyz27=( -12.473658 34.640177 22.614662 )
xyz27=( -12.473658 34.640177 22.614662 )
xyz27=( -12.473658 34.640177 22.614662 )
xyz27=( -12.473658 34.640177 22.614662 )
xyz27=( -12.474064 34.640411 22.614730 )
xyz27=( -12.474064 34.640411 22.614730 )
xyz27=( -12.474064 34.640411 22.614730 )
xyz27=( -12.474064 34.640411 22.614730 )
xyz27=( -12.474469 34.640645 22.614798 )
xyz27=( -12.474469 34.640645 22.614798 )
xyz27=( -12.474469 34.640645 22.614798 )
xyz27=( -12.474469 34.640645 22.614798 )
xyz27=( -12.474875 34.640879 22.614865 )
xyz27=( -12.474875 34.640879 22.614865 )
xyz27=( -12.474875 34.640879 22.614865 )
xyz27=( -12.474875 34.640879 22.614865 )
xyz27=( -12.475280 34.641113 22.614933 )
xyz27=( -12.475280 34.641113 22.614933 )
xyz27=( -12.475280 34.641113 22.614933 )
xyz27=( -12.475280 34.641113 22.614933 )
xyz27=( -12.475685 34.641347 22.615000 )
xyz27=( -12.475685 34.641347 22.615000 )
xyz27=( -12.475685 34.641347 22.615000 )
xyz27=( -12.475685 34.641347 22.615000 )
xyz27=( -12.476090 34.641581 22.615068 )
xyz27=( -12.476090 34.641581 22.615068 )
xyz27=( -12.476090 34.641581 22.615068 )
xyz27=( -12.476090 34.641581 22.615068 )
xyz27=( -12.476495 34.641815 22.615135 )
xyz27=( -12.476495 34.641815 22.615135 )
xyz27=( -12.476495 34.641815 22.615135 )
xyz27=( -12.476495 34.641815 22.615135 )
xyz27=( -12.476900 34.642050 22.615203 )
xyz27=( -12.476900 34.642050 22.615203 )
xyz27=( -12.476900 34.642050 22.615203 )
xyz27=( -12.476900 34.642050 22.615203 )
xyz27=( -12.477304 34.642284 22.615270 )
xyz27=( -12.477304 34.642284 22.615270 )
xyz27=( -12.477304 34.642284 22.615270 )
xyz27=( -12.477304 34.642284 22.615270 )
xyz27=( -12.477708 34.642519 22.615337 )
xyz27=( -12.477708 34.642519 22.615337 )
xyz27=( -12.477708 34.642519 22.615337 )
xyz27=( -12.477708 34.642519 22.615337 )
xyz27=( -12.478113 34.642753 22.615404 )
xyz27=( -12.478113 34.642753 22.615404 )
xyz27=( -12.478113 34.642753 22.615404 )
xyz27=( -12.478113 34.642753 22.615404 )
xyz27=( -12.478517 34.642988 22.615471 )
xyz27=( -12.478517 34.642988 22.615471 )
xyz27=( -12.478517 34.642988 22.615471 )
xyz27=( -12.478517 34.642988 22.615471 )
xyz27=( -12.478920 34.643222 22.615538 )
xyz27=( -12.478920 34.643222 22.615538 )
xyz27=( -12.478920 34.643222 22.615538 )
xyz27=( -12.478920 34.643222 22.615538 )
xyz27=( -12.479324 34.643457 22.615605 )
xyz27=( -12.479324 34.643457 22.615605 )
xyz27=( -12.479324 34.643457 22.615605 )
xyz27=( -12.479324 34.643457 22.615605 )
xyz27=( -12.479727 34.643692 22.615672 )
xyz27=( -12.479727 34.643692 22.615672 )
xyz27=( -12.479727 34.643692 22.615672 )
xyz27=( -12.479727 34.643692 22.615672 )
xyz27=( -12.480131 34.643927 22.615739 )
xyz27=( -12.480131 34.643927 22.615739 )
xyz27=( -12.480131 34.643927 22.615739 )
xyz27=( -12.480131 34.643927 22.615739 )
xyz27=( -12.480534 34.644162 22.615806 )
xyz27=( -12.480534 34.644162 22.615806 )
xyz27=( -12.480534 34.644162 22.615806 )
xyz27=( -12.480534 34.644162 22.615806 )
xyz27=( -12.480937 34.644397 22.615872 )
xyz27=( -12.480937 34.644397 22.615872 )
xyz27=( -12.480937 34.644397 22.615872 )
xyz27=( -12.480937 34.644397 22.615872 )
xyz27=( -12.481340 34.644632 22.615939 )
xyz27=( -12.481340 34.644632 22.615939 )
xyz27=( -12.481340 34.644632 22.615939 )
xyz27=( -12.481340 34.644632 22.615939 )
xyz27=( -12.481742 34.644867 22.616005 )
xyz27=( -12.481742 34.644867 22.616005 )
xyz27=( -12.481742 34.644867 22.616005 )
xyz27=( -12.481742 34.644867 22.616005 )
xyz27=( -12.473252 34.639944 22.614594 )
xyz27=( -12.473252 34.639944 22.614594 )
xyz27=( -12.473252 34.639944 22.614594 )
xyz27=( -12.473252 34.639944 22.614594 )
xyz27=( -12.473658 34.640177 22.614662 )
xyz27=( -12.473658 34.640177 22.614662 )
xyz27=( -12.473658 34.640177 22.614662 )
xyz27=( -12.473658 34.640177 22.614662 )
xyz27=( -12.474064 34.640411 22.614730 )
xyz27=( -12.474064 34.640411 22.614730 )
xyz27=( -12.474064 34.640411 22.614730 )
xyz27=( -12.474064 34.640411 22.614730 )
xyz27=( -12.474469 34.640645 22.614798 )
xyz27=( -12.474469 34.640645 22.614798 )
xyz27=( -12.474469 34.640645 22.614798 )
xyz27=( -12.474469 34.640645 22.614798 )
xyz27=( -12.474875 34.640879 22.614865 )
xyz27=( -12.474875 34.640879 22.614865 )
xyz27=( -12.474875 34.640879 22.614865 )
xyz27=( -12.474875 34.640879 22.614865 )
xyz27=( -12.475280 34.641113 22.614933 )
xyz27=( -12.475280 34.641113 22.614933 )
xyz27=( -12.475280 34.641113 22.614933 )
xyz27=( -12.475280 34.641113 22.614933 )
xyz27=( -12.475685 34.641347 22.615000 )
xyz27=( -12.475685 34.641347 22.615000 )
xyz27=( -12.475685 34.641347 22.615000 )
xyz27=( -12.475685 34.641347 22.615000 )
xyz27=( -12.476090 34.641581 22.615068 )
xyz27=( -12.476090 34.641581 22.615068 )
xyz27=( -12.476090 34.641581 22.615068 )
xyz27=( -12.476090 34.641581 22.615068 )
xyz27=( -12.476495 34.641815 22.615135 )
xyz27=( -12.476495 34.641815 22.615135 )
xyz27=( -12.476495 34.641815 22.615135 )
xyz27=( -12.476495 34.641815 22.615135 )
xyz27=( -12.476900 34.642050 22.615203 )
xyz27=( -12.476900 34.642050 22.615203 )
xyz27=( -12.476900 34.642050 22.615203 )
xyz27=( -12.476900 34.642050 22.615203 )
xyz27=( -12.477304 34.642284 22.615270 )
xyz27=( -12.477304 34.642284 22.615270 )
xyz27=( -12.477304 34.642284 22.615270 )
xyz27=( -12.477304 34.642284 22.615270 )
xyz27=( -12.477708 34.642519 22.615337 )
xyz27=( -12.477708 34.642519 22.615337 )
xyz27=( -12.477708 34.642519 22.615337 )
xyz27=( -12.477708 34.642519 22.615337 )
xyz27=( -12.478113 34.642753 22.615404 )
xyz27=( -12.478113 34.642753 22.615404 )
xyz27=( -12.478113 34.642753 22.615404 )
xyz27=( -12.478113 34.642753 22.615404 )
xyz27=( -12.478517 34.642988 22.615471 )
xyz27=( -12.478517 34.642988 22.615471 )
xyz27=( -12.478517 34.642988 22.615471 )
xyz27=( -12.478517 34.642988 22.615471 )
xyz27=( -12.478920 34.643222 22.615538 )
xyz27=( -12.478920 34.643222 22.615538 )
xyz27=( -12.478920 34.643222 22.615538 )
xyz27=( -12.478920 34.643222 22.615538 )
xyz27=( -12.479324 34.643457 22.615605 )
xyz27=( -12.479324 34.643457 22.615605 )
xyz27=( -12.479324 34.643457 22.615605 )
xyz27=( -12.479324 34.643457 22.615605 )
xyz27=( -12.479727 34.643692 22.615672 )
xyz27=( -12.479727 34.643692 22.615672 )
xyz27=( -12.479727 34.643692 22.615672 )
xyz27=( -12.479727 34.643692 22.615672 )
xyz27=( -12.480131 34.643927 22.615739 )
xyz27=( -12.480131 34.643927 22.615739 )
xyz27=( -12.480131 34.643927 22.615739 )
xyz27=( -12.480131 34.643927 22.615739 )
xyz27=( -12.480534 34.644162 22.615806 )
xyz27=( -12.480534 34.644162 22.615806 )
xyz27=( -12.480534 34.644162 22.615806 )
xyz27=( -12.480534 34.644162 22.615806 )
xyz27=( -12.480937 34.644397 22.615872 )
xyz27=( -12.480937 34.644397 22.615872 )
xyz27=( -12.480937 34.644397 22.615872 )
xyz27=( -12.480937 34.644397 22.615872 )
xyz27=( -12.481340 34.644632 22.615939 )
xyz27=( -12.481340 34.644632 22.615939 )
xyz27=( -12.481340 34.644632 22.615939 )
xyz27=( -12.481340 34.644632 22.615939 )
xyz27=( -12.481742 34.644867 22.616005 )
xyz27=( -12.481742 34.644867 22.616005 )
xyz27=( -12.481742 34.644867 22.616005 )
xyz27=( -12.481742 34.644867 22.616005 )
xyz27=( -12.473252 34.639944 22.614594 )
xyz27=( -12.473252 34.639944 22.614594 )
xyz27=( -12.473252 34.639944 22.614594 )
xyz27=( -12.473252 34.639944 22.614594 )
xyz27=( -12.473658 34.640177 22.614662 )
xyz27=( -12.473658 34.640177 22.614662 )
xyz27=( -12.473658 34.640177 22.614662 )
xyz27=( -12.473658 34.640177 22.614662 )
xyz27=( -12.474064 34.640411 22.614730 )
xyz27=( -12.474064 34.640411 22.614730 )
xyz27=( -12.474064 34.640411 22.614730 )
xyz27=( -12.474064 34.640411 22.614730 )
xyz27=( -12.474469 34.640645 22.614798 )
xyz27=( -12.474469 34.640645 22.614798 )
xyz27=( -12.474469 34.640645 22.614798 )
xyz27=( -12.474469 34.640645 22.614798 )
xyz27=( -12.474875 34.640879 22.614865 )
xyz27=( -12.474875 34.640879 22.614865 )
xyz27=( -12.474875 34.640879 22.614865 )
xyz27=( -12.474875 34.640879 22.614865 )
xyz27=( -12.475280 34.641113 22.614933 )
xyz27=( -12.475280 34.641113 22.614933 )
xyz27=( -12.475280 34.641113 22.614933 )
xyz27=( -12.475280 34.641113 22.614933 )
xyz27=( -12.475685 34.641347 22.615000 )
xyz27=( -12.475685 34.641347 22.615000 )
xyz27=( -12.475685 34.641347 22.615000 )
xyz27=( -12.475685 34.641347 22.615000 )
xyz27=( -12.476090 34.641581 22.615068 )
xyz27=( -12.476090 34.641581 22.615068 )
xyz27=( -12.476090 34.641581 22.615068 )
xyz27=( -12.476090 34.641581 22.615068 )
xyz27=( -12.476495 34.641815 22.615135 )
xyz27=( -12.476495 34.641815 22.615135 )
xyz27=( -12.476495 34.641815 22.615135 )
xyz27=( -12.476495 34.641815 22.615135 )
xyz27=( -12.476900 34.642050 22.615203 )
xyz27=( -12.476900 34.642050 22.615203 )
xyz27=( -12.476900 34.642050 22.615203 )
xyz27=( -12.476900 34.642050 22.615203 )
xyz27=( -12.477304 34.642284 22.615270 )
xyz27=( -12.477304 34.642284 22.615270 )
xyz27=( -12.477304 34.642284 22.615270 )
xyz27=( -12.477304 34.642284 22.615270 )
xyz27=( -12.477708 34.642519 22.615337 )
xyz27=( -12.477708 34.642519 22.615337 )
xyz27=( -12.477708 34.642519 22.615337 )
xyz27=( -12.477708 34.642519 22.615337 )
xyz27=( -12.478113 34.642753 22.615404 )
xyz27=( -12.478113 34.642753 22.615404 )
xyz27=( -12.478113 34.642753 22.615404 )
xyz27=( -12.478113 34.642753 22.615404 )
xyz27=( -12.478517 34.642988 22.615471 )
xyz27=( -12.478517 34.642988 22.615471 )
xyz27=( -12.478517 34.642988 22.615471 )
xyz27=( -12.478517 34.642988 22.615471 )
xyz27=( -12.478920 34.643222 22.615538 )
xyz27=( -12.478920 34.643222 22.615538 )
xyz27=( -12.478920 34.643222 22.615538 )
xyz27=( -12.478920 34.643222 22.615538 )
xyz27=( -12.479324 34.643457 22.615605 )
xyz27=( -12.479324 34.643457 22.615605 )
xyz27=( -12.479324 34.643457 22.615605 )
xyz27=( -12.479324 34.643457 22.615605 )
xyz27=( -12.479727 34.643692 22.615672 )
xyz27=( -12.479727 34.643692 22.615672 )
xyz27=( -12.479727 34.643692 22.615672 )
xyz27=( -12.479727 34.643692 22.615672 )
xyz27=( -12.480131 34.643927 22.615739 )
xyz27=( -12.480131 34.643927 22.615739 )
xyz27=( -12.480131 34.643927 22.615739 )
xyz27=( -12.480131 34.643927 22.615739 )
xyz27=( -12.480534 34.644162 22.615806 )
xyz27=( -12.480534 34.644162 22.615806 )
xyz27=( -12.480534 34.644162 22.615806 )
xyz27=( -12.480534 34.644162 22.615806 )
xyz27=( -12.480937 34.644397 22.615872 )
xyz27=( -12.480937 34.644397 22.615872 )
xyz27=( -12.480937 34.644397 22.615872 )
xyz27=( -12.480937 34.644397 22.615872 )
xyz27=( -12.481340 34.644632 22.615939 )
xyz27=( -12.481340 34.644632 22.615939 )
xyz27=( -12.481340 34.644632 22.615939 )
xyz27=( -12.481340 34.644632 22.615939 )
xyz27=( -12.481742 34.644867 22.616005 )
xyz27=( -12.481742 34.644867 22.616005 )
xyz27=( -12.481742 34.644867 22.616005 )
xyz27=( -12.481742 34.644867 22.616005 )
xyz27=( -12.473252 34.639944 22.614594 )
xyz27=( -12.473252 34.639944 22.614594 )
xyz27=( -12.473252 34.639944 22.614594 )
xyz27=( -12.473252 34.639944 22.614594 )
xyz27=( -12.473658 34.640177 22.614662 )
xyz27=( -12.473658 34.640177 22.614662 )
xyz27=( -12.473658 34.640177 22.614662 )
xyz27=( -12.473658 34.640177 22.614662 )
xyz27=( -12.474064 34.640411 22.614730 )
xyz27=( -12.474064 34.640411 22.614730 )
xyz27=( -12.474064 34.640411 22.614730 )
xyz27=( -12.474064 34.640411 22.614730 )
xyz27=( -12.474469 34.640645 22.614798 )
xyz27=( -12.474469 34.640645 22.614798 )
xyz27=( -12.474469 34.640645 22.614798 )
xyz27=( -12.474469 34.640645 22.614798 )
xyz27=( -12.474875 34.640879 22.614865 )
xyz27=( -12.474875 34.640879 22.614865 )
xyz27=( -12.474875 34.640879 22.614865 )
xyz27=( -12.474875 34.640879 22.614865 )
xyz27=( -12.475280 34.641113 22.614933 )
xyz27=( -12.475280 34.641113 22.614933 )
xyz27=( -12.475280 34.641113 22.614933 )
xyz27=( -12.475280 34.641113 22.614933 )
xyz27=( -12.475685 34.641347 22.615000 )
xyz27=( -12.475685 34.641347 22.615000 )
xyz27=( -12.475685 34.641347 22.615000 )
xyz27=( -12.475685 34.641347 22.615000 )
xyz27=( -12.476090 34.641581 22.615068 )
xyz27=( -12.476090 34.641581 22.615068 )
xyz27=( -12.476090 34.641581 22.615068 )
xyz27=( -12.476090 34.641581 22.615068 )
xyz27=( -12.476495 34.641815 22.615135 )
xyz27=( -12.476495 34.641815 22.615135 )
xyz27=( -12.476495 34.641815 22.615135 )
xyz27=( -12.476495 34.641815 22.615135 )
xyz27=( -12.476900 34.642050 22.615203 )
xyz27=( -12.476900 34.642050 22.615203 )
xyz27=( -12.476900 34.642050 22.615203 )
xyz27=( -12.476900 34.642050 22.615203 )
xyz27=( -12.477304 34.642284 22.615270 )
xyz27=( -12.477304 34.642284 22.615270 )
xyz27=( -12.477304 34.642284 22.615270 )
xyz27=( -12.477304 34.642284 22.615270 )
xyz27=( -12.477708 34.642519 22.615337 )
xyz27=( -12.477708 34.642519 22.615337 )
xyz27=( -12.477708 34.642519 22.615337 )
xyz27=( -12.477708 34.642519 22.615337 )
xyz27=( -12.478113 34.642753 22.615404 )
xyz27=( -12.478113 34.642753 22.615404 )
xyz27=( -12.478113 34.642753 22.615404 )
xyz27=( -12.478113 34.642753 22.615404 )
xyz27=( -12.478517 34.642988 22.615471 )
xyz27=( -12.478517 34.642988 22.615471 )
xyz27=( -12.478517 34.642988 22.615471 )
xyz27=( -12.478517 34.642988 22.615471 )
xyz27=( -12.478920 34.643222 22.615538 )
xyz27=( -12.478920 34.643222 22.615538 )
xyz27=( -12.478920 34.643222 22.615538 )
xyz27=( -12.478920 34.643222 22.615538 )
xyz27=( -12.479324 34.643457 22.615605 )
xyz27=( -12.479324 34.643457 22.615605 )
xyz27=( -12.479324 34.643457 22.615605 )
xyz27=( -12.479324 34.643457 22.615605 )
xyz27=( -12.479727 34.643692 22.615672 )
xyz27=( -12.479727 34.643692 22.615672 )
xyz27=( -12.479727 34.643692 22.615672 )
xyz27=( -12.479727 34.643692 22.615672 )
xyz27=( -12.480131 34.643927 22.615739 )
xyz27=( -12.480131 34.643927 22.615739 )
xyz27=( -12.480131 34.643927 22.615739 )
xyz27=( -12.480131 34.643927 22.615739 )
xyz27=( -12.480534 34.644162 22.615806 )
xyz27=( -12.480534 34.644162 22.615806 )
xyz27=( -12.480534 34.644162 22.615806 )
xyz27=( -12.480534 34.644162 22.615806 )
xyz27=( -12.480937 34.644397 22.615872 )
xyz27=( -12.480937 34.644397 22.615872 )
xyz27=( -12.480937 34.644397 22.615872 )
xyz27=( -12.480937 34.644397 22.615872 )
xyz27=( -12.481340 34.644632 22.615939 )
xyz27=( -12.481340 34.644632 22.615939 )
xyz27=( -12.481340 34.644632 22.615939 )
xyz27=( -12.481340 34.644632 22.615939 )
xyz27=( -12.481742 34.644867 22.616005 )
xyz27=( -12.481742 34.644867 22.616005 )
xyz27=( -12.481742 34.644867 22.616005 )
xyz27=( -12.481742 34.644867 22.616005 )
xyz27=( -10.506197 35.659029 21.752158 )
xyz27=( -10.506197 35.659029 21.752158 )
xyz27=( -10.506197 35.659029 21.752158 )
xyz27=( -10.506197 35.659029 21.752158 )
xyz27=( -10.506172 35.659486 21.752037 )
xyz27=( -10.506172 35.659486 21.752037 )
xyz27=( -10.506172 35.659486 21.752037 )
xyz27=( -10.506172 35.659486 21.752037 )
xyz27=( -10.506148 35.659943 21.751916 )
xyz27=( -10.506148 35.659943 21.751916 )
xyz27=( -10.506148 35.659943 21.751916 )
xyz27=( -10.506148 35.659943 21.751916 )
xyz27=( -10.506123 35.660400 21.751795 )
xyz27=( -10.506123 35.660400 21.751795 )
xyz27=( -10.506123 35.660400 21.751795 )
xyz27=( -10.506123 35.660400 21.751795 )
xyz27=( -10.506099 35.660856 21.751674 )
xyz27=( -10.506099 35.660856 21.751674 )
xyz27=( -10.506099 35.660856 21.751674 )
xyz27=( -10.506099 35.660856 21.751674 )
xyz27=( -10.506074 35.661313 21.751553 )
xyz27=( -10.506074 35.661313 21.751553 )
xyz27=( -10.506074 35.661313 21.751553 )
xyz27=( -10.506074 35.661313 21.751553 )
xyz27=( -10.506050 35.661769 21.751433 )
xyz27=( -10.506050 35.661769 21.751433 )
xyz27=( -10.506050 35.661769 21.751433 )
xyz27=( -10.506050 35.661769 21.751433 )
xyz27=( -10.506026 35.662226 21.751312 )
xyz27=( -10.506026 35.662226 21.751312 )
xyz27=( -10.506026 35.662226 21.751312 )
xyz27=( -10.506026 35.662226 21.751312 )
xyz27=( -10.506003 35.662682 21.751192 )
xyz27=( -10.506003 35.662682 21.751192 )
xyz27=( -10.506003 35.662682 21.751192 )
xyz27=( -10.506003 35.662682 21.751192 )
xyz27=( -10.505979 35.663138 21.751071 )
xyz27=( -10.505979 35.663138 21.751071 )
xyz27=( -10.505979 35.663138 21.751071 )
xyz27=( -10.505979 35.663138 21.751071 )
xyz27=( -10.505955 35.663594 21.750951 )
xyz27=( -10.505955 35.663594 21.750951 )
xyz27=( -10.505955 35.663594 21.750951 )
xyz27=( -10.505955 35.663594 21.750951 )
xyz27=( -10.505932 35.664050 21.750831 )
xyz27=( -10.505932 35.664050 21.750831 )
xyz27=( -10.505932 35.664050 21.750831 )
xyz27=( -10.505932 35.664050 21.750831 )
xyz27=( -10.505909 35.664506 21.750710 )
xyz27=( -10.505909 35.664506 21.750710 )
xyz27=( -10.505909 35.664506 21.750710 )
xyz27=( -10.505909 35.664506 21.750710 )
xyz27=( -10.505886 35.664962 21.750590 )
xyz27=( -10.505886 35.664962 21.750590 )
xyz27=( -10.505886 35.664962 21.750590 )
xyz27=( -10.505886 35.664962 21.750590 )
xyz27=( -10.505863 35.665418 21.750470 )
xyz27=( -10.505863 35.665418 21.750470 )
xyz27=( -10.505863 35.665418 21.750470 )
xyz27=( -10.505863 35.665418 21.750470 )
xyz27=( -10.505840 35.665873 21.750350 )
xyz27=( -10.505840 35.665873 21.750350 )
xyz27=( -10.505840 35.665873 21.750350 )
xyz27=( -10.505840 35.665873 21.750350 )
xyz27=( -10.505818 35.666329 21.750230 )
xyz27=( -10.505818 35.666329 21.750230 )
xyz27=( -10.505818 35.666329 21.750230 )
xyz27=( -10.505818 35.666329 21.750230 )
xyz27=( -10.505796 35.666784 21.750110 )
xyz27=( -10.505796 35.666784 21.750110 )
xyz27=( -10.505796 35.666784 21.750110 )
xyz27=( -10.505796 35.666784 21.750110 )
xyz27=( -10.505773 35.667240 21.749991 )
xyz27=( -10.505773 35.667240 21.749991 )
xyz27=( -10.505773 35.667240 21.749991 )
xyz27=( -10.505773 35.667240 21.749991 )
xyz27=( -10.505751 35.667695 21.749871 )
xyz27=( -10.505751 35.667695 21.749871 )
xyz27=( -10.505751 35.667695 21.749871 )
xyz27=( -10.505751 35.667695 21.749871 )
xyz27=( -10.505729 35.668150 21.749751 )
xyz27=( -10.505729 35.668150 21.749751 )
xyz27=( -10.505729 35.668150 21.749751 )
xyz27=( -10.505729 35.668150 21.749751 )
xyz27=( -10.505708 35.668605 21.749632 )
xyz27=( -10.505708 35.668605 21.749632 )
xyz27=( -10.505708 35.668605 21.749632 )
xyz27=( -10.505708 35.668605 21.749632 )
xyz27=( -10.506197 35.659029 21.752158 )
xyz27=( -10.506197 35.659029 21.752158 )
xyz27=( -10.506197 35.659029 21.752158 )
xyz27=( -10.506197 35.659029 21.752158 )
xyz27=( -10.506172 35.659486 21.752037 )
xyz27=( -10.506172 35.659486 21.752037 )
xyz27=( -10.506172 35.659486 21.752037 )
xyz27=( -10.506172 35.659486 21.752037 )
xyz27=( -10.506148 35.659943 21.751916 )
xyz27=( -10.506148 35.659943 21.751916 )
xyz27=( -10.506148 35.659943 21.751916 )
xyz27=( -10.506148 35.659943 21.751916 )
xyz27=( -10.506123 35.660400 21.751795 )
xyz27=( -10.506123 35.660400 21.751795 )
xyz27=( -10.506123 35.660400 21.751795 )
xyz27=( -10.506123 35.660400 21.751795 )
xyz27=( -10.506099 35.660856 21.751674 )
xyz27=( -10.506099 35.660856 21.751674 )
xyz27=( -10.506099 35.660856 21.751674 )
xyz27=( -10.506099 35.660856 21.751674 )
xyz27=( -10.506074 35.661313 21.751553 )
xyz27=( -10.506074 35.661313 21.751553 )
xyz27=( -10.506074 35.661313 21.751553 )
xyz27=( -10.506074 35.661313 21.751553 )
xyz27=( -10.506050 35.661769 21.751433 )
xyz27=( -10.506050 35.661769 21.751433 )
xyz27=( -10.506050 35.661769 21.751433 )
xyz27=( -10.506050 35.661769 21.751433 )
xyz27=( -10.506026 35.662226 21.751312 )
xyz27=( -10.506026 35.662226 21.751312 )
xyz27=( -10.506026 35.662226 21.751312 )
xyz27=( -10.506026 35.662226 21.751312 )
xyz27=( -10.506003 35.662682 21.751192 )
xyz27=( -10.506003 35.662682 21.751192 )
xyz27=( -10.506003 35.662682 21.751192 )
xyz27=( -10.506003 35.662682 21.751192 )
xyz27=( -10.505979 35.663138 21.751071 )
xyz27=( -10.505979 35.663138 21.751071 )
xyz27=( -10.505979 35.663138 21.751071 )
xyz27=( -10.505979 35.663138 21.751071 )
xyz27=( -10.505955 35.663594 21.750951 )
xyz27=( -10.505955 35.663594 21.750951 )
xyz27=( -10.505955 35.663594 21.750951 )
xyz27=( -10.505955 35.663594 21.750951 )
xyz27=( -10.505932 35.664050 21.750831 )
xyz27=( -10.505932 35.664050 21.750831 )
xyz27=( -10.505932 35.664050 21.750831 )
xyz27=( -10.505932 35.664050 21.750831 )
xyz27=( -10.505909 35.664506 21.750710 )
xyz27=( -10.505909 35.664506 21.750710 )
xyz27=( -10.505909 35.664506 21.750710 )
xyz27=( -10.505909 35.664506 21.750710 )
xyz27=( -10.505886 35.664962 21.750590 )
xyz27=( -10.505886 35.664962 21.750590 )
xyz27=( -10.505886 35.664962 21.750590 )
xyz27=( -10.505886 35.664962 21.750590 )
xyz27=( -10.505863 35.665418 21.750470 )
xyz27=( -10.505863 35.665418 21.750470 )
xyz27=( -10.505863 35.665418 21.750470 )
xyz27=( -10.505863 35.665418 21.750470 )
xyz27=( -10.505840 35.665873 21.750350 )
xyz27=( -10.505840 35.665873 21.750350 )
xyz27=( -10.505840 35.665873 21.750350 )
xyz27=( -10.505840 35.665873 21.750350 )
xyz27=( -10.505818 35.666329 21.750230 )
xyz27=( -10.505818 35.666329 21.750230 )
xyz27=( -10.505818 35.666329 21.750230 )
xyz27=( -10.505818 35.666329 21.750230 )
xyz27=( -10.505796 35.666784 21.750110 )
xyz27=( -10.505796 35.666784 21.750110 )
xyz27=( -10.505796 35.666784 21.750110 )
xyz27=( -10.505796 35.666784 21.750110 )
xyz27=( -10.505773 35.667240 21.749991 )
xyz27=( -10.505773 35.667240 21.749991 )
xyz27=( -10.505773 35.667240 21.749991 )
xyz27=( -10.505773 35.667240 21.749991 )
xyz27=( -10.505751 35.667695 21.749871 )
xyz27=( -10.505751 35.667695 21.749871 )
xyz27=( -10.505751 35.667695 21.749871 )
xyz27=( -10.505751 35.667695 21.749871 )
xyz27=( -10.505729 35.668150 21.749751 )
xyz27=( -10.505729 35.668150 21.749751 )
xyz27=( -10.505729 35.668150 21.749751 )
xyz27=( -10.505729 35.668150 21.749751 )
xyz27=( -10.505708 35.668605 21.749632 )
xyz27=( -10.505708 35.668605 21.749632 )
xyz27=( -10.505708 35.668605 21.749632 )
xyz27=( -10.505708 35.668605 21.749632 )
xyz27=( -10.506197 35.659029 21.752158 )
xyz27=( -10.506197 35.659029 21.752158 )
xyz27=( -10.506197 35.659029 21.752158 )
xyz27=( -10.506197 35.659029 21.752158 )
xyz27=( -10.506172 35.659486 21.752037 )
xyz27=( -10.506172 35.659486 21.752037 )
xyz27=( -10.506172 35.659486 21.752037 )
xyz27=( -10.506172 35.659486 21.752037 )
xyz27=( -10.506148 35.659943 21.751916 )
xyz27=( -10.506148 35.659943 21.751916 )
xyz27=( -10.506148 35.659943 21.751916 )
xyz27=( -10.506148 35.659943 21.751916 )
xyz27=( -10.506123 35.660400 21.751795 )
xyz27=( -10.506123 35.660400 21.751795 )
xyz27=( -10.506123 35.660400 21.751795 )
xyz27=( -10.506123 35.660400 21.751795 )
xyz27=( -10.506099 35.660856 21.751674 )
xyz27=( -10.506099 35.660856 21.751674 )
xyz27=( -10.506099 35.660856 21.751674 )
xyz27=( -10.506099 35.660856 21.751674 )
xyz27=( -10.506074 35.661313 21.751553 )
xyz27=( -10.506074 35.661313 21.751553 )
xyz27=( -10.506074 35.661313 21.751553 )
xyz27=( -10.506074 35.661313 21.751553 )
xyz27=( -10.506050 35.661769 21.751433 )
xyz27=( -10.506050 35.661769 21.751433 )
xyz27=( -10.506050 35.661769 21.751433 )
xyz27=( -10.506050 35.661769 21.751433 )
xyz27=( -10.506026 35.662226 21.751312 )
xyz27=( -10.506026 35.662226 21.751312 )
xyz27=( -10.506026 35.662226 21.751312 )
xyz27=( -10.506026 35.662226 21.751312 )
xyz27=( -10.506003 35.662682 21.751192 )
xyz27=( -10.506003 35.662682 21.751192 )
xyz27=( -10.506003 35.662682 21.751192 )
xyz27=( -10.506003 35.662682 21.751192 )
xyz27=( -10.505979 35.663138 21.751071 )
xyz27=( -10.505979 35.663138 21.751071 )
xyz27=( -10.505979 35.663138 21.751071 )
xyz27=( -10.505979 35.663138 21.751071 )
xyz27=( -10.505955 35.663594 21.750951 )
xyz27=( -10.505955 35.663594 21.750951 )
xyz27=( -10.505955 35.663594 21.750951 )
xyz27=( -10.505955 35.663594 21.750951 )
xyz27=( -10.505932 35.664050 21.750831 )
xyz27=( -10.505932 35.664050 21.750831 )
xyz27=( -10.505932 35.664050 21.750831 )
xyz27=( -10.505932 35.664050 21.750831 )
xyz27=( -10.505909 35.664506 21.750710 )
xyz27=( -10.505909 35.664506 21.750710 )
xyz27=( -10.505909 35.664506 21.750710 )
xyz27=( -10.505909 35.664506 21.750710 )
xyz27=( -10.505886 35.664962 21.750590 )
xyz27=( -10.505886 35.664962 21.750590 )
xyz27=( -10.505886 35.664962 21.750590 )
xyz27=( -10.505886 35.664962 21.750590 )
xyz27=( -10.505863 35.665418 21.750470 )
xyz27=( -10.505863 35.665418 21.750470 )
xyz27=( -10.505863 35.665418 21.750470 )
xyz27=( -10.505863 35.665418 21.750470 )
xyz27=( -10.505840 35.665873 21.750350 )
xyz27=( -10.505840 35.665873 21.750350 )
xyz27=( -10.505840 35.665873 21.750350 )
xyz27=( -10.505840 35.665873 21.750350 )
xyz27=( -10.505818 35.666329 21.750230 )
xyz27=( -10.505818 35.666329 21.750230 )
xyz27=( -10.505818 35.666329 21.750230 )
xyz27=( -10.505818 35.666329 21.750230 )
xyz27=( -10.505796 35.666784 21.750110 )
xyz27=( -10.505796 35.666784 21.750110 )
xyz27=( -10.505796 35.666784 21.750110 )
xyz27=( -10.505796 35.666784 21.750110 )
xyz27=( -10.505773 35.667240 21.749991 )
xyz27=( -10.505773 35.667240 21.749991 )
xyz27=( -10.505773 35.667240 21.749991 )
xyz27=( -10.505773 35.667240 21.749991 )
xyz27=( -10.505751 35.667695 21.749871 )
xyz27=( -10.505751 35.667695 21.749871 )
xyz27=( -10.505751 35.667695 21.749871 )
xyz27=( -10.505751 35.667695 21.749871 )
xyz27=( -10.505729 35.668150 21.749751 )
xyz27=( -10.505729 35.668150 21.749751 )
xyz27=( -10.505729 35.668150 21.749751 )
xyz27=( -10.505729 35.668150 21.749751 )
xyz27=( -10.505708 35.668605 21.749632 )
xyz27=( -10.505708 35.668605 21.749632 )
xyz27=( -10.505708 35.668605 21.749632 )
xyz27=( -10.505708 35.668605 21.749632 )
xyz27=( -10.506197 35.659029 21.752158 )
xyz27=( -10.506197 35.659029 21.752158 )
xyz27=( -10.506197 35.659029 21.752158 )
xyz27=( -10.506197 35.659029 21.752158 )
xyz27=( -10.506172 35.659486 21.752037 )
xyz27=( -10.506172 35.659486 21.752037 )
xyz27=( -10.506172 35.659486 21.752037 )
xyz27=( -10.506172 35.659486 21.752037 )
xyz27=( -10.506148 35.659943 21.751916 )
xyz27=( -10.506148 35.659943 21.751916 )
xyz27=( -10.506148 35.659943 21.751916 )
xyz27=( -10.506148 35.659943 21.751916 )
xyz27=( -10.506123 35.660400 21.751795 )
xyz27=( -10.506123 35.660400 21.751795 )
xyz27=( -10.506123 35.660400 21.751795 )
xyz27=( -10.506123 35.660400 21.751795 )
xyz27=( -10.506099 35.660856 21.751674 )
xyz27=( -10.506099 35.660856 21.751674 )
xyz27=( -10.506099 35.660856 21.751674 )
xyz27=( -10.506099 35.660856 21.751674 )
xyz27=( -10.506074 35.661313 21.751553 )
xyz27=( -10.506074 35.661313 21.751553 )
xyz27=( -10.506074 35.661313 21.751553 )
xyz27=( -10.506074 35.661313 21.751553 )
xyz27=( -10.506050 35.661769 21.751433 )
xyz27=( -10.506050 35.661769 21.751433 )
xyz27=( -10.506050 35.661769 21.751433 )
xyz27=( -10.506050 35.661769 21.751433 )
xyz27=( -10.506026 35.662226 21.751312 )
xyz27=( -10.506026 35.662226 21.751312 )
xyz27=( -10.506026 35.662226 21.751312 )
xyz27=( -10.506026 35.662226 21.751312 )
xyz27=( -10.506003 35.662682 21.751192 )
xyz27=( -10.506003 35.662682 21.751192 )
xyz27=( -10.506003 35.662682 21.751192 )
xyz27=( -10.506003 35.662682 21.751192 )
xyz27=( -10.505979 35.663138 21.751071 )
xyz27=( -10.505979 35.663138 21.751071 )
xyz27=( -10.505979 35.663138 21.751071 )
xyz27=( -10.505979 35.663138 21.751071 )
xyz27=( -10.505955 35.663594 21.750951 )
xyz27=( -10.505955 35.663594 21.750951 )
xyz27=( -10.505955 35.663594 21.750951 )
xyz27=( -10.505955 35.663594 21.750951 )
xyz27=( -10.505932 35.664050 21.750831 )
xyz27=( -10.505932 35.664050 21.750831 )
xyz27=( -10.505932 35.664050 21.750831 )
xyz27=( -10.505932 35.664050 21.750831 )
xyz27=( -10.505909 35.664506 21.750710 )
xyz27=( -10.505909 35.664506 21.750710 )
xyz27=( -10.505909 35.664506 21.750710 )
xyz27=( -10.505909 35.664506 21.750710 )
xyz27=( -10.505886 35.664962 21.750590 )
xyz27=( -10.505886 35.664962 21.750590 )
xyz27=( -10.505886 35.664962 21.750590 )
xyz27=( -10.505886 35.664962 21.750590 )
xyz27=( -10.505863 35.665418 21.750470 )
xyz27=( -10.505863 35.665418 21.750470 )
xyz27=( -10.505863 35.665418 21.750470 )
xyz27=( -10.505863 35.665418 21.750470 )
xyz27=( -10.505840 35.665873 21.750350 )
xyz27=( -10.505840 35.665873 21.750350 )
xyz27=( -10.505840 35.665873 21.750350 )
xyz27=( -10.505840 35.665873 21.750350 )
xyz27=( -10.505818 35.666329 21.750230 )
xyz27=( -10.505818 35.666329 21.750230 )
xyz27=( -10.505818 35.666329 21.750230 )
xyz27=( -10.505818 35.666329 21.750230 )
xyz27=( -10.505796 35.666784 21.750110 )
xyz27=( -10.505796 35.666784 21.750110 )
xyz27=( -10.505796 35.666784 21.750110 )
xyz27=( -10.505796 35.666784 21.750110 )
xyz27=( -10.505773 35.667240 21.749991 )
xyz27=( -10.505773 35.667240 21.749991 )
xyz27=( -10.505773 35.667240 21.749991 )
xyz27=( -10.505773 35.667240 21.749991 )
xyz27=( -10.505751 35.667695 21.749871 )
xyz27=( -10.505751 35.667695 21.749871 )
xyz27=( -10.505751 35.667695 21.749871 )
xyz27=( -10.505751 35.667695 21.749871 )
xyz27=( -10.505729 35.668150 21.749751 )
xyz27=( -10.505729 35.668150 21.749751 )
xyz27=( -10.505729 35.668150 21.749751 )
xyz27=( -10.505729 35.668150 21.749751 )
xyz27=( -10.505708 35.668605 21.749632 )
xyz27=( -10.505708 35.668605 21.749632 )
xyz27=( -10.505708 35.668605 21.749632 )
xyz27=( -10.505708 35.668605 21.749632 )
