xyz27=( -12.473400 34.640029 22.614619 )
xyz27=( -12.473400 34.640029 22.614619 )
xyz27=( -12.473400 34.640029 22.614619 )
xyz27=( -12.473400 34.640029 22.614619 )
xyz27=( -12.477488 34.642391 22.615300 )
xyz27=( -12.477488 34.642391 22.615300 )
xyz27=( -12.477488 34.642391 22.615300 )
xyz27=( -12.477488 34.642391 22.615300 )
xyz27=( -12.481559 34.644760 22.615975 )
xyz27=( -12.481559 34.644760 22.615975 )
xyz27=( -12.481559 34.644760 22.615975 )
xyz27=( -12.481559 34.644760 22.615975 )
xyz27=( -12.473400 34.640029 22.614619 )
xyz27=( -12.473400 34.640029 22.614619 )
xyz27=( -12.473400 34.640029 22.614619 )
xyz27=( -12.473400 34.640029 22.614619 )
xyz27=( -12.477488 34.642391 22.615300 )
xyz27=( -12.477488 34.642391 22.615300 )
xyz27=( -12.477488 34.642391 22.615300 )
xyz27=( -12.477488 34.642391 22.615300 )
xyz27=( -12.481559 34.644760 22.615975 )
xyz27=( -12.481559 34.644760 22.615975 )
xyz27=( -12.481559 34.644760 22.615975 )
xyz27=( -12.481559 34.644760 22.615975 )
xyz27=( -12.473400 34.640029 22.614619 )
xyz27=( -12.473400 34.640029 22.614619 )
xyz27=( -12.473400 34.640029 22.614619 )
xyz27=( -12.473400 34.640029 22.614619 )
xyz27=( -12.477488 34.642391 22.615300 )
xyz27=( -12.477488 34.642391 22.615300 )
xyz27=( -12.477488 34.642391 22.615300 )
xyz27=( -12.477488 34.642391 22.615300 )
xyz27=( -12.481559 34.644760 22.615975 )
xyz27=( -12.481559 34.644760 22.615975 )
xyz27=( -12.481559 34.644760 22.615975 )
xyz27=( -12.481559 34.644760 22.615975 )
xyz27=( -12.473400 34.640029 22.614619 )
xyz27=( -12.473400 34.640029 22.614619 )
xyz27=( -12.473400 34.640029 22.614619 )
xyz27=( -12.473400 34.640029 22.614619 )
xyz27=( -12.477488 34.642391 22.615300 )
xyz27=( -12.477488 34.642391 22.615300 )
xyz27=( -12.477488 34.642391 22.615300 )
xyz27=( -12.477488 34.642391 22.615300 )
xyz27=( -12.481559 34.644760 22.615975 )
xyz27=( -12.481559 34.644760 22.615975 )
xyz27=( -12.481559 34.644760 22.615975 )
xyz27=( -12.481559 34.644760 22.615975 )
xyz27=( -10.506188 35.659195 21.752114 )
xyz27=( -10.506188 35.659195 21.752114 )
xyz27=( -10.506188 35.659195 21.752114 )
xyz27=( -10.506188 35.659195 21.752114 )
xyz27=( -10.505945 35.663801 21.750896 )
xyz27=( -10.505945 35.663801 21.750896 )
xyz27=( -10.505945 35.663801 21.750896 )
xyz27=( -10.505945 35.663801 21.750896 )
xyz27=( -10.505717 35.668398 21.749686 )
xyz27=( -10.505717 35.668398 21.749686 )
xyz27=( -10.505717 35.668398 21.749686 )
xyz27=( -10.505717 35.668398 21.749686 )
xyz27=( -10.506188 35.659195 21.752114 )
xyz27=( -10.506188 35.659195 21.752114 )
xyz27=( -10.506188 35.659195 21.752114 )
xyz27=( -10.506188 35.659195 21.752114 )
xyz27=( -10.505945 35.663801 21.750896 )
xyz27=( -10.505945 35.663801 21.750896 )
xyz27=( -10.505945 35.663801 21.750896 )
xyz27=( -10.505945 35.663801 21.750896 )
xyz27=( -10.505717 35.668398 21.749686 )
xyz27=( -10.505717 35.668398 21.749686 )
xyz27=( -10.505717 35.668398 21.749686 )
xyz27=( -10.505717 35.668398 21.749686 )
xyz27=( -10.506188 35.659195 21.752114 )
xyz27=( -10.506188 35.659195 21.752114 )
xyz27=( -10.506188 35.659195 21.752114 )
xyz27=( -10.506188 35.659195 21.752114 )
xyz27=( -10.505945 35.663801 21.750896 )
xyz27=( -10.505945 35.663801 21.750896 )
xyz27=( -10.505945 35.663801 21.750896 )
xyz27=( -10.505945 35.663801 21.750896 )
xyz27=( -10.505717 35.668398 21.749686 )
xyz27=( -10.505717 35.668398 21.749686 )
xyz27=( -10.505717 35.668398 21.749686 )
xyz27=( -10.505717 35.668398 21.749686 )
xyz27=( -10.506188 35.659195 21.752114 )
xyz27=( -10.506188 35.659195 21.752114 )
xyz27=( -10.506188 35.659195 21.752114 )
xyz27=( -10.506188 35.659195 21.752114 )
xyz27=( -10.505945 35.663801 21.750896 )
xyz27=( -10.505945 35.663801 21.750896 )
xyz27=( -10.505945 35.663801 21.750896 )
xyz27=( -10.505945 35.663801 21.750896 )
xyz27=( -10.505717 35.668398 21.749686 )
xyz27=( -10.505717 35.668398 21.749686 )
xyz27=( -10.505717 35.668398 21.749686 )
xyz27=( -10.505717 35.668398 21.749686 )
