d_37_33=3.425245066476 eijMax=7.044E-03 rmsd=5.535E-02 s=[ 0 0 0 0 1 1 0 0 0 1 1 1 0 0 0 0 1 0 0 1 1 1 0 0 1 1 0 0 0 1 0 0 1 1 1 0 1 0 0 0 0 1 0 0 1 1 0 0 0 0 0 0 0 0 0 0 0 0 0 ]
d_37_33=3.425245066476 eijMax=7.044E-03 rmsd=8.705E-02 s=[ 0 0 0 0 1 1 0 0 0 1 1 1 0 0 0 0 1 0 0 1 1 1 0 0 1 1 0 0 0 1 0 0 1 1 1 0 1 0 0 0 0 1 0 0 1 1 0 0 0 0 0 0 0 0 0 1 0 0 0 ]
d_37_33=3.425245066476 eijMax=7.044E-03 rmsd=5.522E-02 s=[ 0 0 0 0 1 1 0 0 0 1 1 1 0 0 0 0 1 0 0 1 1 1 0 0 1 1 0 0 0 1 0 0 1 1 1 0 1 0 0 0 0 1 0 1 1 1 0 0 0 0 0 0 0 0 0 0 0 0 0 ]
d_37_33=3.425245066476 eijMax=7.044E-03 rmsd=8.697E-02 s=[ 0 0 0 0 1 1 0 0 0 1 1 1 0 0 0 0 1 0 0 1 1 1 0 0 1 1 0 0 0 1 0 0 1 1 1 0 1 0 0 0 0 1 0 1 1 1 0 0 0 0 0 0 0 0 0 1 0 0 0 ]
d_37_33=3.425245066476 eijMax=7.044E-03 rmsd=7.288E-02 s=[ 0 0 0 0 1 1 0 0 0 1 1 1 0 0 0 0 1 0 0 1 1 1 0 0 1 1 0 0 0 1 0 0 1 1 1 0 1 0 0 0 1 1 0 0 1 1 0 0 0 0 0 0 0 0 0 0 0 0 0 ]
d_37_33=3.425245066476 eijMax=7.044E-03 rmsd=9.866E-02 s=[ 0 0 0 0 1 1 0 0 0 1 1 1 0 0 0 0 1 0 0 1 1 1 0 0 1 1 0 0 0 1 0 0 1 1 1 0 1 0 0 0 1 1 0 0 1 1 0 0 0 0 0 0 0 0 0 1 0 0 0 ]
d_37_33=3.425245066476 eijMax=7.044E-03 rmsd=7.277E-02 s=[ 0 0 0 0 1 1 0 0 0 1 1 1 0 0 0 0 1 0 0 1 1 1 0 0 1 1 0 0 0 1 0 0 1 1 1 0 1 0 0 0 1 1 0 1 1 1 0 0 0 0 0 0 0 0 0 0 0 0 0 ]
d_37_33=3.425245066476 eijMax=7.044E-03 rmsd=9.859E-02 s=[ 0 0 0 0 1 1 0 0 0 1 1 1 0 0 0 0 1 0 0 1 1 1 0 0 1 1 0 0 0 1 0 0 1 1 1 0 1 0 0 0 1 1 0 1 1 1 0 0 0 0 0 0 0 0 0 1 0 0 0 ]
d_37_33=3.425245066476 eijMax=7.044E-03 rmsd=6.235E-02 s=[ 0 0 0 0 1 1 0 0 0 1 1 1 0 0 0 0 1 0 0 1 1 1 0 0 1 1 0 0 0 1 0 0 1 1 1 1 1 0 0 0 0 1 0 0 1 1 0 0 0 0 0 0 0 0 0 0 0 0 0 ]
d_37_33=3.425245066476 eijMax=7.044E-03 rmsd=9.180E-02 s=[ 0 0 0 0 1 1 0 0 0 1 1 1 0 0 0 0 1 0 0 1 1 1 0 0 1 1 0 0 0 1 0 0 1 1 1 1 1 0 0 0 0 1 0 0 1 1 0 0 0 0 0 0 0 0 0 1 0 0 0 ]
d_37_33=3.425245066476 eijMax=7.044E-03 rmsd=6.223E-02 s=[ 0 0 0 0 1 1 0 0 0 1 1 1 0 0 0 0 1 0 0 1 1 1 0 0 1 1 0 0 0 1 0 0 1 1 1 1 1 0 0 0 0 1 0 1 1 1 0 0 0 0 0 0 0 0 0 0 0 0 0 ]
d_37_33=3.425245066476 eijMax=7.044E-03 rmsd=9.172E-02 s=[ 0 0 0 0 1 1 0 0 0 1 1 1 0 0 0 0 1 0 0 1 1 1 0 0 1 1 0 0 0 1 0 0 1 1 1 1 1 0 0 0 0 1 0 1 1 1 0 0 0 0 0 0 0 0 0 1 0 0 0 ]
d_37_33=3.425245066476 eijMax=7.044E-03 rmsd=7.831E-02 s=[ 0 0 0 0 1 1 0 0 0 1 1 1 0 0 0 0 1 0 0 1 1 1 0 0 1 1 0 0 0 1 0 0 1 1 1 1 1 0 0 0 1 1 0 0 1 1 0 0 0 0 0 0 0 0 0 0 0 0 0 ]
d_37_33=3.425245066476 eijMax=7.044E-03 rmsd=1.029E-01 s=[ 0 0 0 0 1 1 0 0 0 1 1 1 0 0 0 0 1 0 0 1 1 1 0 0 1 1 0 0 0 1 0 0 1 1 1 1 1 0 0 0 1 1 0 0 1 1 0 0 0 0 0 0 0 0 0 1 0 0 0 ]
d_37_33=3.425245066476 eijMax=7.044E-03 rmsd=7.821E-02 s=[ 0 0 0 0 1 1 0 0 0 1 1 1 0 0 0 0 1 0 0 1 1 1 0 0 1 1 0 0 0 1 0 0 1 1 1 1 1 0 0 0 1 1 0 1 1 1 0 0 0 0 0 0 0 0 0 0 0 0 0 ]
d_37_33=3.425245066476 eijMax=7.044E-03 rmsd=1.028E-01 s=[ 0 0 0 0 1 1 0 0 0 1 1 1 0 0 0 0 1 0 0 1 1 1 0 0 1 1 0 0 0 1 0 0 1 1 1 1 1 0 0 0 1 1 0 1 1 1 0 0 0 0 0 0 0 0 0 1 0 0 0 ]
d_37_33=3.425445266677 eijMax=3.356E-03 rmsd=2.642E-02 s=[ 0 0 0 0 1 1 0 0 0 1 1 1 0 0 0 0 1 0 0 1 1 1 0 0 1 1 0 0 0 1 0 0 1 1 1 0 1 0 0 0 0 1 0 0 1 1 0 0 0 0 0 0 0 0 0 0 0 0 0 ]
d_37_33=3.425445266677 eijMax=3.356E-03 rmsd=7.187E-02 s=[ 0 0 0 0 1 1 0 0 0 1 1 1 0 0 0 0 1 0 0 1 1 1 0 0 1 1 0 0 0 1 0 0 1 1 1 0 1 0 0 0 0 1 0 0 1 1 0 0 0 0 0 0 0 0 0 1 0 0 0 ]
d_37_33=3.425445266677 eijMax=3.356E-03 rmsd=2.628E-02 s=[ 0 0 0 0 1 1 0 0 0 1 1 1 0 0 0 0 1 0 0 1 1 1 0 0 1 1 0 0 0 1 0 0 1 1 1 0 1 0 0 0 0 1 0 1 1 1 0 0 0 0 0 0 0 0 0 0 0 0 0 ]
d_37_33=3.425445266677 eijMax=3.356E-03 rmsd=7.183E-02 s=[ 0 0 0 0 1 1 0 0 0 1 1 1 0 0 0 0 1 0 0 1 1 1 0 0 1 1 0 0 0 1 0 0 1 1 1 0 1 0 0 0 0 1 0 1 1 1 0 0 0 0 0 0 0 0 0 1 0 0 0 ]
d_37_33=3.425445266677 eijMax=3.356E-03 rmsd=5.273E-02 s=[ 0 0 0 0 1 1 0 0 0 1 1 1 0 0 0 0 1 0 0 1 1 1 0 0 1 1 0 0 0 1 0 0 1 1 1 0 1 0 0 0 1 1 0 0 1 1 0 0 0 0 0 0 0 0 0 0 0 0 0 ]
d_37_33=3.425445266677 eijMax=3.356E-03 rmsd=8.460E-02 s=[ 0 0 0 0 1 1 0 0 0 1 1 1 0 0 0 0 1 0 0 1 1 1 0 0 1 1 0 0 0 1 0 0 1 1 1 0 1 0 0 0 1 1 0 0 1 1 0 0 0 0 0 0 0 0 0 1 0 0 0 ]
d_37_33=3.425445266677 eijMax=3.356E-03 rmsd=5.266E-02 s=[ 0 0 0 0 1 1 0 0 0 1 1 1 0 0 0 0 1 0 0 1 1 1 0 0 1 1 0 0 0 1 0 0 1 1 1 0 1 0 0 0 1 1 0 1 1 1 0 0 0 0 0 0 0 0 0 0 0 0 0 ]
d_37_33=3.425445266677 eijMax=3.356E-03 rmsd=8.457E-02 s=[ 0 0 0 0 1 1 0 0 0 1 1 1 0 0 0 0 1 0 0 1 1 1 0 0 1 1 0 0 0 1 0 0 1 1 1 0 1 0 0 0 1 1 0 1 1 1 0 0 0 0 0 0 0 0 0 1 0 0 0 ]
d_37_33=3.425445266677 eijMax=3.356E-03 rmsd=3.989E-02 s=[ 0 0 0 0 1 1 0 0 0 1 1 1 0 0 0 0 1 0 0 1 1 1 0 0 1 1 0 0 0 1 0 0 1 1 1 1 1 0 0 0 0 1 0 0 1 1 0 0 0 0 0 0 0 0 0 0 0 0 0 ]
d_37_33=3.425445266677 eijMax=3.356E-03 rmsd=7.801E-02 s=[ 0 0 0 0 1 1 0 0 0 1 1 1 0 0 0 0 1 0 0 1 1 1 0 0 1 1 0 0 0 1 0 0 1 1 1 1 1 0 0 0 0 1 0 0 1 1 0 0 0 0 0 0 0 0 0 1 0 0 0 ]
d_37_33=3.425445266677 eijMax=3.356E-03 rmsd=3.981E-02 s=[ 0 0 0 0 1 1 0 0 0 1 1 1 0 0 0 0 1 0 0 1 1 1 0 0 1 1 0 0 0 1 0 0 1 1 1 1 1 0 0 0 0 1 0 1 1 1 0 0 0 0 0 0 0 0 0 0 0 0 0 ]
d_37_33=3.425445266677 eijMax=3.356E-03 rmsd=7.797E-02 s=[ 0 0 0 0 1 1 0 0 0 1 1 1 0 0 0 0 1 0 0 1 1 1 0 0 1 1 0 0 0 1 0 0 1 1 1 1 1 0 0 0 0 1 0 1 1 1 0 0 0 0 0 0 0 0 0 1 0 0 0 ]
d_37_33=3.425445266677 eijMax=3.356E-03 rmsd=6.059E-02 s=[ 0 0 0 0 1 1 0 0 0 1 1 1 0 0 0 0 1 0 0 1 1 1 0 0 1 1 0 0 0 1 0 0 1 1 1 1 1 0 0 0 1 1 0 0 1 1 0 0 0 0 0 0 0 0 0 0 0 0 0 ]
d_37_33=3.425445266677 eijMax=3.356E-03 rmsd=8.986E-02 s=[ 0 0 0 0 1 1 0 0 0 1 1 1 0 0 0 0 1 0 0 1 1 1 0 0 1 1 0 0 0 1 0 0 1 1 1 1 1 0 0 0 1 1 0 0 1 1 0 0 0 0 0 0 0 0 0 1 0 0 0 ]
d_37_33=3.425445266677 eijMax=3.356E-03 rmsd=6.054E-02 s=[ 0 0 0 0 1 1 0 0 0 1 1 1 0 0 0 0 1 0 0 1 1 1 0 0 1 1 0 0 0 1 0 0 1 1 1 1 1 0 0 0 1 1 0 1 1 1 0 0 0 0 0 0 0 0 0 0 0 0 0 ]
d_37_33=3.425445266677 eijMax=3.356E-03 rmsd=8.983E-02 s=[ 0 0 0 0 1 1 0 0 0 1 1 1 0 0 0 0 1 0 0 1 1 1 0 0 1 1 0 0 0 1 0 0 1 1 1 1 1 0 0 0 1 1 0 1 1 1 0 0 0 0 0 0 0 0 0 1 0 0 0 ]
d_37_33=3.425645466877 eijMax=2.872E-04 rmsd=2.301E-03 s=[ 0 0 0 0 1 1 0 0 0 1 1 1 0 0 0 0 1 0 0 1 1 1 0 0 1 1 0 0 0 1 0 0 1 1 1 0 1 0 0 0 0 1 0 0 1 1 0 0 0 0 0 0 0 0 0 0 0 0 0 ]
d_37_33=3.425645466877 eijMax=1.485E-03 rmsd=6.655E-02 s=[ 0 0 0 0 1 1 0 0 0 1 1 1 0 0 0 0 1 0 0 1 1 1 0 0 1 1 0 0 0 1 0 0 1 1 1 0 1 0 0 0 0 1 0 0 1 1 0 0 0 0 0 0 0 0 0 1 0 0 0 ]
d_37_33=3.425645466877 eijMax=2.872E-04 rmsd=2.443E-03 s=[ 0 0 0 0 1 1 0 0 0 1 1 1 0 0 0 0 1 0 0 1 1 1 0 0 1 1 0 0 0 1 0 0 1 1 1 0 1 0 0 0 0 1 0 1 1 1 0 0 0 0 0 0 0 0 0 0 0 0 0 ]
d_37_33=3.425645466877 eijMax=1.485E-03 rmsd=6.656E-02 s=[ 0 0 0 0 1 1 0 0 0 1 1 1 0 0 0 0 1 0 0 1 1 1 0 0 1 1 0 0 0 1 0 0 1 1 1 0 1 0 0 0 0 1 0 1 1 1 0 0 0 0 0 0 0 0 0 1 0 0 0 ]
d_37_33=3.425645466877 eijMax=6.514E-04 rmsd=4.388E-02 s=[ 0 0 0 0 1 1 0 0 0 1 1 1 0 0 0 0 1 0 0 1 1 1 0 0 1 1 0 0 0 1 0 0 1 1 1 0 1 0 0 0 1 1 0 0 1 1 0 0 0 0 0 0 0 0 0 0 0 0 0 ]
d_37_33=3.425645466877 eijMax=1.485E-03 rmsd=7.911E-02 s=[ 0 0 0 0 1 1 0 0 0 1 1 1 0 0 0 0 1 0 0 1 1 1 0 0 1 1 0 0 0 1 0 0 1 1 1 0 1 0 0 0 1 1 0 0 1 1 0 0 0 0 0 0 0 0 0 1 0 0 0 ]
d_37_33=3.425645466877 eijMax=6.514E-04 rmsd=4.388E-02 s=[ 0 0 0 0 1 1 0 0 0 1 1 1 0 0 0 0 1 0 0 1 1 1 0 0 1 1 0 0 0 1 0 0 1 1 1 0 1 0 0 0 1 1 0 1 1 1 0 0 0 0 0 0 0 0 0 0 0 0 0 ]
d_37_33=3.425645466877 eijMax=1.485E-03 rmsd=7.911E-02 s=[ 0 0 0 0 1 1 0 0 0 1 1 1 0 0 0 0 1 0 0 1 1 1 0 0 1 1 0 0 0 1 0 0 1 1 1 0 1 0 0 0 1 1 0 1 1 1 0 0 0 0 0 0 0 0 0 1 0 0 0 ]
d_37_33=3.425645466877 eijMax=3.370E-04 rmsd=3.114E-02 s=[ 0 0 0 0 1 1 0 0 0 1 1 1 0 0 0 0 1 0 0 1 1 1 0 0 1 1 0 0 0 1 0 0 1 1 1 1 1 0 0 0 0 1 0 0 1 1 0 0 0 0 0 0 0 0 0 0 0 0 0 ]
d_37_33=3.425645466877 eijMax=1.485E-03 rmsd=7.361E-02 s=[ 0 0 0 0 1 1 0 0 0 1 1 1 0 0 0 0 1 0 0 1 1 1 0 0 1 1 0 0 0 1 0 0 1 1 1 1 1 0 0 0 0 1 0 0 1 1 0 0 0 0 0 0 0 0 0 1 0 0 0 ]
d_37_33=3.425645466877 eijMax=3.370E-04 rmsd=3.116E-02 s=[ 0 0 0 0 1 1 0 0 0 1 1 1 0 0 0 0 1 0 0 1 1 1 0 0 1 1 0 0 0 1 0 0 1 1 1 1 1 0 0 0 0 1 0 1 1 1 0 0 0 0 0 0 0 0 0 0 0 0 0 ]
d_37_33=3.425645466877 eijMax=1.485E-03 rmsd=7.363E-02 s=[ 0 0 0 0 1 1 0 0 0 1 1 1 0 0 0 0 1 0 0 1 1 1 0 0 1 1 0 0 0 1 0 0 1 1 1 1 1 0 0 0 0 1 0 1 1 1 0 0 0 0 0 0 0 0 0 1 0 0 0 ]
d_37_33=3.425645466877 eijMax=6.514E-04 rmsd=5.373E-02 s=[ 0 0 0 0 1 1 0 0 0 1 1 1 0 0 0 0 1 0 0 1 1 1 0 0 1 1 0 0 0 1 0 0 1 1 1 1 1 0 0 0 1 1 0 0 1 1 0 0 0 0 0 0 0 0 0 0 0 0 0 ]
d_37_33=3.425645466877 eijMax=1.485E-03 rmsd=8.512E-02 s=[ 0 0 0 0 1 1 0 0 0 1 1 1 0 0 0 0 1 0 0 1 1 1 0 0 1 1 0 0 0 1 0 0 1 1 1 1 1 0 0 0 1 1 0 0 1 1 0 0 0 0 0 0 0 0 0 1 0 0 0 ]
d_37_33=3.425645466877 eijMax=6.514E-04 rmsd=5.375E-02 s=[ 0 0 0 0 1 1 0 0 0 1 1 1 0 0 0 0 1 0 0 1 1 1 0 0 1 1 0 0 0 1 0 0 1 1 1 1 1 0 0 0 1 1 0 1 1 1 0 0 0 0 0 0 0 0 0 0 0 0 0 ]
d_37_33=3.425645466877 eijMax=1.485E-03 rmsd=8.513E-02 s=[ 0 0 0 0 1 1 0 0 0 1 1 1 0 0 0 0 1 0 0 1 1 1 0 0 1 1 0 0 0 1 0 0 1 1 1 1 1 0 0 0 1 1 0 1 1 1 0 0 0 0 0 0 0 0 0 1 0 0 0 ]
d_37_33=3.425845667077 eijMax=3.885E-03 rmsd=3.067E-02 s=[ 0 0 0 0 1 1 0 0 0 1 1 1 0 0 0 0 1 0 0 1 1 1 0 0 1 1 0 0 0 1 0 0 1 1 1 0 1 0 0 0 0 1 0 0 1 1 0 0 0 0 0 0 0 0 0 0 0 0 0 ]
d_37_33=3.425845667077 eijMax=3.885E-03 rmsd=7.293E-02 s=[ 0 0 0 0 1 1 0 0 0 1 1 1 0 0 0 0 1 0 0 1 1 1 0 0 1 1 0 0 0 1 0 0 1 1 1 0 1 0 0 0 0 1 0 0 1 1 0 0 0 0 0 0 0 0 0 1 0 0 0 ]
d_37_33=3.425845667077 eijMax=3.885E-03 rmsd=3.081E-02 s=[ 0 0 0 0 1 1 0 0 0 1 1 1 0 0 0 0 1 0 0 1 1 1 0 0 1 1 0 0 0 1 0 0 1 1 1 0 1 0 0 0 0 1 0 1 1 1 0 0 0 0 0 0 0 0 0 0 0 0 0 ]
d_37_33=3.425845667077 eijMax=3.885E-03 rmsd=7.300E-02 s=[ 0 0 0 0 1 1 0 0 0 1 1 1 0 0 0 0 1 0 0 1 1 1 0 0 1 1 0 0 0 1 0 0 1 1 1 0 1 0 0 0 0 1 0 1 1 1 0 0 0 0 0 0 0 0 0 1 0 0 0 ]
d_37_33=3.425845667077 eijMax=3.885E-03 rmsd=5.197E-02 s=[ 0 0 0 0 1 1 0 0 0 1 1 1 0 0 0 0 1 0 0 1 1 1 0 0 1 1 0 0 0 1 0 0 1 1 1 0 1 0 0 0 1 1 0 0 1 1 0 0 0 0 0 0 0 0 0 0 0 0 0 ]
d_37_33=3.425845667077 eijMax=3.885E-03 rmsd=8.360E-02 s=[ 0 0 0 0 1 1 0 0 0 1 1 1 0 0 0 0 1 0 0 1 1 1 0 0 1 1 0 0 0 1 0 0 1 1 1 0 1 0 0 0 1 1 0 0 1 1 0 0 0 0 0 0 0 0 0 1 0 0 0 ]
d_37_33=3.425845667077 eijMax=3.885E-03 rmsd=5.205E-02 s=[ 0 0 0 0 1 1 0 0 0 1 1 1 0 0 0 0 1 0 0 1 1 1 0 0 1 1 0 0 0 1 0 0 1 1 1 0 1 0 0 0 1 1 0 1 1 1 0 0 0 0 0 0 0 0 0 0 0 0 0 ]
d_37_33=3.425845667077 eijMax=3.885E-03 rmsd=8.365E-02 s=[ 0 0 0 0 1 1 0 0 0 1 1 1 0 0 0 0 1 0 0 1 1 1 0 0 1 1 0 0 0 1 0 0 1 1 1 0 1 0 0 0 1 1 0 1 1 1 0 0 0 0 0 0 0 0 0 1 0 0 0 ]
d_37_33=3.425845667077 eijMax=3.885E-03 rmsd=4.445E-02 s=[ 0 0 0 0 1 1 0 0 0 1 1 1 0 0 0 0 1 0 0 1 1 1 0 0 1 1 0 0 0 1 0 0 1 1 1 1 1 0 0 0 0 1 0 0 1 1 0 0 0 0 0 0 0 0 0 0 0 0 0 ]
d_37_33=3.425845667077 eijMax=3.885E-03 rmsd=7.987E-02 s=[ 0 0 0 0 1 1 0 0 0 1 1 1 0 0 0 0 1 0 0 1 1 1 0 0 1 1 0 0 0 1 0 0 1 1 1 1 1 0 0 0 0 1 0 0 1 1 0 0 0 0 0 0 0 0 0 1 0 0 0 ]
d_37_33=3.425845667077 eijMax=3.885E-03 rmsd=4.455E-02 s=[ 0 0 0 0 1 1 0 0 0 1 1 1 0 0 0 0 1 0 0 1 1 1 0 0 1 1 0 0 0 1 0 0 1 1 1 1 1 0 0 0 0 1 0 1 1 1 0 0 0 0 0 0 0 0 0 0 0 0 0 ]
d_37_33=3.425845667077 eijMax=3.885E-03 rmsd=7.994E-02 s=[ 0 0 0 0 1 1 0 0 0 1 1 1 0 0 0 0 1 0 0 1 1 1 0 0 1 1 0 0 0 1 0 0 1 1 1 1 1 0 0 0 0 1 0 1 1 1 0 0 0 0 0 0 0 0 0 1 0 0 0 ]
d_37_33=3.425845667077 eijMax=3.885E-03 rmsd=6.110E-02 s=[ 0 0 0 0 1 1 0 0 0 1 1 1 0 0 0 0 1 0 0 1 1 1 0 0 1 1 0 0 0 1 0 0 1 1 1 1 1 0 0 0 1 1 0 0 1 1 0 0 0 0 0 0 0 0 0 0 0 0 0 ]
d_37_33=3.425845667077 eijMax=3.885E-03 rmsd=8.971E-02 s=[ 0 0 0 0 1 1 0 0 0 1 1 1 0 0 0 0 1 0 0 1 1 1 0 0 1 1 0 0 0 1 0 0 1 1 1 1 1 0 0 0 1 1 0 0 1 1 0 0 0 0 0 0 0 0 0 1 0 0 0 ]
d_37_33=3.425845667077 eijMax=3.885E-03 rmsd=6.117E-02 s=[ 0 0 0 0 1 1 0 0 0 1 1 1 0 0 0 0 1 0 0 1 1 1 0 0 1 1 0 0 0 1 0 0 1 1 1 1 1 0 0 0 1 1 0 1 1 1 0 0 0 0 0 0 0 0 0 0 0 0 0 ]
d_37_33=3.425845667077 eijMax=3.885E-03 rmsd=8.976E-02 s=[ 0 0 0 0 1 1 0 0 0 1 1 1 0 0 0 0 1 0 0 1 1 1 0 0 1 1 0 0 0 1 0 0 1 1 1 1 1 0 0 0 1 1 0 1 1 1 0 0 0 0 0 0 0 0 0 1 0 0 0 ]
d_37_33=3.426045867277 eijMax=7.438E-03 rmsd=5.882E-02 s=[ 0 0 0 0 1 1 0 0 0 1 1 1 0 0 0 0 1 0 0 1 1 1 0 0 1 1 0 0 0 1 0 0 1 1 1 0 1 0 0 0 0 1 0 0 1 1 0 0 0 0 0 0 0 0 0 0 0 0 0 ]
d_37_33=3.426045867277 eijMax=7.438E-03 rmsd=8.829E-02 s=[ 0 0 0 0 1 1 0 0 0 1 1 1 0 0 0 0 1 0 0 1 1 1 0 0 1 1 0 0 0 1 0 0 1 1 1 0 1 0 0 0 0 1 0 0 1 1 0 0 0 0 0 0 0 0 0 1 0 0 0 ]
d_37_33=3.426045867277 eijMax=7.438E-03 rmsd=5.896E-02 s=[ 0 0 0 0 1 1 0 0 0 1 1 1 0 0 0 0 1 0 0 1 1 1 0 0 1 1 0 0 0 1 0 0 1 1 1 0 1 0 0 0 0 1 0 1 1 1 0 0 0 0 0 0 0 0 0 0 0 0 0 ]
d_37_33=3.426045867277 eijMax=7.438E-03 rmsd=8.838E-02 s=[ 0 0 0 0 1 1 0 0 0 1 1 1 0 0 0 0 1 0 0 1 1 1 0 0 1 1 0 0 0 1 0 0 1 1 1 0 1 0 0 0 0 1 0 1 1 1 0 0 0 0 0 0 0 0 0 1 0 0 0 ]
d_37_33=3.426045867277 eijMax=7.438E-03 rmsd=7.115E-02 s=[ 0 0 0 0 1 1 0 0 0 1 1 1 0 0 0 0 1 0 0 1 1 1 0 0 1 1 0 0 0 1 0 0 1 1 1 0 1 0 0 0 1 1 0 0 1 1 0 0 0 0 0 0 0 0 0 0 0 0 0 ]
d_37_33=3.426045867277 eijMax=7.438E-03 rmsd=9.647E-02 s=[ 0 0 0 0 1 1 0 0 0 1 1 1 0 0 0 0 1 0 0 1 1 1 0 0 1 1 0 0 0 1 0 0 1 1 1 0 1 0 0 0 1 1 0 0 1 1 0 0 0 0 0 0 0 0 0 1 0 0 0 ]
d_37_33=3.426045867277 eijMax=7.438E-03 rmsd=7.127E-02 s=[ 0 0 0 0 1 1 0 0 0 1 1 1 0 0 0 0 1 0 0 1 1 1 0 0 1 1 0 0 0 1 0 0 1 1 1 0 1 0 0 0 1 1 0 1 1 1 0 0 0 0 0 0 0 0 0 0 0 0 0 ]
d_37_33=3.426045867277 eijMax=7.438E-03 rmsd=9.656E-02 s=[ 0 0 0 0 1 1 0 0 0 1 1 1 0 0 0 0 1 0 0 1 1 1 0 0 1 1 0 0 0 1 0 0 1 1 1 0 1 0 0 0 1 1 0 1 1 1 0 0 0 0 0 0 0 0 0 1 0 0 0 ]
d_37_33=3.426045867277 eijMax=7.438E-03 rmsd=6.756E-02 s=[ 0 0 0 0 1 1 0 0 0 1 1 1 0 0 0 0 1 0 0 1 1 1 0 0 1 1 0 0 0 1 0 0 1 1 1 1 1 0 0 0 0 1 0 0 1 1 0 0 0 0 0 0 0 0 0 0 0 0 0 ]
d_37_33=3.426045867277 eijMax=7.438E-03 rmsd=9.447E-02 s=[ 0 0 0 0 1 1 0 0 0 1 1 1 0 0 0 0 1 0 0 1 1 1 0 0 1 1 0 0 0 1 0 0 1 1 1 1 1 0 0 0 0 1 0 0 1 1 0 0 0 0 0 0 0 0 0 1 0 0 0 ]
d_37_33=3.426045867277 eijMax=7.438E-03 rmsd=6.769E-02 s=[ 0 0 0 0 1 1 0 0 0 1 1 1 0 0 0 0 1 0 0 1 1 1 0 0 1 1 0 0 0 1 0 0 1 1 1 1 1 0 0 0 0 1 0 1 1 1 0 0 0 0 0 0 0 0 0 0 0 0 0 ]
d_37_33=3.426045867277 eijMax=7.438E-03 rmsd=9.457E-02 s=[ 0 0 0 0 1 1 0 0 0 1 1 1 0 0 0 0 1 0 0 1 1 1 0 0 1 1 0 0 0 1 0 0 1 1 1 1 1 0 0 0 0 1 0 1 1 1 0 0 0 0 0 0 0 0 0 1 0 0 0 ]
d_37_33=3.426045867277 eijMax=7.438E-03 rmsd=7.852E-02 s=[ 0 0 0 0 1 1 0 0 0 1 1 1 0 0 0 0 1 0 0 1 1 1 0 0 1 1 0 0 0 1 0 0 1 1 1 1 1 0 0 0 1 1 0 0 1 1 0 0 0 0 0 0 0 0 0 0 0 0 0 ]
d_37_33=3.426045867277 eijMax=7.438E-03 rmsd=1.022E-01 s=[ 0 0 0 0 1 1 0 0 0 1 1 1 0 0 0 0 1 0 0 1 1 1 0 0 1 1 0 0 0 1 0 0 1 1 1 1 1 0 0 0 1 1 0 0 1 1 0 0 0 0 0 0 0 0 0 1 0 0 0 ]
d_37_33=3.426045867277 eijMax=7.438E-03 rmsd=7.863E-02 s=[ 0 0 0 0 1 1 0 0 0 1 1 1 0 0 0 0 1 0 0 1 1 1 0 0 1 1 0 0 0 1 0 0 1 1 1 1 1 0 0 0 1 1 0 1 1 1 0 0 0 0 0 0 0 0 0 0 0 0 0 ]
d_37_33=3.426045867277 eijMax=7.438E-03 rmsd=1.022E-01 s=[ 0 0 0 0 1 1 0 0 0 1 1 1 0 0 0 0 1 0 0 1 1 1 0 0 1 1 0 0 0 1 0 0 1 1 1 1 1 0 0 0 1 1 0 1 1 1 0 0 0 0 0 0 0 0 0 1 0 0 0 ]
d_37_33=3.425245066476 eijMax=7.044E-03 rmsd=1.028E-01 s=[ 0 0 0 1 0 0 1 1 1 0 0 0 1 1 1 1 0 1 1 0 0 0 1 1 0 0 1 1 0 0 1 1 0 0 0 0 0 1 1 1 0 0 1 0 0 0 1 1 1 1 1 1 1 1 1 0 1 1 0 ]
d_37_33=3.425245066476 eijMax=7.044E-03 rmsd=7.821E-02 s=[ 0 0 0 1 0 0 1 1 1 0 0 0 1 1 1 1 0 1 1 0 0 0 1 1 0 0 1 1 0 0 1 1 0 0 0 0 0 1 1 1 0 0 1 0 0 0 1 1 1 1 1 1 1 1 1 1 1 1 0 ]
d_37_33=3.425245066476 eijMax=7.044E-03 rmsd=1.029E-01 s=[ 0 0 0 1 0 0 1 1 1 0 0 0 1 1 1 1 0 1 1 0 0 0 1 1 0 0 1 1 0 0 1 1 0 0 0 0 0 1 1 1 0 0 1 1 0 0 1 1 1 1 1 1 1 1 1 0 1 1 0 ]
d_37_33=3.425245066476 eijMax=7.044E-03 rmsd=7.831E-02 s=[ 0 0 0 1 0 0 1 1 1 0 0 0 1 1 1 1 0 1 1 0 0 0 1 1 0 0 1 1 0 0 1 1 0 0 0 0 0 1 1 1 0 0 1 1 0 0 1 1 1 1 1 1 1 1 1 1 1 1 0 ]
d_37_33=3.425245066476 eijMax=7.044E-03 rmsd=9.172E-02 s=[ 0 0 0 1 0 0 1 1 1 0 0 0 1 1 1 1 0 1 1 0 0 0 1 1 0 0 1 1 0 0 1 1 0 0 0 0 0 1 1 1 1 0 1 0 0 0 1 1 1 1 1 1 1 1 1 0 1 1 0 ]
d_37_33=3.425245066476 eijMax=7.044E-03 rmsd=6.223E-02 s=[ 0 0 0 1 0 0 1 1 1 0 0 0 1 1 1 1 0 1 1 0 0 0 1 1 0 0 1 1 0 0 1 1 0 0 0 0 0 1 1 1 1 0 1 0 0 0 1 1 1 1 1 1 1 1 1 1 1 1 0 ]
d_37_33=3.425245066476 eijMax=7.044E-03 rmsd=9.180E-02 s=[ 0 0 0 1 0 0 1 1 1 0 0 0 1 1 1 1 0 1 1 0 0 0 1 1 0 0 1 1 0 0 1 1 0 0 0 0 0 1 1 1 1 0 1 1 0 0 1 1 1 1 1 1 1 1 1 0 1 1 0 ]
d_37_33=3.425245066476 eijMax=7.044E-03 rmsd=6.235E-02 s=[ 0 0 0 1 0 0 1 1 1 0 0 0 1 1 1 1 0 1 1 0 0 0 1 1 0 0 1 1 0 0 1 1 0 0 0 0 0 1 1 1 1 0 1 1 0 0 1 1 1 1 1 1 1 1 1 1 1 1 0 ]
d_37_33=3.425245066476 eijMax=7.044E-03 rmsd=9.859E-02 s=[ 0 0 0 1 0 0 1 1 1 0 0 0 1 1 1 1 0 1 1 0 0 0 1 1 0 0 1 1 0 0 1 1 0 0 0 1 0 1 1 1 0 0 1 0 0 0 1 1 1 1 1 1 1 1 1 0 1 1 0 ]
d_37_33=3.425245066476 eijMax=7.044E-03 rmsd=7.277E-02 s=[ 0 0 0 1 0 0 1 1 1 0 0 0 1 1 1 1 0 1 1 0 0 0 1 1 0 0 1 1 0 0 1 1 0 0 0 1 0 1 1 1 0 0 1 0 0 0 1 1 1 1 1 1 1 1 1 1 1 1 0 ]
d_37_33=3.425245066476 eijMax=7.044E-03 rmsd=9.866E-02 s=[ 0 0 0 1 0 0 1 1 1 0 0 0 1 1 1 1 0 1 1 0 0 0 1 1 0 0 1 1 0 0 1 1 0 0 0 1 0 1 1 1 0 0 1 1 0 0 1 1 1 1 1 1 1 1 1 0 1 1 0 ]
d_37_33=3.425245066476 eijMax=7.044E-03 rmsd=7.288E-02 s=[ 0 0 0 1 0 0 1 1 1 0 0 0 1 1 1 1 0 1 1 0 0 0 1 1 0 0 1 1 0 0 1 1 0 0 0 1 0 1 1 1 0 0 1 1 0 0 1 1 1 1 1 1 1 1 1 1 1 1 0 ]
d_37_33=3.425245066476 eijMax=7.044E-03 rmsd=8.697E-02 s=[ 0 0 0 1 0 0 1 1 1 0 0 0 1 1 1 1 0 1 1 0 0 0 1 1 0 0 1 1 0 0 1 1 0 0 0 1 0 1 1 1 1 0 1 0 0 0 1 1 1 1 1 1 1 1 1 0 1 1 0 ]
d_37_33=3.425245066476 eijMax=7.044E-03 rmsd=5.522E-02 s=[ 0 0 0 1 0 0 1 1 1 0 0 0 1 1 1 1 0 1 1 0 0 0 1 1 0 0 1 1 0 0 1 1 0 0 0 1 0 1 1 1 1 0 1 0 0 0 1 1 1 1 1 1 1 1 1 1 1 1 0 ]
d_37_33=3.425245066476 eijMax=7.044E-03 rmsd=8.705E-02 s=[ 0 0 0 1 0 0 1 1 1 0 0 0 1 1 1 1 0 1 1 0 0 0 1 1 0 0 1 1 0 0 1 1 0 0 0 1 0 1 1 1 1 0 1 1 0 0 1 1 1 1 1 1 1 1 1 0 1 1 0 ]
d_37_33=3.425245066476 eijMax=7.044E-03 rmsd=5.535E-02 s=[ 0 0 0 1 0 0 1 1 1 0 0 0 1 1 1 1 0 1 1 0 0 0 1 1 0 0 1 1 0 0 1 1 0 0 0 1 0 1 1 1 1 0 1 1 0 0 1 1 1 1 1 1 1 1 1 1 1 1 0 ]
d_37_33=3.425445266677 eijMax=3.356E-03 rmsd=8.983E-02 s=[ 0 0 0 1 0 0 1 1 1 0 0 0 1 1 1 1 0 1 1 0 0 0 1 1 0 0 1 1 0 0 1 1 0 0 0 0 0 1 1 1 0 0 1 0 0 0 1 1 1 1 1 1 1 1 1 0 1 1 0 ]
d_37_33=3.425445266677 eijMax=3.356E-03 rmsd=6.054E-02 s=[ 0 0 0 1 0 0 1 1 1 0 0 0 1 1 1 1 0 1 1 0 0 0 1 1 0 0 1 1 0 0 1 1 0 0 0 0 0 1 1 1 0 0 1 0 0 0 1 1 1 1 1 1 1 1 1 1 1 1 0 ]
d_37_33=3.425445266677 eijMax=3.356E-03 rmsd=8.986E-02 s=[ 0 0 0 1 0 0 1 1 1 0 0 0 1 1 1 1 0 1 1 0 0 0 1 1 0 0 1 1 0 0 1 1 0 0 0 0 0 1 1 1 0 0 1 1 0 0 1 1 1 1 1 1 1 1 1 0 1 1 0 ]
d_37_33=3.425445266677 eijMax=3.356E-03 rmsd=6.059E-02 s=[ 0 0 0 1 0 0 1 1 1 0 0 0 1 1 1 1 0 1 1 0 0 0 1 1 0 0 1 1 0 0 1 1 0 0 0 0 0 1 1 1 0 0 1 1 0 0 1 1 1 1 1 1 1 1 1 1 1 1 0 ]
d_37_33=3.425445266677 eijMax=3.356E-03 rmsd=7.797E-02 s=[ 0 0 0 1 0 0 1 1 1 0 0 0 1 1 1 1 0 1 1 0 0 0 1 1 0 0 1 1 0 0 1 1 0 0 0 0 0 1 1 1 1 0 1 0 0 0 1 1 1 1 1 1 1 1 1 0 1 1 0 ]
d_37_33=3.425445266677 eijMax=3.356E-03 rmsd=3.981E-02 s=[ 0 0 0 1 0 0 1 1 1 0 0 0 1 1 1 1 0 1 1 0 0 0 1 1 0 0 1 1 0 0 1 1 0 0 0 0 0 1 1 1 1 0 1 0 0 0 1 1 1 1 1 1 1 1 1 1 1 1 0 ]
d_37_33=3.425445266677 eijMax=3.356E-03 rmsd=7.801E-02 s=[ 0 0 0 1 0 0 1 1 1 0 0 0 1 1 1 1 0 1 1 0 0 0 1 1 0 0 1 1 0 0 1 1 0 0 0 0 0 1 1 1 1 0 1 1 0 0 1 1 1 1 1 1 1 1 1 0 1 1 0 ]
d_37_33=3.425445266677 eijMax=3.356E-03 rmsd=3.989E-02 s=[ 0 0 0 1 0 0 1 1 1 0 0 0 1 1 1 1 0 1 1 0 0 0 1 1 0 0 1 1 0 0 1 1 0 0 0 0 0 1 1 1 1 0 1 1 0 0 1 1 1 1 1 1 1 1 1 1 1 1 0 ]
d_37_33=3.425445266677 eijMax=3.356E-03 rmsd=8.457E-02 s=[ 0 0 0 1 0 0 1 1 1 0 0 0 1 1 1 1 0 1 1 0 0 0 1 1 0 0 1 1 0 0 1 1 0 0 0 1 0 1 1 1 0 0 1 0 0 0 1 1 1 1 1 1 1 1 1 0 1 1 0 ]
d_37_33=3.425445266677 eijMax=3.356E-03 rmsd=5.266E-02 s=[ 0 0 0 1 0 0 1 1 1 0 0 0 1 1 1 1 0 1 1 0 0 0 1 1 0 0 1 1 0 0 1 1 0 0 0 1 0 1 1 1 0 0 1 0 0 0 1 1 1 1 1 1 1 1 1 1 1 1 0 ]
d_37_33=3.425445266677 eijMax=3.356E-03 rmsd=8.460E-02 s=[ 0 0 0 1 0 0 1 1 1 0 0 0 1 1 1 1 0 1 1 0 0 0 1 1 0 0 1 1 0 0 1 1 0 0 0 1 0 1 1 1 0 0 1 1 0 0 1 1 1 1 1 1 1 1 1 0 1 1 0 ]
d_37_33=3.425445266677 eijMax=3.356E-03 rmsd=5.273E-02 s=[ 0 0 0 1 0 0 1 1 1 0 0 0 1 1 1 1 0 1 1 0 0 0 1 1 0 0 1 1 0 0 1 1 0 0 0 1 0 1 1 1 0 0 1 1 0 0 1 1 1 1 1 1 1 1 1 1 1 1 0 ]
d_37_33=3.425445266677 eijMax=3.356E-03 rmsd=7.183E-02 s=[ 0 0 0 1 0 0 1 1 1 0 0 0 1 1 1 1 0 1 1 0 0 0 1 1 0 0 1 1 0 0 1 1 0 0 0 1 0 1 1 1 1 0 1 0 0 0 1 1 1 1 1 1 1 1 1 0 1 1 0 ]
d_37_33=3.425445266677 eijMax=3.356E-03 rmsd=2.628E-02 s=[ 0 0 0 1 0 0 1 1 1 0 0 0 1 1 1 1 0 1 1 0 0 0 1 1 0 0 1 1 0 0 1 1 0 0 0 1 0 1 1 1 1 0 1 0 0 0 1 1 1 1 1 1 1 1 1 1 1 1 0 ]
d_37_33=3.425445266677 eijMax=3.356E-03 rmsd=7.187E-02 s=[ 0 0 0 1 0 0 1 1 1 0 0 0 1 1 1 1 0 1 1 0 0 0 1 1 0 0 1 1 0 0 1 1 0 0 0 1 0 1 1 1 1 0 1 1 0 0 1 1 1 1 1 1 1 1 1 0 1 1 0 ]
d_37_33=3.425445266677 eijMax=3.356E-03 rmsd=2.642E-02 s=[ 0 0 0 1 0 0 1 1 1 0 0 0 1 1 1 1 0 1 1 0 0 0 1 1 0 0 1 1 0 0 1 1 0 0 0 1 0 1 1 1 1 0 1 1 0 0 1 1 1 1 1 1 1 1 1 1 1 1 0 ]
d_37_33=3.425645466877 eijMax=1.485E-03 rmsd=8.513E-02 s=[ 0 0 0 1 0 0 1 1 1 0 0 0 1 1 1 1 0 1 1 0 0 0 1 1 0 0 1 1 0 0 1 1 0 0 0 0 0 1 1 1 0 0 1 0 0 0 1 1 1 1 1 1 1 1 1 0 1 1 0 ]
d_37_33=3.425645466877 eijMax=6.514E-04 rmsd=5.375E-02 s=[ 0 0 0 1 0 0 1 1 1 0 0 0 1 1 1 1 0 1 1 0 0 0 1 1 0 0 1 1 0 0 1 1 0 0 0 0 0 1 1 1 0 0 1 0 0 0 1 1 1 1 1 1 1 1 1 1 1 1 0 ]
d_37_33=3.425645466877 eijMax=1.485E-03 rmsd=8.512E-02 s=[ 0 0 0 1 0 0 1 1 1 0 0 0 1 1 1 1 0 1 1 0 0 0 1 1 0 0 1 1 0 0 1 1 0 0 0 0 0 1 1 1 0 0 1 1 0 0 1 1 1 1 1 1 1 1 1 0 1 1 0 ]
d_37_33=3.425645466877 eijMax=6.514E-04 rmsd=5.373E-02 s=[ 0 0 0 1 0 0 1 1 1 0 0 0 1 1 1 1 0 1 1 0 0 0 1 1 0 0 1 1 0 0 1 1 0 0 0 0 0 1 1 1 0 0 1 1 0 0 1 1 1 1 1 1 1 1 1 1 1 1 0 ]
d_37_33=3.425645466877 eijMax=1.485E-03 rmsd=7.363E-02 s=[ 0 0 0 1 0 0 1 1 1 0 0 0 1 1 1 1 0 1 1 0 0 0 1 1 0 0 1 1 0 0 1 1 0 0 0 0 0 1 1 1 1 0 1 0 0 0 1 1 1 1 1 1 1 1 1 0 1 1 0 ]
d_37_33=3.425645466877 eijMax=3.370E-04 rmsd=3.116E-02 s=[ 0 0 0 1 0 0 1 1 1 0 0 0 1 1 1 1 0 1 1 0 0 0 1 1 0 0 1 1 0 0 1 1 0 0 0 0 0 1 1 1 1 0 1 0 0 0 1 1 1 1 1 1 1 1 1 1 1 1 0 ]
d_37_33=3.425645466877 eijMax=1.485E-03 rmsd=7.361E-02 s=[ 0 0 0 1 0 0 1 1 1 0 0 0 1 1 1 1 0 1 1 0 0 0 1 1 0 0 1 1 0 0 1 1 0 0 0 0 0 1 1 1 1 0 1 1 0 0 1 1 1 1 1 1 1 1 1 0 1 1 0 ]
d_37_33=3.425645466877 eijMax=3.370E-04 rmsd=3.114E-02 s=[ 0 0 0 1 0 0 1 1 1 0 0 0 1 1 1 1 0 1 1 0 0 0 1 1 0 0 1 1 0 0 1 1 0 0 0 0 0 1 1 1 1 0 1 1 0 0 1 1 1 1 1 1 1 1 1 1 1 1 0 ]
d_37_33=3.425645466877 eijMax=1.485E-03 rmsd=7.911E-02 s=[ 0 0 0 1 0 0 1 1 1 0 0 0 1 1 1 1 0 1 1 0 0 0 1 1 0 0 1 1 0 0 1 1 0 0 0 1 0 1 1 1 0 0 1 0 0 0 1 1 1 1 1 1 1 1 1 0 1 1 0 ]
d_37_33=3.425645466877 eijMax=6.514E-04 rmsd=4.388E-02 s=[ 0 0 0 1 0 0 1 1 1 0 0 0 1 1 1 1 0 1 1 0 0 0 1 1 0 0 1 1 0 0 1 1 0 0 0 1 0 1 1 1 0 0 1 0 0 0 1 1 1 1 1 1 1 1 1 1 1 1 0 ]
d_37_33=3.425645466877 eijMax=1.485E-03 rmsd=7.911E-02 s=[ 0 0 0 1 0 0 1 1 1 0 0 0 1 1 1 1 0 1 1 0 0 0 1 1 0 0 1 1 0 0 1 1 0 0 0 1 0 1 1 1 0 0 1 1 0 0 1 1 1 1 1 1 1 1 1 0 1 1 0 ]
d_37_33=3.425645466877 eijMax=6.514E-04 rmsd=4.388E-02 s=[ 0 0 0 1 0 0 1 1 1 0 0 0 1 1 1 1 0 1 1 0 0 0 1 1 0 0 1 1 0 0 1 1 0 0 0 1 0 1 1 1 0 0 1 1 0 0 1 1 1 1 1 1 1 1 1 1 1 1 0 ]
d_37_33=3.425645466877 eijMax=1.485E-03 rmsd=6.656E-02 s=[ 0 0 0 1 0 0 1 1 1 0 0 0 1 1 1 1 0 1 1 0 0 0 1 1 0 0 1 1 0 0 1 1 0 0 0 1 0 1 1 1 1 0 1 0 0 0 1 1 1 1 1 1 1 1 1 0 1 1 0 ]
d_37_33=3.425645466877 eijMax=2.872E-04 rmsd=2.443E-03 s=[ 0 0 0 1 0 0 1 1 1 0 0 0 1 1 1 1 0 1 1 0 0 0 1 1 0 0 1 1 0 0 1 1 0 0 0 1 0 1 1 1 1 0 1 0 0 0 1 1 1 1 1 1 1 1 1 1 1 1 0 ]
d_37_33=3.425645466877 eijMax=1.485E-03 rmsd=6.655E-02 s=[ 0 0 0 1 0 0 1 1 1 0 0 0 1 1 1 1 0 1 1 0 0 0 1 1 0 0 1 1 0 0 1 1 0 0 0 1 0 1 1 1 1 0 1 1 0 0 1 1 1 1 1 1 1 1 1 0 1 1 0 ]
d_37_33=3.425645466877 eijMax=2.872E-04 rmsd=2.301E-03 s=[ 0 0 0 1 0 0 1 1 1 0 0 0 1 1 1 1 0 1 1 0 0 0 1 1 0 0 1 1 0 0 1 1 0 0 0 1 0 1 1 1 1 0 1 1 0 0 1 1 1 1 1 1 1 1 1 1 1 1 0 ]
d_37_33=3.425845667077 eijMax=3.885E-03 rmsd=8.976E-02 s=[ 0 0 0 1 0 0 1 1 1 0 0 0 1 1 1 1 0 1 1 0 0 0 1 1 0 0 1 1 0 0 1 1 0 0 0 0 0 1 1 1 0 0 1 0 0 0 1 1 1 1 1 1 1 1 1 0 1 1 0 ]
d_37_33=3.425845667077 eijMax=3.885E-03 rmsd=6.117E-02 s=[ 0 0 0 1 0 0 1 1 1 0 0 0 1 1 1 1 0 1 1 0 0 0 1 1 0 0 1 1 0 0 1 1 0 0 0 0 0 1 1 1 0 0 1 0 0 0 1 1 1 1 1 1 1 1 1 1 1 1 0 ]
d_37_33=3.425845667077 eijMax=3.885E-03 rmsd=8.971E-02 s=[ 0 0 0 1 0 0 1 1 1 0 0 0 1 1 1 1 0 1 1 0 0 0 1 1 0 0 1 1 0 0 1 1 0 0 0 0 0 1 1 1 0 0 1 1 0 0 1 1 1 1 1 1 1 1 1 0 1 1 0 ]
d_37_33=3.425845667077 eijMax=3.885E-03 rmsd=6.110E-02 s=[ 0 0 0 1 0 0 1 1 1 0 0 0 1 1 1 1 0 1 1 0 0 0 1 1 0 0 1 1 0 0 1 1 0 0 0 0 0 1 1 1 0 0 1 1 0 0 1 1 1 1 1 1 1 1 1 1 1 1 0 ]
d_37_33=3.425845667077 eijMax=3.885E-03 rmsd=7.994E-02 s=[ 0 0 0 1 0 0 1 1 1 0 0 0 1 1 1 1 0 1 1 0 0 0 1 1 0 0 1 1 0 0 1 1 0 0 0 0 0 1 1 1 1 0 1 0 0 0 1 1 1 1 1 1 1 1 1 0 1 1 0 ]
d_37_33=3.425845667077 eijMax=3.885E-03 rmsd=4.455E-02 s=[ 0 0 0 1 0 0 1 1 1 0 0 0 1 1 1 1 0 1 1 0 0 0 1 1 0 0 1 1 0 0 1 1 0 0 0 0 0 1 1 1 1 0 1 0 0 0 1 1 1 1 1 1 1 1 1 1 1 1 0 ]
d_37_33=3.425845667077 eijMax=3.885E-03 rmsd=7.987E-02 s=[ 0 0 0 1 0 0 1 1 1 0 0 0 1 1 1 1 0 1 1 0 0 0 1 1 0 0 1 1 0 0 1 1 0 0 0 0 0 1 1 1 1 0 1 1 0 0 1 1 1 1 1 1 1 1 1 0 1 1 0 ]
d_37_33=3.425845667077 eijMax=3.885E-03 rmsd=4.445E-02 s=[ 0 0 0 1 0 0 1 1 1 0 0 0 1 1 1 1 0 1 1 0 0 0 1 1 0 0 1 1 0 0 1 1 0 0 0 0 0 1 1 1 1 0 1 1 0 0 1 1 1 1 1 1 1 1 1 1 1 1 0 ]
d_37_33=3.425845667077 eijMax=3.885E-03 rmsd=8.365E-02 s=[ 0 0 0 1 0 0 1 1 1 0 0 0 1 1 1 1 0 1 1 0 0 0 1 1 0 0 1 1 0 0 1 1 0 0 0 1 0 1 1 1 0 0 1 0 0 0 1 1 1 1 1 1 1 1 1 0 1 1 0 ]
d_37_33=3.425845667077 eijMax=3.885E-03 rmsd=5.205E-02 s=[ 0 0 0 1 0 0 1 1 1 0 0 0 1 1 1 1 0 1 1 0 0 0 1 1 0 0 1 1 0 0 1 1 0 0 0 1 0 1 1 1 0 0 1 0 0 0 1 1 1 1 1 1 1 1 1 1 1 1 0 ]
d_37_33=3.425845667077 eijMax=3.885E-03 rmsd=8.360E-02 s=[ 0 0 0 1 0 0 1 1 1 0 0 0 1 1 1 1 0 1 1 0 0 0 1 1 0 0 1 1 0 0 1 1 0 0 0 1 0 1 1 1 0 0 1 1 0 0 1 1 1 1 1 1 1 1 1 0 1 1 0 ]
d_37_33=3.425845667077 eijMax=3.885E-03 rmsd=5.197E-02 s=[ 0 0 0 1 0 0 1 1 1 0 0 0 1 1 1 1 0 1 1 0 0 0 1 1 0 0 1 1 0 0 1 1 0 0 0 1 0 1 1 1 0 0 1 1 0 0 1 1 1 1 1 1 1 1 1 1 1 1 0 ]
d_37_33=3.425845667077 eijMax=3.885E-03 rmsd=7.300E-02 s=[ 0 0 0 1 0 0 1 1 1 0 0 0 1 1 1 1 0 1 1 0 0 0 1 1 0 0 1 1 0 0 1 1 0 0 0 1 0 1 1 1 1 0 1 0 0 0 1 1 1 1 1 1 1 1 1 0 1 1 0 ]
d_37_33=3.425845667077 eijMax=3.885E-03 rmsd=3.081E-02 s=[ 0 0 0 1 0 0 1 1 1 0 0 0 1 1 1 1 0 1 1 0 0 0 1 1 0 0 1 1 0 0 1 1 0 0 0 1 0 1 1 1 1 0 1 0 0 0 1 1 1 1 1 1 1 1 1 1 1 1 0 ]
d_37_33=3.425845667077 eijMax=3.885E-03 rmsd=7.293E-02 s=[ 0 0 0 1 0 0 1 1 1 0 0 0 1 1 1 1 0 1 1 0 0 0 1 1 0 0 1 1 0 0 1 1 0 0 0 1 0 1 1 1 1 0 1 1 0 0 1 1 1 1 1 1 1 1 1 0 1 1 0 ]
d_37_33=3.425845667077 eijMax=3.885E-03 rmsd=3.067E-02 s=[ 0 0 0 1 0 0 1 1 1 0 0 0 1 1 1 1 0 1 1 0 0 0 1 1 0 0 1 1 0 0 1 1 0 0 0 1 0 1 1 1 1 0 1 1 0 0 1 1 1 1 1 1 1 1 1 1 1 1 0 ]
d_37_33=3.426045867277 eijMax=7.438E-03 rmsd=1.022E-01 s=[ 0 0 0 1 0 0 1 1 1 0 0 0 1 1 1 1 0 1 1 0 0 0 1 1 0 0 1 1 0 0 1 1 0 0 0 0 0 1 1 1 0 0 1 0 0 0 1 1 1 1 1 1 1 1 1 0 1 1 0 ]
d_37_33=3.426045867277 eijMax=7.438E-03 rmsd=7.863E-02 s=[ 0 0 0 1 0 0 1 1 1 0 0 0 1 1 1 1 0 1 1 0 0 0 1 1 0 0 1 1 0 0 1 1 0 0 0 0 0 1 1 1 0 0 1 0 0 0 1 1 1 1 1 1 1 1 1 1 1 1 0 ]
d_37_33=3.426045867277 eijMax=7.438E-03 rmsd=1.022E-01 s=[ 0 0 0 1 0 0 1 1 1 0 0 0 1 1 1 1 0 1 1 0 0 0 1 1 0 0 1 1 0 0 1 1 0 0 0 0 0 1 1 1 0 0 1 1 0 0 1 1 1 1 1 1 1 1 1 0 1 1 0 ]
d_37_33=3.426045867277 eijMax=7.438E-03 rmsd=7.852E-02 s=[ 0 0 0 1 0 0 1 1 1 0 0 0 1 1 1 1 0 1 1 0 0 0 1 1 0 0 1 1 0 0 1 1 0 0 0 0 0 1 1 1 0 0 1 1 0 0 1 1 1 1 1 1 1 1 1 1 1 1 0 ]
d_37_33=3.426045867277 eijMax=7.438E-03 rmsd=9.457E-02 s=[ 0 0 0 1 0 0 1 1 1 0 0 0 1 1 1 1 0 1 1 0 0 0 1 1 0 0 1 1 0 0 1 1 0 0 0 0 0 1 1 1 1 0 1 0 0 0 1 1 1 1 1 1 1 1 1 0 1 1 0 ]
d_37_33=3.426045867277 eijMax=7.438E-03 rmsd=6.769E-02 s=[ 0 0 0 1 0 0 1 1 1 0 0 0 1 1 1 1 0 1 1 0 0 0 1 1 0 0 1 1 0 0 1 1 0 0 0 0 0 1 1 1 1 0 1 0 0 0 1 1 1 1 1 1 1 1 1 1 1 1 0 ]
d_37_33=3.426045867277 eijMax=7.438E-03 rmsd=9.447E-02 s=[ 0 0 0 1 0 0 1 1 1 0 0 0 1 1 1 1 0 1 1 0 0 0 1 1 0 0 1 1 0 0 1 1 0 0 0 0 0 1 1 1 1 0 1 1 0 0 1 1 1 1 1 1 1 1 1 0 1 1 0 ]
d_37_33=3.426045867277 eijMax=7.438E-03 rmsd=6.756E-02 s=[ 0 0 0 1 0 0 1 1 1 0 0 0 1 1 1 1 0 1 1 0 0 0 1 1 0 0 1 1 0 0 1 1 0 0 0 0 0 1 1 1 1 0 1 1 0 0 1 1 1 1 1 1 1 1 1 1 1 1 0 ]
d_37_33=3.426045867277 eijMax=7.438E-03 rmsd=9.656E-02 s=[ 0 0 0 1 0 0 1 1 1 0 0 0 1 1 1 1 0 1 1 0 0 0 1 1 0 0 1 1 0 0 1 1 0 0 0 1 0 1 1 1 0 0 1 0 0 0 1 1 1 1 1 1 1 1 1 0 1 1 0 ]
d_37_33=3.426045867277 eijMax=7.438E-03 rmsd=7.127E-02 s=[ 0 0 0 1 0 0 1 1 1 0 0 0 1 1 1 1 0 1 1 0 0 0 1 1 0 0 1 1 0 0 1 1 0 0 0 1 0 1 1 1 0 0 1 0 0 0 1 1 1 1 1 1 1 1 1 1 1 1 0 ]
d_37_33=3.426045867277 eijMax=7.438E-03 rmsd=9.647E-02 s=[ 0 0 0 1 0 0 1 1 1 0 0 0 1 1 1 1 0 1 1 0 0 0 1 1 0 0 1 1 0 0 1 1 0 0 0 1 0 1 1 1 0 0 1 1 0 0 1 1 1 1 1 1 1 1 1 0 1 1 0 ]
d_37_33=3.426045867277 eijMax=7.438E-03 rmsd=7.115E-02 s=[ 0 0 0 1 0 0 1 1 1 0 0 0 1 1 1 1 0 1 1 0 0 0 1 1 0 0 1 1 0 0 1 1 0 0 0 1 0 1 1 1 0 0 1 1 0 0 1 1 1 1 1 1 1 1 1 1 1 1 0 ]
d_37_33=3.426045867277 eijMax=7.438E-03 rmsd=8.838E-02 s=[ 0 0 0 1 0 0 1 1 1 0 0 0 1 1 1 1 0 1 1 0 0 0 1 1 0 0 1 1 0 0 1 1 0 0 0 1 0 1 1 1 1 0 1 0 0 0 1 1 1 1 1 1 1 1 1 0 1 1 0 ]
d_37_33=3.426045867277 eijMax=7.438E-03 rmsd=5.896E-02 s=[ 0 0 0 1 0 0 1 1 1 0 0 0 1 1 1 1 0 1 1 0 0 0 1 1 0 0 1 1 0 0 1 1 0 0 0 1 0 1 1 1 1 0 1 0 0 0 1 1 1 1 1 1 1 1 1 1 1 1 0 ]
d_37_33=3.426045867277 eijMax=7.438E-03 rmsd=8.829E-02 s=[ 0 0 0 1 0 0 1 1 1 0 0 0 1 1 1 1 0 1 1 0 0 0 1 1 0 0 1 1 0 0 1 1 0 0 0 1 0 1 1 1 1 0 1 1 0 0 1 1 1 1 1 1 1 1 1 0 1 1 0 ]
d_37_33=3.426045867277 eijMax=7.438E-03 rmsd=5.882E-02 s=[ 0 0 0 1 0 0 1 1 1 0 0 0 1 1 1 1 0 1 1 0 0 0 1 1 0 0 1 1 0 0 1 1 0 0 0 1 0 1 1 1 1 0 1 1 0 0 1 1 1 1 1 1 1 1 1 1 1 1 0 ]
num ..... 1000
nnodes .. 59
nedges .. 406
nsols ... 160
tsecs ... 9.740975
