xyz29=( -14.112095 -8.889459 31.328740 )
xyz29=( -14.112095 -8.889459 31.328740 )
xyz29=( -14.112095 -8.889459 31.328740 )
xyz29=( -14.112095 -8.889459 31.328740 )
xyz29=( -14.112095 -8.889459 31.328740 )
xyz29=( -14.112095 -8.889459 31.328740 )
xyz29=( -14.112095 -8.889459 31.328740 )
xyz29=( -14.112095 -8.889459 31.328740 )
xyz29=( -14.112095 -8.889459 31.328740 )
xyz29=( -14.112095 -8.889459 31.328740 )
xyz29=( -14.112095 -8.889459 31.328740 )
xyz29=( -14.112095 -8.889459 31.328740 )
xyz29=( -14.112095 -8.889459 31.328740 )
xyz29=( -14.112095 -8.889459 31.328740 )
xyz29=( -14.112095 -8.889459 31.328740 )
xyz29=( -14.112095 -8.889459 31.328740 )
xyz29=( -14.043645 -8.756186 31.431464 )
xyz29=( -14.043645 -8.756186 31.431464 )
xyz29=( -14.043645 -8.756186 31.431464 )
xyz29=( -14.043645 -8.756186 31.431464 )
xyz29=( -14.043645 -8.756186 31.431464 )
xyz29=( -14.043645 -8.756186 31.431464 )
xyz29=( -14.043645 -8.756186 31.431464 )
xyz29=( -14.043645 -8.756186 31.431464 )
xyz29=( -14.043645 -8.756186 31.431464 )
xyz29=( -14.043645 -8.756186 31.431464 )
xyz29=( -14.043645 -8.756186 31.431464 )
xyz29=( -14.043645 -8.756186 31.431464 )
xyz29=( -14.043645 -8.756186 31.431464 )
xyz29=( -14.043645 -8.756186 31.431464 )
xyz29=( -14.043645 -8.756186 31.431464 )
xyz29=( -14.043645 -8.756186 31.431464 )
