xyz29=( -14.111766 -8.888878 31.329259 )
xyz29=( -14.111766 -8.888878 31.329259 )
xyz29=( -14.111766 -8.888878 31.329259 )
xyz29=( -14.111766 -8.888878 31.329259 )
xyz29=( -14.111766 -8.888878 31.329259 )
xyz29=( -14.111766 -8.888878 31.329259 )
xyz29=( -14.111766 -8.888878 31.329259 )
xyz29=( -14.111766 -8.888878 31.329259 )
xyz29=( -14.111766 -8.888878 31.329259 )
xyz29=( -14.111766 -8.888878 31.329259 )
xyz29=( -14.111766 -8.888878 31.329259 )
xyz29=( -14.111766 -8.888878 31.329259 )
xyz29=( -14.111766 -8.888878 31.329259 )
xyz29=( -14.111766 -8.888878 31.329259 )
xyz29=( -14.111766 -8.888878 31.329259 )
xyz29=( -14.111766 -8.888878 31.329259 )
xyz29=( -14.111992 -8.889277 31.328902 )
xyz29=( -14.111992 -8.889277 31.328902 )
xyz29=( -14.111992 -8.889277 31.328902 )
xyz29=( -14.111992 -8.889277 31.328902 )
xyz29=( -14.111992 -8.889277 31.328902 )
xyz29=( -14.111992 -8.889277 31.328902 )
xyz29=( -14.111992 -8.889277 31.328902 )
xyz29=( -14.111992 -8.889277 31.328902 )
xyz29=( -14.111992 -8.889277 31.328902 )
xyz29=( -14.111992 -8.889277 31.328902 )
xyz29=( -14.111992 -8.889277 31.328902 )
xyz29=( -14.111992 -8.889277 31.328902 )
xyz29=( -14.111992 -8.889277 31.328902 )
xyz29=( -14.111992 -8.889277 31.328902 )
xyz29=( -14.111992 -8.889277 31.328902 )
xyz29=( -14.111992 -8.889277 31.328902 )
xyz29=( -14.112218 -8.889677 31.328545 )
xyz29=( -14.112218 -8.889677 31.328545 )
xyz29=( -14.112218 -8.889677 31.328545 )
xyz29=( -14.112218 -8.889677 31.328545 )
xyz29=( -14.112218 -8.889677 31.328545 )
xyz29=( -14.112218 -8.889677 31.328545 )
xyz29=( -14.112218 -8.889677 31.328545 )
xyz29=( -14.112218 -8.889677 31.328545 )
xyz29=( -14.112218 -8.889677 31.328545 )
xyz29=( -14.112218 -8.889677 31.328545 )
xyz29=( -14.112218 -8.889677 31.328545 )
xyz29=( -14.112218 -8.889677 31.328545 )
xyz29=( -14.112218 -8.889677 31.328545 )
xyz29=( -14.112218 -8.889677 31.328545 )
xyz29=( -14.112218 -8.889677 31.328545 )
xyz29=( -14.112218 -8.889677 31.328545 )
xyz29=( -14.112444 -8.890077 31.328188 )
xyz29=( -14.112444 -8.890077 31.328188 )
xyz29=( -14.112444 -8.890077 31.328188 )
xyz29=( -14.112444 -8.890077 31.328188 )
xyz29=( -14.112444 -8.890077 31.328188 )
xyz29=( -14.112444 -8.890077 31.328188 )
xyz29=( -14.112444 -8.890077 31.328188 )
xyz29=( -14.112444 -8.890077 31.328188 )
xyz29=( -14.112444 -8.890077 31.328188 )
xyz29=( -14.112444 -8.890077 31.328188 )
xyz29=( -14.112444 -8.890077 31.328188 )
xyz29=( -14.112444 -8.890077 31.328188 )
xyz29=( -14.112444 -8.890077 31.328188 )
xyz29=( -14.112444 -8.890077 31.328188 )
xyz29=( -14.112444 -8.890077 31.328188 )
xyz29=( -14.112444 -8.890077 31.328188 )
xyz29=( -14.112670 -8.890476 31.327830 )
xyz29=( -14.112670 -8.890476 31.327830 )
xyz29=( -14.112670 -8.890476 31.327830 )
xyz29=( -14.112670 -8.890476 31.327830 )
xyz29=( -14.112670 -8.890476 31.327830 )
xyz29=( -14.112670 -8.890476 31.327830 )
xyz29=( -14.112670 -8.890476 31.327830 )
xyz29=( -14.112670 -8.890476 31.327830 )
xyz29=( -14.112670 -8.890476 31.327830 )
xyz29=( -14.112670 -8.890476 31.327830 )
xyz29=( -14.112670 -8.890476 31.327830 )
xyz29=( -14.112670 -8.890476 31.327830 )
xyz29=( -14.112670 -8.890476 31.327830 )
xyz29=( -14.112670 -8.890476 31.327830 )
xyz29=( -14.112670 -8.890476 31.327830 )
xyz29=( -14.112670 -8.890476 31.327830 )
xyz29=( -14.043953 -8.756843 31.431028 )
xyz29=( -14.043953 -8.756843 31.431028 )
xyz29=( -14.043953 -8.756843 31.431028 )
xyz29=( -14.043953 -8.756843 31.431028 )
xyz29=( -14.043953 -8.756843 31.431028 )
xyz29=( -14.043953 -8.756843 31.431028 )
xyz29=( -14.043953 -8.756843 31.431028 )
xyz29=( -14.043953 -8.756843 31.431028 )
xyz29=( -14.043953 -8.756843 31.431028 )
xyz29=( -14.043953 -8.756843 31.431028 )
xyz29=( -14.043953 -8.756843 31.431028 )
xyz29=( -14.043953 -8.756843 31.431028 )
xyz29=( -14.043953 -8.756843 31.431028 )
xyz29=( -14.043953 -8.756843 31.431028 )
xyz29=( -14.043953 -8.756843 31.431028 )
xyz29=( -14.043953 -8.756843 31.431028 )
xyz29=( -14.043741 -8.756392 31.431328 )
xyz29=( -14.043741 -8.756392 31.431328 )
xyz29=( -14.043741 -8.756392 31.431328 )
xyz29=( -14.043741 -8.756392 31.431328 )
xyz29=( -14.043741 -8.756392 31.431328 )
xyz29=( -14.043741 -8.756392 31.431328 )
xyz29=( -14.043741 -8.756392 31.431328 )
xyz29=( -14.043741 -8.756392 31.431328 )
xyz29=( -14.043741 -8.756392 31.431328 )
xyz29=( -14.043741 -8.756392 31.431328 )
xyz29=( -14.043741 -8.756392 31.431328 )
xyz29=( -14.043741 -8.756392 31.431328 )
xyz29=( -14.043741 -8.756392 31.431328 )
xyz29=( -14.043741 -8.756392 31.431328 )
xyz29=( -14.043741 -8.756392 31.431328 )
xyz29=( -14.043741 -8.756392 31.431328 )
xyz29=( -14.043530 -8.755940 31.431627 )
xyz29=( -14.043530 -8.755940 31.431627 )
xyz29=( -14.043530 -8.755940 31.431627 )
xyz29=( -14.043530 -8.755940 31.431627 )
xyz29=( -14.043530 -8.755940 31.431627 )
xyz29=( -14.043530 -8.755940 31.431627 )
xyz29=( -14.043530 -8.755940 31.431627 )
xyz29=( -14.043530 -8.755940 31.431627 )
xyz29=( -14.043530 -8.755940 31.431627 )
xyz29=( -14.043530 -8.755940 31.431627 )
xyz29=( -14.043530 -8.755940 31.431627 )
xyz29=( -14.043530 -8.755940 31.431627 )
xyz29=( -14.043530 -8.755940 31.431627 )
xyz29=( -14.043530 -8.755940 31.431627 )
xyz29=( -14.043530 -8.755940 31.431627 )
xyz29=( -14.043530 -8.755940 31.431627 )
xyz29=( -14.043318 -8.755488 31.431926 )
xyz29=( -14.043318 -8.755488 31.431926 )
xyz29=( -14.043318 -8.755488 31.431926 )
xyz29=( -14.043318 -8.755488 31.431926 )
xyz29=( -14.043318 -8.755488 31.431926 )
xyz29=( -14.043318 -8.755488 31.431926 )
xyz29=( -14.043318 -8.755488 31.431926 )
xyz29=( -14.043318 -8.755488 31.431926 )
xyz29=( -14.043318 -8.755488 31.431926 )
xyz29=( -14.043318 -8.755488 31.431926 )
xyz29=( -14.043318 -8.755488 31.431926 )
xyz29=( -14.043318 -8.755488 31.431926 )
xyz29=( -14.043318 -8.755488 31.431926 )
xyz29=( -14.043318 -8.755488 31.431926 )
xyz29=( -14.043318 -8.755488 31.431926 )
xyz29=( -14.043318 -8.755488 31.431926 )
xyz29=( -14.043107 -8.755035 31.432225 )
xyz29=( -14.043107 -8.755035 31.432225 )
xyz29=( -14.043107 -8.755035 31.432225 )
xyz29=( -14.043107 -8.755035 31.432225 )
xyz29=( -14.043107 -8.755035 31.432225 )
xyz29=( -14.043107 -8.755035 31.432225 )
xyz29=( -14.043107 -8.755035 31.432225 )
xyz29=( -14.043107 -8.755035 31.432225 )
xyz29=( -14.043107 -8.755035 31.432225 )
xyz29=( -14.043107 -8.755035 31.432225 )
xyz29=( -14.043107 -8.755035 31.432225 )
xyz29=( -14.043107 -8.755035 31.432225 )
xyz29=( -14.043107 -8.755035 31.432225 )
xyz29=( -14.043107 -8.755035 31.432225 )
xyz29=( -14.043107 -8.755035 31.432225 )
xyz29=( -14.043107 -8.755035 31.432225 )
