d_37_33=3.571691517077 eijMax=6.565E-04 rmsd=6.351E-02 s=[ 0 0 0 0 0 0 0 0 0 1 1 1 0 0 1 1 1 0 0 1 0 0 1 1 1 1 0 0 1 0 0 1 0 1 0 1 0 0 1 1 1 0 0 0 1 1 0 1 1 0 1 0 0 1 0 1 0 0 ]
d_37_33=3.571691517077 eijMax=6.565E-04 rmsd=6.319E-02 s=[ 0 0 0 0 0 0 0 0 0 1 1 1 0 0 1 1 1 0 0 1 0 0 1 1 1 1 0 0 1 0 0 1 0 1 0 1 0 0 1 1 1 0 0 0 1 1 0 1 1 0 1 0 0 1 0 1 0 1 ]
d_37_33=3.571691517077 eijMax=6.565E-04 rmsd=5.739E-02 s=[ 0 0 0 0 0 0 0 0 0 1 1 1 0 0 1 1 1 0 0 1 0 0 1 1 1 1 0 0 1 0 0 1 0 1 0 1 0 0 1 1 1 0 0 0 1 1 0 1 1 0 1 0 0 1 1 1 0 0 ]
d_37_33=3.571691517077 eijMax=6.565E-04 rmsd=5.703E-02 s=[ 0 0 0 0 0 0 0 0 0 1 1 1 0 0 1 1 1 0 0 1 0 0 1 1 1 1 0 0 1 0 0 1 0 1 0 1 0 0 1 1 1 0 0 0 1 1 0 1 1 0 1 0 0 1 1 1 0 1 ]
d_37_33=3.571691517077 eijMax=4.297E-04 rmsd=5.182E-02 s=[ 0 0 0 0 0 0 0 0 0 1 1 1 0 0 1 1 1 0 0 1 0 0 1 1 1 1 0 0 1 0 0 1 0 1 0 1 0 0 1 1 1 0 0 0 1 1 0 1 1 1 1 0 0 1 0 1 0 0 ]
d_37_33=3.571691517077 eijMax=4.297E-04 rmsd=5.146E-02 s=[ 0 0 0 0 0 0 0 0 0 1 1 1 0 0 1 1 1 0 0 1 0 0 1 1 1 1 0 0 1 0 0 1 0 1 0 1 0 0 1 1 1 0 0 0 1 1 0 1 1 1 1 0 0 1 0 1 0 1 ]
d_37_33=3.571691517077 eijMax=4.297E-04 rmsd=4.450E-02 s=[ 0 0 0 0 0 0 0 0 0 1 1 1 0 0 1 1 1 0 0 1 0 0 1 1 1 1 0 0 1 0 0 1 0 1 0 1 0 0 1 1 1 0 0 0 1 1 0 1 1 1 1 0 0 1 1 1 0 0 ]
d_37_33=3.571691517077 eijMax=4.297E-04 rmsd=4.408E-02 s=[ 0 0 0 0 0 0 0 0 0 1 1 1 0 0 1 1 1 0 0 1 0 0 1 1 1 1 0 0 1 0 0 1 0 1 0 1 0 0 1 1 1 0 0 0 1 1 0 1 1 1 1 0 0 1 1 1 0 1 ]
d_37_33=3.571691517077 eijMax=6.565E-04 rmsd=6.171E-02 s=[ 0 0 0 0 0 0 0 0 0 1 1 1 0 0 1 1 1 0 0 1 0 0 1 1 1 1 0 0 1 0 0 1 0 1 1 1 0 0 1 1 1 0 0 0 1 1 0 1 1 0 1 0 0 1 0 1 0 0 ]
d_37_33=3.571691517077 eijMax=6.565E-04 rmsd=6.138E-02 s=[ 0 0 0 0 0 0 0 0 0 1 1 1 0 0 1 1 1 0 0 1 0 0 1 1 1 1 0 0 1 0 0 1 0 1 1 1 0 0 1 1 1 0 0 0 1 1 0 1 1 0 1 0 0 1 0 1 0 1 ]
d_37_33=3.571691517077 eijMax=6.565E-04 rmsd=5.527E-02 s=[ 0 0 0 0 0 0 0 0 0 1 1 1 0 0 1 1 1 0 0 1 0 0 1 1 1 1 0 0 1 0 0 1 0 1 1 1 0 0 1 1 1 0 0 0 1 1 0 1 1 0 1 0 0 1 1 1 0 0 ]
d_37_33=3.571691517077 eijMax=6.565E-04 rmsd=5.490E-02 s=[ 0 0 0 0 0 0 0 0 0 1 1 1 0 0 1 1 1 0 0 1 0 0 1 1 1 1 0 0 1 0 0 1 0 1 1 1 0 0 1 1 1 0 0 0 1 1 0 1 1 0 1 0 0 1 1 1 0 1 ]
d_37_33=3.571691517077 eijMax=4.297E-04 rmsd=4.947E-02 s=[ 0 0 0 0 0 0 0 0 0 1 1 1 0 0 1 1 1 0 0 1 0 0 1 1 1 1 0 0 1 0 0 1 0 1 1 1 0 0 1 1 1 0 0 0 1 1 0 1 1 1 1 0 0 1 0 1 0 0 ]
d_37_33=3.571691517077 eijMax=4.297E-04 rmsd=4.910E-02 s=[ 0 0 0 0 0 0 0 0 0 1 1 1 0 0 1 1 1 0 0 1 0 0 1 1 1 1 0 0 1 0 0 1 0 1 1 1 0 0 1 1 1 0 0 0 1 1 0 1 1 1 1 0 0 1 0 1 0 1 ]
d_37_33=3.571691517077 eijMax=4.297E-04 rmsd=4.158E-02 s=[ 0 0 0 0 0 0 0 0 0 1 1 1 0 0 1 1 1 0 0 1 0 0 1 1 1 1 0 0 1 0 0 1 0 1 1 1 0 0 1 1 1 0 0 0 1 1 0 1 1 1 1 0 0 1 1 1 0 0 ]
d_37_33=3.571691517077 eijMax=4.297E-04 rmsd=4.113E-02 s=[ 0 0 0 0 0 0 0 0 0 1 1 1 0 0 1 1 1 0 0 1 0 0 1 1 1 1 0 0 1 0 0 1 0 1 1 1 0 0 1 1 1 0 0 0 1 1 0 1 1 1 1 0 0 1 1 1 0 1 ]
d_37_33=3.571891717277 eijMax=6.565E-04 rmsd=1.194E-01 s=[ 0 0 0 0 0 0 0 0 0 1 1 1 0 0 1 1 1 0 0 1 0 0 1 1 1 1 0 0 1 0 0 1 0 1 0 1 0 0 1 1 1 0 0 0 1 1 0 1 1 0 1 0 0 1 0 1 0 0 ]
d_37_33=3.571891717277 eijMax=6.565E-04 rmsd=1.185E-01 s=[ 0 0 0 0 0 0 0 0 0 1 1 1 0 0 1 1 1 0 0 1 0 0 1 1 1 1 0 0 1 0 0 1 0 1 0 1 0 0 1 1 1 0 0 0 1 1 0 1 1 0 1 0 0 1 0 1 0 1 ]
d_37_33=3.571891717277 eijMax=6.565E-04 rmsd=1.234E-01 s=[ 0 0 0 0 0 0 0 0 0 1 1 1 0 0 1 1 1 0 0 1 0 0 1 1 1 1 0 0 1 0 0 1 0 1 0 1 0 0 1 1 1 0 0 0 1 1 0 1 1 0 1 0 0 1 1 1 0 0 ]
d_37_33=3.571891717277 eijMax=6.565E-04 rmsd=1.226E-01 s=[ 0 0 0 0 0 0 0 0 0 1 1 1 0 0 1 1 1 0 0 1 0 0 1 1 1 1 0 0 1 0 0 1 0 1 0 1 0 0 1 1 1 0 0 0 1 1 0 1 1 0 1 0 0 1 1 1 0 1 ]
d_37_33=3.571891717277 eijMax=6.079E-04 rmsd=1.248E-01 s=[ 0 0 0 0 0 0 0 0 0 1 1 1 0 0 1 1 1 0 0 1 0 0 1 1 1 1 0 0 1 0 0 1 0 1 0 1 0 0 1 1 1 0 0 0 1 1 0 1 1 1 1 0 0 1 0 1 0 0 ]
d_37_33=3.571891717277 eijMax=6.079E-04 rmsd=1.240E-01 s=[ 0 0 0 0 0 0 0 0 0 1 1 1 0 0 1 1 1 0 0 1 0 0 1 1 1 1 0 0 1 0 0 1 0 1 0 1 0 0 1 1 1 0 0 0 1 1 0 1 1 1 1 0 0 1 0 1 0 1 ]
d_37_33=3.571891717277 eijMax=6.079E-04 rmsd=1.288E-01 s=[ 0 0 0 0 0 0 0 0 0 1 1 1 0 0 1 1 1 0 0 1 0 0 1 1 1 1 0 0 1 0 0 1 0 1 0 1 0 0 1 1 1 0 0 0 1 1 0 1 1 1 1 0 0 1 1 1 0 0 ]
d_37_33=3.571891717277 eijMax=6.079E-04 rmsd=1.280E-01 s=[ 0 0 0 0 0 0 0 0 0 1 1 1 0 0 1 1 1 0 0 1 0 0 1 1 1 1 0 0 1 0 0 1 0 1 0 1 0 0 1 1 1 0 0 0 1 1 0 1 1 1 1 0 0 1 1 1 0 1 ]
d_37_33=3.571891717277 eijMax=6.565E-04 rmsd=1.178E-01 s=[ 0 0 0 0 0 0 0 0 0 1 1 1 0 0 1 1 1 0 0 1 0 0 1 1 1 1 0 0 1 0 0 1 0 1 1 1 0 0 1 1 1 0 0 0 1 1 0 1 1 0 1 0 0 1 0 1 0 0 ]
d_37_33=3.571891717277 eijMax=6.565E-04 rmsd=1.169E-01 s=[ 0 0 0 0 0 0 0 0 0 1 1 1 0 0 1 1 1 0 0 1 0 0 1 1 1 1 0 0 1 0 0 1 0 1 1 1 0 0 1 1 1 0 0 0 1 1 0 1 1 0 1 0 0 1 0 1 0 1 ]
d_37_33=3.571891717277 eijMax=6.565E-04 rmsd=1.218E-01 s=[ 0 0 0 0 0 0 0 0 0 1 1 1 0 0 1 1 1 0 0 1 0 0 1 1 1 1 0 0 1 0 0 1 0 1 1 1 0 0 1 1 1 0 0 0 1 1 0 1 1 0 1 0 0 1 1 1 0 0 ]
d_37_33=3.571891717277 eijMax=6.565E-04 rmsd=1.210E-01 s=[ 0 0 0 0 0 0 0 0 0 1 1 1 0 0 1 1 1 0 0 1 0 0 1 1 1 1 0 0 1 0 0 1 0 1 1 1 0 0 1 1 1 0 0 0 1 1 0 1 1 0 1 0 0 1 1 1 0 1 ]
d_37_33=3.571891717277 eijMax=6.079E-04 rmsd=1.232E-01 s=[ 0 0 0 0 0 0 0 0 0 1 1 1 0 0 1 1 1 0 0 1 0 0 1 1 1 1 0 0 1 0 0 1 0 1 1 1 0 0 1 1 1 0 0 0 1 1 0 1 1 1 1 0 0 1 0 1 0 0 ]
d_37_33=3.571891717277 eijMax=6.079E-04 rmsd=1.224E-01 s=[ 0 0 0 0 0 0 0 0 0 1 1 1 0 0 1 1 1 0 0 1 0 0 1 1 1 1 0 0 1 0 0 1 0 1 1 1 0 0 1 1 1 0 0 0 1 1 0 1 1 1 1 0 0 1 0 1 0 1 ]
d_37_33=3.571891717277 eijMax=6.079E-04 rmsd=1.272E-01 s=[ 0 0 0 0 0 0 0 0 0 1 1 1 0 0 1 1 1 0 0 1 0 0 1 1 1 1 0 0 1 0 0 1 0 1 1 1 0 0 1 1 1 0 0 0 1 1 0 1 1 1 1 0 0 1 1 1 0 0 ]
d_37_33=3.571891717277 eijMax=6.079E-04 rmsd=1.264E-01 s=[ 0 0 0 0 0 0 0 0 0 1 1 1 0 0 1 1 1 0 0 1 0 0 1 1 1 1 0 0 1 0 0 1 0 1 1 1 0 0 1 1 1 0 0 0 1 1 0 1 1 1 1 0 0 1 1 1 0 1 ]
d_37_33=3.571491316877 eijMax=6.565E-04 rmsd=9.523E-02 s=[ 0 0 0 0 0 0 0 0 0 1 1 1 0 0 1 1 1 0 0 1 0 0 1 1 1 1 0 1 1 0 0 1 0 1 0 1 0 0 1 1 1 0 0 0 1 1 0 1 1 0 1 0 0 1 0 1 0 0 ]
d_37_33=3.571491316877 eijMax=6.565E-04 rmsd=9.440E-02 s=[ 0 0 0 0 0 0 0 0 0 1 1 1 0 0 1 1 1 0 0 1 0 0 1 1 1 1 0 1 1 0 0 1 0 1 0 1 0 0 1 1 1 0 0 0 1 1 0 1 1 0 1 0 0 1 0 1 0 1 ]
d_37_33=3.571491316877 eijMax=6.565E-04 rmsd=9.764E-02 s=[ 0 0 0 0 0 0 0 0 0 1 1 1 0 0 1 1 1 0 0 1 0 0 1 1 1 1 0 1 1 0 0 1 0 1 0 1 0 0 1 1 1 0 0 0 1 1 0 1 1 0 1 0 0 1 1 1 0 0 ]
d_37_33=3.571491316877 eijMax=6.565E-04 rmsd=9.682E-02 s=[ 0 0 0 0 0 0 0 0 0 1 1 1 0 0 1 1 1 0 0 1 0 0 1 1 1 1 0 1 1 0 0 1 0 1 0 1 0 0 1 1 1 0 0 0 1 1 0 1 1 0 1 0 0 1 1 1 0 1 ]
d_37_33=3.571491316877 eijMax=5.001E-04 rmsd=9.792E-02 s=[ 0 0 0 0 0 0 0 0 0 1 1 1 0 0 1 1 1 0 0 1 0 0 1 1 1 1 0 1 1 0 0 1 0 1 0 1 0 0 1 1 1 0 0 0 1 1 0 1 1 1 1 0 0 1 0 1 0 0 ]
d_37_33=3.571491316877 eijMax=5.001E-04 rmsd=9.713E-02 s=[ 0 0 0 0 0 0 0 0 0 1 1 1 0 0 1 1 1 0 0 1 0 0 1 1 1 1 0 1 1 0 0 1 0 1 0 1 0 0 1 1 1 0 0 0 1 1 0 1 1 1 1 0 0 1 0 1 0 1 ]
d_37_33=3.571491316877 eijMax=5.001E-04 rmsd=1.004E-01 s=[ 0 0 0 0 0 0 0 0 0 1 1 1 0 0 1 1 1 0 0 1 0 0 1 1 1 1 0 1 1 0 0 1 0 1 0 1 0 0 1 1 1 0 0 0 1 1 0 1 1 1 1 0 0 1 1 1 0 0 ]
d_37_33=3.571491316877 eijMax=5.001E-04 rmsd=9.966E-02 s=[ 0 0 0 0 0 0 0 0 0 1 1 1 0 0 1 1 1 0 0 1 0 0 1 1 1 1 0 1 1 0 0 1 0 1 0 1 0 0 1 1 1 0 0 0 1 1 0 1 1 1 1 0 0 1 1 1 0 1 ]
d_37_33=3.571491316877 eijMax=6.565E-04 rmsd=9.348E-02 s=[ 0 0 0 0 0 0 0 0 0 1 1 1 0 0 1 1 1 0 0 1 0 0 1 1 1 1 0 1 1 0 0 1 0 1 1 1 0 0 1 1 1 0 0 0 1 1 0 1 1 0 1 0 0 1 0 1 0 0 ]
d_37_33=3.571491316877 eijMax=6.565E-04 rmsd=9.262E-02 s=[ 0 0 0 0 0 0 0 0 0 1 1 1 0 0 1 1 1 0 0 1 0 0 1 1 1 1 0 1 1 0 0 1 0 1 1 1 0 0 1 1 1 0 0 0 1 1 0 1 1 0 1 0 0 1 0 1 0 1 ]
d_37_33=3.571491316877 eijMax=6.565E-04 rmsd=9.585E-02 s=[ 0 0 0 0 0 0 0 0 0 1 1 1 0 0 1 1 1 0 0 1 0 0 1 1 1 1 0 1 1 0 0 1 0 1 1 1 0 0 1 1 1 0 0 0 1 1 0 1 1 0 1 0 0 1 1 1 0 0 ]
d_37_33=3.571491316877 eijMax=6.565E-04 rmsd=9.502E-02 s=[ 0 0 0 0 0 0 0 0 0 1 1 1 0 0 1 1 1 0 0 1 0 0 1 1 1 1 0 1 1 0 0 1 0 1 1 1 0 0 1 1 1 0 0 0 1 1 0 1 1 0 1 0 0 1 1 1 0 1 ]
d_37_33=3.571491316877 eijMax=5.001E-04 rmsd=9.615E-02 s=[ 0 0 0 0 0 0 0 0 0 1 1 1 0 0 1 1 1 0 0 1 0 0 1 1 1 1 0 1 1 0 0 1 0 1 1 1 0 0 1 1 1 0 0 0 1 1 0 1 1 1 1 0 0 1 0 1 0 0 ]
d_37_33=3.571491316877 eijMax=5.001E-04 rmsd=9.534E-02 s=[ 0 0 0 0 0 0 0 0 0 1 1 1 0 0 1 1 1 0 0 1 0 0 1 1 1 1 0 1 1 0 0 1 0 1 1 1 0 0 1 1 1 0 0 0 1 1 0 1 1 1 1 0 0 1 0 1 0 1 ]
d_37_33=3.571491316877 eijMax=5.001E-04 rmsd=9.864E-02 s=[ 0 0 0 0 0 0 0 0 0 1 1 1 0 0 1 1 1 0 0 1 0 0 1 1 1 1 0 1 1 0 0 1 0 1 1 1 0 0 1 1 1 0 0 0 1 1 0 1 1 1 1 0 0 1 1 1 0 0 ]
d_37_33=3.571491316877 eijMax=5.001E-04 rmsd=9.785E-02 s=[ 0 0 0 0 0 0 0 0 0 1 1 1 0 0 1 1 1 0 0 1 0 0 1 1 1 1 0 1 1 0 0 1 0 1 1 1 0 0 1 1 1 0 0 0 1 1 0 1 1 1 1 0 0 1 1 1 0 1 ]
d_37_33=3.570690516076 eijMax=8.543E-03 rmsd=5.903E-01 s=[ 0 0 0 0 0 0 0 0 0 1 1 1 0 0 1 1 1 0 0 1 1 0 1 1 1 1 0 0 1 0 0 1 0 1 0 1 0 0 1 1 1 0 0 0 1 1 0 1 1 1 1 0 0 1 0 1 0 0 ]
d_37_33=3.570690516076 eijMax=8.543E-03 rmsd=5.911E-01 s=[ 0 0 0 0 0 0 0 0 0 1 1 1 0 0 1 1 1 0 0 1 1 0 1 1 1 1 0 0 1 0 0 1 0 1 0 1 0 0 1 1 1 0 0 0 1 1 0 1 1 1 1 0 0 1 0 1 0 1 ]
d_37_33=3.570690516076 eijMax=8.543E-03 rmsd=5.808E-01 s=[ 0 0 0 0 0 0 0 0 0 1 1 1 0 0 1 1 1 0 0 1 1 0 1 1 1 1 0 0 1 0 0 1 0 1 0 1 0 0 1 1 1 0 0 0 1 1 0 1 1 1 1 0 0 1 1 1 0 0 ]
d_37_33=3.570690516076 eijMax=8.543E-03 rmsd=5.817E-01 s=[ 0 0 0 0 0 0 0 0 0 1 1 1 0 0 1 1 1 0 0 1 1 0 1 1 1 1 0 0 1 0 0 1 0 1 0 1 0 0 1 1 1 0 0 0 1 1 0 1 1 1 1 0 0 1 1 1 0 1 ]
d_37_33=3.570690516076 eijMax=8.543E-03 rmsd=5.908E-01 s=[ 0 0 0 0 0 0 0 0 0 1 1 1 0 0 1 1 1 0 0 1 1 0 1 1 1 1 0 0 1 0 0 1 0 1 1 1 0 0 1 1 1 0 0 0 1 1 0 1 1 1 1 0 0 1 0 1 0 0 ]
d_37_33=3.570690516076 eijMax=8.543E-03 rmsd=5.916E-01 s=[ 0 0 0 0 0 0 0 0 0 1 1 1 0 0 1 1 1 0 0 1 1 0 1 1 1 1 0 0 1 0 0 1 0 1 1 1 0 0 1 1 1 0 0 0 1 1 0 1 1 1 1 0 0 1 0 1 0 1 ]
d_37_33=3.570690516076 eijMax=8.543E-03 rmsd=5.813E-01 s=[ 0 0 0 0 0 0 0 0 0 1 1 1 0 0 1 1 1 0 0 1 1 0 1 1 1 1 0 0 1 0 0 1 0 1 1 1 0 0 1 1 1 0 0 0 1 1 0 1 1 1 1 0 0 1 1 1 0 0 ]
d_37_33=3.570690516076 eijMax=8.543E-03 rmsd=5.822E-01 s=[ 0 0 0 0 0 0 0 0 0 1 1 1 0 0 1 1 1 0 0 1 1 0 1 1 1 1 0 0 1 0 0 1 0 1 1 1 0 0 1 1 1 0 0 0 1 1 0 1 1 1 1 0 0 1 1 1 0 1 ]
d_37_33=3.570890716276 eijMax=5.635E-03 rmsd=4.514E-01 s=[ 0 0 0 0 0 0 0 0 0 1 1 1 0 0 1 1 1 0 0 1 1 0 1 1 1 1 0 0 1 0 0 1 0 1 0 1 0 0 1 1 1 0 0 0 1 1 0 1 1 1 1 0 0 1 0 1 0 0 ]
d_37_33=3.570890716276 eijMax=5.635E-03 rmsd=4.522E-01 s=[ 0 0 0 0 0 0 0 0 0 1 1 1 0 0 1 1 1 0 0 1 1 0 1 1 1 1 0 0 1 0 0 1 0 1 0 1 0 0 1 1 1 0 0 0 1 1 0 1 1 1 1 0 0 1 0 1 0 1 ]
d_37_33=3.570890716276 eijMax=5.635E-03 rmsd=4.416E-01 s=[ 0 0 0 0 0 0 0 0 0 1 1 1 0 0 1 1 1 0 0 1 1 0 1 1 1 1 0 0 1 0 0 1 0 1 0 1 0 0 1 1 1 0 0 0 1 1 0 1 1 1 1 0 0 1 1 1 0 0 ]
d_37_33=3.570890716276 eijMax=5.635E-03 rmsd=4.425E-01 s=[ 0 0 0 0 0 0 0 0 0 1 1 1 0 0 1 1 1 0 0 1 1 0 1 1 1 1 0 0 1 0 0 1 0 1 0 1 0 0 1 1 1 0 0 0 1 1 0 1 1 1 1 0 0 1 1 1 0 1 ]
d_37_33=3.570890716276 eijMax=5.635E-03 rmsd=4.519E-01 s=[ 0 0 0 0 0 0 0 0 0 1 1 1 0 0 1 1 1 0 0 1 1 0 1 1 1 1 0 0 1 0 0 1 0 1 1 1 0 0 1 1 1 0 0 0 1 1 0 1 1 1 1 0 0 1 0 1 0 0 ]
d_37_33=3.570890716276 eijMax=5.635E-03 rmsd=4.527E-01 s=[ 0 0 0 0 0 0 0 0 0 1 1 1 0 0 1 1 1 0 0 1 1 0 1 1 1 1 0 0 1 0 0 1 0 1 1 1 0 0 1 1 1 0 0 0 1 1 0 1 1 1 1 0 0 1 0 1 0 1 ]
d_37_33=3.570890716276 eijMax=5.635E-03 rmsd=4.421E-01 s=[ 0 0 0 0 0 0 0 0 0 1 1 1 0 0 1 1 1 0 0 1 1 0 1 1 1 1 0 0 1 0 0 1 0 1 1 1 0 0 1 1 1 0 0 0 1 1 0 1 1 1 1 0 0 1 1 1 0 0 ]
d_37_33=3.570890716276 eijMax=5.635E-03 rmsd=4.430E-01 s=[ 0 0 0 0 0 0 0 0 0 1 1 1 0 0 1 1 1 0 0 1 1 0 1 1 1 1 0 0 1 0 0 1 0 1 1 1 0 0 1 1 1 0 0 0 1 1 0 1 1 1 1 0 0 1 1 1 0 1 ]
d_37_33=3.571090916476 eijMax=3.430E-03 rmsd=3.234E-01 s=[ 0 0 0 0 0 0 0 0 0 1 1 1 0 0 1 1 1 0 0 1 1 0 1 1 1 1 0 0 1 0 0 1 0 1 0 1 0 0 1 1 1 0 0 0 1 1 0 1 1 1 1 0 0 1 0 1 0 0 ]
d_37_33=3.571090916476 eijMax=3.430E-03 rmsd=3.242E-01 s=[ 0 0 0 0 0 0 0 0 0 1 1 1 0 0 1 1 1 0 0 1 1 0 1 1 1 1 0 0 1 0 0 1 0 1 0 1 0 0 1 1 1 0 0 0 1 1 0 1 1 1 1 0 0 1 0 1 0 1 ]
d_37_33=3.571090916476 eijMax=3.430E-03 rmsd=3.132E-01 s=[ 0 0 0 0 0 0 0 0 0 1 1 1 0 0 1 1 1 0 0 1 1 0 1 1 1 1 0 0 1 0 0 1 0 1 0 1 0 0 1 1 1 0 0 0 1 1 0 1 1 1 1 0 0 1 1 1 0 0 ]
d_37_33=3.571090916476 eijMax=3.430E-03 rmsd=3.140E-01 s=[ 0 0 0 0 0 0 0 0 0 1 1 1 0 0 1 1 1 0 0 1 1 0 1 1 1 1 0 0 1 0 0 1 0 1 0 1 0 0 1 1 1 0 0 0 1 1 0 1 1 1 1 0 0 1 1 1 0 1 ]
d_37_33=3.571090916476 eijMax=3.430E-03 rmsd=3.239E-01 s=[ 0 0 0 0 0 0 0 0 0 1 1 1 0 0 1 1 1 0 0 1 1 0 1 1 1 1 0 0 1 0 0 1 0 1 1 1 0 0 1 1 1 0 0 0 1 1 0 1 1 1 1 0 0 1 0 1 0 0 ]
d_37_33=3.571090916476 eijMax=3.430E-03 rmsd=3.247E-01 s=[ 0 0 0 0 0 0 0 0 0 1 1 1 0 0 1 1 1 0 0 1 1 0 1 1 1 1 0 0 1 0 0 1 0 1 1 1 0 0 1 1 1 0 0 0 1 1 0 1 1 1 1 0 0 1 0 1 0 1 ]
d_37_33=3.571090916476 eijMax=3.430E-03 rmsd=3.136E-01 s=[ 0 0 0 0 0 0 0 0 0 1 1 1 0 0 1 1 1 0 0 1 1 0 1 1 1 1 0 0 1 0 0 1 0 1 1 1 0 0 1 1 1 0 0 0 1 1 0 1 1 1 1 0 0 1 1 1 0 0 ]
d_37_33=3.571090916476 eijMax=3.430E-03 rmsd=3.145E-01 s=[ 0 0 0 0 0 0 0 0 0 1 1 1 0 0 1 1 1 0 0 1 1 0 1 1 1 1 0 0 1 0 0 1 0 1 1 1 0 0 1 1 1 0 0 0 1 1 0 1 1 1 1 0 0 1 1 1 0 1 ]
d_37_33=3.571291116677 eijMax=1.794E-03 rmsd=2.218E-01 s=[ 0 0 0 0 0 0 0 0 0 1 1 1 0 0 1 1 1 0 0 1 1 0 1 1 1 1 0 0 1 0 0 1 0 1 0 1 0 0 1 1 1 0 0 0 1 1 0 1 1 0 1 0 0 1 0 1 0 0 ]
d_37_33=3.571291116677 eijMax=1.794E-03 rmsd=2.225E-01 s=[ 0 0 0 0 0 0 0 0 0 1 1 1 0 0 1 1 1 0 0 1 1 0 1 1 1 1 0 0 1 0 0 1 0 1 0 1 0 0 1 1 1 0 0 0 1 1 0 1 1 0 1 0 0 1 0 1 0 1 ]
d_37_33=3.571291116677 eijMax=1.794E-03 rmsd=2.114E-01 s=[ 0 0 0 0 0 0 0 0 0 1 1 1 0 0 1 1 1 0 0 1 1 0 1 1 1 1 0 0 1 0 0 1 0 1 0 1 0 0 1 1 1 0 0 0 1 1 0 1 1 0 1 0 0 1 1 1 0 0 ]
d_37_33=3.571291116677 eijMax=1.794E-03 rmsd=2.121E-01 s=[ 0 0 0 0 0 0 0 0 0 1 1 1 0 0 1 1 1 0 0 1 1 0 1 1 1 1 0 0 1 0 0 1 0 1 0 1 0 0 1 1 1 0 0 0 1 1 0 1 1 0 1 0 0 1 1 1 0 1 ]
d_37_33=3.571291116677 eijMax=1.794E-03 rmsd=2.050E-01 s=[ 0 0 0 0 0 0 0 0 0 1 1 1 0 0 1 1 1 0 0 1 1 0 1 1 1 1 0 0 1 0 0 1 0 1 0 1 0 0 1 1 1 0 0 0 1 1 0 1 1 1 1 0 0 1 0 1 0 0 ]
d_37_33=3.571291116677 eijMax=1.794E-03 rmsd=2.058E-01 s=[ 0 0 0 0 0 0 0 0 0 1 1 1 0 0 1 1 1 0 0 1 1 0 1 1 1 1 0 0 1 0 0 1 0 1 0 1 0 0 1 1 1 0 0 0 1 1 0 1 1 1 1 0 0 1 0 1 0 1 ]
d_37_33=3.571291116677 eijMax=1.794E-03 rmsd=1.938E-01 s=[ 0 0 0 0 0 0 0 0 0 1 1 1 0 0 1 1 1 0 0 1 1 0 1 1 1 1 0 0 1 0 0 1 0 1 0 1 0 0 1 1 1 0 0 0 1 1 0 1 1 1 1 0 0 1 1 1 0 0 ]
d_37_33=3.571291116677 eijMax=1.794E-03 rmsd=1.947E-01 s=[ 0 0 0 0 0 0 0 0 0 1 1 1 0 0 1 1 1 0 0 1 1 0 1 1 1 1 0 0 1 0 0 1 0 1 0 1 0 0 1 1 1 0 0 0 1 1 0 1 1 1 1 0 0 1 1 1 0 1 ]
d_37_33=3.571291116677 eijMax=1.794E-03 rmsd=2.220E-01 s=[ 0 0 0 0 0 0 0 0 0 1 1 1 0 0 1 1 1 0 0 1 1 0 1 1 1 1 0 0 1 0 0 1 0 1 1 1 0 0 1 1 1 0 0 0 1 1 0 1 1 0 1 0 0 1 0 1 0 0 ]
d_37_33=3.571291116677 eijMax=1.794E-03 rmsd=2.227E-01 s=[ 0 0 0 0 0 0 0 0 0 1 1 1 0 0 1 1 1 0 0 1 1 0 1 1 1 1 0 0 1 0 0 1 0 1 1 1 0 0 1 1 1 0 0 0 1 1 0 1 1 0 1 0 0 1 0 1 0 1 ]
d_37_33=3.571291116677 eijMax=1.794E-03 rmsd=2.116E-01 s=[ 0 0 0 0 0 0 0 0 0 1 1 1 0 0 1 1 1 0 0 1 1 0 1 1 1 1 0 0 1 0 0 1 0 1 1 1 0 0 1 1 1 0 0 0 1 1 0 1 1 0 1 0 0 1 1 1 0 0 ]
d_37_33=3.571291116677 eijMax=1.794E-03 rmsd=2.124E-01 s=[ 0 0 0 0 0 0 0 0 0 1 1 1 0 0 1 1 1 0 0 1 1 0 1 1 1 1 0 0 1 0 0 1 0 1 1 1 0 0 1 1 1 0 0 0 1 1 0 1 1 0 1 0 0 1 1 1 0 1 ]
d_37_33=3.571291116677 eijMax=1.794E-03 rmsd=2.053E-01 s=[ 0 0 0 0 0 0 0 0 0 1 1 1 0 0 1 1 1 0 0 1 1 0 1 1 1 1 0 0 1 0 0 1 0 1 1 1 0 0 1 1 1 0 0 0 1 1 0 1 1 1 1 0 0 1 0 1 0 0 ]
d_37_33=3.571291116677 eijMax=1.794E-03 rmsd=2.061E-01 s=[ 0 0 0 0 0 0 0 0 0 1 1 1 0 0 1 1 1 0 0 1 1 0 1 1 1 1 0 0 1 0 0 1 0 1 1 1 0 0 1 1 1 0 0 0 1 1 0 1 1 1 1 0 0 1 0 1 0 1 ]
d_37_33=3.571291116677 eijMax=1.794E-03 rmsd=1.941E-01 s=[ 0 0 0 0 0 0 0 0 0 1 1 1 0 0 1 1 1 0 0 1 1 0 1 1 1 1 0 0 1 0 0 1 0 1 1 1 0 0 1 1 1 0 0 0 1 1 0 1 1 1 1 0 0 1 1 1 0 0 ]
d_37_33=3.571291116677 eijMax=1.794E-03 rmsd=1.949E-01 s=[ 0 0 0 0 0 0 0 0 0 1 1 1 0 0 1 1 1 0 0 1 1 0 1 1 1 1 0 0 1 0 0 1 0 1 1 1 0 0 1 1 1 0 0 0 1 1 0 1 1 1 1 0 0 1 1 1 0 1 ]
d_37_33=3.571491316877 eijMax=6.565E-04 rmsd=1.161E-01 s=[ 0 0 0 0 0 0 0 0 0 1 1 1 0 0 1 1 1 0 0 1 1 0 1 1 1 1 0 0 1 0 0 1 0 1 0 1 0 0 1 1 1 0 0 0 1 1 0 1 1 0 1 0 0 1 0 1 0 0 ]
d_37_33=3.571491316877 eijMax=6.565E-04 rmsd=1.167E-01 s=[ 0 0 0 0 0 0 0 0 0 1 1 1 0 0 1 1 1 0 0 1 1 0 1 1 1 1 0 0 1 0 0 1 0 1 0 1 0 0 1 1 1 0 0 0 1 1 0 1 1 0 1 0 0 1 0 1 0 1 ]
d_37_33=3.571491316877 eijMax=6.565E-04 rmsd=1.045E-01 s=[ 0 0 0 0 0 0 0 0 0 1 1 1 0 0 1 1 1 0 0 1 1 0 1 1 1 1 0 0 1 0 0 1 0 1 0 1 0 0 1 1 1 0 0 0 1 1 0 1 1 0 1 0 0 1 1 1 0 0 ]
d_37_33=3.571491316877 eijMax=6.565E-04 rmsd=1.051E-01 s=[ 0 0 0 0 0 0 0 0 0 1 1 1 0 0 1 1 1 0 0 1 1 0 1 1 1 1 0 0 1 0 0 1 0 1 0 1 0 0 1 1 1 0 0 0 1 1 0 1 1 0 1 0 0 1 1 1 0 1 ]
d_37_33=3.571491316877 eijMax=6.255E-04 rmsd=9.665E-02 s=[ 0 0 0 0 0 0 0 0 0 1 1 1 0 0 1 1 1 0 0 1 1 0 1 1 1 1 0 0 1 0 0 1 0 1 0 1 0 0 1 1 1 0 0 0 1 1 0 1 1 1 1 0 0 1 0 1 0 0 ]
d_37_33=3.571491316877 eijMax=6.255E-04 rmsd=9.737E-02 s=[ 0 0 0 0 0 0 0 0 0 1 1 1 0 0 1 1 1 0 0 1 1 0 1 1 1 1 0 0 1 0 0 1 0 1 0 1 0 0 1 1 1 0 0 0 1 1 0 1 1 1 1 0 0 1 0 1 0 1 ]
d_37_33=3.571491316877 eijMax=6.255E-04 rmsd=8.255E-02 s=[ 0 0 0 0 0 0 0 0 0 1 1 1 0 0 1 1 1 0 0 1 1 0 1 1 1 1 0 0 1 0 0 1 0 1 0 1 0 0 1 1 1 0 0 0 1 1 0 1 1 1 1 0 0 1 1 1 0 0 ]
d_37_33=3.571491316877 eijMax=6.255E-04 rmsd=8.339E-02 s=[ 0 0 0 0 0 0 0 0 0 1 1 1 0 0 1 1 1 0 0 1 1 0 1 1 1 1 0 0 1 0 0 1 0 1 0 1 0 0 1 1 1 0 0 0 1 1 0 1 1 1 1 0 0 1 1 1 0 1 ]
d_37_33=3.571491316877 eijMax=6.565E-04 rmsd=1.159E-01 s=[ 0 0 0 0 0 0 0 0 0 1 1 1 0 0 1 1 1 0 0 1 1 0 1 1 1 1 0 0 1 0 0 1 0 1 1 1 0 0 1 1 1 0 0 0 1 1 0 1 1 0 1 0 0 1 0 1 0 0 ]
d_37_33=3.571491316877 eijMax=6.565E-04 rmsd=1.165E-01 s=[ 0 0 0 0 0 0 0 0 0 1 1 1 0 0 1 1 1 0 0 1 1 0 1 1 1 1 0 0 1 0 0 1 0 1 1 1 0 0 1 1 1 0 0 0 1 1 0 1 1 0 1 0 0 1 0 1 0 1 ]
d_37_33=3.571491316877 eijMax=6.565E-04 rmsd=1.042E-01 s=[ 0 0 0 0 0 0 0 0 0 1 1 1 0 0 1 1 1 0 0 1 1 0 1 1 1 1 0 0 1 0 0 1 0 1 1 1 0 0 1 1 1 0 0 0 1 1 0 1 1 0 1 0 0 1 1 1 0 0 ]
d_37_33=3.571491316877 eijMax=6.565E-04 rmsd=1.049E-01 s=[ 0 0 0 0 0 0 0 0 0 1 1 1 0 0 1 1 1 0 0 1 1 0 1 1 1 1 0 0 1 0 0 1 0 1 1 1 0 0 1 1 1 0 0 0 1 1 0 1 1 0 1 0 0 1 1 1 0 1 ]
d_37_33=3.571491316877 eijMax=6.255E-04 rmsd=9.636E-02 s=[ 0 0 0 0 0 0 0 0 0 1 1 1 0 0 1 1 1 0 0 1 1 0 1 1 1 1 0 0 1 0 0 1 0 1 1 1 0 0 1 1 1 0 0 0 1 1 0 1 1 1 1 0 0 1 0 1 0 0 ]
d_37_33=3.571491316877 eijMax=6.255E-04 rmsd=9.709E-02 s=[ 0 0 0 0 0 0 0 0 0 1 1 1 0 0 1 1 1 0 0 1 1 0 1 1 1 1 0 0 1 0 0 1 0 1 1 1 0 0 1 1 1 0 0 0 1 1 0 1 1 1 1 0 0 1 0 1 0 1 ]
d_37_33=3.571491316877 eijMax=6.255E-04 rmsd=8.214E-02 s=[ 0 0 0 0 0 0 0 0 0 1 1 1 0 0 1 1 1 0 0 1 1 0 1 1 1 1 0 0 1 0 0 1 0 1 1 1 0 0 1 1 1 0 0 0 1 1 0 1 1 1 1 0 0 1 1 1 0 0 ]
d_37_33=3.571491316877 eijMax=6.255E-04 rmsd=8.298E-02 s=[ 0 0 0 0 0 0 0 0 0 1 1 1 0 0 1 1 1 0 0 1 1 0 1 1 1 1 0 0 1 0 0 1 0 1 1 1 0 0 1 1 1 0 0 0 1 1 0 1 1 1 1 0 0 1 1 1 0 1 ]
d_37_33=3.571691517077 eijMax=6.565E-04 rmsd=5.276E-02 s=[ 0 0 0 0 0 0 0 0 0 1 1 1 0 0 1 1 1 0 0 1 1 0 1 1 1 1 0 0 1 0 0 1 0 1 0 1 0 0 1 1 1 0 0 0 1 1 0 1 1 0 1 0 0 1 0 1 0 0 ]
d_37_33=3.571691517077 eijMax=6.565E-04 rmsd=5.235E-02 s=[ 0 0 0 0 0 0 0 0 0 1 1 1 0 0 1 1 1 0 0 1 1 0 1 1 1 1 0 0 1 0 0 1 0 1 0 1 0 0 1 1 1 0 0 0 1 1 0 1 1 0 1 0 0 1 0 1 0 1 ]
d_37_33=3.571691517077 eijMax=6.565E-04 rmsd=4.520E-02 s=[ 0 0 0 0 0 0 0 0 0 1 1 1 0 0 1 1 1 0 0 1 1 0 1 1 1 1 0 0 1 0 0 1 0 1 0 1 0 0 1 1 1 0 0 0 1 1 0 1 1 0 1 0 0 1 1 1 0 0 ]
d_37_33=3.571691517077 eijMax=6.565E-04 rmsd=4.472E-02 s=[ 0 0 0 0 0 0 0 0 0 1 1 1 0 0 1 1 1 0 0 1 1 0 1 1 1 1 0 0 1 0 0 1 0 1 0 1 0 0 1 1 1 0 0 0 1 1 0 1 1 0 1 0 0 1 1 1 0 1 ]
d_37_33=3.571691517077 eijMax=4.030E-04 rmsd=3.846E-02 s=[ 0 0 0 0 0 0 0 0 0 1 1 1 0 0 1 1 1 0 0 1 1 0 1 1 1 1 0 0 1 0 0 1 0 1 0 1 0 0 1 1 1 0 0 0 1 1 0 1 1 1 1 0 0 1 0 1 0 0 ]
d_37_33=3.571691517077 eijMax=4.030E-04 rmsd=3.796E-02 s=[ 0 0 0 0 0 0 0 0 0 1 1 1 0 0 1 1 1 0 0 1 1 0 1 1 1 1 0 0 1 0 0 1 0 1 0 1 0 0 1 1 1 0 0 0 1 1 0 1 1 1 1 0 0 1 0 1 0 1 ]
d_37_33=3.571691517077 eijMax=1.548E-04 rmsd=2.782E-02 s=[ 0 0 0 0 0 0 0 0 0 1 1 1 0 0 1 1 1 0 0 1 1 0 1 1 1 1 0 0 1 0 0 1 0 1 0 1 0 0 1 1 1 0 0 0 1 1 0 1 1 1 1 0 0 1 1 1 0 0 ]
d_37_33=3.571691517077 eijMax=1.548E-04 rmsd=2.711E-02 s=[ 0 0 0 0 0 0 0 0 0 1 1 1 0 0 1 1 1 0 0 1 1 0 1 1 1 1 0 0 1 0 0 1 0 1 0 1 0 0 1 1 1 0 0 0 1 1 0 1 1 1 1 0 0 1 1 1 0 1 ]
d_37_33=3.571691517077 eijMax=6.565E-04 rmsd=5.082E-02 s=[ 0 0 0 0 0 0 0 0 0 1 1 1 0 0 1 1 1 0 0 1 1 0 1 1 1 1 0 0 1 0 0 1 0 1 1 1 0 0 1 1 1 0 0 0 1 1 0 1 1 0 1 0 0 1 0 1 0 0 ]
d_37_33=3.571691517077 eijMax=6.565E-04 rmsd=5.040E-02 s=[ 0 0 0 0 0 0 0 0 0 1 1 1 0 0 1 1 1 0 0 1 1 0 1 1 1 1 0 0 1 0 0 1 0 1 1 1 0 0 1 1 1 0 0 0 1 1 0 1 1 0 1 0 0 1 0 1 0 1 ]
d_37_33=3.571691517077 eijMax=6.565E-04 rmsd=4.277E-02 s=[ 0 0 0 0 0 0 0 0 0 1 1 1 0 0 1 1 1 0 0 1 1 0 1 1 1 1 0 0 1 0 0 1 0 1 1 1 0 0 1 1 1 0 0 0 1 1 0 1 1 0 1 0 0 1 1 1 0 0 ]
d_37_33=3.571691517077 eijMax=6.565E-04 rmsd=4.226E-02 s=[ 0 0 0 0 0 0 0 0 0 1 1 1 0 0 1 1 1 0 0 1 1 0 1 1 1 1 0 0 1 0 0 1 0 1 1 1 0 0 1 1 1 0 0 0 1 1 0 1 1 0 1 0 0 1 1 1 0 1 ]
d_37_33=3.571691517077 eijMax=4.030E-04 rmsd=3.558E-02 s=[ 0 0 0 0 0 0 0 0 0 1 1 1 0 0 1 1 1 0 0 1 1 0 1 1 1 1 0 0 1 0 0 1 0 1 1 1 0 0 1 1 1 0 0 0 1 1 0 1 1 1 1 0 0 1 0 1 0 0 ]
d_37_33=3.571691517077 eijMax=4.030E-04 rmsd=3.504E-02 s=[ 0 0 0 0 0 0 0 0 0 1 1 1 0 0 1 1 1 0 0 1 1 0 1 1 1 1 0 0 1 0 0 1 0 1 1 1 0 0 1 1 1 0 0 0 1 1 0 1 1 1 1 0 0 1 0 1 0 1 ]
d_37_33=3.571691517077 eijMax=1.548E-04 rmsd=2.340E-02 s=[ 0 0 0 0 0 0 0 0 0 1 1 1 0 0 1 1 1 0 0 1 1 0 1 1 1 1 0 0 1 0 0 1 0 1 1 1 0 0 1 1 1 0 0 0 1 1 0 1 1 1 1 0 0 1 1 1 0 0 ]
d_37_33=3.571691517077 eijMax=1.548E-04 rmsd=2.256E-02 s=[ 0 0 0 0 0 0 0 0 0 1 1 1 0 0 1 1 1 0 0 1 1 0 1 1 1 1 0 0 1 0 0 1 0 1 1 1 0 0 1 1 1 0 0 0 1 1 0 1 1 1 1 0 0 1 1 1 0 1 ]
d_37_33=3.571891717277 eijMax=6.565E-04 rmsd=1.146E-01 s=[ 0 0 0 0 0 0 0 0 0 1 1 1 0 0 1 1 1 0 0 1 1 0 1 1 1 1 0 0 1 0 0 1 0 1 0 1 0 0 1 1 1 0 0 0 1 1 0 1 1 0 1 0 0 1 0 1 0 0 ]
d_37_33=3.571891717277 eijMax=6.565E-04 rmsd=1.136E-01 s=[ 0 0 0 0 0 0 0 0 0 1 1 1 0 0 1 1 1 0 0 1 1 0 1 1 1 1 0 0 1 0 0 1 0 1 0 1 0 0 1 1 1 0 0 0 1 1 0 1 1 0 1 0 0 1 0 1 0 1 ]
d_37_33=3.571891717277 eijMax=6.565E-04 rmsd=1.188E-01 s=[ 0 0 0 0 0 0 0 0 0 1 1 1 0 0 1 1 1 0 0 1 1 0 1 1 1 1 0 0 1 0 0 1 0 1 0 1 0 0 1 1 1 0 0 0 1 1 0 1 1 0 1 0 0 1 1 1 0 0 ]
d_37_33=3.571891717277 eijMax=6.565E-04 rmsd=1.179E-01 s=[ 0 0 0 0 0 0 0 0 0 1 1 1 0 0 1 1 1 0 0 1 1 0 1 1 1 1 0 0 1 0 0 1 0 1 0 1 0 0 1 1 1 0 0 0 1 1 0 1 1 0 1 0 0 1 1 1 0 1 ]
d_37_33=3.571891717277 eijMax=6.079E-04 rmsd=1.204E-01 s=[ 0 0 0 0 0 0 0 0 0 1 1 1 0 0 1 1 1 0 0 1 1 0 1 1 1 1 0 0 1 0 0 1 0 1 0 1 0 0 1 1 1 0 0 0 1 1 0 1 1 1 1 0 0 1 0 1 0 0 ]
d_37_33=3.571891717277 eijMax=6.079E-04 rmsd=1.196E-01 s=[ 0 0 0 0 0 0 0 0 0 1 1 1 0 0 1 1 1 0 0 1 1 0 1 1 1 1 0 0 1 0 0 1 0 1 0 1 0 0 1 1 1 0 0 0 1 1 0 1 1 1 1 0 0 1 0 1 0 1 ]
d_37_33=3.571891717277 eijMax=6.079E-04 rmsd=1.246E-01 s=[ 0 0 0 0 0 0 0 0 0 1 1 1 0 0 1 1 1 0 0 1 1 0 1 1 1 1 0 0 1 0 0 1 0 1 0 1 0 0 1 1 1 0 0 0 1 1 0 1 1 1 1 0 0 1 1 1 0 0 ]
d_37_33=3.571891717277 eijMax=6.079E-04 rmsd=1.238E-01 s=[ 0 0 0 0 0 0 0 0 0 1 1 1 0 0 1 1 1 0 0 1 1 0 1 1 1 1 0 0 1 0 0 1 0 1 0 1 0 0 1 1 1 0 0 0 1 1 0 1 1 1 1 0 0 1 1 1 0 1 ]
d_37_33=3.571891717277 eijMax=6.565E-04 rmsd=1.130E-01 s=[ 0 0 0 0 0 0 0 0 0 1 1 1 0 0 1 1 1 0 0 1 1 0 1 1 1 1 0 0 1 0 0 1 0 1 1 1 0 0 1 1 1 0 0 0 1 1 0 1 1 0 1 0 0 1 0 1 0 0 ]
d_37_33=3.571891717277 eijMax=6.565E-04 rmsd=1.121E-01 s=[ 0 0 0 0 0 0 0 0 0 1 1 1 0 0 1 1 1 0 0 1 1 0 1 1 1 1 0 0 1 0 0 1 0 1 1 1 0 0 1 1 1 0 0 0 1 1 0 1 1 0 1 0 0 1 0 1 0 1 ]
d_37_33=3.571891717277 eijMax=6.565E-04 rmsd=1.172E-01 s=[ 0 0 0 0 0 0 0 0 0 1 1 1 0 0 1 1 1 0 0 1 1 0 1 1 1 1 0 0 1 0 0 1 0 1 1 1 0 0 1 1 1 0 0 0 1 1 0 1 1 0 1 0 0 1 1 1 0 0 ]
d_37_33=3.571891717277 eijMax=6.565E-04 rmsd=1.163E-01 s=[ 0 0 0 0 0 0 0 0 0 1 1 1 0 0 1 1 1 0 0 1 1 0 1 1 1 1 0 0 1 0 0 1 0 1 1 1 0 0 1 1 1 0 0 0 1 1 0 1 1 0 1 0 0 1 1 1 0 1 ]
d_37_33=3.571891717277 eijMax=6.079E-04 rmsd=1.189E-01 s=[ 0 0 0 0 0 0 0 0 0 1 1 1 0 0 1 1 1 0 0 1 1 0 1 1 1 1 0 0 1 0 0 1 0 1 1 1 0 0 1 1 1 0 0 0 1 1 0 1 1 1 1 0 0 1 0 1 0 0 ]
d_37_33=3.571891717277 eijMax=6.079E-04 rmsd=1.180E-01 s=[ 0 0 0 0 0 0 0 0 0 1 1 1 0 0 1 1 1 0 0 1 1 0 1 1 1 1 0 0 1 0 0 1 0 1 1 1 0 0 1 1 1 0 0 0 1 1 0 1 1 1 1 0 0 1 0 1 0 1 ]
d_37_33=3.571891717277 eijMax=6.079E-04 rmsd=1.231E-01 s=[ 0 0 0 0 0 0 0 0 0 1 1 1 0 0 1 1 1 0 0 1 1 0 1 1 1 1 0 0 1 0 0 1 0 1 1 1 0 0 1 1 1 0 0 0 1 1 0 1 1 1 1 0 0 1 1 1 0 0 ]
d_37_33=3.571891717277 eijMax=6.079E-04 rmsd=1.222E-01 s=[ 0 0 0 0 0 0 0 0 0 1 1 1 0 0 1 1 1 0 0 1 1 0 1 1 1 1 0 0 1 0 0 1 0 1 1 1 0 0 1 1 1 0 0 0 1 1 0 1 1 1 1 0 0 1 1 1 0 1 ]
d_37_33=3.570490315876 eijMax=6.415E-03 rmsd=4.912E-01 s=[ 0 0 0 0 0 0 0 0 0 1 1 1 0 0 1 1 1 0 0 1 1 0 1 1 1 1 0 1 1 0 0 1 0 1 0 1 0 0 1 1 1 0 0 0 1 1 0 1 1 1 1 0 0 1 0 1 0 0 ]
d_37_33=3.570490315876 eijMax=6.415E-03 rmsd=4.921E-01 s=[ 0 0 0 0 0 0 0 0 0 1 1 1 0 0 1 1 1 0 0 1 1 0 1 1 1 1 0 1 1 0 0 1 0 1 0 1 0 0 1 1 1 0 0 0 1 1 0 1 1 1 1 0 0 1 0 1 0 1 ]
d_37_33=3.570490315876 eijMax=6.415E-03 rmsd=4.816E-01 s=[ 0 0 0 0 0 0 0 0 0 1 1 1 0 0 1 1 1 0 0 1 1 0 1 1 1 1 0 1 1 0 0 1 0 1 0 1 0 0 1 1 1 0 0 0 1 1 0 1 1 1 1 0 0 1 1 1 0 0 ]
d_37_33=3.570490315876 eijMax=6.415E-03 rmsd=4.824E-01 s=[ 0 0 0 0 0 0 0 0 0 1 1 1 0 0 1 1 1 0 0 1 1 0 1 1 1 1 0 1 1 0 0 1 0 1 0 1 0 0 1 1 1 0 0 0 1 1 0 1 1 1 1 0 0 1 1 1 0 1 ]
d_37_33=3.570490315876 eijMax=6.415E-03 rmsd=4.917E-01 s=[ 0 0 0 0 0 0 0 0 0 1 1 1 0 0 1 1 1 0 0 1 1 0 1 1 1 1 0 1 1 0 0 1 0 1 1 1 0 0 1 1 1 0 0 0 1 1 0 1 1 1 1 0 0 1 0 1 0 0 ]
d_37_33=3.570490315876 eijMax=6.415E-03 rmsd=4.926E-01 s=[ 0 0 0 0 0 0 0 0 0 1 1 1 0 0 1 1 1 0 0 1 1 0 1 1 1 1 0 1 1 0 0 1 0 1 1 1 0 0 1 1 1 0 0 0 1 1 0 1 1 1 1 0 0 1 0 1 0 1 ]
d_37_33=3.570490315876 eijMax=6.415E-03 rmsd=4.821E-01 s=[ 0 0 0 0 0 0 0 0 0 1 1 1 0 0 1 1 1 0 0 1 1 0 1 1 1 1 0 1 1 0 0 1 0 1 1 1 0 0 1 1 1 0 0 0 1 1 0 1 1 1 1 0 0 1 1 1 0 0 ]
d_37_33=3.570490315876 eijMax=6.415E-03 rmsd=4.829E-01 s=[ 0 0 0 0 0 0 0 0 0 1 1 1 0 0 1 1 1 0 0 1 1 0 1 1 1 1 0 1 1 0 0 1 0 1 1 1 0 0 1 1 1 0 0 0 1 1 0 1 1 1 1 0 0 1 1 1 0 1 ]
d_37_33=3.570690516076 eijMax=4.023E-03 rmsd=3.605E-01 s=[ 0 0 0 0 0 0 0 0 0 1 1 1 0 0 1 1 1 0 0 1 1 0 1 1 1 1 0 1 1 0 0 1 0 1 0 1 0 0 1 1 1 0 0 0 1 1 0 1 1 1 1 0 0 1 0 1 0 0 ]
d_37_33=3.570690516076 eijMax=4.023E-03 rmsd=3.614E-01 s=[ 0 0 0 0 0 0 0 0 0 1 1 1 0 0 1 1 1 0 0 1 1 0 1 1 1 1 0 1 1 0 0 1 0 1 0 1 0 0 1 1 1 0 0 0 1 1 0 1 1 1 1 0 0 1 0 1 0 1 ]
d_37_33=3.570690516076 eijMax=4.023E-03 rmsd=3.505E-01 s=[ 0 0 0 0 0 0 0 0 0 1 1 1 0 0 1 1 1 0 0 1 1 0 1 1 1 1 0 1 1 0 0 1 0 1 0 1 0 0 1 1 1 0 0 0 1 1 0 1 1 1 1 0 0 1 1 1 0 0 ]
d_37_33=3.570690516076 eijMax=4.023E-03 rmsd=3.513E-01 s=[ 0 0 0 0 0 0 0 0 0 1 1 1 0 0 1 1 1 0 0 1 1 0 1 1 1 1 0 1 1 0 0 1 0 1 0 1 0 0 1 1 1 0 0 0 1 1 0 1 1 1 1 0 0 1 1 1 0 1 ]
d_37_33=3.570690516076 eijMax=4.023E-03 rmsd=3.610E-01 s=[ 0 0 0 0 0 0 0 0 0 1 1 1 0 0 1 1 1 0 0 1 1 0 1 1 1 1 0 1 1 0 0 1 0 1 1 1 0 0 1 1 1 0 0 0 1 1 0 1 1 1 1 0 0 1 0 1 0 0 ]
d_37_33=3.570690516076 eijMax=4.023E-03 rmsd=3.618E-01 s=[ 0 0 0 0 0 0 0 0 0 1 1 1 0 0 1 1 1 0 0 1 1 0 1 1 1 1 0 1 1 0 0 1 0 1 1 1 0 0 1 1 1 0 0 0 1 1 0 1 1 1 1 0 0 1 0 1 0 1 ]
d_37_33=3.570690516076 eijMax=4.023E-03 rmsd=3.509E-01 s=[ 0 0 0 0 0 0 0 0 0 1 1 1 0 0 1 1 1 0 0 1 1 0 1 1 1 1 0 1 1 0 0 1 0 1 1 1 0 0 1 1 1 0 0 0 1 1 0 1 1 1 1 0 0 1 1 1 0 0 ]
d_37_33=3.570690516076 eijMax=4.023E-03 rmsd=3.518E-01 s=[ 0 0 0 0 0 0 0 0 0 1 1 1 0 0 1 1 1 0 0 1 1 0 1 1 1 1 0 1 1 0 0 1 0 1 1 1 0 0 1 1 1 0 0 0 1 1 0 1 1 1 1 0 0 1 1 1 0 1 ]
d_37_33=3.570890716276 eijMax=2.233E-03 rmsd=2.560E-01 s=[ 0 0 0 0 0 0 0 0 0 1 1 1 0 0 1 1 1 0 0 1 1 0 1 1 1 1 0 1 1 0 0 1 0 1 0 1 0 0 1 1 1 0 0 0 1 1 0 1 1 0 1 0 0 1 0 1 0 0 ]
d_37_33=3.570890716276 eijMax=2.233E-03 rmsd=2.567E-01 s=[ 0 0 0 0 0 0 0 0 0 1 1 1 0 0 1 1 1 0 0 1 1 0 1 1 1 1 0 1 1 0 0 1 0 1 0 1 0 0 1 1 1 0 0 0 1 1 0 1 1 0 1 0 0 1 0 1 0 1 ]
d_37_33=3.570890716276 eijMax=2.233E-03 rmsd=2.458E-01 s=[ 0 0 0 0 0 0 0 0 0 1 1 1 0 0 1 1 1 0 0 1 1 0 1 1 1 1 0 1 1 0 0 1 0 1 0 1 0 0 1 1 1 0 0 0 1 1 0 1 1 0 1 0 0 1 1 1 0 0 ]
d_37_33=3.570890716276 eijMax=2.233E-03 rmsd=2.466E-01 s=[ 0 0 0 0 0 0 0 0 0 1 1 1 0 0 1 1 1 0 0 1 1 0 1 1 1 1 0 1 1 0 0 1 0 1 0 1 0 0 1 1 1 0 0 0 1 1 0 1 1 0 1 0 0 1 1 1 0 1 ]
d_37_33=3.570890716276 eijMax=2.233E-03 rmsd=2.396E-01 s=[ 0 0 0 0 0 0 0 0 0 1 1 1 0 0 1 1 1 0 0 1 1 0 1 1 1 1 0 1 1 0 0 1 0 1 0 1 0 0 1 1 1 0 0 0 1 1 0 1 1 1 1 0 0 1 0 1 0 0 ]
d_37_33=3.570890716276 eijMax=2.233E-03 rmsd=2.405E-01 s=[ 0 0 0 0 0 0 0 0 0 1 1 1 0 0 1 1 1 0 0 1 1 0 1 1 1 1 0 1 1 0 0 1 0 1 0 1 0 0 1 1 1 0 0 0 1 1 0 1 1 1 1 0 0 1 0 1 0 1 ]
d_37_33=3.570890716276 eijMax=2.233E-03 rmsd=2.288E-01 s=[ 0 0 0 0 0 0 0 0 0 1 1 1 0 0 1 1 1 0 0 1 1 0 1 1 1 1 0 1 1 0 0 1 0 1 0 1 0 0 1 1 1 0 0 0 1 1 0 1 1 1 1 0 0 1 1 1 0 0 ]
d_37_33=3.570890716276 eijMax=2.233E-03 rmsd=2.297E-01 s=[ 0 0 0 0 0 0 0 0 0 1 1 1 0 0 1 1 1 0 0 1 1 0 1 1 1 1 0 1 1 0 0 1 0 1 0 1 0 0 1 1 1 0 0 0 1 1 0 1 1 1 1 0 0 1 1 1 0 1 ]
d_37_33=3.570890716276 eijMax=2.233E-03 rmsd=2.563E-01 s=[ 0 0 0 0 0 0 0 0 0 1 1 1 0 0 1 1 1 0 0 1 1 0 1 1 1 1 0 1 1 0 0 1 0 1 1 1 0 0 1 1 1 0 0 0 1 1 0 1 1 0 1 0 0 1 0 1 0 0 ]
d_37_33=3.570890716276 eijMax=2.233E-03 rmsd=2.570E-01 s=[ 0 0 0 0 0 0 0 0 0 1 1 1 0 0 1 1 1 0 0 1 1 0 1 1 1 1 0 1 1 0 0 1 0 1 1 1 0 0 1 1 1 0 0 0 1 1 0 1 1 0 1 0 0 1 0 1 0 1 ]
d_37_33=3.570890716276 eijMax=2.233E-03 rmsd=2.461E-01 s=[ 0 0 0 0 0 0 0 0 0 1 1 1 0 0 1 1 1 0 0 1 1 0 1 1 1 1 0 1 1 0 0 1 0 1 1 1 0 0 1 1 1 0 0 0 1 1 0 1 1 0 1 0 0 1 1 1 0 0 ]
d_37_33=3.570890716276 eijMax=2.233E-03 rmsd=2.469E-01 s=[ 0 0 0 0 0 0 0 0 0 1 1 1 0 0 1 1 1 0 0 1 1 0 1 1 1 1 0 1 1 0 0 1 0 1 1 1 0 0 1 1 1 0 0 0 1 1 0 1 1 0 1 0 0 1 1 1 0 1 ]
d_37_33=3.570890716276 eijMax=2.233E-03 rmsd=2.400E-01 s=[ 0 0 0 0 0 0 0 0 0 1 1 1 0 0 1 1 1 0 0 1 1 0 1 1 1 1 0 1 1 0 0 1 0 1 1 1 0 0 1 1 1 0 0 0 1 1 0 1 1 1 1 0 0 1 0 1 0 0 ]
d_37_33=3.570890716276 eijMax=2.233E-03 rmsd=2.408E-01 s=[ 0 0 0 0 0 0 0 0 0 1 1 1 0 0 1 1 1 0 0 1 1 0 1 1 1 1 0 1 1 0 0 1 0 1 1 1 0 0 1 1 1 0 0 0 1 1 0 1 1 1 1 0 0 1 0 1 0 1 ]
d_37_33=3.570890716276 eijMax=2.233E-03 rmsd=2.292E-01 s=[ 0 0 0 0 0 0 0 0 0 1 1 1 0 0 1 1 1 0 0 1 1 0 1 1 1 1 0 1 1 0 0 1 0 1 1 1 0 0 1 1 1 0 0 0 1 1 0 1 1 1 1 0 0 1 1 1 0 0 ]
d_37_33=3.570890716276 eijMax=2.233E-03 rmsd=2.300E-01 s=[ 0 0 0 0 0 0 0 0 0 1 1 1 0 0 1 1 1 0 0 1 1 0 1 1 1 1 0 1 1 0 0 1 0 1 1 1 0 0 1 1 1 0 0 0 1 1 0 1 1 1 1 0 0 1 1 1 0 1 ]
d_37_33=3.571090916476 eijMax=9.354E-04 rmsd=1.464E-01 s=[ 0 0 0 0 0 0 0 0 0 1 1 1 0 0 1 1 1 0 0 1 1 0 1 1 1 1 0 1 1 0 0 1 0 1 0 1 0 0 1 1 1 0 0 0 1 1 0 1 1 0 1 0 0 1 0 1 0 0 ]
d_37_33=3.571090916476 eijMax=9.354E-04 rmsd=1.471E-01 s=[ 0 0 0 0 0 0 0 0 0 1 1 1 0 0 1 1 1 0 0 1 1 0 1 1 1 1 0 1 1 0 0 1 0 1 0 1 0 0 1 1 1 0 0 0 1 1 0 1 1 0 1 0 0 1 0 1 0 1 ]
d_37_33=3.571090916476 eijMax=9.354E-04 rmsd=1.353E-01 s=[ 0 0 0 0 0 0 0 0 0 1 1 1 0 0 1 1 1 0 0 1 1 0 1 1 1 1 0 1 1 0 0 1 0 1 0 1 0 0 1 1 1 0 0 0 1 1 0 1 1 0 1 0 0 1 1 1 0 0 ]
d_37_33=3.571090916476 eijMax=9.354E-04 rmsd=1.360E-01 s=[ 0 0 0 0 0 0 0 0 0 1 1 1 0 0 1 1 1 0 0 1 1 0 1 1 1 1 0 1 1 0 0 1 0 1 0 1 0 0 1 1 1 0 0 0 1 1 0 1 1 0 1 0 0 1 1 1 0 1 ]
d_37_33=3.571090916476 eijMax=9.354E-04 rmsd=1.281E-01 s=[ 0 0 0 0 0 0 0 0 0 1 1 1 0 0 1 1 1 0 0 1 1 0 1 1 1 1 0 1 1 0 0 1 0 1 0 1 0 0 1 1 1 0 0 0 1 1 0 1 1 1 1 0 0 1 0 1 0 0 ]
d_37_33=3.571090916476 eijMax=9.354E-04 rmsd=1.289E-01 s=[ 0 0 0 0 0 0 0 0 0 1 1 1 0 0 1 1 1 0 0 1 1 0 1 1 1 1 0 1 1 0 0 1 0 1 0 1 0 0 1 1 1 0 0 0 1 1 0 1 1 1 1 0 0 1 0 1 0 1 ]
d_37_33=3.571090916476 eijMax=9.354E-04 rmsd=1.154E-01 s=[ 0 0 0 0 0 0 0 0 0 1 1 1 0 0 1 1 1 0 0 1 1 0 1 1 1 1 0 1 1 0 0 1 0 1 0 1 0 0 1 1 1 0 0 0 1 1 0 1 1 1 1 0 0 1 1 1 0 0 ]
d_37_33=3.571090916476 eijMax=9.354E-04 rmsd=1.162E-01 s=[ 0 0 0 0 0 0 0 0 0 1 1 1 0 0 1 1 1 0 0 1 1 0 1 1 1 1 0 1 1 0 0 1 0 1 0 1 0 0 1 1 1 0 0 0 1 1 0 1 1 1 1 0 0 1 1 1 0 1 ]
d_37_33=3.571090916476 eijMax=9.354E-04 rmsd=1.465E-01 s=[ 0 0 0 0 0 0 0 0 0 1 1 1 0 0 1 1 1 0 0 1 1 0 1 1 1 1 0 1 1 0 0 1 0 1 1 1 0 0 1 1 1 0 0 0 1 1 0 1 1 0 1 0 0 1 0 1 0 0 ]
d_37_33=3.571090916476 eijMax=9.354E-04 rmsd=1.471E-01 s=[ 0 0 0 0 0 0 0 0 0 1 1 1 0 0 1 1 1 0 0 1 1 0 1 1 1 1 0 1 1 0 0 1 0 1 1 1 0 0 1 1 1 0 0 0 1 1 0 1 1 0 1 0 0 1 0 1 0 1 ]
d_37_33=3.571090916476 eijMax=9.354E-04 rmsd=1.353E-01 s=[ 0 0 0 0 0 0 0 0 0 1 1 1 0 0 1 1 1 0 0 1 1 0 1 1 1 1 0 1 1 0 0 1 0 1 1 1 0 0 1 1 1 0 0 0 1 1 0 1 1 0 1 0 0 1 1 1 0 0 ]
d_37_33=3.571090916476 eijMax=9.354E-04 rmsd=1.360E-01 s=[ 0 0 0 0 0 0 0 0 0 1 1 1 0 0 1 1 1 0 0 1 1 0 1 1 1 1 0 1 1 0 0 1 0 1 1 1 0 0 1 1 1 0 0 0 1 1 0 1 1 0 1 0 0 1 1 1 0 1 ]
d_37_33=3.571090916476 eijMax=9.354E-04 rmsd=1.281E-01 s=[ 0 0 0 0 0 0 0 0 0 1 1 1 0 0 1 1 1 0 0 1 1 0 1 1 1 1 0 1 1 0 0 1 0 1 1 1 0 0 1 1 1 0 0 0 1 1 0 1 1 1 1 0 0 1 0 1 0 0 ]
d_37_33=3.571090916476 eijMax=9.354E-04 rmsd=1.289E-01 s=[ 0 0 0 0 0 0 0 0 0 1 1 1 0 0 1 1 1 0 0 1 1 0 1 1 1 1 0 1 1 0 0 1 0 1 1 1 0 0 1 1 1 0 0 0 1 1 0 1 1 1 1 0 0 1 0 1 0 1 ]
d_37_33=3.571090916476 eijMax=9.354E-04 rmsd=1.153E-01 s=[ 0 0 0 0 0 0 0 0 0 1 1 1 0 0 1 1 1 0 0 1 1 0 1 1 1 1 0 1 1 0 0 1 0 1 1 1 0 0 1 1 1 0 0 0 1 1 0 1 1 1 1 0 0 1 1 1 0 0 ]
d_37_33=3.571090916476 eijMax=9.354E-04 rmsd=1.161E-01 s=[ 0 0 0 0 0 0 0 0 0 1 1 1 0 0 1 1 1 0 0 1 1 0 1 1 1 1 0 1 1 0 0 1 0 1 1 1 0 0 1 1 1 0 0 0 1 1 0 1 1 1 1 0 0 1 1 1 0 1 ]
d_37_33=3.571291116677 eijMax=6.565E-04 rmsd=6.046E-02 s=[ 0 0 0 0 0 0 0 0 0 1 1 1 0 0 1 1 1 0 0 1 1 0 1 1 1 1 0 1 1 0 0 1 0 1 0 1 0 0 1 1 1 0 0 0 1 1 0 1 1 0 1 0 0 1 0 1 0 0 ]
d_37_33=3.571291116677 eijMax=6.565E-04 rmsd=6.055E-02 s=[ 0 0 0 0 0 0 0 0 0 1 1 1 0 0 1 1 1 0 0 1 1 0 1 1 1 1 0 1 1 0 0 1 0 1 0 1 0 0 1 1 1 0 0 0 1 1 0 1 1 0 1 0 0 1 0 1 0 1 ]
d_37_33=3.571291116677 eijMax=6.565E-04 rmsd=4.867E-02 s=[ 0 0 0 0 0 0 0 0 0 1 1 1 0 0 1 1 1 0 0 1 1 0 1 1 1 1 0 1 1 0 0 1 0 1 0 1 0 0 1 1 1 0 0 0 1 1 0 1 1 0 1 0 0 1 1 1 0 0 ]
d_37_33=3.571291116677 eijMax=6.565E-04 rmsd=4.878E-02 s=[ 0 0 0 0 0 0 0 0 0 1 1 1 0 0 1 1 1 0 0 1 1 0 1 1 1 1 0 1 1 0 0 1 0 1 0 1 0 0 1 1 1 0 0 0 1 1 0 1 1 0 1 0 0 1 1 1 0 1 ]
d_37_33=3.571291116677 eijMax=4.030E-04 rmsd=3.876E-02 s=[ 0 0 0 0 0 0 0 0 0 1 1 1 0 0 1 1 1 0 0 1 1 0 1 1 1 1 0 1 1 0 0 1 0 1 0 1 0 0 1 1 1 0 0 0 1 1 0 1 1 1 1 0 0 1 0 1 0 0 ]
d_37_33=3.571291116677 eijMax=4.030E-04 rmsd=3.895E-02 s=[ 0 0 0 0 0 0 0 0 0 1 1 1 0 0 1 1 1 0 0 1 1 0 1 1 1 1 0 1 1 0 0 1 0 1 0 1 0 0 1 1 1 0 0 0 1 1 0 1 1 1 1 0 0 1 0 1 0 1 ]
d_37_33=3.571291116677 eijMax=8.245E-05 rmsd=1.583E-02 s=[ 0 0 0 0 0 0 0 0 0 1 1 1 0 0 1 1 1 0 0 1 1 0 1 1 1 1 0 1 1 0 0 1 0 1 0 1 0 0 1 1 1 0 0 0 1 1 0 1 1 1 1 0 0 1 1 1 0 0 ]
d_37_33=3.571291116677 eijMax=7.914E-05 rmsd=1.628E-02 s=[ 0 0 0 0 0 0 0 0 0 1 1 1 0 0 1 1 1 0 0 1 1 0 1 1 1 1 0 1 1 0 0 1 0 1 0 1 0 0 1 1 1 0 0 0 1 1 0 1 1 1 1 0 0 1 1 1 0 1 ]
d_37_33=3.571291116677 eijMax=6.565E-04 rmsd=5.918E-02 s=[ 0 0 0 0 0 0 0 0 0 1 1 1 0 0 1 1 1 0 0 1 1 0 1 1 1 1 0 1 1 0 0 1 0 1 1 1 0 0 1 1 1 0 0 0 1 1 0 1 1 0 1 0 0 1 0 1 0 0 ]
d_37_33=3.571291116677 eijMax=6.565E-04 rmsd=5.927E-02 s=[ 0 0 0 0 0 0 0 0 0 1 1 1 0 0 1 1 1 0 0 1 1 0 1 1 1 1 0 1 1 0 0 1 0 1 1 1 0 0 1 1 1 0 0 0 1 1 0 1 1 0 1 0 0 1 0 1 0 1 ]
d_37_33=3.571291116677 eijMax=6.565E-04 rmsd=4.693E-02 s=[ 0 0 0 0 0 0 0 0 0 1 1 1 0 0 1 1 1 0 0 1 1 0 1 1 1 1 0 1 1 0 0 1 0 1 1 1 0 0 1 1 1 0 0 0 1 1 0 1 1 0 1 0 0 1 1 1 0 0 ]
d_37_33=3.571291116677 eijMax=6.565E-04 rmsd=4.704E-02 s=[ 0 0 0 0 0 0 0 0 0 1 1 1 0 0 1 1 1 0 0 1 1 0 1 1 1 1 0 1 1 0 0 1 0 1 1 1 0 0 1 1 1 0 0 0 1 1 0 1 1 0 1 0 0 1 1 1 0 1 ]
d_37_33=3.571291116677 eijMax=4.030E-04 rmsd=3.656E-02 s=[ 0 0 0 0 0 0 0 0 0 1 1 1 0 0 1 1 1 0 0 1 1 0 1 1 1 1 0 1 1 0 0 1 0 1 1 1 0 0 1 1 1 0 0 0 1 1 0 1 1 1 1 0 0 1 0 1 0 0 ]
d_37_33=3.571291116677 eijMax=4.030E-04 rmsd=3.677E-02 s=[ 0 0 0 0 0 0 0 0 0 1 1 1 0 0 1 1 1 0 0 1 1 0 1 1 1 1 0 1 1 0 0 1 0 1 1 1 0 0 1 1 1 0 0 0 1 1 0 1 1 1 1 0 0 1 0 1 0 1 ]
d_37_33=3.571291116677 eijMax=8.245E-05 rmsd=8.484E-03 s=[ 0 0 0 0 0 0 0 0 0 1 1 1 0 0 1 1 1 0 0 1 1 0 1 1 1 1 0 1 1 0 0 1 0 1 1 1 0 0 1 1 1 0 0 0 1 1 0 1 1 1 1 0 0 1 1 1 0 0 ]
d_37_33=3.571291116677 eijMax=7.914E-05 rmsd=9.305E-03 s=[ 0 0 0 0 0 0 0 0 0 1 1 1 0 0 1 1 1 0 0 1 1 0 1 1 1 1 0 1 1 0 0 1 0 1 1 1 0 0 1 1 1 0 0 0 1 1 0 1 1 1 1 0 0 1 1 1 0 1 ]
d_37_33=3.571491316877 eijMax=6.565E-04 rmsd=8.894E-02 s=[ 0 0 0 0 0 0 0 0 0 1 1 1 0 0 1 1 1 0 0 1 1 0 1 1 1 1 0 1 1 0 0 1 0 1 0 1 0 0 1 1 1 0 0 0 1 1 0 1 1 0 1 0 0 1 0 1 0 0 ]
d_37_33=3.571491316877 eijMax=6.565E-04 rmsd=8.804E-02 s=[ 0 0 0 0 0 0 0 0 0 1 1 1 0 0 1 1 1 0 0 1 1 0 1 1 1 1 0 1 1 0 0 1 0 1 0 1 0 0 1 1 1 0 0 0 1 1 0 1 1 0 1 0 0 1 0 1 0 1 ]
d_37_33=3.571491316877 eijMax=6.565E-04 rmsd=9.151E-02 s=[ 0 0 0 0 0 0 0 0 0 1 1 1 0 0 1 1 1 0 0 1 1 0 1 1 1 1 0 1 1 0 0 1 0 1 0 1 0 0 1 1 1 0 0 0 1 1 0 1 1 0 1 0 0 1 1 1 0 0 ]
d_37_33=3.571491316877 eijMax=6.565E-04 rmsd=9.062E-02 s=[ 0 0 0 0 0 0 0 0 0 1 1 1 0 0 1 1 1 0 0 1 1 0 1 1 1 1 0 1 1 0 0 1 0 1 0 1 0 0 1 1 1 0 0 0 1 1 0 1 1 0 1 0 0 1 1 1 0 1 ]
d_37_33=3.571491316877 eijMax=5.001E-04 rmsd=9.206E-02 s=[ 0 0 0 0 0 0 0 0 0 1 1 1 0 0 1 1 1 0 0 1 1 0 1 1 1 1 0 1 1 0 0 1 0 1 0 1 0 0 1 1 1 0 0 0 1 1 0 1 1 1 1 0 0 1 0 1 0 0 ]
d_37_33=3.571491316877 eijMax=5.001E-04 rmsd=9.121E-02 s=[ 0 0 0 0 0 0 0 0 0 1 1 1 0 0 1 1 1 0 0 1 1 0 1 1 1 1 0 1 1 0 0 1 0 1 0 1 0 0 1 1 1 0 0 0 1 1 0 1 1 1 1 0 0 1 0 1 0 1 ]
d_37_33=3.571491316877 eijMax=5.001E-04 rmsd=9.472E-02 s=[ 0 0 0 0 0 0 0 0 0 1 1 1 0 0 1 1 1 0 0 1 1 0 1 1 1 1 0 1 1 0 0 1 0 1 0 1 0 0 1 1 1 0 0 0 1 1 0 1 1 1 1 0 0 1 1 1 0 0 ]
d_37_33=3.571491316877 eijMax=5.001E-04 rmsd=9.389E-02 s=[ 0 0 0 0 0 0 0 0 0 1 1 1 0 0 1 1 1 0 0 1 1 0 1 1 1 1 0 1 1 0 0 1 0 1 0 1 0 0 1 1 1 0 0 0 1 1 0 1 1 1 1 0 0 1 1 1 0 1 ]
d_37_33=3.571491316877 eijMax=6.565E-04 rmsd=8.720E-02 s=[ 0 0 0 0 0 0 0 0 0 1 1 1 0 0 1 1 1 0 0 1 1 0 1 1 1 1 0 1 1 0 0 1 0 1 1 1 0 0 1 1 1 0 0 0 1 1 0 1 1 0 1 0 0 1 0 1 0 0 ]
d_37_33=3.571491316877 eijMax=6.565E-04 rmsd=8.627E-02 s=[ 0 0 0 0 0 0 0 0 0 1 1 1 0 0 1 1 1 0 0 1 1 0 1 1 1 1 0 1 1 0 0 1 0 1 1 1 0 0 1 1 1 0 0 0 1 1 0 1 1 0 1 0 0 1 0 1 0 1 ]
d_37_33=3.571491316877 eijMax=6.565E-04 rmsd=8.974E-02 s=[ 0 0 0 0 0 0 0 0 0 1 1 1 0 0 1 1 1 0 0 1 1 0 1 1 1 1 0 1 1 0 0 1 0 1 1 1 0 0 1 1 1 0 0 0 1 1 0 1 1 0 1 0 0 1 1 1 0 0 ]
d_37_33=3.571491316877 eijMax=6.565E-04 rmsd=8.884E-02 s=[ 0 0 0 0 0 0 0 0 0 1 1 1 0 0 1 1 1 0 0 1 1 0 1 1 1 1 0 1 1 0 0 1 0 1 1 1 0 0 1 1 1 0 0 0 1 1 0 1 1 0 1 0 0 1 1 1 0 1 ]
d_37_33=3.571491316877 eijMax=5.001E-04 rmsd=9.030E-02 s=[ 0 0 0 0 0 0 0 0 0 1 1 1 0 0 1 1 1 0 0 1 1 0 1 1 1 1 0 1 1 0 0 1 0 1 1 1 0 0 1 1 1 0 0 0 1 1 0 1 1 1 1 0 0 1 0 1 0 0 ]
d_37_33=3.571491316877 eijMax=5.001E-04 rmsd=8.944E-02 s=[ 0 0 0 0 0 0 0 0 0 1 1 1 0 0 1 1 1 0 0 1 1 0 1 1 1 1 0 1 1 0 0 1 0 1 1 1 0 0 1 1 1 0 0 0 1 1 0 1 1 1 1 0 0 1 0 1 0 1 ]
d_37_33=3.571491316877 eijMax=5.001E-04 rmsd=9.295E-02 s=[ 0 0 0 0 0 0 0 0 0 1 1 1 0 0 1 1 1 0 0 1 1 0 1 1 1 1 0 1 1 0 0 1 0 1 1 1 0 0 1 1 1 0 0 0 1 1 0 1 1 1 1 0 0 1 1 1 0 0 ]
d_37_33=3.571491316877 eijMax=5.001E-04 rmsd=9.210E-02 s=[ 0 0 0 0 0 0 0 0 0 1 1 1 0 0 1 1 1 0 0 1 1 0 1 1 1 1 0 1 1 0 0 1 0 1 1 1 0 0 1 1 1 0 0 0 1 1 0 1 1 1 1 0 0 1 1 1 0 1 ]
d_37_33=3.570490315876 eijMax=6.415E-03 rmsd=4.829E-01 s=[ 0 0 0 1 1 1 1 1 1 0 0 0 1 1 0 0 0 1 1 0 0 1 0 0 0 0 1 0 0 1 1 0 1 0 0 0 1 1 0 0 0 1 0 1 0 0 1 0 0 0 0 1 1 0 0 0 1 0 ]
d_37_33=3.570490315876 eijMax=6.415E-03 rmsd=4.821E-01 s=[ 0 0 0 1 1 1 1 1 1 0 0 0 1 1 0 0 0 1 1 0 0 1 0 0 0 0 1 0 0 1 1 0 1 0 0 0 1 1 0 0 0 1 0 1 0 0 1 0 0 0 0 1 1 0 0 0 1 1 ]
d_37_33=3.570490315876 eijMax=6.415E-03 rmsd=4.926E-01 s=[ 0 0 0 1 1 1 1 1 1 0 0 0 1 1 0 0 0 1 1 0 0 1 0 0 0 0 1 0 0 1 1 0 1 0 0 0 1 1 0 0 0 1 0 1 0 0 1 0 0 0 0 1 1 0 1 0 1 0 ]
d_37_33=3.570490315876 eijMax=6.415E-03 rmsd=4.917E-01 s=[ 0 0 0 1 1 1 1 1 1 0 0 0 1 1 0 0 0 1 1 0 0 1 0 0 0 0 1 0 0 1 1 0 1 0 0 0 1 1 0 0 0 1 0 1 0 0 1 0 0 0 0 1 1 0 1 0 1 1 ]
d_37_33=3.570490315876 eijMax=6.415E-03 rmsd=4.824E-01 s=[ 0 0 0 1 1 1 1 1 1 0 0 0 1 1 0 0 0 1 1 0 0 1 0 0 0 0 1 0 0 1 1 0 1 0 1 0 1 1 0 0 0 1 0 1 0 0 1 0 0 0 0 1 1 0 0 0 1 0 ]
d_37_33=3.570490315876 eijMax=6.415E-03 rmsd=4.816E-01 s=[ 0 0 0 1 1 1 1 1 1 0 0 0 1 1 0 0 0 1 1 0 0 1 0 0 0 0 1 0 0 1 1 0 1 0 1 0 1 1 0 0 0 1 0 1 0 0 1 0 0 0 0 1 1 0 0 0 1 1 ]
d_37_33=3.570490315876 eijMax=6.415E-03 rmsd=4.921E-01 s=[ 0 0 0 1 1 1 1 1 1 0 0 0 1 1 0 0 0 1 1 0 0 1 0 0 0 0 1 0 0 1 1 0 1 0 1 0 1 1 0 0 0 1 0 1 0 0 1 0 0 0 0 1 1 0 1 0 1 0 ]
d_37_33=3.570490315876 eijMax=6.415E-03 rmsd=4.912E-01 s=[ 0 0 0 1 1 1 1 1 1 0 0 0 1 1 0 0 0 1 1 0 0 1 0 0 0 0 1 0 0 1 1 0 1 0 1 0 1 1 0 0 0 1 0 1 0 0 1 0 0 0 0 1 1 0 1 0 1 1 ]
d_37_33=3.570690516076 eijMax=4.023E-03 rmsd=3.518E-01 s=[ 0 0 0 1 1 1 1 1 1 0 0 0 1 1 0 0 0 1 1 0 0 1 0 0 0 0 1 0 0 1 1 0 1 0 0 0 1 1 0 0 0 1 0 1 0 0 1 0 0 0 0 1 1 0 0 0 1 0 ]
d_37_33=3.570690516076 eijMax=4.023E-03 rmsd=3.509E-01 s=[ 0 0 0 1 1 1 1 1 1 0 0 0 1 1 0 0 0 1 1 0 0 1 0 0 0 0 1 0 0 1 1 0 1 0 0 0 1 1 0 0 0 1 0 1 0 0 1 0 0 0 0 1 1 0 0 0 1 1 ]
d_37_33=3.570690516076 eijMax=4.023E-03 rmsd=3.618E-01 s=[ 0 0 0 1 1 1 1 1 1 0 0 0 1 1 0 0 0 1 1 0 0 1 0 0 0 0 1 0 0 1 1 0 1 0 0 0 1 1 0 0 0 1 0 1 0 0 1 0 0 0 0 1 1 0 1 0 1 0 ]
d_37_33=3.570690516076 eijMax=4.023E-03 rmsd=3.610E-01 s=[ 0 0 0 1 1 1 1 1 1 0 0 0 1 1 0 0 0 1 1 0 0 1 0 0 0 0 1 0 0 1 1 0 1 0 0 0 1 1 0 0 0 1 0 1 0 0 1 0 0 0 0 1 1 0 1 0 1 1 ]
d_37_33=3.570690516076 eijMax=4.023E-03 rmsd=3.513E-01 s=[ 0 0 0 1 1 1 1 1 1 0 0 0 1 1 0 0 0 1 1 0 0 1 0 0 0 0 1 0 0 1 1 0 1 0 1 0 1 1 0 0 0 1 0 1 0 0 1 0 0 0 0 1 1 0 0 0 1 0 ]
d_37_33=3.570690516076 eijMax=4.023E-03 rmsd=3.505E-01 s=[ 0 0 0 1 1 1 1 1 1 0 0 0 1 1 0 0 0 1 1 0 0 1 0 0 0 0 1 0 0 1 1 0 1 0 1 0 1 1 0 0 0 1 0 1 0 0 1 0 0 0 0 1 1 0 0 0 1 1 ]
d_37_33=3.570690516076 eijMax=4.023E-03 rmsd=3.614E-01 s=[ 0 0 0 1 1 1 1 1 1 0 0 0 1 1 0 0 0 1 1 0 0 1 0 0 0 0 1 0 0 1 1 0 1 0 1 0 1 1 0 0 0 1 0 1 0 0 1 0 0 0 0 1 1 0 1 0 1 0 ]
d_37_33=3.570690516076 eijMax=4.023E-03 rmsd=3.605E-01 s=[ 0 0 0 1 1 1 1 1 1 0 0 0 1 1 0 0 0 1 1 0 0 1 0 0 0 0 1 0 0 1 1 0 1 0 1 0 1 1 0 0 0 1 0 1 0 0 1 0 0 0 0 1 1 0 1 0 1 1 ]
d_37_33=3.570890716276 eijMax=2.233E-03 rmsd=2.300E-01 s=[ 0 0 0 1 1 1 1 1 1 0 0 0 1 1 0 0 0 1 1 0 0 1 0 0 0 0 1 0 0 1 1 0 1 0 0 0 1 1 0 0 0 1 0 1 0 0 1 0 0 0 0 1 1 0 0 0 1 0 ]
d_37_33=3.570890716276 eijMax=2.233E-03 rmsd=2.292E-01 s=[ 0 0 0 1 1 1 1 1 1 0 0 0 1 1 0 0 0 1 1 0 0 1 0 0 0 0 1 0 0 1 1 0 1 0 0 0 1 1 0 0 0 1 0 1 0 0 1 0 0 0 0 1 1 0 0 0 1 1 ]
d_37_33=3.570890716276 eijMax=2.233E-03 rmsd=2.408E-01 s=[ 0 0 0 1 1 1 1 1 1 0 0 0 1 1 0 0 0 1 1 0 0 1 0 0 0 0 1 0 0 1 1 0 1 0 0 0 1 1 0 0 0 1 0 1 0 0 1 0 0 0 0 1 1 0 1 0 1 0 ]
d_37_33=3.570890716276 eijMax=2.233E-03 rmsd=2.400E-01 s=[ 0 0 0 1 1 1 1 1 1 0 0 0 1 1 0 0 0 1 1 0 0 1 0 0 0 0 1 0 0 1 1 0 1 0 0 0 1 1 0 0 0 1 0 1 0 0 1 0 0 0 0 1 1 0 1 0 1 1 ]
d_37_33=3.570890716276 eijMax=2.233E-03 rmsd=2.469E-01 s=[ 0 0 0 1 1 1 1 1 1 0 0 0 1 1 0 0 0 1 1 0 0 1 0 0 0 0 1 0 0 1 1 0 1 0 0 0 1 1 0 0 0 1 0 1 0 0 1 0 0 1 0 1 1 0 0 0 1 0 ]
d_37_33=3.570890716276 eijMax=2.233E-03 rmsd=2.461E-01 s=[ 0 0 0 1 1 1 1 1 1 0 0 0 1 1 0 0 0 1 1 0 0 1 0 0 0 0 1 0 0 1 1 0 1 0 0 0 1 1 0 0 0 1 0 1 0 0 1 0 0 1 0 1 1 0 0 0 1 1 ]
d_37_33=3.570890716276 eijMax=2.233E-03 rmsd=2.570E-01 s=[ 0 0 0 1 1 1 1 1 1 0 0 0 1 1 0 0 0 1 1 0 0 1 0 0 0 0 1 0 0 1 1 0 1 0 0 0 1 1 0 0 0 1 0 1 0 0 1 0 0 1 0 1 1 0 1 0 1 0 ]
d_37_33=3.570890716276 eijMax=2.233E-03 rmsd=2.563E-01 s=[ 0 0 0 1 1 1 1 1 1 0 0 0 1 1 0 0 0 1 1 0 0 1 0 0 0 0 1 0 0 1 1 0 1 0 0 0 1 1 0 0 0 1 0 1 0 0 1 0 0 1 0 1 1 0 1 0 1 1 ]
d_37_33=3.570890716276 eijMax=2.233E-03 rmsd=2.297E-01 s=[ 0 0 0 1 1 1 1 1 1 0 0 0 1 1 0 0 0 1 1 0 0 1 0 0 0 0 1 0 0 1 1 0 1 0 1 0 1 1 0 0 0 1 0 1 0 0 1 0 0 0 0 1 1 0 0 0 1 0 ]
d_37_33=3.570890716276 eijMax=2.233E-03 rmsd=2.288E-01 s=[ 0 0 0 1 1 1 1 1 1 0 0 0 1 1 0 0 0 1 1 0 0 1 0 0 0 0 1 0 0 1 1 0 1 0 1 0 1 1 0 0 0 1 0 1 0 0 1 0 0 0 0 1 1 0 0 0 1 1 ]
d_37_33=3.570890716276 eijMax=2.233E-03 rmsd=2.405E-01 s=[ 0 0 0 1 1 1 1 1 1 0 0 0 1 1 0 0 0 1 1 0 0 1 0 0 0 0 1 0 0 1 1 0 1 0 1 0 1 1 0 0 0 1 0 1 0 0 1 0 0 0 0 1 1 0 1 0 1 0 ]
d_37_33=3.570890716276 eijMax=2.233E-03 rmsd=2.396E-01 s=[ 0 0 0 1 1 1 1 1 1 0 0 0 1 1 0 0 0 1 1 0 0 1 0 0 0 0 1 0 0 1 1 0 1 0 1 0 1 1 0 0 0 1 0 1 0 0 1 0 0 0 0 1 1 0 1 0 1 1 ]
d_37_33=3.570890716276 eijMax=2.233E-03 rmsd=2.466E-01 s=[ 0 0 0 1 1 1 1 1 1 0 0 0 1 1 0 0 0 1 1 0 0 1 0 0 0 0 1 0 0 1 1 0 1 0 1 0 1 1 0 0 0 1 0 1 0 0 1 0 0 1 0 1 1 0 0 0 1 0 ]
d_37_33=3.570890716276 eijMax=2.233E-03 rmsd=2.458E-01 s=[ 0 0 0 1 1 1 1 1 1 0 0 0 1 1 0 0 0 1 1 0 0 1 0 0 0 0 1 0 0 1 1 0 1 0 1 0 1 1 0 0 0 1 0 1 0 0 1 0 0 1 0 1 1 0 0 0 1 1 ]
d_37_33=3.570890716276 eijMax=2.233E-03 rmsd=2.567E-01 s=[ 0 0 0 1 1 1 1 1 1 0 0 0 1 1 0 0 0 1 1 0 0 1 0 0 0 0 1 0 0 1 1 0 1 0 1 0 1 1 0 0 0 1 0 1 0 0 1 0 0 1 0 1 1 0 1 0 1 0 ]
d_37_33=3.570890716276 eijMax=2.233E-03 rmsd=2.560E-01 s=[ 0 0 0 1 1 1 1 1 1 0 0 0 1 1 0 0 0 1 1 0 0 1 0 0 0 0 1 0 0 1 1 0 1 0 1 0 1 1 0 0 0 1 0 1 0 0 1 0 0 1 0 1 1 0 1 0 1 1 ]
d_37_33=3.571090916476 eijMax=9.354E-04 rmsd=1.161E-01 s=[ 0 0 0 1 1 1 1 1 1 0 0 0 1 1 0 0 0 1 1 0 0 1 0 0 0 0 1 0 0 1 1 0 1 0 0 0 1 1 0 0 0 1 0 1 0 0 1 0 0 0 0 1 1 0 0 0 1 0 ]
d_37_33=3.571090916476 eijMax=9.354E-04 rmsd=1.153E-01 s=[ 0 0 0 1 1 1 1 1 1 0 0 0 1 1 0 0 0 1 1 0 0 1 0 0 0 0 1 0 0 1 1 0 1 0 0 0 1 1 0 0 0 1 0 1 0 0 1 0 0 0 0 1 1 0 0 0 1 1 ]
d_37_33=3.571090916476 eijMax=9.354E-04 rmsd=1.289E-01 s=[ 0 0 0 1 1 1 1 1 1 0 0 0 1 1 0 0 0 1 1 0 0 1 0 0 0 0 1 0 0 1 1 0 1 0 0 0 1 1 0 0 0 1 0 1 0 0 1 0 0 0 0 1 1 0 1 0 1 0 ]
d_37_33=3.571090916476 eijMax=9.354E-04 rmsd=1.281E-01 s=[ 0 0 0 1 1 1 1 1 1 0 0 0 1 1 0 0 0 1 1 0 0 1 0 0 0 0 1 0 0 1 1 0 1 0 0 0 1 1 0 0 0 1 0 1 0 0 1 0 0 0 0 1 1 0 1 0 1 1 ]
d_37_33=3.571090916476 eijMax=9.354E-04 rmsd=1.360E-01 s=[ 0 0 0 1 1 1 1 1 1 0 0 0 1 1 0 0 0 1 1 0 0 1 0 0 0 0 1 0 0 1 1 0 1 0 0 0 1 1 0 0 0 1 0 1 0 0 1 0 0 1 0 1 1 0 0 0 1 0 ]
d_37_33=3.571090916476 eijMax=9.354E-04 rmsd=1.353E-01 s=[ 0 0 0 1 1 1 1 1 1 0 0 0 1 1 0 0 0 1 1 0 0 1 0 0 0 0 1 0 0 1 1 0 1 0 0 0 1 1 0 0 0 1 0 1 0 0 1 0 0 1 0 1 1 0 0 0 1 1 ]
d_37_33=3.571090916476 eijMax=9.354E-04 rmsd=1.471E-01 s=[ 0 0 0 1 1 1 1 1 1 0 0 0 1 1 0 0 0 1 1 0 0 1 0 0 0 0 1 0 0 1 1 0 1 0 0 0 1 1 0 0 0 1 0 1 0 0 1 0 0 1 0 1 1 0 1 0 1 0 ]
d_37_33=3.571090916476 eijMax=9.354E-04 rmsd=1.465E-01 s=[ 0 0 0 1 1 1 1 1 1 0 0 0 1 1 0 0 0 1 1 0 0 1 0 0 0 0 1 0 0 1 1 0 1 0 0 0 1 1 0 0 0 1 0 1 0 0 1 0 0 1 0 1 1 0 1 0 1 1 ]
d_37_33=3.571090916476 eijMax=9.354E-04 rmsd=1.162E-01 s=[ 0 0 0 1 1 1 1 1 1 0 0 0 1 1 0 0 0 1 1 0 0 1 0 0 0 0 1 0 0 1 1 0 1 0 1 0 1 1 0 0 0 1 0 1 0 0 1 0 0 0 0 1 1 0 0 0 1 0 ]
d_37_33=3.571090916476 eijMax=9.354E-04 rmsd=1.154E-01 s=[ 0 0 0 1 1 1 1 1 1 0 0 0 1 1 0 0 0 1 1 0 0 1 0 0 0 0 1 0 0 1 1 0 1 0 1 0 1 1 0 0 0 1 0 1 0 0 1 0 0 0 0 1 1 0 0 0 1 1 ]
d_37_33=3.571090916476 eijMax=9.354E-04 rmsd=1.289E-01 s=[ 0 0 0 1 1 1 1 1 1 0 0 0 1 1 0 0 0 1 1 0 0 1 0 0 0 0 1 0 0 1 1 0 1 0 1 0 1 1 0 0 0 1 0 1 0 0 1 0 0 0 0 1 1 0 1 0 1 0 ]
d_37_33=3.571090916476 eijMax=9.354E-04 rmsd=1.281E-01 s=[ 0 0 0 1 1 1 1 1 1 0 0 0 1 1 0 0 0 1 1 0 0 1 0 0 0 0 1 0 0 1 1 0 1 0 1 0 1 1 0 0 0 1 0 1 0 0 1 0 0 0 0 1 1 0 1 0 1 1 ]
d_37_33=3.571090916476 eijMax=9.354E-04 rmsd=1.360E-01 s=[ 0 0 0 1 1 1 1 1 1 0 0 0 1 1 0 0 0 1 1 0 0 1 0 0 0 0 1 0 0 1 1 0 1 0 1 0 1 1 0 0 0 1 0 1 0 0 1 0 0 1 0 1 1 0 0 0 1 0 ]
d_37_33=3.571090916476 eijMax=9.354E-04 rmsd=1.353E-01 s=[ 0 0 0 1 1 1 1 1 1 0 0 0 1 1 0 0 0 1 1 0 0 1 0 0 0 0 1 0 0 1 1 0 1 0 1 0 1 1 0 0 0 1 0 1 0 0 1 0 0 1 0 1 1 0 0 0 1 1 ]
d_37_33=3.571090916476 eijMax=9.354E-04 rmsd=1.471E-01 s=[ 0 0 0 1 1 1 1 1 1 0 0 0 1 1 0 0 0 1 1 0 0 1 0 0 0 0 1 0 0 1 1 0 1 0 1 0 1 1 0 0 0 1 0 1 0 0 1 0 0 1 0 1 1 0 1 0 1 0 ]
d_37_33=3.571090916476 eijMax=9.354E-04 rmsd=1.464E-01 s=[ 0 0 0 1 1 1 1 1 1 0 0 0 1 1 0 0 0 1 1 0 0 1 0 0 0 0 1 0 0 1 1 0 1 0 1 0 1 1 0 0 0 1 0 1 0 0 1 0 0 1 0 1 1 0 1 0 1 1 ]
d_37_33=3.571291116677 eijMax=7.914E-05 rmsd=9.305E-03 s=[ 0 0 0 1 1 1 1 1 1 0 0 0 1 1 0 0 0 1 1 0 0 1 0 0 0 0 1 0 0 1 1 0 1 0 0 0 1 1 0 0 0 1 0 1 0 0 1 0 0 0 0 1 1 0 0 0 1 0 ]
d_37_33=3.571291116677 eijMax=8.245E-05 rmsd=8.484E-03 s=[ 0 0 0 1 1 1 1 1 1 0 0 0 1 1 0 0 0 1 1 0 0 1 0 0 0 0 1 0 0 1 1 0 1 0 0 0 1 1 0 0 0 1 0 1 0 0 1 0 0 0 0 1 1 0 0 0 1 1 ]
d_37_33=3.571291116677 eijMax=4.030E-04 rmsd=3.677E-02 s=[ 0 0 0 1 1 1 1 1 1 0 0 0 1 1 0 0 0 1 1 0 0 1 0 0 0 0 1 0 0 1 1 0 1 0 0 0 1 1 0 0 0 1 0 1 0 0 1 0 0 0 0 1 1 0 1 0 1 0 ]
d_37_33=3.571291116677 eijMax=4.030E-04 rmsd=3.656E-02 s=[ 0 0 0 1 1 1 1 1 1 0 0 0 1 1 0 0 0 1 1 0 0 1 0 0 0 0 1 0 0 1 1 0 1 0 0 0 1 1 0 0 0 1 0 1 0 0 1 0 0 0 0 1 1 0 1 0 1 1 ]
d_37_33=3.571291116677 eijMax=6.565E-04 rmsd=4.704E-02 s=[ 0 0 0 1 1 1 1 1 1 0 0 0 1 1 0 0 0 1 1 0 0 1 0 0 0 0 1 0 0 1 1 0 1 0 0 0 1 1 0 0 0 1 0 1 0 0 1 0 0 1 0 1 1 0 0 0 1 0 ]
d_37_33=3.571291116677 eijMax=6.565E-04 rmsd=4.693E-02 s=[ 0 0 0 1 1 1 1 1 1 0 0 0 1 1 0 0 0 1 1 0 0 1 0 0 0 0 1 0 0 1 1 0 1 0 0 0 1 1 0 0 0 1 0 1 0 0 1 0 0 1 0 1 1 0 0 0 1 1 ]
d_37_33=3.571291116677 eijMax=6.565E-04 rmsd=5.927E-02 s=[ 0 0 0 1 1 1 1 1 1 0 0 0 1 1 0 0 0 1 1 0 0 1 0 0 0 0 1 0 0 1 1 0 1 0 0 0 1 1 0 0 0 1 0 1 0 0 1 0 0 1 0 1 1 0 1 0 1 0 ]
d_37_33=3.571291116677 eijMax=6.565E-04 rmsd=5.918E-02 s=[ 0 0 0 1 1 1 1 1 1 0 0 0 1 1 0 0 0 1 1 0 0 1 0 0 0 0 1 0 0 1 1 0 1 0 0 0 1 1 0 0 0 1 0 1 0 0 1 0 0 1 0 1 1 0 1 0 1 1 ]
d_37_33=3.571291116677 eijMax=7.914E-05 rmsd=1.628E-02 s=[ 0 0 0 1 1 1 1 1 1 0 0 0 1 1 0 0 0 1 1 0 0 1 0 0 0 0 1 0 0 1 1 0 1 0 1 0 1 1 0 0 0 1 0 1 0 0 1 0 0 0 0 1 1 0 0 0 1 0 ]
d_37_33=3.571291116677 eijMax=8.245E-05 rmsd=1.583E-02 s=[ 0 0 0 1 1 1 1 1 1 0 0 0 1 1 0 0 0 1 1 0 0 1 0 0 0 0 1 0 0 1 1 0 1 0 1 0 1 1 0 0 0 1 0 1 0 0 1 0 0 0 0 1 1 0 0 0 1 1 ]
d_37_33=3.571291116677 eijMax=4.030E-04 rmsd=3.895E-02 s=[ 0 0 0 1 1 1 1 1 1 0 0 0 1 1 0 0 0 1 1 0 0 1 0 0 0 0 1 0 0 1 1 0 1 0 1 0 1 1 0 0 0 1 0 1 0 0 1 0 0 0 0 1 1 0 1 0 1 0 ]
d_37_33=3.571291116677 eijMax=4.030E-04 rmsd=3.876E-02 s=[ 0 0 0 1 1 1 1 1 1 0 0 0 1 1 0 0 0 1 1 0 0 1 0 0 0 0 1 0 0 1 1 0 1 0 1 0 1 1 0 0 0 1 0 1 0 0 1 0 0 0 0 1 1 0 1 0 1 1 ]
d_37_33=3.571291116677 eijMax=6.565E-04 rmsd=4.878E-02 s=[ 0 0 0 1 1 1 1 1 1 0 0 0 1 1 0 0 0 1 1 0 0 1 0 0 0 0 1 0 0 1 1 0 1 0 1 0 1 1 0 0 0 1 0 1 0 0 1 0 0 1 0 1 1 0 0 0 1 0 ]
d_37_33=3.571291116677 eijMax=6.565E-04 rmsd=4.867E-02 s=[ 0 0 0 1 1 1 1 1 1 0 0 0 1 1 0 0 0 1 1 0 0 1 0 0 0 0 1 0 0 1 1 0 1 0 1 0 1 1 0 0 0 1 0 1 0 0 1 0 0 1 0 1 1 0 0 0 1 1 ]
d_37_33=3.571291116677 eijMax=6.565E-04 rmsd=6.055E-02 s=[ 0 0 0 1 1 1 1 1 1 0 0 0 1 1 0 0 0 1 1 0 0 1 0 0 0 0 1 0 0 1 1 0 1 0 1 0 1 1 0 0 0 1 0 1 0 0 1 0 0 1 0 1 1 0 1 0 1 0 ]
d_37_33=3.571291116677 eijMax=6.565E-04 rmsd=6.046E-02 s=[ 0 0 0 1 1 1 1 1 1 0 0 0 1 1 0 0 0 1 1 0 0 1 0 0 0 0 1 0 0 1 1 0 1 0 1 0 1 1 0 0 0 1 0 1 0 0 1 0 0 1 0 1 1 0 1 0 1 1 ]
d_37_33=3.571491316877 eijMax=5.001E-04 rmsd=9.211E-02 s=[ 0 0 0 1 1 1 1 1 1 0 0 0 1 1 0 0 0 1 1 0 0 1 0 0 0 0 1 0 0 1 1 0 1 0 0 0 1 1 0 0 0 1 0 1 0 0 1 0 0 0 0 1 1 0 0 0 1 0 ]
d_37_33=3.571491316877 eijMax=5.001E-04 rmsd=9.295E-02 s=[ 0 0 0 1 1 1 1 1 1 0 0 0 1 1 0 0 0 1 1 0 0 1 0 0 0 0 1 0 0 1 1 0 1 0 0 0 1 1 0 0 0 1 0 1 0 0 1 0 0 0 0 1 1 0 0 0 1 1 ]
d_37_33=3.571491316877 eijMax=5.001E-04 rmsd=8.944E-02 s=[ 0 0 0 1 1 1 1 1 1 0 0 0 1 1 0 0 0 1 1 0 0 1 0 0 0 0 1 0 0 1 1 0 1 0 0 0 1 1 0 0 0 1 0 1 0 0 1 0 0 0 0 1 1 0 1 0 1 0 ]
d_37_33=3.571491316877 eijMax=5.001E-04 rmsd=9.030E-02 s=[ 0 0 0 1 1 1 1 1 1 0 0 0 1 1 0 0 0 1 1 0 0 1 0 0 0 0 1 0 0 1 1 0 1 0 0 0 1 1 0 0 0 1 0 1 0 0 1 0 0 0 0 1 1 0 1 0 1 1 ]
d_37_33=3.571491316877 eijMax=6.565E-04 rmsd=8.884E-02 s=[ 0 0 0 1 1 1 1 1 1 0 0 0 1 1 0 0 0 1 1 0 0 1 0 0 0 0 1 0 0 1 1 0 1 0 0 0 1 1 0 0 0 1 0 1 0 0 1 0 0 1 0 1 1 0 0 0 1 0 ]
d_37_33=3.571491316877 eijMax=6.565E-04 rmsd=8.974E-02 s=[ 0 0 0 1 1 1 1 1 1 0 0 0 1 1 0 0 0 1 1 0 0 1 0 0 0 0 1 0 0 1 1 0 1 0 0 0 1 1 0 0 0 1 0 1 0 0 1 0 0 1 0 1 1 0 0 0 1 1 ]
d_37_33=3.571491316877 eijMax=6.565E-04 rmsd=8.627E-02 s=[ 0 0 0 1 1 1 1 1 1 0 0 0 1 1 0 0 0 1 1 0 0 1 0 0 0 0 1 0 0 1 1 0 1 0 0 0 1 1 0 0 0 1 0 1 0 0 1 0 0 1 0 1 1 0 1 0 1 0 ]
d_37_33=3.571491316877 eijMax=6.565E-04 rmsd=8.720E-02 s=[ 0 0 0 1 1 1 1 1 1 0 0 0 1 1 0 0 0 1 1 0 0 1 0 0 0 0 1 0 0 1 1 0 1 0 0 0 1 1 0 0 0 1 0 1 0 0 1 0 0 1 0 1 1 0 1 0 1 1 ]
d_37_33=3.571491316877 eijMax=5.001E-04 rmsd=9.389E-02 s=[ 0 0 0 1 1 1 1 1 1 0 0 0 1 1 0 0 0 1 1 0 0 1 0 0 0 0 1 0 0 1 1 0 1 0 1 0 1 1 0 0 0 1 0 1 0 0 1 0 0 0 0 1 1 0 0 0 1 0 ]
d_37_33=3.571491316877 eijMax=5.001E-04 rmsd=9.472E-02 s=[ 0 0 0 1 1 1 1 1 1 0 0 0 1 1 0 0 0 1 1 0 0 1 0 0 0 0 1 0 0 1 1 0 1 0 1 0 1 1 0 0 0 1 0 1 0 0 1 0 0 0 0 1 1 0 0 0 1 1 ]
d_37_33=3.571491316877 eijMax=5.001E-04 rmsd=9.121E-02 s=[ 0 0 0 1 1 1 1 1 1 0 0 0 1 1 0 0 0 1 1 0 0 1 0 0 0 0 1 0 0 1 1 0 1 0 1 0 1 1 0 0 0 1 0 1 0 0 1 0 0 0 0 1 1 0 1 0 1 0 ]
d_37_33=3.571491316877 eijMax=5.001E-04 rmsd=9.206E-02 s=[ 0 0 0 1 1 1 1 1 1 0 0 0 1 1 0 0 0 1 1 0 0 1 0 0 0 0 1 0 0 1 1 0 1 0 1 0 1 1 0 0 0 1 0 1 0 0 1 0 0 0 0 1 1 0 1 0 1 1 ]
d_37_33=3.571491316877 eijMax=6.565E-04 rmsd=9.062E-02 s=[ 0 0 0 1 1 1 1 1 1 0 0 0 1 1 0 0 0 1 1 0 0 1 0 0 0 0 1 0 0 1 1 0 1 0 1 0 1 1 0 0 0 1 0 1 0 0 1 0 0 1 0 1 1 0 0 0 1 0 ]
d_37_33=3.571491316877 eijMax=6.565E-04 rmsd=9.151E-02 s=[ 0 0 0 1 1 1 1 1 1 0 0 0 1 1 0 0 0 1 1 0 0 1 0 0 0 0 1 0 0 1 1 0 1 0 1 0 1 1 0 0 0 1 0 1 0 0 1 0 0 1 0 1 1 0 0 0 1 1 ]
d_37_33=3.571491316877 eijMax=6.565E-04 rmsd=8.804E-02 s=[ 0 0 0 1 1 1 1 1 1 0 0 0 1 1 0 0 0 1 1 0 0 1 0 0 0 0 1 0 0 1 1 0 1 0 1 0 1 1 0 0 0 1 0 1 0 0 1 0 0 1 0 1 1 0 1 0 1 0 ]
d_37_33=3.571491316877 eijMax=6.565E-04 rmsd=8.894E-02 s=[ 0 0 0 1 1 1 1 1 1 0 0 0 1 1 0 0 0 1 1 0 0 1 0 0 0 0 1 0 0 1 1 0 1 0 1 0 1 1 0 0 0 1 0 1 0 0 1 0 0 1 0 1 1 0 1 0 1 1 ]
d_37_33=3.570690516076 eijMax=8.543E-03 rmsd=5.822E-01 s=[ 0 0 0 1 1 1 1 1 1 0 0 0 1 1 0 0 0 1 1 0 0 1 0 0 0 0 1 1 0 1 1 0 1 0 0 0 1 1 0 0 0 1 0 1 0 0 1 0 0 0 0 1 1 0 0 0 1 0 ]
d_37_33=3.570690516076 eijMax=8.543E-03 rmsd=5.813E-01 s=[ 0 0 0 1 1 1 1 1 1 0 0 0 1 1 0 0 0 1 1 0 0 1 0 0 0 0 1 1 0 1 1 0 1 0 0 0 1 1 0 0 0 1 0 1 0 0 1 0 0 0 0 1 1 0 0 0 1 1 ]
d_37_33=3.570690516076 eijMax=8.543E-03 rmsd=5.916E-01 s=[ 0 0 0 1 1 1 1 1 1 0 0 0 1 1 0 0 0 1 1 0 0 1 0 0 0 0 1 1 0 1 1 0 1 0 0 0 1 1 0 0 0 1 0 1 0 0 1 0 0 0 0 1 1 0 1 0 1 0 ]
d_37_33=3.570690516076 eijMax=8.543E-03 rmsd=5.908E-01 s=[ 0 0 0 1 1 1 1 1 1 0 0 0 1 1 0 0 0 1 1 0 0 1 0 0 0 0 1 1 0 1 1 0 1 0 0 0 1 1 0 0 0 1 0 1 0 0 1 0 0 0 0 1 1 0 1 0 1 1 ]
d_37_33=3.570690516076 eijMax=8.543E-03 rmsd=5.817E-01 s=[ 0 0 0 1 1 1 1 1 1 0 0 0 1 1 0 0 0 1 1 0 0 1 0 0 0 0 1 1 0 1 1 0 1 0 1 0 1 1 0 0 0 1 0 1 0 0 1 0 0 0 0 1 1 0 0 0 1 0 ]
d_37_33=3.570690516076 eijMax=8.543E-03 rmsd=5.808E-01 s=[ 0 0 0 1 1 1 1 1 1 0 0 0 1 1 0 0 0 1 1 0 0 1 0 0 0 0 1 1 0 1 1 0 1 0 1 0 1 1 0 0 0 1 0 1 0 0 1 0 0 0 0 1 1 0 0 0 1 1 ]
d_37_33=3.570690516076 eijMax=8.543E-03 rmsd=5.911E-01 s=[ 0 0 0 1 1 1 1 1 1 0 0 0 1 1 0 0 0 1 1 0 0 1 0 0 0 0 1 1 0 1 1 0 1 0 1 0 1 1 0 0 0 1 0 1 0 0 1 0 0 0 0 1 1 0 1 0 1 0 ]
d_37_33=3.570690516076 eijMax=8.543E-03 rmsd=5.903E-01 s=[ 0 0 0 1 1 1 1 1 1 0 0 0 1 1 0 0 0 1 1 0 0 1 0 0 0 0 1 1 0 1 1 0 1 0 1 0 1 1 0 0 0 1 0 1 0 0 1 0 0 0 0 1 1 0 1 0 1 1 ]
d_37_33=3.570890716276 eijMax=5.635E-03 rmsd=4.430E-01 s=[ 0 0 0 1 1 1 1 1 1 0 0 0 1 1 0 0 0 1 1 0 0 1 0 0 0 0 1 1 0 1 1 0 1 0 0 0 1 1 0 0 0 1 0 1 0 0 1 0 0 0 0 1 1 0 0 0 1 0 ]
d_37_33=3.570890716276 eijMax=5.635E-03 rmsd=4.421E-01 s=[ 0 0 0 1 1 1 1 1 1 0 0 0 1 1 0 0 0 1 1 0 0 1 0 0 0 0 1 1 0 1 1 0 1 0 0 0 1 1 0 0 0 1 0 1 0 0 1 0 0 0 0 1 1 0 0 0 1 1 ]
d_37_33=3.570890716276 eijMax=5.635E-03 rmsd=4.527E-01 s=[ 0 0 0 1 1 1 1 1 1 0 0 0 1 1 0 0 0 1 1 0 0 1 0 0 0 0 1 1 0 1 1 0 1 0 0 0 1 1 0 0 0 1 0 1 0 0 1 0 0 0 0 1 1 0 1 0 1 0 ]
d_37_33=3.570890716276 eijMax=5.635E-03 rmsd=4.519E-01 s=[ 0 0 0 1 1 1 1 1 1 0 0 0 1 1 0 0 0 1 1 0 0 1 0 0 0 0 1 1 0 1 1 0 1 0 0 0 1 1 0 0 0 1 0 1 0 0 1 0 0 0 0 1 1 0 1 0 1 1 ]
d_37_33=3.570890716276 eijMax=5.635E-03 rmsd=4.425E-01 s=[ 0 0 0 1 1 1 1 1 1 0 0 0 1 1 0 0 0 1 1 0 0 1 0 0 0 0 1 1 0 1 1 0 1 0 1 0 1 1 0 0 0 1 0 1 0 0 1 0 0 0 0 1 1 0 0 0 1 0 ]
d_37_33=3.570890716276 eijMax=5.635E-03 rmsd=4.416E-01 s=[ 0 0 0 1 1 1 1 1 1 0 0 0 1 1 0 0 0 1 1 0 0 1 0 0 0 0 1 1 0 1 1 0 1 0 1 0 1 1 0 0 0 1 0 1 0 0 1 0 0 0 0 1 1 0 0 0 1 1 ]
d_37_33=3.570890716276 eijMax=5.635E-03 rmsd=4.522E-01 s=[ 0 0 0 1 1 1 1 1 1 0 0 0 1 1 0 0 0 1 1 0 0 1 0 0 0 0 1 1 0 1 1 0 1 0 1 0 1 1 0 0 0 1 0 1 0 0 1 0 0 0 0 1 1 0 1 0 1 0 ]
d_37_33=3.570890716276 eijMax=5.635E-03 rmsd=4.514E-01 s=[ 0 0 0 1 1 1 1 1 1 0 0 0 1 1 0 0 0 1 1 0 0 1 0 0 0 0 1 1 0 1 1 0 1 0 1 0 1 1 0 0 0 1 0 1 0 0 1 0 0 0 0 1 1 0 1 0 1 1 ]
d_37_33=3.571090916476 eijMax=3.430E-03 rmsd=3.145E-01 s=[ 0 0 0 1 1 1 1 1 1 0 0 0 1 1 0 0 0 1 1 0 0 1 0 0 0 0 1 1 0 1 1 0 1 0 0 0 1 1 0 0 0 1 0 1 0 0 1 0 0 0 0 1 1 0 0 0 1 0 ]
d_37_33=3.571090916476 eijMax=3.430E-03 rmsd=3.136E-01 s=[ 0 0 0 1 1 1 1 1 1 0 0 0 1 1 0 0 0 1 1 0 0 1 0 0 0 0 1 1 0 1 1 0 1 0 0 0 1 1 0 0 0 1 0 1 0 0 1 0 0 0 0 1 1 0 0 0 1 1 ]
d_37_33=3.571090916476 eijMax=3.430E-03 rmsd=3.247E-01 s=[ 0 0 0 1 1 1 1 1 1 0 0 0 1 1 0 0 0 1 1 0 0 1 0 0 0 0 1 1 0 1 1 0 1 0 0 0 1 1 0 0 0 1 0 1 0 0 1 0 0 0 0 1 1 0 1 0 1 0 ]
d_37_33=3.571090916476 eijMax=3.430E-03 rmsd=3.239E-01 s=[ 0 0 0 1 1 1 1 1 1 0 0 0 1 1 0 0 0 1 1 0 0 1 0 0 0 0 1 1 0 1 1 0 1 0 0 0 1 1 0 0 0 1 0 1 0 0 1 0 0 0 0 1 1 0 1 0 1 1 ]
d_37_33=3.571090916476 eijMax=3.430E-03 rmsd=3.140E-01 s=[ 0 0 0 1 1 1 1 1 1 0 0 0 1 1 0 0 0 1 1 0 0 1 0 0 0 0 1 1 0 1 1 0 1 0 1 0 1 1 0 0 0 1 0 1 0 0 1 0 0 0 0 1 1 0 0 0 1 0 ]
d_37_33=3.571090916476 eijMax=3.430E-03 rmsd=3.132E-01 s=[ 0 0 0 1 1 1 1 1 1 0 0 0 1 1 0 0 0 1 1 0 0 1 0 0 0 0 1 1 0 1 1 0 1 0 1 0 1 1 0 0 0 1 0 1 0 0 1 0 0 0 0 1 1 0 0 0 1 1 ]
d_37_33=3.571090916476 eijMax=3.430E-03 rmsd=3.242E-01 s=[ 0 0 0 1 1 1 1 1 1 0 0 0 1 1 0 0 0 1 1 0 0 1 0 0 0 0 1 1 0 1 1 0 1 0 1 0 1 1 0 0 0 1 0 1 0 0 1 0 0 0 0 1 1 0 1 0 1 0 ]
d_37_33=3.571090916476 eijMax=3.430E-03 rmsd=3.234E-01 s=[ 0 0 0 1 1 1 1 1 1 0 0 0 1 1 0 0 0 1 1 0 0 1 0 0 0 0 1 1 0 1 1 0 1 0 1 0 1 1 0 0 0 1 0 1 0 0 1 0 0 0 0 1 1 0 1 0 1 1 ]
d_37_33=3.571291116677 eijMax=1.794E-03 rmsd=1.949E-01 s=[ 0 0 0 1 1 1 1 1 1 0 0 0 1 1 0 0 0 1 1 0 0 1 0 0 0 0 1 1 0 1 1 0 1 0 0 0 1 1 0 0 0 1 0 1 0 0 1 0 0 0 0 1 1 0 0 0 1 0 ]
d_37_33=3.571291116677 eijMax=1.794E-03 rmsd=1.941E-01 s=[ 0 0 0 1 1 1 1 1 1 0 0 0 1 1 0 0 0 1 1 0 0 1 0 0 0 0 1 1 0 1 1 0 1 0 0 0 1 1 0 0 0 1 0 1 0 0 1 0 0 0 0 1 1 0 0 0 1 1 ]
d_37_33=3.571291116677 eijMax=1.794E-03 rmsd=2.061E-01 s=[ 0 0 0 1 1 1 1 1 1 0 0 0 1 1 0 0 0 1 1 0 0 1 0 0 0 0 1 1 0 1 1 0 1 0 0 0 1 1 0 0 0 1 0 1 0 0 1 0 0 0 0 1 1 0 1 0 1 0 ]
d_37_33=3.571291116677 eijMax=1.794E-03 rmsd=2.053E-01 s=[ 0 0 0 1 1 1 1 1 1 0 0 0 1 1 0 0 0 1 1 0 0 1 0 0 0 0 1 1 0 1 1 0 1 0 0 0 1 1 0 0 0 1 0 1 0 0 1 0 0 0 0 1 1 0 1 0 1 1 ]
d_37_33=3.571291116677 eijMax=1.794E-03 rmsd=2.124E-01 s=[ 0 0 0 1 1 1 1 1 1 0 0 0 1 1 0 0 0 1 1 0 0 1 0 0 0 0 1 1 0 1 1 0 1 0 0 0 1 1 0 0 0 1 0 1 0 0 1 0 0 1 0 1 1 0 0 0 1 0 ]
d_37_33=3.571291116677 eijMax=1.794E-03 rmsd=2.116E-01 s=[ 0 0 0 1 1 1 1 1 1 0 0 0 1 1 0 0 0 1 1 0 0 1 0 0 0 0 1 1 0 1 1 0 1 0 0 0 1 1 0 0 0 1 0 1 0 0 1 0 0 1 0 1 1 0 0 0 1 1 ]
d_37_33=3.571291116677 eijMax=1.794E-03 rmsd=2.227E-01 s=[ 0 0 0 1 1 1 1 1 1 0 0 0 1 1 0 0 0 1 1 0 0 1 0 0 0 0 1 1 0 1 1 0 1 0 0 0 1 1 0 0 0 1 0 1 0 0 1 0 0 1 0 1 1 0 1 0 1 0 ]
d_37_33=3.571291116677 eijMax=1.794E-03 rmsd=2.220E-01 s=[ 0 0 0 1 1 1 1 1 1 0 0 0 1 1 0 0 0 1 1 0 0 1 0 0 0 0 1 1 0 1 1 0 1 0 0 0 1 1 0 0 0 1 0 1 0 0 1 0 0 1 0 1 1 0 1 0 1 1 ]
d_37_33=3.571291116677 eijMax=1.794E-03 rmsd=1.947E-01 s=[ 0 0 0 1 1 1 1 1 1 0 0 0 1 1 0 0 0 1 1 0 0 1 0 0 0 0 1 1 0 1 1 0 1 0 1 0 1 1 0 0 0 1 0 1 0 0 1 0 0 0 0 1 1 0 0 0 1 0 ]
d_37_33=3.571291116677 eijMax=1.794E-03 rmsd=1.938E-01 s=[ 0 0 0 1 1 1 1 1 1 0 0 0 1 1 0 0 0 1 1 0 0 1 0 0 0 0 1 1 0 1 1 0 1 0 1 0 1 1 0 0 0 1 0 1 0 0 1 0 0 0 0 1 1 0 0 0 1 1 ]
d_37_33=3.571291116677 eijMax=1.794E-03 rmsd=2.058E-01 s=[ 0 0 0 1 1 1 1 1 1 0 0 0 1 1 0 0 0 1 1 0 0 1 0 0 0 0 1 1 0 1 1 0 1 0 1 0 1 1 0 0 0 1 0 1 0 0 1 0 0 0 0 1 1 0 1 0 1 0 ]
d_37_33=3.571291116677 eijMax=1.794E-03 rmsd=2.050E-01 s=[ 0 0 0 1 1 1 1 1 1 0 0 0 1 1 0 0 0 1 1 0 0 1 0 0 0 0 1 1 0 1 1 0 1 0 1 0 1 1 0 0 0 1 0 1 0 0 1 0 0 0 0 1 1 0 1 0 1 1 ]
d_37_33=3.571291116677 eijMax=1.794E-03 rmsd=2.121E-01 s=[ 0 0 0 1 1 1 1 1 1 0 0 0 1 1 0 0 0 1 1 0 0 1 0 0 0 0 1 1 0 1 1 0 1 0 1 0 1 1 0 0 0 1 0 1 0 0 1 0 0 1 0 1 1 0 0 0 1 0 ]
d_37_33=3.571291116677 eijMax=1.794E-03 rmsd=2.114E-01 s=[ 0 0 0 1 1 1 1 1 1 0 0 0 1 1 0 0 0 1 1 0 0 1 0 0 0 0 1 1 0 1 1 0 1 0 1 0 1 1 0 0 0 1 0 1 0 0 1 0 0 1 0 1 1 0 0 0 1 1 ]
d_37_33=3.571291116677 eijMax=1.794E-03 rmsd=2.225E-01 s=[ 0 0 0 1 1 1 1 1 1 0 0 0 1 1 0 0 0 1 1 0 0 1 0 0 0 0 1 1 0 1 1 0 1 0 1 0 1 1 0 0 0 1 0 1 0 0 1 0 0 1 0 1 1 0 1 0 1 0 ]
d_37_33=3.571291116677 eijMax=1.794E-03 rmsd=2.218E-01 s=[ 0 0 0 1 1 1 1 1 1 0 0 0 1 1 0 0 0 1 1 0 0 1 0 0 0 0 1 1 0 1 1 0 1 0 1 0 1 1 0 0 0 1 0 1 0 0 1 0 0 1 0 1 1 0 1 0 1 1 ]
d_37_33=3.571491316877 eijMax=6.255E-04 rmsd=8.298E-02 s=[ 0 0 0 1 1 1 1 1 1 0 0 0 1 1 0 0 0 1 1 0 0 1 0 0 0 0 1 1 0 1 1 0 1 0 0 0 1 1 0 0 0 1 0 1 0 0 1 0 0 0 0 1 1 0 0 0 1 0 ]
d_37_33=3.571491316877 eijMax=6.255E-04 rmsd=8.214E-02 s=[ 0 0 0 1 1 1 1 1 1 0 0 0 1 1 0 0 0 1 1 0 0 1 0 0 0 0 1 1 0 1 1 0 1 0 0 0 1 1 0 0 0 1 0 1 0 0 1 0 0 0 0 1 1 0 0 0 1 1 ]
d_37_33=3.571491316877 eijMax=6.255E-04 rmsd=9.709E-02 s=[ 0 0 0 1 1 1 1 1 1 0 0 0 1 1 0 0 0 1 1 0 0 1 0 0 0 0 1 1 0 1 1 0 1 0 0 0 1 1 0 0 0 1 0 1 0 0 1 0 0 0 0 1 1 0 1 0 1 0 ]
d_37_33=3.571491316877 eijMax=6.255E-04 rmsd=9.637E-02 s=[ 0 0 0 1 1 1 1 1 1 0 0 0 1 1 0 0 0 1 1 0 0 1 0 0 0 0 1 1 0 1 1 0 1 0 0 0 1 1 0 0 0 1 0 1 0 0 1 0 0 0 0 1 1 0 1 0 1 1 ]
d_37_33=3.571491316877 eijMax=6.565E-04 rmsd=1.049E-01 s=[ 0 0 0 1 1 1 1 1 1 0 0 0 1 1 0 0 0 1 1 0 0 1 0 0 0 0 1 1 0 1 1 0 1 0 0 0 1 1 0 0 0 1 0 1 0 0 1 0 0 1 0 1 1 0 0 0 1 0 ]
d_37_33=3.571491316877 eijMax=6.565E-04 rmsd=1.042E-01 s=[ 0 0 0 1 1 1 1 1 1 0 0 0 1 1 0 0 0 1 1 0 0 1 0 0 0 0 1 1 0 1 1 0 1 0 0 0 1 1 0 0 0 1 0 1 0 0 1 0 0 1 0 1 1 0 0 0 1 1 ]
d_37_33=3.571491316877 eijMax=6.565E-04 rmsd=1.165E-01 s=[ 0 0 0 1 1 1 1 1 1 0 0 0 1 1 0 0 0 1 1 0 0 1 0 0 0 0 1 1 0 1 1 0 1 0 0 0 1 1 0 0 0 1 0 1 0 0 1 0 0 1 0 1 1 0 1 0 1 0 ]
d_37_33=3.571491316877 eijMax=6.565E-04 rmsd=1.159E-01 s=[ 0 0 0 1 1 1 1 1 1 0 0 0 1 1 0 0 0 1 1 0 0 1 0 0 0 0 1 1 0 1 1 0 1 0 0 0 1 1 0 0 0 1 0 1 0 0 1 0 0 1 0 1 1 0 1 0 1 1 ]
d_37_33=3.571491316877 eijMax=6.255E-04 rmsd=8.339E-02 s=[ 0 0 0 1 1 1 1 1 1 0 0 0 1 1 0 0 0 1 1 0 0 1 0 0 0 0 1 1 0 1 1 0 1 0 1 0 1 1 0 0 0 1 0 1 0 0 1 0 0 0 0 1 1 0 0 0 1 0 ]
d_37_33=3.571491316877 eijMax=6.255E-04 rmsd=8.255E-02 s=[ 0 0 0 1 1 1 1 1 1 0 0 0 1 1 0 0 0 1 1 0 0 1 0 0 0 0 1 1 0 1 1 0 1 0 1 0 1 1 0 0 0 1 0 1 0 0 1 0 0 0 0 1 1 0 0 0 1 1 ]
d_37_33=3.571491316877 eijMax=6.255E-04 rmsd=9.737E-02 s=[ 0 0 0 1 1 1 1 1 1 0 0 0 1 1 0 0 0 1 1 0 0 1 0 0 0 0 1 1 0 1 1 0 1 0 1 0 1 1 0 0 0 1 0 1 0 0 1 0 0 0 0 1 1 0 1 0 1 0 ]
d_37_33=3.571491316877 eijMax=6.255E-04 rmsd=9.665E-02 s=[ 0 0 0 1 1 1 1 1 1 0 0 0 1 1 0 0 0 1 1 0 0 1 0 0 0 0 1 1 0 1 1 0 1 0 1 0 1 1 0 0 0 1 0 1 0 0 1 0 0 0 0 1 1 0 1 0 1 1 ]
d_37_33=3.571491316877 eijMax=6.565E-04 rmsd=1.051E-01 s=[ 0 0 0 1 1 1 1 1 1 0 0 0 1 1 0 0 0 1 1 0 0 1 0 0 0 0 1 1 0 1 1 0 1 0 1 0 1 1 0 0 0 1 0 1 0 0 1 0 0 1 0 1 1 0 0 0 1 0 ]
d_37_33=3.571491316877 eijMax=6.565E-04 rmsd=1.045E-01 s=[ 0 0 0 1 1 1 1 1 1 0 0 0 1 1 0 0 0 1 1 0 0 1 0 0 0 0 1 1 0 1 1 0 1 0 1 0 1 1 0 0 0 1 0 1 0 0 1 0 0 1 0 1 1 0 0 0 1 1 ]
d_37_33=3.571491316877 eijMax=6.565E-04 rmsd=1.167E-01 s=[ 0 0 0 1 1 1 1 1 1 0 0 0 1 1 0 0 0 1 1 0 0 1 0 0 0 0 1 1 0 1 1 0 1 0 1 0 1 1 0 0 0 1 0 1 0 0 1 0 0 1 0 1 1 0 1 0 1 0 ]
d_37_33=3.571491316877 eijMax=6.565E-04 rmsd=1.161E-01 s=[ 0 0 0 1 1 1 1 1 1 0 0 0 1 1 0 0 0 1 1 0 0 1 0 0 0 0 1 1 0 1 1 0 1 0 1 0 1 1 0 0 0 1 0 1 0 0 1 0 0 1 0 1 1 0 1 0 1 1 ]
d_37_33=3.571691517077 eijMax=1.548E-04 rmsd=2.256E-02 s=[ 0 0 0 1 1 1 1 1 1 0 0 0 1 1 0 0 0 1 1 0 0 1 0 0 0 0 1 1 0 1 1 0 1 0 0 0 1 1 0 0 0 1 0 1 0 0 1 0 0 0 0 1 1 0 0 0 1 0 ]
d_37_33=3.571691517077 eijMax=1.548E-04 rmsd=2.340E-02 s=[ 0 0 0 1 1 1 1 1 1 0 0 0 1 1 0 0 0 1 1 0 0 1 0 0 0 0 1 1 0 1 1 0 1 0 0 0 1 1 0 0 0 1 0 1 0 0 1 0 0 0 0 1 1 0 0 0 1 1 ]
d_37_33=3.571691517077 eijMax=4.030E-04 rmsd=3.504E-02 s=[ 0 0 0 1 1 1 1 1 1 0 0 0 1 1 0 0 0 1 1 0 0 1 0 0 0 0 1 1 0 1 1 0 1 0 0 0 1 1 0 0 0 1 0 1 0 0 1 0 0 0 0 1 1 0 1 0 1 0 ]
d_37_33=3.571691517077 eijMax=4.030E-04 rmsd=3.558E-02 s=[ 0 0 0 1 1 1 1 1 1 0 0 0 1 1 0 0 0 1 1 0 0 1 0 0 0 0 1 1 0 1 1 0 1 0 0 0 1 1 0 0 0 1 0 1 0 0 1 0 0 0 0 1 1 0 1 0 1 1 ]
d_37_33=3.571691517077 eijMax=6.565E-04 rmsd=4.226E-02 s=[ 0 0 0 1 1 1 1 1 1 0 0 0 1 1 0 0 0 1 1 0 0 1 0 0 0 0 1 1 0 1 1 0 1 0 0 0 1 1 0 0 0 1 0 1 0 0 1 0 0 1 0 1 1 0 0 0 1 0 ]
d_37_33=3.571691517077 eijMax=6.565E-04 rmsd=4.277E-02 s=[ 0 0 0 1 1 1 1 1 1 0 0 0 1 1 0 0 0 1 1 0 0 1 0 0 0 0 1 1 0 1 1 0 1 0 0 0 1 1 0 0 0 1 0 1 0 0 1 0 0 1 0 1 1 0 0 0 1 1 ]
d_37_33=3.571691517077 eijMax=6.565E-04 rmsd=5.040E-02 s=[ 0 0 0 1 1 1 1 1 1 0 0 0 1 1 0 0 0 1 1 0 0 1 0 0 0 0 1 1 0 1 1 0 1 0 0 0 1 1 0 0 0 1 0 1 0 0 1 0 0 1 0 1 1 0 1 0 1 0 ]
d_37_33=3.571691517077 eijMax=6.565E-04 rmsd=5.082E-02 s=[ 0 0 0 1 1 1 1 1 1 0 0 0 1 1 0 0 0 1 1 0 0 1 0 0 0 0 1 1 0 1 1 0 1 0 0 0 1 1 0 0 0 1 0 1 0 0 1 0 0 1 0 1 1 0 1 0 1 1 ]
d_37_33=3.571691517077 eijMax=1.548E-04 rmsd=2.711E-02 s=[ 0 0 0 1 1 1 1 1 1 0 0 0 1 1 0 0 0 1 1 0 0 1 0 0 0 0 1 1 0 1 1 0 1 0 1 0 1 1 0 0 0 1 0 1 0 0 1 0 0 0 0 1 1 0 0 0 1 0 ]
d_37_33=3.571691517077 eijMax=1.548E-04 rmsd=2.782E-02 s=[ 0 0 0 1 1 1 1 1 1 0 0 0 1 1 0 0 0 1 1 0 0 1 0 0 0 0 1 1 0 1 1 0 1 0 1 0 1 1 0 0 0 1 0 1 0 0 1 0 0 0 0 1 1 0 0 0 1 1 ]
d_37_33=3.571691517077 eijMax=4.030E-04 rmsd=3.796E-02 s=[ 0 0 0 1 1 1 1 1 1 0 0 0 1 1 0 0 0 1 1 0 0 1 0 0 0 0 1 1 0 1 1 0 1 0 1 0 1 1 0 0 0 1 0 1 0 0 1 0 0 0 0 1 1 0 1 0 1 0 ]
d_37_33=3.571691517077 eijMax=4.030E-04 rmsd=3.846E-02 s=[ 0 0 0 1 1 1 1 1 1 0 0 0 1 1 0 0 0 1 1 0 0 1 0 0 0 0 1 1 0 1 1 0 1 0 1 0 1 1 0 0 0 1 0 1 0 0 1 0 0 0 0 1 1 0 1 0 1 1 ]
d_37_33=3.571691517077 eijMax=6.565E-04 rmsd=4.472E-02 s=[ 0 0 0 1 1 1 1 1 1 0 0 0 1 1 0 0 0 1 1 0 0 1 0 0 0 0 1 1 0 1 1 0 1 0 1 0 1 1 0 0 0 1 0 1 0 0 1 0 0 1 0 1 1 0 0 0 1 0 ]
d_37_33=3.571691517077 eijMax=6.565E-04 rmsd=4.520E-02 s=[ 0 0 0 1 1 1 1 1 1 0 0 0 1 1 0 0 0 1 1 0 0 1 0 0 0 0 1 1 0 1 1 0 1 0 1 0 1 1 0 0 0 1 0 1 0 0 1 0 0 1 0 1 1 0 0 0 1 1 ]
d_37_33=3.571691517077 eijMax=6.565E-04 rmsd=5.235E-02 s=[ 0 0 0 1 1 1 1 1 1 0 0 0 1 1 0 0 0 1 1 0 0 1 0 0 0 0 1 1 0 1 1 0 1 0 1 0 1 1 0 0 0 1 0 1 0 0 1 0 0 1 0 1 1 0 1 0 1 0 ]
d_37_33=3.571691517077 eijMax=6.565E-04 rmsd=5.276E-02 s=[ 0 0 0 1 1 1 1 1 1 0 0 0 1 1 0 0 0 1 1 0 0 1 0 0 0 0 1 1 0 1 1 0 1 0 1 0 1 1 0 0 0 1 0 1 0 0 1 0 0 1 0 1 1 0 1 0 1 1 ]
d_37_33=3.571891717277 eijMax=6.079E-04 rmsd=1.222E-01 s=[ 0 0 0 1 1 1 1 1 1 0 0 0 1 1 0 0 0 1 1 0 0 1 0 0 0 0 1 1 0 1 1 0 1 0 0 0 1 1 0 0 0 1 0 1 0 0 1 0 0 0 0 1 1 0 0 0 1 0 ]
d_37_33=3.571891717277 eijMax=6.079E-04 rmsd=1.231E-01 s=[ 0 0 0 1 1 1 1 1 1 0 0 0 1 1 0 0 0 1 1 0 0 1 0 0 0 0 1 1 0 1 1 0 1 0 0 0 1 1 0 0 0 1 0 1 0 0 1 0 0 0 0 1 1 0 0 0 1 1 ]
d_37_33=3.571891717277 eijMax=6.079E-04 rmsd=1.180E-01 s=[ 0 0 0 1 1 1 1 1 1 0 0 0 1 1 0 0 0 1 1 0 0 1 0 0 0 0 1 1 0 1 1 0 1 0 0 0 1 1 0 0 0 1 0 1 0 0 1 0 0 0 0 1 1 0 1 0 1 0 ]
d_37_33=3.571891717277 eijMax=6.079E-04 rmsd=1.189E-01 s=[ 0 0 0 1 1 1 1 1 1 0 0 0 1 1 0 0 0 1 1 0 0 1 0 0 0 0 1 1 0 1 1 0 1 0 0 0 1 1 0 0 0 1 0 1 0 0 1 0 0 0 0 1 1 0 1 0 1 1 ]
d_37_33=3.571891717277 eijMax=6.565E-04 rmsd=1.163E-01 s=[ 0 0 0 1 1 1 1 1 1 0 0 0 1 1 0 0 0 1 1 0 0 1 0 0 0 0 1 1 0 1 1 0 1 0 0 0 1 1 0 0 0 1 0 1 0 0 1 0 0 1 0 1 1 0 0 0 1 0 ]
d_37_33=3.571891717277 eijMax=6.565E-04 rmsd=1.172E-01 s=[ 0 0 0 1 1 1 1 1 1 0 0 0 1 1 0 0 0 1 1 0 0 1 0 0 0 0 1 1 0 1 1 0 1 0 0 0 1 1 0 0 0 1 0 1 0 0 1 0 0 1 0 1 1 0 0 0 1 1 ]
d_37_33=3.571891717277 eijMax=6.565E-04 rmsd=1.121E-01 s=[ 0 0 0 1 1 1 1 1 1 0 0 0 1 1 0 0 0 1 1 0 0 1 0 0 0 0 1 1 0 1 1 0 1 0 0 0 1 1 0 0 0 1 0 1 0 0 1 0 0 1 0 1 1 0 1 0 1 0 ]
d_37_33=3.571891717277 eijMax=6.565E-04 rmsd=1.130E-01 s=[ 0 0 0 1 1 1 1 1 1 0 0 0 1 1 0 0 0 1 1 0 0 1 0 0 0 0 1 1 0 1 1 0 1 0 0 0 1 1 0 0 0 1 0 1 0 0 1 0 0 1 0 1 1 0 1 0 1 1 ]
d_37_33=3.571891717277 eijMax=6.079E-04 rmsd=1.238E-01 s=[ 0 0 0 1 1 1 1 1 1 0 0 0 1 1 0 0 0 1 1 0 0 1 0 0 0 0 1 1 0 1 1 0 1 0 1 0 1 1 0 0 0 1 0 1 0 0 1 0 0 0 0 1 1 0 0 0 1 0 ]
d_37_33=3.571891717277 eijMax=6.079E-04 rmsd=1.246E-01 s=[ 0 0 0 1 1 1 1 1 1 0 0 0 1 1 0 0 0 1 1 0 0 1 0 0 0 0 1 1 0 1 1 0 1 0 1 0 1 1 0 0 0 1 0 1 0 0 1 0 0 0 0 1 1 0 0 0 1 1 ]
d_37_33=3.571891717277 eijMax=6.079E-04 rmsd=1.196E-01 s=[ 0 0 0 1 1 1 1 1 1 0 0 0 1 1 0 0 0 1 1 0 0 1 0 0 0 0 1 1 0 1 1 0 1 0 1 0 1 1 0 0 0 1 0 1 0 0 1 0 0 0 0 1 1 0 1 0 1 0 ]
d_37_33=3.571891717277 eijMax=6.079E-04 rmsd=1.204E-01 s=[ 0 0 0 1 1 1 1 1 1 0 0 0 1 1 0 0 0 1 1 0 0 1 0 0 0 0 1 1 0 1 1 0 1 0 1 0 1 1 0 0 0 1 0 1 0 0 1 0 0 0 0 1 1 0 1 0 1 1 ]
d_37_33=3.571891717277 eijMax=6.565E-04 rmsd=1.179E-01 s=[ 0 0 0 1 1 1 1 1 1 0 0 0 1 1 0 0 0 1 1 0 0 1 0 0 0 0 1 1 0 1 1 0 1 0 1 0 1 1 0 0 0 1 0 1 0 0 1 0 0 1 0 1 1 0 0 0 1 0 ]
d_37_33=3.571891717277 eijMax=6.565E-04 rmsd=1.188E-01 s=[ 0 0 0 1 1 1 1 1 1 0 0 0 1 1 0 0 0 1 1 0 0 1 0 0 0 0 1 1 0 1 1 0 1 0 1 0 1 1 0 0 0 1 0 1 0 0 1 0 0 1 0 1 1 0 0 0 1 1 ]
d_37_33=3.571891717277 eijMax=6.565E-04 rmsd=1.136E-01 s=[ 0 0 0 1 1 1 1 1 1 0 0 0 1 1 0 0 0 1 1 0 0 1 0 0 0 0 1 1 0 1 1 0 1 0 1 0 1 1 0 0 0 1 0 1 0 0 1 0 0 1 0 1 1 0 1 0 1 0 ]
d_37_33=3.571891717277 eijMax=6.565E-04 rmsd=1.146E-01 s=[ 0 0 0 1 1 1 1 1 1 0 0 0 1 1 0 0 0 1 1 0 0 1 0 0 0 0 1 1 0 1 1 0 1 0 1 0 1 1 0 0 0 1 0 1 0 0 1 0 0 1 0 1 1 0 1 0 1 1 ]
d_37_33=3.571491316877 eijMax=5.001E-04 rmsd=9.785E-02 s=[ 0 0 0 1 1 1 1 1 1 0 0 0 1 1 0 0 0 1 1 0 1 1 0 0 0 0 1 0 0 1 1 0 1 0 0 0 1 1 0 0 0 1 0 1 0 0 1 0 0 0 0 1 1 0 0 0 1 0 ]
d_37_33=3.571491316877 eijMax=5.001E-04 rmsd=9.864E-02 s=[ 0 0 0 1 1 1 1 1 1 0 0 0 1 1 0 0 0 1 1 0 1 1 0 0 0 0 1 0 0 1 1 0 1 0 0 0 1 1 0 0 0 1 0 1 0 0 1 0 0 0 0 1 1 0 0 0 1 1 ]
d_37_33=3.571491316877 eijMax=5.001E-04 rmsd=9.534E-02 s=[ 0 0 0 1 1 1 1 1 1 0 0 0 1 1 0 0 0 1 1 0 1 1 0 0 0 0 1 0 0 1 1 0 1 0 0 0 1 1 0 0 0 1 0 1 0 0 1 0 0 0 0 1 1 0 1 0 1 0 ]
d_37_33=3.571491316877 eijMax=5.001E-04 rmsd=9.615E-02 s=[ 0 0 0 1 1 1 1 1 1 0 0 0 1 1 0 0 0 1 1 0 1 1 0 0 0 0 1 0 0 1 1 0 1 0 0 0 1 1 0 0 0 1 0 1 0 0 1 0 0 0 0 1 1 0 1 0 1 1 ]
d_37_33=3.571491316877 eijMax=6.565E-04 rmsd=9.502E-02 s=[ 0 0 0 1 1 1 1 1 1 0 0 0 1 1 0 0 0 1 1 0 1 1 0 0 0 0 1 0 0 1 1 0 1 0 0 0 1 1 0 0 0 1 0 1 0 0 1 0 0 1 0 1 1 0 0 0 1 0 ]
d_37_33=3.571491316877 eijMax=6.565E-04 rmsd=9.585E-02 s=[ 0 0 0 1 1 1 1 1 1 0 0 0 1 1 0 0 0 1 1 0 1 1 0 0 0 0 1 0 0 1 1 0 1 0 0 0 1 1 0 0 0 1 0 1 0 0 1 0 0 1 0 1 1 0 0 0 1 1 ]
d_37_33=3.571491316877 eijMax=6.565E-04 rmsd=9.262E-02 s=[ 0 0 0 1 1 1 1 1 1 0 0 0 1 1 0 0 0 1 1 0 1 1 0 0 0 0 1 0 0 1 1 0 1 0 0 0 1 1 0 0 0 1 0 1 0 0 1 0 0 1 0 1 1 0 1 0 1 0 ]
d_37_33=3.571491316877 eijMax=6.565E-04 rmsd=9.348E-02 s=[ 0 0 0 1 1 1 1 1 1 0 0 0 1 1 0 0 0 1 1 0 1 1 0 0 0 0 1 0 0 1 1 0 1 0 0 0 1 1 0 0 0 1 0 1 0 0 1 0 0 1 0 1 1 0 1 0 1 1 ]
d_37_33=3.571491316877 eijMax=5.001E-04 rmsd=9.966E-02 s=[ 0 0 0 1 1 1 1 1 1 0 0 0 1 1 0 0 0 1 1 0 1 1 0 0 0 0 1 0 0 1 1 0 1 0 1 0 1 1 0 0 0 1 0 1 0 0 1 0 0 0 0 1 1 0 0 0 1 0 ]
d_37_33=3.571491316877 eijMax=5.001E-04 rmsd=1.004E-01 s=[ 0 0 0 1 1 1 1 1 1 0 0 0 1 1 0 0 0 1 1 0 1 1 0 0 0 0 1 0 0 1 1 0 1 0 1 0 1 1 0 0 0 1 0 1 0 0 1 0 0 0 0 1 1 0 0 0 1 1 ]
d_37_33=3.571491316877 eijMax=5.001E-04 rmsd=9.713E-02 s=[ 0 0 0 1 1 1 1 1 1 0 0 0 1 1 0 0 0 1 1 0 1 1 0 0 0 0 1 0 0 1 1 0 1 0 1 0 1 1 0 0 0 1 0 1 0 0 1 0 0 0 0 1 1 0 1 0 1 0 ]
d_37_33=3.571491316877 eijMax=5.001E-04 rmsd=9.792E-02 s=[ 0 0 0 1 1 1 1 1 1 0 0 0 1 1 0 0 0 1 1 0 1 1 0 0 0 0 1 0 0 1 1 0 1 0 1 0 1 1 0 0 0 1 0 1 0 0 1 0 0 0 0 1 1 0 1 0 1 1 ]
d_37_33=3.571491316877 eijMax=6.565E-04 rmsd=9.682E-02 s=[ 0 0 0 1 1 1 1 1 1 0 0 0 1 1 0 0 0 1 1 0 1 1 0 0 0 0 1 0 0 1 1 0 1 0 1 0 1 1 0 0 0 1 0 1 0 0 1 0 0 1 0 1 1 0 0 0 1 0 ]
d_37_33=3.571491316877 eijMax=6.565E-04 rmsd=9.764E-02 s=[ 0 0 0 1 1 1 1 1 1 0 0 0 1 1 0 0 0 1 1 0 1 1 0 0 0 0 1 0 0 1 1 0 1 0 1 0 1 1 0 0 0 1 0 1 0 0 1 0 0 1 0 1 1 0 0 0 1 1 ]
d_37_33=3.571491316877 eijMax=6.565E-04 rmsd=9.440E-02 s=[ 0 0 0 1 1 1 1 1 1 0 0 0 1 1 0 0 0 1 1 0 1 1 0 0 0 0 1 0 0 1 1 0 1 0 1 0 1 1 0 0 0 1 0 1 0 0 1 0 0 1 0 1 1 0 1 0 1 0 ]
d_37_33=3.571491316877 eijMax=6.565E-04 rmsd=9.523E-02 s=[ 0 0 0 1 1 1 1 1 1 0 0 0 1 1 0 0 0 1 1 0 1 1 0 0 0 0 1 0 0 1 1 0 1 0 1 0 1 1 0 0 0 1 0 1 0 0 1 0 0 1 0 1 1 0 1 0 1 1 ]
d_37_33=3.571691517077 eijMax=4.297E-04 rmsd=4.113E-02 s=[ 0 0 0 1 1 1 1 1 1 0 0 0 1 1 0 0 0 1 1 0 1 1 0 0 0 0 1 1 0 1 1 0 1 0 0 0 1 1 0 0 0 1 0 1 0 0 1 0 0 0 0 1 1 0 0 0 1 0 ]
d_37_33=3.571691517077 eijMax=4.297E-04 rmsd=4.158E-02 s=[ 0 0 0 1 1 1 1 1 1 0 0 0 1 1 0 0 0 1 1 0 1 1 0 0 0 0 1 1 0 1 1 0 1 0 0 0 1 1 0 0 0 1 0 1 0 0 1 0 0 0 0 1 1 0 0 0 1 1 ]
d_37_33=3.571691517077 eijMax=4.297E-04 rmsd=4.910E-02 s=[ 0 0 0 1 1 1 1 1 1 0 0 0 1 1 0 0 0 1 1 0 1 1 0 0 0 0 1 1 0 1 1 0 1 0 0 0 1 1 0 0 0 1 0 1 0 0 1 0 0 0 0 1 1 0 1 0 1 0 ]
d_37_33=3.571691517077 eijMax=4.297E-04 rmsd=4.947E-02 s=[ 0 0 0 1 1 1 1 1 1 0 0 0 1 1 0 0 0 1 1 0 1 1 0 0 0 0 1 1 0 1 1 0 1 0 0 0 1 1 0 0 0 1 0 1 0 0 1 0 0 0 0 1 1 0 1 0 1 1 ]
d_37_33=3.571691517077 eijMax=6.565E-04 rmsd=5.490E-02 s=[ 0 0 0 1 1 1 1 1 1 0 0 0 1 1 0 0 0 1 1 0 1 1 0 0 0 0 1 1 0 1 1 0 1 0 0 0 1 1 0 0 0 1 0 1 0 0 1 0 0 1 0 1 1 0 0 0 1 0 ]
d_37_33=3.571691517077 eijMax=6.565E-04 rmsd=5.527E-02 s=[ 0 0 0 1 1 1 1 1 1 0 0 0 1 1 0 0 0 1 1 0 1 1 0 0 0 0 1 1 0 1 1 0 1 0 0 0 1 1 0 0 0 1 0 1 0 0 1 0 0 1 0 1 1 0 0 0 1 1 ]
d_37_33=3.571691517077 eijMax=6.565E-04 rmsd=6.138E-02 s=[ 0 0 0 1 1 1 1 1 1 0 0 0 1 1 0 0 0 1 1 0 1 1 0 0 0 0 1 1 0 1 1 0 1 0 0 0 1 1 0 0 0 1 0 1 0 0 1 0 0 1 0 1 1 0 1 0 1 0 ]
d_37_33=3.571691517077 eijMax=6.565E-04 rmsd=6.171E-02 s=[ 0 0 0 1 1 1 1 1 1 0 0 0 1 1 0 0 0 1 1 0 1 1 0 0 0 0 1 1 0 1 1 0 1 0 0 0 1 1 0 0 0 1 0 1 0 0 1 0 0 1 0 1 1 0 1 0 1 1 ]
d_37_33=3.571691517077 eijMax=4.297E-04 rmsd=4.408E-02 s=[ 0 0 0 1 1 1 1 1 1 0 0 0 1 1 0 0 0 1 1 0 1 1 0 0 0 0 1 1 0 1 1 0 1 0 1 0 1 1 0 0 0 1 0 1 0 0 1 0 0 0 0 1 1 0 0 0 1 0 ]
d_37_33=3.571691517077 eijMax=4.297E-04 rmsd=4.450E-02 s=[ 0 0 0 1 1 1 1 1 1 0 0 0 1 1 0 0 0 1 1 0 1 1 0 0 0 0 1 1 0 1 1 0 1 0 1 0 1 1 0 0 0 1 0 1 0 0 1 0 0 0 0 1 1 0 0 0 1 1 ]
d_37_33=3.571691517077 eijMax=4.297E-04 rmsd=5.146E-02 s=[ 0 0 0 1 1 1 1 1 1 0 0 0 1 1 0 0 0 1 1 0 1 1 0 0 0 0 1 1 0 1 1 0 1 0 1 0 1 1 0 0 0 1 0 1 0 0 1 0 0 0 0 1 1 0 1 0 1 0 ]
d_37_33=3.571691517077 eijMax=4.297E-04 rmsd=5.182E-02 s=[ 0 0 0 1 1 1 1 1 1 0 0 0 1 1 0 0 0 1 1 0 1 1 0 0 0 0 1 1 0 1 1 0 1 0 1 0 1 1 0 0 0 1 0 1 0 0 1 0 0 0 0 1 1 0 1 0 1 1 ]
d_37_33=3.571691517077 eijMax=6.565E-04 rmsd=5.703E-02 s=[ 0 0 0 1 1 1 1 1 1 0 0 0 1 1 0 0 0 1 1 0 1 1 0 0 0 0 1 1 0 1 1 0 1 0 1 0 1 1 0 0 0 1 0 1 0 0 1 0 0 1 0 1 1 0 0 0 1 0 ]
d_37_33=3.571691517077 eijMax=6.565E-04 rmsd=5.739E-02 s=[ 0 0 0 1 1 1 1 1 1 0 0 0 1 1 0 0 0 1 1 0 1 1 0 0 0 0 1 1 0 1 1 0 1 0 1 0 1 1 0 0 0 1 0 1 0 0 1 0 0 1 0 1 1 0 0 0 1 1 ]
d_37_33=3.571691517077 eijMax=6.565E-04 rmsd=6.319E-02 s=[ 0 0 0 1 1 1 1 1 1 0 0 0 1 1 0 0 0 1 1 0 1 1 0 0 0 0 1 1 0 1 1 0 1 0 1 0 1 1 0 0 0 1 0 1 0 0 1 0 0 1 0 1 1 0 1 0 1 0 ]
d_37_33=3.571691517077 eijMax=6.565E-04 rmsd=6.351E-02 s=[ 0 0 0 1 1 1 1 1 1 0 0 0 1 1 0 0 0 1 1 0 1 1 0 0 0 0 1 1 0 1 1 0 1 0 1 0 1 1 0 0 0 1 0 1 0 0 1 0 0 1 0 1 1 0 1 0 1 1 ]
d_37_33=3.571891717277 eijMax=6.079E-04 rmsd=1.264E-01 s=[ 0 0 0 1 1 1 1 1 1 0 0 0 1 1 0 0 0 1 1 0 1 1 0 0 0 0 1 1 0 1 1 0 1 0 0 0 1 1 0 0 0 1 0 1 0 0 1 0 0 0 0 1 1 0 0 0 1 0 ]
d_37_33=3.571891717277 eijMax=6.079E-04 rmsd=1.272E-01 s=[ 0 0 0 1 1 1 1 1 1 0 0 0 1 1 0 0 0 1 1 0 1 1 0 0 0 0 1 1 0 1 1 0 1 0 0 0 1 1 0 0 0 1 0 1 0 0 1 0 0 0 0 1 1 0 0 0 1 1 ]
d_37_33=3.571891717277 eijMax=6.079E-04 rmsd=1.224E-01 s=[ 0 0 0 1 1 1 1 1 1 0 0 0 1 1 0 0 0 1 1 0 1 1 0 0 0 0 1 1 0 1 1 0 1 0 0 0 1 1 0 0 0 1 0 1 0 0 1 0 0 0 0 1 1 0 1 0 1 0 ]
d_37_33=3.571891717277 eijMax=6.079E-04 rmsd=1.232E-01 s=[ 0 0 0 1 1 1 1 1 1 0 0 0 1 1 0 0 0 1 1 0 1 1 0 0 0 0 1 1 0 1 1 0 1 0 0 0 1 1 0 0 0 1 0 1 0 0 1 0 0 0 0 1 1 0 1 0 1 1 ]
d_37_33=3.571891717277 eijMax=6.565E-04 rmsd=1.210E-01 s=[ 0 0 0 1 1 1 1 1 1 0 0 0 1 1 0 0 0 1 1 0 1 1 0 0 0 0 1 1 0 1 1 0 1 0 0 0 1 1 0 0 0 1 0 1 0 0 1 0 0 1 0 1 1 0 0 0 1 0 ]
d_37_33=3.571891717277 eijMax=6.565E-04 rmsd=1.218E-01 s=[ 0 0 0 1 1 1 1 1 1 0 0 0 1 1 0 0 0 1 1 0 1 1 0 0 0 0 1 1 0 1 1 0 1 0 0 0 1 1 0 0 0 1 0 1 0 0 1 0 0 1 0 1 1 0 0 0 1 1 ]
d_37_33=3.571891717277 eijMax=6.565E-04 rmsd=1.169E-01 s=[ 0 0 0 1 1 1 1 1 1 0 0 0 1 1 0 0 0 1 1 0 1 1 0 0 0 0 1 1 0 1 1 0 1 0 0 0 1 1 0 0 0 1 0 1 0 0 1 0 0 1 0 1 1 0 1 0 1 0 ]
d_37_33=3.571891717277 eijMax=6.565E-04 rmsd=1.178E-01 s=[ 0 0 0 1 1 1 1 1 1 0 0 0 1 1 0 0 0 1 1 0 1 1 0 0 0 0 1 1 0 1 1 0 1 0 0 0 1 1 0 0 0 1 0 1 0 0 1 0 0 1 0 1 1 0 1 0 1 1 ]
d_37_33=3.571891717277 eijMax=6.079E-04 rmsd=1.280E-01 s=[ 0 0 0 1 1 1 1 1 1 0 0 0 1 1 0 0 0 1 1 0 1 1 0 0 0 0 1 1 0 1 1 0 1 0 1 0 1 1 0 0 0 1 0 1 0 0 1 0 0 0 0 1 1 0 0 0 1 0 ]
d_37_33=3.571891717277 eijMax=6.079E-04 rmsd=1.288E-01 s=[ 0 0 0 1 1 1 1 1 1 0 0 0 1 1 0 0 0 1 1 0 1 1 0 0 0 0 1 1 0 1 1 0 1 0 1 0 1 1 0 0 0 1 0 1 0 0 1 0 0 0 0 1 1 0 0 0 1 1 ]
d_37_33=3.571891717277 eijMax=6.079E-04 rmsd=1.240E-01 s=[ 0 0 0 1 1 1 1 1 1 0 0 0 1 1 0 0 0 1 1 0 1 1 0 0 0 0 1 1 0 1 1 0 1 0 1 0 1 1 0 0 0 1 0 1 0 0 1 0 0 0 0 1 1 0 1 0 1 0 ]
d_37_33=3.571891717277 eijMax=6.079E-04 rmsd=1.248E-01 s=[ 0 0 0 1 1 1 1 1 1 0 0 0 1 1 0 0 0 1 1 0 1 1 0 0 0 0 1 1 0 1 1 0 1 0 1 0 1 1 0 0 0 1 0 1 0 0 1 0 0 0 0 1 1 0 1 0 1 1 ]
d_37_33=3.571891717277 eijMax=6.565E-04 rmsd=1.226E-01 s=[ 0 0 0 1 1 1 1 1 1 0 0 0 1 1 0 0 0 1 1 0 1 1 0 0 0 0 1 1 0 1 1 0 1 0 1 0 1 1 0 0 0 1 0 1 0 0 1 0 0 1 0 1 1 0 0 0 1 0 ]
d_37_33=3.571891717277 eijMax=6.565E-04 rmsd=1.234E-01 s=[ 0 0 0 1 1 1 1 1 1 0 0 0 1 1 0 0 0 1 1 0 1 1 0 0 0 0 1 1 0 1 1 0 1 0 1 0 1 1 0 0 0 1 0 1 0 0 1 0 0 1 0 1 1 0 0 0 1 1 ]
d_37_33=3.571891717277 eijMax=6.565E-04 rmsd=1.185E-01 s=[ 0 0 0 1 1 1 1 1 1 0 0 0 1 1 0 0 0 1 1 0 1 1 0 0 0 0 1 1 0 1 1 0 1 0 1 0 1 1 0 0 0 1 0 1 0 0 1 0 0 1 0 1 1 0 1 0 1 0 ]
d_37_33=3.571891717277 eijMax=6.565E-04 rmsd=1.194E-01 s=[ 0 0 0 1 1 1 1 1 1 0 0 0 1 1 0 0 0 1 1 0 1 1 0 0 0 0 1 1 0 1 1 0 1 0 1 0 1 1 0 0 0 1 0 1 0 0 1 0 0 1 0 1 1 0 1 0 1 1 ]
num ..... 1000
nnodes .. 58
nedges .. 401
nsols ... 432
tsecs ... 29.738726
