xyz29=( -16.685345 13.705796 -6.587770 )
xyz29=( -16.685345 13.705796 -6.587770 )
xyz29=( -16.685345 13.705796 -6.587770 )
xyz29=( -16.685345 13.705796 -6.587770 )
xyz29=( -16.685345 13.705796 -6.587770 )
xyz29=( -16.685345 13.705796 -6.587770 )
xyz29=( -16.685345 13.705796 -6.587770 )
xyz29=( -16.685345 13.705796 -6.587770 )
xyz29=( -16.685345 13.705796 -6.587770 )
xyz29=( -16.685345 13.705796 -6.587770 )
xyz29=( -16.685345 13.705796 -6.587770 )
xyz29=( -16.685345 13.705796 -6.587770 )
xyz29=( -16.685345 13.705796 -6.587770 )
xyz29=( -16.685345 13.705796 -6.587770 )
xyz29=( -16.685345 13.705796 -6.587770 )
xyz29=( -16.685345 13.705796 -6.587770 )
xyz29=( -16.686678 13.706190 -6.588672 )
xyz29=( -16.686678 13.706190 -6.588672 )
xyz29=( -16.686678 13.706190 -6.588672 )
xyz29=( -16.686678 13.706190 -6.588672 )
xyz29=( -16.686678 13.706190 -6.588672 )
xyz29=( -16.686678 13.706190 -6.588672 )
xyz29=( -16.686678 13.706190 -6.588672 )
xyz29=( -16.686678 13.706190 -6.588672 )
xyz29=( -16.686678 13.706190 -6.588672 )
xyz29=( -16.686678 13.706190 -6.588672 )
xyz29=( -16.686678 13.706190 -6.588672 )
xyz29=( -16.686678 13.706190 -6.588672 )
xyz29=( -16.686678 13.706190 -6.588672 )
xyz29=( -16.686678 13.706190 -6.588672 )
xyz29=( -16.686678 13.706190 -6.588672 )
xyz29=( -16.686678 13.706190 -6.588672 )
xyz29=( -16.685345 13.705796 -6.587770 )
xyz29=( -16.685345 13.705796 -6.587770 )
xyz29=( -16.685345 13.705796 -6.587770 )
xyz29=( -16.685345 13.705796 -6.587770 )
xyz29=( -16.685345 13.705796 -6.587770 )
xyz29=( -16.685345 13.705796 -6.587770 )
xyz29=( -16.685345 13.705796 -6.587770 )
xyz29=( -16.685345 13.705796 -6.587770 )
xyz29=( -16.685345 13.705796 -6.587770 )
xyz29=( -16.685345 13.705796 -6.587770 )
xyz29=( -16.685345 13.705796 -6.587770 )
xyz29=( -16.685345 13.705796 -6.587770 )
xyz29=( -16.685345 13.705796 -6.587770 )
xyz29=( -16.685345 13.705796 -6.587770 )
xyz29=( -16.685345 13.705796 -6.587770 )
xyz29=( -16.685345 13.705796 -6.587770 )
xyz29=( -16.574853 12.014567 -5.148101 )
xyz29=( -16.574853 12.014567 -5.148101 )
xyz29=( -16.574853 12.014567 -5.148101 )
xyz29=( -16.574853 12.014567 -5.148101 )
xyz29=( -16.574853 12.014567 -5.148101 )
xyz29=( -16.574853 12.014567 -5.148101 )
xyz29=( -16.574853 12.014567 -5.148101 )
xyz29=( -16.574853 12.014567 -5.148101 )
xyz29=( -16.574853 12.014567 -5.148101 )
xyz29=( -16.574853 12.014567 -5.148101 )
xyz29=( -16.574853 12.014567 -5.148101 )
xyz29=( -16.574853 12.014567 -5.148101 )
xyz29=( -16.574853 12.014567 -5.148101 )
xyz29=( -16.574853 12.014567 -5.148101 )
xyz29=( -16.574853 12.014567 -5.148101 )
xyz29=( -16.574853 12.014567 -5.148101 )
xyz29=( -16.576092 12.013517 -5.147772 )
xyz29=( -16.576092 12.013517 -5.147772 )
xyz29=( -16.576092 12.013517 -5.147772 )
xyz29=( -16.576092 12.013517 -5.147772 )
xyz29=( -16.576092 12.013517 -5.147772 )
xyz29=( -16.576092 12.013517 -5.147772 )
xyz29=( -16.576092 12.013517 -5.147772 )
xyz29=( -16.576092 12.013517 -5.147772 )
xyz29=( -16.576092 12.013517 -5.147772 )
xyz29=( -16.576092 12.013517 -5.147772 )
xyz29=( -16.576092 12.013517 -5.147772 )
xyz29=( -16.576092 12.013517 -5.147772 )
xyz29=( -16.576092 12.013517 -5.147772 )
xyz29=( -16.576092 12.013517 -5.147772 )
xyz29=( -16.576092 12.013517 -5.147772 )
xyz29=( -16.576092 12.013517 -5.147772 )
xyz29=( -16.574853 12.014567 -5.148101 )
xyz29=( -16.574853 12.014567 -5.148101 )
xyz29=( -16.574853 12.014567 -5.148101 )
xyz29=( -16.574853 12.014567 -5.148101 )
xyz29=( -16.574853 12.014567 -5.148101 )
xyz29=( -16.574853 12.014567 -5.148101 )
xyz29=( -16.574853 12.014567 -5.148101 )
xyz29=( -16.574853 12.014567 -5.148101 )
xyz29=( -16.574853 12.014567 -5.148101 )
xyz29=( -16.574853 12.014567 -5.148101 )
xyz29=( -16.574853 12.014567 -5.148101 )
xyz29=( -16.574853 12.014567 -5.148101 )
xyz29=( -16.574853 12.014567 -5.148101 )
xyz29=( -16.574853 12.014567 -5.148101 )
xyz29=( -16.574853 12.014567 -5.148101 )
xyz29=( -16.574853 12.014567 -5.148101 )
