xyz29=( -16.685461 13.705830 -6.587849 )
xyz29=( -16.685461 13.705830 -6.587849 )
xyz29=( -16.685461 13.705830 -6.587849 )
xyz29=( -16.685461 13.705830 -6.587849 )
xyz29=( -16.685461 13.705830 -6.587849 )
xyz29=( -16.685461 13.705830 -6.587849 )
xyz29=( -16.685461 13.705830 -6.587849 )
xyz29=( -16.685461 13.705830 -6.587849 )
xyz29=( -16.685461 13.705830 -6.587849 )
xyz29=( -16.685461 13.705830 -6.587849 )
xyz29=( -16.685461 13.705830 -6.587849 )
xyz29=( -16.685461 13.705830 -6.587849 )
xyz29=( -16.685461 13.705830 -6.587849 )
xyz29=( -16.685461 13.705830 -6.587849 )
xyz29=( -16.685461 13.705830 -6.587849 )
xyz29=( -16.685461 13.705830 -6.587849 )
xyz29=( -16.684673 13.705596 -6.587316 )
xyz29=( -16.684673 13.705596 -6.587316 )
xyz29=( -16.684673 13.705596 -6.587316 )
xyz29=( -16.684673 13.705596 -6.587316 )
xyz29=( -16.684673 13.705596 -6.587316 )
xyz29=( -16.684673 13.705596 -6.587316 )
xyz29=( -16.684673 13.705596 -6.587316 )
xyz29=( -16.684673 13.705596 -6.587316 )
xyz29=( -16.684673 13.705596 -6.587316 )
xyz29=( -16.684673 13.705596 -6.587316 )
xyz29=( -16.684673 13.705596 -6.587316 )
xyz29=( -16.684673 13.705596 -6.587316 )
xyz29=( -16.684673 13.705596 -6.587316 )
xyz29=( -16.684673 13.705596 -6.587316 )
xyz29=( -16.684673 13.705596 -6.587316 )
xyz29=( -16.684673 13.705596 -6.587316 )
xyz29=( -16.684916 13.705668 -6.587480 )
xyz29=( -16.684916 13.705668 -6.587480 )
xyz29=( -16.684916 13.705668 -6.587480 )
xyz29=( -16.684916 13.705668 -6.587480 )
xyz29=( -16.684916 13.705668 -6.587480 )
xyz29=( -16.684916 13.705668 -6.587480 )
xyz29=( -16.684916 13.705668 -6.587480 )
xyz29=( -16.684916 13.705668 -6.587480 )
xyz29=( -16.684916 13.705668 -6.587480 )
xyz29=( -16.684916 13.705668 -6.587480 )
xyz29=( -16.684916 13.705668 -6.587480 )
xyz29=( -16.684916 13.705668 -6.587480 )
xyz29=( -16.684916 13.705668 -6.587480 )
xyz29=( -16.684916 13.705668 -6.587480 )
xyz29=( -16.684916 13.705668 -6.587480 )
xyz29=( -16.684916 13.705668 -6.587480 )
xyz29=( -16.689392 13.706988 -6.590502 )
xyz29=( -16.689392 13.706988 -6.590502 )
xyz29=( -16.689392 13.706988 -6.590502 )
xyz29=( -16.689392 13.706988 -6.590502 )
xyz29=( -16.689392 13.706988 -6.590502 )
xyz29=( -16.689392 13.706988 -6.590502 )
xyz29=( -16.689392 13.706988 -6.590502 )
xyz29=( -16.689392 13.706988 -6.590502 )
xyz29=( -16.688608 13.706758 -6.589973 )
xyz29=( -16.688608 13.706758 -6.589973 )
xyz29=( -16.688608 13.706758 -6.589973 )
xyz29=( -16.688608 13.706758 -6.589973 )
xyz29=( -16.688608 13.706758 -6.589973 )
xyz29=( -16.688608 13.706758 -6.589973 )
xyz29=( -16.688608 13.706758 -6.589973 )
xyz29=( -16.688608 13.706758 -6.589973 )
xyz29=( -16.687822 13.706527 -6.589444 )
xyz29=( -16.687822 13.706527 -6.589444 )
xyz29=( -16.687822 13.706527 -6.589444 )
xyz29=( -16.687822 13.706527 -6.589444 )
xyz29=( -16.687822 13.706527 -6.589444 )
xyz29=( -16.687822 13.706527 -6.589444 )
xyz29=( -16.687822 13.706527 -6.589444 )
xyz29=( -16.687822 13.706527 -6.589444 )
xyz29=( -16.687036 13.706296 -6.588914 )
xyz29=( -16.687036 13.706296 -6.588914 )
xyz29=( -16.687036 13.706296 -6.588914 )
xyz29=( -16.687036 13.706296 -6.588914 )
xyz29=( -16.687036 13.706296 -6.588914 )
xyz29=( -16.687036 13.706296 -6.588914 )
xyz29=( -16.687036 13.706296 -6.588914 )
xyz29=( -16.687036 13.706296 -6.588914 )
xyz29=( -16.687036 13.706296 -6.588914 )
xyz29=( -16.687036 13.706296 -6.588914 )
xyz29=( -16.687036 13.706296 -6.588914 )
xyz29=( -16.687036 13.706296 -6.588914 )
xyz29=( -16.687036 13.706296 -6.588914 )
xyz29=( -16.687036 13.706296 -6.588914 )
xyz29=( -16.687036 13.706296 -6.588914 )
xyz29=( -16.687036 13.706296 -6.588914 )
xyz29=( -16.686249 13.706064 -6.588382 )
xyz29=( -16.686249 13.706064 -6.588382 )
xyz29=( -16.686249 13.706064 -6.588382 )
xyz29=( -16.686249 13.706064 -6.588382 )
xyz29=( -16.686249 13.706064 -6.588382 )
xyz29=( -16.686249 13.706064 -6.588382 )
xyz29=( -16.686249 13.706064 -6.588382 )
xyz29=( -16.686249 13.706064 -6.588382 )
xyz29=( -16.686249 13.706064 -6.588382 )
xyz29=( -16.686249 13.706064 -6.588382 )
xyz29=( -16.686249 13.706064 -6.588382 )
xyz29=( -16.686249 13.706064 -6.588382 )
xyz29=( -16.686249 13.706064 -6.588382 )
xyz29=( -16.686249 13.706064 -6.588382 )
xyz29=( -16.686249 13.706064 -6.588382 )
xyz29=( -16.686249 13.706064 -6.588382 )
xyz29=( -16.685461 13.705830 -6.587849 )
xyz29=( -16.685461 13.705830 -6.587849 )
xyz29=( -16.685461 13.705830 -6.587849 )
xyz29=( -16.685461 13.705830 -6.587849 )
xyz29=( -16.685461 13.705830 -6.587849 )
xyz29=( -16.685461 13.705830 -6.587849 )
xyz29=( -16.685461 13.705830 -6.587849 )
xyz29=( -16.685461 13.705830 -6.587849 )
xyz29=( -16.685461 13.705830 -6.587849 )
xyz29=( -16.685461 13.705830 -6.587849 )
xyz29=( -16.685461 13.705830 -6.587849 )
xyz29=( -16.685461 13.705830 -6.587849 )
xyz29=( -16.685461 13.705830 -6.587849 )
xyz29=( -16.685461 13.705830 -6.587849 )
xyz29=( -16.685461 13.705830 -6.587849 )
xyz29=( -16.685461 13.705830 -6.587849 )
xyz29=( -16.684673 13.705596 -6.587316 )
xyz29=( -16.684673 13.705596 -6.587316 )
xyz29=( -16.684673 13.705596 -6.587316 )
xyz29=( -16.684673 13.705596 -6.587316 )
xyz29=( -16.684673 13.705596 -6.587316 )
xyz29=( -16.684673 13.705596 -6.587316 )
xyz29=( -16.684673 13.705596 -6.587316 )
xyz29=( -16.684673 13.705596 -6.587316 )
xyz29=( -16.684673 13.705596 -6.587316 )
xyz29=( -16.684673 13.705596 -6.587316 )
xyz29=( -16.684673 13.705596 -6.587316 )
xyz29=( -16.684673 13.705596 -6.587316 )
xyz29=( -16.684673 13.705596 -6.587316 )
xyz29=( -16.684673 13.705596 -6.587316 )
xyz29=( -16.684673 13.705596 -6.587316 )
xyz29=( -16.684673 13.705596 -6.587316 )
xyz29=( -16.688840 13.706826 -6.590130 )
xyz29=( -16.688840 13.706826 -6.590130 )
xyz29=( -16.688840 13.706826 -6.590130 )
xyz29=( -16.688840 13.706826 -6.590130 )
xyz29=( -16.688840 13.706826 -6.590130 )
xyz29=( -16.688840 13.706826 -6.590130 )
xyz29=( -16.688840 13.706826 -6.590130 )
xyz29=( -16.688840 13.706826 -6.590130 )
xyz29=( -16.688057 13.706596 -6.589602 )
xyz29=( -16.688057 13.706596 -6.589602 )
xyz29=( -16.688057 13.706596 -6.589602 )
xyz29=( -16.688057 13.706596 -6.589602 )
xyz29=( -16.688057 13.706596 -6.589602 )
xyz29=( -16.688057 13.706596 -6.589602 )
xyz29=( -16.688057 13.706596 -6.589602 )
xyz29=( -16.688057 13.706596 -6.589602 )
xyz29=( -16.687272 13.706365 -6.589073 )
xyz29=( -16.687272 13.706365 -6.589073 )
xyz29=( -16.687272 13.706365 -6.589073 )
xyz29=( -16.687272 13.706365 -6.589073 )
xyz29=( -16.687272 13.706365 -6.589073 )
xyz29=( -16.687272 13.706365 -6.589073 )
xyz29=( -16.687272 13.706365 -6.589073 )
xyz29=( -16.687272 13.706365 -6.589073 )
xyz29=( -16.687272 13.706365 -6.589073 )
xyz29=( -16.687272 13.706365 -6.589073 )
xyz29=( -16.687272 13.706365 -6.589073 )
xyz29=( -16.687272 13.706365 -6.589073 )
xyz29=( -16.687272 13.706365 -6.589073 )
xyz29=( -16.687272 13.706365 -6.589073 )
xyz29=( -16.687272 13.706365 -6.589073 )
xyz29=( -16.687272 13.706365 -6.589073 )
xyz29=( -16.686488 13.706134 -6.588543 )
xyz29=( -16.686488 13.706134 -6.588543 )
xyz29=( -16.686488 13.706134 -6.588543 )
xyz29=( -16.686488 13.706134 -6.588543 )
xyz29=( -16.686488 13.706134 -6.588543 )
xyz29=( -16.686488 13.706134 -6.588543 )
xyz29=( -16.686488 13.706134 -6.588543 )
xyz29=( -16.686488 13.706134 -6.588543 )
xyz29=( -16.686488 13.706134 -6.588543 )
xyz29=( -16.686488 13.706134 -6.588543 )
xyz29=( -16.686488 13.706134 -6.588543 )
xyz29=( -16.686488 13.706134 -6.588543 )
xyz29=( -16.686488 13.706134 -6.588543 )
xyz29=( -16.686488 13.706134 -6.588543 )
xyz29=( -16.686488 13.706134 -6.588543 )
xyz29=( -16.686488 13.706134 -6.588543 )
xyz29=( -16.685702 13.705902 -6.588012 )
xyz29=( -16.685702 13.705902 -6.588012 )
xyz29=( -16.685702 13.705902 -6.588012 )
xyz29=( -16.685702 13.705902 -6.588012 )
xyz29=( -16.685702 13.705902 -6.588012 )
xyz29=( -16.685702 13.705902 -6.588012 )
xyz29=( -16.685702 13.705902 -6.588012 )
xyz29=( -16.685702 13.705902 -6.588012 )
xyz29=( -16.685702 13.705902 -6.588012 )
xyz29=( -16.685702 13.705902 -6.588012 )
xyz29=( -16.685702 13.705902 -6.588012 )
xyz29=( -16.685702 13.705902 -6.588012 )
xyz29=( -16.685702 13.705902 -6.588012 )
xyz29=( -16.685702 13.705902 -6.588012 )
xyz29=( -16.685702 13.705902 -6.588012 )
xyz29=( -16.685702 13.705902 -6.588012 )
xyz29=( -16.684916 13.705668 -6.587480 )
xyz29=( -16.684916 13.705668 -6.587480 )
xyz29=( -16.684916 13.705668 -6.587480 )
xyz29=( -16.684916 13.705668 -6.587480 )
xyz29=( -16.684916 13.705668 -6.587480 )
xyz29=( -16.684916 13.705668 -6.587480 )
xyz29=( -16.684916 13.705668 -6.587480 )
xyz29=( -16.684916 13.705668 -6.587480 )
xyz29=( -16.684916 13.705668 -6.587480 )
xyz29=( -16.684916 13.705668 -6.587480 )
xyz29=( -16.684916 13.705668 -6.587480 )
xyz29=( -16.684916 13.705668 -6.587480 )
xyz29=( -16.684916 13.705668 -6.587480 )
xyz29=( -16.684916 13.705668 -6.587480 )
xyz29=( -16.684916 13.705668 -6.587480 )
xyz29=( -16.684916 13.705668 -6.587480 )
xyz29=( -16.578101 12.011818 -5.147243 )
xyz29=( -16.578101 12.011818 -5.147243 )
xyz29=( -16.578101 12.011818 -5.147243 )
xyz29=( -16.578101 12.011818 -5.147243 )
xyz29=( -16.578101 12.011818 -5.147243 )
xyz29=( -16.578101 12.011818 -5.147243 )
xyz29=( -16.578101 12.011818 -5.147243 )
xyz29=( -16.578101 12.011818 -5.147243 )
xyz29=( -16.577373 12.012433 -5.147434 )
xyz29=( -16.577373 12.012433 -5.147434 )
xyz29=( -16.577373 12.012433 -5.147434 )
xyz29=( -16.577373 12.012433 -5.147434 )
xyz29=( -16.577373 12.012433 -5.147434 )
xyz29=( -16.577373 12.012433 -5.147434 )
xyz29=( -16.577373 12.012433 -5.147434 )
xyz29=( -16.577373 12.012433 -5.147434 )
xyz29=( -16.576644 12.013049 -5.147626 )
xyz29=( -16.576644 12.013049 -5.147626 )
xyz29=( -16.576644 12.013049 -5.147626 )
xyz29=( -16.576644 12.013049 -5.147626 )
xyz29=( -16.576644 12.013049 -5.147626 )
xyz29=( -16.576644 12.013049 -5.147626 )
xyz29=( -16.576644 12.013049 -5.147626 )
xyz29=( -16.576644 12.013049 -5.147626 )
xyz29=( -16.576644 12.013049 -5.147626 )
xyz29=( -16.576644 12.013049 -5.147626 )
xyz29=( -16.576644 12.013049 -5.147626 )
xyz29=( -16.576644 12.013049 -5.147626 )
xyz29=( -16.576644 12.013049 -5.147626 )
xyz29=( -16.576644 12.013049 -5.147626 )
xyz29=( -16.576644 12.013049 -5.147626 )
xyz29=( -16.576644 12.013049 -5.147626 )
xyz29=( -16.575915 12.013667 -5.147819 )
xyz29=( -16.575915 12.013667 -5.147819 )
xyz29=( -16.575915 12.013667 -5.147819 )
xyz29=( -16.575915 12.013667 -5.147819 )
xyz29=( -16.575915 12.013667 -5.147819 )
xyz29=( -16.575915 12.013667 -5.147819 )
xyz29=( -16.575915 12.013667 -5.147819 )
xyz29=( -16.575915 12.013667 -5.147819 )
xyz29=( -16.575915 12.013667 -5.147819 )
xyz29=( -16.575915 12.013667 -5.147819 )
xyz29=( -16.575915 12.013667 -5.147819 )
xyz29=( -16.575915 12.013667 -5.147819 )
xyz29=( -16.575915 12.013667 -5.147819 )
xyz29=( -16.575915 12.013667 -5.147819 )
xyz29=( -16.575915 12.013667 -5.147819 )
xyz29=( -16.575915 12.013667 -5.147819 )
xyz29=( -16.575185 12.014285 -5.148013 )
xyz29=( -16.575185 12.014285 -5.148013 )
xyz29=( -16.575185 12.014285 -5.148013 )
xyz29=( -16.575185 12.014285 -5.148013 )
xyz29=( -16.575185 12.014285 -5.148013 )
xyz29=( -16.575185 12.014285 -5.148013 )
xyz29=( -16.575185 12.014285 -5.148013 )
xyz29=( -16.575185 12.014285 -5.148013 )
xyz29=( -16.575185 12.014285 -5.148013 )
xyz29=( -16.575185 12.014285 -5.148013 )
xyz29=( -16.575185 12.014285 -5.148013 )
xyz29=( -16.575185 12.014285 -5.148013 )
xyz29=( -16.575185 12.014285 -5.148013 )
xyz29=( -16.575185 12.014285 -5.148013 )
xyz29=( -16.575185 12.014285 -5.148013 )
xyz29=( -16.575185 12.014285 -5.148013 )
xyz29=( -16.574454 12.014905 -5.148207 )
xyz29=( -16.574454 12.014905 -5.148207 )
xyz29=( -16.574454 12.014905 -5.148207 )
xyz29=( -16.574454 12.014905 -5.148207 )
xyz29=( -16.574454 12.014905 -5.148207 )
xyz29=( -16.574454 12.014905 -5.148207 )
xyz29=( -16.574454 12.014905 -5.148207 )
xyz29=( -16.574454 12.014905 -5.148207 )
xyz29=( -16.574454 12.014905 -5.148207 )
xyz29=( -16.574454 12.014905 -5.148207 )
xyz29=( -16.574454 12.014905 -5.148207 )
xyz29=( -16.574454 12.014905 -5.148207 )
xyz29=( -16.574454 12.014905 -5.148207 )
xyz29=( -16.574454 12.014905 -5.148207 )
xyz29=( -16.574454 12.014905 -5.148207 )
xyz29=( -16.574454 12.014905 -5.148207 )
xyz29=( -16.578615 12.011385 -5.147109 )
xyz29=( -16.578615 12.011385 -5.147109 )
xyz29=( -16.578615 12.011385 -5.147109 )
xyz29=( -16.578615 12.011385 -5.147109 )
xyz29=( -16.578615 12.011385 -5.147109 )
xyz29=( -16.578615 12.011385 -5.147109 )
xyz29=( -16.578615 12.011385 -5.147109 )
xyz29=( -16.578615 12.011385 -5.147109 )
xyz29=( -16.577885 12.012000 -5.147300 )
xyz29=( -16.577885 12.012000 -5.147300 )
xyz29=( -16.577885 12.012000 -5.147300 )
xyz29=( -16.577885 12.012000 -5.147300 )
xyz29=( -16.577885 12.012000 -5.147300 )
xyz29=( -16.577885 12.012000 -5.147300 )
xyz29=( -16.577885 12.012000 -5.147300 )
xyz29=( -16.577885 12.012000 -5.147300 )
xyz29=( -16.577155 12.012617 -5.147492 )
xyz29=( -16.577155 12.012617 -5.147492 )
xyz29=( -16.577155 12.012617 -5.147492 )
xyz29=( -16.577155 12.012617 -5.147492 )
xyz29=( -16.577155 12.012617 -5.147492 )
xyz29=( -16.577155 12.012617 -5.147492 )
xyz29=( -16.577155 12.012617 -5.147492 )
xyz29=( -16.577155 12.012617 -5.147492 )
xyz29=( -16.576425 12.013235 -5.147684 )
xyz29=( -16.576425 12.013235 -5.147684 )
xyz29=( -16.576425 12.013235 -5.147684 )
xyz29=( -16.576425 12.013235 -5.147684 )
xyz29=( -16.576425 12.013235 -5.147684 )
xyz29=( -16.576425 12.013235 -5.147684 )
xyz29=( -16.576425 12.013235 -5.147684 )
xyz29=( -16.576425 12.013235 -5.147684 )
xyz29=( -16.576425 12.013235 -5.147684 )
xyz29=( -16.576425 12.013235 -5.147684 )
xyz29=( -16.576425 12.013235 -5.147684 )
xyz29=( -16.576425 12.013235 -5.147684 )
xyz29=( -16.576425 12.013235 -5.147684 )
xyz29=( -16.576425 12.013235 -5.147684 )
xyz29=( -16.576425 12.013235 -5.147684 )
xyz29=( -16.576425 12.013235 -5.147684 )
xyz29=( -16.575693 12.013855 -5.147878 )
xyz29=( -16.575693 12.013855 -5.147878 )
xyz29=( -16.575693 12.013855 -5.147878 )
xyz29=( -16.575693 12.013855 -5.147878 )
xyz29=( -16.575693 12.013855 -5.147878 )
xyz29=( -16.575693 12.013855 -5.147878 )
xyz29=( -16.575693 12.013855 -5.147878 )
xyz29=( -16.575693 12.013855 -5.147878 )
xyz29=( -16.575693 12.013855 -5.147878 )
xyz29=( -16.575693 12.013855 -5.147878 )
xyz29=( -16.575693 12.013855 -5.147878 )
xyz29=( -16.575693 12.013855 -5.147878 )
xyz29=( -16.575693 12.013855 -5.147878 )
xyz29=( -16.575693 12.013855 -5.147878 )
xyz29=( -16.575693 12.013855 -5.147878 )
xyz29=( -16.575693 12.013855 -5.147878 )
xyz29=( -16.574961 12.014475 -5.148072 )
xyz29=( -16.574961 12.014475 -5.148072 )
xyz29=( -16.574961 12.014475 -5.148072 )
xyz29=( -16.574961 12.014475 -5.148072 )
xyz29=( -16.574961 12.014475 -5.148072 )
xyz29=( -16.574961 12.014475 -5.148072 )
xyz29=( -16.574961 12.014475 -5.148072 )
xyz29=( -16.574961 12.014475 -5.148072 )
xyz29=( -16.574961 12.014475 -5.148072 )
xyz29=( -16.574961 12.014475 -5.148072 )
xyz29=( -16.574961 12.014475 -5.148072 )
xyz29=( -16.574961 12.014475 -5.148072 )
xyz29=( -16.574961 12.014475 -5.148072 )
xyz29=( -16.574961 12.014475 -5.148072 )
xyz29=( -16.574961 12.014475 -5.148072 )
xyz29=( -16.574961 12.014475 -5.148072 )
xyz29=( -16.574229 12.015097 -5.148267 )
xyz29=( -16.574229 12.015097 -5.148267 )
xyz29=( -16.574229 12.015097 -5.148267 )
xyz29=( -16.574229 12.015097 -5.148267 )
xyz29=( -16.574229 12.015097 -5.148267 )
xyz29=( -16.574229 12.015097 -5.148267 )
xyz29=( -16.574229 12.015097 -5.148267 )
xyz29=( -16.574229 12.015097 -5.148267 )
xyz29=( -16.574229 12.015097 -5.148267 )
xyz29=( -16.574229 12.015097 -5.148267 )
xyz29=( -16.574229 12.015097 -5.148267 )
xyz29=( -16.574229 12.015097 -5.148267 )
xyz29=( -16.574229 12.015097 -5.148267 )
xyz29=( -16.574229 12.015097 -5.148267 )
xyz29=( -16.574229 12.015097 -5.148267 )
xyz29=( -16.574229 12.015097 -5.148267 )
xyz29=( -16.574454 12.014905 -5.148207 )
xyz29=( -16.574454 12.014905 -5.148207 )
xyz29=( -16.574454 12.014905 -5.148207 )
xyz29=( -16.574454 12.014905 -5.148207 )
xyz29=( -16.574454 12.014905 -5.148207 )
xyz29=( -16.574454 12.014905 -5.148207 )
xyz29=( -16.574454 12.014905 -5.148207 )
xyz29=( -16.574454 12.014905 -5.148207 )
xyz29=( -16.574454 12.014905 -5.148207 )
xyz29=( -16.574454 12.014905 -5.148207 )
xyz29=( -16.574454 12.014905 -5.148207 )
xyz29=( -16.574454 12.014905 -5.148207 )
xyz29=( -16.574454 12.014905 -5.148207 )
xyz29=( -16.574454 12.014905 -5.148207 )
xyz29=( -16.574454 12.014905 -5.148207 )
xyz29=( -16.574454 12.014905 -5.148207 )
xyz29=( -16.574961 12.014475 -5.148072 )
xyz29=( -16.574961 12.014475 -5.148072 )
xyz29=( -16.574961 12.014475 -5.148072 )
xyz29=( -16.574961 12.014475 -5.148072 )
xyz29=( -16.574961 12.014475 -5.148072 )
xyz29=( -16.574961 12.014475 -5.148072 )
xyz29=( -16.574961 12.014475 -5.148072 )
xyz29=( -16.574961 12.014475 -5.148072 )
xyz29=( -16.574961 12.014475 -5.148072 )
xyz29=( -16.574961 12.014475 -5.148072 )
xyz29=( -16.574961 12.014475 -5.148072 )
xyz29=( -16.574961 12.014475 -5.148072 )
xyz29=( -16.574961 12.014475 -5.148072 )
xyz29=( -16.574961 12.014475 -5.148072 )
xyz29=( -16.574961 12.014475 -5.148072 )
xyz29=( -16.574961 12.014475 -5.148072 )
xyz29=( -16.574229 12.015097 -5.148267 )
xyz29=( -16.574229 12.015097 -5.148267 )
xyz29=( -16.574229 12.015097 -5.148267 )
xyz29=( -16.574229 12.015097 -5.148267 )
xyz29=( -16.574229 12.015097 -5.148267 )
xyz29=( -16.574229 12.015097 -5.148267 )
xyz29=( -16.574229 12.015097 -5.148267 )
xyz29=( -16.574229 12.015097 -5.148267 )
xyz29=( -16.574229 12.015097 -5.148267 )
xyz29=( -16.574229 12.015097 -5.148267 )
xyz29=( -16.574229 12.015097 -5.148267 )
xyz29=( -16.574229 12.015097 -5.148267 )
xyz29=( -16.574229 12.015097 -5.148267 )
xyz29=( -16.574229 12.015097 -5.148267 )
xyz29=( -16.574229 12.015097 -5.148267 )
xyz29=( -16.574229 12.015097 -5.148267 )
