order:    [ 15 1 2 14 11 10 17 9 13 6 5 12 4 8 7 3 0 29 30 54 53 52 49 48 55 47 51 44 43 50 42 46 39 38 45 37 41 34 33 40 32 36 35 28 16 25 24 31 23 27 20 19 26 18 22 21 ]
atoms:    [ CA CA C N C CA H N HA C CA H N HA H HA N CA C C CA N C CA H N HA C CA H N HA C CA H N HA C CA H N HA H N C C CA H N HA C CA H N HA H ]
residues: [ 3 0 0 3 2 2 3 2 2 1 1 2 1 1 1 0 0 6 6 11 11 11 10 10 11 10 10 9 9 10 9 9 8 8 9 8 8 7 7 8 7 7 7 6 3 5 5 6 5 5 4 4 5 4 4 4 ]

We use a different pair of symbles to represent the bits values which are associated with the HA and H of the discretized distance, and another one to represent the bits of other hydrogens.
For the HA and H from the discretized distance:
	"+" means 0
	"-" means 1
For any other hydrogens:
	">" means 0
	"<" means 1

d_7_3=3.456576002072 s=[ 0 0 0 0 0 0 > 0 > 0 1 < 1 > + - 0 1 1 0 0 0 0 1 < 1 > 0 1 > 1 > 0 1 < 0 > 0 0 > 0 > > 1 1 1 1 < 1 > 0 0 > 1 > > ] xyz0=( 44.328792, 20.591577, 7.435312 )

d_7_3=3.456776202272 s=[ 0 0 0 0 0 0 > 0 > 0 1 < 1 > + - 0 1 1 0 0 0 0 1 < 1 > 0 1 > 1 > 0 1 < 0 > 0 0 > 0 > > 1 1 1 1 < 1 > 0 0 > 1 > > ] xyz0=( 44.328383, 20.591135, 7.434993 )

d_7_3=3.456976402472 s=[ 0 0 0 0 0 0 > 0 > 0 1 < 1 > + - 0 1 1 0 0 0 0 1 < 1 > 0 1 > 1 > 0 1 < 0 > 0 0 > 0 > > 1 1 1 1 < 1 > 0 0 > 1 > > ] xyz0=( 44.327974, 20.590693, 7.434674 )

d_7_3=3.457176602673 s=[ 0 0 0 0 0 0 > 0 > 0 1 < 1 > + - 0 1 1 0 0 0 0 1 < 1 > 0 1 < 1 > 0 1 < 0 > 0 0 > 0 > > 1 1 1 1 < 1 > 0 0 > 1 > > ] xyz0=( 44.327564, 20.590250, 7.434355 )

d_7_3=3.457376802873 s=[ 0 0 0 0 0 0 > 0 > 0 1 < 1 > + - 0 1 1 0 0 0 0 1 < 1 > 0 1 < 1 > 0 1 < 0 > 0 0 > 0 > > 1 1 1 1 < 1 > 0 0 > 1 > > ] xyz0=( 44.327154, 20.589808, 7.434035 )

d_7_3=3.457577003073 s=[ 0 0 0 0 0 0 > 0 > 0 1 < 1 > + - 0 1 1 0 0 0 0 1 < 1 > 0 1 < 1 > 0 1 < 0 > 0 0 > 0 > > 1 1 1 1 < 1 > 0 0 > 1 > > ] xyz0=( 44.326744, 20.589366, 7.433715 )

d_7_3=3.457777203273 s=[ 0 0 0 0 0 0 > 0 > 0 1 < 1 > + - 0 1 1 0 0 0 0 1 < 1 > 0 1 < 1 > 0 1 < 0 > 0 0 > 0 > > 1 1 1 1 < 1 > 0 0 > 1 > > ] xyz0=( 44.326332, 20.588924, 7.433395 )

d_7_3=3.457977403473 s=[ 0 0 0 0 0 0 > 0 > 0 1 < 1 > + - 0 1 1 0 0 0 0 1 < 1 > 0 1 < 1 > 0 1 < 0 > 0 0 > 0 > > 1 1 1 1 < 1 > 0 0 > 1 > > ] xyz0=( 44.325921, 20.588482, 7.433075 )

d_7_3=3.458177603674 s=[ 0 0 0 0 0 0 > 0 > 0 1 < 1 > + - 0 1 1 0 0 0 0 1 < 1 > 0 1 < 1 > 0 1 < 0 > 0 0 > 0 > > 1 1 1 1 < 1 > 0 0 > 1 > > ] xyz0=( 44.325509, 20.588040, 7.432754 )

d_7_3=3.458377803874 s=[ 0 0 0 0 0 0 > 0 > 0 1 < 1 > + - 0 1 1 0 0 0 0 1 < 1 > 0 1 < 1 > 0 1 < 0 > 0 0 > 0 > > 1 1 1 1 < 1 > 0 0 > 1 > > ] xyz0=( 44.325097, 20.587597, 7.432433 )

d_7_3=3.458578004074 s=[ 0 0 0 0 0 0 > 0 > 0 1 < 1 > + - 0 1 1 0 0 0 0 1 < 1 > 0 1 < 1 > 0 1 < 0 > 0 0 > 0 > > 1 1 1 1 < 1 > 0 0 > 1 > > ] xyz0=( 44.324684, 20.587155, 7.432111 )

d_7_3=3.458778204274 s=[ 0 0 0 0 0 0 > 0 > 0 1 < 1 > + - 0 1 1 0 0 0 0 1 < 1 > 0 1 < 1 > 0 1 < 0 > 0 0 > 0 > > 1 1 1 1 < 1 > 0 0 > 1 > > ] xyz0=( 44.324270, 20.586713, 7.431789 )

d_7_3=3.458978404474 s=[ 0 0 0 0 0 0 > 0 > 0 1 < 1 > + - 0 1 1 0 0 0 0 1 < 1 > 0 1 < 1 > 0 1 < 0 > 0 0 > 0 > > 1 1 1 1 < 1 > 0 0 > 1 > > ] xyz0=( 44.323857, 20.586271, 7.431467 )

d_7_3=3.459178604675 s=[ 0 0 0 0 0 0 > 0 > 0 1 < 1 > + - 0 1 1 0 0 0 0 1 < 1 > 0 1 < 1 > 0 1 < 0 > 0 0 > 0 > > 1 1 1 1 < 1 > 0 0 > 1 > > ] xyz0=( 44.323442, 20.585828, 7.431145 )

d_7_3=3.459378804875 s=[ 0 0 0 0 0 0 > 0 > 0 1 < 1 > + - 0 1 1 0 0 0 0 1 < 1 > 0 1 < 1 > 0 1 < 0 > 0 0 > 0 > > 1 1 1 1 < 1 > 0 0 > 1 > > ] xyz0=( 44.323027, 20.585386, 7.430822 )

d_7_3=3.459579005075 s=[ 0 0 0 0 0 0 > 0 > 0 1 < 1 > + - 0 1 1 0 0 0 0 1 < 1 > 0 1 < 1 > 0 1 < 0 > 0 0 > 0 > > 1 1 1 1 < 1 > 0 0 > 1 > > ] xyz0=( 44.322612, 20.584943, 7.430499 )

d_7_3=3.459779205275 s=[ 0 0 0 0 0 0 > 0 > 0 1 < 1 > + - 0 1 1 0 0 0 0 1 < 1 > 0 1 < 1 > 0 1 < 0 > 0 0 > 0 > > 1 1 1 1 < 1 > 0 0 > 1 > > ] xyz0=( 44.322197, 20.584501, 7.430175 )

d_7_3=3.459979405475 s=[ 0 0 0 0 0 0 > 0 > 0 1 < 1 > + - 0 1 1 0 0 0 0 1 < 1 > 0 1 < 1 > 0 1 < 0 > 0 0 > 0 > > 1 1 1 1 < 1 > 0 0 > 1 > > ] xyz0=( 44.321780, 20.584059, 7.429852 )

d_7_3=3.460179605676 s=[ 0 0 0 0 0 0 > 0 > 0 1 < 1 > + - 0 1 1 0 0 0 0 1 < 1 > 0 1 < 1 > 0 1 < 0 > 0 0 > 0 > > 1 1 1 1 < 1 > 0 0 > 1 > > ] xyz0=( 44.321364, 20.583616, 7.429528 )

d_7_3=3.460379805876 s=[ 0 0 0 0 0 0 > 0 > 0 1 < 1 > + - 0 1 1 0 0 0 0 1 < 1 > 0 1 < 1 > 0 1 < 0 > 0 0 > 0 > > 1 1 1 1 < 1 > 0 0 > 1 > > ] xyz0=( 44.320947, 20.583174, 7.429203 )

d_7_3=3.460580006076 s=[ 0 0 0 0 0 0 > 0 > 0 1 < 1 > + - 0 1 1 0 0 0 0 1 < 1 > 0 1 < 1 > 0 1 < 0 > 0 0 > 0 > > 1 1 1 1 < 1 > 0 0 > 1 > > ] xyz0=( 44.320529, 20.582731, 7.428878 )

d_7_3=3.460780206276 s=[ 0 0 0 0 0 0 > 0 > 0 1 < 1 > + - 0 1 1 0 0 0 0 1 < 1 > 0 1 < 1 > 0 1 < 0 > 0 0 > 0 > > 1 1 1 1 < 1 > 0 0 > 1 > > ] xyz0=( 44.320111, 20.582289, 7.428553 )

d_7_3=3.460980406476 s=[ 0 0 0 0 0 0 > 0 > 0 1 < 1 > + - 0 1 1 0 0 0 0 1 < 1 > 0 1 < 1 > 0 1 < 0 > 0 0 > 0 > > 1 1 1 1 < 1 > 0 0 > 1 > > ] xyz0=( 44.319692, 20.581846, 7.428228 )

d_7_3=3.461180606677 s=[ 0 0 0 0 0 0 > 0 > 0 1 < 1 > + - 0 1 1 0 0 0 0 1 < 1 > 0 1 < 1 > 0 1 < 0 > 0 0 > 0 > > 1 1 1 1 < 1 > 0 0 > 1 > > ] xyz0=( 44.319273, 20.581403, 7.427902 )

d_7_3=3.461380806877 s=[ 0 0 0 0 0 0 > 0 > 0 1 < 1 > + - 0 1 1 0 0 0 0 1 < 1 > 0 1 < 1 > 0 1 < 0 > 0 0 > 0 > < 1 1 1 1 < 1 > 0 0 > 1 > > ] xyz0=( 44.318854, 20.580961, 7.427576 )

d_7_3=3.461581007077 s=[ 0 0 0 0 0 0 > 0 > 0 1 < 1 > + - 0 1 1 0 0 0 0 1 < 1 > 0 1 < 1 > 0 1 < 0 > 0 0 > 0 > < 1 1 1 1 < 1 > 0 0 > 1 > > ] xyz0=( 44.318434, 20.580518, 7.427250 )

d_7_3=3.461781207277 s=[ 0 0 0 0 0 0 > 0 > 0 1 < 1 > + - 0 1 1 0 0 0 0 1 < 1 > 0 1 < 1 > 0 1 < 0 > 0 0 > 0 > < 1 1 1 1 < 1 > 0 0 > 1 > > ] xyz0=( 44.318014, 20.580076, 7.426923 )

d_7_3=3.461981407477 s=[ 0 0 0 0 0 0 > 0 > 0 1 < 1 > + - 0 1 1 0 0 0 0 1 < 1 > 0 1 < 1 > 0 1 < 0 > 0 0 > 0 > < 1 1 1 1 < 1 > 0 0 > 1 > > ] xyz0=( 44.317593, 20.579633, 7.426597 )

d_7_3=3.462181607678 s=[ 0 0 0 0 0 0 > 0 > 0 1 < 1 > + - 0 1 1 0 0 0 0 1 < 1 > 0 1 < 1 > 0 1 < 0 > 0 0 > 0 > < 1 1 1 1 < 1 > 0 0 > 1 > > ] xyz0=( 44.317171, 20.579190, 7.426269 )

d_7_3=3.462381807878 s=[ 0 0 0 0 0 0 > 0 > 0 1 < 1 > + - 0 1 1 0 0 0 0 1 < 1 > 0 1 < 1 > 0 1 < 0 > 0 0 > 0 > < 1 1 1 1 < 1 > 0 0 > 1 > > ] xyz0=( 44.316749, 20.578747, 7.425942 )

d_7_3=3.462582008078 s=[ 0 0 0 0 0 0 > 0 > 0 1 < 1 > + - 0 1 1 0 0 0 0 1 < 1 > 0 1 < 1 > 0 1 < 0 > 0 0 > 0 > < 1 1 1 1 < 1 > 0 0 > 1 > > ] xyz0=( 44.316327, 20.578305, 7.425614 )

d_7_3=3.462782208278 s=[ 0 0 0 0 0 0 > 0 > 0 1 < 1 > + - 0 1 1 0 0 0 0 1 < 1 > 0 1 < 1 > 0 1 < 0 > 0 0 > 0 > < 1 1 1 1 < 1 > 0 0 > 1 > > ] xyz0=( 44.315904, 20.577862, 7.425285 )

d_7_3=3.462982408478 s=[ 0 0 0 0 0 0 > 0 > 0 1 < 1 > + - 0 1 1 0 0 0 0 1 < 1 > 0 1 < 1 > 0 1 < 0 > 0 0 > 0 > < 1 1 1 1 < 1 > 0 0 > 1 > > ] xyz0=( 44.315481, 20.577419, 7.424957 )

d_7_3=3.463182608679 s=[ 0 0 0 0 0 0 > 0 > 0 1 < 1 > + - 0 1 1 0 0 0 0 1 < 1 > 0 1 < 1 > 0 1 < 0 > 0 0 > 0 > < 1 1 1 1 < 1 > 0 0 > 1 > > ] xyz0=( 44.315057, 20.576976, 7.424628 )

d_7_3=3.463382808879 s=[ 0 0 0 0 0 0 > 0 > 0 1 < 1 > + - 0 1 1 0 0 0 0 1 < 1 > 0 1 < 1 > 0 1 < 0 > 0 0 > 0 > < 1 1 1 1 < 1 > 0 0 > 1 > > ] xyz0=( 44.314633, 20.576533, 7.424299 )

d_7_3=3.463583009079 s=[ 0 0 0 0 0 0 > 0 > 0 1 < 1 > + - 0 1 1 0 0 0 0 1 < 1 > 0 1 < 1 > 0 1 < 0 > 0 0 > 0 > < 1 1 1 1 < 1 > 0 0 > 1 > > ] xyz0=( 44.314208, 20.576090, 7.423969 )

d_7_3=3.463783209279 s=[ 0 0 0 0 0 0 > 0 > 0 1 < 1 > + - 0 1 1 0 0 0 0 1 < 1 > 0 1 < 1 > 0 1 < 0 > 0 0 > 0 > < 1 1 1 1 < 1 > 0 0 > 1 > > ] xyz0=( 44.313783, 20.575647, 7.423639 )

d_7_3=3.463983409479 s=[ 0 0 0 0 0 0 > 0 > 0 1 < 1 > + - 0 1 1 0 0 0 0 1 < 1 > 0 1 < 1 > 0 1 < 0 > 0 0 > 0 > < 1 1 1 1 < 1 > 0 0 > 1 > > ] xyz0=( 44.313357, 20.575204, 7.423309 )

d_7_3=3.464183609680 s=[ 0 0 0 0 0 0 > 0 > 0 1 < 1 > + - 0 1 1 0 0 0 0 1 < 1 > 0 1 < 1 > 0 1 < 0 > 0 0 > 0 > > 1 1 1 1 < 1 > 0 0 > 1 > > ] xyz0=( 44.312931, 20.574762, 7.422978 )

d_7_3=3.464383809880 s=[ 0 0 0 0 0 0 > 0 > 0 1 < 1 > + - 0 1 1 0 0 0 0 1 < 1 > 0 1 < 1 > 0 1 < 0 > 0 0 > 0 > > 1 1 1 1 < 1 > 0 0 > 1 > > ] xyz0=( 44.312504, 20.574319, 7.422647 )

d_7_3=3.464584010080 s=[ 0 0 0 0 0 0 > 0 > 0 1 < 1 > + - 0 1 1 0 0 0 0 1 < 1 > 0 1 < 1 > 0 1 < 0 > 0 0 > 0 > > 1 1 1 1 < 1 > 0 0 > 1 > > ] xyz0=( 44.312076, 20.573875, 7.422316 )

d_7_3=3.464784210280 s=[ 0 0 0 0 0 0 > 0 > 0 1 < 1 > + - 0 1 1 0 0 0 0 1 < 1 > 0 1 < 1 > 0 1 < 0 > 0 0 > 0 > > 1 1 1 1 < 1 > 0 0 > 1 > > ] xyz0=( 44.311649, 20.573432, 7.421984 )

d_7_3=3.464984410480 s=[ 0 0 0 0 0 0 > 0 > 0 1 < 1 > + - 0 1 1 0 0 0 0 1 < 1 > 0 1 < 1 > 0 1 < 0 > 0 0 > 0 > > 1 1 1 1 < 1 > 0 0 > 1 > > ] xyz0=( 44.311221, 20.572989, 7.421652 )

d_7_3=3.465184610681 s=[ 0 0 0 0 0 0 > 0 > 0 1 < 1 > + - 0 1 1 0 0 0 0 1 < 1 > 0 1 < 1 > 0 1 < 0 > 0 0 > 0 > > 1 1 1 1 < 1 > 0 0 > 1 > > ] xyz0=( 44.310792, 20.572546, 7.421320 )

d_7_3=3.465384810881 s=[ 0 0 0 0 0 0 > 0 > 0 1 < 1 > + - 0 1 1 0 0 0 0 1 < 1 > 0 1 < 1 > 0 1 < 0 > 0 0 > 0 > > 1 1 1 1 < 1 > 0 0 > 1 > > ] xyz0=( 44.310363, 20.572103, 7.420987 )

d_7_3=3.465585011081 s=[ 0 0 0 0 0 0 > 0 > 0 1 < 1 > + - 0 1 1 0 0 0 0 1 < 1 > 0 1 < 1 > 0 1 < 0 > 0 0 > 0 > > 1 1 1 1 < 1 > 0 0 > 1 > > ] xyz0=( 44.309933, 20.571660, 7.420654 )

d_7_3=3.465785211281 s=[ 0 0 0 0 0 0 > 0 > 0 1 < 1 > + - 0 1 1 0 0 0 0 1 < 1 > 0 1 < 1 > 0 1 < 0 > 0 0 > 0 > > 1 1 1 1 < 1 > 0 0 > 1 > > ] xyz0=( 44.309503, 20.571217, 7.420321 )

d_7_3=3.465985411481 s=[ 0 0 0 0 0 0 > 0 > 0 1 < 1 > + - 0 1 1 0 0 0 0 1 < 1 > 0 1 < 1 > 0 1 < 0 > 0 0 > 0 > < 1 1 1 1 > 1 > 0 0 > 1 > > ] xyz0=( 44.309072, 20.570774, 7.419988 )

d_7_3=3.456576002072 s=[ 0 0 0 1 1 1 < 1 < 1 0 > 0 < + + 1 0 0 1 1 1 1 0 > 0 < 1 0 < 0 < 1 0 > 1 < 1 1 < 1 < < 0 0 0 0 > 0 < 1 1 < 0 < > ] xyz0=( 44.419090, 22.427131, 7.674054 )

d_7_3=3.456776202272 s=[ 0 0 0 1 1 1 < 1 < 1 0 > 0 < + + 1 0 0 1 1 1 1 0 > 0 < 1 0 < 0 < 1 0 > 1 < 1 1 < 1 < < 0 0 0 0 > 0 < 1 1 < 0 < > ] xyz0=( 44.418730, 22.427677, 7.673864 )

d_7_3=3.456976402472 s=[ 0 0 0 1 1 1 < 1 < 1 0 > 0 < + + 1 0 0 1 1 1 1 0 > 0 < 1 0 < 0 < 1 0 > 1 < 1 1 < 1 < < 0 0 0 0 > 0 < 1 1 < 0 < > ] xyz0=( 44.418370, 22.428223, 7.673674 )

d_7_3=3.457176602673 s=[ 0 0 0 1 1 1 < 1 < 1 0 > 0 < + + 1 0 0 1 1 1 1 0 > 0 < 1 0 > 0 < 1 0 > 1 < 1 1 < 1 < < 0 0 0 0 > 0 < 1 1 < 0 < > ] xyz0=( 44.418009, 22.428770, 7.673483 )

d_7_3=3.457376802873 s=[ 0 0 0 1 1 1 < 1 < 1 0 > 0 < + + 1 0 0 1 1 1 1 0 > 0 < 1 0 > 0 < 1 0 > 1 < 1 1 < 1 < < 0 0 0 0 > 0 < 1 1 < 0 < > ] xyz0=( 44.417647, 22.429316, 7.673292 )

d_7_3=3.457577003073 s=[ 0 0 0 1 1 1 < 1 < 1 0 > 0 < + + 1 0 0 1 1 1 1 0 > 0 < 1 0 > 0 < 1 0 > 1 < 1 1 < 1 < < 0 0 0 0 > 0 < 1 1 < 0 < > ] xyz0=( 44.417285, 22.429863, 7.673101 )

d_7_3=3.457777203273 s=[ 0 0 0 1 1 1 < 1 < 1 0 > 0 < + + 1 0 0 1 1 1 1 0 > 0 < 1 0 > 0 < 1 0 > 1 < 1 1 < 1 < < 0 0 0 0 > 0 < 1 1 < 0 < > ] xyz0=( 44.416923, 22.430410, 7.672909 )

d_7_3=3.457977403473 s=[ 0 0 0 1 1 1 < 1 < 1 0 > 0 < + + 1 0 0 1 1 1 1 0 > 0 < 1 0 > 0 < 1 0 > 1 < 1 1 < 1 < < 0 0 0 0 > 0 < 1 1 < 0 < > ] xyz0=( 44.416560, 22.430957, 7.672717 )

d_7_3=3.458177603674 s=[ 0 0 0 1 1 1 < 1 < 1 0 > 0 < + + 1 0 0 1 1 1 1 0 > 0 < 1 0 > 0 < 1 0 > 1 < 1 1 < 1 < < 0 0 0 0 > 0 < 1 1 < 0 < > ] xyz0=( 44.416197, 22.431504, 7.672525 )

d_7_3=3.458377803874 s=[ 0 0 0 1 1 1 < 1 < 1 0 > 0 < + + 1 0 0 1 1 1 1 0 > 0 < 1 0 > 0 < 1 0 > 1 < 1 1 < 1 < < 0 0 0 0 > 0 < 1 1 < 0 < > ] xyz0=( 44.415833, 22.432051, 7.672332 )

d_7_3=3.458578004074 s=[ 0 0 0 1 1 1 < 1 < 1 0 > 0 < + + 1 0 0 1 1 1 1 0 > 0 < 1 0 > 0 < 1 0 > 1 < 1 1 < 1 < < 0 0 0 0 > 0 < 1 1 < 0 < > ] xyz0=( 44.415469, 22.432598, 7.672140 )

d_7_3=3.458778204274 s=[ 0 0 0 1 1 1 < 1 < 1 0 > 0 < + + 1 0 0 1 1 1 1 0 > 0 < 1 0 > 0 < 1 0 > 1 < 1 1 < 1 < < 0 0 0 0 > 0 < 1 1 < 0 < > ] xyz0=( 44.415104, 22.433146, 7.671946 )

d_7_3=3.458978404474 s=[ 0 0 0 1 1 1 < 1 < 1 0 > 0 < + + 1 0 0 1 1 1 1 0 > 0 < 1 0 > 0 < 1 0 > 1 < 1 1 < 1 < < 0 0 0 0 > 0 < 1 1 < 0 < > ] xyz0=( 44.414739, 22.433694, 7.671753 )

d_7_3=3.459178604675 s=[ 0 0 0 1 1 1 < 1 < 1 0 > 0 < + + 1 0 0 1 1 1 1 0 > 0 < 1 0 > 0 < 1 0 > 1 < 1 1 < 1 < < 0 0 0 0 > 0 < 1 1 < 0 < > ] xyz0=( 44.414373, 22.434241, 7.671559 )

d_7_3=3.459378804875 s=[ 0 0 0 1 1 1 < 1 < 1 0 > 0 < + + 1 0 0 1 1 1 1 0 > 0 < 1 0 > 0 < 1 0 > 1 < 1 1 < 1 < < 0 0 0 0 > 0 < 1 1 < 0 < > ] xyz0=( 44.414007, 22.434789, 7.671365 )

d_7_3=3.459579005075 s=[ 0 0 0 1 1 1 < 1 < 1 0 > 0 < + + 1 0 0 1 1 1 1 0 > 0 < 1 0 > 0 < 1 0 > 1 < 1 1 < 1 < < 0 0 0 0 > 0 < 1 1 < 0 < > ] xyz0=( 44.413641, 22.435338, 7.671171 )

d_7_3=3.459779205275 s=[ 0 0 0 1 1 1 < 1 < 1 0 > 0 < + + 1 0 0 1 1 1 1 0 > 0 < 1 0 > 0 < 1 0 > 1 < 1 1 < 1 < < 0 0 0 0 > 0 < 1 1 < 0 < > ] xyz0=( 44.413274, 22.435886, 7.670977 )

d_7_3=3.459979405475 s=[ 0 0 0 1 1 1 < 1 < 1 0 > 0 < + + 1 0 0 1 1 1 1 0 > 0 < 1 0 > 0 < 1 0 > 1 < 1 1 < 1 < < 0 0 0 0 > 0 < 1 1 < 0 < > ] xyz0=( 44.412906, 22.436434, 7.670782 )

d_7_3=3.460179605676 s=[ 0 0 0 1 1 1 < 1 < 1 0 > 0 < + + 1 0 0 1 1 1 1 0 > 0 < 1 0 > 0 < 1 0 > 1 < 1 1 < 1 < < 0 0 0 0 > 0 < 1 1 < 0 < > ] xyz0=( 44.412539, 22.436983, 7.670587 )

d_7_3=3.460379805876 s=[ 0 0 0 1 1 1 < 1 < 1 0 > 0 < + + 1 0 0 1 1 1 1 0 > 0 < 1 0 > 0 < 1 0 > 1 < 1 1 < 1 < < 0 0 0 0 > 0 < 1 1 < 0 < > ] xyz0=( 44.412170, 22.437532, 7.670391 )

d_7_3=3.460580006076 s=[ 0 0 0 1 1 1 < 1 < 1 0 > 0 < + + 1 0 0 1 1 1 1 0 > 0 < 1 0 > 0 < 1 0 > 1 < 1 1 < 1 < < 0 0 0 0 > 0 < 1 1 < 0 < > ] xyz0=( 44.411801, 22.438080, 7.670195 )

d_7_3=3.460780206276 s=[ 0 0 0 1 1 1 < 1 < 1 0 > 0 < + + 1 0 0 1 1 1 1 0 > 0 < 1 0 > 0 < 1 0 > 1 < 1 1 < 1 < < 0 0 0 0 > 0 < 1 1 < 0 < > ] xyz0=( 44.411432, 22.438630, 7.669999 )

d_7_3=3.460980406476 s=[ 0 0 0 1 1 1 < 1 < 1 0 > 0 < + + 1 0 0 1 1 1 1 0 > 0 < 1 0 > 0 < 1 0 > 1 < 1 1 < 1 < < 0 0 0 0 > 0 < 1 1 < 0 < > ] xyz0=( 44.411062, 22.439179, 7.669803 )

d_7_3=3.461180606677 s=[ 0 0 0 1 1 1 < 1 < 1 0 > 0 < + + 1 0 0 1 1 1 1 0 > 0 < 1 0 > 0 < 1 0 > 1 < 1 1 < 1 < < 0 0 0 0 > 0 < 1 1 < 0 < > ] xyz0=( 44.410692, 22.439728, 7.669606 )

d_7_3=3.461380806877 s=[ 0 0 0 1 1 1 < 1 < 1 0 > 0 < + + 1 0 0 1 1 1 1 0 > 0 < 1 0 > 0 < 1 0 > 1 < 1 1 < 1 < > 0 0 0 0 > 0 < 1 1 < 0 < > ] xyz0=( 44.410321, 22.440278, 7.669409 )

d_7_3=3.461581007077 s=[ 0 0 0 1 1 1 < 1 < 1 0 > 0 < + + 1 0 0 1 1 1 1 0 > 0 < 1 0 > 0 < 1 0 > 1 < 1 1 < 1 < > 0 0 0 0 > 0 < 1 1 < 0 < > ] xyz0=( 44.409950, 22.440827, 7.669212 )

d_7_3=3.461781207277 s=[ 0 0 0 1 1 1 < 1 < 1 0 > 0 < + + 1 0 0 1 1 1 1 0 > 0 < 1 0 > 0 < 1 0 > 1 < 1 1 < 1 < > 0 0 0 0 > 0 < 1 1 < 0 < > ] xyz0=( 44.409579, 22.441377, 7.669015 )

d_7_3=3.461981407477 s=[ 0 0 0 1 1 1 < 1 < 1 0 > 0 < + + 1 0 0 1 1 1 1 0 > 0 < 1 0 > 0 < 1 0 > 1 < 1 1 < 1 < > 0 0 0 0 > 0 < 1 1 < 0 < > ] xyz0=( 44.409207, 22.441927, 7.668817 )

d_7_3=3.462181607678 s=[ 0 0 0 1 1 1 < 1 < 1 0 > 0 < + + 1 0 0 1 1 1 1 0 > 0 < 1 0 > 0 < 1 0 > 1 < 1 1 < 1 < > 0 0 0 0 > 0 < 1 1 < 0 < > ] xyz0=( 44.408834, 22.442477, 7.668619 )

d_7_3=3.462381807878 s=[ 0 0 0 1 1 1 < 1 < 1 0 > 0 < + + 1 0 0 1 1 1 1 0 > 0 < 1 0 > 0 < 1 0 > 1 < 1 1 < 1 < > 0 0 0 0 > 0 < 1 1 < 0 < > ] xyz0=( 44.408461, 22.443027, 7.668420 )

d_7_3=3.462582008078 s=[ 0 0 0 1 1 1 < 1 < 1 0 > 0 < + + 1 0 0 1 1 1 1 0 > 0 < 1 0 > 0 < 1 0 > 1 < 1 1 < 1 < > 0 0 0 0 > 0 < 1 1 < 0 < > ] xyz0=( 44.408087, 22.443578, 7.668221 )

d_7_3=3.462782208278 s=[ 0 0 0 1 1 1 < 1 < 1 0 > 0 < + + 1 0 0 1 1 1 1 0 > 0 < 1 0 > 0 < 1 0 > 1 < 1 1 < 1 < > 0 0 0 0 > 0 < 1 1 < 0 < > ] xyz0=( 44.407713, 22.444128, 7.668022 )

d_7_3=3.462982408478 s=[ 0 0 0 1 1 1 < 1 < 1 0 > 0 < + + 1 0 0 1 1 1 1 0 > 0 < 1 0 > 0 < 1 0 > 1 < 1 1 < 1 < > 0 0 0 0 > 0 < 1 1 < 0 < > ] xyz0=( 44.407339, 22.444679, 7.667823 )

d_7_3=3.463182608679 s=[ 0 0 0 1 1 1 < 1 < 1 0 > 0 < + + 1 0 0 1 1 1 1 0 > 0 < 1 0 > 0 < 1 0 > 1 < 1 1 < 1 < > 0 0 0 0 > 0 < 1 1 < 0 < > ] xyz0=( 44.406964, 22.445230, 7.667623 )

d_7_3=3.463382808879 s=[ 0 0 0 1 1 1 < 1 < 1 0 > 0 < + + 1 0 0 1 1 1 1 0 > 0 < 1 0 > 0 < 1 0 > 1 < 1 1 < 1 < > 0 0 0 0 > 0 < 1 1 < 0 < > ] xyz0=( 44.406589, 22.445781, 7.667423 )

d_7_3=3.463583009079 s=[ 0 0 0 1 1 1 < 1 < 1 0 > 0 < + + 1 0 0 1 1 1 1 0 > 0 < 1 0 > 0 < 1 0 > 1 < 1 1 < 1 < > 0 0 0 0 > 0 < 1 1 < 0 < > ] xyz0=( 44.406213, 22.446332, 7.667223 )

d_7_3=3.463783209279 s=[ 0 0 0 1 1 1 < 1 < 1 0 > 0 < + + 1 0 0 1 1 1 1 0 > 0 < 1 0 > 0 < 1 0 > 1 < 1 1 < 1 < > 0 0 0 0 > 0 < 1 1 < 0 < > ] xyz0=( 44.405836, 22.446884, 7.667022 )

d_7_3=3.463983409479 s=[ 0 0 0 1 1 1 < 1 < 1 0 > 0 < + + 1 0 0 1 1 1 1 0 > 0 < 1 0 > 0 < 1 0 > 1 < 1 1 < 1 < > 0 0 0 0 > 0 < 1 1 < 0 < > ] xyz0=( 44.405460, 22.447435, 7.666821 )

d_7_3=3.464183609680 s=[ 0 0 0 1 1 1 < 1 < 1 0 > 0 < + + 1 0 0 1 1 1 1 0 > 0 < 1 0 > 0 < 1 0 > 1 < 1 1 < 1 < < 0 0 0 0 > 0 < 1 1 < 0 < > ] xyz0=( 44.405082, 22.447987, 7.666620 )

d_7_3=3.464383809880 s=[ 0 0 0 1 1 1 < 1 < 1 0 > 0 < + + 1 0 0 1 1 1 1 0 > 0 < 1 0 > 0 < 1 0 > 1 < 1 1 < 1 < < 0 0 0 0 > 0 < 1 1 < 0 < > ] xyz0=( 44.404704, 22.448539, 7.666419 )

d_7_3=3.464584010080 s=[ 0 0 0 1 1 1 < 1 < 1 0 > 0 < + + 1 0 0 1 1 1 1 0 > 0 < 1 0 > 0 < 1 0 > 1 < 1 1 < 1 < < 0 0 0 0 > 0 < 1 1 < 0 < > ] xyz0=( 44.404326, 22.449091, 7.666217 )

d_7_3=3.464784210280 s=[ 0 0 0 1 1 1 < 1 < 1 0 > 0 < + + 1 0 0 1 1 1 1 0 > 0 < 1 0 > 0 < 1 0 > 1 < 1 1 < 1 < < 0 0 0 0 > 0 < 1 1 < 0 < > ] xyz0=( 44.403947, 22.449643, 7.666015 )

d_7_3=3.464984410480 s=[ 0 0 0 1 1 1 < 1 < 1 0 > 0 < + + 1 0 0 1 1 1 1 0 > 0 < 1 0 > 0 < 1 0 > 1 < 1 1 < 1 < < 0 0 0 0 > 0 < 1 1 < 0 < > ] xyz0=( 44.403568, 22.450195, 7.665812 )

d_7_3=3.465184610681 s=[ 0 0 0 1 1 1 < 1 < 1 0 > 0 < + + 1 0 0 1 1 1 1 0 > 0 < 1 0 > 0 < 1 0 > 1 < 1 1 < 1 < < 0 0 0 0 > 0 < 1 1 < 0 < > ] xyz0=( 44.403188, 22.450748, 7.665609 )

d_7_3=3.465384810881 s=[ 0 0 0 1 1 1 < 1 < 1 0 > 0 < + + 1 0 0 1 1 1 1 0 > 0 < 1 0 > 0 < 1 0 > 1 < 1 1 < 1 < < 0 0 0 0 > 0 < 1 1 < 0 < > ] xyz0=( 44.402808, 22.451300, 7.665406 )

d_7_3=3.465585011081 s=[ 0 0 0 1 1 1 < 1 < 1 0 > 0 < + + 1 0 0 1 1 1 1 0 > 0 < 1 0 > 0 < 1 0 > 1 < 1 1 < 1 < < 0 0 0 0 > 0 < 1 1 < 0 < > ] xyz0=( 44.402427, 22.451853, 7.665203 )

d_7_3=3.465785211281 s=[ 0 0 0 1 1 1 < 1 < 1 0 > 0 < + + 1 0 0 1 1 1 1 0 > 0 < 1 0 > 0 < 1 0 > 1 < 1 1 < 1 < < 0 0 0 0 > 0 < 1 1 < 0 < > ] xyz0=( 44.402046, 22.452406, 7.664999 )

d_7_3=3.465985411481 s=[ 0 0 0 1 1 1 < 1 < 1 0 > 0 < + + 1 0 0 1 1 1 1 0 > 0 < 1 0 > 0 < 1 0 > 1 < 1 1 < 1 < > 0 0 0 0 < 0 < 1 1 < 0 < > ] xyz0=( 44.401664, 22.452959, 7.664795 )

