order:    [ 15 1 2 14 11 10 17 9 13 6 5 12 4 8 7 3 0 29 30 54 53 52 49 48 55 47 51 44 43 50 42 46 39 38 45 37 41 34 33 40 32 36 35 28 16 25 24 31 23 27 20 19 26 18 22 21 ]
atoms:    [ CA CA C N C CA H N HA C CA H N HA H HA N CA C C CA N C CA H N HA C CA H N HA C CA H N HA C CA H N HA H N C C CA H N HA C CA H N HA H ]
residues: [ 3 0 0 3 2 2 3 2 2 1 1 2 1 1 1 0 0 6 6 11 11 11 10 10 11 10 10 9 9 10 9 9 8 8 9 8 8 7 7 8 7 7 7 6 3 5 5 6 5 5 4 4 5 4 4 4 ]

d_7_3=3.456576002072 eijMax=9.791E-03 rmsd=9.113E-02 s=[ 0 0 0 0 0 0 0 0 0 0 1 1 1 0 0 1 0 1 1 0 0 0 0 1 1 1 0 0 1 0 1 0 0 1 1 0 0 0 0 0 0 0 0 1 1 1 1 1 1 0 0 0 0 1 0 0 ]
d_7_3=3.456776202272 eijMax=9.388E-03 rmsd=8.739E-02 s=[ 0 0 0 0 0 0 0 0 0 0 1 1 1 0 0 1 0 1 1 0 0 0 0 1 1 1 0 0 1 0 1 0 0 1 1 0 0 0 0 0 0 0 0 1 1 1 1 1 1 0 0 0 0 1 0 0 ]
d_7_3=3.456976402472 eijMax=8.983E-03 rmsd=8.366E-02 s=[ 0 0 0 0 0 0 0 0 0 0 1 1 1 0 0 1 0 1 1 0 0 0 0 1 1 1 0 0 1 0 1 0 0 1 1 0 0 0 0 0 0 0 0 1 1 1 1 1 1 0 0 0 0 1 0 0 ]
d_7_3=3.457176602673 eijMax=8.579E-03 rmsd=7.989E-02 s=[ 0 0 0 0 0 0 0 0 0 0 1 1 1 0 0 1 0 1 1 0 0 0 0 1 1 1 0 0 1 1 1 0 0 1 1 0 0 0 0 0 0 0 0 1 1 1 1 1 1 0 0 0 0 1 0 0 ]
d_7_3=3.457376802873 eijMax=8.174E-03 rmsd=7.610E-02 s=[ 0 0 0 0 0 0 0 0 0 0 1 1 1 0 0 1 0 1 1 0 0 0 0 1 1 1 0 0 1 1 1 0 0 1 1 0 0 0 0 0 0 0 0 1 1 1 1 1 1 0 0 0 0 1 0 0 ]
d_7_3=3.457577003073 eijMax=7.768E-03 rmsd=7.231E-02 s=[ 0 0 0 0 0 0 0 0 0 0 1 1 1 0 0 1 0 1 1 0 0 0 0 1 1 1 0 0 1 1 1 0 0 1 1 0 0 0 0 0 0 0 0 1 1 1 1 1 1 0 0 0 0 1 0 0 ]
d_7_3=3.457777203273 eijMax=7.362E-03 rmsd=6.852E-02 s=[ 0 0 0 0 0 0 0 0 0 0 1 1 1 0 0 1 0 1 1 0 0 0 0 1 1 1 0 0 1 1 1 0 0 1 1 0 0 0 0 0 0 0 0 1 1 1 1 1 1 0 0 0 0 1 0 0 ]
d_7_3=3.457977403473 eijMax=6.956E-03 rmsd=6.472E-02 s=[ 0 0 0 0 0 0 0 0 0 0 1 1 1 0 0 1 0 1 1 0 0 0 0 1 1 1 0 0 1 1 1 0 0 1 1 0 0 0 0 0 0 0 0 1 1 1 1 1 1 0 0 0 0 1 0 0 ]
d_7_3=3.458177603674 eijMax=6.549E-03 rmsd=6.092E-02 s=[ 0 0 0 0 0 0 0 0 0 0 1 1 1 0 0 1 0 1 1 0 0 0 0 1 1 1 0 0 1 1 1 0 0 1 1 0 0 0 0 0 0 0 0 1 1 1 1 1 1 0 0 0 0 1 0 0 ]
d_7_3=3.458377803874 eijMax=6.142E-03 rmsd=5.712E-02 s=[ 0 0 0 0 0 0 0 0 0 0 1 1 1 0 0 1 0 1 1 0 0 0 0 1 1 1 0 0 1 1 1 0 0 1 1 0 0 0 0 0 0 0 0 1 1 1 1 1 1 0 0 0 0 1 0 0 ]
d_7_3=3.458578004074 eijMax=5.734E-03 rmsd=5.332E-02 s=[ 0 0 0 0 0 0 0 0 0 0 1 1 1 0 0 1 0 1 1 0 0 0 0 1 1 1 0 0 1 1 1 0 0 1 1 0 0 0 0 0 0 0 0 1 1 1 1 1 1 0 0 0 0 1 0 0 ]
d_7_3=3.458778204274 eijMax=5.326E-03 rmsd=4.951E-02 s=[ 0 0 0 0 0 0 0 0 0 0 1 1 1 0 0 1 0 1 1 0 0 0 0 1 1 1 0 0 1 1 1 0 0 1 1 0 0 0 0 0 0 0 0 1 1 1 1 1 1 0 0 0 0 1 0 0 ]
d_7_3=3.458978404474 eijMax=4.918E-03 rmsd=4.570E-02 s=[ 0 0 0 0 0 0 0 0 0 0 1 1 1 0 0 1 0 1 1 0 0 0 0 1 1 1 0 0 1 1 1 0 0 1 1 0 0 0 0 0 0 0 0 1 1 1 1 1 1 0 0 0 0 1 0 0 ]
d_7_3=3.459178604675 eijMax=4.509E-03 rmsd=4.188E-02 s=[ 0 0 0 0 0 0 0 0 0 0 1 1 1 0 0 1 0 1 1 0 0 0 0 1 1 1 0 0 1 1 1 0 0 1 1 0 0 0 0 0 0 0 0 1 1 1 1 1 1 0 0 0 0 1 0 0 ]
d_7_3=3.459378804875 eijMax=4.099E-03 rmsd=3.807E-02 s=[ 0 0 0 0 0 0 0 0 0 0 1 1 1 0 0 1 0 1 1 0 0 0 0 1 1 1 0 0 1 1 1 0 0 1 1 0 0 0 0 0 0 0 0 1 1 1 1 1 1 0 0 0 0 1 0 0 ]
d_7_3=3.459579005075 eijMax=3.689E-03 rmsd=3.425E-02 s=[ 0 0 0 0 0 0 0 0 0 0 1 1 1 0 0 1 0 1 1 0 0 0 0 1 1 1 0 0 1 1 1 0 0 1 1 0 0 0 0 0 0 0 0 1 1 1 1 1 1 0 0 0 0 1 0 0 ]
d_7_3=3.459779205275 eijMax=3.279E-03 rmsd=3.043E-02 s=[ 0 0 0 0 0 0 0 0 0 0 1 1 1 0 0 1 0 1 1 0 0 0 0 1 1 1 0 0 1 1 1 0 0 1 1 0 0 0 0 0 0 0 0 1 1 1 1 1 1 0 0 0 0 1 0 0 ]
d_7_3=3.459979405475 eijMax=2.868E-03 rmsd=2.661E-02 s=[ 0 0 0 0 0 0 0 0 0 0 1 1 1 0 0 1 0 1 1 0 0 0 0 1 1 1 0 0 1 1 1 0 0 1 1 0 0 0 0 0 0 0 0 1 1 1 1 1 1 0 0 0 0 1 0 0 ]
d_7_3=3.460179605676 eijMax=2.457E-03 rmsd=2.279E-02 s=[ 0 0 0 0 0 0 0 0 0 0 1 1 1 0 0 1 0 1 1 0 0 0 0 1 1 1 0 0 1 1 1 0 0 1 1 0 0 0 0 0 0 0 0 1 1 1 1 1 1 0 0 0 0 1 0 0 ]
d_7_3=3.460379805876 eijMax=2.045E-03 rmsd=1.897E-02 s=[ 0 0 0 0 0 0 0 0 0 0 1 1 1 0 0 1 0 1 1 0 0 0 0 1 1 1 0 0 1 1 1 0 0 1 1 0 0 0 0 0 0 0 0 1 1 1 1 1 1 0 0 0 0 1 0 0 ]
d_7_3=3.460580006076 eijMax=1.633E-03 rmsd=1.517E-02 s=[ 0 0 0 0 0 0 0 0 0 0 1 1 1 0 0 1 0 1 1 0 0 0 0 1 1 1 0 0 1 1 1 0 0 1 1 0 0 0 0 0 0 0 0 1 1 1 1 1 1 0 0 0 0 1 0 0 ]
d_7_3=3.460780206276 eijMax=1.221E-03 rmsd=1.138E-02 s=[ 0 0 0 0 0 0 0 0 0 0 1 1 1 0 0 1 0 1 1 0 0 0 0 1 1 1 0 0 1 1 1 0 0 1 1 0 0 0 0 0 0 0 0 1 1 1 1 1 1 0 0 0 0 1 0 0 ]
d_7_3=3.460980406476 eijMax=8.077E-04 rmsd=7.642E-03 s=[ 0 0 0 0 0 0 0 0 0 0 1 1 1 0 0 1 0 1 1 0 0 0 0 1 1 1 0 0 1 1 1 0 0 1 1 0 0 0 0 0 0 0 0 1 1 1 1 1 1 0 0 0 0 1 0 0 ]
d_7_3=3.461180606677 eijMax=3.943E-04 rmsd=4.117E-03 s=[ 0 0 0 0 0 0 0 0 0 0 1 1 1 0 0 1 0 1 1 0 0 0 0 1 1 1 0 0 1 1 1 0 0 1 1 0 0 0 0 0 0 0 0 1 1 1 1 1 1 0 0 0 0 1 0 0 ]
d_7_3=3.461380806877 eijMax=1.963E-05 rmsd=2.224E-03 s=[ 0 0 0 0 0 0 0 0 0 0 1 1 1 0 0 1 0 1 1 0 0 0 0 1 1 1 0 0 1 1 1 0 0 1 1 0 0 0 0 0 0 0 1 1 1 1 1 1 1 0 0 0 0 1 0 0 ]
d_7_3=3.461581007077 eijMax=4.340E-04 rmsd=4.536E-03 s=[ 0 0 0 0 0 0 0 0 0 0 1 1 1 0 0 1 0 1 1 0 0 0 0 1 1 1 0 0 1 1 1 0 0 1 1 0 0 0 0 0 0 0 1 1 1 1 1 1 1 0 0 0 0 1 0 0 ]
d_7_3=3.461781207277 eijMax=8.488E-04 rmsd=8.127E-03 s=[ 0 0 0 0 0 0 0 0 0 0 1 1 1 0 0 1 0 1 1 0 0 0 0 1 1 1 0 0 1 1 1 0 0 1 1 0 0 0 0 0 0 0 1 1 1 1 1 1 1 0 0 0 0 1 0 0 ]
d_7_3=3.461981407477 eijMax=1.264E-03 rmsd=1.189E-02 s=[ 0 0 0 0 0 0 0 0 0 0 1 1 1 0 0 1 0 1 1 0 0 0 0 1 1 1 0 0 1 1 1 0 0 1 1 0 0 0 0 0 0 0 1 1 1 1 1 1 1 0 0 0 0 1 0 0 ]
d_7_3=3.462181607678 eijMax=1.680E-03 rmsd=1.571E-02 s=[ 0 0 0 0 0 0 0 0 0 0 1 1 1 0 0 1 0 1 1 0 0 0 0 1 1 1 0 0 1 1 1 0 0 1 1 0 0 0 0 0 0 0 1 1 1 1 1 1 1 0 0 0 0 1 0 0 ]
d_7_3=3.462381807878 eijMax=2.096E-03 rmsd=1.955E-02 s=[ 0 0 0 0 0 0 0 0 0 0 1 1 1 0 0 1 0 1 1 0 0 0 0 1 1 1 0 0 1 1 1 0 0 1 1 0 0 0 0 0 0 0 1 1 1 1 1 1 1 0 0 0 0 1 0 0 ]
d_7_3=3.462582008078 eijMax=2.513E-03 rmsd=2.341E-02 s=[ 0 0 0 0 0 0 0 0 0 0 1 1 1 0 0 1 0 1 1 0 0 0 0 1 1 1 0 0 1 1 1 0 0 1 1 0 0 0 0 0 0 0 1 1 1 1 1 1 1 0 0 0 0 1 0 0 ]
d_7_3=3.462782208278 eijMax=2.930E-03 rmsd=2.727E-02 s=[ 0 0 0 0 0 0 0 0 0 0 1 1 1 0 0 1 0 1 1 0 0 0 0 1 1 1 0 0 1 1 1 0 0 1 1 0 0 0 0 0 0 0 1 1 1 1 1 1 1 0 0 0 0 1 0 0 ]
d_7_3=3.462982408478 eijMax=3.347E-03 rmsd=3.115E-02 s=[ 0 0 0 0 0 0 0 0 0 0 1 1 1 0 0 1 0 1 1 0 0 0 0 1 1 1 0 0 1 1 1 0 0 1 1 0 0 0 0 0 0 0 1 1 1 1 1 1 1 0 0 0 0 1 0 0 ]
d_7_3=3.463182608679 eijMax=3.765E-03 rmsd=3.502E-02 s=[ 0 0 0 0 0 0 0 0 0 0 1 1 1 0 0 1 0 1 1 0 0 0 0 1 1 1 0 0 1 1 1 0 0 1 1 0 0 0 0 0 0 0 1 1 1 1 1 1 1 0 0 0 0 1 0 0 ]
d_7_3=3.463382808879 eijMax=4.184E-03 rmsd=3.891E-02 s=[ 0 0 0 0 0 0 0 0 0 0 1 1 1 0 0 1 0 1 1 0 0 0 0 1 1 1 0 0 1 1 1 0 0 1 1 0 0 0 0 0 0 0 1 1 1 1 1 1 1 0 0 0 0 1 0 0 ]
d_7_3=3.463583009079 eijMax=4.603E-03 rmsd=4.280E-02 s=[ 0 0 0 0 0 0 0 0 0 0 1 1 1 0 0 1 0 1 1 0 0 0 0 1 1 1 0 0 1 1 1 0 0 1 1 0 0 0 0 0 0 0 1 1 1 1 1 1 1 0 0 0 0 1 0 0 ]
d_7_3=3.463783209279 eijMax=5.022E-03 rmsd=4.669E-02 s=[ 0 0 0 0 0 0 0 0 0 0 1 1 1 0 0 1 0 1 1 0 0 0 0 1 1 1 0 0 1 1 1 0 0 1 1 0 0 0 0 0 0 0 1 1 1 1 1 1 1 0 0 0 0 1 0 0 ]
d_7_3=3.463983409479 eijMax=5.442E-03 rmsd=5.059E-02 s=[ 0 0 0 0 0 0 0 0 0 0 1 1 1 0 0 1 0 1 1 0 0 0 0 1 1 1 0 0 1 1 1 0 0 1 1 0 0 0 0 0 0 0 1 1 1 1 1 1 1 0 0 0 0 1 0 0 ]
d_7_3=3.464183609680 eijMax=5.862E-03 rmsd=5.479E-02 s=[ 0 0 0 0 0 0 0 0 0 0 1 1 1 0 0 1 0 1 1 0 0 0 0 1 1 1 0 0 1 1 1 0 0 1 1 0 0 0 0 0 0 0 0 1 1 1 1 1 1 0 0 0 0 1 0 0 ]
d_7_3=3.464383809880 eijMax=6.283E-03 rmsd=5.870E-02 s=[ 0 0 0 0 0 0 0 0 0 0 1 1 1 0 0 1 0 1 1 0 0 0 0 1 1 1 0 0 1 1 1 0 0 1 1 0 0 0 0 0 0 0 0 1 1 1 1 1 1 0 0 0 0 1 0 0 ]
d_7_3=3.464584010080 eijMax=6.704E-03 rmsd=6.261E-02 s=[ 0 0 0 0 0 0 0 0 0 0 1 1 1 0 0 1 0 1 1 0 0 0 0 1 1 1 0 0 1 1 1 0 0 1 1 0 0 0 0 0 0 0 0 1 1 1 1 1 1 0 0 0 0 1 0 0 ]
d_7_3=3.464784210280 eijMax=7.126E-03 rmsd=6.652E-02 s=[ 0 0 0 0 0 0 0 0 0 0 1 1 1 0 0 1 0 1 1 0 0 0 0 1 1 1 0 0 1 1 1 0 0 1 1 0 0 0 0 0 0 0 0 1 1 1 1 1 1 0 0 0 0 1 0 0 ]
d_7_3=3.464984410480 eijMax=7.548E-03 rmsd=7.044E-02 s=[ 0 0 0 0 0 0 0 0 0 0 1 1 1 0 0 1 0 1 1 0 0 0 0 1 1 1 0 0 1 1 1 0 0 1 1 0 0 0 0 0 0 0 0 1 1 1 1 1 1 0 0 0 0 1 0 0 ]
d_7_3=3.465184610681 eijMax=7.971E-03 rmsd=7.436E-02 s=[ 0 0 0 0 0 0 0 0 0 0 1 1 1 0 0 1 0 1 1 0 0 0 0 1 1 1 0 0 1 1 1 0 0 1 1 0 0 0 0 0 0 0 0 1 1 1 1 1 1 0 0 0 0 1 0 0 ]
d_7_3=3.465384810881 eijMax=8.394E-03 rmsd=7.828E-02 s=[ 0 0 0 0 0 0 0 0 0 0 1 1 1 0 0 1 0 1 1 0 0 0 0 1 1 1 0 0 1 1 1 0 0 1 1 0 0 0 0 0 0 0 0 1 1 1 1 1 1 0 0 0 0 1 0 0 ]
d_7_3=3.465585011081 eijMax=8.818E-03 rmsd=8.221E-02 s=[ 0 0 0 0 0 0 0 0 0 0 1 1 1 0 0 1 0 1 1 0 0 0 0 1 1 1 0 0 1 1 1 0 0 1 1 0 0 0 0 0 0 0 0 1 1 1 1 1 1 0 0 0 0 1 0 0 ]
d_7_3=3.465785211281 eijMax=9.242E-03 rmsd=8.615E-02 s=[ 0 0 0 0 0 0 0 0 0 0 1 1 1 0 0 1 0 1 1 0 0 0 0 1 1 1 0 0 1 1 1 0 0 1 1 0 0 0 0 0 0 0 0 1 1 1 1 1 1 0 0 0 0 1 0 0 ]
d_7_3=3.465985411481 eijMax=9.666E-03 rmsd=1.511E-01 s=[ 0 0 0 0 0 0 0 0 0 0 1 1 1 0 0 1 0 1 1 0 0 0 0 1 1 1 0 0 1 1 1 0 0 1 1 0 0 0 0 0 0 0 1 1 1 1 1 0 1 0 0 0 0 1 0 0 ]
d_7_3=3.456576002072 eijMax=9.791E-03 rmsd=9.113E-02 s=[ 0 0 0 1 1 1 1 1 1 1 0 0 0 1 0 0 1 0 0 1 1 1 1 0 0 0 1 1 0 1 0 1 1 0 0 1 1 1 1 1 1 1 1 0 0 0 0 0 0 1 1 1 1 0 1 0 ]
d_7_3=3.456776202272 eijMax=9.388E-03 rmsd=8.739E-02 s=[ 0 0 0 1 1 1 1 1 1 1 0 0 0 1 0 0 1 0 0 1 1 1 1 0 0 0 1 1 0 1 0 1 1 0 0 1 1 1 1 1 1 1 1 0 0 0 0 0 0 1 1 1 1 0 1 0 ]
d_7_3=3.456976402472 eijMax=8.983E-03 rmsd=8.366E-02 s=[ 0 0 0 1 1 1 1 1 1 1 0 0 0 1 0 0 1 0 0 1 1 1 1 0 0 0 1 1 0 1 0 1 1 0 0 1 1 1 1 1 1 1 1 0 0 0 0 0 0 1 1 1 1 0 1 0 ]
d_7_3=3.457176602673 eijMax=8.579E-03 rmsd=7.989E-02 s=[ 0 0 0 1 1 1 1 1 1 1 0 0 0 1 0 0 1 0 0 1 1 1 1 0 0 0 1 1 0 0 0 1 1 0 0 1 1 1 1 1 1 1 1 0 0 0 0 0 0 1 1 1 1 0 1 0 ]
d_7_3=3.457376802873 eijMax=8.174E-03 rmsd=7.610E-02 s=[ 0 0 0 1 1 1 1 1 1 1 0 0 0 1 0 0 1 0 0 1 1 1 1 0 0 0 1 1 0 0 0 1 1 0 0 1 1 1 1 1 1 1 1 0 0 0 0 0 0 1 1 1 1 0 1 0 ]
d_7_3=3.457577003073 eijMax=7.768E-03 rmsd=7.231E-02 s=[ 0 0 0 1 1 1 1 1 1 1 0 0 0 1 0 0 1 0 0 1 1 1 1 0 0 0 1 1 0 0 0 1 1 0 0 1 1 1 1 1 1 1 1 0 0 0 0 0 0 1 1 1 1 0 1 0 ]
d_7_3=3.457777203273 eijMax=7.362E-03 rmsd=6.852E-02 s=[ 0 0 0 1 1 1 1 1 1 1 0 0 0 1 0 0 1 0 0 1 1 1 1 0 0 0 1 1 0 0 0 1 1 0 0 1 1 1 1 1 1 1 1 0 0 0 0 0 0 1 1 1 1 0 1 0 ]
d_7_3=3.457977403473 eijMax=6.956E-03 rmsd=6.472E-02 s=[ 0 0 0 1 1 1 1 1 1 1 0 0 0 1 0 0 1 0 0 1 1 1 1 0 0 0 1 1 0 0 0 1 1 0 0 1 1 1 1 1 1 1 1 0 0 0 0 0 0 1 1 1 1 0 1 0 ]
d_7_3=3.458177603674 eijMax=6.549E-03 rmsd=6.092E-02 s=[ 0 0 0 1 1 1 1 1 1 1 0 0 0 1 0 0 1 0 0 1 1 1 1 0 0 0 1 1 0 0 0 1 1 0 0 1 1 1 1 1 1 1 1 0 0 0 0 0 0 1 1 1 1 0 1 0 ]
d_7_3=3.458377803874 eijMax=6.142E-03 rmsd=5.712E-02 s=[ 0 0 0 1 1 1 1 1 1 1 0 0 0 1 0 0 1 0 0 1 1 1 1 0 0 0 1 1 0 0 0 1 1 0 0 1 1 1 1 1 1 1 1 0 0 0 0 0 0 1 1 1 1 0 1 0 ]
d_7_3=3.458578004074 eijMax=5.734E-03 rmsd=5.332E-02 s=[ 0 0 0 1 1 1 1 1 1 1 0 0 0 1 0 0 1 0 0 1 1 1 1 0 0 0 1 1 0 0 0 1 1 0 0 1 1 1 1 1 1 1 1 0 0 0 0 0 0 1 1 1 1 0 1 0 ]
d_7_3=3.458778204274 eijMax=5.326E-03 rmsd=4.951E-02 s=[ 0 0 0 1 1 1 1 1 1 1 0 0 0 1 0 0 1 0 0 1 1 1 1 0 0 0 1 1 0 0 0 1 1 0 0 1 1 1 1 1 1 1 1 0 0 0 0 0 0 1 1 1 1 0 1 0 ]
d_7_3=3.458978404474 eijMax=4.918E-03 rmsd=4.570E-02 s=[ 0 0 0 1 1 1 1 1 1 1 0 0 0 1 0 0 1 0 0 1 1 1 1 0 0 0 1 1 0 0 0 1 1 0 0 1 1 1 1 1 1 1 1 0 0 0 0 0 0 1 1 1 1 0 1 0 ]
d_7_3=3.459178604675 eijMax=4.509E-03 rmsd=4.188E-02 s=[ 0 0 0 1 1 1 1 1 1 1 0 0 0 1 0 0 1 0 0 1 1 1 1 0 0 0 1 1 0 0 0 1 1 0 0 1 1 1 1 1 1 1 1 0 0 0 0 0 0 1 1 1 1 0 1 0 ]
d_7_3=3.459378804875 eijMax=4.099E-03 rmsd=3.807E-02 s=[ 0 0 0 1 1 1 1 1 1 1 0 0 0 1 0 0 1 0 0 1 1 1 1 0 0 0 1 1 0 0 0 1 1 0 0 1 1 1 1 1 1 1 1 0 0 0 0 0 0 1 1 1 1 0 1 0 ]
d_7_3=3.459579005075 eijMax=3.689E-03 rmsd=3.425E-02 s=[ 0 0 0 1 1 1 1 1 1 1 0 0 0 1 0 0 1 0 0 1 1 1 1 0 0 0 1 1 0 0 0 1 1 0 0 1 1 1 1 1 1 1 1 0 0 0 0 0 0 1 1 1 1 0 1 0 ]
d_7_3=3.459779205275 eijMax=3.279E-03 rmsd=3.043E-02 s=[ 0 0 0 1 1 1 1 1 1 1 0 0 0 1 0 0 1 0 0 1 1 1 1 0 0 0 1 1 0 0 0 1 1 0 0 1 1 1 1 1 1 1 1 0 0 0 0 0 0 1 1 1 1 0 1 0 ]
d_7_3=3.459979405475 eijMax=2.868E-03 rmsd=2.661E-02 s=[ 0 0 0 1 1 1 1 1 1 1 0 0 0 1 0 0 1 0 0 1 1 1 1 0 0 0 1 1 0 0 0 1 1 0 0 1 1 1 1 1 1 1 1 0 0 0 0 0 0 1 1 1 1 0 1 0 ]
d_7_3=3.460179605676 eijMax=2.457E-03 rmsd=2.279E-02 s=[ 0 0 0 1 1 1 1 1 1 1 0 0 0 1 0 0 1 0 0 1 1 1 1 0 0 0 1 1 0 0 0 1 1 0 0 1 1 1 1 1 1 1 1 0 0 0 0 0 0 1 1 1 1 0 1 0 ]
d_7_3=3.460379805876 eijMax=2.045E-03 rmsd=1.897E-02 s=[ 0 0 0 1 1 1 1 1 1 1 0 0 0 1 0 0 1 0 0 1 1 1 1 0 0 0 1 1 0 0 0 1 1 0 0 1 1 1 1 1 1 1 1 0 0 0 0 0 0 1 1 1 1 0 1 0 ]
d_7_3=3.460580006076 eijMax=1.633E-03 rmsd=1.517E-02 s=[ 0 0 0 1 1 1 1 1 1 1 0 0 0 1 0 0 1 0 0 1 1 1 1 0 0 0 1 1 0 0 0 1 1 0 0 1 1 1 1 1 1 1 1 0 0 0 0 0 0 1 1 1 1 0 1 0 ]
d_7_3=3.460780206276 eijMax=1.221E-03 rmsd=1.138E-02 s=[ 0 0 0 1 1 1 1 1 1 1 0 0 0 1 0 0 1 0 0 1 1 1 1 0 0 0 1 1 0 0 0 1 1 0 0 1 1 1 1 1 1 1 1 0 0 0 0 0 0 1 1 1 1 0 1 0 ]
d_7_3=3.460980406476 eijMax=8.077E-04 rmsd=7.642E-03 s=[ 0 0 0 1 1 1 1 1 1 1 0 0 0 1 0 0 1 0 0 1 1 1 1 0 0 0 1 1 0 0 0 1 1 0 0 1 1 1 1 1 1 1 1 0 0 0 0 0 0 1 1 1 1 0 1 0 ]
d_7_3=3.461180606677 eijMax=3.943E-04 rmsd=4.117E-03 s=[ 0 0 0 1 1 1 1 1 1 1 0 0 0 1 0 0 1 0 0 1 1 1 1 0 0 0 1 1 0 0 0 1 1 0 0 1 1 1 1 1 1 1 1 0 0 0 0 0 0 1 1 1 1 0 1 0 ]
d_7_3=3.461380806877 eijMax=1.963E-05 rmsd=2.224E-03 s=[ 0 0 0 1 1 1 1 1 1 1 0 0 0 1 0 0 1 0 0 1 1 1 1 0 0 0 1 1 0 0 0 1 1 0 0 1 1 1 1 1 1 1 0 0 0 0 0 0 0 1 1 1 1 0 1 0 ]
d_7_3=3.461581007077 eijMax=4.340E-04 rmsd=4.536E-03 s=[ 0 0 0 1 1 1 1 1 1 1 0 0 0 1 0 0 1 0 0 1 1 1 1 0 0 0 1 1 0 0 0 1 1 0 0 1 1 1 1 1 1 1 0 0 0 0 0 0 0 1 1 1 1 0 1 0 ]
d_7_3=3.461781207277 eijMax=8.488E-04 rmsd=8.127E-03 s=[ 0 0 0 1 1 1 1 1 1 1 0 0 0 1 0 0 1 0 0 1 1 1 1 0 0 0 1 1 0 0 0 1 1 0 0 1 1 1 1 1 1 1 0 0 0 0 0 0 0 1 1 1 1 0 1 0 ]
d_7_3=3.461981407477 eijMax=1.264E-03 rmsd=1.189E-02 s=[ 0 0 0 1 1 1 1 1 1 1 0 0 0 1 0 0 1 0 0 1 1 1 1 0 0 0 1 1 0 0 0 1 1 0 0 1 1 1 1 1 1 1 0 0 0 0 0 0 0 1 1 1 1 0 1 0 ]
d_7_3=3.462181607678 eijMax=1.680E-03 rmsd=1.571E-02 s=[ 0 0 0 1 1 1 1 1 1 1 0 0 0 1 0 0 1 0 0 1 1 1 1 0 0 0 1 1 0 0 0 1 1 0 0 1 1 1 1 1 1 1 0 0 0 0 0 0 0 1 1 1 1 0 1 0 ]
d_7_3=3.462381807878 eijMax=2.096E-03 rmsd=1.955E-02 s=[ 0 0 0 1 1 1 1 1 1 1 0 0 0 1 0 0 1 0 0 1 1 1 1 0 0 0 1 1 0 0 0 1 1 0 0 1 1 1 1 1 1 1 0 0 0 0 0 0 0 1 1 1 1 0 1 0 ]
d_7_3=3.462582008078 eijMax=2.513E-03 rmsd=2.341E-02 s=[ 0 0 0 1 1 1 1 1 1 1 0 0 0 1 0 0 1 0 0 1 1 1 1 0 0 0 1 1 0 0 0 1 1 0 0 1 1 1 1 1 1 1 0 0 0 0 0 0 0 1 1 1 1 0 1 0 ]
d_7_3=3.462782208278 eijMax=2.930E-03 rmsd=2.727E-02 s=[ 0 0 0 1 1 1 1 1 1 1 0 0 0 1 0 0 1 0 0 1 1 1 1 0 0 0 1 1 0 0 0 1 1 0 0 1 1 1 1 1 1 1 0 0 0 0 0 0 0 1 1 1 1 0 1 0 ]
d_7_3=3.462982408478 eijMax=3.347E-03 rmsd=3.115E-02 s=[ 0 0 0 1 1 1 1 1 1 1 0 0 0 1 0 0 1 0 0 1 1 1 1 0 0 0 1 1 0 0 0 1 1 0 0 1 1 1 1 1 1 1 0 0 0 0 0 0 0 1 1 1 1 0 1 0 ]
d_7_3=3.463182608679 eijMax=3.765E-03 rmsd=3.502E-02 s=[ 0 0 0 1 1 1 1 1 1 1 0 0 0 1 0 0 1 0 0 1 1 1 1 0 0 0 1 1 0 0 0 1 1 0 0 1 1 1 1 1 1 1 0 0 0 0 0 0 0 1 1 1 1 0 1 0 ]
d_7_3=3.463382808879 eijMax=4.184E-03 rmsd=3.891E-02 s=[ 0 0 0 1 1 1 1 1 1 1 0 0 0 1 0 0 1 0 0 1 1 1 1 0 0 0 1 1 0 0 0 1 1 0 0 1 1 1 1 1 1 1 0 0 0 0 0 0 0 1 1 1 1 0 1 0 ]
d_7_3=3.463583009079 eijMax=4.603E-03 rmsd=4.280E-02 s=[ 0 0 0 1 1 1 1 1 1 1 0 0 0 1 0 0 1 0 0 1 1 1 1 0 0 0 1 1 0 0 0 1 1 0 0 1 1 1 1 1 1 1 0 0 0 0 0 0 0 1 1 1 1 0 1 0 ]
d_7_3=3.463783209279 eijMax=5.022E-03 rmsd=4.669E-02 s=[ 0 0 0 1 1 1 1 1 1 1 0 0 0 1 0 0 1 0 0 1 1 1 1 0 0 0 1 1 0 0 0 1 1 0 0 1 1 1 1 1 1 1 0 0 0 0 0 0 0 1 1 1 1 0 1 0 ]
d_7_3=3.463983409479 eijMax=5.442E-03 rmsd=5.059E-02 s=[ 0 0 0 1 1 1 1 1 1 1 0 0 0 1 0 0 1 0 0 1 1 1 1 0 0 0 1 1 0 0 0 1 1 0 0 1 1 1 1 1 1 1 0 0 0 0 0 0 0 1 1 1 1 0 1 0 ]
d_7_3=3.464183609680 eijMax=5.862E-03 rmsd=5.479E-02 s=[ 0 0 0 1 1 1 1 1 1 1 0 0 0 1 0 0 1 0 0 1 1 1 1 0 0 0 1 1 0 0 0 1 1 0 0 1 1 1 1 1 1 1 1 0 0 0 0 0 0 1 1 1 1 0 1 0 ]
d_7_3=3.464383809880 eijMax=6.283E-03 rmsd=5.870E-02 s=[ 0 0 0 1 1 1 1 1 1 1 0 0 0 1 0 0 1 0 0 1 1 1 1 0 0 0 1 1 0 0 0 1 1 0 0 1 1 1 1 1 1 1 1 0 0 0 0 0 0 1 1 1 1 0 1 0 ]
d_7_3=3.464584010080 eijMax=6.704E-03 rmsd=6.261E-02 s=[ 0 0 0 1 1 1 1 1 1 1 0 0 0 1 0 0 1 0 0 1 1 1 1 0 0 0 1 1 0 0 0 1 1 0 0 1 1 1 1 1 1 1 1 0 0 0 0 0 0 1 1 1 1 0 1 0 ]
d_7_3=3.464784210280 eijMax=7.126E-03 rmsd=6.652E-02 s=[ 0 0 0 1 1 1 1 1 1 1 0 0 0 1 0 0 1 0 0 1 1 1 1 0 0 0 1 1 0 0 0 1 1 0 0 1 1 1 1 1 1 1 1 0 0 0 0 0 0 1 1 1 1 0 1 0 ]
d_7_3=3.464984410480 eijMax=7.548E-03 rmsd=7.044E-02 s=[ 0 0 0 1 1 1 1 1 1 1 0 0 0 1 0 0 1 0 0 1 1 1 1 0 0 0 1 1 0 0 0 1 1 0 0 1 1 1 1 1 1 1 1 0 0 0 0 0 0 1 1 1 1 0 1 0 ]
d_7_3=3.465184610681 eijMax=7.971E-03 rmsd=7.436E-02 s=[ 0 0 0 1 1 1 1 1 1 1 0 0 0 1 0 0 1 0 0 1 1 1 1 0 0 0 1 1 0 0 0 1 1 0 0 1 1 1 1 1 1 1 1 0 0 0 0 0 0 1 1 1 1 0 1 0 ]
d_7_3=3.465384810881 eijMax=8.394E-03 rmsd=7.828E-02 s=[ 0 0 0 1 1 1 1 1 1 1 0 0 0 1 0 0 1 0 0 1 1 1 1 0 0 0 1 1 0 0 0 1 1 0 0 1 1 1 1 1 1 1 1 0 0 0 0 0 0 1 1 1 1 0 1 0 ]
d_7_3=3.465585011081 eijMax=8.818E-03 rmsd=8.221E-02 s=[ 0 0 0 1 1 1 1 1 1 1 0 0 0 1 0 0 1 0 0 1 1 1 1 0 0 0 1 1 0 0 0 1 1 0 0 1 1 1 1 1 1 1 1 0 0 0 0 0 0 1 1 1 1 0 1 0 ]
d_7_3=3.465785211281 eijMax=9.242E-03 rmsd=8.615E-02 s=[ 0 0 0 1 1 1 1 1 1 1 0 0 0 1 0 0 1 0 0 1 1 1 1 0 0 0 1 1 0 0 0 1 1 0 0 1 1 1 1 1 1 1 1 0 0 0 0 0 0 1 1 1 1 0 1 0 ]
d_7_3=3.465985411481 eijMax=9.666E-03 rmsd=1.511E-01 s=[ 0 0 0 1 1 1 1 1 1 1 0 0 0 1 0 0 1 0 0 1 1 1 1 0 0 0 1 1 0 0 0 1 1 0 0 1 1 1 1 1 1 1 0 0 0 0 0 1 0 1 1 1 1 0 1 0 ]
num ..... 1000
nnodes .. 56
nedges .. 372
nsols ... 11584
nbbsols . 96
tsecs ... 922.576954
