order:    [ 15 1 2 14 11 10 17 9 13 6 5 12 4 8 7 3 0 29 30 54 53 52 49 48 55 47 51 44 43 50 42 46 39 38 45 37 41 34 33 40 32 36 35 28 16 25 24 31 23 27 20 19 26 18 22 21 ]
atoms:    [ CA CA C N C CA H N HA C CA H N HA H HA N CA C C CA N C CA H N HA C CA H N HA C CA H N HA C CA H N HA H N C C CA H N HA C CA H N HA H ]
residues: [ 3 0 0 3 2 2 3 2 2 1 1 2 1 1 1 0 0 6 6 11 11 11 10 10 11 10 10 9 9 10 9 9 8 8 9 8 8 7 7 8 7 7 7 6 3 5 5 6 5 5 4 4 5 4 4 4 ]

We use a different pair of symbles to represent the bits values which are associated with the HA and H of the discretized distance, and another one to represent the bits of other hydrogens.
For the HA and H from the discretized distance:
	"+" means 0
	"-" means 1
For any other hydrogens:
	">" means 0
	"<" means 1

d_7_3=3.457231202727 s=[ 0 0 0 0 0 0 > 0 > 0 1 < 1 > + - 0 1 1 0 0 0 0 1 < 1 > 0 1 < 1 > 0 1 < 0 > 0 0 > 0 > > 1 1 1 1 < 1 > 0 0 > 1 > > ] xyz0=( 44.327452, 20.590130, 7.434268 )

d_7_3=3.459251404747 s=[ 0 0 0 0 0 0 > 0 > 0 1 < 1 > + - 0 1 1 0 0 0 0 1 < 1 > 0 1 < 1 > 0 1 < 0 > 0 0 > 0 > > 1 1 1 1 < 1 > 0 0 > 1 > > ] xyz0=( 44.323291, 20.585667, 7.431027 )

d_7_3=3.461271606768 s=[ 0 0 0 0 0 0 > 0 > 0 1 < 1 > + - 0 1 1 0 0 0 0 1 < 1 > 0 1 < 1 > 0 1 < 0 > 0 0 > 0 > > 1 1 1 1 < 1 > 0 0 > 1 > > ] xyz0=( 44.319083, 20.581202, 7.427754 )

d_7_3=3.463291808788 s=[ 0 0 0 0 0 0 > 0 > 0 1 < 1 > + - 0 1 1 0 0 0 0 1 < 1 > 0 1 < 1 > 0 1 < 0 > 0 0 > 0 > < 1 1 1 1 < 1 > 0 0 > 1 > > ] xyz0=( 44.314826, 20.576735, 7.424448 )

d_7_3=3.465312010808 s=[ 0 0 0 0 0 0 > 0 > 0 1 < 1 > + - 0 1 1 0 0 0 0 1 < 1 > 0 1 < 1 > 0 1 < 0 > 0 0 > 0 > > 1 1 1 1 < 1 > 0 0 > 1 > > ] xyz0=( 44.310519, 20.572264, 7.421108 )

d_7_3=3.457231202727 s=[ 0 0 0 1 1 1 < 1 < 1 0 > 0 < + + 1 0 0 1 1 1 1 0 > 0 < 1 0 > 0 < 1 0 > 1 < 1 1 < 1 < < 0 0 0 0 > 0 < 1 1 < 0 < > ] xyz0=( 44.417910, 22.428919, 7.673431 )

d_7_3=3.459251404747 s=[ 0 0 0 1 1 1 < 1 < 1 0 > 0 < + + 1 0 0 1 1 1 1 0 > 0 < 1 0 > 0 < 1 0 > 1 < 1 1 < 1 < < 0 0 0 0 > 0 < 1 1 < 0 < > ] xyz0=( 44.414240, 22.434441, 7.671489 )

d_7_3=3.461271606768 s=[ 0 0 0 1 1 1 < 1 < 1 0 > 0 < + + 1 0 0 1 1 1 1 0 > 0 < 1 0 > 0 < 1 0 > 1 < 1 1 < 1 < < 0 0 0 0 > 0 < 1 1 < 0 < > ] xyz0=( 44.410524, 22.439978, 7.669517 )

d_7_3=3.463291808788 s=[ 0 0 0 1 1 1 < 1 < 1 0 > 0 < + + 1 0 0 1 1 1 1 0 > 0 < 1 0 > 0 < 1 0 > 1 < 1 1 < 1 < > 0 0 0 0 > 0 < 1 1 < 0 < > ] xyz0=( 44.406759, 22.445531, 7.667514 )

d_7_3=3.465312010808 s=[ 0 0 0 1 1 1 < 1 < 1 0 > 0 < + + 1 0 0 1 1 1 1 0 > 0 < 1 0 > 0 < 1 0 > 1 < 1 1 < 1 < < 0 0 0 0 > 0 < 1 1 < 0 < > ] xyz0=( 44.402946, 22.451099, 7.665480 )

