d_0_10=7.743217828529 eijMax=6.026E-03 rmsd=1.426E-01 s=[ 0 0 0 0 1 0 1 1 1 0 0 0 1 1 1 1 0 0 0 0 0 0 0 0 0 1 1 0 0 1 0 1 1 1 1 1 0 1 ]
d_0_10=7.743217828529 eijMax=1.293E-03 rmsd=1.646E-02 s=[ 0 0 0 0 1 0 1 1 1 0 0 0 1 1 1 1 0 0 0 0 0 0 0 0 0 1 1 0 0 1 0 1 1 1 1 1 1 1 ]
d_0_10=7.743217828529 eijMax=6.026E-03 rmsd=1.426E-01 s=[ 0 0 0 0 1 0 1 1 1 0 0 0 1 1 1 1 0 0 0 0 0 0 0 0 0 1 1 1 0 1 0 1 1 1 1 1 0 1 ]
d_0_10=7.743217828529 eijMax=1.293E-03 rmsd=1.830E-02 s=[ 0 0 0 0 1 0 1 1 1 0 0 0 1 1 1 1 0 0 0 0 0 0 0 0 0 1 1 1 0 1 0 1 1 1 1 1 1 1 ]
d_0_10=7.743217828529 eijMax=1.293E-03 rmsd=1.830E-02 s=[ 0 0 0 1 0 1 0 0 0 1 1 1 0 0 0 0 1 1 1 1 1 1 1 1 1 0 0 0 1 0 1 0 0 0 0 0 0 0 ]
d_0_10=7.743217828529 eijMax=6.026E-03 rmsd=1.426E-01 s=[ 0 0 0 1 0 1 0 0 0 1 1 1 0 0 0 0 1 1 1 1 1 1 1 1 1 0 0 0 1 0 1 0 0 0 0 0 1 0 ]
d_0_10=7.743217828529 eijMax=1.293E-03 rmsd=1.646E-02 s=[ 0 0 0 1 0 1 0 0 0 1 1 1 0 0 0 0 1 1 1 1 1 1 1 1 1 0 0 1 1 0 1 0 0 0 0 0 0 0 ]
d_0_10=7.743217828529 eijMax=6.026E-03 rmsd=1.426E-01 s=[ 0 0 0 1 0 1 0 0 0 1 1 1 0 0 0 0 1 1 1 1 1 1 1 1 1 0 0 1 1 0 1 0 0 0 0 0 1 0 ]
d_0_10=7.744259527067 eijMax=6.026E-03 rmsd=1.419E-01 s=[ 0 0 0 0 1 0 1 1 1 0 0 0 1 1 1 1 0 0 0 0 0 0 0 0 0 1 1 0 0 1 0 1 0 1 1 1 0 1 ]
d_0_10=7.744259527067 eijMax=6.441E-04 rmsd=1.579E-02 s=[ 0 0 0 0 1 0 1 1 1 0 0 0 1 1 1 1 0 0 0 0 0 0 0 0 0 1 1 0 0 1 0 1 0 1 1 1 1 1 ]
d_0_10=7.744259527067 eijMax=6.026E-03 rmsd=1.411E-01 s=[ 0 0 0 0 1 0 1 1 1 0 0 0 1 1 1 1 0 0 0 0 0 0 0 0 0 1 1 0 0 1 0 1 1 1 1 1 0 1 ]
d_0_10=7.744259527067 eijMax=6.441E-04 rmsd=8.407E-03 s=[ 0 0 0 0 1 0 1 1 1 0 0 0 1 1 1 1 0 0 0 0 0 0 0 0 0 1 1 0 0 1 0 1 1 1 1 1 1 1 ]
d_0_10=7.744259527067 eijMax=6.026E-03 rmsd=1.419E-01 s=[ 0 0 0 0 1 0 1 1 1 0 0 0 1 1 1 1 0 0 0 0 0 0 0 0 0 1 1 1 0 1 0 1 0 1 1 1 0 1 ]
d_0_10=7.744259527067 eijMax=6.441E-04 rmsd=1.733E-02 s=[ 0 0 0 0 1 0 1 1 1 0 0 0 1 1 1 1 0 0 0 0 0 0 0 0 0 1 1 1 0 1 0 1 0 1 1 1 1 1 ]
d_0_10=7.744259527067 eijMax=6.026E-03 rmsd=1.411E-01 s=[ 0 0 0 0 1 0 1 1 1 0 0 0 1 1 1 1 0 0 0 0 0 0 0 0 0 1 1 1 0 1 0 1 1 1 1 1 0 1 ]
d_0_10=7.744259527067 eijMax=6.441E-04 rmsd=1.111E-02 s=[ 0 0 0 0 1 0 1 1 1 0 0 0 1 1 1 1 0 0 0 0 0 0 0 0 0 1 1 1 0 1 0 1 1 1 1 1 1 1 ]
d_0_10=7.744259527067 eijMax=6.441E-04 rmsd=1.111E-02 s=[ 0 0 0 1 0 1 0 0 0 1 1 1 0 0 0 0 1 1 1 1 1 1 1 1 1 0 0 0 1 0 1 0 0 0 0 0 0 0 ]
d_0_10=7.744259527067 eijMax=6.026E-03 rmsd=1.411E-01 s=[ 0 0 0 1 0 1 0 0 0 1 1 1 0 0 0 0 1 1 1 1 1 1 1 1 1 0 0 0 1 0 1 0 0 0 0 0 1 0 ]
d_0_10=7.744259527067 eijMax=6.441E-04 rmsd=1.733E-02 s=[ 0 0 0 1 0 1 0 0 0 1 1 1 0 0 0 0 1 1 1 1 1 1 1 1 1 0 0 0 1 0 1 0 1 0 0 0 0 0 ]
d_0_10=7.744259527067 eijMax=6.026E-03 rmsd=1.419E-01 s=[ 0 0 0 1 0 1 0 0 0 1 1 1 0 0 0 0 1 1 1 1 1 1 1 1 1 0 0 0 1 0 1 0 1 0 0 0 1 0 ]
d_0_10=7.744259527067 eijMax=6.441E-04 rmsd=8.407E-03 s=[ 0 0 0 1 0 1 0 0 0 1 1 1 0 0 0 0 1 1 1 1 1 1 1 1 1 0 0 1 1 0 1 0 0 0 0 0 0 0 ]
d_0_10=7.744259527067 eijMax=6.026E-03 rmsd=1.411E-01 s=[ 0 0 0 1 0 1 0 0 0 1 1 1 0 0 0 0 1 1 1 1 1 1 1 1 1 0 0 1 1 0 1 0 0 0 0 0 1 0 ]
d_0_10=7.744259527067 eijMax=6.441E-04 rmsd=1.579E-02 s=[ 0 0 0 1 0 1 0 0 0 1 1 1 0 0 0 0 1 1 1 1 1 1 1 1 1 0 0 1 1 0 1 0 1 0 0 0 0 0 ]
d_0_10=7.744259527067 eijMax=6.026E-03 rmsd=1.419E-01 s=[ 0 0 0 1 0 1 0 0 0 1 1 1 0 0 0 0 1 1 1 1 1 1 1 1 1 0 0 1 1 0 1 0 1 0 0 0 1 0 ]
d_0_10=7.745301225606 eijMax=6.026E-03 rmsd=1.444E-01 s=[ 0 0 0 0 1 0 1 1 1 0 0 0 1 1 1 1 0 0 0 0 0 0 0 0 0 1 1 0 0 1 0 1 0 1 1 1 0 1 ]
d_0_10=7.745301225606 eijMax=2.593E-03 rmsd=3.429E-02 s=[ 0 0 0 0 1 0 1 1 1 0 0 0 1 1 1 1 0 0 0 0 0 0 0 0 0 1 1 0 0 1 0 1 0 1 1 1 1 1 ]
d_0_10=7.745301225606 eijMax=6.026E-03 rmsd=1.440E-01 s=[ 0 0 0 0 1 0 1 1 1 0 0 0 1 1 1 1 0 0 0 0 0 0 0 0 0 1 1 0 0 1 0 1 1 1 1 1 0 1 ]
d_0_10=7.745301225606 eijMax=2.593E-03 rmsd=3.365E-02 s=[ 0 0 0 0 1 0 1 1 1 0 0 0 1 1 1 1 0 0 0 0 0 0 0 0 0 1 1 0 0 1 0 1 1 1 1 1 1 1 ]
d_0_10=7.745301225606 eijMax=6.026E-03 rmsd=1.443E-01 s=[ 0 0 0 0 1 0 1 1 1 0 0 0 1 1 1 1 0 0 0 0 0 0 0 0 0 1 1 1 0 1 0 1 0 1 1 1 0 1 ]
d_0_10=7.745301225606 eijMax=2.593E-03 rmsd=3.487E-02 s=[ 0 0 0 0 1 0 1 1 1 0 0 0 1 1 1 1 0 0 0 0 0 0 0 0 0 1 1 1 0 1 0 1 0 1 1 1 1 1 ]
d_0_10=7.745301225606 eijMax=6.026E-03 rmsd=1.440E-01 s=[ 0 0 0 0 1 0 1 1 1 0 0 0 1 1 1 1 0 0 0 0 0 0 0 0 0 1 1 1 0 1 0 1 1 1 1 1 0 1 ]
d_0_10=7.745301225606 eijMax=2.593E-03 rmsd=3.427E-02 s=[ 0 0 0 0 1 0 1 1 1 0 0 0 1 1 1 1 0 0 0 0 0 0 0 0 0 1 1 1 0 1 0 1 1 1 1 1 1 1 ]
d_0_10=7.745301225606 eijMax=2.593E-03 rmsd=3.427E-02 s=[ 0 0 0 1 0 1 0 0 0 1 1 1 0 0 0 0 1 1 1 1 1 1 1 1 1 0 0 0 1 0 1 0 0 0 0 0 0 0 ]
d_0_10=7.745301225606 eijMax=6.026E-03 rmsd=1.440E-01 s=[ 0 0 0 1 0 1 0 0 0 1 1 1 0 0 0 0 1 1 1 1 1 1 1 1 1 0 0 0 1 0 1 0 0 0 0 0 1 0 ]
d_0_10=7.745301225606 eijMax=2.593E-03 rmsd=3.487E-02 s=[ 0 0 0 1 0 1 0 0 0 1 1 1 0 0 0 0 1 1 1 1 1 1 1 1 1 0 0 0 1 0 1 0 1 0 0 0 0 0 ]
d_0_10=7.745301225606 eijMax=6.026E-03 rmsd=1.443E-01 s=[ 0 0 0 1 0 1 0 0 0 1 1 1 0 0 0 0 1 1 1 1 1 1 1 1 1 0 0 0 1 0 1 0 1 0 0 0 1 0 ]
d_0_10=7.745301225606 eijMax=2.593E-03 rmsd=3.365E-02 s=[ 0 0 0 1 0 1 0 0 0 1 1 1 0 0 0 0 1 1 1 1 1 1 1 1 1 0 0 1 1 0 1 0 0 0 0 0 0 0 ]
d_0_10=7.745301225606 eijMax=6.026E-03 rmsd=1.440E-01 s=[ 0 0 0 1 0 1 0 0 0 1 1 1 0 0 0 0 1 1 1 1 1 1 1 1 1 0 0 1 1 0 1 0 0 0 0 0 1 0 ]
d_0_10=7.745301225606 eijMax=2.593E-03 rmsd=3.429E-02 s=[ 0 0 0 1 0 1 0 0 0 1 1 1 0 0 0 0 1 1 1 1 1 1 1 1 1 0 0 1 1 0 1 0 1 0 0 0 0 0 ]
d_0_10=7.745301225606 eijMax=6.026E-03 rmsd=1.444E-01 s=[ 0 0 0 1 0 1 0 0 0 1 1 1 0 0 0 0 1 1 1 1 1 1 1 1 1 0 0 1 1 0 1 0 1 0 0 0 1 0 ]
num ..... 1000
nnodes .. 38
nedges .. 216
nsols ... 40
tsecs ... 56.247175
