order:    [ 1 9 19 0 2 4 5 6 8 10 13 14 15 18 20 22 23 24 27 28 29 32 33 34 3 35 36 7 11 12 16 17 21 25 26 30 31 ]
atoms:    [ CA CA CA N C N CA C N C N CA C N C N CA C N CA C N CA C HA H HA HA H HA H HA HA H HA H HA ]
residues: [ 0 2 4 0 0 1 1 1 2 2 3 3 3 4 4 5 5 5 6 6 6 7 7 7 0 7 7 1 2 2 3 3 4 5 5 6 6 ]

We use a different pair of symbles to represent the bits values which are associated with the HA and H of the discretized distance, and another one to represent the bits of other hydrogens.
For the HA and H from the discretized distance:
	"+" means 0
	"-" means 1
For any other hydrogens:
	">" means 0
	"<" means 1

d_0_9=6.977563113644 s=[ 0 0 0 0 0 1 0 0 0 1 1 0 0 0 1 1 1 0 0 0 0 0 0 0 > < > > > > > > > > > > > ]
6.977563113644 s=[ 0 0 0 0 0 1 0 0 0 1 1 0 0 0 1 1 1 0 0 0 0 0 0 0 > < > > > > < > > > > > > ]

d_0_9=6.977563113644 s=[ 0 0 0 1 1 0 1 1 1 0 0 1 1 1 0 0 0 1 1 1 1 1 1 1 < > < < < < < < < < < < < ]
6.977563113644 s=[ 0 0 0 1 1 0 1 1 1 0 0 1 1 1 0 0 0 1 1 1 1 1 1 1 < > < < < < > < < < < < < ]

d_0_9=6.978283011502 s=[ 0 0 0 0 0 1 0 0 0 1 1 0 0 0 1 1 1 0 0 0 0 0 0 0 > < > > > > > > > > > > > ]
6.978283011502 s=[ 0 0 0 0 0 1 0 0 0 1 1 0 0 0 1 1 1 0 0 0 0 0 0 0 > < > > > > < > > > > > > ]

d_0_9=6.978283011502 s=[ 0 0 0 1 1 0 1 1 1 0 0 1 1 1 0 0 0 1 1 1 1 1 1 1 < > < < < < < < < < < < < ]
6.978283011502 s=[ 0 0 0 1 1 0 1 1 1 0 0 1 1 1 0 0 0 1 1 1 1 1 1 1 < > < < < < > < < < < < < ]

d_0_9=6.979002909359 s=[ 0 0 0 0 0 1 0 0 0 1 1 0 0 0 1 1 1 0 0 0 0 0 0 0 > < > > > > > > > > > > > ]
6.979002909359 s=[ 0 0 0 0 0 1 0 0 0 1 1 0 0 0 1 1 1 0 0 0 0 0 0 0 > < > > > > < > > > > > > ]

d_0_9=6.979002909359 s=[ 0 0 0 1 1 0 1 1 1 0 0 1 1 1 0 0 0 1 1 1 1 1 1 1 < > < < < < < < < < < < < ]
6.979002909359 s=[ 0 0 0 1 1 0 1 1 1 0 0 1 1 1 0 0 0 1 1 1 1 1 1 1 < > < < < < > < < < < < < ]

d_0_9=6.979722807217 s=[ 0 0 0 0 0 1 0 0 0 1 1 0 0 0 1 1 1 0 0 0 0 0 0 0 > < > > > > > > > > > > > ]
6.979722807217 s=[ 0 0 0 0 0 1 0 0 0 1 1 0 0 0 1 1 1 0 0 0 0 0 0 0 > < > > > > < > > > > > > ]

d_0_9=6.979722807217 s=[ 0 0 0 1 1 0 1 1 1 0 0 1 1 1 0 0 0 1 1 1 1 1 1 1 < > < < < < < < < < < < < ]
6.979722807217 s=[ 0 0 0 1 1 0 1 1 1 0 0 1 1 1 0 0 0 1 1 1 1 1 1 1 < > < < < < > < < < < < < ]

d_0_9=6.980442705075 s=[ 0 0 0 0 0 1 0 0 0 1 1 0 0 0 1 1 1 0 0 0 0 0 0 0 > < > > > > < > > > > > > ]
6.980442705075 s=[ 0 0 0 0 0 1 0 0 0 1 1 0 0 0 1 1 1 0 0 0 0 0 0 0 > < > > > > > > > > > > > ]

d_0_9=6.980442705075 s=[ 0 0 0 1 1 0 1 1 1 0 0 1 1 1 0 0 0 1 1 1 1 1 1 1 < > < < < < > < < < < < < ]
6.980442705075 s=[ 0 0 0 1 1 0 1 1 1 0 0 1 1 1 0 0 0 1 1 1 1 1 1 1 < > < < < < < < < < < < < ]

d_0_9=6.981162602933 s=[ 0 0 0 0 0 1 0 0 0 1 1 0 0 0 1 1 1 0 0 0 0 0 0 0 > < > > > > < > > > > > > ]
6.981162602933 s=[ 0 0 0 0 0 1 0 0 0 1 1 0 0 0 1 1 1 0 0 0 0 0 0 0 > < > > > > > > > > > > > ]

d_0_9=6.981162602933 s=[ 0 0 0 1 1 0 1 1 1 0 0 1 1 1 0 0 0 1 1 1 1 1 1 1 < > < < < < > < < < < < < ]
6.981162602933 s=[ 0 0 0 1 1 0 1 1 1 0 0 1 1 1 0 0 0 1 1 1 1 1 1 1 < > < < < < < < < < < < < ]

d_0_9=6.981882500791 s=[ 0 0 0 0 0 1 0 0 0 1 1 0 0 0 1 1 1 0 0 0 0 0 0 0 > < > > > > < > > > > > > ]
6.981882500791 s=[ 0 0 0 0 0 1 0 0 0 1 1 0 0 0 1 1 1 0 0 0 0 0 0 0 > < > > > > > > > > > > > ]

d_0_9=6.981882500791 s=[ 0 0 0 1 1 0 1 1 1 0 0 1 1 1 0 0 0 1 1 1 1 1 1 1 < > < < < < > < < < < < < ]
6.981882500791 s=[ 0 0 0 1 1 0 1 1 1 0 0 1 1 1 0 0 0 1 1 1 1 1 1 1 < > < < < < < < < < < < < ]

d_0_9=6.982602398649 s=[ 0 0 0 0 0 1 0 0 0 1 1 0 0 0 1 1 1 0 0 0 0 0 0 0 > < > > > > < > > > > > > ]
6.982602398649 s=[ 0 0 0 0 0 1 0 0 0 1 1 0 0 0 1 1 1 0 0 0 0 0 0 0 > < > > > > > > > > > > > ]
6.982602398649 s=[ 0 0 0 0 0 1 0 0 0 1 1 0 0 0 1 1 1 0 0 0 0 0 0 0 > < > > > > > > > > > < > ]
6.982602398649 s=[ 0 0 0 0 0 1 0 0 0 1 1 0 0 0 1 1 1 0 0 0 0 0 0 0 > < > > > > < > > > > < > ]

d_0_9=6.982602398649 s=[ 0 0 0 1 1 0 1 1 1 0 0 1 1 1 0 0 0 1 1 1 1 1 1 1 < > < < < < > < < < < < < ]
6.982602398649 s=[ 0 0 0 1 1 0 1 1 1 0 0 1 1 1 0 0 0 1 1 1 1 1 1 1 < > < < < < > < < < < > < ]
6.982602398649 s=[ 0 0 0 1 1 0 1 1 1 0 0 1 1 1 0 0 0 1 1 1 1 1 1 1 < > < < < < < < < < < > < ]
6.982602398649 s=[ 0 0 0 1 1 0 1 1 1 0 0 1 1 1 0 0 0 1 1 1 1 1 1 1 < > < < < < < < < < < < < ]

d_0_9=6.983322296507 s=[ 0 0 0 0 0 1 0 0 0 1 1 0 0 0 1 1 1 0 0 0 0 0 0 0 > < > > > > < > > > > > > ]
6.983322296507 s=[ 0 0 0 0 0 1 0 0 0 1 1 0 0 0 1 1 1 0 0 0 0 0 0 0 > < > > > > > > > > > > > ]
6.983322296507 s=[ 0 0 0 0 0 1 0 0 0 1 1 0 0 0 1 1 1 0 0 0 0 0 0 0 > < > > > > > > > > > < > ]
6.983322296507 s=[ 0 0 0 0 0 1 0 0 0 1 1 0 0 0 1 1 1 0 0 0 0 0 0 0 > < > > > > < > > > > < > ]

d_0_9=6.983322296507 s=[ 0 0 0 1 1 0 1 1 1 0 0 1 1 1 0 0 0 1 1 1 1 1 1 1 < > < < < < > < < < < < < ]
6.983322296507 s=[ 0 0 0 1 1 0 1 1 1 0 0 1 1 1 0 0 0 1 1 1 1 1 1 1 < > < < < < > < < < < > < ]
6.983322296507 s=[ 0 0 0 1 1 0 1 1 1 0 0 1 1 1 0 0 0 1 1 1 1 1 1 1 < > < < < < < < < < < > < ]
6.983322296507 s=[ 0 0 0 1 1 0 1 1 1 0 0 1 1 1 0 0 0 1 1 1 1 1 1 1 < > < < < < < < < < < < < ]

d_0_9=6.984042194364 s=[ 0 0 0 0 0 1 0 0 0 1 1 0 0 0 1 1 1 0 0 0 0 0 0 0 > < > > > > < > > > > > > ]
6.984042194364 s=[ 0 0 0 0 0 1 0 0 0 1 1 0 0 0 1 1 1 0 0 0 0 0 0 0 > < > > > > > > > > > > > ]
6.984042194364 s=[ 0 0 0 0 0 1 0 0 0 1 1 0 0 0 1 1 1 0 0 0 0 0 0 0 > < > > > > > > > > > < > ]
6.984042194364 s=[ 0 0 0 0 0 1 0 0 0 1 1 0 0 0 1 1 1 0 0 0 0 0 0 0 > < > > > > < > > > > < > ]

d_0_9=6.984042194364 s=[ 0 0 0 1 1 0 1 1 1 0 0 1 1 1 0 0 0 1 1 1 1 1 1 1 < > < < < < > < < < < < < ]
6.984042194364 s=[ 0 0 0 1 1 0 1 1 1 0 0 1 1 1 0 0 0 1 1 1 1 1 1 1 < > < < < < > < < < < > < ]
6.984042194364 s=[ 0 0 0 1 1 0 1 1 1 0 0 1 1 1 0 0 0 1 1 1 1 1 1 1 < > < < < < < < < < < > < ]
6.984042194364 s=[ 0 0 0 1 1 0 1 1 1 0 0 1 1 1 0 0 0 1 1 1 1 1 1 1 < > < < < < < < < < < < < ]

d_0_9=6.984762092222 s=[ 0 0 0 0 0 1 0 0 0 1 1 0 0 0 1 1 1 0 0 0 0 0 0 0 > < > > > > < > > > > > > ]
6.984762092222 s=[ 0 0 0 0 0 1 0 0 0 1 1 0 0 0 1 1 1 0 0 0 0 0 0 0 > < > > > > > > > > > > > ]
6.984762092222 s=[ 0 0 0 0 0 1 0 0 0 1 1 0 0 0 1 1 1 0 0 0 0 0 0 0 > < > > > > > > > > > < > ]
6.984762092222 s=[ 0 0 0 0 0 1 0 0 0 1 1 0 0 0 1 1 1 0 0 0 0 0 0 0 > < > > > > < > > > > < > ]

d_0_9=6.984762092222 s=[ 0 0 0 1 1 0 1 1 1 0 0 1 1 1 0 0 0 1 1 1 1 1 1 1 < > < < < < > < < < < < < ]
6.984762092222 s=[ 0 0 0 1 1 0 1 1 1 0 0 1 1 1 0 0 0 1 1 1 1 1 1 1 < > < < < < > < < < < > < ]
6.984762092222 s=[ 0 0 0 1 1 0 1 1 1 0 0 1 1 1 0 0 0 1 1 1 1 1 1 1 < > < < < < < < < < < > < ]
6.984762092222 s=[ 0 0 0 1 1 0 1 1 1 0 0 1 1 1 0 0 0 1 1 1 1 1 1 1 < > < < < < < < < < < < < ]

d_0_9=6.985481990080 s=[ 0 0 0 0 0 1 0 0 0 1 1 0 0 0 1 1 1 0 0 0 0 0 0 0 > < > > > > < > > > > < > ]
6.985481990080 s=[ 0 0 0 0 0 1 0 0 0 1 1 0 0 0 1 1 1 0 0 0 0 0 0 0 > < > > > > > > > > > > > ]
6.985481990080 s=[ 0 0 0 0 0 1 0 0 0 1 1 0 0 0 1 1 1 0 0 0 0 0 0 0 > < > > > > > > > > > < > ]
6.985481990080 s=[ 0 0 0 0 0 1 0 0 0 1 1 0 0 0 1 1 1 0 0 0 0 0 0 0 > < > > > > < > > > > > > ]

d_0_9=6.985481990080 s=[ 0 0 0 1 1 0 1 1 1 0 0 1 1 1 0 0 0 1 1 1 1 1 1 1 < > < < < < > < < < < < < ]
6.985481990080 s=[ 0 0 0 1 1 0 1 1 1 0 0 1 1 1 0 0 0 1 1 1 1 1 1 1 < > < < < < > < < < < > < ]
6.985481990080 s=[ 0 0 0 1 1 0 1 1 1 0 0 1 1 1 0 0 0 1 1 1 1 1 1 1 < > < < < < < < < < < > < ]
6.985481990080 s=[ 0 0 0 1 1 0 1 1 1 0 0 1 1 1 0 0 0 1 1 1 1 1 1 1 < > < < < < < < < < < < < ]

d_0_9=6.986201887938 s=[ 0 0 0 0 0 1 0 0 0 1 1 0 0 0 1 1 1 0 0 0 0 0 0 0 > < > > > > < > > > > < > ]
6.986201887938 s=[ 0 0 0 0 0 1 0 0 0 1 1 0 0 0 1 1 1 0 0 0 0 0 0 0 > < > > > > > > > > > > > ]
6.986201887938 s=[ 0 0 0 0 0 1 0 0 0 1 1 0 0 0 1 1 1 0 0 0 0 0 0 0 > < > > > > > > > > > < > ]
6.986201887938 s=[ 0 0 0 0 0 1 0 0 0 1 1 0 0 0 1 1 1 0 0 0 0 0 0 0 > < > > > > < > > > > > > ]

d_0_9=6.986201887938 s=[ 0 0 0 1 1 0 1 1 1 0 0 1 1 1 0 0 0 1 1 1 1 1 1 1 < > < < < < > < < < < < < ]
6.986201887938 s=[ 0 0 0 1 1 0 1 1 1 0 0 1 1 1 0 0 0 1 1 1 1 1 1 1 < > < < < < > < < < < > < ]
6.986201887938 s=[ 0 0 0 1 1 0 1 1 1 0 0 1 1 1 0 0 0 1 1 1 1 1 1 1 < > < < < < < < < < < > < ]
6.986201887938 s=[ 0 0 0 1 1 0 1 1 1 0 0 1 1 1 0 0 0 1 1 1 1 1 1 1 < > < < < < < < < < < < < ]

d_0_9=6.986921785796 s=[ 0 0 0 0 0 1 0 0 0 1 1 0 0 0 1 1 1 0 0 0 0 0 0 0 > < > > > > < > > > > < > ]
6.986921785796 s=[ 0 0 0 0 0 1 0 0 0 1 1 0 0 0 1 1 1 0 0 0 0 0 0 0 > < > > > > > > > > > < > ]

d_0_9=6.986921785796 s=[ 0 0 0 1 1 0 1 1 1 0 0 1 1 1 0 0 0 1 1 1 1 1 1 1 < > < < < < > < < < < > < ]
6.986921785796 s=[ 0 0 0 1 1 0 1 1 1 0 0 1 1 1 0 0 0 1 1 1 1 1 1 1 < > < < < < < < < < < > < ]

