order:    [ 1 9 19 0 2 4 5 6 8 10 13 14 15 18 20 22 23 24 27 28 29 32 33 34 3 35 36 7 11 12 16 17 21 25 26 30 31 ]
atoms:    [ CA CA CA N C N CA C N C N CA C N C N CA C N CA C N CA C HA H HA HA H HA H HA HA H HA H HA ]
residues: [ 0 2 4 0 0 1 1 1 2 2 3 3 3 4 4 5 5 5 6 6 6 7 7 7 0 7 7 1 2 2 3 3 4 5 5 6 6 ]

d_0_9=6.977563113644 eijMax=7.644E-03 rmsd=2.091E-01 s=[ 0 0 0 0 0 1 0 0 0 1 1 0 0 0 1 1 1 0 0 0 0 0 0 0 0 1 0 0 0 0 0 0 0 0 0 0 0 ]
d_0_9=6.977563113644 eijMax=7.644E-03 rmsd=2.091E-01 s=[ 0 0 0 1 1 0 1 1 1 0 0 1 1 1 0 0 0 1 1 1 1 1 1 1 1 0 1 1 1 1 1 1 1 1 1 1 1 ]
d_0_9=6.978283011502 eijMax=6.558E-03 rmsd=1.798E-01 s=[ 0 0 0 0 0 1 0 0 0 1 1 0 0 0 1 1 1 0 0 0 0 0 0 0 0 1 0 0 0 0 0 0 0 0 0 0 0 ]
d_0_9=6.978283011502 eijMax=6.558E-03 rmsd=1.798E-01 s=[ 0 0 0 1 1 0 1 1 1 0 0 1 1 1 0 0 0 1 1 1 1 1 1 1 1 0 1 1 1 1 1 1 1 1 1 1 1 ]
d_0_9=6.979002909359 eijMax=5.485E-03 rmsd=1.508E-01 s=[ 0 0 0 0 0 1 0 0 0 1 1 0 0 0 1 1 1 0 0 0 0 0 0 0 0 1 0 0 0 0 0 0 0 0 0 0 0 ]
d_0_9=6.979002909359 eijMax=5.485E-03 rmsd=1.508E-01 s=[ 0 0 0 1 1 0 1 1 1 0 0 1 1 1 0 0 0 1 1 1 1 1 1 1 1 0 1 1 1 1 1 1 1 1 1 1 1 ]
d_0_9=6.979722807217 eijMax=4.425E-03 rmsd=1.220E-01 s=[ 0 0 0 0 0 1 0 0 0 1 1 0 0 0 1 1 1 0 0 0 0 0 0 0 0 1 0 0 0 0 0 0 0 0 0 0 0 ]
d_0_9=6.979722807217 eijMax=4.425E-03 rmsd=1.220E-01 s=[ 0 0 0 1 1 0 1 1 1 0 0 1 1 1 0 0 0 1 1 1 1 1 1 1 1 0 1 1 1 1 1 1 1 1 1 1 1 ]
d_0_9=6.980442705075 eijMax=3.377E-03 rmsd=9.337E-02 s=[ 0 0 0 0 0 1 0 0 0 1 1 0 0 0 1 1 1 0 0 0 0 0 0 0 0 1 0 0 0 0 1 0 0 0 0 0 0 ]
d_0_9=6.980442705075 eijMax=3.377E-03 rmsd=9.337E-02 s=[ 0 0 0 1 1 0 1 1 1 0 0 1 1 1 0 0 0 1 1 1 1 1 1 1 1 0 1 1 1 1 0 1 1 1 1 1 1 ]
d_0_9=6.981162602933 eijMax=2.341E-03 rmsd=6.486E-02 s=[ 0 0 0 0 0 1 0 0 0 1 1 0 0 0 1 1 1 0 0 0 0 0 0 0 0 1 0 0 0 0 1 0 0 0 0 0 0 ]
d_0_9=6.981162602933 eijMax=2.341E-03 rmsd=6.486E-02 s=[ 0 0 0 1 1 0 1 1 1 0 0 1 1 1 0 0 0 1 1 1 1 1 1 1 1 0 1 1 1 1 0 1 1 1 1 1 1 ]
d_0_9=6.981882500791 eijMax=1.316E-03 rmsd=3.654E-02 s=[ 0 0 0 0 0 1 0 0 0 1 1 0 0 0 1 1 1 0 0 0 0 0 0 0 0 1 0 0 0 0 1 0 0 0 0 0 0 ]
d_0_9=6.981882500791 eijMax=1.316E-03 rmsd=3.654E-02 s=[ 0 0 0 1 1 0 1 1 1 0 0 1 1 1 0 0 0 1 1 1 1 1 1 1 1 0 1 1 1 1 0 1 1 1 1 1 1 ]
d_0_9=6.982602398649 eijMax=3.038E-04 rmsd=8.436E-03 s=[ 0 0 0 0 0 1 0 0 0 1 1 0 0 0 1 1 1 0 0 0 0 0 0 0 0 1 0 0 0 0 1 0 0 0 0 0 0 ]
d_0_9=6.982602398649 eijMax=3.038E-04 rmsd=8.436E-03 s=[ 0 0 0 1 1 0 1 1 1 0 0 1 1 1 0 0 0 1 1 1 1 1 1 1 1 0 1 1 1 1 0 1 1 1 1 1 1 ]
d_0_9=6.983322296507 eijMax=6.973E-04 rmsd=1.947E-02 s=[ 0 0 0 0 0 1 0 0 0 1 1 0 0 0 1 1 1 0 0 0 0 0 0 0 0 1 0 0 0 0 1 0 0 0 0 0 0 ]
d_0_9=6.983322296507 eijMax=6.973E-04 rmsd=1.947E-02 s=[ 0 0 0 1 1 0 1 1 1 0 0 1 1 1 0 0 0 1 1 1 1 1 1 1 1 0 1 1 1 1 0 1 1 1 1 1 1 ]
d_0_9=6.984042194364 eijMax=1.687E-03 rmsd=4.719E-02 s=[ 0 0 0 0 0 1 0 0 0 1 1 0 0 0 1 1 1 0 0 0 0 0 0 0 0 1 0 0 0 0 1 0 0 0 0 0 0 ]
d_0_9=6.984042194364 eijMax=1.687E-03 rmsd=4.719E-02 s=[ 0 0 0 1 1 0 1 1 1 0 0 1 1 1 0 0 0 1 1 1 1 1 1 1 1 0 1 1 1 1 0 1 1 1 1 1 1 ]
d_0_9=6.984762092222 eijMax=2.666E-03 rmsd=7.472E-02 s=[ 0 0 0 0 0 1 0 0 0 1 1 0 0 0 1 1 1 0 0 0 0 0 0 0 0 1 0 0 0 0 1 0 0 0 0 0 0 ]
d_0_9=6.984762092222 eijMax=2.666E-03 rmsd=7.472E-02 s=[ 0 0 0 1 1 0 1 1 1 0 0 1 1 1 0 0 0 1 1 1 1 1 1 1 1 0 1 1 1 1 0 1 1 1 1 1 1 ]
d_0_9=6.985481990080 eijMax=3.633E-03 rmsd=1.021E-01 s=[ 0 0 0 0 0 1 0 0 0 1 1 0 0 0 1 1 1 0 0 0 0 0 0 0 0 1 0 0 0 0 1 0 0 0 0 1 0 ]
d_0_9=6.985481990080 eijMax=3.633E-03 rmsd=1.021E-01 s=[ 0 0 0 1 1 0 1 1 1 0 0 1 1 1 0 0 0 1 1 1 1 1 1 1 1 0 1 1 1 1 0 1 1 1 1 1 1 ]
d_0_9=6.986201887938 eijMax=4.590E-03 rmsd=1.292E-01 s=[ 0 0 0 0 0 1 0 0 0 1 1 0 0 0 1 1 1 0 0 0 0 0 0 0 0 1 0 0 0 0 1 0 0 0 0 1 0 ]
d_0_9=6.986201887938 eijMax=4.590E-03 rmsd=1.292E-01 s=[ 0 0 0 1 1 0 1 1 1 0 0 1 1 1 0 0 0 1 1 1 1 1 1 1 1 0 1 1 1 1 0 1 1 1 1 1 1 ]
d_0_9=6.986921785796 eijMax=5.536E-03 rmsd=1.562E-01 s=[ 0 0 0 0 0 1 0 0 0 1 1 0 0 0 1 1 1 0 0 0 0 0 0 0 0 1 0 0 0 0 1 0 0 0 0 1 0 ]
d_0_9=6.986921785796 eijMax=5.536E-03 rmsd=1.562E-01 s=[ 0 0 0 1 1 0 1 1 1 0 0 1 1 1 0 0 0 1 1 1 1 1 1 1 1 0 1 1 1 1 0 1 1 1 1 0 1 ]
num ..... 1000
nnodes .. 37
nedges .. 195
nsols ... 80
nbbsols . 28
tsecs ... 57.385850
