order:    [ 1 9 19 0 2 3 4 5 8 10 13 14 15 18 20 22 23 24 27 28 29 32 33 34 35 36 6 7 11 12 16 17 21 25 26 30 31 ]
atoms:    [ CA CA CA N C N CA C N C N CA C N C N CA C N CA C N CA C H HA H HA H HA H HA H H HA H HA ]
residues: [ 0 2 4 0 0 1 1 1 2 2 3 3 3 4 4 5 5 5 6 6 6 7 7 7 7 7 1 1 2 2 3 3 4 5 5 6 6 ]

d_0_9=5.944263332893 eijMax=8.918E-03 rmsd=4.932E-02 s=[ 0 0 0 0 1 0 0 1 1 0 0 0 1 1 1 1 0 1 1 1 1 1 1 1 1 1 1 1 1 1 1 1 1 1 1 0 1 ]
d_0_9=5.944263332893 eijMax=8.918E-03 rmsd=4.932E-02 s=[ 0 0 0 1 0 1 1 0 0 1 1 1 0 0 0 0 1 0 0 0 0 0 0 0 0 0 0 0 0 0 0 0 0 0 0 1 0 ]
d_0_9=5.945933022973 eijMax=6.929E-03 rmsd=3.806E-02 s=[ 0 0 0 0 1 0 0 1 1 0 0 0 1 1 1 1 0 1 1 1 1 1 1 1 1 1 1 1 1 1 1 1 1 1 1 0 1 ]
d_0_9=5.945933022973 eijMax=6.929E-03 rmsd=3.806E-02 s=[ 0 0 0 1 0 1 1 0 0 1 1 1 0 0 0 0 1 0 0 0 0 0 0 0 0 0 0 0 0 0 0 0 0 0 0 1 0 ]
d_0_9=5.947602713053 eijMax=4.947E-03 rmsd=2.700E-02 s=[ 0 0 0 0 1 0 0 1 1 0 0 0 1 1 1 1 0 1 1 1 1 1 1 1 1 1 1 1 1 1 1 1 1 1 1 0 1 ]
d_0_9=5.947602713053 eijMax=4.947E-03 rmsd=2.700E-02 s=[ 0 0 0 1 0 1 1 0 0 1 1 1 0 0 0 0 1 0 0 0 0 0 0 0 0 0 0 0 0 0 0 0 0 0 0 1 0 ]
d_0_9=5.949272403133 eijMax=2.972E-03 rmsd=1.611E-02 s=[ 0 0 0 0 1 0 0 1 1 0 0 0 1 1 1 1 0 1 1 1 1 1 1 1 1 1 1 1 1 1 1 1 1 1 1 0 1 ]
d_0_9=5.949272403133 eijMax=2.972E-03 rmsd=1.611E-02 s=[ 0 0 0 1 0 1 1 0 0 1 1 1 0 0 0 0 1 0 0 0 0 0 0 0 0 0 0 0 0 0 0 0 0 0 0 1 0 ]
d_0_9=5.950942093213 eijMax=1.004E-03 rmsd=5.384E-03 s=[ 0 0 0 0 1 0 0 1 1 0 0 0 1 1 1 1 0 1 1 1 1 1 1 1 1 1 1 1 1 1 1 1 1 1 1 0 1 ]
d_0_9=5.950942093213 eijMax=1.004E-03 rmsd=5.384E-03 s=[ 0 0 0 1 0 1 1 0 0 1 1 1 0 0 0 0 1 0 0 0 0 0 0 0 0 0 0 0 0 0 0 0 0 0 0 1 0 ]
d_0_9=5.952611783293 eijMax=9.572E-04 rmsd=5.182E-03 s=[ 0 0 0 0 1 0 0 1 1 0 0 0 1 1 1 1 0 1 1 1 1 1 1 1 1 1 1 1 1 1 1 1 1 1 1 0 1 ]
d_0_9=5.952611783293 eijMax=9.572E-04 rmsd=5.182E-03 s=[ 0 0 0 1 0 1 1 0 0 1 1 1 0 0 0 0 1 0 0 0 0 0 0 0 0 0 0 0 0 0 0 0 0 0 0 1 0 ]
d_0_9=5.954281473373 eijMax=2.912E-03 rmsd=1.559E-02 s=[ 0 0 0 0 1 0 0 1 1 0 0 0 1 1 1 1 0 1 1 1 1 1 1 1 1 1 1 1 1 1 1 1 1 1 1 0 1 ]
d_0_9=5.954281473373 eijMax=2.912E-03 rmsd=1.559E-02 s=[ 0 0 0 1 0 1 1 0 0 1 1 1 0 0 0 0 1 0 0 0 0 0 0 0 0 0 0 0 0 0 0 0 0 0 0 1 0 ]
d_0_9=5.955951163453 eijMax=4.861E-03 rmsd=2.586E-02 s=[ 0 0 0 0 1 0 0 1 1 0 0 0 1 1 1 1 0 1 1 1 1 1 1 1 1 1 1 1 1 1 1 1 1 1 1 0 1 ]
d_0_9=5.955951163453 eijMax=4.861E-03 rmsd=2.586E-02 s=[ 0 0 0 1 0 1 1 0 0 1 1 1 0 0 0 0 1 0 0 0 0 0 0 0 0 0 0 0 0 0 0 0 0 0 0 1 0 ]
d_0_9=5.957620853534 eijMax=6.804E-03 rmsd=3.599E-02 s=[ 0 0 0 0 1 0 0 1 1 0 0 0 1 1 1 1 0 1 1 1 1 1 1 1 1 1 1 1 1 1 1 1 1 1 1 0 1 ]
d_0_9=5.957620853534 eijMax=6.804E-03 rmsd=3.599E-02 s=[ 0 0 0 1 0 1 1 0 0 1 1 1 0 0 0 0 1 0 0 0 0 0 0 0 0 0 0 0 0 0 0 0 0 0 0 1 0 ]
d_0_9=5.959290543614 eijMax=8.742E-03 rmsd=4.598E-02 s=[ 0 0 0 0 1 0 0 1 1 0 0 0 1 1 1 1 0 1 1 1 1 1 1 1 1 1 1 1 1 1 1 1 1 1 1 0 1 ]
d_0_9=5.959290543614 eijMax=8.742E-03 rmsd=4.598E-02 s=[ 0 0 0 1 0 1 1 0 0 1 1 1 0 0 0 0 1 0 0 0 0 0 0 0 0 0 0 0 0 0 0 0 0 0 0 1 0 ]
num ..... 1000
nnodes .. 37
nedges .. 201
nsols ... 72
nnonhsols 20
tsecs ... 53.296964
