d_0_9=5.944263332893 eijMax=8.918E-03 rmsd=8.770E-02 s=[ 0 0 0 0 1 0 0 1 1 0 0 0 1 1 1 1 0 1 1 1 1 1 1 1 1 1 1 1 1 1 0 1 0 1 1 0 1 ]
d_0_9=5.944263332893 eijMax=8.918E-03 rmsd=8.658E-02 s=[ 0 0 0 0 1 0 0 1 1 0 0 0 1 1 1 1 0 1 1 1 1 1 1 1 1 1 1 1 1 1 0 1 1 1 1 0 1 ]
d_0_9=5.944263332893 eijMax=8.918E-03 rmsd=5.110E-02 s=[ 0 0 0 0 1 0 0 1 1 0 0 0 1 1 1 1 0 1 1 1 1 1 1 1 1 1 1 1 1 1 1 1 0 1 1 0 1 ]
d_0_9=5.944263332893 eijMax=8.918E-03 rmsd=4.932E-02 s=[ 0 0 0 0 1 0 0 1 1 0 0 0 1 1 1 1 0 1 1 1 1 1 1 1 1 1 1 1 1 1 1 1 1 1 1 0 1 ]
d_0_9=5.944263332893 eijMax=8.918E-03 rmsd=4.932E-02 s=[ 0 0 0 1 0 1 1 0 0 1 1 1 0 0 0 0 1 0 0 0 0 0 0 0 0 0 0 0 0 0 0 0 0 0 0 1 0 ]
d_0_9=5.944263332893 eijMax=8.918E-03 rmsd=5.110E-02 s=[ 0 0 0 1 0 1 1 0 0 1 1 1 0 0 0 0 1 0 0 0 0 0 0 0 0 0 0 0 0 0 0 0 1 0 0 1 0 ]
d_0_9=5.944263332893 eijMax=8.918E-03 rmsd=8.658E-02 s=[ 0 0 0 1 0 1 1 0 0 1 1 1 0 0 0 0 1 0 0 0 0 0 0 0 0 0 0 0 0 0 1 0 0 0 0 1 0 ]
d_0_9=5.944263332893 eijMax=8.918E-03 rmsd=8.770E-02 s=[ 0 0 0 1 0 1 1 0 0 1 1 1 0 0 0 0 1 0 0 0 0 0 0 0 0 0 0 0 0 0 1 0 1 0 0 1 0 ]
d_0_9=5.945933022973 eijMax=6.929E-03 rmsd=8.287E-02 s=[ 0 0 0 0 1 0 0 1 1 0 0 0 1 1 1 1 0 1 1 1 1 1 1 1 1 1 1 1 1 1 0 1 0 1 1 0 1 ]
d_0_9=5.945933022973 eijMax=6.929E-03 rmsd=8.164E-02 s=[ 0 0 0 0 1 0 0 1 1 0 0 0 1 1 1 1 0 1 1 1 1 1 1 1 1 1 1 1 1 1 0 1 1 1 1 0 1 ]
d_0_9=5.945933022973 eijMax=6.929E-03 rmsd=4.045E-02 s=[ 0 0 0 0 1 0 0 1 1 0 0 0 1 1 1 1 0 1 1 1 1 1 1 1 1 1 1 1 1 1 1 1 0 1 1 0 1 ]
d_0_9=5.945933022973 eijMax=6.929E-03 rmsd=3.806E-02 s=[ 0 0 0 0 1 0 0 1 1 0 0 0 1 1 1 1 0 1 1 1 1 1 1 1 1 1 1 1 1 1 1 1 1 1 1 0 1 ]
d_0_9=5.945933022973 eijMax=6.929E-03 rmsd=3.806E-02 s=[ 0 0 0 1 0 1 1 0 0 1 1 1 0 0 0 0 1 0 0 0 0 0 0 0 0 0 0 0 0 0 0 0 0 0 0 1 0 ]
d_0_9=5.945933022973 eijMax=6.929E-03 rmsd=4.045E-02 s=[ 0 0 0 1 0 1 1 0 0 1 1 1 0 0 0 0 1 0 0 0 0 0 0 0 0 0 0 0 0 0 0 0 1 0 0 1 0 ]
d_0_9=5.945933022973 eijMax=6.929E-03 rmsd=8.164E-02 s=[ 0 0 0 1 0 1 1 0 0 1 1 1 0 0 0 0 1 0 0 0 0 0 0 0 0 0 0 0 0 0 1 0 0 0 0 1 0 ]
d_0_9=5.945933022973 eijMax=6.929E-03 rmsd=8.287E-02 s=[ 0 0 0 1 0 1 1 0 0 1 1 1 0 0 0 0 1 0 0 0 0 0 0 0 0 0 0 0 0 0 1 0 1 0 0 1 0 ]
d_0_9=5.947602713053 eijMax=4.947E-03 rmsd=7.940E-02 s=[ 0 0 0 0 1 0 0 1 1 0 0 0 1 1 1 1 0 1 1 1 1 1 1 1 1 1 1 1 1 1 0 1 0 1 1 0 1 ]
d_0_9=5.947602713053 eijMax=4.947E-03 rmsd=7.806E-02 s=[ 0 0 0 0 1 0 0 1 1 0 0 0 1 1 1 1 0 1 1 1 1 1 1 1 1 1 1 1 1 1 0 1 1 1 1 0 1 ]
d_0_9=5.947602713053 eijMax=4.947E-03 rmsd=3.040E-02 s=[ 0 0 0 0 1 0 0 1 1 0 0 0 1 1 1 1 0 1 1 1 1 1 1 1 1 1 1 1 1 1 1 1 0 1 1 0 1 ]
d_0_9=5.947602713053 eijMax=4.947E-03 rmsd=2.700E-02 s=[ 0 0 0 0 1 0 0 1 1 0 0 0 1 1 1 1 0 1 1 1 1 1 1 1 1 1 1 1 1 1 1 1 1 1 1 0 1 ]
d_0_9=5.947602713053 eijMax=4.947E-03 rmsd=2.700E-02 s=[ 0 0 0 1 0 1 1 0 0 1 1 1 0 0 0 0 1 0 0 0 0 0 0 0 0 0 0 0 0 0 0 0 0 0 0 1 0 ]
d_0_9=5.947602713053 eijMax=4.947E-03 rmsd=3.040E-02 s=[ 0 0 0 1 0 1 1 0 0 1 1 1 0 0 0 0 1 0 0 0 0 0 0 0 0 0 0 0 0 0 0 0 1 0 0 1 0 ]
d_0_9=5.947602713053 eijMax=4.947E-03 rmsd=7.806E-02 s=[ 0 0 0 1 0 1 1 0 0 1 1 1 0 0 0 0 1 0 0 0 0 0 0 0 0 0 0 0 0 0 1 0 0 0 0 1 0 ]
d_0_9=5.947602713053 eijMax=4.947E-03 rmsd=7.940E-02 s=[ 0 0 0 1 0 1 1 0 0 1 1 1 0 0 0 0 1 0 0 0 0 0 0 0 0 0 0 0 0 0 1 0 1 0 0 1 0 ]
d_0_9=5.949272403133 eijMax=2.972E-03 rmsd=7.737E-02 s=[ 0 0 0 0 1 0 0 1 1 0 0 0 1 1 1 1 0 1 1 1 1 1 1 1 1 1 1 1 1 1 0 1 0 1 1 0 1 ]
d_0_9=5.949272403133 eijMax=2.972E-03 rmsd=7.595E-02 s=[ 0 0 0 0 1 0 0 1 1 0 0 0 1 1 1 1 0 1 1 1 1 1 1 1 1 1 1 1 1 1 0 1 1 1 1 0 1 ]
d_0_9=5.949272403133 eijMax=2.972E-03 rmsd=2.152E-02 s=[ 0 0 0 0 1 0 0 1 1 0 0 0 1 1 1 1 0 1 1 1 1 1 1 1 1 1 1 1 1 1 1 1 0 1 1 0 1 ]
d_0_9=5.949272403133 eijMax=2.972E-03 rmsd=1.611E-02 s=[ 0 0 0 0 1 0 0 1 1 0 0 0 1 1 1 1 0 1 1 1 1 1 1 1 1 1 1 1 1 1 1 1 1 1 1 0 1 ]
d_0_9=5.949272403133 eijMax=2.972E-03 rmsd=1.611E-02 s=[ 0 0 0 1 0 1 1 0 0 1 1 1 0 0 0 0 1 0 0 0 0 0 0 0 0 0 0 0 0 0 0 0 0 0 0 1 0 ]
d_0_9=5.949272403133 eijMax=2.972E-03 rmsd=2.152E-02 s=[ 0 0 0 1 0 1 1 0 0 1 1 1 0 0 0 0 1 0 0 0 0 0 0 0 0 0 0 0 0 0 0 0 1 0 0 1 0 ]
d_0_9=5.949272403133 eijMax=2.972E-03 rmsd=7.595E-02 s=[ 0 0 0 1 0 1 1 0 0 1 1 1 0 0 0 0 1 0 0 0 0 0 0 0 0 0 0 0 0 0 1 0 0 0 0 1 0 ]
d_0_9=5.949272403133 eijMax=2.972E-03 rmsd=7.737E-02 s=[ 0 0 0 1 0 1 1 0 0 1 1 1 0 0 0 0 1 0 0 0 0 0 0 0 0 0 0 0 0 0 1 0 1 0 0 1 0 ]
d_0_9=5.950942093213 eijMax=1.948E-03 rmsd=7.684E-02 s=[ 0 0 0 0 1 0 0 1 1 0 0 0 1 1 1 1 0 1 1 1 1 1 1 1 1 1 1 1 1 1 0 1 0 1 1 0 1 ]
d_0_9=5.950942093213 eijMax=1.948E-03 rmsd=7.535E-02 s=[ 0 0 0 0 1 0 0 1 1 0 0 0 1 1 1 1 0 1 1 1 1 1 1 1 1 1 1 1 1 1 0 1 1 1 1 0 1 ]
d_0_9=5.950942093213 eijMax=1.004E-03 rmsd=1.551E-02 s=[ 0 0 0 0 1 0 0 1 1 0 0 0 1 1 1 1 0 1 1 1 1 1 1 1 1 1 1 1 1 1 1 1 0 1 1 0 1 ]
d_0_9=5.950942093213 eijMax=1.004E-03 rmsd=5.384E-03 s=[ 0 0 0 0 1 0 0 1 1 0 0 0 1 1 1 1 0 1 1 1 1 1 1 1 1 1 1 1 1 1 1 1 1 1 1 0 1 ]
d_0_9=5.950942093213 eijMax=1.004E-03 rmsd=5.384E-03 s=[ 0 0 0 1 0 1 1 0 0 1 1 1 0 0 0 0 1 0 0 0 0 0 0 0 0 0 0 0 0 0 0 0 0 0 0 1 0 ]
d_0_9=5.950942093213 eijMax=1.004E-03 rmsd=1.551E-02 s=[ 0 0 0 1 0 1 1 0 0 1 1 1 0 0 0 0 1 0 0 0 0 0 0 0 0 0 0 0 0 0 0 0 1 0 0 1 0 ]
d_0_9=5.950942093213 eijMax=1.948E-03 rmsd=7.535E-02 s=[ 0 0 0 1 0 1 1 0 0 1 1 1 0 0 0 0 1 0 0 0 0 0 0 0 0 0 0 0 0 0 1 0 0 0 0 1 0 ]
d_0_9=5.950942093213 eijMax=1.948E-03 rmsd=7.684E-02 s=[ 0 0 0 1 0 1 1 0 0 1 1 1 0 0 0 0 1 0 0 0 0 0 0 0 0 0 0 0 0 0 1 0 1 0 0 1 0 ]
d_0_9=5.952611783293 eijMax=1.948E-03 rmsd=7.776E-02 s=[ 0 0 0 0 1 0 0 1 1 0 0 0 1 1 1 1 0 1 1 1 1 1 1 1 1 1 1 1 1 1 0 1 0 1 1 0 1 ]
d_0_9=5.952611783293 eijMax=1.948E-03 rmsd=7.623E-02 s=[ 0 0 0 0 1 0 0 1 1 0 0 0 1 1 1 1 0 1 1 1 1 1 1 1 1 1 1 1 1 1 0 1 1 1 1 0 1 ]
d_0_9=5.952611783293 eijMax=9.572E-04 rmsd=1.569E-02 s=[ 0 0 0 0 1 0 0 1 1 0 0 0 1 1 1 1 0 1 1 1 1 1 1 1 1 1 1 1 1 1 1 1 0 1 1 0 1 ]
d_0_9=5.952611783293 eijMax=9.572E-04 rmsd=5.182E-03 s=[ 0 0 0 0 1 0 0 1 1 0 0 0 1 1 1 1 0 1 1 1 1 1 1 1 1 1 1 1 1 1 1 1 1 1 1 0 1 ]
d_0_9=5.952611783293 eijMax=9.572E-04 rmsd=5.182E-03 s=[ 0 0 0 1 0 1 1 0 0 1 1 1 0 0 0 0 1 0 0 0 0 0 0 0 0 0 0 0 0 0 0 0 0 0 0 1 0 ]
d_0_9=5.952611783293 eijMax=9.572E-04 rmsd=1.569E-02 s=[ 0 0 0 1 0 1 1 0 0 1 1 1 0 0 0 0 1 0 0 0 0 0 0 0 0 0 0 0 0 0 0 0 1 0 0 1 0 ]
d_0_9=5.952611783293 eijMax=1.948E-03 rmsd=7.623E-02 s=[ 0 0 0 1 0 1 1 0 0 1 1 1 0 0 0 0 1 0 0 0 0 0 0 0 0 0 0 0 0 0 1 0 0 0 0 1 0 ]
d_0_9=5.952611783293 eijMax=1.948E-03 rmsd=7.776E-02 s=[ 0 0 0 1 0 1 1 0 0 1 1 1 0 0 0 0 1 0 0 0 0 0 0 0 0 0 0 0 0 0 1 0 1 0 0 1 0 ]
d_0_9=5.954281473373 eijMax=2.912E-03 rmsd=8.002E-02 s=[ 0 0 0 0 1 0 0 1 1 0 0 0 1 1 1 1 0 1 1 1 1 1 1 1 1 1 1 1 1 1 0 1 0 1 1 0 1 ]
d_0_9=5.954281473373 eijMax=2.912E-03 rmsd=7.849E-02 s=[ 0 0 0 0 1 0 0 1 1 0 0 0 1 1 1 1 0 1 1 1 1 1 1 1 1 1 1 1 1 1 0 1 1 1 1 0 1 ]
d_0_9=5.954281473373 eijMax=2.912E-03 rmsd=2.169E-02 s=[ 0 0 0 0 1 0 0 1 1 0 0 0 1 1 1 1 0 1 1 1 1 1 1 1 1 1 1 1 1 1 1 1 0 1 1 0 1 ]
d_0_9=5.954281473373 eijMax=2.912E-03 rmsd=1.559E-02 s=[ 0 0 0 0 1 0 0 1 1 0 0 0 1 1 1 1 0 1 1 1 1 1 1 1 1 1 1 1 1 1 1 1 1 1 1 0 1 ]
d_0_9=5.954281473373 eijMax=2.912E-03 rmsd=1.559E-02 s=[ 0 0 0 1 0 1 1 0 0 1 1 1 0 0 0 0 1 0 0 0 0 0 0 0 0 0 0 0 0 0 0 0 0 0 0 1 0 ]
d_0_9=5.954281473373 eijMax=2.912E-03 rmsd=2.169E-02 s=[ 0 0 0 1 0 1 1 0 0 1 1 1 0 0 0 0 1 0 0 0 0 0 0 0 0 0 0 0 0 0 0 0 1 0 0 1 0 ]
d_0_9=5.954281473373 eijMax=2.912E-03 rmsd=7.849E-02 s=[ 0 0 0 1 0 1 1 0 0 1 1 1 0 0 0 0 1 0 0 0 0 0 0 0 0 0 0 0 0 0 1 0 0 0 0 1 0 ]
d_0_9=5.954281473373 eijMax=2.912E-03 rmsd=8.002E-02 s=[ 0 0 0 1 0 1 1 0 0 1 1 1 0 0 0 0 1 0 0 0 0 0 0 0 0 0 0 0 0 0 1 0 1 0 0 1 0 ]
d_0_9=5.955951163453 eijMax=4.861E-03 rmsd=8.346E-02 s=[ 0 0 0 0 1 0 0 1 1 0 0 0 1 1 1 1 0 1 1 1 1 1 1 1 1 1 1 1 1 1 0 1 0 1 1 0 1 ]
d_0_9=5.955951163453 eijMax=4.861E-03 rmsd=8.195E-02 s=[ 0 0 0 0 1 0 0 1 1 0 0 0 1 1 1 1 0 1 1 1 1 1 1 1 1 1 1 1 1 1 0 1 1 1 1 0 1 ]
d_0_9=5.955951163453 eijMax=4.861E-03 rmsd=3.006E-02 s=[ 0 0 0 0 1 0 0 1 1 0 0 0 1 1 1 1 0 1 1 1 1 1 1 1 1 1 1 1 1 1 1 1 0 1 1 0 1 ]
d_0_9=5.955951163453 eijMax=4.861E-03 rmsd=2.586E-02 s=[ 0 0 0 0 1 0 0 1 1 0 0 0 1 1 1 1 0 1 1 1 1 1 1 1 1 1 1 1 1 1 1 1 1 1 1 0 1 ]
d_0_9=5.955951163453 eijMax=4.861E-03 rmsd=2.586E-02 s=[ 0 0 0 1 0 1 1 0 0 1 1 1 0 0 0 0 1 0 0 0 0 0 0 0 0 0 0 0 0 0 0 0 0 0 0 1 0 ]
d_0_9=5.955951163453 eijMax=4.861E-03 rmsd=3.006E-02 s=[ 0 0 0 1 0 1 1 0 0 1 1 1 0 0 0 0 1 0 0 0 0 0 0 0 0 0 0 0 0 0 0 0 1 0 0 1 0 ]
d_0_9=5.955951163453 eijMax=4.861E-03 rmsd=8.195E-02 s=[ 0 0 0 1 0 1 1 0 0 1 1 1 0 0 0 0 1 0 0 0 0 0 0 0 0 0 0 0 0 0 1 0 0 0 0 1 0 ]
d_0_9=5.955951163453 eijMax=4.861E-03 rmsd=8.346E-02 s=[ 0 0 0 1 0 1 1 0 0 1 1 1 0 0 0 0 1 0 0 0 0 0 0 0 0 0 0 0 0 0 1 0 1 0 0 1 0 ]
d_0_9=5.957620853534 eijMax=6.804E-03 rmsd=3.921E-02 s=[ 0 0 0 0 1 0 0 1 1 0 0 0 1 1 1 1 0 1 1 1 1 1 1 1 1 1 1 1 1 1 1 1 0 1 1 0 1 ]
d_0_9=5.957620853534 eijMax=6.804E-03 rmsd=3.599E-02 s=[ 0 0 0 0 1 0 0 1 1 0 0 0 1 1 1 1 0 1 1 1 1 1 1 1 1 1 1 1 1 1 1 1 1 1 1 0 1 ]
d_0_9=5.957620853534 eijMax=6.804E-03 rmsd=3.599E-02 s=[ 0 0 0 1 0 1 1 0 0 1 1 1 0 0 0 0 1 0 0 0 0 0 0 0 0 0 0 0 0 0 0 0 0 0 0 1 0 ]
d_0_9=5.957620853534 eijMax=6.804E-03 rmsd=3.921E-02 s=[ 0 0 0 1 0 1 1 0 0 1 1 1 0 0 0 0 1 0 0 0 0 0 0 0 0 0 0 0 0 0 0 0 1 0 0 1 0 ]
d_0_9=5.959290543614 eijMax=8.742E-03 rmsd=4.863E-02 s=[ 0 0 0 0 1 0 0 1 1 0 0 0 1 1 1 1 0 1 1 1 1 1 1 1 1 1 1 1 1 1 1 1 0 1 1 0 1 ]
d_0_9=5.959290543614 eijMax=8.742E-03 rmsd=4.598E-02 s=[ 0 0 0 0 1 0 0 1 1 0 0 0 1 1 1 1 0 1 1 1 1 1 1 1 1 1 1 1 1 1 1 1 1 1 1 0 1 ]
d_0_9=5.959290543614 eijMax=8.742E-03 rmsd=4.598E-02 s=[ 0 0 0 1 0 1 1 0 0 1 1 1 0 0 0 0 1 0 0 0 0 0 0 0 0 0 0 0 0 0 0 0 0 0 0 1 0 ]
d_0_9=5.959290543614 eijMax=8.742E-03 rmsd=4.863E-02 s=[ 0 0 0 1 0 1 1 0 0 1 1 1 0 0 0 0 1 0 0 0 0 0 0 0 0 0 0 0 0 0 0 0 1 0 0 1 0 ]
num ..... 1000
nnodes .. 37
nedges .. 201
nsols ... 72
tsecs ... 53.296964
