d_0_10=5.670836706061 eijMax=6.922E-03 rmsd=9.004E-02 s=[ 0 0 0 0 1 0 1 1 1 1 0 1 1 1 0 0 1 1 1 1 1 1 1 1 1 1 0 0 1 0 1 1 1 1 0 1 0 ]
d_0_10=5.670836706061 eijMax=6.922E-03 rmsd=1.154E-01 s=[ 0 0 0 0 1 0 1 1 1 1 0 1 1 1 0 0 1 1 1 1 1 1 1 1 1 1 0 0 1 0 1 1 1 1 0 1 1 ]
d_0_10=5.670836706061 eijMax=6.922E-03 rmsd=1.047E-01 s=[ 0 0 0 0 1 0 1 1 1 1 0 1 1 1 0 0 1 1 1 1 1 1 1 1 1 1 0 1 1 0 1 1 1 1 0 1 0 ]
d_0_10=5.670836706061 eijMax=6.922E-03 rmsd=1.268E-01 s=[ 0 0 0 0 1 0 1 1 1 1 0 1 1 1 0 0 1 1 1 1 1 1 1 1 1 1 0 1 1 0 1 1 1 1 0 1 1 ]
d_0_10=5.670836706061 eijMax=6.922E-03 rmsd=8.732E-02 s=[ 0 0 0 0 1 0 1 1 1 1 0 1 1 1 0 0 1 1 1 1 1 1 1 1 1 1 1 0 1 0 1 1 1 1 0 1 0 ]
d_0_10=5.670836706061 eijMax=6.922E-03 rmsd=1.135E-01 s=[ 0 0 0 0 1 0 1 1 1 1 0 1 1 1 0 0 1 1 1 1 1 1 1 1 1 1 1 0 1 0 1 1 1 1 0 1 1 ]
d_0_10=5.670836706061 eijMax=6.922E-03 rmsd=1.022E-01 s=[ 0 0 0 0 1 0 1 1 1 1 0 1 1 1 0 0 1 1 1 1 1 1 1 1 1 1 1 1 1 0 1 1 1 1 0 1 0 ]
d_0_10=5.670836706061 eijMax=6.922E-03 rmsd=1.249E-01 s=[ 0 0 0 0 1 0 1 1 1 1 0 1 1 1 0 0 1 1 1 1 1 1 1 1 1 1 1 1 1 0 1 1 1 1 0 1 1 ]
d_0_10=5.670836706061 eijMax=6.922E-03 rmsd=1.249E-01 s=[ 0 0 0 1 0 1 0 0 0 0 1 0 0 0 1 1 0 0 0 0 0 0 0 0 0 0 0 0 0 1 0 0 0 0 1 0 0 ]
d_0_10=5.670836706061 eijMax=6.922E-03 rmsd=1.022E-01 s=[ 0 0 0 1 0 1 0 0 0 0 1 0 0 0 1 1 0 0 0 0 0 0 0 0 0 0 0 0 0 1 0 0 0 0 1 0 1 ]
d_0_10=5.670836706061 eijMax=6.922E-03 rmsd=1.135E-01 s=[ 0 0 0 1 0 1 0 0 0 0 1 0 0 0 1 1 0 0 0 0 0 0 0 0 0 0 0 1 0 1 0 0 0 0 1 0 0 ]
d_0_10=5.670836706061 eijMax=6.922E-03 rmsd=8.732E-02 s=[ 0 0 0 1 0 1 0 0 0 0 1 0 0 0 1 1 0 0 0 0 0 0 0 0 0 0 0 1 0 1 0 0 0 0 1 0 1 ]
d_0_10=5.670836706061 eijMax=6.922E-03 rmsd=1.268E-01 s=[ 0 0 0 1 0 1 0 0 0 0 1 0 0 0 1 1 0 0 0 0 0 0 0 0 0 0 1 0 0 1 0 0 0 0 1 0 0 ]
d_0_10=5.670836706061 eijMax=6.922E-03 rmsd=1.047E-01 s=[ 0 0 0 1 0 1 0 0 0 0 1 0 0 0 1 1 0 0 0 0 0 0 0 0 0 0 1 0 0 1 0 0 0 0 1 0 1 ]
d_0_10=5.670836706061 eijMax=6.922E-03 rmsd=1.154E-01 s=[ 0 0 0 1 0 1 0 0 0 0 1 0 0 0 1 1 0 0 0 0 0 0 0 0 0 0 1 1 0 1 0 0 0 0 1 0 0 ]
d_0_10=5.670836706061 eijMax=6.922E-03 rmsd=9.004E-02 s=[ 0 0 0 1 0 1 0 0 0 0 1 0 0 0 1 1 0 0 0 0 0 0 0 0 0 0 1 1 0 1 0 0 0 0 1 0 1 ]
num ..... 100
nnodes .. 37
nedges .. 199
nsols ... 16
tsecs ... 2.412937
