d_0_10=6.010024153904 eijMax=4.608E-03 rmsd=6.509E-02 s=[ 0 0 0 0 0 0 0 1 1 0 0 0 1 1 0 1 0 1 1 1 1 1 1 1 0 1 1 0 1 1 1 1 1 1 1 1 1 1 1 ]
d_0_10=6.010024153904 eijMax=4.608E-03 rmsd=6.509E-02 s=[ 0 0 0 1 1 1 1 0 0 1 1 1 0 0 1 0 1 0 0 0 0 0 0 0 1 0 0 1 0 0 0 0 0 0 0 0 0 0 0 ]
d_0_10=6.011245798338 eijMax=3.309E-03 rmsd=4.696E-02 s=[ 0 0 0 0 0 0 0 1 1 0 0 0 1 1 0 1 0 1 1 1 1 1 1 1 0 1 1 0 1 1 1 1 1 1 1 1 1 1 1 ]
d_0_10=6.011245798338 eijMax=3.309E-03 rmsd=4.696E-02 s=[ 0 0 0 1 1 1 1 0 0 1 1 1 0 0 1 0 1 0 0 0 0 0 0 0 1 0 0 1 0 0 0 0 0 0 0 0 0 0 0 ]
d_0_10=6.012467442773 eijMax=2.014E-03 rmsd=2.875E-02 s=[ 0 0 0 0 0 0 0 1 1 0 0 0 1 1 0 1 0 1 1 1 1 1 1 1 0 1 1 0 1 1 1 1 1 1 1 1 1 1 1 ]
d_0_10=6.012467442773 eijMax=2.014E-03 rmsd=2.875E-02 s=[ 0 0 0 1 1 1 1 0 0 1 1 1 0 0 1 0 1 0 0 0 0 0 0 0 1 0 0 1 0 0 0 0 0 0 0 0 0 0 0 ]
d_0_10=6.013689087207 eijMax=7.227E-04 rmsd=1.045E-02 s=[ 0 0 0 0 0 0 0 1 1 0 0 0 1 1 0 1 0 1 1 1 1 1 1 1 0 1 1 0 1 1 1 1 1 1 1 1 1 1 1 ]
d_0_10=6.013689087207 eijMax=7.227E-04 rmsd=1.045E-02 s=[ 0 0 0 1 1 1 1 0 0 1 1 1 0 0 1 0 1 0 0 0 0 0 0 0 1 0 0 1 0 0 0 0 0 0 0 0 0 0 0 ]
d_0_10=6.014910731642 eijMax=5.647E-04 rmsd=7.950E-03 s=[ 0 0 0 0 0 0 0 1 1 0 0 0 1 1 0 1 0 1 1 1 1 1 1 1 0 1 1 0 1 1 1 1 1 1 1 1 1 1 1 ]
d_0_10=6.014910731642 eijMax=5.647E-04 rmsd=7.950E-03 s=[ 0 0 0 1 1 1 1 0 0 1 1 1 0 0 1 0 1 0 0 0 0 0 0 0 1 0 0 1 0 0 0 0 0 0 0 0 0 0 0 ]
d_0_10=6.016132376076 eijMax=1.848E-03 rmsd=2.645E-02 s=[ 0 0 0 0 0 0 0 1 1 0 0 0 1 1 0 1 0 1 1 1 1 1 1 1 0 1 1 0 1 1 1 1 1 1 1 1 1 1 1 ]
d_0_10=6.016132376076 eijMax=1.848E-03 rmsd=2.645E-02 s=[ 0 0 0 1 1 1 1 0 0 1 1 1 0 0 1 0 1 0 0 0 0 0 0 0 1 0 0 1 0 0 0 0 0 0 0 0 0 0 0 ]
d_0_10=6.017354020511 eijMax=3.127E-03 rmsd=4.507E-02 s=[ 0 0 0 0 0 0 0 1 1 0 0 0 1 1 0 1 0 1 1 1 1 1 1 1 0 1 1 0 1 1 1 1 1 1 1 1 1 1 1 ]
d_0_10=6.017354020511 eijMax=3.127E-03 rmsd=4.507E-02 s=[ 0 0 0 1 1 1 1 0 0 1 1 1 0 0 1 0 1 0 0 0 0 0 0 0 1 0 0 1 0 0 0 0 0 0 0 0 0 0 0 ]
d_0_10=6.018575664945 eijMax=4.402E-03 rmsd=6.831E-02 s=[ 0 0 0 0 0 0 0 1 1 0 0 0 1 1 0 1 0 1 1 1 1 1 1 1 0 1 1 0 1 1 1 0 1 1 1 1 1 1 1 ]
d_0_10=6.018575664945 eijMax=4.402E-03 rmsd=6.380E-02 s=[ 0 0 0 0 0 0 0 1 1 0 0 0 1 1 0 1 0 1 1 1 1 1 1 1 0 1 1 0 1 1 1 1 1 1 1 1 1 1 1 ]
d_0_10=6.018575664945 eijMax=4.402E-03 rmsd=6.380E-02 s=[ 0 0 0 1 1 1 1 0 0 1 1 1 0 0 1 0 1 0 0 0 0 0 0 0 1 0 0 1 0 0 0 0 0 0 0 0 0 0 0 ]
d_0_10=6.018575664945 eijMax=4.402E-03 rmsd=6.831E-02 s=[ 0 0 0 1 1 1 1 0 0 1 1 1 0 0 1 0 1 0 0 0 0 0 0 0 1 0 0 1 0 0 0 1 0 0 0 0 0 0 0 ]
d_0_10=6.019797309379 eijMax=5.672E-03 rmsd=8.585E-02 s=[ 0 0 0 0 0 0 0 1 1 0 0 0 1 1 0 1 0 1 1 1 1 1 1 1 0 1 1 0 1 1 1 0 1 1 1 1 1 1 1 ]
d_0_10=6.019797309379 eijMax=5.672E-03 rmsd=8.267E-02 s=[ 0 0 0 0 0 0 0 1 1 0 0 0 1 1 0 1 0 1 1 1 1 1 1 1 0 1 1 0 1 1 1 1 1 1 1 1 1 1 1 ]
d_0_10=6.019797309379 eijMax=5.672E-03 rmsd=8.267E-02 s=[ 0 0 0 1 1 1 1 0 0 1 1 1 0 0 1 0 1 0 0 0 0 0 0 0 1 0 0 1 0 0 0 0 0 0 0 0 0 0 0 ]
d_0_10=6.019797309379 eijMax=5.672E-03 rmsd=8.585E-02 s=[ 0 0 0 1 1 1 1 0 0 1 1 1 0 0 1 0 1 0 0 0 0 0 0 0 1 0 0 1 0 0 0 1 0 0 0 0 0 0 0 ]
d_0_10=6.021018953814 eijMax=6.938E-03 rmsd=1.017E-01 s=[ 0 0 0 0 0 0 0 1 1 0 0 0 1 1 0 1 0 1 1 1 1 1 1 1 0 1 1 0 1 1 1 1 1 1 1 1 1 1 1 ]
d_0_10=6.021018953814 eijMax=6.938E-03 rmsd=1.017E-01 s=[ 0 0 0 1 1 1 1 0 0 1 1 1 0 0 1 0 1 0 0 0 0 0 0 0 1 0 0 1 0 0 0 0 0 0 0 0 0 0 0 ]
d_0_10=6.022240598248 eijMax=8.199E-03 rmsd=1.208E-01 s=[ 0 0 0 0 0 0 0 1 1 0 0 0 1 1 0 1 0 1 1 1 1 1 1 1 0 1 1 0 1 1 1 1 1 1 1 1 1 1 1 ]
d_0_10=6.022240598248 eijMax=8.199E-03 rmsd=1.208E-01 s=[ 0 0 0 1 1 1 1 0 0 1 1 1 0 0 1 0 1 0 0 0 0 0 0 0 1 0 0 1 0 0 0 0 0 0 0 0 0 0 0 ]
d_0_10=6.023462242683 eijMax=9.455E-03 rmsd=1.402E-01 s=[ 0 0 0 0 0 0 0 1 1 0 0 0 1 1 0 1 0 1 1 1 1 1 1 1 0 1 1 0 1 1 1 1 1 1 1 1 1 1 1 ]
d_0_10=6.023462242683 eijMax=9.455E-03 rmsd=1.402E-01 s=[ 0 0 0 1 1 1 1 0 0 1 1 1 0 0 1 0 1 0 0 0 0 0 0 0 1 0 0 1 0 0 0 0 0 0 0 0 0 0 0 ]
num ..... 1000
nnodes .. 39
nedges .. 216
nsols ... 28
tsecs ... 72.896040
