order:    [ 1 9 19 0 2 3 4 5 8 10 13 14 15 18 20 22 23 24 27 28 29 32 33 34 35 36 6 7 11 12 16 17 21 25 26 30 31 ]
atoms:    [ CA CA CA N C N CA C N C N CA C N C N CA C N CA C N CA C H HA H HA H HA H HA HA H HA H HA ]
residues: [ 0 2 4 0 0 1 1 1 2 2 3 3 3 4 4 5 5 5 6 6 6 7 7 7 7 7 1 1 2 2 3 3 4 5 5 6 6 ]

We use a different pair of symbles to represent the bits values which are associated with the HA and H of the discretized distance, and another one to represent the bits of other hydrogens.
For the HA and H from the discretized distance:
	"+" means 0
	"-" means 1
For any other hydrogens:
	">" means 0
	"<" means 1

d_0_9=7.116554302503 s=[ 0 0 0 0 1 0 0 1 1 0 0 1 1 1 0 1 0 1 1 1 1 1 1 1 < < < < < < > < < < < < < ]
7.116554302503 s=[ 0 0 0 0 1 0 0 1 1 0 0 1 1 1 0 1 0 1 1 1 1 1 1 1 > < < < < < > < < > < > < ]
7.116554302503 s=[ 0 0 0 0 1 0 0 1 1 0 0 1 1 1 0 1 0 1 1 1 1 1 1 1 > < < < < < > < < > < < < ]
7.116554302503 s=[ 0 0 0 0 1 0 0 1 1 0 0 1 1 1 0 1 0 1 1 1 1 1 1 1 > < < < < < > < < < < > < ]
7.116554302503 s=[ 0 0 0 0 1 0 0 1 1 0 0 1 1 1 0 1 0 1 1 1 1 1 1 1 > < < < < < > < < < < < < ]
7.116554302503 s=[ 0 0 0 0 1 0 0 1 1 0 0 1 1 1 0 1 0 1 1 1 1 1 1 1 < < < < < < > < < > < > < ]
7.116554302503 s=[ 0 0 0 0 1 0 0 1 1 0 0 1 1 1 0 1 0 1 1 1 1 1 1 1 < < < < < < > < < > < < < ]
7.116554302503 s=[ 0 0 0 0 1 0 0 1 1 0 0 1 1 1 0 1 0 1 1 1 1 1 1 1 < < < < < < > < < < < > < ]

d_0_9=7.116554302503 s=[ 0 0 0 1 0 1 1 0 0 1 1 0 0 0 1 0 1 0 0 0 0 0 0 0 > > > > > > < > > > > > > ]
7.116554302503 s=[ 0 0 0 1 0 1 1 0 0 1 1 0 0 0 1 0 1 0 0 0 0 0 0 0 > > > > > > < > > > > < > ]
7.116554302503 s=[ 0 0 0 1 0 1 1 0 0 1 1 0 0 0 1 0 1 0 0 0 0 0 0 0 > > > > > > < > > < > > > ]
7.116554302503 s=[ 0 0 0 1 0 1 1 0 0 1 1 0 0 0 1 0 1 0 0 0 0 0 0 0 > > > > > > < > > < > < > ]
7.116554302503 s=[ 0 0 0 1 0 1 1 0 0 1 1 0 0 0 1 0 1 0 0 0 0 0 0 0 < > > > > > < > > > > > > ]
7.116554302503 s=[ 0 0 0 1 0 1 1 0 0 1 1 0 0 0 1 0 1 0 0 0 0 0 0 0 < > > > > > < > > > > < > ]
7.116554302503 s=[ 0 0 0 1 0 1 1 0 0 1 1 0 0 0 1 0 1 0 0 0 0 0 0 0 < > > > > > < > > < > > > ]
7.116554302503 s=[ 0 0 0 1 0 1 1 0 0 1 1 0 0 0 1 0 1 0 0 0 0 0 0 0 < > > > > > < > > < > < > ]

d_0_9=7.117020182513 s=[ 0 0 0 0 1 0 0 1 1 0 0 1 1 1 0 1 0 1 1 1 1 1 1 1 < < < < < < > < < < < < < ]
7.117020182513 s=[ 0 0 0 0 1 0 0 1 1 0 0 1 1 1 0 1 0 1 1 1 1 1 1 1 > < < < < < > < < > < > < ]
7.117020182513 s=[ 0 0 0 0 1 0 0 1 1 0 0 1 1 1 0 1 0 1 1 1 1 1 1 1 > < < < < < > < < > < < < ]
7.117020182513 s=[ 0 0 0 0 1 0 0 1 1 0 0 1 1 1 0 1 0 1 1 1 1 1 1 1 > < < < < < > < < < < > < ]
7.117020182513 s=[ 0 0 0 0 1 0 0 1 1 0 0 1 1 1 0 1 0 1 1 1 1 1 1 1 > < < < < < > < < < < < < ]
7.117020182513 s=[ 0 0 0 0 1 0 0 1 1 0 0 1 1 1 0 1 0 1 1 1 1 1 1 1 < < < < < < > < < > < > < ]
7.117020182513 s=[ 0 0 0 0 1 0 0 1 1 0 0 1 1 1 0 1 0 1 1 1 1 1 1 1 < < < < < < > < < > < < < ]
7.117020182513 s=[ 0 0 0 0 1 0 0 1 1 0 0 1 1 1 0 1 0 1 1 1 1 1 1 1 < < < < < < > < < < < > < ]

d_0_9=7.117020182513 s=[ 0 0 0 1 0 1 1 0 0 1 1 0 0 0 1 0 1 0 0 0 0 0 0 0 > > > > > > < > > > > > > ]
7.117020182513 s=[ 0 0 0 1 0 1 1 0 0 1 1 0 0 0 1 0 1 0 0 0 0 0 0 0 > > > > > > < > > > > < > ]
7.117020182513 s=[ 0 0 0 1 0 1 1 0 0 1 1 0 0 0 1 0 1 0 0 0 0 0 0 0 > > > > > > < > > < > > > ]
7.117020182513 s=[ 0 0 0 1 0 1 1 0 0 1 1 0 0 0 1 0 1 0 0 0 0 0 0 0 > > > > > > < > > < > < > ]
7.117020182513 s=[ 0 0 0 1 0 1 1 0 0 1 1 0 0 0 1 0 1 0 0 0 0 0 0 0 < > > > > > < > > > > > > ]
7.117020182513 s=[ 0 0 0 1 0 1 1 0 0 1 1 0 0 0 1 0 1 0 0 0 0 0 0 0 < > > > > > < > > > > < > ]
7.117020182513 s=[ 0 0 0 1 0 1 1 0 0 1 1 0 0 0 1 0 1 0 0 0 0 0 0 0 < > > > > > < > > < > > > ]
7.117020182513 s=[ 0 0 0 1 0 1 1 0 0 1 1 0 0 0 1 0 1 0 0 0 0 0 0 0 < > > > > > < > > < > < > ]

d_0_9=7.117486062523 s=[ 0 0 0 0 1 0 0 1 1 0 0 1 1 1 0 1 0 1 1 1 1 1 1 1 < < < < < < > < < < < < < ]
7.117486062523 s=[ 0 0 0 0 1 0 0 1 1 0 0 1 1 1 0 1 0 1 1 1 1 1 1 1 > < < < < < > < < > < > < ]
7.117486062523 s=[ 0 0 0 0 1 0 0 1 1 0 0 1 1 1 0 1 0 1 1 1 1 1 1 1 > < < < < < > < < > < < < ]
7.117486062523 s=[ 0 0 0 0 1 0 0 1 1 0 0 1 1 1 0 1 0 1 1 1 1 1 1 1 > < < < < < > < < < < > < ]
7.117486062523 s=[ 0 0 0 0 1 0 0 1 1 0 0 1 1 1 0 1 0 1 1 1 1 1 1 1 > < < < < < > < < < < < < ]
7.117486062523 s=[ 0 0 0 0 1 0 0 1 1 0 0 1 1 1 0 1 0 1 1 1 1 1 1 1 < < < < < < > < < > < > < ]
7.117486062523 s=[ 0 0 0 0 1 0 0 1 1 0 0 1 1 1 0 1 0 1 1 1 1 1 1 1 < < < < < < > < < > < < < ]
7.117486062523 s=[ 0 0 0 0 1 0 0 1 1 0 0 1 1 1 0 1 0 1 1 1 1 1 1 1 < < < < < < > < < < < > < ]

d_0_9=7.117486062523 s=[ 0 0 0 1 0 1 1 0 0 1 1 0 0 0 1 0 1 0 0 0 0 0 0 0 > > > > > > < > > > > > > ]
7.117486062523 s=[ 0 0 0 1 0 1 1 0 0 1 1 0 0 0 1 0 1 0 0 0 0 0 0 0 > > > > > > < > > > > < > ]
7.117486062523 s=[ 0 0 0 1 0 1 1 0 0 1 1 0 0 0 1 0 1 0 0 0 0 0 0 0 > > > > > > < > > < > > > ]
7.117486062523 s=[ 0 0 0 1 0 1 1 0 0 1 1 0 0 0 1 0 1 0 0 0 0 0 0 0 > > > > > > < > > < > < > ]
7.117486062523 s=[ 0 0 0 1 0 1 1 0 0 1 1 0 0 0 1 0 1 0 0 0 0 0 0 0 < > > > > > < > > > > > > ]
7.117486062523 s=[ 0 0 0 1 0 1 1 0 0 1 1 0 0 0 1 0 1 0 0 0 0 0 0 0 < > > > > > < > > > > < > ]
7.117486062523 s=[ 0 0 0 1 0 1 1 0 0 1 1 0 0 0 1 0 1 0 0 0 0 0 0 0 < > > > > > < > > < > > > ]
7.117486062523 s=[ 0 0 0 1 0 1 1 0 0 1 1 0 0 0 1 0 1 0 0 0 0 0 0 0 < > > > > > < > > < > < > ]

d_0_9=7.117951942533 s=[ 0 0 0 0 1 0 0 1 1 0 0 1 1 1 0 1 0 1 1 1 1 1 1 1 < < < < < < > < < < < < < ]
7.117951942533 s=[ 0 0 0 0 1 0 0 1 1 0 0 1 1 1 0 1 0 1 1 1 1 1 1 1 > < < < < < > < < > < > < ]
7.117951942533 s=[ 0 0 0 0 1 0 0 1 1 0 0 1 1 1 0 1 0 1 1 1 1 1 1 1 > < < < < < > < < > < < < ]
7.117951942533 s=[ 0 0 0 0 1 0 0 1 1 0 0 1 1 1 0 1 0 1 1 1 1 1 1 1 > < < < < < > < < < < > < ]
7.117951942533 s=[ 0 0 0 0 1 0 0 1 1 0 0 1 1 1 0 1 0 1 1 1 1 1 1 1 > < < < < < > < < < < < < ]
7.117951942533 s=[ 0 0 0 0 1 0 0 1 1 0 0 1 1 1 0 1 0 1 1 1 1 1 1 1 < < < < < < > < < > < > < ]
7.117951942533 s=[ 0 0 0 0 1 0 0 1 1 0 0 1 1 1 0 1 0 1 1 1 1 1 1 1 < < < < < < > < < > < < < ]
7.117951942533 s=[ 0 0 0 0 1 0 0 1 1 0 0 1 1 1 0 1 0 1 1 1 1 1 1 1 < < < < < < > < < < < > < ]

d_0_9=7.117951942533 s=[ 0 0 0 1 0 1 1 0 0 1 1 0 0 0 1 0 1 0 0 0 0 0 0 0 > > > > > > < > > > > > > ]
7.117951942533 s=[ 0 0 0 1 0 1 1 0 0 1 1 0 0 0 1 0 1 0 0 0 0 0 0 0 > > > > > > < > > > > < > ]
7.117951942533 s=[ 0 0 0 1 0 1 1 0 0 1 1 0 0 0 1 0 1 0 0 0 0 0 0 0 > > > > > > < > > < > > > ]
7.117951942533 s=[ 0 0 0 1 0 1 1 0 0 1 1 0 0 0 1 0 1 0 0 0 0 0 0 0 > > > > > > < > > < > < > ]
7.117951942533 s=[ 0 0 0 1 0 1 1 0 0 1 1 0 0 0 1 0 1 0 0 0 0 0 0 0 < > > > > > < > > > > > > ]
7.117951942533 s=[ 0 0 0 1 0 1 1 0 0 1 1 0 0 0 1 0 1 0 0 0 0 0 0 0 < > > > > > < > > > > < > ]
7.117951942533 s=[ 0 0 0 1 0 1 1 0 0 1 1 0 0 0 1 0 1 0 0 0 0 0 0 0 < > > > > > < > > < > > > ]
7.117951942533 s=[ 0 0 0 1 0 1 1 0 0 1 1 0 0 0 1 0 1 0 0 0 0 0 0 0 < > > > > > < > > < > < > ]

d_0_9=7.118417822543 s=[ 0 0 0 0 1 0 0 1 1 0 0 1 1 1 0 1 0 1 1 1 1 1 1 1 < < < < < < > < < < < < < ]
7.118417822543 s=[ 0 0 0 0 1 0 0 1 1 0 0 1 1 1 0 1 0 1 1 1 1 1 1 1 > < < < < < > < < > < > < ]
7.118417822543 s=[ 0 0 0 0 1 0 0 1 1 0 0 1 1 1 0 1 0 1 1 1 1 1 1 1 > < < < < < > < < > < < < ]
7.118417822543 s=[ 0 0 0 0 1 0 0 1 1 0 0 1 1 1 0 1 0 1 1 1 1 1 1 1 > < < < < < > < < < < > < ]
7.118417822543 s=[ 0 0 0 0 1 0 0 1 1 0 0 1 1 1 0 1 0 1 1 1 1 1 1 1 > < < < < < > < < < < < < ]
7.118417822543 s=[ 0 0 0 0 1 0 0 1 1 0 0 1 1 1 0 1 0 1 1 1 1 1 1 1 < < < < < < > < < > < > < ]
7.118417822543 s=[ 0 0 0 0 1 0 0 1 1 0 0 1 1 1 0 1 0 1 1 1 1 1 1 1 < < < < < < > < < > < < < ]
7.118417822543 s=[ 0 0 0 0 1 0 0 1 1 0 0 1 1 1 0 1 0 1 1 1 1 1 1 1 < < < < < < > < < < < > < ]

d_0_9=7.118417822543 s=[ 0 0 0 1 0 1 1 0 0 1 1 0 0 0 1 0 1 0 0 0 0 0 0 0 > > > > > > < > > > > > > ]
7.118417822543 s=[ 0 0 0 1 0 1 1 0 0 1 1 0 0 0 1 0 1 0 0 0 0 0 0 0 > > > > > > < > > > > < > ]
7.118417822543 s=[ 0 0 0 1 0 1 1 0 0 1 1 0 0 0 1 0 1 0 0 0 0 0 0 0 > > > > > > < > > < > > > ]
7.118417822543 s=[ 0 0 0 1 0 1 1 0 0 1 1 0 0 0 1 0 1 0 0 0 0 0 0 0 > > > > > > < > > < > < > ]
7.118417822543 s=[ 0 0 0 1 0 1 1 0 0 1 1 0 0 0 1 0 1 0 0 0 0 0 0 0 < > > > > > < > > > > > > ]
7.118417822543 s=[ 0 0 0 1 0 1 1 0 0 1 1 0 0 0 1 0 1 0 0 0 0 0 0 0 < > > > > > < > > > > < > ]
7.118417822543 s=[ 0 0 0 1 0 1 1 0 0 1 1 0 0 0 1 0 1 0 0 0 0 0 0 0 < > > > > > < > > < > > > ]
7.118417822543 s=[ 0 0 0 1 0 1 1 0 0 1 1 0 0 0 1 0 1 0 0 0 0 0 0 0 < > > > > > < > > < > < > ]

d_0_9=7.118883702553 s=[ 0 0 0 0 1 0 0 1 1 0 0 1 1 1 0 1 0 1 1 1 1 1 1 1 < < < < < < > < < < < < < ]
7.118883702553 s=[ 0 0 0 0 1 0 0 1 1 0 0 1 1 1 0 1 0 1 1 1 1 1 1 1 > < < < < < > < < > < > < ]
7.118883702553 s=[ 0 0 0 0 1 0 0 1 1 0 0 1 1 1 0 1 0 1 1 1 1 1 1 1 > < < < < < > < < > < < < ]
7.118883702553 s=[ 0 0 0 0 1 0 0 1 1 0 0 1 1 1 0 1 0 1 1 1 1 1 1 1 > < < < < < > < < < < > < ]
7.118883702553 s=[ 0 0 0 0 1 0 0 1 1 0 0 1 1 1 0 1 0 1 1 1 1 1 1 1 > < < < < < > < < < < < < ]
7.118883702553 s=[ 0 0 0 0 1 0 0 1 1 0 0 1 1 1 0 1 0 1 1 1 1 1 1 1 < < < < < < > < < > < > < ]
7.118883702553 s=[ 0 0 0 0 1 0 0 1 1 0 0 1 1 1 0 1 0 1 1 1 1 1 1 1 < < < < < < > < < > < < < ]
7.118883702553 s=[ 0 0 0 0 1 0 0 1 1 0 0 1 1 1 0 1 0 1 1 1 1 1 1 1 < < < < < < > < < < < > < ]

d_0_9=7.118883702553 s=[ 0 0 0 1 0 1 1 0 0 1 1 0 0 0 1 0 1 0 0 0 0 0 0 0 > > > > > > < > > > > > > ]
7.118883702553 s=[ 0 0 0 1 0 1 1 0 0 1 1 0 0 0 1 0 1 0 0 0 0 0 0 0 > > > > > > < > > > > < > ]
7.118883702553 s=[ 0 0 0 1 0 1 1 0 0 1 1 0 0 0 1 0 1 0 0 0 0 0 0 0 > > > > > > < > > < > > > ]
7.118883702553 s=[ 0 0 0 1 0 1 1 0 0 1 1 0 0 0 1 0 1 0 0 0 0 0 0 0 > > > > > > < > > < > < > ]
7.118883702553 s=[ 0 0 0 1 0 1 1 0 0 1 1 0 0 0 1 0 1 0 0 0 0 0 0 0 < > > > > > < > > > > > > ]
7.118883702553 s=[ 0 0 0 1 0 1 1 0 0 1 1 0 0 0 1 0 1 0 0 0 0 0 0 0 < > > > > > < > > > > < > ]
7.118883702553 s=[ 0 0 0 1 0 1 1 0 0 1 1 0 0 0 1 0 1 0 0 0 0 0 0 0 < > > > > > < > > < > > > ]
7.118883702553 s=[ 0 0 0 1 0 1 1 0 0 1 1 0 0 0 1 0 1 0 0 0 0 0 0 0 < > > > > > < > > < > < > ]

d_0_9=7.119349582563 s=[ 0 0 0 0 1 0 0 1 1 0 0 1 1 1 0 1 0 1 1 1 1 1 1 1 < < < < < < > < < < < < < ]
7.119349582563 s=[ 0 0 0 0 1 0 0 1 1 0 0 1 1 1 0 1 0 1 1 1 1 1 1 1 > < < < < < > < < > < > < ]
7.119349582563 s=[ 0 0 0 0 1 0 0 1 1 0 0 1 1 1 0 1 0 1 1 1 1 1 1 1 > < < < < < > < < > < < < ]
7.119349582563 s=[ 0 0 0 0 1 0 0 1 1 0 0 1 1 1 0 1 0 1 1 1 1 1 1 1 > < < < < < > < < < < > < ]
7.119349582563 s=[ 0 0 0 0 1 0 0 1 1 0 0 1 1 1 0 1 0 1 1 1 1 1 1 1 > < < < < < > < < < < < < ]
7.119349582563 s=[ 0 0 0 0 1 0 0 1 1 0 0 1 1 1 0 1 0 1 1 1 1 1 1 1 < < < < < < > < < > < > < ]
7.119349582563 s=[ 0 0 0 0 1 0 0 1 1 0 0 1 1 1 0 1 0 1 1 1 1 1 1 1 < < < < < < > < < > < < < ]
7.119349582563 s=[ 0 0 0 0 1 0 0 1 1 0 0 1 1 1 0 1 0 1 1 1 1 1 1 1 < < < < < < > < < < < > < ]

d_0_9=7.119349582563 s=[ 0 0 0 1 0 1 1 0 0 1 1 0 0 0 1 0 1 0 0 0 0 0 0 0 > > > > > > < > > > > > > ]
7.119349582563 s=[ 0 0 0 1 0 1 1 0 0 1 1 0 0 0 1 0 1 0 0 0 0 0 0 0 > > > > > > < > > > > < > ]
7.119349582563 s=[ 0 0 0 1 0 1 1 0 0 1 1 0 0 0 1 0 1 0 0 0 0 0 0 0 > > > > > > < > > < > > > ]
7.119349582563 s=[ 0 0 0 1 0 1 1 0 0 1 1 0 0 0 1 0 1 0 0 0 0 0 0 0 > > > > > > < > > < > < > ]
7.119349582563 s=[ 0 0 0 1 0 1 1 0 0 1 1 0 0 0 1 0 1 0 0 0 0 0 0 0 < > > > > > < > > > > > > ]
7.119349582563 s=[ 0 0 0 1 0 1 1 0 0 1 1 0 0 0 1 0 1 0 0 0 0 0 0 0 < > > > > > < > > > > < > ]
7.119349582563 s=[ 0 0 0 1 0 1 1 0 0 1 1 0 0 0 1 0 1 0 0 0 0 0 0 0 < > > > > > < > > < > > > ]
7.119349582563 s=[ 0 0 0 1 0 1 1 0 0 1 1 0 0 0 1 0 1 0 0 0 0 0 0 0 < > > > > > < > > < > < > ]

d_0_9=7.119815462573 s=[ 0 0 0 0 1 0 0 1 1 0 0 1 1 1 0 1 0 1 1 1 1 1 1 1 < < < < < < > < < < < < < ]
7.119815462573 s=[ 0 0 0 0 1 0 0 1 1 0 0 1 1 1 0 1 0 1 1 1 1 1 1 1 > < < < < < > < < > < > < ]
7.119815462573 s=[ 0 0 0 0 1 0 0 1 1 0 0 1 1 1 0 1 0 1 1 1 1 1 1 1 > < < < < < > < < > < < < ]
7.119815462573 s=[ 0 0 0 0 1 0 0 1 1 0 0 1 1 1 0 1 0 1 1 1 1 1 1 1 > < < < < < > < < < < > < ]
7.119815462573 s=[ 0 0 0 0 1 0 0 1 1 0 0 1 1 1 0 1 0 1 1 1 1 1 1 1 > < < < < < > < < < < < < ]
7.119815462573 s=[ 0 0 0 0 1 0 0 1 1 0 0 1 1 1 0 1 0 1 1 1 1 1 1 1 < < < < < < > < < > < > < ]
7.119815462573 s=[ 0 0 0 0 1 0 0 1 1 0 0 1 1 1 0 1 0 1 1 1 1 1 1 1 < < < < < < > < < > < < < ]
7.119815462573 s=[ 0 0 0 0 1 0 0 1 1 0 0 1 1 1 0 1 0 1 1 1 1 1 1 1 < < < < < < > < < < < > < ]

d_0_9=7.119815462573 s=[ 0 0 0 1 0 1 1 0 0 1 1 0 0 0 1 0 1 0 0 0 0 0 0 0 > > > > > > < > > > > > > ]
7.119815462573 s=[ 0 0 0 1 0 1 1 0 0 1 1 0 0 0 1 0 1 0 0 0 0 0 0 0 > > > > > > < > > > > < > ]
7.119815462573 s=[ 0 0 0 1 0 1 1 0 0 1 1 0 0 0 1 0 1 0 0 0 0 0 0 0 > > > > > > < > > < > > > ]
7.119815462573 s=[ 0 0 0 1 0 1 1 0 0 1 1 0 0 0 1 0 1 0 0 0 0 0 0 0 > > > > > > < > > < > < > ]
7.119815462573 s=[ 0 0 0 1 0 1 1 0 0 1 1 0 0 0 1 0 1 0 0 0 0 0 0 0 < > > > > > < > > > > > > ]
7.119815462573 s=[ 0 0 0 1 0 1 1 0 0 1 1 0 0 0 1 0 1 0 0 0 0 0 0 0 < > > > > > < > > > > < > ]
7.119815462573 s=[ 0 0 0 1 0 1 1 0 0 1 1 0 0 0 1 0 1 0 0 0 0 0 0 0 < > > > > > < > > < > > > ]
7.119815462573 s=[ 0 0 0 1 0 1 1 0 0 1 1 0 0 0 1 0 1 0 0 0 0 0 0 0 < > > > > > < > > < > < > ]

d_0_9=7.120281342583 s=[ 0 0 0 0 1 0 0 1 1 0 0 1 1 1 0 1 0 1 1 1 1 1 1 1 < < < < < < > < < < < < < ]
7.120281342583 s=[ 0 0 0 0 1 0 0 1 1 0 0 1 1 1 0 1 0 1 1 1 1 1 1 1 > < < < < < > < < > < > < ]
7.120281342583 s=[ 0 0 0 0 1 0 0 1 1 0 0 1 1 1 0 1 0 1 1 1 1 1 1 1 > < < < < < > < < > < < < ]
7.120281342583 s=[ 0 0 0 0 1 0 0 1 1 0 0 1 1 1 0 1 0 1 1 1 1 1 1 1 > < < < < < > < < < < > < ]
7.120281342583 s=[ 0 0 0 0 1 0 0 1 1 0 0 1 1 1 0 1 0 1 1 1 1 1 1 1 > < < < < < > < < < < < < ]
7.120281342583 s=[ 0 0 0 0 1 0 0 1 1 0 0 1 1 1 0 1 0 1 1 1 1 1 1 1 < < < < < < > < < > < > < ]
7.120281342583 s=[ 0 0 0 0 1 0 0 1 1 0 0 1 1 1 0 1 0 1 1 1 1 1 1 1 < < < < < < > < < > < < < ]
7.120281342583 s=[ 0 0 0 0 1 0 0 1 1 0 0 1 1 1 0 1 0 1 1 1 1 1 1 1 < < < < < < > < < < < > < ]

d_0_9=7.120281342583 s=[ 0 0 0 1 0 1 1 0 0 1 1 0 0 0 1 0 1 0 0 0 0 0 0 0 > > > > > > < > > > > > > ]
7.120281342583 s=[ 0 0 0 1 0 1 1 0 0 1 1 0 0 0 1 0 1 0 0 0 0 0 0 0 > > > > > > < > > > > < > ]
7.120281342583 s=[ 0 0 0 1 0 1 1 0 0 1 1 0 0 0 1 0 1 0 0 0 0 0 0 0 > > > > > > < > > < > > > ]
7.120281342583 s=[ 0 0 0 1 0 1 1 0 0 1 1 0 0 0 1 0 1 0 0 0 0 0 0 0 > > > > > > < > > < > < > ]
7.120281342583 s=[ 0 0 0 1 0 1 1 0 0 1 1 0 0 0 1 0 1 0 0 0 0 0 0 0 < > > > > > < > > > > > > ]
7.120281342583 s=[ 0 0 0 1 0 1 1 0 0 1 1 0 0 0 1 0 1 0 0 0 0 0 0 0 < > > > > > < > > > > < > ]
7.120281342583 s=[ 0 0 0 1 0 1 1 0 0 1 1 0 0 0 1 0 1 0 0 0 0 0 0 0 < > > > > > < > > < > > > ]
7.120281342583 s=[ 0 0 0 1 0 1 1 0 0 1 1 0 0 0 1 0 1 0 0 0 0 0 0 0 < > > > > > < > > < > < > ]

d_0_9=7.120747222593 s=[ 0 0 0 0 1 0 0 1 1 0 0 1 1 1 0 1 0 1 1 1 1 1 1 1 < < < < < < > < < < < < < ]
7.120747222593 s=[ 0 0 0 0 1 0 0 1 1 0 0 1 1 1 0 1 0 1 1 1 1 1 1 1 > < < < < < > < < > < > < ]
7.120747222593 s=[ 0 0 0 0 1 0 0 1 1 0 0 1 1 1 0 1 0 1 1 1 1 1 1 1 > < < < < < > < < > < < < ]
7.120747222593 s=[ 0 0 0 0 1 0 0 1 1 0 0 1 1 1 0 1 0 1 1 1 1 1 1 1 > < < < < < > < < < < > < ]
7.120747222593 s=[ 0 0 0 0 1 0 0 1 1 0 0 1 1 1 0 1 0 1 1 1 1 1 1 1 > < < < < < > < < < < < < ]
7.120747222593 s=[ 0 0 0 0 1 0 0 1 1 0 0 1 1 1 0 1 0 1 1 1 1 1 1 1 < < < < < < > < < > < > < ]
7.120747222593 s=[ 0 0 0 0 1 0 0 1 1 0 0 1 1 1 0 1 0 1 1 1 1 1 1 1 < < < < < < > < < > < < < ]
7.120747222593 s=[ 0 0 0 0 1 0 0 1 1 0 0 1 1 1 0 1 0 1 1 1 1 1 1 1 < < < < < < > < < < < > < ]

d_0_9=7.120747222593 s=[ 0 0 0 0 1 0 0 1 1 0 0 1 1 1 1 0 1 0 0 0 0 0 0 0 > > < < < < > < > < > > > ]
7.120747222593 s=[ 0 0 0 0 1 0 0 1 1 0 0 1 1 1 1 0 1 0 0 0 0 0 0 0 > > < < < < > < > > > > > ]
7.120747222593 s=[ 0 0 0 0 1 0 0 1 1 0 0 1 1 1 1 0 1 0 0 0 0 0 0 0 > > < < < < > < > > > < > ]
7.120747222593 s=[ 0 0 0 0 1 0 0 1 1 0 0 1 1 1 1 0 1 0 0 0 0 0 0 0 > > < < < < > < > < > < > ]
7.120747222593 s=[ 0 0 0 0 1 0 0 1 1 0 0 1 1 1 1 0 1 0 0 0 0 0 0 0 < > < < < < > < > > > > > ]
7.120747222593 s=[ 0 0 0 0 1 0 0 1 1 0 0 1 1 1 1 0 1 0 0 0 0 0 0 0 < > < < < < > < > > > < > ]
7.120747222593 s=[ 0 0 0 0 1 0 0 1 1 0 0 1 1 1 1 0 1 0 0 0 0 0 0 0 < > < < < < > < > < > > > ]
7.120747222593 s=[ 0 0 0 0 1 0 0 1 1 0 0 1 1 1 1 0 1 0 0 0 0 0 0 0 < > < < < < > < > < > < > ]

d_0_9=7.120747222593 s=[ 0 0 0 1 0 1 1 0 0 1 1 0 0 0 0 1 0 1 1 1 1 1 1 1 < < > > > > < > < < < < < ]
7.120747222593 s=[ 0 0 0 1 0 1 1 0 0 1 1 0 0 0 0 1 0 1 1 1 1 1 1 1 > < > > > > < > < > < > < ]
7.120747222593 s=[ 0 0 0 1 0 1 1 0 0 1 1 0 0 0 0 1 0 1 1 1 1 1 1 1 > < > > > > < > < > < < < ]
7.120747222593 s=[ 0 0 0 1 0 1 1 0 0 1 1 0 0 0 0 1 0 1 1 1 1 1 1 1 > < > > > > < > < < < > < ]
7.120747222593 s=[ 0 0 0 1 0 1 1 0 0 1 1 0 0 0 0 1 0 1 1 1 1 1 1 1 > < > > > > < > < < < < < ]
7.120747222593 s=[ 0 0 0 1 0 1 1 0 0 1 1 0 0 0 0 1 0 1 1 1 1 1 1 1 < < > > > > < > < > < > < ]
7.120747222593 s=[ 0 0 0 1 0 1 1 0 0 1 1 0 0 0 0 1 0 1 1 1 1 1 1 1 < < > > > > < > < > < < < ]
7.120747222593 s=[ 0 0 0 1 0 1 1 0 0 1 1 0 0 0 0 1 0 1 1 1 1 1 1 1 < < > > > > < > < < < > < ]

d_0_9=7.120747222593 s=[ 0 0 0 1 0 1 1 0 0 1 1 0 0 0 1 0 1 0 0 0 0 0 0 0 > > > > > > < > > > > > > ]
7.120747222593 s=[ 0 0 0 1 0 1 1 0 0 1 1 0 0 0 1 0 1 0 0 0 0 0 0 0 > > > > > > < > > > > < > ]
7.120747222593 s=[ 0 0 0 1 0 1 1 0 0 1 1 0 0 0 1 0 1 0 0 0 0 0 0 0 > > > > > > < > > < > > > ]
7.120747222593 s=[ 0 0 0 1 0 1 1 0 0 1 1 0 0 0 1 0 1 0 0 0 0 0 0 0 > > > > > > < > > < > < > ]
7.120747222593 s=[ 0 0 0 1 0 1 1 0 0 1 1 0 0 0 1 0 1 0 0 0 0 0 0 0 < > > > > > < > > > > > > ]
7.120747222593 s=[ 0 0 0 1 0 1 1 0 0 1 1 0 0 0 1 0 1 0 0 0 0 0 0 0 < > > > > > < > > > > < > ]
7.120747222593 s=[ 0 0 0 1 0 1 1 0 0 1 1 0 0 0 1 0 1 0 0 0 0 0 0 0 < > > > > > < > > < > > > ]
7.120747222593 s=[ 0 0 0 1 0 1 1 0 0 1 1 0 0 0 1 0 1 0 0 0 0 0 0 0 < > > > > > < > > < > < > ]

d_0_9=7.121213102603 s=[ 0 0 0 0 1 0 0 1 1 0 0 1 1 1 0 1 0 1 1 1 1 1 1 1 < < < < < < > < < < < < < ]
7.121213102603 s=[ 0 0 0 0 1 0 0 1 1 0 0 1 1 1 0 1 0 1 1 1 1 1 1 1 > < < < < < > < < > < > < ]
7.121213102603 s=[ 0 0 0 0 1 0 0 1 1 0 0 1 1 1 0 1 0 1 1 1 1 1 1 1 > < < < < < > < < > < < < ]
7.121213102603 s=[ 0 0 0 0 1 0 0 1 1 0 0 1 1 1 0 1 0 1 1 1 1 1 1 1 > < < < < < > < < < < > < ]
7.121213102603 s=[ 0 0 0 0 1 0 0 1 1 0 0 1 1 1 0 1 0 1 1 1 1 1 1 1 > < < < < < > < < < < < < ]
7.121213102603 s=[ 0 0 0 0 1 0 0 1 1 0 0 1 1 1 0 1 0 1 1 1 1 1 1 1 < < < < < < > < < > < > < ]
7.121213102603 s=[ 0 0 0 0 1 0 0 1 1 0 0 1 1 1 0 1 0 1 1 1 1 1 1 1 < < < < < < > < < > < < < ]
7.121213102603 s=[ 0 0 0 0 1 0 0 1 1 0 0 1 1 1 0 1 0 1 1 1 1 1 1 1 < < < < < < > < < < < > < ]

d_0_9=7.121213102603 s=[ 0 0 0 0 1 0 0 1 1 0 0 1 1 1 1 0 1 0 0 0 0 0 0 0 > > < < < < > < > > > > > ]
7.121213102603 s=[ 0 0 0 0 1 0 0 1 1 0 0 1 1 1 1 0 1 0 0 0 0 0 0 0 > > < < < < > < > > > < > ]
7.121213102603 s=[ 0 0 0 0 1 0 0 1 1 0 0 1 1 1 1 0 1 0 0 0 0 0 0 0 > > < < < < > < > < > > > ]
7.121213102603 s=[ 0 0 0 0 1 0 0 1 1 0 0 1 1 1 1 0 1 0 0 0 0 0 0 0 > > < < < < > < > < > < > ]
7.121213102603 s=[ 0 0 0 0 1 0 0 1 1 0 0 1 1 1 1 0 1 0 0 0 0 0 0 0 < > < < < < > < > > > > > ]
7.121213102603 s=[ 0 0 0 0 1 0 0 1 1 0 0 1 1 1 1 0 1 0 0 0 0 0 0 0 < > < < < < > < > > > < > ]
7.121213102603 s=[ 0 0 0 0 1 0 0 1 1 0 0 1 1 1 1 0 1 0 0 0 0 0 0 0 < > < < < < > < > < > > > ]
7.121213102603 s=[ 0 0 0 0 1 0 0 1 1 0 0 1 1 1 1 0 1 0 0 0 0 0 0 0 < > < < < < > < > < > < > ]

d_0_9=7.121213102603 s=[ 0 0 0 1 0 1 1 0 0 1 1 0 0 0 0 1 0 1 1 1 1 1 1 1 < < > > > > < > < < < < < ]
7.121213102603 s=[ 0 0 0 1 0 1 1 0 0 1 1 0 0 0 0 1 0 1 1 1 1 1 1 1 > < > > > > < > < > < > < ]
7.121213102603 s=[ 0 0 0 1 0 1 1 0 0 1 1 0 0 0 0 1 0 1 1 1 1 1 1 1 > < > > > > < > < > < < < ]
7.121213102603 s=[ 0 0 0 1 0 1 1 0 0 1 1 0 0 0 0 1 0 1 1 1 1 1 1 1 > < > > > > < > < < < > < ]
7.121213102603 s=[ 0 0 0 1 0 1 1 0 0 1 1 0 0 0 0 1 0 1 1 1 1 1 1 1 > < > > > > < > < < < < < ]
7.121213102603 s=[ 0 0 0 1 0 1 1 0 0 1 1 0 0 0 0 1 0 1 1 1 1 1 1 1 < < > > > > < > < > < > < ]
7.121213102603 s=[ 0 0 0 1 0 1 1 0 0 1 1 0 0 0 0 1 0 1 1 1 1 1 1 1 < < > > > > < > < > < < < ]
7.121213102603 s=[ 0 0 0 1 0 1 1 0 0 1 1 0 0 0 0 1 0 1 1 1 1 1 1 1 < < > > > > < > < < < > < ]

d_0_9=7.121213102603 s=[ 0 0 0 1 0 1 1 0 0 1 1 0 0 0 1 0 1 0 0 0 0 0 0 0 > > > > > > < > > > > > > ]
7.121213102603 s=[ 0 0 0 1 0 1 1 0 0 1 1 0 0 0 1 0 1 0 0 0 0 0 0 0 > > > > > > < > > > > < > ]
7.121213102603 s=[ 0 0 0 1 0 1 1 0 0 1 1 0 0 0 1 0 1 0 0 0 0 0 0 0 > > > > > > < > > < > > > ]
7.121213102603 s=[ 0 0 0 1 0 1 1 0 0 1 1 0 0 0 1 0 1 0 0 0 0 0 0 0 > > > > > > < > > < > < > ]
7.121213102603 s=[ 0 0 0 1 0 1 1 0 0 1 1 0 0 0 1 0 1 0 0 0 0 0 0 0 < > > > > > < > > > > > > ]
7.121213102603 s=[ 0 0 0 1 0 1 1 0 0 1 1 0 0 0 1 0 1 0 0 0 0 0 0 0 < > > > > > < > > > > < > ]
7.121213102603 s=[ 0 0 0 1 0 1 1 0 0 1 1 0 0 0 1 0 1 0 0 0 0 0 0 0 < > > > > > < > > < > > > ]
7.121213102603 s=[ 0 0 0 1 0 1 1 0 0 1 1 0 0 0 1 0 1 0 0 0 0 0 0 0 < > > > > > < > > < > < > ]

d_0_9=7.121678982613 s=[ 0 0 0 0 1 0 0 1 1 0 0 1 1 1 0 1 0 1 1 1 1 1 1 1 < < < < < < > < < < < < < ]
7.121678982613 s=[ 0 0 0 0 1 0 0 1 1 0 0 1 1 1 0 1 0 1 1 1 1 1 1 1 > < < < < < > < < > < > < ]
7.121678982613 s=[ 0 0 0 0 1 0 0 1 1 0 0 1 1 1 0 1 0 1 1 1 1 1 1 1 > < < < < < > < < > < < < ]
7.121678982613 s=[ 0 0 0 0 1 0 0 1 1 0 0 1 1 1 0 1 0 1 1 1 1 1 1 1 > < < < < < > < < < < > < ]
7.121678982613 s=[ 0 0 0 0 1 0 0 1 1 0 0 1 1 1 0 1 0 1 1 1 1 1 1 1 > < < < < < > < < < < < < ]
7.121678982613 s=[ 0 0 0 0 1 0 0 1 1 0 0 1 1 1 0 1 0 1 1 1 1 1 1 1 < < < < < < > < < > < > < ]
7.121678982613 s=[ 0 0 0 0 1 0 0 1 1 0 0 1 1 1 0 1 0 1 1 1 1 1 1 1 < < < < < < > < < > < < < ]
7.121678982613 s=[ 0 0 0 0 1 0 0 1 1 0 0 1 1 1 0 1 0 1 1 1 1 1 1 1 < < < < < < > < < < < > < ]

d_0_9=7.121678982613 s=[ 0 0 0 0 1 0 0 1 1 0 0 1 1 1 1 0 1 0 0 0 0 0 0 0 > > < < < < > < > > > > > ]
7.121678982613 s=[ 0 0 0 0 1 0 0 1 1 0 0 1 1 1 1 0 1 0 0 0 0 0 0 0 > > < < < < > < > > > < > ]
7.121678982613 s=[ 0 0 0 0 1 0 0 1 1 0 0 1 1 1 1 0 1 0 0 0 0 0 0 0 > > < < < < > < > < > > > ]
7.121678982613 s=[ 0 0 0 0 1 0 0 1 1 0 0 1 1 1 1 0 1 0 0 0 0 0 0 0 > > < < < < > < > < > < > ]
7.121678982613 s=[ 0 0 0 0 1 0 0 1 1 0 0 1 1 1 1 0 1 0 0 0 0 0 0 0 < > < < < < > < > > > > > ]
7.121678982613 s=[ 0 0 0 0 1 0 0 1 1 0 0 1 1 1 1 0 1 0 0 0 0 0 0 0 < > < < < < > < > > > < > ]
7.121678982613 s=[ 0 0 0 0 1 0 0 1 1 0 0 1 1 1 1 0 1 0 0 0 0 0 0 0 < > < < < < > < > < > > > ]
7.121678982613 s=[ 0 0 0 0 1 0 0 1 1 0 0 1 1 1 1 0 1 0 0 0 0 0 0 0 < > < < < < > < > < > < > ]

d_0_9=7.121678982613 s=[ 0 0 0 1 0 1 1 0 0 1 1 0 0 0 0 1 0 1 1 1 1 1 1 1 < < > > > > < > < < < < < ]
7.121678982613 s=[ 0 0 0 1 0 1 1 0 0 1 1 0 0 0 0 1 0 1 1 1 1 1 1 1 > < > > > > < > < > < > < ]
7.121678982613 s=[ 0 0 0 1 0 1 1 0 0 1 1 0 0 0 0 1 0 1 1 1 1 1 1 1 > < > > > > < > < > < < < ]
7.121678982613 s=[ 0 0 0 1 0 1 1 0 0 1 1 0 0 0 0 1 0 1 1 1 1 1 1 1 > < > > > > < > < < < > < ]
7.121678982613 s=[ 0 0 0 1 0 1 1 0 0 1 1 0 0 0 0 1 0 1 1 1 1 1 1 1 > < > > > > < > < < < < < ]
7.121678982613 s=[ 0 0 0 1 0 1 1 0 0 1 1 0 0 0 0 1 0 1 1 1 1 1 1 1 < < > > > > < > < > < > < ]
7.121678982613 s=[ 0 0 0 1 0 1 1 0 0 1 1 0 0 0 0 1 0 1 1 1 1 1 1 1 < < > > > > < > < > < < < ]
7.121678982613 s=[ 0 0 0 1 0 1 1 0 0 1 1 0 0 0 0 1 0 1 1 1 1 1 1 1 < < > > > > < > < < < > < ]

d_0_9=7.121678982613 s=[ 0 0 0 1 0 1 1 0 0 1 1 0 0 0 1 0 1 0 0 0 0 0 0 0 > > > > > > < > > > > > > ]
7.121678982613 s=[ 0 0 0 1 0 1 1 0 0 1 1 0 0 0 1 0 1 0 0 0 0 0 0 0 > > > > > > < > > > > < > ]
7.121678982613 s=[ 0 0 0 1 0 1 1 0 0 1 1 0 0 0 1 0 1 0 0 0 0 0 0 0 > > > > > > < > > < > > > ]
7.121678982613 s=[ 0 0 0 1 0 1 1 0 0 1 1 0 0 0 1 0 1 0 0 0 0 0 0 0 > > > > > > < > > < > < > ]
7.121678982613 s=[ 0 0 0 1 0 1 1 0 0 1 1 0 0 0 1 0 1 0 0 0 0 0 0 0 < > > > > > < > > > > > > ]
7.121678982613 s=[ 0 0 0 1 0 1 1 0 0 1 1 0 0 0 1 0 1 0 0 0 0 0 0 0 < > > > > > < > > > > < > ]
7.121678982613 s=[ 0 0 0 1 0 1 1 0 0 1 1 0 0 0 1 0 1 0 0 0 0 0 0 0 < > > > > > < > > < > > > ]
7.121678982613 s=[ 0 0 0 1 0 1 1 0 0 1 1 0 0 0 1 0 1 0 0 0 0 0 0 0 < > > > > > < > > < > < > ]

d_0_9=7.122144862623 s=[ 0 0 0 0 1 0 0 1 1 0 0 1 1 1 0 1 0 1 1 1 1 1 1 1 < < < < < < > < < < < < < ]
7.122144862623 s=[ 0 0 0 0 1 0 0 1 1 0 0 1 1 1 0 1 0 1 1 1 1 1 1 1 > < < < < < > < < > < > < ]
7.122144862623 s=[ 0 0 0 0 1 0 0 1 1 0 0 1 1 1 0 1 0 1 1 1 1 1 1 1 > < < < < < > < < > < < < ]
7.122144862623 s=[ 0 0 0 0 1 0 0 1 1 0 0 1 1 1 0 1 0 1 1 1 1 1 1 1 > < < < < < > < < < < > < ]
7.122144862623 s=[ 0 0 0 0 1 0 0 1 1 0 0 1 1 1 0 1 0 1 1 1 1 1 1 1 > < < < < < > < < < < < < ]
7.122144862623 s=[ 0 0 0 0 1 0 0 1 1 0 0 1 1 1 0 1 0 1 1 1 1 1 1 1 < < < < < < > < < > < > < ]
7.122144862623 s=[ 0 0 0 0 1 0 0 1 1 0 0 1 1 1 0 1 0 1 1 1 1 1 1 1 < < < < < < > < < > < < < ]
7.122144862623 s=[ 0 0 0 0 1 0 0 1 1 0 0 1 1 1 0 1 0 1 1 1 1 1 1 1 < < < < < < > < < < < > < ]

d_0_9=7.122144862623 s=[ 0 0 0 0 1 0 0 1 1 0 0 1 1 1 1 0 1 0 0 0 0 0 0 0 > > < < < < > < > > > < > ]
7.122144862623 s=[ 0 0 0 0 1 0 0 1 1 0 0 1 1 1 1 0 1 0 0 0 0 0 0 0 > > < < < < > < > > > > > ]
7.122144862623 s=[ 0 0 0 0 1 0 0 1 1 0 0 1 1 1 1 0 1 0 0 0 0 0 0 0 > > < < < < > < > < > > > ]
7.122144862623 s=[ 0 0 0 0 1 0 0 1 1 0 0 1 1 1 1 0 1 0 0 0 0 0 0 0 > > < < < < > < > < > < > ]
7.122144862623 s=[ 0 0 0 0 1 0 0 1 1 0 0 1 1 1 1 0 1 0 0 0 0 0 0 0 < > < < < < > < > > > > > ]
7.122144862623 s=[ 0 0 0 0 1 0 0 1 1 0 0 1 1 1 1 0 1 0 0 0 0 0 0 0 < > < < < < > < > > > < > ]
7.122144862623 s=[ 0 0 0 0 1 0 0 1 1 0 0 1 1 1 1 0 1 0 0 0 0 0 0 0 < > < < < < > < > < > > > ]
7.122144862623 s=[ 0 0 0 0 1 0 0 1 1 0 0 1 1 1 1 0 1 0 0 0 0 0 0 0 < > < < < < > < > < > < > ]

d_0_9=7.122144862623 s=[ 0 0 0 1 0 1 1 0 0 1 1 0 0 0 0 1 0 1 1 1 1 1 1 1 < < > > > > < > < < < < < ]
7.122144862623 s=[ 0 0 0 1 0 1 1 0 0 1 1 0 0 0 0 1 0 1 1 1 1 1 1 1 > < > > > > < > < > < > < ]
7.122144862623 s=[ 0 0 0 1 0 1 1 0 0 1 1 0 0 0 0 1 0 1 1 1 1 1 1 1 > < > > > > < > < > < < < ]
7.122144862623 s=[ 0 0 0 1 0 1 1 0 0 1 1 0 0 0 0 1 0 1 1 1 1 1 1 1 > < > > > > < > < < < > < ]
7.122144862623 s=[ 0 0 0 1 0 1 1 0 0 1 1 0 0 0 0 1 0 1 1 1 1 1 1 1 > < > > > > < > < < < < < ]
7.122144862623 s=[ 0 0 0 1 0 1 1 0 0 1 1 0 0 0 0 1 0 1 1 1 1 1 1 1 < < > > > > < > < > < > < ]
7.122144862623 s=[ 0 0 0 1 0 1 1 0 0 1 1 0 0 0 0 1 0 1 1 1 1 1 1 1 < < > > > > < > < > < < < ]
7.122144862623 s=[ 0 0 0 1 0 1 1 0 0 1 1 0 0 0 0 1 0 1 1 1 1 1 1 1 < < > > > > < > < < < > < ]

d_0_9=7.122144862623 s=[ 0 0 0 1 0 1 1 0 0 1 1 0 0 0 1 0 1 0 0 0 0 0 0 0 > > > > > > < > > > > > > ]
7.122144862623 s=[ 0 0 0 1 0 1 1 0 0 1 1 0 0 0 1 0 1 0 0 0 0 0 0 0 > > > > > > < > > > > < > ]
7.122144862623 s=[ 0 0 0 1 0 1 1 0 0 1 1 0 0 0 1 0 1 0 0 0 0 0 0 0 > > > > > > < > > < > > > ]
7.122144862623 s=[ 0 0 0 1 0 1 1 0 0 1 1 0 0 0 1 0 1 0 0 0 0 0 0 0 > > > > > > < > > < > < > ]
7.122144862623 s=[ 0 0 0 1 0 1 1 0 0 1 1 0 0 0 1 0 1 0 0 0 0 0 0 0 < > > > > > < > > > > > > ]
7.122144862623 s=[ 0 0 0 1 0 1 1 0 0 1 1 0 0 0 1 0 1 0 0 0 0 0 0 0 < > > > > > < > > > > < > ]
7.122144862623 s=[ 0 0 0 1 0 1 1 0 0 1 1 0 0 0 1 0 1 0 0 0 0 0 0 0 < > > > > > < > > < > > > ]
7.122144862623 s=[ 0 0 0 1 0 1 1 0 0 1 1 0 0 0 1 0 1 0 0 0 0 0 0 0 < > > > > > < > > < > < > ]

d_0_9=7.122610742633 s=[ 0 0 0 0 1 0 0 1 1 0 0 1 1 1 0 1 0 1 1 1 1 1 1 1 < < < < < < > < < < < < < ]
7.122610742633 s=[ 0 0 0 0 1 0 0 1 1 0 0 1 1 1 0 1 0 1 1 1 1 1 1 1 > < < < < < > < < > < > < ]
7.122610742633 s=[ 0 0 0 0 1 0 0 1 1 0 0 1 1 1 0 1 0 1 1 1 1 1 1 1 > < < < < < > < < > < < < ]
7.122610742633 s=[ 0 0 0 0 1 0 0 1 1 0 0 1 1 1 0 1 0 1 1 1 1 1 1 1 > < < < < < > < < < < > < ]
7.122610742633 s=[ 0 0 0 0 1 0 0 1 1 0 0 1 1 1 0 1 0 1 1 1 1 1 1 1 > < < < < < > < < < < < < ]
7.122610742633 s=[ 0 0 0 0 1 0 0 1 1 0 0 1 1 1 0 1 0 1 1 1 1 1 1 1 < < < < < < > < < > < > < ]
7.122610742633 s=[ 0 0 0 0 1 0 0 1 1 0 0 1 1 1 0 1 0 1 1 1 1 1 1 1 < < < < < < > < < > < < < ]
7.122610742633 s=[ 0 0 0 0 1 0 0 1 1 0 0 1 1 1 0 1 0 1 1 1 1 1 1 1 < < < < < < > < < < < > < ]

d_0_9=7.122610742633 s=[ 0 0 0 0 1 0 0 1 1 0 0 1 1 1 1 0 1 0 0 0 0 0 0 0 > > < < < < > < > > > < > ]
7.122610742633 s=[ 0 0 0 0 1 0 0 1 1 0 0 1 1 1 1 0 1 0 0 0 0 0 0 0 > > < < < < > < > > > > > ]
7.122610742633 s=[ 0 0 0 0 1 0 0 1 1 0 0 1 1 1 1 0 1 0 0 0 0 0 0 0 > > < < < < > < > < > > > ]
7.122610742633 s=[ 0 0 0 0 1 0 0 1 1 0 0 1 1 1 1 0 1 0 0 0 0 0 0 0 > > < < < < > < > < > < > ]
7.122610742633 s=[ 0 0 0 0 1 0 0 1 1 0 0 1 1 1 1 0 1 0 0 0 0 0 0 0 < > < < < < > < > > > > > ]
7.122610742633 s=[ 0 0 0 0 1 0 0 1 1 0 0 1 1 1 1 0 1 0 0 0 0 0 0 0 < > < < < < > < > > > < > ]
7.122610742633 s=[ 0 0 0 0 1 0 0 1 1 0 0 1 1 1 1 0 1 0 0 0 0 0 0 0 < > < < < < > < > < > > > ]
7.122610742633 s=[ 0 0 0 0 1 0 0 1 1 0 0 1 1 1 1 0 1 0 0 0 0 0 0 0 < > < < < < > < > < > < > ]

d_0_9=7.122610742633 s=[ 0 0 0 1 0 1 1 0 0 1 1 0 0 0 0 1 0 1 1 1 1 1 1 1 < < > > > > < > < < < < < ]
7.122610742633 s=[ 0 0 0 1 0 1 1 0 0 1 1 0 0 0 0 1 0 1 1 1 1 1 1 1 > < > > > > < > < > < > < ]
7.122610742633 s=[ 0 0 0 1 0 1 1 0 0 1 1 0 0 0 0 1 0 1 1 1 1 1 1 1 > < > > > > < > < > < < < ]
7.122610742633 s=[ 0 0 0 1 0 1 1 0 0 1 1 0 0 0 0 1 0 1 1 1 1 1 1 1 > < > > > > < > < < < > < ]
7.122610742633 s=[ 0 0 0 1 0 1 1 0 0 1 1 0 0 0 0 1 0 1 1 1 1 1 1 1 > < > > > > < > < < < < < ]
7.122610742633 s=[ 0 0 0 1 0 1 1 0 0 1 1 0 0 0 0 1 0 1 1 1 1 1 1 1 < < > > > > < > < > < > < ]
7.122610742633 s=[ 0 0 0 1 0 1 1 0 0 1 1 0 0 0 0 1 0 1 1 1 1 1 1 1 < < > > > > < > < > < < < ]
7.122610742633 s=[ 0 0 0 1 0 1 1 0 0 1 1 0 0 0 0 1 0 1 1 1 1 1 1 1 < < > > > > < > < < < > < ]

d_0_9=7.122610742633 s=[ 0 0 0 1 0 1 1 0 0 1 1 0 0 0 1 0 1 0 0 0 0 0 0 0 > > > > > > < > > > > > > ]
7.122610742633 s=[ 0 0 0 1 0 1 1 0 0 1 1 0 0 0 1 0 1 0 0 0 0 0 0 0 > > > > > > < > > > > < > ]
7.122610742633 s=[ 0 0 0 1 0 1 1 0 0 1 1 0 0 0 1 0 1 0 0 0 0 0 0 0 > > > > > > < > > < > > > ]
7.122610742633 s=[ 0 0 0 1 0 1 1 0 0 1 1 0 0 0 1 0 1 0 0 0 0 0 0 0 > > > > > > < > > < > < > ]
7.122610742633 s=[ 0 0 0 1 0 1 1 0 0 1 1 0 0 0 1 0 1 0 0 0 0 0 0 0 < > > > > > < > > > > > > ]
7.122610742633 s=[ 0 0 0 1 0 1 1 0 0 1 1 0 0 0 1 0 1 0 0 0 0 0 0 0 < > > > > > < > > > > < > ]
7.122610742633 s=[ 0 0 0 1 0 1 1 0 0 1 1 0 0 0 1 0 1 0 0 0 0 0 0 0 < > > > > > < > > < > > > ]
7.122610742633 s=[ 0 0 0 1 0 1 1 0 0 1 1 0 0 0 1 0 1 0 0 0 0 0 0 0 < > > > > > < > > < > < > ]

d_0_9=7.123076622643 s=[ 0 0 0 0 1 0 0 1 1 0 0 1 1 1 0 1 0 1 1 1 1 1 1 1 < < < < < < > < < < < < < ]
7.123076622643 s=[ 0 0 0 0 1 0 0 1 1 0 0 1 1 1 0 1 0 1 1 1 1 1 1 1 > < < < < < > < < > < > < ]
7.123076622643 s=[ 0 0 0 0 1 0 0 1 1 0 0 1 1 1 0 1 0 1 1 1 1 1 1 1 > < < < < < > < < > < < < ]
7.123076622643 s=[ 0 0 0 0 1 0 0 1 1 0 0 1 1 1 0 1 0 1 1 1 1 1 1 1 > < < < < < > < < < < > < ]
7.123076622643 s=[ 0 0 0 0 1 0 0 1 1 0 0 1 1 1 0 1 0 1 1 1 1 1 1 1 > < < < < < > < < < < < < ]
7.123076622643 s=[ 0 0 0 0 1 0 0 1 1 0 0 1 1 1 0 1 0 1 1 1 1 1 1 1 < < < < < < > < < > < > < ]
7.123076622643 s=[ 0 0 0 0 1 0 0 1 1 0 0 1 1 1 0 1 0 1 1 1 1 1 1 1 < < < < < < > < < > < < < ]
7.123076622643 s=[ 0 0 0 0 1 0 0 1 1 0 0 1 1 1 0 1 0 1 1 1 1 1 1 1 < < < < < < > < < < < > < ]

d_0_9=7.123076622643 s=[ 0 0 0 0 1 0 0 1 1 0 0 1 1 1 1 0 1 0 0 0 0 0 0 0 > > < < < < > < > > > < > ]
7.123076622643 s=[ 0 0 0 0 1 0 0 1 1 0 0 1 1 1 1 0 1 0 0 0 0 0 0 0 > > < < < < > < > > > > > ]
7.123076622643 s=[ 0 0 0 0 1 0 0 1 1 0 0 1 1 1 1 0 1 0 0 0 0 0 0 0 > > < < < < > < > < > > > ]
7.123076622643 s=[ 0 0 0 0 1 0 0 1 1 0 0 1 1 1 1 0 1 0 0 0 0 0 0 0 > > < < < < > < > < > < > ]
7.123076622643 s=[ 0 0 0 0 1 0 0 1 1 0 0 1 1 1 1 0 1 0 0 0 0 0 0 0 < > < < < < > < > > > > > ]
7.123076622643 s=[ 0 0 0 0 1 0 0 1 1 0 0 1 1 1 1 0 1 0 0 0 0 0 0 0 < > < < < < > < > > > < > ]
7.123076622643 s=[ 0 0 0 0 1 0 0 1 1 0 0 1 1 1 1 0 1 0 0 0 0 0 0 0 < > < < < < > < > < > > > ]
7.123076622643 s=[ 0 0 0 0 1 0 0 1 1 0 0 1 1 1 1 0 1 0 0 0 0 0 0 0 < > < < < < > < > < > < > ]

d_0_9=7.123076622643 s=[ 0 0 0 1 0 1 1 0 0 1 1 0 0 0 0 1 0 1 1 1 1 1 1 1 < < > > > > < > < < < < < ]
7.123076622643 s=[ 0 0 0 1 0 1 1 0 0 1 1 0 0 0 0 1 0 1 1 1 1 1 1 1 > < > > > > < > < > < > < ]
7.123076622643 s=[ 0 0 0 1 0 1 1 0 0 1 1 0 0 0 0 1 0 1 1 1 1 1 1 1 > < > > > > < > < > < < < ]
7.123076622643 s=[ 0 0 0 1 0 1 1 0 0 1 1 0 0 0 0 1 0 1 1 1 1 1 1 1 > < > > > > < > < < < > < ]
7.123076622643 s=[ 0 0 0 1 0 1 1 0 0 1 1 0 0 0 0 1 0 1 1 1 1 1 1 1 > < > > > > < > < < < < < ]
7.123076622643 s=[ 0 0 0 1 0 1 1 0 0 1 1 0 0 0 0 1 0 1 1 1 1 1 1 1 < < > > > > < > < > < > < ]
7.123076622643 s=[ 0 0 0 1 0 1 1 0 0 1 1 0 0 0 0 1 0 1 1 1 1 1 1 1 < < > > > > < > < > < < < ]
7.123076622643 s=[ 0 0 0 1 0 1 1 0 0 1 1 0 0 0 0 1 0 1 1 1 1 1 1 1 < < > > > > < > < < < > < ]

d_0_9=7.123076622643 s=[ 0 0 0 1 0 1 1 0 0 1 1 0 0 0 1 0 1 0 0 0 0 0 0 0 > > > > > > < > > > > > > ]
7.123076622643 s=[ 0 0 0 1 0 1 1 0 0 1 1 0 0 0 1 0 1 0 0 0 0 0 0 0 > > > > > > < > > > > < > ]
7.123076622643 s=[ 0 0 0 1 0 1 1 0 0 1 1 0 0 0 1 0 1 0 0 0 0 0 0 0 > > > > > > < > > < > > > ]
7.123076622643 s=[ 0 0 0 1 0 1 1 0 0 1 1 0 0 0 1 0 1 0 0 0 0 0 0 0 > > > > > > < > > < > < > ]
7.123076622643 s=[ 0 0 0 1 0 1 1 0 0 1 1 0 0 0 1 0 1 0 0 0 0 0 0 0 < > > > > > < > > > > > > ]
7.123076622643 s=[ 0 0 0 1 0 1 1 0 0 1 1 0 0 0 1 0 1 0 0 0 0 0 0 0 < > > > > > < > > > > < > ]
7.123076622643 s=[ 0 0 0 1 0 1 1 0 0 1 1 0 0 0 1 0 1 0 0 0 0 0 0 0 < > > > > > < > > < > > > ]
7.123076622643 s=[ 0 0 0 1 0 1 1 0 0 1 1 0 0 0 1 0 1 0 0 0 0 0 0 0 < > > > > > < > > < > < > ]

d_0_9=7.123542502653 s=[ 0 0 0 0 1 0 0 1 1 0 0 1 1 1 0 1 0 1 1 1 1 1 1 1 < < < < < < > < < < < < < ]
7.123542502653 s=[ 0 0 0 0 1 0 0 1 1 0 0 1 1 1 0 1 0 1 1 1 1 1 1 1 > < < < < < > < < > < > < ]
7.123542502653 s=[ 0 0 0 0 1 0 0 1 1 0 0 1 1 1 0 1 0 1 1 1 1 1 1 1 > < < < < < > < < > < < < ]
7.123542502653 s=[ 0 0 0 0 1 0 0 1 1 0 0 1 1 1 0 1 0 1 1 1 1 1 1 1 > < < < < < > < < < < > < ]
7.123542502653 s=[ 0 0 0 0 1 0 0 1 1 0 0 1 1 1 0 1 0 1 1 1 1 1 1 1 > < < < < < > < < < < < < ]
7.123542502653 s=[ 0 0 0 0 1 0 0 1 1 0 0 1 1 1 0 1 0 1 1 1 1 1 1 1 < < < < < < > < < > < > < ]
7.123542502653 s=[ 0 0 0 0 1 0 0 1 1 0 0 1 1 1 0 1 0 1 1 1 1 1 1 1 < < < < < < > < < > < < < ]
7.123542502653 s=[ 0 0 0 0 1 0 0 1 1 0 0 1 1 1 0 1 0 1 1 1 1 1 1 1 < < < < < < > < < < < > < ]

d_0_9=7.123542502653 s=[ 0 0 0 0 1 0 0 1 1 0 0 1 1 1 1 0 1 0 0 0 0 0 0 0 > > < < < < > < > < > > > ]
7.123542502653 s=[ 0 0 0 0 1 0 0 1 1 0 0 1 1 1 1 0 1 0 0 0 0 0 0 0 > > < < < < > < > > > > > ]
7.123542502653 s=[ 0 0 0 0 1 0 0 1 1 0 0 1 1 1 1 0 1 0 0 0 0 0 0 0 > > < < < < > < > > > < > ]
7.123542502653 s=[ 0 0 0 0 1 0 0 1 1 0 0 1 1 1 1 0 1 0 0 0 0 0 0 0 > > < < < < > < > < > < > ]
7.123542502653 s=[ 0 0 0 0 1 0 0 1 1 0 0 1 1 1 1 0 1 0 0 0 0 0 0 0 < > < < < < > < > > > > > ]
7.123542502653 s=[ 0 0 0 0 1 0 0 1 1 0 0 1 1 1 1 0 1 0 0 0 0 0 0 0 < > < < < < > < > > > < > ]
7.123542502653 s=[ 0 0 0 0 1 0 0 1 1 0 0 1 1 1 1 0 1 0 0 0 0 0 0 0 < > < < < < > < > < > > > ]
7.123542502653 s=[ 0 0 0 0 1 0 0 1 1 0 0 1 1 1 1 0 1 0 0 0 0 0 0 0 < > < < < < > < > < > < > ]

d_0_9=7.123542502653 s=[ 0 0 0 1 0 1 1 0 0 1 1 0 0 0 0 1 0 1 1 1 1 1 1 1 < < > > > > < > < < < < < ]
7.123542502653 s=[ 0 0 0 1 0 1 1 0 0 1 1 0 0 0 0 1 0 1 1 1 1 1 1 1 > < > > > > < > < > < > < ]
7.123542502653 s=[ 0 0 0 1 0 1 1 0 0 1 1 0 0 0 0 1 0 1 1 1 1 1 1 1 > < > > > > < > < > < < < ]
7.123542502653 s=[ 0 0 0 1 0 1 1 0 0 1 1 0 0 0 0 1 0 1 1 1 1 1 1 1 > < > > > > < > < < < > < ]
7.123542502653 s=[ 0 0 0 1 0 1 1 0 0 1 1 0 0 0 0 1 0 1 1 1 1 1 1 1 > < > > > > < > < < < < < ]
7.123542502653 s=[ 0 0 0 1 0 1 1 0 0 1 1 0 0 0 0 1 0 1 1 1 1 1 1 1 < < > > > > < > < > < > < ]
7.123542502653 s=[ 0 0 0 1 0 1 1 0 0 1 1 0 0 0 0 1 0 1 1 1 1 1 1 1 < < > > > > < > < > < < < ]
7.123542502653 s=[ 0 0 0 1 0 1 1 0 0 1 1 0 0 0 0 1 0 1 1 1 1 1 1 1 < < > > > > < > < < < > < ]

d_0_9=7.123542502653 s=[ 0 0 0 1 0 1 1 0 0 1 1 0 0 0 1 0 1 0 0 0 0 0 0 0 > > > > > > < > > > > > > ]
7.123542502653 s=[ 0 0 0 1 0 1 1 0 0 1 1 0 0 0 1 0 1 0 0 0 0 0 0 0 > > > > > > < > > > > < > ]
7.123542502653 s=[ 0 0 0 1 0 1 1 0 0 1 1 0 0 0 1 0 1 0 0 0 0 0 0 0 > > > > > > < > > < > > > ]
7.123542502653 s=[ 0 0 0 1 0 1 1 0 0 1 1 0 0 0 1 0 1 0 0 0 0 0 0 0 > > > > > > < > > < > < > ]
7.123542502653 s=[ 0 0 0 1 0 1 1 0 0 1 1 0 0 0 1 0 1 0 0 0 0 0 0 0 < > > > > > < > > > > > > ]
7.123542502653 s=[ 0 0 0 1 0 1 1 0 0 1 1 0 0 0 1 0 1 0 0 0 0 0 0 0 < > > > > > < > > > > < > ]
7.123542502653 s=[ 0 0 0 1 0 1 1 0 0 1 1 0 0 0 1 0 1 0 0 0 0 0 0 0 < > > > > > < > > < > > > ]
7.123542502653 s=[ 0 0 0 1 0 1 1 0 0 1 1 0 0 0 1 0 1 0 0 0 0 0 0 0 < > > > > > < > > < > < > ]

d_0_9=7.124008382663 s=[ 0 0 0 0 1 0 0 1 1 0 0 1 1 1 0 1 0 1 1 1 1 1 1 1 < < < < < < > < < < < < < ]
7.124008382663 s=[ 0 0 0 0 1 0 0 1 1 0 0 1 1 1 0 1 0 1 1 1 1 1 1 1 > < < < < < > < < > < > < ]
7.124008382663 s=[ 0 0 0 0 1 0 0 1 1 0 0 1 1 1 0 1 0 1 1 1 1 1 1 1 > < < < < < > < < > < < < ]
7.124008382663 s=[ 0 0 0 0 1 0 0 1 1 0 0 1 1 1 0 1 0 1 1 1 1 1 1 1 > < < < < < > < < < < > < ]
7.124008382663 s=[ 0 0 0 0 1 0 0 1 1 0 0 1 1 1 0 1 0 1 1 1 1 1 1 1 > < < < < < > < < < < < < ]
7.124008382663 s=[ 0 0 0 0 1 0 0 1 1 0 0 1 1 1 0 1 0 1 1 1 1 1 1 1 < < < < < < > < < > < > < ]
7.124008382663 s=[ 0 0 0 0 1 0 0 1 1 0 0 1 1 1 0 1 0 1 1 1 1 1 1 1 < < < < < < > < < > < < < ]
7.124008382663 s=[ 0 0 0 0 1 0 0 1 1 0 0 1 1 1 0 1 0 1 1 1 1 1 1 1 < < < < < < > < < < < > < ]

d_0_9=7.124008382663 s=[ 0 0 0 0 1 0 0 1 1 0 0 1 1 1 1 0 1 0 0 0 0 0 0 0 > > < < < < > < > > > > > ]
7.124008382663 s=[ 0 0 0 0 1 0 0 1 1 0 0 1 1 1 1 0 1 0 0 0 0 0 0 0 > > < < < < > < > > > < > ]
7.124008382663 s=[ 0 0 0 0 1 0 0 1 1 0 0 1 1 1 1 0 1 0 0 0 0 0 0 0 > > < < < < > < > < > > > ]
7.124008382663 s=[ 0 0 0 0 1 0 0 1 1 0 0 1 1 1 1 0 1 0 0 0 0 0 0 0 > > < < < < > < > < > < > ]
7.124008382663 s=[ 0 0 0 0 1 0 0 1 1 0 0 1 1 1 1 0 1 0 0 0 0 0 0 0 < > < < < < > < > > > > > ]
7.124008382663 s=[ 0 0 0 0 1 0 0 1 1 0 0 1 1 1 1 0 1 0 0 0 0 0 0 0 < > < < < < > < > > > < > ]
7.124008382663 s=[ 0 0 0 0 1 0 0 1 1 0 0 1 1 1 1 0 1 0 0 0 0 0 0 0 < > < < < < > < > < > > > ]
7.124008382663 s=[ 0 0 0 0 1 0 0 1 1 0 0 1 1 1 1 0 1 0 0 0 0 0 0 0 < > < < < < > < > < > < > ]

d_0_9=7.124008382663 s=[ 0 0 0 1 0 1 1 0 0 1 1 0 0 0 0 1 0 1 1 1 1 1 1 1 < < > > > > < > < < < < < ]
7.124008382663 s=[ 0 0 0 1 0 1 1 0 0 1 1 0 0 0 0 1 0 1 1 1 1 1 1 1 > < > > > > < > < > < > < ]
7.124008382663 s=[ 0 0 0 1 0 1 1 0 0 1 1 0 0 0 0 1 0 1 1 1 1 1 1 1 > < > > > > < > < > < < < ]
7.124008382663 s=[ 0 0 0 1 0 1 1 0 0 1 1 0 0 0 0 1 0 1 1 1 1 1 1 1 > < > > > > < > < < < > < ]
7.124008382663 s=[ 0 0 0 1 0 1 1 0 0 1 1 0 0 0 0 1 0 1 1 1 1 1 1 1 > < > > > > < > < < < < < ]
7.124008382663 s=[ 0 0 0 1 0 1 1 0 0 1 1 0 0 0 0 1 0 1 1 1 1 1 1 1 < < > > > > < > < > < > < ]
7.124008382663 s=[ 0 0 0 1 0 1 1 0 0 1 1 0 0 0 0 1 0 1 1 1 1 1 1 1 < < > > > > < > < > < < < ]
7.124008382663 s=[ 0 0 0 1 0 1 1 0 0 1 1 0 0 0 0 1 0 1 1 1 1 1 1 1 < < > > > > < > < < < > < ]

d_0_9=7.124008382663 s=[ 0 0 0 1 0 1 1 0 0 1 1 0 0 0 1 0 1 0 0 0 0 0 0 0 > > > > > > < > > > > > > ]
7.124008382663 s=[ 0 0 0 1 0 1 1 0 0 1 1 0 0 0 1 0 1 0 0 0 0 0 0 0 > > > > > > < > > > > < > ]
7.124008382663 s=[ 0 0 0 1 0 1 1 0 0 1 1 0 0 0 1 0 1 0 0 0 0 0 0 0 > > > > > > < > > < > > > ]
7.124008382663 s=[ 0 0 0 1 0 1 1 0 0 1 1 0 0 0 1 0 1 0 0 0 0 0 0 0 > > > > > > < > > < > < > ]
7.124008382663 s=[ 0 0 0 1 0 1 1 0 0 1 1 0 0 0 1 0 1 0 0 0 0 0 0 0 < > > > > > < > > > > > > ]
7.124008382663 s=[ 0 0 0 1 0 1 1 0 0 1 1 0 0 0 1 0 1 0 0 0 0 0 0 0 < > > > > > < > > > > < > ]
7.124008382663 s=[ 0 0 0 1 0 1 1 0 0 1 1 0 0 0 1 0 1 0 0 0 0 0 0 0 < > > > > > < > > < > > > ]
7.124008382663 s=[ 0 0 0 1 0 1 1 0 0 1 1 0 0 0 1 0 1 0 0 0 0 0 0 0 < > > > > > < > > < > < > ]

d_0_9=7.124474262673 s=[ 0 0 0 0 1 0 0 1 1 0 0 1 1 1 0 1 0 1 1 1 1 1 1 1 < < < < < < > < < < < < < ]
7.124474262673 s=[ 0 0 0 0 1 0 0 1 1 0 0 1 1 1 0 1 0 1 1 1 1 1 1 1 > < < < < < > < < > < > < ]
7.124474262673 s=[ 0 0 0 0 1 0 0 1 1 0 0 1 1 1 0 1 0 1 1 1 1 1 1 1 > < < < < < > < < > < < < ]
7.124474262673 s=[ 0 0 0 0 1 0 0 1 1 0 0 1 1 1 0 1 0 1 1 1 1 1 1 1 > < < < < < > < < < < > < ]
7.124474262673 s=[ 0 0 0 0 1 0 0 1 1 0 0 1 1 1 0 1 0 1 1 1 1 1 1 1 > < < < < < > < < < < < < ]
7.124474262673 s=[ 0 0 0 0 1 0 0 1 1 0 0 1 1 1 0 1 0 1 1 1 1 1 1 1 < < < < < < > < < > < > < ]
7.124474262673 s=[ 0 0 0 0 1 0 0 1 1 0 0 1 1 1 0 1 0 1 1 1 1 1 1 1 < < < < < < > < < > < < < ]
7.124474262673 s=[ 0 0 0 0 1 0 0 1 1 0 0 1 1 1 0 1 0 1 1 1 1 1 1 1 < < < < < < > < < < < > < ]

d_0_9=7.124474262673 s=[ 0 0 0 0 1 0 0 1 1 0 0 1 1 1 1 0 1 0 0 0 0 0 0 0 > > < < < < > < > > > > > ]
7.124474262673 s=[ 0 0 0 0 1 0 0 1 1 0 0 1 1 1 1 0 1 0 0 0 0 0 0 0 > > < < < < > < > > > < > ]
7.124474262673 s=[ 0 0 0 0 1 0 0 1 1 0 0 1 1 1 1 0 1 0 0 0 0 0 0 0 > > < < < < > < > < > > > ]
7.124474262673 s=[ 0 0 0 0 1 0 0 1 1 0 0 1 1 1 1 0 1 0 0 0 0 0 0 0 > > < < < < > < > < > < > ]
7.124474262673 s=[ 0 0 0 0 1 0 0 1 1 0 0 1 1 1 1 0 1 0 0 0 0 0 0 0 < > < < < < > < > > > > > ]
7.124474262673 s=[ 0 0 0 0 1 0 0 1 1 0 0 1 1 1 1 0 1 0 0 0 0 0 0 0 < > < < < < > < > > > < > ]
7.124474262673 s=[ 0 0 0 0 1 0 0 1 1 0 0 1 1 1 1 0 1 0 0 0 0 0 0 0 < > < < < < > < > < > > > ]
7.124474262673 s=[ 0 0 0 0 1 0 0 1 1 0 0 1 1 1 1 0 1 0 0 0 0 0 0 0 < > < < < < > < > < > < > ]

d_0_9=7.124474262673 s=[ 0 0 0 1 0 1 1 0 0 1 1 0 0 0 0 1 0 1 1 1 1 1 1 1 < < > > > > < > < < < < < ]
7.124474262673 s=[ 0 0 0 1 0 1 1 0 0 1 1 0 0 0 0 1 0 1 1 1 1 1 1 1 > < > > > > < > < > < > < ]
7.124474262673 s=[ 0 0 0 1 0 1 1 0 0 1 1 0 0 0 0 1 0 1 1 1 1 1 1 1 > < > > > > < > < > < < < ]
7.124474262673 s=[ 0 0 0 1 0 1 1 0 0 1 1 0 0 0 0 1 0 1 1 1 1 1 1 1 > < > > > > < > < < < > < ]
7.124474262673 s=[ 0 0 0 1 0 1 1 0 0 1 1 0 0 0 0 1 0 1 1 1 1 1 1 1 > < > > > > < > < < < < < ]
7.124474262673 s=[ 0 0 0 1 0 1 1 0 0 1 1 0 0 0 0 1 0 1 1 1 1 1 1 1 < < > > > > < > < > < > < ]
7.124474262673 s=[ 0 0 0 1 0 1 1 0 0 1 1 0 0 0 0 1 0 1 1 1 1 1 1 1 < < > > > > < > < > < < < ]
7.124474262673 s=[ 0 0 0 1 0 1 1 0 0 1 1 0 0 0 0 1 0 1 1 1 1 1 1 1 < < > > > > < > < < < > < ]

d_0_9=7.124474262673 s=[ 0 0 0 1 0 1 1 0 0 1 1 0 0 0 1 0 1 0 0 0 0 0 0 0 > > > > > > < > > > > > > ]
7.124474262673 s=[ 0 0 0 1 0 1 1 0 0 1 1 0 0 0 1 0 1 0 0 0 0 0 0 0 > > > > > > < > > > > < > ]
7.124474262673 s=[ 0 0 0 1 0 1 1 0 0 1 1 0 0 0 1 0 1 0 0 0 0 0 0 0 > > > > > > < > > < > > > ]
7.124474262673 s=[ 0 0 0 1 0 1 1 0 0 1 1 0 0 0 1 0 1 0 0 0 0 0 0 0 > > > > > > < > > < > < > ]
7.124474262673 s=[ 0 0 0 1 0 1 1 0 0 1 1 0 0 0 1 0 1 0 0 0 0 0 0 0 < > > > > > < > > > > > > ]
7.124474262673 s=[ 0 0 0 1 0 1 1 0 0 1 1 0 0 0 1 0 1 0 0 0 0 0 0 0 < > > > > > < > > > > < > ]
7.124474262673 s=[ 0 0 0 1 0 1 1 0 0 1 1 0 0 0 1 0 1 0 0 0 0 0 0 0 < > > > > > < > > < > > > ]
7.124474262673 s=[ 0 0 0 1 0 1 1 0 0 1 1 0 0 0 1 0 1 0 0 0 0 0 0 0 < > > > > > < > > < > < > ]

d_0_9=7.124940142683 s=[ 0 0 0 0 1 0 0 1 1 0 0 1 1 1 0 1 0 1 1 1 1 1 1 1 < < < < < < > < < < < < < ]
7.124940142683 s=[ 0 0 0 0 1 0 0 1 1 0 0 1 1 1 0 1 0 1 1 1 1 1 1 1 > < < < < < > < < > < > < ]
7.124940142683 s=[ 0 0 0 0 1 0 0 1 1 0 0 1 1 1 0 1 0 1 1 1 1 1 1 1 > < < < < < > < < > < < < ]
7.124940142683 s=[ 0 0 0 0 1 0 0 1 1 0 0 1 1 1 0 1 0 1 1 1 1 1 1 1 > < < < < < > < < < < > < ]
7.124940142683 s=[ 0 0 0 0 1 0 0 1 1 0 0 1 1 1 0 1 0 1 1 1 1 1 1 1 > < < < < < > < < < < < < ]
7.124940142683 s=[ 0 0 0 0 1 0 0 1 1 0 0 1 1 1 0 1 0 1 1 1 1 1 1 1 < < < < < < > < < > < > < ]
7.124940142683 s=[ 0 0 0 0 1 0 0 1 1 0 0 1 1 1 0 1 0 1 1 1 1 1 1 1 < < < < < < > < < > < < < ]
7.124940142683 s=[ 0 0 0 0 1 0 0 1 1 0 0 1 1 1 0 1 0 1 1 1 1 1 1 1 < < < < < < > < < < < > < ]

d_0_9=7.124940142683 s=[ 0 0 0 0 1 0 0 1 1 0 0 1 1 1 1 0 1 0 0 0 0 0 0 0 > > < < < < > < > > > > > ]
7.124940142683 s=[ 0 0 0 0 1 0 0 1 1 0 0 1 1 1 1 0 1 0 0 0 0 0 0 0 > > < < < < > < > > > < > ]
7.124940142683 s=[ 0 0 0 0 1 0 0 1 1 0 0 1 1 1 1 0 1 0 0 0 0 0 0 0 > > < < < < > < > < > > > ]
7.124940142683 s=[ 0 0 0 0 1 0 0 1 1 0 0 1 1 1 1 0 1 0 0 0 0 0 0 0 > > < < < < > < > < > < > ]
7.124940142683 s=[ 0 0 0 0 1 0 0 1 1 0 0 1 1 1 1 0 1 0 0 0 0 0 0 0 < > < < < < > < > > > > > ]
7.124940142683 s=[ 0 0 0 0 1 0 0 1 1 0 0 1 1 1 1 0 1 0 0 0 0 0 0 0 < > < < < < > < > > > < > ]
7.124940142683 s=[ 0 0 0 0 1 0 0 1 1 0 0 1 1 1 1 0 1 0 0 0 0 0 0 0 < > < < < < > < > < > > > ]
7.124940142683 s=[ 0 0 0 0 1 0 0 1 1 0 0 1 1 1 1 0 1 0 0 0 0 0 0 0 < > < < < < > < > < > < > ]

d_0_9=7.124940142683 s=[ 0 0 0 1 0 1 1 0 0 1 1 0 0 0 0 1 0 1 1 1 1 1 1 1 < < > > > > < > < < < < < ]
7.124940142683 s=[ 0 0 0 1 0 1 1 0 0 1 1 0 0 0 0 1 0 1 1 1 1 1 1 1 > < > > > > < > < > < > < ]
7.124940142683 s=[ 0 0 0 1 0 1 1 0 0 1 1 0 0 0 0 1 0 1 1 1 1 1 1 1 > < > > > > < > < > < < < ]
7.124940142683 s=[ 0 0 0 1 0 1 1 0 0 1 1 0 0 0 0 1 0 1 1 1 1 1 1 1 > < > > > > < > < < < > < ]
7.124940142683 s=[ 0 0 0 1 0 1 1 0 0 1 1 0 0 0 0 1 0 1 1 1 1 1 1 1 > < > > > > < > < < < < < ]
7.124940142683 s=[ 0 0 0 1 0 1 1 0 0 1 1 0 0 0 0 1 0 1 1 1 1 1 1 1 < < > > > > < > < > < > < ]
7.124940142683 s=[ 0 0 0 1 0 1 1 0 0 1 1 0 0 0 0 1 0 1 1 1 1 1 1 1 < < > > > > < > < > < < < ]
7.124940142683 s=[ 0 0 0 1 0 1 1 0 0 1 1 0 0 0 0 1 0 1 1 1 1 1 1 1 < < > > > > < > < < < > < ]

d_0_9=7.124940142683 s=[ 0 0 0 1 0 1 1 0 0 1 1 0 0 0 1 0 1 0 0 0 0 0 0 0 > > > > > > < > > > > > > ]
7.124940142683 s=[ 0 0 0 1 0 1 1 0 0 1 1 0 0 0 1 0 1 0 0 0 0 0 0 0 > > > > > > < > > > > < > ]
7.124940142683 s=[ 0 0 0 1 0 1 1 0 0 1 1 0 0 0 1 0 1 0 0 0 0 0 0 0 > > > > > > < > > < > > > ]
7.124940142683 s=[ 0 0 0 1 0 1 1 0 0 1 1 0 0 0 1 0 1 0 0 0 0 0 0 0 > > > > > > < > > < > < > ]
7.124940142683 s=[ 0 0 0 1 0 1 1 0 0 1 1 0 0 0 1 0 1 0 0 0 0 0 0 0 < > > > > > < > > > > > > ]
7.124940142683 s=[ 0 0 0 1 0 1 1 0 0 1 1 0 0 0 1 0 1 0 0 0 0 0 0 0 < > > > > > < > > > > < > ]
7.124940142683 s=[ 0 0 0 1 0 1 1 0 0 1 1 0 0 0 1 0 1 0 0 0 0 0 0 0 < > > > > > < > > < > > > ]
7.124940142683 s=[ 0 0 0 1 0 1 1 0 0 1 1 0 0 0 1 0 1 0 0 0 0 0 0 0 < > > > > > < > > < > < > ]

d_0_9=7.125406022693 s=[ 0 0 0 0 1 0 0 1 1 0 0 1 1 1 0 1 0 1 1 1 1 1 1 1 < < < < < < > < < < < < < ]
7.125406022693 s=[ 0 0 0 0 1 0 0 1 1 0 0 1 1 1 0 1 0 1 1 1 1 1 1 1 > < < < < < > < < > < > < ]
7.125406022693 s=[ 0 0 0 0 1 0 0 1 1 0 0 1 1 1 0 1 0 1 1 1 1 1 1 1 > < < < < < > < < > < < < ]
7.125406022693 s=[ 0 0 0 0 1 0 0 1 1 0 0 1 1 1 0 1 0 1 1 1 1 1 1 1 > < < < < < > < < < < > < ]
7.125406022693 s=[ 0 0 0 0 1 0 0 1 1 0 0 1 1 1 0 1 0 1 1 1 1 1 1 1 > < < < < < > < < < < < < ]
7.125406022693 s=[ 0 0 0 0 1 0 0 1 1 0 0 1 1 1 0 1 0 1 1 1 1 1 1 1 < < < < < < > < < > < > < ]
7.125406022693 s=[ 0 0 0 0 1 0 0 1 1 0 0 1 1 1 0 1 0 1 1 1 1 1 1 1 < < < < < < > < < > < < < ]
7.125406022693 s=[ 0 0 0 0 1 0 0 1 1 0 0 1 1 1 0 1 0 1 1 1 1 1 1 1 < < < < < < > < < < < > < ]

d_0_9=7.125406022693 s=[ 0 0 0 0 1 0 0 1 1 0 0 1 1 1 1 0 1 0 0 0 0 0 0 0 > > < < < < > < > > > < > ]
7.125406022693 s=[ 0 0 0 0 1 0 0 1 1 0 0 1 1 1 1 0 1 0 0 0 0 0 0 0 > > < < < < > < > > > > > ]
7.125406022693 s=[ 0 0 0 0 1 0 0 1 1 0 0 1 1 1 1 0 1 0 0 0 0 0 0 0 > > < < < < > < > < > > > ]
7.125406022693 s=[ 0 0 0 0 1 0 0 1 1 0 0 1 1 1 1 0 1 0 0 0 0 0 0 0 > > < < < < > < > < > < > ]
7.125406022693 s=[ 0 0 0 0 1 0 0 1 1 0 0 1 1 1 1 0 1 0 0 0 0 0 0 0 < > < < < < > < > > > > > ]
7.125406022693 s=[ 0 0 0 0 1 0 0 1 1 0 0 1 1 1 1 0 1 0 0 0 0 0 0 0 < > < < < < > < > > > < > ]
7.125406022693 s=[ 0 0 0 0 1 0 0 1 1 0 0 1 1 1 1 0 1 0 0 0 0 0 0 0 < > < < < < > < > < > > > ]
7.125406022693 s=[ 0 0 0 0 1 0 0 1 1 0 0 1 1 1 1 0 1 0 0 0 0 0 0 0 < > < < < < > < > < > < > ]

d_0_9=7.125406022693 s=[ 0 0 0 1 0 1 1 0 0 1 1 0 0 0 0 1 0 1 1 1 1 1 1 1 < < > > > > < > < < < < < ]
7.125406022693 s=[ 0 0 0 1 0 1 1 0 0 1 1 0 0 0 0 1 0 1 1 1 1 1 1 1 > < > > > > < > < > < > < ]
7.125406022693 s=[ 0 0 0 1 0 1 1 0 0 1 1 0 0 0 0 1 0 1 1 1 1 1 1 1 > < > > > > < > < > < < < ]
7.125406022693 s=[ 0 0 0 1 0 1 1 0 0 1 1 0 0 0 0 1 0 1 1 1 1 1 1 1 > < > > > > < > < < < > < ]
7.125406022693 s=[ 0 0 0 1 0 1 1 0 0 1 1 0 0 0 0 1 0 1 1 1 1 1 1 1 > < > > > > < > < < < < < ]
7.125406022693 s=[ 0 0 0 1 0 1 1 0 0 1 1 0 0 0 0 1 0 1 1 1 1 1 1 1 < < > > > > < > < > < > < ]
7.125406022693 s=[ 0 0 0 1 0 1 1 0 0 1 1 0 0 0 0 1 0 1 1 1 1 1 1 1 < < > > > > < > < > < < < ]
7.125406022693 s=[ 0 0 0 1 0 1 1 0 0 1 1 0 0 0 0 1 0 1 1 1 1 1 1 1 < < > > > > < > < < < > < ]

d_0_9=7.125406022693 s=[ 0 0 0 1 0 1 1 0 0 1 1 0 0 0 1 0 1 0 0 0 0 0 0 0 > > > > > > < > > > > > > ]
7.125406022693 s=[ 0 0 0 1 0 1 1 0 0 1 1 0 0 0 1 0 1 0 0 0 0 0 0 0 > > > > > > < > > > > < > ]
7.125406022693 s=[ 0 0 0 1 0 1 1 0 0 1 1 0 0 0 1 0 1 0 0 0 0 0 0 0 > > > > > > < > > < > > > ]
7.125406022693 s=[ 0 0 0 1 0 1 1 0 0 1 1 0 0 0 1 0 1 0 0 0 0 0 0 0 > > > > > > < > > < > < > ]
7.125406022693 s=[ 0 0 0 1 0 1 1 0 0 1 1 0 0 0 1 0 1 0 0 0 0 0 0 0 < > > > > > < > > > > > > ]
7.125406022693 s=[ 0 0 0 1 0 1 1 0 0 1 1 0 0 0 1 0 1 0 0 0 0 0 0 0 < > > > > > < > > > > < > ]
7.125406022693 s=[ 0 0 0 1 0 1 1 0 0 1 1 0 0 0 1 0 1 0 0 0 0 0 0 0 < > > > > > < > > < > > > ]
7.125406022693 s=[ 0 0 0 1 0 1 1 0 0 1 1 0 0 0 1 0 1 0 0 0 0 0 0 0 < > > > > > < > > < > < > ]

d_0_9=7.125871902703 s=[ 0 0 0 0 1 0 0 1 1 0 0 1 1 1 0 1 0 1 1 1 1 1 1 1 < < < < < < > < < < < < < ]
7.125871902703 s=[ 0 0 0 0 1 0 0 1 1 0 0 1 1 1 0 1 0 1 1 1 1 1 1 1 > < < < < < > < < > < > < ]
7.125871902703 s=[ 0 0 0 0 1 0 0 1 1 0 0 1 1 1 0 1 0 1 1 1 1 1 1 1 > < < < < < > < < > < < < ]
7.125871902703 s=[ 0 0 0 0 1 0 0 1 1 0 0 1 1 1 0 1 0 1 1 1 1 1 1 1 > < < < < < > < < < < > < ]
7.125871902703 s=[ 0 0 0 0 1 0 0 1 1 0 0 1 1 1 0 1 0 1 1 1 1 1 1 1 > < < < < < > < < < < < < ]
7.125871902703 s=[ 0 0 0 0 1 0 0 1 1 0 0 1 1 1 0 1 0 1 1 1 1 1 1 1 < < < < < < > < < > < > < ]
7.125871902703 s=[ 0 0 0 0 1 0 0 1 1 0 0 1 1 1 0 1 0 1 1 1 1 1 1 1 < < < < < < > < < > < < < ]
7.125871902703 s=[ 0 0 0 0 1 0 0 1 1 0 0 1 1 1 0 1 0 1 1 1 1 1 1 1 < < < < < < > < < < < > < ]

d_0_9=7.125871902703 s=[ 0 0 0 0 1 0 0 1 1 0 0 1 1 1 1 0 1 0 0 0 0 0 0 0 > > < < < < > < > > > < > ]
7.125871902703 s=[ 0 0 0 0 1 0 0 1 1 0 0 1 1 1 1 0 1 0 0 0 0 0 0 0 > > < < < < > < > > > > > ]
7.125871902703 s=[ 0 0 0 0 1 0 0 1 1 0 0 1 1 1 1 0 1 0 0 0 0 0 0 0 > > < < < < > < > < > > > ]
7.125871902703 s=[ 0 0 0 0 1 0 0 1 1 0 0 1 1 1 1 0 1 0 0 0 0 0 0 0 > > < < < < > < > < > < > ]
7.125871902703 s=[ 0 0 0 0 1 0 0 1 1 0 0 1 1 1 1 0 1 0 0 0 0 0 0 0 < > < < < < > < > > > > > ]
7.125871902703 s=[ 0 0 0 0 1 0 0 1 1 0 0 1 1 1 1 0 1 0 0 0 0 0 0 0 < > < < < < > < > > > < > ]
7.125871902703 s=[ 0 0 0 0 1 0 0 1 1 0 0 1 1 1 1 0 1 0 0 0 0 0 0 0 < > < < < < > < > < > > > ]
7.125871902703 s=[ 0 0 0 0 1 0 0 1 1 0 0 1 1 1 1 0 1 0 0 0 0 0 0 0 < > < < < < > < > < > < > ]

d_0_9=7.125871902703 s=[ 0 0 0 1 0 1 1 0 0 1 1 0 0 0 0 1 0 1 1 1 1 1 1 1 < < > > > > < > < < < < < ]
7.125871902703 s=[ 0 0 0 1 0 1 1 0 0 1 1 0 0 0 0 1 0 1 1 1 1 1 1 1 > < > > > > < > < > < > < ]
7.125871902703 s=[ 0 0 0 1 0 1 1 0 0 1 1 0 0 0 0 1 0 1 1 1 1 1 1 1 > < > > > > < > < > < < < ]
7.125871902703 s=[ 0 0 0 1 0 1 1 0 0 1 1 0 0 0 0 1 0 1 1 1 1 1 1 1 > < > > > > < > < < < > < ]
7.125871902703 s=[ 0 0 0 1 0 1 1 0 0 1 1 0 0 0 0 1 0 1 1 1 1 1 1 1 > < > > > > < > < < < < < ]
7.125871902703 s=[ 0 0 0 1 0 1 1 0 0 1 1 0 0 0 0 1 0 1 1 1 1 1 1 1 < < > > > > < > < > < > < ]
7.125871902703 s=[ 0 0 0 1 0 1 1 0 0 1 1 0 0 0 0 1 0 1 1 1 1 1 1 1 < < > > > > < > < > < < < ]
7.125871902703 s=[ 0 0 0 1 0 1 1 0 0 1 1 0 0 0 0 1 0 1 1 1 1 1 1 1 < < > > > > < > < < < > < ]

d_0_9=7.125871902703 s=[ 0 0 0 1 0 1 1 0 0 1 1 0 0 0 1 0 1 0 0 0 0 0 0 0 > > > > > > < > > > > > > ]
7.125871902703 s=[ 0 0 0 1 0 1 1 0 0 1 1 0 0 0 1 0 1 0 0 0 0 0 0 0 > > > > > > < > > > > < > ]
7.125871902703 s=[ 0 0 0 1 0 1 1 0 0 1 1 0 0 0 1 0 1 0 0 0 0 0 0 0 > > > > > > < > > < > > > ]
7.125871902703 s=[ 0 0 0 1 0 1 1 0 0 1 1 0 0 0 1 0 1 0 0 0 0 0 0 0 > > > > > > < > > < > < > ]
7.125871902703 s=[ 0 0 0 1 0 1 1 0 0 1 1 0 0 0 1 0 1 0 0 0 0 0 0 0 < > > > > > < > > > > > > ]
7.125871902703 s=[ 0 0 0 1 0 1 1 0 0 1 1 0 0 0 1 0 1 0 0 0 0 0 0 0 < > > > > > < > > > > < > ]
7.125871902703 s=[ 0 0 0 1 0 1 1 0 0 1 1 0 0 0 1 0 1 0 0 0 0 0 0 0 < > > > > > < > > < > > > ]
7.125871902703 s=[ 0 0 0 1 0 1 1 0 0 1 1 0 0 0 1 0 1 0 0 0 0 0 0 0 < > > > > > < > > < > < > ]

d_0_9=7.126337782713 s=[ 0 0 0 0 1 0 0 1 1 0 0 1 1 1 0 1 0 1 1 1 1 1 1 1 < < < < < < > < < < < < < ]
7.126337782713 s=[ 0 0 0 0 1 0 0 1 1 0 0 1 1 1 0 1 0 1 1 1 1 1 1 1 > < < < < < > < < > < > < ]
7.126337782713 s=[ 0 0 0 0 1 0 0 1 1 0 0 1 1 1 0 1 0 1 1 1 1 1 1 1 > < < < < < > < < > < < < ]
7.126337782713 s=[ 0 0 0 0 1 0 0 1 1 0 0 1 1 1 0 1 0 1 1 1 1 1 1 1 > < < < < < > < < < < > < ]
7.126337782713 s=[ 0 0 0 0 1 0 0 1 1 0 0 1 1 1 0 1 0 1 1 1 1 1 1 1 > < < < < < > < < < < < < ]
7.126337782713 s=[ 0 0 0 0 1 0 0 1 1 0 0 1 1 1 0 1 0 1 1 1 1 1 1 1 < < < < < < > < < > < > < ]
7.126337782713 s=[ 0 0 0 0 1 0 0 1 1 0 0 1 1 1 0 1 0 1 1 1 1 1 1 1 < < < < < < > < < > < < < ]
7.126337782713 s=[ 0 0 0 0 1 0 0 1 1 0 0 1 1 1 0 1 0 1 1 1 1 1 1 1 < < < < < < > < < < < > < ]

d_0_9=7.126337782713 s=[ 0 0 0 0 1 0 0 1 1 0 0 1 1 1 1 0 1 0 0 0 0 0 0 0 > > < < < < > < > > > < > ]
7.126337782713 s=[ 0 0 0 0 1 0 0 1 1 0 0 1 1 1 1 0 1 0 0 0 0 0 0 0 > > < < < < > < > > > > > ]
7.126337782713 s=[ 0 0 0 0 1 0 0 1 1 0 0 1 1 1 1 0 1 0 0 0 0 0 0 0 > > < < < < > < > < > > > ]
7.126337782713 s=[ 0 0 0 0 1 0 0 1 1 0 0 1 1 1 1 0 1 0 0 0 0 0 0 0 > > < < < < > < > < > < > ]
7.126337782713 s=[ 0 0 0 0 1 0 0 1 1 0 0 1 1 1 1 0 1 0 0 0 0 0 0 0 < > < < < < > < > > > > > ]
7.126337782713 s=[ 0 0 0 0 1 0 0 1 1 0 0 1 1 1 1 0 1 0 0 0 0 0 0 0 < > < < < < > < > > > < > ]
7.126337782713 s=[ 0 0 0 0 1 0 0 1 1 0 0 1 1 1 1 0 1 0 0 0 0 0 0 0 < > < < < < > < > < > > > ]
7.126337782713 s=[ 0 0 0 0 1 0 0 1 1 0 0 1 1 1 1 0 1 0 0 0 0 0 0 0 < > < < < < > < > < > < > ]

d_0_9=7.126337782713 s=[ 0 0 0 1 0 1 1 0 0 1 1 0 0 0 0 1 0 1 1 1 1 1 1 1 < < > > > > < > < < < < < ]
7.126337782713 s=[ 0 0 0 1 0 1 1 0 0 1 1 0 0 0 0 1 0 1 1 1 1 1 1 1 > < > > > > < > < > < > < ]
7.126337782713 s=[ 0 0 0 1 0 1 1 0 0 1 1 0 0 0 0 1 0 1 1 1 1 1 1 1 > < > > > > < > < > < < < ]
7.126337782713 s=[ 0 0 0 1 0 1 1 0 0 1 1 0 0 0 0 1 0 1 1 1 1 1 1 1 > < > > > > < > < < < > < ]
7.126337782713 s=[ 0 0 0 1 0 1 1 0 0 1 1 0 0 0 0 1 0 1 1 1 1 1 1 1 > < > > > > < > < < < < < ]
7.126337782713 s=[ 0 0 0 1 0 1 1 0 0 1 1 0 0 0 0 1 0 1 1 1 1 1 1 1 < < > > > > < > < > < > < ]
7.126337782713 s=[ 0 0 0 1 0 1 1 0 0 1 1 0 0 0 0 1 0 1 1 1 1 1 1 1 < < > > > > < > < > < < < ]
7.126337782713 s=[ 0 0 0 1 0 1 1 0 0 1 1 0 0 0 0 1 0 1 1 1 1 1 1 1 < < > > > > < > < < < > < ]

d_0_9=7.126337782713 s=[ 0 0 0 1 0 1 1 0 0 1 1 0 0 0 1 0 1 0 0 0 0 0 0 0 > > > > > > < > > > > > > ]
7.126337782713 s=[ 0 0 0 1 0 1 1 0 0 1 1 0 0 0 1 0 1 0 0 0 0 0 0 0 > > > > > > < > > > > < > ]
7.126337782713 s=[ 0 0 0 1 0 1 1 0 0 1 1 0 0 0 1 0 1 0 0 0 0 0 0 0 > > > > > > < > > < > > > ]
7.126337782713 s=[ 0 0 0 1 0 1 1 0 0 1 1 0 0 0 1 0 1 0 0 0 0 0 0 0 > > > > > > < > > < > < > ]
7.126337782713 s=[ 0 0 0 1 0 1 1 0 0 1 1 0 0 0 1 0 1 0 0 0 0 0 0 0 < > > > > > < > > > > > > ]
7.126337782713 s=[ 0 0 0 1 0 1 1 0 0 1 1 0 0 0 1 0 1 0 0 0 0 0 0 0 < > > > > > < > > > > < > ]
7.126337782713 s=[ 0 0 0 1 0 1 1 0 0 1 1 0 0 0 1 0 1 0 0 0 0 0 0 0 < > > > > > < > > < > > > ]
7.126337782713 s=[ 0 0 0 1 0 1 1 0 0 1 1 0 0 0 1 0 1 0 0 0 0 0 0 0 < > > > > > < > > < > < > ]

d_0_9=7.126803662723 s=[ 0 0 0 0 1 0 0 1 1 0 0 1 1 1 0 1 0 1 1 1 1 1 1 1 < < < < < < > < < < < < < ]
7.126803662723 s=[ 0 0 0 0 1 0 0 1 1 0 0 1 1 1 0 1 0 1 1 1 1 1 1 1 > < < < < < > < < > < > < ]
7.126803662723 s=[ 0 0 0 0 1 0 0 1 1 0 0 1 1 1 0 1 0 1 1 1 1 1 1 1 > < < < < < > < < > < < < ]
7.126803662723 s=[ 0 0 0 0 1 0 0 1 1 0 0 1 1 1 0 1 0 1 1 1 1 1 1 1 > < < < < < > < < < < > < ]
7.126803662723 s=[ 0 0 0 0 1 0 0 1 1 0 0 1 1 1 0 1 0 1 1 1 1 1 1 1 > < < < < < > < < < < < < ]
7.126803662723 s=[ 0 0 0 0 1 0 0 1 1 0 0 1 1 1 0 1 0 1 1 1 1 1 1 1 < < < < < < > < < > < > < ]
7.126803662723 s=[ 0 0 0 0 1 0 0 1 1 0 0 1 1 1 0 1 0 1 1 1 1 1 1 1 < < < < < < > < < > < < < ]
7.126803662723 s=[ 0 0 0 0 1 0 0 1 1 0 0 1 1 1 0 1 0 1 1 1 1 1 1 1 < < < < < < > < < < < > < ]

d_0_9=7.126803662723 s=[ 0 0 0 0 1 0 0 1 1 0 0 1 1 1 1 0 1 0 0 0 0 0 0 0 > > < < < < > < > < > > > ]
7.126803662723 s=[ 0 0 0 0 1 0 0 1 1 0 0 1 1 1 1 0 1 0 0 0 0 0 0 0 > > < < < < > < > > > > > ]
7.126803662723 s=[ 0 0 0 0 1 0 0 1 1 0 0 1 1 1 1 0 1 0 0 0 0 0 0 0 > > < < < < > < > > > < > ]
7.126803662723 s=[ 0 0 0 0 1 0 0 1 1 0 0 1 1 1 1 0 1 0 0 0 0 0 0 0 > > < < < < > < > < > < > ]
7.126803662723 s=[ 0 0 0 0 1 0 0 1 1 0 0 1 1 1 1 0 1 0 0 0 0 0 0 0 < > < < < < > < > > > > > ]
7.126803662723 s=[ 0 0 0 0 1 0 0 1 1 0 0 1 1 1 1 0 1 0 0 0 0 0 0 0 < > < < < < > < > > > < > ]
7.126803662723 s=[ 0 0 0 0 1 0 0 1 1 0 0 1 1 1 1 0 1 0 0 0 0 0 0 0 < > < < < < > < > < > > > ]
7.126803662723 s=[ 0 0 0 0 1 0 0 1 1 0 0 1 1 1 1 0 1 0 0 0 0 0 0 0 < > < < < < > < > < > < > ]

d_0_9=7.126803662723 s=[ 0 0 0 1 0 1 1 0 0 1 1 0 0 0 0 1 0 1 1 1 1 1 1 1 < < > > > > < > < < < < < ]
7.126803662723 s=[ 0 0 0 1 0 1 1 0 0 1 1 0 0 0 0 1 0 1 1 1 1 1 1 1 > < > > > > < > < > < > < ]
7.126803662723 s=[ 0 0 0 1 0 1 1 0 0 1 1 0 0 0 0 1 0 1 1 1 1 1 1 1 > < > > > > < > < > < < < ]
7.126803662723 s=[ 0 0 0 1 0 1 1 0 0 1 1 0 0 0 0 1 0 1 1 1 1 1 1 1 > < > > > > < > < < < > < ]
7.126803662723 s=[ 0 0 0 1 0 1 1 0 0 1 1 0 0 0 0 1 0 1 1 1 1 1 1 1 > < > > > > < > < < < < < ]
7.126803662723 s=[ 0 0 0 1 0 1 1 0 0 1 1 0 0 0 0 1 0 1 1 1 1 1 1 1 < < > > > > < > < > < > < ]
7.126803662723 s=[ 0 0 0 1 0 1 1 0 0 1 1 0 0 0 0 1 0 1 1 1 1 1 1 1 < < > > > > < > < > < < < ]
7.126803662723 s=[ 0 0 0 1 0 1 1 0 0 1 1 0 0 0 0 1 0 1 1 1 1 1 1 1 < < > > > > < > < < < > < ]

d_0_9=7.126803662723 s=[ 0 0 0 1 0 1 1 0 0 1 1 0 0 0 1 0 1 0 0 0 0 0 0 0 > > > > > > < > > > > > > ]
7.126803662723 s=[ 0 0 0 1 0 1 1 0 0 1 1 0 0 0 1 0 1 0 0 0 0 0 0 0 > > > > > > < > > > > < > ]
7.126803662723 s=[ 0 0 0 1 0 1 1 0 0 1 1 0 0 0 1 0 1 0 0 0 0 0 0 0 > > > > > > < > > < > > > ]
7.126803662723 s=[ 0 0 0 1 0 1 1 0 0 1 1 0 0 0 1 0 1 0 0 0 0 0 0 0 > > > > > > < > > < > < > ]
7.126803662723 s=[ 0 0 0 1 0 1 1 0 0 1 1 0 0 0 1 0 1 0 0 0 0 0 0 0 < > > > > > < > > > > > > ]
7.126803662723 s=[ 0 0 0 1 0 1 1 0 0 1 1 0 0 0 1 0 1 0 0 0 0 0 0 0 < > > > > > < > > > > < > ]
7.126803662723 s=[ 0 0 0 1 0 1 1 0 0 1 1 0 0 0 1 0 1 0 0 0 0 0 0 0 < > > > > > < > > < > > > ]
7.126803662723 s=[ 0 0 0 1 0 1 1 0 0 1 1 0 0 0 1 0 1 0 0 0 0 0 0 0 < > > > > > < > > < > < > ]

d_0_9=7.127269542733 s=[ 0 0 0 0 1 0 0 1 1 0 0 1 1 1 1 0 1 0 0 0 0 0 0 0 > > < < < < > < > > > > > ]
7.127269542733 s=[ 0 0 0 0 1 0 0 1 1 0 0 1 1 1 1 0 1 0 0 0 0 0 0 0 > > < < < < > < > > > < > ]
7.127269542733 s=[ 0 0 0 0 1 0 0 1 1 0 0 1 1 1 1 0 1 0 0 0 0 0 0 0 > > < < < < > < > < > > > ]
7.127269542733 s=[ 0 0 0 0 1 0 0 1 1 0 0 1 1 1 1 0 1 0 0 0 0 0 0 0 > > < < < < > < > < > < > ]
7.127269542733 s=[ 0 0 0 0 1 0 0 1 1 0 0 1 1 1 1 0 1 0 0 0 0 0 0 0 < > < < < < > < > > > > > ]
7.127269542733 s=[ 0 0 0 0 1 0 0 1 1 0 0 1 1 1 1 0 1 0 0 0 0 0 0 0 < > < < < < > < > > > < > ]
7.127269542733 s=[ 0 0 0 0 1 0 0 1 1 0 0 1 1 1 1 0 1 0 0 0 0 0 0 0 < > < < < < > < > < > > > ]
7.127269542733 s=[ 0 0 0 0 1 0 0 1 1 0 0 1 1 1 1 0 1 0 0 0 0 0 0 0 < > < < < < > < > < > < > ]

d_0_9=7.127269542733 s=[ 0 0 0 1 0 1 1 0 0 1 1 0 0 0 0 1 0 1 1 1 1 1 1 1 < < > > > > < > < < < < < ]
7.127269542733 s=[ 0 0 0 1 0 1 1 0 0 1 1 0 0 0 0 1 0 1 1 1 1 1 1 1 > < > > > > < > < > < > < ]
7.127269542733 s=[ 0 0 0 1 0 1 1 0 0 1 1 0 0 0 0 1 0 1 1 1 1 1 1 1 > < > > > > < > < > < < < ]
7.127269542733 s=[ 0 0 0 1 0 1 1 0 0 1 1 0 0 0 0 1 0 1 1 1 1 1 1 1 > < > > > > < > < < < > < ]
7.127269542733 s=[ 0 0 0 1 0 1 1 0 0 1 1 0 0 0 0 1 0 1 1 1 1 1 1 1 > < > > > > < > < < < < < ]
7.127269542733 s=[ 0 0 0 1 0 1 1 0 0 1 1 0 0 0 0 1 0 1 1 1 1 1 1 1 < < > > > > < > < > < > < ]
7.127269542733 s=[ 0 0 0 1 0 1 1 0 0 1 1 0 0 0 0 1 0 1 1 1 1 1 1 1 < < > > > > < > < > < < < ]
7.127269542733 s=[ 0 0 0 1 0 1 1 0 0 1 1 0 0 0 0 1 0 1 1 1 1 1 1 1 < < > > > > < > < < < > < ]

