xyz11=( 25.512885 21.005330 61.638431 )
xyz11=( 25.512399 21.005734 61.639032 )
xyz11=( 25.511913 21.006137 61.639634 )
xyz11=( 25.511426 21.006540 61.640235 )
xyz11=( 25.510939 21.006943 61.640837 )
xyz11=( 25.510451 21.007345 61.641439 )
xyz11=( 25.509963 21.007747 61.642041 )
xyz11=( 25.509474 21.008149 61.642643 )
xyz11=( 25.508985 21.008550 61.643245 )
xyz11=( 25.508495 21.008952 61.643848 )
xyz11=( 25.508004 21.009353 61.644450 )
xyz11=( 25.507513 21.009753 61.645053 )
xyz11=( 25.507022 21.010154 61.645655 )
xyz11=( 25.507022 21.010154 61.645655 )
xyz11=( 25.506530 21.010554 61.646258 )
xyz11=( 25.506530 21.010554 61.646258 )
xyz11=( 25.506037 21.010954 61.646861 )
xyz11=( 25.506037 21.010954 61.646861 )
xyz11=( 25.505544 21.011353 61.647465 )
xyz11=( 25.505544 21.011353 61.647465 )
xyz11=( 25.505050 21.011753 61.648068 )
xyz11=( 25.505050 21.011753 61.648068 )
xyz11=( 25.504556 21.012152 61.648671 )
xyz11=( 25.504061 21.012551 61.649275 )
xyz11=( 25.503566 21.012949 61.649879 )
xyz11=( 25.503566 21.012949 61.649879 )
xyz11=( 25.503070 21.013347 61.650483 )
xyz11=( 25.503070 21.013347 61.650483 )
xyz11=( 25.502574 21.013745 61.651087 )
xyz11=( 25.502574 21.013745 61.651087 )
xyz11=( 25.502077 21.014143 61.651691 )
xyz11=( 25.502077 21.014143 61.651691 )
xyz11=( 25.501580 21.014541 61.652295 )
xyz11=( 25.501580 21.014541 61.652295 )
xyz11=( 25.501082 21.014938 61.652900 )
xyz11=( 25.500583 21.015335 61.653504 )
xyz11=( 25.500084 21.015731 61.654109 )
xyz11=( 25.499585 21.016128 61.654714 )
xyz11=( 25.499085 21.016524 61.655319 )
xyz11=( 25.498584 21.016919 61.655924 )
xyz11=( 25.498083 21.017315 61.656529 )
xyz11=( 25.497581 21.017710 61.657134 )
xyz11=( 25.491009 21.022823 61.665017 )
xyz11=( 25.490500 21.023214 61.665624 )
xyz11=( 25.489990 21.023605 61.666232 )
xyz11=( 25.489480 21.023996 61.666839 )
xyz11=( 25.488969 21.024386 61.667447 )
xyz11=( 25.488457 21.024777 61.668055 )
xyz11=( 25.487945 21.025167 61.668663 )
xyz11=( 25.487432 21.025556 61.669271 )
xyz11=( 25.486919 21.025946 61.669880 )
xyz11=( 25.486405 21.026335 61.670488 )
xyz11=( 25.485891 21.026723 61.671097 )
xyz11=( 25.485376 21.027112 61.671705 )
xyz11=( 25.484861 21.027500 61.672314 )
xyz11=( 25.484345 21.027888 61.672923 )
xyz11=( 25.483828 21.028276 61.673532 )
xyz11=( 25.483311 21.028663 61.674142 )
xyz11=( 25.482794 21.029050 61.674751 )
xyz11=( 25.482275 21.029437 61.675361 )
xyz11=( 25.481757 21.029823 61.675971 )
xyz11=( 25.481237 21.030210 61.676580 )
xyz11=( 25.480718 21.030595 61.677190 )
xyz11=( 25.480197 21.030981 61.677801 )
xyz11=( 25.479676 21.031366 61.678411 )
xyz11=( 25.479155 21.031752 61.679021 )
xyz11=( 25.478633 21.032136 61.679632 )
xyz11=( 25.478110 21.032521 61.680243 )
xyz11=( 25.477587 21.032905 61.680853 )
xyz11=( 25.477063 21.033289 61.681464 )
xyz11=( 25.476539 21.033672 61.682076 )
xyz11=( 25.476014 21.034056 61.682687 )
xyz11=( 25.475488 21.034439 61.683298 )
xyz11=( 25.474962 21.034822 61.683910 )
xyz11=( 25.474435 21.035204 61.684521 )
xyz11=( 24.706889 18.953186 60.643724 )
xyz11=( 24.707708 18.953529 60.643459 )
xyz11=( 24.708528 18.953872 60.643194 )
xyz11=( 24.709347 18.954217 60.642930 )
xyz11=( 24.710167 18.954562 60.642666 )
xyz11=( 24.710988 18.954907 60.642402 )
xyz11=( 24.711808 18.955253 60.642139 )
xyz11=( 24.712629 18.955600 60.641876 )
xyz11=( 24.713450 18.955947 60.641613 )
xyz11=( 24.716736 18.957343 60.640565 )
xyz11=( 24.717559 18.957694 60.640303 )
xyz11=( 24.718381 18.958045 60.640042 )
xyz11=( 24.719204 18.958396 60.639782 )
xyz11=( 24.720027 18.958749 60.639521 )
xyz11=( 24.720850 18.959102 60.639261 )
xyz11=( 24.721674 18.959455 60.639001 )
xyz11=( 24.722498 18.959810 60.638741 )
xyz11=( 25.474335 21.035277 61.684638 )
xyz11=( 25.474901 21.034866 61.683980 )
xyz11=( 25.475467 21.034454 61.683322 )
xyz11=( 25.476033 21.034042 61.682664 )
xyz11=( 25.476598 21.033629 61.682006 )
xyz11=( 25.477164 21.033215 61.681347 )
xyz11=( 25.477729 21.032801 61.680688 )
xyz11=( 25.478294 21.032386 61.680028 )
xyz11=( 25.478858 21.031970 61.679368 )
xyz11=( 25.479423 21.031554 61.678707 )
xyz11=( 25.479987 21.031136 61.678046 )
xyz11=( 25.480551 21.030719 61.677385 )
xyz11=( 25.481115 21.030300 61.676724 )
xyz11=( 25.481679 21.029881 61.676062 )
xyz11=( 25.482243 21.029461 61.675399 )
xyz11=( 25.482806 21.029041 61.674736 )
xyz11=( 25.483369 21.028619 61.674073 )
xyz11=( 25.483933 21.028198 61.673410 )
xyz11=( 25.484495 21.027775 61.672746 )
xyz11=( 25.485058 21.027352 61.672081 )
xyz11=( 25.485621 21.026928 61.671417 )
xyz11=( 25.486183 21.026503 61.670751 )
xyz11=( 25.486745 21.026078 61.670086 )
xyz11=( 25.487307 21.025651 61.669420 )
xyz11=( 25.487869 21.025225 61.668754 )
xyz11=( 25.488430 21.024797 61.668087 )
xyz11=( 25.488992 21.024369 61.667420 )
xyz11=( 25.489553 21.023940 61.666752 )
xyz11=( 25.490114 21.023510 61.666085 )
xyz11=( 25.490675 21.023080 61.665416 )
xyz11=( 25.491235 21.022649 61.664748 )
xyz11=( 25.497389 21.017861 61.657366 )
xyz11=( 25.497948 21.017422 61.656692 )
xyz11=( 25.498506 21.016981 61.656018 )
xyz11=( 25.499064 21.016540 61.655344 )
xyz11=( 25.499621 21.016099 61.654669 )
xyz11=( 25.500179 21.015656 61.653994 )
xyz11=( 25.500736 21.015213 61.653319 )
xyz11=( 25.501293 21.014769 61.652643 )
xyz11=( 25.501850 21.014324 61.651966 )
xyz11=( 25.501850 21.014324 61.651966 )
xyz11=( 25.502407 21.013879 61.651290 )
xyz11=( 25.502407 21.013879 61.651290 )
xyz11=( 25.502964 21.013433 61.650612 )
xyz11=( 25.502964 21.013433 61.650612 )
xyz11=( 25.503520 21.012986 61.649935 )
xyz11=( 25.503520 21.012986 61.649935 )
xyz11=( 25.504076 21.012539 61.649257 )
xyz11=( 25.504632 21.012090 61.648579 )
xyz11=( 25.504632 21.012090 61.648579 )
xyz11=( 25.505188 21.011641 61.647900 )
xyz11=( 25.505188 21.011641 61.647900 )
xyz11=( 25.505744 21.011192 61.647221 )
xyz11=( 25.505744 21.011192 61.647221 )
xyz11=( 25.506299 21.010741 61.646541 )
xyz11=( 25.506299 21.010741 61.646541 )
xyz11=( 25.506854 21.010290 61.645861 )
xyz11=( 25.506854 21.010290 61.645861 )
xyz11=( 25.507409 21.009838 61.645181 )
xyz11=( 25.507409 21.009838 61.645181 )
xyz11=( 25.507964 21.009386 61.644500 )
xyz11=( 25.508518 21.008932 61.643818 )
xyz11=( 25.509073 21.008478 61.643137 )
xyz11=( 25.509627 21.008023 61.642455 )
xyz11=( 25.510181 21.007568 61.641772 )
xyz11=( 25.510734 21.007111 61.641089 )
xyz11=( 25.511288 21.006654 61.640406 )
xyz11=( 25.511841 21.006196 61.639722 )
xyz11=( 25.512395 21.005738 61.639038 )
xyz11=( 25.512947 21.005278 61.638353 )
xyz11=( 24.843172 19.017315 60.604829 )
xyz11=( 24.844037 19.017769 60.604616 )
xyz11=( 24.844902 19.018223 60.604403 )
xyz11=( 24.846634 19.019133 60.603979 )
xyz11=( 24.847500 19.019590 60.603768 )
xyz11=( 24.848366 19.020047 60.603556 )
xyz11=( 25.546814 20.975292 61.595067 )
xyz11=( 25.547354 20.974783 61.594355 )
xyz11=( 25.547893 20.974274 61.593642 )
xyz11=( 25.548431 20.973763 61.592929 )
xyz11=( 25.548970 20.973252 61.592216 )
xyz11=( 25.549508 20.972740 61.591502 )
xyz11=( 25.550046 20.972227 61.590787 )
xyz11=( 25.550584 20.971713 61.590072 )
xyz11=( 25.551122 20.971199 61.589357 )
xyz11=( 25.551659 20.970683 61.588641 )
xyz11=( 25.552196 20.970167 61.587925 )
xyz11=( 25.552733 20.969650 61.587208 )
xyz11=( 25.553270 20.969132 61.586491 )
xyz11=( 25.553807 20.968613 61.585773 )
xyz11=( 25.554343 20.968093 61.585055 )
xyz11=( 25.554879 20.967573 61.584336 )
xyz11=( 25.555414 20.967051 61.583617 )
xyz11=( 25.555950 20.966529 61.582897 )
xyz11=( 25.556485 20.966006 61.582177 )
xyz11=( 25.557020 20.965482 61.581456 )
xyz11=( 25.560759 20.961791 61.576399 )
xyz11=( 25.561292 20.961260 61.575675 )
xyz11=( 25.561825 20.960729 61.574950 )
xyz11=( 25.562357 20.960196 61.574225 )
xyz11=( 25.562889 20.959663 61.573499 )
xyz11=( 25.563422 20.959129 61.572773 )
xyz11=( 25.563953 20.958593 61.572046 )
xyz11=( 25.564485 20.958057 61.571318 )
xyz11=( 25.565016 20.957521 61.570591 )
xyz11=( 25.565548 20.956983 61.569863 )
xyz11=( 25.566078 20.956444 61.569134 )
xyz11=( 25.566609 20.955905 61.568405 )
xyz11=( 25.567139 20.955364 61.567675 )
xyz11=( 25.567669 20.954823 61.566945 )
xyz11=( 25.568199 20.954281 61.566214 )
xyz11=( 25.568729 20.953738 61.565483 )
xyz11=( 25.569258 20.953194 61.564751 )
xyz11=( 25.569787 20.952649 61.564019 )
xyz11=( 25.570316 20.952104 61.563286 )
xyz11=( 25.570845 20.951557 61.562553 )
xyz11=( 25.579268 20.942689 61.550756 )
xyz11=( 25.579792 20.942127 61.550014 )
xyz11=( 23.376245 20.028141 62.268897 )
xyz11=( 25.580316 20.941564 61.549272 )
xyz11=( 23.376555 20.029050 62.269367 )
xyz11=( 25.580839 20.941001 61.548529 )
xyz11=( 23.376866 20.029959 62.269837 )
xyz11=( 25.581363 20.940436 61.547786 )
xyz11=( 23.377178 20.030869 62.270306 )
xyz11=( 25.581886 20.939870 61.547042 )
xyz11=( 23.377490 20.031779 62.270776 )
xyz11=( 25.582409 20.939303 61.546298 )
xyz11=( 23.377804 20.032690 62.271245 )
xyz11=( 25.582932 20.938736 61.545553 )
xyz11=( 23.378118 20.033601 62.271714 )
xyz11=( 25.583454 20.938167 61.544808 )
xyz11=( 23.378434 20.034513 62.272184 )
xyz11=( 25.583976 20.937598 61.544062 )
xyz11=( 23.378750 20.035426 62.272653 )
xyz11=( 25.584498 20.937028 61.543316 )
xyz11=( 23.379067 20.036339 62.273121 )
xyz11=( 25.585019 20.936456 61.542569 )
xyz11=( 23.379385 20.037253 62.273590 )
xyz11=( 25.585541 20.935884 61.541822 )
xyz11=( 23.379704 20.038168 62.274059 )
xyz11=( 25.586062 20.935311 61.541074 )
xyz11=( 23.380024 20.039083 62.274527 )
xyz11=( 25.586582 20.934737 61.540326 )
xyz11=( 23.380345 20.039999 62.274996 )
xyz11=( 25.587103 20.934162 61.539577 )
xyz11=( 23.380667 20.040915 62.275464 )
xyz11=( 25.587623 20.933586 61.538828 )
xyz11=( 23.380989 20.041832 62.275932 )
xyz11=( 23.381313 20.042749 62.276400 )
xyz11=( 23.381637 20.043667 62.276867 )
xyz11=( 23.381963 20.044586 62.277335 )
xyz11=( 23.382289 20.045506 62.277803 )
xyz11=( 23.382616 20.046426 62.278270 )
xyz11=( 23.382945 20.047346 62.278737 )
xyz11=( 25.591257 20.929527 61.533567 )
xyz11=( 23.383274 20.048268 62.279204 )
xyz11=( 25.591774 20.928943 61.532814 )
xyz11=( 23.383604 20.049189 62.279671 )
xyz11=( 25.592292 20.928359 61.532060 )
xyz11=( 23.383935 20.050112 62.280138 )
xyz11=( 25.592810 20.927773 61.531305 )
xyz11=( 23.384267 20.051035 62.280605 )
xyz11=( 25.593327 20.927186 61.530550 )
xyz11=( 23.384600 20.051959 62.281071 )
xyz11=( 25.593844 20.926599 61.529794 )
xyz11=( 23.384934 20.052883 62.281538 )
xyz11=( 25.594360 20.926010 61.529038 )
xyz11=( 23.385269 20.053808 62.282004 )
xyz11=( 25.594876 20.925421 61.528281 )
xyz11=( 23.385605 20.054734 62.282470 )
xyz11=( 25.595393 20.924830 61.527524 )
xyz11=( 23.385941 20.055660 62.282936 )
xyz11=( 25.595908 20.924239 61.526766 )
xyz11=( 23.386279 20.056587 62.283402 )
xyz11=( 25.596424 20.923647 61.526007 )
xyz11=( 23.386618 20.057514 62.283868 )
xyz11=( 25.596939 20.923053 61.525248 )
xyz11=( 23.386957 20.058442 62.284333 )
xyz11=( 25.597454 20.922459 61.524489 )
xyz11=( 23.387298 20.059371 62.284799 )
xyz11=( 25.597968 20.921863 61.523729 )
xyz11=( 23.387639 20.060301 62.285264 )
xyz11=( 25.598483 20.921267 61.522968 )
xyz11=( 23.387982 20.061231 62.285729 )
xyz11=( 25.598997 20.920670 61.522207 )
xyz11=( 23.388325 20.062161 62.286194 )
xyz11=( 25.599510 20.920071 61.521445 )
xyz11=( 23.388670 20.063093 62.286659 )
xyz11=( 25.600024 20.919472 61.520683 )
xyz11=( 23.389015 20.064025 62.287124 )
xyz11=( 25.600537 20.918872 61.519921 )
xyz11=( 23.389362 20.064957 62.287588 )
xyz11=( 25.601050 20.918270 61.519157 )
xyz11=( 23.389709 20.065890 62.288053 )
xyz11=( 25.601562 20.917668 61.518393 )
xyz11=( 23.390057 20.066824 62.288517 )
xyz11=( 23.390407 20.067759 62.288981 )
xyz11=( 23.390757 20.068694 62.289445 )
xyz11=( 23.391108 20.069630 62.289909 )
xyz11=( 23.391461 20.070566 62.290373 )
xyz11=( 23.391814 20.071503 62.290836 )
xyz11=( 23.392168 20.072441 62.291300 )
xyz11=( 23.392523 20.073379 62.291763 )
xyz11=( 23.392880 20.074319 62.292226 )
xyz11=( 23.393237 20.075258 62.292689 )
xyz11=( 23.393595 20.076199 62.293152 )
xyz11=( 23.393954 20.077140 62.293614 )
xyz11=( 23.394314 20.078081 62.294077 )
xyz11=( 23.394676 20.079024 62.294539 )
xyz11=( 23.395038 20.079967 62.295002 )
xyz11=( 23.402881 20.099925 62.304673 )
xyz11=( 23.403266 20.100883 62.305132 )
xyz11=( 23.403652 20.101842 62.305590 )
xyz11=( 23.404039 20.102801 62.306049 )
xyz11=( 23.404427 20.103761 62.306507 )
xyz11=( 23.404817 20.104722 62.306965 )
xyz11=( 23.405207 20.105683 62.307423 )
xyz11=( 23.405598 20.106645 62.307881 )
xyz11=( 23.405991 20.107608 62.308339 )
xyz11=( 23.406384 20.108571 62.308796 )
xyz11=( 23.406779 20.109535 62.309254 )
xyz11=( 23.407174 20.110500 62.309711 )
xyz11=( 23.407571 20.111466 62.310168 )
xyz11=( 23.407969 20.112432 62.310625 )
xyz11=( 23.408368 20.113399 62.311082 )
xyz11=( 23.408768 20.114367 62.311538 )
xyz11=( 23.409169 20.115336 62.311994 )
xyz11=( 23.409571 20.116305 62.312451 )
xyz11=( 23.409975 20.117275 62.312907 )
xyz11=( 23.410379 20.118245 62.313363 )
xyz11=( 23.410784 20.119217 62.313818 )
xyz11=( 23.411191 20.120189 62.314274 )
xyz11=( 23.411599 20.121161 62.314729 )
xyz11=( 23.412008 20.122135 62.315184 )
xyz11=( 25.631263 20.880279 61.472312 )
xyz11=( 23.412418 20.123109 62.315639 )
xyz11=( 25.631756 20.879612 61.471513 )
xyz11=( 23.412829 20.124084 62.316094 )
xyz11=( 25.632250 20.878944 61.470713 )
xyz11=( 23.413241 20.125060 62.316549 )
xyz11=( 23.413241 20.125060 62.316549 )
xyz11=( 25.632743 20.878275 61.469913 )
xyz11=( 23.413654 20.126036 62.317003 )
xyz11=( 23.413654 20.126036 62.317003 )
xyz11=( 25.633235 20.877605 61.469112 )
xyz11=( 23.414069 20.127013 62.317458 )
xyz11=( 23.414069 20.127013 62.317458 )
xyz11=( 25.633728 20.876934 61.468311 )
xyz11=( 23.414484 20.127991 62.317912 )
xyz11=( 23.414484 20.127991 62.317912 )
xyz11=( 25.634220 20.876262 61.467508 )
xyz11=( 23.414901 20.128970 62.318366 )
xyz11=( 23.414901 20.128970 62.318366 )
xyz11=( 25.634711 20.875589 61.466706 )
xyz11=( 23.415319 20.129949 62.318820 )
xyz11=( 23.415319 20.129949 62.318820 )
xyz11=( 25.635203 20.874914 61.465902 )
xyz11=( 23.415738 20.130929 62.319273 )
xyz11=( 23.415738 20.130929 62.319273 )
xyz11=( 25.635694 20.874238 61.465098 )
xyz11=( 23.416158 20.131910 62.319727 )
xyz11=( 23.416158 20.131910 62.319727 )
xyz11=( 25.139032 21.176781 61.999445 )
xyz11=( 25.636184 20.873561 61.464294 )
xyz11=( 23.416579 20.132892 62.320180 )
xyz11=( 23.416579 20.132892 62.320180 )
xyz11=( 25.138123 21.176956 62.000146 )
xyz11=( 25.636674 20.872883 61.463488 )
xyz11=( 23.417001 20.133874 62.320633 )
xyz11=( 23.417001 20.133874 62.320633 )
xyz11=( 25.137213 21.177131 62.000847 )
xyz11=( 25.637164 20.872204 61.462682 )
xyz11=( 23.417425 20.134857 62.321086 )
xyz11=( 23.417425 20.134857 62.321086 )
xyz11=( 25.136301 21.177305 62.001549 )
xyz11=( 25.637654 20.871523 61.461876 )
xyz11=( 23.417850 20.135841 62.321539 )
xyz11=( 23.417850 20.135841 62.321539 )
xyz11=( 25.135389 21.177478 62.002251 )
xyz11=( 25.638143 20.870842 61.461069 )
xyz11=( 23.418276 20.136826 62.321991 )
xyz11=( 23.418276 20.136826 62.321991 )
xyz11=( 25.134475 21.177651 62.002953 )
xyz11=( 25.638632 20.870159 61.460261 )
xyz11=( 23.418703 20.137811 62.322444 )
xyz11=( 23.418703 20.137811 62.322444 )
xyz11=( 25.133560 21.177823 62.003655 )
xyz11=( 25.639121 20.869475 61.459452 )
xyz11=( 23.419131 20.138797 62.322896 )
xyz11=( 23.419131 20.138797 62.322896 )
xyz11=( 25.132643 21.177995 62.004358 )
xyz11=( 25.639609 20.868789 61.458643 )
xyz11=( 23.419560 20.139784 62.323348 )
xyz11=( 23.419560 20.139784 62.323348 )
xyz11=( 25.131726 21.178165 62.005061 )
xyz11=( 25.640097 20.868103 61.457833 )
xyz11=( 23.419991 20.140772 62.323800 )
xyz11=( 23.419991 20.140772 62.323800 )
xyz11=( 25.130807 21.178335 62.005764 )
xyz11=( 25.640584 20.867415 61.457023 )
xyz11=( 23.420422 20.141760 62.324252 )
xyz11=( 23.420422 20.141760 62.324252 )
xyz11=( 25.129887 21.178505 62.006467 )
xyz11=( 25.641071 20.866727 61.456212 )
xyz11=( 23.420855 20.142749 62.324703 )
xyz11=( 23.420855 20.142749 62.324703 )
xyz11=( 25.128966 21.178673 62.007171 )
xyz11=( 25.641558 20.866037 61.455400 )
xyz11=( 23.421289 20.143739 62.325154 )
xyz11=( 25.128044 21.178841 62.007875 )
xyz11=( 25.642044 20.865345 61.454588 )
xyz11=( 23.421724 20.144730 62.325606 )
xyz11=( 25.127121 21.179008 62.008579 )
xyz11=( 25.642530 20.864653 61.453774 )
xyz11=( 23.422161 20.145721 62.326057 )
xyz11=( 25.126196 21.179175 62.009283 )
xyz11=( 25.643016 20.863959 61.452961 )
xyz11=( 23.422598 20.146713 62.326507 )
xyz11=( 25.125270 21.179341 62.009988 )
xyz11=( 25.643501 20.863265 61.452146 )
xyz11=( 23.423037 20.147706 62.326958 )
xyz11=( 25.124343 21.179506 62.010693 )
xyz11=( 23.423477 20.148700 62.327408 )
xyz11=( 25.123414 21.179671 62.011398 )
xyz11=( 23.423918 20.149694 62.327859 )
xyz11=( 23.423918 20.149694 62.327859 )
xyz11=( 25.122485 21.179834 62.012104 )
xyz11=( 23.424360 20.150690 62.328309 )
xyz11=( 23.424360 20.150690 62.328309 )
xyz11=( 25.121554 21.179998 62.012809 )
xyz11=( 23.424804 20.151686 62.328758 )
xyz11=( 23.424804 20.151686 62.328758 )
xyz11=( 25.120622 21.180160 62.013515 )
xyz11=( 23.425249 20.152683 62.329208 )
xyz11=( 23.425249 20.152683 62.329208 )
xyz11=( 25.119688 21.180322 62.014222 )
xyz11=( 23.425695 20.153680 62.329658 )
xyz11=( 23.425695 20.153680 62.329658 )
xyz11=( 25.118754 21.180483 62.014928 )
xyz11=( 23.426142 20.154679 62.330107 )
xyz11=( 23.426142 20.154679 62.330107 )
xyz11=( 25.117818 21.180643 62.015635 )
xyz11=( 23.426590 20.155678 62.330556 )
xyz11=( 23.426590 20.155678 62.330556 )
xyz11=( 25.116881 21.180803 62.016342 )
xyz11=( 23.427040 20.156678 62.331005 )
xyz11=( 23.427040 20.156678 62.331005 )
xyz11=( 25.115943 21.180962 62.017050 )
xyz11=( 25.648334 20.856249 61.443966 )
xyz11=( 23.427490 20.157679 62.331454 )
xyz11=( 23.427490 20.157679 62.331454 )
xyz11=( 25.115003 21.181120 62.017757 )
xyz11=( 25.648815 20.855541 61.443144 )
xyz11=( 23.427942 20.158680 62.331902 )
xyz11=( 23.427942 20.158680 62.331902 )
xyz11=( 25.114062 21.181277 62.018465 )
xyz11=( 25.649296 20.854831 61.442322 )
xyz11=( 23.428396 20.159682 62.332351 )
xyz11=( 23.428396 20.159682 62.332351 )
xyz11=( 25.113120 21.181434 62.019174 )
xyz11=( 25.649776 20.854120 61.441499 )
xyz11=( 23.428850 20.160686 62.332799 )
xyz11=( 23.428850 20.160686 62.332799 )
xyz11=( 25.112177 21.181590 62.019882 )
xyz11=( 25.650256 20.853408 61.440675 )
xyz11=( 23.429306 20.161690 62.333247 )
xyz11=( 23.429306 20.161690 62.333247 )
xyz11=( 25.111232 21.181745 62.020591 )
xyz11=( 25.650736 20.852695 61.439851 )
xyz11=( 23.429763 20.162694 62.333694 )
xyz11=( 23.429763 20.162694 62.333694 )
xyz11=( 25.651215 20.851980 61.439025 )
xyz11=( 23.430221 20.163700 62.334142 )
xyz11=( 23.430221 20.163700 62.334142 )
xyz11=( 25.651694 20.851264 61.438200 )
xyz11=( 23.430680 20.164706 62.334589 )
xyz11=( 23.430680 20.164706 62.334589 )
xyz11=( 25.652173 20.850547 61.437373 )
xyz11=( 23.431141 20.165713 62.335037 )
xyz11=( 23.431141 20.165713 62.335037 )
xyz11=( 25.652651 20.849828 61.436546 )
xyz11=( 23.431603 20.166721 62.335484 )
xyz11=( 25.653129 20.849109 61.435718 )
xyz11=( 25.653606 20.848388 61.434889 )
xyz11=( 25.654083 20.847665 61.434060 )
xyz11=( 25.654560 20.846942 61.433230 )
xyz11=( 25.655036 20.846217 61.432399 )
xyz11=( 25.101715 21.183259 62.027693 )
xyz11=( 25.655512 20.845491 61.431568 )
xyz11=( 25.100757 21.183406 62.028405 )
xyz11=( 25.655988 20.844763 61.430736 )
xyz11=( 25.099796 21.183553 62.029117 )
xyz11=( 25.656463 20.844034 61.429903 )
xyz11=( 25.098835 21.183699 62.029830 )
xyz11=( 25.656937 20.843304 61.429070 )
xyz11=( 25.097872 21.183844 62.030542 )
xyz11=( 25.657412 20.842573 61.428235 )
xyz11=( 25.096908 21.183988 62.031255 )
xyz11=( 25.657885 20.841840 61.427400 )
xyz11=( 25.095943 21.184132 62.031968 )
xyz11=( 25.658359 20.841106 61.426565 )
xyz11=( 25.094976 21.184274 62.032682 )
xyz11=( 25.658832 20.840371 61.425728 )
xyz11=( 25.094008 21.184416 62.033396 )
xyz11=( 25.093039 21.184558 62.034110 )
xyz11=( 25.092068 21.184698 62.034824 )
xyz11=( 25.091096 21.184838 62.035539 )
xyz11=( 25.090123 21.184977 62.036254 )
xyz11=( 25.089148 21.185115 62.036969 )
xyz11=( 25.088172 21.185253 62.037684 )
xyz11=( 25.087195 21.185390 62.038400 )
xyz11=( 25.086216 21.185526 62.039116 )
xyz11=( 25.085236 21.185661 62.039833 )
xyz11=( 25.084254 21.185795 62.040549 )
xyz11=( 25.083271 21.185929 62.041266 )
xyz11=( 25.082287 21.186062 62.041984 )
xyz11=( 25.081301 21.186194 62.042701 )
xyz11=( 25.080314 21.186325 62.043419 )
xyz11=( 25.079326 21.186456 62.044137 )
xyz11=( 25.078336 21.186585 62.044856 )
xyz11=( 25.077345 21.186714 62.045574 )
xyz11=( 25.076352 21.186842 62.046293 )
xyz11=( 25.738477 20.674389 61.254041 )
xyz11=( 25.738842 20.673310 61.253021 )
xyz11=( 25.739207 20.672229 61.252000 )
xyz11=( 25.739571 20.671145 61.250977 )
xyz11=( 25.739934 20.670058 61.249953 )
xyz11=( 25.740296 20.668969 61.248928 )
xyz11=( 25.740657 20.667877 61.247901 )
xyz11=( 25.741017 20.666782 61.246872 )
xyz11=( 25.741377 20.665685 61.245843 )
xyz11=( 25.741736 20.664585 61.244811 )
xyz11=( 25.742093 20.663482 61.243779 )
xyz11=( 25.742450 20.662377 61.242745 )
xyz11=( 25.742806 20.661269 61.241709 )
xyz11=( 25.743161 20.660158 61.240672 )
xyz11=( 25.745273 20.653434 61.234419 )
xyz11=( 25.745622 20.652304 61.233372 )
xyz11=( 25.745970 20.651170 61.232323 )
xyz11=( 25.746317 20.650034 61.231273 )
xyz11=( 25.746662 20.648895 61.230221 )
xyz11=( 25.747007 20.647753 61.229167 )
xyz11=( 25.747352 20.646607 61.228112 )
xyz11=( 25.747695 20.645459 61.227056 )
xyz11=( 25.748037 20.644309 61.225997 )
xyz11=( 25.748378 20.643155 61.224938 )
xyz11=( 25.748718 20.641998 61.223876 )
xyz11=( 25.749057 20.640838 61.222813 )
xyz11=( 25.749396 20.639675 61.221749 )
xyz11=( 23.607208 20.462687 62.441550 )
xyz11=( 23.608199 20.464028 62.441908 )
xyz11=( 23.609193 20.465372 62.442265 )
xyz11=( 23.610191 20.466718 62.442622 )
xyz11=( 23.611192 20.468066 62.442979 )
xyz11=( 23.612197 20.469417 62.443335 )
xyz11=( 23.613206 20.470770 62.443690 )
xyz11=( 23.614218 20.472125 62.444044 )
xyz11=( 23.615234 20.473482 62.444398 )
xyz11=( 23.616253 20.474842 62.444751 )
xyz11=( 23.617277 20.476204 62.445104 )
xyz11=( 23.618304 20.477568 62.445455 )
xyz11=( 23.619335 20.478934 62.445806 )
xyz11=( 23.620369 20.480303 62.446157 )
xyz11=( 23.621408 20.481675 62.446507 )
xyz11=( 23.622450 20.483048 62.446856 )
xyz11=( 23.623497 20.484425 62.447204 )
xyz11=( 23.624547 20.485803 62.447552 )
xyz11=( 23.625601 20.487184 62.447899 )
xyz11=( 23.626659 20.488568 62.448245 )
xyz11=( 23.627721 20.489954 62.448591 )
xyz11=( 23.628787 20.491342 62.448936 )
xyz11=( 23.629858 20.492733 62.449280 )
xyz11=( 25.764912 20.577244 61.166269 )
xyz11=( 23.630932 20.494126 62.449624 )
xyz11=( 25.765191 20.575900 61.165109 )
xyz11=( 23.632010 20.495522 62.449966 )
xyz11=( 25.765469 20.574552 61.163947 )
xyz11=( 23.633093 20.496921 62.450308 )
xyz11=( 25.765745 20.573200 61.162783 )
xyz11=( 23.634179 20.498322 62.450650 )
xyz11=( 25.766020 20.571843 61.161617 )
xyz11=( 23.635270 20.499726 62.450990 )
xyz11=( 25.766294 20.570482 61.160448 )
xyz11=( 23.636365 20.501132 62.451330 )
xyz11=( 25.766566 20.569117 61.159277 )
xyz11=( 23.637465 20.502541 62.451669 )
xyz11=( 25.766836 20.567748 61.158104 )
xyz11=( 23.638569 20.503953 62.452007 )
xyz11=( 25.767106 20.566374 61.156928 )
xyz11=( 23.639677 20.505367 62.452345 )
xyz11=( 25.767373 20.564995 61.155751 )
xyz11=( 23.640789 20.506784 62.452682 )
xyz11=( 25.767640 20.563613 61.154571 )
xyz11=( 23.641906 20.508204 62.453018 )
xyz11=( 25.767905 20.562225 61.153388 )
xyz11=( 23.643027 20.509626 62.453353 )
xyz11=( 25.768168 20.560834 61.152203 )
xyz11=( 25.768430 20.559437 61.151016 )
xyz11=( 25.768690 20.558037 61.149827 )
xyz11=( 25.768949 20.556631 61.148635 )
xyz11=( 25.770469 20.548100 61.141431 )
xyz11=( 23.654489 20.524005 62.456660 )
xyz11=( 25.770717 20.546661 61.140222 )
xyz11=( 23.655661 20.525459 62.456986 )
xyz11=( 25.770963 20.545218 61.139010 )
xyz11=( 23.656838 20.526916 62.457311 )
xyz11=( 25.771208 20.543769 61.137795 )
xyz11=( 23.658020 20.528376 62.457635 )
xyz11=( 25.771451 20.542316 61.136578 )
xyz11=( 23.659206 20.529839 62.457959 )
xyz11=( 25.771692 20.540858 61.135359 )
xyz11=( 23.660398 20.531305 62.458281 )
xyz11=( 25.771932 20.539394 61.134136 )
xyz11=( 23.661595 20.532774 62.458603 )
xyz11=( 25.772170 20.537925 61.132911 )
xyz11=( 23.662796 20.534246 62.458924 )
xyz11=( 25.772406 20.536452 61.131683 )
xyz11=( 23.664003 20.535721 62.459244 )
xyz11=( 25.772640 20.534973 61.130453 )
xyz11=( 23.665215 20.537199 62.459563 )
xyz11=( 25.772873 20.533488 61.129220 )
xyz11=( 23.666432 20.538681 62.459881 )
xyz11=( 25.773104 20.531999 61.127984 )
xyz11=( 23.667655 20.540166 62.460198 )
xyz11=( 25.773334 20.530504 61.126745 )
xyz11=( 23.668882 20.541654 62.460514 )
xyz11=( 23.670115 20.543145 62.460829 )
xyz11=( 23.671354 20.544640 62.461144 )
xyz11=( 23.672597 20.546138 62.461457 )
xyz11=( 23.673846 20.547639 62.461769 )
xyz11=( 23.675101 20.549144 62.462081 )
xyz11=( 23.676361 20.550652 62.462391 )
xyz11=( 23.677627 20.552164 62.462700 )
xyz11=( 23.678898 20.553679 62.463008 )
xyz11=( 23.680175 20.555197 62.463316 )
xyz11=( 23.681458 20.556719 62.463622 )
xyz11=( 23.614289 18.999207 61.365652 )
xyz11=( 23.613778 18.999584 61.366250 )
xyz11=( 23.613268 18.999961 61.366847 )
xyz11=( 23.612757 19.000339 61.367446 )
xyz11=( 23.612247 19.000717 61.368044 )
xyz11=( 23.611737 19.001096 61.368643 )
xyz11=( 23.611227 19.001475 61.369241 )
xyz11=( 23.610717 19.001855 61.369841 )
xyz11=( 23.610208 19.002235 61.370440 )
xyz11=( 23.609699 19.002616 61.371039 )
xyz11=( 23.609190 19.002997 61.371639 )
xyz11=( 23.608681 19.003379 61.372239 )
xyz11=( 23.608172 19.003762 61.372840 )
xyz11=( 23.608172 19.003762 61.372840 )
xyz11=( 23.607664 19.004145 61.373440 )
xyz11=( 23.607664 19.004145 61.373440 )
xyz11=( 23.607156 19.004528 61.374041 )
xyz11=( 23.607156 19.004528 61.374041 )
xyz11=( 23.606648 19.004912 61.374642 )
xyz11=( 23.606648 19.004912 61.374642 )
xyz11=( 23.606140 19.005297 61.375243 )
xyz11=( 23.606140 19.005297 61.375243 )
xyz11=( 23.605633 19.005682 61.375845 )
xyz11=( 23.605126 19.006067 61.376447 )
xyz11=( 23.604618 19.006453 61.377049 )
xyz11=( 23.604618 19.006453 61.377049 )
xyz11=( 23.604112 19.006840 61.377651 )
xyz11=( 23.604112 19.006840 61.377651 )
xyz11=( 23.603605 19.007227 61.378254 )
xyz11=( 23.603605 19.007227 61.378254 )
xyz11=( 23.603099 19.007615 61.378856 )
xyz11=( 23.603099 19.007615 61.378856 )
xyz11=( 23.602592 19.008003 61.379460 )
xyz11=( 23.602592 19.008003 61.379460 )
xyz11=( 23.602087 19.008392 61.380063 )
xyz11=( 23.601581 19.008781 61.380666 )
xyz11=( 23.601075 19.009171 61.381270 )
xyz11=( 23.600570 19.009561 61.381874 )
xyz11=( 23.600065 19.009952 61.382478 )
xyz11=( 23.599560 19.010343 61.383083 )
xyz11=( 23.599055 19.010735 61.383688 )
xyz11=( 23.598551 19.011127 61.384293 )
xyz11=( 23.592014 19.016277 61.392180 )
xyz11=( 23.591513 19.016676 61.392789 )
xyz11=( 23.591012 19.017077 61.393398 )
xyz11=( 23.590511 19.017478 61.394007 )
xyz11=( 23.590010 19.017879 61.394616 )
xyz11=( 23.589510 19.018281 61.395225 )
xyz11=( 23.589009 19.018684 61.395835 )
xyz11=( 23.588510 19.019087 61.396445 )
xyz11=( 23.588010 19.019490 61.397055 )
xyz11=( 23.587510 19.019894 61.397666 )
xyz11=( 23.587011 19.020299 61.398277 )
xyz11=( 23.586512 19.020704 61.398888 )
xyz11=( 23.586013 19.021110 61.399499 )
xyz11=( 23.585515 19.021516 61.400110 )
xyz11=( 23.585016 19.021923 61.400722 )
xyz11=( 23.584518 19.022330 61.401334 )
xyz11=( 23.584020 19.022738 61.401946 )
xyz11=( 23.583523 19.023147 61.402559 )
xyz11=( 23.583025 19.023556 61.403172 )
xyz11=( 23.582528 19.023965 61.403785 )
xyz11=( 23.582031 19.024375 61.404398 )
xyz11=( 23.581534 19.024786 61.405012 )
xyz11=( 23.581038 19.025197 61.405625 )
xyz11=( 23.580541 19.025609 61.406239 )
xyz11=( 23.580045 19.026021 61.406854 )
xyz11=( 23.579549 19.026434 61.407468 )
xyz11=( 23.579054 19.026847 61.408083 )
xyz11=( 23.578558 19.027261 61.408698 )
xyz11=( 23.578063 19.027676 61.409314 )
xyz11=( 23.577568 19.028091 61.409929 )
xyz11=( 23.577074 19.028506 61.410545 )
xyz11=( 23.576579 19.028923 61.411161 )
xyz11=( 23.576085 19.029339 61.411777 )
xyz11=( 25.725563 20.029552 60.790081 )
xyz11=( 25.725312 20.028765 60.789662 )
xyz11=( 25.725060 20.027977 60.789244 )
xyz11=( 25.724808 20.027188 60.788826 )
xyz11=( 25.724555 20.026399 60.788407 )
xyz11=( 25.724301 20.025610 60.787989 )
xyz11=( 25.724047 20.024821 60.787572 )
xyz11=( 25.723792 20.024031 60.787154 )
xyz11=( 25.723537 20.023241 60.786737 )
xyz11=( 25.722508 20.020078 60.785068 )
xyz11=( 25.722250 20.019286 60.784652 )
xyz11=( 25.721990 20.018494 60.784235 )
xyz11=( 25.721730 20.017702 60.783819 )
xyz11=( 25.721470 20.016909 60.783403 )
xyz11=( 25.721209 20.016116 60.782987 )
xyz11=( 25.720947 20.015323 60.782571 )
xyz11=( 25.720684 20.014529 60.782155 )
xyz11=( 23.575991 19.029418 61.411894 )
xyz11=( 23.576522 19.028971 61.411232 )
xyz11=( 23.577054 19.028523 61.410569 )
xyz11=( 23.577587 19.028076 61.409906 )
xyz11=( 23.578120 19.027629 61.409243 )
xyz11=( 23.578654 19.027182 61.408580 )
xyz11=( 23.579188 19.026735 61.407916 )
xyz11=( 23.579724 19.026289 61.407252 )
xyz11=( 23.580260 19.025843 61.406588 )
xyz11=( 23.580796 19.025397 61.405924 )
xyz11=( 23.581334 19.024952 61.405259 )
xyz11=( 23.581872 19.024507 61.404594 )
xyz11=( 23.582411 19.024062 61.403929 )
xyz11=( 23.582951 19.023617 61.403263 )
xyz11=( 23.583491 19.023173 61.402597 )
xyz11=( 23.584032 19.022728 61.401931 )
xyz11=( 23.584574 19.022285 61.401265 )
xyz11=( 23.585117 19.021841 61.400599 )
xyz11=( 23.585660 19.021398 61.399932 )
xyz11=( 23.586204 19.020955 61.399265 )
xyz11=( 23.586749 19.020512 61.398598 )
xyz11=( 23.587294 19.020069 61.397930 )
xyz11=( 23.587840 19.019627 61.397262 )
xyz11=( 23.588387 19.019185 61.396594 )
xyz11=( 23.588935 19.018744 61.395926 )
xyz11=( 23.589483 19.018302 61.395257 )
xyz11=( 23.590033 19.017861 61.394588 )
xyz11=( 23.590582 19.017420 61.393919 )
xyz11=( 23.591133 19.016980 61.393250 )
xyz11=( 23.591684 19.016539 61.392580 )
xyz11=( 23.592236 19.016099 61.391910 )
xyz11=( 23.598358 19.011277 61.384524 )
xyz11=( 23.598919 19.010841 61.383851 )
xyz11=( 23.599481 19.010404 61.383177 )
xyz11=( 23.600044 19.009968 61.382504 )
xyz11=( 23.600607 19.009532 61.381830 )
xyz11=( 23.601171 19.009097 61.381156 )
xyz11=( 23.601736 19.008661 61.380481 )
xyz11=( 23.602301 19.008226 61.379806 )
xyz11=( 23.602868 19.007792 61.379131 )
xyz11=( 23.602868 19.007792 61.379131 )
xyz11=( 23.603435 19.007357 61.378456 )
xyz11=( 23.603435 19.007357 61.378456 )
xyz11=( 23.604003 19.006923 61.377781 )
xyz11=( 23.604003 19.006923 61.377781 )
xyz11=( 23.604571 19.006489 61.377105 )
xyz11=( 23.604571 19.006489 61.377105 )
xyz11=( 23.605141 19.006056 61.376429 )
xyz11=( 23.605711 19.005622 61.375752 )
xyz11=( 23.605711 19.005622 61.375752 )
xyz11=( 23.606282 19.005189 61.375076 )
xyz11=( 23.606282 19.005189 61.375076 )
xyz11=( 23.606853 19.004757 61.374399 )
xyz11=( 23.606853 19.004757 61.374399 )
xyz11=( 23.607426 19.004324 61.373722 )
xyz11=( 23.607426 19.004324 61.373722 )
xyz11=( 23.607999 19.003892 61.373044 )
xyz11=( 23.607999 19.003892 61.373044 )
xyz11=( 23.608573 19.003460 61.372367 )
xyz11=( 23.608573 19.003460 61.372367 )
xyz11=( 23.609148 19.003029 61.371689 )
xyz11=( 23.609723 19.002598 61.371011 )
xyz11=( 23.610300 19.002167 61.370332 )
xyz11=( 23.610877 19.001736 61.369653 )
xyz11=( 23.611454 19.001306 61.368974 )
xyz11=( 23.612033 19.000876 61.368295 )
xyz11=( 23.612612 19.000446 61.367615 )
xyz11=( 23.613193 19.000016 61.366935 )
xyz11=( 23.613774 18.999587 61.366255 )
xyz11=( 23.614355 18.999158 61.365575 )
xyz11=( 25.676123 19.897441 60.724503 )
xyz11=( 25.675758 19.896595 60.724113 )
xyz11=( 25.675394 19.895750 60.723724 )
xyz11=( 25.674661 19.894057 60.722945 )
xyz11=( 25.674294 19.893210 60.722557 )
xyz11=( 25.673926 19.892362 60.722168 )
xyz11=( 23.652000 18.973164 61.322831 )
xyz11=( 23.652633 18.972754 61.322133 )
xyz11=( 23.653268 18.972345 61.321434 )
xyz11=( 23.653903 18.971937 61.320734 )
xyz11=( 23.654539 18.971529 61.320035 )
xyz11=( 23.655176 18.971121 61.319335 )
xyz11=( 23.655814 18.970713 61.318635 )
xyz11=( 23.656452 18.970306 61.317934 )
xyz11=( 23.657092 18.969899 61.317234 )
xyz11=( 23.657732 18.969492 61.316532 )
xyz11=( 23.658374 18.969086 61.315831 )
xyz11=( 23.659016 18.968680 61.315129 )
xyz11=( 23.659659 18.968275 61.314427 )
xyz11=( 23.660303 18.967869 61.313725 )
xyz11=( 23.660948 18.967465 61.313022 )
xyz11=( 23.661593 18.967060 61.312320 )
xyz11=( 23.662240 18.966656 61.311616 )
xyz11=( 23.662887 18.966252 61.310913 )
xyz11=( 23.663536 18.965848 61.310209 )
xyz11=( 23.664185 18.965445 61.309505 )
xyz11=( 23.668755 18.962633 61.304567 )
xyz11=( 23.669411 18.962232 61.303860 )
xyz11=( 23.670069 18.961832 61.303153 )
xyz11=( 23.670727 18.961432 61.302446 )
xyz11=( 23.671386 18.961033 61.301739 )
xyz11=( 23.672046 18.960634 61.301031 )
xyz11=( 23.672707 18.960235 61.300322 )
xyz11=( 23.673369 18.959837 61.299614 )
xyz11=( 23.674032 18.959439 61.298905 )
xyz11=( 23.674696 18.959041 61.298196 )
xyz11=( 23.675360 18.958644 61.297486 )
xyz11=( 23.676026 18.958247 61.296776 )
xyz11=( 23.676692 18.957851 61.296066 )
xyz11=( 23.677360 18.957455 61.295356 )
xyz11=( 23.678028 18.957059 61.294645 )
xyz11=( 23.678697 18.956663 61.293934 )
xyz11=( 23.679367 18.956268 61.293223 )
xyz11=( 23.680039 18.955873 61.292511 )
xyz11=( 23.680711 18.955479 61.291799 )
xyz11=( 23.681384 18.955085 61.291086 )
xyz11=( 23.692279 18.948830 61.279644 )
xyz11=( 24.358713 21.066252 62.410052 )
xyz11=( 23.692968 18.948442 61.278926 )
xyz11=( 24.357771 21.065838 62.410342 )
xyz11=( 23.693658 18.948055 61.278208 )
xyz11=( 24.356829 21.065423 62.410632 )
xyz11=( 23.694349 18.947668 61.277489 )
xyz11=( 24.355886 21.065007 62.410922 )
xyz11=( 23.695041 18.947281 61.276770 )
xyz11=( 24.354943 21.064590 62.411211 )
xyz11=( 23.695734 18.946895 61.276051 )
xyz11=( 24.354000 21.064173 62.411499 )
xyz11=( 23.696428 18.946509 61.275331 )
xyz11=( 24.353055 21.063755 62.411788 )
xyz11=( 23.697123 18.946123 61.274611 )
xyz11=( 24.352111 21.063335 62.412076 )
xyz11=( 23.697819 18.945738 61.273891 )
xyz11=( 24.351165 21.062915 62.412364 )
xyz11=( 23.698516 18.945353 61.273170 )
xyz11=( 24.350220 21.062494 62.412651 )
xyz11=( 23.699213 18.944969 61.272449 )
xyz11=( 24.349273 21.062072 62.412938 )
xyz11=( 23.699912 18.944585 61.271728 )
xyz11=( 24.348326 21.061649 62.413225 )
xyz11=( 23.700612 18.944201 61.271006 )
xyz11=( 24.347379 21.061225 62.413511 )
xyz11=( 23.701313 18.943818 61.270284 )
xyz11=( 24.346431 21.060800 62.413797 )
xyz11=( 23.702015 18.943435 61.269562 )
xyz11=( 24.345483 21.060374 62.414083 )
xyz11=( 23.702717 18.943053 61.268839 )
xyz11=( 24.344534 21.059947 62.414368 )
xyz11=( 23.703421 18.942671 61.268116 )
xyz11=( 24.343584 21.059520 62.414653 )
xyz11=( 24.342634 21.059091 62.414938 )
xyz11=( 24.341684 21.058662 62.415222 )
xyz11=( 24.340733 21.058231 62.415506 )
xyz11=( 24.339781 21.057800 62.415790 )
xyz11=( 24.338829 21.057368 62.416073 )
xyz11=( 24.337877 21.056935 62.416356 )
xyz11=( 23.708375 18.940007 61.263046 )
xyz11=( 24.336923 21.056501 62.416639 )
xyz11=( 23.709087 18.939628 61.262320 )
xyz11=( 24.335970 21.056065 62.416921 )
xyz11=( 23.709799 18.939250 61.261594 )
xyz11=( 24.335015 21.055629 62.417203 )
xyz11=( 23.710513 18.938871 61.260867 )
xyz11=( 24.334061 21.055193 62.417484 )
xyz11=( 23.711228 18.938494 61.260141 )
xyz11=( 24.333105 21.054755 62.417766 )
xyz11=( 23.711944 18.938116 61.259413 )
xyz11=( 24.332149 21.054316 62.418046 )
xyz11=( 23.712660 18.937739 61.258686 )
xyz11=( 24.331193 21.053876 62.418327 )
xyz11=( 23.713378 18.937363 61.257958 )
xyz11=( 24.330236 21.053435 62.418607 )
xyz11=( 23.714097 18.936986 61.257230 )
xyz11=( 24.329279 21.052994 62.418887 )
xyz11=( 23.714817 18.936611 61.256501 )
xyz11=( 24.328320 21.052551 62.419166 )
xyz11=( 23.715538 18.936235 61.255772 )
xyz11=( 24.327362 21.052107 62.419445 )
xyz11=( 23.716260 18.935860 61.255043 )
xyz11=( 24.326403 21.051663 62.419724 )
xyz11=( 23.716982 18.935486 61.254314 )
xyz11=( 24.325443 21.051217 62.420002 )
xyz11=( 23.717706 18.935112 61.253584 )
xyz11=( 24.324483 21.050771 62.420280 )
xyz11=( 23.718431 18.934738 61.252853 )
xyz11=( 24.323522 21.050323 62.420558 )
xyz11=( 23.719157 18.934364 61.252123 )
xyz11=( 24.322561 21.049875 62.420835 )
xyz11=( 23.719884 18.933991 61.251392 )
xyz11=( 24.321599 21.049426 62.421112 )
xyz11=( 23.720612 18.933619 61.250660 )
xyz11=( 24.320637 21.048975 62.421389 )
xyz11=( 23.721342 18.933247 61.249929 )
xyz11=( 24.319674 21.048524 62.421665 )
xyz11=( 23.722072 18.932875 61.249196 )
xyz11=( 24.318710 21.048072 62.421940 )
xyz11=( 23.722803 18.932504 61.248464 )
xyz11=( 24.317746 21.047618 62.422216 )
xyz11=( 24.316781 21.047164 62.422491 )
xyz11=( 24.315816 21.046709 62.422766 )
xyz11=( 24.314850 21.046253 62.423040 )
xyz11=( 24.313884 21.045796 62.423314 )
xyz11=( 24.312917 21.045337 62.423588 )
xyz11=( 24.311950 21.044878 62.423861 )
xyz11=( 24.310982 21.044418 62.424134 )
xyz11=( 24.310013 21.043957 62.424406 )
xyz11=( 24.309044 21.043495 62.424678 )
xyz11=( 24.308074 21.043032 62.424950 )
xyz11=( 24.307104 21.042567 62.425221 )
xyz11=( 24.306133 21.042102 62.425492 )
xyz11=( 24.305162 21.041636 62.425763 )
xyz11=( 24.284629 21.031611 62.431357 )
xyz11=( 24.283645 21.031122 62.431619 )
xyz11=( 24.282660 21.030633 62.431881 )
xyz11=( 24.281675 21.030142 62.432142 )
xyz11=( 24.280689 21.029650 62.432403 )
xyz11=( 24.279702 21.029157 62.432664 )
xyz11=( 24.278715 21.028663 62.432924 )
xyz11=( 24.277727 21.028167 62.433184 )
xyz11=( 24.276739 21.027671 62.433443 )
xyz11=( 24.275750 21.027174 62.433702 )
xyz11=( 24.274760 21.026675 62.433960 )
xyz11=( 24.273770 21.026176 62.434218 )
xyz11=( 24.272779 21.025675 62.434476 )
xyz11=( 24.271788 21.025174 62.434733 )
xyz11=( 24.270796 21.024671 62.434990 )
xyz11=( 24.269803 21.024167 62.435247 )
xyz11=( 24.268810 21.023662 62.435503 )
xyz11=( 24.267816 21.023156 62.435758 )
xyz11=( 24.266821 21.022649 62.436013 )
xyz11=( 24.265826 21.022141 62.436268 )
xyz11=( 24.264830 21.021632 62.436523 )
xyz11=( 24.263834 21.021122 62.436777 )
xyz11=( 24.262837 21.020610 62.437030 )
xyz11=( 24.261839 21.020097 62.437283 )
xyz11=( 24.260841 21.019584 62.437536 )
xyz11=( 23.767877 18.911359 61.204591 )
xyz11=( 24.259842 21.019069 62.437788 )
xyz11=( 23.768675 18.911014 61.203836 )
xyz11=( 24.258843 21.018553 62.438040 )
xyz11=( 24.258843 21.018553 62.438040 )
xyz11=( 23.769474 18.910670 61.203080 )
xyz11=( 24.257843 21.018036 62.438292 )
xyz11=( 24.257843 21.018036 62.438292 )
xyz11=( 23.770275 18.910326 61.202324 )
xyz11=( 24.256842 21.017518 62.438543 )
xyz11=( 24.256842 21.017518 62.438543 )
xyz11=( 23.771077 18.909982 61.201568 )
xyz11=( 24.255841 21.016998 62.438793 )
xyz11=( 24.255841 21.016998 62.438793 )
xyz11=( 23.771880 18.909639 61.200811 )
xyz11=( 24.254839 21.016478 62.439043 )
xyz11=( 24.254839 21.016478 62.439043 )
xyz11=( 23.772684 18.909297 61.200054 )
xyz11=( 24.253836 21.015956 62.439293 )
xyz11=( 24.253836 21.015956 62.439293 )
xyz11=( 23.773489 18.908955 61.199296 )
xyz11=( 24.252833 21.015434 62.439542 )
xyz11=( 24.252833 21.015434 62.439542 )
xyz11=( 23.774296 18.908614 61.198538 )
xyz11=( 24.251829 21.014910 62.439791 )
xyz11=( 24.251829 21.014910 62.439791 )
xyz11=( 23.775104 18.908273 61.197779 )
xyz11=( 24.250824 21.014385 62.440040 )
xyz11=( 24.250824 21.014385 62.440040 )
xyz11=( 23.775913 18.907932 61.197021 )
xyz11=( 23.372225 19.309909 61.745600 )
xyz11=( 24.249819 21.013859 62.440288 )
xyz11=( 24.249819 21.013859 62.440288 )
xyz11=( 23.776723 18.907592 61.196261 )
xyz11=( 23.371899 19.310701 61.746385 )
xyz11=( 24.248813 21.013332 62.440535 )
xyz11=( 24.248813 21.013332 62.440535 )
xyz11=( 23.777535 18.907253 61.195501 )
xyz11=( 23.371573 19.311493 61.747170 )
xyz11=( 24.247807 21.012803 62.440782 )
xyz11=( 24.247807 21.012803 62.440782 )
xyz11=( 23.778348 18.906914 61.194741 )
xyz11=( 23.371248 19.312287 61.747956 )
xyz11=( 24.246800 21.012274 62.441029 )
xyz11=( 24.246800 21.012274 62.441029 )
xyz11=( 23.779162 18.906575 61.193981 )
xyz11=( 23.370924 19.313082 61.748742 )
xyz11=( 24.245792 21.011743 62.441275 )
xyz11=( 24.245792 21.011743 62.441275 )
xyz11=( 23.779977 18.906237 61.193220 )
xyz11=( 23.370600 19.313878 61.749529 )
xyz11=( 24.244783 21.011211 62.441521 )
xyz11=( 24.244783 21.011211 62.441521 )
xyz11=( 23.780793 18.905900 61.192458 )
xyz11=( 23.370277 19.314676 61.750317 )
xyz11=( 24.243774 21.010678 62.441766 )
xyz11=( 24.243774 21.010678 62.441766 )
xyz11=( 23.781611 18.905563 61.191697 )
xyz11=( 23.369954 19.315474 61.751105 )
xyz11=( 24.242765 21.010144 62.442011 )
xyz11=( 24.242765 21.010144 62.442011 )
xyz11=( 23.782430 18.905226 61.190934 )
xyz11=( 23.369632 19.316274 61.751893 )
xyz11=( 24.241754 21.009608 62.442256 )
xyz11=( 24.241754 21.009608 62.442256 )
xyz11=( 23.783250 18.904890 61.190172 )
xyz11=( 23.369310 19.317075 61.752682 )
xyz11=( 24.240743 21.009072 62.442500 )
xyz11=( 24.240743 21.009072 62.442500 )
xyz11=( 23.784071 18.904555 61.189409 )
xyz11=( 23.368989 19.317877 61.753471 )
xyz11=( 24.239731 21.008534 62.442744 )
xyz11=( 23.784894 18.904220 61.188645 )
xyz11=( 23.368669 19.318680 61.754261 )
xyz11=( 24.238719 21.007995 62.442987 )
xyz11=( 23.785718 18.903885 61.187881 )
xyz11=( 23.368349 19.319485 61.755052 )
xyz11=( 24.237706 21.007455 62.443229 )
xyz11=( 23.786543 18.903551 61.187117 )
xyz11=( 23.368030 19.320290 61.755843 )
xyz11=( 24.236692 21.006914 62.443472 )
xyz11=( 23.787370 18.903218 61.186352 )
xyz11=( 23.367711 19.321097 61.756634 )
xyz11=( 24.235678 21.006372 62.443714 )
xyz11=( 23.788197 18.902885 61.185587 )
xyz11=( 23.367393 19.321905 61.757426 )
xyz11=( 24.234663 21.005828 62.443955 )
xyz11=( 23.367075 19.322715 61.758219 )
xyz11=( 24.233648 21.005283 62.444196 )
xyz11=( 24.233648 21.005283 62.444196 )
xyz11=( 23.366758 19.323525 61.759012 )
xyz11=( 24.232631 21.004737 62.444436 )
xyz11=( 24.232631 21.004737 62.444436 )
xyz11=( 23.366442 19.324337 61.759806 )
xyz11=( 24.231614 21.004190 62.444676 )
xyz11=( 24.231614 21.004190 62.444676 )
xyz11=( 23.366126 19.325150 61.760600 )
xyz11=( 24.230597 21.003642 62.444916 )
xyz11=( 24.230597 21.003642 62.444916 )
xyz11=( 23.365810 19.325964 61.761394 )
xyz11=( 24.229578 21.003092 62.445155 )
xyz11=( 24.229578 21.003092 62.445155 )
xyz11=( 23.365496 19.326779 61.762189 )
xyz11=( 24.228559 21.002542 62.445394 )
xyz11=( 24.228559 21.002542 62.445394 )
xyz11=( 23.365181 19.327596 61.762985 )
xyz11=( 24.227540 21.001990 62.445632 )
xyz11=( 24.227540 21.001990 62.445632 )
xyz11=( 23.364868 19.328413 61.763781 )
xyz11=( 24.226519 21.001436 62.445870 )
xyz11=( 24.226519 21.001436 62.445870 )
xyz11=( 23.364555 19.329232 61.764578 )
xyz11=( 24.225498 21.000882 62.446107 )
xyz11=( 24.225498 21.000882 62.446107 )
xyz11=( 23.796545 18.899583 61.177912 )
xyz11=( 23.364242 19.330052 61.765376 )
xyz11=( 24.224477 21.000326 62.446344 )
xyz11=( 24.224477 21.000326 62.446344 )
xyz11=( 23.797387 18.899255 61.177142 )
xyz11=( 23.363930 19.330874 61.766173 )
xyz11=( 24.223454 20.999770 62.446580 )
xyz11=( 24.223454 20.999770 62.446580 )
xyz11=( 23.798230 18.898928 61.176371 )
xyz11=( 23.363619 19.331697 61.766972 )
xyz11=( 24.222431 20.999212 62.446816 )
xyz11=( 24.222431 20.999212 62.446816 )
xyz11=( 23.799074 18.898602 61.175600 )
xyz11=( 23.363308 19.332521 61.767771 )
xyz11=( 24.221407 20.998652 62.447051 )
xyz11=( 24.221407 20.998652 62.447051 )
xyz11=( 23.799920 18.898276 61.174829 )
xyz11=( 23.362998 19.333346 61.768570 )
xyz11=( 24.220383 20.998092 62.447286 )
xyz11=( 24.220383 20.998092 62.447286 )
xyz11=( 23.800767 18.897951 61.174058 )
xyz11=( 23.362689 19.334172 61.769370 )
xyz11=( 24.219358 20.997530 62.447521 )
xyz11=( 24.219358 20.997530 62.447521 )
xyz11=( 23.801615 18.897626 61.173285 )
xyz11=( 24.218332 20.996967 62.447755 )
xyz11=( 24.218332 20.996967 62.447755 )
xyz11=( 23.802465 18.897302 61.172513 )
xyz11=( 24.217306 20.996403 62.447988 )
xyz11=( 24.217306 20.996403 62.447988 )
xyz11=( 23.803316 18.896979 61.171740 )
xyz11=( 24.216279 20.995838 62.448221 )
xyz11=( 23.804168 18.896656 61.170966 )
xyz11=( 23.805022 18.896333 61.170193 )
xyz11=( 23.805877 18.896011 61.169418 )
xyz11=( 23.806733 18.895689 61.168643 )
xyz11=( 23.807591 18.895368 61.167868 )
xyz11=( 23.808450 18.895048 61.167092 )
xyz11=( 23.809310 18.894728 61.166316 )
xyz11=( 23.359627 19.342506 61.777400 )
xyz11=( 23.810172 18.894409 61.165540 )
xyz11=( 23.359324 19.343346 61.778206 )
xyz11=( 23.811035 18.894090 61.164763 )
xyz11=( 23.359021 19.344188 61.779013 )
xyz11=( 23.811900 18.893772 61.163985 )
xyz11=( 23.358720 19.345031 61.779820 )
xyz11=( 23.812766 18.893454 61.163207 )
xyz11=( 23.358419 19.345875 61.780628 )
xyz11=( 23.813633 18.893137 61.162429 )
xyz11=( 23.358118 19.346720 61.781436 )
xyz11=( 23.814501 18.892820 61.161650 )
xyz11=( 23.357819 19.347567 61.782245 )
xyz11=( 23.815371 18.892504 61.160871 )
xyz11=( 23.357519 19.348415 61.783054 )
xyz11=( 23.357221 19.349265 61.783864 )
xyz11=( 23.356923 19.350116 61.784675 )
xyz11=( 23.356625 19.350968 61.785486 )
xyz11=( 23.356329 19.351821 61.786297 )
xyz11=( 23.356033 19.352676 61.787110 )
xyz11=( 23.355737 19.353532 61.787922 )
xyz11=( 23.355442 19.354389 61.788736 )
xyz11=( 23.355148 19.355248 61.789550 )
xyz11=( 23.354855 19.356108 61.790364 )
xyz11=( 23.354562 19.356969 61.791179 )
xyz11=( 23.354270 19.357832 61.791995 )
xyz11=( 23.353978 19.358696 61.792811 )
xyz11=( 23.353687 19.359562 61.793628 )
xyz11=( 23.353397 19.360428 61.794446 )
xyz11=( 23.353107 19.361296 61.795264 )
xyz11=( 23.352818 19.362166 61.796082 )
xyz11=( 23.352530 19.363037 61.796902 )
xyz11=( 23.352242 19.363909 61.797721 )
xyz11=( 23.351955 19.364783 61.798542 )
xyz11=( 24.007696 18.845584 61.005373 )
xyz11=( 24.008923 18.845415 61.004477 )
xyz11=( 24.010153 18.845248 61.003580 )
xyz11=( 24.011386 18.845083 61.002682 )
xyz11=( 24.012621 18.844918 61.001783 )
xyz11=( 24.013859 18.844754 61.000883 )
xyz11=( 24.015100 18.844592 60.999983 )
xyz11=( 24.016344 18.844431 60.999081 )
xyz11=( 24.017591 18.844271 60.998179 )
xyz11=( 24.018840 18.844112 60.997276 )
xyz11=( 24.020092 18.843955 60.996372 )
xyz11=( 24.021347 18.843798 60.995466 )
xyz11=( 24.022605 18.843643 60.994561 )
xyz11=( 24.023866 18.843489 60.993654 )
xyz11=( 24.031491 18.842591 60.988193 )
xyz11=( 24.032772 18.842445 60.987279 )
xyz11=( 24.034056 18.842301 60.986365 )
xyz11=( 24.035343 18.842158 60.985450 )
xyz11=( 24.036633 18.842017 60.984533 )
xyz11=( 24.037926 18.841876 60.983616 )
xyz11=( 24.039223 18.841737 60.982698 )
xyz11=( 24.040522 18.841600 60.981779 )
xyz11=( 24.041824 18.841463 60.980859 )
xyz11=( 24.043130 18.841328 60.979937 )
xyz11=( 24.044438 18.841195 60.979015 )
xyz11=( 24.045750 18.841062 60.978092 )
xyz11=( 24.047065 18.840931 60.977168 )
xyz11=( 23.920622 20.793851 62.486579 )
xyz11=( 23.919311 20.792760 62.486607 )
xyz11=( 23.917998 20.791666 62.486633 )
xyz11=( 23.916683 20.790568 62.486657 )
xyz11=( 23.915366 20.789467 62.486681 )
xyz11=( 23.914047 20.788362 62.486703 )
xyz11=( 23.912726 20.787254 62.486723 )
xyz11=( 23.911404 20.786142 62.486742 )
xyz11=( 23.910079 20.785026 62.486760 )
xyz11=( 23.908753 20.783907 62.486776 )
xyz11=( 23.907424 20.782784 62.486790 )
xyz11=( 23.906094 20.781657 62.486803 )
xyz11=( 23.904761 20.780526 62.486815 )
xyz11=( 23.903427 20.779392 62.486825 )
xyz11=( 23.902090 20.778254 62.486834 )
xyz11=( 23.900752 20.777112 62.486841 )
xyz11=( 23.899411 20.775966 62.486846 )
xyz11=( 23.898069 20.774816 62.486850 )
xyz11=( 23.896724 20.773663 62.486852 )
xyz11=( 23.895378 20.772505 62.486853 )
xyz11=( 23.894029 20.771344 62.486853 )
xyz11=( 23.892678 20.770178 62.486850 )
xyz11=( 23.891325 20.769009 62.486846 )
xyz11=( 23.889970 20.767835 62.486841 )
xyz11=( 24.117253 18.836270 60.929543 )
xyz11=( 23.888612 20.766657 62.486834 )
xyz11=( 24.118756 18.836219 60.928559 )
xyz11=( 23.887253 20.765476 62.486825 )
xyz11=( 24.120263 18.836170 60.927573 )
xyz11=( 23.885891 20.764290 62.486814 )
xyz11=( 24.121775 18.836122 60.926587 )
xyz11=( 23.884527 20.763100 62.486802 )
xyz11=( 24.123291 18.836077 60.925599 )
xyz11=( 23.883161 20.761905 62.486788 )
xyz11=( 24.124811 18.836034 60.924609 )
xyz11=( 23.881793 20.760707 62.486773 )
xyz11=( 24.126336 18.835992 60.923618 )
xyz11=( 23.880422 20.759504 62.486756 )
xyz11=( 24.127866 18.835953 60.922626 )
xyz11=( 23.879050 20.758297 62.486737 )
xyz11=( 24.129399 18.835915 60.921632 )
xyz11=( 23.877675 20.757086 62.486716 )
xyz11=( 24.130938 18.835879 60.920637 )
xyz11=( 23.876297 20.755870 62.486694 )
xyz11=( 24.132481 18.835846 60.919640 )
xyz11=( 23.874917 20.754650 62.486669 )
xyz11=( 24.134029 18.835814 60.918642 )
xyz11=( 24.135581 18.835784 60.917643 )
xyz11=( 24.137138 18.835757 60.916642 )
xyz11=( 24.138700 18.835731 60.915639 )
xyz11=( 24.140267 18.835707 60.914635 )
xyz11=( 23.860990 20.742201 62.486329 )
xyz11=( 24.149769 18.835610 60.908578 )
xyz11=( 23.859583 20.740931 62.486284 )
xyz11=( 24.151370 18.835601 60.907563 )
xyz11=( 23.858175 20.739656 62.486238 )
xyz11=( 24.152976 18.835595 60.906547 )
xyz11=( 23.856763 20.738375 62.486190 )
xyz11=( 24.154587 18.835590 60.905529 )
xyz11=( 23.855349 20.737090 62.486140 )
xyz11=( 24.156204 18.835588 60.904509 )
xyz11=( 23.853933 20.735800 62.486087 )
xyz11=( 24.157825 18.835588 60.903487 )
xyz11=( 23.852514 20.734505 62.486033 )
xyz11=( 24.159452 18.835591 60.902464 )
xyz11=( 23.851092 20.733206 62.485977 )
xyz11=( 24.161084 18.835595 60.901440 )
xyz11=( 23.849668 20.731901 62.485919 )
xyz11=( 24.162722 18.835602 60.900413 )
xyz11=( 23.848241 20.730591 62.485859 )
xyz11=( 24.164365 18.835611 60.899385 )
xyz11=( 23.846811 20.729275 62.485797 )
xyz11=( 24.166013 18.835623 60.898355 )
xyz11=( 23.845378 20.727955 62.485732 )
xyz11=( 24.167667 18.835637 60.897324 )
xyz11=( 23.843943 20.726629 62.485666 )
xyz11=( 24.169327 18.835653 60.896290 )
xyz11=( 23.842505 20.725299 62.485597 )
xyz11=( 23.841064 20.723962 62.485527 )
xyz11=( 23.839621 20.722621 62.485454 )
xyz11=( 23.838174 20.721274 62.485379 )
xyz11=( 23.836725 20.719922 62.485302 )
xyz11=( 23.835273 20.718564 62.485222 )
xyz11=( 23.833818 20.717201 62.485141 )
xyz11=( 23.832360 20.715832 62.485057 )
xyz11=( 23.830899 20.714457 62.484971 )
xyz11=( 23.829435 20.713077 62.484882 )
