xyz11=( 25.509252 21.008331 61.642917 )
xyz11=( 25.504286 21.012369 61.649001 )
xyz11=( 25.499267 21.016380 61.655099 )
xyz11=( 25.489062 21.024315 61.667337 )
xyz11=( 25.483875 21.028240 61.673477 )
xyz11=( 25.478633 21.032136 61.679632 )
xyz11=( 24.710988 18.954907 60.642402 )
xyz11=( 24.719279 18.958428 60.639758 )
xyz11=( 25.477009 21.033328 61.681527 )
xyz11=( 25.482704 21.029117 61.674857 )
xyz11=( 25.488379 21.024836 61.668148 )
xyz11=( 25.499672 21.016058 61.654608 )
xyz11=( 25.505289 21.011560 61.647776 )
xyz11=( 25.505289 21.011560 61.647776 )
xyz11=( 25.510885 21.006987 61.640903 )
xyz11=( 24.847027 19.019340 60.603883 )
xyz11=( 24.864573 19.028708 60.599688 )
xyz11=( 25.549459 20.972787 61.591567 )
xyz11=( 25.554879 20.967573 61.584336 )
xyz11=( 25.565644 20.956885 61.569730 )
xyz11=( 25.581601 20.940179 61.547448 )
xyz11=( 23.377320 20.031282 62.270520 )
xyz11=( 25.586866 20.934423 61.539917 )
xyz11=( 23.380520 20.040498 62.275251 )
xyz11=( 25.592104 20.928571 61.532334 )
xyz11=( 23.383815 20.049776 62.279968 )
xyz11=( 25.597313 20.922621 61.524696 )
xyz11=( 23.387205 20.059118 62.284672 )
xyz11=( 23.390693 20.068524 62.289361 )
xyz11=( 23.394282 20.077996 62.294035 )
xyz11=( 23.405670 20.106820 62.307964 )
xyz11=( 23.409681 20.116569 62.312575 )
xyz11=( 25.632922 20.878032 61.469622 )
xyz11=( 23.413805 20.126391 62.317169 )
xyz11=( 23.413805 20.126391 62.317169 )
xyz11=( 25.135887 21.177384 62.001868 )
xyz11=( 25.637876 20.871214 61.461509 )
xyz11=( 23.418043 20.136288 62.321745 )
xyz11=( 23.418043 20.136288 62.321745 )
xyz11=( 25.126616 21.179099 62.008963 )
xyz11=( 25.642795 20.864275 61.453331 )
xyz11=( 23.422399 20.146262 62.326302 )
xyz11=( 25.117222 21.180745 62.016085 )
xyz11=( 23.426876 20.156314 62.330842 )
xyz11=( 23.426876 20.156314 62.330842 )
xyz11=( 25.652521 20.850024 61.436771 )
xyz11=( 23.431477 20.166446 62.335362 )
xyz11=( 25.098047 21.183817 62.030413 )
xyz11=( 25.657325 20.842706 61.428387 )
xyz11=( 25.088261 21.185240 62.037619 )
xyz11=( 25.078336 21.186585 62.044856 )
xyz11=( 25.739041 20.672720 61.252464 )
xyz11=( 25.742677 20.661672 61.242086 )
xyz11=( 25.746222 20.650344 61.231559 )
xyz11=( 23.611283 20.468189 62.443011 )
xyz11=( 23.621597 20.481924 62.446570 )
xyz11=( 25.765267 20.575533 61.164792 )
xyz11=( 23.632305 20.495904 62.450060 )
xyz11=( 25.768000 20.561720 61.152958 )
xyz11=( 23.643436 20.510144 62.453474 )
xyz11=( 25.770582 20.547447 61.140882 )
xyz11=( 23.655021 20.524666 62.456808 )
xyz11=( 25.772999 20.532677 61.128546 )
xyz11=( 23.667098 20.539491 62.460054 )
xyz11=( 23.679710 20.554645 62.463204 )
xyz11=( 23.610486 19.002028 61.370113 )
xyz11=( 23.605356 19.005892 61.376173 )
xyz11=( 23.600249 19.009810 61.382259 )
xyz11=( 23.590101 19.017806 61.394505 )
xyz11=( 23.585062 19.021886 61.400666 )
xyz11=( 23.580045 19.026021 61.406854 )
xyz11=( 25.724301 20.025610 60.787989 )
xyz11=( 25.721707 20.017630 60.783781 )
xyz11=( 23.578508 19.027304 61.408761 )
xyz11=( 23.583934 19.022809 61.402053 )
xyz11=( 23.589434 19.018342 61.395318 )
xyz11=( 23.600658 19.009493 61.381768 )
xyz11=( 23.606386 19.005111 61.374953 )
xyz11=( 23.606386 19.005111 61.374953 )
xyz11=( 23.612191 19.000758 61.368109 )
xyz11=( 25.674495 19.893672 60.722769 )
xyz11=( 25.666922 19.876497 60.714965 )
xyz11=( 23.655118 18.971158 61.319399 )
xyz11=( 23.661593 18.967060 61.312320 )
xyz11=( 23.674816 18.958969 61.298067 )
xyz11=( 24.355458 21.064818 62.411053 )
xyz11=( 23.695356 18.947105 61.276443 )
xyz11=( 24.345914 21.060568 62.413953 )
xyz11=( 23.702398 18.943227 61.269168 )
xyz11=( 24.336316 21.056224 62.416818 )
xyz11=( 23.709540 18.939387 61.261858 )
xyz11=( 24.326664 21.051784 62.419648 )
xyz11=( 23.716785 18.935588 61.254513 )
xyz11=( 24.316957 21.047247 62.422441 )
xyz11=( 24.307192 21.042610 62.425197 )
xyz11=( 24.277547 21.028077 62.433231 )
xyz11=( 24.267545 21.023018 62.435828 )
xyz11=( 24.257479 21.017848 62.438383 )
xyz11=( 24.257479 21.017848 62.438383 )
xyz11=( 23.770566 18.910201 61.202049 )
xyz11=( 24.247349 21.012563 62.440894 )
xyz11=( 24.247349 21.012563 62.440894 )
xyz11=( 23.778717 18.906760 61.194396 )
xyz11=( 23.371101 19.312648 61.748314 )
xyz11=( 24.237153 21.007160 62.443362 )
xyz11=( 23.786994 18.903369 61.186700 )
xyz11=( 23.367856 19.320730 61.756274 )
xyz11=( 24.226890 21.001638 62.445783 )
xyz11=( 24.226890 21.001638 62.445783 )
xyz11=( 23.364668 19.328934 61.764288 )
xyz11=( 24.216559 20.995992 62.448158 )
xyz11=( 23.803936 18.896744 61.171177 )
xyz11=( 23.812608 18.893512 61.163349 )
xyz11=( 23.358473 19.345721 61.780481 )
xyz11=( 23.355469 19.354311 61.788662 )
xyz11=( 23.352530 19.363037 61.796902 )
xyz11=( 24.009594 18.845324 61.003987 )
xyz11=( 24.022147 18.843699 60.994890 )
xyz11=( 24.034992 18.842197 60.985700 )
xyz11=( 23.915246 20.789367 62.486683 )
xyz11=( 23.901847 20.778046 62.486835 )
xyz11=( 23.888242 20.766335 62.486831 )
xyz11=( 24.119167 18.836205 60.928290 )
xyz11=( 23.874415 20.754205 62.486660 )
xyz11=( 24.134593 18.835803 60.918279 )
xyz11=( 23.860351 20.741624 62.486309 )
xyz11=( 24.150496 18.835606 60.908117 )
xyz11=( 23.846030 20.728556 62.485762 )
xyz11=( 24.166915 18.835630 60.897793 )
xyz11=( 23.831431 20.714957 62.485002 )
