order:    [ 1 10 9 2 3 4 5 6 7 8 12 13 11 21 20 14 15 16 17 18 19 0 22 23 24 25 26 27 28 29 30 31 32 33 34 35 36 37 ]
atoms:    [ CA CA N C N CA C N CA C H HA C CA N N CA C N CA C N C N CA C N CA C N CA C N CA C N CA C ]
residues: [ 0 3 3 0 1 1 1 2 2 2 3 3 3 6 6 4 4 4 5 5 5 0 6 7 7 7 8 8 8 9 9 9 10 10 10 11 11 11 ]

We use a different pair of symbles to represent the bits values which are associated with the HA and H of the discretized distance, and another one to represent the bits of other hydrogens.
For the HA and H from the discretized distance:
	"+" means 0
	"-" means 1
For any other hydrogens:
	">" means 0
	"<" means 1

d_12_13=2.733615900101 s=[ 0 0 0 0 0 0 1 1 0 1 + + 1 0 0 1 0 0 0 1 0 0 0 1 1 0 1 0 0 1 1 0 1 0 0 1 1 0 ] xyz11=( 25.509252, 21.008331, 61.642917 )

d_12_13=2.735636102121 s=[ 0 0 0 0 0 0 1 1 0 1 + + 1 0 0 1 0 0 0 1 0 0 0 1 1 0 1 0 0 1 1 0 1 0 0 1 1 0 ] xyz11=( 25.504286, 21.012369, 61.649001 )

d_12_13=2.737656304141 s=[ 0 0 0 0 0 0 1 1 0 1 + + 1 0 0 1 0 0 0 1 0 0 0 1 1 0 1 0 0 1 1 0 1 0 0 1 1 0 ] xyz11=( 25.499267, 21.016380, 61.655099 )

d_12_13=2.741696708182 s=[ 0 0 0 0 0 0 1 1 0 1 + + 1 0 0 1 0 0 0 1 0 0 0 0 0 1 0 1 1 0 0 1 0 1 1 0 0 1 ] xyz11=( 25.489062, 21.024315, 61.667337 )

d_12_13=2.743716910202 s=[ 0 0 0 0 0 0 1 1 0 1 + + 1 0 0 1 0 0 0 1 0 0 0 0 0 1 0 1 1 0 0 1 0 1 1 0 0 1 ] xyz11=( 25.483875, 21.028240, 61.673477 )

d_12_13=2.745737112222 s=[ 0 0 0 0 0 0 1 1 0 1 + + 1 0 0 1 0 0 0 1 0 0 0 0 0 1 0 1 1 0 0 1 0 1 1 0 0 1 ] xyz11=( 25.478633, 21.032136, 61.679632 )

d_12_13=2.767959334444 s=[ 0 0 0 0 0 0 1 1 0 1 + + 0 0 0 1 0 0 0 1 0 0 1 0 0 1 0 1 1 0 0 1 0 1 1 0 0 1 ] xyz11=( 24.710988, 18.954907, 60.642402 )

d_12_13=2.769979536465 s=[ 0 0 0 0 0 0 1 1 0 1 + + 0 0 0 1 0 0 0 1 0 0 1 1 1 0 1 0 0 1 1 0 1 0 0 1 1 0 ] xyz11=( 24.719279, 18.958428, 60.639758 )

d_12_13=2.784120950606 s=[ 0 0 0 0 0 0 1 1 0 1 + - 0 0 0 1 0 0 0 1 0 0 0 0 0 1 0 1 1 0 0 1 0 1 1 0 0 1 ] xyz11=( 25.477009, 21.033328, 61.681527 )

d_12_13=2.786141152626 s=[ 0 0 0 0 0 0 1 1 0 1 + - 0 0 0 1 0 0 0 1 0 0 0 0 0 1 0 1 1 0 0 1 0 1 1 0 0 1 ] xyz11=( 25.482704, 21.029117, 61.674857 )

d_12_13=2.788161354646 s=[ 0 0 0 0 0 0 1 1 0 1 + - 0 0 0 1 0 0 0 1 0 0 0 0 0 1 0 1 1 0 0 1 0 1 1 0 0 1 ] xyz11=( 25.488379, 21.024836, 61.668148 )

d_12_13=2.792201758687 s=[ 0 0 0 0 0 0 1 1 0 1 + - 0 0 0 1 0 0 0 1 0 0 0 1 1 0 1 0 0 1 1 0 1 0 0 1 1 0 ] xyz11=( 25.499672, 21.016058, 61.654608 )

d_12_13=2.794221960707 s=[ 0 0 0 0 0 0 1 1 0 1 + - 0 0 0 1 0 0 0 1 0 0 0 1 1 0 1 0 0 1 1 0 1 0 0 1 1 0 ] xyz11=( 25.505289, 21.011560, 61.647776 )

d_12_13=2.794221960707 s=[ 0 0 0 0 0 0 1 1 0 1 + - 0 1 0 1 0 0 0 1 0 1 0 1 1 0 1 0 0 1 1 0 1 0 0 1 1 0 ] xyz11=( 25.505289, 21.011560, 61.647776 )

d_12_13=2.796242162727 s=[ 0 0 0 0 0 0 1 1 0 1 + - 0 0 0 1 0 0 0 1 0 0 0 1 1 0 1 0 0 1 1 0 1 0 0 1 1 0 ] xyz11=( 25.510885, 21.006987, 61.640903 )

d_12_13=2.800282566768 s=[ 0 0 0 0 0 0 1 1 0 1 + + 0 1 1 0 1 1 1 0 1 0 1 0 0 1 0 1 1 0 0 1 0 1 1 0 0 1 ] xyz11=( 24.847027, 19.019340, 60.603883 )

d_12_13=2.804322970808 s=[ 0 0 0 0 0 0 1 1 0 1 + + 0 0 1 0 1 1 1 0 1 1 0 0 0 1 0 1 1 0 0 1 0 1 1 0 0 1 ] xyz11=( 24.864573, 19.028708, 60.599688 )

d_12_13=2.810383576869 s=[ 0 0 0 0 0 0 1 1 0 1 + - 0 1 1 0 1 1 1 0 1 0 1 1 1 0 1 0 0 1 1 0 1 0 0 1 1 0 ] xyz11=( 25.549459, 20.972787, 61.591567 )

d_12_13=2.812403778889 s=[ 0 0 0 0 0 0 1 1 0 1 + - 0 1 1 0 1 1 1 0 1 0 1 1 1 0 1 0 0 1 1 0 1 0 0 1 1 0 ] xyz11=( 25.554879, 20.967573, 61.584336 )

d_12_13=2.816444182929 s=[ 0 0 0 0 0 0 1 1 0 1 + - 0 1 1 0 1 1 1 0 1 0 1 0 0 1 0 1 1 0 0 1 0 1 1 0 0 1 ] xyz11=( 25.565644, 20.956885, 61.569730 )

d_12_13=2.822504788990 s=[ 0 0 0 0 0 0 1 1 0 1 + - 0 0 1 0 1 1 1 0 1 1 1 1 1 0 1 0 0 1 1 0 1 0 0 1 1 0 ] xyz11=( 25.581601, 20.940179, 61.547448 )

d_12_13=2.822504788990 s=[ 0 0 0 0 0 0 1 1 0 1 + - 1 1 1 0 1 1 1 0 1 1 1 0 0 1 0 1 1 0 0 1 0 1 1 0 0 1 ] xyz11=( 23.377320, 20.031282, 62.270520 )

d_12_13=2.824524991010 s=[ 0 0 0 0 0 0 1 1 0 1 + - 0 0 1 0 1 1 1 0 1 1 1 1 1 0 1 0 0 1 1 0 1 0 0 1 1 0 ] xyz11=( 25.586866, 20.934423, 61.539917 )

d_12_13=2.824524991010 s=[ 0 0 0 0 0 0 1 1 0 1 + - 1 1 1 0 1 1 1 0 1 1 1 0 0 1 0 1 1 0 0 1 0 1 1 0 0 1 ] xyz11=( 23.380520, 20.040498, 62.275251 )

d_12_13=2.826545193030 s=[ 0 0 0 0 0 0 1 1 0 1 + - 0 0 1 0 1 1 1 0 1 1 1 0 0 1 0 1 1 0 0 1 0 1 1 0 0 1 ] xyz11=( 25.592104, 20.928571, 61.532334 )

d_12_13=2.826545193030 s=[ 0 0 0 0 0 0 1 1 0 1 + - 1 1 1 0 1 1 1 0 1 1 1 0 0 1 0 1 1 0 0 1 0 1 1 0 0 1 ] xyz11=( 23.383815, 20.049776, 62.279968 )

d_12_13=2.828565395051 s=[ 0 0 0 0 0 0 1 1 0 1 + - 0 0 1 0 1 1 1 0 1 1 1 0 0 1 0 1 1 0 0 1 0 1 1 0 0 1 ] xyz11=( 25.597313, 20.922621, 61.524696 )

d_12_13=2.828565395051 s=[ 0 0 0 0 0 0 1 1 0 1 + - 1 1 1 0 1 1 1 0 1 1 1 0 0 1 0 1 1 0 0 1 0 1 1 0 0 1 ] xyz11=( 23.387205, 20.059118, 62.284672 )

d_12_13=2.830585597071 s=[ 0 0 0 0 0 0 1 1 0 1 + - 1 1 1 0 1 1 1 0 1 1 1 0 0 1 0 1 1 0 0 1 0 1 1 0 0 1 ] xyz11=( 23.390693, 20.068524, 62.289361 )

d_12_13=2.832605799091 s=[ 0 0 0 0 0 0 1 1 0 1 + - 1 1 1 0 1 1 1 0 1 1 1 0 0 1 0 1 1 0 0 1 0 1 1 0 0 1 ] xyz11=( 23.394282, 20.077996, 62.294035 )

d_12_13=2.838666405152 s=[ 0 0 0 0 0 0 1 1 0 1 + - 1 1 1 0 1 1 1 0 1 1 1 1 1 0 1 0 0 1 1 0 1 0 0 1 1 0 ] xyz11=( 23.405670, 20.106820, 62.307964 )

d_12_13=2.840686607172 s=[ 0 0 0 0 0 0 1 1 0 1 + - 1 1 1 0 1 1 1 0 1 1 1 1 1 0 1 0 0 1 1 0 1 0 0 1 1 0 ] xyz11=( 23.409681, 20.116569, 62.312575 )

d_12_13=2.842706809192 s=[ 0 0 0 0 0 0 1 1 0 1 + - 0 0 0 1 0 0 0 1 0 1 1 0 0 1 0 1 1 0 0 1 0 1 1 0 0 1 ] xyz11=( 25.632922, 20.878032, 61.469622 )

d_12_13=2.842706809192 s=[ 0 0 0 0 0 0 1 1 0 1 + - 1 0 0 1 0 0 0 1 0 0 0 1 1 0 1 0 0 1 1 0 1 0 0 1 1 0 ] xyz11=( 23.413805, 20.126391, 62.317169 )

d_12_13=2.842706809192 s=[ 0 0 0 0 0 0 1 1 0 1 + - 1 1 1 0 1 1 1 0 1 1 1 1 1 0 1 0 0 1 1 0 1 0 0 1 1 0 ] xyz11=( 23.413805, 20.126391, 62.317169 )

d_12_13=2.844727011212 s=[ 0 0 0 0 0 0 1 1 0 1 + + 1 0 0 1 0 0 0 1 0 1 1 0 0 1 0 1 1 0 0 1 0 1 1 0 0 1 ] xyz11=( 25.135887, 21.177384, 62.001868 )

d_12_13=2.844727011212 s=[ 0 0 0 0 0 0 1 1 0 1 + - 0 0 0 1 0 0 0 1 0 1 1 0 0 1 0 1 1 0 0 1 0 1 1 0 0 1 ] xyz11=( 25.637876, 20.871214, 61.461509 )

d_12_13=2.844727011212 s=[ 0 0 0 0 0 0 1 1 0 1 + - 1 0 0 1 0 0 0 1 0 0 0 1 1 0 1 0 0 1 1 0 1 0 0 1 1 0 ] xyz11=( 23.418043, 20.136288, 62.321745 )

d_12_13=2.844727011212 s=[ 0 0 0 0 0 0 1 1 0 1 + - 1 1 1 0 1 1 1 0 1 1 1 1 1 0 1 0 0 1 1 0 1 0 0 1 1 0 ] xyz11=( 23.418043, 20.136288, 62.321745 )

d_12_13=2.846747213232 s=[ 0 0 0 0 0 0 1 1 0 1 + + 1 0 0 1 0 0 0 1 0 1 1 0 0 1 0 1 1 0 0 1 0 1 1 0 0 1 ] xyz11=( 25.126616, 21.179099, 62.008963 )

d_12_13=2.846747213232 s=[ 0 0 0 0 0 0 1 1 0 1 + - 0 0 0 1 0 0 0 1 0 1 1 0 0 1 0 1 1 0 0 1 0 1 1 0 0 1 ] xyz11=( 25.642795, 20.864275, 61.453331 )

d_12_13=2.846747213232 s=[ 0 0 0 0 0 0 1 1 0 1 + - 1 1 1 0 1 1 1 0 1 1 1 1 1 0 1 0 0 1 1 0 1 0 0 1 1 0 ] xyz11=( 23.422399, 20.146262, 62.326302 )

d_12_13=2.848767415253 s=[ 0 0 0 0 0 0 1 1 0 1 + + 1 0 0 1 0 0 0 1 0 1 1 0 0 1 0 1 1 0 0 1 0 1 1 0 0 1 ] xyz11=( 25.117222, 21.180745, 62.016085 )

d_12_13=2.848767415253 s=[ 0 0 0 0 0 0 1 1 0 1 + - 1 0 0 1 0 0 0 1 0 0 0 0 0 1 0 1 1 0 0 1 0 1 1 0 0 1 ] xyz11=( 23.426876, 20.156314, 62.330842 )

d_12_13=2.848767415253 s=[ 0 0 0 0 0 0 1 1 0 1 + - 1 1 1 0 1 1 1 0 1 1 1 1 1 0 1 0 0 1 1 0 1 0 0 1 1 0 ] xyz11=( 23.426876, 20.156314, 62.330842 )

d_12_13=2.850787617273 s=[ 0 0 0 0 0 0 1 1 0 1 + - 0 0 0 1 0 0 0 1 0 1 1 1 1 0 1 0 0 1 1 0 1 0 0 1 1 0 ] xyz11=( 25.652521, 20.850024, 61.436771 )

d_12_13=2.850787617273 s=[ 0 0 0 0 0 0 1 1 0 1 + - 1 0 0 1 0 0 0 1 0 0 0 0 0 1 0 1 1 0 0 1 0 1 1 0 0 1 ] xyz11=( 23.431477, 20.166446, 62.335362 )

d_12_13=2.852807819293 s=[ 0 0 0 0 0 0 1 1 0 1 + + 1 0 0 1 0 0 0 1 0 1 1 1 1 0 1 0 0 1 1 0 1 0 0 1 1 0 ] xyz11=( 25.098047, 21.183817, 62.030413 )

d_12_13=2.852807819293 s=[ 0 0 0 0 0 0 1 1 0 1 + - 0 0 0 1 0 0 0 1 0 1 1 1 1 0 1 0 0 1 1 0 1 0 0 1 1 0 ] xyz11=( 25.657325, 20.842706, 61.428387 )

d_12_13=2.854828021313 s=[ 0 0 0 0 0 0 1 1 0 1 + + 1 0 0 1 0 0 0 1 0 1 1 1 1 0 1 0 0 1 1 0 1 0 0 1 1 0 ] xyz11=( 25.088261, 21.185240, 62.037619 )

d_12_13=2.856848223333 s=[ 0 0 0 0 0 0 1 1 0 1 + + 1 0 0 1 0 0 0 1 0 1 1 1 1 0 1 0 0 1 1 0 1 0 0 1 1 0 ] xyz11=( 25.078336, 21.186585, 62.044856 )

d_12_13=2.891191657677 s=[ 0 0 0 0 0 0 1 1 0 1 + - 0 1 1 0 1 1 1 0 1 1 0 1 1 0 1 0 0 1 1 0 1 0 0 1 1 0 ] xyz11=( 25.739041, 20.672720, 61.252464 )

d_12_13=2.893211859697 s=[ 0 0 0 0 0 0 1 1 0 1 + - 0 1 1 0 1 1 1 0 1 1 0 1 1 0 1 0 0 1 1 0 1 0 0 1 1 0 ] xyz11=( 25.742677, 20.661672, 61.242086 )

d_12_13=2.895232061717 s=[ 0 0 0 0 0 0 1 1 0 1 + - 0 1 1 0 1 1 1 0 1 1 0 0 0 1 0 1 1 0 0 1 0 1 1 0 0 1 ] xyz11=( 25.746222, 20.650344, 61.231559 )

d_12_13=2.903312869798 s=[ 0 0 0 0 0 0 1 1 0 1 + - 1 1 1 0 1 1 1 0 1 1 1 1 1 0 1 0 0 1 1 0 1 0 0 1 1 0 ] xyz11=( 23.611283, 20.468189, 62.443011 )

d_12_13=2.905333071818 s=[ 0 0 0 0 0 0 1 1 0 1 + - 1 1 1 0 1 1 1 0 1 1 1 1 1 0 1 0 0 1 1 0 1 0 0 1 1 0 ] xyz11=( 23.621597, 20.481924, 62.446570 )

d_12_13=2.907353273838 s=[ 0 0 0 0 0 0 1 1 0 1 + - 0 0 1 0 1 1 1 0 1 1 1 0 0 1 0 1 1 0 0 1 0 1 1 0 0 1 ] xyz11=( 25.765267, 20.575533, 61.164792 )

d_12_13=2.907353273838 s=[ 0 0 0 0 0 0 1 1 0 1 + - 1 1 1 0 1 1 1 0 1 1 1 1 1 0 1 0 0 1 1 0 1 0 0 1 1 0 ] xyz11=( 23.632305, 20.495904, 62.450060 )

d_12_13=2.909373475859 s=[ 0 0 0 0 0 0 1 1 0 1 + - 0 0 1 0 1 1 1 0 1 1 1 0 0 1 0 1 1 0 0 1 0 1 1 0 0 1 ] xyz11=( 25.768000, 20.561720, 61.152958 )

d_12_13=2.909373475859 s=[ 0 0 0 0 0 0 1 1 0 1 + - 1 1 1 0 1 1 1 0 1 1 1 1 1 0 1 0 0 1 1 0 1 0 0 1 1 0 ] xyz11=( 23.643436, 20.510144, 62.453474 )

d_12_13=2.911393677879 s=[ 0 0 0 0 0 0 1 1 0 1 + - 0 0 1 0 1 1 1 0 1 1 1 1 1 0 1 0 0 1 1 0 1 0 0 1 1 0 ] xyz11=( 25.770582, 20.547447, 61.140882 )

d_12_13=2.911393677879 s=[ 0 0 0 0 0 0 1 1 0 1 + - 1 1 1 0 1 1 1 0 1 1 1 0 0 1 0 1 1 0 0 1 0 1 1 0 0 1 ] xyz11=( 23.655021, 20.524666, 62.456808 )

d_12_13=2.913413879899 s=[ 0 0 0 0 0 0 1 1 0 1 + - 0 0 1 0 1 1 1 0 1 1 1 1 1 0 1 0 0 1 1 0 1 0 0 1 1 0 ] xyz11=( 25.772999, 20.532677, 61.128546 )

d_12_13=2.913413879899 s=[ 0 0 0 0 0 0 1 1 0 1 + - 1 1 1 0 1 1 1 0 1 1 1 0 0 1 0 1 1 0 0 1 0 1 1 0 0 1 ] xyz11=( 23.667098, 20.539491, 62.460054 )

d_12_13=2.915434081919 s=[ 0 0 0 0 0 0 1 1 0 1 + - 1 1 1 0 1 1 1 0 1 1 1 0 0 1 0 1 1 0 0 1 0 1 1 0 0 1 ] xyz11=( 23.679710, 20.554645, 62.463204 )

d_12_13=2.733615900101 s=[ 0 0 0 1 1 1 0 0 1 0 - - 0 1 1 0 1 1 1 0 1 1 1 0 0 1 0 1 1 0 0 1 0 1 1 0 0 1 ] xyz11=( 23.610486, 19.002028, 61.370113 )

d_12_13=2.735636102121 s=[ 0 0 0 1 1 1 0 0 1 0 - - 0 1 1 0 1 1 1 0 1 1 1 0 0 1 0 1 1 0 0 1 0 1 1 0 0 1 ] xyz11=( 23.605356, 19.005892, 61.376173 )

d_12_13=2.737656304141 s=[ 0 0 0 1 1 1 0 0 1 0 - - 0 1 1 0 1 1 1 0 1 1 1 0 0 1 0 1 1 0 0 1 0 1 1 0 0 1 ] xyz11=( 23.600249, 19.009810, 61.382259 )

d_12_13=2.741696708182 s=[ 0 0 0 1 1 1 0 0 1 0 - - 0 1 1 0 1 1 1 0 1 1 1 1 1 0 1 0 0 1 1 0 1 0 0 1 1 0 ] xyz11=( 23.590101, 19.017806, 61.394505 )

d_12_13=2.743716910202 s=[ 0 0 0 1 1 1 0 0 1 0 - - 0 1 1 0 1 1 1 0 1 1 1 1 1 0 1 0 0 1 1 0 1 0 0 1 1 0 ] xyz11=( 23.585062, 19.021886, 61.400666 )

d_12_13=2.745737112222 s=[ 0 0 0 1 1 1 0 0 1 0 - - 0 1 1 0 1 1 1 0 1 1 1 1 1 0 1 0 0 1 1 0 1 0 0 1 1 0 ] xyz11=( 23.580045, 19.026021, 61.406854 )

d_12_13=2.767959334444 s=[ 0 0 0 1 1 1 0 0 1 0 - - 1 1 1 0 1 1 1 0 1 1 0 1 1 0 1 0 0 1 1 0 1 0 0 1 1 0 ] xyz11=( 25.724301, 20.025610, 60.787989 )

d_12_13=2.769979536465 s=[ 0 0 0 1 1 1 0 0 1 0 - - 1 1 1 0 1 1 1 0 1 1 0 0 0 1 0 1 1 0 0 1 0 1 1 0 0 1 ] xyz11=( 25.721707, 20.017630, 60.783781 )

d_12_13=2.784120950606 s=[ 0 0 0 1 1 1 0 0 1 0 - + 1 1 1 0 1 1 1 0 1 1 1 1 1 0 1 0 0 1 1 0 1 0 0 1 1 0 ] xyz11=( 23.578508, 19.027304, 61.408761 )

d_12_13=2.786141152626 s=[ 0 0 0 1 1 1 0 0 1 0 - + 1 1 1 0 1 1 1 0 1 1 1 1 1 0 1 0 0 1 1 0 1 0 0 1 1 0 ] xyz11=( 23.583934, 19.022809, 61.402053 )

d_12_13=2.788161354646 s=[ 0 0 0 1 1 1 0 0 1 0 - + 1 1 1 0 1 1 1 0 1 1 1 1 1 0 1 0 0 1 1 0 1 0 0 1 1 0 ] xyz11=( 23.589434, 19.018342, 61.395318 )

d_12_13=2.792201758687 s=[ 0 0 0 1 1 1 0 0 1 0 - + 1 1 1 0 1 1 1 0 1 1 1 0 0 1 0 1 1 0 0 1 0 1 1 0 0 1 ] xyz11=( 23.600658, 19.009493, 61.381768 )

d_12_13=2.794221960707 s=[ 0 0 0 1 1 1 0 0 1 0 - + 1 0 1 0 1 1 1 0 1 0 1 0 0 1 0 1 1 0 0 1 0 1 1 0 0 1 ] xyz11=( 23.606386, 19.005111, 61.374953 )

d_12_13=2.794221960707 s=[ 0 0 0 1 1 1 0 0 1 0 - + 1 1 1 0 1 1 1 0 1 1 1 0 0 1 0 1 1 0 0 1 0 1 1 0 0 1 ] xyz11=( 23.606386, 19.005111, 61.374953 )

d_12_13=2.796242162727 s=[ 0 0 0 1 1 1 0 0 1 0 - + 1 1 1 0 1 1 1 0 1 1 1 0 0 1 0 1 1 0 0 1 0 1 1 0 0 1 ] xyz11=( 23.612191, 19.000758, 61.368109 )

d_12_13=2.800282566768 s=[ 0 0 0 1 1 1 0 0 1 0 - - 1 0 0 1 0 0 0 1 0 1 0 1 1 0 1 0 0 1 1 0 1 0 0 1 1 0 ] xyz11=( 25.674495, 19.893672, 60.722769 )

d_12_13=2.804322970808 s=[ 0 0 0 1 1 1 0 0 1 0 - - 1 1 0 1 0 0 0 1 0 0 1 1 1 0 1 0 0 1 1 0 1 0 0 1 1 0 ] xyz11=( 25.666922, 19.876497, 60.714965 )

d_12_13=2.810383576869 s=[ 0 0 0 1 1 1 0 0 1 0 - + 1 0 0 1 0 0 0 1 0 1 0 0 0 1 0 1 1 0 0 1 0 1 1 0 0 1 ] xyz11=( 23.655118, 18.971158, 61.319399 )

d_12_13=2.812403778889 s=[ 0 0 0 1 1 1 0 0 1 0 - + 1 0 0 1 0 0 0 1 0 1 0 0 0 1 0 1 1 0 0 1 0 1 1 0 0 1 ] xyz11=( 23.661593, 18.967060, 61.312320 )

d_12_13=2.816444182929 s=[ 0 0 0 1 1 1 0 0 1 0 - + 1 0 0 1 0 0 0 1 0 1 0 1 1 0 1 0 0 1 1 0 1 0 0 1 1 0 ] xyz11=( 23.674816, 18.958969, 61.298067 )

d_12_13=2.822504788990 s=[ 0 0 0 1 1 1 0 0 1 0 - + 0 0 0 1 0 0 0 1 0 0 0 1 1 0 1 0 0 1 1 0 1 0 0 1 1 0 ] xyz11=( 24.355458, 21.064818, 62.411053 )

d_12_13=2.822504788990 s=[ 0 0 0 1 1 1 0 0 1 0 - + 1 1 0 1 0 0 0 1 0 0 0 0 0 1 0 1 1 0 0 1 0 1 1 0 0 1 ] xyz11=( 23.695356, 18.947105, 61.276443 )

d_12_13=2.824524991010 s=[ 0 0 0 1 1 1 0 0 1 0 - + 0 0 0 1 0 0 0 1 0 0 0 1 1 0 1 0 0 1 1 0 1 0 0 1 1 0 ] xyz11=( 24.345914, 21.060568, 62.413953 )

d_12_13=2.824524991010 s=[ 0 0 0 1 1 1 0 0 1 0 - + 1 1 0 1 0 0 0 1 0 0 0 0 0 1 0 1 1 0 0 1 0 1 1 0 0 1 ] xyz11=( 23.702398, 18.943227, 61.269168 )

d_12_13=2.826545193030 s=[ 0 0 0 1 1 1 0 0 1 0 - + 0 0 0 1 0 0 0 1 0 0 0 1 1 0 1 0 0 1 1 0 1 0 0 1 1 0 ] xyz11=( 24.336316, 21.056224, 62.416818 )

d_12_13=2.826545193030 s=[ 0 0 0 1 1 1 0 0 1 0 - + 1 1 0 1 0 0 0 1 0 0 0 1 1 0 1 0 0 1 1 0 1 0 0 1 1 0 ] xyz11=( 23.709540, 18.939387, 61.261858 )

d_12_13=2.828565395051 s=[ 0 0 0 1 1 1 0 0 1 0 - + 0 0 0 1 0 0 0 1 0 0 0 1 1 0 1 0 0 1 1 0 1 0 0 1 1 0 ] xyz11=( 24.326664, 21.051784, 62.419648 )

d_12_13=2.828565395051 s=[ 0 0 0 1 1 1 0 0 1 0 - + 1 1 0 1 0 0 0 1 0 0 0 1 1 0 1 0 0 1 1 0 1 0 0 1 1 0 ] xyz11=( 23.716785, 18.935588, 61.254513 )

d_12_13=2.830585597071 s=[ 0 0 0 1 1 1 0 0 1 0 - + 0 0 0 1 0 0 0 1 0 0 0 1 1 0 1 0 0 1 1 0 1 0 0 1 1 0 ] xyz11=( 24.316957, 21.047247, 62.422441 )

d_12_13=2.832605799091 s=[ 0 0 0 1 1 1 0 0 1 0 - + 0 0 0 1 0 0 0 1 0 0 0 1 1 0 1 0 0 1 1 0 1 0 0 1 1 0 ] xyz11=( 24.307192, 21.042610, 62.425197 )

d_12_13=2.838666405152 s=[ 0 0 0 1 1 1 0 0 1 0 - + 0 0 0 1 0 0 0 1 0 0 0 0 0 1 0 1 1 0 0 1 0 1 1 0 0 1 ] xyz11=( 24.277547, 21.028077, 62.433231 )

d_12_13=2.840686607172 s=[ 0 0 0 1 1 1 0 0 1 0 - + 0 0 0 1 0 0 0 1 0 0 0 0 0 1 0 1 1 0 0 1 0 1 1 0 0 1 ] xyz11=( 24.267545, 21.023018, 62.435828 )

d_12_13=2.842706809192 s=[ 0 0 0 1 1 1 0 0 1 0 - + 0 0 0 1 0 0 0 1 0 0 0 0 0 1 0 1 1 0 0 1 0 1 1 0 0 1 ] xyz11=( 24.257479, 21.017848, 62.438383 )

d_12_13=2.842706809192 s=[ 0 0 0 1 1 1 0 0 1 0 - + 0 1 1 0 1 1 1 0 1 1 1 0 0 1 0 1 1 0 0 1 0 1 1 0 0 1 ] xyz11=( 24.257479, 21.017848, 62.438383 )

d_12_13=2.842706809192 s=[ 0 0 0 1 1 1 0 0 1 0 - + 1 1 1 0 1 1 1 0 1 0 0 1 1 0 1 0 0 1 1 0 1 0 0 1 1 0 ] xyz11=( 23.770566, 18.910201, 61.202049 )

d_12_13=2.844727011212 s=[ 0 0 0 1 1 1 0 0 1 0 - + 0 0 0 1 0 0 0 1 0 0 0 0 0 1 0 1 1 0 0 1 0 1 1 0 0 1 ] xyz11=( 24.247349, 21.012563, 62.440894 )

d_12_13=2.844727011212 s=[ 0 0 0 1 1 1 0 0 1 0 - + 0 1 1 0 1 1 1 0 1 1 1 0 0 1 0 1 1 0 0 1 0 1 1 0 0 1 ] xyz11=( 24.247349, 21.012563, 62.440894 )

d_12_13=2.844727011212 s=[ 0 0 0 1 1 1 0 0 1 0 - + 1 1 1 0 1 1 1 0 1 0 0 1 1 0 1 0 0 1 1 0 1 0 0 1 1 0 ] xyz11=( 23.778717, 18.906760, 61.194396 )

d_12_13=2.844727011212 s=[ 0 0 0 1 1 1 0 0 1 0 - - 0 1 1 0 1 1 1 0 1 0 0 1 1 0 1 0 0 1 1 0 1 0 0 1 1 0 ] xyz11=( 23.371101, 19.312648, 61.748314 )

d_12_13=2.846747213232 s=[ 0 0 0 1 1 1 0 0 1 0 - + 0 0 0 1 0 0 0 1 0 0 0 0 0 1 0 1 1 0 0 1 0 1 1 0 0 1 ] xyz11=( 24.237153, 21.007160, 62.443362 )

d_12_13=2.846747213232 s=[ 0 0 0 1 1 1 0 0 1 0 - + 1 1 1 0 1 1 1 0 1 0 0 1 1 0 1 0 0 1 1 0 1 0 0 1 1 0 ] xyz11=( 23.786994, 18.903369, 61.186700 )

d_12_13=2.846747213232 s=[ 0 0 0 1 1 1 0 0 1 0 - - 0 1 1 0 1 1 1 0 1 0 0 1 1 0 1 0 0 1 1 0 1 0 0 1 1 0 ] xyz11=( 23.367856, 19.320730, 61.756274 )

d_12_13=2.848767415253 s=[ 0 0 0 1 1 1 0 0 1 0 - + 0 0 0 1 0 0 0 1 0 0 0 0 0 1 0 1 1 0 0 1 0 1 1 0 0 1 ] xyz11=( 24.226890, 21.001638, 62.445783 )

d_12_13=2.848767415253 s=[ 0 0 0 1 1 1 0 0 1 0 - + 0 1 1 0 1 1 1 0 1 1 1 1 1 0 1 0 0 1 1 0 1 0 0 1 1 0 ] xyz11=( 24.226890, 21.001638, 62.445783 )

d_12_13=2.848767415253 s=[ 0 0 0 1 1 1 0 0 1 0 - - 0 1 1 0 1 1 1 0 1 0 0 1 1 0 1 0 0 1 1 0 1 0 0 1 1 0 ] xyz11=( 23.364668, 19.328934, 61.764288 )

d_12_13=2.850787617273 s=[ 0 0 0 1 1 1 0 0 1 0 - + 0 1 1 0 1 1 1 0 1 1 1 1 1 0 1 0 0 1 1 0 1 0 0 1 1 0 ] xyz11=( 24.216559, 20.995992, 62.448158 )

d_12_13=2.850787617273 s=[ 0 0 0 1 1 1 0 0 1 0 - + 1 1 1 0 1 1 1 0 1 0 0 0 0 1 0 1 1 0 0 1 0 1 1 0 0 1 ] xyz11=( 23.803936, 18.896744, 61.171177 )

d_12_13=2.852807819293 s=[ 0 0 0 1 1 1 0 0 1 0 - + 1 1 1 0 1 1 1 0 1 0 0 0 0 1 0 1 1 0 0 1 0 1 1 0 0 1 ] xyz11=( 23.812608, 18.893512, 61.163349 )

d_12_13=2.852807819293 s=[ 0 0 0 1 1 1 0 0 1 0 - - 0 1 1 0 1 1 1 0 1 0 0 0 0 1 0 1 1 0 0 1 0 1 1 0 0 1 ] xyz11=( 23.358473, 19.345721, 61.780481 )

d_12_13=2.854828021313 s=[ 0 0 0 1 1 1 0 0 1 0 - - 0 1 1 0 1 1 1 0 1 0 0 0 0 1 0 1 1 0 0 1 0 1 1 0 0 1 ] xyz11=( 23.355469, 19.354311, 61.788662 )

d_12_13=2.856848223333 s=[ 0 0 0 1 1 1 0 0 1 0 - - 0 1 1 0 1 1 1 0 1 0 0 0 0 1 0 1 1 0 0 1 0 1 1 0 0 1 ] xyz11=( 23.352530, 19.363037, 61.796902 )

d_12_13=2.891191657677 s=[ 0 0 0 1 1 1 0 0 1 0 - + 1 0 0 1 0 0 0 1 0 0 1 0 0 1 0 1 1 0 0 1 0 1 1 0 0 1 ] xyz11=( 24.009594, 18.845324, 61.003987 )

d_12_13=2.893211859697 s=[ 0 0 0 1 1 1 0 0 1 0 - + 1 0 0 1 0 0 0 1 0 0 1 0 0 1 0 1 1 0 0 1 0 1 1 0 0 1 ] xyz11=( 24.022147, 18.843699, 60.994890 )

d_12_13=2.895232061717 s=[ 0 0 0 1 1 1 0 0 1 0 - + 1 0 0 1 0 0 0 1 0 0 1 1 1 0 1 0 0 1 1 0 1 0 0 1 1 0 ] xyz11=( 24.034992, 18.842197, 60.985700 )

d_12_13=2.903312869798 s=[ 0 0 0 1 1 1 0 0 1 0 - + 0 0 0 1 0 0 0 1 0 0 0 0 0 1 0 1 1 0 0 1 0 1 1 0 0 1 ] xyz11=( 23.915246, 20.789367, 62.486683 )

d_12_13=2.905333071818 s=[ 0 0 0 1 1 1 0 0 1 0 - + 0 0 0 1 0 0 0 1 0 0 0 0 0 1 0 1 1 0 0 1 0 1 1 0 0 1 ] xyz11=( 23.901847, 20.778046, 62.486835 )

d_12_13=2.907353273838 s=[ 0 0 0 1 1 1 0 0 1 0 - + 0 0 0 1 0 0 0 1 0 0 0 0 0 1 0 1 1 0 0 1 0 1 1 0 0 1 ] xyz11=( 23.888242, 20.766335, 62.486831 )

d_12_13=2.907353273838 s=[ 0 0 0 1 1 1 0 0 1 0 - + 1 1 0 1 0 0 0 1 0 0 0 1 1 0 1 0 0 1 1 0 1 0 0 1 1 0 ] xyz11=( 24.119167, 18.836205, 60.928290 )

d_12_13=2.909373475859 s=[ 0 0 0 1 1 1 0 0 1 0 - + 0 0 0 1 0 0 0 1 0 0 0 0 0 1 0 1 1 0 0 1 0 1 1 0 0 1 ] xyz11=( 23.874415, 20.754205, 62.486660 )

d_12_13=2.909373475859 s=[ 0 0 0 1 1 1 0 0 1 0 - + 1 1 0 1 0 0 0 1 0 0 0 1 1 0 1 0 0 1 1 0 1 0 0 1 1 0 ] xyz11=( 24.134593, 18.835803, 60.918279 )

d_12_13=2.911393677879 s=[ 0 0 0 1 1 1 0 0 1 0 - + 0 0 0 1 0 0 0 1 0 0 0 1 1 0 1 0 0 1 1 0 1 0 0 1 1 0 ] xyz11=( 23.860351, 20.741624, 62.486309 )

d_12_13=2.911393677879 s=[ 0 0 0 1 1 1 0 0 1 0 - + 1 1 0 1 0 0 0 1 0 0 0 0 0 1 0 1 1 0 0 1 0 1 1 0 0 1 ] xyz11=( 24.150496, 18.835606, 60.908117 )

d_12_13=2.913413879899 s=[ 0 0 0 1 1 1 0 0 1 0 - + 0 0 0 1 0 0 0 1 0 0 0 1 1 0 1 0 0 1 1 0 1 0 0 1 1 0 ] xyz11=( 23.846030, 20.728556, 62.485762 )

d_12_13=2.913413879899 s=[ 0 0 0 1 1 1 0 0 1 0 - + 1 1 0 1 0 0 0 1 0 0 0 0 0 1 0 1 1 0 0 1 0 1 1 0 0 1 ] xyz11=( 24.166915, 18.835630, 60.897793 )

d_12_13=2.915434081919 s=[ 0 0 0 1 1 1 0 0 1 0 - + 0 0 0 1 0 0 0 1 0 0 0 1 1 0 1 0 0 1 1 0 1 0 0 1 1 0 ] xyz11=( 23.831431, 20.714957, 62.485002 )

