xyz18=( -4.202839 30.838374 14.711846 )
xyz18=( -4.207746 30.841012 14.711326 )
xyz18=( -4.212682 30.843641 14.710796 )
xyz18=( -4.217648 30.846261 14.710256 )
xyz18=( -4.222644 30.848870 14.709706 )
xyz18=( -4.227671 30.851470 14.709145 )
xyz18=( -4.232728 30.854059 14.708574 )
xyz18=( -4.237816 30.856638 14.707993 )
xyz18=( -4.242936 30.859207 14.707400 )
xyz18=( -4.352560 30.908121 14.693066 )
xyz18=( -4.364362 30.912721 14.691342 )
xyz18=( -4.370326 30.914999 14.690459 )
xyz18=( -4.376334 30.917261 14.689560 )
xyz18=( -4.382386 30.919507 14.688645 )
xyz18=( -4.388483 30.921737 14.687715 )
xyz18=( -4.394625 30.923951 14.686769 )
xyz18=( -3.973794 28.654518 14.177986 )
xyz18=( -4.400814 30.926148 14.685807 )
xyz18=( -4.407050 30.928328 14.684829 )
xyz18=( -4.413333 30.930491 14.683834 )
xyz18=( -4.419665 30.932637 14.682822 )
xyz18=( -4.499802 30.956854 14.669218 )
xyz18=( -3.890201 28.718990 14.216481 )
xyz18=( -4.506860 30.958731 14.667950 )
xyz18=( -3.884860 28.723534 14.219056 )
xyz18=( -4.513981 30.960584 14.666660 )
xyz18=( -4.521168 30.962412 14.665347 )
xyz18=( -4.528423 30.964214 14.664010 )
xyz18=( -4.535746 30.965991 14.662648 )
xyz18=( -4.543140 30.967741 14.661262 )
xyz18=( -4.550606 30.969463 14.659850 )
xyz18=( -4.558146 30.971157 14.658412 )
xyz18=( -4.605056 30.980678 14.649188 )
xyz18=( -4.153717 28.550532 14.104552 )
xyz18=( -4.200833 30.837287 14.712057 )
xyz18=( -4.205737 30.839935 14.711540 )
xyz18=( -4.210670 30.842573 14.711013 )
xyz18=( -4.215633 30.845201 14.710476 )
xyz18=( -4.220626 30.847819 14.709929 )
xyz18=( -4.225650 30.850428 14.709372 )
xyz18=( -4.230704 30.853026 14.708804 )
xyz18=( -4.235790 30.855614 14.708225 )
xyz18=( -4.240907 30.858192 14.707636 )
xyz18=( -4.350492 30.907302 14.693365 )
xyz18=( -4.362291 30.911923 14.691647 )
xyz18=( -4.368254 30.914211 14.690767 )
xyz18=( -3.995949 28.639341 14.168301 )
xyz18=( -4.374261 30.916484 14.689871 )
xyz18=( -4.380312 30.918741 14.688960 )
xyz18=( -4.386408 30.920982 14.688033 )
xyz18=( -4.392549 30.923207 14.687090 )
xyz18=( -3.975509 28.653317 14.177230 )
xyz18=( -4.398737 30.925415 14.686131 )
xyz18=( -4.404972 30.927606 14.685156 )
xyz18=( -4.411255 30.929780 14.684164 )
xyz18=( -4.417587 30.931936 14.683155 )
xyz18=( -4.497728 30.956294 14.669588 )
xyz18=( -3.891762 28.717672 14.215731 )
xyz18=( -4.504787 30.958184 14.668324 )
xyz18=( -3.886410 28.722209 14.218307 )
xyz18=( -4.511909 30.960049 14.667037 )
xyz18=( -3.881043 28.726816 14.220905 )
xyz18=( -4.519098 30.961889 14.665726 )
xyz18=( -4.526354 30.963705 14.664392 )
xyz18=( -4.533679 30.965494 14.663034 )
xyz18=( -4.541075 30.967256 14.661650 )
xyz18=( -4.548543 30.968991 14.660241 )
xyz18=( -4.556086 30.970698 14.658806 )
xyz18=( -4.603015 30.980300 14.649599 )
xyz18=( -3.636651 29.020308 14.361887 )
xyz18=( -4.914474 31.000597 14.576730 )
xyz18=( -3.639325 29.015774 14.359986 )
xyz18=( -3.642030 29.011234 14.358076 )
xyz18=( -3.644766 29.006689 14.356157 )
xyz18=( -3.647533 29.002138 14.354228 )
xyz18=( -3.650332 28.997582 14.352290 )
xyz18=( -3.653163 28.993020 14.350342 )
xyz18=( -3.656027 28.988452 14.348384 )
xyz18=( -3.658923 28.983879 14.346417 )
xyz18=( -3.724469 28.891158 14.304812 )
xyz18=( -3.731910 28.881746 14.300390 )
xyz18=( -3.735699 28.877029 14.298160 )
xyz18=( -3.739534 28.872306 14.295915 )
xyz18=( -4.728160 30.997470 14.622762 )
xyz18=( -3.743415 28.867576 14.293658 )
xyz18=( -3.747344 28.862838 14.291386 )
xyz18=( -3.751322 28.858094 14.289100 )
xyz18=( -3.755348 28.853342 14.286800 )
xyz18=( -4.702598 30.994950 14.628511 )
xyz18=( -3.759425 28.848583 14.284485 )
xyz18=( -3.763553 28.843816 14.282156 )
xyz18=( -3.767733 28.839042 14.279811 )
xyz18=( -3.822329 28.781133 14.250389 )
xyz18=( -3.827286 28.776252 14.247820 )
xyz18=( -4.593776 30.978548 14.651449 )
xyz18=( -3.832311 28.771361 14.245231 )
xyz18=( -4.586576 30.977136 14.652878 )
xyz18=( -3.837407 28.766462 14.242622 )
xyz18=( -4.579324 30.975671 14.654306 )
xyz18=( -3.842575 28.761553 14.239992 )
xyz18=( -3.847817 28.756634 14.237341 )
xyz18=( -3.853135 28.751705 14.234668 )
xyz18=( -3.858532 28.746767 14.231973 )
xyz18=( -3.864007 28.741818 14.229255 )
xyz18=( -3.898665 28.711900 14.212431 )
xyz18=( -3.637744 29.018450 14.361109 )
xyz18=( -3.640425 29.013922 14.359208 )
xyz18=( -3.643138 29.009389 14.357298 )
xyz18=( -3.645881 29.004849 14.355378 )
xyz18=( -3.648656 29.000305 14.353449 )
xyz18=( -3.651462 28.995755 14.351511 )
xyz18=( -3.654301 28.991200 14.349563 )
xyz18=( -3.657172 28.986639 14.347605 )
xyz18=( -3.660076 28.982072 14.345637 )
xyz18=( -3.725768 28.889500 14.304036 )
xyz18=( -3.733224 28.880105 14.299615 )
xyz18=( -3.737020 28.875397 14.297385 )
xyz18=( -3.740861 28.870682 14.295142 )
xyz18=( -3.744750 28.865961 14.292884 )
xyz18=( -3.748686 28.861232 14.290613 )
xyz18=( -3.752670 28.856497 14.288328 )
xyz18=( -3.756704 28.851754 14.286029 )
xyz18=( -4.700437 30.994714 14.628990 )
xyz18=( -3.760788 28.847004 14.283715 )
xyz18=( -3.764923 28.842247 14.281386 )
xyz18=( -3.769109 28.837482 14.279042 )
xyz18=( -3.823784 28.779695 14.249634 )
xyz18=( -3.828746 28.774825 14.247066 )
xyz18=( -4.591679 30.978141 14.651866 )
xyz18=( -3.833777 28.769945 14.244479 )
xyz18=( -4.584485 30.976718 14.653291 )
xyz18=( -3.838879 28.765057 14.241871 )
xyz18=( -3.844053 28.760160 14.239243 )
xyz18=( -3.849301 28.755253 14.236593 )
xyz18=( -3.854625 28.750336 14.233922 )
xyz18=( -3.860026 28.745410 14.231229 )
xyz18=( -3.865508 28.740473 14.228513 )
xyz18=( -3.900195 28.710632 14.211703 )
