order:    [ 1 19 20 0 37 36 35 34 33 32 31 30 29 28 27 26 24 23 22 25 21 18 10 11 17 16 15 14 13 12 9 2 8 7 6 5 4 3 ]
atoms:    [ CA CA C N C CA N C CA N C CA N C CA N C CA N H HA N CA C C CA N C CA N N C C CA N C CA N ]
residues: [ 0 6 6 0 11 11 11 10 10 10 9 9 9 8 8 8 7 7 7 7 6 6 3 3 5 5 5 4 4 4 3 0 2 2 2 1 1 1 ]

We use a different pair of symbles to represent the bits values which are associated with the HA and H of the discretized distance, and another one to represent the bits of other hydrogens.
For the HA and H from the discretized distance:
	"+" means 0
	"-" means 1
For any other hydrogens:
	">" means 0
	"<" means 1

d_25_21=3.549382853333 s=[ 0 0 0 0 1 0 0 1 1 0 1 1 0 1 0 1 1 0 1 + + 1 1 0 0 0 0 0 0 0 0 0 0 0 0 0 1 0 ] xyz18=( -4.376334, 30.917261, 14.689560 )

d_25_21=3.593827297778 s=[ 0 0 0 0 1 0 0 1 1 0 1 1 0 1 0 1 1 0 1 + + 1 1 1 1 1 1 1 1 1 0 1 1 1 1 1 0 1 ] xyz18=( -4.521168, 30.962412, 14.665347 )

d_25_21=3.616049520000 s=[ 0 0 0 0 1 0 0 1 1 0 1 1 0 1 0 1 1 0 1 + + 1 0 0 0 0 0 0 0 0 1 1 1 1 1 1 0 1 ] xyz18=( -4.605056, 30.980678, 14.649188 )

d_25_21=3.549382853333 s=[ 0 0 0 0 1 0 0 1 1 0 1 1 0 1 0 1 1 0 1 - + 0 1 1 1 1 1 1 1 1 0 0 0 0 0 0 1 0 ] xyz18=( -3.995949, 28.639341, 14.168301 )

d_25_21=3.549382853333 s=[ 0 0 0 0 1 0 0 1 1 0 1 1 0 1 0 1 1 0 1 - + 1 1 0 0 0 0 0 0 0 0 0 0 0 0 0 1 0 ] xyz18=( -4.374261, 30.916484, 14.689871 )

d_25_21=3.593827297778 s=[ 0 0 0 0 1 0 0 1 1 0 1 1 0 1 0 1 1 0 1 - + 0 0 0 0 0 0 0 0 0 0 0 0 0 0 0 1 0 ] xyz18=( -3.881043, 28.726816, 14.220905 )

d_25_21=3.593827297778 s=[ 0 0 0 0 1 0 0 1 1 0 1 1 0 1 0 1 1 0 1 - + 1 1 1 1 1 1 1 1 1 0 1 1 1 1 1 0 1 ] xyz18=( -4.519098, 30.961889, 14.665726 )

d_25_21=3.616049520000 s=[ 0 0 0 0 1 0 0 1 1 0 1 1 0 1 0 1 1 0 1 - + 1 0 0 0 0 0 0 0 0 1 1 1 1 1 1 0 1 ] xyz18=( -4.603015, 30.980300, 14.649599 )

d_25_21=3.549382853333 s=[ 0 0 0 1 0 1 1 0 0 1 0 0 1 0 1 0 0 1 0 + - 0 0 1 1 1 1 1 1 1 1 1 1 1 1 1 0 1 ] xyz18=( -3.739534, 28.872306, 14.295915 )

d_25_21=3.549382853333 s=[ 0 0 0 1 0 1 1 0 0 1 0 0 1 0 1 0 0 1 0 + - 1 0 0 0 0 0 0 0 0 1 1 1 1 1 1 0 1 ] xyz18=( -4.728160, 30.997470, 14.622762 )

d_25_21=3.593827297778 s=[ 0 0 0 1 0 1 1 0 0 1 0 0 1 0 1 0 0 1 0 + - 0 0 0 0 0 0 0 0 0 1 0 0 0 0 0 1 0 ] xyz18=( -3.837407, 28.766462, 14.242622 )

d_25_21=3.593827297778 s=[ 0 0 0 1 0 1 1 0 0 1 0 0 1 0 1 0 0 1 0 + - 1 1 1 1 1 1 1 1 1 1 1 1 1 1 1 0 1 ] xyz18=( -4.579324, 30.975671, 14.654306 )

d_25_21=3.616049520000 s=[ 0 0 0 1 0 1 1 0 0 1 0 0 1 0 1 0 0 1 0 + - 0 1 1 1 1 1 1 1 1 0 0 0 0 0 0 1 0 ] xyz18=( -3.898665, 28.711900, 14.212431 )

d_25_21=3.549382853333 s=[ 0 0 0 1 0 1 1 0 0 1 0 0 1 0 1 0 0 1 0 - - 0 0 1 1 1 1 1 1 1 1 1 1 1 1 1 0 1 ] xyz18=( -3.740861, 28.870682, 14.295142 )

d_25_21=3.593827297778 s=[ 0 0 0 1 0 1 1 0 0 1 0 0 1 0 1 0 0 1 0 - - 0 0 0 0 0 0 0 0 0 1 0 0 0 0 0 1 0 ] xyz18=( -3.838879, 28.765057, 14.241871 )

d_25_21=3.616049520000 s=[ 0 0 0 1 0 1 1 0 0 1 0 0 1 0 1 0 0 1 0 - - 0 1 1 1 1 1 1 1 1 0 0 0 0 0 0 1 0 ] xyz18=( -3.900195, 28.710632, 14.211703 )

