d_25_21=3.484736388687 eijMax=8.459E-03 rmsd=2.414E-01 s=[ 0 0 0 0 1 0 0 1 1 0 1 1 0 1 0 1 1 0 1 0 0 1 0 1 1 1 1 1 1 1 0 1 1 1 1 1 0 1 ]
d_25_21=3.486756590707 eijMax=6.275E-03 rmsd=1.785E-01 s=[ 0 0 0 0 1 0 0 1 1 0 1 1 0 1 0 1 1 0 1 0 0 1 0 1 1 1 1 1 1 1 0 1 1 1 1 1 0 1 ]
d_25_21=3.488776792727 eijMax=4.082E-03 rmsd=1.157E-01 s=[ 0 0 0 0 1 0 0 1 1 0 1 1 0 1 0 1 1 0 1 0 0 1 0 1 1 1 1 1 1 1 0 1 1 1 1 1 0 1 ]
d_25_21=3.490796994747 eijMax=1.878E-03 rmsd=5.312E-02 s=[ 0 0 0 0 1 0 0 1 1 0 1 1 0 1 0 1 1 0 1 0 0 1 0 1 1 1 1 1 1 1 0 1 1 1 1 1 0 1 ]
d_25_21=3.492817196768 eijMax=3.365E-04 rmsd=9.630E-03 s=[ 0 0 0 0 1 0 0 1 1 0 1 1 0 1 0 1 1 0 1 0 0 1 0 1 1 1 1 1 1 1 0 1 1 1 1 1 0 1 ]
d_25_21=3.494837398788 eijMax=2.562E-03 rmsd=7.182E-02 s=[ 0 0 0 0 1 0 0 1 1 0 1 1 0 1 0 1 1 0 1 0 0 1 0 1 1 1 1 1 1 1 0 1 1 1 1 1 0 1 ]
d_25_21=3.496857600808 eijMax=4.799E-03 rmsd=1.341E-01 s=[ 0 0 0 0 1 0 0 1 1 0 1 1 0 1 0 1 1 0 1 0 0 1 0 1 1 1 1 1 1 1 0 1 1 1 1 1 0 1 ]
d_25_21=3.498877802828 eijMax=7.047E-03 rmsd=1.963E-01 s=[ 0 0 0 0 1 0 0 1 1 0 1 1 0 1 0 1 1 0 1 0 0 1 0 1 1 1 1 1 1 1 0 1 1 1 1 1 0 1 ]
d_25_21=3.500898004848 eijMax=9.308E-03 rmsd=2.585E-01 s=[ 0 0 0 0 1 0 0 1 1 0 1 1 0 1 0 1 1 0 1 0 0 1 0 1 1 1 1 1 1 1 0 1 1 1 1 1 0 1 ]
d_25_21=3.541302045253 eijMax=4.491E-04 rmsd=1.496E+01 s=[ 0 0 0 0 1 0 0 1 1 0 1 1 0 1 0 1 1 0 1 0 0 1 1 1 1 1 1 1 1 1 1 1 1 1 1 1 0 1 ]
d_25_21=3.545342449293 eijMax=8.296E-03 rmsd=1.468E+01 s=[ 0 0 0 0 1 0 0 1 1 0 1 1 0 1 0 1 1 0 1 0 0 1 1 0 0 0 0 0 0 0 0 0 0 0 0 0 1 0 ]
d_25_21=3.547362651313 eijMax=6.336E-03 rmsd=1.469E+01 s=[ 0 0 0 0 1 0 0 1 1 0 1 1 0 1 0 1 1 0 1 0 0 1 1 0 0 0 0 0 0 0 0 0 0 0 0 0 1 0 ]
d_25_21=3.549382853333 eijMax=4.383E-03 rmsd=1.471E+01 s=[ 0 0 0 0 1 0 0 1 1 0 1 1 0 1 0 1 1 0 1 0 0 1 1 0 0 0 0 0 0 0 0 0 0 0 0 0 1 0 ]
d_25_21=3.551403055354 eijMax=2.437E-03 rmsd=1.472E+01 s=[ 0 0 0 0 1 0 0 1 1 0 1 1 0 1 0 1 1 0 1 0 0 1 1 0 0 0 0 0 0 0 0 0 0 0 0 0 1 0 ]
d_25_21=3.553423257374 eijMax=4.954E-04 rmsd=1.474E+01 s=[ 0 0 0 0 1 0 0 1 1 0 1 1 0 1 0 1 1 0 1 0 0 1 1 0 0 0 0 0 0 0 0 0 0 0 0 0 1 0 ]
d_25_21=3.555443459394 eijMax=1.442E-03 rmsd=1.476E+01 s=[ 0 0 0 0 1 0 0 1 1 0 1 1 0 1 0 1 1 0 1 0 0 1 1 0 0 0 0 0 0 0 0 0 0 0 0 0 1 0 ]
d_25_21=3.557463661414 eijMax=1.481E-03 rmsd=1.344E+01 s=[ 0 0 0 0 1 0 0 1 1 0 1 1 0 1 0 1 1 0 1 0 0 0 0 0 0 0 0 0 0 0 1 1 1 1 1 1 0 1 ]
d_25_21=3.557463661414 eijMax=3.377E-03 rmsd=1.477E+01 s=[ 0 0 0 0 1 0 0 1 1 0 1 1 0 1 0 1 1 0 1 0 0 1 1 0 0 0 0 0 0 0 0 0 0 0 0 0 1 0 ]
d_25_21=3.559483863434 eijMax=5.311E-03 rmsd=1.479E+01 s=[ 0 0 0 0 1 0 0 1 1 0 1 1 0 1 0 1 1 0 1 0 0 1 1 0 0 0 0 0 0 0 0 0 0 0 0 0 1 0 ]
d_25_21=3.561504065455 eijMax=7.244E-03 rmsd=1.481E+01 s=[ 0 0 0 0 1 0 0 1 1 0 1 1 0 1 0 1 1 0 1 0 0 1 1 0 0 0 0 0 0 0 0 0 0 0 0 0 1 0 ]
d_25_21=3.563524267475 eijMax=9.178E-03 rmsd=1.482E+01 s=[ 0 0 0 0 1 0 0 1 1 0 1 1 0 1 0 1 1 0 1 0 0 1 1 0 0 0 0 0 0 0 0 0 0 0 0 0 1 0 ]
d_25_21=3.587766691717 eijMax=7.889E-03 rmsd=9.197E+00 s=[ 0 0 0 0 1 0 0 1 1 0 1 1 0 1 0 1 1 0 1 0 0 1 1 1 1 1 1 1 1 1 0 1 1 1 1 1 0 1 ]
d_25_21=3.589786893737 eijMax=5.115E-03 rmsd=1.633E+01 s=[ 0 0 0 0 1 0 0 1 1 0 1 1 0 1 0 1 1 0 1 0 0 0 0 0 0 0 0 0 0 0 0 0 0 0 0 0 1 0 ]
d_25_21=3.589786893737 eijMax=5.241E-03 rmsd=9.173E+00 s=[ 0 0 0 0 1 0 0 1 1 0 1 1 0 1 0 1 1 0 1 0 0 1 1 1 1 1 1 1 1 1 0 1 1 1 1 1 0 1 ]
d_25_21=3.591807095758 eijMax=3.242E-03 rmsd=1.636E+01 s=[ 0 0 0 0 1 0 0 1 1 0 1 1 0 1 0 1 1 0 1 0 0 0 0 0 0 0 0 0 0 0 0 0 0 0 0 0 1 0 ]
d_25_21=3.591807095758 eijMax=2.435E-03 rmsd=9.147E+00 s=[ 0 0 0 0 1 0 0 1 1 0 1 1 0 1 0 1 1 0 1 0 0 1 1 1 1 1 1 1 1 1 0 1 1 1 1 1 0 1 ]
d_25_21=3.593827297778 eijMax=5.455E-04 rmsd=9.120E+00 s=[ 0 0 0 0 1 0 0 1 1 0 1 1 0 1 0 1 1 0 1 0 0 1 1 1 1 1 1 1 1 1 0 1 1 1 1 1 0 1 ]
d_25_21=3.595847499798 eijMax=3.718E-03 rmsd=9.090E+00 s=[ 0 0 0 0 1 0 0 1 1 0 1 1 0 1 0 1 1 0 1 0 0 1 1 1 1 1 1 1 1 1 0 1 1 1 1 1 0 1 ]
d_25_21=3.597867701818 eijMax=7.102E-03 rmsd=9.059E+00 s=[ 0 0 0 0 1 0 0 1 1 0 1 1 0 1 0 1 1 0 1 0 0 1 1 1 1 1 1 1 1 1 0 1 1 1 1 1 0 1 ]
d_25_21=3.599887903838 eijMax=8.680E-03 rmsd=7.225E+00 s=[ 0 0 0 0 1 0 0 1 1 0 1 1 0 1 0 1 1 0 1 0 0 1 0 0 0 0 0 0 0 0 0 1 1 1 1 1 0 1 ]
d_25_21=3.601908105859 eijMax=9.455E-04 rmsd=7.269E+00 s=[ 0 0 0 0 1 0 0 1 1 0 1 1 0 1 0 1 1 0 1 0 0 1 0 0 0 0 0 0 0 0 0 1 1 1 1 1 0 1 ]
d_25_21=3.603928307879 eijMax=6.837E-03 rmsd=7.314E+00 s=[ 0 0 0 0 1 0 0 1 1 0 1 1 0 1 0 1 1 0 1 0 0 1 0 0 0 0 0 0 0 0 0 1 1 1 1 1 0 1 ]
d_25_21=3.616049520000 eijMax=5.758E-03 rmsd=1.568E+01 s=[ 0 0 0 0 1 0 0 1 1 0 1 1 0 1 0 1 1 0 1 0 0 1 0 0 0 0 0 0 0 0 1 1 1 1 1 1 0 1 ]
d_25_21=3.484736388687 eijMax=3.501E-03 rmsd=1.864E+01 s=[ 0 0 0 0 1 0 0 1 1 0 1 1 0 1 0 1 1 0 1 1 0 0 0 0 0 0 0 0 0 0 0 1 1 1 1 1 0 1 ]
d_25_21=3.484736388687 eijMax=9.353E-03 rmsd=2.670E-01 s=[ 0 0 0 0 1 0 0 1 1 0 1 1 0 1 0 1 1 0 1 1 0 1 0 1 1 1 1 1 1 1 0 1 1 1 1 1 0 1 ]
d_25_21=3.486756590707 eijMax=7.169E-03 rmsd=2.039E-01 s=[ 0 0 0 0 1 0 0 1 1 0 1 1 0 1 0 1 1 0 1 1 0 1 0 1 1 1 1 1 1 1 0 1 1 1 1 1 0 1 ]
d_25_21=3.488776792727 eijMax=4.976E-03 rmsd=1.409E-01 s=[ 0 0 0 0 1 0 0 1 1 0 1 1 0 1 0 1 1 0 1 1 0 1 0 1 1 1 1 1 1 1 0 1 1 1 1 1 0 1 ]
d_25_21=3.490796994747 eijMax=2.772E-03 rmsd=7.814E-02 s=[ 0 0 0 0 1 0 0 1 1 0 1 1 0 1 0 1 1 0 1 1 0 1 0 1 1 1 1 1 1 1 0 1 1 1 1 1 0 1 ]
d_25_21=3.492817196768 eijMax=5.577E-04 rmsd=1.559E-02 s=[ 0 0 0 0 1 0 0 1 1 0 1 1 0 1 0 1 1 0 1 1 0 1 0 1 1 1 1 1 1 1 0 1 1 1 1 1 0 1 ]
d_25_21=3.494837398788 eijMax=1.668E-03 rmsd=4.714E-02 s=[ 0 0 0 0 1 0 0 1 1 0 1 1 0 1 0 1 1 0 1 1 0 1 0 1 1 1 1 1 1 1 0 1 1 1 1 1 0 1 ]
d_25_21=3.496857600808 eijMax=3.904E-03 rmsd=1.096E-01 s=[ 0 0 0 0 1 0 0 1 1 0 1 1 0 1 0 1 1 0 1 1 0 1 0 1 1 1 1 1 1 1 0 1 1 1 1 1 0 1 ]
d_25_21=3.498877802828 eijMax=6.152E-03 rmsd=1.719E-01 s=[ 0 0 0 0 1 0 0 1 1 0 1 1 0 1 0 1 1 0 1 1 0 1 0 1 1 1 1 1 1 1 0 1 1 1 1 1 0 1 ]
d_25_21=3.500898004848 eijMax=8.412E-03 rmsd=2.342E-01 s=[ 0 0 0 0 1 0 0 1 1 0 1 1 0 1 0 1 1 0 1 1 0 1 0 1 1 1 1 1 1 1 0 1 1 1 1 1 0 1 ]
d_25_21=3.541302045253 eijMax=5.012E-03 rmsd=1.497E+01 s=[ 0 0 0 0 1 0 0 1 1 0 1 1 0 1 0 1 1 0 1 1 0 1 1 1 1 1 1 1 1 1 1 1 1 1 1 1 0 1 ]
d_25_21=3.545342449293 eijMax=8.982E-03 rmsd=1.467E+01 s=[ 0 0 0 0 1 0 0 1 1 0 1 1 0 1 0 1 1 0 1 1 0 1 1 0 0 0 0 0 0 0 0 0 0 0 0 0 1 0 ]
d_25_21=3.547362651313 eijMax=7.014E-03 rmsd=1.469E+01 s=[ 0 0 0 0 1 0 0 1 1 0 1 1 0 1 0 1 1 0 1 1 0 1 1 0 0 0 0 0 0 0 0 0 0 0 0 0 1 0 ]
d_25_21=3.549382853333 eijMax=9.530E-04 rmsd=1.662E+01 s=[ 0 0 0 0 1 0 0 1 1 0 1 1 0 1 0 1 1 0 1 1 0 0 1 1 1 1 1 1 1 1 0 0 0 0 0 0 1 0 ]
d_25_21=3.549382853333 eijMax=5.055E-03 rmsd=1.470E+01 s=[ 0 0 0 0 1 0 0 1 1 0 1 1 0 1 0 1 1 0 1 1 0 1 1 0 0 0 0 0 0 0 0 0 0 0 0 0 1 0 ]
d_25_21=3.551403055354 eijMax=3.102E-03 rmsd=1.472E+01 s=[ 0 0 0 0 1 0 0 1 1 0 1 1 0 1 0 1 1 0 1 1 0 1 1 0 0 0 0 0 0 0 0 0 0 0 0 0 1 0 ]
d_25_21=3.553423257374 eijMax=1.154E-03 rmsd=1.474E+01 s=[ 0 0 0 0 1 0 0 1 1 0 1 1 0 1 0 1 1 0 1 1 0 1 1 0 0 0 0 0 0 0 0 0 0 0 0 0 1 0 ]
d_25_21=3.555443459394 eijMax=7.893E-04 rmsd=1.475E+01 s=[ 0 0 0 0 1 0 0 1 1 0 1 1 0 1 0 1 1 0 1 1 0 1 1 0 0 0 0 0 0 0 0 0 0 0 0 0 1 0 ]
d_25_21=3.557463661414 eijMax=8.924E-03 rmsd=1.342E+01 s=[ 0 0 0 0 1 0 0 1 1 0 1 1 0 1 0 1 1 0 1 1 0 0 0 0 0 0 0 0 0 0 1 1 1 1 1 1 0 1 ]
d_25_21=3.557463661414 eijMax=2.730E-03 rmsd=1.477E+01 s=[ 0 0 0 0 1 0 0 1 1 0 1 1 0 1 0 1 1 0 1 1 0 1 1 0 0 0 0 0 0 0 0 0 0 0 0 0 1 0 ]
d_25_21=3.559483863434 eijMax=4.668E-03 rmsd=1.478E+01 s=[ 0 0 0 0 1 0 0 1 1 0 1 1 0 1 0 1 1 0 1 1 0 1 1 0 0 0 0 0 0 0 0 0 0 0 0 0 1 0 ]
d_25_21=3.561504065455 eijMax=6.606E-03 rmsd=1.480E+01 s=[ 0 0 0 0 1 0 0 1 1 0 1 1 0 1 0 1 1 0 1 1 0 1 1 0 0 0 0 0 0 0 0 0 0 0 0 0 1 0 ]
d_25_21=3.563524267475 eijMax=8.545E-03 rmsd=1.482E+01 s=[ 0 0 0 0 1 0 0 1 1 0 1 1 0 1 0 1 1 0 1 1 0 1 1 0 0 0 0 0 0 0 0 0 0 0 0 0 1 0 ]
d_25_21=3.587766691717 eijMax=8.643E-03 rmsd=9.204E+00 s=[ 0 0 0 0 1 0 0 1 1 0 1 1 0 1 0 1 1 0 1 1 0 1 1 1 1 1 1 1 1 1 0 1 1 1 1 1 0 1 ]
d_25_21=3.589786893737 eijMax=7.595E-03 rmsd=1.632E+01 s=[ 0 0 0 0 1 0 0 1 1 0 1 1 0 1 0 1 1 0 1 1 0 0 0 0 0 0 0 0 0 0 0 0 0 0 0 0 1 0 ]
d_25_21=3.589786893737 eijMax=6.032E-03 rmsd=9.181E+00 s=[ 0 0 0 0 1 0 0 1 1 0 1 1 0 1 0 1 1 0 1 1 0 1 1 1 1 1 1 1 1 1 0 1 1 1 1 1 0 1 ]
d_25_21=3.591807095758 eijMax=8.362E-04 rmsd=1.635E+01 s=[ 0 0 0 0 1 0 0 1 1 0 1 1 0 1 0 1 1 0 1 1 0 0 0 0 0 0 0 0 0 0 0 0 0 0 0 0 1 0 ]
d_25_21=3.591807095758 eijMax=3.266E-03 rmsd=9.155E+00 s=[ 0 0 0 0 1 0 0 1 1 0 1 1 0 1 0 1 1 0 1 1 0 1 1 1 1 1 1 1 1 1 0 1 1 1 1 1 0 1 ]
d_25_21=3.593827297778 eijMax=9.099E-03 rmsd=1.637E+01 s=[ 0 0 0 0 1 0 0 1 1 0 1 1 0 1 0 1 1 0 1 1 0 0 0 0 0 0 0 0 0 0 0 0 0 0 0 0 1 0 ]
d_25_21=3.593827297778 eijMax=3.291E-04 rmsd=9.128E+00 s=[ 0 0 0 0 1 0 0 1 1 0 1 1 0 1 0 1 1 0 1 1 0 1 1 1 1 1 1 1 1 1 0 1 1 1 1 1 0 1 ]
d_25_21=3.595847499798 eijMax=2.796E-03 rmsd=9.099E+00 s=[ 0 0 0 0 1 0 0 1 1 0 1 1 0 1 0 1 1 0 1 1 0 1 1 1 1 1 1 1 1 1 0 1 1 1 1 1 0 1 ]
d_25_21=3.597867701818 eijMax=6.128E-03 rmsd=9.068E+00 s=[ 0 0 0 0 1 0 0 1 1 0 1 1 0 1 0 1 1 0 1 1 0 1 1 1 1 1 1 1 1 1 0 1 1 1 1 1 0 1 ]
d_25_21=3.599887903838 eijMax=9.688E-03 rmsd=9.035E+00 s=[ 0 0 0 0 1 0 0 1 1 0 1 1 0 1 0 1 1 0 1 1 0 1 1 1 1 1 1 1 1 1 0 1 1 1 1 1 0 1 ]
d_25_21=3.601908105859 eijMax=3.079E-03 rmsd=7.257E+00 s=[ 0 0 0 0 1 0 0 1 1 0 1 1 0 1 0 1 1 0 1 1 0 1 0 0 0 0 0 0 0 0 0 1 1 1 1 1 0 1 ]
d_25_21=3.603928307879 eijMax=4.713E-03 rmsd=7.302E+00 s=[ 0 0 0 0 1 0 0 1 1 0 1 1 0 1 0 1 1 0 1 1 0 1 0 0 0 0 0 0 0 0 0 1 1 1 1 1 0 1 ]
d_25_21=3.616049520000 eijMax=3.490E-03 rmsd=1.569E+01 s=[ 0 0 0 0 1 0 0 1 1 0 1 1 0 1 0 1 1 0 1 1 0 1 0 0 0 0 0 0 0 0 1 1 1 1 1 1 0 1 ]
d_25_21=3.484736388687 eijMax=9.353E-03 rmsd=2.670E-01 s=[ 0 0 0 1 0 1 1 0 0 1 0 0 1 0 1 0 0 1 0 0 1 0 1 0 0 0 0 0 0 0 1 0 0 0 0 0 1 0 ]
d_25_21=3.484736388687 eijMax=3.501E-03 rmsd=1.864E+01 s=[ 0 0 0 1 0 1 1 0 0 1 0 0 1 0 1 0 0 1 0 0 1 1 1 1 1 1 1 1 1 1 1 0 0 0 0 0 1 0 ]
d_25_21=3.486756590707 eijMax=7.169E-03 rmsd=2.039E-01 s=[ 0 0 0 1 0 1 1 0 0 1 0 0 1 0 1 0 0 1 0 0 1 0 1 0 0 0 0 0 0 0 1 0 0 0 0 0 1 0 ]
d_25_21=3.488776792727 eijMax=4.976E-03 rmsd=1.409E-01 s=[ 0 0 0 1 0 1 1 0 0 1 0 0 1 0 1 0 0 1 0 0 1 0 1 0 0 0 0 0 0 0 1 0 0 0 0 0 1 0 ]
d_25_21=3.490796994747 eijMax=2.772E-03 rmsd=7.814E-02 s=[ 0 0 0 1 0 1 1 0 0 1 0 0 1 0 1 0 0 1 0 0 1 0 1 0 0 0 0 0 0 0 1 0 0 0 0 0 1 0 ]
d_25_21=3.492817196768 eijMax=5.577E-04 rmsd=1.559E-02 s=[ 0 0 0 1 0 1 1 0 0 1 0 0 1 0 1 0 0 1 0 0 1 0 1 0 0 0 0 0 0 0 1 0 0 0 0 0 1 0 ]
d_25_21=3.494837398788 eijMax=1.668E-03 rmsd=4.714E-02 s=[ 0 0 0 1 0 1 1 0 0 1 0 0 1 0 1 0 0 1 0 0 1 0 1 0 0 0 0 0 0 0 1 0 0 0 0 0 1 0 ]
d_25_21=3.496857600808 eijMax=3.904E-03 rmsd=1.096E-01 s=[ 0 0 0 1 0 1 1 0 0 1 0 0 1 0 1 0 0 1 0 0 1 0 1 0 0 0 0 0 0 0 1 0 0 0 0 0 1 0 ]
d_25_21=3.498877802828 eijMax=6.152E-03 rmsd=1.719E-01 s=[ 0 0 0 1 0 1 1 0 0 1 0 0 1 0 1 0 0 1 0 0 1 0 1 0 0 0 0 0 0 0 1 0 0 0 0 0 1 0 ]
d_25_21=3.500898004848 eijMax=8.412E-03 rmsd=2.342E-01 s=[ 0 0 0 1 0 1 1 0 0 1 0 0 1 0 1 0 0 1 0 0 1 0 1 0 0 0 0 0 0 0 1 0 0 0 0 0 1 0 ]
d_25_21=3.541302045253 eijMax=5.012E-03 rmsd=1.497E+01 s=[ 0 0 0 1 0 1 1 0 0 1 0 0 1 0 1 0 0 1 0 0 1 0 0 0 0 0 0 0 0 0 0 0 0 0 0 0 1 0 ]
d_25_21=3.545342449293 eijMax=8.982E-03 rmsd=1.467E+01 s=[ 0 0 0 1 0 1 1 0 0 1 0 0 1 0 1 0 0 1 0 0 1 0 0 1 1 1 1 1 1 1 1 1 1 1 1 1 0 1 ]
d_25_21=3.547362651313 eijMax=7.014E-03 rmsd=1.469E+01 s=[ 0 0 0 1 0 1 1 0 0 1 0 0 1 0 1 0 0 1 0 0 1 0 0 1 1 1 1 1 1 1 1 1 1 1 1 1 0 1 ]
d_25_21=3.549382853333 eijMax=5.055E-03 rmsd=1.470E+01 s=[ 0 0 0 1 0 1 1 0 0 1 0 0 1 0 1 0 0 1 0 0 1 0 0 1 1 1 1 1 1 1 1 1 1 1 1 1 0 1 ]
d_25_21=3.549382853333 eijMax=9.530E-04 rmsd=1.662E+01 s=[ 0 0 0 1 0 1 1 0 0 1 0 0 1 0 1 0 0 1 0 0 1 1 0 0 0 0 0 0 0 0 1 1 1 1 1 1 0 1 ]
d_25_21=3.551403055354 eijMax=3.102E-03 rmsd=1.472E+01 s=[ 0 0 0 1 0 1 1 0 0 1 0 0 1 0 1 0 0 1 0 0 1 0 0 1 1 1 1 1 1 1 1 1 1 1 1 1 0 1 ]
d_25_21=3.553423257374 eijMax=1.154E-03 rmsd=1.474E+01 s=[ 0 0 0 1 0 1 1 0 0 1 0 0 1 0 1 0 0 1 0 0 1 0 0 1 1 1 1 1 1 1 1 1 1 1 1 1 0 1 ]
d_25_21=3.555443459394 eijMax=7.893E-04 rmsd=1.475E+01 s=[ 0 0 0 1 0 1 1 0 0 1 0 0 1 0 1 0 0 1 0 0 1 0 0 1 1 1 1 1 1 1 1 1 1 1 1 1 0 1 ]
d_25_21=3.557463661414 eijMax=2.730E-03 rmsd=1.477E+01 s=[ 0 0 0 1 0 1 1 0 0 1 0 0 1 0 1 0 0 1 0 0 1 0 0 1 1 1 1 1 1 1 1 1 1 1 1 1 0 1 ]
d_25_21=3.557463661414 eijMax=8.924E-03 rmsd=1.342E+01 s=[ 0 0 0 1 0 1 1 0 0 1 0 0 1 0 1 0 0 1 0 0 1 1 1 1 1 1 1 1 1 1 0 0 0 0 0 0 1 0 ]
d_25_21=3.559483863434 eijMax=4.668E-03 rmsd=1.478E+01 s=[ 0 0 0 1 0 1 1 0 0 1 0 0 1 0 1 0 0 1 0 0 1 0 0 1 1 1 1 1 1 1 1 1 1 1 1 1 0 1 ]
d_25_21=3.561504065455 eijMax=6.606E-03 rmsd=1.480E+01 s=[ 0 0 0 1 0 1 1 0 0 1 0 0 1 0 1 0 0 1 0 0 1 0 0 1 1 1 1 1 1 1 1 1 1 1 1 1 0 1 ]
d_25_21=3.563524267475 eijMax=8.545E-03 rmsd=1.482E+01 s=[ 0 0 0 1 0 1 1 0 0 1 0 0 1 0 1 0 0 1 0 0 1 0 0 1 1 1 1 1 1 1 1 1 1 1 1 1 0 1 ]
d_25_21=3.587766691717 eijMax=8.643E-03 rmsd=9.204E+00 s=[ 0 0 0 1 0 1 1 0 0 1 0 0 1 0 1 0 0 1 0 0 1 0 0 0 0 0 0 0 0 0 1 0 0 0 0 0 1 0 ]
d_25_21=3.589786893737 eijMax=6.032E-03 rmsd=9.181E+00 s=[ 0 0 0 1 0 1 1 0 0 1 0 0 1 0 1 0 0 1 0 0 1 0 0 0 0 0 0 0 0 0 1 0 0 0 0 0 1 0 ]
d_25_21=3.589786893737 eijMax=7.595E-03 rmsd=1.632E+01 s=[ 0 0 0 1 0 1 1 0 0 1 0 0 1 0 1 0 0 1 0 0 1 1 1 1 1 1 1 1 1 1 1 1 1 1 1 1 0 1 ]
d_25_21=3.591807095758 eijMax=3.266E-03 rmsd=9.155E+00 s=[ 0 0 0 1 0 1 1 0 0 1 0 0 1 0 1 0 0 1 0 0 1 0 0 0 0 0 0 0 0 0 1 0 0 0 0 0 1 0 ]
d_25_21=3.591807095758 eijMax=8.362E-04 rmsd=1.635E+01 s=[ 0 0 0 1 0 1 1 0 0 1 0 0 1 0 1 0 0 1 0 0 1 1 1 1 1 1 1 1 1 1 1 1 1 1 1 1 0 1 ]
d_25_21=3.593827297778 eijMax=3.291E-04 rmsd=9.128E+00 s=[ 0 0 0 1 0 1 1 0 0 1 0 0 1 0 1 0 0 1 0 0 1 0 0 0 0 0 0 0 0 0 1 0 0 0 0 0 1 0 ]
d_25_21=3.593827297778 eijMax=9.099E-03 rmsd=1.637E+01 s=[ 0 0 0 1 0 1 1 0 0 1 0 0 1 0 1 0 0 1 0 0 1 1 1 1 1 1 1 1 1 1 1 1 1 1 1 1 0 1 ]
d_25_21=3.595847499798 eijMax=2.796E-03 rmsd=9.099E+00 s=[ 0 0 0 1 0 1 1 0 0 1 0 0 1 0 1 0 0 1 0 0 1 0 0 0 0 0 0 0 0 0 1 0 0 0 0 0 1 0 ]
d_25_21=3.597867701818 eijMax=6.128E-03 rmsd=9.068E+00 s=[ 0 0 0 1 0 1 1 0 0 1 0 0 1 0 1 0 0 1 0 0 1 0 0 0 0 0 0 0 0 0 1 0 0 0 0 0 1 0 ]
d_25_21=3.599887903838 eijMax=9.688E-03 rmsd=9.035E+00 s=[ 0 0 0 1 0 1 1 0 0 1 0 0 1 0 1 0 0 1 0 0 1 0 0 0 0 0 0 0 0 0 1 0 0 0 0 0 1 0 ]
d_25_21=3.601908105859 eijMax=3.079E-03 rmsd=7.257E+00 s=[ 0 0 0 1 0 1 1 0 0 1 0 0 1 0 1 0 0 1 0 0 1 0 1 1 1 1 1 1 1 1 1 0 0 0 0 0 1 0 ]
d_25_21=3.603928307879 eijMax=4.713E-03 rmsd=7.302E+00 s=[ 0 0 0 1 0 1 1 0 0 1 0 0 1 0 1 0 0 1 0 0 1 0 1 1 1 1 1 1 1 1 1 0 0 0 0 0 1 0 ]
d_25_21=3.616049520000 eijMax=3.490E-03 rmsd=1.569E+01 s=[ 0 0 0 1 0 1 1 0 0 1 0 0 1 0 1 0 0 1 0 0 1 0 1 1 1 1 1 1 1 1 0 0 0 0 0 0 1 0 ]
d_25_21=3.484736388687 eijMax=8.459E-03 rmsd=2.414E-01 s=[ 0 0 0 1 0 1 1 0 0 1 0 0 1 0 1 0 0 1 0 1 1 0 1 0 0 0 0 0 0 0 1 0 0 0 0 0 1 0 ]
d_25_21=3.486756590707 eijMax=6.275E-03 rmsd=1.785E-01 s=[ 0 0 0 1 0 1 1 0 0 1 0 0 1 0 1 0 0 1 0 1 1 0 1 0 0 0 0 0 0 0 1 0 0 0 0 0 1 0 ]
d_25_21=3.488776792727 eijMax=4.082E-03 rmsd=1.157E-01 s=[ 0 0 0 1 0 1 1 0 0 1 0 0 1 0 1 0 0 1 0 1 1 0 1 0 0 0 0 0 0 0 1 0 0 0 0 0 1 0 ]
d_25_21=3.490796994747 eijMax=1.878E-03 rmsd=5.312E-02 s=[ 0 0 0 1 0 1 1 0 0 1 0 0 1 0 1 0 0 1 0 1 1 0 1 0 0 0 0 0 0 0 1 0 0 0 0 0 1 0 ]
d_25_21=3.492817196768 eijMax=3.365E-04 rmsd=9.630E-03 s=[ 0 0 0 1 0 1 1 0 0 1 0 0 1 0 1 0 0 1 0 1 1 0 1 0 0 0 0 0 0 0 1 0 0 0 0 0 1 0 ]
d_25_21=3.494837398788 eijMax=2.562E-03 rmsd=7.182E-02 s=[ 0 0 0 1 0 1 1 0 0 1 0 0 1 0 1 0 0 1 0 1 1 0 1 0 0 0 0 0 0 0 1 0 0 0 0 0 1 0 ]
d_25_21=3.496857600808 eijMax=4.799E-03 rmsd=1.341E-01 s=[ 0 0 0 1 0 1 1 0 0 1 0 0 1 0 1 0 0 1 0 1 1 0 1 0 0 0 0 0 0 0 1 0 0 0 0 0 1 0 ]
d_25_21=3.498877802828 eijMax=7.047E-03 rmsd=1.963E-01 s=[ 0 0 0 1 0 1 1 0 0 1 0 0 1 0 1 0 0 1 0 1 1 0 1 0 0 0 0 0 0 0 1 0 0 0 0 0 1 0 ]
d_25_21=3.500898004848 eijMax=9.308E-03 rmsd=2.585E-01 s=[ 0 0 0 1 0 1 1 0 0 1 0 0 1 0 1 0 0 1 0 1 1 0 1 0 0 0 0 0 0 0 1 0 0 0 0 0 1 0 ]
d_25_21=3.541302045253 eijMax=4.491E-04 rmsd=1.496E+01 s=[ 0 0 0 1 0 1 1 0 0 1 0 0 1 0 1 0 0 1 0 1 1 0 0 0 0 0 0 0 0 0 0 0 0 0 0 0 1 0 ]
d_25_21=3.545342449293 eijMax=8.296E-03 rmsd=1.468E+01 s=[ 0 0 0 1 0 1 1 0 0 1 0 0 1 0 1 0 0 1 0 1 1 0 0 1 1 1 1 1 1 1 1 1 1 1 1 1 0 1 ]
d_25_21=3.547362651313 eijMax=6.336E-03 rmsd=1.469E+01 s=[ 0 0 0 1 0 1 1 0 0 1 0 0 1 0 1 0 0 1 0 1 1 0 0 1 1 1 1 1 1 1 1 1 1 1 1 1 0 1 ]
d_25_21=3.549382853333 eijMax=4.383E-03 rmsd=1.471E+01 s=[ 0 0 0 1 0 1 1 0 0 1 0 0 1 0 1 0 0 1 0 1 1 0 0 1 1 1 1 1 1 1 1 1 1 1 1 1 0 1 ]
d_25_21=3.551403055354 eijMax=2.437E-03 rmsd=1.472E+01 s=[ 0 0 0 1 0 1 1 0 0 1 0 0 1 0 1 0 0 1 0 1 1 0 0 1 1 1 1 1 1 1 1 1 1 1 1 1 0 1 ]
d_25_21=3.553423257374 eijMax=4.954E-04 rmsd=1.474E+01 s=[ 0 0 0 1 0 1 1 0 0 1 0 0 1 0 1 0 0 1 0 1 1 0 0 1 1 1 1 1 1 1 1 1 1 1 1 1 0 1 ]
d_25_21=3.555443459394 eijMax=1.442E-03 rmsd=1.476E+01 s=[ 0 0 0 1 0 1 1 0 0 1 0 0 1 0 1 0 0 1 0 1 1 0 0 1 1 1 1 1 1 1 1 1 1 1 1 1 0 1 ]
d_25_21=3.557463661414 eijMax=3.377E-03 rmsd=1.477E+01 s=[ 0 0 0 1 0 1 1 0 0 1 0 0 1 0 1 0 0 1 0 1 1 0 0 1 1 1 1 1 1 1 1 1 1 1 1 1 0 1 ]
d_25_21=3.557463661414 eijMax=1.481E-03 rmsd=1.344E+01 s=[ 0 0 0 1 0 1 1 0 0 1 0 0 1 0 1 0 0 1 0 1 1 1 1 1 1 1 1 1 1 1 0 0 0 0 0 0 1 0 ]
d_25_21=3.559483863434 eijMax=5.311E-03 rmsd=1.479E+01 s=[ 0 0 0 1 0 1 1 0 0 1 0 0 1 0 1 0 0 1 0 1 1 0 0 1 1 1 1 1 1 1 1 1 1 1 1 1 0 1 ]
d_25_21=3.561504065455 eijMax=7.244E-03 rmsd=1.481E+01 s=[ 0 0 0 1 0 1 1 0 0 1 0 0 1 0 1 0 0 1 0 1 1 0 0 1 1 1 1 1 1 1 1 1 1 1 1 1 0 1 ]
d_25_21=3.563524267475 eijMax=9.178E-03 rmsd=1.482E+01 s=[ 0 0 0 1 0 1 1 0 0 1 0 0 1 0 1 0 0 1 0 1 1 0 0 1 1 1 1 1 1 1 1 1 1 1 1 1 0 1 ]
d_25_21=3.587766691717 eijMax=7.889E-03 rmsd=9.197E+00 s=[ 0 0 0 1 0 1 1 0 0 1 0 0 1 0 1 0 0 1 0 1 1 0 0 0 0 0 0 0 0 0 1 0 0 0 0 0 1 0 ]
d_25_21=3.589786893737 eijMax=5.241E-03 rmsd=9.173E+00 s=[ 0 0 0 1 0 1 1 0 0 1 0 0 1 0 1 0 0 1 0 1 1 0 0 0 0 0 0 0 0 0 1 0 0 0 0 0 1 0 ]
d_25_21=3.589786893737 eijMax=5.115E-03 rmsd=1.633E+01 s=[ 0 0 0 1 0 1 1 0 0 1 0 0 1 0 1 0 0 1 0 1 1 1 1 1 1 1 1 1 1 1 1 1 1 1 1 1 0 1 ]
d_25_21=3.591807095758 eijMax=2.435E-03 rmsd=9.147E+00 s=[ 0 0 0 1 0 1 1 0 0 1 0 0 1 0 1 0 0 1 0 1 1 0 0 0 0 0 0 0 0 0 1 0 0 0 0 0 1 0 ]
d_25_21=3.591807095758 eijMax=3.242E-03 rmsd=1.636E+01 s=[ 0 0 0 1 0 1 1 0 0 1 0 0 1 0 1 0 0 1 0 1 1 1 1 1 1 1 1 1 1 1 1 1 1 1 1 1 0 1 ]
d_25_21=3.593827297778 eijMax=5.455E-04 rmsd=9.120E+00 s=[ 0 0 0 1 0 1 1 0 0 1 0 0 1 0 1 0 0 1 0 1 1 0 0 0 0 0 0 0 0 0 1 0 0 0 0 0 1 0 ]
d_25_21=3.595847499798 eijMax=3.718E-03 rmsd=9.090E+00 s=[ 0 0 0 1 0 1 1 0 0 1 0 0 1 0 1 0 0 1 0 1 1 0 0 0 0 0 0 0 0 0 1 0 0 0 0 0 1 0 ]
d_25_21=3.597867701818 eijMax=7.102E-03 rmsd=9.059E+00 s=[ 0 0 0 1 0 1 1 0 0 1 0 0 1 0 1 0 0 1 0 1 1 0 0 0 0 0 0 0 0 0 1 0 0 0 0 0 1 0 ]
d_25_21=3.599887903838 eijMax=8.680E-03 rmsd=7.225E+00 s=[ 0 0 0 1 0 1 1 0 0 1 0 0 1 0 1 0 0 1 0 1 1 0 1 1 1 1 1 1 1 1 1 0 0 0 0 0 1 0 ]
d_25_21=3.601908105859 eijMax=9.455E-04 rmsd=7.269E+00 s=[ 0 0 0 1 0 1 1 0 0 1 0 0 1 0 1 0 0 1 0 1 1 0 1 1 1 1 1 1 1 1 1 0 0 0 0 0 1 0 ]
d_25_21=3.603928307879 eijMax=6.837E-03 rmsd=7.314E+00 s=[ 0 0 0 1 0 1 1 0 0 1 0 0 1 0 1 0 0 1 0 1 1 0 1 1 1 1 1 1 1 1 1 0 0 0 0 0 1 0 ]
d_25_21=3.616049520000 eijMax=5.758E-03 rmsd=1.568E+01 s=[ 0 0 0 1 0 1 1 0 0 1 0 0 1 0 1 0 0 1 0 1 1 0 1 1 1 1 1 1 1 1 0 0 0 0 0 0 1 0 ]
num ..... 100
nnodes .. 38
nedges .. 271
nsols ... 138
tsecs ... 8.817945
