xyz18=( 28.777093 17.907339 72.154078 )
xyz18=( 28.777238 17.907073 72.153932 )
xyz18=( 28.777383 17.906807 72.153786 )
xyz18=( 28.777528 17.906541 72.153641 )
xyz18=( 28.777673 17.906274 72.153495 )
xyz18=( 28.777817 17.906008 72.153349 )
xyz18=( 28.777962 17.905742 72.153203 )
xyz18=( 28.778107 17.905475 72.153058 )
xyz18=( 28.778251 17.905209 72.152912 )
xyz18=( 28.778396 17.904942 72.152766 )
xyz18=( 28.778541 17.904675 72.152621 )
xyz18=( 28.778685 17.904409 72.152475 )
xyz18=( 28.778829 17.904142 72.152329 )
xyz18=( 28.778974 17.903875 72.152184 )
xyz18=( 28.779118 17.903609 72.152038 )
xyz18=( 28.779262 17.903342 72.151893 )
xyz18=( 28.779406 17.903075 72.151747 )
xyz18=( 28.420651 16.246251 71.840051 )
xyz18=( 28.420901 16.246471 71.839997 )
xyz18=( 28.421151 16.246690 71.839943 )
xyz18=( 28.421400 16.246910 71.839889 )
xyz18=( 28.421650 16.247130 71.839835 )
xyz18=( 28.421900 16.247350 71.839781 )
xyz18=( 28.422149 16.247570 71.839727 )
xyz18=( 28.422399 16.247790 71.839673 )
xyz18=( 28.422648 16.248011 71.839619 )
xyz18=( 28.422898 16.248231 71.839565 )
xyz18=( 28.423147 16.248451 71.839512 )
xyz18=( 28.423396 16.248672 71.839458 )
xyz18=( 28.423646 16.248892 71.839404 )
xyz18=( 28.423895 16.249113 71.839350 )
xyz18=( 28.424144 16.249333 71.839297 )
xyz18=( 28.424393 16.249554 71.839243 )
xyz18=( 28.424643 16.249775 71.839190 )
xyz18=( 28.424892 16.249996 71.839136 )
xyz18=( 28.425141 16.250216 71.839083 )
xyz18=( 28.425390 16.250437 71.839029 )
xyz18=( 28.425639 16.250658 71.838976 )
xyz18=( 28.425888 16.250879 71.838922 )
xyz18=( 28.426137 16.251101 71.838869 )
xyz18=( 28.426385 16.251322 71.838816 )
xyz18=( 28.426634 16.251543 71.838763 )
xyz18=( 28.426883 16.251764 71.838709 )
xyz18=( 28.427132 16.251986 71.838656 )
xyz18=( 28.427380 16.252207 71.838603 )
xyz18=( 28.427629 16.252429 71.838550 )
xyz18=( 28.427878 16.252650 71.838497 )
xyz18=( 28.428126 16.252872 71.838444 )
xyz18=( 28.428375 16.253094 71.838391 )
xyz18=( 28.428623 16.253315 71.838338 )
xyz18=( 28.428872 16.253537 71.838285 )
xyz18=( 28.429120 16.253759 71.838232 )
xyz18=( 28.429368 16.253981 71.838180 )
xyz18=( 28.429617 16.254203 71.838127 )
xyz18=( 28.429865 16.254425 71.838074 )
xyz18=( 28.437787 16.261568 71.836407 )
xyz18=( 28.438034 16.261792 71.836356 )
xyz18=( 28.438281 16.262017 71.836304 )
xyz18=( 28.438528 16.262241 71.836253 )
xyz18=( 28.438775 16.262466 71.836201 )
xyz18=( 28.439021 16.262690 71.836150 )
xyz18=( 28.439268 16.262915 71.836099 )
xyz18=( 28.439515 16.263139 71.836048 )
xyz18=( 28.439761 16.263364 71.835997 )
xyz18=( 28.440008 16.263589 71.835945 )
xyz18=( 28.440254 16.263814 71.835894 )
xyz18=( 28.440501 16.264039 71.835843 )
xyz18=( 28.440747 16.264264 71.835792 )
xyz18=( 28.440993 16.264489 71.835741 )
xyz18=( 28.441240 16.264714 71.835690 )
xyz18=( 28.441486 16.264939 71.835639 )
xyz18=( 28.441732 16.265165 71.835589 )
xyz18=( 28.441979 16.265390 71.835538 )
xyz18=( 28.442225 16.265615 71.835487 )
xyz18=( 28.442471 16.265841 71.835436 )
xyz18=( 28.442717 16.266066 71.835385 )
xyz18=( 28.442963 16.266292 71.835335 )
xyz18=( 28.443209 16.266518 71.835284 )
xyz18=( 28.443455 16.266743 71.835234 )
xyz18=( 28.443701 16.266969 71.835183 )
xyz18=( 28.443947 16.267195 71.835132 )
xyz18=( 28.444192 16.267421 71.835082 )
xyz18=( 28.444438 16.267647 71.835032 )
xyz18=( 28.444684 16.267873 71.834981 )
xyz18=( 28.444930 16.268099 71.834931 )
xyz18=( 28.445175 16.268326 71.834881 )
xyz18=( 28.445421 16.268552 71.834830 )
xyz18=( 28.815910 17.828913 72.112975 )
xyz18=( 28.816035 17.828633 72.112834 )
xyz18=( 28.816160 17.828352 72.112694 )
xyz18=( 28.816285 17.828072 72.112553 )
xyz18=( 28.816410 17.827791 72.112413 )
xyz18=( 28.816535 17.827511 72.112272 )
xyz18=( 28.816660 17.827230 72.112132 )
xyz18=( 28.451548 16.274230 71.833586 )
xyz18=( 28.451792 16.274458 71.833537 )
xyz18=( 28.452037 16.274686 71.833488 )
xyz18=( 28.452281 16.274914 71.833438 )
xyz18=( 28.452525 16.275143 71.833389 )
xyz18=( 28.452770 16.275371 71.833340 )
xyz18=( 28.453014 16.275599 71.833291 )
xyz18=( 28.453258 16.275827 71.833242 )
xyz18=( 28.453503 16.276056 71.833193 )
xyz18=( 28.453747 16.276284 71.833144 )
xyz18=( 28.453991 16.276513 71.833095 )
xyz18=( 28.454235 16.276742 71.833046 )
xyz18=( 28.454479 16.276970 71.832997 )
xyz18=( 28.454723 16.277199 71.832949 )
xyz18=( 28.454967 16.277428 71.832900 )
xyz18=( 28.455211 16.277657 71.832851 )
xyz18=( 28.455455 16.277886 71.832803 )
xyz18=( 28.455699 16.278115 71.832754 )
xyz18=( 28.455942 16.278344 71.832705 )
xyz18=( 28.456186 16.278573 71.832657 )
xyz18=( 28.456430 16.278803 71.832608 )
xyz18=( 28.456674 16.279032 71.832560 )
xyz18=( 28.456917 16.279261 71.832511 )
xyz18=( 28.457161 16.279491 71.832463 )
xyz18=( 28.457404 16.279720 71.832415 )
xyz18=( 28.457648 16.279950 71.832366 )
xyz18=( 28.457891 16.280179 71.832318 )
xyz18=( 28.458135 16.280409 71.832270 )
xyz18=( 28.458378 16.280639 71.832222 )
xyz18=( 28.458621 16.280869 71.832173 )
xyz18=( 28.458865 16.281099 71.832125 )
xyz18=( 28.459108 16.281329 71.832077 )
xyz18=( 28.459351 16.281559 71.832029 )
xyz18=( 28.459594 16.281789 71.831981 )
xyz18=( 28.459837 16.282019 71.831933 )
xyz18=( 28.537483 16.361374 71.818311 )
xyz18=( 28.537712 16.361626 71.818276 )
xyz18=( 28.537940 16.361878 71.818241 )
xyz18=( 28.538169 16.362131 71.818206 )
xyz18=( 28.538398 16.362383 71.818172 )
xyz18=( 28.538626 16.362636 71.818137 )
xyz18=( 28.538855 16.362889 71.818103 )
xyz18=( 28.539083 16.363141 71.818068 )
xyz18=( 28.539312 16.363394 71.818034 )
xyz18=( 28.539540 16.363647 71.817999 )
xyz18=( 28.539769 16.363900 71.817965 )
xyz18=( 28.539997 16.364153 71.817930 )
xyz18=( 28.540225 16.364406 71.817896 )
xyz18=( 28.540454 16.364659 71.817862 )
xyz18=( 28.540682 16.364912 71.817828 )
xyz18=( 28.540910 16.365166 71.817793 )
xyz18=( 28.541138 16.365419 71.817759 )
xyz18=( 28.541366 16.365672 71.817725 )
xyz18=( 28.541594 16.365926 71.817691 )
xyz18=( 28.541822 16.366179 71.817657 )
xyz18=( 28.542050 16.366433 71.817623 )
xyz18=( 28.542278 16.366687 71.817589 )
xyz18=( 28.542506 16.366940 71.817555 )
xyz18=( 28.542733 16.367194 71.817521 )
xyz18=( 28.542961 16.367448 71.817488 )
xyz18=( 28.543189 16.367702 71.817454 )
xyz18=( 28.543416 16.367956 71.817420 )
xyz18=( 28.543644 16.368210 71.817386 )
xyz18=( 28.543872 16.368464 71.817353 )
xyz18=( 28.544099 16.368719 71.817319 )
xyz18=( 28.544327 16.368973 71.817286 )
xyz18=( 28.544554 16.369227 71.817252 )
xyz18=( 28.544781 16.369482 71.817218 )
xyz18=( 28.545009 16.369736 71.817185 )
xyz18=( 28.545236 16.369991 71.817152 )
xyz18=( 28.545463 16.370245 71.817118 )
xyz18=( 28.545691 16.370500 71.817085 )
xyz18=( 28.545918 16.370755 71.817052 )
xyz18=( 28.546145 16.371010 71.817018 )
xyz18=( 28.546372 16.371265 71.816985 )
xyz18=( 28.546599 16.371520 71.816952 )
xyz18=( 28.546826 16.371775 71.816919 )
xyz18=( 28.547053 16.372030 71.816886 )
xyz18=( 28.547280 16.372285 71.816853 )
xyz18=( 28.547507 16.372540 71.816820 )
xyz18=( 28.547733 16.372796 71.816787 )
xyz18=( 28.547960 16.373051 71.816754 )
xyz18=( 28.548187 16.373306 71.816721 )
xyz18=( 28.548413 16.373562 71.816688 )
xyz18=( 28.548640 16.373818 71.816655 )
xyz18=( 28.548867 16.374073 71.816623 )
xyz18=( 28.857661 16.924711 71.830698 )
xyz18=( 28.857758 16.925029 71.830745 )
xyz18=( 28.857855 16.925348 71.830792 )
xyz18=( 28.857952 16.925667 71.830838 )
xyz18=( 28.858049 16.925985 71.830885 )
xyz18=( 28.858146 16.926304 71.830932 )
xyz18=( 28.858243 16.926623 71.830979 )
xyz18=( 28.858339 16.926942 71.831026 )
xyz18=( 28.858436 16.927260 71.831073 )
xyz18=( 28.858533 16.927579 71.831120 )
xyz18=( 28.858629 16.927898 71.831167 )
xyz18=( 28.858726 16.928217 71.831214 )
xyz18=( 28.858822 16.928536 71.831261 )
xyz18=( 28.858918 16.928855 71.831308 )
xyz18=( 28.859014 16.929174 71.831355 )
xyz18=( 28.859110 16.929492 71.831402 )
xyz18=( 28.859207 16.929811 71.831450 )
xyz18=( 28.246025 18.376027 72.540953 )
xyz18=( 28.246302 18.375921 72.540792 )
xyz18=( 28.246578 18.375815 72.540630 )
xyz18=( 28.246854 18.375709 72.540469 )
xyz18=( 28.247131 18.375603 72.540308 )
xyz18=( 28.247407 18.375497 72.540147 )
xyz18=( 28.247683 18.375391 72.539985 )
xyz18=( 28.247960 18.375285 72.539824 )
xyz18=( 28.248236 18.375179 72.539663 )
xyz18=( 28.248512 18.375072 72.539501 )
xyz18=( 28.248788 18.374966 72.539340 )
xyz18=( 28.249065 18.374859 72.539179 )
xyz18=( 28.249341 18.374753 72.539017 )
xyz18=( 28.249617 18.374646 72.538856 )
xyz18=( 28.249893 18.374539 72.538695 )
xyz18=( 28.250169 18.374432 72.538533 )
xyz18=( 28.250445 18.374325 72.538372 )
xyz18=( 28.250721 18.374218 72.538210 )
xyz18=( 28.250997 18.374111 72.538049 )
xyz18=( 28.251273 18.374004 72.537888 )
xyz18=( 28.251549 18.373897 72.537726 )
xyz18=( 28.251825 18.373789 72.537565 )
xyz18=( 28.252100 18.373682 72.537403 )
xyz18=( 28.252376 18.373574 72.537242 )
xyz18=( 28.252652 18.373467 72.537080 )
xyz18=( 28.252928 18.373359 72.536919 )
xyz18=( 28.253203 18.373251 72.536757 )
xyz18=( 28.253479 18.373144 72.536596 )
xyz18=( 28.253755 18.373036 72.536434 )
xyz18=( 28.254030 18.372928 72.536273 )
xyz18=( 28.254306 18.372820 72.536111 )
xyz18=( 28.254582 18.372711 72.535950 )
xyz18=( 28.254857 18.372603 72.535788 )
xyz18=( 28.255133 18.372495 72.535627 )
xyz18=( 28.255408 18.372386 72.535465 )
xyz18=( 28.255683 18.372278 72.535304 )
xyz18=( 28.255959 18.372169 72.535142 )
xyz18=( 28.256234 18.372061 72.534980 )
xyz18=( 28.265031 18.368541 72.529805 )
xyz18=( 28.265305 18.368430 72.529643 )
xyz18=( 28.265580 18.368318 72.529481 )
xyz18=( 28.265854 18.368207 72.529319 )
xyz18=( 28.266128 18.368095 72.529157 )
xyz18=( 28.266403 18.367983 72.528995 )
xyz18=( 28.266677 18.367872 72.528833 )
xyz18=( 28.266951 18.367760 72.528671 )
xyz18=( 28.267225 18.367648 72.528509 )
xyz18=( 28.267499 18.367536 72.528347 )
xyz18=( 28.267773 18.367424 72.528185 )
xyz18=( 28.268048 18.367312 72.528023 )
xyz18=( 28.268322 18.367200 72.527861 )
xyz18=( 28.268596 18.367087 72.527699 )
xyz18=( 28.268870 18.366975 72.527537 )
xyz18=( 28.269144 18.366862 72.527375 )
xyz18=( 28.269418 18.366750 72.527213 )
xyz18=( 28.269692 18.366637 72.527051 )
xyz18=( 28.269965 18.366524 72.526889 )
xyz18=( 28.270239 18.366412 72.526727 )
xyz18=( 28.270513 18.366299 72.526565 )
xyz18=( 28.270787 18.366186 72.526402 )
xyz18=( 28.271061 18.366073 72.526240 )
xyz18=( 28.271334 18.365960 72.526078 )
xyz18=( 28.271608 18.365846 72.525916 )
xyz18=( 28.271882 18.365733 72.525754 )
xyz18=( 28.272155 18.365620 72.525592 )
xyz18=( 28.272429 18.365506 72.525430 )
xyz18=( 28.272703 18.365393 72.525268 )
xyz18=( 28.272976 18.365279 72.525105 )
xyz18=( 28.273250 18.365165 72.524943 )
xyz18=( 28.273523 18.365052 72.524781 )
xyz18=( 28.882486 17.016927 71.845753 )
xyz18=( 28.882562 17.017251 71.845811 )
xyz18=( 28.882638 17.017575 71.845870 )
xyz18=( 28.882713 17.017899 71.845928 )
xyz18=( 28.882789 17.018223 71.845987 )
xyz18=( 28.882864 17.018547 71.846045 )
xyz18=( 28.882940 17.018872 71.846104 )
xyz18=( 28.280351 18.362180 72.520723 )
xyz18=( 28.280624 18.362064 72.520561 )
xyz18=( 28.280896 18.361948 72.520398 )
xyz18=( 28.281169 18.361832 72.520236 )
xyz18=( 28.281442 18.361716 72.520073 )
xyz18=( 28.281714 18.361600 72.519911 )
xyz18=( 28.281987 18.361484 72.519748 )
xyz18=( 28.282259 18.361367 72.519586 )
xyz18=( 28.282532 18.361251 72.519423 )
xyz18=( 28.282804 18.361134 72.519261 )
xyz18=( 28.283077 18.361017 72.519098 )
xyz18=( 28.283349 18.360901 72.518936 )
xyz18=( 28.283621 18.360784 72.518773 )
xyz18=( 28.283894 18.360667 72.518611 )
xyz18=( 28.284166 18.360550 72.518448 )
xyz18=( 28.284438 18.360433 72.518286 )
xyz18=( 28.284711 18.360316 72.518123 )
xyz18=( 28.284983 18.360199 72.517960 )
xyz18=( 28.285255 18.360081 72.517798 )
xyz18=( 28.285527 18.359964 72.517635 )
xyz18=( 28.285799 18.359846 72.517473 )
xyz18=( 28.286072 18.359729 72.517310 )
xyz18=( 28.286344 18.359611 72.517147 )
xyz18=( 28.286616 18.359494 72.516985 )
xyz18=( 28.286888 18.359376 72.516822 )
xyz18=( 28.287160 18.359258 72.516659 )
xyz18=( 28.287432 18.359140 72.516497 )
xyz18=( 28.287704 18.359022 72.516334 )
xyz18=( 28.287975 18.358904 72.516171 )
xyz18=( 28.288247 18.358785 72.516009 )
xyz18=( 28.288519 18.358667 72.515846 )
xyz18=( 28.288791 18.358549 72.515683 )
xyz18=( 28.289063 18.358430 72.515520 )
xyz18=( 28.289334 18.358312 72.515358 )
xyz18=( 28.289606 18.358193 72.515195 )
xyz18=( 28.377327 18.314672 72.461134 )
xyz18=( 28.377588 18.314526 72.460968 )
xyz18=( 28.377850 18.314380 72.460802 )
xyz18=( 28.378111 18.314233 72.460637 )
xyz18=( 28.378372 18.314087 72.460471 )
xyz18=( 28.378634 18.313940 72.460305 )
xyz18=( 28.378895 18.313794 72.460139 )
xyz18=( 28.379156 18.313647 72.459973 )
xyz18=( 28.379417 18.313501 72.459807 )
xyz18=( 28.379679 18.313354 72.459641 )
xyz18=( 28.379940 18.313207 72.459475 )
xyz18=( 28.380201 18.313060 72.459309 )
xyz18=( 28.380462 18.312913 72.459143 )
xyz18=( 28.380723 18.312766 72.458977 )
xyz18=( 28.380984 18.312619 72.458811 )
xyz18=( 28.381245 18.312471 72.458645 )
xyz18=( 28.381506 18.312324 72.458479 )
xyz18=( 28.381767 18.312177 72.458313 )
xyz18=( 28.382028 18.312029 72.458147 )
xyz18=( 28.382289 18.311881 72.457981 )
xyz18=( 28.382549 18.311734 72.457815 )
xyz18=( 28.382810 18.311586 72.457649 )
xyz18=( 28.383071 18.311438 72.457483 )
xyz18=( 28.383332 18.311290 72.457317 )
xyz18=( 28.383592 18.311142 72.457151 )
xyz18=( 28.383853 18.310994 72.456984 )
xyz18=( 28.384114 18.310846 72.456818 )
xyz18=( 28.384374 18.310697 72.456652 )
xyz18=( 28.384635 18.310549 72.456486 )
xyz18=( 28.384895 18.310401 72.456320 )
xyz18=( 28.385156 18.310252 72.456154 )
xyz18=( 28.385416 18.310103 72.455988 )
xyz18=( 28.385677 18.309955 72.455821 )
xyz18=( 28.385937 18.309806 72.455655 )
xyz18=( 28.386198 18.309657 72.455489 )
xyz18=( 28.386458 18.309508 72.455323 )
xyz18=( 28.386718 18.309359 72.455157 )
xyz18=( 28.386978 18.309210 72.454990 )
xyz18=( 28.387239 18.309060 72.454824 )
xyz18=( 28.387499 18.308911 72.454658 )
xyz18=( 28.387759 18.308762 72.454492 )
xyz18=( 28.388019 18.308612 72.454325 )
xyz18=( 28.388279 18.308463 72.454159 )
xyz18=( 28.388539 18.308313 72.453993 )
xyz18=( 28.388800 18.308163 72.453827 )
xyz18=( 28.389060 18.308013 72.453660 )
xyz18=( 28.389320 18.307863 72.453494 )
xyz18=( 28.389579 18.307713 72.453328 )
xyz18=( 28.389839 18.307563 72.453161 )
xyz18=( 28.390099 18.307413 72.452995 )
xyz18=( 28.390359 18.307263 72.452829 )
