xyz18=( 28.777923 17.905814 72.153243 )
xyz18=( 28.779380 17.903123 72.151774 )
xyz18=( 28.422489 16.247871 71.839653 )
xyz18=( 28.425005 16.250096 71.839112 )
xyz18=( 28.427516 16.252328 71.838574 )
xyz18=( 28.440008 16.263589 71.835945 )
xyz18=( 28.442493 16.265861 71.835432 )
xyz18=( 28.444974 16.268140 71.834922 )
xyz18=( 28.816069 17.828556 72.112796 )
xyz18=( 28.452392 16.275018 71.833416 )
xyz18=( 28.454856 16.277324 71.832922 )
xyz18=( 28.457316 16.279637 71.832432 )
xyz18=( 28.459771 16.281956 71.831946 )
xyz18=( 28.538335 16.362314 71.818181 )
xyz18=( 28.540640 16.364866 71.817834 )
xyz18=( 28.542940 16.367425 71.817491 )
xyz18=( 28.545236 16.369991 71.817152 )
xyz18=( 28.547527 16.372563 71.816817 )
xyz18=( 28.858216 16.926536 71.830966 )
xyz18=( 28.859189 16.929753 71.831441 )
xyz18=( 28.248060 18.375246 72.539765 )
xyz18=( 28.250846 18.374170 72.538137 )
xyz18=( 28.253629 18.373085 72.536508 )
xyz18=( 28.267499 18.367536 72.528347 )
xyz18=( 28.270264 18.366401 72.526712 )
xyz18=( 28.273026 18.365258 72.525076 )
xyz18=( 28.882583 17.017340 71.845827 )
xyz18=( 28.281293 18.361779 72.520162 )
xyz18=( 28.284042 18.360603 72.518522 )
xyz18=( 28.286789 18.359419 72.516881 )
xyz18=( 28.289532 18.358226 72.515239 )
xyz18=( 28.378301 18.314127 72.460516 )
xyz18=( 28.380936 18.312646 72.458841 )
xyz18=( 28.383569 18.311156 72.457166 )
xyz18=( 28.386198 18.309657 72.455489 )
xyz18=( 28.388823 18.308150 72.453811 )
