d_25_21=2.692382198384 eijMax=2.699E-03 rmsd=1.275E+01 s=[ 0 0 0 0 0 0 0 0 0 1 0 0 1 1 0 0 0 1 1 0 0 1 1 0 0 0 1 0 0 0 0 0 1 1 0 0 0 0 ]
d_25_21=2.694402400404 eijMax=9.577E-03 rmsd=1.274E+01 s=[ 0 0 0 0 0 0 0 0 0 1 0 0 1 1 0 0 0 1 1 0 0 1 1 0 0 0 1 0 0 0 0 0 1 1 0 0 0 0 ]
d_25_21=2.728745834747 eijMax=5.664E-03 rmsd=4.022E-02 s=[ 0 0 0 0 0 0 0 0 0 1 0 0 1 1 0 0 0 1 1 0 1 0 0 0 0 0 1 0 0 0 1 0 1 1 0 0 0 0 ]
d_25_21=2.730766036768 eijMax=2.994E-04 rmsd=2.056E-03 s=[ 0 0 0 0 0 0 0 0 0 1 0 0 1 1 0 0 0 1 1 0 1 0 0 0 0 0 1 0 0 0 1 0 1 1 0 0 0 0 ]
d_25_21=2.732786238788 eijMax=5.001E-03 rmsd=3.585E-02 s=[ 0 0 0 0 0 0 0 0 0 1 0 0 1 1 0 0 0 1 1 0 1 0 0 0 0 0 1 0 0 0 1 0 1 1 0 0 0 0 ]
d_25_21=2.742887248889 eijMax=3.974E-03 rmsd=9.655E+00 s=[ 0 0 0 0 0 0 0 0 0 1 0 0 1 1 0 0 0 1 1 0 1 0 1 1 1 1 0 1 1 1 1 0 1 1 0 0 0 0 ]
d_25_21=2.744907450909 eijMax=2.224E-03 rmsd=9.653E+00 s=[ 0 0 0 0 0 0 0 0 0 1 0 0 1 1 0 0 0 1 1 0 1 0 1 1 1 1 0 1 1 1 1 0 1 1 0 0 0 0 ]
d_25_21=2.746927652929 eijMax=8.446E-03 rmsd=9.652E+00 s=[ 0 0 0 0 0 0 0 0 0 1 0 0 1 1 0 0 0 1 1 0 1 0 1 1 1 1 0 1 1 1 1 0 1 1 0 0 0 0 ]
d_25_21=2.748947854949 eijMax=5.871E-03 rmsd=1.275E+01 s=[ 0 0 0 0 0 0 0 0 0 1 0 0 1 1 0 0 0 1 1 0 0 1 1 1 1 1 0 1 1 1 1 0 1 1 0 0 0 0 ]
d_25_21=2.752988258990 eijMax=7.655E-03 rmsd=8.812E+00 s=[ 0 0 0 0 0 0 0 0 0 1 0 0 1 1 0 0 0 1 1 0 1 0 1 0 0 0 1 0 0 0 1 0 1 1 0 0 0 0 ]
d_25_21=2.755008461010 eijMax=1.943E-03 rmsd=8.811E+00 s=[ 0 0 0 0 0 0 0 0 0 1 0 0 1 1 0 0 0 1 1 0 1 0 1 0 0 0 1 0 0 0 1 0 1 1 0 0 0 0 ]
d_25_21=2.757028663030 eijMax=3.787E-03 rmsd=8.810E+00 s=[ 0 0 0 0 0 0 0 0 0 1 0 0 1 1 0 0 0 1 1 0 1 0 1 0 0 0 1 0 0 0 1 0 1 1 0 0 0 0 ]
d_25_21=2.759048865051 eijMax=9.536E-03 rmsd=8.809E+00 s=[ 0 0 0 0 0 0 0 0 0 1 0 0 1 1 0 0 0 1 1 0 1 0 1 0 0 0 1 0 0 0 1 0 1 1 0 0 0 0 ]
d_25_21=2.825715531717 eijMax=8.257E-03 rmsd=1.126E+01 s=[ 0 0 0 0 0 0 0 0 0 1 0 0 1 1 0 0 0 1 1 0 1 0 1 0 0 0 1 0 0 0 0 1 0 0 1 1 1 1 ]
d_25_21=2.827735733737 eijMax=4.366E-03 rmsd=1.126E+01 s=[ 0 0 0 0 0 0 0 0 0 1 0 0 1 1 0 0 0 1 1 0 1 0 1 0 0 0 1 0 0 0 0 1 0 0 1 1 1 1 ]
d_25_21=2.829755935758 eijMax=4.687E-04 rmsd=1.126E+01 s=[ 0 0 0 0 0 0 0 0 0 1 0 0 1 1 0 0 0 1 1 0 1 0 1 0 0 0 1 0 0 0 0 1 0 0 1 1 1 1 ]
d_25_21=2.831776137778 eijMax=3.436E-03 rmsd=1.126E+01 s=[ 0 0 0 0 0 0 0 0 0 1 0 0 1 1 0 0 0 1 1 0 1 0 1 0 0 0 1 0 0 0 0 1 0 0 1 1 1 1 ]
d_25_21=2.833796339798 eijMax=7.347E-03 rmsd=1.126E+01 s=[ 0 0 0 0 0 0 0 0 0 1 0 0 1 1 0 0 0 1 1 0 1 0 1 0 0 0 1 0 0 0 0 1 0 0 1 1 1 1 ]
d_25_21=2.692382198384 eijMax=2.699E-03 rmsd=1.275E+01 s=[ 0 0 0 1 1 1 1 1 1 0 1 1 0 0 1 1 1 0 0 0 1 0 0 1 1 1 0 1 1 1 1 1 0 0 1 1 1 1 ]
d_25_21=2.694402400404 eijMax=9.577E-03 rmsd=1.274E+01 s=[ 0 0 0 1 1 1 1 1 1 0 1 1 0 0 1 1 1 0 0 0 1 0 0 1 1 1 0 1 1 1 1 1 0 0 1 1 1 1 ]
d_25_21=2.728745834747 eijMax=5.664E-03 rmsd=4.022E-02 s=[ 0 0 0 1 1 1 1 1 1 0 1 1 0 0 1 1 1 0 0 0 0 1 1 1 1 1 0 1 1 1 0 1 0 0 1 1 1 1 ]
d_25_21=2.730766036768 eijMax=2.994E-04 rmsd=2.056E-03 s=[ 0 0 0 1 1 1 1 1 1 0 1 1 0 0 1 1 1 0 0 0 0 1 1 1 1 1 0 1 1 1 0 1 0 0 1 1 1 1 ]
d_25_21=2.732786238788 eijMax=5.001E-03 rmsd=3.585E-02 s=[ 0 0 0 1 1 1 1 1 1 0 1 1 0 0 1 1 1 0 0 0 0 1 1 1 1 1 0 1 1 1 0 1 0 0 1 1 1 1 ]
d_25_21=2.742887248889 eijMax=3.974E-03 rmsd=9.655E+00 s=[ 0 0 0 1 1 1 1 1 1 0 1 1 0 0 1 1 1 0 0 0 0 1 0 0 0 0 1 0 0 0 0 1 0 0 1 1 1 1 ]
d_25_21=2.744907450909 eijMax=2.224E-03 rmsd=9.653E+00 s=[ 0 0 0 1 1 1 1 1 1 0 1 1 0 0 1 1 1 0 0 0 0 1 0 0 0 0 1 0 0 0 0 1 0 0 1 1 1 1 ]
d_25_21=2.746927652929 eijMax=8.446E-03 rmsd=9.652E+00 s=[ 0 0 0 1 1 1 1 1 1 0 1 1 0 0 1 1 1 0 0 0 0 1 0 0 0 0 1 0 0 0 0 1 0 0 1 1 1 1 ]
d_25_21=2.748947854949 eijMax=5.871E-03 rmsd=1.275E+01 s=[ 0 0 0 1 1 1 1 1 1 0 1 1 0 0 1 1 1 0 0 0 1 0 0 0 0 0 1 0 0 0 0 1 0 0 1 1 1 1 ]
d_25_21=2.752988258990 eijMax=7.655E-03 rmsd=8.812E+00 s=[ 0 0 0 1 1 1 1 1 1 0 1 1 0 0 1 1 1 0 0 0 0 1 0 1 1 1 0 1 1 1 0 1 0 0 1 1 1 1 ]
d_25_21=2.755008461010 eijMax=1.943E-03 rmsd=8.811E+00 s=[ 0 0 0 1 1 1 1 1 1 0 1 1 0 0 1 1 1 0 0 0 0 1 0 1 1 1 0 1 1 1 0 1 0 0 1 1 1 1 ]
d_25_21=2.757028663030 eijMax=3.787E-03 rmsd=8.810E+00 s=[ 0 0 0 1 1 1 1 1 1 0 1 1 0 0 1 1 1 0 0 0 0 1 0 1 1 1 0 1 1 1 0 1 0 0 1 1 1 1 ]
d_25_21=2.759048865050 eijMax=9.536E-03 rmsd=8.809E+00 s=[ 0 0 0 1 1 1 1 1 1 0 1 1 0 0 1 1 1 0 0 0 0 1 0 1 1 1 0 1 1 1 0 1 0 0 1 1 1 1 ]
d_25_21=2.825715531717 eijMax=8.257E-03 rmsd=1.126E+01 s=[ 0 0 0 1 1 1 1 1 1 0 1 1 0 0 1 1 1 0 0 0 0 1 0 1 1 1 0 1 1 1 1 0 1 1 0 0 0 0 ]
d_25_21=2.827735733737 eijMax=4.366E-03 rmsd=1.126E+01 s=[ 0 0 0 1 1 1 1 1 1 0 1 1 0 0 1 1 1 0 0 0 0 1 0 1 1 1 0 1 1 1 1 0 1 1 0 0 0 0 ]
d_25_21=2.829755935758 eijMax=4.687E-04 rmsd=1.126E+01 s=[ 0 0 0 1 1 1 1 1 1 0 1 1 0 0 1 1 1 0 0 0 0 1 0 1 1 1 0 1 1 1 1 0 1 1 0 0 0 0 ]
d_25_21=2.831776137778 eijMax=3.436E-03 rmsd=1.126E+01 s=[ 0 0 0 1 1 1 1 1 1 0 1 1 0 0 1 1 1 0 0 0 0 1 0 1 1 1 0 1 1 1 1 0 1 1 0 0 0 0 ]
d_25_21=2.833796339798 eijMax=7.347E-03 rmsd=1.126E+01 s=[ 0 0 0 1 1 1 1 1 1 0 1 1 0 0 1 1 1 0 0 0 0 1 0 1 1 1 0 1 1 1 1 0 1 1 0 0 0 0 ]
num ..... 100
nnodes .. 38
nedges .. 271
nsols ... 36
tsecs ... 4.239186
