order:    [ 1 19 20 0 37 36 35 34 33 32 31 30 29 28 27 26 24 23 22 25 21 18 10 11 17 16 15 14 13 12 9 2 8 7 6 5 4 3 ]
atoms:    [ CA CA C N C CA N C CA N C CA N C CA N C CA N H HA N CA C C CA N C CA N N C C CA N C CA N ]
residues: [ 0 6 6 0 11 11 11 10 10 10 9 9 9 8 8 8 7 7 7 7 6 6 3 3 5 5 5 4 4 4 3 0 2 2 2 1 1 1 ]

We use a different pair of symbles to represent the bits values which are associated with the HA and H of the discretized distance, and another one to represent the bits of other hydrogens.
For the HA and H from the discretized distance:
	"+" means 0
	"-" means 1
For any other hydrogens:
	">" means 0
	"<" means 1

d_25_21=2.691235597237 s=[ 0 0 0 0 0 0 0 0 0 1 0 0 1 1 0 0 0 1 1 + + 1 1 0 0 0 1 0 0 0 0 0 1 1 0 0 0 0 ]

d_25_21=2.691435797437 s=[ 0 0 0 0 0 0 0 0 0 1 0 0 1 1 0 0 0 1 1 + + 1 1 0 0 0 1 0 0 0 0 0 1 1 0 0 0 0 ]

d_25_21=2.691635997638 s=[ 0 0 0 0 0 0 0 0 0 1 0 0 1 1 0 0 0 1 1 + + 1 1 0 0 0 1 0 0 0 0 0 1 1 0 0 0 0 ]

d_25_21=2.691836197838 s=[ 0 0 0 0 0 0 0 0 0 1 0 0 1 1 0 0 0 1 1 + + 1 1 0 0 0 1 0 0 0 0 0 1 1 0 0 0 0 ]

d_25_21=2.692036398038 s=[ 0 0 0 0 0 0 0 0 0 1 0 0 1 1 0 0 0 1 1 + + 1 1 0 0 0 1 0 0 0 0 0 1 1 0 0 0 0 ]

d_25_21=2.692236598238 s=[ 0 0 0 0 0 0 0 0 0 1 0 0 1 1 0 0 0 1 1 + + 1 1 0 0 0 1 0 0 0 0 0 1 1 0 0 0 0 ]

d_25_21=2.692436798438 s=[ 0 0 0 0 0 0 0 0 0 1 0 0 1 1 0 0 0 1 1 + + 1 1 0 0 0 1 0 0 0 0 0 1 1 0 0 0 0 ]

d_25_21=2.692636998639 s=[ 0 0 0 0 0 0 0 0 0 1 0 0 1 1 0 0 0 1 1 + + 1 1 0 0 0 1 0 0 0 0 0 1 1 0 0 0 0 ]

d_25_21=2.692837198839 s=[ 0 0 0 0 0 0 0 0 0 1 0 0 1 1 0 0 0 1 1 + + 1 1 0 0 0 1 0 0 0 0 0 1 1 0 0 0 0 ]

d_25_21=2.693037399039 s=[ 0 0 0 0 0 0 0 0 0 1 0 0 1 1 0 0 0 1 1 + + 1 1 0 0 0 1 0 0 0 0 0 1 1 0 0 0 0 ]

d_25_21=2.693237599239 s=[ 0 0 0 0 0 0 0 0 0 1 0 0 1 1 0 0 0 1 1 + + 1 1 0 0 0 1 0 0 0 0 0 1 1 0 0 0 0 ]

d_25_21=2.693437799439 s=[ 0 0 0 0 0 0 0 0 0 1 0 0 1 1 0 0 0 1 1 + + 1 1 0 0 0 1 0 0 0 0 0 1 1 0 0 0 0 ]

d_25_21=2.693637999640 s=[ 0 0 0 0 0 0 0 0 0 1 0 0 1 1 0 0 0 1 1 + + 1 1 0 0 0 1 0 0 0 0 0 1 1 0 0 0 0 ]

d_25_21=2.693838199840 s=[ 0 0 0 0 0 0 0 0 0 1 0 0 1 1 0 0 0 1 1 + + 1 1 0 0 0 1 0 0 0 0 0 1 1 0 0 0 0 ]

d_25_21=2.694038400040 s=[ 0 0 0 0 0 0 0 0 0 1 0 0 1 1 0 0 0 1 1 + + 1 1 0 0 0 1 0 0 0 0 0 1 1 0 0 0 0 ]

d_25_21=2.694238600240 s=[ 0 0 0 0 0 0 0 0 0 1 0 0 1 1 0 0 0 1 1 + + 1 1 0 0 0 1 0 0 0 0 0 1 1 0 0 0 0 ]

d_25_21=2.694438800440 s=[ 0 0 0 0 0 0 0 0 0 1 0 0 1 1 0 0 0 1 1 + + 1 1 0 0 0 1 0 0 0 0 0 1 1 0 0 0 0 ]

d_25_21=2.727271633273 s=[ 0 0 0 0 0 0 0 0 0 1 0 0 1 1 0 0 0 1 1 + - 0 0 0 0 0 1 0 0 0 1 0 1 1 0 0 0 0 ]

d_25_21=2.727471833473 s=[ 0 0 0 0 0 0 0 0 0 1 0 0 1 1 0 0 0 1 1 + - 0 0 0 0 0 1 0 0 0 1 0 1 1 0 0 0 0 ]

d_25_21=2.727672033674 s=[ 0 0 0 0 0 0 0 0 0 1 0 0 1 1 0 0 0 1 1 + - 0 0 0 0 0 1 0 0 0 1 0 1 1 0 0 0 0 ]

d_25_21=2.727872233874 s=[ 0 0 0 0 0 0 0 0 0 1 0 0 1 1 0 0 0 1 1 + - 0 0 0 0 0 1 0 0 0 1 0 1 1 0 0 0 0 ]

d_25_21=2.728072434074 s=[ 0 0 0 0 0 0 0 0 0 1 0 0 1 1 0 0 0 1 1 + - 0 0 0 0 0 1 0 0 0 1 0 1 1 0 0 0 0 ]

d_25_21=2.728272634274 s=[ 0 0 0 0 0 0 0 0 0 1 0 0 1 1 0 0 0 1 1 + - 0 0 0 0 0 1 0 0 0 1 0 1 1 0 0 0 0 ]

d_25_21=2.728472834474 s=[ 0 0 0 0 0 0 0 0 0 1 0 0 1 1 0 0 0 1 1 + - 0 0 0 0 0 1 0 0 0 1 0 1 1 0 0 0 0 ]

d_25_21=2.728673034675 s=[ 0 0 0 0 0 0 0 0 0 1 0 0 1 1 0 0 0 1 1 + - 0 0 0 0 0 1 0 0 0 1 0 1 1 0 0 0 0 ]

d_25_21=2.728873234875 s=[ 0 0 0 0 0 0 0 0 0 1 0 0 1 1 0 0 0 1 1 + - 0 0 0 0 0 1 0 0 0 1 0 1 1 0 0 0 0 ]

d_25_21=2.729073435075 s=[ 0 0 0 0 0 0 0 0 0 1 0 0 1 1 0 0 0 1 1 + - 0 0 0 0 0 1 0 0 0 1 0 1 1 0 0 0 0 ]

d_25_21=2.729273635275 s=[ 0 0 0 0 0 0 0 0 0 1 0 0 1 1 0 0 0 1 1 + - 0 0 0 0 0 1 0 0 0 1 0 1 1 0 0 0 0 ]

d_25_21=2.729473835475 s=[ 0 0 0 0 0 0 0 0 0 1 0 0 1 1 0 0 0 1 1 + - 0 0 0 0 0 1 0 0 0 1 0 1 1 0 0 0 0 ]

d_25_21=2.729674035676 s=[ 0 0 0 0 0 0 0 0 0 1 0 0 1 1 0 0 0 1 1 + - 0 0 0 0 0 1 0 0 0 1 0 1 1 0 0 0 0 ]

d_25_21=2.729874235876 s=[ 0 0 0 0 0 0 0 0 0 1 0 0 1 1 0 0 0 1 1 + - 0 0 0 0 0 1 0 0 0 1 0 1 1 0 0 0 0 ]

d_25_21=2.730074436076 s=[ 0 0 0 0 0 0 0 0 0 1 0 0 1 1 0 0 0 1 1 + - 0 0 0 0 0 1 0 0 0 1 0 1 1 0 0 0 0 ]

d_25_21=2.730274636276 s=[ 0 0 0 0 0 0 0 0 0 1 0 0 1 1 0 0 0 1 1 + - 0 0 0 0 0 1 0 0 0 1 0 1 1 0 0 0 0 ]

d_25_21=2.730474836476 s=[ 0 0 0 0 0 0 0 0 0 1 0 0 1 1 0 0 0 1 1 + - 0 0 0 0 0 1 0 0 0 1 0 1 1 0 0 0 0 ]

d_25_21=2.730675036677 s=[ 0 0 0 0 0 0 0 0 0 1 0 0 1 1 0 0 0 1 1 + - 0 0 0 0 0 1 0 0 0 1 0 1 1 0 0 0 0 ]

d_25_21=2.730875236877 s=[ 0 0 0 0 0 0 0 0 0 1 0 0 1 1 0 0 0 1 1 + - 0 0 0 0 0 1 0 0 0 1 0 1 1 0 0 0 0 ]

d_25_21=2.731075437077 s=[ 0 0 0 0 0 0 0 0 0 1 0 0 1 1 0 0 0 1 1 + - 0 0 0 0 0 1 0 0 0 1 0 1 1 0 0 0 0 ]

d_25_21=2.731275637277 s=[ 0 0 0 0 0 0 0 0 0 1 0 0 1 1 0 0 0 1 1 + - 0 0 0 0 0 1 0 0 0 1 0 1 1 0 0 0 0 ]

d_25_21=2.731475837477 s=[ 0 0 0 0 0 0 0 0 0 1 0 0 1 1 0 0 0 1 1 + - 0 0 0 0 0 1 0 0 0 1 0 1 1 0 0 0 0 ]

d_25_21=2.731676037678 s=[ 0 0 0 0 0 0 0 0 0 1 0 0 1 1 0 0 0 1 1 + - 0 0 0 0 0 1 0 0 0 1 0 1 1 0 0 0 0 ]

d_25_21=2.731876237878 s=[ 0 0 0 0 0 0 0 0 0 1 0 0 1 1 0 0 0 1 1 + - 0 0 0 0 0 1 0 0 0 1 0 1 1 0 0 0 0 ]

d_25_21=2.732076438078 s=[ 0 0 0 0 0 0 0 0 0 1 0 0 1 1 0 0 0 1 1 + - 0 0 0 0 0 1 0 0 0 1 0 1 1 0 0 0 0 ]

d_25_21=2.732276638278 s=[ 0 0 0 0 0 0 0 0 0 1 0 0 1 1 0 0 0 1 1 + - 0 0 0 0 0 1 0 0 0 1 0 1 1 0 0 0 0 ]

d_25_21=2.732476838478 s=[ 0 0 0 0 0 0 0 0 0 1 0 0 1 1 0 0 0 1 1 + - 0 0 0 0 0 1 0 0 0 1 0 1 1 0 0 0 0 ]

d_25_21=2.732677038679 s=[ 0 0 0 0 0 0 0 0 0 1 0 0 1 1 0 0 0 1 1 + - 0 0 0 0 0 1 0 0 0 1 0 1 1 0 0 0 0 ]

d_25_21=2.732877238879 s=[ 0 0 0 0 0 0 0 0 0 1 0 0 1 1 0 0 0 1 1 + - 0 0 0 0 0 1 0 0 0 1 0 1 1 0 0 0 0 ]

d_25_21=2.733077439079 s=[ 0 0 0 0 0 0 0 0 0 1 0 0 1 1 0 0 0 1 1 + - 0 0 0 0 0 1 0 0 0 1 0 1 1 0 0 0 0 ]

d_25_21=2.733277639279 s=[ 0 0 0 0 0 0 0 0 0 1 0 0 1 1 0 0 0 1 1 + - 0 0 0 0 0 1 0 0 0 1 0 1 1 0 0 0 0 ]

d_25_21=2.733477839479 s=[ 0 0 0 0 0 0 0 0 0 1 0 0 1 1 0 0 0 1 1 + - 0 0 0 0 0 1 0 0 0 1 0 1 1 0 0 0 0 ]

d_25_21=2.733678039680 s=[ 0 0 0 0 0 0 0 0 0 1 0 0 1 1 0 0 0 1 1 + - 0 0 0 0 0 1 0 0 0 1 0 1 1 0 0 0 0 ]

d_25_21=2.733878239880 s=[ 0 0 0 0 0 0 0 0 0 1 0 0 1 1 0 0 0 1 1 + - 0 0 0 0 0 1 0 0 0 1 0 1 1 0 0 0 0 ]

d_25_21=2.734078440080 s=[ 0 0 0 0 0 0 0 0 0 1 0 0 1 1 0 0 0 1 1 + - 0 0 0 0 0 1 0 0 0 1 0 1 1 0 0 0 0 ]

d_25_21=2.734278640280 s=[ 0 0 0 0 0 0 0 0 0 1 0 0 1 1 0 0 0 1 1 + - 0 0 0 0 0 1 0 0 0 1 0 1 1 0 0 0 0 ]

d_25_21=2.734478840480 s=[ 0 0 0 0 0 0 0 0 0 1 0 0 1 1 0 0 0 1 1 + - 0 0 0 0 0 1 0 0 0 1 0 1 1 0 0 0 0 ]

d_25_21=2.734679040681 s=[ 0 0 0 0 0 0 0 0 0 1 0 0 1 1 0 0 0 1 1 + - 0 0 0 0 0 1 0 0 0 1 0 1 1 0 0 0 0 ]

d_25_21=2.741085447087 s=[ 0 0 0 0 0 0 0 0 0 1 0 0 1 1 0 0 0 1 1 + - 0 1 1 1 1 0 1 1 1 1 0 1 1 0 0 0 0 ]

d_25_21=2.741285647287 s=[ 0 0 0 0 0 0 0 0 0 1 0 0 1 1 0 0 0 1 1 + - 0 1 1 1 1 0 1 1 1 1 0 1 1 0 0 0 0 ]

d_25_21=2.741485847487 s=[ 0 0 0 0 0 0 0 0 0 1 0 0 1 1 0 0 0 1 1 + - 0 1 1 1 1 0 1 1 1 1 0 1 1 0 0 0 0 ]

d_25_21=2.741686047688 s=[ 0 0 0 0 0 0 0 0 0 1 0 0 1 1 0 0 0 1 1 + - 0 1 1 1 1 0 1 1 1 1 0 1 1 0 0 0 0 ]

d_25_21=2.741886247888 s=[ 0 0 0 0 0 0 0 0 0 1 0 0 1 1 0 0 0 1 1 + - 0 1 1 1 1 0 1 1 1 1 0 1 1 0 0 0 0 ]

d_25_21=2.742086448088 s=[ 0 0 0 0 0 0 0 0 0 1 0 0 1 1 0 0 0 1 1 + - 0 1 1 1 1 0 1 1 1 1 0 1 1 0 0 0 0 ]

d_25_21=2.742286648288 s=[ 0 0 0 0 0 0 0 0 0 1 0 0 1 1 0 0 0 1 1 + - 0 1 1 1 1 0 1 1 1 1 0 1 1 0 0 0 0 ]

d_25_21=2.742486848488 s=[ 0 0 0 0 0 0 0 0 0 1 0 0 1 1 0 0 0 1 1 + - 0 1 1 1 1 0 1 1 1 1 0 1 1 0 0 0 0 ]

d_25_21=2.742687048689 s=[ 0 0 0 0 0 0 0 0 0 1 0 0 1 1 0 0 0 1 1 + - 0 1 1 1 1 0 1 1 1 1 0 1 1 0 0 0 0 ]

d_25_21=2.742887248889 s=[ 0 0 0 0 0 0 0 0 0 1 0 0 1 1 0 0 0 1 1 + - 0 1 1 1 1 0 1 1 1 1 0 1 1 0 0 0 0 ]

d_25_21=2.743087449089 s=[ 0 0 0 0 0 0 0 0 0 1 0 0 1 1 0 0 0 1 1 + - 0 1 1 1 1 0 1 1 1 1 0 1 1 0 0 0 0 ]

d_25_21=2.743287649289 s=[ 0 0 0 0 0 0 0 0 0 1 0 0 1 1 0 0 0 1 1 + - 0 1 1 1 1 0 1 1 1 1 0 1 1 0 0 0 0 ]

d_25_21=2.743487849489 s=[ 0 0 0 0 0 0 0 0 0 1 0 0 1 1 0 0 0 1 1 + - 0 1 1 1 1 0 1 1 1 1 0 1 1 0 0 0 0 ]

d_25_21=2.743688049690 s=[ 0 0 0 0 0 0 0 0 0 1 0 0 1 1 0 0 0 1 1 + - 0 1 1 1 1 0 1 1 1 1 0 1 1 0 0 0 0 ]

d_25_21=2.743888249890 s=[ 0 0 0 0 0 0 0 0 0 1 0 0 1 1 0 0 0 1 1 + - 0 1 1 1 1 0 1 1 1 1 0 1 1 0 0 0 0 ]

d_25_21=2.744088450090 s=[ 0 0 0 0 0 0 0 0 0 1 0 0 1 1 0 0 0 1 1 + - 0 1 1 1 1 0 1 1 1 1 0 1 1 0 0 0 0 ]

d_25_21=2.744288650290 s=[ 0 0 0 0 0 0 0 0 0 1 0 0 1 1 0 0 0 1 1 + - 0 1 1 1 1 0 1 1 1 1 0 1 1 0 0 0 0 ]

d_25_21=2.744488850490 s=[ 0 0 0 0 0 0 0 0 0 1 0 0 1 1 0 0 0 1 1 + - 0 1 1 1 1 0 1 1 1 1 0 1 1 0 0 0 0 ]

d_25_21=2.744689050691 s=[ 0 0 0 0 0 0 0 0 0 1 0 0 1 1 0 0 0 1 1 + - 0 1 1 1 1 0 1 1 1 1 0 1 1 0 0 0 0 ]

d_25_21=2.744889250891 s=[ 0 0 0 0 0 0 0 0 0 1 0 0 1 1 0 0 0 1 1 + - 0 1 1 1 1 0 1 1 1 1 0 1 1 0 0 0 0 ]

d_25_21=2.745089451091 s=[ 0 0 0 0 0 0 0 0 0 1 0 0 1 1 0 0 0 1 1 + - 0 1 1 1 1 0 1 1 1 1 0 1 1 0 0 0 0 ]

d_25_21=2.745289651291 s=[ 0 0 0 0 0 0 0 0 0 1 0 0 1 1 0 0 0 1 1 + - 0 1 1 1 1 0 1 1 1 1 0 1 1 0 0 0 0 ]

d_25_21=2.745489851491 s=[ 0 0 0 0 0 0 0 0 0 1 0 0 1 1 0 0 0 1 1 + - 0 1 1 1 1 0 1 1 1 1 0 1 1 0 0 0 0 ]

d_25_21=2.745690051692 s=[ 0 0 0 0 0 0 0 0 0 1 0 0 1 1 0 0 0 1 1 + - 0 1 1 1 1 0 1 1 1 1 0 1 1 0 0 0 0 ]

d_25_21=2.745890251892 s=[ 0 0 0 0 0 0 0 0 0 1 0 0 1 1 0 0 0 1 1 + - 0 1 1 1 1 0 1 1 1 1 0 1 1 0 0 0 0 ]

d_25_21=2.746090452092 s=[ 0 0 0 0 0 0 0 0 0 1 0 0 1 1 0 0 0 1 1 + - 0 1 1 1 1 0 1 1 1 1 0 1 1 0 0 0 0 ]

d_25_21=2.746290652292 s=[ 0 0 0 0 0 0 0 0 0 1 0 0 1 1 0 0 0 1 1 + - 0 1 1 1 1 0 1 1 1 1 0 1 1 0 0 0 0 ]

d_25_21=2.746490852492 s=[ 0 0 0 0 0 0 0 0 0 1 0 0 1 1 0 0 0 1 1 + - 0 1 1 1 1 0 1 1 1 1 0 1 1 0 0 0 0 ]

d_25_21=2.746691052693 s=[ 0 0 0 0 0 0 0 0 0 1 0 0 1 1 0 0 0 1 1 + - 0 1 1 1 1 0 1 1 1 1 0 1 1 0 0 0 0 ]

d_25_21=2.746891252893 s=[ 0 0 0 0 0 0 0 0 0 1 0 0 1 1 0 0 0 1 1 + - 0 1 1 1 1 0 1 1 1 1 0 1 1 0 0 0 0 ]

d_25_21=2.747091453093 s=[ 0 0 0 0 0 0 0 0 0 1 0 0 1 1 0 0 0 1 1 + - 0 1 1 1 1 0 1 1 1 1 0 1 1 0 0 0 0 ]

d_25_21=2.747291653293 s=[ 0 0 0 0 0 0 0 0 0 1 0 0 1 1 0 0 0 1 1 + - 0 1 1 1 1 0 1 1 1 1 0 1 1 0 0 0 0 ]

d_25_21=2.748693054695 s=[ 0 0 0 0 0 0 0 0 0 1 0 0 1 1 0 0 0 1 1 + + 1 1 1 1 1 0 1 1 1 1 0 1 1 0 0 0 0 ]

d_25_21=2.748893254895 s=[ 0 0 0 0 0 0 0 0 0 1 0 0 1 1 0 0 0 1 1 + + 1 1 1 1 1 0 1 1 1 1 0 1 1 0 0 0 0 ]

d_25_21=2.749093455095 s=[ 0 0 0 0 0 0 0 0 0 1 0 0 1 1 0 0 0 1 1 + + 1 1 1 1 1 0 1 1 1 1 0 1 1 0 0 0 0 ]

d_25_21=2.749293655295 s=[ 0 0 0 0 0 0 0 0 0 1 0 0 1 1 0 0 0 1 1 + + 1 1 1 1 1 0 1 1 1 1 0 1 1 0 0 0 0 ]

d_25_21=2.749493855495 s=[ 0 0 0 0 0 0 0 0 0 1 0 0 1 1 0 0 0 1 1 + + 1 1 1 1 1 0 1 1 1 1 0 1 1 0 0 0 0 ]

d_25_21=2.749694055696 s=[ 0 0 0 0 0 0 0 0 0 1 0 0 1 1 0 0 0 1 1 + + 1 1 1 1 1 0 1 1 1 1 0 1 1 0 0 0 0 ]

d_25_21=2.749894255896 s=[ 0 0 0 0 0 0 0 0 0 1 0 0 1 1 0 0 0 1 1 + + 1 1 1 1 1 0 1 1 1 1 0 1 1 0 0 0 0 ]

d_25_21=2.752296658298 s=[ 0 0 0 0 0 0 0 0 0 1 0 0 1 1 0 0 0 1 1 + - 0 1 0 0 0 1 0 0 0 1 0 1 1 0 0 0 0 ]

d_25_21=2.752496858499 s=[ 0 0 0 0 0 0 0 0 0 1 0 0 1 1 0 0 0 1 1 + - 0 1 0 0 0 1 0 0 0 1 0 1 1 0 0 0 0 ]

d_25_21=2.752697058699 s=[ 0 0 0 0 0 0 0 0 0 1 0 0 1 1 0 0 0 1 1 + - 0 1 0 0 0 1 0 0 0 1 0 1 1 0 0 0 0 ]

d_25_21=2.752897258899 s=[ 0 0 0 0 0 0 0 0 0 1 0 0 1 1 0 0 0 1 1 + - 0 1 0 0 0 1 0 0 0 1 0 1 1 0 0 0 0 ]

d_25_21=2.753097459099 s=[ 0 0 0 0 0 0 0 0 0 1 0 0 1 1 0 0 0 1 1 + - 0 1 0 0 0 1 0 0 0 1 0 1 1 0 0 0 0 ]

d_25_21=2.753297659299 s=[ 0 0 0 0 0 0 0 0 0 1 0 0 1 1 0 0 0 1 1 + - 0 1 0 0 0 1 0 0 0 1 0 1 1 0 0 0 0 ]

d_25_21=2.753497859500 s=[ 0 0 0 0 0 0 0 0 0 1 0 0 1 1 0 0 0 1 1 + - 0 1 0 0 0 1 0 0 0 1 0 1 1 0 0 0 0 ]

d_25_21=2.753698059700 s=[ 0 0 0 0 0 0 0 0 0 1 0 0 1 1 0 0 0 1 1 + - 0 1 0 0 0 1 0 0 0 1 0 1 1 0 0 0 0 ]

d_25_21=2.753898259900 s=[ 0 0 0 0 0 0 0 0 0 1 0 0 1 1 0 0 0 1 1 + - 0 1 0 0 0 1 0 0 0 1 0 1 1 0 0 0 0 ]

d_25_21=2.754098460100 s=[ 0 0 0 0 0 0 0 0 0 1 0 0 1 1 0 0 0 1 1 + - 0 1 0 0 0 1 0 0 0 1 0 1 1 0 0 0 0 ]

d_25_21=2.754298660300 s=[ 0 0 0 0 0 0 0 0 0 1 0 0 1 1 0 0 0 1 1 + - 0 1 0 0 0 1 0 0 0 1 0 1 1 0 0 0 0 ]

d_25_21=2.754498860500 s=[ 0 0 0 0 0 0 0 0 0 1 0 0 1 1 0 0 0 1 1 + - 0 1 0 0 0 1 0 0 0 1 0 1 1 0 0 0 0 ]

d_25_21=2.754699060701 s=[ 0 0 0 0 0 0 0 0 0 1 0 0 1 1 0 0 0 1 1 + - 0 1 0 0 0 1 0 0 0 1 0 1 1 0 0 0 0 ]

d_25_21=2.754899260901 s=[ 0 0 0 0 0 0 0 0 0 1 0 0 1 1 0 0 0 1 1 + - 0 1 0 0 0 1 0 0 0 1 0 1 1 0 0 0 0 ]

d_25_21=2.755099461101 s=[ 0 0 0 0 0 0 0 0 0 1 0 0 1 1 0 0 0 1 1 + - 0 1 0 0 0 1 0 0 0 1 0 1 1 0 0 0 0 ]

d_25_21=2.755299661301 s=[ 0 0 0 0 0 0 0 0 0 1 0 0 1 1 0 0 0 1 1 + - 0 1 0 0 0 1 0 0 0 1 0 1 1 0 0 0 0 ]

d_25_21=2.755499861502 s=[ 0 0 0 0 0 0 0 0 0 1 0 0 1 1 0 0 0 1 1 + - 0 1 0 0 0 1 0 0 0 1 0 1 1 0 0 0 0 ]

d_25_21=2.755700061702 s=[ 0 0 0 0 0 0 0 0 0 1 0 0 1 1 0 0 0 1 1 + - 0 1 0 0 0 1 0 0 0 1 0 1 1 0 0 0 0 ]

d_25_21=2.755900261902 s=[ 0 0 0 0 0 0 0 0 0 1 0 0 1 1 0 0 0 1 1 + - 0 1 0 0 0 1 0 0 0 1 0 1 1 0 0 0 0 ]

d_25_21=2.756100462102 s=[ 0 0 0 0 0 0 0 0 0 1 0 0 1 1 0 0 0 1 1 + - 0 1 0 0 0 1 0 0 0 1 0 1 1 0 0 0 0 ]

d_25_21=2.756300662302 s=[ 0 0 0 0 0 0 0 0 0 1 0 0 1 1 0 0 0 1 1 + - 0 1 0 0 0 1 0 0 0 1 0 1 1 0 0 0 0 ]

d_25_21=2.756500862503 s=[ 0 0 0 0 0 0 0 0 0 1 0 0 1 1 0 0 0 1 1 + - 0 1 0 0 0 1 0 0 0 1 0 1 1 0 0 0 0 ]

d_25_21=2.756701062703 s=[ 0 0 0 0 0 0 0 0 0 1 0 0 1 1 0 0 0 1 1 + - 0 1 0 0 0 1 0 0 0 1 0 1 1 0 0 0 0 ]

d_25_21=2.756901262903 s=[ 0 0 0 0 0 0 0 0 0 1 0 0 1 1 0 0 0 1 1 + - 0 1 0 0 0 1 0 0 0 1 0 1 1 0 0 0 0 ]

d_25_21=2.757101463103 s=[ 0 0 0 0 0 0 0 0 0 1 0 0 1 1 0 0 0 1 1 + - 0 1 0 0 0 1 0 0 0 1 0 1 1 0 0 0 0 ]

d_25_21=2.757301663303 s=[ 0 0 0 0 0 0 0 0 0 1 0 0 1 1 0 0 0 1 1 + - 0 1 0 0 0 1 0 0 0 1 0 1 1 0 0 0 0 ]

d_25_21=2.757501863504 s=[ 0 0 0 0 0 0 0 0 0 1 0 0 1 1 0 0 0 1 1 + - 0 1 0 0 0 1 0 0 0 1 0 1 1 0 0 0 0 ]

d_25_21=2.757702063704 s=[ 0 0 0 0 0 0 0 0 0 1 0 0 1 1 0 0 0 1 1 + - 0 1 0 0 0 1 0 0 0 1 0 1 1 0 0 0 0 ]

d_25_21=2.757902263904 s=[ 0 0 0 0 0 0 0 0 0 1 0 0 1 1 0 0 0 1 1 + - 0 1 0 0 0 1 0 0 0 1 0 1 1 0 0 0 0 ]

d_25_21=2.758102464104 s=[ 0 0 0 0 0 0 0 0 0 1 0 0 1 1 0 0 0 1 1 + - 0 1 0 0 0 1 0 0 0 1 0 1 1 0 0 0 0 ]

d_25_21=2.758302664304 s=[ 0 0 0 0 0 0 0 0 0 1 0 0 1 1 0 0 0 1 1 + - 0 1 0 0 0 1 0 0 0 1 0 1 1 0 0 0 0 ]

d_25_21=2.758502864504 s=[ 0 0 0 0 0 0 0 0 0 1 0 0 1 1 0 0 0 1 1 + - 0 1 0 0 0 1 0 0 0 1 0 1 1 0 0 0 0 ]

d_25_21=2.758703064705 s=[ 0 0 0 0 0 0 0 0 0 1 0 0 1 1 0 0 0 1 1 + - 0 1 0 0 0 1 0 0 0 1 0 1 1 0 0 0 0 ]

d_25_21=2.758903264905 s=[ 0 0 0 0 0 0 0 0 0 1 0 0 1 1 0 0 0 1 1 + - 0 1 0 0 0 1 0 0 0 1 0 1 1 0 0 0 0 ]

d_25_21=2.759103465105 s=[ 0 0 0 0 0 0 0 0 0 1 0 0 1 1 0 0 0 1 1 + - 0 1 0 0 0 1 0 0 0 1 0 1 1 0 0 0 0 ]

d_25_21=2.824969330971 s=[ 0 0 0 0 0 0 0 0 0 1 0 0 1 1 0 0 0 1 1 + - 0 1 0 0 0 1 0 0 0 0 1 0 0 1 1 1 1 ]

d_25_21=2.825169531171 s=[ 0 0 0 0 0 0 0 0 0 1 0 0 1 1 0 0 0 1 1 + - 0 1 0 0 0 1 0 0 0 0 1 0 0 1 1 1 1 ]

d_25_21=2.825369731371 s=[ 0 0 0 0 0 0 0 0 0 1 0 0 1 1 0 0 0 1 1 + - 0 1 0 0 0 1 0 0 0 0 1 0 0 1 1 1 1 ]

d_25_21=2.825569931572 s=[ 0 0 0 0 0 0 0 0 0 1 0 0 1 1 0 0 0 1 1 + - 0 1 0 0 0 1 0 0 0 0 1 0 0 1 1 1 1 ]

d_25_21=2.825770131772 s=[ 0 0 0 0 0 0 0 0 0 1 0 0 1 1 0 0 0 1 1 + - 0 1 0 0 0 1 0 0 0 0 1 0 0 1 1 1 1 ]

d_25_21=2.825970331972 s=[ 0 0 0 0 0 0 0 0 0 1 0 0 1 1 0 0 0 1 1 + - 0 1 0 0 0 1 0 0 0 0 1 0 0 1 1 1 1 ]

d_25_21=2.826170532172 s=[ 0 0 0 0 0 0 0 0 0 1 0 0 1 1 0 0 0 1 1 + - 0 1 0 0 0 1 0 0 0 0 1 0 0 1 1 1 1 ]

d_25_21=2.826370732372 s=[ 0 0 0 0 0 0 0 0 0 1 0 0 1 1 0 0 0 1 1 + - 0 1 0 0 0 1 0 0 0 0 1 0 0 1 1 1 1 ]

d_25_21=2.826570932573 s=[ 0 0 0 0 0 0 0 0 0 1 0 0 1 1 0 0 0 1 1 + - 0 1 0 0 0 1 0 0 0 0 1 0 0 1 1 1 1 ]

d_25_21=2.826771132773 s=[ 0 0 0 0 0 0 0 0 0 1 0 0 1 1 0 0 0 1 1 + - 0 1 0 0 0 1 0 0 0 0 1 0 0 1 1 1 1 ]

d_25_21=2.826971332973 s=[ 0 0 0 0 0 0 0 0 0 1 0 0 1 1 0 0 0 1 1 + - 0 1 0 0 0 1 0 0 0 0 1 0 0 1 1 1 1 ]

d_25_21=2.827171533173 s=[ 0 0 0 0 0 0 0 0 0 1 0 0 1 1 0 0 0 1 1 + - 0 1 0 0 0 1 0 0 0 0 1 0 0 1 1 1 1 ]

d_25_21=2.827371733373 s=[ 0 0 0 0 0 0 0 0 0 1 0 0 1 1 0 0 0 1 1 + - 0 1 0 0 0 1 0 0 0 0 1 0 0 1 1 1 1 ]

d_25_21=2.827571933574 s=[ 0 0 0 0 0 0 0 0 0 1 0 0 1 1 0 0 0 1 1 + - 0 1 0 0 0 1 0 0 0 0 1 0 0 1 1 1 1 ]

d_25_21=2.827772133774 s=[ 0 0 0 0 0 0 0 0 0 1 0 0 1 1 0 0 0 1 1 + - 0 1 0 0 0 1 0 0 0 0 1 0 0 1 1 1 1 ]

d_25_21=2.827972333974 s=[ 0 0 0 0 0 0 0 0 0 1 0 0 1 1 0 0 0 1 1 + - 0 1 0 0 0 1 0 0 0 0 1 0 0 1 1 1 1 ]

d_25_21=2.828172534174 s=[ 0 0 0 0 0 0 0 0 0 1 0 0 1 1 0 0 0 1 1 + - 0 1 0 0 0 1 0 0 0 0 1 0 0 1 1 1 1 ]

d_25_21=2.828372734374 s=[ 0 0 0 0 0 0 0 0 0 1 0 0 1 1 0 0 0 1 1 + - 0 1 0 0 0 1 0 0 0 0 1 0 0 1 1 1 1 ]

d_25_21=2.828572934575 s=[ 0 0 0 0 0 0 0 0 0 1 0 0 1 1 0 0 0 1 1 + - 0 1 0 0 0 1 0 0 0 0 1 0 0 1 1 1 1 ]

d_25_21=2.828773134775 s=[ 0 0 0 0 0 0 0 0 0 1 0 0 1 1 0 0 0 1 1 + - 0 1 0 0 0 1 0 0 0 0 1 0 0 1 1 1 1 ]

d_25_21=2.828973334975 s=[ 0 0 0 0 0 0 0 0 0 1 0 0 1 1 0 0 0 1 1 + - 0 1 0 0 0 1 0 0 0 0 1 0 0 1 1 1 1 ]

d_25_21=2.829173535175 s=[ 0 0 0 0 0 0 0 0 0 1 0 0 1 1 0 0 0 1 1 + - 0 1 0 0 0 1 0 0 0 0 1 0 0 1 1 1 1 ]

d_25_21=2.829373735375 s=[ 0 0 0 0 0 0 0 0 0 1 0 0 1 1 0 0 0 1 1 + - 0 1 0 0 0 1 0 0 0 0 1 0 0 1 1 1 1 ]

d_25_21=2.829573935576 s=[ 0 0 0 0 0 0 0 0 0 1 0 0 1 1 0 0 0 1 1 + - 0 1 0 0 0 1 0 0 0 0 1 0 0 1 1 1 1 ]

d_25_21=2.829774135776 s=[ 0 0 0 0 0 0 0 0 0 1 0 0 1 1 0 0 0 1 1 + - 0 1 0 0 0 1 0 0 0 0 1 0 0 1 1 1 1 ]

d_25_21=2.829974335976 s=[ 0 0 0 0 0 0 0 0 0 1 0 0 1 1 0 0 0 1 1 + - 0 1 0 0 0 1 0 0 0 0 1 0 0 1 1 1 1 ]

d_25_21=2.830174536176 s=[ 0 0 0 0 0 0 0 0 0 1 0 0 1 1 0 0 0 1 1 + - 0 1 0 0 0 1 0 0 0 0 1 0 0 1 1 1 1 ]

d_25_21=2.830374736376 s=[ 0 0 0 0 0 0 0 0 0 1 0 0 1 1 0 0 0 1 1 + - 0 1 0 0 0 1 0 0 0 0 1 0 0 1 1 1 1 ]

d_25_21=2.830574936577 s=[ 0 0 0 0 0 0 0 0 0 1 0 0 1 1 0 0 0 1 1 + - 0 1 0 0 0 1 0 0 0 0 1 0 0 1 1 1 1 ]

d_25_21=2.830775136777 s=[ 0 0 0 0 0 0 0 0 0 1 0 0 1 1 0 0 0 1 1 + - 0 1 0 0 0 1 0 0 0 0 1 0 0 1 1 1 1 ]

d_25_21=2.830975336977 s=[ 0 0 0 0 0 0 0 0 0 1 0 0 1 1 0 0 0 1 1 + - 0 1 0 0 0 1 0 0 0 0 1 0 0 1 1 1 1 ]

d_25_21=2.831175537177 s=[ 0 0 0 0 0 0 0 0 0 1 0 0 1 1 0 0 0 1 1 + - 0 1 0 0 0 1 0 0 0 0 1 0 0 1 1 1 1 ]

d_25_21=2.831375737377 s=[ 0 0 0 0 0 0 0 0 0 1 0 0 1 1 0 0 0 1 1 + - 0 1 0 0 0 1 0 0 0 0 1 0 0 1 1 1 1 ]

d_25_21=2.831575937578 s=[ 0 0 0 0 0 0 0 0 0 1 0 0 1 1 0 0 0 1 1 + - 0 1 0 0 0 1 0 0 0 0 1 0 0 1 1 1 1 ]

d_25_21=2.831776137778 s=[ 0 0 0 0 0 0 0 0 0 1 0 0 1 1 0 0 0 1 1 + - 0 1 0 0 0 1 0 0 0 0 1 0 0 1 1 1 1 ]

d_25_21=2.831976337978 s=[ 0 0 0 0 0 0 0 0 0 1 0 0 1 1 0 0 0 1 1 + - 0 1 0 0 0 1 0 0 0 0 1 0 0 1 1 1 1 ]

d_25_21=2.832176538178 s=[ 0 0 0 0 0 0 0 0 0 1 0 0 1 1 0 0 0 1 1 + - 0 1 0 0 0 1 0 0 0 0 1 0 0 1 1 1 1 ]

d_25_21=2.832376738378 s=[ 0 0 0 0 0 0 0 0 0 1 0 0 1 1 0 0 0 1 1 + - 0 1 0 0 0 1 0 0 0 0 1 0 0 1 1 1 1 ]

d_25_21=2.832576938579 s=[ 0 0 0 0 0 0 0 0 0 1 0 0 1 1 0 0 0 1 1 + - 0 1 0 0 0 1 0 0 0 0 1 0 0 1 1 1 1 ]

d_25_21=2.832777138779 s=[ 0 0 0 0 0 0 0 0 0 1 0 0 1 1 0 0 0 1 1 + - 0 1 0 0 0 1 0 0 0 0 1 0 0 1 1 1 1 ]

d_25_21=2.832977338979 s=[ 0 0 0 0 0 0 0 0 0 1 0 0 1 1 0 0 0 1 1 + - 0 1 0 0 0 1 0 0 0 0 1 0 0 1 1 1 1 ]

d_25_21=2.833177539179 s=[ 0 0 0 0 0 0 0 0 0 1 0 0 1 1 0 0 0 1 1 + - 0 1 0 0 0 1 0 0 0 0 1 0 0 1 1 1 1 ]

d_25_21=2.833377739379 s=[ 0 0 0 0 0 0 0 0 0 1 0 0 1 1 0 0 0 1 1 + - 0 1 0 0 0 1 0 0 0 0 1 0 0 1 1 1 1 ]

d_25_21=2.833577939580 s=[ 0 0 0 0 0 0 0 0 0 1 0 0 1 1 0 0 0 1 1 + - 0 1 0 0 0 1 0 0 0 0 1 0 0 1 1 1 1 ]

d_25_21=2.833778139780 s=[ 0 0 0 0 0 0 0 0 0 1 0 0 1 1 0 0 0 1 1 + - 0 1 0 0 0 1 0 0 0 0 1 0 0 1 1 1 1 ]

d_25_21=2.833978339980 s=[ 0 0 0 0 0 0 0 0 0 1 0 0 1 1 0 0 0 1 1 + - 0 1 0 0 0 1 0 0 0 0 1 0 0 1 1 1 1 ]

d_25_21=2.834178540180 s=[ 0 0 0 0 0 0 0 0 0 1 0 0 1 1 0 0 0 1 1 + - 0 1 0 0 0 1 0 0 0 0 1 0 0 1 1 1 1 ]

d_25_21=2.834378740380 s=[ 0 0 0 0 0 0 0 0 0 1 0 0 1 1 0 0 0 1 1 + - 0 1 0 0 0 1 0 0 0 0 1 0 0 1 1 1 1 ]

d_25_21=2.834578940581 s=[ 0 0 0 0 0 0 0 0 0 1 0 0 1 1 0 0 0 1 1 + - 0 1 0 0 0 1 0 0 0 0 1 0 0 1 1 1 1 ]

d_25_21=2.834779140781 s=[ 0 0 0 0 0 0 0 0 0 1 0 0 1 1 0 0 0 1 1 + - 0 1 0 0 0 1 0 0 0 0 1 0 0 1 1 1 1 ]

d_25_21=2.834979340981 s=[ 0 0 0 0 0 0 0 0 0 1 0 0 1 1 0 0 0 1 1 + - 0 1 0 0 0 1 0 0 0 0 1 0 0 1 1 1 1 ]

d_25_21=2.691235597237 s=[ 0 0 0 1 1 1 1 1 1 0 1 1 0 0 1 1 1 0 0 + - 0 0 1 1 1 0 1 1 1 1 1 0 0 1 1 1 1 ]

d_25_21=2.691435797437 s=[ 0 0 0 1 1 1 1 1 1 0 1 1 0 0 1 1 1 0 0 + - 0 0 1 1 1 0 1 1 1 1 1 0 0 1 1 1 1 ]

d_25_21=2.691635997638 s=[ 0 0 0 1 1 1 1 1 1 0 1 1 0 0 1 1 1 0 0 + - 0 0 1 1 1 0 1 1 1 1 1 0 0 1 1 1 1 ]

d_25_21=2.691836197838 s=[ 0 0 0 1 1 1 1 1 1 0 1 1 0 0 1 1 1 0 0 + - 0 0 1 1 1 0 1 1 1 1 1 0 0 1 1 1 1 ]

d_25_21=2.692036398038 s=[ 0 0 0 1 1 1 1 1 1 0 1 1 0 0 1 1 1 0 0 + - 0 0 1 1 1 0 1 1 1 1 1 0 0 1 1 1 1 ]

d_25_21=2.692236598238 s=[ 0 0 0 1 1 1 1 1 1 0 1 1 0 0 1 1 1 0 0 + - 0 0 1 1 1 0 1 1 1 1 1 0 0 1 1 1 1 ]

d_25_21=2.692436798438 s=[ 0 0 0 1 1 1 1 1 1 0 1 1 0 0 1 1 1 0 0 + - 0 0 1 1 1 0 1 1 1 1 1 0 0 1 1 1 1 ]

d_25_21=2.692636998639 s=[ 0 0 0 1 1 1 1 1 1 0 1 1 0 0 1 1 1 0 0 + - 0 0 1 1 1 0 1 1 1 1 1 0 0 1 1 1 1 ]

d_25_21=2.692837198839 s=[ 0 0 0 1 1 1 1 1 1 0 1 1 0 0 1 1 1 0 0 + - 0 0 1 1 1 0 1 1 1 1 1 0 0 1 1 1 1 ]

d_25_21=2.693037399039 s=[ 0 0 0 1 1 1 1 1 1 0 1 1 0 0 1 1 1 0 0 + - 0 0 1 1 1 0 1 1 1 1 1 0 0 1 1 1 1 ]

d_25_21=2.693237599239 s=[ 0 0 0 1 1 1 1 1 1 0 1 1 0 0 1 1 1 0 0 + - 0 0 1 1 1 0 1 1 1 1 1 0 0 1 1 1 1 ]

d_25_21=2.693437799439 s=[ 0 0 0 1 1 1 1 1 1 0 1 1 0 0 1 1 1 0 0 + - 0 0 1 1 1 0 1 1 1 1 1 0 0 1 1 1 1 ]

d_25_21=2.693637999640 s=[ 0 0 0 1 1 1 1 1 1 0 1 1 0 0 1 1 1 0 0 + - 0 0 1 1 1 0 1 1 1 1 1 0 0 1 1 1 1 ]

d_25_21=2.693838199840 s=[ 0 0 0 1 1 1 1 1 1 0 1 1 0 0 1 1 1 0 0 + - 0 0 1 1 1 0 1 1 1 1 1 0 0 1 1 1 1 ]

d_25_21=2.694038400040 s=[ 0 0 0 1 1 1 1 1 1 0 1 1 0 0 1 1 1 0 0 + - 0 0 1 1 1 0 1 1 1 1 1 0 0 1 1 1 1 ]

d_25_21=2.694238600240 s=[ 0 0 0 1 1 1 1 1 1 0 1 1 0 0 1 1 1 0 0 + - 0 0 1 1 1 0 1 1 1 1 1 0 0 1 1 1 1 ]

d_25_21=2.694438800440 s=[ 0 0 0 1 1 1 1 1 1 0 1 1 0 0 1 1 1 0 0 + - 0 0 1 1 1 0 1 1 1 1 1 0 0 1 1 1 1 ]

d_25_21=2.727271633273 s=[ 0 0 0 1 1 1 1 1 1 0 1 1 0 0 1 1 1 0 0 + + 1 1 1 1 1 0 1 1 1 0 1 0 0 1 1 1 1 ]

d_25_21=2.727471833473 s=[ 0 0 0 1 1 1 1 1 1 0 1 1 0 0 1 1 1 0 0 + + 1 1 1 1 1 0 1 1 1 0 1 0 0 1 1 1 1 ]

d_25_21=2.727672033674 s=[ 0 0 0 1 1 1 1 1 1 0 1 1 0 0 1 1 1 0 0 + + 1 1 1 1 1 0 1 1 1 0 1 0 0 1 1 1 1 ]

d_25_21=2.727872233874 s=[ 0 0 0 1 1 1 1 1 1 0 1 1 0 0 1 1 1 0 0 + + 1 1 1 1 1 0 1 1 1 0 1 0 0 1 1 1 1 ]

d_25_21=2.728072434074 s=[ 0 0 0 1 1 1 1 1 1 0 1 1 0 0 1 1 1 0 0 + + 1 1 1 1 1 0 1 1 1 0 1 0 0 1 1 1 1 ]

d_25_21=2.728272634274 s=[ 0 0 0 1 1 1 1 1 1 0 1 1 0 0 1 1 1 0 0 + + 1 1 1 1 1 0 1 1 1 0 1 0 0 1 1 1 1 ]

d_25_21=2.728472834474 s=[ 0 0 0 1 1 1 1 1 1 0 1 1 0 0 1 1 1 0 0 + + 1 1 1 1 1 0 1 1 1 0 1 0 0 1 1 1 1 ]

d_25_21=2.728673034675 s=[ 0 0 0 1 1 1 1 1 1 0 1 1 0 0 1 1 1 0 0 + + 1 1 1 1 1 0 1 1 1 0 1 0 0 1 1 1 1 ]

d_25_21=2.728873234875 s=[ 0 0 0 1 1 1 1 1 1 0 1 1 0 0 1 1 1 0 0 + + 1 1 1 1 1 0 1 1 1 0 1 0 0 1 1 1 1 ]

d_25_21=2.729073435075 s=[ 0 0 0 1 1 1 1 1 1 0 1 1 0 0 1 1 1 0 0 + + 1 1 1 1 1 0 1 1 1 0 1 0 0 1 1 1 1 ]

d_25_21=2.729273635275 s=[ 0 0 0 1 1 1 1 1 1 0 1 1 0 0 1 1 1 0 0 + + 1 1 1 1 1 0 1 1 1 0 1 0 0 1 1 1 1 ]

d_25_21=2.729473835475 s=[ 0 0 0 1 1 1 1 1 1 0 1 1 0 0 1 1 1 0 0 + + 1 1 1 1 1 0 1 1 1 0 1 0 0 1 1 1 1 ]

d_25_21=2.729674035676 s=[ 0 0 0 1 1 1 1 1 1 0 1 1 0 0 1 1 1 0 0 + + 1 1 1 1 1 0 1 1 1 0 1 0 0 1 1 1 1 ]

d_25_21=2.729874235876 s=[ 0 0 0 1 1 1 1 1 1 0 1 1 0 0 1 1 1 0 0 + + 1 1 1 1 1 0 1 1 1 0 1 0 0 1 1 1 1 ]

d_25_21=2.730074436076 s=[ 0 0 0 1 1 1 1 1 1 0 1 1 0 0 1 1 1 0 0 + + 1 1 1 1 1 0 1 1 1 0 1 0 0 1 1 1 1 ]

d_25_21=2.730274636276 s=[ 0 0 0 1 1 1 1 1 1 0 1 1 0 0 1 1 1 0 0 + + 1 1 1 1 1 0 1 1 1 0 1 0 0 1 1 1 1 ]

d_25_21=2.730474836476 s=[ 0 0 0 1 1 1 1 1 1 0 1 1 0 0 1 1 1 0 0 + + 1 1 1 1 1 0 1 1 1 0 1 0 0 1 1 1 1 ]

d_25_21=2.730675036677 s=[ 0 0 0 1 1 1 1 1 1 0 1 1 0 0 1 1 1 0 0 + + 1 1 1 1 1 0 1 1 1 0 1 0 0 1 1 1 1 ]

d_25_21=2.730875236877 s=[ 0 0 0 1 1 1 1 1 1 0 1 1 0 0 1 1 1 0 0 + + 1 1 1 1 1 0 1 1 1 0 1 0 0 1 1 1 1 ]

d_25_21=2.731075437077 s=[ 0 0 0 1 1 1 1 1 1 0 1 1 0 0 1 1 1 0 0 + + 1 1 1 1 1 0 1 1 1 0 1 0 0 1 1 1 1 ]

d_25_21=2.731275637277 s=[ 0 0 0 1 1 1 1 1 1 0 1 1 0 0 1 1 1 0 0 + + 1 1 1 1 1 0 1 1 1 0 1 0 0 1 1 1 1 ]

d_25_21=2.731475837477 s=[ 0 0 0 1 1 1 1 1 1 0 1 1 0 0 1 1 1 0 0 + + 1 1 1 1 1 0 1 1 1 0 1 0 0 1 1 1 1 ]

d_25_21=2.731676037678 s=[ 0 0 0 1 1 1 1 1 1 0 1 1 0 0 1 1 1 0 0 + + 1 1 1 1 1 0 1 1 1 0 1 0 0 1 1 1 1 ]

d_25_21=2.731876237878 s=[ 0 0 0 1 1 1 1 1 1 0 1 1 0 0 1 1 1 0 0 + + 1 1 1 1 1 0 1 1 1 0 1 0 0 1 1 1 1 ]

d_25_21=2.732076438078 s=[ 0 0 0 1 1 1 1 1 1 0 1 1 0 0 1 1 1 0 0 + + 1 1 1 1 1 0 1 1 1 0 1 0 0 1 1 1 1 ]

d_25_21=2.732276638278 s=[ 0 0 0 1 1 1 1 1 1 0 1 1 0 0 1 1 1 0 0 + + 1 1 1 1 1 0 1 1 1 0 1 0 0 1 1 1 1 ]

d_25_21=2.732476838478 s=[ 0 0 0 1 1 1 1 1 1 0 1 1 0 0 1 1 1 0 0 + + 1 1 1 1 1 0 1 1 1 0 1 0 0 1 1 1 1 ]

d_25_21=2.732677038679 s=[ 0 0 0 1 1 1 1 1 1 0 1 1 0 0 1 1 1 0 0 + + 1 1 1 1 1 0 1 1 1 0 1 0 0 1 1 1 1 ]

d_25_21=2.732877238879 s=[ 0 0 0 1 1 1 1 1 1 0 1 1 0 0 1 1 1 0 0 + + 1 1 1 1 1 0 1 1 1 0 1 0 0 1 1 1 1 ]

d_25_21=2.733077439079 s=[ 0 0 0 1 1 1 1 1 1 0 1 1 0 0 1 1 1 0 0 + + 1 1 1 1 1 0 1 1 1 0 1 0 0 1 1 1 1 ]

d_25_21=2.733277639279 s=[ 0 0 0 1 1 1 1 1 1 0 1 1 0 0 1 1 1 0 0 + + 1 1 1 1 1 0 1 1 1 0 1 0 0 1 1 1 1 ]

d_25_21=2.733477839479 s=[ 0 0 0 1 1 1 1 1 1 0 1 1 0 0 1 1 1 0 0 + + 1 1 1 1 1 0 1 1 1 0 1 0 0 1 1 1 1 ]

d_25_21=2.733678039680 s=[ 0 0 0 1 1 1 1 1 1 0 1 1 0 0 1 1 1 0 0 + + 1 1 1 1 1 0 1 1 1 0 1 0 0 1 1 1 1 ]

d_25_21=2.733878239880 s=[ 0 0 0 1 1 1 1 1 1 0 1 1 0 0 1 1 1 0 0 + + 1 1 1 1 1 0 1 1 1 0 1 0 0 1 1 1 1 ]

d_25_21=2.734078440080 s=[ 0 0 0 1 1 1 1 1 1 0 1 1 0 0 1 1 1 0 0 + + 1 1 1 1 1 0 1 1 1 0 1 0 0 1 1 1 1 ]

d_25_21=2.734278640280 s=[ 0 0 0 1 1 1 1 1 1 0 1 1 0 0 1 1 1 0 0 + + 1 1 1 1 1 0 1 1 1 0 1 0 0 1 1 1 1 ]

d_25_21=2.734478840480 s=[ 0 0 0 1 1 1 1 1 1 0 1 1 0 0 1 1 1 0 0 + + 1 1 1 1 1 0 1 1 1 0 1 0 0 1 1 1 1 ]

d_25_21=2.734679040681 s=[ 0 0 0 1 1 1 1 1 1 0 1 1 0 0 1 1 1 0 0 + + 1 1 1 1 1 0 1 1 1 0 1 0 0 1 1 1 1 ]

d_25_21=2.741085447087 s=[ 0 0 0 1 1 1 1 1 1 0 1 1 0 0 1 1 1 0 0 + + 1 0 0 0 0 1 0 0 0 0 1 0 0 1 1 1 1 ]

d_25_21=2.741285647287 s=[ 0 0 0 1 1 1 1 1 1 0 1 1 0 0 1 1 1 0 0 + + 1 0 0 0 0 1 0 0 0 0 1 0 0 1 1 1 1 ]

d_25_21=2.741485847487 s=[ 0 0 0 1 1 1 1 1 1 0 1 1 0 0 1 1 1 0 0 + + 1 0 0 0 0 1 0 0 0 0 1 0 0 1 1 1 1 ]

d_25_21=2.741686047688 s=[ 0 0 0 1 1 1 1 1 1 0 1 1 0 0 1 1 1 0 0 + + 1 0 0 0 0 1 0 0 0 0 1 0 0 1 1 1 1 ]

d_25_21=2.741886247888 s=[ 0 0 0 1 1 1 1 1 1 0 1 1 0 0 1 1 1 0 0 + + 1 0 0 0 0 1 0 0 0 0 1 0 0 1 1 1 1 ]

d_25_21=2.742086448088 s=[ 0 0 0 1 1 1 1 1 1 0 1 1 0 0 1 1 1 0 0 + + 1 0 0 0 0 1 0 0 0 0 1 0 0 1 1 1 1 ]

d_25_21=2.742286648288 s=[ 0 0 0 1 1 1 1 1 1 0 1 1 0 0 1 1 1 0 0 + + 1 0 0 0 0 1 0 0 0 0 1 0 0 1 1 1 1 ]

d_25_21=2.742486848488 s=[ 0 0 0 1 1 1 1 1 1 0 1 1 0 0 1 1 1 0 0 + + 1 0 0 0 0 1 0 0 0 0 1 0 0 1 1 1 1 ]

d_25_21=2.742687048689 s=[ 0 0 0 1 1 1 1 1 1 0 1 1 0 0 1 1 1 0 0 + + 1 0 0 0 0 1 0 0 0 0 1 0 0 1 1 1 1 ]

d_25_21=2.742887248889 s=[ 0 0 0 1 1 1 1 1 1 0 1 1 0 0 1 1 1 0 0 + + 1 0 0 0 0 1 0 0 0 0 1 0 0 1 1 1 1 ]

d_25_21=2.743087449089 s=[ 0 0 0 1 1 1 1 1 1 0 1 1 0 0 1 1 1 0 0 + + 1 0 0 0 0 1 0 0 0 0 1 0 0 1 1 1 1 ]

d_25_21=2.743287649289 s=[ 0 0 0 1 1 1 1 1 1 0 1 1 0 0 1 1 1 0 0 + + 1 0 0 0 0 1 0 0 0 0 1 0 0 1 1 1 1 ]

d_25_21=2.743487849489 s=[ 0 0 0 1 1 1 1 1 1 0 1 1 0 0 1 1 1 0 0 + + 1 0 0 0 0 1 0 0 0 0 1 0 0 1 1 1 1 ]

d_25_21=2.743688049690 s=[ 0 0 0 1 1 1 1 1 1 0 1 1 0 0 1 1 1 0 0 + + 1 0 0 0 0 1 0 0 0 0 1 0 0 1 1 1 1 ]

d_25_21=2.743888249890 s=[ 0 0 0 1 1 1 1 1 1 0 1 1 0 0 1 1 1 0 0 + + 1 0 0 0 0 1 0 0 0 0 1 0 0 1 1 1 1 ]

d_25_21=2.744088450090 s=[ 0 0 0 1 1 1 1 1 1 0 1 1 0 0 1 1 1 0 0 + + 1 0 0 0 0 1 0 0 0 0 1 0 0 1 1 1 1 ]

d_25_21=2.744288650290 s=[ 0 0 0 1 1 1 1 1 1 0 1 1 0 0 1 1 1 0 0 + + 1 0 0 0 0 1 0 0 0 0 1 0 0 1 1 1 1 ]

d_25_21=2.744488850490 s=[ 0 0 0 1 1 1 1 1 1 0 1 1 0 0 1 1 1 0 0 + + 1 0 0 0 0 1 0 0 0 0 1 0 0 1 1 1 1 ]

d_25_21=2.744689050691 s=[ 0 0 0 1 1 1 1 1 1 0 1 1 0 0 1 1 1 0 0 + + 1 0 0 0 0 1 0 0 0 0 1 0 0 1 1 1 1 ]

d_25_21=2.744889250891 s=[ 0 0 0 1 1 1 1 1 1 0 1 1 0 0 1 1 1 0 0 + + 1 0 0 0 0 1 0 0 0 0 1 0 0 1 1 1 1 ]

d_25_21=2.745089451091 s=[ 0 0 0 1 1 1 1 1 1 0 1 1 0 0 1 1 1 0 0 + + 1 0 0 0 0 1 0 0 0 0 1 0 0 1 1 1 1 ]

d_25_21=2.745289651291 s=[ 0 0 0 1 1 1 1 1 1 0 1 1 0 0 1 1 1 0 0 + + 1 0 0 0 0 1 0 0 0 0 1 0 0 1 1 1 1 ]

d_25_21=2.745489851491 s=[ 0 0 0 1 1 1 1 1 1 0 1 1 0 0 1 1 1 0 0 + + 1 0 0 0 0 1 0 0 0 0 1 0 0 1 1 1 1 ]

d_25_21=2.745690051692 s=[ 0 0 0 1 1 1 1 1 1 0 1 1 0 0 1 1 1 0 0 + + 1 0 0 0 0 1 0 0 0 0 1 0 0 1 1 1 1 ]

d_25_21=2.745890251892 s=[ 0 0 0 1 1 1 1 1 1 0 1 1 0 0 1 1 1 0 0 + + 1 0 0 0 0 1 0 0 0 0 1 0 0 1 1 1 1 ]

d_25_21=2.746090452092 s=[ 0 0 0 1 1 1 1 1 1 0 1 1 0 0 1 1 1 0 0 + + 1 0 0 0 0 1 0 0 0 0 1 0 0 1 1 1 1 ]

d_25_21=2.746290652292 s=[ 0 0 0 1 1 1 1 1 1 0 1 1 0 0 1 1 1 0 0 + + 1 0 0 0 0 1 0 0 0 0 1 0 0 1 1 1 1 ]

d_25_21=2.746490852492 s=[ 0 0 0 1 1 1 1 1 1 0 1 1 0 0 1 1 1 0 0 + + 1 0 0 0 0 1 0 0 0 0 1 0 0 1 1 1 1 ]

d_25_21=2.746691052693 s=[ 0 0 0 1 1 1 1 1 1 0 1 1 0 0 1 1 1 0 0 + + 1 0 0 0 0 1 0 0 0 0 1 0 0 1 1 1 1 ]

d_25_21=2.746891252893 s=[ 0 0 0 1 1 1 1 1 1 0 1 1 0 0 1 1 1 0 0 + + 1 0 0 0 0 1 0 0 0 0 1 0 0 1 1 1 1 ]

d_25_21=2.747091453093 s=[ 0 0 0 1 1 1 1 1 1 0 1 1 0 0 1 1 1 0 0 + + 1 0 0 0 0 1 0 0 0 0 1 0 0 1 1 1 1 ]

d_25_21=2.747291653293 s=[ 0 0 0 1 1 1 1 1 1 0 1 1 0 0 1 1 1 0 0 + + 1 0 0 0 0 1 0 0 0 0 1 0 0 1 1 1 1 ]

d_25_21=2.748693054695 s=[ 0 0 0 1 1 1 1 1 1 0 1 1 0 0 1 1 1 0 0 + - 0 0 0 0 0 1 0 0 0 0 1 0 0 1 1 1 1 ]

d_25_21=2.748893254895 s=[ 0 0 0 1 1 1 1 1 1 0 1 1 0 0 1 1 1 0 0 + - 0 0 0 0 0 1 0 0 0 0 1 0 0 1 1 1 1 ]

d_25_21=2.749093455095 s=[ 0 0 0 1 1 1 1 1 1 0 1 1 0 0 1 1 1 0 0 + - 0 0 0 0 0 1 0 0 0 0 1 0 0 1 1 1 1 ]

d_25_21=2.749293655295 s=[ 0 0 0 1 1 1 1 1 1 0 1 1 0 0 1 1 1 0 0 + - 0 0 0 0 0 1 0 0 0 0 1 0 0 1 1 1 1 ]

d_25_21=2.749493855495 s=[ 0 0 0 1 1 1 1 1 1 0 1 1 0 0 1 1 1 0 0 + - 0 0 0 0 0 1 0 0 0 0 1 0 0 1 1 1 1 ]

d_25_21=2.749694055696 s=[ 0 0 0 1 1 1 1 1 1 0 1 1 0 0 1 1 1 0 0 + - 0 0 0 0 0 1 0 0 0 0 1 0 0 1 1 1 1 ]

d_25_21=2.749894255896 s=[ 0 0 0 1 1 1 1 1 1 0 1 1 0 0 1 1 1 0 0 + - 0 0 0 0 0 1 0 0 0 0 1 0 0 1 1 1 1 ]

d_25_21=2.752296658298 s=[ 0 0 0 1 1 1 1 1 1 0 1 1 0 0 1 1 1 0 0 + + 1 0 1 1 1 0 1 1 1 0 1 0 0 1 1 1 1 ]

d_25_21=2.752496858498 s=[ 0 0 0 1 1 1 1 1 1 0 1 1 0 0 1 1 1 0 0 + + 1 0 1 1 1 0 1 1 1 0 1 0 0 1 1 1 1 ]

d_25_21=2.752697058699 s=[ 0 0 0 1 1 1 1 1 1 0 1 1 0 0 1 1 1 0 0 + + 1 0 1 1 1 0 1 1 1 0 1 0 0 1 1 1 1 ]

d_25_21=2.752897258899 s=[ 0 0 0 1 1 1 1 1 1 0 1 1 0 0 1 1 1 0 0 + + 1 0 1 1 1 0 1 1 1 0 1 0 0 1 1 1 1 ]

d_25_21=2.753097459099 s=[ 0 0 0 1 1 1 1 1 1 0 1 1 0 0 1 1 1 0 0 + + 1 0 1 1 1 0 1 1 1 0 1 0 0 1 1 1 1 ]

d_25_21=2.753297659299 s=[ 0 0 0 1 1 1 1 1 1 0 1 1 0 0 1 1 1 0 0 + + 1 0 1 1 1 0 1 1 1 0 1 0 0 1 1 1 1 ]

d_25_21=2.753497859499 s=[ 0 0 0 1 1 1 1 1 1 0 1 1 0 0 1 1 1 0 0 + + 1 0 1 1 1 0 1 1 1 0 1 0 0 1 1 1 1 ]

d_25_21=2.753698059700 s=[ 0 0 0 1 1 1 1 1 1 0 1 1 0 0 1 1 1 0 0 + + 1 0 1 1 1 0 1 1 1 0 1 0 0 1 1 1 1 ]

d_25_21=2.753898259900 s=[ 0 0 0 1 1 1 1 1 1 0 1 1 0 0 1 1 1 0 0 + + 1 0 1 1 1 0 1 1 1 0 1 0 0 1 1 1 1 ]

d_25_21=2.754098460100 s=[ 0 0 0 1 1 1 1 1 1 0 1 1 0 0 1 1 1 0 0 + + 1 0 1 1 1 0 1 1 1 0 1 0 0 1 1 1 1 ]

d_25_21=2.754298660300 s=[ 0 0 0 1 1 1 1 1 1 0 1 1 0 0 1 1 1 0 0 + + 1 0 1 1 1 0 1 1 1 0 1 0 0 1 1 1 1 ]

d_25_21=2.754498860501 s=[ 0 0 0 1 1 1 1 1 1 0 1 1 0 0 1 1 1 0 0 + + 1 0 1 1 1 0 1 1 1 0 1 0 0 1 1 1 1 ]

d_25_21=2.754699060701 s=[ 0 0 0 1 1 1 1 1 1 0 1 1 0 0 1 1 1 0 0 + + 1 0 1 1 1 0 1 1 1 0 1 0 0 1 1 1 1 ]

d_25_21=2.754899260901 s=[ 0 0 0 1 1 1 1 1 1 0 1 1 0 0 1 1 1 0 0 + + 1 0 1 1 1 0 1 1 1 0 1 0 0 1 1 1 1 ]

d_25_21=2.755099461101 s=[ 0 0 0 1 1 1 1 1 1 0 1 1 0 0 1 1 1 0 0 + + 1 0 1 1 1 0 1 1 1 0 1 0 0 1 1 1 1 ]

d_25_21=2.755299661301 s=[ 0 0 0 1 1 1 1 1 1 0 1 1 0 0 1 1 1 0 0 + + 1 0 1 1 1 0 1 1 1 0 1 0 0 1 1 1 1 ]

d_25_21=2.755499861501 s=[ 0 0 0 1 1 1 1 1 1 0 1 1 0 0 1 1 1 0 0 + + 1 0 1 1 1 0 1 1 1 0 1 0 0 1 1 1 1 ]

d_25_21=2.755700061702 s=[ 0 0 0 1 1 1 1 1 1 0 1 1 0 0 1 1 1 0 0 + + 1 0 1 1 1 0 1 1 1 0 1 0 0 1 1 1 1 ]

d_25_21=2.755900261902 s=[ 0 0 0 1 1 1 1 1 1 0 1 1 0 0 1 1 1 0 0 + + 1 0 1 1 1 0 1 1 1 0 1 0 0 1 1 1 1 ]

d_25_21=2.756100462102 s=[ 0 0 0 1 1 1 1 1 1 0 1 1 0 0 1 1 1 0 0 + + 1 0 1 1 1 0 1 1 1 0 1 0 0 1 1 1 1 ]

d_25_21=2.756300662302 s=[ 0 0 0 1 1 1 1 1 1 0 1 1 0 0 1 1 1 0 0 + + 1 0 1 1 1 0 1 1 1 0 1 0 0 1 1 1 1 ]

d_25_21=2.756500862502 s=[ 0 0 0 1 1 1 1 1 1 0 1 1 0 0 1 1 1 0 0 + + 1 0 1 1 1 0 1 1 1 0 1 0 0 1 1 1 1 ]

d_25_21=2.756701062703 s=[ 0 0 0 1 1 1 1 1 1 0 1 1 0 0 1 1 1 0 0 + + 1 0 1 1 1 0 1 1 1 0 1 0 0 1 1 1 1 ]

d_25_21=2.756901262903 s=[ 0 0 0 1 1 1 1 1 1 0 1 1 0 0 1 1 1 0 0 + + 1 0 1 1 1 0 1 1 1 0 1 0 0 1 1 1 1 ]

d_25_21=2.757101463103 s=[ 0 0 0 1 1 1 1 1 1 0 1 1 0 0 1 1 1 0 0 + + 1 0 1 1 1 0 1 1 1 0 1 0 0 1 1 1 1 ]

d_25_21=2.757301663303 s=[ 0 0 0 1 1 1 1 1 1 0 1 1 0 0 1 1 1 0 0 + + 1 0 1 1 1 0 1 1 1 0 1 0 0 1 1 1 1 ]

d_25_21=2.757501863504 s=[ 0 0 0 1 1 1 1 1 1 0 1 1 0 0 1 1 1 0 0 + + 1 0 1 1 1 0 1 1 1 0 1 0 0 1 1 1 1 ]

d_25_21=2.757702063704 s=[ 0 0 0 1 1 1 1 1 1 0 1 1 0 0 1 1 1 0 0 + + 1 0 1 1 1 0 1 1 1 0 1 0 0 1 1 1 1 ]

d_25_21=2.757902263904 s=[ 0 0 0 1 1 1 1 1 1 0 1 1 0 0 1 1 1 0 0 + + 1 0 1 1 1 0 1 1 1 0 1 0 0 1 1 1 1 ]

d_25_21=2.758102464104 s=[ 0 0 0 1 1 1 1 1 1 0 1 1 0 0 1 1 1 0 0 + + 1 0 1 1 1 0 1 1 1 0 1 0 0 1 1 1 1 ]

d_25_21=2.758302664304 s=[ 0 0 0 1 1 1 1 1 1 0 1 1 0 0 1 1 1 0 0 + + 1 0 1 1 1 0 1 1 1 0 1 0 0 1 1 1 1 ]

d_25_21=2.758502864505 s=[ 0 0 0 1 1 1 1 1 1 0 1 1 0 0 1 1 1 0 0 + + 1 0 1 1 1 0 1 1 1 0 1 0 0 1 1 1 1 ]

d_25_21=2.758703064705 s=[ 0 0 0 1 1 1 1 1 1 0 1 1 0 0 1 1 1 0 0 + + 1 0 1 1 1 0 1 1 1 0 1 0 0 1 1 1 1 ]

d_25_21=2.758903264905 s=[ 0 0 0 1 1 1 1 1 1 0 1 1 0 0 1 1 1 0 0 + + 1 0 1 1 1 0 1 1 1 0 1 0 0 1 1 1 1 ]

d_25_21=2.759103465105 s=[ 0 0 0 1 1 1 1 1 1 0 1 1 0 0 1 1 1 0 0 + + 1 0 1 1 1 0 1 1 1 0 1 0 0 1 1 1 1 ]

d_25_21=2.824969330971 s=[ 0 0 0 1 1 1 1 1 1 0 1 1 0 0 1 1 1 0 0 + + 1 0 1 1 1 0 1 1 1 1 0 1 1 0 0 0 0 ]

d_25_21=2.825169531171 s=[ 0 0 0 1 1 1 1 1 1 0 1 1 0 0 1 1 1 0 0 + + 1 0 1 1 1 0 1 1 1 1 0 1 1 0 0 0 0 ]

d_25_21=2.825369731371 s=[ 0 0 0 1 1 1 1 1 1 0 1 1 0 0 1 1 1 0 0 + + 1 0 1 1 1 0 1 1 1 1 0 1 1 0 0 0 0 ]

d_25_21=2.825569931572 s=[ 0 0 0 1 1 1 1 1 1 0 1 1 0 0 1 1 1 0 0 + + 1 0 1 1 1 0 1 1 1 1 0 1 1 0 0 0 0 ]

d_25_21=2.825770131772 s=[ 0 0 0 1 1 1 1 1 1 0 1 1 0 0 1 1 1 0 0 + + 1 0 1 1 1 0 1 1 1 1 0 1 1 0 0 0 0 ]

d_25_21=2.825970331972 s=[ 0 0 0 1 1 1 1 1 1 0 1 1 0 0 1 1 1 0 0 + + 1 0 1 1 1 0 1 1 1 1 0 1 1 0 0 0 0 ]

d_25_21=2.826170532172 s=[ 0 0 0 1 1 1 1 1 1 0 1 1 0 0 1 1 1 0 0 + + 1 0 1 1 1 0 1 1 1 1 0 1 1 0 0 0 0 ]

d_25_21=2.826370732372 s=[ 0 0 0 1 1 1 1 1 1 0 1 1 0 0 1 1 1 0 0 + + 1 0 1 1 1 0 1 1 1 1 0 1 1 0 0 0 0 ]

d_25_21=2.826570932573 s=[ 0 0 0 1 1 1 1 1 1 0 1 1 0 0 1 1 1 0 0 + + 1 0 1 1 1 0 1 1 1 1 0 1 1 0 0 0 0 ]

d_25_21=2.826771132773 s=[ 0 0 0 1 1 1 1 1 1 0 1 1 0 0 1 1 1 0 0 + + 1 0 1 1 1 0 1 1 1 1 0 1 1 0 0 0 0 ]

d_25_21=2.826971332973 s=[ 0 0 0 1 1 1 1 1 1 0 1 1 0 0 1 1 1 0 0 + + 1 0 1 1 1 0 1 1 1 1 0 1 1 0 0 0 0 ]

d_25_21=2.827171533173 s=[ 0 0 0 1 1 1 1 1 1 0 1 1 0 0 1 1 1 0 0 + + 1 0 1 1 1 0 1 1 1 1 0 1 1 0 0 0 0 ]

d_25_21=2.827371733373 s=[ 0 0 0 1 1 1 1 1 1 0 1 1 0 0 1 1 1 0 0 + + 1 0 1 1 1 0 1 1 1 1 0 1 1 0 0 0 0 ]

d_25_21=2.827571933574 s=[ 0 0 0 1 1 1 1 1 1 0 1 1 0 0 1 1 1 0 0 + + 1 0 1 1 1 0 1 1 1 1 0 1 1 0 0 0 0 ]

d_25_21=2.827772133774 s=[ 0 0 0 1 1 1 1 1 1 0 1 1 0 0 1 1 1 0 0 + + 1 0 1 1 1 0 1 1 1 1 0 1 1 0 0 0 0 ]

d_25_21=2.827972333974 s=[ 0 0 0 1 1 1 1 1 1 0 1 1 0 0 1 1 1 0 0 + + 1 0 1 1 1 0 1 1 1 1 0 1 1 0 0 0 0 ]

d_25_21=2.828172534174 s=[ 0 0 0 1 1 1 1 1 1 0 1 1 0 0 1 1 1 0 0 + + 1 0 1 1 1 0 1 1 1 1 0 1 1 0 0 0 0 ]

d_25_21=2.828372734374 s=[ 0 0 0 1 1 1 1 1 1 0 1 1 0 0 1 1 1 0 0 + + 1 0 1 1 1 0 1 1 1 1 0 1 1 0 0 0 0 ]

d_25_21=2.828572934575 s=[ 0 0 0 1 1 1 1 1 1 0 1 1 0 0 1 1 1 0 0 + + 1 0 1 1 1 0 1 1 1 1 0 1 1 0 0 0 0 ]

d_25_21=2.828773134775 s=[ 0 0 0 1 1 1 1 1 1 0 1 1 0 0 1 1 1 0 0 + + 1 0 1 1 1 0 1 1 1 1 0 1 1 0 0 0 0 ]

d_25_21=2.828973334975 s=[ 0 0 0 1 1 1 1 1 1 0 1 1 0 0 1 1 1 0 0 + + 1 0 1 1 1 0 1 1 1 1 0 1 1 0 0 0 0 ]

d_25_21=2.829173535175 s=[ 0 0 0 1 1 1 1 1 1 0 1 1 0 0 1 1 1 0 0 + + 1 0 1 1 1 0 1 1 1 1 0 1 1 0 0 0 0 ]

d_25_21=2.829373735375 s=[ 0 0 0 1 1 1 1 1 1 0 1 1 0 0 1 1 1 0 0 + + 1 0 1 1 1 0 1 1 1 1 0 1 1 0 0 0 0 ]

d_25_21=2.829573935576 s=[ 0 0 0 1 1 1 1 1 1 0 1 1 0 0 1 1 1 0 0 + + 1 0 1 1 1 0 1 1 1 1 0 1 1 0 0 0 0 ]

d_25_21=2.829774135776 s=[ 0 0 0 1 1 1 1 1 1 0 1 1 0 0 1 1 1 0 0 + + 1 0 1 1 1 0 1 1 1 1 0 1 1 0 0 0 0 ]

d_25_21=2.829974335976 s=[ 0 0 0 1 1 1 1 1 1 0 1 1 0 0 1 1 1 0 0 + + 1 0 1 1 1 0 1 1 1 1 0 1 1 0 0 0 0 ]

d_25_21=2.830174536176 s=[ 0 0 0 1 1 1 1 1 1 0 1 1 0 0 1 1 1 0 0 + + 1 0 1 1 1 0 1 1 1 1 0 1 1 0 0 0 0 ]

d_25_21=2.830374736376 s=[ 0 0 0 1 1 1 1 1 1 0 1 1 0 0 1 1 1 0 0 + + 1 0 1 1 1 0 1 1 1 1 0 1 1 0 0 0 0 ]

d_25_21=2.830574936577 s=[ 0 0 0 1 1 1 1 1 1 0 1 1 0 0 1 1 1 0 0 + + 1 0 1 1 1 0 1 1 1 1 0 1 1 0 0 0 0 ]

d_25_21=2.830775136777 s=[ 0 0 0 1 1 1 1 1 1 0 1 1 0 0 1 1 1 0 0 + + 1 0 1 1 1 0 1 1 1 1 0 1 1 0 0 0 0 ]

d_25_21=2.830975336977 s=[ 0 0 0 1 1 1 1 1 1 0 1 1 0 0 1 1 1 0 0 + + 1 0 1 1 1 0 1 1 1 1 0 1 1 0 0 0 0 ]

d_25_21=2.831175537177 s=[ 0 0 0 1 1 1 1 1 1 0 1 1 0 0 1 1 1 0 0 + + 1 0 1 1 1 0 1 1 1 1 0 1 1 0 0 0 0 ]

d_25_21=2.831375737377 s=[ 0 0 0 1 1 1 1 1 1 0 1 1 0 0 1 1 1 0 0 + + 1 0 1 1 1 0 1 1 1 1 0 1 1 0 0 0 0 ]

d_25_21=2.831575937578 s=[ 0 0 0 1 1 1 1 1 1 0 1 1 0 0 1 1 1 0 0 + + 1 0 1 1 1 0 1 1 1 1 0 1 1 0 0 0 0 ]

d_25_21=2.831776137778 s=[ 0 0 0 1 1 1 1 1 1 0 1 1 0 0 1 1 1 0 0 + + 1 0 1 1 1 0 1 1 1 1 0 1 1 0 0 0 0 ]

d_25_21=2.831976337978 s=[ 0 0 0 1 1 1 1 1 1 0 1 1 0 0 1 1 1 0 0 + + 1 0 1 1 1 0 1 1 1 1 0 1 1 0 0 0 0 ]

d_25_21=2.832176538178 s=[ 0 0 0 1 1 1 1 1 1 0 1 1 0 0 1 1 1 0 0 + + 1 0 1 1 1 0 1 1 1 1 0 1 1 0 0 0 0 ]

d_25_21=2.832376738378 s=[ 0 0 0 1 1 1 1 1 1 0 1 1 0 0 1 1 1 0 0 + + 1 0 1 1 1 0 1 1 1 1 0 1 1 0 0 0 0 ]

d_25_21=2.832576938579 s=[ 0 0 0 1 1 1 1 1 1 0 1 1 0 0 1 1 1 0 0 + + 1 0 1 1 1 0 1 1 1 1 0 1 1 0 0 0 0 ]

d_25_21=2.832777138779 s=[ 0 0 0 1 1 1 1 1 1 0 1 1 0 0 1 1 1 0 0 + + 1 0 1 1 1 0 1 1 1 1 0 1 1 0 0 0 0 ]

d_25_21=2.832977338979 s=[ 0 0 0 1 1 1 1 1 1 0 1 1 0 0 1 1 1 0 0 + + 1 0 1 1 1 0 1 1 1 1 0 1 1 0 0 0 0 ]

d_25_21=2.833177539179 s=[ 0 0 0 1 1 1 1 1 1 0 1 1 0 0 1 1 1 0 0 + + 1 0 1 1 1 0 1 1 1 1 0 1 1 0 0 0 0 ]

d_25_21=2.833377739379 s=[ 0 0 0 1 1 1 1 1 1 0 1 1 0 0 1 1 1 0 0 + + 1 0 1 1 1 0 1 1 1 1 0 1 1 0 0 0 0 ]

d_25_21=2.833577939580 s=[ 0 0 0 1 1 1 1 1 1 0 1 1 0 0 1 1 1 0 0 + + 1 0 1 1 1 0 1 1 1 1 0 1 1 0 0 0 0 ]

d_25_21=2.833778139780 s=[ 0 0 0 1 1 1 1 1 1 0 1 1 0 0 1 1 1 0 0 + + 1 0 1 1 1 0 1 1 1 1 0 1 1 0 0 0 0 ]

d_25_21=2.833978339980 s=[ 0 0 0 1 1 1 1 1 1 0 1 1 0 0 1 1 1 0 0 + + 1 0 1 1 1 0 1 1 1 1 0 1 1 0 0 0 0 ]

d_25_21=2.834178540180 s=[ 0 0 0 1 1 1 1 1 1 0 1 1 0 0 1 1 1 0 0 + + 1 0 1 1 1 0 1 1 1 1 0 1 1 0 0 0 0 ]

d_25_21=2.834378740380 s=[ 0 0 0 1 1 1 1 1 1 0 1 1 0 0 1 1 1 0 0 + + 1 0 1 1 1 0 1 1 1 1 0 1 1 0 0 0 0 ]

d_25_21=2.834578940581 s=[ 0 0 0 1 1 1 1 1 1 0 1 1 0 0 1 1 1 0 0 + + 1 0 1 1 1 0 1 1 1 1 0 1 1 0 0 0 0 ]

d_25_21=2.834779140781 s=[ 0 0 0 1 1 1 1 1 1 0 1 1 0 0 1 1 1 0 0 + + 1 0 1 1 1 0 1 1 1 1 0 1 1 0 0 0 0 ]

d_25_21=2.834979340981 s=[ 0 0 0 1 1 1 1 1 1 0 1 1 0 0 1 1 1 0 0 + + 1 0 1 1 1 0 1 1 1 1 0 1 1 0 0 0 0 ]

