order:    [ 1 19 20 0 37 36 35 34 33 32 31 30 29 28 27 26 24 23 22 25 21 18 10 11 17 16 15 14 13 12 9 2 8 7 6 5 4 3 ]
atoms:    [ CA CA C N C CA N C CA N C CA N C CA N C CA N H HA N CA C C CA N C CA N N C C CA N C CA N ]
residues: [ 0 6 6 0 11 11 11 10 10 10 9 9 9 8 8 8 7 7 7 7 6 6 3 3 5 5 5 4 4 4 3 0 2 2 2 1 1 1 ]

d_25_21=2.691235597237 eijMax=9.487E-03 rmsd=1.275E+01 s=[ 0 0 0 0 0 0 0 0 0 1 0 0 1 1 0 0 0 1 1 0 0 1 1 0 0 0 1 0 0 0 0 0 1 1 0 0 0 0 ]
d_25_21=2.691435797437 eijMax=8.311E-03 rmsd=1.275E+01 s=[ 0 0 0 0 0 0 0 0 0 1 0 0 1 1 0 0 0 1 1 0 0 1 1 0 0 0 1 0 0 0 0 0 1 1 0 0 0 0 ]
d_25_21=2.691635997638 eijMax=7.131E-03 rmsd=1.275E+01 s=[ 0 0 0 0 0 0 0 0 0 1 0 0 1 1 0 0 0 1 1 0 0 1 1 0 0 0 1 0 0 0 0 0 1 1 0 0 0 0 ]
d_25_21=2.691836197838 eijMax=5.947E-03 rmsd=1.275E+01 s=[ 0 0 0 0 0 0 0 0 0 1 0 0 1 1 0 0 0 1 1 0 0 1 1 0 0 0 1 0 0 0 0 0 1 1 0 0 0 0 ]
d_25_21=2.692036398038 eijMax=4.759E-03 rmsd=1.275E+01 s=[ 0 0 0 0 0 0 0 0 0 1 0 0 1 1 0 0 0 1 1 0 0 1 1 0 0 0 1 0 0 0 0 0 1 1 0 0 0 0 ]
d_25_21=2.692236598238 eijMax=3.568E-03 rmsd=1.275E+01 s=[ 0 0 0 0 0 0 0 0 0 1 0 0 1 1 0 0 0 1 1 0 0 1 1 0 0 0 1 0 0 0 0 0 1 1 0 0 0 0 ]
d_25_21=2.692436798438 eijMax=2.372E-03 rmsd=1.275E+01 s=[ 0 0 0 0 0 0 0 0 0 1 0 0 1 1 0 0 0 1 1 0 0 1 1 0 0 0 1 0 0 0 0 0 1 1 0 0 0 0 ]
d_25_21=2.692636998639 eijMax=1.173E-03 rmsd=1.275E+01 s=[ 0 0 0 0 0 0 0 0 0 1 0 0 1 1 0 0 0 1 1 0 0 1 1 0 0 0 1 0 0 0 0 0 1 1 0 0 0 0 ]
d_25_21=2.692837198839 eijMax=3.519E-05 rmsd=1.275E+01 s=[ 0 0 0 0 0 0 0 0 0 1 0 0 1 1 0 0 0 1 1 0 0 1 1 0 0 0 1 0 0 0 0 0 1 1 0 0 0 0 ]
d_25_21=2.693037399039 eijMax=1.237E-03 rmsd=1.275E+01 s=[ 0 0 0 0 0 0 0 0 0 1 0 0 1 1 0 0 0 1 1 0 0 1 1 0 0 0 1 0 0 0 0 0 1 1 0 0 0 0 ]
d_25_21=2.693237599239 eijMax=2.449E-03 rmsd=1.275E+01 s=[ 0 0 0 0 0 0 0 0 0 1 0 0 1 1 0 0 0 1 1 0 0 1 1 0 0 0 1 0 0 0 0 0 1 1 0 0 0 0 ]
d_25_21=2.693437799439 eijMax=3.664E-03 rmsd=1.274E+01 s=[ 0 0 0 0 0 0 0 0 0 1 0 0 1 1 0 0 0 1 1 0 0 1 1 0 0 0 1 0 0 0 0 0 1 1 0 0 0 0 ]
d_25_21=2.693637999640 eijMax=4.883E-03 rmsd=1.274E+01 s=[ 0 0 0 0 0 0 0 0 0 1 0 0 1 1 0 0 0 1 1 0 0 1 1 0 0 0 1 0 0 0 0 0 1 1 0 0 0 0 ]
d_25_21=2.693838199840 eijMax=6.107E-03 rmsd=1.274E+01 s=[ 0 0 0 0 0 0 0 0 0 1 0 0 1 1 0 0 0 1 1 0 0 1 1 0 0 0 1 0 0 0 0 0 1 1 0 0 0 0 ]
d_25_21=2.694038400040 eijMax=7.334E-03 rmsd=1.274E+01 s=[ 0 0 0 0 0 0 0 0 0 1 0 0 1 1 0 0 0 1 1 0 0 1 1 0 0 0 1 0 0 0 0 0 1 1 0 0 0 0 ]
d_25_21=2.694238600240 eijMax=8.566E-03 rmsd=1.274E+01 s=[ 0 0 0 0 0 0 0 0 0 1 0 0 1 1 0 0 0 1 1 0 0 1 1 0 0 0 1 0 0 0 0 0 1 1 0 0 0 0 ]
d_25_21=2.694438800440 eijMax=9.802E-03 rmsd=1.274E+01 s=[ 0 0 0 0 0 0 0 0 0 1 0 0 1 1 0 0 0 1 1 0 0 1 1 0 0 0 1 0 0 0 0 0 1 1 0 0 0 0 ]
d_25_21=2.727271633273 eijMax=9.619E-03 rmsd=6.824E-02 s=[ 0 0 0 0 0 0 0 0 0 1 0 0 1 1 0 0 0 1 1 0 1 0 0 0 0 0 1 0 0 0 1 0 1 1 0 0 0 0 ]
d_25_21=2.727471833473 eijMax=9.080E-03 rmsd=6.442E-02 s=[ 0 0 0 0 0 0 0 0 0 1 0 0 1 1 0 0 0 1 1 0 1 0 0 0 0 0 1 0 0 0 1 0 1 1 0 0 0 0 ]
d_25_21=2.727672033674 eijMax=8.541E-03 rmsd=6.061E-02 s=[ 0 0 0 0 0 0 0 0 0 1 0 0 1 1 0 0 0 1 1 0 1 0 0 0 0 0 1 0 0 0 1 0 1 1 0 0 0 0 ]
d_25_21=2.727872233874 eijMax=8.004E-03 rmsd=5.680E-02 s=[ 0 0 0 0 0 0 0 0 0 1 0 0 1 1 0 0 0 1 1 0 1 0 0 0 0 0 1 0 0 0 1 0 1 1 0 0 0 0 ]
d_25_21=2.728072434074 eijMax=7.466E-03 rmsd=5.300E-02 s=[ 0 0 0 0 0 0 0 0 0 1 0 0 1 1 0 0 0 1 1 0 1 0 0 0 0 0 1 0 0 0 1 0 1 1 0 0 0 0 ]
d_25_21=2.728272634274 eijMax=6.930E-03 rmsd=4.920E-02 s=[ 0 0 0 0 0 0 0 0 0 1 0 0 1 1 0 0 0 1 1 0 1 0 0 0 0 0 1 0 0 0 1 0 1 1 0 0 0 0 ]
d_25_21=2.728472834474 eijMax=6.394E-03 rmsd=4.540E-02 s=[ 0 0 0 0 0 0 0 0 0 1 0 0 1 1 0 0 0 1 1 0 1 0 0 0 0 0 1 0 0 0 1 0 1 1 0 0 0 0 ]
d_25_21=2.728673034675 eijMax=5.858E-03 rmsd=4.160E-02 s=[ 0 0 0 0 0 0 0 0 0 1 0 0 1 1 0 0 0 1 1 0 1 0 0 0 0 0 1 0 0 0 1 0 1 1 0 0 0 0 ]
d_25_21=2.728873234875 eijMax=5.324E-03 rmsd=3.780E-02 s=[ 0 0 0 0 0 0 0 0 0 1 0 0 1 1 0 0 0 1 1 0 1 0 0 0 0 0 1 0 0 0 1 0 1 1 0 0 0 0 ]
d_25_21=2.729073435075 eijMax=4.789E-03 rmsd=3.401E-02 s=[ 0 0 0 0 0 0 0 0 0 1 0 0 1 1 0 0 0 1 1 0 1 0 0 0 0 0 1 0 0 0 1 0 1 1 0 0 0 0 ]
d_25_21=2.729273635275 eijMax=4.256E-03 rmsd=3.022E-02 s=[ 0 0 0 0 0 0 0 0 0 1 0 0 1 1 0 0 0 1 1 0 1 0 0 0 0 0 1 0 0 0 1 0 1 1 0 0 0 0 ]
d_25_21=2.729473835475 eijMax=3.723E-03 rmsd=2.644E-02 s=[ 0 0 0 0 0 0 0 0 0 1 0 0 1 1 0 0 0 1 1 0 1 0 0 0 0 0 1 0 0 0 1 0 1 1 0 0 0 0 ]
d_25_21=2.729674035676 eijMax=3.191E-03 rmsd=2.265E-02 s=[ 0 0 0 0 0 0 0 0 0 1 0 0 1 1 0 0 0 1 1 0 1 0 0 0 0 0 1 0 0 0 1 0 1 1 0 0 0 0 ]
d_25_21=2.729874235876 eijMax=2.660E-03 rmsd=1.887E-02 s=[ 0 0 0 0 0 0 0 0 0 1 0 0 1 1 0 0 0 1 1 0 1 0 0 0 0 0 1 0 0 0 1 0 1 1 0 0 0 0 ]
d_25_21=2.730074436076 eijMax=2.129E-03 rmsd=1.509E-02 s=[ 0 0 0 0 0 0 0 0 0 1 0 0 1 1 0 0 0 1 1 0 1 0 0 0 0 0 1 0 0 0 1 0 1 1 0 0 0 0 ]
d_25_21=2.730274636276 eijMax=1.598E-03 rmsd=1.131E-02 s=[ 0 0 0 0 0 0 0 0 0 1 0 0 1 1 0 0 0 1 1 0 1 0 0 0 0 0 1 0 0 0 1 0 1 1 0 0 0 0 ]
d_25_21=2.730474836476 eijMax=1.069E-03 rmsd=7.540E-03 s=[ 0 0 0 0 0 0 0 0 0 1 0 0 1 1 0 0 0 1 1 0 1 0 0 0 0 0 1 0 0 0 1 0 1 1 0 0 0 0 ]
d_25_21=2.730675036677 eijMax=5.397E-04 rmsd=3.769E-03 s=[ 0 0 0 0 0 0 0 0 0 1 0 0 1 1 0 0 0 1 1 0 1 0 0 0 0 0 1 0 0 0 1 0 1 1 0 0 0 0 ]
d_25_21=2.730875236877 eijMax=3.519E-05 rmsd=8.658E-05 s=[ 0 0 0 0 0 0 0 0 0 1 0 0 1 1 0 0 0 1 1 0 1 0 0 0 0 0 1 0 0 0 1 0 1 1 0 0 0 0 ]
d_25_21=2.731075437077 eijMax=5.165E-04 rmsd=3.769E-03 s=[ 0 0 0 0 0 0 0 0 0 1 0 0 1 1 0 0 0 1 1 0 1 0 0 0 0 0 1 0 0 0 1 0 1 1 0 0 0 0 ]
d_25_21=2.731275637277 eijMax=1.044E-03 rmsd=7.532E-03 s=[ 0 0 0 0 0 0 0 0 0 1 0 0 1 1 0 0 0 1 1 0 1 0 0 0 0 0 1 0 0 0 1 0 1 1 0 0 0 0 ]
d_25_21=2.731475837477 eijMax=1.570E-03 rmsd=1.129E-02 s=[ 0 0 0 0 0 0 0 0 0 1 0 0 1 1 0 0 0 1 1 0 1 0 0 0 0 0 1 0 0 0 1 0 1 1 0 0 0 0 ]
d_25_21=2.731676037678 eijMax=2.096E-03 rmsd=1.505E-02 s=[ 0 0 0 0 0 0 0 0 0 1 0 0 1 1 0 0 0 1 1 0 1 0 0 0 0 0 1 0 0 0 1 0 1 1 0 0 0 0 ]
d_25_21=2.731876237878 eijMax=2.621E-03 rmsd=1.881E-02 s=[ 0 0 0 0 0 0 0 0 0 1 0 0 1 1 0 0 0 1 1 0 1 0 0 0 0 0 1 0 0 0 1 0 1 1 0 0 0 0 ]
d_25_21=2.732076438078 eijMax=3.146E-03 rmsd=2.256E-02 s=[ 0 0 0 0 0 0 0 0 0 1 0 0 1 1 0 0 0 1 1 0 1 0 0 0 0 0 1 0 0 0 1 0 1 1 0 0 0 0 ]
d_25_21=2.732276638278 eijMax=3.670E-03 rmsd=2.631E-02 s=[ 0 0 0 0 0 0 0 0 0 1 0 0 1 1 0 0 0 1 1 0 1 0 0 0 0 0 1 0 0 0 1 0 1 1 0 0 0 0 ]
d_25_21=2.732476838478 eijMax=4.194E-03 rmsd=3.006E-02 s=[ 0 0 0 0 0 0 0 0 0 1 0 0 1 1 0 0 0 1 1 0 1 0 0 0 0 0 1 0 0 0 1 0 1 1 0 0 0 0 ]
d_25_21=2.732677038679 eijMax=4.716E-03 rmsd=3.381E-02 s=[ 0 0 0 0 0 0 0 0 0 1 0 0 1 1 0 0 0 1 1 0 1 0 0 0 0 0 1 0 0 0 1 0 1 1 0 0 0 0 ]
d_25_21=2.732877238879 eijMax=5.239E-03 rmsd=3.755E-02 s=[ 0 0 0 0 0 0 0 0 0 1 0 0 1 1 0 0 0 1 1 0 1 0 0 0 0 0 1 0 0 0 1 0 1 1 0 0 0 0 ]
d_25_21=2.733077439079 eijMax=5.760E-03 rmsd=4.129E-02 s=[ 0 0 0 0 0 0 0 0 0 1 0 0 1 1 0 0 0 1 1 0 1 0 0 0 0 0 1 0 0 0 1 0 1 1 0 0 0 0 ]
d_25_21=2.733277639279 eijMax=6.281E-03 rmsd=4.503E-02 s=[ 0 0 0 0 0 0 0 0 0 1 0 0 1 1 0 0 0 1 1 0 1 0 0 0 0 0 1 0 0 0 1 0 1 1 0 0 0 0 ]
d_25_21=2.733477839479 eijMax=6.801E-03 rmsd=4.877E-02 s=[ 0 0 0 0 0 0 0 0 0 1 0 0 1 1 0 0 0 1 1 0 1 0 0 0 0 0 1 0 0 0 1 0 1 1 0 0 0 0 ]
d_25_21=2.733678039680 eijMax=7.321E-03 rmsd=5.250E-02 s=[ 0 0 0 0 0 0 0 0 0 1 0 0 1 1 0 0 0 1 1 0 1 0 0 0 0 0 1 0 0 0 1 0 1 1 0 0 0 0 ]
d_25_21=2.733878239880 eijMax=7.840E-03 rmsd=5.623E-02 s=[ 0 0 0 0 0 0 0 0 0 1 0 0 1 1 0 0 0 1 1 0 1 0 0 0 0 0 1 0 0 0 1 0 1 1 0 0 0 0 ]
d_25_21=2.734078440080 eijMax=8.359E-03 rmsd=5.996E-02 s=[ 0 0 0 0 0 0 0 0 0 1 0 0 1 1 0 0 0 1 1 0 1 0 0 0 0 0 1 0 0 0 1 0 1 1 0 0 0 0 ]
d_25_21=2.734278640280 eijMax=8.877E-03 rmsd=6.369E-02 s=[ 0 0 0 0 0 0 0 0 0 1 0 0 1 1 0 0 0 1 1 0 1 0 0 0 0 0 1 0 0 0 1 0 1 1 0 0 0 0 ]
d_25_21=2.734478840480 eijMax=9.394E-03 rmsd=6.741E-02 s=[ 0 0 0 0 0 0 0 0 0 1 0 0 1 1 0 0 0 1 1 0 1 0 0 0 0 0 1 0 0 0 1 0 1 1 0 0 0 0 ]
d_25_21=2.734679040681 eijMax=9.911E-03 rmsd=7.114E-02 s=[ 0 0 0 0 0 0 0 0 0 1 0 0 1 1 0 0 0 1 1 0 1 0 0 0 0 0 1 0 0 0 1 0 1 1 0 0 0 0 ]
d_25_21=2.741085447087 eijMax=9.482E-03 rmsd=9.656E+00 s=[ 0 0 0 0 0 0 0 0 0 1 0 0 1 1 0 0 0 1 1 0 1 0 1 1 1 1 0 1 1 1 1 0 1 1 0 0 0 0 ]
d_25_21=2.741285647287 eijMax=8.871E-03 rmsd=9.656E+00 s=[ 0 0 0 0 0 0 0 0 0 1 0 0 1 1 0 0 0 1 1 0 1 0 1 1 1 1 0 1 1 1 1 0 1 1 0 0 0 0 ]
d_25_21=2.741485847487 eijMax=8.259E-03 rmsd=9.656E+00 s=[ 0 0 0 0 0 0 0 0 0 1 0 0 1 1 0 0 0 1 1 0 1 0 1 1 1 1 0 1 1 1 1 0 1 1 0 0 0 0 ]
d_25_21=2.741686047688 eijMax=7.648E-03 rmsd=9.656E+00 s=[ 0 0 0 0 0 0 0 0 0 1 0 0 1 1 0 0 0 1 1 0 1 0 1 1 1 1 0 1 1 1 1 0 1 1 0 0 0 0 ]
d_25_21=2.741886247888 eijMax=7.036E-03 rmsd=9.656E+00 s=[ 0 0 0 0 0 0 0 0 0 1 0 0 1 1 0 0 0 1 1 0 1 0 1 1 1 1 0 1 1 1 1 0 1 1 0 0 0 0 ]
d_25_21=2.742086448088 eijMax=6.424E-03 rmsd=9.655E+00 s=[ 0 0 0 0 0 0 0 0 0 1 0 0 1 1 0 0 0 1 1 0 1 0 1 1 1 1 0 1 1 1 1 0 1 1 0 0 0 0 ]
d_25_21=2.742286648288 eijMax=5.812E-03 rmsd=9.655E+00 s=[ 0 0 0 0 0 0 0 0 0 1 0 0 1 1 0 0 0 1 1 0 1 0 1 1 1 1 0 1 1 1 1 0 1 1 0 0 0 0 ]
d_25_21=2.742486848488 eijMax=5.199E-03 rmsd=9.655E+00 s=[ 0 0 0 0 0 0 0 0 0 1 0 0 1 1 0 0 0 1 1 0 1 0 1 1 1 1 0 1 1 1 1 0 1 1 0 0 0 0 ]
d_25_21=2.742687048689 eijMax=4.587E-03 rmsd=9.655E+00 s=[ 0 0 0 0 0 0 0 0 0 1 0 0 1 1 0 0 0 1 1 0 1 0 1 1 1 1 0 1 1 1 1 0 1 1 0 0 0 0 ]
d_25_21=2.742887248889 eijMax=3.974E-03 rmsd=9.655E+00 s=[ 0 0 0 0 0 0 0 0 0 1 0 0 1 1 0 0 0 1 1 0 1 0 1 1 1 1 0 1 1 1 1 0 1 1 0 0 0 0 ]
d_25_21=2.743087449089 eijMax=3.361E-03 rmsd=9.655E+00 s=[ 0 0 0 0 0 0 0 0 0 1 0 0 1 1 0 0 0 1 1 0 1 0 1 1 1 1 0 1 1 1 1 0 1 1 0 0 0 0 ]
d_25_21=2.743287649289 eijMax=2.747E-03 rmsd=9.655E+00 s=[ 0 0 0 0 0 0 0 0 0 1 0 0 1 1 0 0 0 1 1 0 1 0 1 1 1 1 0 1 1 1 1 0 1 1 0 0 0 0 ]
d_25_21=2.743487849489 eijMax=2.134E-03 rmsd=9.654E+00 s=[ 0 0 0 0 0 0 0 0 0 1 0 0 1 1 0 0 0 1 1 0 1 0 1 1 1 1 0 1 1 1 1 0 1 1 0 0 0 0 ]
d_25_21=2.743688049690 eijMax=1.520E-03 rmsd=9.654E+00 s=[ 0 0 0 0 0 0 0 0 0 1 0 0 1 1 0 0 0 1 1 0 1 0 1 1 1 1 0 1 1 1 1 0 1 1 0 0 0 0 ]
d_25_21=2.743888249890 eijMax=9.059E-04 rmsd=9.654E+00 s=[ 0 0 0 0 0 0 0 0 0 1 0 0 1 1 0 0 0 1 1 0 1 0 1 1 1 1 0 1 1 1 1 0 1 1 0 0 0 0 ]
d_25_21=2.744088450090 eijMax=2.917E-04 rmsd=9.654E+00 s=[ 0 0 0 0 0 0 0 0 0 1 0 0 1 1 0 0 0 1 1 0 1 0 1 1 1 1 0 1 1 1 1 0 1 1 0 0 0 0 ]
d_25_21=2.744288650290 eijMax=3.229E-04 rmsd=9.654E+00 s=[ 0 0 0 0 0 0 0 0 0 1 0 0 1 1 0 0 0 1 1 0 1 0 1 1 1 1 0 1 1 1 1 0 1 1 0 0 0 0 ]
d_25_21=2.744488850490 eijMax=9.376E-04 rmsd=9.654E+00 s=[ 0 0 0 0 0 0 0 0 0 1 0 0 1 1 0 0 0 1 1 0 1 0 1 1 1 1 0 1 1 1 1 0 1 1 0 0 0 0 ]
d_25_21=2.744689050691 eijMax=1.553E-03 rmsd=9.653E+00 s=[ 0 0 0 0 0 0 0 0 0 1 0 0 1 1 0 0 0 1 1 0 1 0 1 1 1 1 0 1 1 1 1 0 1 1 0 0 0 0 ]
d_25_21=2.744889250891 eijMax=2.168E-03 rmsd=9.653E+00 s=[ 0 0 0 0 0 0 0 0 0 1 0 0 1 1 0 0 0 1 1 0 1 0 1 1 1 1 0 1 1 1 1 0 1 1 0 0 0 0 ]
d_25_21=2.745089451091 eijMax=2.783E-03 rmsd=9.653E+00 s=[ 0 0 0 0 0 0 0 0 0 1 0 0 1 1 0 0 0 1 1 0 1 0 1 1 1 1 0 1 1 1 1 0 1 1 0 0 0 0 ]
d_25_21=2.745289651291 eijMax=3.399E-03 rmsd=9.653E+00 s=[ 0 0 0 0 0 0 0 0 0 1 0 0 1 1 0 0 0 1 1 0 1 0 1 1 1 1 0 1 1 1 1 0 1 1 0 0 0 0 ]
d_25_21=2.745489851491 eijMax=4.015E-03 rmsd=9.653E+00 s=[ 0 0 0 0 0 0 0 0 0 1 0 0 1 1 0 0 0 1 1 0 1 0 1 1 1 1 0 1 1 1 1 0 1 1 0 0 0 0 ]
d_25_21=2.745690051692 eijMax=4.631E-03 rmsd=9.653E+00 s=[ 0 0 0 0 0 0 0 0 0 1 0 0 1 1 0 0 0 1 1 0 1 0 1 1 1 1 0 1 1 1 1 0 1 1 0 0 0 0 ]
d_25_21=2.745890251892 eijMax=5.248E-03 rmsd=9.653E+00 s=[ 0 0 0 0 0 0 0 0 0 1 0 0 1 1 0 0 0 1 1 0 1 0 1 1 1 1 0 1 1 1 1 0 1 1 0 0 0 0 ]
d_25_21=2.746090452092 eijMax=5.865E-03 rmsd=9.652E+00 s=[ 0 0 0 0 0 0 0 0 0 1 0 0 1 1 0 0 0 1 1 0 1 0 1 1 1 1 0 1 1 1 1 0 1 1 0 0 0 0 ]
d_25_21=2.746290652292 eijMax=6.482E-03 rmsd=9.652E+00 s=[ 0 0 0 0 0 0 0 0 0 1 0 0 1 1 0 0 0 1 1 0 1 0 1 1 1 1 0 1 1 1 1 0 1 1 0 0 0 0 ]
d_25_21=2.746490852492 eijMax=7.099E-03 rmsd=9.652E+00 s=[ 0 0 0 0 0 0 0 0 0 1 0 0 1 1 0 0 0 1 1 0 1 0 1 1 1 1 0 1 1 1 1 0 1 1 0 0 0 0 ]
d_25_21=2.746691052693 eijMax=7.716E-03 rmsd=9.652E+00 s=[ 0 0 0 0 0 0 0 0 0 1 0 0 1 1 0 0 0 1 1 0 1 0 1 1 1 1 0 1 1 1 1 0 1 1 0 0 0 0 ]
d_25_21=2.746891252893 eijMax=8.334E-03 rmsd=9.652E+00 s=[ 0 0 0 0 0 0 0 0 0 1 0 0 1 1 0 0 0 1 1 0 1 0 1 1 1 1 0 1 1 1 1 0 1 1 0 0 0 0 ]
d_25_21=2.747091453093 eijMax=8.952E-03 rmsd=9.652E+00 s=[ 0 0 0 0 0 0 0 0 0 1 0 0 1 1 0 0 0 1 1 0 1 0 1 1 1 1 0 1 1 1 1 0 1 1 0 0 0 0 ]
d_25_21=2.747291653293 eijMax=9.570E-03 rmsd=9.652E+00 s=[ 0 0 0 0 0 0 0 0 0 1 0 0 1 1 0 0 0 1 1 0 1 0 1 1 1 1 0 1 1 1 1 0 1 1 0 0 0 0 ]
d_25_21=2.748693054695 eijMax=9.706E-03 rmsd=1.276E+01 s=[ 0 0 0 0 0 0 0 0 0 1 0 0 1 1 0 0 0 1 1 0 0 1 1 1 1 1 0 1 1 1 1 0 1 1 0 0 0 0 ]
d_25_21=2.748893254895 eijMax=6.696E-03 rmsd=1.276E+01 s=[ 0 0 0 0 0 0 0 0 0 1 0 0 1 1 0 0 0 1 1 0 0 1 1 1 1 1 0 1 1 1 1 0 1 1 0 0 0 0 ]
d_25_21=2.749093455095 eijMax=3.660E-03 rmsd=1.275E+01 s=[ 0 0 0 0 0 0 0 0 0 1 0 0 1 1 0 0 0 1 1 0 0 1 1 1 1 1 0 1 1 1 1 0 1 1 0 0 0 0 ]
d_25_21=2.749293655295 eijMax=5.975E-04 rmsd=1.275E+01 s=[ 0 0 0 0 0 0 0 0 0 1 0 0 1 1 0 0 0 1 1 0 0 1 1 1 1 1 0 1 1 1 1 0 1 1 0 0 0 0 ]
d_25_21=2.749493855495 eijMax=2.493E-03 rmsd=1.275E+01 s=[ 0 0 0 0 0 0 0 0 0 1 0 0 1 1 0 0 0 1 1 0 0 1 1 1 1 1 0 1 1 1 1 0 1 1 0 0 0 0 ]
d_25_21=2.749694055696 eijMax=5.612E-03 rmsd=1.275E+01 s=[ 0 0 0 0 0 0 0 0 0 1 0 0 1 1 0 0 0 1 1 0 0 1 1 1 1 1 0 1 1 1 1 0 1 1 0 0 0 0 ]
d_25_21=2.749894255896 eijMax=8.759E-03 rmsd=1.274E+01 s=[ 0 0 0 0 0 0 0 0 0 1 0 0 1 1 0 0 0 1 1 0 0 1 1 1 1 1 0 1 1 1 1 0 1 1 0 0 0 0 ]
d_25_21=2.752296658298 eijMax=9.606E-03 rmsd=8.812E+00 s=[ 0 0 0 0 0 0 0 0 0 1 0 0 1 1 0 0 0 1 1 0 1 0 1 0 0 0 1 0 0 0 1 0 1 1 0 0 0 0 ]
d_25_21=2.752496858499 eijMax=9.042E-03 rmsd=8.812E+00 s=[ 0 0 0 0 0 0 0 0 0 1 0 0 1 1 0 0 0 1 1 0 1 0 1 0 0 0 1 0 0 0 1 0 1 1 0 0 0 0 ]
d_25_21=2.752697058699 eijMax=8.477E-03 rmsd=8.812E+00 s=[ 0 0 0 0 0 0 0 0 0 1 0 0 1 1 0 0 0 1 1 0 1 0 1 0 0 0 1 0 0 0 1 0 1 1 0 0 0 0 ]
d_25_21=2.752897258899 eijMax=7.912E-03 rmsd=8.812E+00 s=[ 0 0 0 0 0 0 0 0 0 1 0 0 1 1 0 0 0 1 1 0 1 0 1 0 0 0 1 0 0 0 1 0 1 1 0 0 0 0 ]
d_25_21=2.753097459099 eijMax=7.347E-03 rmsd=8.812E+00 s=[ 0 0 0 0 0 0 0 0 0 1 0 0 1 1 0 0 0 1 1 0 1 0 1 0 0 0 1 0 0 0 1 0 1 1 0 0 0 0 ]
d_25_21=2.753297659299 eijMax=6.781E-03 rmsd=8.812E+00 s=[ 0 0 0 0 0 0 0 0 0 1 0 0 1 1 0 0 0 1 1 0 1 0 1 0 0 0 1 0 0 0 1 0 1 1 0 0 0 0 ]
d_25_21=2.753497859500 eijMax=6.216E-03 rmsd=8.812E+00 s=[ 0 0 0 0 0 0 0 0 0 1 0 0 1 1 0 0 0 1 1 0 1 0 1 0 0 0 1 0 0 0 1 0 1 1 0 0 0 0 ]
d_25_21=2.753698059700 eijMax=5.650E-03 rmsd=8.812E+00 s=[ 0 0 0 0 0 0 0 0 0 1 0 0 1 1 0 0 0 1 1 0 1 0 1 0 0 0 1 0 0 0 1 0 1 1 0 0 0 0 ]
d_25_21=2.753898259900 eijMax=5.084E-03 rmsd=8.811E+00 s=[ 0 0 0 0 0 0 0 0 0 1 0 0 1 1 0 0 0 1 1 0 1 0 1 0 0 0 1 0 0 0 1 0 1 1 0 0 0 0 ]
d_25_21=2.754098460100 eijMax=4.518E-03 rmsd=8.811E+00 s=[ 0 0 0 0 0 0 0 0 0 1 0 0 1 1 0 0 0 1 1 0 1 0 1 0 0 0 1 0 0 0 1 0 1 1 0 0 0 0 ]
d_25_21=2.754298660300 eijMax=3.952E-03 rmsd=8.811E+00 s=[ 0 0 0 0 0 0 0 0 0 1 0 0 1 1 0 0 0 1 1 0 1 0 1 0 0 0 1 0 0 0 1 0 1 1 0 0 0 0 ]
d_25_21=2.754498860500 eijMax=3.385E-03 rmsd=8.811E+00 s=[ 0 0 0 0 0 0 0 0 0 1 0 0 1 1 0 0 0 1 1 0 1 0 1 0 0 0 1 0 0 0 1 0 1 1 0 0 0 0 ]
d_25_21=2.754699060701 eijMax=2.819E-03 rmsd=8.811E+00 s=[ 0 0 0 0 0 0 0 0 0 1 0 0 1 1 0 0 0 1 1 0 1 0 1 0 0 0 1 0 0 0 1 0 1 1 0 0 0 0 ]
d_25_21=2.754899260901 eijMax=2.252E-03 rmsd=8.811E+00 s=[ 0 0 0 0 0 0 0 0 0 1 0 0 1 1 0 0 0 1 1 0 1 0 1 0 0 0 1 0 0 0 1 0 1 1 0 0 0 0 ]
d_25_21=2.755099461101 eijMax=1.685E-03 rmsd=8.811E+00 s=[ 0 0 0 0 0 0 0 0 0 1 0 0 1 1 0 0 0 1 1 0 1 0 1 0 0 0 1 0 0 0 1 0 1 1 0 0 0 0 ]
d_25_21=2.755299661301 eijMax=1.118E-03 rmsd=8.811E+00 s=[ 0 0 0 0 0 0 0 0 0 1 0 0 1 1 0 0 0 1 1 0 1 0 1 0 0 0 1 0 0 0 1 0 1 1 0 0 0 0 ]
d_25_21=2.755499861502 eijMax=5.508E-04 rmsd=8.811E+00 s=[ 0 0 0 0 0 0 0 0 0 1 0 0 1 1 0 0 0 1 1 0 1 0 1 0 0 0 1 0 0 0 1 0 1 1 0 0 0 0 ]
d_25_21=2.755700061702 eijMax=3.519E-05 rmsd=8.811E+00 s=[ 0 0 0 0 0 0 0 0 0 1 0 0 1 1 0 0 0 1 1 0 1 0 1 0 0 0 1 0 0 0 1 0 1 1 0 0 0 0 ]
d_25_21=2.755900261902 eijMax=5.842E-04 rmsd=8.810E+00 s=[ 0 0 0 0 0 0 0 0 0 1 0 0 1 1 0 0 0 1 1 0 1 0 1 0 0 0 1 0 0 0 1 0 1 1 0 0 0 0 ]
d_25_21=2.756100462102 eijMax=1.152E-03 rmsd=8.810E+00 s=[ 0 0 0 0 0 0 0 0 0 1 0 0 1 1 0 0 0 1 1 0 1 0 1 0 0 0 1 0 0 0 1 0 1 1 0 0 0 0 ]
d_25_21=2.756300662302 eijMax=1.720E-03 rmsd=8.810E+00 s=[ 0 0 0 0 0 0 0 0 0 1 0 0 1 1 0 0 0 1 1 0 1 0 1 0 0 0 1 0 0 0 1 0 1 1 0 0 0 0 ]
d_25_21=2.756500862503 eijMax=2.288E-03 rmsd=8.810E+00 s=[ 0 0 0 0 0 0 0 0 0 1 0 0 1 1 0 0 0 1 1 0 1 0 1 0 0 0 1 0 0 0 1 0 1 1 0 0 0 0 ]
d_25_21=2.756701062703 eijMax=2.857E-03 rmsd=8.810E+00 s=[ 0 0 0 0 0 0 0 0 0 1 0 0 1 1 0 0 0 1 1 0 1 0 1 0 0 0 1 0 0 0 1 0 1 1 0 0 0 0 ]
d_25_21=2.756901262903 eijMax=3.425E-03 rmsd=8.810E+00 s=[ 0 0 0 0 0 0 0 0 0 1 0 0 1 1 0 0 0 1 1 0 1 0 1 0 0 0 1 0 0 0 1 0 1 1 0 0 0 0 ]
d_25_21=2.757101463103 eijMax=3.994E-03 rmsd=8.810E+00 s=[ 0 0 0 0 0 0 0 0 0 1 0 0 1 1 0 0 0 1 1 0 1 0 1 0 0 0 1 0 0 0 1 0 1 1 0 0 0 0 ]
d_25_21=2.757301663303 eijMax=4.563E-03 rmsd=8.810E+00 s=[ 0 0 0 0 0 0 0 0 0 1 0 0 1 1 0 0 0 1 1 0 1 0 1 0 0 0 1 0 0 0 1 0 1 1 0 0 0 0 ]
d_25_21=2.757501863504 eijMax=5.132E-03 rmsd=8.810E+00 s=[ 0 0 0 0 0 0 0 0 0 1 0 0 1 1 0 0 0 1 1 0 1 0 1 0 0 0 1 0 0 0 1 0 1 1 0 0 0 0 ]
d_25_21=2.757702063704 eijMax=5.701E-03 rmsd=8.810E+00 s=[ 0 0 0 0 0 0 0 0 0 1 0 0 1 1 0 0 0 1 1 0 1 0 1 0 0 0 1 0 0 0 1 0 1 1 0 0 0 0 ]
d_25_21=2.757902263904 eijMax=6.271E-03 rmsd=8.810E+00 s=[ 0 0 0 0 0 0 0 0 0 1 0 0 1 1 0 0 0 1 1 0 1 0 1 0 0 0 1 0 0 0 1 0 1 1 0 0 0 0 ]
d_25_21=2.758102464104 eijMax=6.840E-03 rmsd=8.809E+00 s=[ 0 0 0 0 0 0 0 0 0 1 0 0 1 1 0 0 0 1 1 0 1 0 1 0 0 0 1 0 0 0 1 0 1 1 0 0 0 0 ]
d_25_21=2.758302664304 eijMax=7.410E-03 rmsd=8.809E+00 s=[ 0 0 0 0 0 0 0 0 0 1 0 0 1 1 0 0 0 1 1 0 1 0 1 0 0 0 1 0 0 0 1 0 1 1 0 0 0 0 ]
d_25_21=2.758502864504 eijMax=7.980E-03 rmsd=8.809E+00 s=[ 0 0 0 0 0 0 0 0 0 1 0 0 1 1 0 0 0 1 1 0 1 0 1 0 0 0 1 0 0 0 1 0 1 1 0 0 0 0 ]
d_25_21=2.758703064705 eijMax=8.550E-03 rmsd=8.809E+00 s=[ 0 0 0 0 0 0 0 0 0 1 0 0 1 1 0 0 0 1 1 0 1 0 1 0 0 0 1 0 0 0 1 0 1 1 0 0 0 0 ]
d_25_21=2.758903264905 eijMax=9.121E-03 rmsd=8.809E+00 s=[ 0 0 0 0 0 0 0 0 0 1 0 0 1 1 0 0 0 1 1 0 1 0 1 0 0 0 1 0 0 0 1 0 1 1 0 0 0 0 ]
d_25_21=2.759103465105 eijMax=9.691E-03 rmsd=8.809E+00 s=[ 0 0 0 0 0 0 0 0 0 1 0 0 1 1 0 0 0 1 1 0 1 0 1 0 0 0 1 0 0 0 1 0 1 1 0 0 0 0 ]
d_25_21=2.824969330971 eijMax=9.693E-03 rmsd=1.126E+01 s=[ 0 0 0 0 0 0 0 0 0 1 0 0 1 1 0 0 0 1 1 0 1 0 1 0 0 0 1 0 0 0 0 1 0 0 1 1 1 1 ]
d_25_21=2.825169531171 eijMax=9.308E-03 rmsd=1.126E+01 s=[ 0 0 0 0 0 0 0 0 0 1 0 0 1 1 0 0 0 1 1 0 1 0 1 0 0 0 1 0 0 0 0 1 0 0 1 1 1 1 ]
d_25_21=2.825369731371 eijMax=8.922E-03 rmsd=1.126E+01 s=[ 0 0 0 0 0 0 0 0 0 1 0 0 1 1 0 0 0 1 1 0 1 0 1 0 0 0 1 0 0 0 0 1 0 0 1 1 1 1 ]
d_25_21=2.825569931572 eijMax=8.537E-03 rmsd=1.126E+01 s=[ 0 0 0 0 0 0 0 0 0 1 0 0 1 1 0 0 0 1 1 0 1 0 1 0 0 0 1 0 0 0 0 1 0 0 1 1 1 1 ]
d_25_21=2.825770131772 eijMax=8.152E-03 rmsd=1.126E+01 s=[ 0 0 0 0 0 0 0 0 0 1 0 0 1 1 0 0 0 1 1 0 1 0 1 0 0 0 1 0 0 0 0 1 0 0 1 1 1 1 ]
d_25_21=2.825970331972 eijMax=7.767E-03 rmsd=1.126E+01 s=[ 0 0 0 0 0 0 0 0 0 1 0 0 1 1 0 0 0 1 1 0 1 0 1 0 0 0 1 0 0 0 0 1 0 0 1 1 1 1 ]
d_25_21=2.826170532172 eijMax=7.381E-03 rmsd=1.126E+01 s=[ 0 0 0 0 0 0 0 0 0 1 0 0 1 1 0 0 0 1 1 0 1 0 1 0 0 0 1 0 0 0 0 1 0 0 1 1 1 1 ]
d_25_21=2.826370732372 eijMax=6.996E-03 rmsd=1.126E+01 s=[ 0 0 0 0 0 0 0 0 0 1 0 0 1 1 0 0 0 1 1 0 1 0 1 0 0 0 1 0 0 0 0 1 0 0 1 1 1 1 ]
d_25_21=2.826570932573 eijMax=6.610E-03 rmsd=1.126E+01 s=[ 0 0 0 0 0 0 0 0 0 1 0 0 1 1 0 0 0 1 1 0 1 0 1 0 0 0 1 0 0 0 0 1 0 0 1 1 1 1 ]
d_25_21=2.826771132773 eijMax=6.225E-03 rmsd=1.126E+01 s=[ 0 0 0 0 0 0 0 0 0 1 0 0 1 1 0 0 0 1 1 0 1 0 1 0 0 0 1 0 0 0 0 1 0 0 1 1 1 1 ]
d_25_21=2.826971332973 eijMax=5.839E-03 rmsd=1.126E+01 s=[ 0 0 0 0 0 0 0 0 0 1 0 0 1 1 0 0 0 1 1 0 1 0 1 0 0 0 1 0 0 0 0 1 0 0 1 1 1 1 ]
d_25_21=2.827171533173 eijMax=5.453E-03 rmsd=1.126E+01 s=[ 0 0 0 0 0 0 0 0 0 1 0 0 1 1 0 0 0 1 1 0 1 0 1 0 0 0 1 0 0 0 0 1 0 0 1 1 1 1 ]
d_25_21=2.827371733373 eijMax=5.068E-03 rmsd=1.126E+01 s=[ 0 0 0 0 0 0 0 0 0 1 0 0 1 1 0 0 0 1 1 0 1 0 1 0 0 0 1 0 0 0 0 1 0 0 1 1 1 1 ]
d_25_21=2.827571933574 eijMax=4.682E-03 rmsd=1.126E+01 s=[ 0 0 0 0 0 0 0 0 0 1 0 0 1 1 0 0 0 1 1 0 1 0 1 0 0 0 1 0 0 0 0 1 0 0 1 1 1 1 ]
d_25_21=2.827772133774 eijMax=4.296E-03 rmsd=1.126E+01 s=[ 0 0 0 0 0 0 0 0 0 1 0 0 1 1 0 0 0 1 1 0 1 0 1 0 0 0 1 0 0 0 0 1 0 0 1 1 1 1 ]
d_25_21=2.827972333974 eijMax=3.910E-03 rmsd=1.126E+01 s=[ 0 0 0 0 0 0 0 0 0 1 0 0 1 1 0 0 0 1 1 0 1 0 1 0 0 0 1 0 0 0 0 1 0 0 1 1 1 1 ]
d_25_21=2.828172534174 eijMax=3.524E-03 rmsd=1.126E+01 s=[ 0 0 0 0 0 0 0 0 0 1 0 0 1 1 0 0 0 1 1 0 1 0 1 0 0 0 1 0 0 0 0 1 0 0 1 1 1 1 ]
d_25_21=2.828372734374 eijMax=3.138E-03 rmsd=1.126E+01 s=[ 0 0 0 0 0 0 0 0 0 1 0 0 1 1 0 0 0 1 1 0 1 0 1 0 0 0 1 0 0 0 0 1 0 0 1 1 1 1 ]
d_25_21=2.828572934575 eijMax=2.752E-03 rmsd=1.126E+01 s=[ 0 0 0 0 0 0 0 0 0 1 0 0 1 1 0 0 0 1 1 0 1 0 1 0 0 0 1 0 0 0 0 1 0 0 1 1 1 1 ]
d_25_21=2.828773134775 eijMax=2.366E-03 rmsd=1.126E+01 s=[ 0 0 0 0 0 0 0 0 0 1 0 0 1 1 0 0 0 1 1 0 1 0 1 0 0 0 1 0 0 0 0 1 0 0 1 1 1 1 ]
d_25_21=2.828973334975 eijMax=1.979E-03 rmsd=1.126E+01 s=[ 0 0 0 0 0 0 0 0 0 1 0 0 1 1 0 0 0 1 1 0 1 0 1 0 0 0 1 0 0 0 0 1 0 0 1 1 1 1 ]
d_25_21=2.829173535175 eijMax=1.593E-03 rmsd=1.126E+01 s=[ 0 0 0 0 0 0 0 0 0 1 0 0 1 1 0 0 0 1 1 0 1 0 1 0 0 0 1 0 0 0 0 1 0 0 1 1 1 1 ]
d_25_21=2.829373735375 eijMax=1.207E-03 rmsd=1.126E+01 s=[ 0 0 0 0 0 0 0 0 0 1 0 0 1 1 0 0 0 1 1 0 1 0 1 0 0 0 1 0 0 0 0 1 0 0 1 1 1 1 ]
d_25_21=2.829573935576 eijMax=8.201E-04 rmsd=1.126E+01 s=[ 0 0 0 0 0 0 0 0 0 1 0 0 1 1 0 0 0 1 1 0 1 0 1 0 0 0 1 0 0 0 0 1 0 0 1 1 1 1 ]
d_25_21=2.829774135776 eijMax=4.335E-04 rmsd=1.126E+01 s=[ 0 0 0 0 0 0 0 0 0 1 0 0 1 1 0 0 0 1 1 0 1 0 1 0 0 0 1 0 0 0 0 1 0 0 1 1 1 1 ]
d_25_21=2.829974335976 eijMax=4.691E-05 rmsd=1.126E+01 s=[ 0 0 0 0 0 0 0 0 0 1 0 0 1 1 0 0 0 1 1 0 1 0 1 0 0 0 1 0 0 0 0 1 0 0 1 1 1 1 ]
d_25_21=2.830174536176 eijMax=3.398E-04 rmsd=1.126E+01 s=[ 0 0 0 0 0 0 0 0 0 1 0 0 1 1 0 0 0 1 1 0 1 0 1 0 0 0 1 0 0 0 0 1 0 0 1 1 1 1 ]
d_25_21=2.830374736376 eijMax=7.265E-04 rmsd=1.126E+01 s=[ 0 0 0 0 0 0 0 0 0 1 0 0 1 1 0 0 0 1 1 0 1 0 1 0 0 0 1 0 0 0 0 1 0 0 1 1 1 1 ]
d_25_21=2.830574936577 eijMax=1.113E-03 rmsd=1.126E+01 s=[ 0 0 0 0 0 0 0 0 0 1 0 0 1 1 0 0 0 1 1 0 1 0 1 0 0 0 1 0 0 0 0 1 0 0 1 1 1 1 ]
d_25_21=2.830775136777 eijMax=1.500E-03 rmsd=1.126E+01 s=[ 0 0 0 0 0 0 0 0 0 1 0 0 1 1 0 0 0 1 1 0 1 0 1 0 0 0 1 0 0 0 0 1 0 0 1 1 1 1 ]
d_25_21=2.830975336977 eijMax=1.887E-03 rmsd=1.126E+01 s=[ 0 0 0 0 0 0 0 0 0 1 0 0 1 1 0 0 0 1 1 0 1 0 1 0 0 0 1 0 0 0 0 1 0 0 1 1 1 1 ]
d_25_21=2.831175537177 eijMax=2.274E-03 rmsd=1.126E+01 s=[ 0 0 0 0 0 0 0 0 0 1 0 0 1 1 0 0 0 1 1 0 1 0 1 0 0 0 1 0 0 0 0 1 0 0 1 1 1 1 ]
d_25_21=2.831375737377 eijMax=2.661E-03 rmsd=1.126E+01 s=[ 0 0 0 0 0 0 0 0 0 1 0 0 1 1 0 0 0 1 1 0 1 0 1 0 0 0 1 0 0 0 0 1 0 0 1 1 1 1 ]
d_25_21=2.831575937578 eijMax=3.048E-03 rmsd=1.126E+01 s=[ 0 0 0 0 0 0 0 0 0 1 0 0 1 1 0 0 0 1 1 0 1 0 1 0 0 0 1 0 0 0 0 1 0 0 1 1 1 1 ]
d_25_21=2.831776137778 eijMax=3.436E-03 rmsd=1.126E+01 s=[ 0 0 0 0 0 0 0 0 0 1 0 0 1 1 0 0 0 1 1 0 1 0 1 0 0 0 1 0 0 0 0 1 0 0 1 1 1 1 ]
d_25_21=2.831976337978 eijMax=3.823E-03 rmsd=1.126E+01 s=[ 0 0 0 0 0 0 0 0 0 1 0 0 1 1 0 0 0 1 1 0 1 0 1 0 0 0 1 0 0 0 0 1 0 0 1 1 1 1 ]
d_25_21=2.832176538178 eijMax=4.210E-03 rmsd=1.126E+01 s=[ 0 0 0 0 0 0 0 0 0 1 0 0 1 1 0 0 0 1 1 0 1 0 1 0 0 0 1 0 0 0 0 1 0 0 1 1 1 1 ]
d_25_21=2.832376738378 eijMax=4.598E-03 rmsd=1.126E+01 s=[ 0 0 0 0 0 0 0 0 0 1 0 0 1 1 0 0 0 1 1 0 1 0 1 0 0 0 1 0 0 0 0 1 0 0 1 1 1 1 ]
d_25_21=2.832576938579 eijMax=4.985E-03 rmsd=1.126E+01 s=[ 0 0 0 0 0 0 0 0 0 1 0 0 1 1 0 0 0 1 1 0 1 0 1 0 0 0 1 0 0 0 0 1 0 0 1 1 1 1 ]
d_25_21=2.832777138779 eijMax=5.373E-03 rmsd=1.126E+01 s=[ 0 0 0 0 0 0 0 0 0 1 0 0 1 1 0 0 0 1 1 0 1 0 1 0 0 0 1 0 0 0 0 1 0 0 1 1 1 1 ]
d_25_21=2.832977338979 eijMax=5.760E-03 rmsd=1.126E+01 s=[ 0 0 0 0 0 0 0 0 0 1 0 0 1 1 0 0 0 1 1 0 1 0 1 0 0 0 1 0 0 0 0 1 0 0 1 1 1 1 ]
d_25_21=2.833177539179 eijMax=6.148E-03 rmsd=1.126E+01 s=[ 0 0 0 0 0 0 0 0 0 1 0 0 1 1 0 0 0 1 1 0 1 0 1 0 0 0 1 0 0 0 0 1 0 0 1 1 1 1 ]
d_25_21=2.833377739379 eijMax=6.536E-03 rmsd=1.126E+01 s=[ 0 0 0 0 0 0 0 0 0 1 0 0 1 1 0 0 0 1 1 0 1 0 1 0 0 0 1 0 0 0 0 1 0 0 1 1 1 1 ]
d_25_21=2.833577939580 eijMax=6.924E-03 rmsd=1.126E+01 s=[ 0 0 0 0 0 0 0 0 0 1 0 0 1 1 0 0 0 1 1 0 1 0 1 0 0 0 1 0 0 0 0 1 0 0 1 1 1 1 ]
d_25_21=2.833778139780 eijMax=7.312E-03 rmsd=1.126E+01 s=[ 0 0 0 0 0 0 0 0 0 1 0 0 1 1 0 0 0 1 1 0 1 0 1 0 0 0 1 0 0 0 0 1 0 0 1 1 1 1 ]
d_25_21=2.833978339980 eijMax=7.700E-03 rmsd=1.126E+01 s=[ 0 0 0 0 0 0 0 0 0 1 0 0 1 1 0 0 0 1 1 0 1 0 1 0 0 0 1 0 0 0 0 1 0 0 1 1 1 1 ]
d_25_21=2.834178540180 eijMax=8.088E-03 rmsd=1.126E+01 s=[ 0 0 0 0 0 0 0 0 0 1 0 0 1 1 0 0 0 1 1 0 1 0 1 0 0 0 1 0 0 0 0 1 0 0 1 1 1 1 ]
d_25_21=2.834378740380 eijMax=8.476E-03 rmsd=1.126E+01 s=[ 0 0 0 0 0 0 0 0 0 1 0 0 1 1 0 0 0 1 1 0 1 0 1 0 0 0 1 0 0 0 0 1 0 0 1 1 1 1 ]
d_25_21=2.834578940581 eijMax=8.864E-03 rmsd=1.126E+01 s=[ 0 0 0 0 0 0 0 0 0 1 0 0 1 1 0 0 0 1 1 0 1 0 1 0 0 0 1 0 0 0 0 1 0 0 1 1 1 1 ]
d_25_21=2.834779140781 eijMax=9.253E-03 rmsd=1.126E+01 s=[ 0 0 0 0 0 0 0 0 0 1 0 0 1 1 0 0 0 1 1 0 1 0 1 0 0 0 1 0 0 0 0 1 0 0 1 1 1 1 ]
d_25_21=2.834979340981 eijMax=9.641E-03 rmsd=1.126E+01 s=[ 0 0 0 0 0 0 0 0 0 1 0 0 1 1 0 0 0 1 1 0 1 0 1 0 0 0 1 0 0 0 0 1 0 0 1 1 1 1 ]
d_25_21=2.691235597237 eijMax=9.487E-03 rmsd=1.275E+01 s=[ 0 0 0 1 1 1 1 1 1 0 1 1 0 0 1 1 1 0 0 0 1 0 0 1 1 1 0 1 1 1 1 1 0 0 1 1 1 1 ]
d_25_21=2.691435797437 eijMax=8.311E-03 rmsd=1.275E+01 s=[ 0 0 0 1 1 1 1 1 1 0 1 1 0 0 1 1 1 0 0 0 1 0 0 1 1 1 0 1 1 1 1 1 0 0 1 1 1 1 ]
d_25_21=2.691635997638 eijMax=7.131E-03 rmsd=1.275E+01 s=[ 0 0 0 1 1 1 1 1 1 0 1 1 0 0 1 1 1 0 0 0 1 0 0 1 1 1 0 1 1 1 1 1 0 0 1 1 1 1 ]
d_25_21=2.691836197838 eijMax=5.947E-03 rmsd=1.275E+01 s=[ 0 0 0 1 1 1 1 1 1 0 1 1 0 0 1 1 1 0 0 0 1 0 0 1 1 1 0 1 1 1 1 1 0 0 1 1 1 1 ]
d_25_21=2.692036398038 eijMax=4.759E-03 rmsd=1.275E+01 s=[ 0 0 0 1 1 1 1 1 1 0 1 1 0 0 1 1 1 0 0 0 1 0 0 1 1 1 0 1 1 1 1 1 0 0 1 1 1 1 ]
d_25_21=2.692236598238 eijMax=3.568E-03 rmsd=1.275E+01 s=[ 0 0 0 1 1 1 1 1 1 0 1 1 0 0 1 1 1 0 0 0 1 0 0 1 1 1 0 1 1 1 1 1 0 0 1 1 1 1 ]
d_25_21=2.692436798438 eijMax=2.372E-03 rmsd=1.275E+01 s=[ 0 0 0 1 1 1 1 1 1 0 1 1 0 0 1 1 1 0 0 0 1 0 0 1 1 1 0 1 1 1 1 1 0 0 1 1 1 1 ]
d_25_21=2.692636998639 eijMax=1.173E-03 rmsd=1.275E+01 s=[ 0 0 0 1 1 1 1 1 1 0 1 1 0 0 1 1 1 0 0 0 1 0 0 1 1 1 0 1 1 1 1 1 0 0 1 1 1 1 ]
d_25_21=2.692837198839 eijMax=3.519E-05 rmsd=1.275E+01 s=[ 0 0 0 1 1 1 1 1 1 0 1 1 0 0 1 1 1 0 0 0 1 0 0 1 1 1 0 1 1 1 1 1 0 0 1 1 1 1 ]
d_25_21=2.693037399039 eijMax=1.237E-03 rmsd=1.275E+01 s=[ 0 0 0 1 1 1 1 1 1 0 1 1 0 0 1 1 1 0 0 0 1 0 0 1 1 1 0 1 1 1 1 1 0 0 1 1 1 1 ]
d_25_21=2.693237599239 eijMax=2.449E-03 rmsd=1.275E+01 s=[ 0 0 0 1 1 1 1 1 1 0 1 1 0 0 1 1 1 0 0 0 1 0 0 1 1 1 0 1 1 1 1 1 0 0 1 1 1 1 ]
d_25_21=2.693437799439 eijMax=3.664E-03 rmsd=1.274E+01 s=[ 0 0 0 1 1 1 1 1 1 0 1 1 0 0 1 1 1 0 0 0 1 0 0 1 1 1 0 1 1 1 1 1 0 0 1 1 1 1 ]
d_25_21=2.693637999640 eijMax=4.883E-03 rmsd=1.274E+01 s=[ 0 0 0 1 1 1 1 1 1 0 1 1 0 0 1 1 1 0 0 0 1 0 0 1 1 1 0 1 1 1 1 1 0 0 1 1 1 1 ]
d_25_21=2.693838199840 eijMax=6.107E-03 rmsd=1.274E+01 s=[ 0 0 0 1 1 1 1 1 1 0 1 1 0 0 1 1 1 0 0 0 1 0 0 1 1 1 0 1 1 1 1 1 0 0 1 1 1 1 ]
d_25_21=2.694038400040 eijMax=7.334E-03 rmsd=1.274E+01 s=[ 0 0 0 1 1 1 1 1 1 0 1 1 0 0 1 1 1 0 0 0 1 0 0 1 1 1 0 1 1 1 1 1 0 0 1 1 1 1 ]
d_25_21=2.694238600240 eijMax=8.566E-03 rmsd=1.274E+01 s=[ 0 0 0 1 1 1 1 1 1 0 1 1 0 0 1 1 1 0 0 0 1 0 0 1 1 1 0 1 1 1 1 1 0 0 1 1 1 1 ]
d_25_21=2.694438800440 eijMax=9.802E-03 rmsd=1.274E+01 s=[ 0 0 0 1 1 1 1 1 1 0 1 1 0 0 1 1 1 0 0 0 1 0 0 1 1 1 0 1 1 1 1 1 0 0 1 1 1 1 ]
d_25_21=2.727271633273 eijMax=9.619E-03 rmsd=6.824E-02 s=[ 0 0 0 1 1 1 1 1 1 0 1 1 0 0 1 1 1 0 0 0 0 1 1 1 1 1 0 1 1 1 0 1 0 0 1 1 1 1 ]
d_25_21=2.727471833473 eijMax=9.080E-03 rmsd=6.442E-02 s=[ 0 0 0 1 1 1 1 1 1 0 1 1 0 0 1 1 1 0 0 0 0 1 1 1 1 1 0 1 1 1 0 1 0 0 1 1 1 1 ]
d_25_21=2.727672033674 eijMax=8.541E-03 rmsd=6.061E-02 s=[ 0 0 0 1 1 1 1 1 1 0 1 1 0 0 1 1 1 0 0 0 0 1 1 1 1 1 0 1 1 1 0 1 0 0 1 1 1 1 ]
d_25_21=2.727872233874 eijMax=8.004E-03 rmsd=5.680E-02 s=[ 0 0 0 1 1 1 1 1 1 0 1 1 0 0 1 1 1 0 0 0 0 1 1 1 1 1 0 1 1 1 0 1 0 0 1 1 1 1 ]
d_25_21=2.728072434074 eijMax=7.466E-03 rmsd=5.300E-02 s=[ 0 0 0 1 1 1 1 1 1 0 1 1 0 0 1 1 1 0 0 0 0 1 1 1 1 1 0 1 1 1 0 1 0 0 1 1 1 1 ]
d_25_21=2.728272634274 eijMax=6.930E-03 rmsd=4.920E-02 s=[ 0 0 0 1 1 1 1 1 1 0 1 1 0 0 1 1 1 0 0 0 0 1 1 1 1 1 0 1 1 1 0 1 0 0 1 1 1 1 ]
d_25_21=2.728472834474 eijMax=6.394E-03 rmsd=4.540E-02 s=[ 0 0 0 1 1 1 1 1 1 0 1 1 0 0 1 1 1 0 0 0 0 1 1 1 1 1 0 1 1 1 0 1 0 0 1 1 1 1 ]
d_25_21=2.728673034675 eijMax=5.858E-03 rmsd=4.160E-02 s=[ 0 0 0 1 1 1 1 1 1 0 1 1 0 0 1 1 1 0 0 0 0 1 1 1 1 1 0 1 1 1 0 1 0 0 1 1 1 1 ]
d_25_21=2.728873234875 eijMax=5.324E-03 rmsd=3.780E-02 s=[ 0 0 0 1 1 1 1 1 1 0 1 1 0 0 1 1 1 0 0 0 0 1 1 1 1 1 0 1 1 1 0 1 0 0 1 1 1 1 ]
d_25_21=2.729073435075 eijMax=4.789E-03 rmsd=3.401E-02 s=[ 0 0 0 1 1 1 1 1 1 0 1 1 0 0 1 1 1 0 0 0 0 1 1 1 1 1 0 1 1 1 0 1 0 0 1 1 1 1 ]
d_25_21=2.729273635275 eijMax=4.256E-03 rmsd=3.022E-02 s=[ 0 0 0 1 1 1 1 1 1 0 1 1 0 0 1 1 1 0 0 0 0 1 1 1 1 1 0 1 1 1 0 1 0 0 1 1 1 1 ]
d_25_21=2.729473835475 eijMax=3.723E-03 rmsd=2.644E-02 s=[ 0 0 0 1 1 1 1 1 1 0 1 1 0 0 1 1 1 0 0 0 0 1 1 1 1 1 0 1 1 1 0 1 0 0 1 1 1 1 ]
d_25_21=2.729674035676 eijMax=3.191E-03 rmsd=2.265E-02 s=[ 0 0 0 1 1 1 1 1 1 0 1 1 0 0 1 1 1 0 0 0 0 1 1 1 1 1 0 1 1 1 0 1 0 0 1 1 1 1 ]
d_25_21=2.729874235876 eijMax=2.660E-03 rmsd=1.887E-02 s=[ 0 0 0 1 1 1 1 1 1 0 1 1 0 0 1 1 1 0 0 0 0 1 1 1 1 1 0 1 1 1 0 1 0 0 1 1 1 1 ]
d_25_21=2.730074436076 eijMax=2.129E-03 rmsd=1.509E-02 s=[ 0 0 0 1 1 1 1 1 1 0 1 1 0 0 1 1 1 0 0 0 0 1 1 1 1 1 0 1 1 1 0 1 0 0 1 1 1 1 ]
d_25_21=2.730274636276 eijMax=1.598E-03 rmsd=1.131E-02 s=[ 0 0 0 1 1 1 1 1 1 0 1 1 0 0 1 1 1 0 0 0 0 1 1 1 1 1 0 1 1 1 0 1 0 0 1 1 1 1 ]
d_25_21=2.730474836476 eijMax=1.069E-03 rmsd=7.540E-03 s=[ 0 0 0 1 1 1 1 1 1 0 1 1 0 0 1 1 1 0 0 0 0 1 1 1 1 1 0 1 1 1 0 1 0 0 1 1 1 1 ]
d_25_21=2.730675036677 eijMax=5.397E-04 rmsd=3.769E-03 s=[ 0 0 0 1 1 1 1 1 1 0 1 1 0 0 1 1 1 0 0 0 0 1 1 1 1 1 0 1 1 1 0 1 0 0 1 1 1 1 ]
d_25_21=2.730875236877 eijMax=3.519E-05 rmsd=8.658E-05 s=[ 0 0 0 1 1 1 1 1 1 0 1 1 0 0 1 1 1 0 0 0 0 1 1 1 1 1 0 1 1 1 0 1 0 0 1 1 1 1 ]
d_25_21=2.731075437077 eijMax=5.165E-04 rmsd=3.769E-03 s=[ 0 0 0 1 1 1 1 1 1 0 1 1 0 0 1 1 1 0 0 0 0 1 1 1 1 1 0 1 1 1 0 1 0 0 1 1 1 1 ]
d_25_21=2.731275637277 eijMax=1.044E-03 rmsd=7.532E-03 s=[ 0 0 0 1 1 1 1 1 1 0 1 1 0 0 1 1 1 0 0 0 0 1 1 1 1 1 0 1 1 1 0 1 0 0 1 1 1 1 ]
d_25_21=2.731475837477 eijMax=1.570E-03 rmsd=1.129E-02 s=[ 0 0 0 1 1 1 1 1 1 0 1 1 0 0 1 1 1 0 0 0 0 1 1 1 1 1 0 1 1 1 0 1 0 0 1 1 1 1 ]
d_25_21=2.731676037678 eijMax=2.096E-03 rmsd=1.505E-02 s=[ 0 0 0 1 1 1 1 1 1 0 1 1 0 0 1 1 1 0 0 0 0 1 1 1 1 1 0 1 1 1 0 1 0 0 1 1 1 1 ]
d_25_21=2.731876237878 eijMax=2.621E-03 rmsd=1.881E-02 s=[ 0 0 0 1 1 1 1 1 1 0 1 1 0 0 1 1 1 0 0 0 0 1 1 1 1 1 0 1 1 1 0 1 0 0 1 1 1 1 ]
d_25_21=2.732076438078 eijMax=3.146E-03 rmsd=2.256E-02 s=[ 0 0 0 1 1 1 1 1 1 0 1 1 0 0 1 1 1 0 0 0 0 1 1 1 1 1 0 1 1 1 0 1 0 0 1 1 1 1 ]
d_25_21=2.732276638278 eijMax=3.670E-03 rmsd=2.631E-02 s=[ 0 0 0 1 1 1 1 1 1 0 1 1 0 0 1 1 1 0 0 0 0 1 1 1 1 1 0 1 1 1 0 1 0 0 1 1 1 1 ]
d_25_21=2.732476838478 eijMax=4.194E-03 rmsd=3.006E-02 s=[ 0 0 0 1 1 1 1 1 1 0 1 1 0 0 1 1 1 0 0 0 0 1 1 1 1 1 0 1 1 1 0 1 0 0 1 1 1 1 ]
d_25_21=2.732677038679 eijMax=4.716E-03 rmsd=3.381E-02 s=[ 0 0 0 1 1 1 1 1 1 0 1 1 0 0 1 1 1 0 0 0 0 1 1 1 1 1 0 1 1 1 0 1 0 0 1 1 1 1 ]
d_25_21=2.732877238879 eijMax=5.239E-03 rmsd=3.755E-02 s=[ 0 0 0 1 1 1 1 1 1 0 1 1 0 0 1 1 1 0 0 0 0 1 1 1 1 1 0 1 1 1 0 1 0 0 1 1 1 1 ]
d_25_21=2.733077439079 eijMax=5.760E-03 rmsd=4.129E-02 s=[ 0 0 0 1 1 1 1 1 1 0 1 1 0 0 1 1 1 0 0 0 0 1 1 1 1 1 0 1 1 1 0 1 0 0 1 1 1 1 ]
d_25_21=2.733277639279 eijMax=6.281E-03 rmsd=4.503E-02 s=[ 0 0 0 1 1 1 1 1 1 0 1 1 0 0 1 1 1 0 0 0 0 1 1 1 1 1 0 1 1 1 0 1 0 0 1 1 1 1 ]
d_25_21=2.733477839479 eijMax=6.801E-03 rmsd=4.877E-02 s=[ 0 0 0 1 1 1 1 1 1 0 1 1 0 0 1 1 1 0 0 0 0 1 1 1 1 1 0 1 1 1 0 1 0 0 1 1 1 1 ]
d_25_21=2.733678039680 eijMax=7.321E-03 rmsd=5.250E-02 s=[ 0 0 0 1 1 1 1 1 1 0 1 1 0 0 1 1 1 0 0 0 0 1 1 1 1 1 0 1 1 1 0 1 0 0 1 1 1 1 ]
d_25_21=2.733878239880 eijMax=7.840E-03 rmsd=5.623E-02 s=[ 0 0 0 1 1 1 1 1 1 0 1 1 0 0 1 1 1 0 0 0 0 1 1 1 1 1 0 1 1 1 0 1 0 0 1 1 1 1 ]
d_25_21=2.734078440080 eijMax=8.359E-03 rmsd=5.996E-02 s=[ 0 0 0 1 1 1 1 1 1 0 1 1 0 0 1 1 1 0 0 0 0 1 1 1 1 1 0 1 1 1 0 1 0 0 1 1 1 1 ]
d_25_21=2.734278640280 eijMax=8.877E-03 rmsd=6.369E-02 s=[ 0 0 0 1 1 1 1 1 1 0 1 1 0 0 1 1 1 0 0 0 0 1 1 1 1 1 0 1 1 1 0 1 0 0 1 1 1 1 ]
d_25_21=2.734478840480 eijMax=9.394E-03 rmsd=6.741E-02 s=[ 0 0 0 1 1 1 1 1 1 0 1 1 0 0 1 1 1 0 0 0 0 1 1 1 1 1 0 1 1 1 0 1 0 0 1 1 1 1 ]
d_25_21=2.734679040681 eijMax=9.911E-03 rmsd=7.114E-02 s=[ 0 0 0 1 1 1 1 1 1 0 1 1 0 0 1 1 1 0 0 0 0 1 1 1 1 1 0 1 1 1 0 1 0 0 1 1 1 1 ]
d_25_21=2.741085447087 eijMax=9.482E-03 rmsd=9.656E+00 s=[ 0 0 0 1 1 1 1 1 1 0 1 1 0 0 1 1 1 0 0 0 0 1 0 0 0 0 1 0 0 0 0 1 0 0 1 1 1 1 ]
d_25_21=2.741285647287 eijMax=8.871E-03 rmsd=9.656E+00 s=[ 0 0 0 1 1 1 1 1 1 0 1 1 0 0 1 1 1 0 0 0 0 1 0 0 0 0 1 0 0 0 0 1 0 0 1 1 1 1 ]
d_25_21=2.741485847487 eijMax=8.259E-03 rmsd=9.656E+00 s=[ 0 0 0 1 1 1 1 1 1 0 1 1 0 0 1 1 1 0 0 0 0 1 0 0 0 0 1 0 0 0 0 1 0 0 1 1 1 1 ]
d_25_21=2.741686047688 eijMax=7.648E-03 rmsd=9.656E+00 s=[ 0 0 0 1 1 1 1 1 1 0 1 1 0 0 1 1 1 0 0 0 0 1 0 0 0 0 1 0 0 0 0 1 0 0 1 1 1 1 ]
d_25_21=2.741886247888 eijMax=7.036E-03 rmsd=9.656E+00 s=[ 0 0 0 1 1 1 1 1 1 0 1 1 0 0 1 1 1 0 0 0 0 1 0 0 0 0 1 0 0 0 0 1 0 0 1 1 1 1 ]
d_25_21=2.742086448088 eijMax=6.424E-03 rmsd=9.655E+00 s=[ 0 0 0 1 1 1 1 1 1 0 1 1 0 0 1 1 1 0 0 0 0 1 0 0 0 0 1 0 0 0 0 1 0 0 1 1 1 1 ]
d_25_21=2.742286648288 eijMax=5.812E-03 rmsd=9.655E+00 s=[ 0 0 0 1 1 1 1 1 1 0 1 1 0 0 1 1 1 0 0 0 0 1 0 0 0 0 1 0 0 0 0 1 0 0 1 1 1 1 ]
d_25_21=2.742486848488 eijMax=5.199E-03 rmsd=9.655E+00 s=[ 0 0 0 1 1 1 1 1 1 0 1 1 0 0 1 1 1 0 0 0 0 1 0 0 0 0 1 0 0 0 0 1 0 0 1 1 1 1 ]
d_25_21=2.742687048689 eijMax=4.587E-03 rmsd=9.655E+00 s=[ 0 0 0 1 1 1 1 1 1 0 1 1 0 0 1 1 1 0 0 0 0 1 0 0 0 0 1 0 0 0 0 1 0 0 1 1 1 1 ]
d_25_21=2.742887248889 eijMax=3.974E-03 rmsd=9.655E+00 s=[ 0 0 0 1 1 1 1 1 1 0 1 1 0 0 1 1 1 0 0 0 0 1 0 0 0 0 1 0 0 0 0 1 0 0 1 1 1 1 ]
d_25_21=2.743087449089 eijMax=3.361E-03 rmsd=9.655E+00 s=[ 0 0 0 1 1 1 1 1 1 0 1 1 0 0 1 1 1 0 0 0 0 1 0 0 0 0 1 0 0 0 0 1 0 0 1 1 1 1 ]
d_25_21=2.743287649289 eijMax=2.747E-03 rmsd=9.655E+00 s=[ 0 0 0 1 1 1 1 1 1 0 1 1 0 0 1 1 1 0 0 0 0 1 0 0 0 0 1 0 0 0 0 1 0 0 1 1 1 1 ]
d_25_21=2.743487849489 eijMax=2.134E-03 rmsd=9.654E+00 s=[ 0 0 0 1 1 1 1 1 1 0 1 1 0 0 1 1 1 0 0 0 0 1 0 0 0 0 1 0 0 0 0 1 0 0 1 1 1 1 ]
d_25_21=2.743688049690 eijMax=1.520E-03 rmsd=9.654E+00 s=[ 0 0 0 1 1 1 1 1 1 0 1 1 0 0 1 1 1 0 0 0 0 1 0 0 0 0 1 0 0 0 0 1 0 0 1 1 1 1 ]
d_25_21=2.743888249890 eijMax=9.059E-04 rmsd=9.654E+00 s=[ 0 0 0 1 1 1 1 1 1 0 1 1 0 0 1 1 1 0 0 0 0 1 0 0 0 0 1 0 0 0 0 1 0 0 1 1 1 1 ]
d_25_21=2.744088450090 eijMax=2.917E-04 rmsd=9.654E+00 s=[ 0 0 0 1 1 1 1 1 1 0 1 1 0 0 1 1 1 0 0 0 0 1 0 0 0 0 1 0 0 0 0 1 0 0 1 1 1 1 ]
d_25_21=2.744288650290 eijMax=3.229E-04 rmsd=9.654E+00 s=[ 0 0 0 1 1 1 1 1 1 0 1 1 0 0 1 1 1 0 0 0 0 1 0 0 0 0 1 0 0 0 0 1 0 0 1 1 1 1 ]
d_25_21=2.744488850490 eijMax=9.376E-04 rmsd=9.654E+00 s=[ 0 0 0 1 1 1 1 1 1 0 1 1 0 0 1 1 1 0 0 0 0 1 0 0 0 0 1 0 0 0 0 1 0 0 1 1 1 1 ]
d_25_21=2.744689050691 eijMax=1.553E-03 rmsd=9.653E+00 s=[ 0 0 0 1 1 1 1 1 1 0 1 1 0 0 1 1 1 0 0 0 0 1 0 0 0 0 1 0 0 0 0 1 0 0 1 1 1 1 ]
d_25_21=2.744889250891 eijMax=2.168E-03 rmsd=9.653E+00 s=[ 0 0 0 1 1 1 1 1 1 0 1 1 0 0 1 1 1 0 0 0 0 1 0 0 0 0 1 0 0 0 0 1 0 0 1 1 1 1 ]
d_25_21=2.745089451091 eijMax=2.783E-03 rmsd=9.653E+00 s=[ 0 0 0 1 1 1 1 1 1 0 1 1 0 0 1 1 1 0 0 0 0 1 0 0 0 0 1 0 0 0 0 1 0 0 1 1 1 1 ]
d_25_21=2.745289651291 eijMax=3.399E-03 rmsd=9.653E+00 s=[ 0 0 0 1 1 1 1 1 1 0 1 1 0 0 1 1 1 0 0 0 0 1 0 0 0 0 1 0 0 0 0 1 0 0 1 1 1 1 ]
d_25_21=2.745489851491 eijMax=4.015E-03 rmsd=9.653E+00 s=[ 0 0 0 1 1 1 1 1 1 0 1 1 0 0 1 1 1 0 0 0 0 1 0 0 0 0 1 0 0 0 0 1 0 0 1 1 1 1 ]
d_25_21=2.745690051692 eijMax=4.631E-03 rmsd=9.653E+00 s=[ 0 0 0 1 1 1 1 1 1 0 1 1 0 0 1 1 1 0 0 0 0 1 0 0 0 0 1 0 0 0 0 1 0 0 1 1 1 1 ]
d_25_21=2.745890251892 eijMax=5.248E-03 rmsd=9.653E+00 s=[ 0 0 0 1 1 1 1 1 1 0 1 1 0 0 1 1 1 0 0 0 0 1 0 0 0 0 1 0 0 0 0 1 0 0 1 1 1 1 ]
d_25_21=2.746090452092 eijMax=5.865E-03 rmsd=9.652E+00 s=[ 0 0 0 1 1 1 1 1 1 0 1 1 0 0 1 1 1 0 0 0 0 1 0 0 0 0 1 0 0 0 0 1 0 0 1 1 1 1 ]
d_25_21=2.746290652292 eijMax=6.482E-03 rmsd=9.652E+00 s=[ 0 0 0 1 1 1 1 1 1 0 1 1 0 0 1 1 1 0 0 0 0 1 0 0 0 0 1 0 0 0 0 1 0 0 1 1 1 1 ]
d_25_21=2.746490852492 eijMax=7.099E-03 rmsd=9.652E+00 s=[ 0 0 0 1 1 1 1 1 1 0 1 1 0 0 1 1 1 0 0 0 0 1 0 0 0 0 1 0 0 0 0 1 0 0 1 1 1 1 ]
d_25_21=2.746691052693 eijMax=7.716E-03 rmsd=9.652E+00 s=[ 0 0 0 1 1 1 1 1 1 0 1 1 0 0 1 1 1 0 0 0 0 1 0 0 0 0 1 0 0 0 0 1 0 0 1 1 1 1 ]
d_25_21=2.746891252893 eijMax=8.334E-03 rmsd=9.652E+00 s=[ 0 0 0 1 1 1 1 1 1 0 1 1 0 0 1 1 1 0 0 0 0 1 0 0 0 0 1 0 0 0 0 1 0 0 1 1 1 1 ]
d_25_21=2.747091453093 eijMax=8.952E-03 rmsd=9.652E+00 s=[ 0 0 0 1 1 1 1 1 1 0 1 1 0 0 1 1 1 0 0 0 0 1 0 0 0 0 1 0 0 0 0 1 0 0 1 1 1 1 ]
d_25_21=2.747291653293 eijMax=9.570E-03 rmsd=9.652E+00 s=[ 0 0 0 1 1 1 1 1 1 0 1 1 0 0 1 1 1 0 0 0 0 1 0 0 0 0 1 0 0 0 0 1 0 0 1 1 1 1 ]
d_25_21=2.748693054695 eijMax=9.706E-03 rmsd=1.276E+01 s=[ 0 0 0 1 1 1 1 1 1 0 1 1 0 0 1 1 1 0 0 0 1 0 0 0 0 0 1 0 0 0 0 1 0 0 1 1 1 1 ]
d_25_21=2.748893254895 eijMax=6.696E-03 rmsd=1.276E+01 s=[ 0 0 0 1 1 1 1 1 1 0 1 1 0 0 1 1 1 0 0 0 1 0 0 0 0 0 1 0 0 0 0 1 0 0 1 1 1 1 ]
d_25_21=2.749093455095 eijMax=3.660E-03 rmsd=1.275E+01 s=[ 0 0 0 1 1 1 1 1 1 0 1 1 0 0 1 1 1 0 0 0 1 0 0 0 0 0 1 0 0 0 0 1 0 0 1 1 1 1 ]
d_25_21=2.749293655295 eijMax=5.975E-04 rmsd=1.275E+01 s=[ 0 0 0 1 1 1 1 1 1 0 1 1 0 0 1 1 1 0 0 0 1 0 0 0 0 0 1 0 0 0 0 1 0 0 1 1 1 1 ]
d_25_21=2.749493855495 eijMax=2.493E-03 rmsd=1.275E+01 s=[ 0 0 0 1 1 1 1 1 1 0 1 1 0 0 1 1 1 0 0 0 1 0 0 0 0 0 1 0 0 0 0 1 0 0 1 1 1 1 ]
d_25_21=2.749694055696 eijMax=5.612E-03 rmsd=1.275E+01 s=[ 0 0 0 1 1 1 1 1 1 0 1 1 0 0 1 1 1 0 0 0 1 0 0 0 0 0 1 0 0 0 0 1 0 0 1 1 1 1 ]
d_25_21=2.749894255896 eijMax=8.759E-03 rmsd=1.274E+01 s=[ 0 0 0 1 1 1 1 1 1 0 1 1 0 0 1 1 1 0 0 0 1 0 0 0 0 0 1 0 0 0 0 1 0 0 1 1 1 1 ]
d_25_21=2.752296658298 eijMax=9.606E-03 rmsd=8.812E+00 s=[ 0 0 0 1 1 1 1 1 1 0 1 1 0 0 1 1 1 0 0 0 0 1 0 1 1 1 0 1 1 1 0 1 0 0 1 1 1 1 ]
d_25_21=2.752496858498 eijMax=9.042E-03 rmsd=8.812E+00 s=[ 0 0 0 1 1 1 1 1 1 0 1 1 0 0 1 1 1 0 0 0 0 1 0 1 1 1 0 1 1 1 0 1 0 0 1 1 1 1 ]
d_25_21=2.752697058699 eijMax=8.477E-03 rmsd=8.812E+00 s=[ 0 0 0 1 1 1 1 1 1 0 1 1 0 0 1 1 1 0 0 0 0 1 0 1 1 1 0 1 1 1 0 1 0 0 1 1 1 1 ]
d_25_21=2.752897258899 eijMax=7.912E-03 rmsd=8.812E+00 s=[ 0 0 0 1 1 1 1 1 1 0 1 1 0 0 1 1 1 0 0 0 0 1 0 1 1 1 0 1 1 1 0 1 0 0 1 1 1 1 ]
d_25_21=2.753097459099 eijMax=7.347E-03 rmsd=8.812E+00 s=[ 0 0 0 1 1 1 1 1 1 0 1 1 0 0 1 1 1 0 0 0 0 1 0 1 1 1 0 1 1 1 0 1 0 0 1 1 1 1 ]
d_25_21=2.753297659299 eijMax=6.781E-03 rmsd=8.812E+00 s=[ 0 0 0 1 1 1 1 1 1 0 1 1 0 0 1 1 1 0 0 0 0 1 0 1 1 1 0 1 1 1 0 1 0 0 1 1 1 1 ]
d_25_21=2.753497859499 eijMax=6.216E-03 rmsd=8.812E+00 s=[ 0 0 0 1 1 1 1 1 1 0 1 1 0 0 1 1 1 0 0 0 0 1 0 1 1 1 0 1 1 1 0 1 0 0 1 1 1 1 ]
d_25_21=2.753698059700 eijMax=5.650E-03 rmsd=8.812E+00 s=[ 0 0 0 1 1 1 1 1 1 0 1 1 0 0 1 1 1 0 0 0 0 1 0 1 1 1 0 1 1 1 0 1 0 0 1 1 1 1 ]
d_25_21=2.753898259900 eijMax=5.084E-03 rmsd=8.811E+00 s=[ 0 0 0 1 1 1 1 1 1 0 1 1 0 0 1 1 1 0 0 0 0 1 0 1 1 1 0 1 1 1 0 1 0 0 1 1 1 1 ]
d_25_21=2.754098460100 eijMax=4.518E-03 rmsd=8.811E+00 s=[ 0 0 0 1 1 1 1 1 1 0 1 1 0 0 1 1 1 0 0 0 0 1 0 1 1 1 0 1 1 1 0 1 0 0 1 1 1 1 ]
d_25_21=2.754298660300 eijMax=3.952E-03 rmsd=8.811E+00 s=[ 0 0 0 1 1 1 1 1 1 0 1 1 0 0 1 1 1 0 0 0 0 1 0 1 1 1 0 1 1 1 0 1 0 0 1 1 1 1 ]
d_25_21=2.754498860501 eijMax=3.385E-03 rmsd=8.811E+00 s=[ 0 0 0 1 1 1 1 1 1 0 1 1 0 0 1 1 1 0 0 0 0 1 0 1 1 1 0 1 1 1 0 1 0 0 1 1 1 1 ]
d_25_21=2.754699060701 eijMax=2.819E-03 rmsd=8.811E+00 s=[ 0 0 0 1 1 1 1 1 1 0 1 1 0 0 1 1 1 0 0 0 0 1 0 1 1 1 0 1 1 1 0 1 0 0 1 1 1 1 ]
d_25_21=2.754899260901 eijMax=2.252E-03 rmsd=8.811E+00 s=[ 0 0 0 1 1 1 1 1 1 0 1 1 0 0 1 1 1 0 0 0 0 1 0 1 1 1 0 1 1 1 0 1 0 0 1 1 1 1 ]
d_25_21=2.755099461101 eijMax=1.685E-03 rmsd=8.811E+00 s=[ 0 0 0 1 1 1 1 1 1 0 1 1 0 0 1 1 1 0 0 0 0 1 0 1 1 1 0 1 1 1 0 1 0 0 1 1 1 1 ]
d_25_21=2.755299661301 eijMax=1.118E-03 rmsd=8.811E+00 s=[ 0 0 0 1 1 1 1 1 1 0 1 1 0 0 1 1 1 0 0 0 0 1 0 1 1 1 0 1 1 1 0 1 0 0 1 1 1 1 ]
d_25_21=2.755499861501 eijMax=5.508E-04 rmsd=8.811E+00 s=[ 0 0 0 1 1 1 1 1 1 0 1 1 0 0 1 1 1 0 0 0 0 1 0 1 1 1 0 1 1 1 0 1 0 0 1 1 1 1 ]
d_25_21=2.755700061702 eijMax=3.519E-05 rmsd=8.811E+00 s=[ 0 0 0 1 1 1 1 1 1 0 1 1 0 0 1 1 1 0 0 0 0 1 0 1 1 1 0 1 1 1 0 1 0 0 1 1 1 1 ]
d_25_21=2.755900261902 eijMax=5.842E-04 rmsd=8.810E+00 s=[ 0 0 0 1 1 1 1 1 1 0 1 1 0 0 1 1 1 0 0 0 0 1 0 1 1 1 0 1 1 1 0 1 0 0 1 1 1 1 ]
d_25_21=2.756100462102 eijMax=1.152E-03 rmsd=8.810E+00 s=[ 0 0 0 1 1 1 1 1 1 0 1 1 0 0 1 1 1 0 0 0 0 1 0 1 1 1 0 1 1 1 0 1 0 0 1 1 1 1 ]
d_25_21=2.756300662302 eijMax=1.720E-03 rmsd=8.810E+00 s=[ 0 0 0 1 1 1 1 1 1 0 1 1 0 0 1 1 1 0 0 0 0 1 0 1 1 1 0 1 1 1 0 1 0 0 1 1 1 1 ]
d_25_21=2.756500862502 eijMax=2.288E-03 rmsd=8.810E+00 s=[ 0 0 0 1 1 1 1 1 1 0 1 1 0 0 1 1 1 0 0 0 0 1 0 1 1 1 0 1 1 1 0 1 0 0 1 1 1 1 ]
d_25_21=2.756701062703 eijMax=2.857E-03 rmsd=8.810E+00 s=[ 0 0 0 1 1 1 1 1 1 0 1 1 0 0 1 1 1 0 0 0 0 1 0 1 1 1 0 1 1 1 0 1 0 0 1 1 1 1 ]
d_25_21=2.756901262903 eijMax=3.425E-03 rmsd=8.810E+00 s=[ 0 0 0 1 1 1 1 1 1 0 1 1 0 0 1 1 1 0 0 0 0 1 0 1 1 1 0 1 1 1 0 1 0 0 1 1 1 1 ]
d_25_21=2.757101463103 eijMax=3.994E-03 rmsd=8.810E+00 s=[ 0 0 0 1 1 1 1 1 1 0 1 1 0 0 1 1 1 0 0 0 0 1 0 1 1 1 0 1 1 1 0 1 0 0 1 1 1 1 ]
d_25_21=2.757301663303 eijMax=4.563E-03 rmsd=8.810E+00 s=[ 0 0 0 1 1 1 1 1 1 0 1 1 0 0 1 1 1 0 0 0 0 1 0 1 1 1 0 1 1 1 0 1 0 0 1 1 1 1 ]
d_25_21=2.757501863504 eijMax=5.132E-03 rmsd=8.810E+00 s=[ 0 0 0 1 1 1 1 1 1 0 1 1 0 0 1 1 1 0 0 0 0 1 0 1 1 1 0 1 1 1 0 1 0 0 1 1 1 1 ]
d_25_21=2.757702063704 eijMax=5.701E-03 rmsd=8.810E+00 s=[ 0 0 0 1 1 1 1 1 1 0 1 1 0 0 1 1 1 0 0 0 0 1 0 1 1 1 0 1 1 1 0 1 0 0 1 1 1 1 ]
d_25_21=2.757902263904 eijMax=6.271E-03 rmsd=8.810E+00 s=[ 0 0 0 1 1 1 1 1 1 0 1 1 0 0 1 1 1 0 0 0 0 1 0 1 1 1 0 1 1 1 0 1 0 0 1 1 1 1 ]
d_25_21=2.758102464104 eijMax=6.840E-03 rmsd=8.809E+00 s=[ 0 0 0 1 1 1 1 1 1 0 1 1 0 0 1 1 1 0 0 0 0 1 0 1 1 1 0 1 1 1 0 1 0 0 1 1 1 1 ]
d_25_21=2.758302664304 eijMax=7.410E-03 rmsd=8.809E+00 s=[ 0 0 0 1 1 1 1 1 1 0 1 1 0 0 1 1 1 0 0 0 0 1 0 1 1 1 0 1 1 1 0 1 0 0 1 1 1 1 ]
d_25_21=2.758502864505 eijMax=7.980E-03 rmsd=8.809E+00 s=[ 0 0 0 1 1 1 1 1 1 0 1 1 0 0 1 1 1 0 0 0 0 1 0 1 1 1 0 1 1 1 0 1 0 0 1 1 1 1 ]
d_25_21=2.758703064705 eijMax=8.550E-03 rmsd=8.809E+00 s=[ 0 0 0 1 1 1 1 1 1 0 1 1 0 0 1 1 1 0 0 0 0 1 0 1 1 1 0 1 1 1 0 1 0 0 1 1 1 1 ]
d_25_21=2.758903264905 eijMax=9.121E-03 rmsd=8.809E+00 s=[ 0 0 0 1 1 1 1 1 1 0 1 1 0 0 1 1 1 0 0 0 0 1 0 1 1 1 0 1 1 1 0 1 0 0 1 1 1 1 ]
d_25_21=2.759103465105 eijMax=9.691E-03 rmsd=8.809E+00 s=[ 0 0 0 1 1 1 1 1 1 0 1 1 0 0 1 1 1 0 0 0 0 1 0 1 1 1 0 1 1 1 0 1 0 0 1 1 1 1 ]
d_25_21=2.824969330971 eijMax=9.693E-03 rmsd=1.126E+01 s=[ 0 0 0 1 1 1 1 1 1 0 1 1 0 0 1 1 1 0 0 0 0 1 0 1 1 1 0 1 1 1 1 0 1 1 0 0 0 0 ]
d_25_21=2.825169531171 eijMax=9.308E-03 rmsd=1.126E+01 s=[ 0 0 0 1 1 1 1 1 1 0 1 1 0 0 1 1 1 0 0 0 0 1 0 1 1 1 0 1 1 1 1 0 1 1 0 0 0 0 ]
d_25_21=2.825369731371 eijMax=8.922E-03 rmsd=1.126E+01 s=[ 0 0 0 1 1 1 1 1 1 0 1 1 0 0 1 1 1 0 0 0 0 1 0 1 1 1 0 1 1 1 1 0 1 1 0 0 0 0 ]
d_25_21=2.825569931572 eijMax=8.537E-03 rmsd=1.126E+01 s=[ 0 0 0 1 1 1 1 1 1 0 1 1 0 0 1 1 1 0 0 0 0 1 0 1 1 1 0 1 1 1 1 0 1 1 0 0 0 0 ]
d_25_21=2.825770131772 eijMax=8.152E-03 rmsd=1.126E+01 s=[ 0 0 0 1 1 1 1 1 1 0 1 1 0 0 1 1 1 0 0 0 0 1 0 1 1 1 0 1 1 1 1 0 1 1 0 0 0 0 ]
d_25_21=2.825970331972 eijMax=7.767E-03 rmsd=1.126E+01 s=[ 0 0 0 1 1 1 1 1 1 0 1 1 0 0 1 1 1 0 0 0 0 1 0 1 1 1 0 1 1 1 1 0 1 1 0 0 0 0 ]
d_25_21=2.826170532172 eijMax=7.381E-03 rmsd=1.126E+01 s=[ 0 0 0 1 1 1 1 1 1 0 1 1 0 0 1 1 1 0 0 0 0 1 0 1 1 1 0 1 1 1 1 0 1 1 0 0 0 0 ]
d_25_21=2.826370732372 eijMax=6.996E-03 rmsd=1.126E+01 s=[ 0 0 0 1 1 1 1 1 1 0 1 1 0 0 1 1 1 0 0 0 0 1 0 1 1 1 0 1 1 1 1 0 1 1 0 0 0 0 ]
d_25_21=2.826570932573 eijMax=6.610E-03 rmsd=1.126E+01 s=[ 0 0 0 1 1 1 1 1 1 0 1 1 0 0 1 1 1 0 0 0 0 1 0 1 1 1 0 1 1 1 1 0 1 1 0 0 0 0 ]
d_25_21=2.826771132773 eijMax=6.225E-03 rmsd=1.126E+01 s=[ 0 0 0 1 1 1 1 1 1 0 1 1 0 0 1 1 1 0 0 0 0 1 0 1 1 1 0 1 1 1 1 0 1 1 0 0 0 0 ]
d_25_21=2.826971332973 eijMax=5.839E-03 rmsd=1.126E+01 s=[ 0 0 0 1 1 1 1 1 1 0 1 1 0 0 1 1 1 0 0 0 0 1 0 1 1 1 0 1 1 1 1 0 1 1 0 0 0 0 ]
d_25_21=2.827171533173 eijMax=5.453E-03 rmsd=1.126E+01 s=[ 0 0 0 1 1 1 1 1 1 0 1 1 0 0 1 1 1 0 0 0 0 1 0 1 1 1 0 1 1 1 1 0 1 1 0 0 0 0 ]
d_25_21=2.827371733373 eijMax=5.068E-03 rmsd=1.126E+01 s=[ 0 0 0 1 1 1 1 1 1 0 1 1 0 0 1 1 1 0 0 0 0 1 0 1 1 1 0 1 1 1 1 0 1 1 0 0 0 0 ]
d_25_21=2.827571933574 eijMax=4.682E-03 rmsd=1.126E+01 s=[ 0 0 0 1 1 1 1 1 1 0 1 1 0 0 1 1 1 0 0 0 0 1 0 1 1 1 0 1 1 1 1 0 1 1 0 0 0 0 ]
d_25_21=2.827772133774 eijMax=4.296E-03 rmsd=1.126E+01 s=[ 0 0 0 1 1 1 1 1 1 0 1 1 0 0 1 1 1 0 0 0 0 1 0 1 1 1 0 1 1 1 1 0 1 1 0 0 0 0 ]
d_25_21=2.827972333974 eijMax=3.910E-03 rmsd=1.126E+01 s=[ 0 0 0 1 1 1 1 1 1 0 1 1 0 0 1 1 1 0 0 0 0 1 0 1 1 1 0 1 1 1 1 0 1 1 0 0 0 0 ]
d_25_21=2.828172534174 eijMax=3.524E-03 rmsd=1.126E+01 s=[ 0 0 0 1 1 1 1 1 1 0 1 1 0 0 1 1 1 0 0 0 0 1 0 1 1 1 0 1 1 1 1 0 1 1 0 0 0 0 ]
d_25_21=2.828372734374 eijMax=3.138E-03 rmsd=1.126E+01 s=[ 0 0 0 1 1 1 1 1 1 0 1 1 0 0 1 1 1 0 0 0 0 1 0 1 1 1 0 1 1 1 1 0 1 1 0 0 0 0 ]
d_25_21=2.828572934575 eijMax=2.752E-03 rmsd=1.126E+01 s=[ 0 0 0 1 1 1 1 1 1 0 1 1 0 0 1 1 1 0 0 0 0 1 0 1 1 1 0 1 1 1 1 0 1 1 0 0 0 0 ]
d_25_21=2.828773134775 eijMax=2.366E-03 rmsd=1.126E+01 s=[ 0 0 0 1 1 1 1 1 1 0 1 1 0 0 1 1 1 0 0 0 0 1 0 1 1 1 0 1 1 1 1 0 1 1 0 0 0 0 ]
d_25_21=2.828973334975 eijMax=1.979E-03 rmsd=1.126E+01 s=[ 0 0 0 1 1 1 1 1 1 0 1 1 0 0 1 1 1 0 0 0 0 1 0 1 1 1 0 1 1 1 1 0 1 1 0 0 0 0 ]
d_25_21=2.829173535175 eijMax=1.593E-03 rmsd=1.126E+01 s=[ 0 0 0 1 1 1 1 1 1 0 1 1 0 0 1 1 1 0 0 0 0 1 0 1 1 1 0 1 1 1 1 0 1 1 0 0 0 0 ]
d_25_21=2.829373735375 eijMax=1.207E-03 rmsd=1.126E+01 s=[ 0 0 0 1 1 1 1 1 1 0 1 1 0 0 1 1 1 0 0 0 0 1 0 1 1 1 0 1 1 1 1 0 1 1 0 0 0 0 ]
d_25_21=2.829573935576 eijMax=8.201E-04 rmsd=1.126E+01 s=[ 0 0 0 1 1 1 1 1 1 0 1 1 0 0 1 1 1 0 0 0 0 1 0 1 1 1 0 1 1 1 1 0 1 1 0 0 0 0 ]
d_25_21=2.829774135776 eijMax=4.335E-04 rmsd=1.126E+01 s=[ 0 0 0 1 1 1 1 1 1 0 1 1 0 0 1 1 1 0 0 0 0 1 0 1 1 1 0 1 1 1 1 0 1 1 0 0 0 0 ]
d_25_21=2.829974335976 eijMax=4.691E-05 rmsd=1.126E+01 s=[ 0 0 0 1 1 1 1 1 1 0 1 1 0 0 1 1 1 0 0 0 0 1 0 1 1 1 0 1 1 1 1 0 1 1 0 0 0 0 ]
d_25_21=2.830174536176 eijMax=3.398E-04 rmsd=1.126E+01 s=[ 0 0 0 1 1 1 1 1 1 0 1 1 0 0 1 1 1 0 0 0 0 1 0 1 1 1 0 1 1 1 1 0 1 1 0 0 0 0 ]
d_25_21=2.830374736376 eijMax=7.265E-04 rmsd=1.126E+01 s=[ 0 0 0 1 1 1 1 1 1 0 1 1 0 0 1 1 1 0 0 0 0 1 0 1 1 1 0 1 1 1 1 0 1 1 0 0 0 0 ]
d_25_21=2.830574936577 eijMax=1.113E-03 rmsd=1.126E+01 s=[ 0 0 0 1 1 1 1 1 1 0 1 1 0 0 1 1 1 0 0 0 0 1 0 1 1 1 0 1 1 1 1 0 1 1 0 0 0 0 ]
d_25_21=2.830775136777 eijMax=1.500E-03 rmsd=1.126E+01 s=[ 0 0 0 1 1 1 1 1 1 0 1 1 0 0 1 1 1 0 0 0 0 1 0 1 1 1 0 1 1 1 1 0 1 1 0 0 0 0 ]
d_25_21=2.830975336977 eijMax=1.887E-03 rmsd=1.126E+01 s=[ 0 0 0 1 1 1 1 1 1 0 1 1 0 0 1 1 1 0 0 0 0 1 0 1 1 1 0 1 1 1 1 0 1 1 0 0 0 0 ]
d_25_21=2.831175537177 eijMax=2.274E-03 rmsd=1.126E+01 s=[ 0 0 0 1 1 1 1 1 1 0 1 1 0 0 1 1 1 0 0 0 0 1 0 1 1 1 0 1 1 1 1 0 1 1 0 0 0 0 ]
d_25_21=2.831375737377 eijMax=2.661E-03 rmsd=1.126E+01 s=[ 0 0 0 1 1 1 1 1 1 0 1 1 0 0 1 1 1 0 0 0 0 1 0 1 1 1 0 1 1 1 1 0 1 1 0 0 0 0 ]
d_25_21=2.831575937578 eijMax=3.048E-03 rmsd=1.126E+01 s=[ 0 0 0 1 1 1 1 1 1 0 1 1 0 0 1 1 1 0 0 0 0 1 0 1 1 1 0 1 1 1 1 0 1 1 0 0 0 0 ]
d_25_21=2.831776137778 eijMax=3.436E-03 rmsd=1.126E+01 s=[ 0 0 0 1 1 1 1 1 1 0 1 1 0 0 1 1 1 0 0 0 0 1 0 1 1 1 0 1 1 1 1 0 1 1 0 0 0 0 ]
d_25_21=2.831976337978 eijMax=3.823E-03 rmsd=1.126E+01 s=[ 0 0 0 1 1 1 1 1 1 0 1 1 0 0 1 1 1 0 0 0 0 1 0 1 1 1 0 1 1 1 1 0 1 1 0 0 0 0 ]
d_25_21=2.832176538178 eijMax=4.210E-03 rmsd=1.126E+01 s=[ 0 0 0 1 1 1 1 1 1 0 1 1 0 0 1 1 1 0 0 0 0 1 0 1 1 1 0 1 1 1 1 0 1 1 0 0 0 0 ]
d_25_21=2.832376738378 eijMax=4.598E-03 rmsd=1.126E+01 s=[ 0 0 0 1 1 1 1 1 1 0 1 1 0 0 1 1 1 0 0 0 0 1 0 1 1 1 0 1 1 1 1 0 1 1 0 0 0 0 ]
d_25_21=2.832576938579 eijMax=4.985E-03 rmsd=1.126E+01 s=[ 0 0 0 1 1 1 1 1 1 0 1 1 0 0 1 1 1 0 0 0 0 1 0 1 1 1 0 1 1 1 1 0 1 1 0 0 0 0 ]
d_25_21=2.832777138779 eijMax=5.373E-03 rmsd=1.126E+01 s=[ 0 0 0 1 1 1 1 1 1 0 1 1 0 0 1 1 1 0 0 0 0 1 0 1 1 1 0 1 1 1 1 0 1 1 0 0 0 0 ]
d_25_21=2.832977338979 eijMax=5.760E-03 rmsd=1.126E+01 s=[ 0 0 0 1 1 1 1 1 1 0 1 1 0 0 1 1 1 0 0 0 0 1 0 1 1 1 0 1 1 1 1 0 1 1 0 0 0 0 ]
d_25_21=2.833177539179 eijMax=6.148E-03 rmsd=1.126E+01 s=[ 0 0 0 1 1 1 1 1 1 0 1 1 0 0 1 1 1 0 0 0 0 1 0 1 1 1 0 1 1 1 1 0 1 1 0 0 0 0 ]
d_25_21=2.833377739379 eijMax=6.536E-03 rmsd=1.126E+01 s=[ 0 0 0 1 1 1 1 1 1 0 1 1 0 0 1 1 1 0 0 0 0 1 0 1 1 1 0 1 1 1 1 0 1 1 0 0 0 0 ]
d_25_21=2.833577939580 eijMax=6.924E-03 rmsd=1.126E+01 s=[ 0 0 0 1 1 1 1 1 1 0 1 1 0 0 1 1 1 0 0 0 0 1 0 1 1 1 0 1 1 1 1 0 1 1 0 0 0 0 ]
d_25_21=2.833778139780 eijMax=7.312E-03 rmsd=1.126E+01 s=[ 0 0 0 1 1 1 1 1 1 0 1 1 0 0 1 1 1 0 0 0 0 1 0 1 1 1 0 1 1 1 1 0 1 1 0 0 0 0 ]
d_25_21=2.833978339980 eijMax=7.700E-03 rmsd=1.126E+01 s=[ 0 0 0 1 1 1 1 1 1 0 1 1 0 0 1 1 1 0 0 0 0 1 0 1 1 1 0 1 1 1 1 0 1 1 0 0 0 0 ]
d_25_21=2.834178540180 eijMax=8.088E-03 rmsd=1.126E+01 s=[ 0 0 0 1 1 1 1 1 1 0 1 1 0 0 1 1 1 0 0 0 0 1 0 1 1 1 0 1 1 1 1 0 1 1 0 0 0 0 ]
d_25_21=2.834378740380 eijMax=8.476E-03 rmsd=1.126E+01 s=[ 0 0 0 1 1 1 1 1 1 0 1 1 0 0 1 1 1 0 0 0 0 1 0 1 1 1 0 1 1 1 1 0 1 1 0 0 0 0 ]
d_25_21=2.834578940581 eijMax=8.864E-03 rmsd=1.126E+01 s=[ 0 0 0 1 1 1 1 1 1 0 1 1 0 0 1 1 1 0 0 0 0 1 0 1 1 1 0 1 1 1 1 0 1 1 0 0 0 0 ]
d_25_21=2.834779140781 eijMax=9.253E-03 rmsd=1.126E+01 s=[ 0 0 0 1 1 1 1 1 1 0 1 1 0 0 1 1 1 0 0 0 0 1 0 1 1 1 0 1 1 1 1 0 1 1 0 0 0 0 ]
d_25_21=2.834979340981 eijMax=9.641E-03 rmsd=1.126E+01 s=[ 0 0 0 1 1 1 1 1 1 0 1 1 0 0 1 1 1 0 0 0 0 1 0 1 1 1 0 1 1 1 1 0 1 1 0 0 0 0 ]
num ..... 1000
nnodes .. 38
nedges .. 271
nsols ... 360
nbbsols 360
tsecs ... 40.810155
