order:    [ 1 19 20 0 37 36 35 34 33 32 31 30 29 28 27 26 24 23 22 25 21 18 10 11 17 16 15 14 13 12 9 2 8 7 6 5 4 3 ]
atoms:    [ CA CA C N C CA N C CA N C CA N C CA N C CA N H HA N CA C C CA N C CA N N C C CA N C CA N ]
residues: [ 0 6 6 0 11 11 11 10 10 10 9 9 9 8 8 8 7 7 7 7 6 6 3 3 5 5 5 4 4 4 3 0 2 2 2 1 1 1 ]

We use a different pair of symbles to represent the bits values which are associated with the HA and H of the discretized distance, and another one to represent the bits of other hydrogens.
For the HA and H from the discretized distance:
	"+" means 0
	"-" means 1
For any other hydrogens:
	">" means 0
	"<" means 1

d_25_21=2.758603432323 s=[ 0 0 0 0 1 1 0 0 1 1 0 1 1 0 0 0 1 0 1 + - 0 0 1 1 1 1 0 1 1 0 0 1 1 0 0 1 1 ]

d_25_21=2.760623634343 s=[ 0 0 0 0 1 1 0 0 1 1 0 1 1 0 0 0 1 0 1 + - 0 0 1 1 1 1 0 1 1 0 0 1 1 0 0 1 1 ]

d_25_21=2.762643836364 s=[ 0 0 0 0 1 1 0 0 1 1 0 1 1 0 0 0 1 0 1 + - 0 0 1 1 1 1 0 1 1 0 0 1 1 0 0 1 1 ]

d_25_21=2.764664038384 s=[ 0 0 0 0 1 1 0 0 1 1 0 1 1 0 0 0 1 0 1 + - 0 0 1 1 1 1 0 1 1 0 0 1 1 0 0 1 1 ]

d_25_21=2.766684240404 s=[ 0 0 0 0 1 1 0 0 1 1 0 1 1 0 0 0 1 0 1 + - 0 0 1 1 1 1 0 1 1 0 0 1 1 0 0 1 1 ]

d_25_21=2.768704442424 s=[ 0 0 0 0 1 1 0 0 1 1 0 1 1 0 0 0 1 0 1 + - 0 0 1 1 1 1 0 1 1 0 0 1 1 0 0 1 1 ]

d_25_21=2.770724644444 s=[ 0 0 0 0 1 1 0 0 1 1 0 1 1 0 0 0 1 0 1 + - 0 0 1 1 1 1 0 1 1 0 0 1 1 0 0 1 1 ]

d_25_21=2.772744846465 s=[ 0 0 0 0 1 1 0 0 1 1 0 1 1 0 0 0 1 0 1 + - 0 0 1 1 1 1 0 1 1 0 0 1 1 0 0 1 1 ]

d_25_21=2.774765048485 s=[ 0 0 0 0 1 1 0 0 1 1 0 1 1 0 0 0 1 0 1 + - 0 0 1 1 1 1 0 1 1 0 0 1 1 0 0 1 1 ]

d_25_21=2.776785250505 s=[ 0 0 0 0 1 1 0 0 1 1 0 1 1 0 0 0 1 0 1 + - 0 0 1 1 1 1 0 1 1 0 0 1 1 0 0 1 1 ]

d_25_21=2.778805452525 s=[ 0 0 0 0 1 1 0 0 1 1 0 1 1 0 0 0 1 0 1 + - 0 0 1 1 1 1 0 1 1 0 0 1 1 0 0 1 1 ]

d_25_21=2.780825654545 s=[ 0 0 0 0 1 1 0 0 1 1 0 1 1 0 0 0 1 0 1 + - 0 0 1 1 1 1 0 1 1 0 0 1 1 0 0 1 1 ]

d_25_21=2.782845856566 s=[ 0 0 0 0 1 1 0 0 1 1 0 1 1 0 0 0 1 0 1 + - 0 0 1 1 1 1 0 1 1 0 0 1 1 0 0 1 1 ]

d_25_21=2.784866058586 s=[ 0 0 0 0 1 1 0 0 1 1 0 1 1 0 0 0 1 0 1 + - 0 0 1 1 1 1 0 1 1 0 0 1 1 0 0 1 1 ]

d_25_21=2.786886260606 s=[ 0 0 0 0 1 1 0 0 1 1 0 1 1 0 0 0 1 0 1 + - 0 0 1 1 1 1 0 1 1 0 0 1 1 0 0 1 1 ]

d_25_21=2.788906462626 s=[ 0 0 0 0 1 1 0 0 1 1 0 1 1 0 0 0 1 0 1 + - 0 0 1 1 1 1 0 1 1 0 0 1 1 0 0 1 1 ]

d_25_21=2.790926664646 s=[ 0 0 0 0 1 1 0 0 1 1 0 1 1 0 0 0 1 0 1 + - 0 0 1 1 1 1 0 1 1 0 0 1 1 0 0 1 1 ]

d_25_21=2.792946866667 s=[ 0 0 0 0 1 1 0 0 1 1 0 1 1 0 0 0 1 0 1 + - 0 0 1 1 1 1 0 1 1 0 0 1 1 0 0 1 1 ]

d_25_21=2.794967068687 s=[ 0 0 0 0 1 1 0 0 1 1 0 1 1 0 0 0 1 0 1 + - 0 0 1 1 1 1 0 1 1 0 0 1 1 0 0 1 1 ]

d_25_21=2.796987270707 s=[ 0 0 0 0 1 1 0 0 1 1 0 1 1 0 0 0 1 0 1 + - 0 0 1 1 1 1 0 1 1 0 0 1 1 0 0 1 1 ]

d_25_21=2.799007472727 s=[ 0 0 0 0 1 1 0 0 1 1 0 1 1 0 0 0 1 0 1 + - 0 0 1 1 1 1 0 1 1 0 0 1 1 0 0 1 1 ]

d_25_21=2.801027674747 s=[ 0 0 0 0 1 1 0 0 1 1 0 1 1 0 0 0 1 0 1 + - 0 0 1 1 1 1 0 1 1 0 0 1 1 0 0 1 1 ]

d_25_21=2.803047876768 s=[ 0 0 0 0 1 1 0 0 1 1 0 1 1 0 0 0 1 0 1 + - 0 0 1 1 1 1 0 1 1 0 0 1 1 0 0 1 1 ]

d_25_21=2.805068078788 s=[ 0 0 0 0 1 1 0 0 1 1 0 1 1 0 0 0 1 0 1 + - 0 0 1 1 1 1 0 1 1 0 0 1 1 0 0 1 1 ]

d_25_21=2.807088280808 s=[ 0 0 0 0 1 1 0 0 1 1 0 1 1 0 0 0 1 0 1 + - 0 0 1 1 1 1 0 1 1 0 0 1 1 0 0 1 1 ]

d_25_21=2.809108482828 s=[ 0 0 0 0 1 1 0 0 1 1 0 1 1 0 0 0 1 0 1 + - 0 0 1 1 1 1 0 1 1 0 0 1 1 0 0 1 1 ]

d_25_21=2.811128684848 s=[ 0 0 0 0 1 1 0 0 1 1 0 1 1 0 0 0 1 0 1 + - 0 0 1 1 1 1 0 1 1 0 0 1 1 0 0 1 1 ]

d_25_21=2.813148886869 s=[ 0 0 0 0 1 1 0 0 1 1 0 1 1 0 0 0 1 0 1 + - 0 0 1 1 1 1 0 1 1 0 0 1 1 0 0 1 1 ]

d_25_21=2.815169088889 s=[ 0 0 0 0 1 1 0 0 1 1 0 1 1 0 0 0 1 0 1 + - 0 0 1 1 1 1 0 1 1 0 0 1 1 0 0 1 1 ]

d_25_21=2.817189290909 s=[ 0 0 0 0 1 1 0 0 1 1 0 1 1 0 0 0 1 0 1 + - 0 0 1 1 1 1 0 1 1 0 0 1 1 0 0 1 1 ]

d_25_21=2.819209492929 s=[ 0 0 0 0 1 1 0 0 1 1 0 1 1 0 0 0 1 0 1 + - 0 0 1 1 1 1 0 1 1 0 0 1 1 0 0 1 1 ]

d_25_21=2.821229694949 s=[ 0 0 0 0 1 1 0 0 1 1 0 1 1 0 0 0 1 0 1 + - 0 0 1 1 1 1 0 1 1 0 0 1 1 0 0 1 1 ]

d_25_21=2.823249896970 s=[ 0 0 0 0 1 1 0 0 1 1 0 1 1 0 0 0 1 0 1 + - 0 0 1 1 1 1 0 1 1 0 0 1 1 0 0 1 1 ]

d_25_21=2.825270098990 s=[ 0 0 0 0 1 1 0 0 1 1 0 1 1 0 0 0 1 0 1 + - 0 0 1 1 1 1 0 1 1 0 0 1 1 0 0 1 1 ]

d_25_21=2.827290301010 s=[ 0 0 0 0 1 1 0 0 1 1 0 1 1 0 0 0 1 0 1 + - 0 0 1 1 1 1 0 1 1 0 0 1 1 0 0 1 1 ]

d_25_21=2.829310503030 s=[ 0 0 0 0 1 1 0 0 1 1 0 1 1 0 0 0 1 0 1 + - 0 0 1 1 1 1 0 1 1 0 0 1 1 0 0 1 1 ]

d_25_21=2.831330705051 s=[ 0 0 0 0 1 1 0 0 1 1 0 1 1 0 0 0 1 0 1 + - 0 0 1 1 1 1 0 1 1 0 0 1 1 0 0 1 1 ]

d_25_21=2.833350907071 s=[ 0 0 0 0 1 1 0 0 1 1 0 1 1 0 0 0 1 0 1 + - 0 0 1 1 1 1 0 1 1 0 0 1 1 0 0 1 1 ]

d_25_21=2.835371109091 s=[ 0 0 0 0 1 1 0 0 1 1 0 1 1 0 0 0 1 0 1 + - 0 0 1 1 1 1 0 1 1 0 0 1 1 0 0 1 1 ]

d_25_21=2.837391311111 s=[ 0 0 0 0 1 1 0 0 1 1 0 1 1 0 0 0 1 0 1 + - 0 0 1 1 1 1 0 1 1 0 0 1 1 0 0 1 1 ]

d_25_21=2.839411513131 s=[ 0 0 0 0 1 1 0 0 1 1 0 1 1 0 0 0 1 0 1 + - 0 0 1 1 1 1 0 1 1 0 0 1 1 0 0 1 1 ]

d_25_21=2.841431715152 s=[ 0 0 0 0 1 1 0 0 1 1 0 1 1 0 0 0 1 0 1 + - 0 0 1 1 1 1 0 1 1 0 0 1 1 0 0 1 1 ]

d_25_21=2.843451917172 s=[ 0 0 0 0 1 1 0 0 1 1 0 1 1 0 0 0 1 0 1 + - 0 0 1 1 1 1 0 1 1 0 0 1 1 0 0 1 1 ]

d_25_21=2.845472119192 s=[ 0 0 0 0 1 1 0 0 1 1 0 1 1 0 0 0 1 0 1 + - 0 0 1 1 1 1 0 1 1 0 0 1 1 0 0 1 1 ]

d_25_21=2.847492321212 s=[ 0 0 0 0 1 1 0 0 1 1 0 1 1 0 0 0 1 0 1 + - 0 0 1 1 1 1 0 1 1 0 0 1 1 0 0 1 1 ]

d_25_21=2.849512523232 s=[ 0 0 0 0 1 1 0 0 1 1 0 1 1 0 0 0 1 0 1 + - 0 0 1 1 1 1 0 1 1 0 0 1 1 0 0 1 1 ]

d_25_21=2.851532725253 s=[ 0 0 0 0 1 1 0 0 1 1 0 1 1 0 0 0 1 0 1 + - 0 0 1 1 1 1 0 1 1 0 0 1 1 0 0 1 1 ]

d_25_21=2.853552927273 s=[ 0 0 0 0 1 1 0 0 1 1 0 1 1 0 0 0 1 0 1 + - 0 0 1 1 1 1 0 1 1 0 0 1 1 0 0 1 1 ]

d_25_21=2.855573129293 s=[ 0 0 0 0 1 1 0 0 1 1 0 1 1 0 0 0 1 0 1 + - 0 0 1 1 1 1 0 1 1 0 0 1 1 0 0 1 1 ]

d_25_21=2.857593331313 s=[ 0 0 0 0 1 1 0 0 1 1 0 1 1 0 0 0 1 0 1 + - 0 0 1 1 1 1 0 1 1 0 0 1 1 0 0 1 1 ]

d_25_21=2.859613533333 s=[ 0 0 0 0 1 1 0 0 1 1 0 1 1 0 0 0 1 0 1 + - 0 0 1 1 1 1 0 1 1 0 0 1 1 0 0 1 1 ]

d_25_21=2.861633735354 s=[ 0 0 0 0 1 1 0 0 1 1 0 1 1 0 0 0 1 0 1 + - 0 0 1 1 1 1 0 1 1 0 0 1 1 0 0 1 1 ]

d_25_21=2.863653937374 s=[ 0 0 0 0 1 1 0 0 1 1 0 1 1 0 0 0 1 0 1 + - 0 0 1 1 1 1 0 1 1 0 0 1 1 0 0 1 1 ]

d_25_21=2.865674139394 s=[ 0 0 0 0 1 1 0 0 1 1 0 1 1 0 0 0 1 0 1 + - 0 0 1 1 1 1 0 1 1 0 0 1 1 0 0 1 1 ]

d_25_21=2.867694341414 s=[ 0 0 0 0 1 1 0 0 1 1 0 1 1 0 0 0 1 0 1 + - 0 0 1 1 1 1 0 1 1 0 0 1 1 0 0 1 1 ]

d_25_21=2.869714543434 s=[ 0 0 0 0 1 1 0 0 1 1 0 1 1 0 0 0 1 0 1 + - 0 0 1 1 1 1 0 1 1 0 0 1 1 0 0 1 1 ]

d_25_21=2.871734745455 s=[ 0 0 0 0 1 1 0 0 1 1 0 1 1 0 0 0 1 0 1 + - 0 0 1 1 1 1 0 1 1 0 0 1 1 0 0 1 1 ]

d_25_21=2.873754947475 s=[ 0 0 0 0 1 1 0 0 1 1 0 1 1 0 0 0 1 0 1 + - 0 0 1 1 1 1 0 1 1 0 0 1 1 0 0 1 1 ]

d_25_21=2.875775149495 s=[ 0 0 0 0 1 1 0 0 1 1 0 1 1 0 0 0 1 0 1 + - 0 0 1 1 1 1 0 1 1 0 0 1 1 0 0 1 1 ]

d_25_21=2.877795351515 s=[ 0 0 0 0 1 1 0 0 1 1 0 1 1 0 0 0 1 0 1 + - 0 0 1 1 1 1 0 1 1 0 0 1 1 0 0 1 1 ]

d_25_21=2.879815553535 s=[ 0 0 0 0 1 1 0 0 1 1 0 1 1 0 0 0 1 0 1 + - 0 0 1 1 1 1 0 1 1 0 0 1 1 0 0 1 1 ]

d_25_21=2.881835755556 s=[ 0 0 0 0 1 1 0 0 1 1 0 1 1 0 0 0 1 0 1 + - 0 0 1 1 1 1 0 1 1 0 0 1 1 0 0 1 1 ]

d_25_21=2.883855957576 s=[ 0 0 0 0 1 1 0 0 1 1 0 1 1 0 0 0 1 0 1 + - 0 0 1 1 1 1 0 1 1 0 0 1 1 0 0 1 1 ]

d_25_21=2.885876159596 s=[ 0 0 0 0 1 1 0 0 1 1 0 1 1 0 0 0 1 0 1 + - 0 0 1 1 1 1 0 1 1 0 0 1 1 0 0 1 1 ]

d_25_21=2.887896361616 s=[ 0 0 0 0 1 1 0 0 1 1 0 1 1 0 0 0 1 0 1 + - 0 0 1 1 1 1 0 1 1 0 0 1 1 0 0 1 1 ]

d_25_21=2.889916563636 s=[ 0 0 0 0 1 1 0 0 1 1 0 1 1 0 0 0 1 0 1 + - 0 0 1 1 1 1 0 1 1 0 0 1 1 0 0 1 1 ]

d_25_21=2.891936765657 s=[ 0 0 0 0 1 1 0 0 1 1 0 1 1 0 0 0 1 0 1 + - 0 0 1 1 1 1 0 1 1 0 0 1 1 0 0 1 1 ]

d_25_21=2.893956967677 s=[ 0 0 0 0 1 1 0 0 1 1 0 1 1 0 0 0 1 0 1 + - 0 0 1 1 1 1 0 1 1 0 0 1 1 0 0 1 1 ]

d_25_21=2.895977169697 s=[ 0 0 0 0 1 1 0 0 1 1 0 1 1 0 0 0 1 0 1 + - 0 0 1 1 1 1 0 1 1 0 0 1 1 0 0 1 1 ]

d_25_21=2.897997371717 s=[ 0 0 0 0 1 1 0 0 1 1 0 1 1 0 0 0 1 0 1 + - 0 0 1 1 1 1 0 1 1 0 0 1 1 0 0 1 1 ]

d_25_21=2.900017573737 s=[ 0 0 0 0 1 1 0 0 1 1 0 1 1 0 0 0 1 0 1 + - 0 0 1 1 1 1 0 1 1 0 0 1 1 0 0 1 1 ]

d_25_21=2.902037775758 s=[ 0 0 0 0 1 1 0 0 1 1 0 1 1 0 0 0 1 0 1 + - 0 0 1 1 1 1 0 1 1 0 0 1 1 0 0 1 1 ]

d_25_21=2.904057977778 s=[ 0 0 0 0 1 1 0 0 1 1 0 1 1 0 0 0 1 0 1 + - 0 0 1 1 1 1 0 1 1 0 0 1 1 0 0 1 1 ]

d_25_21=2.906078179798 s=[ 0 0 0 0 1 1 0 0 1 1 0 1 1 0 0 0 1 0 1 + - 0 0 1 1 1 1 0 1 1 0 0 1 1 0 0 1 1 ]

d_25_21=2.908098381818 s=[ 0 0 0 0 1 1 0 0 1 1 0 1 1 0 0 0 1 0 1 + - 0 0 1 1 1 1 0 1 1 0 0 1 1 0 0 1 1 ]

d_25_21=2.910118583838 s=[ 0 0 0 0 1 1 0 0 1 1 0 1 1 0 0 0 1 0 1 + - 0 0 1 1 1 1 0 1 1 0 0 1 1 0 0 1 1 ]

d_25_21=2.912138785859 s=[ 0 0 0 0 1 1 0 0 1 1 0 1 1 0 0 0 1 0 1 + - 0 0 1 1 1 1 0 1 1 0 0 1 1 0 0 1 1 ]

d_25_21=2.914158987879 s=[ 0 0 0 0 1 1 0 0 1 1 0 1 1 0 0 0 1 0 1 + - 0 0 1 1 1 1 0 1 1 0 0 1 1 0 0 1 1 ]

d_25_21=2.916179189899 s=[ 0 0 0 0 1 1 0 0 1 1 0 1 1 0 0 0 1 0 1 + - 0 0 1 1 1 1 0 1 1 0 0 1 1 0 0 1 1 ]

d_25_21=2.918199391919 s=[ 0 0 0 0 1 1 0 0 1 1 0 1 1 0 0 0 1 0 1 + - 0 0 1 1 1 1 0 1 1 0 0 1 1 0 0 1 1 ]

d_25_21=2.920219593939 s=[ 0 0 0 0 1 1 0 0 1 1 0 1 1 0 0 0 1 0 1 + - 0 0 1 1 1 1 0 1 1 0 0 1 1 0 0 1 1 ]

d_25_21=2.920219593939 s=[ 0 0 0 0 1 1 0 0 1 1 0 1 1 0 0 0 1 0 1 + - 0 0 1 1 1 1 0 1 1 1 1 0 0 1 1 0 0 ]

d_25_21=2.922239795960 s=[ 0 0 0 0 1 1 0 0 1 1 0 1 1 0 0 0 1 0 1 + - 0 0 1 1 1 1 0 1 1 0 0 1 1 0 0 1 1 ]

d_25_21=2.922239795960 s=[ 0 0 0 0 1 1 0 0 1 1 0 1 1 0 0 0 1 0 1 + - 0 0 1 1 1 1 0 1 1 1 1 0 0 1 1 0 0 ]

d_25_21=2.924259997980 s=[ 0 0 0 0 1 1 0 0 1 1 0 1 1 0 0 0 1 0 1 + - 0 0 1 1 1 1 0 1 1 0 0 1 1 0 0 1 1 ]

d_25_21=2.924259997980 s=[ 0 0 0 0 1 1 0 0 1 1 0 1 1 0 0 0 1 0 1 + - 0 0 1 1 1 1 0 1 1 1 1 0 0 1 1 0 0 ]

d_25_21=2.926280200000 s=[ 0 0 0 0 1 1 0 0 1 1 0 1 1 0 0 0 1 0 1 + - 0 0 1 1 1 1 0 1 1 0 0 1 1 0 0 1 1 ]

d_25_21=2.926280200000 s=[ 0 0 0 0 1 1 0 0 1 1 0 1 1 0 0 0 1 0 1 + - 0 0 1 1 1 1 0 1 1 1 1 0 0 1 1 0 0 ]

d_25_21=2.756583230303 s=[ 0 0 0 0 1 1 0 0 1 1 0 1 1 0 0 0 1 0 1 - - 0 0 1 1 1 1 0 1 1 0 0 1 1 0 0 1 1 ]

d_25_21=2.758603432323 s=[ 0 0 0 0 1 1 0 0 1 1 0 1 1 0 0 0 1 0 1 - - 0 0 1 1 1 1 0 1 1 0 0 1 1 0 0 1 1 ]

d_25_21=2.760623634343 s=[ 0 0 0 0 1 1 0 0 1 1 0 1 1 0 0 0 1 0 1 - - 0 0 1 1 1 1 0 1 1 0 0 1 1 0 0 1 1 ]

d_25_21=2.762643836364 s=[ 0 0 0 0 1 1 0 0 1 1 0 1 1 0 0 0 1 0 1 - - 0 0 1 1 1 1 0 1 1 0 0 1 1 0 0 1 1 ]

d_25_21=2.764664038384 s=[ 0 0 0 0 1 1 0 0 1 1 0 1 1 0 0 0 1 0 1 - - 0 0 1 1 1 1 0 1 1 0 0 1 1 0 0 1 1 ]

d_25_21=2.766684240404 s=[ 0 0 0 0 1 1 0 0 1 1 0 1 1 0 0 0 1 0 1 - - 0 0 1 1 1 1 0 1 1 0 0 1 1 0 0 1 1 ]

d_25_21=2.768704442424 s=[ 0 0 0 0 1 1 0 0 1 1 0 1 1 0 0 0 1 0 1 - - 0 0 1 1 1 1 0 1 1 0 0 1 1 0 0 1 1 ]

d_25_21=2.770724644444 s=[ 0 0 0 0 1 1 0 0 1 1 0 1 1 0 0 0 1 0 1 - - 0 0 1 1 1 1 0 1 1 0 0 1 1 0 0 1 1 ]

d_25_21=2.772744846465 s=[ 0 0 0 0 1 1 0 0 1 1 0 1 1 0 0 0 1 0 1 - - 0 0 1 1 1 1 0 1 1 0 0 1 1 0 0 1 1 ]

d_25_21=2.774765048485 s=[ 0 0 0 0 1 1 0 0 1 1 0 1 1 0 0 0 1 0 1 - - 0 0 1 1 1 1 0 1 1 0 0 1 1 0 0 1 1 ]

d_25_21=2.776785250505 s=[ 0 0 0 0 1 1 0 0 1 1 0 1 1 0 0 0 1 0 1 - - 0 0 1 1 1 1 0 1 1 0 0 1 1 0 0 1 1 ]

d_25_21=2.778805452525 s=[ 0 0 0 0 1 1 0 0 1 1 0 1 1 0 0 0 1 0 1 - - 0 0 1 1 1 1 0 1 1 0 0 1 1 0 0 1 1 ]

d_25_21=2.780825654545 s=[ 0 0 0 0 1 1 0 0 1 1 0 1 1 0 0 0 1 0 1 - - 0 0 1 1 1 1 0 1 1 0 0 1 1 0 0 1 1 ]

d_25_21=2.782845856566 s=[ 0 0 0 0 1 1 0 0 1 1 0 1 1 0 0 0 1 0 1 - - 0 0 1 1 1 1 0 1 1 0 0 1 1 0 0 1 1 ]

d_25_21=2.784866058586 s=[ 0 0 0 0 1 1 0 0 1 1 0 1 1 0 0 0 1 0 1 - - 0 0 1 1 1 1 0 1 1 0 0 1 1 0 0 1 1 ]

d_25_21=2.786886260606 s=[ 0 0 0 0 1 1 0 0 1 1 0 1 1 0 0 0 1 0 1 - - 0 0 1 1 1 1 0 1 1 0 0 1 1 0 0 1 1 ]

d_25_21=2.788906462626 s=[ 0 0 0 0 1 1 0 0 1 1 0 1 1 0 0 0 1 0 1 - - 0 0 1 1 1 1 0 1 1 0 0 1 1 0 0 1 1 ]

d_25_21=2.790926664646 s=[ 0 0 0 0 1 1 0 0 1 1 0 1 1 0 0 0 1 0 1 - - 0 0 1 1 1 1 0 1 1 0 0 1 1 0 0 1 1 ]

d_25_21=2.792946866667 s=[ 0 0 0 0 1 1 0 0 1 1 0 1 1 0 0 0 1 0 1 - - 0 0 1 1 1 1 0 1 1 0 0 1 1 0 0 1 1 ]

d_25_21=2.794967068687 s=[ 0 0 0 0 1 1 0 0 1 1 0 1 1 0 0 0 1 0 1 - - 0 0 1 1 1 1 0 1 1 0 0 1 1 0 0 1 1 ]

d_25_21=2.796987270707 s=[ 0 0 0 0 1 1 0 0 1 1 0 1 1 0 0 0 1 0 1 - - 0 0 1 1 1 1 0 1 1 0 0 1 1 0 0 1 1 ]

d_25_21=2.799007472727 s=[ 0 0 0 0 1 1 0 0 1 1 0 1 1 0 0 0 1 0 1 - - 0 0 1 1 1 1 0 1 1 0 0 1 1 0 0 1 1 ]

d_25_21=2.801027674747 s=[ 0 0 0 0 1 1 0 0 1 1 0 1 1 0 0 0 1 0 1 - - 0 0 1 1 1 1 0 1 1 0 0 1 1 0 0 1 1 ]

d_25_21=2.803047876768 s=[ 0 0 0 0 1 1 0 0 1 1 0 1 1 0 0 0 1 0 1 - - 0 0 1 1 1 1 0 1 1 0 0 1 1 0 0 1 1 ]

d_25_21=2.805068078788 s=[ 0 0 0 0 1 1 0 0 1 1 0 1 1 0 0 0 1 0 1 - - 0 0 1 1 1 1 0 1 1 0 0 1 1 0 0 1 1 ]

d_25_21=2.807088280808 s=[ 0 0 0 0 1 1 0 0 1 1 0 1 1 0 0 0 1 0 1 - - 0 0 1 1 1 1 0 1 1 0 0 1 1 0 0 1 1 ]

d_25_21=2.809108482828 s=[ 0 0 0 0 1 1 0 0 1 1 0 1 1 0 0 0 1 0 1 - - 0 0 1 1 1 1 0 1 1 0 0 1 1 0 0 1 1 ]

d_25_21=2.811128684848 s=[ 0 0 0 0 1 1 0 0 1 1 0 1 1 0 0 0 1 0 1 - - 0 0 1 1 1 1 0 1 1 0 0 1 1 0 0 1 1 ]

d_25_21=2.813148886869 s=[ 0 0 0 0 1 1 0 0 1 1 0 1 1 0 0 0 1 0 1 - - 0 0 1 1 1 1 0 1 1 0 0 1 1 0 0 1 1 ]

d_25_21=2.815169088889 s=[ 0 0 0 0 1 1 0 0 1 1 0 1 1 0 0 0 1 0 1 - - 0 0 1 1 1 1 0 1 1 0 0 1 1 0 0 1 1 ]

d_25_21=2.817189290909 s=[ 0 0 0 0 1 1 0 0 1 1 0 1 1 0 0 0 1 0 1 - - 0 0 1 1 1 1 0 1 1 0 0 1 1 0 0 1 1 ]

d_25_21=2.819209492929 s=[ 0 0 0 0 1 1 0 0 1 1 0 1 1 0 0 0 1 0 1 - - 0 0 1 1 1 1 0 1 1 0 0 1 1 0 0 1 1 ]

d_25_21=2.821229694949 s=[ 0 0 0 0 1 1 0 0 1 1 0 1 1 0 0 0 1 0 1 - - 0 0 1 1 1 1 0 1 1 0 0 1 1 0 0 1 1 ]

d_25_21=2.823249896970 s=[ 0 0 0 0 1 1 0 0 1 1 0 1 1 0 0 0 1 0 1 - - 0 0 1 1 1 1 0 1 1 0 0 1 1 0 0 1 1 ]

d_25_21=2.825270098990 s=[ 0 0 0 0 1 1 0 0 1 1 0 1 1 0 0 0 1 0 1 - - 0 0 1 1 1 1 0 1 1 0 0 1 1 0 0 1 1 ]

d_25_21=2.827290301010 s=[ 0 0 0 0 1 1 0 0 1 1 0 1 1 0 0 0 1 0 1 - - 0 0 1 1 1 1 0 1 1 0 0 1 1 0 0 1 1 ]

d_25_21=2.829310503030 s=[ 0 0 0 0 1 1 0 0 1 1 0 1 1 0 0 0 1 0 1 - - 0 0 1 1 1 1 0 1 1 0 0 1 1 0 0 1 1 ]

d_25_21=2.831330705051 s=[ 0 0 0 0 1 1 0 0 1 1 0 1 1 0 0 0 1 0 1 - - 0 0 1 1 1 1 0 1 1 0 0 1 1 0 0 1 1 ]

d_25_21=2.833350907071 s=[ 0 0 0 0 1 1 0 0 1 1 0 1 1 0 0 0 1 0 1 - - 0 0 1 1 1 1 0 1 1 0 0 1 1 0 0 1 1 ]

d_25_21=2.835371109091 s=[ 0 0 0 0 1 1 0 0 1 1 0 1 1 0 0 0 1 0 1 - - 0 0 1 1 1 1 0 1 1 0 0 1 1 0 0 1 1 ]

d_25_21=2.837391311111 s=[ 0 0 0 0 1 1 0 0 1 1 0 1 1 0 0 0 1 0 1 - - 0 0 1 1 1 1 0 1 1 0 0 1 1 0 0 1 1 ]

d_25_21=2.839411513131 s=[ 0 0 0 0 1 1 0 0 1 1 0 1 1 0 0 0 1 0 1 - - 0 0 1 1 1 1 0 1 1 0 0 1 1 0 0 1 1 ]

d_25_21=2.841431715152 s=[ 0 0 0 0 1 1 0 0 1 1 0 1 1 0 0 0 1 0 1 - - 0 0 1 1 1 1 0 1 1 0 0 1 1 0 0 1 1 ]

d_25_21=2.843451917172 s=[ 0 0 0 0 1 1 0 0 1 1 0 1 1 0 0 0 1 0 1 - - 0 0 1 1 1 1 0 1 1 0 0 1 1 0 0 1 1 ]

d_25_21=2.845472119192 s=[ 0 0 0 0 1 1 0 0 1 1 0 1 1 0 0 0 1 0 1 - - 0 0 1 1 1 1 0 1 1 0 0 1 1 0 0 1 1 ]

d_25_21=2.847492321212 s=[ 0 0 0 0 1 1 0 0 1 1 0 1 1 0 0 0 1 0 1 - - 0 0 1 1 1 1 0 1 1 0 0 1 1 0 0 1 1 ]

d_25_21=2.849512523232 s=[ 0 0 0 0 1 1 0 0 1 1 0 1 1 0 0 0 1 0 1 - - 0 0 1 1 1 1 0 1 1 0 0 1 1 0 0 1 1 ]

d_25_21=2.851532725253 s=[ 0 0 0 0 1 1 0 0 1 1 0 1 1 0 0 0 1 0 1 - - 0 0 1 1 1 1 0 1 1 0 0 1 1 0 0 1 1 ]

d_25_21=2.853552927273 s=[ 0 0 0 0 1 1 0 0 1 1 0 1 1 0 0 0 1 0 1 - - 0 0 1 1 1 1 0 1 1 0 0 1 1 0 0 1 1 ]

d_25_21=2.855573129293 s=[ 0 0 0 0 1 1 0 0 1 1 0 1 1 0 0 0 1 0 1 - - 0 0 1 1 1 1 0 1 1 0 0 1 1 0 0 1 1 ]

d_25_21=2.857593331313 s=[ 0 0 0 0 1 1 0 0 1 1 0 1 1 0 0 0 1 0 1 - - 0 0 1 1 1 1 0 1 1 0 0 1 1 0 0 1 1 ]

d_25_21=2.859613533333 s=[ 0 0 0 0 1 1 0 0 1 1 0 1 1 0 0 0 1 0 1 - - 0 0 1 1 1 1 0 1 1 0 0 1 1 0 0 1 1 ]

d_25_21=2.861633735354 s=[ 0 0 0 0 1 1 0 0 1 1 0 1 1 0 0 0 1 0 1 - - 0 0 1 1 1 1 0 1 1 0 0 1 1 0 0 1 1 ]

d_25_21=2.863653937374 s=[ 0 0 0 0 1 1 0 0 1 1 0 1 1 0 0 0 1 0 1 - - 0 0 1 1 1 1 0 1 1 0 0 1 1 0 0 1 1 ]

d_25_21=2.865674139394 s=[ 0 0 0 0 1 1 0 0 1 1 0 1 1 0 0 0 1 0 1 - - 0 0 1 1 1 1 0 1 1 0 0 1 1 0 0 1 1 ]

d_25_21=2.867694341414 s=[ 0 0 0 0 1 1 0 0 1 1 0 1 1 0 0 0 1 0 1 - - 0 0 1 1 1 1 0 1 1 0 0 1 1 0 0 1 1 ]

d_25_21=2.869714543434 s=[ 0 0 0 0 1 1 0 0 1 1 0 1 1 0 0 0 1 0 1 - - 0 0 1 1 1 1 0 1 1 0 0 1 1 0 0 1 1 ]

d_25_21=2.871734745455 s=[ 0 0 0 0 1 1 0 0 1 1 0 1 1 0 0 0 1 0 1 - - 0 0 1 1 1 1 0 1 1 0 0 1 1 0 0 1 1 ]

d_25_21=2.873754947475 s=[ 0 0 0 0 1 1 0 0 1 1 0 1 1 0 0 0 1 0 1 - - 0 0 1 1 1 1 0 1 1 0 0 1 1 0 0 1 1 ]

d_25_21=2.875775149495 s=[ 0 0 0 0 1 1 0 0 1 1 0 1 1 0 0 0 1 0 1 - - 0 0 1 1 1 1 0 1 1 0 0 1 1 0 0 1 1 ]

d_25_21=2.877795351515 s=[ 0 0 0 0 1 1 0 0 1 1 0 1 1 0 0 0 1 0 1 - - 0 0 1 1 1 1 0 1 1 0 0 1 1 0 0 1 1 ]

d_25_21=2.879815553535 s=[ 0 0 0 0 1 1 0 0 1 1 0 1 1 0 0 0 1 0 1 - - 0 0 1 1 1 1 0 1 1 0 0 1 1 0 0 1 1 ]

d_25_21=2.881835755556 s=[ 0 0 0 0 1 1 0 0 1 1 0 1 1 0 0 0 1 0 1 - - 0 0 1 1 1 1 0 1 1 0 0 1 1 0 0 1 1 ]

d_25_21=2.883855957576 s=[ 0 0 0 0 1 1 0 0 1 1 0 1 1 0 0 0 1 0 1 - - 0 0 1 1 1 1 0 1 1 0 0 1 1 0 0 1 1 ]

d_25_21=2.885876159596 s=[ 0 0 0 0 1 1 0 0 1 1 0 1 1 0 0 0 1 0 1 - - 0 0 1 1 1 1 0 1 1 0 0 1 1 0 0 1 1 ]

d_25_21=2.887896361616 s=[ 0 0 0 0 1 1 0 0 1 1 0 1 1 0 0 0 1 0 1 - - 0 0 1 1 1 1 0 1 1 0 0 1 1 0 0 1 1 ]

d_25_21=2.889916563636 s=[ 0 0 0 0 1 1 0 0 1 1 0 1 1 0 0 0 1 0 1 - - 0 0 1 1 1 1 0 1 1 0 0 1 1 0 0 1 1 ]

d_25_21=2.891936765657 s=[ 0 0 0 0 1 1 0 0 1 1 0 1 1 0 0 0 1 0 1 - - 0 0 1 1 1 1 0 1 1 0 0 1 1 0 0 1 1 ]

d_25_21=2.893956967677 s=[ 0 0 0 0 1 1 0 0 1 1 0 1 1 0 0 0 1 0 1 - - 0 0 1 1 1 1 0 1 1 0 0 1 1 0 0 1 1 ]

d_25_21=2.895977169697 s=[ 0 0 0 0 1 1 0 0 1 1 0 1 1 0 0 0 1 0 1 - - 0 0 1 1 1 1 0 1 1 0 0 1 1 0 0 1 1 ]

d_25_21=2.897997371717 s=[ 0 0 0 0 1 1 0 0 1 1 0 1 1 0 0 0 1 0 1 - - 0 0 1 1 1 1 0 1 1 0 0 1 1 0 0 1 1 ]

d_25_21=2.900017573737 s=[ 0 0 0 0 1 1 0 0 1 1 0 1 1 0 0 0 1 0 1 - - 0 0 1 1 1 1 0 1 1 0 0 1 1 0 0 1 1 ]

d_25_21=2.902037775758 s=[ 0 0 0 0 1 1 0 0 1 1 0 1 1 0 0 0 1 0 1 - - 0 0 1 1 1 1 0 1 1 0 0 1 1 0 0 1 1 ]

d_25_21=2.904057977778 s=[ 0 0 0 0 1 1 0 0 1 1 0 1 1 0 0 0 1 0 1 - - 0 0 1 1 1 1 0 1 1 0 0 1 1 0 0 1 1 ]

d_25_21=2.906078179798 s=[ 0 0 0 0 1 1 0 0 1 1 0 1 1 0 0 0 1 0 1 - - 0 0 1 1 1 1 0 1 1 0 0 1 1 0 0 1 1 ]

d_25_21=2.908098381818 s=[ 0 0 0 0 1 1 0 0 1 1 0 1 1 0 0 0 1 0 1 - - 0 0 1 1 1 1 0 1 1 0 0 1 1 0 0 1 1 ]

d_25_21=2.910118583838 s=[ 0 0 0 0 1 1 0 0 1 1 0 1 1 0 0 0 1 0 1 - - 0 0 1 1 1 1 0 1 1 0 0 1 1 0 0 1 1 ]

d_25_21=2.912138785859 s=[ 0 0 0 0 1 1 0 0 1 1 0 1 1 0 0 0 1 0 1 - - 0 0 1 1 1 1 0 1 1 0 0 1 1 0 0 1 1 ]

d_25_21=2.914158987879 s=[ 0 0 0 0 1 1 0 0 1 1 0 1 1 0 0 0 1 0 1 - - 0 0 1 1 1 1 0 1 1 0 0 1 1 0 0 1 1 ]

d_25_21=2.916179189899 s=[ 0 0 0 0 1 1 0 0 1 1 0 1 1 0 0 0 1 0 1 - - 0 0 1 1 1 1 0 1 1 0 0 1 1 0 0 1 1 ]

d_25_21=2.918199391919 s=[ 0 0 0 0 1 1 0 0 1 1 0 1 1 0 0 0 1 0 1 - - 0 0 1 1 1 1 0 1 1 0 0 1 1 0 0 1 1 ]

d_25_21=2.920219593939 s=[ 0 0 0 0 1 1 0 0 1 1 0 1 1 0 0 0 1 0 1 - - 0 0 1 1 1 1 0 1 1 0 0 1 1 0 0 1 1 ]

d_25_21=2.920219593939 s=[ 0 0 0 0 1 1 0 0 1 1 0 1 1 0 0 0 1 0 1 - - 0 0 1 1 1 1 0 1 1 1 1 0 0 1 1 0 0 ]

d_25_21=2.922239795960 s=[ 0 0 0 0 1 1 0 0 1 1 0 1 1 0 0 0 1 0 1 - - 0 0 1 1 1 1 0 1 1 0 0 1 1 0 0 1 1 ]

d_25_21=2.922239795960 s=[ 0 0 0 0 1 1 0 0 1 1 0 1 1 0 0 0 1 0 1 - - 0 0 1 1 1 1 0 1 1 1 1 0 0 1 1 0 0 ]

d_25_21=2.924259997980 s=[ 0 0 0 0 1 1 0 0 1 1 0 1 1 0 0 0 1 0 1 - - 0 0 1 1 1 1 0 1 1 0 0 1 1 0 0 1 1 ]

d_25_21=2.924259997980 s=[ 0 0 0 0 1 1 0 0 1 1 0 1 1 0 0 0 1 0 1 - - 0 0 1 1 1 1 0 1 1 1 1 0 0 1 1 0 0 ]

d_25_21=2.926280200000 s=[ 0 0 0 0 1 1 0 0 1 1 0 1 1 0 0 0 1 0 1 - - 0 0 1 1 1 1 0 1 1 0 0 1 1 0 0 1 1 ]

d_25_21=2.926280200000 s=[ 0 0 0 0 1 1 0 0 1 1 0 1 1 0 0 0 1 0 1 - - 0 0 1 1 1 1 0 1 1 1 1 0 0 1 1 0 0 ]

d_25_21=2.756583230303 s=[ 0 0 0 1 0 0 1 1 0 0 1 0 0 1 1 1 0 1 0 + + 1 1 0 0 0 0 1 0 0 1 1 0 0 1 1 0 0 ]

d_25_21=2.758603432323 s=[ 0 0 0 1 0 0 1 1 0 0 1 0 0 1 1 1 0 1 0 + + 1 1 0 0 0 0 1 0 0 1 1 0 0 1 1 0 0 ]

d_25_21=2.760623634343 s=[ 0 0 0 1 0 0 1 1 0 0 1 0 0 1 1 1 0 1 0 + + 1 1 0 0 0 0 1 0 0 1 1 0 0 1 1 0 0 ]

d_25_21=2.762643836364 s=[ 0 0 0 1 0 0 1 1 0 0 1 0 0 1 1 1 0 1 0 + + 1 1 0 0 0 0 1 0 0 1 1 0 0 1 1 0 0 ]

d_25_21=2.764664038384 s=[ 0 0 0 1 0 0 1 1 0 0 1 0 0 1 1 1 0 1 0 + + 1 1 0 0 0 0 1 0 0 1 1 0 0 1 1 0 0 ]

d_25_21=2.766684240404 s=[ 0 0 0 1 0 0 1 1 0 0 1 0 0 1 1 1 0 1 0 + + 1 1 0 0 0 0 1 0 0 1 1 0 0 1 1 0 0 ]

d_25_21=2.768704442424 s=[ 0 0 0 1 0 0 1 1 0 0 1 0 0 1 1 1 0 1 0 + + 1 1 0 0 0 0 1 0 0 1 1 0 0 1 1 0 0 ]

d_25_21=2.770724644444 s=[ 0 0 0 1 0 0 1 1 0 0 1 0 0 1 1 1 0 1 0 + + 1 1 0 0 0 0 1 0 0 1 1 0 0 1 1 0 0 ]

d_25_21=2.772744846465 s=[ 0 0 0 1 0 0 1 1 0 0 1 0 0 1 1 1 0 1 0 + + 1 1 0 0 0 0 1 0 0 1 1 0 0 1 1 0 0 ]

d_25_21=2.774765048485 s=[ 0 0 0 1 0 0 1 1 0 0 1 0 0 1 1 1 0 1 0 + + 1 1 0 0 0 0 1 0 0 1 1 0 0 1 1 0 0 ]

d_25_21=2.776785250505 s=[ 0 0 0 1 0 0 1 1 0 0 1 0 0 1 1 1 0 1 0 + + 1 1 0 0 0 0 1 0 0 1 1 0 0 1 1 0 0 ]

d_25_21=2.778805452525 s=[ 0 0 0 1 0 0 1 1 0 0 1 0 0 1 1 1 0 1 0 + + 1 1 0 0 0 0 1 0 0 1 1 0 0 1 1 0 0 ]

d_25_21=2.780825654545 s=[ 0 0 0 1 0 0 1 1 0 0 1 0 0 1 1 1 0 1 0 + + 1 1 0 0 0 0 1 0 0 1 1 0 0 1 1 0 0 ]

d_25_21=2.782845856566 s=[ 0 0 0 1 0 0 1 1 0 0 1 0 0 1 1 1 0 1 0 + + 1 1 0 0 0 0 1 0 0 1 1 0 0 1 1 0 0 ]

d_25_21=2.784866058586 s=[ 0 0 0 1 0 0 1 1 0 0 1 0 0 1 1 1 0 1 0 + + 1 1 0 0 0 0 1 0 0 1 1 0 0 1 1 0 0 ]

d_25_21=2.786886260606 s=[ 0 0 0 1 0 0 1 1 0 0 1 0 0 1 1 1 0 1 0 + + 1 1 0 0 0 0 1 0 0 1 1 0 0 1 1 0 0 ]

d_25_21=2.788906462626 s=[ 0 0 0 1 0 0 1 1 0 0 1 0 0 1 1 1 0 1 0 + + 1 1 0 0 0 0 1 0 0 1 1 0 0 1 1 0 0 ]

d_25_21=2.790926664646 s=[ 0 0 0 1 0 0 1 1 0 0 1 0 0 1 1 1 0 1 0 + + 1 1 0 0 0 0 1 0 0 1 1 0 0 1 1 0 0 ]

d_25_21=2.792946866667 s=[ 0 0 0 1 0 0 1 1 0 0 1 0 0 1 1 1 0 1 0 + + 1 1 0 0 0 0 1 0 0 1 1 0 0 1 1 0 0 ]

d_25_21=2.794967068687 s=[ 0 0 0 1 0 0 1 1 0 0 1 0 0 1 1 1 0 1 0 + + 1 1 0 0 0 0 1 0 0 1 1 0 0 1 1 0 0 ]

d_25_21=2.796987270707 s=[ 0 0 0 1 0 0 1 1 0 0 1 0 0 1 1 1 0 1 0 + + 1 1 0 0 0 0 1 0 0 1 1 0 0 1 1 0 0 ]

d_25_21=2.799007472727 s=[ 0 0 0 1 0 0 1 1 0 0 1 0 0 1 1 1 0 1 0 + + 1 1 0 0 0 0 1 0 0 1 1 0 0 1 1 0 0 ]

d_25_21=2.801027674747 s=[ 0 0 0 1 0 0 1 1 0 0 1 0 0 1 1 1 0 1 0 + + 1 1 0 0 0 0 1 0 0 1 1 0 0 1 1 0 0 ]

d_25_21=2.803047876768 s=[ 0 0 0 1 0 0 1 1 0 0 1 0 0 1 1 1 0 1 0 + + 1 1 0 0 0 0 1 0 0 1 1 0 0 1 1 0 0 ]

d_25_21=2.805068078788 s=[ 0 0 0 1 0 0 1 1 0 0 1 0 0 1 1 1 0 1 0 + + 1 1 0 0 0 0 1 0 0 1 1 0 0 1 1 0 0 ]

d_25_21=2.807088280808 s=[ 0 0 0 1 0 0 1 1 0 0 1 0 0 1 1 1 0 1 0 + + 1 1 0 0 0 0 1 0 0 1 1 0 0 1 1 0 0 ]

d_25_21=2.809108482828 s=[ 0 0 0 1 0 0 1 1 0 0 1 0 0 1 1 1 0 1 0 + + 1 1 0 0 0 0 1 0 0 1 1 0 0 1 1 0 0 ]

d_25_21=2.811128684848 s=[ 0 0 0 1 0 0 1 1 0 0 1 0 0 1 1 1 0 1 0 + + 1 1 0 0 0 0 1 0 0 1 1 0 0 1 1 0 0 ]

d_25_21=2.813148886869 s=[ 0 0 0 1 0 0 1 1 0 0 1 0 0 1 1 1 0 1 0 + + 1 1 0 0 0 0 1 0 0 1 1 0 0 1 1 0 0 ]

d_25_21=2.815169088889 s=[ 0 0 0 1 0 0 1 1 0 0 1 0 0 1 1 1 0 1 0 + + 1 1 0 0 0 0 1 0 0 1 1 0 0 1 1 0 0 ]

d_25_21=2.817189290909 s=[ 0 0 0 1 0 0 1 1 0 0 1 0 0 1 1 1 0 1 0 + + 1 1 0 0 0 0 1 0 0 1 1 0 0 1 1 0 0 ]

d_25_21=2.819209492929 s=[ 0 0 0 1 0 0 1 1 0 0 1 0 0 1 1 1 0 1 0 + + 1 1 0 0 0 0 1 0 0 1 1 0 0 1 1 0 0 ]

d_25_21=2.821229694949 s=[ 0 0 0 1 0 0 1 1 0 0 1 0 0 1 1 1 0 1 0 + + 1 1 0 0 0 0 1 0 0 1 1 0 0 1 1 0 0 ]

d_25_21=2.823249896970 s=[ 0 0 0 1 0 0 1 1 0 0 1 0 0 1 1 1 0 1 0 + + 1 1 0 0 0 0 1 0 0 1 1 0 0 1 1 0 0 ]

d_25_21=2.825270098990 s=[ 0 0 0 1 0 0 1 1 0 0 1 0 0 1 1 1 0 1 0 + + 1 1 0 0 0 0 1 0 0 1 1 0 0 1 1 0 0 ]

d_25_21=2.827290301010 s=[ 0 0 0 1 0 0 1 1 0 0 1 0 0 1 1 1 0 1 0 + + 1 1 0 0 0 0 1 0 0 1 1 0 0 1 1 0 0 ]

d_25_21=2.829310503030 s=[ 0 0 0 1 0 0 1 1 0 0 1 0 0 1 1 1 0 1 0 + + 1 1 0 0 0 0 1 0 0 1 1 0 0 1 1 0 0 ]

d_25_21=2.831330705051 s=[ 0 0 0 1 0 0 1 1 0 0 1 0 0 1 1 1 0 1 0 + + 1 1 0 0 0 0 1 0 0 1 1 0 0 1 1 0 0 ]

d_25_21=2.833350907071 s=[ 0 0 0 1 0 0 1 1 0 0 1 0 0 1 1 1 0 1 0 + + 1 1 0 0 0 0 1 0 0 1 1 0 0 1 1 0 0 ]

d_25_21=2.835371109091 s=[ 0 0 0 1 0 0 1 1 0 0 1 0 0 1 1 1 0 1 0 + + 1 1 0 0 0 0 1 0 0 1 1 0 0 1 1 0 0 ]

d_25_21=2.837391311111 s=[ 0 0 0 1 0 0 1 1 0 0 1 0 0 1 1 1 0 1 0 + + 1 1 0 0 0 0 1 0 0 1 1 0 0 1 1 0 0 ]

d_25_21=2.839411513131 s=[ 0 0 0 1 0 0 1 1 0 0 1 0 0 1 1 1 0 1 0 + + 1 1 0 0 0 0 1 0 0 1 1 0 0 1 1 0 0 ]

d_25_21=2.841431715152 s=[ 0 0 0 1 0 0 1 1 0 0 1 0 0 1 1 1 0 1 0 + + 1 1 0 0 0 0 1 0 0 1 1 0 0 1 1 0 0 ]

d_25_21=2.843451917172 s=[ 0 0 0 1 0 0 1 1 0 0 1 0 0 1 1 1 0 1 0 + + 1 1 0 0 0 0 1 0 0 1 1 0 0 1 1 0 0 ]

d_25_21=2.845472119192 s=[ 0 0 0 1 0 0 1 1 0 0 1 0 0 1 1 1 0 1 0 + + 1 1 0 0 0 0 1 0 0 1 1 0 0 1 1 0 0 ]

d_25_21=2.847492321212 s=[ 0 0 0 1 0 0 1 1 0 0 1 0 0 1 1 1 0 1 0 + + 1 1 0 0 0 0 1 0 0 1 1 0 0 1 1 0 0 ]

d_25_21=2.849512523232 s=[ 0 0 0 1 0 0 1 1 0 0 1 0 0 1 1 1 0 1 0 + + 1 1 0 0 0 0 1 0 0 1 1 0 0 1 1 0 0 ]

d_25_21=2.851532725253 s=[ 0 0 0 1 0 0 1 1 0 0 1 0 0 1 1 1 0 1 0 + + 1 1 0 0 0 0 1 0 0 1 1 0 0 1 1 0 0 ]

d_25_21=2.853552927273 s=[ 0 0 0 1 0 0 1 1 0 0 1 0 0 1 1 1 0 1 0 + + 1 1 0 0 0 0 1 0 0 1 1 0 0 1 1 0 0 ]

d_25_21=2.855573129293 s=[ 0 0 0 1 0 0 1 1 0 0 1 0 0 1 1 1 0 1 0 + + 1 1 0 0 0 0 1 0 0 1 1 0 0 1 1 0 0 ]

d_25_21=2.857593331313 s=[ 0 0 0 1 0 0 1 1 0 0 1 0 0 1 1 1 0 1 0 + + 1 1 0 0 0 0 1 0 0 1 1 0 0 1 1 0 0 ]

d_25_21=2.859613533333 s=[ 0 0 0 1 0 0 1 1 0 0 1 0 0 1 1 1 0 1 0 + + 1 1 0 0 0 0 1 0 0 1 1 0 0 1 1 0 0 ]

d_25_21=2.861633735354 s=[ 0 0 0 1 0 0 1 1 0 0 1 0 0 1 1 1 0 1 0 + + 1 1 0 0 0 0 1 0 0 1 1 0 0 1 1 0 0 ]

d_25_21=2.863653937374 s=[ 0 0 0 1 0 0 1 1 0 0 1 0 0 1 1 1 0 1 0 + + 1 1 0 0 0 0 1 0 0 1 1 0 0 1 1 0 0 ]

d_25_21=2.865674139394 s=[ 0 0 0 1 0 0 1 1 0 0 1 0 0 1 1 1 0 1 0 + + 1 1 0 0 0 0 1 0 0 1 1 0 0 1 1 0 0 ]

d_25_21=2.867694341414 s=[ 0 0 0 1 0 0 1 1 0 0 1 0 0 1 1 1 0 1 0 + + 1 1 0 0 0 0 1 0 0 1 1 0 0 1 1 0 0 ]

d_25_21=2.869714543434 s=[ 0 0 0 1 0 0 1 1 0 0 1 0 0 1 1 1 0 1 0 + + 1 1 0 0 0 0 1 0 0 1 1 0 0 1 1 0 0 ]

d_25_21=2.871734745455 s=[ 0 0 0 1 0 0 1 1 0 0 1 0 0 1 1 1 0 1 0 + + 1 1 0 0 0 0 1 0 0 1 1 0 0 1 1 0 0 ]

d_25_21=2.873754947475 s=[ 0 0 0 1 0 0 1 1 0 0 1 0 0 1 1 1 0 1 0 + + 1 1 0 0 0 0 1 0 0 1 1 0 0 1 1 0 0 ]

d_25_21=2.875775149495 s=[ 0 0 0 1 0 0 1 1 0 0 1 0 0 1 1 1 0 1 0 + + 1 1 0 0 0 0 1 0 0 1 1 0 0 1 1 0 0 ]

d_25_21=2.877795351515 s=[ 0 0 0 1 0 0 1 1 0 0 1 0 0 1 1 1 0 1 0 + + 1 1 0 0 0 0 1 0 0 1 1 0 0 1 1 0 0 ]

d_25_21=2.879815553535 s=[ 0 0 0 1 0 0 1 1 0 0 1 0 0 1 1 1 0 1 0 + + 1 1 0 0 0 0 1 0 0 1 1 0 0 1 1 0 0 ]

d_25_21=2.881835755556 s=[ 0 0 0 1 0 0 1 1 0 0 1 0 0 1 1 1 0 1 0 + + 1 1 0 0 0 0 1 0 0 1 1 0 0 1 1 0 0 ]

d_25_21=2.883855957576 s=[ 0 0 0 1 0 0 1 1 0 0 1 0 0 1 1 1 0 1 0 + + 1 1 0 0 0 0 1 0 0 1 1 0 0 1 1 0 0 ]

d_25_21=2.885876159596 s=[ 0 0 0 1 0 0 1 1 0 0 1 0 0 1 1 1 0 1 0 + + 1 1 0 0 0 0 1 0 0 1 1 0 0 1 1 0 0 ]

d_25_21=2.887896361616 s=[ 0 0 0 1 0 0 1 1 0 0 1 0 0 1 1 1 0 1 0 + + 1 1 0 0 0 0 1 0 0 1 1 0 0 1 1 0 0 ]

d_25_21=2.889916563636 s=[ 0 0 0 1 0 0 1 1 0 0 1 0 0 1 1 1 0 1 0 + + 1 1 0 0 0 0 1 0 0 1 1 0 0 1 1 0 0 ]

d_25_21=2.891936765657 s=[ 0 0 0 1 0 0 1 1 0 0 1 0 0 1 1 1 0 1 0 + + 1 1 0 0 0 0 1 0 0 1 1 0 0 1 1 0 0 ]

d_25_21=2.893956967677 s=[ 0 0 0 1 0 0 1 1 0 0 1 0 0 1 1 1 0 1 0 + + 1 1 0 0 0 0 1 0 0 1 1 0 0 1 1 0 0 ]

d_25_21=2.895977169697 s=[ 0 0 0 1 0 0 1 1 0 0 1 0 0 1 1 1 0 1 0 + + 1 1 0 0 0 0 1 0 0 1 1 0 0 1 1 0 0 ]

d_25_21=2.897997371717 s=[ 0 0 0 1 0 0 1 1 0 0 1 0 0 1 1 1 0 1 0 + + 1 1 0 0 0 0 1 0 0 1 1 0 0 1 1 0 0 ]

d_25_21=2.900017573737 s=[ 0 0 0 1 0 0 1 1 0 0 1 0 0 1 1 1 0 1 0 + + 1 1 0 0 0 0 1 0 0 1 1 0 0 1 1 0 0 ]

d_25_21=2.902037775758 s=[ 0 0 0 1 0 0 1 1 0 0 1 0 0 1 1 1 0 1 0 + + 1 1 0 0 0 0 1 0 0 1 1 0 0 1 1 0 0 ]

d_25_21=2.904057977778 s=[ 0 0 0 1 0 0 1 1 0 0 1 0 0 1 1 1 0 1 0 + + 1 1 0 0 0 0 1 0 0 1 1 0 0 1 1 0 0 ]

d_25_21=2.906078179798 s=[ 0 0 0 1 0 0 1 1 0 0 1 0 0 1 1 1 0 1 0 + + 1 1 0 0 0 0 1 0 0 1 1 0 0 1 1 0 0 ]

d_25_21=2.908098381818 s=[ 0 0 0 1 0 0 1 1 0 0 1 0 0 1 1 1 0 1 0 + + 1 1 0 0 0 0 1 0 0 1 1 0 0 1 1 0 0 ]

d_25_21=2.910118583838 s=[ 0 0 0 1 0 0 1 1 0 0 1 0 0 1 1 1 0 1 0 + + 1 1 0 0 0 0 1 0 0 1 1 0 0 1 1 0 0 ]

d_25_21=2.912138785859 s=[ 0 0 0 1 0 0 1 1 0 0 1 0 0 1 1 1 0 1 0 + + 1 1 0 0 0 0 1 0 0 1 1 0 0 1 1 0 0 ]

d_25_21=2.914158987879 s=[ 0 0 0 1 0 0 1 1 0 0 1 0 0 1 1 1 0 1 0 + + 1 1 0 0 0 0 1 0 0 1 1 0 0 1 1 0 0 ]

d_25_21=2.916179189899 s=[ 0 0 0 1 0 0 1 1 0 0 1 0 0 1 1 1 0 1 0 + + 1 1 0 0 0 0 1 0 0 1 1 0 0 1 1 0 0 ]

d_25_21=2.918199391919 s=[ 0 0 0 1 0 0 1 1 0 0 1 0 0 1 1 1 0 1 0 + + 1 1 0 0 0 0 1 0 0 1 1 0 0 1 1 0 0 ]

d_25_21=2.920219593939 s=[ 0 0 0 1 0 0 1 1 0 0 1 0 0 1 1 1 0 1 0 + + 1 1 0 0 0 0 1 0 0 0 0 1 1 0 0 1 1 ]

d_25_21=2.920219593939 s=[ 0 0 0 1 0 0 1 1 0 0 1 0 0 1 1 1 0 1 0 + + 1 1 0 0 0 0 1 0 0 1 1 0 0 1 1 0 0 ]

d_25_21=2.922239795960 s=[ 0 0 0 1 0 0 1 1 0 0 1 0 0 1 1 1 0 1 0 + + 1 1 0 0 0 0 1 0 0 0 0 1 1 0 0 1 1 ]

d_25_21=2.922239795960 s=[ 0 0 0 1 0 0 1 1 0 0 1 0 0 1 1 1 0 1 0 + + 1 1 0 0 0 0 1 0 0 1 1 0 0 1 1 0 0 ]

d_25_21=2.924259997980 s=[ 0 0 0 1 0 0 1 1 0 0 1 0 0 1 1 1 0 1 0 + + 1 1 0 0 0 0 1 0 0 0 0 1 1 0 0 1 1 ]

d_25_21=2.924259997980 s=[ 0 0 0 1 0 0 1 1 0 0 1 0 0 1 1 1 0 1 0 + + 1 1 0 0 0 0 1 0 0 1 1 0 0 1 1 0 0 ]

d_25_21=2.926280200000 s=[ 0 0 0 1 0 0 1 1 0 0 1 0 0 1 1 1 0 1 0 + + 1 1 0 0 0 0 1 0 0 0 0 1 1 0 0 1 1 ]

d_25_21=2.926280200000 s=[ 0 0 0 1 0 0 1 1 0 0 1 0 0 1 1 1 0 1 0 + + 1 1 0 0 0 0 1 0 0 1 1 0 0 1 1 0 0 ]

d_25_21=2.758603432323 s=[ 0 0 0 1 0 0 1 1 0 0 1 0 0 1 1 1 0 1 0 - + 1 1 0 0 0 0 1 0 0 1 1 0 0 1 1 0 0 ]

d_25_21=2.760623634343 s=[ 0 0 0 1 0 0 1 1 0 0 1 0 0 1 1 1 0 1 0 - + 1 1 0 0 0 0 1 0 0 1 1 0 0 1 1 0 0 ]

d_25_21=2.762643836364 s=[ 0 0 0 1 0 0 1 1 0 0 1 0 0 1 1 1 0 1 0 - + 1 1 0 0 0 0 1 0 0 1 1 0 0 1 1 0 0 ]

d_25_21=2.764664038384 s=[ 0 0 0 1 0 0 1 1 0 0 1 0 0 1 1 1 0 1 0 - + 1 1 0 0 0 0 1 0 0 1 1 0 0 1 1 0 0 ]

d_25_21=2.766684240404 s=[ 0 0 0 1 0 0 1 1 0 0 1 0 0 1 1 1 0 1 0 - + 1 1 0 0 0 0 1 0 0 1 1 0 0 1 1 0 0 ]

d_25_21=2.768704442424 s=[ 0 0 0 1 0 0 1 1 0 0 1 0 0 1 1 1 0 1 0 - + 1 1 0 0 0 0 1 0 0 1 1 0 0 1 1 0 0 ]

d_25_21=2.770724644444 s=[ 0 0 0 1 0 0 1 1 0 0 1 0 0 1 1 1 0 1 0 - + 1 1 0 0 0 0 1 0 0 1 1 0 0 1 1 0 0 ]

d_25_21=2.772744846465 s=[ 0 0 0 1 0 0 1 1 0 0 1 0 0 1 1 1 0 1 0 - + 1 1 0 0 0 0 1 0 0 1 1 0 0 1 1 0 0 ]

d_25_21=2.774765048485 s=[ 0 0 0 1 0 0 1 1 0 0 1 0 0 1 1 1 0 1 0 - + 1 1 0 0 0 0 1 0 0 1 1 0 0 1 1 0 0 ]

d_25_21=2.776785250505 s=[ 0 0 0 1 0 0 1 1 0 0 1 0 0 1 1 1 0 1 0 - + 1 1 0 0 0 0 1 0 0 1 1 0 0 1 1 0 0 ]

d_25_21=2.778805452525 s=[ 0 0 0 1 0 0 1 1 0 0 1 0 0 1 1 1 0 1 0 - + 1 1 0 0 0 0 1 0 0 1 1 0 0 1 1 0 0 ]

d_25_21=2.780825654545 s=[ 0 0 0 1 0 0 1 1 0 0 1 0 0 1 1 1 0 1 0 - + 1 1 0 0 0 0 1 0 0 1 1 0 0 1 1 0 0 ]

d_25_21=2.782845856566 s=[ 0 0 0 1 0 0 1 1 0 0 1 0 0 1 1 1 0 1 0 - + 1 1 0 0 0 0 1 0 0 1 1 0 0 1 1 0 0 ]

d_25_21=2.784866058586 s=[ 0 0 0 1 0 0 1 1 0 0 1 0 0 1 1 1 0 1 0 - + 1 1 0 0 0 0 1 0 0 1 1 0 0 1 1 0 0 ]

d_25_21=2.786886260606 s=[ 0 0 0 1 0 0 1 1 0 0 1 0 0 1 1 1 0 1 0 - + 1 1 0 0 0 0 1 0 0 1 1 0 0 1 1 0 0 ]

d_25_21=2.788906462626 s=[ 0 0 0 1 0 0 1 1 0 0 1 0 0 1 1 1 0 1 0 - + 1 1 0 0 0 0 1 0 0 1 1 0 0 1 1 0 0 ]

d_25_21=2.790926664646 s=[ 0 0 0 1 0 0 1 1 0 0 1 0 0 1 1 1 0 1 0 - + 1 1 0 0 0 0 1 0 0 1 1 0 0 1 1 0 0 ]

d_25_21=2.792946866667 s=[ 0 0 0 1 0 0 1 1 0 0 1 0 0 1 1 1 0 1 0 - + 1 1 0 0 0 0 1 0 0 1 1 0 0 1 1 0 0 ]

d_25_21=2.794967068687 s=[ 0 0 0 1 0 0 1 1 0 0 1 0 0 1 1 1 0 1 0 - + 1 1 0 0 0 0 1 0 0 1 1 0 0 1 1 0 0 ]

d_25_21=2.796987270707 s=[ 0 0 0 1 0 0 1 1 0 0 1 0 0 1 1 1 0 1 0 - + 1 1 0 0 0 0 1 0 0 1 1 0 0 1 1 0 0 ]

d_25_21=2.799007472727 s=[ 0 0 0 1 0 0 1 1 0 0 1 0 0 1 1 1 0 1 0 - + 1 1 0 0 0 0 1 0 0 1 1 0 0 1 1 0 0 ]

d_25_21=2.801027674747 s=[ 0 0 0 1 0 0 1 1 0 0 1 0 0 1 1 1 0 1 0 - + 1 1 0 0 0 0 1 0 0 1 1 0 0 1 1 0 0 ]

d_25_21=2.803047876768 s=[ 0 0 0 1 0 0 1 1 0 0 1 0 0 1 1 1 0 1 0 - + 1 1 0 0 0 0 1 0 0 1 1 0 0 1 1 0 0 ]

d_25_21=2.805068078788 s=[ 0 0 0 1 0 0 1 1 0 0 1 0 0 1 1 1 0 1 0 - + 1 1 0 0 0 0 1 0 0 1 1 0 0 1 1 0 0 ]

d_25_21=2.807088280808 s=[ 0 0 0 1 0 0 1 1 0 0 1 0 0 1 1 1 0 1 0 - + 1 1 0 0 0 0 1 0 0 1 1 0 0 1 1 0 0 ]

d_25_21=2.809108482828 s=[ 0 0 0 1 0 0 1 1 0 0 1 0 0 1 1 1 0 1 0 - + 1 1 0 0 0 0 1 0 0 1 1 0 0 1 1 0 0 ]

d_25_21=2.811128684848 s=[ 0 0 0 1 0 0 1 1 0 0 1 0 0 1 1 1 0 1 0 - + 1 1 0 0 0 0 1 0 0 1 1 0 0 1 1 0 0 ]

d_25_21=2.813148886869 s=[ 0 0 0 1 0 0 1 1 0 0 1 0 0 1 1 1 0 1 0 - + 1 1 0 0 0 0 1 0 0 1 1 0 0 1 1 0 0 ]

d_25_21=2.815169088889 s=[ 0 0 0 1 0 0 1 1 0 0 1 0 0 1 1 1 0 1 0 - + 1 1 0 0 0 0 1 0 0 1 1 0 0 1 1 0 0 ]

d_25_21=2.817189290909 s=[ 0 0 0 1 0 0 1 1 0 0 1 0 0 1 1 1 0 1 0 - + 1 1 0 0 0 0 1 0 0 1 1 0 0 1 1 0 0 ]

d_25_21=2.819209492929 s=[ 0 0 0 1 0 0 1 1 0 0 1 0 0 1 1 1 0 1 0 - + 1 1 0 0 0 0 1 0 0 1 1 0 0 1 1 0 0 ]

d_25_21=2.821229694949 s=[ 0 0 0 1 0 0 1 1 0 0 1 0 0 1 1 1 0 1 0 - + 1 1 0 0 0 0 1 0 0 1 1 0 0 1 1 0 0 ]

d_25_21=2.823249896970 s=[ 0 0 0 1 0 0 1 1 0 0 1 0 0 1 1 1 0 1 0 - + 1 1 0 0 0 0 1 0 0 1 1 0 0 1 1 0 0 ]

d_25_21=2.825270098990 s=[ 0 0 0 1 0 0 1 1 0 0 1 0 0 1 1 1 0 1 0 - + 1 1 0 0 0 0 1 0 0 1 1 0 0 1 1 0 0 ]

d_25_21=2.827290301010 s=[ 0 0 0 1 0 0 1 1 0 0 1 0 0 1 1 1 0 1 0 - + 1 1 0 0 0 0 1 0 0 1 1 0 0 1 1 0 0 ]

d_25_21=2.829310503030 s=[ 0 0 0 1 0 0 1 1 0 0 1 0 0 1 1 1 0 1 0 - + 1 1 0 0 0 0 1 0 0 1 1 0 0 1 1 0 0 ]

d_25_21=2.831330705051 s=[ 0 0 0 1 0 0 1 1 0 0 1 0 0 1 1 1 0 1 0 - + 1 1 0 0 0 0 1 0 0 1 1 0 0 1 1 0 0 ]

d_25_21=2.833350907071 s=[ 0 0 0 1 0 0 1 1 0 0 1 0 0 1 1 1 0 1 0 - + 1 1 0 0 0 0 1 0 0 1 1 0 0 1 1 0 0 ]

d_25_21=2.835371109091 s=[ 0 0 0 1 0 0 1 1 0 0 1 0 0 1 1 1 0 1 0 - + 1 1 0 0 0 0 1 0 0 1 1 0 0 1 1 0 0 ]

d_25_21=2.837391311111 s=[ 0 0 0 1 0 0 1 1 0 0 1 0 0 1 1 1 0 1 0 - + 1 1 0 0 0 0 1 0 0 1 1 0 0 1 1 0 0 ]

d_25_21=2.839411513131 s=[ 0 0 0 1 0 0 1 1 0 0 1 0 0 1 1 1 0 1 0 - + 1 1 0 0 0 0 1 0 0 1 1 0 0 1 1 0 0 ]

d_25_21=2.841431715152 s=[ 0 0 0 1 0 0 1 1 0 0 1 0 0 1 1 1 0 1 0 - + 1 1 0 0 0 0 1 0 0 1 1 0 0 1 1 0 0 ]

d_25_21=2.843451917172 s=[ 0 0 0 1 0 0 1 1 0 0 1 0 0 1 1 1 0 1 0 - + 1 1 0 0 0 0 1 0 0 1 1 0 0 1 1 0 0 ]

d_25_21=2.845472119192 s=[ 0 0 0 1 0 0 1 1 0 0 1 0 0 1 1 1 0 1 0 - + 1 1 0 0 0 0 1 0 0 1 1 0 0 1 1 0 0 ]

d_25_21=2.847492321212 s=[ 0 0 0 1 0 0 1 1 0 0 1 0 0 1 1 1 0 1 0 - + 1 1 0 0 0 0 1 0 0 1 1 0 0 1 1 0 0 ]

d_25_21=2.849512523232 s=[ 0 0 0 1 0 0 1 1 0 0 1 0 0 1 1 1 0 1 0 - + 1 1 0 0 0 0 1 0 0 1 1 0 0 1 1 0 0 ]

d_25_21=2.851532725253 s=[ 0 0 0 1 0 0 1 1 0 0 1 0 0 1 1 1 0 1 0 - + 1 1 0 0 0 0 1 0 0 1 1 0 0 1 1 0 0 ]

d_25_21=2.853552927273 s=[ 0 0 0 1 0 0 1 1 0 0 1 0 0 1 1 1 0 1 0 - + 1 1 0 0 0 0 1 0 0 1 1 0 0 1 1 0 0 ]

d_25_21=2.855573129293 s=[ 0 0 0 1 0 0 1 1 0 0 1 0 0 1 1 1 0 1 0 - + 1 1 0 0 0 0 1 0 0 1 1 0 0 1 1 0 0 ]

d_25_21=2.857593331313 s=[ 0 0 0 1 0 0 1 1 0 0 1 0 0 1 1 1 0 1 0 - + 1 1 0 0 0 0 1 0 0 1 1 0 0 1 1 0 0 ]

d_25_21=2.859613533333 s=[ 0 0 0 1 0 0 1 1 0 0 1 0 0 1 1 1 0 1 0 - + 1 1 0 0 0 0 1 0 0 1 1 0 0 1 1 0 0 ]

d_25_21=2.861633735354 s=[ 0 0 0 1 0 0 1 1 0 0 1 0 0 1 1 1 0 1 0 - + 1 1 0 0 0 0 1 0 0 1 1 0 0 1 1 0 0 ]

d_25_21=2.863653937374 s=[ 0 0 0 1 0 0 1 1 0 0 1 0 0 1 1 1 0 1 0 - + 1 1 0 0 0 0 1 0 0 1 1 0 0 1 1 0 0 ]

d_25_21=2.865674139394 s=[ 0 0 0 1 0 0 1 1 0 0 1 0 0 1 1 1 0 1 0 - + 1 1 0 0 0 0 1 0 0 1 1 0 0 1 1 0 0 ]

d_25_21=2.867694341414 s=[ 0 0 0 1 0 0 1 1 0 0 1 0 0 1 1 1 0 1 0 - + 1 1 0 0 0 0 1 0 0 1 1 0 0 1 1 0 0 ]

d_25_21=2.869714543434 s=[ 0 0 0 1 0 0 1 1 0 0 1 0 0 1 1 1 0 1 0 - + 1 1 0 0 0 0 1 0 0 1 1 0 0 1 1 0 0 ]

d_25_21=2.871734745455 s=[ 0 0 0 1 0 0 1 1 0 0 1 0 0 1 1 1 0 1 0 - + 1 1 0 0 0 0 1 0 0 1 1 0 0 1 1 0 0 ]

d_25_21=2.873754947475 s=[ 0 0 0 1 0 0 1 1 0 0 1 0 0 1 1 1 0 1 0 - + 1 1 0 0 0 0 1 0 0 1 1 0 0 1 1 0 0 ]

d_25_21=2.875775149495 s=[ 0 0 0 1 0 0 1 1 0 0 1 0 0 1 1 1 0 1 0 - + 1 1 0 0 0 0 1 0 0 1 1 0 0 1 1 0 0 ]

d_25_21=2.877795351515 s=[ 0 0 0 1 0 0 1 1 0 0 1 0 0 1 1 1 0 1 0 - + 1 1 0 0 0 0 1 0 0 1 1 0 0 1 1 0 0 ]

d_25_21=2.879815553535 s=[ 0 0 0 1 0 0 1 1 0 0 1 0 0 1 1 1 0 1 0 - + 1 1 0 0 0 0 1 0 0 1 1 0 0 1 1 0 0 ]

d_25_21=2.881835755556 s=[ 0 0 0 1 0 0 1 1 0 0 1 0 0 1 1 1 0 1 0 - + 1 1 0 0 0 0 1 0 0 1 1 0 0 1 1 0 0 ]

d_25_21=2.883855957576 s=[ 0 0 0 1 0 0 1 1 0 0 1 0 0 1 1 1 0 1 0 - + 1 1 0 0 0 0 1 0 0 1 1 0 0 1 1 0 0 ]

d_25_21=2.885876159596 s=[ 0 0 0 1 0 0 1 1 0 0 1 0 0 1 1 1 0 1 0 - + 1 1 0 0 0 0 1 0 0 1 1 0 0 1 1 0 0 ]

d_25_21=2.887896361616 s=[ 0 0 0 1 0 0 1 1 0 0 1 0 0 1 1 1 0 1 0 - + 1 1 0 0 0 0 1 0 0 1 1 0 0 1 1 0 0 ]

d_25_21=2.889916563636 s=[ 0 0 0 1 0 0 1 1 0 0 1 0 0 1 1 1 0 1 0 - + 1 1 0 0 0 0 1 0 0 1 1 0 0 1 1 0 0 ]

d_25_21=2.891936765657 s=[ 0 0 0 1 0 0 1 1 0 0 1 0 0 1 1 1 0 1 0 - + 1 1 0 0 0 0 1 0 0 1 1 0 0 1 1 0 0 ]

d_25_21=2.893956967677 s=[ 0 0 0 1 0 0 1 1 0 0 1 0 0 1 1 1 0 1 0 - + 1 1 0 0 0 0 1 0 0 1 1 0 0 1 1 0 0 ]

d_25_21=2.895977169697 s=[ 0 0 0 1 0 0 1 1 0 0 1 0 0 1 1 1 0 1 0 - + 1 1 0 0 0 0 1 0 0 1 1 0 0 1 1 0 0 ]

d_25_21=2.897997371717 s=[ 0 0 0 1 0 0 1 1 0 0 1 0 0 1 1 1 0 1 0 - + 1 1 0 0 0 0 1 0 0 1 1 0 0 1 1 0 0 ]

d_25_21=2.900017573737 s=[ 0 0 0 1 0 0 1 1 0 0 1 0 0 1 1 1 0 1 0 - + 1 1 0 0 0 0 1 0 0 1 1 0 0 1 1 0 0 ]

d_25_21=2.902037775758 s=[ 0 0 0 1 0 0 1 1 0 0 1 0 0 1 1 1 0 1 0 - + 1 1 0 0 0 0 1 0 0 1 1 0 0 1 1 0 0 ]

d_25_21=2.904057977778 s=[ 0 0 0 1 0 0 1 1 0 0 1 0 0 1 1 1 0 1 0 - + 1 1 0 0 0 0 1 0 0 1 1 0 0 1 1 0 0 ]

d_25_21=2.906078179798 s=[ 0 0 0 1 0 0 1 1 0 0 1 0 0 1 1 1 0 1 0 - + 1 1 0 0 0 0 1 0 0 1 1 0 0 1 1 0 0 ]

d_25_21=2.908098381818 s=[ 0 0 0 1 0 0 1 1 0 0 1 0 0 1 1 1 0 1 0 - + 1 1 0 0 0 0 1 0 0 1 1 0 0 1 1 0 0 ]

d_25_21=2.910118583838 s=[ 0 0 0 1 0 0 1 1 0 0 1 0 0 1 1 1 0 1 0 - + 1 1 0 0 0 0 1 0 0 1 1 0 0 1 1 0 0 ]

d_25_21=2.912138785859 s=[ 0 0 0 1 0 0 1 1 0 0 1 0 0 1 1 1 0 1 0 - + 1 1 0 0 0 0 1 0 0 1 1 0 0 1 1 0 0 ]

d_25_21=2.914158987879 s=[ 0 0 0 1 0 0 1 1 0 0 1 0 0 1 1 1 0 1 0 - + 1 1 0 0 0 0 1 0 0 1 1 0 0 1 1 0 0 ]

d_25_21=2.916179189899 s=[ 0 0 0 1 0 0 1 1 0 0 1 0 0 1 1 1 0 1 0 - + 1 1 0 0 0 0 1 0 0 1 1 0 0 1 1 0 0 ]

d_25_21=2.918199391919 s=[ 0 0 0 1 0 0 1 1 0 0 1 0 0 1 1 1 0 1 0 - + 1 1 0 0 0 0 1 0 0 1 1 0 0 1 1 0 0 ]

d_25_21=2.920219593939 s=[ 0 0 0 1 0 0 1 1 0 0 1 0 0 1 1 1 0 1 0 - + 1 1 0 0 0 0 1 0 0 0 0 1 1 0 0 1 1 ]

d_25_21=2.920219593939 s=[ 0 0 0 1 0 0 1 1 0 0 1 0 0 1 1 1 0 1 0 - + 1 1 0 0 0 0 1 0 0 1 1 0 0 1 1 0 0 ]

d_25_21=2.922239795960 s=[ 0 0 0 1 0 0 1 1 0 0 1 0 0 1 1 1 0 1 0 - + 1 1 0 0 0 0 1 0 0 0 0 1 1 0 0 1 1 ]

d_25_21=2.922239795960 s=[ 0 0 0 1 0 0 1 1 0 0 1 0 0 1 1 1 0 1 0 - + 1 1 0 0 0 0 1 0 0 1 1 0 0 1 1 0 0 ]

d_25_21=2.924259997980 s=[ 0 0 0 1 0 0 1 1 0 0 1 0 0 1 1 1 0 1 0 - + 1 1 0 0 0 0 1 0 0 0 0 1 1 0 0 1 1 ]

d_25_21=2.924259997980 s=[ 0 0 0 1 0 0 1 1 0 0 1 0 0 1 1 1 0 1 0 - + 1 1 0 0 0 0 1 0 0 1 1 0 0 1 1 0 0 ]

d_25_21=2.926280200000 s=[ 0 0 0 1 0 0 1 1 0 0 1 0 0 1 1 1 0 1 0 - + 1 1 0 0 0 0 1 0 0 0 0 1 1 0 0 1 1 ]

d_25_21=2.926280200000 s=[ 0 0 0 1 0 0 1 1 0 0 1 0 0 1 1 1 0 1 0 - + 1 1 0 0 0 0 1 0 0 1 1 0 0 1 1 0 0 ]

