xyz18=( -14.088943 22.036695 6.588531 )
xyz18=( -14.088350 22.033410 6.590660 )
xyz18=( -14.087749 22.030130 6.592794 )
xyz18=( -14.087140 22.026856 6.594933 )
xyz18=( -14.086523 22.023588 6.597077 )
xyz18=( -14.085897 22.020326 6.599225 )
xyz18=( -14.085263 22.017069 6.601379 )
xyz18=( -14.084621 22.013819 6.603537 )
xyz18=( -14.083971 22.010574 6.605699 )
xyz18=( -14.083312 22.007335 6.607867 )
xyz18=( -14.082646 22.004102 6.610039 )
xyz18=( -14.081971 22.000874 6.612216 )
xyz18=( -14.081288 21.997653 6.614398 )
xyz18=( -14.080597 21.994437 6.616585 )
xyz18=( -14.079897 21.991227 6.618776 )
xyz18=( -14.079189 21.988022 6.620972 )
xyz18=( -14.078474 21.984824 6.623173 )
xyz18=( -14.077750 21.981631 6.625378 )
xyz18=( -14.077017 21.978444 6.627589 )
xyz18=( -14.076277 21.975263 6.629804 )
xyz18=( -14.075528 21.972087 6.632024 )
xyz18=( -14.074772 21.968917 6.634248 )
xyz18=( -14.074007 21.965753 6.636478 )
xyz18=( -14.073234 21.962595 6.638712 )
xyz18=( -14.072452 21.959443 6.640950 )
xyz18=( -14.071663 21.956296 6.643194 )
xyz18=( -14.070865 21.953155 6.645442 )
xyz18=( -14.070060 21.950019 6.647695 )
xyz18=( -14.069246 21.946890 6.649953 )
xyz18=( -14.068424 21.943766 6.652216 )
xyz18=( -14.067593 21.940648 6.654483 )
xyz18=( -14.066755 21.937536 6.656755 )
xyz18=( -14.065909 21.934429 6.659032 )
xyz18=( -14.065054 21.931328 6.661313 )
xyz18=( -14.064191 21.928233 6.663600 )
xyz18=( -14.063320 21.925144 6.665891 )
xyz18=( -14.062441 21.922060 6.668186 )
xyz18=( -14.061553 21.918982 6.670487 )
xyz18=( -14.060658 21.915910 6.672792 )
xyz18=( -14.059754 21.912844 6.675102 )
xyz18=( -14.058842 21.909783 6.677417 )
xyz18=( -14.057922 21.906728 6.679736 )
xyz18=( -14.056994 21.903679 6.682061 )
xyz18=( -14.056058 21.900635 6.684390 )
xyz18=( -14.055113 21.897598 6.686723 )
xyz18=( -14.054161 21.894566 6.689062 )
xyz18=( -14.053200 21.891540 6.691405 )
xyz18=( -14.052231 21.888519 6.693753 )
xyz18=( -14.051254 21.885504 6.696106 )
xyz18=( -14.050268 21.882496 6.698463 )
xyz18=( -14.049275 21.879492 6.700825 )
xyz18=( -14.048273 21.876495 6.703192 )
xyz18=( -14.047263 21.873503 6.705564 )
xyz18=( -14.046245 21.870518 6.707941 )
xyz18=( -14.045219 21.867537 6.710322 )
xyz18=( -14.044184 21.864563 6.712708 )
xyz18=( -14.043142 21.861595 6.715099 )
xyz18=( -14.042091 21.858632 6.717494 )
xyz18=( -14.041032 21.855675 6.719895 )
xyz18=( -14.039964 21.852724 6.722300 )
xyz18=( -14.038889 21.849779 6.724709 )
xyz18=( -14.037805 21.846839 6.727124 )
xyz18=( -14.036713 21.843905 6.729543 )
xyz18=( -14.035613 21.840977 6.731968 )
xyz18=( -14.034504 21.838055 6.734397 )
xyz18=( -14.033387 21.835139 6.736830 )
xyz18=( -14.032262 21.832229 6.739269 )
xyz18=( -14.031129 21.829324 6.741712 )
xyz18=( -14.029988 21.826426 6.744160 )
xyz18=( -14.028838 21.823533 6.746613 )
xyz18=( -14.027680 21.820646 6.749071 )
xyz18=( -14.026513 21.817765 6.751533 )
xyz18=( -14.025339 21.814889 6.754000 )
xyz18=( -14.024156 21.812020 6.756472 )
xyz18=( -14.022965 21.809156 6.758949 )
xyz18=( -14.021765 21.806299 6.761431 )
xyz18=( -14.020557 21.803447 6.763917 )
xyz18=( -14.019341 21.800601 6.766408 )
xyz18=( -14.018117 21.797762 6.768904 )
xyz18=( -14.016884 21.794928 6.771405 )
xyz18=( -14.015643 21.792100 6.773911 )
xyz18=( -14.015643 21.792100 6.773911 )
xyz18=( -14.014393 21.789278 6.776422 )
xyz18=( -14.014393 21.789278 6.776422 )
xyz18=( -14.013135 21.786461 6.778937 )
xyz18=( -14.013135 21.786461 6.778937 )
xyz18=( -14.011869 21.783651 6.781457 )
xyz18=( -14.011869 21.783651 6.781457 )
xyz18=( -14.089224 22.038276 6.587510 )
xyz18=( -14.088636 22.034987 6.589637 )
xyz18=( -14.088038 22.031703 6.591770 )
xyz18=( -14.087433 22.028426 6.593907 )
xyz18=( -14.086820 22.025154 6.596049 )
xyz18=( -14.086198 22.021888 6.598196 )
xyz18=( -14.085568 22.018628 6.600347 )
xyz18=( -14.084929 22.015374 6.602503 )
xyz18=( -14.084283 22.012125 6.604664 )
xyz18=( -14.083628 22.008883 6.606830 )
xyz18=( -14.082965 22.005646 6.609001 )
xyz18=( -14.082294 22.002415 6.611176 )
xyz18=( -14.081615 21.999190 6.613356 )
xyz18=( -14.080927 21.995970 6.615541 )
xyz18=( -14.080232 21.992757 6.617730 )
xyz18=( -14.079528 21.989549 6.619925 )
xyz18=( -14.078816 21.986347 6.622124 )
xyz18=( -14.078095 21.983151 6.624327 )
xyz18=( -14.077367 21.979960 6.626536 )
xyz18=( -14.076630 21.976776 6.628749 )
xyz18=( -14.075885 21.973597 6.630967 )
xyz18=( -14.075132 21.970424 6.633190 )
xyz18=( -14.074371 21.967257 6.635417 )
xyz18=( -14.073602 21.964095 6.637649 )
xyz18=( -14.072824 21.960939 6.639886 )
xyz18=( -14.072039 21.957789 6.642128 )
xyz18=( -14.071245 21.954645 6.644375 )
xyz18=( -14.070443 21.951507 6.646626 )
xyz18=( -14.069633 21.948374 6.648882 )
xyz18=( -14.068815 21.945247 6.651142 )
xyz18=( -14.067988 21.942126 6.653407 )
xyz18=( -14.067153 21.939010 6.655678 )
xyz18=( -14.066311 21.935900 6.657952 )
xyz18=( -14.065460 21.932797 6.660232 )
xyz18=( -14.064601 21.929698 6.662516 )
xyz18=( -14.063733 21.926606 6.664805 )
xyz18=( -14.062858 21.923519 6.667099 )
xyz18=( -14.061974 21.920438 6.669397 )
xyz18=( -14.061083 21.917363 6.671701 )
xyz18=( -14.060183 21.914294 6.674009 )
xyz18=( -14.059275 21.911230 6.676321 )
xyz18=( -14.058359 21.908172 6.678639 )
xyz18=( -14.057434 21.905120 6.680961 )
xyz18=( -14.056502 21.902074 6.683288 )
xyz18=( -14.055561 21.899033 6.685619 )
xyz18=( -14.054612 21.895998 6.687956 )
xyz18=( -14.053655 21.892969 6.690297 )
xyz18=( -14.052690 21.889946 6.692643 )
xyz18=( -14.051717 21.886929 6.694993 )
xyz18=( -14.050735 21.883917 6.697348 )
xyz18=( -14.049745 21.880911 6.699708 )
xyz18=( -14.048748 21.877911 6.702073 )
xyz18=( -14.047741 21.874916 6.704443 )
xyz18=( -14.046727 21.871928 6.706817 )
xyz18=( -14.045705 21.868945 6.709196 )
xyz18=( -14.044674 21.865968 6.711580 )
xyz18=( -14.043635 21.862997 6.713968 )
xyz18=( -14.042588 21.860031 6.716362 )
xyz18=( -14.041533 21.857072 6.718760 )
xyz18=( -14.040470 21.854118 6.721162 )
xyz18=( -14.039398 21.851170 6.723570 )
xyz18=( -14.038318 21.848228 6.725982 )
xyz18=( -14.037230 21.845291 6.728399 )
xyz18=( -14.036134 21.842361 6.730821 )
xyz18=( -14.035029 21.839436 6.733248 )
xyz18=( -14.033916 21.836517 6.735679 )
xyz18=( -14.032795 21.833604 6.738115 )
xyz18=( -14.031666 21.830697 6.740556 )
xyz18=( -14.030529 21.827796 6.743002 )
xyz18=( -14.029383 21.824900 6.745452 )
xyz18=( -14.028229 21.822011 6.747907 )
xyz18=( -14.027066 21.819127 6.750367 )
xyz18=( -14.025896 21.816249 6.752832 )
xyz18=( -14.024717 21.813378 6.755301 )
xyz18=( -14.023530 21.810512 6.757776 )
xyz18=( -14.022334 21.807651 6.760255 )
xyz18=( -14.021131 21.804797 6.762739 )
xyz18=( -14.019918 21.801949 6.765227 )
xyz18=( -14.018698 21.799107 6.767721 )
xyz18=( -14.017469 21.796270 6.770219 )
xyz18=( -14.016232 21.793440 6.772722 )
xyz18=( -14.014987 21.790615 6.775230 )
xyz18=( -14.014987 21.790615 6.775230 )
xyz18=( -14.013733 21.787797 6.777743 )
xyz18=( -14.013733 21.787797 6.777743 )
xyz18=( -14.012471 21.784984 6.780261 )
xyz18=( -14.012471 21.784984 6.780261 )
xyz18=( -14.011201 21.782178 6.782783 )
xyz18=( -14.011201 21.782178 6.782783 )
xyz18=( -13.183868 21.352714 7.751319 )
xyz18=( -13.186884 21.352154 7.748812 )
xyz18=( -13.189898 21.351605 7.746303 )
xyz18=( -13.192911 21.351067 7.743790 )
xyz18=( -13.195920 21.350539 7.741274 )
xyz18=( -13.198928 21.350021 7.738755 )
xyz18=( -13.201934 21.349515 7.736232 )
xyz18=( -13.204938 21.349018 7.733707 )
xyz18=( -13.207940 21.348532 7.731178 )
xyz18=( -13.210939 21.348057 7.728646 )
xyz18=( -13.213937 21.347592 7.726112 )
xyz18=( -13.216932 21.347137 7.723573 )
xyz18=( -13.219926 21.346693 7.721032 )
xyz18=( -13.222917 21.346260 7.718488 )
xyz18=( -13.225907 21.345837 7.715940 )
xyz18=( -13.228894 21.345424 7.713390 )
xyz18=( -13.231879 21.345022 7.710836 )
xyz18=( -13.234862 21.344630 7.708279 )
xyz18=( -13.237843 21.344249 7.705719 )
xyz18=( -13.240823 21.343878 7.703156 )
xyz18=( -13.243800 21.343517 7.700589 )
xyz18=( -13.246775 21.343167 7.698020 )
xyz18=( -13.249748 21.342827 7.695447 )
xyz18=( -13.252719 21.342498 7.692871 )
xyz18=( -13.255688 21.342179 7.690292 )
xyz18=( -13.258654 21.341871 7.687710 )
xyz18=( -13.261619 21.341573 7.685125 )
xyz18=( -13.264582 21.341285 7.682536 )
xyz18=( -13.267543 21.341008 7.679945 )
xyz18=( -13.270502 21.340741 7.677350 )
xyz18=( -13.273458 21.340484 7.674752 )
xyz18=( -13.276413 21.340238 7.672151 )
xyz18=( -13.279366 21.340003 7.669547 )
xyz18=( -13.282316 21.339777 7.666940 )
xyz18=( -13.285265 21.339563 7.664330 )
xyz18=( -13.288212 21.339358 7.661716 )
xyz18=( -13.291156 21.339164 7.659099 )
xyz18=( -13.294099 21.338980 7.656479 )
xyz18=( -13.297039 21.338807 7.653857 )
xyz18=( -13.299978 21.338644 7.651230 )
xyz18=( -13.302914 21.338492 7.648601 )
xyz18=( -13.305848 21.338349 7.645969 )
xyz18=( -13.308781 21.338218 7.643333 )
xyz18=( -13.311711 21.338096 7.640694 )
xyz18=( -13.314639 21.337986 7.638053 )
xyz18=( -13.317566 21.337885 7.635408 )
xyz18=( -13.320490 21.337795 7.632760 )
xyz18=( -13.323412 21.337715 7.630108 )
xyz18=( -13.326332 21.337646 7.627454 )
xyz18=( -13.329250 21.337587 7.624796 )
xyz18=( -13.332166 21.337539 7.622136 )
xyz18=( -13.335080 21.337501 7.619472 )
xyz18=( -13.337992 21.337473 7.616805 )
xyz18=( -13.340902 21.337456 7.614135 )
xyz18=( -13.343810 21.337450 7.611461 )
xyz18=( -13.346716 21.337453 7.608785 )
xyz18=( -13.349620 21.337468 7.606105 )
xyz18=( -13.352521 21.337492 7.603423 )
xyz18=( -13.355421 21.337528 7.600737 )
xyz18=( -13.358319 21.337573 7.598048 )
xyz18=( -13.361214 21.337629 7.595355 )
xyz18=( -13.364108 21.337696 7.592660 )
xyz18=( -13.366999 21.337773 7.589962 )
xyz18=( -13.369888 21.337860 7.587260 )
xyz18=( -13.372776 21.337958 7.584555 )
xyz18=( -13.375661 21.338067 7.581847 )
xyz18=( -13.378544 21.338186 7.579136 )
xyz18=( -13.381425 21.338316 7.576422 )
xyz18=( -13.384304 21.338456 7.573704 )
xyz18=( -13.387181 21.338606 7.570984 )
xyz18=( -13.390056 21.338768 7.568260 )
xyz18=( -13.392928 21.338939 7.565533 )
xyz18=( -13.395799 21.339122 7.562803 )
xyz18=( -13.398668 21.339315 7.560070 )
xyz18=( -13.401534 21.339518 7.557333 )
xyz18=( -13.404398 21.339732 7.554594 )
xyz18=( -13.407260 21.339957 7.551851 )
xyz18=( -13.410121 21.340192 7.549105 )
xyz18=( -13.412978 21.340438 7.546356 )
xyz18=( -13.415834 21.340695 7.543604 )
xyz18=( -13.418688 21.340962 7.540848 )
xyz18=( -13.421540 21.341240 7.538090 )
xyz18=( -13.421540 21.341240 7.538090 )
xyz18=( -13.424389 21.341528 7.535328 )
xyz18=( -13.424389 21.341528 7.535328 )
xyz18=( -13.427236 21.341827 7.532563 )
xyz18=( -13.427236 21.341827 7.532563 )
xyz18=( -13.430081 21.342137 7.529795 )
xyz18=( -13.430081 21.342137 7.529795 )
xyz18=( -13.185317 21.352444 7.750115 )
xyz18=( -13.188331 21.351889 7.747608 )
xyz18=( -13.191344 21.351346 7.745097 )
xyz18=( -13.194354 21.350812 7.742584 )
xyz18=( -13.197362 21.350290 7.740067 )
xyz18=( -13.200368 21.349777 7.737547 )
xyz18=( -13.203372 21.349276 7.735024 )
xyz18=( -13.206374 21.348784 7.732498 )
xyz18=( -13.209374 21.348304 7.729968 )
xyz18=( -13.212372 21.347833 7.727435 )
xyz18=( -13.215368 21.347374 7.724900 )
xyz18=( -13.218362 21.346924 7.722361 )
xyz18=( -13.221354 21.346485 7.719818 )
xyz18=( -13.224343 21.346057 7.717273 )
xyz18=( -13.227331 21.345639 7.714725 )
xyz18=( -13.230317 21.345231 7.712173 )
xyz18=( -13.233300 21.344834 7.709618 )
xyz18=( -13.236282 21.344447 7.707060 )
xyz18=( -13.239262 21.344071 7.704499 )
xyz18=( -13.242239 21.343705 7.701935 )
xyz18=( -13.245215 21.343349 7.699368 )
xyz18=( -13.248188 21.343004 7.696797 )
xyz18=( -13.251160 21.342670 7.694223 )
xyz18=( -13.254129 21.342345 7.691646 )
xyz18=( -13.257097 21.342031 7.689066 )
xyz18=( -13.260062 21.341728 7.686483 )
xyz18=( -13.263026 21.341435 7.683897 )
xyz18=( -13.265987 21.341152 7.681307 )
xyz18=( -13.268947 21.340880 7.678715 )
xyz18=( -13.271904 21.340618 7.676119 )
xyz18=( -13.274859 21.340366 7.673520 )
xyz18=( -13.277813 21.340125 7.670918 )
xyz18=( -13.280764 21.339895 7.668312 )
xyz18=( -13.283713 21.339674 7.665704 )
xyz18=( -13.286661 21.339464 7.663092 )
xyz18=( -13.289606 21.339265 7.660477 )
xyz18=( -13.292549 21.339076 7.657860 )
xyz18=( -13.295491 21.338897 7.655238 )
xyz18=( -13.298430 21.338729 7.652614 )
xyz18=( -13.301367 21.338571 7.649987 )
xyz18=( -13.304302 21.338423 7.647356 )
xyz18=( -13.307236 21.338286 7.644723 )
xyz18=( -13.310167 21.338159 7.642086 )
xyz18=( -13.313096 21.338043 7.639446 )
xyz18=( -13.316023 21.337937 7.636802 )
xyz18=( -13.318948 21.337841 7.634156 )
xyz18=( -13.321871 21.337756 7.631507 )
xyz18=( -13.324793 21.337681 7.628854 )
xyz18=( -13.327712 21.337617 7.626198 )
xyz18=( -13.330629 21.337563 7.623539 )
xyz18=( -13.333544 21.337520 7.620877 )
xyz18=( -13.336457 21.337487 7.618212 )
xyz18=( -13.339368 21.337464 7.615543 )
xyz18=( -13.342277 21.337452 7.612872 )
xyz18=( -13.345183 21.337450 7.610197 )
xyz18=( -13.348088 21.337459 7.607519 )
xyz18=( -13.350991 21.337478 7.604838 )
xyz18=( -13.353892 21.337508 7.602154 )
xyz18=( -13.356791 21.337548 7.599466 )
xyz18=( -13.359687 21.337598 7.596776 )
xyz18=( -13.362582 21.337659 7.594082 )
xyz18=( -13.365475 21.337731 7.591385 )
xyz18=( -13.368365 21.337813 7.588685 )
xyz18=( -13.371254 21.337905 7.585982 )
xyz18=( -13.374140 21.338008 7.583275 )
xyz18=( -13.377024 21.338122 7.580566 )
xyz18=( -13.379907 21.338246 7.577853 )
xyz18=( -13.382787 21.338381 7.575137 )
xyz18=( -13.385665 21.338526 7.572418 )
xyz18=( -13.388541 21.338681 7.569695 )
xyz18=( -13.391415 21.338848 7.566970 )
xyz18=( -13.394287 21.339024 7.564241 )
xyz18=( -13.397157 21.339212 7.561510 )
xyz18=( -13.400025 21.339410 7.558775 )
xyz18=( -13.402891 21.339618 7.556036 )
xyz18=( -13.405754 21.339837 7.553295 )
xyz18=( -13.408616 21.340067 7.550550 )
xyz18=( -13.411475 21.340307 7.547803 )
xyz18=( -13.414332 21.340558 7.545052 )
xyz18=( -13.417187 21.340820 7.542298 )
xyz18=( -13.420041 21.341092 7.539540 )
xyz18=( -13.420041 21.341092 7.539540 )
xyz18=( -13.422891 21.341375 7.536780 )
xyz18=( -13.422891 21.341375 7.536780 )
xyz18=( -13.425740 21.341669 7.534016 )
xyz18=( -13.425740 21.341669 7.534016 )
xyz18=( -13.428587 21.341973 7.531249 )
xyz18=( -13.428587 21.341973 7.531249 )
