order:    [ 1 19 20 0 37 36 35 34 33 32 31 30 29 28 27 26 24 23 22 25 21 18 10 11 17 16 15 14 13 12 9 2 8 7 6 5 4 3 ]
atoms:    [ CA CA C N C CA N C CA N C CA N C CA N C CA N H HA N CA C C CA N C CA N N C C CA N C CA N ]
residues: [ 0 6 6 0 11 11 11 10 10 10 9 9 9 8 8 8 7 7 7 7 6 6 3 3 5 5 5 4 4 4 3 0 2 2 2 1 1 1 ]

d_25_21=2.758603432323 eijMax=9.565E-03 rmsd=5.072E-01 s=[ 0 0 0 0 1 1 0 0 1 1 0 1 1 0 0 0 1 0 1 0 1 0 0 1 1 1 1 0 1 1 0 0 1 1 0 0 1 1 ]
d_25_21=2.760623634343 eijMax=8.996E-03 rmsd=4.833E-01 s=[ 0 0 0 0 1 1 0 0 1 1 0 1 1 0 0 0 1 0 1 0 1 0 0 1 1 1 1 0 1 1 0 0 1 1 0 0 1 1 ]
d_25_21=2.762643836364 eijMax=8.443E-03 rmsd=4.596E-01 s=[ 0 0 0 0 1 1 0 0 1 1 0 1 1 0 0 0 1 0 1 0 1 0 0 1 1 1 1 0 1 1 0 0 1 1 0 0 1 1 ]
d_25_21=2.764664038384 eijMax=7.906E-03 rmsd=4.359E-01 s=[ 0 0 0 0 1 1 0 0 1 1 0 1 1 0 0 0 1 0 1 0 1 0 0 1 1 1 1 0 1 1 0 0 1 1 0 0 1 1 ]
d_25_21=2.766684240404 eijMax=7.384E-03 rmsd=4.124E-01 s=[ 0 0 0 0 1 1 0 0 1 1 0 1 1 0 0 0 1 0 1 0 1 0 0 1 1 1 1 0 1 1 0 0 1 1 0 0 1 1 ]
d_25_21=2.768704442424 eijMax=6.877E-03 rmsd=3.890E-01 s=[ 0 0 0 0 1 1 0 0 1 1 0 1 1 0 0 0 1 0 1 0 1 0 0 1 1 1 1 0 1 1 0 0 1 1 0 0 1 1 ]
d_25_21=2.770724644444 eijMax=6.384E-03 rmsd=3.658E-01 s=[ 0 0 0 0 1 1 0 0 1 1 0 1 1 0 0 0 1 0 1 0 1 0 0 1 1 1 1 0 1 1 0 0 1 1 0 0 1 1 ]
d_25_21=2.772744846465 eijMax=5.905E-03 rmsd=3.427E-01 s=[ 0 0 0 0 1 1 0 0 1 1 0 1 1 0 0 0 1 0 1 0 1 0 0 1 1 1 1 0 1 1 0 0 1 1 0 0 1 1 ]
d_25_21=2.774765048485 eijMax=5.439E-03 rmsd=3.196E-01 s=[ 0 0 0 0 1 1 0 0 1 1 0 1 1 0 0 0 1 0 1 0 1 0 0 1 1 1 1 0 1 1 0 0 1 1 0 0 1 1 ]
d_25_21=2.776785250505 eijMax=4.986E-03 rmsd=2.967E-01 s=[ 0 0 0 0 1 1 0 0 1 1 0 1 1 0 0 0 1 0 1 0 1 0 0 1 1 1 1 0 1 1 0 0 1 1 0 0 1 1 ]
d_25_21=2.778805452525 eijMax=4.546E-03 rmsd=2.739E-01 s=[ 0 0 0 0 1 1 0 0 1 1 0 1 1 0 0 0 1 0 1 0 1 0 0 1 1 1 1 0 1 1 0 0 1 1 0 0 1 1 ]
d_25_21=2.780825654545 eijMax=4.117E-03 rmsd=2.512E-01 s=[ 0 0 0 0 1 1 0 0 1 1 0 1 1 0 0 0 1 0 1 0 1 0 0 1 1 1 1 0 1 1 0 0 1 1 0 0 1 1 ]
d_25_21=2.782845856566 eijMax=3.700E-03 rmsd=2.286E-01 s=[ 0 0 0 0 1 1 0 0 1 1 0 1 1 0 0 0 1 0 1 0 1 0 0 1 1 1 1 0 1 1 0 0 1 1 0 0 1 1 ]
d_25_21=2.784866058586 eijMax=3.295E-03 rmsd=2.060E-01 s=[ 0 0 0 0 1 1 0 0 1 1 0 1 1 0 0 0 1 0 1 0 1 0 0 1 1 1 1 0 1 1 0 0 1 1 0 0 1 1 ]
d_25_21=2.786886260606 eijMax=2.900E-03 rmsd=1.836E-01 s=[ 0 0 0 0 1 1 0 0 1 1 0 1 1 0 0 0 1 0 1 0 1 0 0 1 1 1 1 0 1 1 0 0 1 1 0 0 1 1 ]
d_25_21=2.788906462626 eijMax=2.516E-03 rmsd=1.612E-01 s=[ 0 0 0 0 1 1 0 0 1 1 0 1 1 0 0 0 1 0 1 0 1 0 0 1 1 1 1 0 1 1 0 0 1 1 0 0 1 1 ]
d_25_21=2.790926664646 eijMax=2.142E-03 rmsd=1.390E-01 s=[ 0 0 0 0 1 1 0 0 1 1 0 1 1 0 0 0 1 0 1 0 1 0 0 1 1 1 1 0 1 1 0 0 1 1 0 0 1 1 ]
d_25_21=2.792946866667 eijMax=1.778E-03 rmsd=1.168E-01 s=[ 0 0 0 0 1 1 0 0 1 1 0 1 1 0 0 0 1 0 1 0 1 0 0 1 1 1 1 0 1 1 0 0 1 1 0 0 1 1 ]
d_25_21=2.794967068687 eijMax=1.423E-03 rmsd=9.462E-02 s=[ 0 0 0 0 1 1 0 0 1 1 0 1 1 0 0 0 1 0 1 0 1 0 0 1 1 1 1 0 1 1 0 0 1 1 0 0 1 1 ]
d_25_21=2.796987270707 eijMax=1.079E-03 rmsd=7.256E-02 s=[ 0 0 0 0 1 1 0 0 1 1 0 1 1 0 0 0 1 0 1 0 1 0 0 1 1 1 1 0 1 1 0 0 1 1 0 0 1 1 ]
d_25_21=2.799007472727 eijMax=7.427E-04 rmsd=5.057E-02 s=[ 0 0 0 0 1 1 0 0 1 1 0 1 1 0 0 0 1 0 1 0 1 0 0 1 1 1 1 0 1 1 0 0 1 1 0 0 1 1 ]
d_25_21=2.801027674747 eijMax=4.158E-04 rmsd=2.866E-02 s=[ 0 0 0 0 1 1 0 0 1 1 0 1 1 0 0 0 1 0 1 0 1 0 0 1 1 1 1 0 1 1 0 0 1 1 0 0 1 1 ]
d_25_21=2.803047876768 eijMax=1.192E-04 rmsd=6.968E-03 s=[ 0 0 0 0 1 1 0 0 1 1 0 1 1 0 0 0 1 0 1 0 1 0 0 1 1 1 1 0 1 1 0 0 1 1 0 0 1 1 ]
d_25_21=2.805068078788 eijMax=2.124E-04 rmsd=1.520E-02 s=[ 0 0 0 0 1 1 0 0 1 1 0 1 1 0 0 0 1 0 1 0 1 0 0 1 1 1 1 0 1 1 0 0 1 1 0 0 1 1 ]
d_25_21=2.807088280808 eijMax=5.142E-04 rmsd=3.690E-02 s=[ 0 0 0 0 1 1 0 0 1 1 0 1 1 0 0 0 1 0 1 0 1 0 0 1 1 1 1 0 1 1 0 0 1 1 0 0 1 1 ]
d_25_21=2.809108482828 eijMax=8.080E-04 rmsd=5.860E-02 s=[ 0 0 0 0 1 1 0 0 1 1 0 1 1 0 0 0 1 0 1 0 1 0 0 1 1 1 1 0 1 1 0 0 1 1 0 0 1 1 ]
d_25_21=2.811128684848 eijMax=1.094E-03 rmsd=8.026E-02 s=[ 0 0 0 0 1 1 0 0 1 1 0 1 1 0 0 0 1 0 1 0 1 0 0 1 1 1 1 0 1 1 0 0 1 1 0 0 1 1 ]
d_25_21=2.813148886869 eijMax=1.373E-03 rmsd=1.019E-01 s=[ 0 0 0 0 1 1 0 0 1 1 0 1 1 0 0 0 1 0 1 0 1 0 0 1 1 1 1 0 1 1 0 0 1 1 0 0 1 1 ]
d_25_21=2.815169088889 eijMax=1.644E-03 rmsd=1.235E-01 s=[ 0 0 0 0 1 1 0 0 1 1 0 1 1 0 0 0 1 0 1 0 1 0 0 1 1 1 1 0 1 1 0 0 1 1 0 0 1 1 ]
d_25_21=2.817189290909 eijMax=1.908E-03 rmsd=1.450E-01 s=[ 0 0 0 0 1 1 0 0 1 1 0 1 1 0 0 0 1 0 1 0 1 0 0 1 1 1 1 0 1 1 0 0 1 1 0 0 1 1 ]
d_25_21=2.819209492929 eijMax=2.165E-03 rmsd=1.665E-01 s=[ 0 0 0 0 1 1 0 0 1 1 0 1 1 0 0 0 1 0 1 0 1 0 0 1 1 1 1 0 1 1 0 0 1 1 0 0 1 1 ]
d_25_21=2.821229694949 eijMax=2.416E-03 rmsd=1.880E-01 s=[ 0 0 0 0 1 1 0 0 1 1 0 1 1 0 0 0 1 0 1 0 1 0 0 1 1 1 1 0 1 1 0 0 1 1 0 0 1 1 ]
d_25_21=2.823249896970 eijMax=2.660E-03 rmsd=2.094E-01 s=[ 0 0 0 0 1 1 0 0 1 1 0 1 1 0 0 0 1 0 1 0 1 0 0 1 1 1 1 0 1 1 0 0 1 1 0 0 1 1 ]
d_25_21=2.825270098990 eijMax=2.897E-03 rmsd=2.308E-01 s=[ 0 0 0 0 1 1 0 0 1 1 0 1 1 0 0 0 1 0 1 0 1 0 0 1 1 1 1 0 1 1 0 0 1 1 0 0 1 1 ]
d_25_21=2.827290301010 eijMax=3.128E-03 rmsd=2.522E-01 s=[ 0 0 0 0 1 1 0 0 1 1 0 1 1 0 0 0 1 0 1 0 1 0 0 1 1 1 1 0 1 1 0 0 1 1 0 0 1 1 ]
d_25_21=2.829310503030 eijMax=3.353E-03 rmsd=2.735E-01 s=[ 0 0 0 0 1 1 0 0 1 1 0 1 1 0 0 0 1 0 1 0 1 0 0 1 1 1 1 0 1 1 0 0 1 1 0 0 1 1 ]
d_25_21=2.831330705051 eijMax=3.572E-03 rmsd=2.949E-01 s=[ 0 0 0 0 1 1 0 0 1 1 0 1 1 0 0 0 1 0 1 0 1 0 0 1 1 1 1 0 1 1 0 0 1 1 0 0 1 1 ]
d_25_21=2.833350907071 eijMax=3.786E-03 rmsd=3.162E-01 s=[ 0 0 0 0 1 1 0 0 1 1 0 1 1 0 0 0 1 0 1 0 1 0 0 1 1 1 1 0 1 1 0 0 1 1 0 0 1 1 ]
d_25_21=2.835371109091 eijMax=3.993E-03 rmsd=3.375E-01 s=[ 0 0 0 0 1 1 0 0 1 1 0 1 1 0 0 0 1 0 1 0 1 0 0 1 1 1 1 0 1 1 0 0 1 1 0 0 1 1 ]
d_25_21=2.837391311111 eijMax=4.195E-03 rmsd=3.588E-01 s=[ 0 0 0 0 1 1 0 0 1 1 0 1 1 0 0 0 1 0 1 0 1 0 0 1 1 1 1 0 1 1 0 0 1 1 0 0 1 1 ]
d_25_21=2.839411513131 eijMax=4.392E-03 rmsd=3.800E-01 s=[ 0 0 0 0 1 1 0 0 1 1 0 1 1 0 0 0 1 0 1 0 1 0 0 1 1 1 1 0 1 1 0 0 1 1 0 0 1 1 ]
d_25_21=2.841431715152 eijMax=4.583E-03 rmsd=4.013E-01 s=[ 0 0 0 0 1 1 0 0 1 1 0 1 1 0 0 0 1 0 1 0 1 0 0 1 1 1 1 0 1 1 0 0 1 1 0 0 1 1 ]
d_25_21=2.843451917172 eijMax=4.770E-03 rmsd=4.225E-01 s=[ 0 0 0 0 1 1 0 0 1 1 0 1 1 0 0 0 1 0 1 0 1 0 0 1 1 1 1 0 1 1 0 0 1 1 0 0 1 1 ]
d_25_21=2.845472119192 eijMax=4.951E-03 rmsd=4.438E-01 s=[ 0 0 0 0 1 1 0 0 1 1 0 1 1 0 0 0 1 0 1 0 1 0 0 1 1 1 1 0 1 1 0 0 1 1 0 0 1 1 ]
d_25_21=2.847492321212 eijMax=5.128E-03 rmsd=4.650E-01 s=[ 0 0 0 0 1 1 0 0 1 1 0 1 1 0 0 0 1 0 1 0 1 0 0 1 1 1 1 0 1 1 0 0 1 1 0 0 1 1 ]
d_25_21=2.849512523232 eijMax=5.300E-03 rmsd=4.862E-01 s=[ 0 0 0 0 1 1 0 0 1 1 0 1 1 0 0 0 1 0 1 0 1 0 0 1 1 1 1 0 1 1 0 0 1 1 0 0 1 1 ]
d_25_21=2.851532725253 eijMax=5.467E-03 rmsd=5.075E-01 s=[ 0 0 0 0 1 1 0 0 1 1 0 1 1 0 0 0 1 0 1 0 1 0 0 1 1 1 1 0 1 1 0 0 1 1 0 0 1 1 ]
d_25_21=2.853552927273 eijMax=5.629E-03 rmsd=5.287E-01 s=[ 0 0 0 0 1 1 0 0 1 1 0 1 1 0 0 0 1 0 1 0 1 0 0 1 1 1 1 0 1 1 0 0 1 1 0 0 1 1 ]
d_25_21=2.855573129293 eijMax=5.788E-03 rmsd=5.499E-01 s=[ 0 0 0 0 1 1 0 0 1 1 0 1 1 0 0 0 1 0 1 0 1 0 0 1 1 1 1 0 1 1 0 0 1 1 0 0 1 1 ]
d_25_21=2.857593331313 eijMax=5.942E-03 rmsd=5.712E-01 s=[ 0 0 0 0 1 1 0 0 1 1 0 1 1 0 0 0 1 0 1 0 1 0 0 1 1 1 1 0 1 1 0 0 1 1 0 0 1 1 ]
d_25_21=2.859613533333 eijMax=6.091E-03 rmsd=5.924E-01 s=[ 0 0 0 0 1 1 0 0 1 1 0 1 1 0 0 0 1 0 1 0 1 0 0 1 1 1 1 0 1 1 0 0 1 1 0 0 1 1 ]
d_25_21=2.861633735354 eijMax=6.237E-03 rmsd=6.136E-01 s=[ 0 0 0 0 1 1 0 0 1 1 0 1 1 0 0 0 1 0 1 0 1 0 0 1 1 1 1 0 1 1 0 0 1 1 0 0 1 1 ]
d_25_21=2.863653937374 eijMax=6.379E-03 rmsd=6.349E-01 s=[ 0 0 0 0 1 1 0 0 1 1 0 1 1 0 0 0 1 0 1 0 1 0 0 1 1 1 1 0 1 1 0 0 1 1 0 0 1 1 ]
d_25_21=2.865674139394 eijMax=6.517E-03 rmsd=6.562E-01 s=[ 0 0 0 0 1 1 0 0 1 1 0 1 1 0 0 0 1 0 1 0 1 0 0 1 1 1 1 0 1 1 0 0 1 1 0 0 1 1 ]
d_25_21=2.867694341414 eijMax=6.651E-03 rmsd=6.775E-01 s=[ 0 0 0 0 1 1 0 0 1 1 0 1 1 0 0 0 1 0 1 0 1 0 0 1 1 1 1 0 1 1 0 0 1 1 0 0 1 1 ]
d_25_21=2.869714543434 eijMax=6.782E-03 rmsd=6.987E-01 s=[ 0 0 0 0 1 1 0 0 1 1 0 1 1 0 0 0 1 0 1 0 1 0 0 1 1 1 1 0 1 1 0 0 1 1 0 0 1 1 ]
d_25_21=2.871734745455 eijMax=6.909E-03 rmsd=7.201E-01 s=[ 0 0 0 0 1 1 0 0 1 1 0 1 1 0 0 0 1 0 1 0 1 0 0 1 1 1 1 0 1 1 0 0 1 1 0 0 1 1 ]
d_25_21=2.873754947475 eijMax=7.032E-03 rmsd=7.414E-01 s=[ 0 0 0 0 1 1 0 0 1 1 0 1 1 0 0 0 1 0 1 0 1 0 0 1 1 1 1 0 1 1 0 0 1 1 0 0 1 1 ]
d_25_21=2.875775149495 eijMax=7.152E-03 rmsd=7.628E-01 s=[ 0 0 0 0 1 1 0 0 1 1 0 1 1 0 0 0 1 0 1 0 1 0 0 1 1 1 1 0 1 1 0 0 1 1 0 0 1 1 ]
d_25_21=2.877795351515 eijMax=7.269E-03 rmsd=7.841E-01 s=[ 0 0 0 0 1 1 0 0 1 1 0 1 1 0 0 0 1 0 1 0 1 0 0 1 1 1 1 0 1 1 0 0 1 1 0 0 1 1 ]
d_25_21=2.879815553535 eijMax=7.383E-03 rmsd=8.055E-01 s=[ 0 0 0 0 1 1 0 0 1 1 0 1 1 0 0 0 1 0 1 0 1 0 0 1 1 1 1 0 1 1 0 0 1 1 0 0 1 1 ]
d_25_21=2.881835755556 eijMax=7.494E-03 rmsd=8.269E-01 s=[ 0 0 0 0 1 1 0 0 1 1 0 1 1 0 0 0 1 0 1 0 1 0 0 1 1 1 1 0 1 1 0 0 1 1 0 0 1 1 ]
d_25_21=2.883855957576 eijMax=7.601E-03 rmsd=8.484E-01 s=[ 0 0 0 0 1 1 0 0 1 1 0 1 1 0 0 0 1 0 1 0 1 0 0 1 1 1 1 0 1 1 0 0 1 1 0 0 1 1 ]
d_25_21=2.885876159596 eijMax=7.706E-03 rmsd=8.699E-01 s=[ 0 0 0 0 1 1 0 0 1 1 0 1 1 0 0 0 1 0 1 0 1 0 0 1 1 1 1 0 1 1 0 0 1 1 0 0 1 1 ]
d_25_21=2.887896361616 eijMax=7.808E-03 rmsd=8.914E-01 s=[ 0 0 0 0 1 1 0 0 1 1 0 1 1 0 0 0 1 0 1 0 1 0 0 1 1 1 1 0 1 1 0 0 1 1 0 0 1 1 ]
d_25_21=2.889916563636 eijMax=7.907E-03 rmsd=9.129E-01 s=[ 0 0 0 0 1 1 0 0 1 1 0 1 1 0 0 0 1 0 1 0 1 0 0 1 1 1 1 0 1 1 0 0 1 1 0 0 1 1 ]
d_25_21=2.891936765657 eijMax=8.004E-03 rmsd=9.345E-01 s=[ 0 0 0 0 1 1 0 0 1 1 0 1 1 0 0 0 1 0 1 0 1 0 0 1 1 1 1 0 1 1 0 0 1 1 0 0 1 1 ]
d_25_21=2.893956967677 eijMax=8.098E-03 rmsd=9.561E-01 s=[ 0 0 0 0 1 1 0 0 1 1 0 1 1 0 0 0 1 0 1 0 1 0 0 1 1 1 1 0 1 1 0 0 1 1 0 0 1 1 ]
d_25_21=2.895977169697 eijMax=8.190E-03 rmsd=9.778E-01 s=[ 0 0 0 0 1 1 0 0 1 1 0 1 1 0 0 0 1 0 1 0 1 0 0 1 1 1 1 0 1 1 0 0 1 1 0 0 1 1 ]
d_25_21=2.897997371717 eijMax=8.279E-03 rmsd=9.994E-01 s=[ 0 0 0 0 1 1 0 0 1 1 0 1 1 0 0 0 1 0 1 0 1 0 0 1 1 1 1 0 1 1 0 0 1 1 0 0 1 1 ]
d_25_21=2.900017573737 eijMax=8.366E-03 rmsd=1.021E+00 s=[ 0 0 0 0 1 1 0 0 1 1 0 1 1 0 0 0 1 0 1 0 1 0 0 1 1 1 1 0 1 1 0 0 1 1 0 0 1 1 ]
d_25_21=2.902037775758 eijMax=8.451E-03 rmsd=1.043E+00 s=[ 0 0 0 0 1 1 0 0 1 1 0 1 1 0 0 0 1 0 1 0 1 0 0 1 1 1 1 0 1 1 0 0 1 1 0 0 1 1 ]
d_25_21=2.904057977778 eijMax=8.533E-03 rmsd=1.065E+00 s=[ 0 0 0 0 1 1 0 0 1 1 0 1 1 0 0 0 1 0 1 0 1 0 0 1 1 1 1 0 1 1 0 0 1 1 0 0 1 1 ]
d_25_21=2.906078179798 eijMax=8.614E-03 rmsd=1.087E+00 s=[ 0 0 0 0 1 1 0 0 1 1 0 1 1 0 0 0 1 0 1 0 1 0 0 1 1 1 1 0 1 1 0 0 1 1 0 0 1 1 ]
d_25_21=2.908098381818 eijMax=8.693E-03 rmsd=1.108E+00 s=[ 0 0 0 0 1 1 0 0 1 1 0 1 1 0 0 0 1 0 1 0 1 0 0 1 1 1 1 0 1 1 0 0 1 1 0 0 1 1 ]
d_25_21=2.910118583838 eijMax=8.769E-03 rmsd=1.130E+00 s=[ 0 0 0 0 1 1 0 0 1 1 0 1 1 0 0 0 1 0 1 0 1 0 0 1 1 1 1 0 1 1 0 0 1 1 0 0 1 1 ]
d_25_21=2.912138785859 eijMax=8.844E-03 rmsd=1.152E+00 s=[ 0 0 0 0 1 1 0 0 1 1 0 1 1 0 0 0 1 0 1 0 1 0 0 1 1 1 1 0 1 1 0 0 1 1 0 0 1 1 ]
d_25_21=2.914158987879 eijMax=8.918E-03 rmsd=1.174E+00 s=[ 0 0 0 0 1 1 0 0 1 1 0 1 1 0 0 0 1 0 1 0 1 0 0 1 1 1 1 0 1 1 0 0 1 1 0 0 1 1 ]
d_25_21=2.916179189899 eijMax=8.989E-03 rmsd=1.197E+00 s=[ 0 0 0 0 1 1 0 0 1 1 0 1 1 0 0 0 1 0 1 0 1 0 0 1 1 1 1 0 1 1 0 0 1 1 0 0 1 1 ]
d_25_21=2.918199391919 eijMax=9.059E-03 rmsd=1.219E+00 s=[ 0 0 0 0 1 1 0 0 1 1 0 1 1 0 0 0 1 0 1 0 1 0 0 1 1 1 1 0 1 1 0 0 1 1 0 0 1 1 ]
d_25_21=2.920219593939 eijMax=9.128E-03 rmsd=1.241E+00 s=[ 0 0 0 0 1 1 0 0 1 1 0 1 1 0 0 0 1 0 1 0 1 0 0 1 1 1 1 0 1 1 0 0 1 1 0 0 1 1 ]
d_25_21=2.920219593939 eijMax=9.606E-03 rmsd=2.847E+00 s=[ 0 0 0 0 1 1 0 0 1 1 0 1 1 0 0 0 1 0 1 0 1 0 0 1 1 1 1 0 1 1 1 1 0 0 1 1 0 0 ]
d_25_21=2.922239795960 eijMax=9.195E-03 rmsd=1.263E+00 s=[ 0 0 0 0 1 1 0 0 1 1 0 1 1 0 0 0 1 0 1 0 1 0 0 1 1 1 1 0 1 1 0 0 1 1 0 0 1 1 ]
d_25_21=2.922239795960 eijMax=8.673E-03 rmsd=2.857E+00 s=[ 0 0 0 0 1 1 0 0 1 1 0 1 1 0 0 0 1 0 1 0 1 0 0 1 1 1 1 0 1 1 1 1 0 0 1 1 0 0 ]
d_25_21=2.924259997980 eijMax=9.261E-03 rmsd=1.285E+00 s=[ 0 0 0 0 1 1 0 0 1 1 0 1 1 0 0 0 1 0 1 0 1 0 0 1 1 1 1 0 1 1 0 0 1 1 0 0 1 1 ]
d_25_21=2.924259997980 eijMax=7.741E-03 rmsd=2.868E+00 s=[ 0 0 0 0 1 1 0 0 1 1 0 1 1 0 0 0 1 0 1 0 1 0 0 1 1 1 1 0 1 1 1 1 0 0 1 1 0 0 ]
d_25_21=2.926280200000 eijMax=9.326E-03 rmsd=1.308E+00 s=[ 0 0 0 0 1 1 0 0 1 1 0 1 1 0 0 0 1 0 1 0 1 0 0 1 1 1 1 0 1 1 0 0 1 1 0 0 1 1 ]
d_25_21=2.926280200000 eijMax=6.811E-03 rmsd=2.878E+00 s=[ 0 0 0 0 1 1 0 0 1 1 0 1 1 0 0 0 1 0 1 0 1 0 0 1 1 1 1 0 1 1 1 1 0 0 1 1 0 0 ]
d_25_21=2.756583230303 eijMax=9.845E-03 rmsd=5.189E-01 s=[ 0 0 0 0 1 1 0 0 1 1 0 1 1 0 0 0 1 0 1 1 1 0 0 1 1 1 1 0 1 1 0 0 1 1 0 0 1 1 ]
d_25_21=2.758603432323 eijMax=9.267E-03 rmsd=4.949E-01 s=[ 0 0 0 0 1 1 0 0 1 1 0 1 1 0 0 0 1 0 1 1 1 0 0 1 1 1 1 0 1 1 0 0 1 1 0 0 1 1 ]
d_25_21=2.760623634343 eijMax=8.706E-03 rmsd=4.710E-01 s=[ 0 0 0 0 1 1 0 0 1 1 0 1 1 0 0 0 1 0 1 1 1 0 0 1 1 1 1 0 1 1 0 0 1 1 0 0 1 1 ]
d_25_21=2.762643836364 eijMax=8.161E-03 rmsd=4.473E-01 s=[ 0 0 0 0 1 1 0 0 1 1 0 1 1 0 0 0 1 0 1 1 1 0 0 1 1 1 1 0 1 1 0 0 1 1 0 0 1 1 ]
d_25_21=2.764664038384 eijMax=7.632E-03 rmsd=4.238E-01 s=[ 0 0 0 0 1 1 0 0 1 1 0 1 1 0 0 0 1 0 1 1 1 0 0 1 1 1 1 0 1 1 0 0 1 1 0 0 1 1 ]
d_25_21=2.766684240404 eijMax=7.118E-03 rmsd=4.003E-01 s=[ 0 0 0 0 1 1 0 0 1 1 0 1 1 0 0 0 1 0 1 1 1 0 0 1 1 1 1 0 1 1 0 0 1 1 0 0 1 1 ]
d_25_21=2.768704442424 eijMax=6.618E-03 rmsd=3.770E-01 s=[ 0 0 0 0 1 1 0 0 1 1 0 1 1 0 0 0 1 0 1 1 1 0 0 1 1 1 1 0 1 1 0 0 1 1 0 0 1 1 ]
d_25_21=2.770724644444 eijMax=6.133E-03 rmsd=3.538E-01 s=[ 0 0 0 0 1 1 0 0 1 1 0 1 1 0 0 0 1 0 1 1 1 0 0 1 1 1 1 0 1 1 0 0 1 1 0 0 1 1 ]
d_25_21=2.772744846465 eijMax=5.660E-03 rmsd=3.307E-01 s=[ 0 0 0 0 1 1 0 0 1 1 0 1 1 0 0 0 1 0 1 1 1 0 0 1 1 1 1 0 1 1 0 0 1 1 0 0 1 1 ]
d_25_21=2.774765048485 eijMax=5.201E-03 rmsd=3.078E-01 s=[ 0 0 0 0 1 1 0 0 1 1 0 1 1 0 0 0 1 0 1 1 1 0 0 1 1 1 1 0 1 1 0 0 1 1 0 0 1 1 ]
d_25_21=2.776785250505 eijMax=4.755E-03 rmsd=2.849E-01 s=[ 0 0 0 0 1 1 0 0 1 1 0 1 1 0 0 0 1 0 1 1 1 0 0 1 1 1 1 0 1 1 0 0 1 1 0 0 1 1 ]
d_25_21=2.778805452525 eijMax=4.320E-03 rmsd=2.621E-01 s=[ 0 0 0 0 1 1 0 0 1 1 0 1 1 0 0 0 1 0 1 1 1 0 0 1 1 1 1 0 1 1 0 0 1 1 0 0 1 1 ]
d_25_21=2.780825654545 eijMax=3.898E-03 rmsd=2.395E-01 s=[ 0 0 0 0 1 1 0 0 1 1 0 1 1 0 0 0 1 0 1 1 1 0 0 1 1 1 1 0 1 1 0 0 1 1 0 0 1 1 ]
d_25_21=2.782845856566 eijMax=3.487E-03 rmsd=2.169E-01 s=[ 0 0 0 0 1 1 0 0 1 1 0 1 1 0 0 0 1 0 1 1 1 0 0 1 1 1 1 0 1 1 0 0 1 1 0 0 1 1 ]
d_25_21=2.784866058586 eijMax=3.087E-03 rmsd=1.944E-01 s=[ 0 0 0 0 1 1 0 0 1 1 0 1 1 0 0 0 1 0 1 1 1 0 0 1 1 1 1 0 1 1 0 0 1 1 0 0 1 1 ]
d_25_21=2.786886260606 eijMax=2.697E-03 rmsd=1.720E-01 s=[ 0 0 0 0 1 1 0 0 1 1 0 1 1 0 0 0 1 0 1 1 1 0 0 1 1 1 1 0 1 1 0 0 1 1 0 0 1 1 ]
d_25_21=2.788906462626 eijMax=2.319E-03 rmsd=1.497E-01 s=[ 0 0 0 0 1 1 0 0 1 1 0 1 1 0 0 0 1 0 1 1 1 0 0 1 1 1 1 0 1 1 0 0 1 1 0 0 1 1 ]
d_25_21=2.790926664646 eijMax=1.950E-03 rmsd=1.274E-01 s=[ 0 0 0 0 1 1 0 0 1 1 0 1 1 0 0 0 1 0 1 1 1 0 0 1 1 1 1 0 1 1 0 0 1 1 0 0 1 1 ]
d_25_21=2.792946866667 eijMax=1.591E-03 rmsd=1.053E-01 s=[ 0 0 0 0 1 1 0 0 1 1 0 1 1 0 0 0 1 0 1 1 1 0 0 1 1 1 1 0 1 1 0 0 1 1 0 0 1 1 ]
d_25_21=2.794967068687 eijMax=1.242E-03 rmsd=8.316E-02 s=[ 0 0 0 0 1 1 0 0 1 1 0 1 1 0 0 0 1 0 1 1 1 0 0 1 1 1 1 0 1 1 0 0 1 1 0 0 1 1 ]
d_25_21=2.796987270707 eijMax=9.014E-04 rmsd=6.114E-02 s=[ 0 0 0 0 1 1 0 0 1 1 0 1 1 0 0 0 1 0 1 1 1 0 0 1 1 1 1 0 1 1 0 0 1 1 0 0 1 1 ]
d_25_21=2.799007472727 eijMax=5.702E-04 rmsd=3.918E-02 s=[ 0 0 0 0 1 1 0 0 1 1 0 1 1 0 0 0 1 0 1 1 1 0 0 1 1 1 1 0 1 1 0 0 1 1 0 0 1 1 ]
d_25_21=2.801027674747 eijMax=2.478E-04 rmsd=1.733E-02 s=[ 0 0 0 0 1 1 0 0 1 1 0 1 1 0 0 0 1 0 1 1 1 0 0 1 1 1 1 0 1 1 0 0 1 1 0 0 1 1 ]
d_25_21=2.803047876768 eijMax=1.205E-04 rmsd=4.956E-03 s=[ 0 0 0 0 1 1 0 0 1 1 0 1 1 0 0 0 1 0 1 1 1 0 0 1 1 1 1 0 1 1 0 0 1 1 0 0 1 1 ]
d_25_21=2.805068078788 eijMax=3.718E-04 rmsd=2.647E-02 s=[ 0 0 0 0 1 1 0 0 1 1 0 1 1 0 0 0 1 0 1 1 1 0 0 1 1 1 1 0 1 1 0 0 1 1 0 0 1 1 ]
d_25_21=2.807088280808 eijMax=6.694E-04 rmsd=4.819E-02 s=[ 0 0 0 0 1 1 0 0 1 1 0 1 1 0 0 0 1 0 1 1 1 0 0 1 1 1 1 0 1 1 0 0 1 1 0 0 1 1 ]
d_25_21=2.809108482828 eijMax=9.592E-04 rmsd=6.987E-02 s=[ 0 0 0 0 1 1 0 0 1 1 0 1 1 0 0 0 1 0 1 1 1 0 0 1 1 1 1 0 1 1 0 0 1 1 0 0 1 1 ]
d_25_21=2.811128684848 eijMax=1.241E-03 rmsd=9.151E-02 s=[ 0 0 0 0 1 1 0 0 1 1 0 1 1 0 0 0 1 0 1 1 1 0 0 1 1 1 1 0 1 1 0 0 1 1 0 0 1 1 ]
d_25_21=2.813148886869 eijMax=1.516E-03 rmsd=1.131E-01 s=[ 0 0 0 0 1 1 0 0 1 1 0 1 1 0 0 0 1 0 1 1 1 0 0 1 1 1 1 0 1 1 0 0 1 1 0 0 1 1 ]
d_25_21=2.815169088889 eijMax=1.784E-03 rmsd=1.347E-01 s=[ 0 0 0 0 1 1 0 0 1 1 0 1 1 0 0 0 1 0 1 1 1 0 0 1 1 1 1 0 1 1 0 0 1 1 0 0 1 1 ]
d_25_21=2.817189290909 eijMax=2.044E-03 rmsd=1.562E-01 s=[ 0 0 0 0 1 1 0 0 1 1 0 1 1 0 0 0 1 0 1 1 1 0 0 1 1 1 1 0 1 1 0 0 1 1 0 0 1 1 ]
d_25_21=2.819209492929 eijMax=2.298E-03 rmsd=1.777E-01 s=[ 0 0 0 0 1 1 0 0 1 1 0 1 1 0 0 0 1 0 1 1 1 0 0 1 1 1 1 0 1 1 0 0 1 1 0 0 1 1 ]
d_25_21=2.821229694949 eijMax=2.545E-03 rmsd=1.991E-01 s=[ 0 0 0 0 1 1 0 0 1 1 0 1 1 0 0 0 1 0 1 1 1 0 0 1 1 1 1 0 1 1 0 0 1 1 0 0 1 1 ]
d_25_21=2.823249896970 eijMax=2.785E-03 rmsd=2.206E-01 s=[ 0 0 0 0 1 1 0 0 1 1 0 1 1 0 0 0 1 0 1 1 1 0 0 1 1 1 1 0 1 1 0 0 1 1 0 0 1 1 ]
d_25_21=2.825270098990 eijMax=3.019E-03 rmsd=2.420E-01 s=[ 0 0 0 0 1 1 0 0 1 1 0 1 1 0 0 0 1 0 1 1 1 0 0 1 1 1 1 0 1 1 0 0 1 1 0 0 1 1 ]
d_25_21=2.827290301010 eijMax=3.247E-03 rmsd=2.633E-01 s=[ 0 0 0 0 1 1 0 0 1 1 0 1 1 0 0 0 1 0 1 1 1 0 0 1 1 1 1 0 1 1 0 0 1 1 0 0 1 1 ]
d_25_21=2.829310503030 eijMax=3.469E-03 rmsd=2.847E-01 s=[ 0 0 0 0 1 1 0 0 1 1 0 1 1 0 0 0 1 0 1 1 1 0 0 1 1 1 1 0 1 1 0 0 1 1 0 0 1 1 ]
d_25_21=2.831330705051 eijMax=3.685E-03 rmsd=3.060E-01 s=[ 0 0 0 0 1 1 0 0 1 1 0 1 1 0 0 0 1 0 1 1 1 0 0 1 1 1 1 0 1 1 0 0 1 1 0 0 1 1 ]
d_25_21=2.833350907071 eijMax=3.896E-03 rmsd=3.273E-01 s=[ 0 0 0 0 1 1 0 0 1 1 0 1 1 0 0 0 1 0 1 1 1 0 0 1 1 1 1 0 1 1 0 0 1 1 0 0 1 1 ]
d_25_21=2.835371109091 eijMax=4.100E-03 rmsd=3.486E-01 s=[ 0 0 0 0 1 1 0 0 1 1 0 1 1 0 0 0 1 0 1 1 1 0 0 1 1 1 1 0 1 1 0 0 1 1 0 0 1 1 ]
d_25_21=2.837391311111 eijMax=4.300E-03 rmsd=3.699E-01 s=[ 0 0 0 0 1 1 0 0 1 1 0 1 1 0 0 0 1 0 1 1 1 0 0 1 1 1 1 0 1 1 0 0 1 1 0 0 1 1 ]
d_25_21=2.839411513131 eijMax=4.494E-03 rmsd=3.911E-01 s=[ 0 0 0 0 1 1 0 0 1 1 0 1 1 0 0 0 1 0 1 1 1 0 0 1 1 1 1 0 1 1 0 0 1 1 0 0 1 1 ]
d_25_21=2.841431715152 eijMax=4.682E-03 rmsd=4.124E-01 s=[ 0 0 0 0 1 1 0 0 1 1 0 1 1 0 0 0 1 0 1 1 1 0 0 1 1 1 1 0 1 1 0 0 1 1 0 0 1 1 ]
d_25_21=2.843451917172 eijMax=4.866E-03 rmsd=4.336E-01 s=[ 0 0 0 0 1 1 0 0 1 1 0 1 1 0 0 0 1 0 1 1 1 0 0 1 1 1 1 0 1 1 0 0 1 1 0 0 1 1 ]
d_25_21=2.845472119192 eijMax=5.045E-03 rmsd=4.548E-01 s=[ 0 0 0 0 1 1 0 0 1 1 0 1 1 0 0 0 1 0 1 1 1 0 0 1 1 1 1 0 1 1 0 0 1 1 0 0 1 1 ]
d_25_21=2.847492321212 eijMax=5.219E-03 rmsd=4.761E-01 s=[ 0 0 0 0 1 1 0 0 1 1 0 1 1 0 0 0 1 0 1 1 1 0 0 1 1 1 1 0 1 1 0 0 1 1 0 0 1 1 ]
d_25_21=2.849512523232 eijMax=5.388E-03 rmsd=4.973E-01 s=[ 0 0 0 0 1 1 0 0 1 1 0 1 1 0 0 0 1 0 1 1 1 0 0 1 1 1 1 0 1 1 0 0 1 1 0 0 1 1 ]
d_25_21=2.851532725253 eijMax=5.553E-03 rmsd=5.185E-01 s=[ 0 0 0 0 1 1 0 0 1 1 0 1 1 0 0 0 1 0 1 1 1 0 0 1 1 1 1 0 1 1 0 0 1 1 0 0 1 1 ]
d_25_21=2.853552927273 eijMax=5.713E-03 rmsd=5.398E-01 s=[ 0 0 0 0 1 1 0 0 1 1 0 1 1 0 0 0 1 0 1 1 1 0 0 1 1 1 1 0 1 1 0 0 1 1 0 0 1 1 ]
d_25_21=2.855573129293 eijMax=5.869E-03 rmsd=5.610E-01 s=[ 0 0 0 0 1 1 0 0 1 1 0 1 1 0 0 0 1 0 1 1 1 0 0 1 1 1 1 0 1 1 0 0 1 1 0 0 1 1 ]
d_25_21=2.857593331313 eijMax=6.021E-03 rmsd=5.822E-01 s=[ 0 0 0 0 1 1 0 0 1 1 0 1 1 0 0 0 1 0 1 1 1 0 0 1 1 1 1 0 1 1 0 0 1 1 0 0 1 1 ]
d_25_21=2.859613533333 eijMax=6.169E-03 rmsd=6.035E-01 s=[ 0 0 0 0 1 1 0 0 1 1 0 1 1 0 0 0 1 0 1 1 1 0 0 1 1 1 1 0 1 1 0 0 1 1 0 0 1 1 ]
d_25_21=2.861633735354 eijMax=6.312E-03 rmsd=6.247E-01 s=[ 0 0 0 0 1 1 0 0 1 1 0 1 1 0 0 0 1 0 1 1 1 0 0 1 1 1 1 0 1 1 0 0 1 1 0 0 1 1 ]
d_25_21=2.863653937374 eijMax=6.452E-03 rmsd=6.460E-01 s=[ 0 0 0 0 1 1 0 0 1 1 0 1 1 0 0 0 1 0 1 1 1 0 0 1 1 1 1 0 1 1 0 0 1 1 0 0 1 1 ]
d_25_21=2.865674139394 eijMax=6.588E-03 rmsd=6.673E-01 s=[ 0 0 0 0 1 1 0 0 1 1 0 1 1 0 0 0 1 0 1 1 1 0 0 1 1 1 1 0 1 1 0 0 1 1 0 0 1 1 ]
d_25_21=2.867694341414 eijMax=6.720E-03 rmsd=6.886E-01 s=[ 0 0 0 0 1 1 0 0 1 1 0 1 1 0 0 0 1 0 1 1 1 0 0 1 1 1 1 0 1 1 0 0 1 1 0 0 1 1 ]
d_25_21=2.869714543434 eijMax=6.849E-03 rmsd=7.099E-01 s=[ 0 0 0 0 1 1 0 0 1 1 0 1 1 0 0 0 1 0 1 1 1 0 0 1 1 1 1 0 1 1 0 0 1 1 0 0 1 1 ]
d_25_21=2.871734745455 eijMax=6.974E-03 rmsd=7.312E-01 s=[ 0 0 0 0 1 1 0 0 1 1 0 1 1 0 0 0 1 0 1 1 1 0 0 1 1 1 1 0 1 1 0 0 1 1 0 0 1 1 ]
d_25_21=2.873754947475 eijMax=7.096E-03 rmsd=7.525E-01 s=[ 0 0 0 0 1 1 0 0 1 1 0 1 1 0 0 0 1 0 1 1 1 0 0 1 1 1 1 0 1 1 0 0 1 1 0 0 1 1 ]
d_25_21=2.875775149495 eijMax=7.214E-03 rmsd=7.739E-01 s=[ 0 0 0 0 1 1 0 0 1 1 0 1 1 0 0 0 1 0 1 1 1 0 0 1 1 1 1 0 1 1 0 0 1 1 0 0 1 1 ]
d_25_21=2.877795351515 eijMax=7.330E-03 rmsd=7.953E-01 s=[ 0 0 0 0 1 1 0 0 1 1 0 1 1 0 0 0 1 0 1 1 1 0 0 1 1 1 1 0 1 1 0 0 1 1 0 0 1 1 ]
d_25_21=2.879815553535 eijMax=7.442E-03 rmsd=8.167E-01 s=[ 0 0 0 0 1 1 0 0 1 1 0 1 1 0 0 0 1 0 1 1 1 0 0 1 1 1 1 0 1 1 0 0 1 1 0 0 1 1 ]
d_25_21=2.881835755556 eijMax=7.551E-03 rmsd=8.381E-01 s=[ 0 0 0 0 1 1 0 0 1 1 0 1 1 0 0 0 1 0 1 1 1 0 0 1 1 1 1 0 1 1 0 0 1 1 0 0 1 1 ]
d_25_21=2.883855957576 eijMax=7.657E-03 rmsd=8.596E-01 s=[ 0 0 0 0 1 1 0 0 1 1 0 1 1 0 0 0 1 0 1 1 1 0 0 1 1 1 1 0 1 1 0 0 1 1 0 0 1 1 ]
d_25_21=2.885876159596 eijMax=7.760E-03 rmsd=8.811E-01 s=[ 0 0 0 0 1 1 0 0 1 1 0 1 1 0 0 0 1 0 1 1 1 0 0 1 1 1 1 0 1 1 0 0 1 1 0 0 1 1 ]
d_25_21=2.887896361616 eijMax=7.861E-03 rmsd=9.026E-01 s=[ 0 0 0 0 1 1 0 0 1 1 0 1 1 0 0 0 1 0 1 1 1 0 0 1 1 1 1 0 1 1 0 0 1 1 0 0 1 1 ]
d_25_21=2.889916563636 eijMax=7.959E-03 rmsd=9.242E-01 s=[ 0 0 0 0 1 1 0 0 1 1 0 1 1 0 0 0 1 0 1 1 1 0 0 1 1 1 1 0 1 1 0 0 1 1 0 0 1 1 ]
d_25_21=2.891936765657 eijMax=8.054E-03 rmsd=9.458E-01 s=[ 0 0 0 0 1 1 0 0 1 1 0 1 1 0 0 0 1 0 1 1 1 0 0 1 1 1 1 0 1 1 0 0 1 1 0 0 1 1 ]
d_25_21=2.893956967677 eijMax=8.147E-03 rmsd=9.674E-01 s=[ 0 0 0 0 1 1 0 0 1 1 0 1 1 0 0 0 1 0 1 1 1 0 0 1 1 1 1 0 1 1 0 0 1 1 0 0 1 1 ]
d_25_21=2.895977169697 eijMax=8.237E-03 rmsd=9.890E-01 s=[ 0 0 0 0 1 1 0 0 1 1 0 1 1 0 0 0 1 0 1 1 1 0 0 1 1 1 1 0 1 1 0 0 1 1 0 0 1 1 ]
d_25_21=2.897997371717 eijMax=8.325E-03 rmsd=1.011E+00 s=[ 0 0 0 0 1 1 0 0 1 1 0 1 1 0 0 0 1 0 1 1 1 0 0 1 1 1 1 0 1 1 0 0 1 1 0 0 1 1 ]
d_25_21=2.900017573737 eijMax=8.411E-03 rmsd=1.032E+00 s=[ 0 0 0 0 1 1 0 0 1 1 0 1 1 0 0 0 1 0 1 1 1 0 0 1 1 1 1 0 1 1 0 0 1 1 0 0 1 1 ]
d_25_21=2.902037775758 eijMax=8.495E-03 rmsd=1.054E+00 s=[ 0 0 0 0 1 1 0 0 1 1 0 1 1 0 0 0 1 0 1 1 1 0 0 1 1 1 1 0 1 1 0 0 1 1 0 0 1 1 ]
d_25_21=2.904057977778 eijMax=8.576E-03 rmsd=1.076E+00 s=[ 0 0 0 0 1 1 0 0 1 1 0 1 1 0 0 0 1 0 1 1 1 0 0 1 1 1 1 0 1 1 0 0 1 1 0 0 1 1 ]
d_25_21=2.906078179798 eijMax=8.656E-03 rmsd=1.098E+00 s=[ 0 0 0 0 1 1 0 0 1 1 0 1 1 0 0 0 1 0 1 1 1 0 0 1 1 1 1 0 1 1 0 0 1 1 0 0 1 1 ]
d_25_21=2.908098381818 eijMax=8.733E-03 rmsd=1.120E+00 s=[ 0 0 0 0 1 1 0 0 1 1 0 1 1 0 0 0 1 0 1 1 1 0 0 1 1 1 1 0 1 1 0 0 1 1 0 0 1 1 ]
d_25_21=2.910118583838 eijMax=8.809E-03 rmsd=1.142E+00 s=[ 0 0 0 0 1 1 0 0 1 1 0 1 1 0 0 0 1 0 1 1 1 0 0 1 1 1 1 0 1 1 0 0 1 1 0 0 1 1 ]
d_25_21=2.912138785859 eijMax=8.883E-03 rmsd=1.164E+00 s=[ 0 0 0 0 1 1 0 0 1 1 0 1 1 0 0 0 1 0 1 1 1 0 0 1 1 1 1 0 1 1 0 0 1 1 0 0 1 1 ]
d_25_21=2.914158987879 eijMax=8.956E-03 rmsd=1.186E+00 s=[ 0 0 0 0 1 1 0 0 1 1 0 1 1 0 0 0 1 0 1 1 1 0 0 1 1 1 1 0 1 1 0 0 1 1 0 0 1 1 ]
d_25_21=2.916179189899 eijMax=9.026E-03 rmsd=1.208E+00 s=[ 0 0 0 0 1 1 0 0 1 1 0 1 1 0 0 0 1 0 1 1 1 0 0 1 1 1 1 0 1 1 0 0 1 1 0 0 1 1 ]
d_25_21=2.918199391919 eijMax=9.096E-03 rmsd=1.230E+00 s=[ 0 0 0 0 1 1 0 0 1 1 0 1 1 0 0 0 1 0 1 1 1 0 0 1 1 1 1 0 1 1 0 0 1 1 0 0 1 1 ]
d_25_21=2.920219593939 eijMax=9.164E-03 rmsd=1.252E+00 s=[ 0 0 0 0 1 1 0 0 1 1 0 1 1 0 0 0 1 0 1 1 1 0 0 1 1 1 1 0 1 1 0 0 1 1 0 0 1 1 ]
d_25_21=2.920219593939 eijMax=9.115E-03 rmsd=2.852E+00 s=[ 0 0 0 0 1 1 0 0 1 1 0 1 1 0 0 0 1 0 1 1 1 0 0 1 1 1 1 0 1 1 1 1 0 0 1 1 0 0 ]
d_25_21=2.922239795960 eijMax=9.230E-03 rmsd=1.275E+00 s=[ 0 0 0 0 1 1 0 0 1 1 0 1 1 0 0 0 1 0 1 1 1 0 0 1 1 1 1 0 1 1 0 0 1 1 0 0 1 1 ]
d_25_21=2.922239795960 eijMax=8.183E-03 rmsd=2.863E+00 s=[ 0 0 0 0 1 1 0 0 1 1 0 1 1 0 0 0 1 0 1 1 1 0 0 1 1 1 1 0 1 1 1 1 0 0 1 1 0 0 ]
d_25_21=2.924259997980 eijMax=9.295E-03 rmsd=1.297E+00 s=[ 0 0 0 0 1 1 0 0 1 1 0 1 1 0 0 0 1 0 1 1 1 0 0 1 1 1 1 0 1 1 0 0 1 1 0 0 1 1 ]
d_25_21=2.924259997980 eijMax=7.252E-03 rmsd=2.873E+00 s=[ 0 0 0 0 1 1 0 0 1 1 0 1 1 0 0 0 1 0 1 1 1 0 0 1 1 1 1 0 1 1 1 1 0 0 1 1 0 0 ]
d_25_21=2.926280200000 eijMax=9.359E-03 rmsd=1.319E+00 s=[ 0 0 0 0 1 1 0 0 1 1 0 1 1 0 0 0 1 0 1 1 1 0 0 1 1 1 1 0 1 1 0 0 1 1 0 0 1 1 ]
d_25_21=2.926280200000 eijMax=6.322E-03 rmsd=2.884E+00 s=[ 0 0 0 0 1 1 0 0 1 1 0 1 1 0 0 0 1 0 1 1 1 0 0 1 1 1 1 0 1 1 1 1 0 0 1 1 0 0 ]
d_25_21=2.756583230303 eijMax=9.845E-03 rmsd=5.189E-01 s=[ 0 0 0 1 0 0 1 1 0 0 1 0 0 1 1 1 0 1 0 0 0 1 1 0 0 0 0 1 0 0 1 1 0 0 1 1 0 0 ]
d_25_21=2.758603432323 eijMax=9.267E-03 rmsd=4.949E-01 s=[ 0 0 0 1 0 0 1 1 0 0 1 0 0 1 1 1 0 1 0 0 0 1 1 0 0 0 0 1 0 0 1 1 0 0 1 1 0 0 ]
d_25_21=2.760623634343 eijMax=8.706E-03 rmsd=4.710E-01 s=[ 0 0 0 1 0 0 1 1 0 0 1 0 0 1 1 1 0 1 0 0 0 1 1 0 0 0 0 1 0 0 1 1 0 0 1 1 0 0 ]
d_25_21=2.762643836364 eijMax=8.161E-03 rmsd=4.473E-01 s=[ 0 0 0 1 0 0 1 1 0 0 1 0 0 1 1 1 0 1 0 0 0 1 1 0 0 0 0 1 0 0 1 1 0 0 1 1 0 0 ]
d_25_21=2.764664038384 eijMax=7.632E-03 rmsd=4.238E-01 s=[ 0 0 0 1 0 0 1 1 0 0 1 0 0 1 1 1 0 1 0 0 0 1 1 0 0 0 0 1 0 0 1 1 0 0 1 1 0 0 ]
d_25_21=2.766684240404 eijMax=7.118E-03 rmsd=4.003E-01 s=[ 0 0 0 1 0 0 1 1 0 0 1 0 0 1 1 1 0 1 0 0 0 1 1 0 0 0 0 1 0 0 1 1 0 0 1 1 0 0 ]
d_25_21=2.768704442424 eijMax=6.618E-03 rmsd=3.770E-01 s=[ 0 0 0 1 0 0 1 1 0 0 1 0 0 1 1 1 0 1 0 0 0 1 1 0 0 0 0 1 0 0 1 1 0 0 1 1 0 0 ]
d_25_21=2.770724644444 eijMax=6.133E-03 rmsd=3.538E-01 s=[ 0 0 0 1 0 0 1 1 0 0 1 0 0 1 1 1 0 1 0 0 0 1 1 0 0 0 0 1 0 0 1 1 0 0 1 1 0 0 ]
d_25_21=2.772744846465 eijMax=5.660E-03 rmsd=3.307E-01 s=[ 0 0 0 1 0 0 1 1 0 0 1 0 0 1 1 1 0 1 0 0 0 1 1 0 0 0 0 1 0 0 1 1 0 0 1 1 0 0 ]
d_25_21=2.774765048485 eijMax=5.201E-03 rmsd=3.078E-01 s=[ 0 0 0 1 0 0 1 1 0 0 1 0 0 1 1 1 0 1 0 0 0 1 1 0 0 0 0 1 0 0 1 1 0 0 1 1 0 0 ]
d_25_21=2.776785250505 eijMax=4.755E-03 rmsd=2.849E-01 s=[ 0 0 0 1 0 0 1 1 0 0 1 0 0 1 1 1 0 1 0 0 0 1 1 0 0 0 0 1 0 0 1 1 0 0 1 1 0 0 ]
d_25_21=2.778805452525 eijMax=4.320E-03 rmsd=2.621E-01 s=[ 0 0 0 1 0 0 1 1 0 0 1 0 0 1 1 1 0 1 0 0 0 1 1 0 0 0 0 1 0 0 1 1 0 0 1 1 0 0 ]
d_25_21=2.780825654545 eijMax=3.898E-03 rmsd=2.395E-01 s=[ 0 0 0 1 0 0 1 1 0 0 1 0 0 1 1 1 0 1 0 0 0 1 1 0 0 0 0 1 0 0 1 1 0 0 1 1 0 0 ]
d_25_21=2.782845856566 eijMax=3.487E-03 rmsd=2.169E-01 s=[ 0 0 0 1 0 0 1 1 0 0 1 0 0 1 1 1 0 1 0 0 0 1 1 0 0 0 0 1 0 0 1 1 0 0 1 1 0 0 ]
d_25_21=2.784866058586 eijMax=3.087E-03 rmsd=1.944E-01 s=[ 0 0 0 1 0 0 1 1 0 0 1 0 0 1 1 1 0 1 0 0 0 1 1 0 0 0 0 1 0 0 1 1 0 0 1 1 0 0 ]
d_25_21=2.786886260606 eijMax=2.697E-03 rmsd=1.720E-01 s=[ 0 0 0 1 0 0 1 1 0 0 1 0 0 1 1 1 0 1 0 0 0 1 1 0 0 0 0 1 0 0 1 1 0 0 1 1 0 0 ]
d_25_21=2.788906462626 eijMax=2.319E-03 rmsd=1.497E-01 s=[ 0 0 0 1 0 0 1 1 0 0 1 0 0 1 1 1 0 1 0 0 0 1 1 0 0 0 0 1 0 0 1 1 0 0 1 1 0 0 ]
d_25_21=2.790926664646 eijMax=1.950E-03 rmsd=1.274E-01 s=[ 0 0 0 1 0 0 1 1 0 0 1 0 0 1 1 1 0 1 0 0 0 1 1 0 0 0 0 1 0 0 1 1 0 0 1 1 0 0 ]
d_25_21=2.792946866667 eijMax=1.591E-03 rmsd=1.053E-01 s=[ 0 0 0 1 0 0 1 1 0 0 1 0 0 1 1 1 0 1 0 0 0 1 1 0 0 0 0 1 0 0 1 1 0 0 1 1 0 0 ]
d_25_21=2.794967068687 eijMax=1.242E-03 rmsd=8.316E-02 s=[ 0 0 0 1 0 0 1 1 0 0 1 0 0 1 1 1 0 1 0 0 0 1 1 0 0 0 0 1 0 0 1 1 0 0 1 1 0 0 ]
d_25_21=2.796987270707 eijMax=9.014E-04 rmsd=6.114E-02 s=[ 0 0 0 1 0 0 1 1 0 0 1 0 0 1 1 1 0 1 0 0 0 1 1 0 0 0 0 1 0 0 1 1 0 0 1 1 0 0 ]
d_25_21=2.799007472727 eijMax=5.702E-04 rmsd=3.918E-02 s=[ 0 0 0 1 0 0 1 1 0 0 1 0 0 1 1 1 0 1 0 0 0 1 1 0 0 0 0 1 0 0 1 1 0 0 1 1 0 0 ]
d_25_21=2.801027674747 eijMax=2.478E-04 rmsd=1.733E-02 s=[ 0 0 0 1 0 0 1 1 0 0 1 0 0 1 1 1 0 1 0 0 0 1 1 0 0 0 0 1 0 0 1 1 0 0 1 1 0 0 ]
d_25_21=2.803047876768 eijMax=1.205E-04 rmsd=4.956E-03 s=[ 0 0 0 1 0 0 1 1 0 0 1 0 0 1 1 1 0 1 0 0 0 1 1 0 0 0 0 1 0 0 1 1 0 0 1 1 0 0 ]
d_25_21=2.805068078788 eijMax=3.718E-04 rmsd=2.647E-02 s=[ 0 0 0 1 0 0 1 1 0 0 1 0 0 1 1 1 0 1 0 0 0 1 1 0 0 0 0 1 0 0 1 1 0 0 1 1 0 0 ]
d_25_21=2.807088280808 eijMax=6.694E-04 rmsd=4.819E-02 s=[ 0 0 0 1 0 0 1 1 0 0 1 0 0 1 1 1 0 1 0 0 0 1 1 0 0 0 0 1 0 0 1 1 0 0 1 1 0 0 ]
d_25_21=2.809108482828 eijMax=9.592E-04 rmsd=6.987E-02 s=[ 0 0 0 1 0 0 1 1 0 0 1 0 0 1 1 1 0 1 0 0 0 1 1 0 0 0 0 1 0 0 1 1 0 0 1 1 0 0 ]
d_25_21=2.811128684848 eijMax=1.241E-03 rmsd=9.151E-02 s=[ 0 0 0 1 0 0 1 1 0 0 1 0 0 1 1 1 0 1 0 0 0 1 1 0 0 0 0 1 0 0 1 1 0 0 1 1 0 0 ]
d_25_21=2.813148886869 eijMax=1.516E-03 rmsd=1.131E-01 s=[ 0 0 0 1 0 0 1 1 0 0 1 0 0 1 1 1 0 1 0 0 0 1 1 0 0 0 0 1 0 0 1 1 0 0 1 1 0 0 ]
d_25_21=2.815169088889 eijMax=1.784E-03 rmsd=1.347E-01 s=[ 0 0 0 1 0 0 1 1 0 0 1 0 0 1 1 1 0 1 0 0 0 1 1 0 0 0 0 1 0 0 1 1 0 0 1 1 0 0 ]
d_25_21=2.817189290909 eijMax=2.044E-03 rmsd=1.562E-01 s=[ 0 0 0 1 0 0 1 1 0 0 1 0 0 1 1 1 0 1 0 0 0 1 1 0 0 0 0 1 0 0 1 1 0 0 1 1 0 0 ]
d_25_21=2.819209492929 eijMax=2.298E-03 rmsd=1.777E-01 s=[ 0 0 0 1 0 0 1 1 0 0 1 0 0 1 1 1 0 1 0 0 0 1 1 0 0 0 0 1 0 0 1 1 0 0 1 1 0 0 ]
d_25_21=2.821229694949 eijMax=2.545E-03 rmsd=1.991E-01 s=[ 0 0 0 1 0 0 1 1 0 0 1 0 0 1 1 1 0 1 0 0 0 1 1 0 0 0 0 1 0 0 1 1 0 0 1 1 0 0 ]
d_25_21=2.823249896970 eijMax=2.785E-03 rmsd=2.206E-01 s=[ 0 0 0 1 0 0 1 1 0 0 1 0 0 1 1 1 0 1 0 0 0 1 1 0 0 0 0 1 0 0 1 1 0 0 1 1 0 0 ]
d_25_21=2.825270098990 eijMax=3.019E-03 rmsd=2.420E-01 s=[ 0 0 0 1 0 0 1 1 0 0 1 0 0 1 1 1 0 1 0 0 0 1 1 0 0 0 0 1 0 0 1 1 0 0 1 1 0 0 ]
d_25_21=2.827290301010 eijMax=3.247E-03 rmsd=2.633E-01 s=[ 0 0 0 1 0 0 1 1 0 0 1 0 0 1 1 1 0 1 0 0 0 1 1 0 0 0 0 1 0 0 1 1 0 0 1 1 0 0 ]
d_25_21=2.829310503030 eijMax=3.469E-03 rmsd=2.847E-01 s=[ 0 0 0 1 0 0 1 1 0 0 1 0 0 1 1 1 0 1 0 0 0 1 1 0 0 0 0 1 0 0 1 1 0 0 1 1 0 0 ]
d_25_21=2.831330705051 eijMax=3.685E-03 rmsd=3.060E-01 s=[ 0 0 0 1 0 0 1 1 0 0 1 0 0 1 1 1 0 1 0 0 0 1 1 0 0 0 0 1 0 0 1 1 0 0 1 1 0 0 ]
d_25_21=2.833350907071 eijMax=3.896E-03 rmsd=3.273E-01 s=[ 0 0 0 1 0 0 1 1 0 0 1 0 0 1 1 1 0 1 0 0 0 1 1 0 0 0 0 1 0 0 1 1 0 0 1 1 0 0 ]
d_25_21=2.835371109091 eijMax=4.100E-03 rmsd=3.486E-01 s=[ 0 0 0 1 0 0 1 1 0 0 1 0 0 1 1 1 0 1 0 0 0 1 1 0 0 0 0 1 0 0 1 1 0 0 1 1 0 0 ]
d_25_21=2.837391311111 eijMax=4.300E-03 rmsd=3.699E-01 s=[ 0 0 0 1 0 0 1 1 0 0 1 0 0 1 1 1 0 1 0 0 0 1 1 0 0 0 0 1 0 0 1 1 0 0 1 1 0 0 ]
d_25_21=2.839411513131 eijMax=4.494E-03 rmsd=3.911E-01 s=[ 0 0 0 1 0 0 1 1 0 0 1 0 0 1 1 1 0 1 0 0 0 1 1 0 0 0 0 1 0 0 1 1 0 0 1 1 0 0 ]
d_25_21=2.841431715152 eijMax=4.682E-03 rmsd=4.124E-01 s=[ 0 0 0 1 0 0 1 1 0 0 1 0 0 1 1 1 0 1 0 0 0 1 1 0 0 0 0 1 0 0 1 1 0 0 1 1 0 0 ]
d_25_21=2.843451917172 eijMax=4.866E-03 rmsd=4.336E-01 s=[ 0 0 0 1 0 0 1 1 0 0 1 0 0 1 1 1 0 1 0 0 0 1 1 0 0 0 0 1 0 0 1 1 0 0 1 1 0 0 ]
d_25_21=2.845472119192 eijMax=5.045E-03 rmsd=4.548E-01 s=[ 0 0 0 1 0 0 1 1 0 0 1 0 0 1 1 1 0 1 0 0 0 1 1 0 0 0 0 1 0 0 1 1 0 0 1 1 0 0 ]
d_25_21=2.847492321212 eijMax=5.219E-03 rmsd=4.761E-01 s=[ 0 0 0 1 0 0 1 1 0 0 1 0 0 1 1 1 0 1 0 0 0 1 1 0 0 0 0 1 0 0 1 1 0 0 1 1 0 0 ]
d_25_21=2.849512523232 eijMax=5.388E-03 rmsd=4.973E-01 s=[ 0 0 0 1 0 0 1 1 0 0 1 0 0 1 1 1 0 1 0 0 0 1 1 0 0 0 0 1 0 0 1 1 0 0 1 1 0 0 ]
d_25_21=2.851532725253 eijMax=5.553E-03 rmsd=5.185E-01 s=[ 0 0 0 1 0 0 1 1 0 0 1 0 0 1 1 1 0 1 0 0 0 1 1 0 0 0 0 1 0 0 1 1 0 0 1 1 0 0 ]
d_25_21=2.853552927273 eijMax=5.713E-03 rmsd=5.398E-01 s=[ 0 0 0 1 0 0 1 1 0 0 1 0 0 1 1 1 0 1 0 0 0 1 1 0 0 0 0 1 0 0 1 1 0 0 1 1 0 0 ]
d_25_21=2.855573129293 eijMax=5.869E-03 rmsd=5.610E-01 s=[ 0 0 0 1 0 0 1 1 0 0 1 0 0 1 1 1 0 1 0 0 0 1 1 0 0 0 0 1 0 0 1 1 0 0 1 1 0 0 ]
d_25_21=2.857593331313 eijMax=6.021E-03 rmsd=5.822E-01 s=[ 0 0 0 1 0 0 1 1 0 0 1 0 0 1 1 1 0 1 0 0 0 1 1 0 0 0 0 1 0 0 1 1 0 0 1 1 0 0 ]
d_25_21=2.859613533333 eijMax=6.169E-03 rmsd=6.035E-01 s=[ 0 0 0 1 0 0 1 1 0 0 1 0 0 1 1 1 0 1 0 0 0 1 1 0 0 0 0 1 0 0 1 1 0 0 1 1 0 0 ]
d_25_21=2.861633735354 eijMax=6.312E-03 rmsd=6.247E-01 s=[ 0 0 0 1 0 0 1 1 0 0 1 0 0 1 1 1 0 1 0 0 0 1 1 0 0 0 0 1 0 0 1 1 0 0 1 1 0 0 ]
d_25_21=2.863653937374 eijMax=6.452E-03 rmsd=6.460E-01 s=[ 0 0 0 1 0 0 1 1 0 0 1 0 0 1 1 1 0 1 0 0 0 1 1 0 0 0 0 1 0 0 1 1 0 0 1 1 0 0 ]
d_25_21=2.865674139394 eijMax=6.588E-03 rmsd=6.673E-01 s=[ 0 0 0 1 0 0 1 1 0 0 1 0 0 1 1 1 0 1 0 0 0 1 1 0 0 0 0 1 0 0 1 1 0 0 1 1 0 0 ]
d_25_21=2.867694341414 eijMax=6.720E-03 rmsd=6.886E-01 s=[ 0 0 0 1 0 0 1 1 0 0 1 0 0 1 1 1 0 1 0 0 0 1 1 0 0 0 0 1 0 0 1 1 0 0 1 1 0 0 ]
d_25_21=2.869714543434 eijMax=6.849E-03 rmsd=7.099E-01 s=[ 0 0 0 1 0 0 1 1 0 0 1 0 0 1 1 1 0 1 0 0 0 1 1 0 0 0 0 1 0 0 1 1 0 0 1 1 0 0 ]
d_25_21=2.871734745455 eijMax=6.974E-03 rmsd=7.312E-01 s=[ 0 0 0 1 0 0 1 1 0 0 1 0 0 1 1 1 0 1 0 0 0 1 1 0 0 0 0 1 0 0 1 1 0 0 1 1 0 0 ]
d_25_21=2.873754947475 eijMax=7.096E-03 rmsd=7.525E-01 s=[ 0 0 0 1 0 0 1 1 0 0 1 0 0 1 1 1 0 1 0 0 0 1 1 0 0 0 0 1 0 0 1 1 0 0 1 1 0 0 ]
d_25_21=2.875775149495 eijMax=7.214E-03 rmsd=7.739E-01 s=[ 0 0 0 1 0 0 1 1 0 0 1 0 0 1 1 1 0 1 0 0 0 1 1 0 0 0 0 1 0 0 1 1 0 0 1 1 0 0 ]
d_25_21=2.877795351515 eijMax=7.330E-03 rmsd=7.953E-01 s=[ 0 0 0 1 0 0 1 1 0 0 1 0 0 1 1 1 0 1 0 0 0 1 1 0 0 0 0 1 0 0 1 1 0 0 1 1 0 0 ]
d_25_21=2.879815553535 eijMax=7.442E-03 rmsd=8.167E-01 s=[ 0 0 0 1 0 0 1 1 0 0 1 0 0 1 1 1 0 1 0 0 0 1 1 0 0 0 0 1 0 0 1 1 0 0 1 1 0 0 ]
d_25_21=2.881835755556 eijMax=7.551E-03 rmsd=8.381E-01 s=[ 0 0 0 1 0 0 1 1 0 0 1 0 0 1 1 1 0 1 0 0 0 1 1 0 0 0 0 1 0 0 1 1 0 0 1 1 0 0 ]
d_25_21=2.883855957576 eijMax=7.657E-03 rmsd=8.596E-01 s=[ 0 0 0 1 0 0 1 1 0 0 1 0 0 1 1 1 0 1 0 0 0 1 1 0 0 0 0 1 0 0 1 1 0 0 1 1 0 0 ]
d_25_21=2.885876159596 eijMax=7.760E-03 rmsd=8.811E-01 s=[ 0 0 0 1 0 0 1 1 0 0 1 0 0 1 1 1 0 1 0 0 0 1 1 0 0 0 0 1 0 0 1 1 0 0 1 1 0 0 ]
d_25_21=2.887896361616 eijMax=7.861E-03 rmsd=9.026E-01 s=[ 0 0 0 1 0 0 1 1 0 0 1 0 0 1 1 1 0 1 0 0 0 1 1 0 0 0 0 1 0 0 1 1 0 0 1 1 0 0 ]
d_25_21=2.889916563636 eijMax=7.959E-03 rmsd=9.242E-01 s=[ 0 0 0 1 0 0 1 1 0 0 1 0 0 1 1 1 0 1 0 0 0 1 1 0 0 0 0 1 0 0 1 1 0 0 1 1 0 0 ]
d_25_21=2.891936765657 eijMax=8.054E-03 rmsd=9.458E-01 s=[ 0 0 0 1 0 0 1 1 0 0 1 0 0 1 1 1 0 1 0 0 0 1 1 0 0 0 0 1 0 0 1 1 0 0 1 1 0 0 ]
d_25_21=2.893956967677 eijMax=8.147E-03 rmsd=9.674E-01 s=[ 0 0 0 1 0 0 1 1 0 0 1 0 0 1 1 1 0 1 0 0 0 1 1 0 0 0 0 1 0 0 1 1 0 0 1 1 0 0 ]
d_25_21=2.895977169697 eijMax=8.237E-03 rmsd=9.890E-01 s=[ 0 0 0 1 0 0 1 1 0 0 1 0 0 1 1 1 0 1 0 0 0 1 1 0 0 0 0 1 0 0 1 1 0 0 1 1 0 0 ]
d_25_21=2.897997371717 eijMax=8.325E-03 rmsd=1.011E+00 s=[ 0 0 0 1 0 0 1 1 0 0 1 0 0 1 1 1 0 1 0 0 0 1 1 0 0 0 0 1 0 0 1 1 0 0 1 1 0 0 ]
d_25_21=2.900017573737 eijMax=8.411E-03 rmsd=1.032E+00 s=[ 0 0 0 1 0 0 1 1 0 0 1 0 0 1 1 1 0 1 0 0 0 1 1 0 0 0 0 1 0 0 1 1 0 0 1 1 0 0 ]
d_25_21=2.902037775758 eijMax=8.495E-03 rmsd=1.054E+00 s=[ 0 0 0 1 0 0 1 1 0 0 1 0 0 1 1 1 0 1 0 0 0 1 1 0 0 0 0 1 0 0 1 1 0 0 1 1 0 0 ]
d_25_21=2.904057977778 eijMax=8.576E-03 rmsd=1.076E+00 s=[ 0 0 0 1 0 0 1 1 0 0 1 0 0 1 1 1 0 1 0 0 0 1 1 0 0 0 0 1 0 0 1 1 0 0 1 1 0 0 ]
d_25_21=2.906078179798 eijMax=8.656E-03 rmsd=1.098E+00 s=[ 0 0 0 1 0 0 1 1 0 0 1 0 0 1 1 1 0 1 0 0 0 1 1 0 0 0 0 1 0 0 1 1 0 0 1 1 0 0 ]
d_25_21=2.908098381818 eijMax=8.733E-03 rmsd=1.120E+00 s=[ 0 0 0 1 0 0 1 1 0 0 1 0 0 1 1 1 0 1 0 0 0 1 1 0 0 0 0 1 0 0 1 1 0 0 1 1 0 0 ]
d_25_21=2.910118583838 eijMax=8.809E-03 rmsd=1.142E+00 s=[ 0 0 0 1 0 0 1 1 0 0 1 0 0 1 1 1 0 1 0 0 0 1 1 0 0 0 0 1 0 0 1 1 0 0 1 1 0 0 ]
d_25_21=2.912138785859 eijMax=8.883E-03 rmsd=1.164E+00 s=[ 0 0 0 1 0 0 1 1 0 0 1 0 0 1 1 1 0 1 0 0 0 1 1 0 0 0 0 1 0 0 1 1 0 0 1 1 0 0 ]
d_25_21=2.914158987879 eijMax=8.956E-03 rmsd=1.186E+00 s=[ 0 0 0 1 0 0 1 1 0 0 1 0 0 1 1 1 0 1 0 0 0 1 1 0 0 0 0 1 0 0 1 1 0 0 1 1 0 0 ]
d_25_21=2.916179189899 eijMax=9.026E-03 rmsd=1.208E+00 s=[ 0 0 0 1 0 0 1 1 0 0 1 0 0 1 1 1 0 1 0 0 0 1 1 0 0 0 0 1 0 0 1 1 0 0 1 1 0 0 ]
d_25_21=2.918199391919 eijMax=9.096E-03 rmsd=1.230E+00 s=[ 0 0 0 1 0 0 1 1 0 0 1 0 0 1 1 1 0 1 0 0 0 1 1 0 0 0 0 1 0 0 1 1 0 0 1 1 0 0 ]
d_25_21=2.920219593939 eijMax=9.115E-03 rmsd=2.852E+00 s=[ 0 0 0 1 0 0 1 1 0 0 1 0 0 1 1 1 0 1 0 0 0 1 1 0 0 0 0 1 0 0 0 0 1 1 0 0 1 1 ]
d_25_21=2.920219593939 eijMax=9.164E-03 rmsd=1.252E+00 s=[ 0 0 0 1 0 0 1 1 0 0 1 0 0 1 1 1 0 1 0 0 0 1 1 0 0 0 0 1 0 0 1 1 0 0 1 1 0 0 ]
d_25_21=2.922239795960 eijMax=8.183E-03 rmsd=2.863E+00 s=[ 0 0 0 1 0 0 1 1 0 0 1 0 0 1 1 1 0 1 0 0 0 1 1 0 0 0 0 1 0 0 0 0 1 1 0 0 1 1 ]
d_25_21=2.922239795960 eijMax=9.230E-03 rmsd=1.275E+00 s=[ 0 0 0 1 0 0 1 1 0 0 1 0 0 1 1 1 0 1 0 0 0 1 1 0 0 0 0 1 0 0 1 1 0 0 1 1 0 0 ]
d_25_21=2.924259997980 eijMax=7.252E-03 rmsd=2.873E+00 s=[ 0 0 0 1 0 0 1 1 0 0 1 0 0 1 1 1 0 1 0 0 0 1 1 0 0 0 0 1 0 0 0 0 1 1 0 0 1 1 ]
d_25_21=2.924259997980 eijMax=9.295E-03 rmsd=1.297E+00 s=[ 0 0 0 1 0 0 1 1 0 0 1 0 0 1 1 1 0 1 0 0 0 1 1 0 0 0 0 1 0 0 1 1 0 0 1 1 0 0 ]
d_25_21=2.926280200000 eijMax=6.322E-03 rmsd=2.884E+00 s=[ 0 0 0 1 0 0 1 1 0 0 1 0 0 1 1 1 0 1 0 0 0 1 1 0 0 0 0 1 0 0 0 0 1 1 0 0 1 1 ]
d_25_21=2.926280200000 eijMax=9.359E-03 rmsd=1.319E+00 s=[ 0 0 0 1 0 0 1 1 0 0 1 0 0 1 1 1 0 1 0 0 0 1 1 0 0 0 0 1 0 0 1 1 0 0 1 1 0 0 ]
d_25_21=2.758603432323 eijMax=9.565E-03 rmsd=5.072E-01 s=[ 0 0 0 1 0 0 1 1 0 0 1 0 0 1 1 1 0 1 0 1 0 1 1 0 0 0 0 1 0 0 1 1 0 0 1 1 0 0 ]
d_25_21=2.760623634343 eijMax=8.996E-03 rmsd=4.833E-01 s=[ 0 0 0 1 0 0 1 1 0 0 1 0 0 1 1 1 0 1 0 1 0 1 1 0 0 0 0 1 0 0 1 1 0 0 1 1 0 0 ]
d_25_21=2.762643836364 eijMax=8.443E-03 rmsd=4.596E-01 s=[ 0 0 0 1 0 0 1 1 0 0 1 0 0 1 1 1 0 1 0 1 0 1 1 0 0 0 0 1 0 0 1 1 0 0 1 1 0 0 ]
d_25_21=2.764664038384 eijMax=7.906E-03 rmsd=4.359E-01 s=[ 0 0 0 1 0 0 1 1 0 0 1 0 0 1 1 1 0 1 0 1 0 1 1 0 0 0 0 1 0 0 1 1 0 0 1 1 0 0 ]
d_25_21=2.766684240404 eijMax=7.384E-03 rmsd=4.124E-01 s=[ 0 0 0 1 0 0 1 1 0 0 1 0 0 1 1 1 0 1 0 1 0 1 1 0 0 0 0 1 0 0 1 1 0 0 1 1 0 0 ]
d_25_21=2.768704442424 eijMax=6.877E-03 rmsd=3.890E-01 s=[ 0 0 0 1 0 0 1 1 0 0 1 0 0 1 1 1 0 1 0 1 0 1 1 0 0 0 0 1 0 0 1 1 0 0 1 1 0 0 ]
d_25_21=2.770724644444 eijMax=6.384E-03 rmsd=3.658E-01 s=[ 0 0 0 1 0 0 1 1 0 0 1 0 0 1 1 1 0 1 0 1 0 1 1 0 0 0 0 1 0 0 1 1 0 0 1 1 0 0 ]
d_25_21=2.772744846465 eijMax=5.905E-03 rmsd=3.427E-01 s=[ 0 0 0 1 0 0 1 1 0 0 1 0 0 1 1 1 0 1 0 1 0 1 1 0 0 0 0 1 0 0 1 1 0 0 1 1 0 0 ]
d_25_21=2.774765048485 eijMax=5.439E-03 rmsd=3.196E-01 s=[ 0 0 0 1 0 0 1 1 0 0 1 0 0 1 1 1 0 1 0 1 0 1 1 0 0 0 0 1 0 0 1 1 0 0 1 1 0 0 ]
d_25_21=2.776785250505 eijMax=4.986E-03 rmsd=2.967E-01 s=[ 0 0 0 1 0 0 1 1 0 0 1 0 0 1 1 1 0 1 0 1 0 1 1 0 0 0 0 1 0 0 1 1 0 0 1 1 0 0 ]
d_25_21=2.778805452525 eijMax=4.546E-03 rmsd=2.739E-01 s=[ 0 0 0 1 0 0 1 1 0 0 1 0 0 1 1 1 0 1 0 1 0 1 1 0 0 0 0 1 0 0 1 1 0 0 1 1 0 0 ]
d_25_21=2.780825654545 eijMax=4.117E-03 rmsd=2.512E-01 s=[ 0 0 0 1 0 0 1 1 0 0 1 0 0 1 1 1 0 1 0 1 0 1 1 0 0 0 0 1 0 0 1 1 0 0 1 1 0 0 ]
d_25_21=2.782845856566 eijMax=3.700E-03 rmsd=2.286E-01 s=[ 0 0 0 1 0 0 1 1 0 0 1 0 0 1 1 1 0 1 0 1 0 1 1 0 0 0 0 1 0 0 1 1 0 0 1 1 0 0 ]
d_25_21=2.784866058586 eijMax=3.295E-03 rmsd=2.060E-01 s=[ 0 0 0 1 0 0 1 1 0 0 1 0 0 1 1 1 0 1 0 1 0 1 1 0 0 0 0 1 0 0 1 1 0 0 1 1 0 0 ]
d_25_21=2.786886260606 eijMax=2.900E-03 rmsd=1.836E-01 s=[ 0 0 0 1 0 0 1 1 0 0 1 0 0 1 1 1 0 1 0 1 0 1 1 0 0 0 0 1 0 0 1 1 0 0 1 1 0 0 ]
d_25_21=2.788906462626 eijMax=2.516E-03 rmsd=1.612E-01 s=[ 0 0 0 1 0 0 1 1 0 0 1 0 0 1 1 1 0 1 0 1 0 1 1 0 0 0 0 1 0 0 1 1 0 0 1 1 0 0 ]
d_25_21=2.790926664646 eijMax=2.142E-03 rmsd=1.390E-01 s=[ 0 0 0 1 0 0 1 1 0 0 1 0 0 1 1 1 0 1 0 1 0 1 1 0 0 0 0 1 0 0 1 1 0 0 1 1 0 0 ]
d_25_21=2.792946866667 eijMax=1.778E-03 rmsd=1.168E-01 s=[ 0 0 0 1 0 0 1 1 0 0 1 0 0 1 1 1 0 1 0 1 0 1 1 0 0 0 0 1 0 0 1 1 0 0 1 1 0 0 ]
d_25_21=2.794967068687 eijMax=1.423E-03 rmsd=9.462E-02 s=[ 0 0 0 1 0 0 1 1 0 0 1 0 0 1 1 1 0 1 0 1 0 1 1 0 0 0 0 1 0 0 1 1 0 0 1 1 0 0 ]
d_25_21=2.796987270707 eijMax=1.079E-03 rmsd=7.256E-02 s=[ 0 0 0 1 0 0 1 1 0 0 1 0 0 1 1 1 0 1 0 1 0 1 1 0 0 0 0 1 0 0 1 1 0 0 1 1 0 0 ]
d_25_21=2.799007472727 eijMax=7.427E-04 rmsd=5.057E-02 s=[ 0 0 0 1 0 0 1 1 0 0 1 0 0 1 1 1 0 1 0 1 0 1 1 0 0 0 0 1 0 0 1 1 0 0 1 1 0 0 ]
d_25_21=2.801027674747 eijMax=4.158E-04 rmsd=2.866E-02 s=[ 0 0 0 1 0 0 1 1 0 0 1 0 0 1 1 1 0 1 0 1 0 1 1 0 0 0 0 1 0 0 1 1 0 0 1 1 0 0 ]
d_25_21=2.803047876768 eijMax=1.192E-04 rmsd=6.968E-03 s=[ 0 0 0 1 0 0 1 1 0 0 1 0 0 1 1 1 0 1 0 1 0 1 1 0 0 0 0 1 0 0 1 1 0 0 1 1 0 0 ]
d_25_21=2.805068078788 eijMax=2.124E-04 rmsd=1.520E-02 s=[ 0 0 0 1 0 0 1 1 0 0 1 0 0 1 1 1 0 1 0 1 0 1 1 0 0 0 0 1 0 0 1 1 0 0 1 1 0 0 ]
d_25_21=2.807088280808 eijMax=5.142E-04 rmsd=3.690E-02 s=[ 0 0 0 1 0 0 1 1 0 0 1 0 0 1 1 1 0 1 0 1 0 1 1 0 0 0 0 1 0 0 1 1 0 0 1 1 0 0 ]
d_25_21=2.809108482828 eijMax=8.080E-04 rmsd=5.860E-02 s=[ 0 0 0 1 0 0 1 1 0 0 1 0 0 1 1 1 0 1 0 1 0 1 1 0 0 0 0 1 0 0 1 1 0 0 1 1 0 0 ]
d_25_21=2.811128684848 eijMax=1.094E-03 rmsd=8.026E-02 s=[ 0 0 0 1 0 0 1 1 0 0 1 0 0 1 1 1 0 1 0 1 0 1 1 0 0 0 0 1 0 0 1 1 0 0 1 1 0 0 ]
d_25_21=2.813148886869 eijMax=1.373E-03 rmsd=1.019E-01 s=[ 0 0 0 1 0 0 1 1 0 0 1 0 0 1 1 1 0 1 0 1 0 1 1 0 0 0 0 1 0 0 1 1 0 0 1 1 0 0 ]
d_25_21=2.815169088889 eijMax=1.644E-03 rmsd=1.235E-01 s=[ 0 0 0 1 0 0 1 1 0 0 1 0 0 1 1 1 0 1 0 1 0 1 1 0 0 0 0 1 0 0 1 1 0 0 1 1 0 0 ]
d_25_21=2.817189290909 eijMax=1.908E-03 rmsd=1.450E-01 s=[ 0 0 0 1 0 0 1 1 0 0 1 0 0 1 1 1 0 1 0 1 0 1 1 0 0 0 0 1 0 0 1 1 0 0 1 1 0 0 ]
d_25_21=2.819209492929 eijMax=2.165E-03 rmsd=1.665E-01 s=[ 0 0 0 1 0 0 1 1 0 0 1 0 0 1 1 1 0 1 0 1 0 1 1 0 0 0 0 1 0 0 1 1 0 0 1 1 0 0 ]
d_25_21=2.821229694949 eijMax=2.416E-03 rmsd=1.880E-01 s=[ 0 0 0 1 0 0 1 1 0 0 1 0 0 1 1 1 0 1 0 1 0 1 1 0 0 0 0 1 0 0 1 1 0 0 1 1 0 0 ]
d_25_21=2.823249896970 eijMax=2.660E-03 rmsd=2.094E-01 s=[ 0 0 0 1 0 0 1 1 0 0 1 0 0 1 1 1 0 1 0 1 0 1 1 0 0 0 0 1 0 0 1 1 0 0 1 1 0 0 ]
d_25_21=2.825270098990 eijMax=2.897E-03 rmsd=2.308E-01 s=[ 0 0 0 1 0 0 1 1 0 0 1 0 0 1 1 1 0 1 0 1 0 1 1 0 0 0 0 1 0 0 1 1 0 0 1 1 0 0 ]
d_25_21=2.827290301010 eijMax=3.128E-03 rmsd=2.522E-01 s=[ 0 0 0 1 0 0 1 1 0 0 1 0 0 1 1 1 0 1 0 1 0 1 1 0 0 0 0 1 0 0 1 1 0 0 1 1 0 0 ]
d_25_21=2.829310503030 eijMax=3.353E-03 rmsd=2.735E-01 s=[ 0 0 0 1 0 0 1 1 0 0 1 0 0 1 1 1 0 1 0 1 0 1 1 0 0 0 0 1 0 0 1 1 0 0 1 1 0 0 ]
d_25_21=2.831330705051 eijMax=3.572E-03 rmsd=2.949E-01 s=[ 0 0 0 1 0 0 1 1 0 0 1 0 0 1 1 1 0 1 0 1 0 1 1 0 0 0 0 1 0 0 1 1 0 0 1 1 0 0 ]
d_25_21=2.833350907071 eijMax=3.786E-03 rmsd=3.162E-01 s=[ 0 0 0 1 0 0 1 1 0 0 1 0 0 1 1 1 0 1 0 1 0 1 1 0 0 0 0 1 0 0 1 1 0 0 1 1 0 0 ]
d_25_21=2.835371109091 eijMax=3.993E-03 rmsd=3.375E-01 s=[ 0 0 0 1 0 0 1 1 0 0 1 0 0 1 1 1 0 1 0 1 0 1 1 0 0 0 0 1 0 0 1 1 0 0 1 1 0 0 ]
d_25_21=2.837391311111 eijMax=4.195E-03 rmsd=3.588E-01 s=[ 0 0 0 1 0 0 1 1 0 0 1 0 0 1 1 1 0 1 0 1 0 1 1 0 0 0 0 1 0 0 1 1 0 0 1 1 0 0 ]
d_25_21=2.839411513131 eijMax=4.392E-03 rmsd=3.800E-01 s=[ 0 0 0 1 0 0 1 1 0 0 1 0 0 1 1 1 0 1 0 1 0 1 1 0 0 0 0 1 0 0 1 1 0 0 1 1 0 0 ]
d_25_21=2.841431715152 eijMax=4.583E-03 rmsd=4.013E-01 s=[ 0 0 0 1 0 0 1 1 0 0 1 0 0 1 1 1 0 1 0 1 0 1 1 0 0 0 0 1 0 0 1 1 0 0 1 1 0 0 ]
d_25_21=2.843451917172 eijMax=4.770E-03 rmsd=4.225E-01 s=[ 0 0 0 1 0 0 1 1 0 0 1 0 0 1 1 1 0 1 0 1 0 1 1 0 0 0 0 1 0 0 1 1 0 0 1 1 0 0 ]
d_25_21=2.845472119192 eijMax=4.951E-03 rmsd=4.438E-01 s=[ 0 0 0 1 0 0 1 1 0 0 1 0 0 1 1 1 0 1 0 1 0 1 1 0 0 0 0 1 0 0 1 1 0 0 1 1 0 0 ]
d_25_21=2.847492321212 eijMax=5.128E-03 rmsd=4.650E-01 s=[ 0 0 0 1 0 0 1 1 0 0 1 0 0 1 1 1 0 1 0 1 0 1 1 0 0 0 0 1 0 0 1 1 0 0 1 1 0 0 ]
d_25_21=2.849512523232 eijMax=5.300E-03 rmsd=4.862E-01 s=[ 0 0 0 1 0 0 1 1 0 0 1 0 0 1 1 1 0 1 0 1 0 1 1 0 0 0 0 1 0 0 1 1 0 0 1 1 0 0 ]
d_25_21=2.851532725253 eijMax=5.467E-03 rmsd=5.075E-01 s=[ 0 0 0 1 0 0 1 1 0 0 1 0 0 1 1 1 0 1 0 1 0 1 1 0 0 0 0 1 0 0 1 1 0 0 1 1 0 0 ]
d_25_21=2.853552927273 eijMax=5.629E-03 rmsd=5.287E-01 s=[ 0 0 0 1 0 0 1 1 0 0 1 0 0 1 1 1 0 1 0 1 0 1 1 0 0 0 0 1 0 0 1 1 0 0 1 1 0 0 ]
d_25_21=2.855573129293 eijMax=5.788E-03 rmsd=5.499E-01 s=[ 0 0 0 1 0 0 1 1 0 0 1 0 0 1 1 1 0 1 0 1 0 1 1 0 0 0 0 1 0 0 1 1 0 0 1 1 0 0 ]
d_25_21=2.857593331313 eijMax=5.942E-03 rmsd=5.712E-01 s=[ 0 0 0 1 0 0 1 1 0 0 1 0 0 1 1 1 0 1 0 1 0 1 1 0 0 0 0 1 0 0 1 1 0 0 1 1 0 0 ]
d_25_21=2.859613533333 eijMax=6.091E-03 rmsd=5.924E-01 s=[ 0 0 0 1 0 0 1 1 0 0 1 0 0 1 1 1 0 1 0 1 0 1 1 0 0 0 0 1 0 0 1 1 0 0 1 1 0 0 ]
d_25_21=2.861633735354 eijMax=6.237E-03 rmsd=6.136E-01 s=[ 0 0 0 1 0 0 1 1 0 0 1 0 0 1 1 1 0 1 0 1 0 1 1 0 0 0 0 1 0 0 1 1 0 0 1 1 0 0 ]
d_25_21=2.863653937374 eijMax=6.379E-03 rmsd=6.349E-01 s=[ 0 0 0 1 0 0 1 1 0 0 1 0 0 1 1 1 0 1 0 1 0 1 1 0 0 0 0 1 0 0 1 1 0 0 1 1 0 0 ]
d_25_21=2.865674139394 eijMax=6.517E-03 rmsd=6.562E-01 s=[ 0 0 0 1 0 0 1 1 0 0 1 0 0 1 1 1 0 1 0 1 0 1 1 0 0 0 0 1 0 0 1 1 0 0 1 1 0 0 ]
d_25_21=2.867694341414 eijMax=6.651E-03 rmsd=6.775E-01 s=[ 0 0 0 1 0 0 1 1 0 0 1 0 0 1 1 1 0 1 0 1 0 1 1 0 0 0 0 1 0 0 1 1 0 0 1 1 0 0 ]
d_25_21=2.869714543434 eijMax=6.782E-03 rmsd=6.987E-01 s=[ 0 0 0 1 0 0 1 1 0 0 1 0 0 1 1 1 0 1 0 1 0 1 1 0 0 0 0 1 0 0 1 1 0 0 1 1 0 0 ]
d_25_21=2.871734745455 eijMax=6.909E-03 rmsd=7.201E-01 s=[ 0 0 0 1 0 0 1 1 0 0 1 0 0 1 1 1 0 1 0 1 0 1 1 0 0 0 0 1 0 0 1 1 0 0 1 1 0 0 ]
d_25_21=2.873754947475 eijMax=7.032E-03 rmsd=7.414E-01 s=[ 0 0 0 1 0 0 1 1 0 0 1 0 0 1 1 1 0 1 0 1 0 1 1 0 0 0 0 1 0 0 1 1 0 0 1 1 0 0 ]
d_25_21=2.875775149495 eijMax=7.152E-03 rmsd=7.628E-01 s=[ 0 0 0 1 0 0 1 1 0 0 1 0 0 1 1 1 0 1 0 1 0 1 1 0 0 0 0 1 0 0 1 1 0 0 1 1 0 0 ]
d_25_21=2.877795351515 eijMax=7.269E-03 rmsd=7.841E-01 s=[ 0 0 0 1 0 0 1 1 0 0 1 0 0 1 1 1 0 1 0 1 0 1 1 0 0 0 0 1 0 0 1 1 0 0 1 1 0 0 ]
d_25_21=2.879815553535 eijMax=7.383E-03 rmsd=8.055E-01 s=[ 0 0 0 1 0 0 1 1 0 0 1 0 0 1 1 1 0 1 0 1 0 1 1 0 0 0 0 1 0 0 1 1 0 0 1 1 0 0 ]
d_25_21=2.881835755556 eijMax=7.494E-03 rmsd=8.269E-01 s=[ 0 0 0 1 0 0 1 1 0 0 1 0 0 1 1 1 0 1 0 1 0 1 1 0 0 0 0 1 0 0 1 1 0 0 1 1 0 0 ]
d_25_21=2.883855957576 eijMax=7.601E-03 rmsd=8.484E-01 s=[ 0 0 0 1 0 0 1 1 0 0 1 0 0 1 1 1 0 1 0 1 0 1 1 0 0 0 0 1 0 0 1 1 0 0 1 1 0 0 ]
d_25_21=2.885876159596 eijMax=7.706E-03 rmsd=8.699E-01 s=[ 0 0 0 1 0 0 1 1 0 0 1 0 0 1 1 1 0 1 0 1 0 1 1 0 0 0 0 1 0 0 1 1 0 0 1 1 0 0 ]
d_25_21=2.887896361616 eijMax=7.808E-03 rmsd=8.914E-01 s=[ 0 0 0 1 0 0 1 1 0 0 1 0 0 1 1 1 0 1 0 1 0 1 1 0 0 0 0 1 0 0 1 1 0 0 1 1 0 0 ]
d_25_21=2.889916563636 eijMax=7.907E-03 rmsd=9.129E-01 s=[ 0 0 0 1 0 0 1 1 0 0 1 0 0 1 1 1 0 1 0 1 0 1 1 0 0 0 0 1 0 0 1 1 0 0 1 1 0 0 ]
d_25_21=2.891936765657 eijMax=8.004E-03 rmsd=9.345E-01 s=[ 0 0 0 1 0 0 1 1 0 0 1 0 0 1 1 1 0 1 0 1 0 1 1 0 0 0 0 1 0 0 1 1 0 0 1 1 0 0 ]
d_25_21=2.893956967677 eijMax=8.098E-03 rmsd=9.561E-01 s=[ 0 0 0 1 0 0 1 1 0 0 1 0 0 1 1 1 0 1 0 1 0 1 1 0 0 0 0 1 0 0 1 1 0 0 1 1 0 0 ]
d_25_21=2.895977169697 eijMax=8.190E-03 rmsd=9.778E-01 s=[ 0 0 0 1 0 0 1 1 0 0 1 0 0 1 1 1 0 1 0 1 0 1 1 0 0 0 0 1 0 0 1 1 0 0 1 1 0 0 ]
d_25_21=2.897997371717 eijMax=8.279E-03 rmsd=9.994E-01 s=[ 0 0 0 1 0 0 1 1 0 0 1 0 0 1 1 1 0 1 0 1 0 1 1 0 0 0 0 1 0 0 1 1 0 0 1 1 0 0 ]
d_25_21=2.900017573737 eijMax=8.366E-03 rmsd=1.021E+00 s=[ 0 0 0 1 0 0 1 1 0 0 1 0 0 1 1 1 0 1 0 1 0 1 1 0 0 0 0 1 0 0 1 1 0 0 1 1 0 0 ]
d_25_21=2.902037775758 eijMax=8.451E-03 rmsd=1.043E+00 s=[ 0 0 0 1 0 0 1 1 0 0 1 0 0 1 1 1 0 1 0 1 0 1 1 0 0 0 0 1 0 0 1 1 0 0 1 1 0 0 ]
d_25_21=2.904057977778 eijMax=8.533E-03 rmsd=1.065E+00 s=[ 0 0 0 1 0 0 1 1 0 0 1 0 0 1 1 1 0 1 0 1 0 1 1 0 0 0 0 1 0 0 1 1 0 0 1 1 0 0 ]
d_25_21=2.906078179798 eijMax=8.614E-03 rmsd=1.087E+00 s=[ 0 0 0 1 0 0 1 1 0 0 1 0 0 1 1 1 0 1 0 1 0 1 1 0 0 0 0 1 0 0 1 1 0 0 1 1 0 0 ]
d_25_21=2.908098381818 eijMax=8.693E-03 rmsd=1.108E+00 s=[ 0 0 0 1 0 0 1 1 0 0 1 0 0 1 1 1 0 1 0 1 0 1 1 0 0 0 0 1 0 0 1 1 0 0 1 1 0 0 ]
d_25_21=2.910118583838 eijMax=8.769E-03 rmsd=1.130E+00 s=[ 0 0 0 1 0 0 1 1 0 0 1 0 0 1 1 1 0 1 0 1 0 1 1 0 0 0 0 1 0 0 1 1 0 0 1 1 0 0 ]
d_25_21=2.912138785859 eijMax=8.844E-03 rmsd=1.152E+00 s=[ 0 0 0 1 0 0 1 1 0 0 1 0 0 1 1 1 0 1 0 1 0 1 1 0 0 0 0 1 0 0 1 1 0 0 1 1 0 0 ]
d_25_21=2.914158987879 eijMax=8.918E-03 rmsd=1.174E+00 s=[ 0 0 0 1 0 0 1 1 0 0 1 0 0 1 1 1 0 1 0 1 0 1 1 0 0 0 0 1 0 0 1 1 0 0 1 1 0 0 ]
d_25_21=2.916179189899 eijMax=8.989E-03 rmsd=1.197E+00 s=[ 0 0 0 1 0 0 1 1 0 0 1 0 0 1 1 1 0 1 0 1 0 1 1 0 0 0 0 1 0 0 1 1 0 0 1 1 0 0 ]
d_25_21=2.918199391919 eijMax=9.059E-03 rmsd=1.219E+00 s=[ 0 0 0 1 0 0 1 1 0 0 1 0 0 1 1 1 0 1 0 1 0 1 1 0 0 0 0 1 0 0 1 1 0 0 1 1 0 0 ]
d_25_21=2.920219593939 eijMax=9.606E-03 rmsd=2.847E+00 s=[ 0 0 0 1 0 0 1 1 0 0 1 0 0 1 1 1 0 1 0 1 0 1 1 0 0 0 0 1 0 0 0 0 1 1 0 0 1 1 ]
d_25_21=2.920219593939 eijMax=9.128E-03 rmsd=1.241E+00 s=[ 0 0 0 1 0 0 1 1 0 0 1 0 0 1 1 1 0 1 0 1 0 1 1 0 0 0 0 1 0 0 1 1 0 0 1 1 0 0 ]
d_25_21=2.922239795960 eijMax=8.673E-03 rmsd=2.857E+00 s=[ 0 0 0 1 0 0 1 1 0 0 1 0 0 1 1 1 0 1 0 1 0 1 1 0 0 0 0 1 0 0 0 0 1 1 0 0 1 1 ]
d_25_21=2.922239795960 eijMax=9.195E-03 rmsd=1.263E+00 s=[ 0 0 0 1 0 0 1 1 0 0 1 0 0 1 1 1 0 1 0 1 0 1 1 0 0 0 0 1 0 0 1 1 0 0 1 1 0 0 ]
d_25_21=2.924259997980 eijMax=7.741E-03 rmsd=2.868E+00 s=[ 0 0 0 1 0 0 1 1 0 0 1 0 0 1 1 1 0 1 0 1 0 1 1 0 0 0 0 1 0 0 0 0 1 1 0 0 1 1 ]
d_25_21=2.924259997980 eijMax=9.261E-03 rmsd=1.285E+00 s=[ 0 0 0 1 0 0 1 1 0 0 1 0 0 1 1 1 0 1 0 1 0 1 1 0 0 0 0 1 0 0 1 1 0 0 1 1 0 0 ]
d_25_21=2.926280200000 eijMax=6.811E-03 rmsd=2.878E+00 s=[ 0 0 0 1 0 0 1 1 0 0 1 0 0 1 1 1 0 1 0 1 0 1 1 0 0 0 0 1 0 0 0 0 1 1 0 0 1 1 ]
d_25_21=2.926280200000 eijMax=9.326E-03 rmsd=1.308E+00 s=[ 0 0 0 1 0 0 1 1 0 0 1 0 0 1 1 1 0 1 0 1 0 1 1 0 0 0 0 1 0 0 1 1 0 0 1 1 0 0 ]
num ..... 100
nnodes .. 38
nedges .. 271
nsols ... 354
nbbsols 354
tsecs ... 7.877943
