xyz18=( -14.085263 22.017069 6.601379 )
xyz18=( -14.077750 21.981631 6.625378 )
xyz18=( -14.069246 21.946890 6.649953 )
xyz18=( -14.059754 21.912844 6.675102 )
xyz18=( -14.049275 21.879492 6.700825 )
xyz18=( -14.037805 21.846839 6.727124 )
xyz18=( -14.025339 21.814889 6.754000 )
xyz18=( -14.011869 21.783651 6.781457 )
xyz18=( -14.011869 21.783651 6.781457 )
xyz18=( -14.084929 22.015374 6.602503 )
xyz18=( -14.077367 21.979960 6.626536 )
xyz18=( -14.068815 21.945247 6.651142 )
xyz18=( -14.059275 21.911230 6.676321 )
xyz18=( -14.048748 21.877911 6.702073 )
xyz18=( -14.037230 21.845291 6.728399 )
xyz18=( -14.024717 21.813378 6.755301 )
xyz18=( -14.011201 21.782178 6.782783 )
xyz18=( -14.011201 21.782178 6.782783 )
xyz18=( -13.204938 21.349018 7.733707 )
xyz18=( -13.237843 21.344249 7.705719 )
xyz18=( -13.270502 21.340741 7.677350 )
xyz18=( -13.302914 21.338492 7.648601 )
xyz18=( -13.335080 21.337501 7.619472 )
xyz18=( -13.366999 21.337773 7.589962 )
xyz18=( -13.398668 21.339315 7.560070 )
xyz18=( -13.430081 21.342137 7.529795 )
xyz18=( -13.430081 21.342137 7.529795 )
xyz18=( -13.203372 21.349276 7.735024 )
xyz18=( -13.236282 21.344447 7.707060 )
xyz18=( -13.268947 21.340880 7.678715 )
xyz18=( -13.301367 21.338571 7.649987 )
xyz18=( -13.333544 21.337520 7.620877 )
xyz18=( -13.365475 21.337731 7.591385 )
xyz18=( -13.397157 21.339212 7.561510 )
xyz18=( -13.428587 21.341973 7.531249 )
xyz18=( -13.428587 21.341973 7.531249 )
