xyz18=( -10.652812 35.118211 21.931695 )
xyz18=( -10.504316 35.712217 21.738387 )
xyz18=( -10.504323 35.711755 21.738504 )
xyz18=( -10.504331 35.711293 21.738621 )
xyz18=( -10.504339 35.710832 21.738738 )
xyz18=( -12.473252 34.639944 22.614594 )
xyz18=( -12.473658 34.640177 22.614662 )
xyz18=( -12.474064 34.640411 22.614730 )
xyz18=( -12.474469 34.640645 22.614798 )
xyz18=( -12.474875 34.640879 22.614865 )
xyz18=( -12.475280 34.641113 22.614933 )
xyz18=( -12.475685 34.641347 22.615000 )
xyz18=( -12.476090 34.641581 22.615068 )
xyz18=( -12.476495 34.641815 22.615135 )
xyz18=( -12.476900 34.642050 22.615203 )
xyz18=( -12.477304 34.642284 22.615270 )
xyz18=( -12.477708 34.642519 22.615337 )
xyz18=( -12.478113 34.642753 22.615404 )
xyz18=( -12.478517 34.642988 22.615471 )
xyz18=( -12.478920 34.643222 22.615538 )
xyz18=( -12.479324 34.643457 22.615605 )
xyz18=( -12.479727 34.643692 22.615672 )
xyz18=( -12.480131 34.643927 22.615739 )
xyz18=( -12.480534 34.644162 22.615806 )
xyz18=( -12.480937 34.644397 22.615872 )
xyz18=( -12.481340 34.644632 22.615939 )
xyz18=( -12.481742 34.644867 22.616005 )
xyz18=( -12.514997 34.664886 22.621350 )
xyz18=( -12.515386 34.665128 22.621411 )
xyz18=( -12.515775 34.665369 22.621472 )
xyz18=( -12.516164 34.665611 22.621533 )
xyz18=( -12.516553 34.665852 22.621593 )
xyz18=( -12.516942 34.666094 22.621654 )
xyz18=( -12.517330 34.666336 22.621714 )
xyz18=( -12.517719 34.666577 22.621775 )
xyz18=( -10.515270 35.559450 21.779659 )
xyz18=( -10.515325 35.559027 21.779781 )
xyz18=( -10.515379 35.558604 21.779903 )
xyz18=( -10.515434 35.558181 21.780025 )
xyz18=( -10.515488 35.557758 21.780146 )
xyz18=( -10.515543 35.557336 21.780268 )
xyz18=( -10.515598 35.556913 21.780390 )
xyz18=( -10.515653 35.556491 21.780512 )
xyz18=( -10.515708 35.556069 21.780633 )
xyz18=( -10.515763 35.555646 21.780755 )
xyz18=( -10.515818 35.555224 21.780877 )
xyz18=( -10.515874 35.554802 21.780999 )
xyz18=( -10.515929 35.554380 21.781121 )
xyz18=( -10.515985 35.553958 21.781242 )
xyz18=( -10.516041 35.553537 21.781364 )
xyz18=( -10.516097 35.553115 21.781486 )
xyz18=( -10.516153 35.552694 21.781608 )
xyz18=( -10.516209 35.552272 21.781730 )
xyz18=( -10.516265 35.551851 21.781852 )
xyz18=( -10.516322 35.551429 21.781974 )
xyz18=( -10.516378 35.551008 21.782096 )
xyz18=( -10.516435 35.550587 21.782218 )
xyz18=( -10.516492 35.550166 21.782340 )
xyz18=( -10.516549 35.549745 21.782462 )
xyz18=( -10.516606 35.549325 21.782584 )
xyz18=( -10.516663 35.548904 21.782706 )
xyz18=( -10.516720 35.548483 21.782828 )
xyz18=( -10.516778 35.548063 21.782950 )
xyz18=( -10.516835 35.547643 21.783072 )
xyz18=( -10.516893 35.547222 21.783194 )
xyz18=( -10.516951 35.546802 21.783316 )
xyz18=( -10.517009 35.546382 21.783438 )
xyz18=( -10.517067 35.545962 21.783560 )
xyz18=( -10.517125 35.545542 21.783682 )
xyz18=( -10.517183 35.545122 21.783805 )
xyz18=( -10.517241 35.544703 21.783927 )
xyz18=( -10.517300 35.544283 21.784049 )
xyz18=( -10.517358 35.543864 21.784171 )
xyz18=( -10.517417 35.543444 21.784293 )
xyz18=( -10.517476 35.543025 21.784415 )
xyz18=( -10.517535 35.542606 21.784538 )
xyz18=( -10.517594 35.542186 21.784660 )
xyz18=( -10.517653 35.541767 21.784782 )
xyz18=( -10.517712 35.541348 21.784904 )
xyz18=( -10.517772 35.540930 21.785027 )
xyz18=( -10.517831 35.540511 21.785149 )
xyz18=( -10.517891 35.540092 21.785271 )
xyz18=( -10.517951 35.539674 21.785394 )
xyz18=( -10.518011 35.539255 21.785516 )
xyz18=( -10.518071 35.538837 21.785638 )
xyz18=( -10.518131 35.538419 21.785761 )
xyz18=( -10.518191 35.538000 21.785883 )
xyz18=( -10.519611 35.528408 21.788701 )
xyz18=( -10.519674 35.527992 21.788824 )
xyz18=( -10.519737 35.527576 21.788947 )
xyz18=( -10.519800 35.527161 21.789069 )
xyz18=( -10.519864 35.526745 21.789192 )
xyz18=( -10.519927 35.526329 21.789315 )
xyz18=( -10.519991 35.525914 21.789437 )
xyz18=( -10.520055 35.525499 21.789560 )
xyz18=( -10.520119 35.525083 21.789683 )
xyz18=( -10.520183 35.524668 21.789806 )
xyz18=( -10.520247 35.524253 21.789929 )
xyz18=( -10.520311 35.523838 21.790051 )
xyz18=( -10.520376 35.523423 21.790174 )
xyz18=( -10.520440 35.523008 21.790297 )
xyz18=( -10.520505 35.522594 21.790420 )
xyz18=( -10.520570 35.522179 21.790543 )
xyz18=( -10.520635 35.521764 21.790666 )
xyz18=( -10.520700 35.521350 21.790789 )
xyz18=( -10.520765 35.520936 21.790912 )
xyz18=( -10.520830 35.520521 21.791035 )
xyz18=( -10.520895 35.520107 21.791158 )
xyz18=( -10.520961 35.519693 21.791280 )
xyz18=( -10.521026 35.519279 21.791403 )
xyz18=( -10.521092 35.518865 21.791526 )
xyz18=( -10.521158 35.518451 21.791649 )
xyz18=( -10.521224 35.518038 21.791772 )
xyz18=( -10.521290 35.517624 21.791895 )
xyz18=( -10.521356 35.517210 21.792019 )
xyz18=( -10.521422 35.516797 21.792142 )
xyz18=( -10.521489 35.516384 21.792265 )
xyz18=( -10.521555 35.515970 21.792388 )
xyz18=( -10.566988 35.324746 21.853883 )
xyz18=( -10.521622 35.515557 21.792511 )
xyz18=( -10.566863 35.325141 21.853746 )
xyz18=( -10.521689 35.515144 21.792634 )
xyz18=( -10.566738 35.325536 21.853609 )
xyz18=( -10.521756 35.514731 21.792757 )
xyz18=( -10.566613 35.325930 21.853473 )
xyz18=( -10.521823 35.514318 21.792880 )
xyz18=( -10.566488 35.326325 21.853336 )
xyz18=( -10.521890 35.513906 21.793003 )
xyz18=( -10.566363 35.326720 21.853199 )
xyz18=( -10.521957 35.513493 21.793127 )
xyz18=( -10.566238 35.327115 21.853063 )
xyz18=( -10.522024 35.513080 21.793250 )
xyz18=( -10.566114 35.327509 21.852927 )
xyz18=( -10.565989 35.327904 21.852790 )
xyz18=( -10.565865 35.328299 21.852654 )
xyz18=( -10.565741 35.328693 21.852517 )
xyz18=( -10.565617 35.329088 21.852381 )
xyz18=( -10.564019 35.334218 21.850614 )
xyz18=( -10.563897 35.334612 21.850478 )
xyz18=( -10.563776 35.335007 21.850343 )
xyz18=( -10.563654 35.335401 21.850207 )
xyz18=( -10.563532 35.335796 21.850072 )
xyz18=( -10.563411 35.336190 21.849936 )
xyz18=( -10.563290 35.336585 21.849801 )
xyz18=( -10.563169 35.336979 21.849666 )
xyz18=( -10.563048 35.337373 21.849530 )
xyz18=( -10.562927 35.337768 21.849395 )
xyz18=( -10.562806 35.338162 21.849260 )
xyz18=( -10.562685 35.338557 21.849125 )
xyz18=( -10.562565 35.338951 21.848990 )
xyz18=( -10.562445 35.339345 21.848855 )
xyz18=( -10.562325 35.339740 21.848720 )
xyz18=( -10.562205 35.340134 21.848585 )
xyz18=( -10.562085 35.340529 21.848450 )
xyz18=( -10.561965 35.340923 21.848315 )
xyz18=( -10.561845 35.341317 21.848180 )
xyz18=( -10.561726 35.341712 21.848045 )
xyz18=( -10.561607 35.342106 21.847910 )
xyz18=( -10.561487 35.342500 21.847776 )
xyz18=( -10.561368 35.342894 21.847641 )
xyz18=( -10.561250 35.343289 21.847506 )
xyz18=( -10.561131 35.343683 21.847372 )
xyz18=( -10.561012 35.344077 21.847237 )
xyz18=( -10.560894 35.344472 21.847103 )
xyz18=( -10.560775 35.344866 21.846968 )
xyz18=( -10.560657 35.345260 21.846834 )
xyz18=( -10.560539 35.345654 21.846700 )
xyz18=( -10.560421 35.346048 21.846565 )
xyz18=( -10.560303 35.346443 21.846431 )
xyz18=( -10.560186 35.346837 21.846297 )
xyz18=( -10.560068 35.347231 21.846163 )
xyz18=( -10.559951 35.347625 21.846029 )
xyz18=( -10.559833 35.348019 21.845894 )
xyz18=( -10.559716 35.348414 21.845760 )
xyz18=( -10.559599 35.348808 21.845626 )
xyz18=( -10.559482 35.349202 21.845493 )
xyz18=( -10.559366 35.349596 21.845359 )
xyz18=( -10.559249 35.349990 21.845225 )
xyz18=( -10.559133 35.350384 21.845091 )
xyz18=( -10.559016 35.350778 21.844957 )
xyz18=( -10.558900 35.351172 21.844824 )
xyz18=( -11.927679 34.457732 22.490648 )
xyz18=( -12.519944 34.667966 22.622120 )
xyz18=( -12.519544 34.667716 22.622058 )
xyz18=( -12.519143 34.667466 22.621996 )
xyz18=( -12.518743 34.667216 22.621934 )
xyz18=( -10.506197 35.659029 21.752158 )
xyz18=( -10.506172 35.659486 21.752037 )
xyz18=( -10.506148 35.659943 21.751916 )
xyz18=( -10.506123 35.660400 21.751795 )
xyz18=( -10.506099 35.660856 21.751674 )
xyz18=( -10.506074 35.661313 21.751553 )
xyz18=( -10.506050 35.661769 21.751433 )
xyz18=( -10.506026 35.662226 21.751312 )
xyz18=( -10.506003 35.662682 21.751192 )
xyz18=( -10.505979 35.663138 21.751071 )
xyz18=( -10.505955 35.663594 21.750951 )
xyz18=( -10.505932 35.664050 21.750831 )
xyz18=( -10.505909 35.664506 21.750710 )
xyz18=( -10.505886 35.664962 21.750590 )
xyz18=( -10.505863 35.665418 21.750470 )
xyz18=( -10.505840 35.665873 21.750350 )
xyz18=( -10.505818 35.666329 21.750230 )
xyz18=( -10.505796 35.666784 21.750110 )
xyz18=( -10.505773 35.667240 21.749991 )
xyz18=( -10.505751 35.667695 21.749871 )
xyz18=( -10.505729 35.668150 21.749751 )
xyz18=( -10.505708 35.668605 21.749632 )
xyz18=( -10.504420 35.706520 21.739832 )
xyz18=( -10.504411 35.706967 21.739718 )
xyz18=( -10.504402 35.707415 21.739605 )
xyz18=( -10.504393 35.707863 21.739491 )
xyz18=( -10.504385 35.708310 21.739377 )
xyz18=( -10.504376 35.708758 21.739264 )
xyz18=( -10.504368 35.709205 21.739150 )
xyz18=( -10.504360 35.709652 21.739037 )
xyz18=( -12.382751 34.591951 22.598438 )
xyz18=( -12.382358 34.591760 22.598364 )
xyz18=( -12.381965 34.591569 22.598289 )
xyz18=( -12.381571 34.591378 22.598215 )
xyz18=( -12.381178 34.591188 22.598140 )
xyz18=( -12.380785 34.590997 22.598066 )
xyz18=( -12.380392 34.590807 22.597991 )
xyz18=( -12.379999 34.590616 22.597916 )
xyz18=( -12.379606 34.590426 22.597842 )
xyz18=( -12.379213 34.590236 22.597767 )
xyz18=( -12.378820 34.590046 22.597692 )
xyz18=( -12.378427 34.589857 22.597617 )
xyz18=( -12.378034 34.589667 22.597543 )
xyz18=( -12.377641 34.589478 22.597468 )
xyz18=( -12.377248 34.589288 22.597393 )
xyz18=( -12.376855 34.589099 22.597318 )
xyz18=( -12.376462 34.588910 22.597243 )
xyz18=( -12.376069 34.588722 22.597168 )
xyz18=( -12.375677 34.588533 22.597093 )
xyz18=( -12.375284 34.588345 22.597018 )
xyz18=( -12.374891 34.588156 22.596943 )
xyz18=( -12.374498 34.587968 22.596868 )
xyz18=( -12.374105 34.587780 22.596793 )
xyz18=( -12.373712 34.587592 22.596717 )
xyz18=( -12.373320 34.587404 22.596642 )
xyz18=( -12.372927 34.587217 22.596567 )
xyz18=( -12.372534 34.587030 22.596492 )
xyz18=( -12.372141 34.586842 22.596416 )
xyz18=( -12.371749 34.586655 22.596341 )
xyz18=( -12.371356 34.586468 22.596266 )
xyz18=( -12.370963 34.586281 22.596190 )
xyz18=( -12.370570 34.586095 22.596115 )
xyz18=( -12.370178 34.585908 22.596039 )
xyz18=( -12.369785 34.585722 22.595964 )
xyz18=( -12.369393 34.585536 22.595888 )
xyz18=( -12.369000 34.585350 22.595813 )
xyz18=( -12.368607 34.585164 22.595737 )
xyz18=( -12.368215 34.584978 22.595661 )
xyz18=( -12.367822 34.584792 22.595586 )
xyz18=( -12.367430 34.584607 22.595510 )
xyz18=( -12.367037 34.584421 22.595434 )
xyz18=( -12.366645 34.584236 22.595358 )
xyz18=( -12.366252 34.584051 22.595283 )
xyz18=( -12.365859 34.583866 22.595207 )
xyz18=( -12.365467 34.583682 22.595131 )
xyz18=( -12.365075 34.583497 22.595055 )
xyz18=( -12.364682 34.583313 22.594979 )
xyz18=( -12.364290 34.583128 22.594903 )
xyz18=( -12.363897 34.582944 22.594827 )
xyz18=( -12.363505 34.582760 22.594751 )
xyz18=( -12.363112 34.582577 22.594675 )
xyz18=( -12.362720 34.582393 22.594599 )
xyz18=( -12.353700 34.578209 22.592840 )
xyz18=( -12.353307 34.578029 22.592763 )
xyz18=( -12.352915 34.577849 22.592686 )
xyz18=( -12.352523 34.577669 22.592609 )
xyz18=( -12.352131 34.577490 22.592532 )
xyz18=( -12.351740 34.577310 22.592455 )
xyz18=( -12.351348 34.577131 22.592378 )
xyz18=( -12.350956 34.576951 22.592301 )
xyz18=( -12.350564 34.576772 22.592224 )
xyz18=( -12.350172 34.576593 22.592147 )
xyz18=( -12.349780 34.576414 22.592070 )
xyz18=( -12.349388 34.576236 22.591993 )
xyz18=( -12.348996 34.576057 22.591915 )
xyz18=( -12.348604 34.575879 22.591838 )
xyz18=( -12.348212 34.575701 22.591761 )
xyz18=( -12.347821 34.575523 22.591684 )
xyz18=( -12.347429 34.575345 22.591606 )
xyz18=( -12.347037 34.575167 22.591529 )
xyz18=( -12.346645 34.574989 22.591452 )
xyz18=( -12.346254 34.574812 22.591374 )
xyz18=( -12.345862 34.574634 22.591297 )
xyz18=( -12.345470 34.574457 22.591219 )
xyz18=( -12.345078 34.574280 22.591142 )
xyz18=( -12.344687 34.574103 22.591064 )
xyz18=( -12.344295 34.573926 22.590986 )
xyz18=( -12.343903 34.573750 22.590909 )
xyz18=( -12.343512 34.573573 22.590831 )
xyz18=( -12.343120 34.573397 22.590753 )
xyz18=( -12.342728 34.573221 22.590676 )
xyz18=( -12.342337 34.573045 22.590598 )
xyz18=( -12.341945 34.572869 22.590520 )
xyz18=( -12.341553 34.572693 22.590442 )
xyz18=( -12.152598 34.503278 22.549078 )
xyz18=( -12.341162 34.572517 22.590365 )
xyz18=( -12.153007 34.503397 22.549176 )
xyz18=( -12.340770 34.572342 22.590287 )
xyz18=( -12.153415 34.503515 22.549273 )
xyz18=( -12.340379 34.572167 22.590209 )
xyz18=( -12.153823 34.503633 22.549370 )
xyz18=( -12.339987 34.571992 22.590131 )
xyz18=( -12.154231 34.503752 22.549467 )
xyz18=( -12.339596 34.571816 22.590053 )
xyz18=( -12.154639 34.503871 22.549564 )
xyz18=( -12.339204 34.571642 22.589975 )
xyz18=( -12.155047 34.503990 22.549661 )
xyz18=( -12.155455 34.504108 22.549758 )
xyz18=( -12.155863 34.504227 22.549855 )
xyz18=( -12.156271 34.504347 22.549952 )
xyz18=( -12.156678 34.504466 22.550049 )
xyz18=( -12.157086 34.504585 22.550145 )
xyz18=( -12.162376 34.506146 22.551398 )
xyz18=( -12.162782 34.506267 22.551494 )
xyz18=( -12.163188 34.506388 22.551590 )
xyz18=( -12.163594 34.506509 22.551686 )
xyz18=( -12.164000 34.506630 22.551782 )
xyz18=( -12.164406 34.506752 22.551878 )
xyz18=( -12.164812 34.506873 22.551973 )
xyz18=( -12.165218 34.506994 22.552069 )
xyz18=( -12.165624 34.507116 22.552165 )
xyz18=( -12.166029 34.507238 22.552260 )
xyz18=( -12.166435 34.507359 22.552356 )
xyz18=( -12.166840 34.507481 22.552451 )
xyz18=( -12.167246 34.507603 22.552547 )
xyz18=( -12.167651 34.507725 22.552642 )
xyz18=( -12.168056 34.507848 22.552737 )
xyz18=( -12.168461 34.507970 22.552832 )
xyz18=( -12.168866 34.508092 22.552928 )
xyz18=( -12.169271 34.508215 22.553023 )
xyz18=( -12.169676 34.508337 22.553118 )
xyz18=( -12.170081 34.508460 22.553213 )
xyz18=( -12.170486 34.508583 22.553308 )
xyz18=( -12.170890 34.508706 22.553403 )
xyz18=( -12.171295 34.508829 22.553498 )
xyz18=( -12.171699 34.508952 22.553593 )
xyz18=( -12.172103 34.509075 22.553687 )
xyz18=( -12.172508 34.509199 22.553782 )
xyz18=( -12.172912 34.509322 22.553877 )
xyz18=( -12.173316 34.509446 22.553971 )
xyz18=( -12.173720 34.509570 22.554066 )
xyz18=( -12.174124 34.509693 22.554161 )
xyz18=( -12.174528 34.509817 22.554255 )
xyz18=( -12.174931 34.509941 22.554349 )
xyz18=( -12.175335 34.510065 22.554444 )
xyz18=( -12.175739 34.510190 22.554538 )
xyz18=( -12.176142 34.510314 22.554632 )
xyz18=( -12.176546 34.510438 22.554727 )
xyz18=( -12.176949 34.510563 22.554821 )
xyz18=( -12.177352 34.510687 22.554915 )
xyz18=( -12.177755 34.510812 22.555009 )
xyz18=( -12.178158 34.510937 22.555103 )
xyz18=( -12.178561 34.511062 22.555197 )
xyz18=( -12.178964 34.511187 22.555291 )
xyz18=( -12.179367 34.511312 22.555384 )
xyz18=( -12.179770 34.511437 22.555478 )
