xyz18=( -12.473400 34.640029 22.614619 )
xyz18=( -12.477488 34.642391 22.615300 )
xyz18=( -12.481559 34.644760 22.615975 )
xyz18=( -12.517472 34.666424 22.621736 )
xyz18=( -10.515448 35.558066 21.780058 )
xyz18=( -10.516005 35.553805 21.781287 )
xyz18=( -10.516575 35.549554 21.782517 )
xyz18=( -10.517156 35.545313 21.783749 )
xyz18=( -10.517750 35.541082 21.784982 )
xyz18=( -10.519605 35.528446 21.788690 )
xyz18=( -10.520247 35.524253 21.789929 )
xyz18=( -10.520901 35.520069 21.791169 )
xyz18=( -10.521568 35.515895 21.792410 )
xyz18=( -10.565831 35.328406 21.852617 )
xyz18=( -10.563356 35.336369 21.849875 )
xyz18=( -10.562139 35.340349 21.848511 )
xyz18=( -10.560937 35.344328 21.847152 )
xyz18=( -10.559748 35.348306 21.845797 )
xyz18=( -10.506188 35.659195 21.752114 )
xyz18=( -10.505945 35.663801 21.750896 )
xyz18=( -10.505717 35.668398 21.749686 )
xyz18=( -10.504365 35.709367 21.739109 )
xyz18=( -12.381464 34.591326 22.598195 )
xyz18=( -12.377498 34.589409 22.597441 )
xyz18=( -12.373534 34.587507 22.596683 )
xyz18=( -12.369571 34.585620 22.595922 )
xyz18=( -12.365610 34.583749 22.595159 )
xyz18=( -12.353735 34.578226 22.592847 )
xyz18=( -12.349780 34.576414 22.592070 )
xyz18=( -12.345826 34.574618 22.591290 )
xyz18=( -12.341874 34.572837 22.590506 )
xyz18=( -12.156382 34.504379 22.549978 )
xyz18=( -12.164591 34.506807 22.551921 )
xyz18=( -12.168682 34.508037 22.552884 )
xyz18=( -12.172765 34.509277 22.553842 )
xyz18=( -12.176839 34.510529 22.554795 )
