order:    [ 1 19 20 0 37 36 35 34 33 32 31 30 29 28 27 26 24 23 22 25 21 18 10 11 17 16 15 14 13 12 9 2 8 7 6 5 4 3 ]
atoms:    [ CA CA C N C CA N C CA N C CA N C CA N C CA N H HA N CA C C CA N C CA N N C C CA N C CA N ]
residues: [ 0 6 6 0 11 11 11 10 10 10 9 9 9 8 8 8 7 7 7 7 6 6 3 3 5 5 5 4 4 4 3 0 2 2 2 1 1 1 ]

We use a different pair of symbles to represent the bits values which are associated with the HA and H of the discretized distance, and another one to represent the bits of other hydrogens.
For the HA and H from the discretized distance:
	"+" means 0
	"-" means 1
For any other hydrogens:
	">" means 0
	"<" means 1

d_25_21=2.429633066056 s=[ 0 0 0 0 1 1 0 0 0 0 0 0 1 0 1 1 1 0 0 + + 0 1 0 0 0 0 1 0 0 0 0 0 0 0 1 0 0 ] xyz18=( -10.652812, 35.118211, 21.931695 )

d_25_21=2.443046479469 s=[ 0 0 0 0 1 1 0 0 0 0 0 0 1 0 1 1 1 0 0 + - 1 0 0 0 0 0 1 0 0 1 1 1 1 1 0 1 1 ] xyz18=( -10.504316, 35.712217, 21.738387 )

d_25_21=2.443246679670 s=[ 0 0 0 0 1 1 0 0 0 0 0 0 1 0 1 1 1 0 0 + - 1 0 0 0 0 0 1 0 0 1 1 1 1 1 0 1 1 ] xyz18=( -10.504323, 35.711755, 21.738504 )

d_25_21=2.443446879870 s=[ 0 0 0 0 1 1 0 0 0 0 0 0 1 0 1 1 1 0 0 + - 1 0 0 0 0 0 1 0 0 1 1 1 1 1 0 1 1 ] xyz18=( -10.504331, 35.711293, 21.738621 )

d_25_21=2.443647080070 s=[ 0 0 0 0 1 1 0 0 0 0 0 0 1 0 1 1 1 0 0 + - 1 0 0 0 0 0 1 0 0 1 1 1 1 1 0 1 1 ] xyz18=( -10.504339, 35.710832, 21.738738 )

d_25_21=2.448251684675 s=[ 0 0 0 0 1 1 0 0 0 0 0 0 1 0 1 1 1 0 0 + - 0 1 1 1 1 1 0 1 1 0 1 1 1 1 0 1 1 ] xyz18=( -12.473252, 34.639944, 22.614594 )

d_25_21=2.448451884875 s=[ 0 0 0 0 1 1 0 0 0 0 0 0 1 0 1 1 1 0 0 + - 0 1 1 1 1 1 0 1 1 0 1 1 1 1 0 1 1 ] xyz18=( -12.473658, 34.640177, 22.614662 )

d_25_21=2.448652085075 s=[ 0 0 0 0 1 1 0 0 0 0 0 0 1 0 1 1 1 0 0 + - 0 1 1 1 1 1 0 1 1 0 1 1 1 1 0 1 1 ] xyz18=( -12.474064, 34.640411, 22.614730 )

d_25_21=2.448852285275 s=[ 0 0 0 0 1 1 0 0 0 0 0 0 1 0 1 1 1 0 0 + - 0 1 1 1 1 1 0 1 1 0 1 1 1 1 0 1 1 ] xyz18=( -12.474469, 34.640645, 22.614798 )

d_25_21=2.449052485475 s=[ 0 0 0 0 1 1 0 0 0 0 0 0 1 0 1 1 1 0 0 + - 0 1 1 1 1 1 0 1 1 0 1 1 1 1 0 1 1 ] xyz18=( -12.474875, 34.640879, 22.614865 )

d_25_21=2.449252685676 s=[ 0 0 0 0 1 1 0 0 0 0 0 0 1 0 1 1 1 0 0 + - 0 1 1 1 1 1 0 1 1 0 1 1 1 1 0 1 1 ] xyz18=( -12.475280, 34.641113, 22.614933 )

d_25_21=2.449452885876 s=[ 0 0 0 0 1 1 0 0 0 0 0 0 1 0 1 1 1 0 0 + - 0 1 1 1 1 1 0 1 1 0 1 1 1 1 0 1 1 ] xyz18=( -12.475685, 34.641347, 22.615000 )

d_25_21=2.449653086076 s=[ 0 0 0 0 1 1 0 0 0 0 0 0 1 0 1 1 1 0 0 + - 0 1 1 1 1 1 0 1 1 0 1 1 1 1 0 1 1 ] xyz18=( -12.476090, 34.641581, 22.615068 )

d_25_21=2.449853286276 s=[ 0 0 0 0 1 1 0 0 0 0 0 0 1 0 1 1 1 0 0 + - 0 1 1 1 1 1 0 1 1 0 1 1 1 1 0 1 1 ] xyz18=( -12.476495, 34.641815, 22.615135 )

d_25_21=2.450053486476 s=[ 0 0 0 0 1 1 0 0 0 0 0 0 1 0 1 1 1 0 0 + - 0 1 1 1 1 1 0 1 1 0 1 1 1 1 0 1 1 ] xyz18=( -12.476900, 34.642050, 22.615203 )

d_25_21=2.450253686677 s=[ 0 0 0 0 1 1 0 0 0 0 0 0 1 0 1 1 1 0 0 + - 0 1 1 1 1 1 0 1 1 0 1 1 1 1 0 1 1 ] xyz18=( -12.477304, 34.642284, 22.615270 )

d_25_21=2.450453886877 s=[ 0 0 0 0 1 1 0 0 0 0 0 0 1 0 1 1 1 0 0 + - 0 1 1 1 1 1 0 1 1 0 1 1 1 1 0 1 1 ] xyz18=( -12.477708, 34.642519, 22.615337 )

d_25_21=2.450654087077 s=[ 0 0 0 0 1 1 0 0 0 0 0 0 1 0 1 1 1 0 0 + - 0 1 1 1 1 1 0 1 1 0 1 1 1 1 0 1 1 ] xyz18=( -12.478113, 34.642753, 22.615404 )

d_25_21=2.450854287277 s=[ 0 0 0 0 1 1 0 0 0 0 0 0 1 0 1 1 1 0 0 + - 0 1 1 1 1 1 0 1 1 0 1 1 1 1 0 1 1 ] xyz18=( -12.478517, 34.642988, 22.615471 )

d_25_21=2.451054487477 s=[ 0 0 0 0 1 1 0 0 0 0 0 0 1 0 1 1 1 0 0 + - 0 1 1 1 1 1 0 1 1 0 1 1 1 1 0 1 1 ] xyz18=( -12.478920, 34.643222, 22.615538 )

d_25_21=2.451254687678 s=[ 0 0 0 0 1 1 0 0 0 0 0 0 1 0 1 1 1 0 0 + - 0 1 1 1 1 1 0 1 1 0 1 1 1 1 0 1 1 ] xyz18=( -12.479324, 34.643457, 22.615605 )

d_25_21=2.451454887878 s=[ 0 0 0 0 1 1 0 0 0 0 0 0 1 0 1 1 1 0 0 + - 0 1 1 1 1 1 0 1 1 0 1 1 1 1 0 1 1 ] xyz18=( -12.479727, 34.643692, 22.615672 )

d_25_21=2.451655088078 s=[ 0 0 0 0 1 1 0 0 0 0 0 0 1 0 1 1 1 0 0 + - 0 1 1 1 1 1 0 1 1 0 1 1 1 1 0 1 1 ] xyz18=( -12.480131, 34.643927, 22.615739 )

d_25_21=2.451855288278 s=[ 0 0 0 0 1 1 0 0 0 0 0 0 1 0 1 1 1 0 0 + - 0 1 1 1 1 1 0 1 1 0 1 1 1 1 0 1 1 ] xyz18=( -12.480534, 34.644162, 22.615806 )

d_25_21=2.452055488478 s=[ 0 0 0 0 1 1 0 0 0 0 0 0 1 0 1 1 1 0 0 + - 0 1 1 1 1 1 0 1 1 0 1 1 1 1 0 1 1 ] xyz18=( -12.480937, 34.644397, 22.615872 )

d_25_21=2.452255688679 s=[ 0 0 0 0 1 1 0 0 0 0 0 0 1 0 1 1 1 0 0 + - 0 1 1 1 1 1 0 1 1 0 1 1 1 1 0 1 1 ] xyz18=( -12.481340, 34.644632, 22.615939 )

d_25_21=2.452455888879 s=[ 0 0 0 0 1 1 0 0 0 0 0 0 1 0 1 1 1 0 0 + - 0 1 1 1 1 1 0 1 1 0 1 1 1 1 0 1 1 ] xyz18=( -12.481742, 34.644867, 22.616005 )

d_25_21=2.469272705696 s=[ 0 0 0 0 1 1 0 0 0 0 0 0 1 0 1 1 1 0 0 + - 0 1 0 0 0 0 1 0 0 1 0 0 0 0 1 0 0 ] xyz18=( -12.514997, 34.664886, 22.621350 )

d_25_21=2.469472905896 s=[ 0 0 0 0 1 1 0 0 0 0 0 0 1 0 1 1 1 0 0 + - 0 1 0 0 0 0 1 0 0 1 0 0 0 0 1 0 0 ] xyz18=( -12.515386, 34.665128, 22.621411 )

d_25_21=2.469673106096 s=[ 0 0 0 0 1 1 0 0 0 0 0 0 1 0 1 1 1 0 0 + - 0 1 0 0 0 0 1 0 0 1 0 0 0 0 1 0 0 ] xyz18=( -12.515775, 34.665369, 22.621472 )

d_25_21=2.469873306296 s=[ 0 0 0 0 1 1 0 0 0 0 0 0 1 0 1 1 1 0 0 + - 0 1 0 0 0 0 1 0 0 1 0 0 0 0 1 0 0 ] xyz18=( -12.516164, 34.665611, 22.621533 )

d_25_21=2.470073506496 s=[ 0 0 0 0 1 1 0 0 0 0 0 0 1 0 1 1 1 0 0 + - 0 1 0 0 0 0 1 0 0 1 0 0 0 0 1 0 0 ] xyz18=( -12.516553, 34.665852, 22.621593 )

d_25_21=2.470273706697 s=[ 0 0 0 0 1 1 0 0 0 0 0 0 1 0 1 1 1 0 0 + - 0 1 0 0 0 0 1 0 0 1 0 0 0 0 1 0 0 ] xyz18=( -12.516942, 34.666094, 22.621654 )

d_25_21=2.470473906897 s=[ 0 0 0 0 1 1 0 0 0 0 0 0 1 0 1 1 1 0 0 + - 0 1 0 0 0 0 1 0 0 1 0 0 0 0 1 0 0 ] xyz18=( -12.517330, 34.666336, 22.621714 )

d_25_21=2.470674107097 s=[ 0 0 0 0 1 1 0 0 0 0 0 0 1 0 1 1 1 0 0 + - 0 1 0 0 0 0 1 0 0 1 0 0 0 0 1 0 0 ] xyz18=( -12.517719, 34.666577, 22.621775 )

d_25_21=2.512315748739 s=[ 0 0 0 0 1 1 0 0 0 0 0 0 1 0 1 1 1 0 0 + - 1 0 0 0 0 0 1 0 0 1 0 0 0 0 1 0 0 ] xyz18=( -10.515270, 35.559450, 21.779659 )

d_25_21=2.512515948939 s=[ 0 0 0 0 1 1 0 0 0 0 0 0 1 0 1 1 1 0 0 + - 1 0 0 0 0 0 1 0 0 1 0 0 0 0 1 0 0 ] xyz18=( -10.515325, 35.559027, 21.779781 )

d_25_21=2.512716149139 s=[ 0 0 0 0 1 1 0 0 0 0 0 0 1 0 1 1 1 0 0 + - 1 0 0 0 0 0 1 0 0 1 0 0 0 0 1 0 0 ] xyz18=( -10.515379, 35.558604, 21.779903 )

d_25_21=2.512916349339 s=[ 0 0 0 0 1 1 0 0 0 0 0 0 1 0 1 1 1 0 0 + - 1 0 0 0 0 0 1 0 0 1 0 0 0 0 1 0 0 ] xyz18=( -10.515434, 35.558181, 21.780025 )

d_25_21=2.513116549540 s=[ 0 0 0 0 1 1 0 0 0 0 0 0 1 0 1 1 1 0 0 + - 1 0 0 0 0 0 1 0 0 1 0 0 0 0 1 0 0 ] xyz18=( -10.515488, 35.557758, 21.780146 )

d_25_21=2.513316749740 s=[ 0 0 0 0 1 1 0 0 0 0 0 0 1 0 1 1 1 0 0 + - 1 0 0 0 0 0 1 0 0 1 0 0 0 0 1 0 0 ] xyz18=( -10.515543, 35.557336, 21.780268 )

d_25_21=2.513516949940 s=[ 0 0 0 0 1 1 0 0 0 0 0 0 1 0 1 1 1 0 0 + - 1 0 0 0 0 0 1 0 0 1 0 0 0 0 1 0 0 ] xyz18=( -10.515598, 35.556913, 21.780390 )

d_25_21=2.513717150140 s=[ 0 0 0 0 1 1 0 0 0 0 0 0 1 0 1 1 1 0 0 + - 1 0 0 0 0 0 1 0 0 1 0 0 0 0 1 0 0 ] xyz18=( -10.515653, 35.556491, 21.780512 )

d_25_21=2.513917350340 s=[ 0 0 0 0 1 1 0 0 0 0 0 0 1 0 1 1 1 0 0 + - 1 0 0 0 0 0 1 0 0 1 0 0 0 0 1 0 0 ] xyz18=( -10.515708, 35.556069, 21.780633 )

d_25_21=2.514117550541 s=[ 0 0 0 0 1 1 0 0 0 0 0 0 1 0 1 1 1 0 0 + - 1 0 0 0 0 0 1 0 0 1 0 0 0 0 1 0 0 ] xyz18=( -10.515763, 35.555646, 21.780755 )

d_25_21=2.514317750741 s=[ 0 0 0 0 1 1 0 0 0 0 0 0 1 0 1 1 1 0 0 + - 1 0 0 0 0 0 1 0 0 1 0 0 0 0 1 0 0 ] xyz18=( -10.515818, 35.555224, 21.780877 )

d_25_21=2.514517950941 s=[ 0 0 0 0 1 1 0 0 0 0 0 0 1 0 1 1 1 0 0 + - 1 0 0 0 0 0 1 0 0 1 0 0 0 0 1 0 0 ] xyz18=( -10.515874, 35.554802, 21.780999 )

d_25_21=2.514718151141 s=[ 0 0 0 0 1 1 0 0 0 0 0 0 1 0 1 1 1 0 0 + - 1 0 0 0 0 0 1 0 0 1 0 0 0 0 1 0 0 ] xyz18=( -10.515929, 35.554380, 21.781121 )

d_25_21=2.514918351341 s=[ 0 0 0 0 1 1 0 0 0 0 0 0 1 0 1 1 1 0 0 + - 1 0 0 0 0 0 1 0 0 1 0 0 0 0 1 0 0 ] xyz18=( -10.515985, 35.553958, 21.781242 )

d_25_21=2.515118551542 s=[ 0 0 0 0 1 1 0 0 0 0 0 0 1 0 1 1 1 0 0 + - 1 0 0 0 0 0 1 0 0 1 0 0 0 0 1 0 0 ] xyz18=( -10.516041, 35.553537, 21.781364 )

d_25_21=2.515318751742 s=[ 0 0 0 0 1 1 0 0 0 0 0 0 1 0 1 1 1 0 0 + - 1 0 0 0 0 0 1 0 0 1 0 0 0 0 1 0 0 ] xyz18=( -10.516097, 35.553115, 21.781486 )

d_25_21=2.515518951942 s=[ 0 0 0 0 1 1 0 0 0 0 0 0 1 0 1 1 1 0 0 + - 1 0 0 0 0 0 1 0 0 1 0 0 0 0 1 0 0 ] xyz18=( -10.516153, 35.552694, 21.781608 )

d_25_21=2.515719152142 s=[ 0 0 0 0 1 1 0 0 0 0 0 0 1 0 1 1 1 0 0 + - 1 0 0 0 0 0 1 0 0 1 0 0 0 0 1 0 0 ] xyz18=( -10.516209, 35.552272, 21.781730 )

d_25_21=2.515919352342 s=[ 0 0 0 0 1 1 0 0 0 0 0 0 1 0 1 1 1 0 0 + - 1 0 0 0 0 0 1 0 0 1 0 0 0 0 1 0 0 ] xyz18=( -10.516265, 35.551851, 21.781852 )

d_25_21=2.516119552543 s=[ 0 0 0 0 1 1 0 0 0 0 0 0 1 0 1 1 1 0 0 + - 1 0 0 0 0 0 1 0 0 1 0 0 0 0 1 0 0 ] xyz18=( -10.516322, 35.551429, 21.781974 )

d_25_21=2.516319752743 s=[ 0 0 0 0 1 1 0 0 0 0 0 0 1 0 1 1 1 0 0 + - 1 0 0 0 0 0 1 0 0 1 0 0 0 0 1 0 0 ] xyz18=( -10.516378, 35.551008, 21.782096 )

d_25_21=2.516519952943 s=[ 0 0 0 0 1 1 0 0 0 0 0 0 1 0 1 1 1 0 0 + - 1 0 0 0 0 0 1 0 0 1 0 0 0 0 1 0 0 ] xyz18=( -10.516435, 35.550587, 21.782218 )

d_25_21=2.516720153143 s=[ 0 0 0 0 1 1 0 0 0 0 0 0 1 0 1 1 1 0 0 + - 1 0 0 0 0 0 1 0 0 1 0 0 0 0 1 0 0 ] xyz18=( -10.516492, 35.550166, 21.782340 )

d_25_21=2.516920353343 s=[ 0 0 0 0 1 1 0 0 0 0 0 0 1 0 1 1 1 0 0 + - 1 0 0 0 0 0 1 0 0 1 0 0 0 0 1 0 0 ] xyz18=( -10.516549, 35.549745, 21.782462 )

d_25_21=2.517120553544 s=[ 0 0 0 0 1 1 0 0 0 0 0 0 1 0 1 1 1 0 0 + - 1 0 0 0 0 0 1 0 0 1 0 0 0 0 1 0 0 ] xyz18=( -10.516606, 35.549325, 21.782584 )

d_25_21=2.517320753744 s=[ 0 0 0 0 1 1 0 0 0 0 0 0 1 0 1 1 1 0 0 + - 1 0 0 0 0 0 1 0 0 1 0 0 0 0 1 0 0 ] xyz18=( -10.516663, 35.548904, 21.782706 )

d_25_21=2.517520953944 s=[ 0 0 0 0 1 1 0 0 0 0 0 0 1 0 1 1 1 0 0 + - 1 0 0 0 0 0 1 0 0 1 0 0 0 0 1 0 0 ] xyz18=( -10.516720, 35.548483, 21.782828 )

d_25_21=2.517721154144 s=[ 0 0 0 0 1 1 0 0 0 0 0 0 1 0 1 1 1 0 0 + - 1 0 0 0 0 0 1 0 0 1 0 0 0 0 1 0 0 ] xyz18=( -10.516778, 35.548063, 21.782950 )

d_25_21=2.517921354344 s=[ 0 0 0 0 1 1 0 0 0 0 0 0 1 0 1 1 1 0 0 + - 1 0 0 0 0 0 1 0 0 1 0 0 0 0 1 0 0 ] xyz18=( -10.516835, 35.547643, 21.783072 )

d_25_21=2.518121554545 s=[ 0 0 0 0 1 1 0 0 0 0 0 0 1 0 1 1 1 0 0 + - 1 0 0 0 0 0 1 0 0 1 0 0 0 0 1 0 0 ] xyz18=( -10.516893, 35.547222, 21.783194 )

d_25_21=2.518321754745 s=[ 0 0 0 0 1 1 0 0 0 0 0 0 1 0 1 1 1 0 0 + - 1 0 0 0 0 0 1 0 0 1 0 0 0 0 1 0 0 ] xyz18=( -10.516951, 35.546802, 21.783316 )

d_25_21=2.518521954945 s=[ 0 0 0 0 1 1 0 0 0 0 0 0 1 0 1 1 1 0 0 + - 1 0 0 0 0 0 1 0 0 1 0 0 0 0 1 0 0 ] xyz18=( -10.517009, 35.546382, 21.783438 )

d_25_21=2.518722155145 s=[ 0 0 0 0 1 1 0 0 0 0 0 0 1 0 1 1 1 0 0 + - 1 0 0 0 0 0 1 0 0 1 0 0 0 0 1 0 0 ] xyz18=( -10.517067, 35.545962, 21.783560 )

d_25_21=2.518922355345 s=[ 0 0 0 0 1 1 0 0 0 0 0 0 1 0 1 1 1 0 0 + - 1 0 0 0 0 0 1 0 0 1 0 0 0 0 1 0 0 ] xyz18=( -10.517125, 35.545542, 21.783682 )

d_25_21=2.519122555546 s=[ 0 0 0 0 1 1 0 0 0 0 0 0 1 0 1 1 1 0 0 + - 1 0 0 0 0 0 1 0 0 1 0 0 0 0 1 0 0 ] xyz18=( -10.517183, 35.545122, 21.783805 )

d_25_21=2.519322755746 s=[ 0 0 0 0 1 1 0 0 0 0 0 0 1 0 1 1 1 0 0 + - 1 0 0 0 0 0 1 0 0 1 0 0 0 0 1 0 0 ] xyz18=( -10.517241, 35.544703, 21.783927 )

d_25_21=2.519522955946 s=[ 0 0 0 0 1 1 0 0 0 0 0 0 1 0 1 1 1 0 0 + - 1 0 0 0 0 0 1 0 0 1 0 0 0 0 1 0 0 ] xyz18=( -10.517300, 35.544283, 21.784049 )

d_25_21=2.519723156146 s=[ 0 0 0 0 1 1 0 0 0 0 0 0 1 0 1 1 1 0 0 + - 1 0 0 0 0 0 1 0 0 1 0 0 0 0 1 0 0 ] xyz18=( -10.517358, 35.543864, 21.784171 )

d_25_21=2.519923356346 s=[ 0 0 0 0 1 1 0 0 0 0 0 0 1 0 1 1 1 0 0 + - 1 0 0 0 0 0 1 0 0 1 0 0 0 0 1 0 0 ] xyz18=( -10.517417, 35.543444, 21.784293 )

d_25_21=2.520123556547 s=[ 0 0 0 0 1 1 0 0 0 0 0 0 1 0 1 1 1 0 0 + - 1 0 0 0 0 0 1 0 0 1 0 0 0 0 1 0 0 ] xyz18=( -10.517476, 35.543025, 21.784415 )

d_25_21=2.520323756747 s=[ 0 0 0 0 1 1 0 0 0 0 0 0 1 0 1 1 1 0 0 + - 1 0 0 0 0 0 1 0 0 1 0 0 0 0 1 0 0 ] xyz18=( -10.517535, 35.542606, 21.784538 )

d_25_21=2.520523956947 s=[ 0 0 0 0 1 1 0 0 0 0 0 0 1 0 1 1 1 0 0 + - 1 0 0 0 0 0 1 0 0 1 0 0 0 0 1 0 0 ] xyz18=( -10.517594, 35.542186, 21.784660 )

d_25_21=2.520724157147 s=[ 0 0 0 0 1 1 0 0 0 0 0 0 1 0 1 1 1 0 0 + - 1 0 0 0 0 0 1 0 0 1 0 0 0 0 1 0 0 ] xyz18=( -10.517653, 35.541767, 21.784782 )

d_25_21=2.520924357347 s=[ 0 0 0 0 1 1 0 0 0 0 0 0 1 0 1 1 1 0 0 + - 1 0 0 0 0 0 1 0 0 1 0 0 0 0 1 0 0 ] xyz18=( -10.517712, 35.541348, 21.784904 )

d_25_21=2.521124557548 s=[ 0 0 0 0 1 1 0 0 0 0 0 0 1 0 1 1 1 0 0 + - 1 0 0 0 0 0 1 0 0 1 0 0 0 0 1 0 0 ] xyz18=( -10.517772, 35.540930, 21.785027 )

d_25_21=2.521324757748 s=[ 0 0 0 0 1 1 0 0 0 0 0 0 1 0 1 1 1 0 0 + - 1 0 0 0 0 0 1 0 0 1 0 0 0 0 1 0 0 ] xyz18=( -10.517831, 35.540511, 21.785149 )

d_25_21=2.521524957948 s=[ 0 0 0 0 1 1 0 0 0 0 0 0 1 0 1 1 1 0 0 + - 1 0 0 0 0 0 1 0 0 1 0 0 0 0 1 0 0 ] xyz18=( -10.517891, 35.540092, 21.785271 )

d_25_21=2.521725158148 s=[ 0 0 0 0 1 1 0 0 0 0 0 0 1 0 1 1 1 0 0 + - 1 0 0 0 0 0 1 0 0 1 0 0 0 0 1 0 0 ] xyz18=( -10.517951, 35.539674, 21.785394 )

d_25_21=2.521925358348 s=[ 0 0 0 0 1 1 0 0 0 0 0 0 1 0 1 1 1 0 0 + - 1 0 0 0 0 0 1 0 0 1 0 0 0 0 1 0 0 ] xyz18=( -10.518011, 35.539255, 21.785516 )

d_25_21=2.522125558549 s=[ 0 0 0 0 1 1 0 0 0 0 0 0 1 0 1 1 1 0 0 + - 1 0 0 0 0 0 1 0 0 1 0 0 0 0 1 0 0 ] xyz18=( -10.518071, 35.538837, 21.785638 )

d_25_21=2.522325758749 s=[ 0 0 0 0 1 1 0 0 0 0 0 0 1 0 1 1 1 0 0 + - 1 0 0 0 0 0 1 0 0 1 0 0 0 0 1 0 0 ] xyz18=( -10.518131, 35.538419, 21.785761 )

d_25_21=2.522525958949 s=[ 0 0 0 0 1 1 0 0 0 0 0 0 1 0 1 1 1 0 0 + - 1 0 0 0 0 0 1 0 0 1 0 0 0 0 1 0 0 ] xyz18=( -10.518191, 35.538000, 21.785883 )

d_25_21=2.527130563554 s=[ 0 0 0 0 1 1 0 0 0 0 0 0 1 0 1 1 1 0 0 + - 1 0 1 1 1 1 0 1 1 1 0 0 0 0 1 0 0 ] xyz18=( -10.519611, 35.528408, 21.788701 )

d_25_21=2.527330763754 s=[ 0 0 0 0 1 1 0 0 0 0 0 0 1 0 1 1 1 0 0 + - 1 0 1 1 1 1 0 1 1 1 0 0 0 0 1 0 0 ] xyz18=( -10.519674, 35.527992, 21.788824 )

d_25_21=2.527530963954 s=[ 0 0 0 0 1 1 0 0 0 0 0 0 1 0 1 1 1 0 0 + - 1 0 1 1 1 1 0 1 1 1 0 0 0 0 1 0 0 ] xyz18=( -10.519737, 35.527576, 21.788947 )

d_25_21=2.527731164154 s=[ 0 0 0 0 1 1 0 0 0 0 0 0 1 0 1 1 1 0 0 + - 1 0 1 1 1 1 0 1 1 1 0 0 0 0 1 0 0 ] xyz18=( -10.519800, 35.527161, 21.789069 )

d_25_21=2.527931364354 s=[ 0 0 0 0 1 1 0 0 0 0 0 0 1 0 1 1 1 0 0 + - 1 0 1 1 1 1 0 1 1 1 0 0 0 0 1 0 0 ] xyz18=( -10.519864, 35.526745, 21.789192 )

d_25_21=2.528131564555 s=[ 0 0 0 0 1 1 0 0 0 0 0 0 1 0 1 1 1 0 0 + - 1 0 1 1 1 1 0 1 1 1 0 0 0 0 1 0 0 ] xyz18=( -10.519927, 35.526329, 21.789315 )

d_25_21=2.528331764755 s=[ 0 0 0 0 1 1 0 0 0 0 0 0 1 0 1 1 1 0 0 + - 1 0 1 1 1 1 0 1 1 1 0 0 0 0 1 0 0 ] xyz18=( -10.519991, 35.525914, 21.789437 )

d_25_21=2.528531964955 s=[ 0 0 0 0 1 1 0 0 0 0 0 0 1 0 1 1 1 0 0 + - 1 0 1 1 1 1 0 1 1 1 0 0 0 0 1 0 0 ] xyz18=( -10.520055, 35.525499, 21.789560 )

d_25_21=2.528732165155 s=[ 0 0 0 0 1 1 0 0 0 0 0 0 1 0 1 1 1 0 0 + - 1 0 1 1 1 1 0 1 1 1 0 0 0 0 1 0 0 ] xyz18=( -10.520119, 35.525083, 21.789683 )

d_25_21=2.528932365355 s=[ 0 0 0 0 1 1 0 0 0 0 0 0 1 0 1 1 1 0 0 + - 1 0 1 1 1 1 0 1 1 1 0 0 0 0 1 0 0 ] xyz18=( -10.520183, 35.524668, 21.789806 )

d_25_21=2.529132565556 s=[ 0 0 0 0 1 1 0 0 0 0 0 0 1 0 1 1 1 0 0 + - 1 0 1 1 1 1 0 1 1 1 0 0 0 0 1 0 0 ] xyz18=( -10.520247, 35.524253, 21.789929 )

d_25_21=2.529332765756 s=[ 0 0 0 0 1 1 0 0 0 0 0 0 1 0 1 1 1 0 0 + - 1 0 1 1 1 1 0 1 1 1 0 0 0 0 1 0 0 ] xyz18=( -10.520311, 35.523838, 21.790051 )

d_25_21=2.529532965956 s=[ 0 0 0 0 1 1 0 0 0 0 0 0 1 0 1 1 1 0 0 + - 1 0 1 1 1 1 0 1 1 1 0 0 0 0 1 0 0 ] xyz18=( -10.520376, 35.523423, 21.790174 )

d_25_21=2.529733166156 s=[ 0 0 0 0 1 1 0 0 0 0 0 0 1 0 1 1 1 0 0 + - 1 0 1 1 1 1 0 1 1 1 0 0 0 0 1 0 0 ] xyz18=( -10.520440, 35.523008, 21.790297 )

d_25_21=2.529933366356 s=[ 0 0 0 0 1 1 0 0 0 0 0 0 1 0 1 1 1 0 0 + - 1 0 1 1 1 1 0 1 1 1 0 0 0 0 1 0 0 ] xyz18=( -10.520505, 35.522594, 21.790420 )

d_25_21=2.530133566557 s=[ 0 0 0 0 1 1 0 0 0 0 0 0 1 0 1 1 1 0 0 + - 1 0 1 1 1 1 0 1 1 1 0 0 0 0 1 0 0 ] xyz18=( -10.520570, 35.522179, 21.790543 )

d_25_21=2.530333766757 s=[ 0 0 0 0 1 1 0 0 0 0 0 0 1 0 1 1 1 0 0 + - 1 0 1 1 1 1 0 1 1 1 0 0 0 0 1 0 0 ] xyz18=( -10.520635, 35.521764, 21.790666 )

d_25_21=2.530533966957 s=[ 0 0 0 0 1 1 0 0 0 0 0 0 1 0 1 1 1 0 0 + - 1 0 1 1 1 1 0 1 1 1 0 0 0 0 1 0 0 ] xyz18=( -10.520700, 35.521350, 21.790789 )

d_25_21=2.530734167157 s=[ 0 0 0 0 1 1 0 0 0 0 0 0 1 0 1 1 1 0 0 + - 1 0 1 1 1 1 0 1 1 1 0 0 0 0 1 0 0 ] xyz18=( -10.520765, 35.520936, 21.790912 )

d_25_21=2.530934367357 s=[ 0 0 0 0 1 1 0 0 0 0 0 0 1 0 1 1 1 0 0 + - 1 0 1 1 1 1 0 1 1 1 0 0 0 0 1 0 0 ] xyz18=( -10.520830, 35.520521, 21.791035 )

d_25_21=2.531134567558 s=[ 0 0 0 0 1 1 0 0 0 0 0 0 1 0 1 1 1 0 0 + - 1 0 1 1 1 1 0 1 1 1 0 0 0 0 1 0 0 ] xyz18=( -10.520895, 35.520107, 21.791158 )

d_25_21=2.531334767758 s=[ 0 0 0 0 1 1 0 0 0 0 0 0 1 0 1 1 1 0 0 + - 1 0 1 1 1 1 0 1 1 1 0 0 0 0 1 0 0 ] xyz18=( -10.520961, 35.519693, 21.791280 )

d_25_21=2.531534967958 s=[ 0 0 0 0 1 1 0 0 0 0 0 0 1 0 1 1 1 0 0 + - 1 0 1 1 1 1 0 1 1 1 0 0 0 0 1 0 0 ] xyz18=( -10.521026, 35.519279, 21.791403 )

d_25_21=2.531735168158 s=[ 0 0 0 0 1 1 0 0 0 0 0 0 1 0 1 1 1 0 0 + - 1 0 1 1 1 1 0 1 1 1 0 0 0 0 1 0 0 ] xyz18=( -10.521092, 35.518865, 21.791526 )

d_25_21=2.531935368358 s=[ 0 0 0 0 1 1 0 0 0 0 0 0 1 0 1 1 1 0 0 + - 1 0 1 1 1 1 0 1 1 1 0 0 0 0 1 0 0 ] xyz18=( -10.521158, 35.518451, 21.791649 )

d_25_21=2.532135568559 s=[ 0 0 0 0 1 1 0 0 0 0 0 0 1 0 1 1 1 0 0 + - 1 0 1 1 1 1 0 1 1 1 0 0 0 0 1 0 0 ] xyz18=( -10.521224, 35.518038, 21.791772 )

d_25_21=2.532335768759 s=[ 0 0 0 0 1 1 0 0 0 0 0 0 1 0 1 1 1 0 0 + - 1 0 1 1 1 1 0 1 1 1 0 0 0 0 1 0 0 ] xyz18=( -10.521290, 35.517624, 21.791895 )

d_25_21=2.532535968959 s=[ 0 0 0 0 1 1 0 0 0 0 0 0 1 0 1 1 1 0 0 + - 1 0 1 1 1 1 0 1 1 1 0 0 0 0 1 0 0 ] xyz18=( -10.521356, 35.517210, 21.792019 )

d_25_21=2.532736169159 s=[ 0 0 0 0 1 1 0 0 0 0 0 0 1 0 1 1 1 0 0 + - 1 0 1 1 1 1 0 1 1 1 0 0 0 0 1 0 0 ] xyz18=( -10.521422, 35.516797, 21.792142 )

d_25_21=2.532936369359 s=[ 0 0 0 0 1 1 0 0 0 0 0 0 1 0 1 1 1 0 0 + - 1 0 1 1 1 1 0 1 1 1 0 0 0 0 1 0 0 ] xyz18=( -10.521489, 35.516384, 21.792265 )

d_25_21=2.533136569560 s=[ 0 0 0 0 1 1 0 0 0 0 0 0 1 0 1 1 1 0 0 + - 1 0 1 1 1 1 0 1 1 1 0 0 0 0 1 0 0 ] xyz18=( -10.521555, 35.515970, 21.792388 )

d_25_21=2.533336769760 s=[ 0 0 0 0 1 1 0 0 0 0 0 0 1 0 1 1 1 0 0 + + 0 0 0 0 0 0 1 0 0 0 0 0 0 0 1 0 0 ] xyz18=( -10.566988, 35.324746, 21.853883 )

d_25_21=2.533336769760 s=[ 0 0 0 0 1 1 0 0 0 0 0 0 1 0 1 1 1 0 0 + - 1 0 1 1 1 1 0 1 1 1 0 0 0 0 1 0 0 ] xyz18=( -10.521622, 35.515557, 21.792511 )

d_25_21=2.533536969960 s=[ 0 0 0 0 1 1 0 0 0 0 0 0 1 0 1 1 1 0 0 + + 0 0 0 0 0 0 1 0 0 0 0 0 0 0 1 0 0 ] xyz18=( -10.566863, 35.325141, 21.853746 )

d_25_21=2.533536969960 s=[ 0 0 0 0 1 1 0 0 0 0 0 0 1 0 1 1 1 0 0 + - 1 0 1 1 1 1 0 1 1 1 0 0 0 0 1 0 0 ] xyz18=( -10.521689, 35.515144, 21.792634 )

d_25_21=2.533737170160 s=[ 0 0 0 0 1 1 0 0 0 0 0 0 1 0 1 1 1 0 0 + + 0 0 0 0 0 0 1 0 0 0 0 0 0 0 1 0 0 ] xyz18=( -10.566738, 35.325536, 21.853609 )

d_25_21=2.533737170160 s=[ 0 0 0 0 1 1 0 0 0 0 0 0 1 0 1 1 1 0 0 + - 1 0 1 1 1 1 0 1 1 1 0 0 0 0 1 0 0 ] xyz18=( -10.521756, 35.514731, 21.792757 )

d_25_21=2.533937370360 s=[ 0 0 0 0 1 1 0 0 0 0 0 0 1 0 1 1 1 0 0 + + 0 0 0 0 0 0 1 0 0 0 0 0 0 0 1 0 0 ] xyz18=( -10.566613, 35.325930, 21.853473 )

d_25_21=2.533937370360 s=[ 0 0 0 0 1 1 0 0 0 0 0 0 1 0 1 1 1 0 0 + - 1 0 1 1 1 1 0 1 1 1 0 0 0 0 1 0 0 ] xyz18=( -10.521823, 35.514318, 21.792880 )

d_25_21=2.534137570561 s=[ 0 0 0 0 1 1 0 0 0 0 0 0 1 0 1 1 1 0 0 + + 0 0 0 0 0 0 1 0 0 0 0 0 0 0 1 0 0 ] xyz18=( -10.566488, 35.326325, 21.853336 )

d_25_21=2.534137570561 s=[ 0 0 0 0 1 1 0 0 0 0 0 0 1 0 1 1 1 0 0 + - 1 0 1 1 1 1 0 1 1 1 0 0 0 0 1 0 0 ] xyz18=( -10.521890, 35.513906, 21.793003 )

d_25_21=2.534337770761 s=[ 0 0 0 0 1 1 0 0 0 0 0 0 1 0 1 1 1 0 0 + + 0 0 0 0 0 0 1 0 0 0 0 0 0 0 1 0 0 ] xyz18=( -10.566363, 35.326720, 21.853199 )

d_25_21=2.534337770761 s=[ 0 0 0 0 1 1 0 0 0 0 0 0 1 0 1 1 1 0 0 + - 1 0 1 1 1 1 0 1 1 1 0 0 0 0 1 0 0 ] xyz18=( -10.521957, 35.513493, 21.793127 )

d_25_21=2.534537970961 s=[ 0 0 0 0 1 1 0 0 0 0 0 0 1 0 1 1 1 0 0 + + 0 0 0 0 0 0 1 0 0 0 0 0 0 0 1 0 0 ] xyz18=( -10.566238, 35.327115, 21.853063 )

d_25_21=2.534537970961 s=[ 0 0 0 0 1 1 0 0 0 0 0 0 1 0 1 1 1 0 0 + - 1 0 1 1 1 1 0 1 1 1 0 0 0 0 1 0 0 ] xyz18=( -10.522024, 35.513080, 21.793250 )

d_25_21=2.534738171161 s=[ 0 0 0 0 1 1 0 0 0 0 0 0 1 0 1 1 1 0 0 + + 0 0 0 0 0 0 1 0 0 0 0 0 0 0 1 0 0 ] xyz18=( -10.566114, 35.327509, 21.852927 )

d_25_21=2.534938371361 s=[ 0 0 0 0 1 1 0 0 0 0 0 0 1 0 1 1 1 0 0 + + 0 0 0 0 0 0 1 0 0 0 0 0 0 0 1 0 0 ] xyz18=( -10.565989, 35.327904, 21.852790 )

d_25_21=2.535138571562 s=[ 0 0 0 0 1 1 0 0 0 0 0 0 1 0 1 1 1 0 0 + + 0 0 0 0 0 0 1 0 0 0 0 0 0 0 1 0 0 ] xyz18=( -10.565865, 35.328299, 21.852654 )

d_25_21=2.535338771762 s=[ 0 0 0 0 1 1 0 0 0 0 0 0 1 0 1 1 1 0 0 + + 0 0 0 0 0 0 1 0 0 0 0 0 0 0 1 0 0 ] xyz18=( -10.565741, 35.328693, 21.852517 )

d_25_21=2.535538971962 s=[ 0 0 0 0 1 1 0 0 0 0 0 0 1 0 1 1 1 0 0 + + 0 0 0 0 0 0 1 0 0 0 0 0 0 0 1 0 0 ] xyz18=( -10.565617, 35.329088, 21.852381 )

d_25_21=2.538141574565 s=[ 0 0 0 0 1 1 0 0 0 0 0 0 1 0 1 1 1 0 0 + + 0 0 1 1 1 1 0 1 1 0 1 1 1 1 0 1 1 ] xyz18=( -10.564019, 35.334218, 21.850614 )

d_25_21=2.538341774765 s=[ 0 0 0 0 1 1 0 0 0 0 0 0 1 0 1 1 1 0 0 + + 0 0 1 1 1 1 0 1 1 0 1 1 1 1 0 1 1 ] xyz18=( -10.563897, 35.334612, 21.850478 )

d_25_21=2.538541974965 s=[ 0 0 0 0 1 1 0 0 0 0 0 0 1 0 1 1 1 0 0 + + 0 0 1 1 1 1 0 1 1 0 1 1 1 1 0 1 1 ] xyz18=( -10.563776, 35.335007, 21.850343 )

d_25_21=2.538742175165 s=[ 0 0 0 0 1 1 0 0 0 0 0 0 1 0 1 1 1 0 0 + + 0 0 1 1 1 1 0 1 1 0 1 1 1 1 0 1 1 ] xyz18=( -10.563654, 35.335401, 21.850207 )

d_25_21=2.538942375365 s=[ 0 0 0 0 1 1 0 0 0 0 0 0 1 0 1 1 1 0 0 + + 0 0 1 1 1 1 0 1 1 0 1 1 1 1 0 1 1 ] xyz18=( -10.563532, 35.335796, 21.850072 )

d_25_21=2.539142575566 s=[ 0 0 0 0 1 1 0 0 0 0 0 0 1 0 1 1 1 0 0 + + 0 0 1 1 1 1 0 1 1 0 1 1 1 1 0 1 1 ] xyz18=( -10.563411, 35.336190, 21.849936 )

d_25_21=2.539342775766 s=[ 0 0 0 0 1 1 0 0 0 0 0 0 1 0 1 1 1 0 0 + + 0 0 1 1 1 1 0 1 1 0 1 1 1 1 0 1 1 ] xyz18=( -10.563290, 35.336585, 21.849801 )

d_25_21=2.539542975966 s=[ 0 0 0 0 1 1 0 0 0 0 0 0 1 0 1 1 1 0 0 + + 0 0 1 1 1 1 0 1 1 0 1 1 1 1 0 1 1 ] xyz18=( -10.563169, 35.336979, 21.849666 )

d_25_21=2.539743176166 s=[ 0 0 0 0 1 1 0 0 0 0 0 0 1 0 1 1 1 0 0 + + 0 0 1 1 1 1 0 1 1 0 1 1 1 1 0 1 1 ] xyz18=( -10.563048, 35.337373, 21.849530 )

d_25_21=2.539943376366 s=[ 0 0 0 0 1 1 0 0 0 0 0 0 1 0 1 1 1 0 0 + + 0 0 1 1 1 1 0 1 1 0 1 1 1 1 0 1 1 ] xyz18=( -10.562927, 35.337768, 21.849395 )

d_25_21=2.540143576567 s=[ 0 0 0 0 1 1 0 0 0 0 0 0 1 0 1 1 1 0 0 + + 0 0 1 1 1 1 0 1 1 0 1 1 1 1 0 1 1 ] xyz18=( -10.562806, 35.338162, 21.849260 )

d_25_21=2.540343776767 s=[ 0 0 0 0 1 1 0 0 0 0 0 0 1 0 1 1 1 0 0 + + 0 0 1 1 1 1 0 1 1 0 1 1 1 1 0 1 1 ] xyz18=( -10.562685, 35.338557, 21.849125 )

d_25_21=2.540543976967 s=[ 0 0 0 0 1 1 0 0 0 0 0 0 1 0 1 1 1 0 0 + + 0 0 1 1 1 1 0 1 1 0 1 1 1 1 0 1 1 ] xyz18=( -10.562565, 35.338951, 21.848990 )

d_25_21=2.540744177167 s=[ 0 0 0 0 1 1 0 0 0 0 0 0 1 0 1 1 1 0 0 + + 0 0 1 1 1 1 0 1 1 0 1 1 1 1 0 1 1 ] xyz18=( -10.562445, 35.339345, 21.848855 )

d_25_21=2.540944377367 s=[ 0 0 0 0 1 1 0 0 0 0 0 0 1 0 1 1 1 0 0 + + 0 0 1 1 1 1 0 1 1 0 1 1 1 1 0 1 1 ] xyz18=( -10.562325, 35.339740, 21.848720 )

d_25_21=2.541144577568 s=[ 0 0 0 0 1 1 0 0 0 0 0 0 1 0 1 1 1 0 0 + + 0 0 1 1 1 1 0 1 1 0 1 1 1 1 0 1 1 ] xyz18=( -10.562205, 35.340134, 21.848585 )

d_25_21=2.541344777768 s=[ 0 0 0 0 1 1 0 0 0 0 0 0 1 0 1 1 1 0 0 + + 0 0 1 1 1 1 0 1 1 0 1 1 1 1 0 1 1 ] xyz18=( -10.562085, 35.340529, 21.848450 )

d_25_21=2.541544977968 s=[ 0 0 0 0 1 1 0 0 0 0 0 0 1 0 1 1 1 0 0 + + 0 0 1 1 1 1 0 1 1 0 1 1 1 1 0 1 1 ] xyz18=( -10.561965, 35.340923, 21.848315 )

d_25_21=2.541745178168 s=[ 0 0 0 0 1 1 0 0 0 0 0 0 1 0 1 1 1 0 0 + + 0 0 1 1 1 1 0 1 1 0 1 1 1 1 0 1 1 ] xyz18=( -10.561845, 35.341317, 21.848180 )

d_25_21=2.541945378368 s=[ 0 0 0 0 1 1 0 0 0 0 0 0 1 0 1 1 1 0 0 + + 0 0 1 1 1 1 0 1 1 0 1 1 1 1 0 1 1 ] xyz18=( -10.561726, 35.341712, 21.848045 )

d_25_21=2.542145578569 s=[ 0 0 0 0 1 1 0 0 0 0 0 0 1 0 1 1 1 0 0 + + 0 0 1 1 1 1 0 1 1 0 1 1 1 1 0 1 1 ] xyz18=( -10.561607, 35.342106, 21.847910 )

d_25_21=2.542345778769 s=[ 0 0 0 0 1 1 0 0 0 0 0 0 1 0 1 1 1 0 0 + + 0 0 1 1 1 1 0 1 1 0 1 1 1 1 0 1 1 ] xyz18=( -10.561487, 35.342500, 21.847776 )

d_25_21=2.542545978969 s=[ 0 0 0 0 1 1 0 0 0 0 0 0 1 0 1 1 1 0 0 + + 0 0 1 1 1 1 0 1 1 0 1 1 1 1 0 1 1 ] xyz18=( -10.561368, 35.342894, 21.847641 )

d_25_21=2.542746179169 s=[ 0 0 0 0 1 1 0 0 0 0 0 0 1 0 1 1 1 0 0 + + 0 0 1 1 1 1 0 1 1 0 1 1 1 1 0 1 1 ] xyz18=( -10.561250, 35.343289, 21.847506 )

d_25_21=2.542946379369 s=[ 0 0 0 0 1 1 0 0 0 0 0 0 1 0 1 1 1 0 0 + + 0 0 1 1 1 1 0 1 1 0 1 1 1 1 0 1 1 ] xyz18=( -10.561131, 35.343683, 21.847372 )

d_25_21=2.543146579570 s=[ 0 0 0 0 1 1 0 0 0 0 0 0 1 0 1 1 1 0 0 + + 0 0 1 1 1 1 0 1 1 0 1 1 1 1 0 1 1 ] xyz18=( -10.561012, 35.344077, 21.847237 )

d_25_21=2.543346779770 s=[ 0 0 0 0 1 1 0 0 0 0 0 0 1 0 1 1 1 0 0 + + 0 0 1 1 1 1 0 1 1 0 1 1 1 1 0 1 1 ] xyz18=( -10.560894, 35.344472, 21.847103 )

d_25_21=2.543546979970 s=[ 0 0 0 0 1 1 0 0 0 0 0 0 1 0 1 1 1 0 0 + + 0 0 1 1 1 1 0 1 1 0 1 1 1 1 0 1 1 ] xyz18=( -10.560775, 35.344866, 21.846968 )

d_25_21=2.543747180170 s=[ 0 0 0 0 1 1 0 0 0 0 0 0 1 0 1 1 1 0 0 + + 0 0 1 1 1 1 0 1 1 0 1 1 1 1 0 1 1 ] xyz18=( -10.560657, 35.345260, 21.846834 )

d_25_21=2.543947380370 s=[ 0 0 0 0 1 1 0 0 0 0 0 0 1 0 1 1 1 0 0 + + 0 0 1 1 1 1 0 1 1 0 1 1 1 1 0 1 1 ] xyz18=( -10.560539, 35.345654, 21.846700 )

d_25_21=2.544147580571 s=[ 0 0 0 0 1 1 0 0 0 0 0 0 1 0 1 1 1 0 0 + + 0 0 1 1 1 1 0 1 1 0 1 1 1 1 0 1 1 ] xyz18=( -10.560421, 35.346048, 21.846565 )

d_25_21=2.544347780771 s=[ 0 0 0 0 1 1 0 0 0 0 0 0 1 0 1 1 1 0 0 + + 0 0 1 1 1 1 0 1 1 0 1 1 1 1 0 1 1 ] xyz18=( -10.560303, 35.346443, 21.846431 )

d_25_21=2.544547980971 s=[ 0 0 0 0 1 1 0 0 0 0 0 0 1 0 1 1 1 0 0 + + 0 0 1 1 1 1 0 1 1 0 1 1 1 1 0 1 1 ] xyz18=( -10.560186, 35.346837, 21.846297 )

d_25_21=2.544748181171 s=[ 0 0 0 0 1 1 0 0 0 0 0 0 1 0 1 1 1 0 0 + + 0 0 1 1 1 1 0 1 1 0 1 1 1 1 0 1 1 ] xyz18=( -10.560068, 35.347231, 21.846163 )

d_25_21=2.544948381371 s=[ 0 0 0 0 1 1 0 0 0 0 0 0 1 0 1 1 1 0 0 + + 0 0 1 1 1 1 0 1 1 0 1 1 1 1 0 1 1 ] xyz18=( -10.559951, 35.347625, 21.846029 )

d_25_21=2.545148581572 s=[ 0 0 0 0 1 1 0 0 0 0 0 0 1 0 1 1 1 0 0 + + 0 0 1 1 1 1 0 1 1 0 1 1 1 1 0 1 1 ] xyz18=( -10.559833, 35.348019, 21.845894 )

d_25_21=2.545348781772 s=[ 0 0 0 0 1 1 0 0 0 0 0 0 1 0 1 1 1 0 0 + + 0 0 1 1 1 1 0 1 1 0 1 1 1 1 0 1 1 ] xyz18=( -10.559716, 35.348414, 21.845760 )

d_25_21=2.545548981972 s=[ 0 0 0 0 1 1 0 0 0 0 0 0 1 0 1 1 1 0 0 + + 0 0 1 1 1 1 0 1 1 0 1 1 1 1 0 1 1 ] xyz18=( -10.559599, 35.348808, 21.845626 )

d_25_21=2.545749182172 s=[ 0 0 0 0 1 1 0 0 0 0 0 0 1 0 1 1 1 0 0 + + 0 0 1 1 1 1 0 1 1 0 1 1 1 1 0 1 1 ] xyz18=( -10.559482, 35.349202, 21.845493 )

d_25_21=2.545949382372 s=[ 0 0 0 0 1 1 0 0 0 0 0 0 1 0 1 1 1 0 0 + + 0 0 1 1 1 1 0 1 1 0 1 1 1 1 0 1 1 ] xyz18=( -10.559366, 35.349596, 21.845359 )

d_25_21=2.546149582573 s=[ 0 0 0 0 1 1 0 0 0 0 0 0 1 0 1 1 1 0 0 + + 0 0 1 1 1 1 0 1 1 0 1 1 1 1 0 1 1 ] xyz18=( -10.559249, 35.349990, 21.845225 )

d_25_21=2.546349782773 s=[ 0 0 0 0 1 1 0 0 0 0 0 0 1 0 1 1 1 0 0 + + 0 0 1 1 1 1 0 1 1 0 1 1 1 1 0 1 1 ] xyz18=( -10.559133, 35.350384, 21.845091 )

d_25_21=2.546549982973 s=[ 0 0 0 0 1 1 0 0 0 0 0 0 1 0 1 1 1 0 0 + + 0 0 1 1 1 1 0 1 1 0 1 1 1 1 0 1 1 ] xyz18=( -10.559016, 35.350778, 21.844957 )

d_25_21=2.546750183173 s=[ 0 0 0 0 1 1 0 0 0 0 0 0 1 0 1 1 1 0 0 + + 0 0 1 1 1 1 0 1 1 0 1 1 1 1 0 1 1 ] xyz18=( -10.558900, 35.351172, 21.844824 )

d_25_21=2.429633066056 s=[ 0 0 0 1 0 0 1 1 1 1 1 1 0 1 0 0 0 1 1 + - 1 0 1 1 1 1 0 1 1 1 1 1 1 1 0 1 1 ] xyz18=( -11.927679, 34.457732, 22.490648 )

d_25_21=2.443046479469 s=[ 0 0 0 1 0 0 1 1 1 1 1 1 0 1 0 0 0 1 1 + + 0 1 1 1 1 1 0 1 1 0 0 0 0 0 1 0 0 ] xyz18=( -12.519944, 34.667966, 22.622120 )

d_25_21=2.443246679670 s=[ 0 0 0 1 0 0 1 1 1 1 1 1 0 1 0 0 0 1 1 + + 0 1 1 1 1 1 0 1 1 0 0 0 0 0 1 0 0 ] xyz18=( -12.519544, 34.667716, 22.622058 )

d_25_21=2.443446879870 s=[ 0 0 0 1 0 0 1 1 1 1 1 1 0 1 0 0 0 1 1 + + 0 1 1 1 1 1 0 1 1 0 0 0 0 0 1 0 0 ] xyz18=( -12.519143, 34.667466, 22.621996 )

d_25_21=2.443647080070 s=[ 0 0 0 1 0 0 1 1 1 1 1 1 0 1 0 0 0 1 1 + + 0 1 1 1 1 1 0 1 1 0 0 0 0 0 1 0 0 ] xyz18=( -12.518743, 34.667216, 22.621934 )

d_25_21=2.448251684675 s=[ 0 0 0 1 0 0 1 1 1 1 1 1 0 1 0 0 0 1 1 + + 1 0 0 0 0 0 1 0 0 1 0 0 0 0 1 0 0 ] xyz18=( -10.506197, 35.659029, 21.752158 )

d_25_21=2.448451884875 s=[ 0 0 0 1 0 0 1 1 1 1 1 1 0 1 0 0 0 1 1 + + 1 0 0 0 0 0 1 0 0 1 0 0 0 0 1 0 0 ] xyz18=( -10.506172, 35.659486, 21.752037 )

d_25_21=2.448652085075 s=[ 0 0 0 1 0 0 1 1 1 1 1 1 0 1 0 0 0 1 1 + + 1 0 0 0 0 0 1 0 0 1 0 0 0 0 1 0 0 ] xyz18=( -10.506148, 35.659943, 21.751916 )

d_25_21=2.448852285275 s=[ 0 0 0 1 0 0 1 1 1 1 1 1 0 1 0 0 0 1 1 + + 1 0 0 0 0 0 1 0 0 1 0 0 0 0 1 0 0 ] xyz18=( -10.506123, 35.660400, 21.751795 )

d_25_21=2.449052485475 s=[ 0 0 0 1 0 0 1 1 1 1 1 1 0 1 0 0 0 1 1 + + 1 0 0 0 0 0 1 0 0 1 0 0 0 0 1 0 0 ] xyz18=( -10.506099, 35.660856, 21.751674 )

d_25_21=2.449252685676 s=[ 0 0 0 1 0 0 1 1 1 1 1 1 0 1 0 0 0 1 1 + + 1 0 0 0 0 0 1 0 0 1 0 0 0 0 1 0 0 ] xyz18=( -10.506074, 35.661313, 21.751553 )

d_25_21=2.449452885876 s=[ 0 0 0 1 0 0 1 1 1 1 1 1 0 1 0 0 0 1 1 + + 1 0 0 0 0 0 1 0 0 1 0 0 0 0 1 0 0 ] xyz18=( -10.506050, 35.661769, 21.751433 )

d_25_21=2.449653086076 s=[ 0 0 0 1 0 0 1 1 1 1 1 1 0 1 0 0 0 1 1 + + 1 0 0 0 0 0 1 0 0 1 0 0 0 0 1 0 0 ] xyz18=( -10.506026, 35.662226, 21.751312 )

d_25_21=2.449853286276 s=[ 0 0 0 1 0 0 1 1 1 1 1 1 0 1 0 0 0 1 1 + + 1 0 0 0 0 0 1 0 0 1 0 0 0 0 1 0 0 ] xyz18=( -10.506003, 35.662682, 21.751192 )

d_25_21=2.450053486476 s=[ 0 0 0 1 0 0 1 1 1 1 1 1 0 1 0 0 0 1 1 + + 1 0 0 0 0 0 1 0 0 1 0 0 0 0 1 0 0 ] xyz18=( -10.505979, 35.663138, 21.751071 )

d_25_21=2.450253686677 s=[ 0 0 0 1 0 0 1 1 1 1 1 1 0 1 0 0 0 1 1 + + 1 0 0 0 0 0 1 0 0 1 0 0 0 0 1 0 0 ] xyz18=( -10.505955, 35.663594, 21.750951 )

d_25_21=2.450453886877 s=[ 0 0 0 1 0 0 1 1 1 1 1 1 0 1 0 0 0 1 1 + + 1 0 0 0 0 0 1 0 0 1 0 0 0 0 1 0 0 ] xyz18=( -10.505932, 35.664050, 21.750831 )

d_25_21=2.450654087077 s=[ 0 0 0 1 0 0 1 1 1 1 1 1 0 1 0 0 0 1 1 + + 1 0 0 0 0 0 1 0 0 1 0 0 0 0 1 0 0 ] xyz18=( -10.505909, 35.664506, 21.750710 )

d_25_21=2.450854287277 s=[ 0 0 0 1 0 0 1 1 1 1 1 1 0 1 0 0 0 1 1 + + 1 0 0 0 0 0 1 0 0 1 0 0 0 0 1 0 0 ] xyz18=( -10.505886, 35.664962, 21.750590 )

d_25_21=2.451054487477 s=[ 0 0 0 1 0 0 1 1 1 1 1 1 0 1 0 0 0 1 1 + + 1 0 0 0 0 0 1 0 0 1 0 0 0 0 1 0 0 ] xyz18=( -10.505863, 35.665418, 21.750470 )

d_25_21=2.451254687678 s=[ 0 0 0 1 0 0 1 1 1 1 1 1 0 1 0 0 0 1 1 + + 1 0 0 0 0 0 1 0 0 1 0 0 0 0 1 0 0 ] xyz18=( -10.505840, 35.665873, 21.750350 )

d_25_21=2.451454887878 s=[ 0 0 0 1 0 0 1 1 1 1 1 1 0 1 0 0 0 1 1 + + 1 0 0 0 0 0 1 0 0 1 0 0 0 0 1 0 0 ] xyz18=( -10.505818, 35.666329, 21.750230 )

d_25_21=2.451655088078 s=[ 0 0 0 1 0 0 1 1 1 1 1 1 0 1 0 0 0 1 1 + + 1 0 0 0 0 0 1 0 0 1 0 0 0 0 1 0 0 ] xyz18=( -10.505796, 35.666784, 21.750110 )

d_25_21=2.451855288278 s=[ 0 0 0 1 0 0 1 1 1 1 1 1 0 1 0 0 0 1 1 + + 1 0 0 0 0 0 1 0 0 1 0 0 0 0 1 0 0 ] xyz18=( -10.505773, 35.667240, 21.749991 )

d_25_21=2.452055488478 s=[ 0 0 0 1 0 0 1 1 1 1 1 1 0 1 0 0 0 1 1 + + 1 0 0 0 0 0 1 0 0 1 0 0 0 0 1 0 0 ] xyz18=( -10.505751, 35.667695, 21.749871 )

d_25_21=2.452255688679 s=[ 0 0 0 1 0 0 1 1 1 1 1 1 0 1 0 0 0 1 1 + + 1 0 0 0 0 0 1 0 0 1 0 0 0 0 1 0 0 ] xyz18=( -10.505729, 35.668150, 21.749751 )

d_25_21=2.452455888879 s=[ 0 0 0 1 0 0 1 1 1 1 1 1 0 1 0 0 0 1 1 + + 1 0 0 0 0 0 1 0 0 1 0 0 0 0 1 0 0 ] xyz18=( -10.505708, 35.668605, 21.749632 )

d_25_21=2.469272705696 s=[ 0 0 0 1 0 0 1 1 1 1 1 1 0 1 0 0 0 1 1 + + 1 0 1 1 1 1 0 1 1 0 1 1 1 1 0 1 1 ] xyz18=( -10.504420, 35.706520, 21.739832 )

d_25_21=2.469472905896 s=[ 0 0 0 1 0 0 1 1 1 1 1 1 0 1 0 0 0 1 1 + + 1 0 1 1 1 1 0 1 1 0 1 1 1 1 0 1 1 ] xyz18=( -10.504411, 35.706967, 21.739718 )

d_25_21=2.469673106096 s=[ 0 0 0 1 0 0 1 1 1 1 1 1 0 1 0 0 0 1 1 + + 1 0 1 1 1 1 0 1 1 0 1 1 1 1 0 1 1 ] xyz18=( -10.504402, 35.707415, 21.739605 )

d_25_21=2.469873306296 s=[ 0 0 0 1 0 0 1 1 1 1 1 1 0 1 0 0 0 1 1 + + 1 0 1 1 1 1 0 1 1 0 1 1 1 1 0 1 1 ] xyz18=( -10.504393, 35.707863, 21.739491 )

d_25_21=2.470073506496 s=[ 0 0 0 1 0 0 1 1 1 1 1 1 0 1 0 0 0 1 1 + + 1 0 1 1 1 1 0 1 1 0 1 1 1 1 0 1 1 ] xyz18=( -10.504385, 35.708310, 21.739377 )

d_25_21=2.470273706697 s=[ 0 0 0 1 0 0 1 1 1 1 1 1 0 1 0 0 0 1 1 + + 1 0 1 1 1 1 0 1 1 0 1 1 1 1 0 1 1 ] xyz18=( -10.504376, 35.708758, 21.739264 )

d_25_21=2.470473906897 s=[ 0 0 0 1 0 0 1 1 1 1 1 1 0 1 0 0 0 1 1 + + 1 0 1 1 1 1 0 1 1 0 1 1 1 1 0 1 1 ] xyz18=( -10.504368, 35.709205, 21.739150 )

d_25_21=2.470674107097 s=[ 0 0 0 1 0 0 1 1 1 1 1 1 0 1 0 0 0 1 1 + + 1 0 1 1 1 1 0 1 1 0 1 1 1 1 0 1 1 ] xyz18=( -10.504360, 35.709652, 21.739037 )

d_25_21=2.512315748739 s=[ 0 0 0 1 0 0 1 1 1 1 1 1 0 1 0 0 0 1 1 + + 0 1 1 1 1 1 0 1 1 0 1 1 1 1 0 1 1 ] xyz18=( -12.382751, 34.591951, 22.598438 )

d_25_21=2.512515948939 s=[ 0 0 0 1 0 0 1 1 1 1 1 1 0 1 0 0 0 1 1 + + 0 1 1 1 1 1 0 1 1 0 1 1 1 1 0 1 1 ] xyz18=( -12.382358, 34.591760, 22.598364 )

d_25_21=2.512716149139 s=[ 0 0 0 1 0 0 1 1 1 1 1 1 0 1 0 0 0 1 1 + + 0 1 1 1 1 1 0 1 1 0 1 1 1 1 0 1 1 ] xyz18=( -12.381965, 34.591569, 22.598289 )

d_25_21=2.512916349339 s=[ 0 0 0 1 0 0 1 1 1 1 1 1 0 1 0 0 0 1 1 + + 0 1 1 1 1 1 0 1 1 0 1 1 1 1 0 1 1 ] xyz18=( -12.381571, 34.591378, 22.598215 )

d_25_21=2.513116549540 s=[ 0 0 0 1 0 0 1 1 1 1 1 1 0 1 0 0 0 1 1 + + 0 1 1 1 1 1 0 1 1 0 1 1 1 1 0 1 1 ] xyz18=( -12.381178, 34.591188, 22.598140 )

d_25_21=2.513316749740 s=[ 0 0 0 1 0 0 1 1 1 1 1 1 0 1 0 0 0 1 1 + + 0 1 1 1 1 1 0 1 1 0 1 1 1 1 0 1 1 ] xyz18=( -12.380785, 34.590997, 22.598066 )

d_25_21=2.513516949940 s=[ 0 0 0 1 0 0 1 1 1 1 1 1 0 1 0 0 0 1 1 + + 0 1 1 1 1 1 0 1 1 0 1 1 1 1 0 1 1 ] xyz18=( -12.380392, 34.590807, 22.597991 )

d_25_21=2.513717150140 s=[ 0 0 0 1 0 0 1 1 1 1 1 1 0 1 0 0 0 1 1 + + 0 1 1 1 1 1 0 1 1 0 1 1 1 1 0 1 1 ] xyz18=( -12.379999, 34.590616, 22.597916 )

d_25_21=2.513917350340 s=[ 0 0 0 1 0 0 1 1 1 1 1 1 0 1 0 0 0 1 1 + + 0 1 1 1 1 1 0 1 1 0 1 1 1 1 0 1 1 ] xyz18=( -12.379606, 34.590426, 22.597842 )

d_25_21=2.514117550541 s=[ 0 0 0 1 0 0 1 1 1 1 1 1 0 1 0 0 0 1 1 + + 0 1 1 1 1 1 0 1 1 0 1 1 1 1 0 1 1 ] xyz18=( -12.379213, 34.590236, 22.597767 )

d_25_21=2.514317750741 s=[ 0 0 0 1 0 0 1 1 1 1 1 1 0 1 0 0 0 1 1 + + 0 1 1 1 1 1 0 1 1 0 1 1 1 1 0 1 1 ] xyz18=( -12.378820, 34.590046, 22.597692 )

d_25_21=2.514517950941 s=[ 0 0 0 1 0 0 1 1 1 1 1 1 0 1 0 0 0 1 1 + + 0 1 1 1 1 1 0 1 1 0 1 1 1 1 0 1 1 ] xyz18=( -12.378427, 34.589857, 22.597617 )

d_25_21=2.514718151141 s=[ 0 0 0 1 0 0 1 1 1 1 1 1 0 1 0 0 0 1 1 + + 0 1 1 1 1 1 0 1 1 0 1 1 1 1 0 1 1 ] xyz18=( -12.378034, 34.589667, 22.597543 )

d_25_21=2.514918351341 s=[ 0 0 0 1 0 0 1 1 1 1 1 1 0 1 0 0 0 1 1 + + 0 1 1 1 1 1 0 1 1 0 1 1 1 1 0 1 1 ] xyz18=( -12.377641, 34.589478, 22.597468 )

d_25_21=2.515118551542 s=[ 0 0 0 1 0 0 1 1 1 1 1 1 0 1 0 0 0 1 1 + + 0 1 1 1 1 1 0 1 1 0 1 1 1 1 0 1 1 ] xyz18=( -12.377248, 34.589288, 22.597393 )

d_25_21=2.515318751742 s=[ 0 0 0 1 0 0 1 1 1 1 1 1 0 1 0 0 0 1 1 + + 0 1 1 1 1 1 0 1 1 0 1 1 1 1 0 1 1 ] xyz18=( -12.376855, 34.589099, 22.597318 )

d_25_21=2.515518951942 s=[ 0 0 0 1 0 0 1 1 1 1 1 1 0 1 0 0 0 1 1 + + 0 1 1 1 1 1 0 1 1 0 1 1 1 1 0 1 1 ] xyz18=( -12.376462, 34.588910, 22.597243 )

d_25_21=2.515719152142 s=[ 0 0 0 1 0 0 1 1 1 1 1 1 0 1 0 0 0 1 1 + + 0 1 1 1 1 1 0 1 1 0 1 1 1 1 0 1 1 ] xyz18=( -12.376069, 34.588722, 22.597168 )

d_25_21=2.515919352342 s=[ 0 0 0 1 0 0 1 1 1 1 1 1 0 1 0 0 0 1 1 + + 0 1 1 1 1 1 0 1 1 0 1 1 1 1 0 1 1 ] xyz18=( -12.375677, 34.588533, 22.597093 )

d_25_21=2.516119552543 s=[ 0 0 0 1 0 0 1 1 1 1 1 1 0 1 0 0 0 1 1 + + 0 1 1 1 1 1 0 1 1 0 1 1 1 1 0 1 1 ] xyz18=( -12.375284, 34.588345, 22.597018 )

d_25_21=2.516319752743 s=[ 0 0 0 1 0 0 1 1 1 1 1 1 0 1 0 0 0 1 1 + + 0 1 1 1 1 1 0 1 1 0 1 1 1 1 0 1 1 ] xyz18=( -12.374891, 34.588156, 22.596943 )

d_25_21=2.516519952943 s=[ 0 0 0 1 0 0 1 1 1 1 1 1 0 1 0 0 0 1 1 + + 0 1 1 1 1 1 0 1 1 0 1 1 1 1 0 1 1 ] xyz18=( -12.374498, 34.587968, 22.596868 )

d_25_21=2.516720153143 s=[ 0 0 0 1 0 0 1 1 1 1 1 1 0 1 0 0 0 1 1 + + 0 1 1 1 1 1 0 1 1 0 1 1 1 1 0 1 1 ] xyz18=( -12.374105, 34.587780, 22.596793 )

d_25_21=2.516920353343 s=[ 0 0 0 1 0 0 1 1 1 1 1 1 0 1 0 0 0 1 1 + + 0 1 1 1 1 1 0 1 1 0 1 1 1 1 0 1 1 ] xyz18=( -12.373712, 34.587592, 22.596717 )

d_25_21=2.517120553544 s=[ 0 0 0 1 0 0 1 1 1 1 1 1 0 1 0 0 0 1 1 + + 0 1 1 1 1 1 0 1 1 0 1 1 1 1 0 1 1 ] xyz18=( -12.373320, 34.587404, 22.596642 )

d_25_21=2.517320753744 s=[ 0 0 0 1 0 0 1 1 1 1 1 1 0 1 0 0 0 1 1 + + 0 1 1 1 1 1 0 1 1 0 1 1 1 1 0 1 1 ] xyz18=( -12.372927, 34.587217, 22.596567 )

d_25_21=2.517520953944 s=[ 0 0 0 1 0 0 1 1 1 1 1 1 0 1 0 0 0 1 1 + + 0 1 1 1 1 1 0 1 1 0 1 1 1 1 0 1 1 ] xyz18=( -12.372534, 34.587030, 22.596492 )

d_25_21=2.517721154144 s=[ 0 0 0 1 0 0 1 1 1 1 1 1 0 1 0 0 0 1 1 + + 0 1 1 1 1 1 0 1 1 0 1 1 1 1 0 1 1 ] xyz18=( -12.372141, 34.586842, 22.596416 )

d_25_21=2.517921354344 s=[ 0 0 0 1 0 0 1 1 1 1 1 1 0 1 0 0 0 1 1 + + 0 1 1 1 1 1 0 1 1 0 1 1 1 1 0 1 1 ] xyz18=( -12.371749, 34.586655, 22.596341 )

d_25_21=2.518121554545 s=[ 0 0 0 1 0 0 1 1 1 1 1 1 0 1 0 0 0 1 1 + + 0 1 1 1 1 1 0 1 1 0 1 1 1 1 0 1 1 ] xyz18=( -12.371356, 34.586468, 22.596266 )

d_25_21=2.518321754745 s=[ 0 0 0 1 0 0 1 1 1 1 1 1 0 1 0 0 0 1 1 + + 0 1 1 1 1 1 0 1 1 0 1 1 1 1 0 1 1 ] xyz18=( -12.370963, 34.586281, 22.596190 )

d_25_21=2.518521954945 s=[ 0 0 0 1 0 0 1 1 1 1 1 1 0 1 0 0 0 1 1 + + 0 1 1 1 1 1 0 1 1 0 1 1 1 1 0 1 1 ] xyz18=( -12.370570, 34.586095, 22.596115 )

d_25_21=2.518722155145 s=[ 0 0 0 1 0 0 1 1 1 1 1 1 0 1 0 0 0 1 1 + + 0 1 1 1 1 1 0 1 1 0 1 1 1 1 0 1 1 ] xyz18=( -12.370178, 34.585908, 22.596039 )

d_25_21=2.518922355345 s=[ 0 0 0 1 0 0 1 1 1 1 1 1 0 1 0 0 0 1 1 + + 0 1 1 1 1 1 0 1 1 0 1 1 1 1 0 1 1 ] xyz18=( -12.369785, 34.585722, 22.595964 )

d_25_21=2.519122555546 s=[ 0 0 0 1 0 0 1 1 1 1 1 1 0 1 0 0 0 1 1 + + 0 1 1 1 1 1 0 1 1 0 1 1 1 1 0 1 1 ] xyz18=( -12.369393, 34.585536, 22.595888 )

d_25_21=2.519322755746 s=[ 0 0 0 1 0 0 1 1 1 1 1 1 0 1 0 0 0 1 1 + + 0 1 1 1 1 1 0 1 1 0 1 1 1 1 0 1 1 ] xyz18=( -12.369000, 34.585350, 22.595813 )

d_25_21=2.519522955946 s=[ 0 0 0 1 0 0 1 1 1 1 1 1 0 1 0 0 0 1 1 + + 0 1 1 1 1 1 0 1 1 0 1 1 1 1 0 1 1 ] xyz18=( -12.368607, 34.585164, 22.595737 )

d_25_21=2.519723156146 s=[ 0 0 0 1 0 0 1 1 1 1 1 1 0 1 0 0 0 1 1 + + 0 1 1 1 1 1 0 1 1 0 1 1 1 1 0 1 1 ] xyz18=( -12.368215, 34.584978, 22.595661 )

d_25_21=2.519923356346 s=[ 0 0 0 1 0 0 1 1 1 1 1 1 0 1 0 0 0 1 1 + + 0 1 1 1 1 1 0 1 1 0 1 1 1 1 0 1 1 ] xyz18=( -12.367822, 34.584792, 22.595586 )

d_25_21=2.520123556547 s=[ 0 0 0 1 0 0 1 1 1 1 1 1 0 1 0 0 0 1 1 + + 0 1 1 1 1 1 0 1 1 0 1 1 1 1 0 1 1 ] xyz18=( -12.367430, 34.584607, 22.595510 )

d_25_21=2.520323756747 s=[ 0 0 0 1 0 0 1 1 1 1 1 1 0 1 0 0 0 1 1 + + 0 1 1 1 1 1 0 1 1 0 1 1 1 1 0 1 1 ] xyz18=( -12.367037, 34.584421, 22.595434 )

d_25_21=2.520523956947 s=[ 0 0 0 1 0 0 1 1 1 1 1 1 0 1 0 0 0 1 1 + + 0 1 1 1 1 1 0 1 1 0 1 1 1 1 0 1 1 ] xyz18=( -12.366645, 34.584236, 22.595358 )

d_25_21=2.520724157147 s=[ 0 0 0 1 0 0 1 1 1 1 1 1 0 1 0 0 0 1 1 + + 0 1 1 1 1 1 0 1 1 0 1 1 1 1 0 1 1 ] xyz18=( -12.366252, 34.584051, 22.595283 )

d_25_21=2.520924357347 s=[ 0 0 0 1 0 0 1 1 1 1 1 1 0 1 0 0 0 1 1 + + 0 1 1 1 1 1 0 1 1 0 1 1 1 1 0 1 1 ] xyz18=( -12.365859, 34.583866, 22.595207 )

d_25_21=2.521124557548 s=[ 0 0 0 1 0 0 1 1 1 1 1 1 0 1 0 0 0 1 1 + + 0 1 1 1 1 1 0 1 1 0 1 1 1 1 0 1 1 ] xyz18=( -12.365467, 34.583682, 22.595131 )

d_25_21=2.521324757748 s=[ 0 0 0 1 0 0 1 1 1 1 1 1 0 1 0 0 0 1 1 + + 0 1 1 1 1 1 0 1 1 0 1 1 1 1 0 1 1 ] xyz18=( -12.365075, 34.583497, 22.595055 )

d_25_21=2.521524957948 s=[ 0 0 0 1 0 0 1 1 1 1 1 1 0 1 0 0 0 1 1 + + 0 1 1 1 1 1 0 1 1 0 1 1 1 1 0 1 1 ] xyz18=( -12.364682, 34.583313, 22.594979 )

d_25_21=2.521725158148 s=[ 0 0 0 1 0 0 1 1 1 1 1 1 0 1 0 0 0 1 1 + + 0 1 1 1 1 1 0 1 1 0 1 1 1 1 0 1 1 ] xyz18=( -12.364290, 34.583128, 22.594903 )

d_25_21=2.521925358348 s=[ 0 0 0 1 0 0 1 1 1 1 1 1 0 1 0 0 0 1 1 + + 0 1 1 1 1 1 0 1 1 0 1 1 1 1 0 1 1 ] xyz18=( -12.363897, 34.582944, 22.594827 )

d_25_21=2.522125558549 s=[ 0 0 0 1 0 0 1 1 1 1 1 1 0 1 0 0 0 1 1 + + 0 1 1 1 1 1 0 1 1 0 1 1 1 1 0 1 1 ] xyz18=( -12.363505, 34.582760, 22.594751 )

d_25_21=2.522325758749 s=[ 0 0 0 1 0 0 1 1 1 1 1 1 0 1 0 0 0 1 1 + + 0 1 1 1 1 1 0 1 1 0 1 1 1 1 0 1 1 ] xyz18=( -12.363112, 34.582577, 22.594675 )

d_25_21=2.522525958949 s=[ 0 0 0 1 0 0 1 1 1 1 1 1 0 1 0 0 0 1 1 + + 0 1 1 1 1 1 0 1 1 0 1 1 1 1 0 1 1 ] xyz18=( -12.362720, 34.582393, 22.594599 )

d_25_21=2.527130563554 s=[ 0 0 0 1 0 0 1 1 1 1 1 1 0 1 0 0 0 1 1 + + 0 1 0 0 0 0 1 0 0 0 1 1 1 1 0 1 1 ] xyz18=( -12.353700, 34.578209, 22.592840 )

d_25_21=2.527330763754 s=[ 0 0 0 1 0 0 1 1 1 1 1 1 0 1 0 0 0 1 1 + + 0 1 0 0 0 0 1 0 0 0 1 1 1 1 0 1 1 ] xyz18=( -12.353307, 34.578029, 22.592763 )

d_25_21=2.527530963954 s=[ 0 0 0 1 0 0 1 1 1 1 1 1 0 1 0 0 0 1 1 + + 0 1 0 0 0 0 1 0 0 0 1 1 1 1 0 1 1 ] xyz18=( -12.352915, 34.577849, 22.592686 )

d_25_21=2.527731164154 s=[ 0 0 0 1 0 0 1 1 1 1 1 1 0 1 0 0 0 1 1 + + 0 1 0 0 0 0 1 0 0 0 1 1 1 1 0 1 1 ] xyz18=( -12.352523, 34.577669, 22.592609 )

d_25_21=2.527931364354 s=[ 0 0 0 1 0 0 1 1 1 1 1 1 0 1 0 0 0 1 1 + + 0 1 0 0 0 0 1 0 0 0 1 1 1 1 0 1 1 ] xyz18=( -12.352131, 34.577490, 22.592532 )

d_25_21=2.528131564555 s=[ 0 0 0 1 0 0 1 1 1 1 1 1 0 1 0 0 0 1 1 + + 0 1 0 0 0 0 1 0 0 0 1 1 1 1 0 1 1 ] xyz18=( -12.351740, 34.577310, 22.592455 )

d_25_21=2.528331764755 s=[ 0 0 0 1 0 0 1 1 1 1 1 1 0 1 0 0 0 1 1 + + 0 1 0 0 0 0 1 0 0 0 1 1 1 1 0 1 1 ] xyz18=( -12.351348, 34.577131, 22.592378 )

d_25_21=2.528531964955 s=[ 0 0 0 1 0 0 1 1 1 1 1 1 0 1 0 0 0 1 1 + + 0 1 0 0 0 0 1 0 0 0 1 1 1 1 0 1 1 ] xyz18=( -12.350956, 34.576951, 22.592301 )

d_25_21=2.528732165155 s=[ 0 0 0 1 0 0 1 1 1 1 1 1 0 1 0 0 0 1 1 + + 0 1 0 0 0 0 1 0 0 0 1 1 1 1 0 1 1 ] xyz18=( -12.350564, 34.576772, 22.592224 )

d_25_21=2.528932365355 s=[ 0 0 0 1 0 0 1 1 1 1 1 1 0 1 0 0 0 1 1 + + 0 1 0 0 0 0 1 0 0 0 1 1 1 1 0 1 1 ] xyz18=( -12.350172, 34.576593, 22.592147 )

d_25_21=2.529132565556 s=[ 0 0 0 1 0 0 1 1 1 1 1 1 0 1 0 0 0 1 1 + + 0 1 0 0 0 0 1 0 0 0 1 1 1 1 0 1 1 ] xyz18=( -12.349780, 34.576414, 22.592070 )

d_25_21=2.529332765756 s=[ 0 0 0 1 0 0 1 1 1 1 1 1 0 1 0 0 0 1 1 + + 0 1 0 0 0 0 1 0 0 0 1 1 1 1 0 1 1 ] xyz18=( -12.349388, 34.576236, 22.591993 )

d_25_21=2.529532965956 s=[ 0 0 0 1 0 0 1 1 1 1 1 1 0 1 0 0 0 1 1 + + 0 1 0 0 0 0 1 0 0 0 1 1 1 1 0 1 1 ] xyz18=( -12.348996, 34.576057, 22.591915 )

d_25_21=2.529733166156 s=[ 0 0 0 1 0 0 1 1 1 1 1 1 0 1 0 0 0 1 1 + + 0 1 0 0 0 0 1 0 0 0 1 1 1 1 0 1 1 ] xyz18=( -12.348604, 34.575879, 22.591838 )

d_25_21=2.529933366356 s=[ 0 0 0 1 0 0 1 1 1 1 1 1 0 1 0 0 0 1 1 + + 0 1 0 0 0 0 1 0 0 0 1 1 1 1 0 1 1 ] xyz18=( -12.348212, 34.575701, 22.591761 )

d_25_21=2.530133566557 s=[ 0 0 0 1 0 0 1 1 1 1 1 1 0 1 0 0 0 1 1 + + 0 1 0 0 0 0 1 0 0 0 1 1 1 1 0 1 1 ] xyz18=( -12.347821, 34.575523, 22.591684 )

d_25_21=2.530333766757 s=[ 0 0 0 1 0 0 1 1 1 1 1 1 0 1 0 0 0 1 1 + + 0 1 0 0 0 0 1 0 0 0 1 1 1 1 0 1 1 ] xyz18=( -12.347429, 34.575345, 22.591606 )

d_25_21=2.530533966957 s=[ 0 0 0 1 0 0 1 1 1 1 1 1 0 1 0 0 0 1 1 + + 0 1 0 0 0 0 1 0 0 0 1 1 1 1 0 1 1 ] xyz18=( -12.347037, 34.575167, 22.591529 )

d_25_21=2.530734167157 s=[ 0 0 0 1 0 0 1 1 1 1 1 1 0 1 0 0 0 1 1 + + 0 1 0 0 0 0 1 0 0 0 1 1 1 1 0 1 1 ] xyz18=( -12.346645, 34.574989, 22.591452 )

d_25_21=2.530934367357 s=[ 0 0 0 1 0 0 1 1 1 1 1 1 0 1 0 0 0 1 1 + + 0 1 0 0 0 0 1 0 0 0 1 1 1 1 0 1 1 ] xyz18=( -12.346254, 34.574812, 22.591374 )

d_25_21=2.531134567558 s=[ 0 0 0 1 0 0 1 1 1 1 1 1 0 1 0 0 0 1 1 + + 0 1 0 0 0 0 1 0 0 0 1 1 1 1 0 1 1 ] xyz18=( -12.345862, 34.574634, 22.591297 )

d_25_21=2.531334767758 s=[ 0 0 0 1 0 0 1 1 1 1 1 1 0 1 0 0 0 1 1 + + 0 1 0 0 0 0 1 0 0 0 1 1 1 1 0 1 1 ] xyz18=( -12.345470, 34.574457, 22.591219 )

d_25_21=2.531534967958 s=[ 0 0 0 1 0 0 1 1 1 1 1 1 0 1 0 0 0 1 1 + + 0 1 0 0 0 0 1 0 0 0 1 1 1 1 0 1 1 ] xyz18=( -12.345078, 34.574280, 22.591142 )

d_25_21=2.531735168158 s=[ 0 0 0 1 0 0 1 1 1 1 1 1 0 1 0 0 0 1 1 + + 0 1 0 0 0 0 1 0 0 0 1 1 1 1 0 1 1 ] xyz18=( -12.344687, 34.574103, 22.591064 )

d_25_21=2.531935368358 s=[ 0 0 0 1 0 0 1 1 1 1 1 1 0 1 0 0 0 1 1 + + 0 1 0 0 0 0 1 0 0 0 1 1 1 1 0 1 1 ] xyz18=( -12.344295, 34.573926, 22.590986 )

d_25_21=2.532135568559 s=[ 0 0 0 1 0 0 1 1 1 1 1 1 0 1 0 0 0 1 1 + + 0 1 0 0 0 0 1 0 0 0 1 1 1 1 0 1 1 ] xyz18=( -12.343903, 34.573750, 22.590909 )

d_25_21=2.532335768759 s=[ 0 0 0 1 0 0 1 1 1 1 1 1 0 1 0 0 0 1 1 + + 0 1 0 0 0 0 1 0 0 0 1 1 1 1 0 1 1 ] xyz18=( -12.343512, 34.573573, 22.590831 )

d_25_21=2.532535968959 s=[ 0 0 0 1 0 0 1 1 1 1 1 1 0 1 0 0 0 1 1 + + 0 1 0 0 0 0 1 0 0 0 1 1 1 1 0 1 1 ] xyz18=( -12.343120, 34.573397, 22.590753 )

d_25_21=2.532736169159 s=[ 0 0 0 1 0 0 1 1 1 1 1 1 0 1 0 0 0 1 1 + + 0 1 0 0 0 0 1 0 0 0 1 1 1 1 0 1 1 ] xyz18=( -12.342728, 34.573221, 22.590676 )

d_25_21=2.532936369359 s=[ 0 0 0 1 0 0 1 1 1 1 1 1 0 1 0 0 0 1 1 + + 0 1 0 0 0 0 1 0 0 0 1 1 1 1 0 1 1 ] xyz18=( -12.342337, 34.573045, 22.590598 )

d_25_21=2.533136569560 s=[ 0 0 0 1 0 0 1 1 1 1 1 1 0 1 0 0 0 1 1 + + 0 1 0 0 0 0 1 0 0 0 1 1 1 1 0 1 1 ] xyz18=( -12.341945, 34.572869, 22.590520 )

d_25_21=2.533336769760 s=[ 0 0 0 1 0 0 1 1 1 1 1 1 0 1 0 0 0 1 1 + + 0 1 0 0 0 0 1 0 0 0 1 1 1 1 0 1 1 ] xyz18=( -12.341553, 34.572693, 22.590442 )

d_25_21=2.533336769760 s=[ 0 0 0 1 0 0 1 1 1 1 1 1 0 1 0 0 0 1 1 + - 1 1 1 1 1 1 0 1 1 1 1 1 1 1 0 1 1 ] xyz18=( -12.152598, 34.503278, 22.549078 )

d_25_21=2.533536969960 s=[ 0 0 0 1 0 0 1 1 1 1 1 1 0 1 0 0 0 1 1 + + 0 1 0 0 0 0 1 0 0 0 1 1 1 1 0 1 1 ] xyz18=( -12.341162, 34.572517, 22.590365 )

d_25_21=2.533536969960 s=[ 0 0 0 1 0 0 1 1 1 1 1 1 0 1 0 0 0 1 1 + - 1 1 1 1 1 1 0 1 1 1 1 1 1 1 0 1 1 ] xyz18=( -12.153007, 34.503397, 22.549176 )

d_25_21=2.533737170160 s=[ 0 0 0 1 0 0 1 1 1 1 1 1 0 1 0 0 0 1 1 + + 0 1 0 0 0 0 1 0 0 0 1 1 1 1 0 1 1 ] xyz18=( -12.340770, 34.572342, 22.590287 )

d_25_21=2.533737170160 s=[ 0 0 0 1 0 0 1 1 1 1 1 1 0 1 0 0 0 1 1 + - 1 1 1 1 1 1 0 1 1 1 1 1 1 1 0 1 1 ] xyz18=( -12.153415, 34.503515, 22.549273 )

d_25_21=2.533937370360 s=[ 0 0 0 1 0 0 1 1 1 1 1 1 0 1 0 0 0 1 1 + + 0 1 0 0 0 0 1 0 0 0 1 1 1 1 0 1 1 ] xyz18=( -12.340379, 34.572167, 22.590209 )

d_25_21=2.533937370360 s=[ 0 0 0 1 0 0 1 1 1 1 1 1 0 1 0 0 0 1 1 + - 1 1 1 1 1 1 0 1 1 1 1 1 1 1 0 1 1 ] xyz18=( -12.153823, 34.503633, 22.549370 )

d_25_21=2.534137570561 s=[ 0 0 0 1 0 0 1 1 1 1 1 1 0 1 0 0 0 1 1 + + 0 1 0 0 0 0 1 0 0 0 1 1 1 1 0 1 1 ] xyz18=( -12.339987, 34.571992, 22.590131 )

d_25_21=2.534137570561 s=[ 0 0 0 1 0 0 1 1 1 1 1 1 0 1 0 0 0 1 1 + - 1 1 1 1 1 1 0 1 1 1 1 1 1 1 0 1 1 ] xyz18=( -12.154231, 34.503752, 22.549467 )

d_25_21=2.534337770761 s=[ 0 0 0 1 0 0 1 1 1 1 1 1 0 1 0 0 0 1 1 + + 0 1 0 0 0 0 1 0 0 0 1 1 1 1 0 1 1 ] xyz18=( -12.339596, 34.571816, 22.590053 )

d_25_21=2.534337770761 s=[ 0 0 0 1 0 0 1 1 1 1 1 1 0 1 0 0 0 1 1 + - 1 1 1 1 1 1 0 1 1 1 1 1 1 1 0 1 1 ] xyz18=( -12.154639, 34.503871, 22.549564 )

d_25_21=2.534537970961 s=[ 0 0 0 1 0 0 1 1 1 1 1 1 0 1 0 0 0 1 1 + + 0 1 0 0 0 0 1 0 0 0 1 1 1 1 0 1 1 ] xyz18=( -12.339204, 34.571642, 22.589975 )

d_25_21=2.534537970961 s=[ 0 0 0 1 0 0 1 1 1 1 1 1 0 1 0 0 0 1 1 + - 1 1 1 1 1 1 0 1 1 1 1 1 1 1 0 1 1 ] xyz18=( -12.155047, 34.503990, 22.549661 )

d_25_21=2.534738171161 s=[ 0 0 0 1 0 0 1 1 1 1 1 1 0 1 0 0 0 1 1 + - 1 1 1 1 1 1 0 1 1 1 1 1 1 1 0 1 1 ] xyz18=( -12.155455, 34.504108, 22.549758 )

d_25_21=2.534938371361 s=[ 0 0 0 1 0 0 1 1 1 1 1 1 0 1 0 0 0 1 1 + - 1 1 1 1 1 1 0 1 1 1 1 1 1 1 0 1 1 ] xyz18=( -12.155863, 34.504227, 22.549855 )

d_25_21=2.535138571562 s=[ 0 0 0 1 0 0 1 1 1 1 1 1 0 1 0 0 0 1 1 + - 1 1 1 1 1 1 0 1 1 1 1 1 1 1 0 1 1 ] xyz18=( -12.156271, 34.504347, 22.549952 )

d_25_21=2.535338771762 s=[ 0 0 0 1 0 0 1 1 1 1 1 1 0 1 0 0 0 1 1 + - 1 1 1 1 1 1 0 1 1 1 1 1 1 1 0 1 1 ] xyz18=( -12.156678, 34.504466, 22.550049 )

d_25_21=2.535538971962 s=[ 0 0 0 1 0 0 1 1 1 1 1 1 0 1 0 0 0 1 1 + - 1 1 1 1 1 1 0 1 1 1 1 1 1 1 0 1 1 ] xyz18=( -12.157086, 34.504585, 22.550145 )

d_25_21=2.538141574565 s=[ 0 0 0 1 0 0 1 1 1 1 1 1 0 1 0 0 0 1 1 + - 1 1 0 0 0 0 1 0 0 1 0 0 0 0 1 0 0 ] xyz18=( -12.162376, 34.506146, 22.551398 )

d_25_21=2.538341774765 s=[ 0 0 0 1 0 0 1 1 1 1 1 1 0 1 0 0 0 1 1 + - 1 1 0 0 0 0 1 0 0 1 0 0 0 0 1 0 0 ] xyz18=( -12.162782, 34.506267, 22.551494 )

d_25_21=2.538541974965 s=[ 0 0 0 1 0 0 1 1 1 1 1 1 0 1 0 0 0 1 1 + - 1 1 0 0 0 0 1 0 0 1 0 0 0 0 1 0 0 ] xyz18=( -12.163188, 34.506388, 22.551590 )

d_25_21=2.538742175165 s=[ 0 0 0 1 0 0 1 1 1 1 1 1 0 1 0 0 0 1 1 + - 1 1 0 0 0 0 1 0 0 1 0 0 0 0 1 0 0 ] xyz18=( -12.163594, 34.506509, 22.551686 )

d_25_21=2.538942375365 s=[ 0 0 0 1 0 0 1 1 1 1 1 1 0 1 0 0 0 1 1 + - 1 1 0 0 0 0 1 0 0 1 0 0 0 0 1 0 0 ] xyz18=( -12.164000, 34.506630, 22.551782 )

d_25_21=2.539142575566 s=[ 0 0 0 1 0 0 1 1 1 1 1 1 0 1 0 0 0 1 1 + - 1 1 0 0 0 0 1 0 0 1 0 0 0 0 1 0 0 ] xyz18=( -12.164406, 34.506752, 22.551878 )

d_25_21=2.539342775766 s=[ 0 0 0 1 0 0 1 1 1 1 1 1 0 1 0 0 0 1 1 + - 1 1 0 0 0 0 1 0 0 1 0 0 0 0 1 0 0 ] xyz18=( -12.164812, 34.506873, 22.551973 )

d_25_21=2.539542975966 s=[ 0 0 0 1 0 0 1 1 1 1 1 1 0 1 0 0 0 1 1 + - 1 1 0 0 0 0 1 0 0 1 0 0 0 0 1 0 0 ] xyz18=( -12.165218, 34.506994, 22.552069 )

d_25_21=2.539743176166 s=[ 0 0 0 1 0 0 1 1 1 1 1 1 0 1 0 0 0 1 1 + - 1 1 0 0 0 0 1 0 0 1 0 0 0 0 1 0 0 ] xyz18=( -12.165624, 34.507116, 22.552165 )

d_25_21=2.539943376366 s=[ 0 0 0 1 0 0 1 1 1 1 1 1 0 1 0 0 0 1 1 + - 1 1 0 0 0 0 1 0 0 1 0 0 0 0 1 0 0 ] xyz18=( -12.166029, 34.507238, 22.552260 )

d_25_21=2.540143576567 s=[ 0 0 0 1 0 0 1 1 1 1 1 1 0 1 0 0 0 1 1 + - 1 1 0 0 0 0 1 0 0 1 0 0 0 0 1 0 0 ] xyz18=( -12.166435, 34.507359, 22.552356 )

d_25_21=2.540343776767 s=[ 0 0 0 1 0 0 1 1 1 1 1 1 0 1 0 0 0 1 1 + - 1 1 0 0 0 0 1 0 0 1 0 0 0 0 1 0 0 ] xyz18=( -12.166840, 34.507481, 22.552451 )

d_25_21=2.540543976967 s=[ 0 0 0 1 0 0 1 1 1 1 1 1 0 1 0 0 0 1 1 + - 1 1 0 0 0 0 1 0 0 1 0 0 0 0 1 0 0 ] xyz18=( -12.167246, 34.507603, 22.552547 )

d_25_21=2.540744177167 s=[ 0 0 0 1 0 0 1 1 1 1 1 1 0 1 0 0 0 1 1 + - 1 1 0 0 0 0 1 0 0 1 0 0 0 0 1 0 0 ] xyz18=( -12.167651, 34.507725, 22.552642 )

d_25_21=2.540944377367 s=[ 0 0 0 1 0 0 1 1 1 1 1 1 0 1 0 0 0 1 1 + - 1 1 0 0 0 0 1 0 0 1 0 0 0 0 1 0 0 ] xyz18=( -12.168056, 34.507848, 22.552737 )

d_25_21=2.541144577568 s=[ 0 0 0 1 0 0 1 1 1 1 1 1 0 1 0 0 0 1 1 + - 1 1 0 0 0 0 1 0 0 1 0 0 0 0 1 0 0 ] xyz18=( -12.168461, 34.507970, 22.552832 )

d_25_21=2.541344777768 s=[ 0 0 0 1 0 0 1 1 1 1 1 1 0 1 0 0 0 1 1 + - 1 1 0 0 0 0 1 0 0 1 0 0 0 0 1 0 0 ] xyz18=( -12.168866, 34.508092, 22.552928 )

d_25_21=2.541544977968 s=[ 0 0 0 1 0 0 1 1 1 1 1 1 0 1 0 0 0 1 1 + - 1 1 0 0 0 0 1 0 0 1 0 0 0 0 1 0 0 ] xyz18=( -12.169271, 34.508215, 22.553023 )

d_25_21=2.541745178168 s=[ 0 0 0 1 0 0 1 1 1 1 1 1 0 1 0 0 0 1 1 + - 1 1 0 0 0 0 1 0 0 1 0 0 0 0 1 0 0 ] xyz18=( -12.169676, 34.508337, 22.553118 )

d_25_21=2.541945378368 s=[ 0 0 0 1 0 0 1 1 1 1 1 1 0 1 0 0 0 1 1 + - 1 1 0 0 0 0 1 0 0 1 0 0 0 0 1 0 0 ] xyz18=( -12.170081, 34.508460, 22.553213 )

d_25_21=2.542145578569 s=[ 0 0 0 1 0 0 1 1 1 1 1 1 0 1 0 0 0 1 1 + - 1 1 0 0 0 0 1 0 0 1 0 0 0 0 1 0 0 ] xyz18=( -12.170486, 34.508583, 22.553308 )

d_25_21=2.542345778769 s=[ 0 0 0 1 0 0 1 1 1 1 1 1 0 1 0 0 0 1 1 + - 1 1 0 0 0 0 1 0 0 1 0 0 0 0 1 0 0 ] xyz18=( -12.170890, 34.508706, 22.553403 )

d_25_21=2.542545978969 s=[ 0 0 0 1 0 0 1 1 1 1 1 1 0 1 0 0 0 1 1 + - 1 1 0 0 0 0 1 0 0 1 0 0 0 0 1 0 0 ] xyz18=( -12.171295, 34.508829, 22.553498 )

d_25_21=2.542746179169 s=[ 0 0 0 1 0 0 1 1 1 1 1 1 0 1 0 0 0 1 1 + - 1 1 0 0 0 0 1 0 0 1 0 0 0 0 1 0 0 ] xyz18=( -12.171699, 34.508952, 22.553593 )

d_25_21=2.542946379369 s=[ 0 0 0 1 0 0 1 1 1 1 1 1 0 1 0 0 0 1 1 + - 1 1 0 0 0 0 1 0 0 1 0 0 0 0 1 0 0 ] xyz18=( -12.172103, 34.509075, 22.553687 )

d_25_21=2.543146579570 s=[ 0 0 0 1 0 0 1 1 1 1 1 1 0 1 0 0 0 1 1 + - 1 1 0 0 0 0 1 0 0 1 0 0 0 0 1 0 0 ] xyz18=( -12.172508, 34.509199, 22.553782 )

d_25_21=2.543346779770 s=[ 0 0 0 1 0 0 1 1 1 1 1 1 0 1 0 0 0 1 1 + - 1 1 0 0 0 0 1 0 0 1 0 0 0 0 1 0 0 ] xyz18=( -12.172912, 34.509322, 22.553877 )

d_25_21=2.543546979970 s=[ 0 0 0 1 0 0 1 1 1 1 1 1 0 1 0 0 0 1 1 + - 1 1 0 0 0 0 1 0 0 1 0 0 0 0 1 0 0 ] xyz18=( -12.173316, 34.509446, 22.553971 )

d_25_21=2.543747180170 s=[ 0 0 0 1 0 0 1 1 1 1 1 1 0 1 0 0 0 1 1 + - 1 1 0 0 0 0 1 0 0 1 0 0 0 0 1 0 0 ] xyz18=( -12.173720, 34.509570, 22.554066 )

d_25_21=2.543947380370 s=[ 0 0 0 1 0 0 1 1 1 1 1 1 0 1 0 0 0 1 1 + - 1 1 0 0 0 0 1 0 0 1 0 0 0 0 1 0 0 ] xyz18=( -12.174124, 34.509693, 22.554161 )

d_25_21=2.544147580571 s=[ 0 0 0 1 0 0 1 1 1 1 1 1 0 1 0 0 0 1 1 + - 1 1 0 0 0 0 1 0 0 1 0 0 0 0 1 0 0 ] xyz18=( -12.174528, 34.509817, 22.554255 )

d_25_21=2.544347780771 s=[ 0 0 0 1 0 0 1 1 1 1 1 1 0 1 0 0 0 1 1 + - 1 1 0 0 0 0 1 0 0 1 0 0 0 0 1 0 0 ] xyz18=( -12.174931, 34.509941, 22.554349 )

d_25_21=2.544547980971 s=[ 0 0 0 1 0 0 1 1 1 1 1 1 0 1 0 0 0 1 1 + - 1 1 0 0 0 0 1 0 0 1 0 0 0 0 1 0 0 ] xyz18=( -12.175335, 34.510065, 22.554444 )

d_25_21=2.544748181171 s=[ 0 0 0 1 0 0 1 1 1 1 1 1 0 1 0 0 0 1 1 + - 1 1 0 0 0 0 1 0 0 1 0 0 0 0 1 0 0 ] xyz18=( -12.175739, 34.510190, 22.554538 )

d_25_21=2.544948381371 s=[ 0 0 0 1 0 0 1 1 1 1 1 1 0 1 0 0 0 1 1 + - 1 1 0 0 0 0 1 0 0 1 0 0 0 0 1 0 0 ] xyz18=( -12.176142, 34.510314, 22.554632 )

d_25_21=2.545148581572 s=[ 0 0 0 1 0 0 1 1 1 1 1 1 0 1 0 0 0 1 1 + - 1 1 0 0 0 0 1 0 0 1 0 0 0 0 1 0 0 ] xyz18=( -12.176546, 34.510438, 22.554727 )

d_25_21=2.545348781772 s=[ 0 0 0 1 0 0 1 1 1 1 1 1 0 1 0 0 0 1 1 + - 1 1 0 0 0 0 1 0 0 1 0 0 0 0 1 0 0 ] xyz18=( -12.176949, 34.510563, 22.554821 )

d_25_21=2.545548981972 s=[ 0 0 0 1 0 0 1 1 1 1 1 1 0 1 0 0 0 1 1 + - 1 1 0 0 0 0 1 0 0 1 0 0 0 0 1 0 0 ] xyz18=( -12.177352, 34.510687, 22.554915 )

d_25_21=2.545749182172 s=[ 0 0 0 1 0 0 1 1 1 1 1 1 0 1 0 0 0 1 1 + - 1 1 0 0 0 0 1 0 0 1 0 0 0 0 1 0 0 ] xyz18=( -12.177755, 34.510812, 22.555009 )

d_25_21=2.545949382372 s=[ 0 0 0 1 0 0 1 1 1 1 1 1 0 1 0 0 0 1 1 + - 1 1 0 0 0 0 1 0 0 1 0 0 0 0 1 0 0 ] xyz18=( -12.178158, 34.510937, 22.555103 )

d_25_21=2.546149582573 s=[ 0 0 0 1 0 0 1 1 1 1 1 1 0 1 0 0 0 1 1 + - 1 1 0 0 0 0 1 0 0 1 0 0 0 0 1 0 0 ] xyz18=( -12.178561, 34.511062, 22.555197 )

d_25_21=2.546349782773 s=[ 0 0 0 1 0 0 1 1 1 1 1 1 0 1 0 0 0 1 1 + - 1 1 0 0 0 0 1 0 0 1 0 0 0 0 1 0 0 ] xyz18=( -12.178964, 34.511187, 22.555291 )

d_25_21=2.546549982973 s=[ 0 0 0 1 0 0 1 1 1 1 1 1 0 1 0 0 0 1 1 + - 1 1 0 0 0 0 1 0 0 1 0 0 0 0 1 0 0 ] xyz18=( -12.179367, 34.511312, 22.555384 )

d_25_21=2.546750183173 s=[ 0 0 0 1 0 0 1 1 1 1 1 1 0 1 0 0 0 1 1 + - 1 1 0 0 0 0 1 0 0 1 0 0 0 0 1 0 0 ] xyz18=( -12.179770, 34.511437, 22.555478 )

