order:    [ 1 19 20 0 37 36 35 34 33 32 31 30 29 28 27 26 24 23 22 25 21 18 10 11 17 16 15 14 13 12 9 2 8 7 6 5 4 3 ]
atoms:    [ CA CA C N C CA N C CA N C CA N C CA N C CA N H HA N CA C C CA N C CA N N C C CA N C CA N ]
residues: [ 0 6 6 0 11 11 11 10 10 10 9 9 9 8 8 8 7 7 7 7 6 6 3 3 5 5 5 4 4 4 3 0 2 2 2 1 1 1 ]

We use a different pair of symbles to represent the bits values which are associated with the HA and H of the discretized distance, and another one to represent the bits of other hydrogens.
For the HA and H from the discretized distance:
	"+" means 0
	"-" means 1
For any other hydrogens:
	">" means 0
	"<" means 1

d_25_21=2.448324484747 s=[ 0 0 0 0 1 1 0 0 0 0 0 0 1 0 1 1 1 0 0 + - 0 1 1 1 1 1 0 1 1 0 1 1 1 1 0 1 1 ]

d_25_21=2.450344686768 s=[ 0 0 0 0 1 1 0 0 0 0 0 0 1 0 1 1 1 0 0 + - 0 1 1 1 1 1 0 1 1 0 1 1 1 1 0 1 1 ]

d_25_21=2.452364888788 s=[ 0 0 0 0 1 1 0 0 0 0 0 0 1 0 1 1 1 0 0 + - 0 1 1 1 1 1 0 1 1 0 1 1 1 1 0 1 1 ]

d_25_21=2.470546706970 s=[ 0 0 0 0 1 1 0 0 0 0 0 0 1 0 1 1 1 0 0 + - 0 1 0 0 0 0 1 0 0 1 0 0 0 0 1 0 0 ]

d_25_21=2.512970949394 s=[ 0 0 0 0 1 1 0 0 0 0 0 0 1 0 1 1 1 0 0 + - 1 0 0 0 0 0 1 0 0 1 0 0 0 0 1 0 0 ]

d_25_21=2.514991151414 s=[ 0 0 0 0 1 1 0 0 0 0 0 0 1 0 1 1 1 0 0 + - 1 0 0 0 0 0 1 0 0 1 0 0 0 0 1 0 0 ]

d_25_21=2.517011353434 s=[ 0 0 0 0 1 1 0 0 0 0 0 0 1 0 1 1 1 0 0 + - 1 0 0 0 0 0 1 0 0 1 0 0 0 0 1 0 0 ]

d_25_21=2.519031555455 s=[ 0 0 0 0 1 1 0 0 0 0 0 0 1 0 1 1 1 0 0 + - 1 0 0 0 0 0 1 0 0 1 0 0 0 0 1 0 0 ]

d_25_21=2.521051757475 s=[ 0 0 0 0 1 1 0 0 0 0 0 0 1 0 1 1 1 0 0 + - 1 0 0 0 0 0 1 0 0 1 0 0 0 0 1 0 0 ]

d_25_21=2.527112363535 s=[ 0 0 0 0 1 1 0 0 0 0 0 0 1 0 1 1 1 0 0 + - 1 0 1 1 1 1 0 1 1 1 0 0 0 0 1 0 0 ]

d_25_21=2.529132565556 s=[ 0 0 0 0 1 1 0 0 0 0 0 0 1 0 1 1 1 0 0 + - 1 0 1 1 1 1 0 1 1 1 0 0 0 0 1 0 0 ]

d_25_21=2.531152767576 s=[ 0 0 0 0 1 1 0 0 0 0 0 0 1 0 1 1 1 0 0 + - 1 0 1 1 1 1 0 1 1 1 0 0 0 0 1 0 0 ]

d_25_21=2.533172969596 s=[ 0 0 0 0 1 1 0 0 0 0 0 0 1 0 1 1 1 0 0 + - 1 0 1 1 1 1 0 1 1 1 0 0 0 0 1 0 0 ]

d_25_21=2.535193171616 s=[ 0 0 0 0 1 1 0 0 0 0 0 0 1 0 1 1 1 0 0 + + 0 0 0 0 0 0 1 0 0 0 0 0 0 0 1 0 0 ]

d_25_21=2.539233575657 s=[ 0 0 0 0 1 1 0 0 0 0 0 0 1 0 1 1 1 0 0 + + 0 0 1 1 1 1 0 1 1 0 1 1 1 1 0 1 1 ]

d_25_21=2.541253777677 s=[ 0 0 0 0 1 1 0 0 0 0 0 0 1 0 1 1 1 0 0 + + 0 0 1 1 1 1 0 1 1 0 1 1 1 1 0 1 1 ]

d_25_21=2.543273979697 s=[ 0 0 0 0 1 1 0 0 0 0 0 0 1 0 1 1 1 0 0 + + 0 0 1 1 1 1 0 1 1 0 1 1 1 1 0 1 1 ]

d_25_21=2.545294181717 s=[ 0 0 0 0 1 1 0 0 0 0 0 0 1 0 1 1 1 0 0 + + 0 0 1 1 1 1 0 1 1 0 1 1 1 1 0 1 1 ]

d_25_21=2.448324484747 s=[ 0 0 0 1 0 0 1 1 1 1 1 1 0 1 0 0 0 1 1 + + 1 0 0 0 0 0 1 0 0 1 0 0 0 0 1 0 0 ]

d_25_21=2.450344686768 s=[ 0 0 0 1 0 0 1 1 1 1 1 1 0 1 0 0 0 1 1 + + 1 0 0 0 0 0 1 0 0 1 0 0 0 0 1 0 0 ]

d_25_21=2.452364888788 s=[ 0 0 0 1 0 0 1 1 1 1 1 1 0 1 0 0 0 1 1 + + 1 0 0 0 0 0 1 0 0 1 0 0 0 0 1 0 0 ]

d_25_21=2.470546706970 s=[ 0 0 0 1 0 0 1 1 1 1 1 1 0 1 0 0 0 1 1 + + 1 0 1 1 1 1 0 1 1 0 1 1 1 1 0 1 1 ]

d_25_21=2.512970949394 s=[ 0 0 0 1 0 0 1 1 1 1 1 1 0 1 0 0 0 1 1 + + 0 1 1 1 1 1 0 1 1 0 1 1 1 1 0 1 1 ]

d_25_21=2.514991151414 s=[ 0 0 0 1 0 0 1 1 1 1 1 1 0 1 0 0 0 1 1 + + 0 1 1 1 1 1 0 1 1 0 1 1 1 1 0 1 1 ]

d_25_21=2.517011353434 s=[ 0 0 0 1 0 0 1 1 1 1 1 1 0 1 0 0 0 1 1 + + 0 1 1 1 1 1 0 1 1 0 1 1 1 1 0 1 1 ]

d_25_21=2.519031555455 s=[ 0 0 0 1 0 0 1 1 1 1 1 1 0 1 0 0 0 1 1 + + 0 1 1 1 1 1 0 1 1 0 1 1 1 1 0 1 1 ]

d_25_21=2.521051757475 s=[ 0 0 0 1 0 0 1 1 1 1 1 1 0 1 0 0 0 1 1 + + 0 1 1 1 1 1 0 1 1 0 1 1 1 1 0 1 1 ]

d_25_21=2.527112363535 s=[ 0 0 0 1 0 0 1 1 1 1 1 1 0 1 0 0 0 1 1 + + 0 1 0 0 0 0 1 0 0 0 1 1 1 1 0 1 1 ]

d_25_21=2.529132565556 s=[ 0 0 0 1 0 0 1 1 1 1 1 1 0 1 0 0 0 1 1 + + 0 1 0 0 0 0 1 0 0 0 1 1 1 1 0 1 1 ]

d_25_21=2.531152767576 s=[ 0 0 0 1 0 0 1 1 1 1 1 1 0 1 0 0 0 1 1 + + 0 1 0 0 0 0 1 0 0 0 1 1 1 1 0 1 1 ]

d_25_21=2.533172969596 s=[ 0 0 0 1 0 0 1 1 1 1 1 1 0 1 0 0 0 1 1 + + 0 1 0 0 0 0 1 0 0 0 1 1 1 1 0 1 1 ]

d_25_21=2.535193171616 s=[ 0 0 0 1 0 0 1 1 1 1 1 1 0 1 0 0 0 1 1 + - 1 1 1 1 1 1 0 1 1 1 1 1 1 1 0 1 1 ]

d_25_21=2.539233575657 s=[ 0 0 0 1 0 0 1 1 1 1 1 1 0 1 0 0 0 1 1 + - 1 1 0 0 0 0 1 0 0 1 0 0 0 0 1 0 0 ]

d_25_21=2.541253777677 s=[ 0 0 0 1 0 0 1 1 1 1 1 1 0 1 0 0 0 1 1 + - 1 1 0 0 0 0 1 0 0 1 0 0 0 0 1 0 0 ]

d_25_21=2.543273979697 s=[ 0 0 0 1 0 0 1 1 1 1 1 1 0 1 0 0 0 1 1 + - 1 1 0 0 0 0 1 0 0 1 0 0 0 0 1 0 0 ]

d_25_21=2.545294181717 s=[ 0 0 0 1 0 0 1 1 1 1 1 1 0 1 0 0 0 1 1 + - 1 1 0 0 0 0 1 0 0 1 0 0 0 0 1 0 0 ]

