order:    [ 1 19 20 0 37 36 35 34 33 32 31 30 29 28 27 26 24 23 22 25 21 18 10 11 17 16 15 14 13 12 9 2 8 7 6 5 4 3 ]
atoms:    [ CA CA C N C CA N C CA N C CA N C CA N C CA N H HA N CA C C CA N C CA N N C C CA N C CA N ]
residues: [ 0 6 6 0 11 11 11 10 10 10 9 9 9 8 8 8 7 7 7 7 6 6 3 3 5 5 5 4 4 4 3 0 2 2 2 1 1 1 ]

d_25_21=2.429633066056 eijMax=5.917E-03 rmsd=1.559E+01 s=[ 0 0 0 0 1 1 0 0 0 0 0 0 1 0 1 1 1 0 0 0 0 0 1 0 0 0 0 1 0 0 0 0 0 0 0 1 0 0 ]
d_25_21=2.443046479469 eijMax=9.309E-03 rmsd=1.248E+01 s=[ 0 0 0 0 1 1 0 0 0 0 0 0 1 0 1 1 1 0 0 0 1 1 0 0 0 0 0 1 0 0 1 1 1 1 1 0 1 1 ]
d_25_21=2.443246679670 eijMax=2.605E-03 rmsd=1.247E+01 s=[ 0 0 0 0 1 1 0 0 0 0 0 0 1 0 1 1 1 0 0 0 1 1 0 0 0 0 0 1 0 0 1 1 1 1 1 0 1 1 ]
d_25_21=2.443446879870 eijMax=3.758E-03 rmsd=1.245E+01 s=[ 0 0 0 0 1 1 0 0 0 0 0 0 1 0 1 1 1 0 0 0 1 1 0 0 0 0 0 1 0 0 1 1 1 1 1 0 1 1 ]
d_25_21=2.443647080070 eijMax=9.836E-03 rmsd=1.244E+01 s=[ 0 0 0 0 1 1 0 0 0 0 0 0 1 0 1 1 1 0 0 0 1 1 0 0 0 0 0 1 0 0 1 1 1 1 1 0 1 1 ]
d_25_21=2.448251684675 eijMax=9.631E-03 rmsd=1.447E-01 s=[ 0 0 0 0 1 1 0 0 0 0 0 0 1 0 1 1 1 0 0 0 1 0 1 1 1 1 1 0 1 1 0 1 1 1 1 0 1 1 ]
d_25_21=2.448451884875 eijMax=8.773E-03 rmsd=1.317E-01 s=[ 0 0 0 0 1 1 0 0 0 0 0 0 1 0 1 1 1 0 0 0 1 0 1 1 1 1 1 0 1 1 0 1 1 1 1 0 1 1 ]
d_25_21=2.448652085075 eijMax=7.911E-03 rmsd=1.187E-01 s=[ 0 0 0 0 1 1 0 0 0 0 0 0 1 0 1 1 1 0 0 0 1 0 1 1 1 1 1 0 1 1 0 1 1 1 1 0 1 1 ]
d_25_21=2.448852285275 eijMax=7.045E-03 rmsd=1.056E-01 s=[ 0 0 0 0 1 1 0 0 0 0 0 0 1 0 1 1 1 0 0 0 1 0 1 1 1 1 1 0 1 1 0 1 1 1 1 0 1 1 ]
d_25_21=2.449052485475 eijMax=6.174E-03 rmsd=9.249E-02 s=[ 0 0 0 0 1 1 0 0 0 0 0 0 1 0 1 1 1 0 0 0 1 0 1 1 1 1 1 0 1 1 0 1 1 1 1 0 1 1 ]
d_25_21=2.449252685676 eijMax=5.299E-03 rmsd=7.933E-02 s=[ 0 0 0 0 1 1 0 0 0 0 0 0 1 0 1 1 1 0 0 0 1 0 1 1 1 1 1 0 1 1 0 1 1 1 1 0 1 1 ]
d_25_21=2.449452885876 eijMax=4.420E-03 rmsd=6.612E-02 s=[ 0 0 0 0 1 1 0 0 0 0 0 0 1 0 1 1 1 0 0 0 1 0 1 1 1 1 1 0 1 1 0 1 1 1 1 0 1 1 ]
d_25_21=2.449653086076 eijMax=3.536E-03 rmsd=5.287E-02 s=[ 0 0 0 0 1 1 0 0 0 0 0 0 1 0 1 1 1 0 0 0 1 0 1 1 1 1 1 0 1 1 0 1 1 1 1 0 1 1 ]
d_25_21=2.449853286276 eijMax=2.647E-03 rmsd=3.956E-02 s=[ 0 0 0 0 1 1 0 0 0 0 0 0 1 0 1 1 1 0 0 0 1 0 1 1 1 1 1 0 1 1 0 1 1 1 1 0 1 1 ]
d_25_21=2.450053486476 eijMax=1.754E-03 rmsd=2.621E-02 s=[ 0 0 0 0 1 1 0 0 0 0 0 0 1 0 1 1 1 0 0 0 1 0 1 1 1 1 1 0 1 1 0 1 1 1 1 0 1 1 ]
d_25_21=2.450253686677 eijMax=8.565E-04 rmsd=1.280E-02 s=[ 0 0 0 0 1 1 0 0 0 0 0 0 1 0 1 1 1 0 0 0 1 0 1 1 1 1 1 0 1 1 0 1 1 1 1 0 1 1 ]
d_25_21=2.450453886877 eijMax=4.612E-05 rmsd=6.525E-04 s=[ 0 0 0 0 1 1 0 0 0 0 0 0 1 0 1 1 1 0 0 0 1 0 1 1 1 1 1 0 1 1 0 1 1 1 1 0 1 1 ]
d_25_21=2.450654087077 eijMax=9.535E-04 rmsd=1.416E-02 s=[ 0 0 0 0 1 1 0 0 0 0 0 0 1 0 1 1 1 0 0 0 1 0 1 1 1 1 1 0 1 1 0 1 1 1 1 0 1 1 ]
d_25_21=2.450854287277 eijMax=1.866E-03 rmsd=2.772E-02 s=[ 0 0 0 0 1 1 0 0 0 0 0 0 1 0 1 1 1 0 0 0 1 0 1 1 1 1 1 0 1 1 0 1 1 1 1 0 1 1 ]
d_25_21=2.451054487477 eijMax=2.783E-03 rmsd=4.133E-02 s=[ 0 0 0 0 1 1 0 0 0 0 0 0 1 0 1 1 1 0 0 0 1 0 1 1 1 1 1 0 1 1 0 1 1 1 1 0 1 1 ]
d_25_21=2.451254687678 eijMax=3.705E-03 rmsd=5.500E-02 s=[ 0 0 0 0 1 1 0 0 0 0 0 0 1 0 1 1 1 0 0 0 1 0 1 1 1 1 1 0 1 1 0 1 1 1 1 0 1 1 ]
d_25_21=2.451454887878 eijMax=4.632E-03 rmsd=6.872E-02 s=[ 0 0 0 0 1 1 0 0 0 0 0 0 1 0 1 1 1 0 0 0 1 0 1 1 1 1 1 0 1 1 0 1 1 1 1 0 1 1 ]
d_25_21=2.451655088078 eijMax=5.565E-03 rmsd=8.249E-02 s=[ 0 0 0 0 1 1 0 0 0 0 0 0 1 0 1 1 1 0 0 0 1 0 1 1 1 1 1 0 1 1 0 1 1 1 1 0 1 1 ]
d_25_21=2.451855288278 eijMax=6.502E-03 rmsd=9.633E-02 s=[ 0 0 0 0 1 1 0 0 0 0 0 0 1 0 1 1 1 0 0 0 1 0 1 1 1 1 1 0 1 1 0 1 1 1 1 0 1 1 ]
d_25_21=2.452055488478 eijMax=7.445E-03 rmsd=1.102E-01 s=[ 0 0 0 0 1 1 0 0 0 0 0 0 1 0 1 1 1 0 0 0 1 0 1 1 1 1 1 0 1 1 0 1 1 1 1 0 1 1 ]
d_25_21=2.452255688679 eijMax=8.394E-03 rmsd=1.242E-01 s=[ 0 0 0 0 1 1 0 0 0 0 0 0 1 0 1 1 1 0 0 0 1 0 1 1 1 1 1 0 1 1 0 1 1 1 1 0 1 1 ]
d_25_21=2.452455888879 eijMax=9.347E-03 rmsd=1.382E-01 s=[ 0 0 0 0 1 1 0 0 0 0 0 0 1 0 1 1 1 0 0 0 1 0 1 1 1 1 1 0 1 1 0 1 1 1 1 0 1 1 ]
d_25_21=2.469272705696 eijMax=8.086E-03 rmsd=6.838E+00 s=[ 0 0 0 0 1 1 0 0 0 0 0 0 1 0 1 1 1 0 0 0 1 0 1 0 0 0 0 1 0 0 1 0 0 0 0 1 0 0 ]
d_25_21=2.469472905896 eijMax=5.920E-03 rmsd=6.850E+00 s=[ 0 0 0 0 1 1 0 0 0 0 0 0 1 0 1 1 1 0 0 0 1 0 1 0 0 0 0 1 0 0 1 0 0 0 0 1 0 0 ]
d_25_21=2.469673106096 eijMax=3.706E-03 rmsd=6.862E+00 s=[ 0 0 0 0 1 1 0 0 0 0 0 0 1 0 1 1 1 0 0 0 1 0 1 0 0 0 0 1 0 0 1 0 0 0 0 1 0 0 ]
d_25_21=2.469873306296 eijMax=1.440E-03 rmsd=6.875E+00 s=[ 0 0 0 0 1 1 0 0 0 0 0 0 1 0 1 1 1 0 0 0 1 0 1 0 0 0 0 1 0 0 1 0 0 0 0 1 0 0 ]
d_25_21=2.470073506496 eijMax=8.822E-04 rmsd=6.889E+00 s=[ 0 0 0 0 1 1 0 0 0 0 0 0 1 0 1 1 1 0 0 0 1 0 1 0 0 0 0 1 0 0 1 0 0 0 0 1 0 0 ]
d_25_21=2.470273706697 eijMax=3.267E-03 rmsd=6.903E+00 s=[ 0 0 0 0 1 1 0 0 0 0 0 0 1 0 1 1 1 0 0 0 1 0 1 0 0 0 0 1 0 0 1 0 0 0 0 1 0 0 ]
d_25_21=2.470473906897 eijMax=5.720E-03 rmsd=6.917E+00 s=[ 0 0 0 0 1 1 0 0 0 0 0 0 1 0 1 1 1 0 0 0 1 0 1 0 0 0 0 1 0 0 1 0 0 0 0 1 0 0 ]
d_25_21=2.470674107097 eijMax=8.248E-03 rmsd=6.932E+00 s=[ 0 0 0 0 1 1 0 0 0 0 0 0 1 0 1 1 1 0 0 0 1 0 1 0 0 0 0 1 0 0 1 0 0 0 0 1 0 0 ]
d_25_21=2.512315748739 eijMax=9.631E-03 rmsd=1.129E+01 s=[ 0 0 0 0 1 1 0 0 0 0 0 0 1 0 1 1 1 0 0 0 1 1 0 0 0 0 0 1 0 0 1 0 0 0 0 1 0 0 ]
d_25_21=2.512515948939 eijMax=9.229E-03 rmsd=1.128E+01 s=[ 0 0 0 0 1 1 0 0 0 0 0 0 1 0 1 1 1 0 0 0 1 1 0 0 0 0 0 1 0 0 1 0 0 0 0 1 0 0 ]
d_25_21=2.512716149139 eijMax=8.829E-03 rmsd=1.128E+01 s=[ 0 0 0 0 1 1 0 0 0 0 0 0 1 0 1 1 1 0 0 0 1 1 0 0 0 0 0 1 0 0 1 0 0 0 0 1 0 0 ]
d_25_21=2.512916349339 eijMax=8.429E-03 rmsd=1.128E+01 s=[ 0 0 0 0 1 1 0 0 0 0 0 0 1 0 1 1 1 0 0 0 1 1 0 0 0 0 0 1 0 0 1 0 0 0 0 1 0 0 ]
d_25_21=2.513116549540 eijMax=8.029E-03 rmsd=1.127E+01 s=[ 0 0 0 0 1 1 0 0 0 0 0 0 1 0 1 1 1 0 0 0 1 1 0 0 0 0 0 1 0 0 1 0 0 0 0 1 0 0 ]
d_25_21=2.513316749740 eijMax=7.631E-03 rmsd=1.127E+01 s=[ 0 0 0 0 1 1 0 0 0 0 0 0 1 0 1 1 1 0 0 0 1 1 0 0 0 0 0 1 0 0 1 0 0 0 0 1 0 0 ]
d_25_21=2.513516949940 eijMax=7.233E-03 rmsd=1.127E+01 s=[ 0 0 0 0 1 1 0 0 0 0 0 0 1 0 1 1 1 0 0 0 1 1 0 0 0 0 0 1 0 0 1 0 0 0 0 1 0 0 ]
d_25_21=2.513717150140 eijMax=6.835E-03 rmsd=1.127E+01 s=[ 0 0 0 0 1 1 0 0 0 0 0 0 1 0 1 1 1 0 0 0 1 1 0 0 0 0 0 1 0 0 1 0 0 0 0 1 0 0 ]
d_25_21=2.513917350340 eijMax=6.439E-03 rmsd=1.126E+01 s=[ 0 0 0 0 1 1 0 0 0 0 0 0 1 0 1 1 1 0 0 0 1 1 0 0 0 0 0 1 0 0 1 0 0 0 0 1 0 0 ]
d_25_21=2.514117550541 eijMax=6.043E-03 rmsd=1.126E+01 s=[ 0 0 0 0 1 1 0 0 0 0 0 0 1 0 1 1 1 0 0 0 1 1 0 0 0 0 0 1 0 0 1 0 0 0 0 1 0 0 ]
d_25_21=2.514317750741 eijMax=5.648E-03 rmsd=1.126E+01 s=[ 0 0 0 0 1 1 0 0 0 0 0 0 1 0 1 1 1 0 0 0 1 1 0 0 0 0 0 1 0 0 1 0 0 0 0 1 0 0 ]
d_25_21=2.514517950941 eijMax=5.253E-03 rmsd=1.125E+01 s=[ 0 0 0 0 1 1 0 0 0 0 0 0 1 0 1 1 1 0 0 0 1 1 0 0 0 0 0 1 0 0 1 0 0 0 0 1 0 0 ]
d_25_21=2.514718151141 eijMax=4.859E-03 rmsd=1.125E+01 s=[ 0 0 0 0 1 1 0 0 0 0 0 0 1 0 1 1 1 0 0 0 1 1 0 0 0 0 0 1 0 0 1 0 0 0 0 1 0 0 ]
d_25_21=2.514918351341 eijMax=4.466E-03 rmsd=1.125E+01 s=[ 0 0 0 0 1 1 0 0 0 0 0 0 1 0 1 1 1 0 0 0 1 1 0 0 0 0 0 1 0 0 1 0 0 0 0 1 0 0 ]
d_25_21=2.515118551542 eijMax=4.074E-03 rmsd=1.124E+01 s=[ 0 0 0 0 1 1 0 0 0 0 0 0 1 0 1 1 1 0 0 0 1 1 0 0 0 0 0 1 0 0 1 0 0 0 0 1 0 0 ]
d_25_21=2.515318751742 eijMax=3.682E-03 rmsd=1.124E+01 s=[ 0 0 0 0 1 1 0 0 0 0 0 0 1 0 1 1 1 0 0 0 1 1 0 0 0 0 0 1 0 0 1 0 0 0 0 1 0 0 ]
d_25_21=2.515518951942 eijMax=3.291E-03 rmsd=1.124E+01 s=[ 0 0 0 0 1 1 0 0 0 0 0 0 1 0 1 1 1 0 0 0 1 1 0 0 0 0 0 1 0 0 1 0 0 0 0 1 0 0 ]
d_25_21=2.515719152142 eijMax=2.900E-03 rmsd=1.124E+01 s=[ 0 0 0 0 1 1 0 0 0 0 0 0 1 0 1 1 1 0 0 0 1 1 0 0 0 0 0 1 0 0 1 0 0 0 0 1 0 0 ]
d_25_21=2.515919352342 eijMax=2.511E-03 rmsd=1.123E+01 s=[ 0 0 0 0 1 1 0 0 0 0 0 0 1 0 1 1 1 0 0 0 1 1 0 0 0 0 0 1 0 0 1 0 0 0 0 1 0 0 ]
d_25_21=2.516119552543 eijMax=2.121E-03 rmsd=1.123E+01 s=[ 0 0 0 0 1 1 0 0 0 0 0 0 1 0 1 1 1 0 0 0 1 1 0 0 0 0 0 1 0 0 1 0 0 0 0 1 0 0 ]
d_25_21=2.516319752743 eijMax=1.733E-03 rmsd=1.123E+01 s=[ 0 0 0 0 1 1 0 0 0 0 0 0 1 0 1 1 1 0 0 0 1 1 0 0 0 0 0 1 0 0 1 0 0 0 0 1 0 0 ]
d_25_21=2.516519952943 eijMax=1.345E-03 rmsd=1.122E+01 s=[ 0 0 0 0 1 1 0 0 0 0 0 0 1 0 1 1 1 0 0 0 1 1 0 0 0 0 0 1 0 0 1 0 0 0 0 1 0 0 ]
d_25_21=2.516720153143 eijMax=9.581E-04 rmsd=1.122E+01 s=[ 0 0 0 0 1 1 0 0 0 0 0 0 1 0 1 1 1 0 0 0 1 1 0 0 0 0 0 1 0 0 1 0 0 0 0 1 0 0 ]
d_25_21=2.516920353343 eijMax=5.716E-04 rmsd=1.122E+01 s=[ 0 0 0 0 1 1 0 0 0 0 0 0 1 0 1 1 1 0 0 0 1 1 0 0 0 0 0 1 0 0 1 0 0 0 0 1 0 0 ]
d_25_21=2.517120553544 eijMax=1.857E-04 rmsd=1.122E+01 s=[ 0 0 0 0 1 1 0 0 0 0 0 0 1 0 1 1 1 0 0 0 1 1 0 0 0 0 0 1 0 0 1 0 0 0 0 1 0 0 ]
d_25_21=2.517320753744 eijMax=1.994E-04 rmsd=1.121E+01 s=[ 0 0 0 0 1 1 0 0 0 0 0 0 1 0 1 1 1 0 0 0 1 1 0 0 0 0 0 1 0 0 1 0 0 0 0 1 0 0 ]
d_25_21=2.517520953944 eijMax=5.839E-04 rmsd=1.121E+01 s=[ 0 0 0 0 1 1 0 0 0 0 0 0 1 0 1 1 1 0 0 0 1 1 0 0 0 0 0 1 0 0 1 0 0 0 0 1 0 0 ]
d_25_21=2.517721154144 eijMax=9.678E-04 rmsd=1.121E+01 s=[ 0 0 0 0 1 1 0 0 0 0 0 0 1 0 1 1 1 0 0 0 1 1 0 0 0 0 0 1 0 0 1 0 0 0 0 1 0 0 ]
d_25_21=2.517921354344 eijMax=1.351E-03 rmsd=1.120E+01 s=[ 0 0 0 0 1 1 0 0 0 0 0 0 1 0 1 1 1 0 0 0 1 1 0 0 0 0 0 1 0 0 1 0 0 0 0 1 0 0 ]
d_25_21=2.518121554545 eijMax=1.734E-03 rmsd=1.120E+01 s=[ 0 0 0 0 1 1 0 0 0 0 0 0 1 0 1 1 1 0 0 0 1 1 0 0 0 0 0 1 0 0 1 0 0 0 0 1 0 0 ]
d_25_21=2.518321754745 eijMax=2.115E-03 rmsd=1.120E+01 s=[ 0 0 0 0 1 1 0 0 0 0 0 0 1 0 1 1 1 0 0 0 1 1 0 0 0 0 0 1 0 0 1 0 0 0 0 1 0 0 ]
d_25_21=2.518521954945 eijMax=2.497E-03 rmsd=1.120E+01 s=[ 0 0 0 0 1 1 0 0 0 0 0 0 1 0 1 1 1 0 0 0 1 1 0 0 0 0 0 1 0 0 1 0 0 0 0 1 0 0 ]
d_25_21=2.518722155145 eijMax=2.877E-03 rmsd=1.119E+01 s=[ 0 0 0 0 1 1 0 0 0 0 0 0 1 0 1 1 1 0 0 0 1 1 0 0 0 0 0 1 0 0 1 0 0 0 0 1 0 0 ]
d_25_21=2.518922355345 eijMax=3.257E-03 rmsd=1.119E+01 s=[ 0 0 0 0 1 1 0 0 0 0 0 0 1 0 1 1 1 0 0 0 1 1 0 0 0 0 0 1 0 0 1 0 0 0 0 1 0 0 ]
d_25_21=2.519122555546 eijMax=3.637E-03 rmsd=1.119E+01 s=[ 0 0 0 0 1 1 0 0 0 0 0 0 1 0 1 1 1 0 0 0 1 1 0 0 0 0 0 1 0 0 1 0 0 0 0 1 0 0 ]
d_25_21=2.519322755746 eijMax=4.015E-03 rmsd=1.119E+01 s=[ 0 0 0 0 1 1 0 0 0 0 0 0 1 0 1 1 1 0 0 0 1 1 0 0 0 0 0 1 0 0 1 0 0 0 0 1 0 0 ]
d_25_21=2.519522955946 eijMax=4.393E-03 rmsd=1.118E+01 s=[ 0 0 0 0 1 1 0 0 0 0 0 0 1 0 1 1 1 0 0 0 1 1 0 0 0 0 0 1 0 0 1 0 0 0 0 1 0 0 ]
d_25_21=2.519723156146 eijMax=4.771E-03 rmsd=1.118E+01 s=[ 0 0 0 0 1 1 0 0 0 0 0 0 1 0 1 1 1 0 0 0 1 1 0 0 0 0 0 1 0 0 1 0 0 0 0 1 0 0 ]
d_25_21=2.519923356346 eijMax=5.148E-03 rmsd=1.118E+01 s=[ 0 0 0 0 1 1 0 0 0 0 0 0 1 0 1 1 1 0 0 0 1 1 0 0 0 0 0 1 0 0 1 0 0 0 0 1 0 0 ]
d_25_21=2.520123556547 eijMax=5.524E-03 rmsd=1.117E+01 s=[ 0 0 0 0 1 1 0 0 0 0 0 0 1 0 1 1 1 0 0 0 1 1 0 0 0 0 0 1 0 0 1 0 0 0 0 1 0 0 ]
d_25_21=2.520323756747 eijMax=5.899E-03 rmsd=1.117E+01 s=[ 0 0 0 0 1 1 0 0 0 0 0 0 1 0 1 1 1 0 0 0 1 1 0 0 0 0 0 1 0 0 1 0 0 0 0 1 0 0 ]
d_25_21=2.520523956947 eijMax=6.274E-03 rmsd=1.117E+01 s=[ 0 0 0 0 1 1 0 0 0 0 0 0 1 0 1 1 1 0 0 0 1 1 0 0 0 0 0 1 0 0 1 0 0 0 0 1 0 0 ]
d_25_21=2.520724157147 eijMax=6.649E-03 rmsd=1.117E+01 s=[ 0 0 0 0 1 1 0 0 0 0 0 0 1 0 1 1 1 0 0 0 1 1 0 0 0 0 0 1 0 0 1 0 0 0 0 1 0 0 ]
d_25_21=2.520924357347 eijMax=7.022E-03 rmsd=1.116E+01 s=[ 0 0 0 0 1 1 0 0 0 0 0 0 1 0 1 1 1 0 0 0 1 1 0 0 0 0 0 1 0 0 1 0 0 0 0 1 0 0 ]
d_25_21=2.521124557548 eijMax=7.395E-03 rmsd=1.116E+01 s=[ 0 0 0 0 1 1 0 0 0 0 0 0 1 0 1 1 1 0 0 0 1 1 0 0 0 0 0 1 0 0 1 0 0 0 0 1 0 0 ]
d_25_21=2.521324757748 eijMax=7.768E-03 rmsd=1.116E+01 s=[ 0 0 0 0 1 1 0 0 0 0 0 0 1 0 1 1 1 0 0 0 1 1 0 0 0 0 0 1 0 0 1 0 0 0 0 1 0 0 ]
d_25_21=2.521524957948 eijMax=8.139E-03 rmsd=1.115E+01 s=[ 0 0 0 0 1 1 0 0 0 0 0 0 1 0 1 1 1 0 0 0 1 1 0 0 0 0 0 1 0 0 1 0 0 0 0 1 0 0 ]
d_25_21=2.521725158148 eijMax=8.511E-03 rmsd=1.115E+01 s=[ 0 0 0 0 1 1 0 0 0 0 0 0 1 0 1 1 1 0 0 0 1 1 0 0 0 0 0 1 0 0 1 0 0 0 0 1 0 0 ]
d_25_21=2.521925358348 eijMax=8.881E-03 rmsd=1.115E+01 s=[ 0 0 0 0 1 1 0 0 0 0 0 0 1 0 1 1 1 0 0 0 1 1 0 0 0 0 0 1 0 0 1 0 0 0 0 1 0 0 ]
d_25_21=2.522125558549 eijMax=9.251E-03 rmsd=1.115E+01 s=[ 0 0 0 0 1 1 0 0 0 0 0 0 1 0 1 1 1 0 0 0 1 1 0 0 0 0 0 1 0 0 1 0 0 0 0 1 0 0 ]
d_25_21=2.522325758749 eijMax=9.620E-03 rmsd=1.114E+01 s=[ 0 0 0 0 1 1 0 0 0 0 0 0 1 0 1 1 1 0 0 0 1 1 0 0 0 0 0 1 0 0 1 0 0 0 0 1 0 0 ]
d_25_21=2.522525958949 eijMax=9.989E-03 rmsd=1.114E+01 s=[ 0 0 0 0 1 1 0 0 0 0 0 0 1 0 1 1 1 0 0 0 1 1 0 0 0 0 0 1 0 0 1 0 0 0 0 1 0 0 ]
d_25_21=2.527130563554 eijMax=9.507E-03 rmsd=1.111E+01 s=[ 0 0 0 0 1 1 0 0 0 0 0 0 1 0 1 1 1 0 0 0 1 1 0 1 1 1 1 0 1 1 1 0 0 0 0 1 0 0 ]
d_25_21=2.527330763754 eijMax=8.984E-03 rmsd=1.111E+01 s=[ 0 0 0 0 1 1 0 0 0 0 0 0 1 0 1 1 1 0 0 0 1 1 0 1 1 1 1 0 1 1 1 0 0 0 0 1 0 0 ]
d_25_21=2.527530963954 eijMax=8.461E-03 rmsd=1.111E+01 s=[ 0 0 0 0 1 1 0 0 0 0 0 0 1 0 1 1 1 0 0 0 1 1 0 1 1 1 1 0 1 1 1 0 0 0 0 1 0 0 ]
d_25_21=2.527731164154 eijMax=7.938E-03 rmsd=1.111E+01 s=[ 0 0 0 0 1 1 0 0 0 0 0 0 1 0 1 1 1 0 0 0 1 1 0 1 1 1 1 0 1 1 1 0 0 0 0 1 0 0 ]
d_25_21=2.527931364354 eijMax=7.415E-03 rmsd=1.110E+01 s=[ 0 0 0 0 1 1 0 0 0 0 0 0 1 0 1 1 1 0 0 0 1 1 0 1 1 1 1 0 1 1 1 0 0 0 0 1 0 0 ]
d_25_21=2.528131564555 eijMax=6.893E-03 rmsd=1.110E+01 s=[ 0 0 0 0 1 1 0 0 0 0 0 0 1 0 1 1 1 0 0 0 1 1 0 1 1 1 1 0 1 1 1 0 0 0 0 1 0 0 ]
d_25_21=2.528331764755 eijMax=6.371E-03 rmsd=1.110E+01 s=[ 0 0 0 0 1 1 0 0 0 0 0 0 1 0 1 1 1 0 0 0 1 1 0 1 1 1 1 0 1 1 1 0 0 0 0 1 0 0 ]
d_25_21=2.528531964955 eijMax=5.849E-03 rmsd=1.110E+01 s=[ 0 0 0 0 1 1 0 0 0 0 0 0 1 0 1 1 1 0 0 0 1 1 0 1 1 1 1 0 1 1 1 0 0 0 0 1 0 0 ]
d_25_21=2.528732165155 eijMax=5.327E-03 rmsd=1.110E+01 s=[ 0 0 0 0 1 1 0 0 0 0 0 0 1 0 1 1 1 0 0 0 1 1 0 1 1 1 1 0 1 1 1 0 0 0 0 1 0 0 ]
d_25_21=2.528932365355 eijMax=4.806E-03 rmsd=1.109E+01 s=[ 0 0 0 0 1 1 0 0 0 0 0 0 1 0 1 1 1 0 0 0 1 1 0 1 1 1 1 0 1 1 1 0 0 0 0 1 0 0 ]
d_25_21=2.529132565556 eijMax=4.285E-03 rmsd=1.109E+01 s=[ 0 0 0 0 1 1 0 0 0 0 0 0 1 0 1 1 1 0 0 0 1 1 0 1 1 1 1 0 1 1 1 0 0 0 0 1 0 0 ]
d_25_21=2.529332765756 eijMax=3.764E-03 rmsd=1.109E+01 s=[ 0 0 0 0 1 1 0 0 0 0 0 0 1 0 1 1 1 0 0 0 1 1 0 1 1 1 1 0 1 1 1 0 0 0 0 1 0 0 ]
d_25_21=2.529532965956 eijMax=3.243E-03 rmsd=1.109E+01 s=[ 0 0 0 0 1 1 0 0 0 0 0 0 1 0 1 1 1 0 0 0 1 1 0 1 1 1 1 0 1 1 1 0 0 0 0 1 0 0 ]
d_25_21=2.529733166156 eijMax=2.722E-03 rmsd=1.109E+01 s=[ 0 0 0 0 1 1 0 0 0 0 0 0 1 0 1 1 1 0 0 0 1 1 0 1 1 1 1 0 1 1 1 0 0 0 0 1 0 0 ]
d_25_21=2.529933366356 eijMax=2.202E-03 rmsd=1.109E+01 s=[ 0 0 0 0 1 1 0 0 0 0 0 0 1 0 1 1 1 0 0 0 1 1 0 1 1 1 1 0 1 1 1 0 0 0 0 1 0 0 ]
d_25_21=2.530133566557 eijMax=1.682E-03 rmsd=1.108E+01 s=[ 0 0 0 0 1 1 0 0 0 0 0 0 1 0 1 1 1 0 0 0 1 1 0 1 1 1 1 0 1 1 1 0 0 0 0 1 0 0 ]
d_25_21=2.530333766757 eijMax=1.162E-03 rmsd=1.108E+01 s=[ 0 0 0 0 1 1 0 0 0 0 0 0 1 0 1 1 1 0 0 0 1 1 0 1 1 1 1 0 1 1 1 0 0 0 0 1 0 0 ]
d_25_21=2.530533966957 eijMax=6.419E-04 rmsd=1.108E+01 s=[ 0 0 0 0 1 1 0 0 0 0 0 0 1 0 1 1 1 0 0 0 1 1 0 1 1 1 1 0 1 1 1 0 0 0 0 1 0 0 ]
d_25_21=2.530734167157 eijMax=1.223E-04 rmsd=1.108E+01 s=[ 0 0 0 0 1 1 0 0 0 0 0 0 1 0 1 1 1 0 0 0 1 1 0 1 1 1 1 0 1 1 1 0 0 0 0 1 0 0 ]
d_25_21=2.530934367357 eijMax=3.970E-04 rmsd=1.108E+01 s=[ 0 0 0 0 1 1 0 0 0 0 0 0 1 0 1 1 1 0 0 0 1 1 0 1 1 1 1 0 1 1 1 0 0 0 0 1 0 0 ]
d_25_21=2.531134567558 eijMax=9.161E-04 rmsd=1.107E+01 s=[ 0 0 0 0 1 1 0 0 0 0 0 0 1 0 1 1 1 0 0 0 1 1 0 1 1 1 1 0 1 1 1 0 0 0 0 1 0 0 ]
d_25_21=2.531334767758 eijMax=1.435E-03 rmsd=1.107E+01 s=[ 0 0 0 0 1 1 0 0 0 0 0 0 1 0 1 1 1 0 0 0 1 1 0 1 1 1 1 0 1 1 1 0 0 0 0 1 0 0 ]
d_25_21=2.531534967958 eijMax=1.954E-03 rmsd=1.107E+01 s=[ 0 0 0 0 1 1 0 0 0 0 0 0 1 0 1 1 1 0 0 0 1 1 0 1 1 1 1 0 1 1 1 0 0 0 0 1 0 0 ]
d_25_21=2.531735168158 eijMax=2.472E-03 rmsd=1.107E+01 s=[ 0 0 0 0 1 1 0 0 0 0 0 0 1 0 1 1 1 0 0 0 1 1 0 1 1 1 1 0 1 1 1 0 0 0 0 1 0 0 ]
d_25_21=2.531935368358 eijMax=2.991E-03 rmsd=1.107E+01 s=[ 0 0 0 0 1 1 0 0 0 0 0 0 1 0 1 1 1 0 0 0 1 1 0 1 1 1 1 0 1 1 1 0 0 0 0 1 0 0 ]
d_25_21=2.532135568559 eijMax=3.509E-03 rmsd=1.107E+01 s=[ 0 0 0 0 1 1 0 0 0 0 0 0 1 0 1 1 1 0 0 0 1 1 0 1 1 1 1 0 1 1 1 0 0 0 0 1 0 0 ]
d_25_21=2.532335768759 eijMax=4.027E-03 rmsd=1.106E+01 s=[ 0 0 0 0 1 1 0 0 0 0 0 0 1 0 1 1 1 0 0 0 1 1 0 1 1 1 1 0 1 1 1 0 0 0 0 1 0 0 ]
d_25_21=2.532535968959 eijMax=4.544E-03 rmsd=1.106E+01 s=[ 0 0 0 0 1 1 0 0 0 0 0 0 1 0 1 1 1 0 0 0 1 1 0 1 1 1 1 0 1 1 1 0 0 0 0 1 0 0 ]
d_25_21=2.532736169159 eijMax=5.062E-03 rmsd=1.106E+01 s=[ 0 0 0 0 1 1 0 0 0 0 0 0 1 0 1 1 1 0 0 0 1 1 0 1 1 1 1 0 1 1 1 0 0 0 0 1 0 0 ]
d_25_21=2.532936369359 eijMax=5.579E-03 rmsd=1.106E+01 s=[ 0 0 0 0 1 1 0 0 0 0 0 0 1 0 1 1 1 0 0 0 1 1 0 1 1 1 1 0 1 1 1 0 0 0 0 1 0 0 ]
d_25_21=2.533136569560 eijMax=6.096E-03 rmsd=1.106E+01 s=[ 0 0 0 0 1 1 0 0 0 0 0 0 1 0 1 1 1 0 0 0 1 1 0 1 1 1 1 0 1 1 1 0 0 0 0 1 0 0 ]
d_25_21=2.533336769760 eijMax=8.722E-03 rmsd=1.078E+01 s=[ 0 0 0 0 1 1 0 0 0 0 0 0 1 0 1 1 1 0 0 0 0 0 0 0 0 0 0 1 0 0 0 0 0 0 0 1 0 0 ]
d_25_21=2.533336769760 eijMax=6.613E-03 rmsd=1.105E+01 s=[ 0 0 0 0 1 1 0 0 0 0 0 0 1 0 1 1 1 0 0 0 1 1 0 1 1 1 1 0 1 1 1 0 0 0 0 1 0 0 ]
d_25_21=2.533536969960 eijMax=7.136E-03 rmsd=1.079E+01 s=[ 0 0 0 0 1 1 0 0 0 0 0 0 1 0 1 1 1 0 0 0 0 0 0 0 0 0 0 1 0 0 0 0 0 0 0 1 0 0 ]
d_25_21=2.533536969960 eijMax=7.130E-03 rmsd=1.105E+01 s=[ 0 0 0 0 1 1 0 0 0 0 0 0 1 0 1 1 1 0 0 0 1 1 0 1 1 1 1 0 1 1 1 0 0 0 0 1 0 0 ]
d_25_21=2.533737170160 eijMax=5.539E-03 rmsd=1.079E+01 s=[ 0 0 0 0 1 1 0 0 0 0 0 0 1 0 1 1 1 0 0 0 0 0 0 0 0 0 0 1 0 0 0 0 0 0 0 1 0 0 ]
d_25_21=2.533737170160 eijMax=7.647E-03 rmsd=1.105E+01 s=[ 0 0 0 0 1 1 0 0 0 0 0 0 1 0 1 1 1 0 0 0 1 1 0 1 1 1 1 0 1 1 1 0 0 0 0 1 0 0 ]
d_25_21=2.533937370360 eijMax=3.933E-03 rmsd=1.079E+01 s=[ 0 0 0 0 1 1 0 0 0 0 0 0 1 0 1 1 1 0 0 0 0 0 0 0 0 0 0 1 0 0 0 0 0 0 0 1 0 0 ]
d_25_21=2.533937370360 eijMax=8.163E-03 rmsd=1.105E+01 s=[ 0 0 0 0 1 1 0 0 0 0 0 0 1 0 1 1 1 0 0 0 1 1 0 1 1 1 1 0 1 1 1 0 0 0 0 1 0 0 ]
d_25_21=2.534137570561 eijMax=2.315E-03 rmsd=1.079E+01 s=[ 0 0 0 0 1 1 0 0 0 0 0 0 1 0 1 1 1 0 0 0 0 0 0 0 0 0 0 1 0 0 0 0 0 0 0 1 0 0 ]
d_25_21=2.534137570561 eijMax=8.679E-03 rmsd=1.105E+01 s=[ 0 0 0 0 1 1 0 0 0 0 0 0 1 0 1 1 1 0 0 0 1 1 0 1 1 1 1 0 1 1 1 0 0 0 0 1 0 0 ]
d_25_21=2.534337770761 eijMax=6.868E-04 rmsd=1.079E+01 s=[ 0 0 0 0 1 1 0 0 0 0 0 0 1 0 1 1 1 0 0 0 0 0 0 0 0 0 0 1 0 0 0 0 0 0 0 1 0 0 ]
d_25_21=2.534337770761 eijMax=9.195E-03 rmsd=1.105E+01 s=[ 0 0 0 0 1 1 0 0 0 0 0 0 1 0 1 1 1 0 0 0 1 1 0 1 1 1 1 0 1 1 1 0 0 0 0 1 0 0 ]
d_25_21=2.534537970961 eijMax=9.531E-04 rmsd=1.079E+01 s=[ 0 0 0 0 1 1 0 0 0 0 0 0 1 0 1 1 1 0 0 0 0 0 0 0 0 0 0 1 0 0 0 0 0 0 0 1 0 0 ]
d_25_21=2.534537970961 eijMax=9.711E-03 rmsd=1.104E+01 s=[ 0 0 0 0 1 1 0 0 0 0 0 0 1 0 1 1 1 0 0 0 1 1 0 1 1 1 1 0 1 1 1 0 0 0 0 1 0 0 ]
d_25_21=2.534738171161 eijMax=2.605E-03 rmsd=1.079E+01 s=[ 0 0 0 0 1 1 0 0 0 0 0 0 1 0 1 1 1 0 0 0 0 0 0 0 0 0 0 1 0 0 0 0 0 0 0 1 0 0 ]
d_25_21=2.534938371361 eijMax=4.268E-03 rmsd=1.080E+01 s=[ 0 0 0 0 1 1 0 0 0 0 0 0 1 0 1 1 1 0 0 0 0 0 0 0 0 0 0 1 0 0 0 0 0 0 0 1 0 0 ]
d_25_21=2.535138571562 eijMax=5.944E-03 rmsd=1.080E+01 s=[ 0 0 0 0 1 1 0 0 0 0 0 0 1 0 1 1 1 0 0 0 0 0 0 0 0 0 0 1 0 0 0 0 0 0 0 1 0 0 ]
d_25_21=2.535338771762 eijMax=7.633E-03 rmsd=1.080E+01 s=[ 0 0 0 0 1 1 0 0 0 0 0 0 1 0 1 1 1 0 0 0 0 0 0 0 0 0 0 1 0 0 0 0 0 0 0 1 0 0 ]
d_25_21=2.535538971962 eijMax=9.336E-03 rmsd=1.080E+01 s=[ 0 0 0 0 1 1 0 0 0 0 0 0 1 0 1 1 1 0 0 0 0 0 0 0 0 0 0 1 0 0 0 0 0 0 0 1 0 0 ]
d_25_21=2.538141574565 eijMax=9.941E-03 rmsd=9.593E+00 s=[ 0 0 0 0 1 1 0 0 0 0 0 0 1 0 1 1 1 0 0 0 0 0 0 1 1 1 1 0 1 1 0 1 1 1 1 0 1 1 ]
d_25_21=2.538341774765 eijMax=9.473E-03 rmsd=9.596E+00 s=[ 0 0 0 0 1 1 0 0 0 0 0 0 1 0 1 1 1 0 0 0 0 0 0 1 1 1 1 0 1 1 0 1 1 1 1 0 1 1 ]
d_25_21=2.538541974965 eijMax=9.005E-03 rmsd=9.598E+00 s=[ 0 0 0 0 1 1 0 0 0 0 0 0 1 0 1 1 1 0 0 0 0 0 0 1 1 1 1 0 1 1 0 1 1 1 1 0 1 1 ]
d_25_21=2.538742175165 eijMax=8.538E-03 rmsd=9.600E+00 s=[ 0 0 0 0 1 1 0 0 0 0 0 0 1 0 1 1 1 0 0 0 0 0 0 1 1 1 1 0 1 1 0 1 1 1 1 0 1 1 ]
d_25_21=2.538942375365 eijMax=8.070E-03 rmsd=9.602E+00 s=[ 0 0 0 0 1 1 0 0 0 0 0 0 1 0 1 1 1 0 0 0 0 0 0 1 1 1 1 0 1 1 0 1 1 1 1 0 1 1 ]
d_25_21=2.539142575566 eijMax=7.603E-03 rmsd=9.604E+00 s=[ 0 0 0 0 1 1 0 0 0 0 0 0 1 0 1 1 1 0 0 0 0 0 0 1 1 1 1 0 1 1 0 1 1 1 1 0 1 1 ]
d_25_21=2.539342775766 eijMax=7.137E-03 rmsd=9.607E+00 s=[ 0 0 0 0 1 1 0 0 0 0 0 0 1 0 1 1 1 0 0 0 0 0 0 1 1 1 1 0 1 1 0 1 1 1 1 0 1 1 ]
d_25_21=2.539542975966 eijMax=6.670E-03 rmsd=9.609E+00 s=[ 0 0 0 0 1 1 0 0 0 0 0 0 1 0 1 1 1 0 0 0 0 0 0 1 1 1 1 0 1 1 0 1 1 1 1 0 1 1 ]
d_25_21=2.539743176166 eijMax=6.204E-03 rmsd=9.611E+00 s=[ 0 0 0 0 1 1 0 0 0 0 0 0 1 0 1 1 1 0 0 0 0 0 0 1 1 1 1 0 1 1 0 1 1 1 1 0 1 1 ]
d_25_21=2.539943376366 eijMax=5.738E-03 rmsd=9.613E+00 s=[ 0 0 0 0 1 1 0 0 0 0 0 0 1 0 1 1 1 0 0 0 0 0 0 1 1 1 1 0 1 1 0 1 1 1 1 0 1 1 ]
d_25_21=2.540143576567 eijMax=5.272E-03 rmsd=9.615E+00 s=[ 0 0 0 0 1 1 0 0 0 0 0 0 1 0 1 1 1 0 0 0 0 0 0 1 1 1 1 0 1 1 0 1 1 1 1 0 1 1 ]
d_25_21=2.540343776767 eijMax=4.807E-03 rmsd=9.618E+00 s=[ 0 0 0 0 1 1 0 0 0 0 0 0 1 0 1 1 1 0 0 0 0 0 0 1 1 1 1 0 1 1 0 1 1 1 1 0 1 1 ]
d_25_21=2.540543976967 eijMax=4.342E-03 rmsd=9.620E+00 s=[ 0 0 0 0 1 1 0 0 0 0 0 0 1 0 1 1 1 0 0 0 0 0 0 1 1 1 1 0 1 1 0 1 1 1 1 0 1 1 ]
d_25_21=2.540744177167 eijMax=3.877E-03 rmsd=9.622E+00 s=[ 0 0 0 0 1 1 0 0 0 0 0 0 1 0 1 1 1 0 0 0 0 0 0 1 1 1 1 0 1 1 0 1 1 1 1 0 1 1 ]
d_25_21=2.540944377367 eijMax=3.412E-03 rmsd=9.624E+00 s=[ 0 0 0 0 1 1 0 0 0 0 0 0 1 0 1 1 1 0 0 0 0 0 0 1 1 1 1 0 1 1 0 1 1 1 1 0 1 1 ]
d_25_21=2.541144577568 eijMax=2.948E-03 rmsd=9.627E+00 s=[ 0 0 0 0 1 1 0 0 0 0 0 0 1 0 1 1 1 0 0 0 0 0 0 1 1 1 1 0 1 1 0 1 1 1 1 0 1 1 ]
d_25_21=2.541344777768 eijMax=2.484E-03 rmsd=9.629E+00 s=[ 0 0 0 0 1 1 0 0 0 0 0 0 1 0 1 1 1 0 0 0 0 0 0 1 1 1 1 0 1 1 0 1 1 1 1 0 1 1 ]
d_25_21=2.541544977968 eijMax=2.020E-03 rmsd=9.631E+00 s=[ 0 0 0 0 1 1 0 0 0 0 0 0 1 0 1 1 1 0 0 0 0 0 0 1 1 1 1 0 1 1 0 1 1 1 1 0 1 1 ]
d_25_21=2.541745178168 eijMax=1.556E-03 rmsd=9.633E+00 s=[ 0 0 0 0 1 1 0 0 0 0 0 0 1 0 1 1 1 0 0 0 0 0 0 1 1 1 1 0 1 1 0 1 1 1 1 0 1 1 ]
d_25_21=2.541945378368 eijMax=1.093E-03 rmsd=9.635E+00 s=[ 0 0 0 0 1 1 0 0 0 0 0 0 1 0 1 1 1 0 0 0 0 0 0 1 1 1 1 0 1 1 0 1 1 1 1 0 1 1 ]
d_25_21=2.542145578569 eijMax=6.302E-04 rmsd=9.638E+00 s=[ 0 0 0 0 1 1 0 0 0 0 0 0 1 0 1 1 1 0 0 0 0 0 0 1 1 1 1 0 1 1 0 1 1 1 1 0 1 1 ]
d_25_21=2.542345778769 eijMax=1.675E-04 rmsd=9.640E+00 s=[ 0 0 0 0 1 1 0 0 0 0 0 0 1 0 1 1 1 0 0 0 0 0 0 1 1 1 1 0 1 1 0 1 1 1 1 0 1 1 ]
d_25_21=2.542545978969 eijMax=2.950E-04 rmsd=9.642E+00 s=[ 0 0 0 0 1 1 0 0 0 0 0 0 1 0 1 1 1 0 0 0 0 0 0 1 1 1 1 0 1 1 0 1 1 1 1 0 1 1 ]
d_25_21=2.542746179169 eijMax=7.572E-04 rmsd=9.644E+00 s=[ 0 0 0 0 1 1 0 0 0 0 0 0 1 0 1 1 1 0 0 0 0 0 0 1 1 1 1 0 1 1 0 1 1 1 1 0 1 1 ]
d_25_21=2.542946379369 eijMax=1.219E-03 rmsd=9.647E+00 s=[ 0 0 0 0 1 1 0 0 0 0 0 0 1 0 1 1 1 0 0 0 0 0 0 1 1 1 1 0 1 1 0 1 1 1 1 0 1 1 ]
d_25_21=2.543146579570 eijMax=1.681E-03 rmsd=9.649E+00 s=[ 0 0 0 0 1 1 0 0 0 0 0 0 1 0 1 1 1 0 0 0 0 0 0 1 1 1 1 0 1 1 0 1 1 1 1 0 1 1 ]
d_25_21=2.543346779770 eijMax=2.142E-03 rmsd=9.651E+00 s=[ 0 0 0 0 1 1 0 0 0 0 0 0 1 0 1 1 1 0 0 0 0 0 0 1 1 1 1 0 1 1 0 1 1 1 1 0 1 1 ]
d_25_21=2.543546979970 eijMax=2.603E-03 rmsd=9.653E+00 s=[ 0 0 0 0 1 1 0 0 0 0 0 0 1 0 1 1 1 0 0 0 0 0 0 1 1 1 1 0 1 1 0 1 1 1 1 0 1 1 ]
d_25_21=2.543747180170 eijMax=3.064E-03 rmsd=9.656E+00 s=[ 0 0 0 0 1 1 0 0 0 0 0 0 1 0 1 1 1 0 0 0 0 0 0 1 1 1 1 0 1 1 0 1 1 1 1 0 1 1 ]
d_25_21=2.543947380370 eijMax=3.525E-03 rmsd=9.658E+00 s=[ 0 0 0 0 1 1 0 0 0 0 0 0 1 0 1 1 1 0 0 0 0 0 0 1 1 1 1 0 1 1 0 1 1 1 1 0 1 1 ]
d_25_21=2.544147580571 eijMax=3.985E-03 rmsd=9.660E+00 s=[ 0 0 0 0 1 1 0 0 0 0 0 0 1 0 1 1 1 0 0 0 0 0 0 1 1 1 1 0 1 1 0 1 1 1 1 0 1 1 ]
d_25_21=2.544347780771 eijMax=4.446E-03 rmsd=9.662E+00 s=[ 0 0 0 0 1 1 0 0 0 0 0 0 1 0 1 1 1 0 0 0 0 0 0 1 1 1 1 0 1 1 0 1 1 1 1 0 1 1 ]
d_25_21=2.544547980971 eijMax=4.905E-03 rmsd=9.665E+00 s=[ 0 0 0 0 1 1 0 0 0 0 0 0 1 0 1 1 1 0 0 0 0 0 0 1 1 1 1 0 1 1 0 1 1 1 1 0 1 1 ]
d_25_21=2.544748181171 eijMax=5.365E-03 rmsd=9.667E+00 s=[ 0 0 0 0 1 1 0 0 0 0 0 0 1 0 1 1 1 0 0 0 0 0 0 1 1 1 1 0 1 1 0 1 1 1 1 0 1 1 ]
d_25_21=2.544948381371 eijMax=5.824E-03 rmsd=9.669E+00 s=[ 0 0 0 0 1 1 0 0 0 0 0 0 1 0 1 1 1 0 0 0 0 0 0 1 1 1 1 0 1 1 0 1 1 1 1 0 1 1 ]
d_25_21=2.545148581572 eijMax=6.284E-03 rmsd=9.672E+00 s=[ 0 0 0 0 1 1 0 0 0 0 0 0 1 0 1 1 1 0 0 0 0 0 0 1 1 1 1 0 1 1 0 1 1 1 1 0 1 1 ]
d_25_21=2.545348781772 eijMax=6.742E-03 rmsd=9.674E+00 s=[ 0 0 0 0 1 1 0 0 0 0 0 0 1 0 1 1 1 0 0 0 0 0 0 1 1 1 1 0 1 1 0 1 1 1 1 0 1 1 ]
d_25_21=2.545548981972 eijMax=7.201E-03 rmsd=9.676E+00 s=[ 0 0 0 0 1 1 0 0 0 0 0 0 1 0 1 1 1 0 0 0 0 0 0 1 1 1 1 0 1 1 0 1 1 1 1 0 1 1 ]
d_25_21=2.545749182172 eijMax=7.659E-03 rmsd=9.678E+00 s=[ 0 0 0 0 1 1 0 0 0 0 0 0 1 0 1 1 1 0 0 0 0 0 0 1 1 1 1 0 1 1 0 1 1 1 1 0 1 1 ]
d_25_21=2.545949382372 eijMax=8.117E-03 rmsd=9.681E+00 s=[ 0 0 0 0 1 1 0 0 0 0 0 0 1 0 1 1 1 0 0 0 0 0 0 1 1 1 1 0 1 1 0 1 1 1 1 0 1 1 ]
d_25_21=2.546149582573 eijMax=8.575E-03 rmsd=9.683E+00 s=[ 0 0 0 0 1 1 0 0 0 0 0 0 1 0 1 1 1 0 0 0 0 0 0 1 1 1 1 0 1 1 0 1 1 1 1 0 1 1 ]
d_25_21=2.546349782773 eijMax=9.033E-03 rmsd=9.685E+00 s=[ 0 0 0 0 1 1 0 0 0 0 0 0 1 0 1 1 1 0 0 0 0 0 0 1 1 1 1 0 1 1 0 1 1 1 1 0 1 1 ]
d_25_21=2.546549982973 eijMax=9.490E-03 rmsd=9.687E+00 s=[ 0 0 0 0 1 1 0 0 0 0 0 0 1 0 1 1 1 0 0 0 0 0 0 1 1 1 1 0 1 1 0 1 1 1 1 0 1 1 ]
d_25_21=2.546750183173 eijMax=9.947E-03 rmsd=9.690E+00 s=[ 0 0 0 0 1 1 0 0 0 0 0 0 1 0 1 1 1 0 0 0 0 0 0 1 1 1 1 0 1 1 0 1 1 1 1 0 1 1 ]
d_25_21=2.429633066056 eijMax=5.917E-03 rmsd=1.559E+01 s=[ 0 0 0 1 0 0 1 1 1 1 1 1 0 1 0 0 0 1 1 0 1 1 0 1 1 1 1 0 1 1 1 1 1 1 1 0 1 1 ]
d_25_21=2.443046479469 eijMax=9.309E-03 rmsd=1.248E+01 s=[ 0 0 0 1 0 0 1 1 1 1 1 1 0 1 0 0 0 1 1 0 0 0 1 1 1 1 1 0 1 1 0 0 0 0 0 1 0 0 ]
d_25_21=2.443246679670 eijMax=2.605E-03 rmsd=1.247E+01 s=[ 0 0 0 1 0 0 1 1 1 1 1 1 0 1 0 0 0 1 1 0 0 0 1 1 1 1 1 0 1 1 0 0 0 0 0 1 0 0 ]
d_25_21=2.443446879870 eijMax=3.758E-03 rmsd=1.245E+01 s=[ 0 0 0 1 0 0 1 1 1 1 1 1 0 1 0 0 0 1 1 0 0 0 1 1 1 1 1 0 1 1 0 0 0 0 0 1 0 0 ]
d_25_21=2.443647080070 eijMax=9.836E-03 rmsd=1.244E+01 s=[ 0 0 0 1 0 0 1 1 1 1 1 1 0 1 0 0 0 1 1 0 0 0 1 1 1 1 1 0 1 1 0 0 0 0 0 1 0 0 ]
d_25_21=2.448251684675 eijMax=9.631E-03 rmsd=1.447E-01 s=[ 0 0 0 1 0 0 1 1 1 1 1 1 0 1 0 0 0 1 1 0 0 1 0 0 0 0 0 1 0 0 1 0 0 0 0 1 0 0 ]
d_25_21=2.448451884875 eijMax=8.773E-03 rmsd=1.317E-01 s=[ 0 0 0 1 0 0 1 1 1 1 1 1 0 1 0 0 0 1 1 0 0 1 0 0 0 0 0 1 0 0 1 0 0 0 0 1 0 0 ]
d_25_21=2.448652085075 eijMax=7.911E-03 rmsd=1.187E-01 s=[ 0 0 0 1 0 0 1 1 1 1 1 1 0 1 0 0 0 1 1 0 0 1 0 0 0 0 0 1 0 0 1 0 0 0 0 1 0 0 ]
d_25_21=2.448852285275 eijMax=7.045E-03 rmsd=1.056E-01 s=[ 0 0 0 1 0 0 1 1 1 1 1 1 0 1 0 0 0 1 1 0 0 1 0 0 0 0 0 1 0 0 1 0 0 0 0 1 0 0 ]
d_25_21=2.449052485475 eijMax=6.174E-03 rmsd=9.249E-02 s=[ 0 0 0 1 0 0 1 1 1 1 1 1 0 1 0 0 0 1 1 0 0 1 0 0 0 0 0 1 0 0 1 0 0 0 0 1 0 0 ]
d_25_21=2.449252685676 eijMax=5.299E-03 rmsd=7.933E-02 s=[ 0 0 0 1 0 0 1 1 1 1 1 1 0 1 0 0 0 1 1 0 0 1 0 0 0 0 0 1 0 0 1 0 0 0 0 1 0 0 ]
d_25_21=2.449452885876 eijMax=4.420E-03 rmsd=6.612E-02 s=[ 0 0 0 1 0 0 1 1 1 1 1 1 0 1 0 0 0 1 1 0 0 1 0 0 0 0 0 1 0 0 1 0 0 0 0 1 0 0 ]
d_25_21=2.449653086076 eijMax=3.536E-03 rmsd=5.287E-02 s=[ 0 0 0 1 0 0 1 1 1 1 1 1 0 1 0 0 0 1 1 0 0 1 0 0 0 0 0 1 0 0 1 0 0 0 0 1 0 0 ]
d_25_21=2.449853286276 eijMax=2.647E-03 rmsd=3.956E-02 s=[ 0 0 0 1 0 0 1 1 1 1 1 1 0 1 0 0 0 1 1 0 0 1 0 0 0 0 0 1 0 0 1 0 0 0 0 1 0 0 ]
d_25_21=2.450053486476 eijMax=1.754E-03 rmsd=2.621E-02 s=[ 0 0 0 1 0 0 1 1 1 1 1 1 0 1 0 0 0 1 1 0 0 1 0 0 0 0 0 1 0 0 1 0 0 0 0 1 0 0 ]
d_25_21=2.450253686677 eijMax=8.565E-04 rmsd=1.280E-02 s=[ 0 0 0 1 0 0 1 1 1 1 1 1 0 1 0 0 0 1 1 0 0 1 0 0 0 0 0 1 0 0 1 0 0 0 0 1 0 0 ]
d_25_21=2.450453886877 eijMax=4.612E-05 rmsd=6.525E-04 s=[ 0 0 0 1 0 0 1 1 1 1 1 1 0 1 0 0 0 1 1 0 0 1 0 0 0 0 0 1 0 0 1 0 0 0 0 1 0 0 ]
d_25_21=2.450654087077 eijMax=9.535E-04 rmsd=1.416E-02 s=[ 0 0 0 1 0 0 1 1 1 1 1 1 0 1 0 0 0 1 1 0 0 1 0 0 0 0 0 1 0 0 1 0 0 0 0 1 0 0 ]
d_25_21=2.450854287277 eijMax=1.866E-03 rmsd=2.772E-02 s=[ 0 0 0 1 0 0 1 1 1 1 1 1 0 1 0 0 0 1 1 0 0 1 0 0 0 0 0 1 0 0 1 0 0 0 0 1 0 0 ]
d_25_21=2.451054487477 eijMax=2.783E-03 rmsd=4.133E-02 s=[ 0 0 0 1 0 0 1 1 1 1 1 1 0 1 0 0 0 1 1 0 0 1 0 0 0 0 0 1 0 0 1 0 0 0 0 1 0 0 ]
d_25_21=2.451254687678 eijMax=3.705E-03 rmsd=5.500E-02 s=[ 0 0 0 1 0 0 1 1 1 1 1 1 0 1 0 0 0 1 1 0 0 1 0 0 0 0 0 1 0 0 1 0 0 0 0 1 0 0 ]
d_25_21=2.451454887878 eijMax=4.632E-03 rmsd=6.872E-02 s=[ 0 0 0 1 0 0 1 1 1 1 1 1 0 1 0 0 0 1 1 0 0 1 0 0 0 0 0 1 0 0 1 0 0 0 0 1 0 0 ]
d_25_21=2.451655088078 eijMax=5.565E-03 rmsd=8.249E-02 s=[ 0 0 0 1 0 0 1 1 1 1 1 1 0 1 0 0 0 1 1 0 0 1 0 0 0 0 0 1 0 0 1 0 0 0 0 1 0 0 ]
d_25_21=2.451855288278 eijMax=6.502E-03 rmsd=9.633E-02 s=[ 0 0 0 1 0 0 1 1 1 1 1 1 0 1 0 0 0 1 1 0 0 1 0 0 0 0 0 1 0 0 1 0 0 0 0 1 0 0 ]
d_25_21=2.452055488478 eijMax=7.445E-03 rmsd=1.102E-01 s=[ 0 0 0 1 0 0 1 1 1 1 1 1 0 1 0 0 0 1 1 0 0 1 0 0 0 0 0 1 0 0 1 0 0 0 0 1 0 0 ]
d_25_21=2.452255688679 eijMax=8.394E-03 rmsd=1.242E-01 s=[ 0 0 0 1 0 0 1 1 1 1 1 1 0 1 0 0 0 1 1 0 0 1 0 0 0 0 0 1 0 0 1 0 0 0 0 1 0 0 ]
d_25_21=2.452455888879 eijMax=9.347E-03 rmsd=1.382E-01 s=[ 0 0 0 1 0 0 1 1 1 1 1 1 0 1 0 0 0 1 1 0 0 1 0 0 0 0 0 1 0 0 1 0 0 0 0 1 0 0 ]
d_25_21=2.469272705696 eijMax=8.086E-03 rmsd=6.838E+00 s=[ 0 0 0 1 0 0 1 1 1 1 1 1 0 1 0 0 0 1 1 0 0 1 0 1 1 1 1 0 1 1 0 1 1 1 1 0 1 1 ]
d_25_21=2.469472905896 eijMax=5.920E-03 rmsd=6.850E+00 s=[ 0 0 0 1 0 0 1 1 1 1 1 1 0 1 0 0 0 1 1 0 0 1 0 1 1 1 1 0 1 1 0 1 1 1 1 0 1 1 ]
d_25_21=2.469673106096 eijMax=3.706E-03 rmsd=6.862E+00 s=[ 0 0 0 1 0 0 1 1 1 1 1 1 0 1 0 0 0 1 1 0 0 1 0 1 1 1 1 0 1 1 0 1 1 1 1 0 1 1 ]
d_25_21=2.469873306296 eijMax=1.440E-03 rmsd=6.875E+00 s=[ 0 0 0 1 0 0 1 1 1 1 1 1 0 1 0 0 0 1 1 0 0 1 0 1 1 1 1 0 1 1 0 1 1 1 1 0 1 1 ]
d_25_21=2.470073506496 eijMax=8.822E-04 rmsd=6.889E+00 s=[ 0 0 0 1 0 0 1 1 1 1 1 1 0 1 0 0 0 1 1 0 0 1 0 1 1 1 1 0 1 1 0 1 1 1 1 0 1 1 ]
d_25_21=2.470273706697 eijMax=3.267E-03 rmsd=6.903E+00 s=[ 0 0 0 1 0 0 1 1 1 1 1 1 0 1 0 0 0 1 1 0 0 1 0 1 1 1 1 0 1 1 0 1 1 1 1 0 1 1 ]
d_25_21=2.470473906897 eijMax=5.720E-03 rmsd=6.917E+00 s=[ 0 0 0 1 0 0 1 1 1 1 1 1 0 1 0 0 0 1 1 0 0 1 0 1 1 1 1 0 1 1 0 1 1 1 1 0 1 1 ]
d_25_21=2.470674107097 eijMax=8.248E-03 rmsd=6.932E+00 s=[ 0 0 0 1 0 0 1 1 1 1 1 1 0 1 0 0 0 1 1 0 0 1 0 1 1 1 1 0 1 1 0 1 1 1 1 0 1 1 ]
d_25_21=2.512315748739 eijMax=9.631E-03 rmsd=1.129E+01 s=[ 0 0 0 1 0 0 1 1 1 1 1 1 0 1 0 0 0 1 1 0 0 0 1 1 1 1 1 0 1 1 0 1 1 1 1 0 1 1 ]
d_25_21=2.512515948939 eijMax=9.229E-03 rmsd=1.128E+01 s=[ 0 0 0 1 0 0 1 1 1 1 1 1 0 1 0 0 0 1 1 0 0 0 1 1 1 1 1 0 1 1 0 1 1 1 1 0 1 1 ]
d_25_21=2.512716149139 eijMax=8.829E-03 rmsd=1.128E+01 s=[ 0 0 0 1 0 0 1 1 1 1 1 1 0 1 0 0 0 1 1 0 0 0 1 1 1 1 1 0 1 1 0 1 1 1 1 0 1 1 ]
d_25_21=2.512916349339 eijMax=8.429E-03 rmsd=1.128E+01 s=[ 0 0 0 1 0 0 1 1 1 1 1 1 0 1 0 0 0 1 1 0 0 0 1 1 1 1 1 0 1 1 0 1 1 1 1 0 1 1 ]
d_25_21=2.513116549540 eijMax=8.029E-03 rmsd=1.127E+01 s=[ 0 0 0 1 0 0 1 1 1 1 1 1 0 1 0 0 0 1 1 0 0 0 1 1 1 1 1 0 1 1 0 1 1 1 1 0 1 1 ]
d_25_21=2.513316749740 eijMax=7.631E-03 rmsd=1.127E+01 s=[ 0 0 0 1 0 0 1 1 1 1 1 1 0 1 0 0 0 1 1 0 0 0 1 1 1 1 1 0 1 1 0 1 1 1 1 0 1 1 ]
d_25_21=2.513516949940 eijMax=7.233E-03 rmsd=1.127E+01 s=[ 0 0 0 1 0 0 1 1 1 1 1 1 0 1 0 0 0 1 1 0 0 0 1 1 1 1 1 0 1 1 0 1 1 1 1 0 1 1 ]
d_25_21=2.513717150140 eijMax=6.835E-03 rmsd=1.127E+01 s=[ 0 0 0 1 0 0 1 1 1 1 1 1 0 1 0 0 0 1 1 0 0 0 1 1 1 1 1 0 1 1 0 1 1 1 1 0 1 1 ]
d_25_21=2.513917350340 eijMax=6.439E-03 rmsd=1.126E+01 s=[ 0 0 0 1 0 0 1 1 1 1 1 1 0 1 0 0 0 1 1 0 0 0 1 1 1 1 1 0 1 1 0 1 1 1 1 0 1 1 ]
d_25_21=2.514117550541 eijMax=6.043E-03 rmsd=1.126E+01 s=[ 0 0 0 1 0 0 1 1 1 1 1 1 0 1 0 0 0 1 1 0 0 0 1 1 1 1 1 0 1 1 0 1 1 1 1 0 1 1 ]
d_25_21=2.514317750741 eijMax=5.648E-03 rmsd=1.126E+01 s=[ 0 0 0 1 0 0 1 1 1 1 1 1 0 1 0 0 0 1 1 0 0 0 1 1 1 1 1 0 1 1 0 1 1 1 1 0 1 1 ]
d_25_21=2.514517950941 eijMax=5.253E-03 rmsd=1.125E+01 s=[ 0 0 0 1 0 0 1 1 1 1 1 1 0 1 0 0 0 1 1 0 0 0 1 1 1 1 1 0 1 1 0 1 1 1 1 0 1 1 ]
d_25_21=2.514718151141 eijMax=4.859E-03 rmsd=1.125E+01 s=[ 0 0 0 1 0 0 1 1 1 1 1 1 0 1 0 0 0 1 1 0 0 0 1 1 1 1 1 0 1 1 0 1 1 1 1 0 1 1 ]
d_25_21=2.514918351341 eijMax=4.466E-03 rmsd=1.125E+01 s=[ 0 0 0 1 0 0 1 1 1 1 1 1 0 1 0 0 0 1 1 0 0 0 1 1 1 1 1 0 1 1 0 1 1 1 1 0 1 1 ]
d_25_21=2.515118551542 eijMax=4.074E-03 rmsd=1.124E+01 s=[ 0 0 0 1 0 0 1 1 1 1 1 1 0 1 0 0 0 1 1 0 0 0 1 1 1 1 1 0 1 1 0 1 1 1 1 0 1 1 ]
d_25_21=2.515318751742 eijMax=3.682E-03 rmsd=1.124E+01 s=[ 0 0 0 1 0 0 1 1 1 1 1 1 0 1 0 0 0 1 1 0 0 0 1 1 1 1 1 0 1 1 0 1 1 1 1 0 1 1 ]
d_25_21=2.515518951942 eijMax=3.291E-03 rmsd=1.124E+01 s=[ 0 0 0 1 0 0 1 1 1 1 1 1 0 1 0 0 0 1 1 0 0 0 1 1 1 1 1 0 1 1 0 1 1 1 1 0 1 1 ]
d_25_21=2.515719152142 eijMax=2.900E-03 rmsd=1.124E+01 s=[ 0 0 0 1 0 0 1 1 1 1 1 1 0 1 0 0 0 1 1 0 0 0 1 1 1 1 1 0 1 1 0 1 1 1 1 0 1 1 ]
d_25_21=2.515919352342 eijMax=2.511E-03 rmsd=1.123E+01 s=[ 0 0 0 1 0 0 1 1 1 1 1 1 0 1 0 0 0 1 1 0 0 0 1 1 1 1 1 0 1 1 0 1 1 1 1 0 1 1 ]
d_25_21=2.516119552543 eijMax=2.121E-03 rmsd=1.123E+01 s=[ 0 0 0 1 0 0 1 1 1 1 1 1 0 1 0 0 0 1 1 0 0 0 1 1 1 1 1 0 1 1 0 1 1 1 1 0 1 1 ]
d_25_21=2.516319752743 eijMax=1.733E-03 rmsd=1.123E+01 s=[ 0 0 0 1 0 0 1 1 1 1 1 1 0 1 0 0 0 1 1 0 0 0 1 1 1 1 1 0 1 1 0 1 1 1 1 0 1 1 ]
d_25_21=2.516519952943 eijMax=1.345E-03 rmsd=1.122E+01 s=[ 0 0 0 1 0 0 1 1 1 1 1 1 0 1 0 0 0 1 1 0 0 0 1 1 1 1 1 0 1 1 0 1 1 1 1 0 1 1 ]
d_25_21=2.516720153143 eijMax=9.581E-04 rmsd=1.122E+01 s=[ 0 0 0 1 0 0 1 1 1 1 1 1 0 1 0 0 0 1 1 0 0 0 1 1 1 1 1 0 1 1 0 1 1 1 1 0 1 1 ]
d_25_21=2.516920353343 eijMax=5.716E-04 rmsd=1.122E+01 s=[ 0 0 0 1 0 0 1 1 1 1 1 1 0 1 0 0 0 1 1 0 0 0 1 1 1 1 1 0 1 1 0 1 1 1 1 0 1 1 ]
d_25_21=2.517120553544 eijMax=1.857E-04 rmsd=1.122E+01 s=[ 0 0 0 1 0 0 1 1 1 1 1 1 0 1 0 0 0 1 1 0 0 0 1 1 1 1 1 0 1 1 0 1 1 1 1 0 1 1 ]
d_25_21=2.517320753744 eijMax=1.994E-04 rmsd=1.121E+01 s=[ 0 0 0 1 0 0 1 1 1 1 1 1 0 1 0 0 0 1 1 0 0 0 1 1 1 1 1 0 1 1 0 1 1 1 1 0 1 1 ]
d_25_21=2.517520953944 eijMax=5.839E-04 rmsd=1.121E+01 s=[ 0 0 0 1 0 0 1 1 1 1 1 1 0 1 0 0 0 1 1 0 0 0 1 1 1 1 1 0 1 1 0 1 1 1 1 0 1 1 ]
d_25_21=2.517721154144 eijMax=9.678E-04 rmsd=1.121E+01 s=[ 0 0 0 1 0 0 1 1 1 1 1 1 0 1 0 0 0 1 1 0 0 0 1 1 1 1 1 0 1 1 0 1 1 1 1 0 1 1 ]
d_25_21=2.517921354344 eijMax=1.351E-03 rmsd=1.120E+01 s=[ 0 0 0 1 0 0 1 1 1 1 1 1 0 1 0 0 0 1 1 0 0 0 1 1 1 1 1 0 1 1 0 1 1 1 1 0 1 1 ]
d_25_21=2.518121554545 eijMax=1.734E-03 rmsd=1.120E+01 s=[ 0 0 0 1 0 0 1 1 1 1 1 1 0 1 0 0 0 1 1 0 0 0 1 1 1 1 1 0 1 1 0 1 1 1 1 0 1 1 ]
d_25_21=2.518321754745 eijMax=2.115E-03 rmsd=1.120E+01 s=[ 0 0 0 1 0 0 1 1 1 1 1 1 0 1 0 0 0 1 1 0 0 0 1 1 1 1 1 0 1 1 0 1 1 1 1 0 1 1 ]
d_25_21=2.518521954945 eijMax=2.497E-03 rmsd=1.120E+01 s=[ 0 0 0 1 0 0 1 1 1 1 1 1 0 1 0 0 0 1 1 0 0 0 1 1 1 1 1 0 1 1 0 1 1 1 1 0 1 1 ]
d_25_21=2.518722155145 eijMax=2.877E-03 rmsd=1.119E+01 s=[ 0 0 0 1 0 0 1 1 1 1 1 1 0 1 0 0 0 1 1 0 0 0 1 1 1 1 1 0 1 1 0 1 1 1 1 0 1 1 ]
d_25_21=2.518922355345 eijMax=3.257E-03 rmsd=1.119E+01 s=[ 0 0 0 1 0 0 1 1 1 1 1 1 0 1 0 0 0 1 1 0 0 0 1 1 1 1 1 0 1 1 0 1 1 1 1 0 1 1 ]
d_25_21=2.519122555546 eijMax=3.637E-03 rmsd=1.119E+01 s=[ 0 0 0 1 0 0 1 1 1 1 1 1 0 1 0 0 0 1 1 0 0 0 1 1 1 1 1 0 1 1 0 1 1 1 1 0 1 1 ]
d_25_21=2.519322755746 eijMax=4.015E-03 rmsd=1.119E+01 s=[ 0 0 0 1 0 0 1 1 1 1 1 1 0 1 0 0 0 1 1 0 0 0 1 1 1 1 1 0 1 1 0 1 1 1 1 0 1 1 ]
d_25_21=2.519522955946 eijMax=4.393E-03 rmsd=1.118E+01 s=[ 0 0 0 1 0 0 1 1 1 1 1 1 0 1 0 0 0 1 1 0 0 0 1 1 1 1 1 0 1 1 0 1 1 1 1 0 1 1 ]
d_25_21=2.519723156146 eijMax=4.771E-03 rmsd=1.118E+01 s=[ 0 0 0 1 0 0 1 1 1 1 1 1 0 1 0 0 0 1 1 0 0 0 1 1 1 1 1 0 1 1 0 1 1 1 1 0 1 1 ]
d_25_21=2.519923356346 eijMax=5.148E-03 rmsd=1.118E+01 s=[ 0 0 0 1 0 0 1 1 1 1 1 1 0 1 0 0 0 1 1 0 0 0 1 1 1 1 1 0 1 1 0 1 1 1 1 0 1 1 ]
d_25_21=2.520123556547 eijMax=5.524E-03 rmsd=1.117E+01 s=[ 0 0 0 1 0 0 1 1 1 1 1 1 0 1 0 0 0 1 1 0 0 0 1 1 1 1 1 0 1 1 0 1 1 1 1 0 1 1 ]
d_25_21=2.520323756747 eijMax=5.899E-03 rmsd=1.117E+01 s=[ 0 0 0 1 0 0 1 1 1 1 1 1 0 1 0 0 0 1 1 0 0 0 1 1 1 1 1 0 1 1 0 1 1 1 1 0 1 1 ]
d_25_21=2.520523956947 eijMax=6.274E-03 rmsd=1.117E+01 s=[ 0 0 0 1 0 0 1 1 1 1 1 1 0 1 0 0 0 1 1 0 0 0 1 1 1 1 1 0 1 1 0 1 1 1 1 0 1 1 ]
d_25_21=2.520724157147 eijMax=6.649E-03 rmsd=1.117E+01 s=[ 0 0 0 1 0 0 1 1 1 1 1 1 0 1 0 0 0 1 1 0 0 0 1 1 1 1 1 0 1 1 0 1 1 1 1 0 1 1 ]
d_25_21=2.520924357347 eijMax=7.022E-03 rmsd=1.116E+01 s=[ 0 0 0 1 0 0 1 1 1 1 1 1 0 1 0 0 0 1 1 0 0 0 1 1 1 1 1 0 1 1 0 1 1 1 1 0 1 1 ]
d_25_21=2.521124557548 eijMax=7.395E-03 rmsd=1.116E+01 s=[ 0 0 0 1 0 0 1 1 1 1 1 1 0 1 0 0 0 1 1 0 0 0 1 1 1 1 1 0 1 1 0 1 1 1 1 0 1 1 ]
d_25_21=2.521324757748 eijMax=7.768E-03 rmsd=1.116E+01 s=[ 0 0 0 1 0 0 1 1 1 1 1 1 0 1 0 0 0 1 1 0 0 0 1 1 1 1 1 0 1 1 0 1 1 1 1 0 1 1 ]
d_25_21=2.521524957948 eijMax=8.139E-03 rmsd=1.115E+01 s=[ 0 0 0 1 0 0 1 1 1 1 1 1 0 1 0 0 0 1 1 0 0 0 1 1 1 1 1 0 1 1 0 1 1 1 1 0 1 1 ]
d_25_21=2.521725158148 eijMax=8.511E-03 rmsd=1.115E+01 s=[ 0 0 0 1 0 0 1 1 1 1 1 1 0 1 0 0 0 1 1 0 0 0 1 1 1 1 1 0 1 1 0 1 1 1 1 0 1 1 ]
d_25_21=2.521925358348 eijMax=8.881E-03 rmsd=1.115E+01 s=[ 0 0 0 1 0 0 1 1 1 1 1 1 0 1 0 0 0 1 1 0 0 0 1 1 1 1 1 0 1 1 0 1 1 1 1 0 1 1 ]
d_25_21=2.522125558549 eijMax=9.251E-03 rmsd=1.115E+01 s=[ 0 0 0 1 0 0 1 1 1 1 1 1 0 1 0 0 0 1 1 0 0 0 1 1 1 1 1 0 1 1 0 1 1 1 1 0 1 1 ]
d_25_21=2.522325758749 eijMax=9.620E-03 rmsd=1.114E+01 s=[ 0 0 0 1 0 0 1 1 1 1 1 1 0 1 0 0 0 1 1 0 0 0 1 1 1 1 1 0 1 1 0 1 1 1 1 0 1 1 ]
d_25_21=2.522525958949 eijMax=9.989E-03 rmsd=1.114E+01 s=[ 0 0 0 1 0 0 1 1 1 1 1 1 0 1 0 0 0 1 1 0 0 0 1 1 1 1 1 0 1 1 0 1 1 1 1 0 1 1 ]
d_25_21=2.527130563554 eijMax=9.507E-03 rmsd=1.111E+01 s=[ 0 0 0 1 0 0 1 1 1 1 1 1 0 1 0 0 0 1 1 0 0 0 1 0 0 0 0 1 0 0 0 1 1 1 1 0 1 1 ]
d_25_21=2.527330763754 eijMax=8.984E-03 rmsd=1.111E+01 s=[ 0 0 0 1 0 0 1 1 1 1 1 1 0 1 0 0 0 1 1 0 0 0 1 0 0 0 0 1 0 0 0 1 1 1 1 0 1 1 ]
d_25_21=2.527530963954 eijMax=8.461E-03 rmsd=1.111E+01 s=[ 0 0 0 1 0 0 1 1 1 1 1 1 0 1 0 0 0 1 1 0 0 0 1 0 0 0 0 1 0 0 0 1 1 1 1 0 1 1 ]
d_25_21=2.527731164154 eijMax=7.938E-03 rmsd=1.111E+01 s=[ 0 0 0 1 0 0 1 1 1 1 1 1 0 1 0 0 0 1 1 0 0 0 1 0 0 0 0 1 0 0 0 1 1 1 1 0 1 1 ]
d_25_21=2.527931364354 eijMax=7.415E-03 rmsd=1.110E+01 s=[ 0 0 0 1 0 0 1 1 1 1 1 1 0 1 0 0 0 1 1 0 0 0 1 0 0 0 0 1 0 0 0 1 1 1 1 0 1 1 ]
d_25_21=2.528131564555 eijMax=6.893E-03 rmsd=1.110E+01 s=[ 0 0 0 1 0 0 1 1 1 1 1 1 0 1 0 0 0 1 1 0 0 0 1 0 0 0 0 1 0 0 0 1 1 1 1 0 1 1 ]
d_25_21=2.528331764755 eijMax=6.371E-03 rmsd=1.110E+01 s=[ 0 0 0 1 0 0 1 1 1 1 1 1 0 1 0 0 0 1 1 0 0 0 1 0 0 0 0 1 0 0 0 1 1 1 1 0 1 1 ]
d_25_21=2.528531964955 eijMax=5.849E-03 rmsd=1.110E+01 s=[ 0 0 0 1 0 0 1 1 1 1 1 1 0 1 0 0 0 1 1 0 0 0 1 0 0 0 0 1 0 0 0 1 1 1 1 0 1 1 ]
d_25_21=2.528732165155 eijMax=5.327E-03 rmsd=1.110E+01 s=[ 0 0 0 1 0 0 1 1 1 1 1 1 0 1 0 0 0 1 1 0 0 0 1 0 0 0 0 1 0 0 0 1 1 1 1 0 1 1 ]
d_25_21=2.528932365355 eijMax=4.806E-03 rmsd=1.109E+01 s=[ 0 0 0 1 0 0 1 1 1 1 1 1 0 1 0 0 0 1 1 0 0 0 1 0 0 0 0 1 0 0 0 1 1 1 1 0 1 1 ]
d_25_21=2.529132565556 eijMax=4.285E-03 rmsd=1.109E+01 s=[ 0 0 0 1 0 0 1 1 1 1 1 1 0 1 0 0 0 1 1 0 0 0 1 0 0 0 0 1 0 0 0 1 1 1 1 0 1 1 ]
d_25_21=2.529332765756 eijMax=3.764E-03 rmsd=1.109E+01 s=[ 0 0 0 1 0 0 1 1 1 1 1 1 0 1 0 0 0 1 1 0 0 0 1 0 0 0 0 1 0 0 0 1 1 1 1 0 1 1 ]
d_25_21=2.529532965956 eijMax=3.243E-03 rmsd=1.109E+01 s=[ 0 0 0 1 0 0 1 1 1 1 1 1 0 1 0 0 0 1 1 0 0 0 1 0 0 0 0 1 0 0 0 1 1 1 1 0 1 1 ]
d_25_21=2.529733166156 eijMax=2.722E-03 rmsd=1.109E+01 s=[ 0 0 0 1 0 0 1 1 1 1 1 1 0 1 0 0 0 1 1 0 0 0 1 0 0 0 0 1 0 0 0 1 1 1 1 0 1 1 ]
d_25_21=2.529933366356 eijMax=2.202E-03 rmsd=1.109E+01 s=[ 0 0 0 1 0 0 1 1 1 1 1 1 0 1 0 0 0 1 1 0 0 0 1 0 0 0 0 1 0 0 0 1 1 1 1 0 1 1 ]
d_25_21=2.530133566557 eijMax=1.682E-03 rmsd=1.108E+01 s=[ 0 0 0 1 0 0 1 1 1 1 1 1 0 1 0 0 0 1 1 0 0 0 1 0 0 0 0 1 0 0 0 1 1 1 1 0 1 1 ]
d_25_21=2.530333766757 eijMax=1.162E-03 rmsd=1.108E+01 s=[ 0 0 0 1 0 0 1 1 1 1 1 1 0 1 0 0 0 1 1 0 0 0 1 0 0 0 0 1 0 0 0 1 1 1 1 0 1 1 ]
d_25_21=2.530533966957 eijMax=6.419E-04 rmsd=1.108E+01 s=[ 0 0 0 1 0 0 1 1 1 1 1 1 0 1 0 0 0 1 1 0 0 0 1 0 0 0 0 1 0 0 0 1 1 1 1 0 1 1 ]
d_25_21=2.530734167157 eijMax=1.223E-04 rmsd=1.108E+01 s=[ 0 0 0 1 0 0 1 1 1 1 1 1 0 1 0 0 0 1 1 0 0 0 1 0 0 0 0 1 0 0 0 1 1 1 1 0 1 1 ]
d_25_21=2.530934367357 eijMax=3.970E-04 rmsd=1.108E+01 s=[ 0 0 0 1 0 0 1 1 1 1 1 1 0 1 0 0 0 1 1 0 0 0 1 0 0 0 0 1 0 0 0 1 1 1 1 0 1 1 ]
d_25_21=2.531134567558 eijMax=9.161E-04 rmsd=1.107E+01 s=[ 0 0 0 1 0 0 1 1 1 1 1 1 0 1 0 0 0 1 1 0 0 0 1 0 0 0 0 1 0 0 0 1 1 1 1 0 1 1 ]
d_25_21=2.531334767758 eijMax=1.435E-03 rmsd=1.107E+01 s=[ 0 0 0 1 0 0 1 1 1 1 1 1 0 1 0 0 0 1 1 0 0 0 1 0 0 0 0 1 0 0 0 1 1 1 1 0 1 1 ]
d_25_21=2.531534967958 eijMax=1.954E-03 rmsd=1.107E+01 s=[ 0 0 0 1 0 0 1 1 1 1 1 1 0 1 0 0 0 1 1 0 0 0 1 0 0 0 0 1 0 0 0 1 1 1 1 0 1 1 ]
d_25_21=2.531735168158 eijMax=2.472E-03 rmsd=1.107E+01 s=[ 0 0 0 1 0 0 1 1 1 1 1 1 0 1 0 0 0 1 1 0 0 0 1 0 0 0 0 1 0 0 0 1 1 1 1 0 1 1 ]
d_25_21=2.531935368358 eijMax=2.991E-03 rmsd=1.107E+01 s=[ 0 0 0 1 0 0 1 1 1 1 1 1 0 1 0 0 0 1 1 0 0 0 1 0 0 0 0 1 0 0 0 1 1 1 1 0 1 1 ]
d_25_21=2.532135568559 eijMax=3.509E-03 rmsd=1.107E+01 s=[ 0 0 0 1 0 0 1 1 1 1 1 1 0 1 0 0 0 1 1 0 0 0 1 0 0 0 0 1 0 0 0 1 1 1 1 0 1 1 ]
d_25_21=2.532335768759 eijMax=4.027E-03 rmsd=1.106E+01 s=[ 0 0 0 1 0 0 1 1 1 1 1 1 0 1 0 0 0 1 1 0 0 0 1 0 0 0 0 1 0 0 0 1 1 1 1 0 1 1 ]
d_25_21=2.532535968959 eijMax=4.544E-03 rmsd=1.106E+01 s=[ 0 0 0 1 0 0 1 1 1 1 1 1 0 1 0 0 0 1 1 0 0 0 1 0 0 0 0 1 0 0 0 1 1 1 1 0 1 1 ]
d_25_21=2.532736169159 eijMax=5.062E-03 rmsd=1.106E+01 s=[ 0 0 0 1 0 0 1 1 1 1 1 1 0 1 0 0 0 1 1 0 0 0 1 0 0 0 0 1 0 0 0 1 1 1 1 0 1 1 ]
d_25_21=2.532936369359 eijMax=5.579E-03 rmsd=1.106E+01 s=[ 0 0 0 1 0 0 1 1 1 1 1 1 0 1 0 0 0 1 1 0 0 0 1 0 0 0 0 1 0 0 0 1 1 1 1 0 1 1 ]
d_25_21=2.533136569560 eijMax=6.096E-03 rmsd=1.106E+01 s=[ 0 0 0 1 0 0 1 1 1 1 1 1 0 1 0 0 0 1 1 0 0 0 1 0 0 0 0 1 0 0 0 1 1 1 1 0 1 1 ]
d_25_21=2.533336769760 eijMax=6.613E-03 rmsd=1.105E+01 s=[ 0 0 0 1 0 0 1 1 1 1 1 1 0 1 0 0 0 1 1 0 0 0 1 0 0 0 0 1 0 0 0 1 1 1 1 0 1 1 ]
d_25_21=2.533336769760 eijMax=8.722E-03 rmsd=1.078E+01 s=[ 0 0 0 1 0 0 1 1 1 1 1 1 0 1 0 0 0 1 1 0 1 1 1 1 1 1 1 0 1 1 1 1 1 1 1 0 1 1 ]
d_25_21=2.533536969960 eijMax=7.130E-03 rmsd=1.105E+01 s=[ 0 0 0 1 0 0 1 1 1 1 1 1 0 1 0 0 0 1 1 0 0 0 1 0 0 0 0 1 0 0 0 1 1 1 1 0 1 1 ]
d_25_21=2.533536969960 eijMax=7.136E-03 rmsd=1.079E+01 s=[ 0 0 0 1 0 0 1 1 1 1 1 1 0 1 0 0 0 1 1 0 1 1 1 1 1 1 1 0 1 1 1 1 1 1 1 0 1 1 ]
d_25_21=2.533737170160 eijMax=7.647E-03 rmsd=1.105E+01 s=[ 0 0 0 1 0 0 1 1 1 1 1 1 0 1 0 0 0 1 1 0 0 0 1 0 0 0 0 1 0 0 0 1 1 1 1 0 1 1 ]
d_25_21=2.533737170160 eijMax=5.539E-03 rmsd=1.079E+01 s=[ 0 0 0 1 0 0 1 1 1 1 1 1 0 1 0 0 0 1 1 0 1 1 1 1 1 1 1 0 1 1 1 1 1 1 1 0 1 1 ]
d_25_21=2.533937370360 eijMax=8.163E-03 rmsd=1.105E+01 s=[ 0 0 0 1 0 0 1 1 1 1 1 1 0 1 0 0 0 1 1 0 0 0 1 0 0 0 0 1 0 0 0 1 1 1 1 0 1 1 ]
d_25_21=2.533937370360 eijMax=3.933E-03 rmsd=1.079E+01 s=[ 0 0 0 1 0 0 1 1 1 1 1 1 0 1 0 0 0 1 1 0 1 1 1 1 1 1 1 0 1 1 1 1 1 1 1 0 1 1 ]
d_25_21=2.534137570561 eijMax=8.679E-03 rmsd=1.105E+01 s=[ 0 0 0 1 0 0 1 1 1 1 1 1 0 1 0 0 0 1 1 0 0 0 1 0 0 0 0 1 0 0 0 1 1 1 1 0 1 1 ]
d_25_21=2.534137570561 eijMax=2.315E-03 rmsd=1.079E+01 s=[ 0 0 0 1 0 0 1 1 1 1 1 1 0 1 0 0 0 1 1 0 1 1 1 1 1 1 1 0 1 1 1 1 1 1 1 0 1 1 ]
d_25_21=2.534337770761 eijMax=9.195E-03 rmsd=1.105E+01 s=[ 0 0 0 1 0 0 1 1 1 1 1 1 0 1 0 0 0 1 1 0 0 0 1 0 0 0 0 1 0 0 0 1 1 1 1 0 1 1 ]
d_25_21=2.534337770761 eijMax=6.868E-04 rmsd=1.079E+01 s=[ 0 0 0 1 0 0 1 1 1 1 1 1 0 1 0 0 0 1 1 0 1 1 1 1 1 1 1 0 1 1 1 1 1 1 1 0 1 1 ]
d_25_21=2.534537970961 eijMax=9.711E-03 rmsd=1.104E+01 s=[ 0 0 0 1 0 0 1 1 1 1 1 1 0 1 0 0 0 1 1 0 0 0 1 0 0 0 0 1 0 0 0 1 1 1 1 0 1 1 ]
d_25_21=2.534537970961 eijMax=9.531E-04 rmsd=1.079E+01 s=[ 0 0 0 1 0 0 1 1 1 1 1 1 0 1 0 0 0 1 1 0 1 1 1 1 1 1 1 0 1 1 1 1 1 1 1 0 1 1 ]
d_25_21=2.534738171161 eijMax=2.605E-03 rmsd=1.079E+01 s=[ 0 0 0 1 0 0 1 1 1 1 1 1 0 1 0 0 0 1 1 0 1 1 1 1 1 1 1 0 1 1 1 1 1 1 1 0 1 1 ]
d_25_21=2.534938371361 eijMax=4.268E-03 rmsd=1.080E+01 s=[ 0 0 0 1 0 0 1 1 1 1 1 1 0 1 0 0 0 1 1 0 1 1 1 1 1 1 1 0 1 1 1 1 1 1 1 0 1 1 ]
d_25_21=2.535138571562 eijMax=5.944E-03 rmsd=1.080E+01 s=[ 0 0 0 1 0 0 1 1 1 1 1 1 0 1 0 0 0 1 1 0 1 1 1 1 1 1 1 0 1 1 1 1 1 1 1 0 1 1 ]
d_25_21=2.535338771762 eijMax=7.633E-03 rmsd=1.080E+01 s=[ 0 0 0 1 0 0 1 1 1 1 1 1 0 1 0 0 0 1 1 0 1 1 1 1 1 1 1 0 1 1 1 1 1 1 1 0 1 1 ]
d_25_21=2.535538971962 eijMax=9.336E-03 rmsd=1.080E+01 s=[ 0 0 0 1 0 0 1 1 1 1 1 1 0 1 0 0 0 1 1 0 1 1 1 1 1 1 1 0 1 1 1 1 1 1 1 0 1 1 ]
d_25_21=2.538141574565 eijMax=9.941E-03 rmsd=9.593E+00 s=[ 0 0 0 1 0 0 1 1 1 1 1 1 0 1 0 0 0 1 1 0 1 1 1 0 0 0 0 1 0 0 1 0 0 0 0 1 0 0 ]
d_25_21=2.538341774765 eijMax=9.473E-03 rmsd=9.596E+00 s=[ 0 0 0 1 0 0 1 1 1 1 1 1 0 1 0 0 0 1 1 0 1 1 1 0 0 0 0 1 0 0 1 0 0 0 0 1 0 0 ]
d_25_21=2.538541974965 eijMax=9.005E-03 rmsd=9.598E+00 s=[ 0 0 0 1 0 0 1 1 1 1 1 1 0 1 0 0 0 1 1 0 1 1 1 0 0 0 0 1 0 0 1 0 0 0 0 1 0 0 ]
d_25_21=2.538742175165 eijMax=8.538E-03 rmsd=9.600E+00 s=[ 0 0 0 1 0 0 1 1 1 1 1 1 0 1 0 0 0 1 1 0 1 1 1 0 0 0 0 1 0 0 1 0 0 0 0 1 0 0 ]
d_25_21=2.538942375365 eijMax=8.070E-03 rmsd=9.602E+00 s=[ 0 0 0 1 0 0 1 1 1 1 1 1 0 1 0 0 0 1 1 0 1 1 1 0 0 0 0 1 0 0 1 0 0 0 0 1 0 0 ]
d_25_21=2.539142575566 eijMax=7.603E-03 rmsd=9.604E+00 s=[ 0 0 0 1 0 0 1 1 1 1 1 1 0 1 0 0 0 1 1 0 1 1 1 0 0 0 0 1 0 0 1 0 0 0 0 1 0 0 ]
d_25_21=2.539342775766 eijMax=7.137E-03 rmsd=9.607E+00 s=[ 0 0 0 1 0 0 1 1 1 1 1 1 0 1 0 0 0 1 1 0 1 1 1 0 0 0 0 1 0 0 1 0 0 0 0 1 0 0 ]
d_25_21=2.539542975966 eijMax=6.670E-03 rmsd=9.609E+00 s=[ 0 0 0 1 0 0 1 1 1 1 1 1 0 1 0 0 0 1 1 0 1 1 1 0 0 0 0 1 0 0 1 0 0 0 0 1 0 0 ]
d_25_21=2.539743176166 eijMax=6.204E-03 rmsd=9.611E+00 s=[ 0 0 0 1 0 0 1 1 1 1 1 1 0 1 0 0 0 1 1 0 1 1 1 0 0 0 0 1 0 0 1 0 0 0 0 1 0 0 ]
d_25_21=2.539943376366 eijMax=5.738E-03 rmsd=9.613E+00 s=[ 0 0 0 1 0 0 1 1 1 1 1 1 0 1 0 0 0 1 1 0 1 1 1 0 0 0 0 1 0 0 1 0 0 0 0 1 0 0 ]
d_25_21=2.540143576567 eijMax=5.272E-03 rmsd=9.615E+00 s=[ 0 0 0 1 0 0 1 1 1 1 1 1 0 1 0 0 0 1 1 0 1 1 1 0 0 0 0 1 0 0 1 0 0 0 0 1 0 0 ]
d_25_21=2.540343776767 eijMax=4.807E-03 rmsd=9.618E+00 s=[ 0 0 0 1 0 0 1 1 1 1 1 1 0 1 0 0 0 1 1 0 1 1 1 0 0 0 0 1 0 0 1 0 0 0 0 1 0 0 ]
d_25_21=2.540543976967 eijMax=4.342E-03 rmsd=9.620E+00 s=[ 0 0 0 1 0 0 1 1 1 1 1 1 0 1 0 0 0 1 1 0 1 1 1 0 0 0 0 1 0 0 1 0 0 0 0 1 0 0 ]
d_25_21=2.540744177167 eijMax=3.877E-03 rmsd=9.622E+00 s=[ 0 0 0 1 0 0 1 1 1 1 1 1 0 1 0 0 0 1 1 0 1 1 1 0 0 0 0 1 0 0 1 0 0 0 0 1 0 0 ]
d_25_21=2.540944377367 eijMax=3.412E-03 rmsd=9.624E+00 s=[ 0 0 0 1 0 0 1 1 1 1 1 1 0 1 0 0 0 1 1 0 1 1 1 0 0 0 0 1 0 0 1 0 0 0 0 1 0 0 ]
d_25_21=2.541144577568 eijMax=2.948E-03 rmsd=9.627E+00 s=[ 0 0 0 1 0 0 1 1 1 1 1 1 0 1 0 0 0 1 1 0 1 1 1 0 0 0 0 1 0 0 1 0 0 0 0 1 0 0 ]
d_25_21=2.541344777768 eijMax=2.484E-03 rmsd=9.629E+00 s=[ 0 0 0 1 0 0 1 1 1 1 1 1 0 1 0 0 0 1 1 0 1 1 1 0 0 0 0 1 0 0 1 0 0 0 0 1 0 0 ]
d_25_21=2.541544977968 eijMax=2.020E-03 rmsd=9.631E+00 s=[ 0 0 0 1 0 0 1 1 1 1 1 1 0 1 0 0 0 1 1 0 1 1 1 0 0 0 0 1 0 0 1 0 0 0 0 1 0 0 ]
d_25_21=2.541745178168 eijMax=1.556E-03 rmsd=9.633E+00 s=[ 0 0 0 1 0 0 1 1 1 1 1 1 0 1 0 0 0 1 1 0 1 1 1 0 0 0 0 1 0 0 1 0 0 0 0 1 0 0 ]
d_25_21=2.541945378368 eijMax=1.093E-03 rmsd=9.635E+00 s=[ 0 0 0 1 0 0 1 1 1 1 1 1 0 1 0 0 0 1 1 0 1 1 1 0 0 0 0 1 0 0 1 0 0 0 0 1 0 0 ]
d_25_21=2.542145578569 eijMax=6.302E-04 rmsd=9.638E+00 s=[ 0 0 0 1 0 0 1 1 1 1 1 1 0 1 0 0 0 1 1 0 1 1 1 0 0 0 0 1 0 0 1 0 0 0 0 1 0 0 ]
d_25_21=2.542345778769 eijMax=1.675E-04 rmsd=9.640E+00 s=[ 0 0 0 1 0 0 1 1 1 1 1 1 0 1 0 0 0 1 1 0 1 1 1 0 0 0 0 1 0 0 1 0 0 0 0 1 0 0 ]
d_25_21=2.542545978969 eijMax=2.950E-04 rmsd=9.642E+00 s=[ 0 0 0 1 0 0 1 1 1 1 1 1 0 1 0 0 0 1 1 0 1 1 1 0 0 0 0 1 0 0 1 0 0 0 0 1 0 0 ]
d_25_21=2.542746179169 eijMax=7.572E-04 rmsd=9.644E+00 s=[ 0 0 0 1 0 0 1 1 1 1 1 1 0 1 0 0 0 1 1 0 1 1 1 0 0 0 0 1 0 0 1 0 0 0 0 1 0 0 ]
d_25_21=2.542946379369 eijMax=1.219E-03 rmsd=9.647E+00 s=[ 0 0 0 1 0 0 1 1 1 1 1 1 0 1 0 0 0 1 1 0 1 1 1 0 0 0 0 1 0 0 1 0 0 0 0 1 0 0 ]
d_25_21=2.543146579570 eijMax=1.681E-03 rmsd=9.649E+00 s=[ 0 0 0 1 0 0 1 1 1 1 1 1 0 1 0 0 0 1 1 0 1 1 1 0 0 0 0 1 0 0 1 0 0 0 0 1 0 0 ]
d_25_21=2.543346779770 eijMax=2.142E-03 rmsd=9.651E+00 s=[ 0 0 0 1 0 0 1 1 1 1 1 1 0 1 0 0 0 1 1 0 1 1 1 0 0 0 0 1 0 0 1 0 0 0 0 1 0 0 ]
d_25_21=2.543546979970 eijMax=2.603E-03 rmsd=9.653E+00 s=[ 0 0 0 1 0 0 1 1 1 1 1 1 0 1 0 0 0 1 1 0 1 1 1 0 0 0 0 1 0 0 1 0 0 0 0 1 0 0 ]
d_25_21=2.543747180170 eijMax=3.064E-03 rmsd=9.656E+00 s=[ 0 0 0 1 0 0 1 1 1 1 1 1 0 1 0 0 0 1 1 0 1 1 1 0 0 0 0 1 0 0 1 0 0 0 0 1 0 0 ]
d_25_21=2.543947380370 eijMax=3.525E-03 rmsd=9.658E+00 s=[ 0 0 0 1 0 0 1 1 1 1 1 1 0 1 0 0 0 1 1 0 1 1 1 0 0 0 0 1 0 0 1 0 0 0 0 1 0 0 ]
d_25_21=2.544147580571 eijMax=3.985E-03 rmsd=9.660E+00 s=[ 0 0 0 1 0 0 1 1 1 1 1 1 0 1 0 0 0 1 1 0 1 1 1 0 0 0 0 1 0 0 1 0 0 0 0 1 0 0 ]
d_25_21=2.544347780771 eijMax=4.446E-03 rmsd=9.662E+00 s=[ 0 0 0 1 0 0 1 1 1 1 1 1 0 1 0 0 0 1 1 0 1 1 1 0 0 0 0 1 0 0 1 0 0 0 0 1 0 0 ]
d_25_21=2.544547980971 eijMax=4.905E-03 rmsd=9.665E+00 s=[ 0 0 0 1 0 0 1 1 1 1 1 1 0 1 0 0 0 1 1 0 1 1 1 0 0 0 0 1 0 0 1 0 0 0 0 1 0 0 ]
d_25_21=2.544748181171 eijMax=5.365E-03 rmsd=9.667E+00 s=[ 0 0 0 1 0 0 1 1 1 1 1 1 0 1 0 0 0 1 1 0 1 1 1 0 0 0 0 1 0 0 1 0 0 0 0 1 0 0 ]
d_25_21=2.544948381371 eijMax=5.824E-03 rmsd=9.669E+00 s=[ 0 0 0 1 0 0 1 1 1 1 1 1 0 1 0 0 0 1 1 0 1 1 1 0 0 0 0 1 0 0 1 0 0 0 0 1 0 0 ]
d_25_21=2.545148581572 eijMax=6.284E-03 rmsd=9.672E+00 s=[ 0 0 0 1 0 0 1 1 1 1 1 1 0 1 0 0 0 1 1 0 1 1 1 0 0 0 0 1 0 0 1 0 0 0 0 1 0 0 ]
d_25_21=2.545348781772 eijMax=6.742E-03 rmsd=9.674E+00 s=[ 0 0 0 1 0 0 1 1 1 1 1 1 0 1 0 0 0 1 1 0 1 1 1 0 0 0 0 1 0 0 1 0 0 0 0 1 0 0 ]
d_25_21=2.545548981972 eijMax=7.201E-03 rmsd=9.676E+00 s=[ 0 0 0 1 0 0 1 1 1 1 1 1 0 1 0 0 0 1 1 0 1 1 1 0 0 0 0 1 0 0 1 0 0 0 0 1 0 0 ]
d_25_21=2.545749182172 eijMax=7.659E-03 rmsd=9.678E+00 s=[ 0 0 0 1 0 0 1 1 1 1 1 1 0 1 0 0 0 1 1 0 1 1 1 0 0 0 0 1 0 0 1 0 0 0 0 1 0 0 ]
d_25_21=2.545949382372 eijMax=8.117E-03 rmsd=9.681E+00 s=[ 0 0 0 1 0 0 1 1 1 1 1 1 0 1 0 0 0 1 1 0 1 1 1 0 0 0 0 1 0 0 1 0 0 0 0 1 0 0 ]
d_25_21=2.546149582573 eijMax=8.575E-03 rmsd=9.683E+00 s=[ 0 0 0 1 0 0 1 1 1 1 1 1 0 1 0 0 0 1 1 0 1 1 1 0 0 0 0 1 0 0 1 0 0 0 0 1 0 0 ]
d_25_21=2.546349782773 eijMax=9.033E-03 rmsd=9.685E+00 s=[ 0 0 0 1 0 0 1 1 1 1 1 1 0 1 0 0 0 1 1 0 1 1 1 0 0 0 0 1 0 0 1 0 0 0 0 1 0 0 ]
d_25_21=2.546549982973 eijMax=9.490E-03 rmsd=9.687E+00 s=[ 0 0 0 1 0 0 1 1 1 1 1 1 0 1 0 0 0 1 1 0 1 1 1 0 0 0 0 1 0 0 1 0 0 0 0 1 0 0 ]
d_25_21=2.546750183173 eijMax=9.947E-03 rmsd=9.690E+00 s=[ 0 0 0 1 0 0 1 1 1 1 1 1 0 1 0 0 0 1 1 0 1 1 1 0 0 0 0 1 0 0 1 0 0 0 0 1 0 0 ]
num ..... 1000
nnodes .. 38
nedges .. 271
nsols ... 362
nnonhsols 362
tsecs ... 53.470946
