xyz18=( -14.036573 -8.740926 31.441404 )
xyz18=( -13.910420 -8.406638 31.590622 )
xyz18=( -13.908961 -8.401889 31.591947 )
xyz18=( -13.907504 -8.397118 31.593259 )
xyz18=( -13.906048 -8.392324 31.594558 )
xyz18=( -13.904594 -8.387507 31.595843 )
xyz18=( -13.903141 -8.382667 31.597114 )
xyz18=( -13.901689 -8.377803 31.598371 )
xyz18=( -13.900238 -8.372915 31.599615 )
xyz18=( -14.055409 -8.780913 31.414633 )
xyz18=( -13.898789 -8.368003 31.600844 )
xyz18=( -13.898789 -8.368003 31.600844 )
xyz18=( -13.897341 -8.363068 31.602059 )
xyz18=( -13.897341 -8.363068 31.602059 )
xyz18=( -13.895895 -8.358107 31.603260 )
xyz18=( -13.895895 -8.358107 31.603260 )
xyz18=( -13.894450 -8.353123 31.604446 )
xyz18=( -13.894450 -8.353123 31.604446 )
xyz18=( -13.893007 -8.348113 31.605617 )
xyz18=( -13.893007 -8.348113 31.605617 )
xyz18=( -13.891565 -8.343078 31.606774 )
xyz18=( -14.067232 -8.804966 31.397359 )
xyz18=( -14.098680 -8.865274 31.349747 )
xyz18=( -14.112095 -8.889459 31.328740 )
xyz18=( -14.126042 -8.913672 31.306478 )
xyz18=( -13.818297 -8.031203 31.640193 )
xyz18=( -13.817001 -8.024218 31.640120 )
xyz18=( -13.815710 -8.017179 31.640011 )
xyz18=( -13.814423 -8.010083 31.639866 )
xyz18=( -13.813142 -8.002931 31.639683 )
xyz18=( -13.811865 -7.995720 31.639461 )
xyz18=( -14.260949 -9.103477 31.071067 )
xyz18=( -14.264531 -9.107493 31.064353 )
xyz18=( -14.268157 -9.111505 31.057533 )
xyz18=( -14.119704 -8.902784 31.316647 )
xyz18=( -14.277790 -9.121914 31.039302 )
xyz18=( -14.279936 -9.124183 31.035218 )
xyz18=( -14.282089 -9.126442 31.031111 )
xyz18=( -14.284251 -9.128691 31.026981 )
xyz18=( -14.286420 -9.130930 31.022828 )
xyz18=( -14.288598 -9.133159 31.018650 )
xyz18=( -14.290783 -9.135377 31.014449 )
xyz18=( -14.099674 -8.867098 31.348204 )
xyz18=( -14.292977 -9.137585 31.010224 )
xyz18=( -14.295179 -9.139782 31.005974 )
xyz18=( -14.295179 -9.139782 31.005974 )
xyz18=( -14.297389 -9.141968 31.001700 )
xyz18=( -14.297389 -9.141968 31.001700 )
xyz18=( -14.299608 -9.144143 30.997401 )
xyz18=( -14.299608 -9.144143 30.997401 )
xyz18=( -14.301834 -9.146307 30.993076 )
xyz18=( -14.301834 -9.146307 30.993076 )
xyz18=( -14.304070 -9.148460 30.988727 )
xyz18=( -14.304070 -9.148460 30.988727 )
xyz18=( -14.087480 -8.844389 31.366973 )
xyz18=( -14.306314 -9.150602 30.984352 )
xyz18=( -14.056364 -8.782884 31.413252 )
xyz18=( -14.043645 -8.756186 31.431464 )
xyz18=( -14.030758 -8.728152 31.449473 )
xyz18=( -14.440526 -9.242695 30.706400 )
xyz18=( -14.443429 -9.243886 30.700026 )
xyz18=( -14.446350 -9.245048 30.693595 )
xyz18=( -14.449290 -9.246181 30.687107 )
xyz18=( -14.452249 -9.247285 30.680561 )
xyz18=( -14.455227 -9.248359 30.673954 )
xyz18=( -13.922092 -8.443716 31.579597 )
xyz18=( -13.919575 -8.435857 31.582035 )
xyz18=( -13.917047 -8.427887 31.584452 )
