order:    [ 1 19 20 0 37 36 35 34 33 32 31 30 29 28 27 26 24 23 22 25 21 18 10 11 17 16 15 14 13 12 9 2 8 7 6 5 4 3 ]
atoms:    [ CA CA C N C CA N C CA N C CA N C CA N C CA N H HA N CA C C CA N C CA N N C C CA N C CA N ]
residues: [ 0 6 6 0 11 11 11 10 10 10 9 9 9 8 8 8 7 7 7 7 6 6 3 3 5 5 5 4 4 4 3 0 2 2 2 1 1 1 ]

d_25_21=3.350788792020 eijMax=5.243E-03 rmsd=7.941E+00 s=[ 0 0 0 0 1 1 0 0 1 1 0 0 1 0 1 1 0 1 0 0 1 0 1 1 1 1 1 0 0 1 1 1 1 1 1 1 1 1 ]
d_25_21=3.356849398081 eijMax=9.326E-03 rmsd=1.941E+01 s=[ 0 0 0 0 1 1 0 0 1 1 0 0 1 0 1 1 0 1 0 0 0 1 0 0 0 0 0 1 1 0 1 0 0 0 0 0 0 0 ]
d_25_21=3.358869600101 eijMax=7.764E-03 rmsd=1.941E+01 s=[ 0 0 0 0 1 1 0 0 1 1 0 0 1 0 1 1 0 1 0 0 0 1 0 0 0 0 0 1 1 0 1 0 0 0 0 0 0 0 ]
d_25_21=3.360889802121 eijMax=6.215E-03 rmsd=1.941E+01 s=[ 0 0 0 0 1 1 0 0 1 1 0 0 1 0 1 1 0 1 0 0 0 1 0 0 0 0 0 1 1 0 1 0 0 0 0 0 0 0 ]
d_25_21=3.362910004141 eijMax=4.677E-03 rmsd=1.942E+01 s=[ 0 0 0 0 1 1 0 0 1 1 0 0 1 0 1 1 0 1 0 0 0 1 0 0 0 0 0 1 1 0 1 0 0 0 0 0 0 0 ]
d_25_21=3.364930206162 eijMax=3.152E-03 rmsd=1.942E+01 s=[ 0 0 0 0 1 1 0 0 1 1 0 0 1 0 1 1 0 1 0 0 0 1 0 0 0 0 0 1 1 0 1 0 0 0 0 0 0 0 ]
d_25_21=3.366950408182 eijMax=1.640E-03 rmsd=1.942E+01 s=[ 0 0 0 0 1 1 0 0 1 1 0 0 1 0 1 1 0 1 0 0 0 1 0 0 0 0 0 1 1 0 1 0 0 0 0 0 0 0 ]
d_25_21=3.368970610202 eijMax=1.392E-04 rmsd=1.942E+01 s=[ 0 0 0 0 1 1 0 0 1 1 0 0 1 0 1 1 0 1 0 0 0 1 0 0 0 0 0 1 1 0 1 0 0 0 0 0 0 0 ]
d_25_21=3.370990812222 eijMax=1.349E-03 rmsd=1.942E+01 s=[ 0 0 0 0 1 1 0 0 1 1 0 0 1 0 1 1 0 1 0 0 0 1 0 0 0 0 0 1 1 0 1 0 0 0 0 0 0 0 ]
d_25_21=3.370990812222 eijMax=3.720E-03 rmsd=1.257E+01 s=[ 0 0 0 0 1 1 0 0 1 1 0 0 1 0 1 1 0 1 0 0 1 0 1 1 1 1 1 0 0 1 0 0 0 0 0 0 0 0 ]
d_25_21=3.373011014242 eijMax=8.237E-03 rmsd=1.479E+01 s=[ 0 0 0 0 1 1 0 0 1 1 0 0 1 0 1 1 0 1 0 0 0 1 0 0 0 0 0 1 1 0 0 1 1 1 1 1 1 1 ]
d_25_21=3.373011014242 eijMax=2.825E-03 rmsd=1.942E+01 s=[ 0 0 0 0 1 1 0 0 1 1 0 0 1 0 1 1 0 1 0 0 0 1 0 0 0 0 0 1 1 0 1 0 0 0 0 0 0 0 ]
d_25_21=3.375031216263 eijMax=4.828E-03 rmsd=1.479E+01 s=[ 0 0 0 0 1 1 0 0 1 1 0 0 1 0 1 1 0 1 0 0 0 1 0 0 0 0 0 1 1 0 0 1 1 1 1 1 1 1 ]
d_25_21=3.375031216263 eijMax=4.289E-03 rmsd=1.943E+01 s=[ 0 0 0 0 1 1 0 0 1 1 0 0 1 0 1 1 0 1 0 0 0 1 0 0 0 0 0 1 1 0 1 0 0 0 0 0 0 0 ]
d_25_21=3.377051418283 eijMax=1.408E-03 rmsd=1.478E+01 s=[ 0 0 0 0 1 1 0 0 1 1 0 0 1 0 1 1 0 1 0 0 0 1 0 0 0 0 0 1 1 0 0 1 1 1 1 1 1 1 ]
d_25_21=3.377051418283 eijMax=5.741E-03 rmsd=1.943E+01 s=[ 0 0 0 0 1 1 0 0 1 1 0 0 1 0 1 1 0 1 0 0 0 1 0 0 0 0 0 1 1 0 1 0 0 0 0 0 0 0 ]
d_25_21=3.379071620303 eijMax=2.024E-03 rmsd=1.478E+01 s=[ 0 0 0 0 1 1 0 0 1 1 0 0 1 0 1 1 0 1 0 0 0 1 0 0 0 0 0 1 1 0 0 1 1 1 1 1 1 1 ]
d_25_21=3.379071620303 eijMax=7.181E-03 rmsd=1.943E+01 s=[ 0 0 0 0 1 1 0 0 1 1 0 0 1 0 1 1 0 1 0 0 0 1 0 0 0 0 0 1 1 0 1 0 0 0 0 0 0 0 ]
d_25_21=3.381091822323 eijMax=5.466E-03 rmsd=1.478E+01 s=[ 0 0 0 0 1 1 0 0 1 1 0 0 1 0 1 1 0 1 0 0 0 1 0 0 0 0 0 1 1 0 0 1 1 1 1 1 1 1 ]
d_25_21=3.381091822323 eijMax=8.608E-03 rmsd=1.943E+01 s=[ 0 0 0 0 1 1 0 0 1 1 0 0 1 0 1 1 0 1 0 0 0 1 0 0 0 0 0 1 1 0 1 0 0 0 0 0 0 0 ]
d_25_21=3.383112024343 eijMax=8.920E-03 rmsd=1.477E+01 s=[ 0 0 0 0 1 1 0 0 1 1 0 0 1 0 1 1 0 1 0 0 0 1 0 0 0 0 0 1 1 0 0 1 1 1 1 1 1 1 ]
d_25_21=3.383112024343 eijMax=7.666E-03 rmsd=1.346E+01 s=[ 0 0 0 0 1 1 0 0 1 1 0 0 1 0 1 1 0 1 0 0 1 0 0 0 0 0 0 1 1 0 0 1 1 1 1 1 1 1 ]
d_25_21=3.413415054646 eijMax=4.150E-04 rmsd=1.681E+01 s=[ 0 0 0 0 1 1 0 0 1 1 0 0 1 0 1 1 0 1 0 0 1 0 1 1 1 1 1 0 0 1 0 1 1 1 1 1 1 1 ]
d_25_21=3.425536266768 eijMax=1.694E-03 rmsd=1.058E-02 s=[ 0 0 0 0 1 1 0 0 1 1 0 0 1 0 1 1 0 1 0 0 1 0 0 1 1 1 1 0 0 1 1 0 0 0 0 0 0 0 ]
d_25_21=3.437657478889 eijMax=5.510E-03 rmsd=9.852E+00 s=[ 0 0 0 0 1 1 0 0 1 1 0 0 1 0 1 1 0 1 0 0 1 0 0 0 0 0 0 1 1 0 0 1 1 1 1 1 1 1 ]
d_25_21=3.490182731414 eijMax=7.615E-03 rmsd=1.497E+01 s=[ 0 0 0 0 1 1 0 0 1 1 0 0 1 0 1 1 0 1 0 0 0 1 0 1 1 1 1 0 0 1 0 1 1 1 1 1 1 1 ]
d_25_21=3.492202933434 eijMax=4.892E-03 rmsd=1.495E+01 s=[ 0 0 0 0 1 1 0 0 1 1 0 0 1 0 1 1 0 1 0 0 0 1 0 1 1 1 1 0 0 1 0 1 1 1 1 1 1 1 ]
d_25_21=3.494223135455 eijMax=2.079E-03 rmsd=1.493E+01 s=[ 0 0 0 0 1 1 0 0 1 1 0 0 1 0 1 1 0 1 0 0 0 1 0 1 1 1 1 0 0 1 0 1 1 1 1 1 1 1 ]
d_25_21=3.496243337475 eijMax=8.259E-04 rmsd=1.492E+01 s=[ 0 0 0 0 1 1 0 0 1 1 0 0 1 0 1 1 0 1 0 0 0 1 0 1 1 1 1 0 0 1 0 1 1 1 1 1 1 1 ]
d_25_21=3.498263539495 eijMax=3.823E-03 rmsd=1.490E+01 s=[ 0 0 0 0 1 1 0 0 1 1 0 0 1 0 1 1 0 1 0 0 0 1 0 1 1 1 1 0 0 1 0 1 1 1 1 1 1 1 ]
d_25_21=3.500283741515 eijMax=6.912E-03 rmsd=1.488E+01 s=[ 0 0 0 0 1 1 0 0 1 1 0 0 1 0 1 1 0 1 0 0 0 1 0 1 1 1 1 0 0 1 0 1 1 1 1 1 1 1 ]
d_25_21=3.532606973838 eijMax=4.285E-03 rmsd=7.429E+00 s=[ 0 0 0 0 1 1 0 0 1 1 0 0 1 0 1 1 0 1 0 0 1 0 0 1 1 1 1 0 0 1 1 1 1 1 1 1 1 1 ]
d_25_21=3.534627175859 eijMax=2.743E-03 rmsd=7.461E+00 s=[ 0 0 0 0 1 1 0 0 1 1 0 0 1 0 1 1 0 1 0 0 1 0 0 1 1 1 1 0 0 1 1 1 1 1 1 1 1 1 ]
d_25_21=3.536647377879 eijMax=9.703E-03 rmsd=7.492E+00 s=[ 0 0 0 0 1 1 0 0 1 1 0 0 1 0 1 1 0 1 0 0 1 0 0 1 1 1 1 0 0 1 1 1 1 1 1 1 1 1 ]
d_25_21=3.350788792020 eijMax=5.243E-03 rmsd=7.941E+00 s=[ 0 0 0 1 0 0 1 1 0 0 1 1 0 1 0 0 1 0 1 0 0 1 0 0 0 0 0 1 1 0 0 0 0 0 0 0 0 0 ]
d_25_21=3.356849398081 eijMax=9.326E-03 rmsd=1.941E+01 s=[ 0 0 0 1 0 0 1 1 0 0 1 1 0 1 0 0 1 0 1 0 1 0 1 1 1 1 1 0 0 1 0 1 1 1 1 1 1 1 ]
d_25_21=3.358869600101 eijMax=7.764E-03 rmsd=1.941E+01 s=[ 0 0 0 1 0 0 1 1 0 0 1 1 0 1 0 0 1 0 1 0 1 0 1 1 1 1 1 0 0 1 0 1 1 1 1 1 1 1 ]
d_25_21=3.360889802121 eijMax=6.215E-03 rmsd=1.941E+01 s=[ 0 0 0 1 0 0 1 1 0 0 1 1 0 1 0 0 1 0 1 0 1 0 1 1 1 1 1 0 0 1 0 1 1 1 1 1 1 1 ]
d_25_21=3.362910004141 eijMax=4.677E-03 rmsd=1.942E+01 s=[ 0 0 0 1 0 0 1 1 0 0 1 1 0 1 0 0 1 0 1 0 1 0 1 1 1 1 1 0 0 1 0 1 1 1 1 1 1 1 ]
d_25_21=3.364930206162 eijMax=3.152E-03 rmsd=1.942E+01 s=[ 0 0 0 1 0 0 1 1 0 0 1 1 0 1 0 0 1 0 1 0 1 0 1 1 1 1 1 0 0 1 0 1 1 1 1 1 1 1 ]
d_25_21=3.366950408182 eijMax=1.640E-03 rmsd=1.942E+01 s=[ 0 0 0 1 0 0 1 1 0 0 1 1 0 1 0 0 1 0 1 0 1 0 1 1 1 1 1 0 0 1 0 1 1 1 1 1 1 1 ]
d_25_21=3.368970610202 eijMax=1.392E-04 rmsd=1.942E+01 s=[ 0 0 0 1 0 0 1 1 0 0 1 1 0 1 0 0 1 0 1 0 1 0 1 1 1 1 1 0 0 1 0 1 1 1 1 1 1 1 ]
d_25_21=3.370990812222 eijMax=3.720E-03 rmsd=1.257E+01 s=[ 0 0 0 1 0 0 1 1 0 0 1 1 0 1 0 0 1 0 1 0 0 1 0 0 0 0 0 1 1 0 1 1 1 1 1 1 1 1 ]
d_25_21=3.370990812222 eijMax=1.349E-03 rmsd=1.942E+01 s=[ 0 0 0 1 0 0 1 1 0 0 1 1 0 1 0 0 1 0 1 0 1 0 1 1 1 1 1 0 0 1 0 1 1 1 1 1 1 1 ]
d_25_21=3.373011014242 eijMax=2.825E-03 rmsd=1.942E+01 s=[ 0 0 0 1 0 0 1 1 0 0 1 1 0 1 0 0 1 0 1 0 1 0 1 1 1 1 1 0 0 1 0 1 1 1 1 1 1 1 ]
d_25_21=3.373011014242 eijMax=8.237E-03 rmsd=1.479E+01 s=[ 0 0 0 1 0 0 1 1 0 0 1 1 0 1 0 0 1 0 1 0 1 0 1 1 1 1 1 0 0 1 1 0 0 0 0 0 0 0 ]
d_25_21=3.375031216263 eijMax=4.289E-03 rmsd=1.943E+01 s=[ 0 0 0 1 0 0 1 1 0 0 1 1 0 1 0 0 1 0 1 0 1 0 1 1 1 1 1 0 0 1 0 1 1 1 1 1 1 1 ]
d_25_21=3.375031216263 eijMax=4.828E-03 rmsd=1.479E+01 s=[ 0 0 0 1 0 0 1 1 0 0 1 1 0 1 0 0 1 0 1 0 1 0 1 1 1 1 1 0 0 1 1 0 0 0 0 0 0 0 ]
d_25_21=3.377051418283 eijMax=5.741E-03 rmsd=1.943E+01 s=[ 0 0 0 1 0 0 1 1 0 0 1 1 0 1 0 0 1 0 1 0 1 0 1 1 1 1 1 0 0 1 0 1 1 1 1 1 1 1 ]
d_25_21=3.377051418283 eijMax=1.408E-03 rmsd=1.478E+01 s=[ 0 0 0 1 0 0 1 1 0 0 1 1 0 1 0 0 1 0 1 0 1 0 1 1 1 1 1 0 0 1 1 0 0 0 0 0 0 0 ]
d_25_21=3.379071620303 eijMax=7.181E-03 rmsd=1.943E+01 s=[ 0 0 0 1 0 0 1 1 0 0 1 1 0 1 0 0 1 0 1 0 1 0 1 1 1 1 1 0 0 1 0 1 1 1 1 1 1 1 ]
d_25_21=3.379071620303 eijMax=2.024E-03 rmsd=1.478E+01 s=[ 0 0 0 1 0 0 1 1 0 0 1 1 0 1 0 0 1 0 1 0 1 0 1 1 1 1 1 0 0 1 1 0 0 0 0 0 0 0 ]
d_25_21=3.381091822323 eijMax=8.608E-03 rmsd=1.943E+01 s=[ 0 0 0 1 0 0 1 1 0 0 1 1 0 1 0 0 1 0 1 0 1 0 1 1 1 1 1 0 0 1 0 1 1 1 1 1 1 1 ]
d_25_21=3.381091822323 eijMax=5.466E-03 rmsd=1.478E+01 s=[ 0 0 0 1 0 0 1 1 0 0 1 1 0 1 0 0 1 0 1 0 1 0 1 1 1 1 1 0 0 1 1 0 0 0 0 0 0 0 ]
d_25_21=3.383112024343 eijMax=7.666E-03 rmsd=1.346E+01 s=[ 0 0 0 1 0 0 1 1 0 0 1 1 0 1 0 0 1 0 1 0 0 1 1 1 1 1 1 0 0 1 1 0 0 0 0 0 0 0 ]
d_25_21=3.383112024343 eijMax=8.920E-03 rmsd=1.477E+01 s=[ 0 0 0 1 0 0 1 1 0 0 1 1 0 1 0 0 1 0 1 0 1 0 1 1 1 1 1 0 0 1 1 0 0 0 0 0 0 0 ]
d_25_21=3.413415054646 eijMax=4.150E-04 rmsd=1.681E+01 s=[ 0 0 0 1 0 0 1 1 0 0 1 1 0 1 0 0 1 0 1 0 0 1 0 0 0 0 0 1 1 0 1 0 0 0 0 0 0 0 ]
d_25_21=3.425536266768 eijMax=1.694E-03 rmsd=1.058E-02 s=[ 0 0 0 1 0 0 1 1 0 0 1 1 0 1 0 0 1 0 1 0 0 1 1 0 0 0 0 1 1 0 0 1 1 1 1 1 1 1 ]
d_25_21=3.437657478889 eijMax=5.510E-03 rmsd=9.852E+00 s=[ 0 0 0 1 0 0 1 1 0 0 1 1 0 1 0 0 1 0 1 0 0 1 1 1 1 1 1 0 0 1 1 0 0 0 0 0 0 0 ]
d_25_21=3.490182731414 eijMax=7.615E-03 rmsd=1.497E+01 s=[ 0 0 0 1 0 0 1 1 0 0 1 1 0 1 0 0 1 0 1 0 1 0 1 0 0 0 0 1 1 0 1 0 0 0 0 0 0 0 ]
d_25_21=3.492202933434 eijMax=4.892E-03 rmsd=1.495E+01 s=[ 0 0 0 1 0 0 1 1 0 0 1 1 0 1 0 0 1 0 1 0 1 0 1 0 0 0 0 1 1 0 1 0 0 0 0 0 0 0 ]
d_25_21=3.494223135455 eijMax=2.079E-03 rmsd=1.493E+01 s=[ 0 0 0 1 0 0 1 1 0 0 1 1 0 1 0 0 1 0 1 0 1 0 1 0 0 0 0 1 1 0 1 0 0 0 0 0 0 0 ]
d_25_21=3.496243337475 eijMax=8.259E-04 rmsd=1.492E+01 s=[ 0 0 0 1 0 0 1 1 0 0 1 1 0 1 0 0 1 0 1 0 1 0 1 0 0 0 0 1 1 0 1 0 0 0 0 0 0 0 ]
d_25_21=3.498263539495 eijMax=3.823E-03 rmsd=1.490E+01 s=[ 0 0 0 1 0 0 1 1 0 0 1 1 0 1 0 0 1 0 1 0 1 0 1 0 0 0 0 1 1 0 1 0 0 0 0 0 0 0 ]
d_25_21=3.500283741515 eijMax=6.912E-03 rmsd=1.488E+01 s=[ 0 0 0 1 0 0 1 1 0 0 1 1 0 1 0 0 1 0 1 0 1 0 1 0 0 0 0 1 1 0 1 0 0 0 0 0 0 0 ]
d_25_21=3.532606973838 eijMax=4.285E-03 rmsd=7.429E+00 s=[ 0 0 0 1 0 0 1 1 0 0 1 1 0 1 0 0 1 0 1 0 0 1 1 0 0 0 0 1 1 0 0 0 0 0 0 0 0 0 ]
d_25_21=3.534627175859 eijMax=2.743E-03 rmsd=7.461E+00 s=[ 0 0 0 1 0 0 1 1 0 0 1 1 0 1 0 0 1 0 1 0 0 1 1 0 0 0 0 1 1 0 0 0 0 0 0 0 0 0 ]
d_25_21=3.536647377879 eijMax=9.703E-03 rmsd=7.492E+00 s=[ 0 0 0 1 0 0 1 1 0 0 1 1 0 1 0 0 1 0 1 0 0 1 1 0 0 0 0 1 1 0 0 0 0 0 0 0 0 0 ]
num ..... 100
nnodes .. 38
nedges .. 271
nsols ... 68
nnonhsols 68
tsecs ... 5.151233
