order:    [ 1 19 20 0 37 36 35 34 33 32 31 30 29 28 27 26 24 23 22 25 21 18 10 11 17 16 15 14 13 12 9 2 8 7 6 5 4 3 ]
atoms:    [ CA CA C N C CA N C CA N C CA N C CA N C CA N H HA N CA C C CA N C CA N N C C CA N C CA N ]
residues: [ 0 6 6 0 11 11 11 10 10 10 9 9 9 8 8 8 7 7 7 7 6 6 3 3 5 5 5 4 4 4 3 0 2 2 2 1 1 1 ]

We use a different pair of symbles to represent the bits values which are associated with the HA and H of the discretized distance, and another one to represent the bits of other hydrogens.
For the HA and H from the discretized distance:
	"+" means 0
	"-" means 1
For any other hydrogens:
	">" means 0
	"<" means 1

d_25_21=3.350788792020 s=[ 0 0 0 0 1 1 0 0 1 1 0 0 1 0 1 1 0 1 0 + - 0 1 1 1 1 1 0 0 1 1 1 1 1 1 1 1 1 ] xyz18=( -14.036573, -8.740926, 31.441404 )

d_25_21=3.356849398081 s=[ 0 0 0 0 1 1 0 0 1 1 0 0 1 0 1 1 0 1 0 + + 1 0 0 0 0 0 1 1 0 1 0 0 0 0 0 0 0 ] xyz18=( -13.910420, -8.406638, 31.590622 )

d_25_21=3.358869600101 s=[ 0 0 0 0 1 1 0 0 1 1 0 0 1 0 1 1 0 1 0 + + 1 0 0 0 0 0 1 1 0 1 0 0 0 0 0 0 0 ] xyz18=( -13.908961, -8.401889, 31.591947 )

d_25_21=3.360889802121 s=[ 0 0 0 0 1 1 0 0 1 1 0 0 1 0 1 1 0 1 0 + + 1 0 0 0 0 0 1 1 0 1 0 0 0 0 0 0 0 ] xyz18=( -13.907504, -8.397118, 31.593259 )

d_25_21=3.362910004141 s=[ 0 0 0 0 1 1 0 0 1 1 0 0 1 0 1 1 0 1 0 + + 1 0 0 0 0 0 1 1 0 1 0 0 0 0 0 0 0 ] xyz18=( -13.906048, -8.392324, 31.594558 )

d_25_21=3.364930206162 s=[ 0 0 0 0 1 1 0 0 1 1 0 0 1 0 1 1 0 1 0 + + 1 0 0 0 0 0 1 1 0 1 0 0 0 0 0 0 0 ] xyz18=( -13.904594, -8.387507, 31.595843 )

d_25_21=3.366950408182 s=[ 0 0 0 0 1 1 0 0 1 1 0 0 1 0 1 1 0 1 0 + + 1 0 0 0 0 0 1 1 0 1 0 0 0 0 0 0 0 ] xyz18=( -13.903141, -8.382667, 31.597114 )

d_25_21=3.368970610202 s=[ 0 0 0 0 1 1 0 0 1 1 0 0 1 0 1 1 0 1 0 + + 1 0 0 0 0 0 1 1 0 1 0 0 0 0 0 0 0 ] xyz18=( -13.901689, -8.377803, 31.598371 )

d_25_21=3.370990812222 s=[ 0 0 0 0 1 1 0 0 1 1 0 0 1 0 1 1 0 1 0 + + 1 0 0 0 0 0 1 1 0 1 0 0 0 0 0 0 0 ] xyz18=( -13.900238, -8.372915, 31.599615 )

d_25_21=3.370990812222 s=[ 0 0 0 0 1 1 0 0 1 1 0 0 1 0 1 1 0 1 0 + - 0 1 1 1 1 1 0 0 1 0 0 0 0 0 0 0 0 ] xyz18=( -14.055409, -8.780913, 31.414633 )

d_25_21=3.373011014242 s=[ 0 0 0 0 1 1 0 0 1 1 0 0 1 0 1 1 0 1 0 + + 1 0 0 0 0 0 1 1 0 0 1 1 1 1 1 1 1 ] xyz18=( -13.898789, -8.368003, 31.600844 )

d_25_21=3.373011014242 s=[ 0 0 0 0 1 1 0 0 1 1 0 0 1 0 1 1 0 1 0 + + 1 0 0 0 0 0 1 1 0 1 0 0 0 0 0 0 0 ] xyz18=( -13.898789, -8.368003, 31.600844 )

d_25_21=3.375031216263 s=[ 0 0 0 0 1 1 0 0 1 1 0 0 1 0 1 1 0 1 0 + + 1 0 0 0 0 0 1 1 0 0 1 1 1 1 1 1 1 ] xyz18=( -13.897341, -8.363068, 31.602059 )

d_25_21=3.375031216263 s=[ 0 0 0 0 1 1 0 0 1 1 0 0 1 0 1 1 0 1 0 + + 1 0 0 0 0 0 1 1 0 1 0 0 0 0 0 0 0 ] xyz18=( -13.897341, -8.363068, 31.602059 )

d_25_21=3.377051418283 s=[ 0 0 0 0 1 1 0 0 1 1 0 0 1 0 1 1 0 1 0 + + 1 0 0 0 0 0 1 1 0 0 1 1 1 1 1 1 1 ] xyz18=( -13.895895, -8.358107, 31.603260 )

d_25_21=3.377051418283 s=[ 0 0 0 0 1 1 0 0 1 1 0 0 1 0 1 1 0 1 0 + + 1 0 0 0 0 0 1 1 0 1 0 0 0 0 0 0 0 ] xyz18=( -13.895895, -8.358107, 31.603260 )

d_25_21=3.379071620303 s=[ 0 0 0 0 1 1 0 0 1 1 0 0 1 0 1 1 0 1 0 + + 1 0 0 0 0 0 1 1 0 0 1 1 1 1 1 1 1 ] xyz18=( -13.894450, -8.353123, 31.604446 )

d_25_21=3.379071620303 s=[ 0 0 0 0 1 1 0 0 1 1 0 0 1 0 1 1 0 1 0 + + 1 0 0 0 0 0 1 1 0 1 0 0 0 0 0 0 0 ] xyz18=( -13.894450, -8.353123, 31.604446 )

d_25_21=3.381091822323 s=[ 0 0 0 0 1 1 0 0 1 1 0 0 1 0 1 1 0 1 0 + + 1 0 0 0 0 0 1 1 0 0 1 1 1 1 1 1 1 ] xyz18=( -13.893007, -8.348113, 31.605617 )

d_25_21=3.381091822323 s=[ 0 0 0 0 1 1 0 0 1 1 0 0 1 0 1 1 0 1 0 + + 1 0 0 0 0 0 1 1 0 1 0 0 0 0 0 0 0 ] xyz18=( -13.893007, -8.348113, 31.605617 )

d_25_21=3.383112024343 s=[ 0 0 0 0 1 1 0 0 1 1 0 0 1 0 1 1 0 1 0 + + 1 0 0 0 0 0 1 1 0 0 1 1 1 1 1 1 1 ] xyz18=( -13.891565, -8.343078, 31.606774 )

d_25_21=3.383112024343 s=[ 0 0 0 0 1 1 0 0 1 1 0 0 1 0 1 1 0 1 0 + - 0 0 0 0 0 0 1 1 0 0 1 1 1 1 1 1 1 ] xyz18=( -14.067232, -8.804966, 31.397359 )

d_25_21=3.413415054646 s=[ 0 0 0 0 1 1 0 0 1 1 0 0 1 0 1 1 0 1 0 + - 0 1 1 1 1 1 0 0 1 0 1 1 1 1 1 1 1 ] xyz18=( -14.098680, -8.865274, 31.349747 )

d_25_21=3.425536266768 s=[ 0 0 0 0 1 1 0 0 1 1 0 0 1 0 1 1 0 1 0 + - 0 0 1 1 1 1 0 0 1 1 0 0 0 0 0 0 0 ] xyz18=( -14.112095, -8.889459, 31.328740 )

d_25_21=3.437657478889 s=[ 0 0 0 0 1 1 0 0 1 1 0 0 1 0 1 1 0 1 0 + - 0 0 0 0 0 0 1 1 0 0 1 1 1 1 1 1 1 ] xyz18=( -14.126042, -8.913672, 31.306478 )

d_25_21=3.490182731414 s=[ 0 0 0 0 1 1 0 0 1 1 0 0 1 0 1 1 0 1 0 + + 1 0 1 1 1 1 0 0 1 0 1 1 1 1 1 1 1 ] xyz18=( -13.818297, -8.031203, 31.640193 )

d_25_21=3.492202933434 s=[ 0 0 0 0 1 1 0 0 1 1 0 0 1 0 1 1 0 1 0 + + 1 0 1 1 1 1 0 0 1 0 1 1 1 1 1 1 1 ] xyz18=( -13.817001, -8.024218, 31.640120 )

d_25_21=3.494223135455 s=[ 0 0 0 0 1 1 0 0 1 1 0 0 1 0 1 1 0 1 0 + + 1 0 1 1 1 1 0 0 1 0 1 1 1 1 1 1 1 ] xyz18=( -13.815710, -8.017179, 31.640011 )

d_25_21=3.496243337475 s=[ 0 0 0 0 1 1 0 0 1 1 0 0 1 0 1 1 0 1 0 + + 1 0 1 1 1 1 0 0 1 0 1 1 1 1 1 1 1 ] xyz18=( -13.814423, -8.010083, 31.639866 )

d_25_21=3.498263539495 s=[ 0 0 0 0 1 1 0 0 1 1 0 0 1 0 1 1 0 1 0 + + 1 0 1 1 1 1 0 0 1 0 1 1 1 1 1 1 1 ] xyz18=( -13.813142, -8.002931, 31.639683 )

d_25_21=3.500283741515 s=[ 0 0 0 0 1 1 0 0 1 1 0 0 1 0 1 1 0 1 0 + + 1 0 1 1 1 1 0 0 1 0 1 1 1 1 1 1 1 ] xyz18=( -13.811865, -7.995720, 31.639461 )

d_25_21=3.532606973838 s=[ 0 0 0 0 1 1 0 0 1 1 0 0 1 0 1 1 0 1 0 + - 0 0 1 1 1 1 0 0 1 1 1 1 1 1 1 1 1 ] xyz18=( -14.260949, -9.103477, 31.071067 )

d_25_21=3.534627175859 s=[ 0 0 0 0 1 1 0 0 1 1 0 0 1 0 1 1 0 1 0 + - 0 0 1 1 1 1 0 0 1 1 1 1 1 1 1 1 1 ] xyz18=( -14.264531, -9.107493, 31.064353 )

d_25_21=3.536647377879 s=[ 0 0 0 0 1 1 0 0 1 1 0 0 1 0 1 1 0 1 0 + - 0 0 1 1 1 1 0 0 1 1 1 1 1 1 1 1 1 ] xyz18=( -14.268157, -9.111505, 31.057533 )

d_25_21=3.350788792020 s=[ 0 0 0 1 0 0 1 1 0 0 1 1 0 1 0 0 1 0 1 + + 1 0 0 0 0 0 1 1 0 0 0 0 0 0 0 0 0 ] xyz18=( -14.119704, -8.902784, 31.316647 )

d_25_21=3.356849398081 s=[ 0 0 0 1 0 0 1 1 0 0 1 1 0 1 0 0 1 0 1 + - 0 1 1 1 1 1 0 0 1 0 1 1 1 1 1 1 1 ] xyz18=( -14.277790, -9.121914, 31.039302 )

d_25_21=3.358869600101 s=[ 0 0 0 1 0 0 1 1 0 0 1 1 0 1 0 0 1 0 1 + - 0 1 1 1 1 1 0 0 1 0 1 1 1 1 1 1 1 ] xyz18=( -14.279936, -9.124183, 31.035218 )

d_25_21=3.360889802121 s=[ 0 0 0 1 0 0 1 1 0 0 1 1 0 1 0 0 1 0 1 + - 0 1 1 1 1 1 0 0 1 0 1 1 1 1 1 1 1 ] xyz18=( -14.282089, -9.126442, 31.031111 )

d_25_21=3.362910004141 s=[ 0 0 0 1 0 0 1 1 0 0 1 1 0 1 0 0 1 0 1 + - 0 1 1 1 1 1 0 0 1 0 1 1 1 1 1 1 1 ] xyz18=( -14.284251, -9.128691, 31.026981 )

d_25_21=3.364930206162 s=[ 0 0 0 1 0 0 1 1 0 0 1 1 0 1 0 0 1 0 1 + - 0 1 1 1 1 1 0 0 1 0 1 1 1 1 1 1 1 ] xyz18=( -14.286420, -9.130930, 31.022828 )

d_25_21=3.366950408182 s=[ 0 0 0 1 0 0 1 1 0 0 1 1 0 1 0 0 1 0 1 + - 0 1 1 1 1 1 0 0 1 0 1 1 1 1 1 1 1 ] xyz18=( -14.288598, -9.133159, 31.018650 )

d_25_21=3.368970610202 s=[ 0 0 0 1 0 0 1 1 0 0 1 1 0 1 0 0 1 0 1 + - 0 1 1 1 1 1 0 0 1 0 1 1 1 1 1 1 1 ] xyz18=( -14.290783, -9.135377, 31.014449 )

d_25_21=3.370990812222 s=[ 0 0 0 1 0 0 1 1 0 0 1 1 0 1 0 0 1 0 1 + + 1 0 0 0 0 0 1 1 0 1 1 1 1 1 1 1 1 ] xyz18=( -14.099674, -8.867098, 31.348204 )

d_25_21=3.370990812222 s=[ 0 0 0 1 0 0 1 1 0 0 1 1 0 1 0 0 1 0 1 + - 0 1 1 1 1 1 0 0 1 0 1 1 1 1 1 1 1 ] xyz18=( -14.292977, -9.137585, 31.010224 )

d_25_21=3.373011014242 s=[ 0 0 0 1 0 0 1 1 0 0 1 1 0 1 0 0 1 0 1 + - 0 1 1 1 1 1 0 0 1 0 1 1 1 1 1 1 1 ] xyz18=( -14.295179, -9.139782, 31.005974 )

d_25_21=3.373011014242 s=[ 0 0 0 1 0 0 1 1 0 0 1 1 0 1 0 0 1 0 1 + - 0 1 1 1 1 1 0 0 1 1 0 0 0 0 0 0 0 ] xyz18=( -14.295179, -9.139782, 31.005974 )

d_25_21=3.375031216263 s=[ 0 0 0 1 0 0 1 1 0 0 1 1 0 1 0 0 1 0 1 + - 0 1 1 1 1 1 0 0 1 0 1 1 1 1 1 1 1 ] xyz18=( -14.297389, -9.141968, 31.001700 )

d_25_21=3.375031216263 s=[ 0 0 0 1 0 0 1 1 0 0 1 1 0 1 0 0 1 0 1 + - 0 1 1 1 1 1 0 0 1 1 0 0 0 0 0 0 0 ] xyz18=( -14.297389, -9.141968, 31.001700 )

d_25_21=3.377051418283 s=[ 0 0 0 1 0 0 1 1 0 0 1 1 0 1 0 0 1 0 1 + - 0 1 1 1 1 1 0 0 1 0 1 1 1 1 1 1 1 ] xyz18=( -14.299608, -9.144143, 30.997401 )

d_25_21=3.377051418283 s=[ 0 0 0 1 0 0 1 1 0 0 1 1 0 1 0 0 1 0 1 + - 0 1 1 1 1 1 0 0 1 1 0 0 0 0 0 0 0 ] xyz18=( -14.299608, -9.144143, 30.997401 )

d_25_21=3.379071620303 s=[ 0 0 0 1 0 0 1 1 0 0 1 1 0 1 0 0 1 0 1 + - 0 1 1 1 1 1 0 0 1 0 1 1 1 1 1 1 1 ] xyz18=( -14.301834, -9.146307, 30.993076 )

d_25_21=3.379071620303 s=[ 0 0 0 1 0 0 1 1 0 0 1 1 0 1 0 0 1 0 1 + - 0 1 1 1 1 1 0 0 1 1 0 0 0 0 0 0 0 ] xyz18=( -14.301834, -9.146307, 30.993076 )

d_25_21=3.381091822323 s=[ 0 0 0 1 0 0 1 1 0 0 1 1 0 1 0 0 1 0 1 + - 0 1 1 1 1 1 0 0 1 0 1 1 1 1 1 1 1 ] xyz18=( -14.304070, -9.148460, 30.988727 )

d_25_21=3.381091822323 s=[ 0 0 0 1 0 0 1 1 0 0 1 1 0 1 0 0 1 0 1 + - 0 1 1 1 1 1 0 0 1 1 0 0 0 0 0 0 0 ] xyz18=( -14.304070, -9.148460, 30.988727 )

d_25_21=3.383112024343 s=[ 0 0 0 1 0 0 1 1 0 0 1 1 0 1 0 0 1 0 1 + + 1 1 1 1 1 1 0 0 1 1 0 0 0 0 0 0 0 ] xyz18=( -14.087480, -8.844389, 31.366973 )

d_25_21=3.383112024343 s=[ 0 0 0 1 0 0 1 1 0 0 1 1 0 1 0 0 1 0 1 + - 0 1 1 1 1 1 0 0 1 1 0 0 0 0 0 0 0 ] xyz18=( -14.306314, -9.150602, 30.984352 )

d_25_21=3.413415054646 s=[ 0 0 0 1 0 0 1 1 0 0 1 1 0 1 0 0 1 0 1 + + 1 0 0 0 0 0 1 1 0 1 0 0 0 0 0 0 0 ] xyz18=( -14.056364, -8.782884, 31.413252 )

d_25_21=3.425536266768 s=[ 0 0 0 1 0 0 1 1 0 0 1 1 0 1 0 0 1 0 1 + + 1 1 0 0 0 0 1 1 0 0 1 1 1 1 1 1 1 ] xyz18=( -14.043645, -8.756186, 31.431464 )

d_25_21=3.437657478889 s=[ 0 0 0 1 0 0 1 1 0 0 1 1 0 1 0 0 1 0 1 + + 1 1 1 1 1 1 0 0 1 1 0 0 0 0 0 0 0 ] xyz18=( -14.030758, -8.728152, 31.449473 )

d_25_21=3.490182731414 s=[ 0 0 0 1 0 0 1 1 0 0 1 1 0 1 0 0 1 0 1 + - 0 1 0 0 0 0 1 1 0 1 0 0 0 0 0 0 0 ] xyz18=( -14.440526, -9.242695, 30.706400 )

d_25_21=3.492202933434 s=[ 0 0 0 1 0 0 1 1 0 0 1 1 0 1 0 0 1 0 1 + - 0 1 0 0 0 0 1 1 0 1 0 0 0 0 0 0 0 ] xyz18=( -14.443429, -9.243886, 30.700026 )

d_25_21=3.494223135455 s=[ 0 0 0 1 0 0 1 1 0 0 1 1 0 1 0 0 1 0 1 + - 0 1 0 0 0 0 1 1 0 1 0 0 0 0 0 0 0 ] xyz18=( -14.446350, -9.245048, 30.693595 )

d_25_21=3.496243337475 s=[ 0 0 0 1 0 0 1 1 0 0 1 1 0 1 0 0 1 0 1 + - 0 1 0 0 0 0 1 1 0 1 0 0 0 0 0 0 0 ] xyz18=( -14.449290, -9.246181, 30.687107 )

d_25_21=3.498263539495 s=[ 0 0 0 1 0 0 1 1 0 0 1 1 0 1 0 0 1 0 1 + - 0 1 0 0 0 0 1 1 0 1 0 0 0 0 0 0 0 ] xyz18=( -14.452249, -9.247285, 30.680561 )

d_25_21=3.500283741515 s=[ 0 0 0 1 0 0 1 1 0 0 1 1 0 1 0 0 1 0 1 + - 0 1 0 0 0 0 1 1 0 1 0 0 0 0 0 0 0 ] xyz18=( -14.455227, -9.248359, 30.673954 )

d_25_21=3.532606973838 s=[ 0 0 0 1 0 0 1 1 0 0 1 1 0 1 0 0 1 0 1 + + 1 1 0 0 0 0 1 1 0 0 0 0 0 0 0 0 0 ] xyz18=( -13.922092, -8.443716, 31.579597 )

d_25_21=3.534627175859 s=[ 0 0 0 1 0 0 1 1 0 0 1 1 0 1 0 0 1 0 1 + + 1 1 0 0 0 0 1 1 0 0 0 0 0 0 0 0 0 ] xyz18=( -13.919575, -8.435857, 31.582035 )

d_25_21=3.536647377879 s=[ 0 0 0 1 0 0 1 1 0 0 1 1 0 1 0 0 1 0 1 + + 1 1 0 0 0 0 1 1 0 0 0 0 0 0 0 0 0 ] xyz18=( -13.917047, -8.427887, 31.584452 )

