xyz18=( -14.036375 -8.740495 31.441680 )
xyz18=( -14.036556 -8.740890 31.441427 )
xyz18=( -14.036738 -8.741286 31.441174 )
xyz18=( -14.036919 -8.741682 31.440920 )
xyz18=( -14.037101 -8.742077 31.440666 )
xyz18=( -14.037283 -8.742473 31.440412 )
xyz18=( -14.037465 -8.742869 31.440157 )
xyz18=( -14.037647 -8.743264 31.439903 )
xyz18=( -13.910906 -8.408216 31.590177 )
xyz18=( -13.910762 -8.407747 31.590310 )
xyz18=( -13.910617 -8.407278 31.590442 )
xyz18=( -13.910472 -8.406809 31.590574 )
xyz18=( -13.910328 -8.406339 31.590706 )
xyz18=( -13.910183 -8.405869 31.590838 )
xyz18=( -13.910039 -8.405400 31.590969 )
xyz18=( -13.909894 -8.404929 31.591101 )
xyz18=( -13.909750 -8.404459 31.591232 )
xyz18=( -13.909605 -8.403988 31.591364 )
xyz18=( -13.909461 -8.403518 31.591495 )
xyz18=( -13.909316 -8.403047 31.591626 )
xyz18=( -13.909172 -8.402575 31.591757 )
xyz18=( -13.909027 -8.402104 31.591888 )
xyz18=( -13.908883 -8.401632 31.592018 )
xyz18=( -13.908738 -8.401160 31.592149 )
xyz18=( -13.908594 -8.400688 31.592279 )
xyz18=( -13.908449 -8.400216 31.592410 )
xyz18=( -13.908305 -8.399743 31.592540 )
xyz18=( -13.908161 -8.399270 31.592670 )
xyz18=( -13.908016 -8.398797 31.592800 )
xyz18=( -13.907872 -8.398324 31.592929 )
xyz18=( -13.907727 -8.397850 31.593059 )
xyz18=( -13.907583 -8.397377 31.593188 )
xyz18=( -13.907439 -8.396903 31.593318 )
xyz18=( -13.907294 -8.396429 31.593447 )
xyz18=( -13.907150 -8.395954 31.593576 )
xyz18=( -13.907006 -8.395480 31.593705 )
xyz18=( -13.906861 -8.395005 31.593834 )
xyz18=( -13.906717 -8.394530 31.593963 )
xyz18=( -13.906573 -8.394054 31.594091 )
xyz18=( -13.906429 -8.393579 31.594220 )
xyz18=( -13.906284 -8.393103 31.594348 )
xyz18=( -13.906140 -8.392627 31.594476 )
xyz18=( -13.905996 -8.392151 31.594604 )
xyz18=( -13.905852 -8.391675 31.594732 )
xyz18=( -13.905708 -8.391198 31.594860 )
xyz18=( -13.905563 -8.390721 31.594987 )
xyz18=( -13.905419 -8.390244 31.595115 )
xyz18=( -13.905275 -8.389767 31.595242 )
xyz18=( -13.905131 -8.389289 31.595370 )
xyz18=( -13.904987 -8.388811 31.595497 )
xyz18=( -13.904843 -8.388333 31.595624 )
xyz18=( -13.904699 -8.387855 31.595750 )
xyz18=( -13.904555 -8.387376 31.595877 )
xyz18=( -13.904411 -8.386898 31.596004 )
xyz18=( -13.904267 -8.386419 31.596130 )
xyz18=( -13.904122 -8.385940 31.596256 )
xyz18=( -13.903978 -8.385460 31.596383 )
xyz18=( -13.903834 -8.384981 31.596509 )
xyz18=( -13.903690 -8.384501 31.596634 )
xyz18=( -13.903546 -8.384021 31.596760 )
xyz18=( -13.903402 -8.383540 31.596886 )
xyz18=( -13.903258 -8.383060 31.597011 )
xyz18=( -13.903115 -8.382579 31.597137 )
xyz18=( -13.902971 -8.382098 31.597262 )
xyz18=( -13.902827 -8.381617 31.597387 )
xyz18=( -13.902683 -8.381135 31.597512 )
xyz18=( -13.902539 -8.380654 31.597637 )
xyz18=( -13.902395 -8.380172 31.597761 )
xyz18=( -13.902251 -8.379690 31.597886 )
xyz18=( -13.902107 -8.379207 31.598010 )
xyz18=( -13.901963 -8.378725 31.598135 )
xyz18=( -13.901820 -8.378242 31.598259 )
xyz18=( -13.901676 -8.377759 31.598383 )
xyz18=( -13.901532 -8.377275 31.598507 )
xyz18=( -13.901388 -8.376792 31.598630 )
xyz18=( -13.901244 -8.376308 31.598754 )
xyz18=( -13.901101 -8.375824 31.598877 )
xyz18=( -13.900957 -8.375340 31.599001 )
xyz18=( -13.900813 -8.374855 31.599124 )
xyz18=( -13.900669 -8.374371 31.599247 )
xyz18=( -14.054834 -8.779723 31.415465 )
xyz18=( -13.900526 -8.373886 31.599370 )
xyz18=( -14.055026 -8.780120 31.415188 )
xyz18=( -13.900382 -8.373400 31.599492 )
xyz18=( -14.055217 -8.780517 31.414911 )
xyz18=( -13.900238 -8.372915 31.599615 )
xyz18=( -14.055409 -8.780913 31.414633 )
xyz18=( -13.900095 -8.372429 31.599737 )
xyz18=( -14.055601 -8.781310 31.414355 )
xyz18=( -13.899951 -8.371943 31.599860 )
xyz18=( -13.899807 -8.371457 31.599982 )
xyz18=( -13.899664 -8.370971 31.600104 )
xyz18=( -13.899520 -8.370484 31.600226 )
xyz18=( -13.899520 -8.370484 31.600226 )
xyz18=( -13.899377 -8.369997 31.600348 )
xyz18=( -13.899377 -8.369997 31.600348 )
xyz18=( -13.899233 -8.369510 31.600469 )
xyz18=( -13.899233 -8.369510 31.600469 )
xyz18=( -13.899089 -8.369023 31.600591 )
xyz18=( -13.899089 -8.369023 31.600591 )
xyz18=( -13.898946 -8.368535 31.600712 )
xyz18=( -13.898946 -8.368535 31.600712 )
xyz18=( -13.898802 -8.368048 31.600833 )
xyz18=( -13.898802 -8.368048 31.600833 )
xyz18=( -13.898659 -8.367560 31.600954 )
xyz18=( -13.898659 -8.367560 31.600954 )
xyz18=( -13.898515 -8.367071 31.601075 )
xyz18=( -13.898515 -8.367071 31.601075 )
xyz18=( -13.898372 -8.366583 31.601196 )
xyz18=( -13.898372 -8.366583 31.601196 )
xyz18=( -13.898228 -8.366094 31.601317 )
xyz18=( -13.898228 -8.366094 31.601317 )
xyz18=( -13.898085 -8.365605 31.601437 )
xyz18=( -13.898085 -8.365605 31.601437 )
xyz18=( -13.897941 -8.365116 31.601558 )
xyz18=( -13.897941 -8.365116 31.601558 )
xyz18=( -13.897798 -8.364627 31.601678 )
xyz18=( -13.897798 -8.364627 31.601678 )
xyz18=( -13.897654 -8.364137 31.601798 )
xyz18=( -13.897654 -8.364137 31.601798 )
xyz18=( -13.897511 -8.363647 31.601918 )
xyz18=( -13.897511 -8.363647 31.601918 )
xyz18=( -13.897368 -8.363157 31.602038 )
xyz18=( -13.897368 -8.363157 31.602038 )
xyz18=( -13.897224 -8.362666 31.602157 )
xyz18=( -13.897224 -8.362666 31.602157 )
xyz18=( -13.897081 -8.362176 31.602277 )
xyz18=( -13.897081 -8.362176 31.602277 )
xyz18=( -13.896937 -8.361685 31.602396 )
xyz18=( -13.896937 -8.361685 31.602396 )
xyz18=( -13.896794 -8.361194 31.602516 )
xyz18=( -13.896794 -8.361194 31.602516 )
xyz18=( -13.896651 -8.360702 31.602635 )
xyz18=( -13.896651 -8.360702 31.602635 )
xyz18=( -13.896507 -8.360211 31.602754 )
xyz18=( -13.896507 -8.360211 31.602754 )
xyz18=( -13.896364 -8.359719 31.602872 )
xyz18=( -13.896364 -8.359719 31.602872 )
xyz18=( -13.896221 -8.359227 31.602991 )
xyz18=( -13.896221 -8.359227 31.602991 )
xyz18=( -13.896078 -8.358734 31.603110 )
xyz18=( -13.896078 -8.358734 31.603110 )
xyz18=( -13.895934 -8.358242 31.603228 )
xyz18=( -13.895934 -8.358242 31.603228 )
xyz18=( -13.895791 -8.357749 31.603346 )
xyz18=( -13.895791 -8.357749 31.603346 )
xyz18=( -13.895648 -8.357256 31.603464 )
xyz18=( -13.895648 -8.357256 31.603464 )
xyz18=( -13.895505 -8.356763 31.603582 )
xyz18=( -13.895505 -8.356763 31.603582 )
xyz18=( -13.895361 -8.356269 31.603700 )
xyz18=( -13.895361 -8.356269 31.603700 )
xyz18=( -13.895218 -8.355775 31.603818 )
xyz18=( -13.895218 -8.355775 31.603818 )
xyz18=( -13.895075 -8.355281 31.603935 )
xyz18=( -13.895075 -8.355281 31.603935 )
xyz18=( -13.894932 -8.354787 31.604052 )
xyz18=( -13.894932 -8.354787 31.604052 )
xyz18=( -13.894789 -8.354293 31.604170 )
xyz18=( -13.894789 -8.354293 31.604170 )
xyz18=( -14.062782 -8.796004 31.403903 )
xyz18=( -13.894646 -8.353798 31.604287 )
xyz18=( -13.894646 -8.353798 31.604287 )
xyz18=( -14.062978 -8.796402 31.403615 )
xyz18=( -13.894502 -8.353303 31.604404 )
xyz18=( -13.894502 -8.353303 31.604404 )
xyz18=( -13.894359 -8.352808 31.604521 )
xyz18=( -13.894359 -8.352808 31.604521 )
xyz18=( -13.894216 -8.352312 31.604637 )
xyz18=( -13.894216 -8.352312 31.604637 )
xyz18=( -13.894073 -8.351816 31.604754 )
xyz18=( -13.894073 -8.351816 31.604754 )
xyz18=( -13.893930 -8.351320 31.604870 )
xyz18=( -13.893930 -8.351320 31.604870 )
xyz18=( -13.893787 -8.350824 31.604986 )
xyz18=( -13.893787 -8.350824 31.604986 )
xyz18=( -13.893644 -8.350328 31.605102 )
xyz18=( -13.893644 -8.350328 31.605102 )
xyz18=( -13.893501 -8.349831 31.605218 )
xyz18=( -13.893501 -8.349831 31.605218 )
xyz18=( -13.893358 -8.349334 31.605334 )
xyz18=( -13.893358 -8.349334 31.605334 )
xyz18=( -13.893215 -8.348837 31.605450 )
xyz18=( -13.893215 -8.348837 31.605450 )
xyz18=( -13.893072 -8.348339 31.605565 )
xyz18=( -13.893072 -8.348339 31.605565 )
xyz18=( -13.892929 -8.347842 31.605680 )
xyz18=( -13.892929 -8.347842 31.605680 )
xyz18=( -13.892786 -8.347344 31.605796 )
xyz18=( -13.892786 -8.347344 31.605796 )
xyz18=( -13.892643 -8.346846 31.605911 )
xyz18=( -13.892643 -8.346846 31.605911 )
xyz18=( -13.892500 -8.346347 31.606025 )
xyz18=( -13.892500 -8.346347 31.606025 )
xyz18=( -13.892357 -8.345848 31.606140 )
xyz18=( -13.892357 -8.345848 31.606140 )
xyz18=( -13.892215 -8.345349 31.606255 )
xyz18=( -13.892215 -8.345349 31.606255 )
xyz18=( -13.892072 -8.344850 31.606369 )
xyz18=( -13.892072 -8.344850 31.606369 )
xyz18=( -13.891929 -8.344351 31.606484 )
xyz18=( -13.891929 -8.344351 31.606484 )
xyz18=( -13.891786 -8.343851 31.606598 )
xyz18=( -13.891786 -8.343851 31.606598 )
xyz18=( -13.891643 -8.343351 31.606712 )
xyz18=( -13.891643 -8.343351 31.606712 )
xyz18=( -13.891500 -8.342851 31.606826 )
xyz18=( -14.067322 -8.805147 31.397226 )
xyz18=( -13.891358 -8.342351 31.606939 )
xyz18=( -14.067521 -8.805544 31.396932 )
xyz18=( -13.891215 -8.341850 31.607053 )
xyz18=( -14.067720 -8.805942 31.396639 )
xyz18=( -14.067918 -8.806340 31.396345 )
xyz18=( -14.070917 -8.812306 31.391902 )
xyz18=( -14.078016 -8.826237 31.381297 )
xyz18=( -14.078632 -8.827431 31.380372 )
xyz18=( -14.083802 -8.837391 31.372565 )
xyz18=( -14.086941 -8.843370 31.367793 )
xyz18=( -14.087152 -8.843768 31.367472 )
xyz18=( -14.087994 -8.845363 31.366188 )
xyz18=( -14.088205 -8.845762 31.365866 )
xyz18=( -14.088416 -8.846161 31.365543 )
xyz18=( -14.088627 -8.846559 31.365221 )
xyz18=( -14.088839 -8.846958 31.364898 )
xyz18=( -14.089050 -8.847357 31.364575 )
xyz18=( -14.093092 -8.854935 31.358377 )
xyz18=( -14.093306 -8.855334 31.358048 )
xyz18=( -14.097181 -8.862517 31.352069 )
xyz18=( -14.097397 -8.862916 31.351734 )
xyz18=( -14.097614 -8.863315 31.351399 )
xyz18=( -14.097831 -8.863714 31.351063 )
xyz18=( -14.098048 -8.864113 31.350727 )
xyz18=( -14.098265 -8.864512 31.350390 )
xyz18=( -14.098482 -8.864911 31.350054 )
xyz18=( -14.098699 -8.865311 31.349717 )
xyz18=( -14.098917 -8.865710 31.349379 )
xyz18=( -14.099135 -8.866109 31.349042 )
xyz18=( -14.099352 -8.866508 31.348704 )
xyz18=( -14.099352 -8.866508 31.348704 )
xyz18=( -14.099570 -8.866907 31.348366 )
xyz18=( -14.099570 -8.866907 31.348366 )
xyz18=( -14.099788 -8.867307 31.348027 )
xyz18=( -14.099788 -8.867307 31.348027 )
xyz18=( -14.100006 -8.867706 31.347688 )
xyz18=( -14.100006 -8.867706 31.347688 )
xyz18=( -14.100225 -8.868105 31.347349 )
xyz18=( -14.100225 -8.868105 31.347349 )
xyz18=( -14.100443 -8.868504 31.347009 )
xyz18=( -14.100662 -8.868904 31.346669 )
xyz18=( -14.111766 -8.888878 31.329259 )
xyz18=( -14.111992 -8.889277 31.328902 )
xyz18=( -14.112218 -8.889677 31.328545 )
xyz18=( -14.112444 -8.890077 31.328188 )
xyz18=( -14.112670 -8.890476 31.327830 )
xyz18=( -14.125807 -8.913272 31.306857 )
xyz18=( -14.126042 -8.913672 31.306478 )
xyz18=( -14.126277 -8.914072 31.306100 )
xyz18=( -14.126512 -8.914472 31.305721 )
xyz18=( -14.126748 -8.914872 31.305341 )
xyz18=( -14.126983 -8.915273 31.304961 )
xyz18=( -14.127219 -8.915673 31.304581 )
xyz18=( -14.127455 -8.916073 31.304200 )
xyz18=( -13.819375 -8.036952 31.640227 )
xyz18=( -13.819246 -8.036267 31.640224 )
xyz18=( -13.819117 -8.035581 31.640221 )
xyz18=( -13.818988 -8.034894 31.640217 )
xyz18=( -13.818859 -8.034207 31.640213 )
xyz18=( -13.818730 -8.033520 31.640209 )
xyz18=( -13.818602 -8.032832 31.640205 )
xyz18=( -13.818473 -8.032143 31.640200 )
xyz18=( -13.818344 -8.031454 31.640195 )
xyz18=( -13.818215 -8.030764 31.640189 )
xyz18=( -13.818087 -8.030074 31.640183 )
xyz18=( -13.817958 -8.029384 31.640177 )
xyz18=( -13.817830 -8.028692 31.640171 )
xyz18=( -13.817701 -8.028001 31.640164 )
xyz18=( -13.817573 -8.027309 31.640156 )
xyz18=( -13.817444 -8.026616 31.640149 )
xyz18=( -13.817316 -8.025922 31.640141 )
xyz18=( -13.817188 -8.025229 31.640133 )
xyz18=( -13.817060 -8.024534 31.640124 )
xyz18=( -13.816931 -8.023839 31.640115 )
xyz18=( -13.816803 -8.023144 31.640106 )
xyz18=( -13.816675 -8.022448 31.640096 )
xyz18=( -13.816547 -8.021751 31.640086 )
xyz18=( -13.816419 -8.021054 31.640075 )
xyz18=( -13.816291 -8.020357 31.640065 )
xyz18=( -13.816163 -8.019658 31.640053 )
xyz18=( -13.816035 -8.018960 31.640042 )
xyz18=( -13.815907 -8.018260 31.640030 )
xyz18=( -13.815780 -8.017561 31.640018 )
xyz18=( -13.815652 -8.016860 31.640005 )
xyz18=( -13.815524 -8.016159 31.639992 )
xyz18=( -13.815397 -8.015458 31.639979 )
xyz18=( -13.815269 -8.014756 31.639965 )
xyz18=( -13.815141 -8.014053 31.639951 )
xyz18=( -13.815014 -8.013350 31.639937 )
xyz18=( -13.814886 -8.012647 31.639922 )
xyz18=( -13.814759 -8.011942 31.639907 )
xyz18=( -13.814632 -8.011238 31.639892 )
xyz18=( -13.814504 -8.010532 31.639876 )
xyz18=( -13.814377 -8.009826 31.639860 )
xyz18=( -13.814250 -8.009120 31.639843 )
xyz18=( -13.814123 -8.008413 31.639826 )
xyz18=( -13.813996 -8.007705 31.639809 )
xyz18=( -13.813869 -8.006997 31.639791 )
xyz18=( -13.813742 -8.006289 31.639773 )
xyz18=( -13.813615 -8.005579 31.639755 )
xyz18=( -13.813488 -8.004870 31.639736 )
xyz18=( -13.813361 -8.004159 31.639717 )
xyz18=( -13.813234 -8.003448 31.639697 )
xyz18=( -13.813107 -8.002737 31.639677 )
xyz18=( -13.812980 -8.002024 31.639657 )
xyz18=( -13.812854 -8.001312 31.639636 )
xyz18=( -13.812727 -8.000599 31.639615 )
xyz18=( -13.812601 -7.999885 31.639594 )
xyz18=( -13.812474 -7.999170 31.639572 )
xyz18=( -13.812348 -7.998455 31.639549 )
xyz18=( -13.812221 -7.997740 31.639527 )
xyz18=( -13.812095 -7.997024 31.639504 )
xyz18=( -13.811969 -7.996307 31.639480 )
xyz18=( -13.811842 -7.995589 31.639457 )
xyz18=( -13.811716 -7.994872 31.639433 )
xyz18=( -13.811590 -7.994153 31.639408 )
xyz18=( -13.811464 -7.993434 31.639383 )
xyz18=( -13.811338 -7.992714 31.639358 )
xyz18=( -13.811212 -7.991994 31.639332 )
xyz18=( -13.811086 -7.991273 31.639306 )
xyz18=( -13.810960 -7.990552 31.639279 )
xyz18=( -13.810834 -7.989830 31.639253 )
xyz18=( -13.810708 -7.989107 31.639225 )
xyz18=( -14.258393 -9.100582 31.075843 )
xyz18=( -14.258743 -9.100980 31.075189 )
xyz18=( -14.259094 -9.101378 31.074535 )
xyz18=( -14.259445 -9.101776 31.073879 )
xyz18=( -14.259796 -9.102174 31.073223 )
xyz18=( -14.260148 -9.102573 31.072565 )
xyz18=( -14.260500 -9.102971 31.071907 )
xyz18=( -14.260853 -9.103369 31.071247 )
xyz18=( -14.261205 -9.103767 31.070587 )
xyz18=( -14.261559 -9.104165 31.069925 )
xyz18=( -14.261913 -9.104563 31.069263 )
xyz18=( -14.262267 -9.104961 31.068599 )
xyz18=( -14.262622 -9.105359 31.067935 )
xyz18=( -14.262977 -9.105757 31.067269 )
xyz18=( -14.263332 -9.106154 31.066603 )
xyz18=( -14.263688 -9.106552 31.065935 )
xyz18=( -14.264044 -9.106950 31.065266 )
xyz18=( -14.264401 -9.107348 31.064597 )
xyz18=( -14.264758 -9.107746 31.063926 )
xyz18=( -14.265116 -9.108144 31.063254 )
xyz18=( -14.265474 -9.108541 31.062582 )
xyz18=( -14.265832 -9.108939 31.061908 )
xyz18=( -14.266191 -9.109337 31.061233 )
xyz18=( -14.266551 -9.109734 31.060557 )
xyz18=( -14.266910 -9.110132 31.059880 )
xyz18=( -14.267271 -9.110530 31.059202 )
xyz18=( -14.267631 -9.110927 31.058523 )
xyz18=( -14.267993 -9.111325 31.057843 )
xyz18=( -14.119918 -8.903156 31.316304 )
xyz18=( -14.119722 -8.902815 31.316619 )
xyz18=( -14.119525 -8.902474 31.316933 )
xyz18=( -14.119328 -8.902133 31.317247 )
xyz18=( -14.119131 -8.901792 31.317561 )
xyz18=( -14.118935 -8.901450 31.317876 )
xyz18=( -14.118738 -8.901108 31.318190 )
xyz18=( -14.118541 -8.900766 31.318504 )
xyz18=( -14.277076 -9.121156 31.040658 )
xyz18=( -14.277288 -9.121381 31.040255 )
xyz18=( -14.277500 -9.121607 31.039852 )
xyz18=( -14.277712 -9.121832 31.039449 )
xyz18=( -14.277925 -9.122058 31.039045 )
xyz18=( -14.278137 -9.122283 31.038642 )
xyz18=( -14.278350 -9.122508 31.038237 )
xyz18=( -14.278562 -9.122733 31.037833 )
xyz18=( -14.278775 -9.122958 31.037429 )
xyz18=( -14.278987 -9.123183 31.037024 )
xyz18=( -14.279200 -9.123408 31.036619 )
xyz18=( -14.279413 -9.123632 31.036214 )
xyz18=( -14.279626 -9.123857 31.035808 )
xyz18=( -14.279839 -9.124081 31.035403 )
xyz18=( -14.280052 -9.124306 31.034997 )
xyz18=( -14.280265 -9.124530 31.034591 )
xyz18=( -14.280478 -9.124754 31.034185 )
xyz18=( -14.280691 -9.124978 31.033778 )
xyz18=( -14.280905 -9.125202 31.033371 )
xyz18=( -14.281118 -9.125426 31.032964 )
xyz18=( -14.281332 -9.125650 31.032557 )
xyz18=( -14.281545 -9.125873 31.032150 )
xyz18=( -14.281759 -9.126097 31.031742 )
xyz18=( -14.281973 -9.126320 31.031334 )
xyz18=( -14.282186 -9.126544 31.030926 )
xyz18=( -14.282400 -9.126767 31.030518 )
xyz18=( -14.282614 -9.126990 31.030109 )
xyz18=( -14.282828 -9.127213 31.029700 )
xyz18=( -14.283043 -9.127436 31.029291 )
xyz18=( -14.283257 -9.127659 31.028882 )
xyz18=( -14.283471 -9.127882 31.028472 )
xyz18=( -14.283685 -9.128105 31.028063 )
xyz18=( -14.283900 -9.128327 31.027653 )
xyz18=( -14.284114 -9.128550 31.027242 )
xyz18=( -14.284329 -9.128772 31.026832 )
xyz18=( -14.284544 -9.128995 31.026421 )
xyz18=( -14.284758 -9.129217 31.026010 )
xyz18=( -14.284973 -9.129439 31.025599 )
xyz18=( -14.285188 -9.129661 31.025188 )
xyz18=( -14.285403 -9.129883 31.024776 )
xyz18=( -14.285618 -9.130104 31.024365 )
xyz18=( -14.285833 -9.130326 31.023953 )
xyz18=( -14.286048 -9.130548 31.023540 )
xyz18=( -14.286264 -9.130769 31.023128 )
xyz18=( -14.286479 -9.130991 31.022715 )
xyz18=( -14.286695 -9.131212 31.022302 )
xyz18=( -14.286910 -9.131433 31.021889 )
xyz18=( -14.287126 -9.131654 31.021475 )
xyz18=( -14.287341 -9.131875 31.021062 )
xyz18=( -14.287557 -9.132096 31.020648 )
xyz18=( -14.287773 -9.132317 31.020234 )
xyz18=( -14.287989 -9.132538 31.019819 )
xyz18=( -14.288205 -9.132758 31.019405 )
xyz18=( -14.288421 -9.132979 31.018990 )
xyz18=( -14.288637 -9.133199 31.018575 )
xyz18=( -14.288853 -9.133419 31.018159 )
xyz18=( -14.289070 -9.133639 31.017744 )
xyz18=( -14.289286 -9.133859 31.017328 )
xyz18=( -14.289503 -9.134079 31.016912 )
xyz18=( -14.289719 -9.134299 31.016496 )
xyz18=( -14.289936 -9.134519 31.016079 )
xyz18=( -14.290152 -9.134739 31.015663 )
xyz18=( -14.290369 -9.134958 31.015246 )
xyz18=( -14.290586 -9.135178 31.014829 )
xyz18=( -14.290803 -9.135397 31.014411 )
xyz18=( -14.291020 -9.135616 31.013993 )
xyz18=( -14.291237 -9.135835 31.013575 )
xyz18=( -14.291454 -9.136054 31.013157 )
xyz18=( -14.291672 -9.136273 31.012739 )
xyz18=( -14.291889 -9.136492 31.012320 )
xyz18=( -14.292106 -9.136711 31.011901 )
xyz18=( -14.100275 -8.868198 31.347270 )
xyz18=( -14.292324 -9.136929 31.011482 )
xyz18=( -14.100075 -8.867831 31.347581 )
xyz18=( -14.292542 -9.137148 31.011063 )
xyz18=( -14.099875 -8.867465 31.347892 )
xyz18=( -14.292759 -9.137366 31.010643 )
xyz18=( -14.099674 -8.867098 31.348204 )
xyz18=( -14.292977 -9.137585 31.010224 )
xyz18=( -14.099474 -8.866732 31.348515 )
xyz18=( -14.293195 -9.137803 31.009804 )
xyz18=( -14.293413 -9.138021 31.009383 )
xyz18=( -14.293631 -9.138239 31.008963 )
xyz18=( -14.293849 -9.138457 31.008542 )
xyz18=( -14.294067 -9.138675 31.008121 )
xyz18=( -14.294067 -9.138675 31.008121 )
xyz18=( -14.294285 -9.138892 31.007700 )
xyz18=( -14.294285 -9.138892 31.007700 )
xyz18=( -14.294504 -9.139110 31.007278 )
xyz18=( -14.294504 -9.139110 31.007278 )
xyz18=( -14.294722 -9.139327 31.006857 )
xyz18=( -14.294722 -9.139327 31.006857 )
xyz18=( -14.294940 -9.139545 31.006435 )
xyz18=( -14.294940 -9.139545 31.006435 )
xyz18=( -14.295159 -9.139762 31.006012 )
xyz18=( -14.295159 -9.139762 31.006012 )
xyz18=( -14.295378 -9.139979 31.005590 )
xyz18=( -14.295378 -9.139979 31.005590 )
xyz18=( -14.295596 -9.140196 31.005167 )
xyz18=( -14.295596 -9.140196 31.005167 )
xyz18=( -14.295815 -9.140413 31.004744 )
xyz18=( -14.295815 -9.140413 31.004744 )
xyz18=( -14.296034 -9.140630 31.004321 )
xyz18=( -14.296034 -9.140630 31.004321 )
xyz18=( -14.296253 -9.140847 31.003898 )
xyz18=( -14.296253 -9.140847 31.003898 )
xyz18=( -14.296472 -9.141063 31.003474 )
xyz18=( -14.296472 -9.141063 31.003474 )
xyz18=( -14.296691 -9.141280 31.003050 )
xyz18=( -14.296691 -9.141280 31.003050 )
xyz18=( -14.296910 -9.141496 31.002626 )
xyz18=( -14.296910 -9.141496 31.002626 )
xyz18=( -14.297130 -9.141712 31.002202 )
xyz18=( -14.297130 -9.141712 31.002202 )
xyz18=( -14.297349 -9.141929 31.001777 )
xyz18=( -14.297349 -9.141929 31.001777 )
xyz18=( -14.297569 -9.142145 31.001352 )
xyz18=( -14.297569 -9.142145 31.001352 )
xyz18=( -14.297788 -9.142361 31.000927 )
xyz18=( -14.297788 -9.142361 31.000927 )
xyz18=( -14.298008 -9.142576 31.000502 )
xyz18=( -14.298008 -9.142576 31.000502 )
xyz18=( -14.298227 -9.142792 31.000076 )
xyz18=( -14.298227 -9.142792 31.000076 )
xyz18=( -14.298447 -9.143008 30.999650 )
xyz18=( -14.298447 -9.143008 30.999650 )
xyz18=( -14.298667 -9.143223 30.999224 )
xyz18=( -14.298667 -9.143223 30.999224 )
xyz18=( -14.298887 -9.143439 30.998798 )
xyz18=( -14.298887 -9.143439 30.998798 )
xyz18=( -14.299107 -9.143654 30.998371 )
xyz18=( -14.299107 -9.143654 30.998371 )
xyz18=( -14.299327 -9.143869 30.997944 )
xyz18=( -14.299327 -9.143869 30.997944 )
xyz18=( -14.299547 -9.144084 30.997517 )
xyz18=( -14.299547 -9.144084 30.997517 )
xyz18=( -14.299768 -9.144299 30.997090 )
xyz18=( -14.299768 -9.144299 30.997090 )
xyz18=( -14.299988 -9.144514 30.996662 )
xyz18=( -14.299988 -9.144514 30.996662 )
xyz18=( -14.300209 -9.144729 30.996234 )
xyz18=( -14.300209 -9.144729 30.996234 )
xyz18=( -14.300429 -9.144944 30.995806 )
xyz18=( -14.300429 -9.144944 30.995806 )
xyz18=( -14.300650 -9.145158 30.995378 )
xyz18=( -14.300650 -9.145158 30.995378 )
xyz18=( -14.300870 -9.145373 30.994949 )
xyz18=( -14.300870 -9.145373 30.994949 )
xyz18=( -14.301091 -9.145587 30.994521 )
xyz18=( -14.301091 -9.145587 30.994521 )
xyz18=( -14.092037 -8.852965 31.359999 )
xyz18=( -14.301312 -9.145801 30.994091 )
xyz18=( -14.301312 -9.145801 30.994091 )
xyz18=( -14.091835 -8.852587 31.360309 )
xyz18=( -14.301533 -9.146016 30.993662 )
xyz18=( -14.301533 -9.146016 30.993662 )
xyz18=( -14.301754 -9.146230 30.993233 )
xyz18=( -14.301754 -9.146230 30.993233 )
xyz18=( -14.301975 -9.146443 30.992803 )
xyz18=( -14.301975 -9.146443 30.992803 )
xyz18=( -14.302196 -9.146657 30.992373 )
xyz18=( -14.302196 -9.146657 30.992373 )
xyz18=( -14.302418 -9.146871 30.991942 )
xyz18=( -14.302418 -9.146871 30.991942 )
xyz18=( -14.302639 -9.147084 30.991512 )
xyz18=( -14.302639 -9.147084 30.991512 )
xyz18=( -14.302860 -9.147298 30.991081 )
xyz18=( -14.302860 -9.147298 30.991081 )
xyz18=( -14.303082 -9.147511 30.990650 )
xyz18=( -14.303082 -9.147511 30.990650 )
xyz18=( -14.303304 -9.147725 30.990219 )
xyz18=( -14.303304 -9.147725 30.990219 )
xyz18=( -14.303525 -9.147938 30.989787 )
xyz18=( -14.303525 -9.147938 30.989787 )
xyz18=( -14.303747 -9.148151 30.989355 )
xyz18=( -14.303747 -9.148151 30.989355 )
xyz18=( -14.303969 -9.148364 30.988923 )
xyz18=( -14.303969 -9.148364 30.988923 )
xyz18=( -14.304191 -9.148576 30.988491 )
xyz18=( -14.304191 -9.148576 30.988491 )
xyz18=( -14.304413 -9.148789 30.988058 )
xyz18=( -14.304413 -9.148789 30.988058 )
xyz18=( -14.304635 -9.149002 30.987626 )
xyz18=( -14.304635 -9.149002 30.987626 )
xyz18=( -14.304857 -9.149214 30.987193 )
xyz18=( -14.304857 -9.149214 30.987193 )
xyz18=( -14.305080 -9.149426 30.986759 )
xyz18=( -14.305080 -9.149426 30.986759 )
xyz18=( -14.305302 -9.149639 30.986326 )
xyz18=( -14.305302 -9.149639 30.986326 )
xyz18=( -14.305524 -9.149851 30.985892 )
xyz18=( -14.305524 -9.149851 30.985892 )
xyz18=( -14.305747 -9.150063 30.985458 )
xyz18=( -14.305747 -9.150063 30.985458 )
xyz18=( -14.305970 -9.150275 30.985023 )
xyz18=( -14.305970 -9.150275 30.985023 )
xyz18=( -14.306192 -9.150487 30.984589 )
xyz18=( -14.306192 -9.150487 30.984589 )
xyz18=( -14.087388 -8.844215 31.367113 )
xyz18=( -14.306415 -9.150698 30.984154 )
xyz18=( -14.087185 -8.843831 31.367422 )
xyz18=( -14.306638 -9.150910 30.983719 )
xyz18=( -14.086982 -8.843447 31.367731 )
xyz18=( -14.306861 -9.151121 30.983284 )
xyz18=( -14.086780 -8.843063 31.368039 )
xyz18=( -14.083735 -8.837263 31.372666 )
xyz18=( -14.076597 -8.823472 31.383428 )
xyz18=( -14.075983 -8.822273 31.384348 )
xyz18=( -14.070851 -8.812175 31.392001 )
xyz18=( -14.067760 -8.806022 31.396579 )
xyz18=( -14.067553 -8.805610 31.396884 )
xyz18=( -14.066727 -8.803956 31.398103 )
xyz18=( -14.066521 -8.803542 31.398408 )
xyz18=( -14.066314 -8.803127 31.398713 )
xyz18=( -14.066107 -8.802712 31.399017 )
xyz18=( -14.065900 -8.802297 31.399322 )
xyz18=( -14.065694 -8.801881 31.399626 )
xyz18=( -14.061757 -8.793925 31.405403 )
xyz18=( -14.061549 -8.793503 31.405706 )
xyz18=( -14.057805 -8.785850 31.411162 )
xyz18=( -14.057596 -8.785422 31.411465 )
xyz18=( -14.057388 -8.784993 31.411767 )
xyz18=( -14.057179 -8.784564 31.412070 )
xyz18=( -14.056971 -8.784135 31.412372 )
xyz18=( -14.056762 -8.783705 31.412675 )
xyz18=( -14.056553 -8.783275 31.412977 )
xyz18=( -14.056345 -8.782845 31.413280 )
xyz18=( -14.056136 -8.782414 31.413582 )
xyz18=( -14.055927 -8.781983 31.413884 )
xyz18=( -14.055718 -8.781552 31.414186 )
xyz18=( -14.055718 -8.781552 31.414186 )
xyz18=( -14.055509 -8.781120 31.414489 )
xyz18=( -14.055509 -8.781120 31.414489 )
xyz18=( -14.055300 -8.780688 31.414791 )
xyz18=( -14.055300 -8.780688 31.414791 )
xyz18=( -14.055091 -8.780256 31.415093 )
xyz18=( -14.055091 -8.780256 31.415093 )
xyz18=( -14.054882 -8.779823 31.415395 )
xyz18=( -14.054882 -8.779823 31.415395 )
xyz18=( -14.054673 -8.779390 31.415697 )
xyz18=( -14.054464 -8.778957 31.415999 )
xyz18=( -14.043953 -8.756843 31.431028 )
xyz18=( -14.043741 -8.756392 31.431328 )
xyz18=( -14.043530 -8.755940 31.431627 )
xyz18=( -14.043318 -8.755488 31.431926 )
xyz18=( -14.043107 -8.755035 31.432225 )
xyz18=( -14.030972 -8.728626 31.449178 )
xyz18=( -14.030758 -8.728152 31.449473 )
xyz18=( -14.030543 -8.727677 31.449769 )
xyz18=( -14.030329 -8.727202 31.450065 )
xyz18=( -14.030115 -8.726726 31.450360 )
xyz18=( -14.029900 -8.726250 31.450656 )
xyz18=( -14.029686 -8.725774 31.450951 )
xyz18=( -14.029471 -8.725297 31.451246 )
xyz18=( -14.438134 -9.241688 30.711642 )
xyz18=( -14.438419 -9.241809 30.711017 )
xyz18=( -14.438705 -9.241931 30.710392 )
xyz18=( -14.438991 -9.242051 30.709766 )
xyz18=( -14.439277 -9.242172 30.709140 )
xyz18=( -14.439563 -9.242292 30.708513 )
xyz18=( -14.439849 -9.242413 30.707885 )
xyz18=( -14.440135 -9.242532 30.707258 )
xyz18=( -14.440422 -9.242652 30.706629 )
xyz18=( -14.440709 -9.242771 30.706000 )
xyz18=( -14.440996 -9.242890 30.705371 )
xyz18=( -14.441283 -9.243009 30.704740 )
xyz18=( -14.441570 -9.243128 30.704110 )
xyz18=( -14.441858 -9.243246 30.703479 )
xyz18=( -14.442146 -9.243364 30.702847 )
xyz18=( -14.442433 -9.243481 30.702215 )
xyz18=( -14.442721 -9.243599 30.701582 )
xyz18=( -14.443010 -9.243716 30.700948 )
xyz18=( -14.443298 -9.243833 30.700314 )
xyz18=( -14.443587 -9.243949 30.699680 )
xyz18=( -14.443875 -9.244066 30.699045 )
xyz18=( -14.444164 -9.244182 30.698409 )
xyz18=( -14.444454 -9.244297 30.697773 )
xyz18=( -14.444743 -9.244413 30.697136 )
xyz18=( -14.445032 -9.244528 30.696499 )
xyz18=( -14.445322 -9.244643 30.695861 )
xyz18=( -14.445612 -9.244757 30.695223 )
xyz18=( -14.445902 -9.244872 30.694584 )
xyz18=( -14.446192 -9.244986 30.693945 )
xyz18=( -14.446482 -9.245100 30.693304 )
xyz18=( -14.446773 -9.245213 30.692664 )
xyz18=( -14.447064 -9.245326 30.692023 )
xyz18=( -14.447355 -9.245439 30.691381 )
xyz18=( -14.447646 -9.245552 30.690739 )
xyz18=( -14.447937 -9.245664 30.690096 )
xyz18=( -14.448229 -9.245776 30.689452 )
xyz18=( -14.448520 -9.245888 30.688808 )
xyz18=( -14.448812 -9.245999 30.688163 )
xyz18=( -14.449104 -9.246111 30.687518 )
xyz18=( -14.449397 -9.246222 30.686872 )
xyz18=( -14.449689 -9.246332 30.686226 )
xyz18=( -14.449982 -9.246442 30.685579 )
xyz18=( -14.450274 -9.246552 30.684932 )
xyz18=( -14.450567 -9.246662 30.684284 )
xyz18=( -14.450861 -9.246772 30.683635 )
xyz18=( -14.451154 -9.246881 30.682986 )
xyz18=( -14.451448 -9.246990 30.682336 )
xyz18=( -14.451741 -9.247098 30.681685 )
xyz18=( -14.452035 -9.247206 30.681034 )
xyz18=( -14.452329 -9.247314 30.680383 )
xyz18=( -14.452624 -9.247422 30.679731 )
xyz18=( -14.452918 -9.247529 30.679078 )
xyz18=( -14.453213 -9.247637 30.678424 )
xyz18=( -14.453508 -9.247743 30.677770 )
xyz18=( -14.453803 -9.247850 30.677116 )
xyz18=( -14.454098 -9.247956 30.676461 )
xyz18=( -14.454394 -9.248062 30.675805 )
xyz18=( -14.454689 -9.248167 30.675149 )
xyz18=( -14.454985 -9.248273 30.674492 )
xyz18=( -14.455281 -9.248378 30.673834 )
xyz18=( -14.455578 -9.248482 30.673176 )
xyz18=( -14.455874 -9.248587 30.672517 )
xyz18=( -14.456171 -9.248691 30.671858 )
xyz18=( -14.456468 -9.248794 30.671198 )
xyz18=( -14.456765 -9.248898 30.670537 )
xyz18=( -14.457062 -9.249001 30.669876 )
xyz18=( -14.457359 -9.249104 30.669214 )
xyz18=( -14.457657 -9.249206 30.668552 )
xyz18=( -14.457955 -9.249308 30.667889 )
xyz18=( -13.923898 -8.449313 31.577827 )
xyz18=( -13.923650 -8.448546 31.578071 )
xyz18=( -13.923402 -8.447779 31.578315 )
xyz18=( -13.923154 -8.447011 31.578559 )
xyz18=( -13.922905 -8.446241 31.578802 )
xyz18=( -13.922657 -8.445471 31.579045 )
xyz18=( -13.922408 -8.444699 31.579288 )
xyz18=( -13.922159 -8.443927 31.579531 )
xyz18=( -13.921911 -8.443153 31.579774 )
xyz18=( -13.921662 -8.442379 31.580016 )
xyz18=( -13.921413 -8.441603 31.580258 )
xyz18=( -13.921164 -8.440826 31.580500 )
xyz18=( -13.920914 -8.440048 31.580742 )
xyz18=( -13.920665 -8.439269 31.580984 )
xyz18=( -13.920415 -8.438489 31.581225 )
xyz18=( -13.920166 -8.437708 31.581466 )
xyz18=( -13.919916 -8.436926 31.581707 )
xyz18=( -13.919666 -8.436142 31.581948 )
xyz18=( -13.919416 -8.435358 31.582188 )
xyz18=( -13.919166 -8.434573 31.582429 )
xyz18=( -13.918916 -8.433786 31.582669 )
xyz18=( -13.918665 -8.432998 31.582909 )
xyz18=( -13.918415 -8.432209 31.583148 )
xyz18=( -13.918164 -8.431419 31.583388 )
xyz18=( -13.917914 -8.430628 31.583627 )
xyz18=( -13.917663 -8.429836 31.583866 )
xyz18=( -13.917412 -8.429043 31.584105 )
xyz18=( -13.917161 -8.428249 31.584344 )
