order:    [ 1 19 20 0 37 36 35 34 33 32 31 30 29 28 27 26 24 23 22 25 21 18 10 11 17 16 15 14 13 12 9 2 8 7 6 5 4 3 ]
atoms:    [ CA CA C N C CA N C CA N C CA N C CA N C CA N H HA N CA C C CA N C CA N N C C CA N C CA N ]
residues: [ 0 6 6 0 11 11 11 10 10 10 9 9 9 8 8 8 7 7 7 7 6 6 3 3 5 5 5 4 4 4 3 0 2 2 2 1 1 1 ]

We use a different pair of symbles to represent the bits values which are associated with the HA and H of the discretized distance, and another one to represent the bits of other hydrogens.
For the HA and H from the discretized distance:
	"+" means 0
	"-" means 1
For any other hydrogens:
	">" means 0
	"<" means 1

d_25_21=3.571382116768 s=[ 0 0 0 0 0 0 0 0 1 1 0 1 1 0 1 0 1 1 1 + - 0 0 1 0 1 1 0 1 1 0 1 1 1 1 0 1 1 ] xyz18=( -16.686678, 13.706190, -6.588672 )

d_25_21=3.573402318788 s=[ 0 0 0 0 0 0 0 0 1 1 0 1 1 0 1 0 1 1 1 + - 0 0 1 0 1 1 0 1 1 0 1 1 1 1 0 1 1 ] xyz18=( -16.678698, 13.703802, -6.583255 )

d_25_21=3.601685147071 s=[ 0 0 0 0 0 0 0 0 1 1 0 1 1 0 1 0 1 1 1 + - 0 1 0 1 0 0 1 0 0 1 1 1 1 1 0 1 1 ] xyz18=( -16.556311, 13.658160, -6.492759 )

d_25_21=3.636028581414 s=[ 0 0 0 0 0 0 0 0 1 1 0 1 1 0 1 0 1 1 1 + - 0 0 1 0 1 1 0 1 1 1 1 1 1 1 0 1 1 ] xyz18=( -16.333412, 13.515880, -6.279257 )

d_25_21=3.571382116768 s=[ 0 0 0 0 0 0 0 0 1 1 0 1 1 0 1 0 1 1 1 - - 0 0 1 0 1 1 0 1 1 0 1 1 1 1 0 1 1 ] xyz18=( -16.685345, 13.705796, -6.587770 )

d_25_21=3.573402318788 s=[ 0 0 0 0 0 0 0 0 1 1 0 1 1 0 1 0 1 1 1 - - 0 0 1 0 1 1 0 1 1 0 1 1 1 1 0 1 1 ] xyz18=( -16.677370, 13.703398, -6.582348 )

d_25_21=3.601685147071 s=[ 0 0 0 0 0 0 0 0 1 1 0 1 1 0 1 0 1 1 1 - - 0 1 0 1 0 0 1 0 0 1 1 1 1 1 0 1 1 ] xyz18=( -16.555082, 13.657608, -6.491773 )

d_25_21=3.636028581414 s=[ 0 0 0 0 0 0 0 0 1 1 0 1 1 0 1 0 1 1 1 - - 0 0 1 0 1 1 0 1 1 1 1 1 1 1 0 1 1 ] xyz18=( -16.332406, 13.514988, -6.278088 )

d_25_21=3.571382116768 s=[ 0 0 0 1 1 1 1 1 0 0 1 0 0 1 0 1 0 0 0 + + 1 1 0 1 0 0 1 0 0 1 0 0 0 0 1 0 0 ] xyz18=( -16.574853, 12.014567, -5.148101 )

d_25_21=3.573402318788 s=[ 0 0 0 1 1 1 1 1 0 0 1 0 0 1 0 1 0 0 0 + + 1 1 0 1 0 0 1 0 0 1 0 0 0 0 1 0 0 ] xyz18=( -16.567448, 12.020885, -5.150098 )

d_25_21=3.601685147071 s=[ 0 0 0 1 1 1 1 1 0 0 1 0 0 1 0 1 0 0 0 + + 1 0 1 0 1 1 0 1 1 0 0 0 0 0 1 0 0 ] xyz18=( -16.455051, 12.126500, -5.188407 )

d_25_21=3.636028581414 s=[ 0 0 0 1 1 1 1 1 0 0 1 0 0 1 0 1 0 0 0 + + 1 1 0 1 0 0 1 0 0 0 0 0 0 0 1 0 0 ] xyz18=( -16.258001, 12.376115, -5.308615 )

d_25_21=3.571382116768 s=[ 0 0 0 1 1 1 1 1 0 0 1 0 0 1 0 1 0 0 0 - + 1 1 0 1 0 0 1 0 0 1 0 0 0 0 1 0 0 ] xyz18=( -16.576092, 12.013517, -5.147772 )

d_25_21=3.573402318788 s=[ 0 0 0 1 1 1 1 1 0 0 1 0 0 1 0 1 0 0 0 - + 1 1 0 1 0 0 1 0 0 1 0 0 0 0 1 0 0 ] xyz18=( -16.568681, 12.019829, -5.149761 )

d_25_21=3.601685147071 s=[ 0 0 0 1 1 1 1 1 0 0 1 0 0 1 0 1 0 0 0 - + 1 0 1 0 1 1 0 1 1 0 0 0 0 0 1 0 0 ] xyz18=( -16.456169, 12.125349, -5.187943 )

d_25_21=3.636028581414 s=[ 0 0 0 1 1 1 1 1 0 0 1 0 0 1 0 1 0 0 0 - + 1 1 0 1 0 0 1 0 0 0 0 0 0 0 1 0 0 ] xyz18=( -16.258859, 12.374747, -5.307861 )

