order:    [ 1 19 20 0 37 36 35 34 33 32 31 30 29 28 27 26 24 23 22 25 21 18 10 11 17 16 15 14 13 12 9 2 8 7 6 5 4 3 ]
atoms:    [ CA CA C N C CA N C CA N C CA N C CA N C CA N H HA N CA C C CA N C CA N N C C CA N C CA N ]
residues: [ 0 6 6 0 11 11 11 10 10 10 9 9 9 8 8 8 7 7 7 7 6 6 3 3 5 5 5 4 4 4 3 0 2 2 2 1 1 1 ]

d_25_21=3.571382116768 eijMax=1.210E-03 rmsd=8.310E-02 s=[ 0 0 0 0 0 0 0 0 1 1 0 1 1 0 1 0 1 1 1 0 1 0 0 1 0 1 1 0 1 1 0 1 1 1 1 0 1 1 ]
d_25_21=3.573402318788 eijMax=2.667E-03 rmsd=4.394E-01 s=[ 0 0 0 0 0 0 0 0 1 1 0 1 1 0 1 0 1 1 1 0 1 0 0 1 0 1 1 0 1 1 0 1 1 1 1 0 1 1 ]
d_25_21=3.601685147071 eijMax=8.503E-03 rmsd=6.028E+00 s=[ 0 0 0 0 0 0 0 0 1 1 0 1 1 0 1 0 1 1 1 0 1 0 1 0 1 0 0 1 0 0 1 1 1 1 1 0 1 1 ]
d_25_21=3.636028581414 eijMax=1.676E-03 rmsd=8.378E+00 s=[ 0 0 0 0 0 0 0 0 1 1 0 1 1 0 1 0 1 1 1 0 1 0 0 1 0 1 1 0 1 1 1 1 1 1 1 0 1 1 ]
d_25_21=3.571382116768 eijMax=2.412E-04 rmsd=2.221E-02 s=[ 0 0 0 0 0 0 0 0 1 1 0 1 1 0 1 0 1 1 1 1 1 0 0 1 0 1 1 0 1 1 0 1 1 1 1 0 1 1 ]
d_25_21=3.573402318788 eijMax=4.383E-03 rmsd=5.085E-01 s=[ 0 0 0 0 0 0 0 0 1 1 0 1 1 0 1 0 1 1 1 1 1 0 0 1 0 1 1 0 1 1 0 1 1 1 1 0 1 1 ]
d_25_21=3.601685147071 eijMax=5.694E-03 rmsd=6.034E+00 s=[ 0 0 0 0 0 0 0 0 1 1 0 1 1 0 1 0 1 1 1 1 1 0 1 0 1 0 0 1 0 0 1 1 1 1 1 0 1 1 ]
d_25_21=3.636028581414 eijMax=8.156E-03 rmsd=8.385E+00 s=[ 0 0 0 0 0 0 0 0 1 1 0 1 1 0 1 0 1 1 1 1 1 0 0 1 0 1 1 0 1 1 1 1 1 1 1 0 1 1 ]
d_25_21=3.571382116768 eijMax=2.412E-04 rmsd=2.221E-02 s=[ 0 0 0 1 1 1 1 1 0 0 1 0 0 1 0 1 0 0 0 0 0 1 1 0 1 0 0 1 0 0 1 0 0 0 0 1 0 0 ]
d_25_21=3.573402318788 eijMax=4.383E-03 rmsd=5.085E-01 s=[ 0 0 0 1 1 1 1 1 0 0 1 0 0 1 0 1 0 0 0 0 0 1 1 0 1 0 0 1 0 0 1 0 0 0 0 1 0 0 ]
d_25_21=3.601685147071 eijMax=5.694E-03 rmsd=6.034E+00 s=[ 0 0 0 1 1 1 1 1 0 0 1 0 0 1 0 1 0 0 0 0 0 1 0 1 0 1 1 0 1 1 0 0 0 0 0 1 0 0 ]
d_25_21=3.636028581414 eijMax=8.156E-03 rmsd=8.385E+00 s=[ 0 0 0 1 1 1 1 1 0 0 1 0 0 1 0 1 0 0 0 0 0 1 1 0 1 0 0 1 0 0 0 0 0 0 0 1 0 0 ]
d_25_21=3.571382116768 eijMax=1.210E-03 rmsd=8.310E-02 s=[ 0 0 0 1 1 1 1 1 0 0 1 0 0 1 0 1 0 0 0 1 0 1 1 0 1 0 0 1 0 0 1 0 0 0 0 1 0 0 ]
d_25_21=3.573402318788 eijMax=2.667E-03 rmsd=4.394E-01 s=[ 0 0 0 1 1 1 1 1 0 0 1 0 0 1 0 1 0 0 0 1 0 1 1 0 1 0 0 1 0 0 1 0 0 0 0 1 0 0 ]
d_25_21=3.601685147071 eijMax=8.503E-03 rmsd=6.028E+00 s=[ 0 0 0 1 1 1 1 1 0 0 1 0 0 1 0 1 0 0 0 1 0 1 0 1 0 1 1 0 1 1 0 0 0 0 0 1 0 0 ]
d_25_21=3.636028581414 eijMax=1.676E-03 rmsd=8.378E+00 s=[ 0 0 0 1 1 1 1 1 0 0 1 0 0 1 0 1 0 0 0 1 0 1 1 0 1 0 0 1 0 0 0 0 0 0 0 1 0 0 ]
num ..... 100
nnodes .. 38
nedges .. 271
nsols ... 16
nnonhsols 16
tsecs ... 1.937674
