order:    [ 1 19 20 0 37 36 35 34 33 32 31 30 29 28 27 26 24 23 22 25 21 18 10 11 17 16 15 14 13 12 9 2 8 7 6 5 4 3 ]
atoms:    [ CA CA C N C CA N C CA N C CA N C CA N C CA N H HA N CA C C CA N C CA N N C C CA N C CA N ]
residues: [ 0 6 6 0 11 11 11 10 10 10 9 9 9 8 8 8 7 7 7 7 6 6 3 3 5 5 5 4 4 4 3 0 2 2 2 1 1 1 ]

We use a different pair of symbles to represent the bits values which are associated with the HA and H of the discretized distance, and another one to represent the bits of other hydrogens.
For the HA and H from the discretized distance:
	"+" means 0
	"-" means 1
For any other hydrogens:
	">" means 0
	"<" means 1

d_25_21=3.569889715275 s=[ 0 0 0 0 0 0 0 0 1 1 0 1 1 0 1 0 1 1 1 + - 0 1 0 1 0 0 1 0 0 1 0 0 0 0 1 0 0 ]

d_25_21=3.570089915475 s=[ 0 0 0 0 0 0 0 0 1 1 0 1 1 0 1 0 1 1 1 + - 0 1 0 1 0 0 1 0 0 1 0 0 0 0 1 0 0 ]

d_25_21=3.570690516076 s=[ 0 0 0 0 0 0 0 0 1 1 0 1 1 0 1 0 1 1 1 + - 0 0 1 0 1 1 0 1 1 0 1 1 1 1 0 1 1 ]

d_25_21=3.570890716276 s=[ 0 0 0 0 0 0 0 0 1 1 0 1 1 0 1 0 1 1 1 + - 0 0 1 0 1 1 0 1 1 0 1 1 1 1 0 1 1 ]

d_25_21=3.571090916476 s=[ 0 0 0 0 0 0 0 0 1 1 0 1 1 0 1 0 1 1 1 + - 0 0 1 0 1 1 0 1 1 0 1 1 1 1 0 1 1 ]

d_25_21=3.571291116677 s=[ 0 0 0 0 0 0 0 0 1 1 0 1 1 0 1 0 1 1 1 + - 0 0 1 0 1 1 0 1 1 0 1 1 1 1 0 1 1 ]

d_25_21=3.571491316877 s=[ 0 0 0 0 0 0 0 0 1 1 0 1 1 0 1 0 1 1 1 + - 0 0 1 0 1 1 0 1 1 0 1 1 1 1 0 1 1 ]

d_25_21=3.571691517077 s=[ 0 0 0 0 0 0 0 0 1 1 0 1 1 0 1 0 1 1 1 + - 0 0 1 0 1 1 0 1 1 0 1 1 1 1 0 1 1 ]

d_25_21=3.571891717277 s=[ 0 0 0 0 0 0 0 0 1 1 0 1 1 0 1 0 1 1 1 + - 0 0 1 0 1 1 0 1 1 0 1 1 1 1 0 1 1 ]

d_25_21=3.572091917477 s=[ 0 0 0 0 0 0 0 0 1 1 0 1 1 0 1 0 1 1 1 + - 0 0 1 0 1 1 0 1 1 0 1 1 1 1 0 1 1 ]

d_25_21=3.572292117678 s=[ 0 0 0 0 0 0 0 0 1 1 0 1 1 0 1 0 1 1 1 + - 0 0 1 0 1 1 0 1 1 0 1 1 1 1 0 1 1 ]

d_25_21=3.572492317878 s=[ 0 0 0 0 0 0 0 0 1 1 0 1 1 0 1 0 1 1 1 + - 0 0 1 0 1 1 0 1 1 0 1 1 1 1 0 1 1 ]

d_25_21=3.572692518078 s=[ 0 0 0 0 0 0 0 0 1 1 0 1 1 0 1 0 1 1 1 + - 0 0 1 0 1 1 0 1 1 0 1 1 1 1 0 1 1 ]

d_25_21=3.572892718278 s=[ 0 0 0 0 0 0 0 0 1 1 0 1 1 0 1 0 1 1 1 + - 0 0 1 0 1 1 0 1 1 0 1 1 1 1 0 1 1 ]

d_25_21=3.573092918478 s=[ 0 0 0 0 0 0 0 0 1 1 0 1 1 0 1 0 1 1 1 + - 0 0 1 0 1 1 0 1 1 0 1 1 1 1 0 1 1 ]

d_25_21=3.573293118679 s=[ 0 0 0 0 0 0 0 0 1 1 0 1 1 0 1 0 1 1 1 + - 0 0 1 0 1 1 0 1 1 0 1 1 1 1 0 1 1 ]

d_25_21=3.573493318879 s=[ 0 0 0 0 0 0 0 0 1 1 0 1 1 0 1 0 1 1 1 + - 0 0 1 0 1 1 0 1 1 0 1 1 1 1 0 1 1 ]

d_25_21=3.573693519079 s=[ 0 0 0 0 0 0 0 0 1 1 0 1 1 0 1 0 1 1 1 + - 0 0 1 0 1 1 0 1 1 0 1 1 1 1 0 1 1 ]

d_25_21=3.573893719279 s=[ 0 0 0 0 0 0 0 0 1 1 0 1 1 0 1 0 1 1 1 + - 0 0 1 0 1 1 0 1 1 0 1 1 1 1 0 1 1 ]

d_25_21=3.574093919479 s=[ 0 0 0 0 0 0 0 0 1 1 0 1 1 0 1 0 1 1 1 + - 0 0 1 0 1 1 0 1 1 0 1 1 1 1 0 1 1 ]

d_25_21=3.574294119680 s=[ 0 0 0 0 0 0 0 0 1 1 0 1 1 0 1 0 1 1 1 + - 0 0 1 0 1 1 0 1 1 0 1 1 1 1 0 1 1 ]

d_25_21=3.574494319880 s=[ 0 0 0 0 0 0 0 0 1 1 0 1 1 0 1 0 1 1 1 + - 0 0 1 0 1 1 0 1 1 0 1 1 1 1 0 1 1 ]

d_25_21=3.601721547107 s=[ 0 0 0 0 0 0 0 0 1 1 0 1 1 0 1 0 1 1 1 + - 0 1 0 1 0 0 1 0 0 1 1 1 1 1 0 1 1 ]

d_25_21=3.601921747307 s=[ 0 0 0 0 0 0 0 0 1 1 0 1 1 0 1 0 1 1 1 + - 0 1 0 1 0 0 1 0 0 1 1 1 1 1 0 1 1 ]

d_25_21=3.602121947508 s=[ 0 0 0 0 0 0 0 0 1 1 0 1 1 0 1 0 1 1 1 + - 0 1 0 1 0 0 1 0 0 1 1 1 1 1 0 1 1 ]

d_25_21=3.602322147708 s=[ 0 0 0 0 0 0 0 0 1 1 0 1 1 0 1 0 1 1 1 + - 0 1 0 1 0 0 1 0 0 1 1 1 1 1 0 1 1 ]

d_25_21=3.602522347908 s=[ 0 0 0 0 0 0 0 0 1 1 0 1 1 0 1 0 1 1 1 + - 0 1 0 1 0 0 1 0 0 1 1 1 1 1 0 1 1 ]

d_25_21=3.602722548108 s=[ 0 0 0 0 0 0 0 0 1 1 0 1 1 0 1 0 1 1 1 + - 0 1 0 1 0 0 1 0 0 1 1 1 1 1 0 1 1 ]

d_25_21=3.602922748308 s=[ 0 0 0 0 0 0 0 0 1 1 0 1 1 0 1 0 1 1 1 + - 0 1 0 1 0 0 1 0 0 1 1 1 1 1 0 1 1 ]

d_25_21=3.603122948509 s=[ 0 0 0 0 0 0 0 0 1 1 0 1 1 0 1 0 1 1 1 + - 0 1 0 1 0 0 1 0 0 1 1 1 1 1 0 1 1 ]

d_25_21=3.603323148709 s=[ 0 0 0 0 0 0 0 0 1 1 0 1 1 0 1 0 1 1 1 + - 0 1 0 1 0 0 1 0 0 1 1 1 1 1 0 1 1 ]

d_25_21=3.635955781341 s=[ 0 0 0 0 0 0 0 0 1 1 0 1 1 0 1 0 1 1 1 + - 0 0 1 0 1 1 0 1 1 1 1 1 1 1 0 1 1 ]

d_25_21=3.638358183744 s=[ 0 0 0 0 0 0 0 0 1 1 0 1 1 0 1 0 1 1 1 + - 0 0 1 0 1 1 0 1 1 0 0 0 0 0 1 0 0 ]

d_25_21=3.638558383944 s=[ 0 0 0 0 0 0 0 0 1 1 0 1 1 0 1 0 1 1 1 + - 0 0 1 0 1 1 0 1 1 0 0 0 0 0 1 0 0 ]

d_25_21=3.638758584144 s=[ 0 0 0 0 0 0 0 0 1 1 0 1 1 0 1 0 1 1 1 + - 0 0 1 0 1 1 0 1 1 0 0 0 0 0 1 0 0 ]

d_25_21=3.638958784344 s=[ 0 0 0 0 0 0 0 0 1 1 0 1 1 0 1 0 1 1 1 + - 0 0 1 0 1 1 0 1 1 0 0 0 0 0 1 0 0 ]

d_25_21=3.639158984545 s=[ 0 0 0 0 0 0 0 0 1 1 0 1 1 0 1 0 1 1 1 + - 0 0 1 0 1 1 0 1 1 0 0 0 0 0 1 0 0 ]

d_25_21=3.639359184745 s=[ 0 0 0 0 0 0 0 0 1 1 0 1 1 0 1 0 1 1 1 + - 0 0 0 1 0 0 1 0 0 1 1 1 1 1 0 1 1 ]

d_25_21=3.639359184745 s=[ 0 0 0 0 0 0 0 0 1 1 0 1 1 0 1 0 1 1 1 + - 0 0 1 0 1 1 0 1 1 0 0 0 0 0 1 0 0 ]

d_25_21=3.569689515075 s=[ 0 0 0 0 0 0 0 0 1 1 0 1 1 0 1 0 1 1 1 - - 0 1 0 1 0 0 1 0 0 1 0 0 0 0 1 0 0 ]

d_25_21=3.570290115676 s=[ 0 0 0 0 0 0 0 0 1 1 0 1 1 0 1 0 1 1 1 - - 0 0 1 0 1 1 0 1 1 0 1 1 1 1 0 1 1 ]

d_25_21=3.570490315876 s=[ 0 0 0 0 0 0 0 0 1 1 0 1 1 0 1 0 1 1 1 - - 0 0 1 0 1 1 0 1 1 0 1 1 1 1 0 1 1 ]

d_25_21=3.570690516076 s=[ 0 0 0 0 0 0 0 0 1 1 0 1 1 0 1 0 1 1 1 - - 0 0 1 0 1 1 0 1 1 0 1 1 1 1 0 1 1 ]

d_25_21=3.570890716276 s=[ 0 0 0 0 0 0 0 0 1 1 0 1 1 0 1 0 1 1 1 - - 0 0 1 0 1 1 0 1 1 0 1 1 1 1 0 1 1 ]

d_25_21=3.571090916476 s=[ 0 0 0 0 0 0 0 0 1 1 0 1 1 0 1 0 1 1 1 - - 0 0 1 0 1 1 0 1 1 0 1 1 1 1 0 1 1 ]

d_25_21=3.571291116677 s=[ 0 0 0 0 0 0 0 0 1 1 0 1 1 0 1 0 1 1 1 - - 0 0 1 0 1 1 0 1 1 0 1 1 1 1 0 1 1 ]

d_25_21=3.571491316877 s=[ 0 0 0 0 0 0 0 0 1 1 0 1 1 0 1 0 1 1 1 - - 0 0 1 0 1 1 0 1 1 0 1 1 1 1 0 1 1 ]

d_25_21=3.571691517077 s=[ 0 0 0 0 0 0 0 0 1 1 0 1 1 0 1 0 1 1 1 - - 0 0 1 0 1 1 0 1 1 0 1 1 1 1 0 1 1 ]

d_25_21=3.571891717277 s=[ 0 0 0 0 0 0 0 0 1 1 0 1 1 0 1 0 1 1 1 - - 0 0 1 0 1 1 0 1 1 0 1 1 1 1 0 1 1 ]

d_25_21=3.572091917477 s=[ 0 0 0 0 0 0 0 0 1 1 0 1 1 0 1 0 1 1 1 - - 0 0 1 0 1 1 0 1 1 0 1 1 1 1 0 1 1 ]

d_25_21=3.572292117678 s=[ 0 0 0 0 0 0 0 0 1 1 0 1 1 0 1 0 1 1 1 - - 0 0 1 0 1 1 0 1 1 0 1 1 1 1 0 1 1 ]

d_25_21=3.572492317878 s=[ 0 0 0 0 0 0 0 0 1 1 0 1 1 0 1 0 1 1 1 - - 0 0 1 0 1 1 0 1 1 0 1 1 1 1 0 1 1 ]

d_25_21=3.572692518078 s=[ 0 0 0 0 0 0 0 0 1 1 0 1 1 0 1 0 1 1 1 - - 0 0 1 0 1 1 0 1 1 0 1 1 1 1 0 1 1 ]

d_25_21=3.572892718278 s=[ 0 0 0 0 0 0 0 0 1 1 0 1 1 0 1 0 1 1 1 - - 0 0 1 0 1 1 0 1 1 0 1 1 1 1 0 1 1 ]

d_25_21=3.573092918478 s=[ 0 0 0 0 0 0 0 0 1 1 0 1 1 0 1 0 1 1 1 - - 0 0 1 0 1 1 0 1 1 0 1 1 1 1 0 1 1 ]

d_25_21=3.573293118679 s=[ 0 0 0 0 0 0 0 0 1 1 0 1 1 0 1 0 1 1 1 - - 0 0 1 0 1 1 0 1 1 0 1 1 1 1 0 1 1 ]

d_25_21=3.573493318879 s=[ 0 0 0 0 0 0 0 0 1 1 0 1 1 0 1 0 1 1 1 - - 0 0 1 0 1 1 0 1 1 0 1 1 1 1 0 1 1 ]

d_25_21=3.573693519079 s=[ 0 0 0 0 0 0 0 0 1 1 0 1 1 0 1 0 1 1 1 - - 0 0 1 0 1 1 0 1 1 0 1 1 1 1 0 1 1 ]

d_25_21=3.573893719279 s=[ 0 0 0 0 0 0 0 0 1 1 0 1 1 0 1 0 1 1 1 - - 0 0 1 0 1 1 0 1 1 0 1 1 1 1 0 1 1 ]

d_25_21=3.574093919479 s=[ 0 0 0 0 0 0 0 0 1 1 0 1 1 0 1 0 1 1 1 - - 0 0 1 0 1 1 0 1 1 0 1 1 1 1 0 1 1 ]

d_25_21=3.574294119680 s=[ 0 0 0 0 0 0 0 0 1 1 0 1 1 0 1 0 1 1 1 - - 0 0 1 0 1 1 0 1 1 0 1 1 1 1 0 1 1 ]

d_25_21=3.601321146707 s=[ 0 0 0 0 0 0 0 0 1 1 0 1 1 0 1 0 1 1 1 - - 0 1 0 1 0 0 1 0 0 1 1 1 1 1 0 1 1 ]

d_25_21=3.601521346907 s=[ 0 0 0 0 0 0 0 0 1 1 0 1 1 0 1 0 1 1 1 - - 0 1 0 1 0 0 1 0 0 1 1 1 1 1 0 1 1 ]

d_25_21=3.601721547107 s=[ 0 0 0 0 0 0 0 0 1 1 0 1 1 0 1 0 1 1 1 - - 0 1 0 1 0 0 1 0 0 1 1 1 1 1 0 1 1 ]

d_25_21=3.601921747307 s=[ 0 0 0 0 0 0 0 0 1 1 0 1 1 0 1 0 1 1 1 - - 0 1 0 1 0 0 1 0 0 1 1 1 1 1 0 1 1 ]

d_25_21=3.602121947508 s=[ 0 0 0 0 0 0 0 0 1 1 0 1 1 0 1 0 1 1 1 - - 0 1 0 1 0 0 1 0 0 1 1 1 1 1 0 1 1 ]

d_25_21=3.602322147708 s=[ 0 0 0 0 0 0 0 0 1 1 0 1 1 0 1 0 1 1 1 - - 0 1 0 1 0 0 1 0 0 1 1 1 1 1 0 1 1 ]

d_25_21=3.602522347908 s=[ 0 0 0 0 0 0 0 0 1 1 0 1 1 0 1 0 1 1 1 - - 0 1 0 1 0 0 1 0 0 1 1 1 1 1 0 1 1 ]

d_25_21=3.602722548108 s=[ 0 0 0 0 0 0 0 0 1 1 0 1 1 0 1 0 1 1 1 - - 0 1 0 1 0 0 1 0 0 1 1 1 1 1 0 1 1 ]

d_25_21=3.602922748308 s=[ 0 0 0 0 0 0 0 0 1 1 0 1 1 0 1 0 1 1 1 - - 0 1 0 1 0 0 1 0 0 1 1 1 1 1 0 1 1 ]

d_25_21=3.603122948509 s=[ 0 0 0 0 0 0 0 0 1 1 0 1 1 0 1 0 1 1 1 - - 0 1 0 1 0 0 1 0 0 1 1 1 1 1 0 1 1 ]

d_25_21=3.635955781341 s=[ 0 0 0 0 0 0 0 0 1 1 0 1 1 0 1 0 1 1 1 - - 0 0 1 0 1 1 0 1 1 1 1 1 1 1 0 1 1 ]

d_25_21=3.638157983544 s=[ 0 0 0 0 0 0 0 0 1 1 0 1 1 0 1 0 1 1 1 - - 0 0 1 0 1 1 0 1 1 0 0 0 0 0 1 0 0 ]

d_25_21=3.638358183744 s=[ 0 0 0 0 0 0 0 0 1 1 0 1 1 0 1 0 1 1 1 - - 0 0 1 0 1 1 0 1 1 0 0 0 0 0 1 0 0 ]

d_25_21=3.638558383944 s=[ 0 0 0 0 0 0 0 0 1 1 0 1 1 0 1 0 1 1 1 - - 0 0 1 0 1 1 0 1 1 0 0 0 0 0 1 0 0 ]

d_25_21=3.638758584144 s=[ 0 0 0 0 0 0 0 0 1 1 0 1 1 0 1 0 1 1 1 - - 0 0 1 0 1 1 0 1 1 0 0 0 0 0 1 0 0 ]

d_25_21=3.638958784344 s=[ 0 0 0 0 0 0 0 0 1 1 0 1 1 0 1 0 1 1 1 - - 0 0 1 0 1 1 0 1 1 0 0 0 0 0 1 0 0 ]

d_25_21=3.639158984545 s=[ 0 0 0 0 0 0 0 0 1 1 0 1 1 0 1 0 1 1 1 - - 0 0 1 0 1 1 0 1 1 0 0 0 0 0 1 0 0 ]

d_25_21=3.639359184745 s=[ 0 0 0 0 0 0 0 0 1 1 0 1 1 0 1 0 1 1 1 - - 0 0 1 0 1 1 0 1 1 0 0 0 0 0 1 0 0 ]

d_25_21=3.569689515075 s=[ 0 0 0 1 1 1 1 1 0 0 1 0 0 1 0 1 0 0 0 + + 1 0 1 0 1 1 0 1 1 0 1 1 1 1 0 1 1 ]

d_25_21=3.570290115676 s=[ 0 0 0 1 1 1 1 1 0 0 1 0 0 1 0 1 0 0 0 + + 1 1 0 1 0 0 1 0 0 1 0 0 0 0 1 0 0 ]

d_25_21=3.570490315876 s=[ 0 0 0 1 1 1 1 1 0 0 1 0 0 1 0 1 0 0 0 + + 1 1 0 1 0 0 1 0 0 1 0 0 0 0 1 0 0 ]

d_25_21=3.570690516076 s=[ 0 0 0 1 1 1 1 1 0 0 1 0 0 1 0 1 0 0 0 + + 1 1 0 1 0 0 1 0 0 1 0 0 0 0 1 0 0 ]

d_25_21=3.570890716276 s=[ 0 0 0 1 1 1 1 1 0 0 1 0 0 1 0 1 0 0 0 + + 1 1 0 1 0 0 1 0 0 1 0 0 0 0 1 0 0 ]

d_25_21=3.571090916476 s=[ 0 0 0 1 1 1 1 1 0 0 1 0 0 1 0 1 0 0 0 + + 1 1 0 1 0 0 1 0 0 1 0 0 0 0 1 0 0 ]

d_25_21=3.571291116677 s=[ 0 0 0 1 1 1 1 1 0 0 1 0 0 1 0 1 0 0 0 + + 1 1 0 1 0 0 1 0 0 1 0 0 0 0 1 0 0 ]

d_25_21=3.571491316877 s=[ 0 0 0 1 1 1 1 1 0 0 1 0 0 1 0 1 0 0 0 + + 1 1 0 1 0 0 1 0 0 1 0 0 0 0 1 0 0 ]

d_25_21=3.571691517077 s=[ 0 0 0 1 1 1 1 1 0 0 1 0 0 1 0 1 0 0 0 + + 1 1 0 1 0 0 1 0 0 1 0 0 0 0 1 0 0 ]

d_25_21=3.571891717277 s=[ 0 0 0 1 1 1 1 1 0 0 1 0 0 1 0 1 0 0 0 + + 1 1 0 1 0 0 1 0 0 1 0 0 0 0 1 0 0 ]

d_25_21=3.572091917477 s=[ 0 0 0 1 1 1 1 1 0 0 1 0 0 1 0 1 0 0 0 + + 1 1 0 1 0 0 1 0 0 1 0 0 0 0 1 0 0 ]

d_25_21=3.572292117678 s=[ 0 0 0 1 1 1 1 1 0 0 1 0 0 1 0 1 0 0 0 + + 1 1 0 1 0 0 1 0 0 1 0 0 0 0 1 0 0 ]

d_25_21=3.572492317878 s=[ 0 0 0 1 1 1 1 1 0 0 1 0 0 1 0 1 0 0 0 + + 1 1 0 1 0 0 1 0 0 1 0 0 0 0 1 0 0 ]

d_25_21=3.572692518078 s=[ 0 0 0 1 1 1 1 1 0 0 1 0 0 1 0 1 0 0 0 + + 1 1 0 1 0 0 1 0 0 1 0 0 0 0 1 0 0 ]

d_25_21=3.572892718278 s=[ 0 0 0 1 1 1 1 1 0 0 1 0 0 1 0 1 0 0 0 + + 1 1 0 1 0 0 1 0 0 1 0 0 0 0 1 0 0 ]

d_25_21=3.573092918478 s=[ 0 0 0 1 1 1 1 1 0 0 1 0 0 1 0 1 0 0 0 + + 1 1 0 1 0 0 1 0 0 1 0 0 0 0 1 0 0 ]

d_25_21=3.573293118679 s=[ 0 0 0 1 1 1 1 1 0 0 1 0 0 1 0 1 0 0 0 + + 1 1 0 1 0 0 1 0 0 1 0 0 0 0 1 0 0 ]

d_25_21=3.573493318879 s=[ 0 0 0 1 1 1 1 1 0 0 1 0 0 1 0 1 0 0 0 + + 1 1 0 1 0 0 1 0 0 1 0 0 0 0 1 0 0 ]

d_25_21=3.573693519079 s=[ 0 0 0 1 1 1 1 1 0 0 1 0 0 1 0 1 0 0 0 + + 1 1 0 1 0 0 1 0 0 1 0 0 0 0 1 0 0 ]

d_25_21=3.573893719279 s=[ 0 0 0 1 1 1 1 1 0 0 1 0 0 1 0 1 0 0 0 + + 1 1 0 1 0 0 1 0 0 1 0 0 0 0 1 0 0 ]

d_25_21=3.574093919479 s=[ 0 0 0 1 1 1 1 1 0 0 1 0 0 1 0 1 0 0 0 + + 1 1 0 1 0 0 1 0 0 1 0 0 0 0 1 0 0 ]

d_25_21=3.574294119680 s=[ 0 0 0 1 1 1 1 1 0 0 1 0 0 1 0 1 0 0 0 + + 1 1 0 1 0 0 1 0 0 1 0 0 0 0 1 0 0 ]

d_25_21=3.601321146707 s=[ 0 0 0 1 1 1 1 1 0 0 1 0 0 1 0 1 0 0 0 + + 1 0 1 0 1 1 0 1 1 0 0 0 0 0 1 0 0 ]

d_25_21=3.601521346907 s=[ 0 0 0 1 1 1 1 1 0 0 1 0 0 1 0 1 0 0 0 + + 1 0 1 0 1 1 0 1 1 0 0 0 0 0 1 0 0 ]

d_25_21=3.601721547107 s=[ 0 0 0 1 1 1 1 1 0 0 1 0 0 1 0 1 0 0 0 + + 1 0 1 0 1 1 0 1 1 0 0 0 0 0 1 0 0 ]

d_25_21=3.601921747307 s=[ 0 0 0 1 1 1 1 1 0 0 1 0 0 1 0 1 0 0 0 + + 1 0 1 0 1 1 0 1 1 0 0 0 0 0 1 0 0 ]

d_25_21=3.602121947508 s=[ 0 0 0 1 1 1 1 1 0 0 1 0 0 1 0 1 0 0 0 + + 1 0 1 0 1 1 0 1 1 0 0 0 0 0 1 0 0 ]

d_25_21=3.602322147708 s=[ 0 0 0 1 1 1 1 1 0 0 1 0 0 1 0 1 0 0 0 + + 1 0 1 0 1 1 0 1 1 0 0 0 0 0 1 0 0 ]

d_25_21=3.602522347908 s=[ 0 0 0 1 1 1 1 1 0 0 1 0 0 1 0 1 0 0 0 + + 1 0 1 0 1 1 0 1 1 0 0 0 0 0 1 0 0 ]

d_25_21=3.602722548108 s=[ 0 0 0 1 1 1 1 1 0 0 1 0 0 1 0 1 0 0 0 + + 1 0 1 0 1 1 0 1 1 0 0 0 0 0 1 0 0 ]

d_25_21=3.602922748308 s=[ 0 0 0 1 1 1 1 1 0 0 1 0 0 1 0 1 0 0 0 + + 1 0 1 0 1 1 0 1 1 0 0 0 0 0 1 0 0 ]

d_25_21=3.603122948509 s=[ 0 0 0 1 1 1 1 1 0 0 1 0 0 1 0 1 0 0 0 + + 1 0 1 0 1 1 0 1 1 0 0 0 0 0 1 0 0 ]

d_25_21=3.635955781341 s=[ 0 0 0 1 1 1 1 1 0 0 1 0 0 1 0 1 0 0 0 + + 1 1 0 1 0 0 1 0 0 0 0 0 0 0 1 0 0 ]

d_25_21=3.638157983544 s=[ 0 0 0 1 1 1 1 1 0 0 1 0 0 1 0 1 0 0 0 + + 1 1 0 1 0 0 1 0 0 1 1 1 1 1 0 1 1 ]

d_25_21=3.638358183744 s=[ 0 0 0 1 1 1 1 1 0 0 1 0 0 1 0 1 0 0 0 + + 1 1 0 1 0 0 1 0 0 1 1 1 1 1 0 1 1 ]

d_25_21=3.638558383944 s=[ 0 0 0 1 1 1 1 1 0 0 1 0 0 1 0 1 0 0 0 + + 1 1 0 1 0 0 1 0 0 1 1 1 1 1 0 1 1 ]

d_25_21=3.638758584144 s=[ 0 0 0 1 1 1 1 1 0 0 1 0 0 1 0 1 0 0 0 + + 1 1 0 1 0 0 1 0 0 1 1 1 1 1 0 1 1 ]

d_25_21=3.638958784344 s=[ 0 0 0 1 1 1 1 1 0 0 1 0 0 1 0 1 0 0 0 + + 1 1 0 1 0 0 1 0 0 1 1 1 1 1 0 1 1 ]

d_25_21=3.639158984545 s=[ 0 0 0 1 1 1 1 1 0 0 1 0 0 1 0 1 0 0 0 + + 1 1 0 1 0 0 1 0 0 1 1 1 1 1 0 1 1 ]

d_25_21=3.639359184745 s=[ 0 0 0 1 1 1 1 1 0 0 1 0 0 1 0 1 0 0 0 + + 1 1 0 1 0 0 1 0 0 1 1 1 1 1 0 1 1 ]

d_25_21=3.569889715275 s=[ 0 0 0 1 1 1 1 1 0 0 1 0 0 1 0 1 0 0 0 - + 1 0 1 0 1 1 0 1 1 0 1 1 1 1 0 1 1 ]

d_25_21=3.570089915475 s=[ 0 0 0 1 1 1 1 1 0 0 1 0 0 1 0 1 0 0 0 - + 1 0 1 0 1 1 0 1 1 0 1 1 1 1 0 1 1 ]

d_25_21=3.570690516076 s=[ 0 0 0 1 1 1 1 1 0 0 1 0 0 1 0 1 0 0 0 - + 1 1 0 1 0 0 1 0 0 1 0 0 0 0 1 0 0 ]

d_25_21=3.570890716276 s=[ 0 0 0 1 1 1 1 1 0 0 1 0 0 1 0 1 0 0 0 - + 1 1 0 1 0 0 1 0 0 1 0 0 0 0 1 0 0 ]

d_25_21=3.571090916476 s=[ 0 0 0 1 1 1 1 1 0 0 1 0 0 1 0 1 0 0 0 - + 1 1 0 1 0 0 1 0 0 1 0 0 0 0 1 0 0 ]

d_25_21=3.571291116677 s=[ 0 0 0 1 1 1 1 1 0 0 1 0 0 1 0 1 0 0 0 - + 1 1 0 1 0 0 1 0 0 1 0 0 0 0 1 0 0 ]

d_25_21=3.571491316877 s=[ 0 0 0 1 1 1 1 1 0 0 1 0 0 1 0 1 0 0 0 - + 1 1 0 1 0 0 1 0 0 1 0 0 0 0 1 0 0 ]

d_25_21=3.571691517077 s=[ 0 0 0 1 1 1 1 1 0 0 1 0 0 1 0 1 0 0 0 - + 1 1 0 1 0 0 1 0 0 1 0 0 0 0 1 0 0 ]

d_25_21=3.571891717277 s=[ 0 0 0 1 1 1 1 1 0 0 1 0 0 1 0 1 0 0 0 - + 1 1 0 1 0 0 1 0 0 1 0 0 0 0 1 0 0 ]

d_25_21=3.572091917477 s=[ 0 0 0 1 1 1 1 1 0 0 1 0 0 1 0 1 0 0 0 - + 1 1 0 1 0 0 1 0 0 1 0 0 0 0 1 0 0 ]

d_25_21=3.572292117678 s=[ 0 0 0 1 1 1 1 1 0 0 1 0 0 1 0 1 0 0 0 - + 1 1 0 1 0 0 1 0 0 1 0 0 0 0 1 0 0 ]

d_25_21=3.572492317878 s=[ 0 0 0 1 1 1 1 1 0 0 1 0 0 1 0 1 0 0 0 - + 1 1 0 1 0 0 1 0 0 1 0 0 0 0 1 0 0 ]

d_25_21=3.572692518078 s=[ 0 0 0 1 1 1 1 1 0 0 1 0 0 1 0 1 0 0 0 - + 1 1 0 1 0 0 1 0 0 1 0 0 0 0 1 0 0 ]

d_25_21=3.572892718278 s=[ 0 0 0 1 1 1 1 1 0 0 1 0 0 1 0 1 0 0 0 - + 1 1 0 1 0 0 1 0 0 1 0 0 0 0 1 0 0 ]

d_25_21=3.573092918478 s=[ 0 0 0 1 1 1 1 1 0 0 1 0 0 1 0 1 0 0 0 - + 1 1 0 1 0 0 1 0 0 1 0 0 0 0 1 0 0 ]

d_25_21=3.573293118679 s=[ 0 0 0 1 1 1 1 1 0 0 1 0 0 1 0 1 0 0 0 - + 1 1 0 1 0 0 1 0 0 1 0 0 0 0 1 0 0 ]

d_25_21=3.573493318879 s=[ 0 0 0 1 1 1 1 1 0 0 1 0 0 1 0 1 0 0 0 - + 1 1 0 1 0 0 1 0 0 1 0 0 0 0 1 0 0 ]

d_25_21=3.573693519079 s=[ 0 0 0 1 1 1 1 1 0 0 1 0 0 1 0 1 0 0 0 - + 1 1 0 1 0 0 1 0 0 1 0 0 0 0 1 0 0 ]

d_25_21=3.573893719279 s=[ 0 0 0 1 1 1 1 1 0 0 1 0 0 1 0 1 0 0 0 - + 1 1 0 1 0 0 1 0 0 1 0 0 0 0 1 0 0 ]

d_25_21=3.574093919479 s=[ 0 0 0 1 1 1 1 1 0 0 1 0 0 1 0 1 0 0 0 - + 1 1 0 1 0 0 1 0 0 1 0 0 0 0 1 0 0 ]

d_25_21=3.574294119680 s=[ 0 0 0 1 1 1 1 1 0 0 1 0 0 1 0 1 0 0 0 - + 1 1 0 1 0 0 1 0 0 1 0 0 0 0 1 0 0 ]

d_25_21=3.574494319880 s=[ 0 0 0 1 1 1 1 1 0 0 1 0 0 1 0 1 0 0 0 - + 1 1 0 1 0 0 1 0 0 1 0 0 0 0 1 0 0 ]

d_25_21=3.601721547107 s=[ 0 0 0 1 1 1 1 1 0 0 1 0 0 1 0 1 0 0 0 - + 1 0 1 0 1 1 0 1 1 0 0 0 0 0 1 0 0 ]

d_25_21=3.601921747307 s=[ 0 0 0 1 1 1 1 1 0 0 1 0 0 1 0 1 0 0 0 - + 1 0 1 0 1 1 0 1 1 0 0 0 0 0 1 0 0 ]

d_25_21=3.602121947508 s=[ 0 0 0 1 1 1 1 1 0 0 1 0 0 1 0 1 0 0 0 - + 1 0 1 0 1 1 0 1 1 0 0 0 0 0 1 0 0 ]

d_25_21=3.602322147708 s=[ 0 0 0 1 1 1 1 1 0 0 1 0 0 1 0 1 0 0 0 - + 1 0 1 0 1 1 0 1 1 0 0 0 0 0 1 0 0 ]

d_25_21=3.602522347908 s=[ 0 0 0 1 1 1 1 1 0 0 1 0 0 1 0 1 0 0 0 - + 1 0 1 0 1 1 0 1 1 0 0 0 0 0 1 0 0 ]

d_25_21=3.602722548108 s=[ 0 0 0 1 1 1 1 1 0 0 1 0 0 1 0 1 0 0 0 - + 1 0 1 0 1 1 0 1 1 0 0 0 0 0 1 0 0 ]

d_25_21=3.602922748308 s=[ 0 0 0 1 1 1 1 1 0 0 1 0 0 1 0 1 0 0 0 - + 1 0 1 0 1 1 0 1 1 0 0 0 0 0 1 0 0 ]

d_25_21=3.603122948509 s=[ 0 0 0 1 1 1 1 1 0 0 1 0 0 1 0 1 0 0 0 - + 1 0 1 0 1 1 0 1 1 0 0 0 0 0 1 0 0 ]

d_25_21=3.603323148709 s=[ 0 0 0 1 1 1 1 1 0 0 1 0 0 1 0 1 0 0 0 - + 1 0 1 0 1 1 0 1 1 0 0 0 0 0 1 0 0 ]

d_25_21=3.635955781341 s=[ 0 0 0 1 1 1 1 1 0 0 1 0 0 1 0 1 0 0 0 - + 1 1 0 1 0 0 1 0 0 0 0 0 0 0 1 0 0 ]

d_25_21=3.638358183744 s=[ 0 0 0 1 1 1 1 1 0 0 1 0 0 1 0 1 0 0 0 - + 1 1 0 1 0 0 1 0 0 1 1 1 1 1 0 1 1 ]

d_25_21=3.638558383944 s=[ 0 0 0 1 1 1 1 1 0 0 1 0 0 1 0 1 0 0 0 - + 1 1 0 1 0 0 1 0 0 1 1 1 1 1 0 1 1 ]

d_25_21=3.638758584144 s=[ 0 0 0 1 1 1 1 1 0 0 1 0 0 1 0 1 0 0 0 - + 1 1 0 1 0 0 1 0 0 1 1 1 1 1 0 1 1 ]

d_25_21=3.638958784344 s=[ 0 0 0 1 1 1 1 1 0 0 1 0 0 1 0 1 0 0 0 - + 1 1 0 1 0 0 1 0 0 1 1 1 1 1 0 1 1 ]

d_25_21=3.639158984545 s=[ 0 0 0 1 1 1 1 1 0 0 1 0 0 1 0 1 0 0 0 - + 1 1 0 1 0 0 1 0 0 1 1 1 1 1 0 1 1 ]

d_25_21=3.639359184745 s=[ 0 0 0 1 1 1 1 1 0 0 1 0 0 1 0 1 0 0 0 - + 1 1 0 1 0 0 1 0 0 1 1 1 1 1 0 1 1 ]

d_25_21=3.639359184745 s=[ 0 0 0 1 1 1 1 1 0 0 1 0 0 1 0 1 0 0 0 - + 1 1 1 0 1 1 0 1 1 0 0 0 0 0 1 0 0 ]

