order:    [ 1 19 20 0 37 36 35 34 33 32 31 30 29 28 27 26 24 23 22 25 21 18 10 11 17 16 15 14 13 12 9 2 8 7 6 5 4 3 ]
atoms:    [ CA CA C N C CA N C CA N C CA N C CA N C CA N H HA N CA C C CA N C CA N N C C CA N C CA N ]
residues: [ 0 6 6 0 11 11 11 10 10 10 9 9 9 8 8 8 7 7 7 7 6 6 3 3 5 5 5 4 4 4 3 0 2 2 2 1 1 1 ]

d_25_21=3.569889715275 eijMax=8.357E-03 rmsd=4.875E+00 s=[ 0 0 0 0 0 0 0 0 1 1 0 1 1 0 1 0 1 1 1 0 1 0 1 0 1 0 0 1 0 0 1 0 0 0 0 1 0 0 ]
d_25_21=3.570089915475 eijMax=3.907E-03 rmsd=4.851E+00 s=[ 0 0 0 0 0 0 0 0 1 1 0 1 1 0 1 0 1 1 1 0 1 0 1 0 1 0 0 1 0 0 1 0 0 0 0 1 0 0 ]
d_25_21=3.570690516076 eijMax=8.543E-03 rmsd=3.370E-01 s=[ 0 0 0 0 0 0 0 0 1 1 0 1 1 0 1 0 1 1 1 0 1 0 0 1 0 1 1 0 1 1 0 1 1 1 1 0 1 1 ]
d_25_21=3.570890716276 eijMax=5.635E-03 rmsd=2.567E-01 s=[ 0 0 0 0 0 0 0 0 1 1 0 1 1 0 1 0 1 1 1 0 1 0 0 1 0 1 1 0 1 1 0 1 1 1 1 0 1 1 ]
d_25_21=3.571090916476 eijMax=3.430E-03 rmsd=1.825E-01 s=[ 0 0 0 0 0 0 0 0 1 1 0 1 1 0 1 0 1 1 1 0 1 0 0 1 0 1 1 0 1 1 0 1 1 1 1 0 1 1 ]
d_25_21=3.571291116677 eijMax=1.794E-03 rmsd=1.132E-01 s=[ 0 0 0 0 0 0 0 0 1 1 0 1 1 0 1 0 1 1 1 0 1 0 0 1 0 1 1 0 1 1 0 1 1 1 1 0 1 1 ]
d_25_21=3.571491316877 eijMax=6.255E-04 rmsd=4.810E-02 s=[ 0 0 0 0 0 0 0 0 1 1 0 1 1 0 1 0 1 1 1 0 1 0 0 1 0 1 1 0 1 1 0 1 1 1 1 0 1 1 ]
d_25_21=3.571691517077 eijMax=1.548E-04 rmsd=1.340E-02 s=[ 0 0 0 0 0 0 0 0 1 1 0 1 1 0 1 0 1 1 1 0 1 0 0 1 0 1 1 0 1 1 0 1 1 1 1 0 1 1 ]
d_25_21=3.571891717277 eijMax=6.079E-04 rmsd=7.162E-02 s=[ 0 0 0 0 0 0 0 0 1 1 0 1 1 0 1 0 1 1 1 0 1 0 0 1 0 1 1 0 1 1 0 1 1 1 1 0 1 1 ]
d_25_21=3.572091917477 eijMax=7.834E-04 rmsd=1.271E-01 s=[ 0 0 0 0 0 0 0 0 1 1 0 1 1 0 1 0 1 1 1 0 1 0 0 1 0 1 1 0 1 1 0 1 1 1 1 0 1 1 ]
d_25_21=3.572292117678 eijMax=7.214E-04 rmsd=1.801E-01 s=[ 0 0 0 0 0 0 0 0 1 1 0 1 1 0 1 0 1 1 1 0 1 0 0 1 0 1 1 0 1 1 0 1 1 1 1 0 1 1 ]
d_25_21=3.572492317878 eijMax=4.551E-04 rmsd=2.309E-01 s=[ 0 0 0 0 0 0 0 0 1 1 0 1 1 0 1 0 1 1 1 0 1 0 0 1 0 1 1 0 1 1 0 1 1 1 1 0 1 1 ]
d_25_21=3.572692518078 eijMax=1.218E-05 rmsd=2.797E-01 s=[ 0 0 0 0 0 0 0 0 1 1 0 1 1 0 1 0 1 1 1 0 1 0 0 1 0 1 1 0 1 1 0 1 1 1 1 0 1 1 ]
d_25_21=3.572892718278 eijMax=5.842E-04 rmsd=3.267E-01 s=[ 0 0 0 0 0 0 0 0 1 1 0 1 1 0 1 0 1 1 1 0 1 0 0 1 0 1 1 0 1 1 0 1 1 1 1 0 1 1 ]
d_25_21=3.573092918478 eijMax=1.314E-03 rmsd=3.721E-01 s=[ 0 0 0 0 0 0 0 0 1 1 0 1 1 0 1 0 1 1 1 0 1 0 0 1 0 1 1 0 1 1 0 1 1 1 1 0 1 1 ]
d_25_21=3.573293118679 eijMax=2.161E-03 rmsd=4.160E-01 s=[ 0 0 0 0 0 0 0 0 1 1 0 1 1 0 1 0 1 1 1 0 1 0 0 1 0 1 1 0 1 1 0 1 1 1 1 0 1 1 ]
d_25_21=3.573493318879 eijMax=3.110E-03 rmsd=4.585E-01 s=[ 0 0 0 0 0 0 0 0 1 1 0 1 1 0 1 0 1 1 1 0 1 0 0 1 0 1 1 0 1 1 0 1 1 1 1 0 1 1 ]
d_25_21=3.573693519079 eijMax=4.149E-03 rmsd=4.997E-01 s=[ 0 0 0 0 0 0 0 0 1 1 0 1 1 0 1 0 1 1 1 0 1 0 0 1 0 1 1 0 1 1 0 1 1 1 1 0 1 1 ]
d_25_21=3.573893719279 eijMax=5.267E-03 rmsd=5.398E-01 s=[ 0 0 0 0 0 0 0 0 1 1 0 1 1 0 1 0 1 1 1 0 1 0 0 1 0 1 1 0 1 1 0 1 1 1 1 0 1 1 ]
d_25_21=3.574093919479 eijMax=6.454E-03 rmsd=5.788E-01 s=[ 0 0 0 0 0 0 0 0 1 1 0 1 1 0 1 0 1 1 1 0 1 0 0 1 0 1 1 0 1 1 0 1 1 1 1 0 1 1 ]
d_25_21=3.574294119680 eijMax=7.702E-03 rmsd=6.168E-01 s=[ 0 0 0 0 0 0 0 0 1 1 0 1 1 0 1 0 1 1 1 0 1 0 0 1 0 1 1 0 1 1 0 1 1 1 1 0 1 1 ]
d_25_21=3.574494319880 eijMax=9.004E-03 rmsd=6.538E-01 s=[ 0 0 0 0 0 0 0 0 1 1 0 1 1 0 1 0 1 1 1 0 1 0 0 1 0 1 1 0 1 1 0 1 1 1 1 0 1 1 ]
d_25_21=3.601721547107 eijMax=8.104E-03 rmsd=6.029E+00 s=[ 0 0 0 0 0 0 0 0 1 1 0 1 1 0 1 0 1 1 1 0 1 0 1 0 1 0 0 1 0 0 1 1 1 1 1 0 1 1 ]
d_25_21=3.601921747307 eijMax=5.909E-03 rmsd=6.034E+00 s=[ 0 0 0 0 0 0 0 0 1 1 0 1 1 0 1 0 1 1 1 0 1 0 1 0 1 0 0 1 0 0 1 1 1 1 1 0 1 1 ]
d_25_21=3.602121947508 eijMax=3.715E-03 rmsd=6.039E+00 s=[ 0 0 0 0 0 0 0 0 1 1 0 1 1 0 1 0 1 1 1 0 1 0 1 0 1 0 0 1 0 0 1 1 1 1 1 0 1 1 ]
d_25_21=3.602322147708 eijMax=1.522E-03 rmsd=6.044E+00 s=[ 0 0 0 0 0 0 0 0 1 1 0 1 1 0 1 0 1 1 1 0 1 0 1 0 1 0 0 1 0 0 1 1 1 1 1 0 1 1 ]
d_25_21=3.602522347908 eijMax=6.697E-04 rmsd=6.049E+00 s=[ 0 0 0 0 0 0 0 0 1 1 0 1 1 0 1 0 1 1 1 0 1 0 1 0 1 0 0 1 0 0 1 1 1 1 1 0 1 1 ]
d_25_21=3.602722548108 eijMax=2.861E-03 rmsd=6.054E+00 s=[ 0 0 0 0 0 0 0 0 1 1 0 1 1 0 1 0 1 1 1 0 1 0 1 0 1 0 0 1 0 0 1 1 1 1 1 0 1 1 ]
d_25_21=3.602922748308 eijMax=5.051E-03 rmsd=6.059E+00 s=[ 0 0 0 0 0 0 0 0 1 1 0 1 1 0 1 0 1 1 1 0 1 0 1 0 1 0 0 1 0 0 1 1 1 1 1 0 1 1 ]
d_25_21=3.603122948509 eijMax=7.239E-03 rmsd=6.064E+00 s=[ 0 0 0 0 0 0 0 0 1 1 0 1 1 0 1 0 1 1 1 0 1 0 1 0 1 0 0 1 0 0 1 1 1 1 1 0 1 1 ]
d_25_21=3.603323148709 eijMax=9.427E-03 rmsd=6.069E+00 s=[ 0 0 0 0 0 0 0 0 1 1 0 1 1 0 1 0 1 1 1 0 1 0 1 0 1 0 0 1 0 0 1 1 1 1 1 0 1 1 ]
d_25_21=3.635955781341 eijMax=3.813E-03 rmsd=8.372E+00 s=[ 0 0 0 0 0 0 0 0 1 1 0 1 1 0 1 0 1 1 1 0 1 0 0 1 0 1 1 0 1 1 1 1 1 1 1 0 1 1 ]
d_25_21=3.638358183744 eijMax=6.971E-03 rmsd=7.810E+00 s=[ 0 0 0 0 0 0 0 0 1 1 0 1 1 0 1 0 1 1 1 0 1 0 0 1 0 1 1 0 1 1 0 0 0 0 0 1 0 0 ]
d_25_21=3.638558383944 eijMax=3.359E-03 rmsd=7.842E+00 s=[ 0 0 0 0 0 0 0 0 1 1 0 1 1 0 1 0 1 1 1 0 1 0 0 1 0 1 1 0 1 1 0 0 0 0 0 1 0 0 ]
d_25_21=3.638758584144 eijMax=1.471E-04 rmsd=7.875E+00 s=[ 0 0 0 0 0 0 0 0 1 1 0 1 1 0 1 0 1 1 1 0 1 0 0 1 0 1 1 0 1 1 0 0 0 0 0 1 0 0 ]
d_25_21=3.638958784344 eijMax=3.306E-03 rmsd=7.908E+00 s=[ 0 0 0 0 0 0 0 0 1 1 0 1 1 0 1 0 1 1 1 0 1 0 0 1 0 1 1 0 1 1 0 0 0 0 0 1 0 0 ]
d_25_21=3.639158984545 eijMax=5.390E-03 rmsd=7.939E+00 s=[ 0 0 0 0 0 0 0 0 1 1 0 1 1 0 1 0 1 1 1 0 1 0 0 1 0 1 1 0 1 1 0 0 0 0 0 1 0 0 ]
d_25_21=3.639359184745 eijMax=7.728E-04 rmsd=8.631E+00 s=[ 0 0 0 0 0 0 0 0 1 1 0 1 1 0 1 0 1 1 1 0 1 0 0 0 1 0 0 1 0 0 1 1 1 1 1 0 1 1 ]
d_25_21=3.639359184745 eijMax=2.986E-03 rmsd=7.958E+00 s=[ 0 0 0 0 0 0 0 0 1 1 0 1 1 0 1 0 1 1 1 0 1 0 0 1 0 1 1 0 1 1 0 0 0 0 0 1 0 0 ]
d_25_21=3.569689515075 eijMax=5.693E-04 rmsd=4.857E+00 s=[ 0 0 0 0 0 0 0 0 1 1 0 1 1 0 1 0 1 1 1 1 1 0 1 0 1 0 0 1 0 0 1 0 0 0 0 1 0 0 ]
d_25_21=3.570290115676 eijMax=9.555E-03 rmsd=3.618E-01 s=[ 0 0 0 0 0 0 0 0 1 1 0 1 1 0 1 0 1 1 1 1 1 0 0 1 0 1 1 0 1 1 0 1 1 1 1 0 1 1 ]
d_25_21=3.570490315876 eijMax=6.415E-03 rmsd=2.798E-01 s=[ 0 0 0 0 0 0 0 0 1 1 0 1 1 0 1 0 1 1 1 1 1 0 0 1 0 1 1 0 1 1 0 1 1 1 1 0 1 1 ]
d_25_21=3.570690516076 eijMax=4.023E-03 rmsd=2.040E-01 s=[ 0 0 0 0 0 0 0 0 1 1 0 1 1 0 1 0 1 1 1 1 1 0 0 1 0 1 1 0 1 1 0 1 1 1 1 0 1 1 ]
d_25_21=3.570890716276 eijMax=2.233E-03 rmsd=1.335E-01 s=[ 0 0 0 0 0 0 0 0 1 1 0 1 1 0 1 0 1 1 1 1 1 0 0 1 0 1 1 0 1 1 0 1 1 1 1 0 1 1 ]
d_25_21=3.571090916476 eijMax=9.354E-04 rmsd=6.739E-02 s=[ 0 0 0 0 0 0 0 0 1 1 0 1 1 0 1 0 1 1 1 1 1 0 0 1 0 1 1 0 1 1 0 1 1 1 1 0 1 1 ]
d_25_21=3.571291116677 eijMax=4.621E-05 rmsd=5.182E-03 s=[ 0 0 0 0 0 0 0 0 1 1 0 1 1 0 1 0 1 1 1 1 1 0 0 1 0 1 1 0 1 1 0 1 1 1 1 0 1 1 ]
d_25_21=3.571491316877 eijMax=5.001E-04 rmsd=5.403E-02 s=[ 0 0 0 0 0 0 0 0 1 1 0 1 1 0 1 0 1 1 1 1 1 0 0 1 0 1 1 0 1 1 0 1 1 1 1 0 1 1 ]
d_25_21=3.571691517077 eijMax=7.561E-04 rmsd=1.102E-01 s=[ 0 0 0 0 0 0 0 0 1 1 0 1 1 0 1 0 1 1 1 1 1 0 0 1 0 1 1 0 1 1 0 1 1 1 1 0 1 1 ]
d_25_21=3.571891717277 eijMax=7.641E-04 rmsd=1.638E-01 s=[ 0 0 0 0 0 0 0 0 1 1 0 1 1 0 1 0 1 1 1 1 1 0 0 1 0 1 1 0 1 1 0 1 1 1 1 0 1 1 ]
d_25_21=3.572091917477 eijMax=5.592E-04 rmsd=2.152E-01 s=[ 0 0 0 0 0 0 0 0 1 1 0 1 1 0 1 0 1 1 1 1 1 0 0 1 0 1 1 0 1 1 0 1 1 1 1 0 1 1 ]
d_25_21=3.572292117678 eijMax=1.703E-04 rmsd=2.645E-01 s=[ 0 0 0 0 0 0 0 0 1 1 0 1 1 0 1 0 1 1 1 1 1 0 0 1 0 1 1 0 1 1 0 1 1 1 1 0 1 1 ]
d_25_21=3.572492317878 eijMax=3.782E-04 rmsd=3.119E-01 s=[ 0 0 0 0 0 0 0 0 1 1 0 1 1 0 1 0 1 1 1 1 1 0 0 1 0 1 1 0 1 1 0 1 1 1 1 0 1 1 ]
d_25_21=3.572692518078 eijMax=1.066E-03 rmsd=3.577E-01 s=[ 0 0 0 0 0 0 0 0 1 1 0 1 1 0 1 0 1 1 1 1 1 0 0 1 0 1 1 0 1 1 0 1 1 1 1 0 1 1 ]
d_25_21=3.572892718278 eijMax=1.875E-03 rmsd=4.019E-01 s=[ 0 0 0 0 0 0 0 0 1 1 0 1 1 0 1 0 1 1 1 1 1 0 0 1 0 1 1 0 1 1 0 1 1 1 1 0 1 1 ]
d_25_21=3.573092918478 eijMax=2.790E-03 rmsd=4.448E-01 s=[ 0 0 0 0 0 0 0 0 1 1 0 1 1 0 1 0 1 1 1 1 1 0 0 1 0 1 1 0 1 1 0 1 1 1 1 0 1 1 ]
d_25_21=3.573293118679 eijMax=3.798E-03 rmsd=4.863E-01 s=[ 0 0 0 0 0 0 0 0 1 1 0 1 1 0 1 0 1 1 1 1 1 0 0 1 0 1 1 0 1 1 0 1 1 1 1 0 1 1 ]
d_25_21=3.573493318879 eijMax=4.888E-03 rmsd=5.267E-01 s=[ 0 0 0 0 0 0 0 0 1 1 0 1 1 0 1 0 1 1 1 1 1 0 0 1 0 1 1 0 1 1 0 1 1 1 1 0 1 1 ]
d_25_21=3.573693519079 eijMax=6.051E-03 rmsd=5.659E-01 s=[ 0 0 0 0 0 0 0 0 1 1 0 1 1 0 1 0 1 1 1 1 1 0 0 1 0 1 1 0 1 1 0 1 1 1 1 0 1 1 ]
d_25_21=3.573893719279 eijMax=7.276E-03 rmsd=6.041E-01 s=[ 0 0 0 0 0 0 0 0 1 1 0 1 1 0 1 0 1 1 1 1 1 0 0 1 0 1 1 0 1 1 0 1 1 1 1 0 1 1 ]
d_25_21=3.574093919479 eijMax=8.557E-03 rmsd=6.413E-01 s=[ 0 0 0 0 0 0 0 0 1 1 0 1 1 0 1 0 1 1 1 1 1 0 0 1 0 1 1 0 1 1 0 1 1 1 1 0 1 1 ]
d_25_21=3.574294119680 eijMax=9.888E-03 rmsd=6.777E-01 s=[ 0 0 0 0 0 0 0 0 1 1 0 1 1 0 1 0 1 1 1 1 1 0 0 1 0 1 1 0 1 1 0 1 1 1 1 0 1 1 ]
d_25_21=3.601321146707 eijMax=9.672E-03 rmsd=6.025E+00 s=[ 0 0 0 0 0 0 0 0 1 1 0 1 1 0 1 0 1 1 1 1 1 0 1 0 1 0 0 1 0 0 1 1 1 1 1 0 1 1 ]
d_25_21=3.601521346907 eijMax=7.484E-03 rmsd=6.030E+00 s=[ 0 0 0 0 0 0 0 0 1 1 0 1 1 0 1 0 1 1 1 1 1 0 1 0 1 0 0 1 0 0 1 1 1 1 1 0 1 1 ]
d_25_21=3.601721547107 eijMax=5.296E-03 rmsd=6.035E+00 s=[ 0 0 0 0 0 0 0 0 1 1 0 1 1 0 1 0 1 1 1 1 1 0 1 0 1 0 0 1 0 0 1 1 1 1 1 0 1 1 ]
d_25_21=3.601921747307 eijMax=3.109E-03 rmsd=6.040E+00 s=[ 0 0 0 0 0 0 0 0 1 1 0 1 1 0 1 0 1 1 1 1 1 0 1 0 1 0 0 1 0 0 1 1 1 1 1 0 1 1 ]
d_25_21=3.602121947508 eijMax=9.239E-04 rmsd=6.045E+00 s=[ 0 0 0 0 0 0 0 0 1 1 0 1 1 0 1 0 1 1 1 1 1 0 1 0 1 0 0 1 0 0 1 1 1 1 1 0 1 1 ]
d_25_21=3.602322147708 eijMax=1.261E-03 rmsd=6.050E+00 s=[ 0 0 0 0 0 0 0 0 1 1 0 1 1 0 1 0 1 1 1 1 1 0 1 0 1 0 0 1 0 0 1 1 1 1 1 0 1 1 ]
d_25_21=3.602522347908 eijMax=3.444E-03 rmsd=6.055E+00 s=[ 0 0 0 0 0 0 0 0 1 1 0 1 1 0 1 0 1 1 1 1 1 0 1 0 1 0 0 1 0 0 1 1 1 1 1 0 1 1 ]
d_25_21=3.602722548108 eijMax=5.627E-03 rmsd=6.060E+00 s=[ 0 0 0 0 0 0 0 0 1 1 0 1 1 0 1 0 1 1 1 1 1 0 1 0 1 0 0 1 0 0 1 1 1 1 1 0 1 1 ]
d_25_21=3.602922748308 eijMax=7.808E-03 rmsd=6.065E+00 s=[ 0 0 0 0 0 0 0 0 1 1 0 1 1 0 1 0 1 1 1 1 1 0 1 0 1 0 0 1 0 0 1 1 1 1 1 0 1 1 ]
d_25_21=3.603122948509 eijMax=9.988E-03 rmsd=6.071E+00 s=[ 0 0 0 0 0 0 0 0 1 1 0 1 1 0 1 0 1 1 1 1 1 0 1 0 1 0 0 1 0 0 1 1 1 1 1 0 1 1 ]
d_25_21=3.635955781341 eijMax=2.575E-03 rmsd=8.379E+00 s=[ 0 0 0 0 0 0 0 0 1 1 0 1 1 0 1 0 1 1 1 1 1 0 0 1 0 1 1 0 1 1 1 1 1 1 1 0 1 1 ]
d_25_21=3.638157983544 eijMax=9.589E-03 rmsd=7.787E+00 s=[ 0 0 0 0 0 0 0 0 1 1 0 1 1 0 1 0 1 1 1 1 1 0 0 1 0 1 1 0 1 1 0 0 0 0 0 1 0 0 ]
d_25_21=3.638358183744 eijMax=6.033E-03 rmsd=7.818E+00 s=[ 0 0 0 0 0 0 0 0 1 1 0 1 1 0 1 0 1 1 1 1 1 0 0 1 0 1 1 0 1 1 0 0 0 0 0 1 0 0 ]
d_25_21=3.638558383944 eijMax=2.505E-03 rmsd=7.850E+00 s=[ 0 0 0 0 0 0 0 0 1 1 0 1 1 0 1 0 1 1 1 1 1 0 0 1 0 1 1 0 1 1 0 0 0 0 0 1 0 0 ]
d_25_21=3.638758584144 eijMax=8.780E-04 rmsd=7.882E+00 s=[ 0 0 0 0 0 0 0 0 1 1 0 1 1 0 1 0 1 1 1 1 1 0 0 1 0 1 1 0 1 1 0 0 0 0 0 1 0 0 ]
d_25_21=3.638958784344 eijMax=3.832E-03 rmsd=7.914E+00 s=[ 0 0 0 0 0 0 0 0 1 1 0 1 1 0 1 0 1 1 1 1 1 0 0 1 0 1 1 0 1 1 0 0 0 0 0 1 0 0 ]
d_25_21=3.639158984545 eijMax=5.497E-03 rmsd=7.943E+00 s=[ 0 0 0 0 0 0 0 0 1 1 0 1 1 0 1 0 1 1 1 1 1 0 0 1 0 1 1 0 1 1 0 0 0 0 0 1 0 0 ]
d_25_21=3.639359184745 eijMax=1.610E-03 rmsd=7.957E+00 s=[ 0 0 0 0 0 0 0 0 1 1 0 1 1 0 1 0 1 1 1 1 1 0 0 1 0 1 1 0 1 1 0 0 0 0 0 1 0 0 ]
d_25_21=3.569689515075 eijMax=5.694E-04 rmsd=4.857E+00 s=[ 0 0 0 1 1 1 1 1 0 0 1 0 0 1 0 1 0 0 0 0 0 1 0 1 0 1 1 0 1 1 0 1 1 1 1 0 1 1 ]
d_25_21=3.570290115676 eijMax=9.555E-03 rmsd=3.618E-01 s=[ 0 0 0 1 1 1 1 1 0 0 1 0 0 1 0 1 0 0 0 0 0 1 1 0 1 0 0 1 0 0 1 0 0 0 0 1 0 0 ]
d_25_21=3.570490315876 eijMax=6.415E-03 rmsd=2.798E-01 s=[ 0 0 0 1 1 1 1 1 0 0 1 0 0 1 0 1 0 0 0 0 0 1 1 0 1 0 0 1 0 0 1 0 0 0 0 1 0 0 ]
d_25_21=3.570690516076 eijMax=4.023E-03 rmsd=2.040E-01 s=[ 0 0 0 1 1 1 1 1 0 0 1 0 0 1 0 1 0 0 0 0 0 1 1 0 1 0 0 1 0 0 1 0 0 0 0 1 0 0 ]
d_25_21=3.570890716276 eijMax=2.233E-03 rmsd=1.335E-01 s=[ 0 0 0 1 1 1 1 1 0 0 1 0 0 1 0 1 0 0 0 0 0 1 1 0 1 0 0 1 0 0 1 0 0 0 0 1 0 0 ]
d_25_21=3.571090916476 eijMax=9.354E-04 rmsd=6.739E-02 s=[ 0 0 0 1 1 1 1 1 0 0 1 0 0 1 0 1 0 0 0 0 0 1 1 0 1 0 0 1 0 0 1 0 0 0 0 1 0 0 ]
d_25_21=3.571291116677 eijMax=4.621E-05 rmsd=5.182E-03 s=[ 0 0 0 1 1 1 1 1 0 0 1 0 0 1 0 1 0 0 0 0 0 1 1 0 1 0 0 1 0 0 1 0 0 0 0 1 0 0 ]
d_25_21=3.571491316877 eijMax=5.001E-04 rmsd=5.403E-02 s=[ 0 0 0 1 1 1 1 1 0 0 1 0 0 1 0 1 0 0 0 0 0 1 1 0 1 0 0 1 0 0 1 0 0 0 0 1 0 0 ]
d_25_21=3.571691517077 eijMax=7.561E-04 rmsd=1.102E-01 s=[ 0 0 0 1 1 1 1 1 0 0 1 0 0 1 0 1 0 0 0 0 0 1 1 0 1 0 0 1 0 0 1 0 0 0 0 1 0 0 ]
d_25_21=3.571891717277 eijMax=7.641E-04 rmsd=1.638E-01 s=[ 0 0 0 1 1 1 1 1 0 0 1 0 0 1 0 1 0 0 0 0 0 1 1 0 1 0 0 1 0 0 1 0 0 0 0 1 0 0 ]
d_25_21=3.572091917477 eijMax=5.592E-04 rmsd=2.152E-01 s=[ 0 0 0 1 1 1 1 1 0 0 1 0 0 1 0 1 0 0 0 0 0 1 1 0 1 0 0 1 0 0 1 0 0 0 0 1 0 0 ]
d_25_21=3.572292117678 eijMax=1.703E-04 rmsd=2.645E-01 s=[ 0 0 0 1 1 1 1 1 0 0 1 0 0 1 0 1 0 0 0 0 0 1 1 0 1 0 0 1 0 0 1 0 0 0 0 1 0 0 ]
d_25_21=3.572492317878 eijMax=3.782E-04 rmsd=3.119E-01 s=[ 0 0 0 1 1 1 1 1 0 0 1 0 0 1 0 1 0 0 0 0 0 1 1 0 1 0 0 1 0 0 1 0 0 0 0 1 0 0 ]
d_25_21=3.572692518078 eijMax=1.066E-03 rmsd=3.577E-01 s=[ 0 0 0 1 1 1 1 1 0 0 1 0 0 1 0 1 0 0 0 0 0 1 1 0 1 0 0 1 0 0 1 0 0 0 0 1 0 0 ]
d_25_21=3.572892718278 eijMax=1.875E-03 rmsd=4.019E-01 s=[ 0 0 0 1 1 1 1 1 0 0 1 0 0 1 0 1 0 0 0 0 0 1 1 0 1 0 0 1 0 0 1 0 0 0 0 1 0 0 ]
d_25_21=3.573092918478 eijMax=2.790E-03 rmsd=4.448E-01 s=[ 0 0 0 1 1 1 1 1 0 0 1 0 0 1 0 1 0 0 0 0 0 1 1 0 1 0 0 1 0 0 1 0 0 0 0 1 0 0 ]
d_25_21=3.573293118679 eijMax=3.798E-03 rmsd=4.863E-01 s=[ 0 0 0 1 1 1 1 1 0 0 1 0 0 1 0 1 0 0 0 0 0 1 1 0 1 0 0 1 0 0 1 0 0 0 0 1 0 0 ]
d_25_21=3.573493318879 eijMax=4.888E-03 rmsd=5.267E-01 s=[ 0 0 0 1 1 1 1 1 0 0 1 0 0 1 0 1 0 0 0 0 0 1 1 0 1 0 0 1 0 0 1 0 0 0 0 1 0 0 ]
d_25_21=3.573693519079 eijMax=6.051E-03 rmsd=5.659E-01 s=[ 0 0 0 1 1 1 1 1 0 0 1 0 0 1 0 1 0 0 0 0 0 1 1 0 1 0 0 1 0 0 1 0 0 0 0 1 0 0 ]
d_25_21=3.573893719279 eijMax=7.276E-03 rmsd=6.041E-01 s=[ 0 0 0 1 1 1 1 1 0 0 1 0 0 1 0 1 0 0 0 0 0 1 1 0 1 0 0 1 0 0 1 0 0 0 0 1 0 0 ]
d_25_21=3.574093919479 eijMax=8.557E-03 rmsd=6.413E-01 s=[ 0 0 0 1 1 1 1 1 0 0 1 0 0 1 0 1 0 0 0 0 0 1 1 0 1 0 0 1 0 0 1 0 0 0 0 1 0 0 ]
d_25_21=3.574294119680 eijMax=9.888E-03 rmsd=6.777E-01 s=[ 0 0 0 1 1 1 1 1 0 0 1 0 0 1 0 1 0 0 0 0 0 1 1 0 1 0 0 1 0 0 1 0 0 0 0 1 0 0 ]
d_25_21=3.601321146707 eijMax=9.672E-03 rmsd=6.025E+00 s=[ 0 0 0 1 1 1 1 1 0 0 1 0 0 1 0 1 0 0 0 0 0 1 0 1 0 1 1 0 1 1 0 0 0 0 0 1 0 0 ]
d_25_21=3.601521346907 eijMax=7.484E-03 rmsd=6.030E+00 s=[ 0 0 0 1 1 1 1 1 0 0 1 0 0 1 0 1 0 0 0 0 0 1 0 1 0 1 1 0 1 1 0 0 0 0 0 1 0 0 ]
d_25_21=3.601721547107 eijMax=5.296E-03 rmsd=6.035E+00 s=[ 0 0 0 1 1 1 1 1 0 0 1 0 0 1 0 1 0 0 0 0 0 1 0 1 0 1 1 0 1 1 0 0 0 0 0 1 0 0 ]
d_25_21=3.601921747307 eijMax=3.109E-03 rmsd=6.040E+00 s=[ 0 0 0 1 1 1 1 1 0 0 1 0 0 1 0 1 0 0 0 0 0 1 0 1 0 1 1 0 1 1 0 0 0 0 0 1 0 0 ]
d_25_21=3.602121947508 eijMax=9.239E-04 rmsd=6.045E+00 s=[ 0 0 0 1 1 1 1 1 0 0 1 0 0 1 0 1 0 0 0 0 0 1 0 1 0 1 1 0 1 1 0 0 0 0 0 1 0 0 ]
d_25_21=3.602322147708 eijMax=1.261E-03 rmsd=6.050E+00 s=[ 0 0 0 1 1 1 1 1 0 0 1 0 0 1 0 1 0 0 0 0 0 1 0 1 0 1 1 0 1 1 0 0 0 0 0 1 0 0 ]
d_25_21=3.602522347908 eijMax=3.444E-03 rmsd=6.055E+00 s=[ 0 0 0 1 1 1 1 1 0 0 1 0 0 1 0 1 0 0 0 0 0 1 0 1 0 1 1 0 1 1 0 0 0 0 0 1 0 0 ]
d_25_21=3.602722548108 eijMax=5.627E-03 rmsd=6.060E+00 s=[ 0 0 0 1 1 1 1 1 0 0 1 0 0 1 0 1 0 0 0 0 0 1 0 1 0 1 1 0 1 1 0 0 0 0 0 1 0 0 ]
d_25_21=3.602922748308 eijMax=7.808E-03 rmsd=6.065E+00 s=[ 0 0 0 1 1 1 1 1 0 0 1 0 0 1 0 1 0 0 0 0 0 1 0 1 0 1 1 0 1 1 0 0 0 0 0 1 0 0 ]
d_25_21=3.603122948509 eijMax=9.988E-03 rmsd=6.071E+00 s=[ 0 0 0 1 1 1 1 1 0 0 1 0 0 1 0 1 0 0 0 0 0 1 0 1 0 1 1 0 1 1 0 0 0 0 0 1 0 0 ]
d_25_21=3.635955781341 eijMax=2.575E-03 rmsd=8.379E+00 s=[ 0 0 0 1 1 1 1 1 0 0 1 0 0 1 0 1 0 0 0 0 0 1 1 0 1 0 0 1 0 0 0 0 0 0 0 1 0 0 ]
d_25_21=3.638157983544 eijMax=9.589E-03 rmsd=7.787E+00 s=[ 0 0 0 1 1 1 1 1 0 0 1 0 0 1 0 1 0 0 0 0 0 1 1 0 1 0 0 1 0 0 1 1 1 1 1 0 1 1 ]
d_25_21=3.638358183744 eijMax=6.033E-03 rmsd=7.818E+00 s=[ 0 0 0 1 1 1 1 1 0 0 1 0 0 1 0 1 0 0 0 0 0 1 1 0 1 0 0 1 0 0 1 1 1 1 1 0 1 1 ]
d_25_21=3.638558383944 eijMax=2.505E-03 rmsd=7.850E+00 s=[ 0 0 0 1 1 1 1 1 0 0 1 0 0 1 0 1 0 0 0 0 0 1 1 0 1 0 0 1 0 0 1 1 1 1 1 0 1 1 ]
d_25_21=3.638758584144 eijMax=8.780E-04 rmsd=7.882E+00 s=[ 0 0 0 1 1 1 1 1 0 0 1 0 0 1 0 1 0 0 0 0 0 1 1 0 1 0 0 1 0 0 1 1 1 1 1 0 1 1 ]
d_25_21=3.638958784344 eijMax=3.832E-03 rmsd=7.914E+00 s=[ 0 0 0 1 1 1 1 1 0 0 1 0 0 1 0 1 0 0 0 0 0 1 1 0 1 0 0 1 0 0 1 1 1 1 1 0 1 1 ]
d_25_21=3.639158984545 eijMax=5.497E-03 rmsd=7.943E+00 s=[ 0 0 0 1 1 1 1 1 0 0 1 0 0 1 0 1 0 0 0 0 0 1 1 0 1 0 0 1 0 0 1 1 1 1 1 0 1 1 ]
d_25_21=3.639359184745 eijMax=1.610E-03 rmsd=7.957E+00 s=[ 0 0 0 1 1 1 1 1 0 0 1 0 0 1 0 1 0 0 0 0 0 1 1 0 1 0 0 1 0 0 1 1 1 1 1 0 1 1 ]
d_25_21=3.569889715275 eijMax=8.357E-03 rmsd=4.875E+00 s=[ 0 0 0 1 1 1 1 1 0 0 1 0 0 1 0 1 0 0 0 1 0 1 0 1 0 1 1 0 1 1 0 1 1 1 1 0 1 1 ]
d_25_21=3.570089915475 eijMax=3.907E-03 rmsd=4.851E+00 s=[ 0 0 0 1 1 1 1 1 0 0 1 0 0 1 0 1 0 0 0 1 0 1 0 1 0 1 1 0 1 1 0 1 1 1 1 0 1 1 ]
d_25_21=3.570690516076 eijMax=8.543E-03 rmsd=3.370E-01 s=[ 0 0 0 1 1 1 1 1 0 0 1 0 0 1 0 1 0 0 0 1 0 1 1 0 1 0 0 1 0 0 1 0 0 0 0 1 0 0 ]
d_25_21=3.570890716276 eijMax=5.635E-03 rmsd=2.567E-01 s=[ 0 0 0 1 1 1 1 1 0 0 1 0 0 1 0 1 0 0 0 1 0 1 1 0 1 0 0 1 0 0 1 0 0 0 0 1 0 0 ]
d_25_21=3.571090916476 eijMax=3.430E-03 rmsd=1.825E-01 s=[ 0 0 0 1 1 1 1 1 0 0 1 0 0 1 0 1 0 0 0 1 0 1 1 0 1 0 0 1 0 0 1 0 0 0 0 1 0 0 ]
d_25_21=3.571291116677 eijMax=1.794E-03 rmsd=1.132E-01 s=[ 0 0 0 1 1 1 1 1 0 0 1 0 0 1 0 1 0 0 0 1 0 1 1 0 1 0 0 1 0 0 1 0 0 0 0 1 0 0 ]
d_25_21=3.571491316877 eijMax=6.255E-04 rmsd=4.810E-02 s=[ 0 0 0 1 1 1 1 1 0 0 1 0 0 1 0 1 0 0 0 1 0 1 1 0 1 0 0 1 0 0 1 0 0 0 0 1 0 0 ]
d_25_21=3.571691517077 eijMax=1.548E-04 rmsd=1.340E-02 s=[ 0 0 0 1 1 1 1 1 0 0 1 0 0 1 0 1 0 0 0 1 0 1 1 0 1 0 0 1 0 0 1 0 0 0 0 1 0 0 ]
d_25_21=3.571891717277 eijMax=6.079E-04 rmsd=7.162E-02 s=[ 0 0 0 1 1 1 1 1 0 0 1 0 0 1 0 1 0 0 0 1 0 1 1 0 1 0 0 1 0 0 1 0 0 0 0 1 0 0 ]
d_25_21=3.572091917477 eijMax=7.834E-04 rmsd=1.271E-01 s=[ 0 0 0 1 1 1 1 1 0 0 1 0 0 1 0 1 0 0 0 1 0 1 1 0 1 0 0 1 0 0 1 0 0 0 0 1 0 0 ]
d_25_21=3.572292117678 eijMax=7.214E-04 rmsd=1.801E-01 s=[ 0 0 0 1 1 1 1 1 0 0 1 0 0 1 0 1 0 0 0 1 0 1 1 0 1 0 0 1 0 0 1 0 0 0 0 1 0 0 ]
d_25_21=3.572492317878 eijMax=4.551E-04 rmsd=2.309E-01 s=[ 0 0 0 1 1 1 1 1 0 0 1 0 0 1 0 1 0 0 0 1 0 1 1 0 1 0 0 1 0 0 1 0 0 0 0 1 0 0 ]
d_25_21=3.572692518078 eijMax=1.218E-05 rmsd=2.797E-01 s=[ 0 0 0 1 1 1 1 1 0 0 1 0 0 1 0 1 0 0 0 1 0 1 1 0 1 0 0 1 0 0 1 0 0 0 0 1 0 0 ]
d_25_21=3.572892718278 eijMax=5.842E-04 rmsd=3.267E-01 s=[ 0 0 0 1 1 1 1 1 0 0 1 0 0 1 0 1 0 0 0 1 0 1 1 0 1 0 0 1 0 0 1 0 0 0 0 1 0 0 ]
d_25_21=3.573092918478 eijMax=1.314E-03 rmsd=3.721E-01 s=[ 0 0 0 1 1 1 1 1 0 0 1 0 0 1 0 1 0 0 0 1 0 1 1 0 1 0 0 1 0 0 1 0 0 0 0 1 0 0 ]
d_25_21=3.573293118679 eijMax=2.161E-03 rmsd=4.160E-01 s=[ 0 0 0 1 1 1 1 1 0 0 1 0 0 1 0 1 0 0 0 1 0 1 1 0 1 0 0 1 0 0 1 0 0 0 0 1 0 0 ]
d_25_21=3.573493318879 eijMax=3.110E-03 rmsd=4.585E-01 s=[ 0 0 0 1 1 1 1 1 0 0 1 0 0 1 0 1 0 0 0 1 0 1 1 0 1 0 0 1 0 0 1 0 0 0 0 1 0 0 ]
d_25_21=3.573693519079 eijMax=4.149E-03 rmsd=4.997E-01 s=[ 0 0 0 1 1 1 1 1 0 0 1 0 0 1 0 1 0 0 0 1 0 1 1 0 1 0 0 1 0 0 1 0 0 0 0 1 0 0 ]
d_25_21=3.573893719279 eijMax=5.267E-03 rmsd=5.398E-01 s=[ 0 0 0 1 1 1 1 1 0 0 1 0 0 1 0 1 0 0 0 1 0 1 1 0 1 0 0 1 0 0 1 0 0 0 0 1 0 0 ]
d_25_21=3.574093919479 eijMax=6.454E-03 rmsd=5.788E-01 s=[ 0 0 0 1 1 1 1 1 0 0 1 0 0 1 0 1 0 0 0 1 0 1 1 0 1 0 0 1 0 0 1 0 0 0 0 1 0 0 ]
d_25_21=3.574294119680 eijMax=7.702E-03 rmsd=6.168E-01 s=[ 0 0 0 1 1 1 1 1 0 0 1 0 0 1 0 1 0 0 0 1 0 1 1 0 1 0 0 1 0 0 1 0 0 0 0 1 0 0 ]
d_25_21=3.574494319880 eijMax=9.004E-03 rmsd=6.538E-01 s=[ 0 0 0 1 1 1 1 1 0 0 1 0 0 1 0 1 0 0 0 1 0 1 1 0 1 0 0 1 0 0 1 0 0 0 0 1 0 0 ]
d_25_21=3.601721547107 eijMax=8.104E-03 rmsd=6.029E+00 s=[ 0 0 0 1 1 1 1 1 0 0 1 0 0 1 0 1 0 0 0 1 0 1 0 1 0 1 1 0 1 1 0 0 0 0 0 1 0 0 ]
d_25_21=3.601921747307 eijMax=5.909E-03 rmsd=6.034E+00 s=[ 0 0 0 1 1 1 1 1 0 0 1 0 0 1 0 1 0 0 0 1 0 1 0 1 0 1 1 0 1 1 0 0 0 0 0 1 0 0 ]
d_25_21=3.602121947508 eijMax=3.715E-03 rmsd=6.039E+00 s=[ 0 0 0 1 1 1 1 1 0 0 1 0 0 1 0 1 0 0 0 1 0 1 0 1 0 1 1 0 1 1 0 0 0 0 0 1 0 0 ]
d_25_21=3.602322147708 eijMax=1.522E-03 rmsd=6.044E+00 s=[ 0 0 0 1 1 1 1 1 0 0 1 0 0 1 0 1 0 0 0 1 0 1 0 1 0 1 1 0 1 1 0 0 0 0 0 1 0 0 ]
d_25_21=3.602522347908 eijMax=6.697E-04 rmsd=6.049E+00 s=[ 0 0 0 1 1 1 1 1 0 0 1 0 0 1 0 1 0 0 0 1 0 1 0 1 0 1 1 0 1 1 0 0 0 0 0 1 0 0 ]
d_25_21=3.602722548108 eijMax=2.861E-03 rmsd=6.054E+00 s=[ 0 0 0 1 1 1 1 1 0 0 1 0 0 1 0 1 0 0 0 1 0 1 0 1 0 1 1 0 1 1 0 0 0 0 0 1 0 0 ]
d_25_21=3.602922748308 eijMax=5.051E-03 rmsd=6.059E+00 s=[ 0 0 0 1 1 1 1 1 0 0 1 0 0 1 0 1 0 0 0 1 0 1 0 1 0 1 1 0 1 1 0 0 0 0 0 1 0 0 ]
d_25_21=3.603122948509 eijMax=7.239E-03 rmsd=6.064E+00 s=[ 0 0 0 1 1 1 1 1 0 0 1 0 0 1 0 1 0 0 0 1 0 1 0 1 0 1 1 0 1 1 0 0 0 0 0 1 0 0 ]
d_25_21=3.603323148709 eijMax=9.427E-03 rmsd=6.069E+00 s=[ 0 0 0 1 1 1 1 1 0 0 1 0 0 1 0 1 0 0 0 1 0 1 0 1 0 1 1 0 1 1 0 0 0 0 0 1 0 0 ]
d_25_21=3.635955781341 eijMax=3.813E-03 rmsd=8.372E+00 s=[ 0 0 0 1 1 1 1 1 0 0 1 0 0 1 0 1 0 0 0 1 0 1 1 0 1 0 0 1 0 0 0 0 0 0 0 1 0 0 ]
d_25_21=3.638358183744 eijMax=6.971E-03 rmsd=7.810E+00 s=[ 0 0 0 1 1 1 1 1 0 0 1 0 0 1 0 1 0 0 0 1 0 1 1 0 1 0 0 1 0 0 1 1 1 1 1 0 1 1 ]
d_25_21=3.638558383944 eijMax=3.359E-03 rmsd=7.842E+00 s=[ 0 0 0 1 1 1 1 1 0 0 1 0 0 1 0 1 0 0 0 1 0 1 1 0 1 0 0 1 0 0 1 1 1 1 1 0 1 1 ]
d_25_21=3.638758584144 eijMax=1.471E-04 rmsd=7.875E+00 s=[ 0 0 0 1 1 1 1 1 0 0 1 0 0 1 0 1 0 0 0 1 0 1 1 0 1 0 0 1 0 0 1 1 1 1 1 0 1 1 ]
d_25_21=3.638958784344 eijMax=3.306E-03 rmsd=7.908E+00 s=[ 0 0 0 1 1 1 1 1 0 0 1 0 0 1 0 1 0 0 0 1 0 1 1 0 1 0 0 1 0 0 1 1 1 1 1 0 1 1 ]
d_25_21=3.639158984545 eijMax=5.390E-03 rmsd=7.939E+00 s=[ 0 0 0 1 1 1 1 1 0 0 1 0 0 1 0 1 0 0 0 1 0 1 1 0 1 0 0 1 0 0 1 1 1 1 1 0 1 1 ]
d_25_21=3.639359184745 eijMax=2.986E-03 rmsd=7.958E+00 s=[ 0 0 0 1 1 1 1 1 0 0 1 0 0 1 0 1 0 0 0 1 0 1 1 0 1 0 0 1 0 0 1 1 1 1 1 0 1 1 ]
d_25_21=3.639359184745 eijMax=7.728E-04 rmsd=8.631E+00 s=[ 0 0 0 1 1 1 1 1 0 0 1 0 0 1 0 1 0 0 0 1 0 1 1 1 0 1 1 0 1 1 0 0 0 0 0 1 0 0 ]
num ..... 1000
nnodes .. 38
nedges .. 271
nsols ... 158
nbbsols 158
tsecs ... 19.155694
