xyz18=( -16.692523 13.707898 -6.592605 )
xyz18=( -16.691742 13.707672 -6.592081 )
xyz18=( -16.689392 13.706988 -6.590502 )
xyz18=( -16.688608 13.706758 -6.589973 )
xyz18=( -16.687822 13.706527 -6.589444 )
xyz18=( -16.687036 13.706296 -6.588914 )
xyz18=( -16.686249 13.706064 -6.588382 )
xyz18=( -16.685461 13.705830 -6.587849 )
xyz18=( -16.684673 13.705596 -6.587316 )
xyz18=( -16.683884 13.705361 -6.586781 )
xyz18=( -16.683094 13.705126 -6.586245 )
xyz18=( -16.682303 13.704889 -6.585709 )
xyz18=( -16.681511 13.704651 -6.585171 )
xyz18=( -16.680719 13.704413 -6.584632 )
xyz18=( -16.679926 13.704174 -6.584092 )
xyz18=( -16.679132 13.703933 -6.583551 )
xyz18=( -16.678337 13.703692 -6.583008 )
xyz18=( -16.677541 13.703450 -6.582465 )
xyz18=( -16.676745 13.703207 -6.581921 )
xyz18=( -16.675948 13.702963 -6.581375 )
xyz18=( -16.675150 13.702718 -6.580829 )
xyz18=( -16.674351 13.702473 -6.580281 )
xyz18=( -16.556137 13.658082 -6.492619 )
xyz18=( -16.555176 13.657651 -6.491849 )
xyz18=( -16.554214 13.657217 -6.491076 )
xyz18=( -16.553250 13.656781 -6.490300 )
xyz18=( -16.552284 13.656344 -6.489522 )
xyz18=( -16.551317 13.655904 -6.488742 )
xyz18=( -16.550348 13.655462 -6.487959 )
xyz18=( -16.549376 13.655018 -6.487173 )
xyz18=( -16.548404 13.654571 -6.486385 )
xyz18=( -16.334277 13.516646 -6.280262 )
xyz18=( -16.299373 13.483882 -6.238201 )
xyz18=( -16.295375 13.479863 -6.233164 )
xyz18=( -16.290992 13.475388 -6.227586 )
xyz18=( -16.286068 13.470273 -6.221246 )
xyz18=( -16.280295 13.464154 -6.213714 )
xyz18=( -16.272886 13.456098 -6.203880 )
xyz18=( -16.272886 13.456098 -6.203880 )
xyz18=( -16.691966 13.707737 -6.592231 )
xyz18=( -16.689623 13.707055 -6.590657 )
xyz18=( -16.688840 13.706826 -6.590130 )
xyz18=( -16.688057 13.706596 -6.589602 )
xyz18=( -16.687272 13.706365 -6.589073 )
xyz18=( -16.686488 13.706134 -6.588543 )
xyz18=( -16.685702 13.705902 -6.588012 )
xyz18=( -16.684916 13.705668 -6.587480 )
xyz18=( -16.684128 13.705434 -6.586947 )
xyz18=( -16.683341 13.705199 -6.586413 )
xyz18=( -16.682552 13.704964 -6.585878 )
xyz18=( -16.681762 13.704727 -6.585341 )
xyz18=( -16.680972 13.704489 -6.584804 )
xyz18=( -16.680181 13.704251 -6.584266 )
xyz18=( -16.679389 13.704011 -6.583726 )
xyz18=( -16.678597 13.703771 -6.583186 )
xyz18=( -16.677803 13.703530 -6.582644 )
xyz18=( -16.677009 13.703288 -6.582101 )
xyz18=( -16.676214 13.703045 -6.581557 )
xyz18=( -16.675418 13.702801 -6.581013 )
xyz18=( -16.674622 13.702556 -6.580467 )
xyz18=( -16.673824 13.702310 -6.579919 )
xyz18=( -16.556821 13.658389 -6.493168 )
xyz18=( -16.555865 13.657960 -6.492402 )
xyz18=( -16.554907 13.657530 -6.491633 )
xyz18=( -16.553948 13.657097 -6.490862 )
xyz18=( -16.552987 13.656662 -6.490088 )
xyz18=( -16.552024 13.656225 -6.489312 )
xyz18=( -16.551059 13.655786 -6.488533 )
xyz18=( -16.550092 13.655345 -6.487752 )
xyz18=( -16.549124 13.654902 -6.486969 )
xyz18=( -16.548154 13.654457 -6.486183 )
xyz18=( -16.333271 13.515755 -6.279094 )
xyz18=( -16.302079 13.486569 -6.241583 )
xyz18=( -16.298369 13.482878 -6.236941 )
xyz18=( -16.294366 13.478839 -6.231885 )
xyz18=( -16.289974 13.474338 -6.226281 )
xyz18=( -16.285033 13.469185 -6.219903 )
xyz18=( -16.279228 13.463008 -6.212309 )
xyz18=( -16.271736 13.454827 -6.202335 )
xyz18=( -16.581008 12.009370 -5.146485 )
xyz18=( -16.578829 12.011204 -5.147053 )
xyz18=( -16.578101 12.011818 -5.147243 )
xyz18=( -16.577373 12.012433 -5.147434 )
xyz18=( -16.576644 12.013049 -5.147626 )
xyz18=( -16.575915 12.013667 -5.147819 )
xyz18=( -16.575185 12.014285 -5.148013 )
xyz18=( -16.574454 12.014905 -5.148207 )
xyz18=( -16.573723 12.015527 -5.148402 )
xyz18=( -16.572991 12.016149 -5.148597 )
xyz18=( -16.572259 12.016773 -5.148794 )
xyz18=( -16.571525 12.017397 -5.148991 )
xyz18=( -16.570792 12.018024 -5.149189 )
xyz18=( -16.570057 12.018651 -5.149388 )
xyz18=( -16.569322 12.019280 -5.149587 )
xyz18=( -16.568586 12.019909 -5.149787 )
xyz18=( -16.567850 12.020541 -5.149988 )
xyz18=( -16.567113 12.021173 -5.150190 )
xyz18=( -16.566375 12.021807 -5.150392 )
xyz18=( -16.565637 12.022442 -5.150596 )
xyz18=( -16.564898 12.023078 -5.150800 )
xyz18=( -16.564158 12.023715 -5.151004 )
xyz18=( -16.456633 12.124872 -5.187751 )
xyz18=( -16.455764 12.125766 -5.188111 )
xyz18=( -16.454893 12.126663 -5.188473 )
xyz18=( -16.454020 12.127563 -5.188836 )
xyz18=( -16.453146 12.128466 -5.189201 )
xyz18=( -16.452271 12.129371 -5.189567 )
xyz18=( -16.451394 12.130280 -5.189936 )
xyz18=( -16.450516 12.131191 -5.190306 )
xyz18=( -16.449636 12.132105 -5.190678 )
xyz18=( -16.448755 12.133022 -5.191052 )
xyz18=( -16.258739 12.374938 -5.307966 )
xyz18=( -16.232320 12.418811 -5.332647 )
xyz18=( -16.229206 12.424241 -5.335769 )
xyz18=( -16.225853 12.430155 -5.339186 )
xyz18=( -16.222183 12.436712 -5.342995 )
xyz18=( -16.218066 12.444173 -5.347355 )
xyz18=( -16.213246 12.453059 -5.352583 )
xyz18=( -16.207051 12.464729 -5.359509 )
xyz18=( -16.581526 12.008934 -5.146351 )
xyz18=( -16.580799 12.009545 -5.146539 )
xyz18=( -16.578615 12.011385 -5.147109 )
xyz18=( -16.577885 12.012000 -5.147300 )
xyz18=( -16.577155 12.012617 -5.147492 )
xyz18=( -16.576425 12.013235 -5.147684 )
xyz18=( -16.575693 12.013855 -5.147878 )
xyz18=( -16.574961 12.014475 -5.148072 )
xyz18=( -16.574229 12.015097 -5.148267 )
xyz18=( -16.573496 12.015720 -5.148462 )
xyz18=( -16.572762 12.016344 -5.148659 )
xyz18=( -16.572027 12.016970 -5.148856 )
xyz18=( -16.571292 12.017596 -5.149054 )
xyz18=( -16.570556 12.018224 -5.149252 )
xyz18=( -16.569820 12.018854 -5.149452 )
xyz18=( -16.569083 12.019484 -5.149652 )
xyz18=( -16.568345 12.020116 -5.149853 )
xyz18=( -16.567607 12.020749 -5.150055 )
xyz18=( -16.566868 12.021383 -5.150257 )
xyz18=( -16.566128 12.022019 -5.150460 )
xyz18=( -16.565388 12.022656 -5.150664 )
xyz18=( -16.564647 12.023294 -5.150869 )
xyz18=( -16.456010 12.125512 -5.188009 )
xyz18=( -16.455137 12.126411 -5.188371 )
xyz18=( -16.454262 12.127313 -5.188735 )
xyz18=( -16.453386 12.128218 -5.189101 )
xyz18=( -16.452508 12.129126 -5.189468 )
xyz18=( -16.451629 12.130036 -5.189837 )
xyz18=( -16.450748 12.130950 -5.190208 )
xyz18=( -16.449866 12.131867 -5.190581 )
xyz18=( -16.448982 12.132786 -5.190955 )
xyz18=( -16.259598 12.373573 -5.307213 )
xyz18=( -16.230048 12.422766 -5.334920 )
xyz18=( -16.226698 12.428659 -5.338320 )
xyz18=( -16.223034 12.435185 -5.342106 )
xyz18=( -16.218928 12.442602 -5.346435 )
xyz18=( -16.214131 12.451415 -5.351613 )
xyz18=( -16.208000 12.462922 -5.358432 )
xyz18=( -16.208000 12.462922 -5.358432 )
