xyz18=( 53.695201 80.577723 147.974146 )
xyz18=( 53.695201 80.577723 147.974146 )
xyz18=( 53.695201 80.577723 147.974146 )
xyz18=( 53.695201 80.577723 147.974146 )
xyz18=( 53.694012 80.540587 147.914621 )
xyz18=( 53.694012 80.540587 147.914621 )
xyz18=( 53.693981 80.540214 147.914016 )
xyz18=( 53.693981 80.540214 147.914016 )
xyz18=( 53.693981 80.540214 147.914016 )
xyz18=( 53.693981 80.540214 147.914016 )
xyz18=( 53.693951 80.539840 147.913411 )
xyz18=( 53.693951 80.539840 147.913411 )
xyz18=( 53.693951 80.539840 147.913411 )
xyz18=( 53.693951 80.539840 147.913411 )
xyz18=( 53.693920 80.539467 147.912805 )
xyz18=( 53.693920 80.539467 147.912805 )
xyz18=( 53.693920 80.539467 147.912805 )
xyz18=( 53.693920 80.539467 147.912805 )
xyz18=( 53.691092 80.515129 147.873089 )
xyz18=( 53.691092 80.515129 147.873089 )
xyz18=( 53.691034 80.514742 147.872453 )
xyz18=( 53.691034 80.514742 147.872453 )
xyz18=( 53.690975 80.514355 147.871816 )
xyz18=( 53.690975 80.514355 147.871816 )
xyz18=( 53.690975 80.514355 147.871816 )
xyz18=( 53.690975 80.514355 147.871816 )
xyz18=( 53.690916 80.513968 147.871179 )
xyz18=( 53.690916 80.513968 147.871179 )
xyz18=( 53.690916 80.513968 147.871179 )
xyz18=( 53.690916 80.513968 147.871179 )
xyz18=( 53.690857 80.513580 147.870541 )
xyz18=( 53.690857 80.513580 147.870541 )
xyz18=( 53.690857 80.513580 147.870541 )
xyz18=( 53.690857 80.513580 147.870541 )
xyz18=( 53.690797 80.513192 147.869903 )
xyz18=( 53.690797 80.513192 147.869903 )
xyz18=( 53.690797 80.513192 147.869903 )
xyz18=( 53.690797 80.513192 147.869903 )
xyz18=( 53.690737 80.512804 147.869264 )
xyz18=( 53.690737 80.512804 147.869264 )
xyz18=( 53.690737 80.512804 147.869264 )
xyz18=( 53.690737 80.512804 147.869264 )
xyz18=( 53.690676 80.512415 147.868625 )
xyz18=( 53.690676 80.512415 147.868625 )
xyz18=( 53.690676 80.512415 147.868625 )
xyz18=( 53.690676 80.512415 147.868625 )
xyz18=( 53.690615 80.512027 147.867986 )
xyz18=( 53.690615 80.512027 147.867986 )
xyz18=( 53.690615 80.512027 147.867986 )
xyz18=( 53.690615 80.512027 147.867986 )
xyz18=( 53.690553 80.511638 147.867345 )
xyz18=( 53.690553 80.511638 147.867345 )
xyz18=( 53.690553 80.511638 147.867345 )
xyz18=( 53.690553 80.511638 147.867345 )
xyz18=( 53.690491 80.511249 147.866705 )
xyz18=( 53.690491 80.511249 147.866705 )
xyz18=( 53.690491 80.511249 147.866705 )
xyz18=( 53.690491 80.511249 147.866705 )
xyz18=( 53.690429 80.510860 147.866063 )
xyz18=( 53.690429 80.510860 147.866063 )
xyz18=( 53.690429 80.510860 147.866063 )
xyz18=( 53.690429 80.510860 147.866063 )
xyz18=( 53.690366 80.510470 147.865422 )
xyz18=( 53.690366 80.510470 147.865422 )
xyz18=( 52.506175 80.035478 146.701310 )
xyz18=( 52.506175 80.035478 146.701310 )
xyz18=( 52.506175 80.035478 146.701310 )
xyz18=( 52.506175 80.035478 146.701310 )
xyz18=( 52.574525 80.030056 146.716227 )
xyz18=( 52.574525 80.030056 146.716227 )
xyz18=( 52.575216 80.030011 146.716393 )
xyz18=( 52.575216 80.030011 146.716393 )
xyz18=( 52.575216 80.030011 146.716393 )
xyz18=( 52.575216 80.030011 146.716393 )
xyz18=( 52.575906 80.029966 146.716560 )
xyz18=( 52.575906 80.029966 146.716560 )
xyz18=( 52.575906 80.029966 146.716560 )
xyz18=( 52.575906 80.029966 146.716560 )
xyz18=( 52.576597 80.029922 146.716727 )
xyz18=( 52.576597 80.029922 146.716727 )
xyz18=( 52.576597 80.029922 146.716727 )
xyz18=( 52.576597 80.029922 146.716727 )
xyz18=( 52.621726 80.027454 146.728348 )
xyz18=( 52.621726 80.027454 146.728348 )
xyz18=( 52.622446 80.027422 146.728544 )
xyz18=( 52.622446 80.027422 146.728544 )
xyz18=( 52.623166 80.027390 146.728741 )
xyz18=( 52.623166 80.027390 146.728741 )
xyz18=( 52.623166 80.027390 146.728741 )
xyz18=( 52.623166 80.027390 146.728741 )
xyz18=( 52.623887 80.027358 146.728939 )
xyz18=( 52.623887 80.027358 146.728939 )
xyz18=( 52.623887 80.027358 146.728939 )
xyz18=( 52.623887 80.027358 146.728939 )
xyz18=( 52.624608 80.027326 146.729137 )
xyz18=( 52.624608 80.027326 146.729137 )
xyz18=( 52.624608 80.027326 146.729137 )
xyz18=( 52.624608 80.027326 146.729137 )
xyz18=( 52.625330 80.027295 146.729335 )
xyz18=( 52.625330 80.027295 146.729335 )
xyz18=( 52.625330 80.027295 146.729335 )
xyz18=( 52.625330 80.027295 146.729335 )
xyz18=( 52.626052 80.027263 146.729534 )
xyz18=( 52.626052 80.027263 146.729534 )
xyz18=( 52.626052 80.027263 146.729534 )
xyz18=( 52.626052 80.027263 146.729534 )
xyz18=( 52.626775 80.027232 146.729734 )
xyz18=( 52.626775 80.027232 146.729734 )
xyz18=( 52.626775 80.027232 146.729734 )
xyz18=( 52.626775 80.027232 146.729734 )
xyz18=( 52.627498 80.027201 146.729934 )
xyz18=( 52.627498 80.027201 146.729934 )
xyz18=( 52.627498 80.027201 146.729934 )
xyz18=( 52.627498 80.027201 146.729934 )
xyz18=( 52.628222 80.027171 146.730134 )
xyz18=( 52.628222 80.027171 146.730134 )
xyz18=( 52.628222 80.027171 146.730134 )
xyz18=( 52.628222 80.027171 146.730134 )
xyz18=( 52.628946 80.027140 146.730335 )
xyz18=( 52.628946 80.027140 146.730335 )
xyz18=( 52.628946 80.027140 146.730335 )
xyz18=( 52.628946 80.027140 146.730335 )
xyz18=( 52.629670 80.027110 146.730536 )
xyz18=( 52.629670 80.027110 146.730536 )
xyz18=( 52.629670 80.027110 146.730536 )
xyz18=( 52.629670 80.027110 146.730536 )
xyz18=( 52.630396 80.027080 146.730738 )
xyz18=( 52.630396 80.027080 146.730738 )
