d_25_21=3.456890855856 eijMax=6.357E-03 rmsd=3.136E+00 s=[ 0 0 0 0 1 1 1 1 1 0 1 0 0 1 1 1 1 1 0 0 0 1 1 1 0 1 1 1 0 0 0 1 0 0 0 1 0 0 ]
d_25_21=3.456890855856 eijMax=3.848E-03 rmsd=3.139E+00 s=[ 0 0 0 0 1 1 1 1 1 0 1 0 0 1 1 1 1 1 0 0 0 1 1 1 0 1 1 1 0 0 0 1 0 0 1 1 0 0 ]
d_25_21=3.456890855856 eijMax=9.736E-03 rmsd=3.133E+00 s=[ 0 0 0 0 1 1 1 1 1 0 1 0 0 1 1 1 1 1 0 0 0 1 1 1 0 1 1 1 1 0 0 1 0 0 0 1 0 0 ]
d_25_21=3.456890855856 eijMax=9.736E-03 rmsd=3.136E+00 s=[ 0 0 0 0 1 1 1 1 1 0 1 0 0 1 1 1 1 1 0 0 0 1 1 1 0 1 1 1 1 0 0 1 0 0 1 1 0 0 ]
d_25_21=3.477311276276 eijMax=9.652E-03 rmsd=7.109E-02 s=[ 0 0 0 0 1 1 1 1 1 0 1 0 0 1 1 1 1 1 0 0 0 1 0 1 0 1 1 1 0 0 1 1 0 0 0 1 0 0 ]
d_25_21=3.477311276276 eijMax=9.736E-03 rmsd=7.180E-02 s=[ 0 0 0 0 1 1 1 1 1 0 1 0 0 1 1 1 1 1 0 0 0 1 0 1 0 1 1 1 1 0 1 1 0 0 0 1 0 0 ]
d_25_21=3.477511476476 eijMax=6.646E-03 rmsd=4.928E-02 s=[ 0 0 0 0 1 1 1 1 1 0 1 0 0 1 1 1 1 1 0 0 0 1 0 1 0 1 1 1 0 0 1 1 0 0 0 1 0 0 ]
d_25_21=3.477511476476 eijMax=9.133E-03 rmsd=5.512E-02 s=[ 0 0 0 0 1 1 1 1 1 0 1 0 0 1 1 1 1 1 0 0 0 1 0 1 0 1 1 1 0 0 1 1 0 0 1 1 0 0 ]
d_25_21=3.477511476476 eijMax=9.736E-03 rmsd=5.099E-02 s=[ 0 0 0 0 1 1 1 1 1 0 1 0 0 1 1 1 1 1 0 0 0 1 0 1 0 1 1 1 1 0 1 1 0 0 0 1 0 0 ]
d_25_21=3.477511476476 eijMax=9.736E-03 rmsd=5.647E-02 s=[ 0 0 0 0 1 1 1 1 1 0 1 0 0 1 1 1 1 1 0 0 0 1 0 1 0 1 1 1 1 0 1 1 0 0 1 1 0 0 ]
d_25_21=3.477711676677 eijMax=6.357E-03 rmsd=2.446E-02 s=[ 0 0 0 0 1 1 1 1 1 0 1 0 0 1 1 1 1 1 0 0 0 1 0 1 0 1 1 1 0 0 1 1 0 0 0 1 0 0 ]
d_25_21=3.477711676677 eijMax=4.956E-03 rmsd=2.982E-02 s=[ 0 0 0 0 1 1 1 1 1 0 1 0 0 1 1 1 1 1 0 0 0 1 0 1 0 1 1 1 0 0 1 1 0 0 1 1 0 0 ]
d_25_21=3.477711676677 eijMax=9.736E-03 rmsd=2.920E-02 s=[ 0 0 0 0 1 1 1 1 1 0 1 0 0 1 1 1 1 1 0 0 0 1 0 1 0 1 1 1 1 0 1 1 0 0 0 1 0 0 ]
d_25_21=3.477711676677 eijMax=9.736E-03 rmsd=3.352E-02 s=[ 0 0 0 0 1 1 1 1 1 0 1 0 0 1 1 1 1 1 0 0 0 1 0 1 0 1 1 1 1 0 1 1 0 0 1 1 0 0 ]
d_25_21=3.477911876877 eijMax=6.357E-03 rmsd=1.372E-02 s=[ 0 0 0 0 1 1 1 1 1 0 1 0 0 1 1 1 1 1 0 0 0 1 0 1 0 1 1 1 0 0 1 1 0 0 0 1 0 0 ]
d_25_21=3.477911876877 eijMax=6.636E-04 rmsd=4.006E-03 s=[ 0 0 0 0 1 1 1 1 1 0 1 0 0 1 1 1 1 1 0 0 0 1 0 1 0 1 1 1 0 0 1 1 0 0 1 1 0 0 ]
d_25_21=3.477911876877 eijMax=9.736E-03 rmsd=2.368E-02 s=[ 0 0 0 0 1 1 1 1 1 0 1 0 0 1 1 1 1 1 0 0 0 1 0 1 0 1 1 1 1 0 1 1 0 0 0 1 0 0 ]
d_25_21=3.477911876877 eijMax=9.736E-03 rmsd=1.920E-02 s=[ 0 0 0 0 1 1 1 1 1 0 1 0 0 1 1 1 1 1 0 0 0 1 0 1 0 1 1 1 1 0 1 1 0 0 1 1 0 0 ]
d_25_21=3.490724689690 eijMax=9.736E-03 rmsd=4.891E+00 s=[ 0 0 0 0 1 1 1 1 1 0 1 0 0 1 1 1 1 1 0 0 0 1 1 0 1 0 0 0 0 1 0 1 1 1 1 0 1 1 ]
d_25_21=3.490724689690 eijMax=9.261E-03 rmsd=4.895E+00 s=[ 0 0 0 0 1 1 1 1 1 0 1 0 0 1 1 1 1 1 0 0 0 1 1 0 1 0 0 0 1 1 0 1 1 1 1 0 1 1 ]
d_25_21=3.490924889890 eijMax=9.736E-03 rmsd=4.894E+00 s=[ 0 0 0 0 1 1 1 1 1 0 1 0 0 1 1 1 1 1 0 0 0 1 1 0 1 0 0 0 0 1 0 1 1 1 1 0 1 1 ]
d_25_21=3.490924889890 eijMax=8.002E-03 rmsd=4.898E+00 s=[ 0 0 0 0 1 1 1 1 1 0 1 0 0 1 1 1 1 1 0 0 0 1 1 0 1 0 0 0 1 1 0 1 1 1 1 0 1 1 ]
d_25_21=3.491125090090 eijMax=9.736E-03 rmsd=4.902E+00 s=[ 0 0 0 0 1 1 1 1 1 0 1 0 0 1 1 1 1 1 0 0 0 1 1 0 1 0 0 0 0 1 0 1 1 1 0 0 1 1 ]
d_25_21=3.491125090090 eijMax=9.736E-03 rmsd=4.897E+00 s=[ 0 0 0 0 1 1 1 1 1 0 1 0 0 1 1 1 1 1 0 0 0 1 1 0 1 0 0 0 0 1 0 1 1 1 1 0 1 1 ]
d_25_21=3.491125090090 eijMax=9.695E-03 rmsd=4.905E+00 s=[ 0 0 0 0 1 1 1 1 1 0 1 0 0 1 1 1 1 1 0 0 0 1 1 0 1 0 0 0 1 1 0 1 1 1 0 0 1 1 ]
d_25_21=3.491125090090 eijMax=7.015E-03 rmsd=4.901E+00 s=[ 0 0 0 0 1 1 1 1 1 0 1 0 0 1 1 1 1 1 0 0 0 1 1 0 1 0 0 0 1 1 0 1 1 1 1 0 1 1 ]
d_25_21=3.491325290290 eijMax=9.736E-03 rmsd=4.905E+00 s=[ 0 0 0 0 1 1 1 1 1 0 1 0 0 1 1 1 1 1 0 0 0 1 1 0 1 0 0 0 0 1 0 1 1 1 0 0 1 1 ]
d_25_21=3.491325290290 eijMax=9.736E-03 rmsd=4.901E+00 s=[ 0 0 0 0 1 1 1 1 1 0 1 0 0 1 1 1 1 1 0 0 0 1 1 0 1 0 0 0 0 1 0 1 1 1 1 0 1 1 ]
d_25_21=3.491325290290 eijMax=8.324E-03 rmsd=4.908E+00 s=[ 0 0 0 0 1 1 1 1 1 0 1 0 0 1 1 1 1 1 0 0 0 1 1 0 1 0 0 0 1 1 0 1 1 1 0 0 1 1 ]
d_25_21=3.491325290290 eijMax=6.357E-03 rmsd=4.904E+00 s=[ 0 0 0 0 1 1 1 1 1 0 1 0 0 1 1 1 1 1 0 0 0 1 1 0 1 0 0 0 1 1 0 1 1 1 1 0 1 1 ]
d_25_21=3.491525490491 eijMax=9.736E-03 rmsd=4.908E+00 s=[ 0 0 0 0 1 1 1 1 1 0 1 0 0 1 1 1 1 1 0 0 0 1 1 0 1 0 0 0 0 1 0 1 1 1 0 0 1 1 ]
d_25_21=3.491525490491 eijMax=9.736E-03 rmsd=4.904E+00 s=[ 0 0 0 0 1 1 1 1 1 0 1 0 0 1 1 1 1 1 0 0 0 1 1 0 1 0 0 0 0 1 0 1 1 1 1 0 1 1 ]
d_25_21=3.491525490491 eijMax=6.894E-03 rmsd=4.911E+00 s=[ 0 0 0 0 1 1 1 1 1 0 1 0 0 1 1 1 1 1 0 0 0 1 1 0 1 0 0 0 1 1 0 1 1 1 0 0 1 1 ]
d_25_21=3.491525490491 eijMax=6.357E-03 rmsd=4.907E+00 s=[ 0 0 0 0 1 1 1 1 1 0 1 0 0 1 1 1 1 1 0 0 0 1 1 0 1 0 0 0 1 1 0 1 1 1 1 0 1 1 ]
d_25_21=3.491725690691 eijMax=9.736E-03 rmsd=4.911E+00 s=[ 0 0 0 0 1 1 1 1 1 0 1 0 0 1 1 1 1 1 0 0 0 1 1 0 1 0 0 0 0 1 0 1 1 1 0 0 1 1 ]
d_25_21=3.491725690691 eijMax=9.736E-03 rmsd=4.907E+00 s=[ 0 0 0 0 1 1 1 1 1 0 1 0 0 1 1 1 1 1 0 0 0 1 1 0 1 0 0 0 0 1 0 1 1 1 1 0 1 1 ]
d_25_21=3.491725690691 eijMax=5.397E-03 rmsd=4.914E+00 s=[ 0 0 0 0 1 1 1 1 1 0 1 0 0 1 1 1 1 1 0 0 0 1 1 0 1 0 0 0 1 1 0 1 1 1 0 0 1 1 ]
d_25_21=3.491725690691 eijMax=6.357E-03 rmsd=4.910E+00 s=[ 0 0 0 0 1 1 1 1 1 0 1 0 0 1 1 1 1 1 0 0 0 1 1 0 1 0 0 0 1 1 0 1 1 1 1 0 1 1 ]
d_25_21=3.491925890891 eijMax=9.736E-03 rmsd=4.914E+00 s=[ 0 0 0 0 1 1 1 1 1 0 1 0 0 1 1 1 1 1 0 0 0 1 1 0 1 0 0 0 0 1 0 1 1 1 0 0 1 1 ]
d_25_21=3.491925890891 eijMax=9.736E-03 rmsd=4.910E+00 s=[ 0 0 0 0 1 1 1 1 1 0 1 0 0 1 1 1 1 1 0 0 0 1 1 0 1 0 0 0 0 1 0 1 1 1 1 0 1 1 ]
d_25_21=3.491925890891 eijMax=3.821E-03 rmsd=4.917E+00 s=[ 0 0 0 0 1 1 1 1 1 0 1 0 0 1 1 1 1 1 0 0 0 1 1 0 1 0 0 0 1 1 0 1 1 1 0 0 1 1 ]
d_25_21=3.491925890891 eijMax=6.357E-03 rmsd=4.913E+00 s=[ 0 0 0 0 1 1 1 1 1 0 1 0 0 1 1 1 1 1 0 0 0 1 1 0 1 0 0 0 1 1 0 1 1 1 1 0 1 1 ]
d_25_21=3.492126091091 eijMax=9.736E-03 rmsd=4.917E+00 s=[ 0 0 0 0 1 1 1 1 1 0 1 0 0 1 1 1 1 1 0 0 0 1 1 0 1 0 0 0 0 1 0 1 1 1 0 0 1 1 ]
d_25_21=3.492126091091 eijMax=9.736E-03 rmsd=4.913E+00 s=[ 0 0 0 0 1 1 1 1 1 0 1 0 0 1 1 1 1 1 0 0 0 1 1 0 1 0 0 0 0 1 0 1 1 1 1 0 1 1 ]
d_25_21=3.492126091091 eijMax=2.152E-03 rmsd=4.920E+00 s=[ 0 0 0 0 1 1 1 1 1 0 1 0 0 1 1 1 1 1 0 0 0 1 1 0 1 0 0 0 1 1 0 1 1 1 0 0 1 1 ]
d_25_21=3.492126091091 eijMax=6.357E-03 rmsd=4.916E+00 s=[ 0 0 0 0 1 1 1 1 1 0 1 0 0 1 1 1 1 1 0 0 0 1 1 0 1 0 0 0 1 1 0 1 1 1 1 0 1 1 ]
d_25_21=3.492326291291 eijMax=9.736E-03 rmsd=4.920E+00 s=[ 0 0 0 0 1 1 1 1 1 0 1 0 0 1 1 1 1 1 0 0 0 1 1 0 1 0 0 0 0 1 0 1 1 1 0 0 1 1 ]
d_25_21=3.492326291291 eijMax=9.736E-03 rmsd=4.916E+00 s=[ 0 0 0 0 1 1 1 1 1 0 1 0 0 1 1 1 1 1 0 0 0 1 1 0 1 0 0 0 0 1 0 1 1 1 1 0 1 1 ]
d_25_21=3.492326291291 eijMax=3.701E-04 rmsd=4.924E+00 s=[ 0 0 0 0 1 1 1 1 1 0 1 0 0 1 1 1 1 1 0 0 0 1 1 0 1 0 0 0 1 1 0 1 1 1 0 0 1 1 ]
d_25_21=3.492326291291 eijMax=6.357E-03 rmsd=4.919E+00 s=[ 0 0 0 0 1 1 1 1 1 0 1 0 0 1 1 1 1 1 0 0 0 1 1 0 1 0 0 0 1 1 0 1 1 1 1 0 1 1 ]
d_25_21=3.492526491491 eijMax=9.736E-03 rmsd=4.923E+00 s=[ 0 0 0 0 1 1 1 1 1 0 1 0 0 1 1 1 1 1 0 0 0 1 1 0 1 0 0 0 0 1 0 1 1 1 0 0 1 1 ]
d_25_21=3.492526491491 eijMax=9.736E-03 rmsd=4.919E+00 s=[ 0 0 0 0 1 1 1 1 1 0 1 0 0 1 1 1 1 1 0 0 0 1 1 0 1 0 0 0 0 1 0 1 1 1 1 0 1 1 ]
d_25_21=3.492526491491 eijMax=1.552E-03 rmsd=4.927E+00 s=[ 0 0 0 0 1 1 1 1 1 0 1 0 0 1 1 1 1 1 0 0 0 1 1 0 1 0 0 0 1 1 0 1 1 1 0 0 1 1 ]
d_25_21=3.492526491491 eijMax=6.357E-03 rmsd=4.922E+00 s=[ 0 0 0 0 1 1 1 1 1 0 1 0 0 1 1 1 1 1 0 0 0 1 1 0 1 0 0 0 1 1 0 1 1 1 1 0 1 1 ]
d_25_21=3.492726691692 eijMax=9.736E-03 rmsd=4.926E+00 s=[ 0 0 0 0 1 1 1 1 1 0 1 0 0 1 1 1 1 1 0 0 0 1 1 0 1 0 0 0 0 1 0 1 1 1 0 0 1 1 ]
d_25_21=3.492726691692 eijMax=9.736E-03 rmsd=4.922E+00 s=[ 0 0 0 0 1 1 1 1 1 0 1 0 0 1 1 1 1 1 0 0 0 1 1 0 1 0 0 0 0 1 0 1 1 1 1 0 1 1 ]
d_25_21=3.492726691692 eijMax=3.658E-03 rmsd=4.930E+00 s=[ 0 0 0 0 1 1 1 1 1 0 1 0 0 1 1 1 1 1 0 0 0 1 1 0 1 0 0 0 1 1 0 1 1 1 0 0 1 1 ]
d_25_21=3.492726691692 eijMax=6.502E-03 rmsd=4.926E+00 s=[ 0 0 0 0 1 1 1 1 1 0 1 0 0 1 1 1 1 1 0 0 0 1 1 0 1 0 0 0 1 1 0 1 1 1 1 0 1 1 ]
d_25_21=3.492926891892 eijMax=9.736E-03 rmsd=4.929E+00 s=[ 0 0 0 0 1 1 1 1 1 0 1 0 0 1 1 1 1 1 0 0 0 1 1 0 1 0 0 0 0 1 0 1 1 1 0 0 1 1 ]
d_25_21=3.492926891892 eijMax=9.736E-03 rmsd=4.925E+00 s=[ 0 0 0 0 1 1 1 1 1 0 1 0 0 1 1 1 1 1 0 0 0 1 1 0 1 0 0 0 0 1 0 1 1 1 1 0 1 1 ]
d_25_21=3.492926891892 eijMax=6.016E-03 rmsd=4.933E+00 s=[ 0 0 0 0 1 1 1 1 1 0 1 0 0 1 1 1 1 1 0 0 0 1 1 0 1 0 0 0 1 1 0 1 1 1 0 0 1 1 ]
d_25_21=3.492926891892 eijMax=8.832E-03 rmsd=4.929E+00 s=[ 0 0 0 0 1 1 1 1 1 0 1 0 0 1 1 1 1 1 0 0 0 1 1 0 1 0 0 0 1 1 0 1 1 1 1 0 1 1 ]
d_25_21=3.493127092092 eijMax=9.736E-03 rmsd=4.932E+00 s=[ 0 0 0 0 1 1 1 1 1 0 1 0 0 1 1 1 1 1 0 0 0 1 1 0 1 0 0 0 0 1 0 1 1 1 0 0 1 1 ]
d_25_21=3.493127092092 eijMax=8.759E-03 rmsd=4.936E+00 s=[ 0 0 0 0 1 1 1 1 1 0 1 0 0 1 1 1 1 1 0 0 0 1 1 0 1 0 0 0 1 1 0 1 1 1 0 0 1 1 ]
d_25_21=3.456890855856 eijMax=9.736E-03 rmsd=3.136E+00 s=[ 0 0 0 1 0 0 0 0 0 1 0 1 1 0 0 0 0 0 1 0 1 0 0 0 1 0 0 0 0 1 1 0 1 1 0 0 1 1 ]
d_25_21=3.456890855856 eijMax=9.736E-03 rmsd=3.133E+00 s=[ 0 0 0 1 0 0 0 0 0 1 0 1 1 0 0 0 0 0 1 0 1 0 0 0 1 0 0 0 0 1 1 0 1 1 1 0 1 1 ]
d_25_21=3.456890855856 eijMax=3.848E-03 rmsd=3.139E+00 s=[ 0 0 0 1 0 0 0 0 0 1 0 1 1 0 0 0 0 0 1 0 1 0 0 0 1 0 0 0 1 1 1 0 1 1 0 0 1 1 ]
d_25_21=3.456890855856 eijMax=6.357E-03 rmsd=3.136E+00 s=[ 0 0 0 1 0 0 0 0 0 1 0 1 1 0 0 0 0 0 1 0 1 0 0 0 1 0 0 0 1 1 1 0 1 1 1 0 1 1 ]
d_25_21=3.477311276276 eijMax=9.736E-03 rmsd=7.180E-02 s=[ 0 0 0 1 0 0 0 0 0 1 0 1 1 0 0 0 0 0 1 0 1 0 1 0 1 0 0 0 0 1 0 0 1 1 1 0 1 1 ]
d_25_21=3.477311276276 eijMax=9.652E-03 rmsd=7.109E-02 s=[ 0 0 0 1 0 0 0 0 0 1 0 1 1 0 0 0 0 0 1 0 1 0 1 0 1 0 0 0 1 1 0 0 1 1 1 0 1 1 ]
d_25_21=3.477511476476 eijMax=9.736E-03 rmsd=5.647E-02 s=[ 0 0 0 1 0 0 0 0 0 1 0 1 1 0 0 0 0 0 1 0 1 0 1 0 1 0 0 0 0 1 0 0 1 1 0 0 1 1 ]
d_25_21=3.477511476476 eijMax=9.736E-03 rmsd=5.099E-02 s=[ 0 0 0 1 0 0 0 0 0 1 0 1 1 0 0 0 0 0 1 0 1 0 1 0 1 0 0 0 0 1 0 0 1 1 1 0 1 1 ]
d_25_21=3.477511476476 eijMax=9.133E-03 rmsd=5.512E-02 s=[ 0 0 0 1 0 0 0 0 0 1 0 1 1 0 0 0 0 0 1 0 1 0 1 0 1 0 0 0 1 1 0 0 1 1 0 0 1 1 ]
d_25_21=3.477511476476 eijMax=6.646E-03 rmsd=4.928E-02 s=[ 0 0 0 1 0 0 0 0 0 1 0 1 1 0 0 0 0 0 1 0 1 0 1 0 1 0 0 0 1 1 0 0 1 1 1 0 1 1 ]
d_25_21=3.477711676677 eijMax=9.736E-03 rmsd=3.352E-02 s=[ 0 0 0 1 0 0 0 0 0 1 0 1 1 0 0 0 0 0 1 0 1 0 1 0 1 0 0 0 0 1 0 0 1 1 0 0 1 1 ]
d_25_21=3.477711676677 eijMax=9.736E-03 rmsd=2.920E-02 s=[ 0 0 0 1 0 0 0 0 0 1 0 1 1 0 0 0 0 0 1 0 1 0 1 0 1 0 0 0 0 1 0 0 1 1 1 0 1 1 ]
d_25_21=3.477711676677 eijMax=4.956E-03 rmsd=2.982E-02 s=[ 0 0 0 1 0 0 0 0 0 1 0 1 1 0 0 0 0 0 1 0 1 0 1 0 1 0 0 0 1 1 0 0 1 1 0 0 1 1 ]
d_25_21=3.477711676677 eijMax=6.357E-03 rmsd=2.446E-02 s=[ 0 0 0 1 0 0 0 0 0 1 0 1 1 0 0 0 0 0 1 0 1 0 1 0 1 0 0 0 1 1 0 0 1 1 1 0 1 1 ]
d_25_21=3.477911876877 eijMax=9.736E-03 rmsd=1.920E-02 s=[ 0 0 0 1 0 0 0 0 0 1 0 1 1 0 0 0 0 0 1 0 1 0 1 0 1 0 0 0 0 1 0 0 1 1 0 0 1 1 ]
d_25_21=3.477911876877 eijMax=9.736E-03 rmsd=2.368E-02 s=[ 0 0 0 1 0 0 0 0 0 1 0 1 1 0 0 0 0 0 1 0 1 0 1 0 1 0 0 0 0 1 0 0 1 1 1 0 1 1 ]
d_25_21=3.477911876877 eijMax=6.636E-04 rmsd=4.006E-03 s=[ 0 0 0 1 0 0 0 0 0 1 0 1 1 0 0 0 0 0 1 0 1 0 1 0 1 0 0 0 1 1 0 0 1 1 0 0 1 1 ]
d_25_21=3.477911876877 eijMax=6.357E-03 rmsd=1.372E-02 s=[ 0 0 0 1 0 0 0 0 0 1 0 1 1 0 0 0 0 0 1 0 1 0 1 0 1 0 0 0 1 1 0 0 1 1 1 0 1 1 ]
d_25_21=3.490724689690 eijMax=9.261E-03 rmsd=4.895E+00 s=[ 0 0 0 1 0 0 0 0 0 1 0 1 1 0 0 0 0 0 1 0 1 0 0 1 0 1 1 1 0 0 1 0 0 0 0 1 0 0 ]
d_25_21=3.490724689690 eijMax=9.736E-03 rmsd=4.891E+00 s=[ 0 0 0 1 0 0 0 0 0 1 0 1 1 0 0 0 0 0 1 0 1 0 0 1 0 1 1 1 1 0 1 0 0 0 0 1 0 0 ]
d_25_21=3.490924889890 eijMax=8.002E-03 rmsd=4.898E+00 s=[ 0 0 0 1 0 0 0 0 0 1 0 1 1 0 0 0 0 0 1 0 1 0 0 1 0 1 1 1 0 0 1 0 0 0 0 1 0 0 ]
d_25_21=3.490924889890 eijMax=9.736E-03 rmsd=4.894E+00 s=[ 0 0 0 1 0 0 0 0 0 1 0 1 1 0 0 0 0 0 1 0 1 0 0 1 0 1 1 1 1 0 1 0 0 0 0 1 0 0 ]
d_25_21=3.491125090090 eijMax=7.015E-03 rmsd=4.901E+00 s=[ 0 0 0 1 0 0 0 0 0 1 0 1 1 0 0 0 0 0 1 0 1 0 0 1 0 1 1 1 0 0 1 0 0 0 0 1 0 0 ]
d_25_21=3.491125090090 eijMax=9.695E-03 rmsd=4.905E+00 s=[ 0 0 0 1 0 0 0 0 0 1 0 1 1 0 0 0 0 0 1 0 1 0 0 1 0 1 1 1 0 0 1 0 0 0 1 1 0 0 ]
d_25_21=3.491125090090 eijMax=9.736E-03 rmsd=4.897E+00 s=[ 0 0 0 1 0 0 0 0 0 1 0 1 1 0 0 0 0 0 1 0 1 0 0 1 0 1 1 1 1 0 1 0 0 0 0 1 0 0 ]
d_25_21=3.491125090090 eijMax=9.736E-03 rmsd=4.902E+00 s=[ 0 0 0 1 0 0 0 0 0 1 0 1 1 0 0 0 0 0 1 0 1 0 0 1 0 1 1 1 1 0 1 0 0 0 1 1 0 0 ]
d_25_21=3.491325290290 eijMax=6.357E-03 rmsd=4.904E+00 s=[ 0 0 0 1 0 0 0 0 0 1 0 1 1 0 0 0 0 0 1 0 1 0 0 1 0 1 1 1 0 0 1 0 0 0 0 1 0 0 ]
d_25_21=3.491325290290 eijMax=8.324E-03 rmsd=4.908E+00 s=[ 0 0 0 1 0 0 0 0 0 1 0 1 1 0 0 0 0 0 1 0 1 0 0 1 0 1 1 1 0 0 1 0 0 0 1 1 0 0 ]
d_25_21=3.491325290290 eijMax=9.736E-03 rmsd=4.901E+00 s=[ 0 0 0 1 0 0 0 0 0 1 0 1 1 0 0 0 0 0 1 0 1 0 0 1 0 1 1 1 1 0 1 0 0 0 0 1 0 0 ]
d_25_21=3.491325290290 eijMax=9.736E-03 rmsd=4.905E+00 s=[ 0 0 0 1 0 0 0 0 0 1 0 1 1 0 0 0 0 0 1 0 1 0 0 1 0 1 1 1 1 0 1 0 0 0 1 1 0 0 ]
d_25_21=3.491525490490 eijMax=6.357E-03 rmsd=4.907E+00 s=[ 0 0 0 1 0 0 0 0 0 1 0 1 1 0 0 0 0 0 1 0 1 0 0 1 0 1 1 1 0 0 1 0 0 0 0 1 0 0 ]
d_25_21=3.491525490490 eijMax=6.894E-03 rmsd=4.911E+00 s=[ 0 0 0 1 0 0 0 0 0 1 0 1 1 0 0 0 0 0 1 0 1 0 0 1 0 1 1 1 0 0 1 0 0 0 1 1 0 0 ]
d_25_21=3.491525490490 eijMax=9.736E-03 rmsd=4.904E+00 s=[ 0 0 0 1 0 0 0 0 0 1 0 1 1 0 0 0 0 0 1 0 1 0 0 1 0 1 1 1 1 0 1 0 0 0 0 1 0 0 ]
d_25_21=3.491525490490 eijMax=9.736E-03 rmsd=4.908E+00 s=[ 0 0 0 1 0 0 0 0 0 1 0 1 1 0 0 0 0 0 1 0 1 0 0 1 0 1 1 1 1 0 1 0 0 0 1 1 0 0 ]
d_25_21=3.491725690691 eijMax=6.357E-03 rmsd=4.910E+00 s=[ 0 0 0 1 0 0 0 0 0 1 0 1 1 0 0 0 0 0 1 0 1 0 0 1 0 1 1 1 0 0 1 0 0 0 0 1 0 0 ]
d_25_21=3.491725690691 eijMax=5.397E-03 rmsd=4.914E+00 s=[ 0 0 0 1 0 0 0 0 0 1 0 1 1 0 0 0 0 0 1 0 1 0 0 1 0 1 1 1 0 0 1 0 0 0 1 1 0 0 ]
d_25_21=3.491725690691 eijMax=9.736E-03 rmsd=4.907E+00 s=[ 0 0 0 1 0 0 0 0 0 1 0 1 1 0 0 0 0 0 1 0 1 0 0 1 0 1 1 1 1 0 1 0 0 0 0 1 0 0 ]
d_25_21=3.491725690691 eijMax=9.736E-03 rmsd=4.911E+00 s=[ 0 0 0 1 0 0 0 0 0 1 0 1 1 0 0 0 0 0 1 0 1 0 0 1 0 1 1 1 1 0 1 0 0 0 1 1 0 0 ]
d_25_21=3.491925890891 eijMax=6.357E-03 rmsd=4.913E+00 s=[ 0 0 0 1 0 0 0 0 0 1 0 1 1 0 0 0 0 0 1 0 1 0 0 1 0 1 1 1 0 0 1 0 0 0 0 1 0 0 ]
d_25_21=3.491925890891 eijMax=3.821E-03 rmsd=4.917E+00 s=[ 0 0 0 1 0 0 0 0 0 1 0 1 1 0 0 0 0 0 1 0 1 0 0 1 0 1 1 1 0 0 1 0 0 0 1 1 0 0 ]
d_25_21=3.491925890891 eijMax=9.736E-03 rmsd=4.910E+00 s=[ 0 0 0 1 0 0 0 0 0 1 0 1 1 0 0 0 0 0 1 0 1 0 0 1 0 1 1 1 1 0 1 0 0 0 0 1 0 0 ]
d_25_21=3.491925890891 eijMax=9.736E-03 rmsd=4.914E+00 s=[ 0 0 0 1 0 0 0 0 0 1 0 1 1 0 0 0 0 0 1 0 1 0 0 1 0 1 1 1 1 0 1 0 0 0 1 1 0 0 ]
d_25_21=3.492126091091 eijMax=6.357E-03 rmsd=4.916E+00 s=[ 0 0 0 1 0 0 0 0 0 1 0 1 1 0 0 0 0 0 1 0 1 0 0 1 0 1 1 1 0 0 1 0 0 0 0 1 0 0 ]
d_25_21=3.492126091091 eijMax=2.152E-03 rmsd=4.920E+00 s=[ 0 0 0 1 0 0 0 0 0 1 0 1 1 0 0 0 0 0 1 0 1 0 0 1 0 1 1 1 0 0 1 0 0 0 1 1 0 0 ]
d_25_21=3.492126091091 eijMax=9.736E-03 rmsd=4.913E+00 s=[ 0 0 0 1 0 0 0 0 0 1 0 1 1 0 0 0 0 0 1 0 1 0 0 1 0 1 1 1 1 0 1 0 0 0 0 1 0 0 ]
d_25_21=3.492126091091 eijMax=9.736E-03 rmsd=4.917E+00 s=[ 0 0 0 1 0 0 0 0 0 1 0 1 1 0 0 0 0 0 1 0 1 0 0 1 0 1 1 1 1 0 1 0 0 0 1 1 0 0 ]
d_25_21=3.492326291291 eijMax=6.357E-03 rmsd=4.919E+00 s=[ 0 0 0 1 0 0 0 0 0 1 0 1 1 0 0 0 0 0 1 0 1 0 0 1 0 1 1 1 0 0 1 0 0 0 0 1 0 0 ]
d_25_21=3.492326291291 eijMax=3.701E-04 rmsd=4.924E+00 s=[ 0 0 0 1 0 0 0 0 0 1 0 1 1 0 0 0 0 0 1 0 1 0 0 1 0 1 1 1 0 0 1 0 0 0 1 1 0 0 ]
d_25_21=3.492326291291 eijMax=9.736E-03 rmsd=4.916E+00 s=[ 0 0 0 1 0 0 0 0 0 1 0 1 1 0 0 0 0 0 1 0 1 0 0 1 0 1 1 1 1 0 1 0 0 0 0 1 0 0 ]
d_25_21=3.492326291291 eijMax=9.736E-03 rmsd=4.920E+00 s=[ 0 0 0 1 0 0 0 0 0 1 0 1 1 0 0 0 0 0 1 0 1 0 0 1 0 1 1 1 1 0 1 0 0 0 1 1 0 0 ]
d_25_21=3.492526491491 eijMax=6.357E-03 rmsd=4.922E+00 s=[ 0 0 0 1 0 0 0 0 0 1 0 1 1 0 0 0 0 0 1 0 1 0 0 1 0 1 1 1 0 0 1 0 0 0 0 1 0 0 ]
d_25_21=3.492526491491 eijMax=1.552E-03 rmsd=4.927E+00 s=[ 0 0 0 1 0 0 0 0 0 1 0 1 1 0 0 0 0 0 1 0 1 0 0 1 0 1 1 1 0 0 1 0 0 0 1 1 0 0 ]
d_25_21=3.492526491491 eijMax=9.736E-03 rmsd=4.919E+00 s=[ 0 0 0 1 0 0 0 0 0 1 0 1 1 0 0 0 0 0 1 0 1 0 0 1 0 1 1 1 1 0 1 0 0 0 0 1 0 0 ]
d_25_21=3.492526491491 eijMax=9.736E-03 rmsd=4.923E+00 s=[ 0 0 0 1 0 0 0 0 0 1 0 1 1 0 0 0 0 0 1 0 1 0 0 1 0 1 1 1 1 0 1 0 0 0 1 1 0 0 ]
d_25_21=3.492726691692 eijMax=6.502E-03 rmsd=4.926E+00 s=[ 0 0 0 1 0 0 0 0 0 1 0 1 1 0 0 0 0 0 1 0 1 0 0 1 0 1 1 1 0 0 1 0 0 0 0 1 0 0 ]
d_25_21=3.492726691692 eijMax=3.658E-03 rmsd=4.930E+00 s=[ 0 0 0 1 0 0 0 0 0 1 0 1 1 0 0 0 0 0 1 0 1 0 0 1 0 1 1 1 0 0 1 0 0 0 1 1 0 0 ]
d_25_21=3.492726691692 eijMax=9.736E-03 rmsd=4.922E+00 s=[ 0 0 0 1 0 0 0 0 0 1 0 1 1 0 0 0 0 0 1 0 1 0 0 1 0 1 1 1 1 0 1 0 0 0 0 1 0 0 ]
d_25_21=3.492726691692 eijMax=9.736E-03 rmsd=4.926E+00 s=[ 0 0 0 1 0 0 0 0 0 1 0 1 1 0 0 0 0 0 1 0 1 0 0 1 0 1 1 1 1 0 1 0 0 0 1 1 0 0 ]
d_25_21=3.492926891892 eijMax=8.832E-03 rmsd=4.929E+00 s=[ 0 0 0 1 0 0 0 0 0 1 0 1 1 0 0 0 0 0 1 0 1 0 0 1 0 1 1 1 0 0 1 0 0 0 0 1 0 0 ]
d_25_21=3.492926891892 eijMax=6.016E-03 rmsd=4.933E+00 s=[ 0 0 0 1 0 0 0 0 0 1 0 1 1 0 0 0 0 0 1 0 1 0 0 1 0 1 1 1 0 0 1 0 0 0 1 1 0 0 ]
d_25_21=3.492926891892 eijMax=9.736E-03 rmsd=4.925E+00 s=[ 0 0 0 1 0 0 0 0 0 1 0 1 1 0 0 0 0 0 1 0 1 0 0 1 0 1 1 1 1 0 1 0 0 0 0 1 0 0 ]
d_25_21=3.492926891892 eijMax=9.736E-03 rmsd=4.929E+00 s=[ 0 0 0 1 0 0 0 0 0 1 0 1 1 0 0 0 0 0 1 0 1 0 0 1 0 1 1 1 1 0 1 0 0 0 1 1 0 0 ]
d_25_21=3.493127092092 eijMax=8.759E-03 rmsd=4.936E+00 s=[ 0 0 0 1 0 0 0 0 0 1 0 1 1 0 0 0 0 0 1 0 1 0 0 1 0 1 1 1 0 0 1 0 0 0 1 1 0 0 ]
d_25_21=3.493127092092 eijMax=9.736E-03 rmsd=4.932E+00 s=[ 0 0 0 1 0 0 0 0 0 1 0 1 1 0 0 0 0 0 1 0 1 0 0 1 0 1 1 1 1 0 1 0 0 0 1 1 0 0 ]
num ..... 1000
nnodes .. 38
nedges .. 271
nsols ... 128
tsecs ... 33.817794
