order:    [ 12 1 2 11 10 9 8 6 5 4 7 3 0 21 22 37 36 35 34 33 32 31 30 29 28 27 26 25 24 23 20 13 19 18 17 16 15 14 ]
atoms:    [ CA CA C N C CA N C CA N H HA N CA C C CA N C CA N C CA N C CA N C CA N N C C CA N C CA N ]
residues: [ 3 0 0 3 2 2 2 1 1 1 1 0 0 6 6 11 11 11 10 10 10 9 9 9 8 8 8 7 7 7 6 3 5 5 5 4 4 4 ]

We use a different pair of symbles to represent the bits values which are associated with the HA and H of the discretized distance, and another one to represent the bits of other hydrogens.
For the HA and H from the discretized distance:
	"+" means 0
	"-" means 1
For any other hydrogens:
	">" means 0
	"<" means 1

d_7_3=3.412786758283 s=[ 0 0 0 0 0 0 0 0 1 1 + + 1 1 1 0 0 0 0 1 1 0 1 1 0 1 0 0 0 0 0 0 0 0 0 1 1 0 ] xyz0=( 44.662944, 21.330916, 7.732454 )

d_7_3=3.414806960303 s=[ 0 0 0 0 0 0 0 0 1 1 + + 1 1 1 0 0 0 0 1 1 0 1 1 0 1 0 0 0 0 0 0 0 0 0 1 1 0 ] xyz0=( 44.663748, 21.336862, 7.733572 )

d_7_3=3.416827162323 s=[ 0 0 0 0 0 0 0 0 1 1 + + 1 1 1 0 0 0 0 1 1 0 1 1 0 1 0 0 0 0 0 0 0 0 0 1 1 0 ] xyz0=( 44.664534, 21.342843, 7.734682 )

d_7_3=3.418847364343 s=[ 0 0 0 0 0 0 0 0 1 1 + + 1 1 1 0 0 0 0 1 1 0 1 1 0 1 0 0 0 0 0 0 0 0 0 1 1 0 ] xyz0=( 44.665300, 21.348860, 7.735782 )

d_7_3=3.420867566364 s=[ 0 0 0 0 0 0 0 0 1 1 + + 1 1 1 0 0 0 0 1 1 0 1 1 0 1 0 0 0 0 0 0 0 0 0 1 1 0 ] xyz0=( 44.666047, 21.354913, 7.736872 )

d_7_3=3.422887768384 s=[ 0 0 0 0 0 0 0 0 1 1 + + 1 1 1 0 0 0 0 1 1 0 1 1 0 1 0 0 0 0 0 0 0 0 0 1 1 0 ] xyz0=( 44.666775, 21.361001, 7.737953 )

d_7_3=3.424907970404 s=[ 0 0 0 0 0 0 0 0 1 1 + + 1 1 1 0 0 0 0 1 1 0 1 1 0 1 0 0 0 0 0 0 0 0 0 1 1 0 ] xyz0=( 44.667483, 21.367127, 7.739024 )

d_7_3=3.426928172424 s=[ 0 0 0 0 0 0 0 0 1 1 + + 1 1 1 0 0 0 0 1 1 0 1 1 0 1 0 0 0 0 0 0 0 0 0 1 1 0 ] xyz0=( 44.668170, 21.373290, 7.740085 )

d_7_3=3.457231202727 s=[ 0 0 0 0 0 0 0 0 1 1 + - 0 1 1 0 0 0 0 1 1 0 1 1 0 1 0 0 0 0 1 1 1 1 1 0 0 1 ] xyz0=( 44.327452, 20.590130, 7.434268 )

d_7_3=3.459251404747 s=[ 0 0 0 0 0 0 0 0 1 1 + - 0 1 1 0 0 0 0 1 1 0 1 1 0 1 0 0 0 0 1 1 1 1 1 0 0 1 ] xyz0=( 44.323291, 20.585667, 7.431027 )

d_7_3=3.461271606768 s=[ 0 0 0 0 0 0 0 0 1 1 + - 0 1 1 0 0 0 0 1 1 0 1 1 0 1 0 0 0 0 1 1 1 1 1 0 0 1 ] xyz0=( 44.319083, 20.581202, 7.427754 )

d_7_3=3.463291808788 s=[ 0 0 0 0 0 0 0 0 1 1 + - 0 1 1 0 0 0 0 1 1 0 1 1 0 1 0 0 0 0 1 1 1 1 1 0 0 1 ] xyz0=( 44.314826, 20.576735, 7.424448 )

d_7_3=3.465312010808 s=[ 0 0 0 0 0 0 0 0 1 1 + - 0 1 1 0 0 0 0 1 1 0 1 1 0 1 0 0 0 0 1 1 1 1 1 0 0 1 ] xyz0=( 44.310519, 20.572264, 7.421108 )

d_7_3=3.544099889596 s=[ 0 0 0 0 0 0 0 0 1 1 + + 0 1 1 0 0 0 0 1 1 0 1 1 0 1 0 0 0 0 0 1 1 1 1 0 0 1 ] xyz0=( 43.118059, 20.396274, 6.599244 )

d_7_3=3.564301909798 s=[ 0 0 0 0 0 0 0 0 1 1 + - 1 1 1 0 0 0 0 1 1 0 1 1 0 1 0 0 0 0 0 0 0 0 0 1 1 0 ] xyz0=( 44.150754, 22.727685, 7.522061 )

d_7_3=3.566322111818 s=[ 0 0 0 0 0 0 0 0 1 1 + - 1 1 1 0 0 0 0 1 1 0 1 1 0 1 0 0 0 0 0 0 0 0 0 1 1 0 ] xyz0=( 44.160116, 22.719919, 7.527627 )

d_7_3=3.568342313838 s=[ 0 0 0 0 0 0 0 0 1 1 + - 1 1 1 0 0 0 0 1 1 0 1 1 0 1 0 0 0 0 0 0 0 0 0 1 1 0 ] xyz0=( 44.169683, 22.711821, 7.533300 )

d_7_3=3.570362515859 s=[ 0 0 0 0 0 0 0 0 1 1 + - 1 1 1 0 0 0 0 1 1 0 1 1 0 1 0 0 0 0 0 0 0 0 0 1 1 0 ] xyz0=( 44.179473, 22.703361, 7.539088 )

d_7_3=3.572382717879 s=[ 0 0 0 0 0 0 0 0 1 1 + - 1 1 1 0 0 0 0 1 1 0 1 1 0 1 0 0 0 0 0 0 0 0 0 1 1 0 ] xyz0=( 44.189508, 22.694505, 7.545003 )

d_7_3=3.574402919899 s=[ 0 0 0 0 0 0 0 0 1 1 + - 1 1 1 0 0 0 0 1 1 0 1 1 0 1 0 0 0 0 0 0 0 0 0 1 1 0 ] xyz0=( 44.199812, 22.685212, 7.551057 )

d_7_3=3.580463525960 s=[ 0 0 0 0 0 0 0 0 1 1 + + 1 0 1 0 0 0 0 1 1 0 1 1 0 1 0 0 0 0 1 1 1 1 1 0 0 1 ] xyz0=( 44.596392, 22.057676, 7.757933 )

d_7_3=3.580463525960 s=[ 0 0 0 0 0 0 0 0 1 1 + - 1 0 0 1 1 1 1 0 0 1 0 0 1 0 1 1 1 1 1 1 1 1 1 0 0 1 ] xyz0=( 44.232664, 22.654176, 7.570223 )

d_7_3=3.582483727980 s=[ 0 0 0 0 0 0 0 0 1 1 + - 1 0 0 1 1 1 1 0 0 1 0 0 1 0 1 1 1 1 1 1 1 1 1 0 0 1 ] xyz0=( 44.244408, 22.642538, 7.577022 )

d_7_3=3.412786758283 s=[ 0 0 0 1 1 1 1 1 0 0 + - 0 0 0 1 1 1 1 0 0 1 0 0 1 0 1 1 1 1 1 1 1 1 1 0 0 1 ] xyz0=( 44.676563, 21.607761, 7.768462 )

d_7_3=3.414806960303 s=[ 0 0 0 1 1 1 1 1 0 0 + - 0 0 0 1 1 1 1 0 0 1 0 0 1 0 1 1 1 1 1 1 1 1 1 0 0 1 ] xyz0=( 44.676776, 21.601677, 7.768016 )

d_7_3=3.416827162323 s=[ 0 0 0 1 1 1 1 1 0 0 + - 0 0 0 1 1 1 1 0 0 1 0 0 1 0 1 1 1 1 1 1 1 1 1 0 0 1 ] xyz0=( 44.676966, 21.595564, 7.767552 )

d_7_3=3.418847364343 s=[ 0 0 0 1 1 1 1 1 0 0 + - 0 0 0 1 1 1 1 0 0 1 0 0 1 0 1 1 1 1 1 1 1 1 1 0 0 1 ] xyz0=( 44.677134, 21.589421, 7.767070 )

d_7_3=3.420867566364 s=[ 0 0 0 1 1 1 1 1 0 0 + - 0 0 0 1 1 1 1 0 0 1 0 0 1 0 1 1 1 1 1 1 1 1 1 0 0 1 ] xyz0=( 44.677280, 21.583247, 7.766571 )

d_7_3=3.422887768384 s=[ 0 0 0 1 1 1 1 1 0 0 + - 0 0 0 1 1 1 1 0 0 1 0 0 1 0 1 1 1 1 1 1 1 1 1 0 0 1 ] xyz0=( 44.677403, 21.577043, 7.766053 )

d_7_3=3.424907970404 s=[ 0 0 0 1 1 1 1 1 0 0 + - 0 0 0 1 1 1 1 0 0 1 0 0 1 0 1 1 1 1 1 1 1 1 1 0 0 1 ] xyz0=( 44.677503, 21.570808, 7.765516 )

d_7_3=3.426928172424 s=[ 0 0 0 1 1 1 1 1 0 0 + - 0 0 0 1 1 1 1 0 0 1 0 0 1 0 1 1 1 1 1 1 1 1 1 0 0 1 ] xyz0=( 44.677579, 21.564542, 7.764961 )

d_7_3=3.457231202727 s=[ 0 0 0 1 1 1 1 1 0 0 + + 1 0 0 1 1 1 1 0 0 1 0 0 1 0 1 1 1 1 0 0 0 0 0 1 1 0 ] xyz0=( 44.417910, 22.428919, 7.673431 )

d_7_3=3.459251404747 s=[ 0 0 0 1 1 1 1 1 0 0 + + 1 0 0 1 1 1 1 0 0 1 0 0 1 0 1 1 1 1 0 0 0 0 0 1 1 0 ] xyz0=( 44.414240, 22.434441, 7.671489 )

d_7_3=3.461271606768 s=[ 0 0 0 1 1 1 1 1 0 0 + + 1 0 0 1 1 1 1 0 0 1 0 0 1 0 1 1 1 1 0 0 0 0 0 1 1 0 ] xyz0=( 44.410524, 22.439978, 7.669517 )

d_7_3=3.463291808788 s=[ 0 0 0 1 1 1 1 1 0 0 + + 1 0 0 1 1 1 1 0 0 1 0 0 1 0 1 1 1 1 0 0 0 0 0 1 1 0 ] xyz0=( 44.406759, 22.445531, 7.667514 )

d_7_3=3.465312010808 s=[ 0 0 0 1 1 1 1 1 0 0 + + 1 0 0 1 1 1 1 0 0 1 0 0 1 0 1 1 1 1 0 0 0 0 0 1 1 0 ] xyz0=( 44.402946, 22.451099, 7.665480 )

d_7_3=3.544099889596 s=[ 0 0 0 1 1 1 1 1 0 0 + - 1 0 0 1 1 1 1 0 0 1 0 0 1 0 1 1 1 1 1 0 0 0 0 1 1 0 ] xyz0=( 43.243453, 22.945248, 6.930778 )

d_7_3=3.564301909798 s=[ 0 0 0 1 1 1 1 1 0 0 + + 0 0 0 1 1 1 1 0 0 1 0 0 1 0 1 1 1 1 1 1 1 1 1 0 0 1 ] xyz0=( 44.034627, 20.367114, 7.215032 )

d_7_3=3.566322111818 s=[ 0 0 0 1 1 1 1 1 0 0 + + 0 0 0 1 1 1 1 0 0 1 0 0 1 0 1 1 1 1 1 1 1 1 1 0 0 1 ] xyz0=( 44.044625, 20.372261, 7.222278 )

d_7_3=3.568342313838 s=[ 0 0 0 1 1 1 1 1 0 0 + + 0 0 0 1 1 1 1 0 0 1 0 0 1 0 1 1 1 1 1 1 1 1 1 0 0 1 ] xyz0=( 44.054857, 20.377681, 7.229709 )

d_7_3=3.570362515859 s=[ 0 0 0 1 1 1 1 1 0 0 + + 0 0 0 1 1 1 1 0 0 1 0 0 1 0 1 1 1 1 1 1 1 1 1 0 0 1 ] xyz0=( 44.065345, 20.383398, 7.237341 )

d_7_3=3.572382717879 s=[ 0 0 0 1 1 1 1 1 0 0 + + 0 0 0 1 1 1 1 0 0 1 0 0 1 0 1 1 1 1 1 1 1 1 1 0 0 1 ] xyz0=( 44.076113, 20.389440, 7.245194 )

d_7_3=3.574402919899 s=[ 0 0 0 1 1 1 1 1 0 0 + + 0 0 0 1 1 1 1 0 0 1 0 0 1 0 1 1 1 1 1 1 1 1 1 0 0 1 ] xyz0=( 44.087188, 20.395842, 7.253289 )

d_7_3=3.580463525960 s=[ 0 0 0 1 1 1 1 1 0 0 + + 0 1 1 0 0 0 0 1 1 0 1 1 0 1 0 0 0 0 0 0 0 0 0 1 1 0 ] xyz0=( 44.122639, 20.417638, 7.279327 )

d_7_3=3.580463525960 s=[ 0 0 0 1 1 1 1 1 0 0 + - 0 1 0 1 1 1 1 0 0 1 0 0 1 0 1 1 1 1 0 0 0 0 0 1 1 0 ] xyz0=( 44.539859, 20.908496, 7.608464 )

d_7_3=3.582483727980 s=[ 0 0 0 1 1 1 1 1 0 0 + + 0 1 1 0 0 0 0 1 1 0 1 1 0 1 0 0 0 0 0 0 0 0 0 1 1 0 ] xyz0=( 44.135365, 20.425965, 7.288722 )

