order:    [ 12 1 2 11 10 9 8 6 5 4 7 3 0 21 22 37 36 35 34 33 32 31 30 29 28 27 26 25 24 23 20 13 19 18 17 16 15 14 ]
atoms:    [ CA CA C N C CA N C CA N H HA N CA C C CA N C CA N C CA N C CA N C CA N N C C CA N C CA N ]
residues: [ 3 0 0 3 2 2 2 1 1 1 1 0 0 6 6 11 11 11 10 10 10 9 9 9 8 8 8 7 7 7 6 3 5 5 5 4 4 4 ]

d_7_3=3.412786758283 eijMax=7.738E-03 rmsd=7.461E+00 s=[ 0 0 0 0 0 0 0 0 1 1 0 0 1 1 1 0 0 0 0 1 1 0 1 1 0 1 0 0 0 0 0 0 0 0 0 1 1 0 ]
d_7_3=3.414806960303 eijMax=5.265E-03 rmsd=7.467E+00 s=[ 0 0 0 0 0 0 0 0 1 1 0 0 1 1 1 0 0 0 0 1 1 0 1 1 0 1 0 0 0 0 0 0 0 0 0 1 1 0 ]
d_7_3=3.416827162323 eijMax=2.801E-03 rmsd=7.473E+00 s=[ 0 0 0 0 0 0 0 0 1 1 0 0 1 1 1 0 0 0 0 1 1 0 1 1 0 1 0 0 0 0 0 0 0 0 0 1 1 0 ]
d_7_3=3.418847364343 eijMax=3.448E-04 rmsd=7.478E+00 s=[ 0 0 0 0 0 0 0 0 1 1 0 0 1 1 1 0 0 0 0 1 1 0 1 1 0 1 0 0 0 0 0 0 0 0 0 1 1 0 ]
d_7_3=3.420867566364 eijMax=2.102E-03 rmsd=7.484E+00 s=[ 0 0 0 0 0 0 0 0 1 1 0 0 1 1 1 0 0 0 0 1 1 0 1 1 0 1 0 0 0 0 0 0 0 0 0 1 1 0 ]
d_7_3=3.422887768384 eijMax=4.541E-03 rmsd=7.490E+00 s=[ 0 0 0 0 0 0 0 0 1 1 0 0 1 1 1 0 0 0 0 1 1 0 1 1 0 1 0 0 0 0 0 0 0 0 0 1 1 0 ]
d_7_3=3.424907970404 eijMax=6.970E-03 rmsd=7.495E+00 s=[ 0 0 0 0 0 0 0 0 1 1 0 0 1 1 1 0 0 0 0 1 1 0 1 1 0 1 0 0 0 0 0 0 0 0 0 1 1 0 ]
d_7_3=3.426928172424 eijMax=9.391E-03 rmsd=7.501E+00 s=[ 0 0 0 0 0 0 0 0 1 1 0 0 1 1 1 0 0 0 0 1 1 0 1 1 0 1 0 0 0 0 0 0 0 0 0 1 1 0 ]
d_7_3=3.457231202727 eijMax=8.468E-03 rmsd=6.194E-02 s=[ 0 0 0 0 0 0 0 0 1 1 0 1 0 1 1 0 0 0 0 1 1 0 1 1 0 1 0 0 0 0 1 1 1 1 1 0 0 1 ]
d_7_3=3.459251404747 eijMax=4.360E-03 rmsd=3.184E-02 s=[ 0 0 0 0 0 0 0 0 1 1 0 1 0 1 1 0 0 0 0 1 1 0 1 1 0 1 0 0 0 0 1 1 1 1 1 0 0 1 ]
d_7_3=3.461271606768 eijMax=2.062E-04 rmsd=1.451E-03 s=[ 0 0 0 0 0 0 0 0 1 1 0 1 0 1 1 0 0 0 0 1 1 0 1 1 0 1 0 0 0 0 1 1 1 1 1 0 0 1 ]
d_7_3=3.463291808788 eijMax=3.993E-03 rmsd=2.924E-02 s=[ 0 0 0 0 0 0 0 0 1 1 0 1 0 1 1 0 0 0 0 1 1 0 1 1 0 1 0 0 0 0 1 1 1 1 1 0 0 1 ]
d_7_3=3.465312010808 eijMax=8.240E-03 rmsd=6.023E-02 s=[ 0 0 0 0 0 0 0 0 1 1 0 1 0 1 1 0 0 0 0 1 1 0 1 1 0 1 0 0 0 0 1 1 1 1 1 0 0 1 ]
d_7_3=3.544099889596 eijMax=1.251E-03 rmsd=1.477E+01 s=[ 0 0 0 0 0 0 0 0 1 1 0 0 0 1 1 0 0 0 0 1 1 0 1 1 0 1 0 0 0 0 0 1 1 1 1 0 0 1 ]
d_7_3=3.564301909798 eijMax=9.571E-03 rmsd=9.331E+00 s=[ 0 0 0 0 0 0 0 0 1 1 0 1 1 1 1 0 0 0 0 1 1 0 1 1 0 1 0 0 0 0 0 0 0 0 0 1 1 0 ]
d_7_3=3.566322111818 eijMax=6.317E-03 rmsd=9.291E+00 s=[ 0 0 0 0 0 0 0 0 1 1 0 1 1 1 1 0 0 0 0 1 1 0 1 1 0 1 0 0 0 0 0 0 0 0 0 1 1 0 ]
d_7_3=3.568342313838 eijMax=2.992E-03 rmsd=9.250E+00 s=[ 0 0 0 0 0 0 0 0 1 1 0 1 1 1 1 0 0 0 0 1 1 0 1 1 0 1 0 0 0 0 0 0 0 0 0 1 1 0 ]
d_7_3=3.570362515859 eijMax=4.088E-04 rmsd=9.209E+00 s=[ 0 0 0 0 0 0 0 0 1 1 0 1 1 1 1 0 0 0 0 1 1 0 1 1 0 1 0 0 0 0 0 0 0 0 0 1 1 0 ]
d_7_3=3.572382717879 eijMax=3.894E-03 rmsd=9.167E+00 s=[ 0 0 0 0 0 0 0 0 1 1 0 1 1 1 1 0 0 0 0 1 1 0 1 1 0 1 0 0 0 0 0 0 0 0 0 1 1 0 ]
d_7_3=3.574402919899 eijMax=7.471E-03 rmsd=9.125E+00 s=[ 0 0 0 0 0 0 0 0 1 1 0 1 1 1 1 0 0 0 0 1 1 0 1 1 0 1 0 0 0 0 0 0 0 0 0 1 1 0 ]
d_7_3=3.580463525960 eijMax=2.645E-03 rmsd=1.135E+01 s=[ 0 0 0 0 0 0 0 0 1 1 0 0 1 0 1 0 0 0 0 1 1 0 1 1 0 1 0 0 0 0 1 1 1 1 1 0 0 1 ]
d_7_3=3.580463525960 eijMax=6.435E-03 rmsd=7.543E+00 s=[ 0 0 0 0 0 0 0 0 1 1 0 1 1 0 0 1 1 1 1 0 0 1 0 0 1 0 1 1 1 1 1 1 1 1 1 0 0 1 ]
d_7_3=3.582483727980 eijMax=4.378E-03 rmsd=7.540E+00 s=[ 0 0 0 0 0 0 0 0 1 1 0 1 1 0 0 1 1 1 1 0 0 1 0 0 1 0 1 1 1 1 1 1 1 1 1 0 0 1 ]
d_7_3=3.412786758283 eijMax=7.738E-03 rmsd=7.461E+00 s=[ 0 0 0 1 1 1 1 1 0 0 0 1 0 0 0 1 1 1 1 0 0 1 0 0 1 0 1 1 1 1 1 1 1 1 1 0 0 1 ]
d_7_3=3.414806960303 eijMax=5.265E-03 rmsd=7.467E+00 s=[ 0 0 0 1 1 1 1 1 0 0 0 1 0 0 0 1 1 1 1 0 0 1 0 0 1 0 1 1 1 1 1 1 1 1 1 0 0 1 ]
d_7_3=3.416827162323 eijMax=2.801E-03 rmsd=7.473E+00 s=[ 0 0 0 1 1 1 1 1 0 0 0 1 0 0 0 1 1 1 1 0 0 1 0 0 1 0 1 1 1 1 1 1 1 1 1 0 0 1 ]
d_7_3=3.418847364343 eijMax=3.448E-04 rmsd=7.478E+00 s=[ 0 0 0 1 1 1 1 1 0 0 0 1 0 0 0 1 1 1 1 0 0 1 0 0 1 0 1 1 1 1 1 1 1 1 1 0 0 1 ]
d_7_3=3.420867566364 eijMax=2.102E-03 rmsd=7.484E+00 s=[ 0 0 0 1 1 1 1 1 0 0 0 1 0 0 0 1 1 1 1 0 0 1 0 0 1 0 1 1 1 1 1 1 1 1 1 0 0 1 ]
d_7_3=3.422887768384 eijMax=4.541E-03 rmsd=7.490E+00 s=[ 0 0 0 1 1 1 1 1 0 0 0 1 0 0 0 1 1 1 1 0 0 1 0 0 1 0 1 1 1 1 1 1 1 1 1 0 0 1 ]
d_7_3=3.424907970404 eijMax=6.970E-03 rmsd=7.495E+00 s=[ 0 0 0 1 1 1 1 1 0 0 0 1 0 0 0 1 1 1 1 0 0 1 0 0 1 0 1 1 1 1 1 1 1 1 1 0 0 1 ]
d_7_3=3.426928172424 eijMax=9.391E-03 rmsd=7.501E+00 s=[ 0 0 0 1 1 1 1 1 0 0 0 1 0 0 0 1 1 1 1 0 0 1 0 0 1 0 1 1 1 1 1 1 1 1 1 0 0 1 ]
d_7_3=3.457231202727 eijMax=8.468E-03 rmsd=6.194E-02 s=[ 0 0 0 1 1 1 1 1 0 0 0 0 1 0 0 1 1 1 1 0 0 1 0 0 1 0 1 1 1 1 0 0 0 0 0 1 1 0 ]
d_7_3=3.459251404747 eijMax=4.360E-03 rmsd=3.184E-02 s=[ 0 0 0 1 1 1 1 1 0 0 0 0 1 0 0 1 1 1 1 0 0 1 0 0 1 0 1 1 1 1 0 0 0 0 0 1 1 0 ]
d_7_3=3.461271606768 eijMax=2.062E-04 rmsd=1.451E-03 s=[ 0 0 0 1 1 1 1 1 0 0 0 0 1 0 0 1 1 1 1 0 0 1 0 0 1 0 1 1 1 1 0 0 0 0 0 1 1 0 ]
d_7_3=3.463291808788 eijMax=3.993E-03 rmsd=2.924E-02 s=[ 0 0 0 1 1 1 1 1 0 0 0 0 1 0 0 1 1 1 1 0 0 1 0 0 1 0 1 1 1 1 0 0 0 0 0 1 1 0 ]
d_7_3=3.465312010808 eijMax=8.240E-03 rmsd=6.023E-02 s=[ 0 0 0 1 1 1 1 1 0 0 0 0 1 0 0 1 1 1 1 0 0 1 0 0 1 0 1 1 1 1 0 0 0 0 0 1 1 0 ]
d_7_3=3.544099889596 eijMax=1.251E-03 rmsd=1.477E+01 s=[ 0 0 0 1 1 1 1 1 0 0 0 1 1 0 0 1 1 1 1 0 0 1 0 0 1 0 1 1 1 1 1 0 0 0 0 1 1 0 ]
d_7_3=3.564301909798 eijMax=9.571E-03 rmsd=9.331E+00 s=[ 0 0 0 1 1 1 1 1 0 0 0 0 0 0 0 1 1 1 1 0 0 1 0 0 1 0 1 1 1 1 1 1 1 1 1 0 0 1 ]
d_7_3=3.566322111818 eijMax=6.317E-03 rmsd=9.291E+00 s=[ 0 0 0 1 1 1 1 1 0 0 0 0 0 0 0 1 1 1 1 0 0 1 0 0 1 0 1 1 1 1 1 1 1 1 1 0 0 1 ]
d_7_3=3.568342313838 eijMax=2.992E-03 rmsd=9.250E+00 s=[ 0 0 0 1 1 1 1 1 0 0 0 0 0 0 0 1 1 1 1 0 0 1 0 0 1 0 1 1 1 1 1 1 1 1 1 0 0 1 ]
d_7_3=3.570362515859 eijMax=4.088E-04 rmsd=9.209E+00 s=[ 0 0 0 1 1 1 1 1 0 0 0 0 0 0 0 1 1 1 1 0 0 1 0 0 1 0 1 1 1 1 1 1 1 1 1 0 0 1 ]
d_7_3=3.572382717879 eijMax=3.894E-03 rmsd=9.167E+00 s=[ 0 0 0 1 1 1 1 1 0 0 0 0 0 0 0 1 1 1 1 0 0 1 0 0 1 0 1 1 1 1 1 1 1 1 1 0 0 1 ]
d_7_3=3.574402919899 eijMax=7.471E-03 rmsd=9.125E+00 s=[ 0 0 0 1 1 1 1 1 0 0 0 0 0 0 0 1 1 1 1 0 0 1 0 0 1 0 1 1 1 1 1 1 1 1 1 0 0 1 ]
d_7_3=3.580463525960 eijMax=6.435E-03 rmsd=7.543E+00 s=[ 0 0 0 1 1 1 1 1 0 0 0 0 0 1 1 0 0 0 0 1 1 0 1 1 0 1 0 0 0 0 0 0 0 0 0 1 1 0 ]
d_7_3=3.580463525960 eijMax=2.645E-03 rmsd=1.135E+01 s=[ 0 0 0 1 1 1 1 1 0 0 0 1 0 1 0 1 1 1 1 0 0 1 0 0 1 0 1 1 1 1 0 0 0 0 0 1 1 0 ]
d_7_3=3.582483727980 eijMax=4.378E-03 rmsd=7.540E+00 s=[ 0 0 0 1 1 1 1 1 0 0 0 0 0 1 1 0 0 0 0 1 1 0 1 1 0 1 0 0 0 0 0 0 0 0 0 1 1 0 ]
num ..... 100
nnodes .. 38
nedges .. 271
nsols ... 46
nbbsols 46
tsecs ... 18.388799
