order:    [ 12 1 2 11 10 9 8 6 5 4 7 3 0 21 22 37 36 35 34 33 32 31 30 29 28 27 26 25 24 23 20 13 19 18 17 16 15 14 ]
atoms:    [ CA CA C N C CA N C CA N H HA N CA C C CA N C CA N C CA N C CA N C CA N N C C CA N C CA N ]
residues: [ 3 0 0 3 2 2 2 1 1 1 1 0 0 6 6 11 11 11 10 10 10 9 9 9 8 8 8 7 7 7 6 3 5 5 5 4 4 4 ]

We use a different pair of symbles to represent the bits values which are associated with the HA and H of the discretized distance, and another one to represent the bits of other hydrogens.
For the HA and H from the discretized distance:
	"+" means 0
	"-" means 1
For any other hydrogens:
	">" means 0
	"<" means 1

d_7_3=3.412786758283 s=[ 0 0 0 0 0 0 0 0 1 1 + + 1 1 1 0 0 0 0 1 1 0 1 1 0 1 0 0 0 0 0 0 0 0 0 1 1 0 ]

d_7_3=3.414806960303 s=[ 0 0 0 0 0 0 0 0 1 1 + + 1 1 1 0 0 0 0 1 1 0 1 1 0 1 0 0 0 0 0 0 0 0 0 1 1 0 ]

d_7_3=3.416827162323 s=[ 0 0 0 0 0 0 0 0 1 1 + + 1 1 1 0 0 0 0 1 1 0 1 1 0 1 0 0 0 0 0 0 0 0 0 1 1 0 ]

d_7_3=3.418847364343 s=[ 0 0 0 0 0 0 0 0 1 1 + + 1 1 1 0 0 0 0 1 1 0 1 1 0 1 0 0 0 0 0 0 0 0 0 1 1 0 ]

d_7_3=3.420867566364 s=[ 0 0 0 0 0 0 0 0 1 1 + + 1 1 1 0 0 0 0 1 1 0 1 1 0 1 0 0 0 0 0 0 0 0 0 1 1 0 ]

d_7_3=3.422887768384 s=[ 0 0 0 0 0 0 0 0 1 1 + + 1 1 1 0 0 0 0 1 1 0 1 1 0 1 0 0 0 0 0 0 0 0 0 1 1 0 ]

d_7_3=3.424907970404 s=[ 0 0 0 0 0 0 0 0 1 1 + + 1 1 1 0 0 0 0 1 1 0 1 1 0 1 0 0 0 0 0 0 0 0 0 1 1 0 ]

d_7_3=3.426928172424 s=[ 0 0 0 0 0 0 0 0 1 1 + + 1 1 1 0 0 0 0 1 1 0 1 1 0 1 0 0 0 0 0 0 0 0 0 1 1 0 ]

d_7_3=3.457231202727 s=[ 0 0 0 0 0 0 0 0 1 1 + - 0 1 1 0 0 0 0 1 1 0 1 1 0 1 0 0 0 0 1 1 1 1 1 0 0 1 ]

d_7_3=3.459251404747 s=[ 0 0 0 0 0 0 0 0 1 1 + - 0 1 1 0 0 0 0 1 1 0 1 1 0 1 0 0 0 0 1 1 1 1 1 0 0 1 ]

d_7_3=3.461271606768 s=[ 0 0 0 0 0 0 0 0 1 1 + - 0 1 1 0 0 0 0 1 1 0 1 1 0 1 0 0 0 0 1 1 1 1 1 0 0 1 ]

d_7_3=3.463291808788 s=[ 0 0 0 0 0 0 0 0 1 1 + - 0 1 1 0 0 0 0 1 1 0 1 1 0 1 0 0 0 0 1 1 1 1 1 0 0 1 ]

d_7_3=3.465312010808 s=[ 0 0 0 0 0 0 0 0 1 1 + - 0 1 1 0 0 0 0 1 1 0 1 1 0 1 0 0 0 0 1 1 1 1 1 0 0 1 ]

d_7_3=3.544099889596 s=[ 0 0 0 0 0 0 0 0 1 1 + + 0 1 1 0 0 0 0 1 1 0 1 1 0 1 0 0 0 0 0 1 1 1 1 0 0 1 ]

d_7_3=3.564301909798 s=[ 0 0 0 0 0 0 0 0 1 1 + - 1 1 1 0 0 0 0 1 1 0 1 1 0 1 0 0 0 0 0 0 0 0 0 1 1 0 ]

d_7_3=3.566322111818 s=[ 0 0 0 0 0 0 0 0 1 1 + - 1 1 1 0 0 0 0 1 1 0 1 1 0 1 0 0 0 0 0 0 0 0 0 1 1 0 ]

d_7_3=3.568342313838 s=[ 0 0 0 0 0 0 0 0 1 1 + - 1 1 1 0 0 0 0 1 1 0 1 1 0 1 0 0 0 0 0 0 0 0 0 1 1 0 ]

d_7_3=3.570362515859 s=[ 0 0 0 0 0 0 0 0 1 1 + - 1 1 1 0 0 0 0 1 1 0 1 1 0 1 0 0 0 0 0 0 0 0 0 1 1 0 ]

d_7_3=3.572382717879 s=[ 0 0 0 0 0 0 0 0 1 1 + - 1 1 1 0 0 0 0 1 1 0 1 1 0 1 0 0 0 0 0 0 0 0 0 1 1 0 ]

d_7_3=3.574402919899 s=[ 0 0 0 0 0 0 0 0 1 1 + - 1 1 1 0 0 0 0 1 1 0 1 1 0 1 0 0 0 0 0 0 0 0 0 1 1 0 ]

d_7_3=3.580463525960 s=[ 0 0 0 0 0 0 0 0 1 1 + + 1 0 1 0 0 0 0 1 1 0 1 1 0 1 0 0 0 0 1 1 1 1 1 0 0 1 ]

d_7_3=3.580463525960 s=[ 0 0 0 0 0 0 0 0 1 1 + - 1 0 0 1 1 1 1 0 0 1 0 0 1 0 1 1 1 1 1 1 1 1 1 0 0 1 ]

d_7_3=3.582483727980 s=[ 0 0 0 0 0 0 0 0 1 1 + - 1 0 0 1 1 1 1 0 0 1 0 0 1 0 1 1 1 1 1 1 1 1 1 0 0 1 ]

d_7_3=3.412786758283 s=[ 0 0 0 1 1 1 1 1 0 0 + - 0 0 0 1 1 1 1 0 0 1 0 0 1 0 1 1 1 1 1 1 1 1 1 0 0 1 ]

d_7_3=3.414806960303 s=[ 0 0 0 1 1 1 1 1 0 0 + - 0 0 0 1 1 1 1 0 0 1 0 0 1 0 1 1 1 1 1 1 1 1 1 0 0 1 ]

d_7_3=3.416827162323 s=[ 0 0 0 1 1 1 1 1 0 0 + - 0 0 0 1 1 1 1 0 0 1 0 0 1 0 1 1 1 1 1 1 1 1 1 0 0 1 ]

d_7_3=3.418847364343 s=[ 0 0 0 1 1 1 1 1 0 0 + - 0 0 0 1 1 1 1 0 0 1 0 0 1 0 1 1 1 1 1 1 1 1 1 0 0 1 ]

d_7_3=3.420867566364 s=[ 0 0 0 1 1 1 1 1 0 0 + - 0 0 0 1 1 1 1 0 0 1 0 0 1 0 1 1 1 1 1 1 1 1 1 0 0 1 ]

d_7_3=3.422887768384 s=[ 0 0 0 1 1 1 1 1 0 0 + - 0 0 0 1 1 1 1 0 0 1 0 0 1 0 1 1 1 1 1 1 1 1 1 0 0 1 ]

d_7_3=3.424907970404 s=[ 0 0 0 1 1 1 1 1 0 0 + - 0 0 0 1 1 1 1 0 0 1 0 0 1 0 1 1 1 1 1 1 1 1 1 0 0 1 ]

d_7_3=3.426928172424 s=[ 0 0 0 1 1 1 1 1 0 0 + - 0 0 0 1 1 1 1 0 0 1 0 0 1 0 1 1 1 1 1 1 1 1 1 0 0 1 ]

d_7_3=3.457231202727 s=[ 0 0 0 1 1 1 1 1 0 0 + + 1 0 0 1 1 1 1 0 0 1 0 0 1 0 1 1 1 1 0 0 0 0 0 1 1 0 ]

d_7_3=3.459251404747 s=[ 0 0 0 1 1 1 1 1 0 0 + + 1 0 0 1 1 1 1 0 0 1 0 0 1 0 1 1 1 1 0 0 0 0 0 1 1 0 ]

d_7_3=3.461271606768 s=[ 0 0 0 1 1 1 1 1 0 0 + + 1 0 0 1 1 1 1 0 0 1 0 0 1 0 1 1 1 1 0 0 0 0 0 1 1 0 ]

d_7_3=3.463291808788 s=[ 0 0 0 1 1 1 1 1 0 0 + + 1 0 0 1 1 1 1 0 0 1 0 0 1 0 1 1 1 1 0 0 0 0 0 1 1 0 ]

d_7_3=3.465312010808 s=[ 0 0 0 1 1 1 1 1 0 0 + + 1 0 0 1 1 1 1 0 0 1 0 0 1 0 1 1 1 1 0 0 0 0 0 1 1 0 ]

d_7_3=3.544099889596 s=[ 0 0 0 1 1 1 1 1 0 0 + - 1 0 0 1 1 1 1 0 0 1 0 0 1 0 1 1 1 1 1 0 0 0 0 1 1 0 ]

d_7_3=3.564301909798 s=[ 0 0 0 1 1 1 1 1 0 0 + + 0 0 0 1 1 1 1 0 0 1 0 0 1 0 1 1 1 1 1 1 1 1 1 0 0 1 ]

d_7_3=3.566322111818 s=[ 0 0 0 1 1 1 1 1 0 0 + + 0 0 0 1 1 1 1 0 0 1 0 0 1 0 1 1 1 1 1 1 1 1 1 0 0 1 ]

d_7_3=3.568342313838 s=[ 0 0 0 1 1 1 1 1 0 0 + + 0 0 0 1 1 1 1 0 0 1 0 0 1 0 1 1 1 1 1 1 1 1 1 0 0 1 ]

d_7_3=3.570362515859 s=[ 0 0 0 1 1 1 1 1 0 0 + + 0 0 0 1 1 1 1 0 0 1 0 0 1 0 1 1 1 1 1 1 1 1 1 0 0 1 ]

d_7_3=3.572382717879 s=[ 0 0 0 1 1 1 1 1 0 0 + + 0 0 0 1 1 1 1 0 0 1 0 0 1 0 1 1 1 1 1 1 1 1 1 0 0 1 ]

d_7_3=3.574402919899 s=[ 0 0 0 1 1 1 1 1 0 0 + + 0 0 0 1 1 1 1 0 0 1 0 0 1 0 1 1 1 1 1 1 1 1 1 0 0 1 ]

d_7_3=3.580463525960 s=[ 0 0 0 1 1 1 1 1 0 0 + + 0 1 1 0 0 0 0 1 1 0 1 1 0 1 0 0 0 0 0 0 0 0 0 1 1 0 ]

d_7_3=3.580463525960 s=[ 0 0 0 1 1 1 1 1 0 0 + - 0 1 0 1 1 1 1 0 0 1 0 0 1 0 1 1 1 1 0 0 0 0 0 1 1 0 ]

d_7_3=3.582483727980 s=[ 0 0 0 1 1 1 1 1 0 0 + + 0 1 1 0 0 0 0 1 1 0 1 1 0 1 0 0 0 0 0 0 0 0 0 1 1 0 ]

