xyz0=( 44.662944 21.330916 7.732454 )
xyz0=( 44.663748 21.336862 7.733572 )
xyz0=( 44.664534 21.342843 7.734682 )
xyz0=( 44.665300 21.348860 7.735782 )
xyz0=( 44.666047 21.354913 7.736872 )
xyz0=( 44.666775 21.361001 7.737953 )
xyz0=( 44.667483 21.367127 7.739024 )
xyz0=( 44.668170 21.373290 7.740085 )
xyz0=( 44.327452 20.590130 7.434268 )
xyz0=( 44.323291 20.585667 7.431027 )
xyz0=( 44.319083 20.581202 7.427754 )
xyz0=( 44.314826 20.576735 7.424448 )
xyz0=( 44.310519 20.572264 7.421108 )
xyz0=( 43.118059 20.396274 6.599244 )
xyz0=( 44.150754 22.727685 7.522061 )
xyz0=( 44.160116 22.719919 7.527627 )
xyz0=( 44.169683 22.711821 7.533300 )
xyz0=( 44.179473 22.703361 7.539088 )
xyz0=( 44.189508 22.694505 7.545003 )
xyz0=( 44.199812 22.685212 7.551057 )
xyz0=( 44.596392 22.057676 7.757933 )
xyz0=( 44.232664 22.654176 7.570223 )
xyz0=( 44.244408 22.642538 7.577022 )
xyz0=( 44.676563 21.607761 7.768462 )
xyz0=( 44.676776 21.601677 7.768016 )
xyz0=( 44.676966 21.595564 7.767552 )
xyz0=( 44.677134 21.589421 7.767070 )
xyz0=( 44.677280 21.583247 7.766571 )
xyz0=( 44.677403 21.577043 7.766053 )
xyz0=( 44.677503 21.570808 7.765516 )
xyz0=( 44.677579 21.564542 7.764961 )
xyz0=( 44.417910 22.428919 7.673431 )
xyz0=( 44.414240 22.434441 7.671489 )
xyz0=( 44.410524 22.439978 7.669517 )
xyz0=( 44.406759 22.445531 7.667514 )
xyz0=( 44.402946 22.451099 7.665480 )
xyz0=( 43.243453 22.945248 6.930778 )
xyz0=( 44.034627 20.367114 7.215032 )
xyz0=( 44.044625 20.372261 7.222278 )
xyz0=( 44.054857 20.377681 7.229709 )
xyz0=( 44.065345 20.383398 7.237341 )
xyz0=( 44.076113 20.389440 7.245194 )
xyz0=( 44.087188 20.395842 7.253289 )
xyz0=( 44.122639 20.417638 7.279327 )
xyz0=( 44.539859 20.908496 7.608464 )
xyz0=( 44.135365 20.425965 7.288722 )
