order:    [ 12 1 2 11 10 9 8 6 5 4 7 3 0 21 22 37 36 35 34 33 32 31 30 29 28 27 26 25 24 23 20 13 19 18 17 16 15 14 ]
atoms:    [ CA CA C N C CA N C CA N H HA N CA C C CA N C CA N C CA N C CA N C CA N N C C CA N C CA N ]
residues: [ 3 0 0 3 2 2 2 1 1 1 1 0 0 6 6 11 11 11 10 10 10 9 9 9 8 8 8 7 7 7 6 3 5 5 5 4 4 4 ]

We use a different pair of symbles to represent the bits values which are associated with the HA and H of the discretized distance, and another one to represent the bits of other hydrogens.
For the HA and H from the discretized distance:
	"+" means 0
	"-" means 1
For any other hydrogens:
	">" means 0
	"<" means 1

d_7_3=3.411130556627 s=[ 0 0 0 0 0 0 0 0 1 1 + + 1 1 1 0 0 0 0 1 1 0 1 1 0 1 0 0 0 0 0 0 0 0 0 1 1 0 ]

d_7_3=3.411330756827 s=[ 0 0 0 0 0 0 0 0 1 1 + + 1 1 1 0 0 0 0 1 1 0 1 1 0 1 0 0 0 0 0 0 0 0 0 1 1 0 ]

d_7_3=3.411530957027 s=[ 0 0 0 0 0 0 0 0 1 1 + + 1 1 1 0 0 0 0 1 1 0 1 1 0 1 0 0 0 0 0 0 0 0 0 1 1 0 ]

d_7_3=3.411731157227 s=[ 0 0 0 0 0 0 0 0 1 1 + + 1 1 1 0 0 0 0 1 1 0 1 1 0 1 0 0 0 0 0 0 0 0 0 1 1 0 ]

d_7_3=3.411931357427 s=[ 0 0 0 0 0 0 0 0 1 1 + + 1 1 1 0 0 0 0 1 1 0 1 1 0 1 0 0 0 0 0 0 0 0 0 1 1 0 ]

d_7_3=3.412131557628 s=[ 0 0 0 0 0 0 0 0 1 1 + + 1 1 1 0 0 0 0 1 1 0 1 1 0 1 0 0 0 0 0 0 0 0 0 1 1 0 ]

d_7_3=3.412331757828 s=[ 0 0 0 0 0 0 0 0 1 1 + + 1 1 1 0 0 0 0 1 1 0 1 1 0 1 0 0 0 0 0 0 0 0 0 1 1 0 ]

d_7_3=3.412531958028 s=[ 0 0 0 0 0 0 0 0 1 1 + + 1 1 1 0 0 0 0 1 1 0 1 1 0 1 0 0 0 0 0 0 0 0 0 1 1 0 ]

d_7_3=3.412732158228 s=[ 0 0 0 0 0 0 0 0 1 1 + + 1 1 1 0 0 0 0 1 1 0 1 1 0 1 0 0 0 0 0 0 0 0 0 1 1 0 ]

d_7_3=3.412932358428 s=[ 0 0 0 0 0 0 0 0 1 1 + + 1 1 1 0 0 0 0 1 1 0 1 1 0 1 0 0 0 0 0 0 0 0 0 1 1 0 ]

d_7_3=3.413132558629 s=[ 0 0 0 0 0 0 0 0 1 1 + + 1 1 1 0 0 0 0 1 1 0 1 1 0 1 0 0 0 0 0 0 0 0 0 1 1 0 ]

d_7_3=3.413332758829 s=[ 0 0 0 0 0 0 0 0 1 1 + + 1 1 1 0 0 0 0 1 1 0 1 1 0 1 0 0 0 0 0 0 0 0 0 1 1 0 ]

d_7_3=3.413532959029 s=[ 0 0 0 0 0 0 0 0 1 1 + + 1 1 1 0 0 0 0 1 1 0 1 1 0 1 0 0 0 0 0 0 0 0 0 1 1 0 ]

d_7_3=3.413733159229 s=[ 0 0 0 0 0 0 0 0 1 1 + + 1 1 1 0 0 0 0 1 1 0 1 1 0 1 0 0 0 0 0 0 0 0 0 1 1 0 ]

d_7_3=3.413933359429 s=[ 0 0 0 0 0 0 0 0 1 1 + + 1 1 1 0 0 0 0 1 1 0 1 1 0 1 0 0 0 0 0 0 0 0 0 1 1 0 ]

d_7_3=3.414133559630 s=[ 0 0 0 0 0 0 0 0 1 1 + + 1 1 1 0 0 0 0 1 1 0 1 1 0 1 0 0 0 0 0 0 0 0 0 1 1 0 ]

d_7_3=3.414333759830 s=[ 0 0 0 0 0 0 0 0 1 1 + + 1 1 1 0 0 0 0 1 1 0 1 1 0 1 0 0 0 0 0 0 0 0 0 1 1 0 ]

d_7_3=3.414533960030 s=[ 0 0 0 0 0 0 0 0 1 1 + + 1 1 1 0 0 0 0 1 1 0 1 1 0 1 0 0 0 0 0 0 0 0 0 1 1 0 ]

d_7_3=3.414734160230 s=[ 0 0 0 0 0 0 0 0 1 1 + + 1 1 1 0 0 0 0 1 1 0 1 1 0 1 0 0 0 0 0 0 0 0 0 1 1 0 ]

d_7_3=3.414934360430 s=[ 0 0 0 0 0 0 0 0 1 1 + + 1 1 1 0 0 0 0 1 1 0 1 1 0 1 0 0 0 0 0 0 0 0 0 1 1 0 ]

d_7_3=3.415134560631 s=[ 0 0 0 0 0 0 0 0 1 1 + + 1 1 1 0 0 0 0 1 1 0 1 1 0 1 0 0 0 0 0 0 0 0 0 1 1 0 ]

d_7_3=3.415334760831 s=[ 0 0 0 0 0 0 0 0 1 1 + + 1 1 1 0 0 0 0 1 1 0 1 1 0 1 0 0 0 0 0 0 0 0 0 1 1 0 ]

d_7_3=3.415534961031 s=[ 0 0 0 0 0 0 0 0 1 1 + + 1 1 1 0 0 0 0 1 1 0 1 1 0 1 0 0 0 0 0 0 0 0 0 1 1 0 ]

d_7_3=3.415735161231 s=[ 0 0 0 0 0 0 0 0 1 1 + + 1 1 1 0 0 0 0 1 1 0 1 1 0 1 0 0 0 0 0 0 0 0 0 1 1 0 ]

d_7_3=3.415935361431 s=[ 0 0 0 0 0 0 0 0 1 1 + + 1 1 1 0 0 0 0 1 1 0 1 1 0 1 0 0 0 0 0 0 0 0 0 1 1 0 ]

d_7_3=3.416135561632 s=[ 0 0 0 0 0 0 0 0 1 1 + + 1 1 1 0 0 0 0 1 1 0 1 1 0 1 0 0 0 0 0 0 0 0 0 1 1 0 ]

d_7_3=3.416335761832 s=[ 0 0 0 0 0 0 0 0 1 1 + + 1 1 1 0 0 0 0 1 1 0 1 1 0 1 0 0 0 0 0 0 0 0 0 1 1 0 ]

d_7_3=3.416535962032 s=[ 0 0 0 0 0 0 0 0 1 1 + + 1 1 1 0 0 0 0 1 1 0 1 1 0 1 0 0 0 0 0 0 0 0 0 1 1 0 ]

d_7_3=3.416736162232 s=[ 0 0 0 0 0 0 0 0 1 1 + + 1 1 1 0 0 0 0 1 1 0 1 1 0 1 0 0 0 0 0 0 0 0 0 1 1 0 ]

d_7_3=3.416936362432 s=[ 0 0 0 0 0 0 0 0 1 1 + + 1 1 1 0 0 0 0 1 1 0 1 1 0 1 0 0 0 0 0 0 0 0 0 1 1 0 ]

d_7_3=3.417136562633 s=[ 0 0 0 0 0 0 0 0 1 1 + + 1 1 1 0 0 0 0 1 1 0 1 1 0 1 0 0 0 0 0 0 0 0 0 1 1 0 ]

d_7_3=3.417336762833 s=[ 0 0 0 0 0 0 0 0 1 1 + + 1 1 1 0 0 0 0 1 1 0 1 1 0 1 0 0 0 0 0 0 0 0 0 1 1 0 ]

d_7_3=3.417536963033 s=[ 0 0 0 0 0 0 0 0 1 1 + + 1 1 1 0 0 0 0 1 1 0 1 1 0 1 0 0 0 0 0 0 0 0 0 1 1 0 ]

d_7_3=3.417737163233 s=[ 0 0 0 0 0 0 0 0 1 1 + + 1 1 1 0 0 0 0 1 1 0 1 1 0 1 0 0 0 0 0 0 0 0 0 1 1 0 ]

d_7_3=3.417937363433 s=[ 0 0 0 0 0 0 0 0 1 1 + + 1 1 1 0 0 0 0 1 1 0 1 1 0 1 0 0 0 0 0 0 0 0 0 1 1 0 ]

d_7_3=3.418137563634 s=[ 0 0 0 0 0 0 0 0 1 1 + + 1 1 1 0 0 0 0 1 1 0 1 1 0 1 0 0 0 0 0 0 0 0 0 1 1 0 ]

d_7_3=3.418337763834 s=[ 0 0 0 0 0 0 0 0 1 1 + + 1 1 1 0 0 0 0 1 1 0 1 1 0 1 0 0 0 0 0 0 0 0 0 1 1 0 ]

d_7_3=3.418537964034 s=[ 0 0 0 0 0 0 0 0 1 1 + + 1 1 1 0 0 0 0 1 1 0 1 1 0 1 0 0 0 0 0 0 0 0 0 1 1 0 ]

d_7_3=3.418738164234 s=[ 0 0 0 0 0 0 0 0 1 1 + + 1 1 1 0 0 0 0 1 1 0 1 1 0 1 0 0 0 0 0 0 0 0 0 1 1 0 ]

d_7_3=3.418938364434 s=[ 0 0 0 0 0 0 0 0 1 1 + + 1 1 1 0 0 0 0 1 1 0 1 1 0 1 0 0 0 0 0 0 0 0 0 1 1 0 ]

d_7_3=3.419138564635 s=[ 0 0 0 0 0 0 0 0 1 1 + + 1 1 1 0 0 0 0 1 1 0 1 1 0 1 0 0 0 0 0 0 0 0 0 1 1 0 ]

d_7_3=3.419338764835 s=[ 0 0 0 0 0 0 0 0 1 1 + + 1 1 1 0 0 0 0 1 1 0 1 1 0 1 0 0 0 0 0 0 0 0 0 1 1 0 ]

d_7_3=3.419538965035 s=[ 0 0 0 0 0 0 0 0 1 1 + + 1 1 1 0 0 0 0 1 1 0 1 1 0 1 0 0 0 0 0 0 0 0 0 1 1 0 ]

d_7_3=3.419739165235 s=[ 0 0 0 0 0 0 0 0 1 1 + + 1 1 1 0 0 0 0 1 1 0 1 1 0 1 0 0 0 0 0 0 0 0 0 1 1 0 ]

d_7_3=3.419939365435 s=[ 0 0 0 0 0 0 0 0 1 1 + + 1 1 1 0 0 0 0 1 1 0 1 1 0 1 0 0 0 0 0 0 0 0 0 1 1 0 ]

d_7_3=3.420139565636 s=[ 0 0 0 0 0 0 0 0 1 1 + + 1 1 1 0 0 0 0 1 1 0 1 1 0 1 0 0 0 0 0 0 0 0 0 1 1 0 ]

d_7_3=3.420339765836 s=[ 0 0 0 0 0 0 0 0 1 1 + + 1 1 1 0 0 0 0 1 1 0 1 1 0 1 0 0 0 0 0 0 0 0 0 1 1 0 ]

d_7_3=3.420539966036 s=[ 0 0 0 0 0 0 0 0 1 1 + + 1 1 1 0 0 0 0 1 1 0 1 1 0 1 0 0 0 0 0 0 0 0 0 1 1 0 ]

d_7_3=3.420740166236 s=[ 0 0 0 0 0 0 0 0 1 1 + + 1 1 1 0 0 0 0 1 1 0 1 1 0 1 0 0 0 0 0 0 0 0 0 1 1 0 ]

d_7_3=3.420940366436 s=[ 0 0 0 0 0 0 0 0 1 1 + + 1 1 1 0 0 0 0 1 1 0 1 1 0 1 0 0 0 0 0 0 0 0 0 1 1 0 ]

d_7_3=3.421140566637 s=[ 0 0 0 0 0 0 0 0 1 1 + + 1 1 1 0 0 0 0 1 1 0 1 1 0 1 0 0 0 0 0 0 0 0 0 1 1 0 ]

d_7_3=3.421340766837 s=[ 0 0 0 0 0 0 0 0 1 1 + + 1 1 1 0 0 0 0 1 1 0 1 1 0 1 0 0 0 0 0 0 0 0 0 1 1 0 ]

d_7_3=3.421540967037 s=[ 0 0 0 0 0 0 0 0 1 1 + + 1 1 1 0 0 0 0 1 1 0 1 1 0 1 0 0 0 0 0 0 0 0 0 1 1 0 ]

d_7_3=3.421741167237 s=[ 0 0 0 0 0 0 0 0 1 1 + + 1 1 1 0 0 0 0 1 1 0 1 1 0 1 0 0 0 0 0 0 0 0 0 1 1 0 ]

d_7_3=3.421941367437 s=[ 0 0 0 0 0 0 0 0 1 1 + + 1 1 1 0 0 0 0 1 1 0 1 1 0 1 0 0 0 0 0 0 0 0 0 1 1 0 ]

d_7_3=3.422141567638 s=[ 0 0 0 0 0 0 0 0 1 1 + + 1 1 1 0 0 0 0 1 1 0 1 1 0 1 0 0 0 0 0 0 0 0 0 1 1 0 ]

d_7_3=3.422341767838 s=[ 0 0 0 0 0 0 0 0 1 1 + + 1 1 1 0 0 0 0 1 1 0 1 1 0 1 0 0 0 0 0 0 0 0 0 1 1 0 ]

d_7_3=3.422541968038 s=[ 0 0 0 0 0 0 0 0 1 1 + + 1 1 1 0 0 0 0 1 1 0 1 1 0 1 0 0 0 0 0 0 0 0 0 1 1 0 ]

d_7_3=3.422742168238 s=[ 0 0 0 0 0 0 0 0 1 1 + + 1 1 1 0 0 0 0 1 1 0 1 1 0 1 0 0 0 0 0 0 0 0 0 1 1 0 ]

d_7_3=3.422942368438 s=[ 0 0 0 0 0 0 0 0 1 1 + + 1 1 1 0 0 0 0 1 1 0 1 1 0 1 0 0 0 0 0 0 0 0 0 1 1 0 ]

d_7_3=3.423142568639 s=[ 0 0 0 0 0 0 0 0 1 1 + + 1 1 1 0 0 0 0 1 1 0 1 1 0 1 0 0 0 0 0 0 0 0 0 1 1 0 ]

d_7_3=3.423342768839 s=[ 0 0 0 0 0 0 0 0 1 1 + + 1 1 1 0 0 0 0 1 1 0 1 1 0 1 0 0 0 0 0 0 0 0 0 1 1 0 ]

d_7_3=3.423542969039 s=[ 0 0 0 0 0 0 0 0 1 1 + + 1 1 1 0 0 0 0 1 1 0 1 1 0 1 0 0 0 0 0 0 0 0 0 1 1 0 ]

d_7_3=3.423743169239 s=[ 0 0 0 0 0 0 0 0 1 1 + + 1 1 1 0 0 0 0 1 1 0 1 1 0 1 0 0 0 0 0 0 0 0 0 1 1 0 ]

d_7_3=3.423943369439 s=[ 0 0 0 0 0 0 0 0 1 1 + + 1 1 1 0 0 0 0 1 1 0 1 1 0 1 0 0 0 0 0 0 0 0 0 1 1 0 ]

d_7_3=3.424143569640 s=[ 0 0 0 0 0 0 0 0 1 1 + + 1 1 1 0 0 0 0 1 1 0 1 1 0 1 0 0 0 0 0 0 0 0 0 1 1 0 ]

d_7_3=3.424343769840 s=[ 0 0 0 0 0 0 0 0 1 1 + + 1 1 1 0 0 0 0 1 1 0 1 1 0 1 0 0 0 0 0 0 0 0 0 1 1 0 ]

d_7_3=3.424543970040 s=[ 0 0 0 0 0 0 0 0 1 1 + + 1 1 1 0 0 0 0 1 1 0 1 1 0 1 0 0 0 0 0 0 0 0 0 1 1 0 ]

d_7_3=3.424744170240 s=[ 0 0 0 0 0 0 0 0 1 1 + + 1 1 1 0 0 0 0 1 1 0 1 1 0 1 0 0 0 0 0 0 0 0 0 1 1 0 ]

d_7_3=3.424944370440 s=[ 0 0 0 0 0 0 0 0 1 1 + + 1 1 1 0 0 0 0 1 1 0 1 1 0 1 0 0 0 0 0 0 0 0 0 1 1 0 ]

d_7_3=3.425144570641 s=[ 0 0 0 0 0 0 0 0 1 1 + + 1 1 1 0 0 0 0 1 1 0 1 1 0 1 0 0 0 0 0 0 0 0 0 1 1 0 ]

d_7_3=3.425344770841 s=[ 0 0 0 0 0 0 0 0 1 1 + + 1 1 1 0 0 0 0 1 1 0 1 1 0 1 0 0 0 0 0 0 0 0 0 1 1 0 ]

d_7_3=3.425544971041 s=[ 0 0 0 0 0 0 0 0 1 1 + + 1 1 1 0 0 0 0 1 1 0 1 1 0 1 0 0 0 0 0 0 0 0 0 1 1 0 ]

d_7_3=3.425745171241 s=[ 0 0 0 0 0 0 0 0 1 1 + + 1 1 1 0 0 0 0 1 1 0 1 1 0 1 0 0 0 0 0 0 0 0 0 1 1 0 ]

d_7_3=3.425945371441 s=[ 0 0 0 0 0 0 0 0 1 1 + + 1 1 1 0 0 0 0 1 1 0 1 1 0 1 0 0 0 0 0 0 0 0 0 1 1 0 ]

d_7_3=3.426145571642 s=[ 0 0 0 0 0 0 0 0 1 1 + + 1 1 1 0 0 0 0 1 1 0 1 1 0 1 0 0 0 0 0 0 0 0 0 1 1 0 ]

d_7_3=3.426345771842 s=[ 0 0 0 0 0 0 0 0 1 1 + + 1 1 1 0 0 0 0 1 1 0 1 1 0 1 0 0 0 0 0 0 0 0 0 1 1 0 ]

d_7_3=3.426545972042 s=[ 0 0 0 0 0 0 0 0 1 1 + + 1 1 1 0 0 0 0 1 1 0 1 1 0 1 0 0 0 0 0 0 0 0 0 1 1 0 ]

d_7_3=3.426746172242 s=[ 0 0 0 0 0 0 0 0 1 1 + + 1 1 1 0 0 0 0 1 1 0 1 1 0 1 0 0 0 0 0 0 0 0 0 1 1 0 ]

d_7_3=3.426946372442 s=[ 0 0 0 0 0 0 0 0 1 1 + + 1 1 1 0 0 0 0 1 1 0 1 1 0 1 0 0 0 0 0 0 0 0 0 1 1 0 ]

d_7_3=3.427146572643 s=[ 0 0 0 0 0 0 0 0 1 1 + + 1 1 1 0 0 0 0 1 1 0 1 1 0 1 0 0 0 0 0 0 0 0 0 1 1 0 ]

d_7_3=3.427346772843 s=[ 0 0 0 0 0 0 0 0 1 1 + + 1 1 1 0 0 0 0 1 1 0 1 1 0 1 0 0 0 0 0 0 0 0 0 1 1 0 ]

d_7_3=3.429949375445 s=[ 0 0 0 0 0 0 0 0 1 1 + - 1 0 0 1 1 1 1 0 0 1 0 0 1 0 1 1 1 1 1 1 0 0 0 1 1 0 ]

d_7_3=3.430149575646 s=[ 0 0 0 0 0 0 0 0 1 1 + - 1 0 0 1 1 1 1 0 0 1 0 0 1 0 1 1 1 1 1 1 0 0 0 1 1 0 ]

d_7_3=3.456576002072 s=[ 0 0 0 0 0 0 0 0 1 1 + - 0 1 1 0 0 0 0 1 1 0 1 1 0 1 0 0 0 0 1 1 1 1 1 0 0 1 ]

d_7_3=3.456776202272 s=[ 0 0 0 0 0 0 0 0 1 1 + - 0 1 1 0 0 0 0 1 1 0 1 1 0 1 0 0 0 0 1 1 1 1 1 0 0 1 ]

d_7_3=3.456976402472 s=[ 0 0 0 0 0 0 0 0 1 1 + - 0 1 1 0 0 0 0 1 1 0 1 1 0 1 0 0 0 0 1 1 1 1 1 0 0 1 ]

d_7_3=3.457176602673 s=[ 0 0 0 0 0 0 0 0 1 1 + - 0 1 1 0 0 0 0 1 1 0 1 1 0 1 0 0 0 0 1 1 1 1 1 0 0 1 ]

d_7_3=3.457376802873 s=[ 0 0 0 0 0 0 0 0 1 1 + - 0 1 1 0 0 0 0 1 1 0 1 1 0 1 0 0 0 0 1 1 1 1 1 0 0 1 ]

d_7_3=3.457577003073 s=[ 0 0 0 0 0 0 0 0 1 1 + - 0 1 1 0 0 0 0 1 1 0 1 1 0 1 0 0 0 0 1 1 1 1 1 0 0 1 ]

d_7_3=3.457777203273 s=[ 0 0 0 0 0 0 0 0 1 1 + - 0 1 1 0 0 0 0 1 1 0 1 1 0 1 0 0 0 0 1 1 1 1 1 0 0 1 ]

d_7_3=3.457977403473 s=[ 0 0 0 0 0 0 0 0 1 1 + - 0 1 1 0 0 0 0 1 1 0 1 1 0 1 0 0 0 0 1 1 1 1 1 0 0 1 ]

d_7_3=3.458177603674 s=[ 0 0 0 0 0 0 0 0 1 1 + - 0 1 1 0 0 0 0 1 1 0 1 1 0 1 0 0 0 0 1 1 1 1 1 0 0 1 ]

d_7_3=3.458377803874 s=[ 0 0 0 0 0 0 0 0 1 1 + - 0 1 1 0 0 0 0 1 1 0 1 1 0 1 0 0 0 0 1 1 1 1 1 0 0 1 ]

d_7_3=3.458578004074 s=[ 0 0 0 0 0 0 0 0 1 1 + - 0 1 1 0 0 0 0 1 1 0 1 1 0 1 0 0 0 0 1 1 1 1 1 0 0 1 ]

d_7_3=3.458778204274 s=[ 0 0 0 0 0 0 0 0 1 1 + - 0 1 1 0 0 0 0 1 1 0 1 1 0 1 0 0 0 0 1 1 1 1 1 0 0 1 ]

d_7_3=3.458978404474 s=[ 0 0 0 0 0 0 0 0 1 1 + - 0 1 1 0 0 0 0 1 1 0 1 1 0 1 0 0 0 0 1 1 1 1 1 0 0 1 ]

d_7_3=3.459178604675 s=[ 0 0 0 0 0 0 0 0 1 1 + - 0 1 1 0 0 0 0 1 1 0 1 1 0 1 0 0 0 0 1 1 1 1 1 0 0 1 ]

d_7_3=3.459378804875 s=[ 0 0 0 0 0 0 0 0 1 1 + - 0 1 1 0 0 0 0 1 1 0 1 1 0 1 0 0 0 0 1 1 1 1 1 0 0 1 ]

d_7_3=3.459579005075 s=[ 0 0 0 0 0 0 0 0 1 1 + - 0 1 1 0 0 0 0 1 1 0 1 1 0 1 0 0 0 0 1 1 1 1 1 0 0 1 ]

d_7_3=3.459779205275 s=[ 0 0 0 0 0 0 0 0 1 1 + - 0 1 1 0 0 0 0 1 1 0 1 1 0 1 0 0 0 0 1 1 1 1 1 0 0 1 ]

d_7_3=3.459979405475 s=[ 0 0 0 0 0 0 0 0 1 1 + - 0 1 1 0 0 0 0 1 1 0 1 1 0 1 0 0 0 0 1 1 1 1 1 0 0 1 ]

d_7_3=3.460179605676 s=[ 0 0 0 0 0 0 0 0 1 1 + - 0 1 1 0 0 0 0 1 1 0 1 1 0 1 0 0 0 0 1 1 1 1 1 0 0 1 ]

d_7_3=3.460379805876 s=[ 0 0 0 0 0 0 0 0 1 1 + - 0 1 1 0 0 0 0 1 1 0 1 1 0 1 0 0 0 0 1 1 1 1 1 0 0 1 ]

d_7_3=3.460580006076 s=[ 0 0 0 0 0 0 0 0 1 1 + - 0 1 1 0 0 0 0 1 1 0 1 1 0 1 0 0 0 0 1 1 1 1 1 0 0 1 ]

d_7_3=3.460780206276 s=[ 0 0 0 0 0 0 0 0 1 1 + - 0 1 1 0 0 0 0 1 1 0 1 1 0 1 0 0 0 0 1 1 1 1 1 0 0 1 ]

d_7_3=3.460980406476 s=[ 0 0 0 0 0 0 0 0 1 1 + - 0 1 1 0 0 0 0 1 1 0 1 1 0 1 0 0 0 0 1 1 1 1 1 0 0 1 ]

d_7_3=3.461180606677 s=[ 0 0 0 0 0 0 0 0 1 1 + - 0 1 1 0 0 0 0 1 1 0 1 1 0 1 0 0 0 0 1 1 1 1 1 0 0 1 ]

d_7_3=3.461380806877 s=[ 0 0 0 0 0 0 0 0 1 1 + - 0 1 1 0 0 0 0 1 1 0 1 1 0 1 0 0 0 0 1 1 1 1 1 0 0 1 ]

d_7_3=3.461581007077 s=[ 0 0 0 0 0 0 0 0 1 1 + - 0 1 1 0 0 0 0 1 1 0 1 1 0 1 0 0 0 0 1 1 1 1 1 0 0 1 ]

d_7_3=3.461781207277 s=[ 0 0 0 0 0 0 0 0 1 1 + - 0 1 1 0 0 0 0 1 1 0 1 1 0 1 0 0 0 0 1 1 1 1 1 0 0 1 ]

d_7_3=3.461981407477 s=[ 0 0 0 0 0 0 0 0 1 1 + - 0 1 1 0 0 0 0 1 1 0 1 1 0 1 0 0 0 0 1 1 1 1 1 0 0 1 ]

d_7_3=3.462181607678 s=[ 0 0 0 0 0 0 0 0 1 1 + - 0 1 1 0 0 0 0 1 1 0 1 1 0 1 0 0 0 0 1 1 1 1 1 0 0 1 ]

d_7_3=3.462381807878 s=[ 0 0 0 0 0 0 0 0 1 1 + - 0 1 1 0 0 0 0 1 1 0 1 1 0 1 0 0 0 0 1 1 1 1 1 0 0 1 ]

d_7_3=3.462582008078 s=[ 0 0 0 0 0 0 0 0 1 1 + - 0 1 1 0 0 0 0 1 1 0 1 1 0 1 0 0 0 0 1 1 1 1 1 0 0 1 ]

d_7_3=3.462782208278 s=[ 0 0 0 0 0 0 0 0 1 1 + - 0 1 1 0 0 0 0 1 1 0 1 1 0 1 0 0 0 0 1 1 1 1 1 0 0 1 ]

d_7_3=3.462982408478 s=[ 0 0 0 0 0 0 0 0 1 1 + - 0 1 1 0 0 0 0 1 1 0 1 1 0 1 0 0 0 0 1 1 1 1 1 0 0 1 ]

d_7_3=3.463182608679 s=[ 0 0 0 0 0 0 0 0 1 1 + - 0 1 1 0 0 0 0 1 1 0 1 1 0 1 0 0 0 0 1 1 1 1 1 0 0 1 ]

d_7_3=3.463382808879 s=[ 0 0 0 0 0 0 0 0 1 1 + - 0 1 1 0 0 0 0 1 1 0 1 1 0 1 0 0 0 0 1 1 1 1 1 0 0 1 ]

d_7_3=3.463583009079 s=[ 0 0 0 0 0 0 0 0 1 1 + - 0 1 1 0 0 0 0 1 1 0 1 1 0 1 0 0 0 0 1 1 1 1 1 0 0 1 ]

d_7_3=3.463783209279 s=[ 0 0 0 0 0 0 0 0 1 1 + - 0 1 1 0 0 0 0 1 1 0 1 1 0 1 0 0 0 0 1 1 1 1 1 0 0 1 ]

d_7_3=3.463983409479 s=[ 0 0 0 0 0 0 0 0 1 1 + - 0 1 1 0 0 0 0 1 1 0 1 1 0 1 0 0 0 0 1 1 1 1 1 0 0 1 ]

d_7_3=3.464183609680 s=[ 0 0 0 0 0 0 0 0 1 1 + - 0 1 1 0 0 0 0 1 1 0 1 1 0 1 0 0 0 0 1 1 1 1 1 0 0 1 ]

d_7_3=3.464383809880 s=[ 0 0 0 0 0 0 0 0 1 1 + - 0 1 1 0 0 0 0 1 1 0 1 1 0 1 0 0 0 0 1 1 1 1 1 0 0 1 ]

d_7_3=3.464584010080 s=[ 0 0 0 0 0 0 0 0 1 1 + - 0 1 1 0 0 0 0 1 1 0 1 1 0 1 0 0 0 0 1 1 1 1 1 0 0 1 ]

d_7_3=3.464784210280 s=[ 0 0 0 0 0 0 0 0 1 1 + - 0 1 1 0 0 0 0 1 1 0 1 1 0 1 0 0 0 0 1 1 1 1 1 0 0 1 ]

d_7_3=3.464984410480 s=[ 0 0 0 0 0 0 0 0 1 1 + - 0 1 1 0 0 0 0 1 1 0 1 1 0 1 0 0 0 0 1 1 1 1 1 0 0 1 ]

d_7_3=3.465184610681 s=[ 0 0 0 0 0 0 0 0 1 1 + - 0 1 1 0 0 0 0 1 1 0 1 1 0 1 0 0 0 0 1 1 1 1 1 0 0 1 ]

d_7_3=3.465384810881 s=[ 0 0 0 0 0 0 0 0 1 1 + - 0 1 1 0 0 0 0 1 1 0 1 1 0 1 0 0 0 0 1 1 1 1 1 0 0 1 ]

d_7_3=3.465585011081 s=[ 0 0 0 0 0 0 0 0 1 1 + - 0 1 1 0 0 0 0 1 1 0 1 1 0 1 0 0 0 0 1 1 1 1 1 0 0 1 ]

d_7_3=3.465785211281 s=[ 0 0 0 0 0 0 0 0 1 1 + - 0 1 1 0 0 0 0 1 1 0 1 1 0 1 0 0 0 0 1 1 1 1 1 0 0 1 ]

d_7_3=3.465985411481 s=[ 0 0 0 0 0 0 0 0 1 1 + - 0 1 1 0 0 0 0 1 1 0 1 1 0 1 0 0 0 0 1 1 1 1 1 0 0 1 ]

d_7_3=3.474994420490 s=[ 0 0 0 0 0 0 0 0 1 1 + - 0 1 0 1 1 1 1 0 0 1 0 0 1 0 1 1 1 1 0 0 0 0 0 1 1 0 ]

d_7_3=3.474994420490 s=[ 0 0 0 0 0 0 0 0 1 1 + - 0 1 0 1 1 1 1 0 0 1 0 0 1 0 1 1 1 1 0 1 0 0 0 1 1 0 ]

d_7_3=3.542461887958 s=[ 0 0 0 0 0 0 0 0 1 1 + + 0 1 1 0 0 0 0 1 1 0 1 1 0 1 0 0 0 0 0 1 1 1 1 0 0 1 ]

d_7_3=3.542662088158 s=[ 0 0 0 0 0 0 0 0 1 1 + + 0 1 1 0 0 0 0 1 1 0 1 1 0 1 0 0 0 0 0 1 1 1 1 0 0 1 ]

d_7_3=3.542862288358 s=[ 0 0 0 0 0 0 0 0 1 1 + + 0 1 1 0 0 0 0 1 1 0 1 1 0 1 0 0 0 0 0 1 1 1 1 0 0 1 ]

d_7_3=3.543062488559 s=[ 0 0 0 0 0 0 0 0 1 1 + + 0 1 1 0 0 0 0 1 1 0 1 1 0 1 0 0 0 0 0 1 1 1 1 0 0 1 ]

d_7_3=3.543262688759 s=[ 0 0 0 0 0 0 0 0 1 1 + + 0 1 1 0 0 0 0 1 1 0 1 1 0 1 0 0 0 0 0 1 1 1 1 0 0 1 ]

d_7_3=3.543462888959 s=[ 0 0 0 0 0 0 0 0 1 1 + + 0 1 1 0 0 0 0 1 1 0 1 1 0 1 0 0 0 0 0 1 1 1 1 0 0 1 ]

d_7_3=3.543663089159 s=[ 0 0 0 0 0 0 0 0 1 1 + + 0 1 1 0 0 0 0 1 1 0 1 1 0 1 0 0 0 0 0 1 1 1 1 0 0 1 ]

d_7_3=3.543863289359 s=[ 0 0 0 0 0 0 0 0 1 1 + + 0 1 1 0 0 0 0 1 1 0 1 1 0 1 0 0 0 0 0 1 1 1 1 0 0 1 ]

d_7_3=3.544063489560 s=[ 0 0 0 0 0 0 0 0 1 1 + + 0 1 1 0 0 0 0 1 1 0 1 1 0 1 0 0 0 0 0 1 1 1 1 0 0 1 ]

d_7_3=3.544263689760 s=[ 0 0 0 0 0 0 0 0 1 1 + + 0 1 1 0 0 0 0 1 1 0 1 1 0 1 0 0 0 0 0 1 1 1 1 0 0 1 ]

d_7_3=3.544463889960 s=[ 0 0 0 0 0 0 0 0 1 1 + + 0 1 1 0 0 0 0 1 1 0 1 1 0 1 0 0 0 0 0 1 1 1 1 0 0 1 ]

d_7_3=3.544664090160 s=[ 0 0 0 0 0 0 0 0 1 1 + + 0 1 1 0 0 0 0 1 1 0 1 1 0 1 0 0 0 0 0 1 1 1 1 0 0 1 ]

d_7_3=3.544864290360 s=[ 0 0 0 0 0 0 0 0 1 1 + + 0 1 1 0 0 0 0 1 1 0 1 1 0 1 0 0 0 0 0 1 1 1 1 0 0 1 ]

d_7_3=3.545064490561 s=[ 0 0 0 0 0 0 0 0 1 1 + + 0 1 1 0 0 0 0 1 1 0 1 1 0 1 0 0 0 0 0 1 1 1 1 0 0 1 ]

d_7_3=3.545264690761 s=[ 0 0 0 0 0 0 0 0 1 1 + + 0 1 1 0 0 0 0 1 1 0 1 1 0 1 0 0 0 0 0 1 1 1 1 0 0 1 ]

d_7_3=3.545464890961 s=[ 0 0 0 0 0 0 0 0 1 1 + + 0 1 1 0 0 0 0 1 1 0 1 1 0 1 0 0 0 0 0 1 1 1 1 0 0 1 ]

d_7_3=3.564083509580 s=[ 0 0 0 0 0 0 0 0 1 1 + - 1 1 1 0 0 0 0 1 1 0 1 1 0 1 0 0 0 0 0 0 0 0 0 1 1 0 ]

d_7_3=3.564283709780 s=[ 0 0 0 0 0 0 0 0 1 1 + - 1 1 1 0 0 0 0 1 1 0 1 1 0 1 0 0 0 0 0 0 0 0 0 1 1 0 ]

d_7_3=3.564483909980 s=[ 0 0 0 0 0 0 0 0 1 1 + - 1 1 1 0 0 0 0 1 1 0 1 1 0 1 0 0 0 0 0 0 0 0 0 1 1 0 ]

d_7_3=3.564684110180 s=[ 0 0 0 0 0 0 0 0 1 1 + - 1 1 1 0 0 0 0 1 1 0 1 1 0 1 0 0 0 0 0 0 0 0 0 1 1 0 ]

d_7_3=3.564884310380 s=[ 0 0 0 0 0 0 0 0 1 1 + - 1 1 1 0 0 0 0 1 1 0 1 1 0 1 0 0 0 0 0 0 0 0 0 1 1 0 ]

d_7_3=3.565084510581 s=[ 0 0 0 0 0 0 0 0 1 1 + - 1 1 1 0 0 0 0 1 1 0 1 1 0 1 0 0 0 0 0 0 0 0 0 1 1 0 ]

d_7_3=3.565284710781 s=[ 0 0 0 0 0 0 0 0 1 1 + - 1 1 1 0 0 0 0 1 1 0 1 1 0 1 0 0 0 0 0 0 0 0 0 1 1 0 ]

d_7_3=3.565484910981 s=[ 0 0 0 0 0 0 0 0 1 1 + - 1 1 1 0 0 0 0 1 1 0 1 1 0 1 0 0 0 0 0 0 0 0 0 1 1 0 ]

d_7_3=3.565685111181 s=[ 0 0 0 0 0 0 0 0 1 1 + - 1 1 1 0 0 0 0 1 1 0 1 1 0 1 0 0 0 0 0 0 0 0 0 1 1 0 ]

d_7_3=3.565885311381 s=[ 0 0 0 0 0 0 0 0 1 1 + - 1 1 1 0 0 0 0 1 1 0 1 1 0 1 0 0 0 0 0 0 0 0 0 1 1 0 ]

d_7_3=3.566085511582 s=[ 0 0 0 0 0 0 0 0 1 1 + - 1 1 1 0 0 0 0 1 1 0 1 1 0 1 0 0 0 0 0 0 0 0 0 1 1 0 ]

d_7_3=3.566285711782 s=[ 0 0 0 0 0 0 0 0 1 1 + - 1 1 1 0 0 0 0 1 1 0 1 1 0 1 0 0 0 0 0 0 0 0 0 1 1 0 ]

d_7_3=3.566485911982 s=[ 0 0 0 0 0 0 0 0 1 1 + - 1 1 1 0 0 0 0 1 1 0 1 1 0 1 0 0 0 0 0 0 0 0 0 1 1 0 ]

d_7_3=3.566686112182 s=[ 0 0 0 0 0 0 0 0 1 1 + - 1 1 1 0 0 0 0 1 1 0 1 1 0 1 0 0 0 0 0 0 0 0 0 1 1 0 ]

d_7_3=3.566886312382 s=[ 0 0 0 0 0 0 0 0 1 1 + - 1 1 1 0 0 0 0 1 1 0 1 1 0 1 0 0 0 0 0 0 0 0 0 1 1 0 ]

d_7_3=3.567086512583 s=[ 0 0 0 0 0 0 0 0 1 1 + - 1 1 1 0 0 0 0 1 1 0 1 1 0 1 0 0 0 0 0 0 0 0 0 1 1 0 ]

d_7_3=3.567286712783 s=[ 0 0 0 0 0 0 0 0 1 1 + - 1 1 1 0 0 0 0 1 1 0 1 1 0 1 0 0 0 0 0 0 0 0 0 1 1 0 ]

d_7_3=3.567486912983 s=[ 0 0 0 0 0 0 0 0 1 1 + - 1 1 1 0 0 0 0 1 1 0 1 1 0 1 0 0 0 0 0 0 0 0 0 1 1 0 ]

d_7_3=3.567687113183 s=[ 0 0 0 0 0 0 0 0 1 1 + - 1 1 1 0 0 0 0 1 1 0 1 1 0 1 0 0 0 0 0 0 0 0 0 1 1 0 ]

d_7_3=3.567887313383 s=[ 0 0 0 0 0 0 0 0 1 1 + - 1 1 1 0 0 0 0 1 1 0 1 1 0 1 0 0 0 0 0 0 0 0 0 1 1 0 ]

d_7_3=3.568087513584 s=[ 0 0 0 0 0 0 0 0 1 1 + - 1 1 1 0 0 0 0 1 1 0 1 1 0 1 0 0 0 0 0 0 0 0 0 1 1 0 ]

d_7_3=3.568287713784 s=[ 0 0 0 0 0 0 0 0 1 1 + - 1 1 1 0 0 0 0 1 1 0 1 1 0 1 0 0 0 0 0 0 0 0 0 1 1 0 ]

d_7_3=3.568487913984 s=[ 0 0 0 0 0 0 0 0 1 1 + - 1 1 1 0 0 0 0 1 1 0 1 1 0 1 0 0 0 0 0 0 0 0 0 1 1 0 ]

d_7_3=3.568688114184 s=[ 0 0 0 0 0 0 0 0 1 1 + - 1 1 1 0 0 0 0 1 1 0 1 1 0 1 0 0 0 0 0 0 0 0 0 1 1 0 ]

d_7_3=3.568888314384 s=[ 0 0 0 0 0 0 0 0 1 1 + - 1 1 1 0 0 0 0 1 1 0 1 1 0 1 0 0 0 0 0 0 0 0 0 1 1 0 ]

d_7_3=3.569088514585 s=[ 0 0 0 0 0 0 0 0 1 1 + - 1 1 1 0 0 0 0 1 1 0 1 1 0 1 0 0 0 0 0 0 0 0 0 1 1 0 ]

d_7_3=3.569288714785 s=[ 0 0 0 0 0 0 0 0 1 1 + - 1 1 1 0 0 0 0 1 1 0 1 1 0 1 0 0 0 0 0 0 0 0 0 1 1 0 ]

d_7_3=3.569488914985 s=[ 0 0 0 0 0 0 0 0 1 1 + - 1 1 1 0 0 0 0 1 1 0 1 1 0 1 0 0 0 0 0 0 0 0 0 1 1 0 ]

d_7_3=3.569689115185 s=[ 0 0 0 0 0 0 0 0 1 1 + - 1 1 1 0 0 0 0 1 1 0 1 1 0 1 0 0 0 0 0 0 0 0 0 1 1 0 ]

d_7_3=3.569889315385 s=[ 0 0 0 0 0 0 0 0 1 1 + - 1 1 1 0 0 0 0 1 1 0 1 1 0 1 0 0 0 0 0 0 0 0 0 1 1 0 ]

d_7_3=3.570089515586 s=[ 0 0 0 0 0 0 0 0 1 1 + - 1 1 1 0 0 0 0 1 1 0 1 1 0 1 0 0 0 0 0 0 0 0 0 1 1 0 ]

d_7_3=3.570289715786 s=[ 0 0 0 0 0 0 0 0 1 1 + - 1 1 1 0 0 0 0 1 1 0 1 1 0 1 0 0 0 0 0 0 0 0 0 1 1 0 ]

d_7_3=3.570489915986 s=[ 0 0 0 0 0 0 0 0 1 1 + - 1 1 1 0 0 0 0 1 1 0 1 1 0 1 0 0 0 0 0 0 0 0 0 1 1 0 ]

d_7_3=3.570690116186 s=[ 0 0 0 0 0 0 0 0 1 1 + - 1 1 1 0 0 0 0 1 1 0 1 1 0 1 0 0 0 0 0 0 0 0 0 1 1 0 ]

d_7_3=3.570890316386 s=[ 0 0 0 0 0 0 0 0 1 1 + - 1 1 1 0 0 0 0 1 1 0 1 1 0 1 0 0 0 0 0 0 0 0 0 1 1 0 ]

d_7_3=3.571090516587 s=[ 0 0 0 0 0 0 0 0 1 1 + - 1 1 1 0 0 0 0 1 1 0 1 1 0 1 0 0 0 0 0 0 0 0 0 1 1 0 ]

d_7_3=3.571290716787 s=[ 0 0 0 0 0 0 0 0 1 1 + - 1 1 1 0 0 0 0 1 1 0 1 1 0 1 0 0 0 0 0 0 0 0 0 1 1 0 ]

d_7_3=3.571490916987 s=[ 0 0 0 0 0 0 0 0 1 1 + - 1 1 1 0 0 0 0 1 1 0 1 1 0 1 0 0 0 0 0 0 0 0 0 1 1 0 ]

d_7_3=3.571691117187 s=[ 0 0 0 0 0 0 0 0 1 1 + - 1 1 1 0 0 0 0 1 1 0 1 1 0 1 0 0 0 0 0 0 0 0 0 1 1 0 ]

d_7_3=3.571891317387 s=[ 0 0 0 0 0 0 0 0 1 1 + - 1 1 1 0 0 0 0 1 1 0 1 1 0 1 0 0 0 0 0 0 0 0 0 1 1 0 ]

d_7_3=3.572091517588 s=[ 0 0 0 0 0 0 0 0 1 1 + - 1 1 1 0 0 0 0 1 1 0 1 1 0 1 0 0 0 0 0 0 0 0 0 1 1 0 ]

d_7_3=3.572291717788 s=[ 0 0 0 0 0 0 0 0 1 1 + - 1 1 1 0 0 0 0 1 1 0 1 1 0 1 0 0 0 0 0 0 0 0 0 1 1 0 ]

d_7_3=3.572491917988 s=[ 0 0 0 0 0 0 0 0 1 1 + - 1 1 1 0 0 0 0 1 1 0 1 1 0 1 0 0 0 0 0 0 0 0 0 1 1 0 ]

d_7_3=3.572692118188 s=[ 0 0 0 0 0 0 0 0 1 1 + - 1 1 1 0 0 0 0 1 1 0 1 1 0 1 0 0 0 0 0 0 0 0 0 1 1 0 ]

d_7_3=3.572892318388 s=[ 0 0 0 0 0 0 0 0 1 1 + - 1 1 1 0 0 0 0 1 1 0 1 1 0 1 0 0 0 0 0 0 0 0 0 1 1 0 ]

d_7_3=3.573092518589 s=[ 0 0 0 0 0 0 0 0 1 1 + - 1 1 1 0 0 0 0 1 1 0 1 1 0 1 0 0 0 0 0 0 0 0 0 1 1 0 ]

d_7_3=3.573292718789 s=[ 0 0 0 0 0 0 0 0 1 1 + - 1 1 1 0 0 0 0 1 1 0 1 1 0 1 0 0 0 0 0 0 0 0 0 1 1 0 ]

d_7_3=3.573492918989 s=[ 0 0 0 0 0 0 0 0 1 1 + - 1 1 1 0 0 0 0 1 1 0 1 1 0 1 0 0 0 0 0 0 0 0 0 1 1 0 ]

d_7_3=3.573693119189 s=[ 0 0 0 0 0 0 0 0 1 1 + - 1 1 1 0 0 0 0 1 1 0 1 1 0 1 0 0 0 0 0 0 0 0 0 1 1 0 ]

d_7_3=3.573893319389 s=[ 0 0 0 0 0 0 0 0 1 1 + - 1 1 1 0 0 0 0 1 1 0 1 1 0 1 0 0 0 0 0 0 0 0 0 1 1 0 ]

d_7_3=3.574093519590 s=[ 0 0 0 0 0 0 0 0 1 1 + - 1 1 1 0 0 0 0 1 1 0 1 1 0 1 0 0 0 0 0 0 0 0 0 1 1 0 ]

d_7_3=3.574293719790 s=[ 0 0 0 0 0 0 0 0 1 1 + - 1 1 1 0 0 0 0 1 1 0 1 1 0 1 0 0 0 0 0 0 0 0 0 1 1 0 ]

d_7_3=3.574493919990 s=[ 0 0 0 0 0 0 0 0 1 1 + - 1 1 1 0 0 0 0 1 1 0 1 1 0 1 0 0 0 0 0 0 0 0 0 1 1 0 ]

d_7_3=3.574694120190 s=[ 0 0 0 0 0 0 0 0 1 1 + - 1 1 1 0 0 0 0 1 1 0 1 1 0 1 0 0 0 0 0 0 0 0 0 1 1 0 ]

d_7_3=3.574894320390 s=[ 0 0 0 0 0 0 0 0 1 1 + - 1 1 1 0 0 0 0 1 1 0 1 1 0 1 0 0 0 0 0 0 0 0 0 1 1 0 ]

d_7_3=3.575094520591 s=[ 0 0 0 0 0 0 0 0 1 1 + - 1 1 1 0 0 0 0 1 1 0 1 1 0 1 0 0 0 0 0 0 0 0 0 1 1 0 ]

d_7_3=3.575294720791 s=[ 0 0 0 0 0 0 0 0 1 1 + - 1 1 1 0 0 0 0 1 1 0 1 1 0 1 0 0 0 0 0 0 0 0 0 1 1 0 ]

d_7_3=3.575494920991 s=[ 0 0 0 0 0 0 0 0 1 1 + - 1 1 1 0 0 0 0 1 1 0 1 1 0 1 0 0 0 0 0 0 0 0 0 1 1 0 ]

d_7_3=3.575695121191 s=[ 0 0 0 0 0 0 0 0 1 1 + - 1 1 1 0 0 0 0 1 1 0 1 1 0 1 0 0 0 0 0 0 0 0 0 1 1 0 ]

d_7_3=3.579298724795 s=[ 0 0 0 0 0 0 0 0 1 1 + + 1 0 1 0 0 0 0 1 1 0 1 1 0 1 0 0 0 0 1 1 1 1 1 0 0 1 ]

d_7_3=3.579498924995 s=[ 0 0 0 0 0 0 0 0 1 1 + + 1 0 1 0 0 0 0 1 1 0 1 1 0 1 0 0 0 0 1 1 1 1 1 0 0 1 ]

d_7_3=3.579699125195 s=[ 0 0 0 0 0 0 0 0 1 1 + + 1 0 1 0 0 0 0 1 1 0 1 1 0 1 0 0 0 0 1 1 1 1 1 0 0 1 ]

d_7_3=3.579899325395 s=[ 0 0 0 0 0 0 0 0 1 1 + + 1 0 1 0 0 0 0 1 1 0 1 1 0 1 0 0 0 0 1 1 1 1 1 0 0 1 ]

d_7_3=3.579899325395 s=[ 0 0 0 0 0 0 0 0 1 1 + - 1 0 0 1 1 1 1 0 0 1 0 0 1 0 1 1 1 1 1 1 1 1 1 0 0 1 ]

d_7_3=3.580099525596 s=[ 0 0 0 0 0 0 0 0 1 1 + + 1 0 1 0 0 0 0 1 1 0 1 1 0 1 0 0 0 0 1 1 1 1 1 0 0 1 ]

d_7_3=3.580099525596 s=[ 0 0 0 0 0 0 0 0 1 1 + - 1 0 0 1 1 1 1 0 0 1 0 0 1 0 1 1 1 1 1 1 1 1 1 0 0 1 ]

d_7_3=3.580299725796 s=[ 0 0 0 0 0 0 0 0 1 1 + + 1 0 1 0 0 0 0 1 1 0 1 1 0 1 0 0 0 0 1 1 1 1 1 0 0 1 ]

d_7_3=3.580299725796 s=[ 0 0 0 0 0 0 0 0 1 1 + - 1 0 0 1 1 1 1 0 0 1 0 0 1 0 1 1 1 1 1 1 1 1 1 0 0 1 ]

d_7_3=3.580499925996 s=[ 0 0 0 0 0 0 0 0 1 1 + + 1 0 1 0 0 0 0 1 1 0 1 1 0 1 0 0 0 0 1 1 1 1 1 0 0 1 ]

d_7_3=3.580499925996 s=[ 0 0 0 0 0 0 0 0 1 1 + - 1 0 0 1 1 1 1 0 0 1 0 0 1 0 1 1 1 1 1 1 1 1 1 0 0 1 ]

d_7_3=3.580700126196 s=[ 0 0 0 0 0 0 0 0 1 1 + + 1 0 1 0 0 0 0 1 1 0 1 1 0 1 0 0 0 0 1 1 1 1 1 0 0 1 ]

d_7_3=3.580700126196 s=[ 0 0 0 0 0 0 0 0 1 1 + - 1 0 0 1 1 1 1 0 0 1 0 0 1 0 1 1 1 1 1 1 1 1 1 0 0 1 ]

d_7_3=3.580900326396 s=[ 0 0 0 0 0 0 0 0 1 1 + + 1 0 1 0 0 0 0 1 1 0 1 1 0 1 0 0 0 0 1 1 1 1 1 0 0 1 ]

d_7_3=3.580900326396 s=[ 0 0 0 0 0 0 0 0 1 1 + - 1 0 0 1 1 1 1 0 0 1 0 0 1 0 1 1 1 1 1 1 1 1 1 0 0 1 ]

d_7_3=3.581100526597 s=[ 0 0 0 0 0 0 0 0 1 1 + + 1 0 1 0 0 0 0 1 1 0 1 1 0 1 0 0 0 0 1 1 1 1 1 0 0 1 ]

d_7_3=3.581100526597 s=[ 0 0 0 0 0 0 0 0 1 1 + - 1 0 0 1 1 1 1 0 0 1 0 0 1 0 1 1 1 1 1 1 1 1 1 0 0 1 ]

d_7_3=3.581300726797 s=[ 0 0 0 0 0 0 0 0 1 1 + + 1 0 1 0 0 0 0 1 1 0 1 1 0 1 0 0 0 0 1 1 1 1 1 0 0 1 ]

d_7_3=3.581300726797 s=[ 0 0 0 0 0 0 0 0 1 1 + - 1 0 0 1 1 1 1 0 0 1 0 0 1 0 1 1 1 1 1 1 1 1 1 0 0 1 ]

d_7_3=3.581500926997 s=[ 0 0 0 0 0 0 0 0 1 1 + + 1 0 1 0 0 0 0 1 1 0 1 1 0 1 0 0 0 0 1 1 1 1 1 0 0 1 ]

d_7_3=3.581500926997 s=[ 0 0 0 0 0 0 0 0 1 1 + - 1 0 0 1 1 1 1 0 0 1 0 0 1 0 1 1 1 1 1 1 1 1 1 0 0 1 ]

d_7_3=3.581701127197 s=[ 0 0 0 0 0 0 0 0 1 1 + + 1 0 1 0 0 0 0 1 1 0 1 1 0 1 0 0 0 0 1 1 1 1 1 0 0 1 ]

d_7_3=3.581701127197 s=[ 0 0 0 0 0 0 0 0 1 1 + - 1 0 0 1 1 1 1 0 0 1 0 0 1 0 1 1 1 1 1 1 1 1 1 0 0 1 ]

d_7_3=3.581901327397 s=[ 0 0 0 0 0 0 0 0 1 1 + + 1 0 1 0 0 0 0 1 1 0 1 1 0 1 0 0 0 0 1 1 1 1 1 0 0 1 ]

d_7_3=3.581901327397 s=[ 0 0 0 0 0 0 0 0 1 1 + - 1 0 0 1 1 1 1 0 0 1 0 0 1 0 1 1 1 1 1 1 1 1 1 0 0 1 ]

d_7_3=3.582101527598 s=[ 0 0 0 0 0 0 0 0 1 1 + + 1 0 1 0 0 0 0 1 1 0 1 1 0 1 0 0 0 0 1 1 1 1 1 0 0 1 ]

d_7_3=3.582101527598 s=[ 0 0 0 0 0 0 0 0 1 1 + - 1 0 0 1 1 1 1 0 0 1 0 0 1 0 1 1 1 1 1 1 1 1 1 0 0 1 ]

d_7_3=3.582301727798 s=[ 0 0 0 0 0 0 0 0 1 1 + + 1 0 1 0 0 0 0 1 1 0 1 1 0 1 0 0 0 0 1 1 1 1 1 0 0 1 ]

d_7_3=3.582301727798 s=[ 0 0 0 0 0 0 0 0 1 1 + - 1 0 0 1 1 1 1 0 0 1 0 0 1 0 1 1 1 1 1 1 1 1 1 0 0 1 ]

d_7_3=3.582501927998 s=[ 0 0 0 0 0 0 0 0 1 1 + - 1 0 0 1 1 1 1 0 0 1 0 0 1 0 1 1 1 1 1 1 1 1 1 0 0 1 ]

d_7_3=3.582702128198 s=[ 0 0 0 0 0 0 0 0 1 1 + - 1 0 0 1 1 1 1 0 0 1 0 0 1 0 1 1 1 1 1 1 1 1 1 0 0 1 ]

d_7_3=3.582902328398 s=[ 0 0 0 0 0 0 0 0 1 1 + - 1 0 0 1 1 1 1 0 0 1 0 0 1 0 1 1 1 1 1 1 1 1 1 0 0 1 ]

d_7_3=3.583102528599 s=[ 0 0 0 0 0 0 0 0 1 1 + - 1 0 0 1 1 1 1 0 0 1 0 0 1 0 1 1 1 1 1 1 1 1 1 0 0 1 ]

d_7_3=3.583302728799 s=[ 0 0 0 0 0 0 0 0 1 1 + - 1 0 0 1 1 1 1 0 0 1 0 0 1 0 1 1 1 1 1 1 1 1 1 0 0 1 ]

d_7_3=3.411130556627 s=[ 0 0 0 1 1 1 1 1 0 0 + - 0 0 0 1 1 1 1 0 0 1 0 0 1 0 1 1 1 1 1 1 1 1 1 0 0 1 ]

d_7_3=3.411330756827 s=[ 0 0 0 1 1 1 1 1 0 0 + - 0 0 0 1 1 1 1 0 0 1 0 0 1 0 1 1 1 1 1 1 1 1 1 0 0 1 ]

d_7_3=3.411530957027 s=[ 0 0 0 1 1 1 1 1 0 0 + - 0 0 0 1 1 1 1 0 0 1 0 0 1 0 1 1 1 1 1 1 1 1 1 0 0 1 ]

d_7_3=3.411731157227 s=[ 0 0 0 1 1 1 1 1 0 0 + - 0 0 0 1 1 1 1 0 0 1 0 0 1 0 1 1 1 1 1 1 1 1 1 0 0 1 ]

d_7_3=3.411931357427 s=[ 0 0 0 1 1 1 1 1 0 0 + - 0 0 0 1 1 1 1 0 0 1 0 0 1 0 1 1 1 1 1 1 1 1 1 0 0 1 ]

d_7_3=3.412131557628 s=[ 0 0 0 1 1 1 1 1 0 0 + - 0 0 0 1 1 1 1 0 0 1 0 0 1 0 1 1 1 1 1 1 1 1 1 0 0 1 ]

d_7_3=3.412331757828 s=[ 0 0 0 1 1 1 1 1 0 0 + - 0 0 0 1 1 1 1 0 0 1 0 0 1 0 1 1 1 1 1 1 1 1 1 0 0 1 ]

d_7_3=3.412531958028 s=[ 0 0 0 1 1 1 1 1 0 0 + - 0 0 0 1 1 1 1 0 0 1 0 0 1 0 1 1 1 1 1 1 1 1 1 0 0 1 ]

d_7_3=3.412732158228 s=[ 0 0 0 1 1 1 1 1 0 0 + - 0 0 0 1 1 1 1 0 0 1 0 0 1 0 1 1 1 1 1 1 1 1 1 0 0 1 ]

d_7_3=3.412932358428 s=[ 0 0 0 1 1 1 1 1 0 0 + - 0 0 0 1 1 1 1 0 0 1 0 0 1 0 1 1 1 1 1 1 1 1 1 0 0 1 ]

d_7_3=3.413132558629 s=[ 0 0 0 1 1 1 1 1 0 0 + - 0 0 0 1 1 1 1 0 0 1 0 0 1 0 1 1 1 1 1 1 1 1 1 0 0 1 ]

d_7_3=3.413332758829 s=[ 0 0 0 1 1 1 1 1 0 0 + - 0 0 0 1 1 1 1 0 0 1 0 0 1 0 1 1 1 1 1 1 1 1 1 0 0 1 ]

d_7_3=3.413532959029 s=[ 0 0 0 1 1 1 1 1 0 0 + - 0 0 0 1 1 1 1 0 0 1 0 0 1 0 1 1 1 1 1 1 1 1 1 0 0 1 ]

d_7_3=3.413733159229 s=[ 0 0 0 1 1 1 1 1 0 0 + - 0 0 0 1 1 1 1 0 0 1 0 0 1 0 1 1 1 1 1 1 1 1 1 0 0 1 ]

d_7_3=3.413933359429 s=[ 0 0 0 1 1 1 1 1 0 0 + - 0 0 0 1 1 1 1 0 0 1 0 0 1 0 1 1 1 1 1 1 1 1 1 0 0 1 ]

d_7_3=3.414133559630 s=[ 0 0 0 1 1 1 1 1 0 0 + - 0 0 0 1 1 1 1 0 0 1 0 0 1 0 1 1 1 1 1 1 1 1 1 0 0 1 ]

d_7_3=3.414333759830 s=[ 0 0 0 1 1 1 1 1 0 0 + - 0 0 0 1 1 1 1 0 0 1 0 0 1 0 1 1 1 1 1 1 1 1 1 0 0 1 ]

d_7_3=3.414533960030 s=[ 0 0 0 1 1 1 1 1 0 0 + - 0 0 0 1 1 1 1 0 0 1 0 0 1 0 1 1 1 1 1 1 1 1 1 0 0 1 ]

d_7_3=3.414734160230 s=[ 0 0 0 1 1 1 1 1 0 0 + - 0 0 0 1 1 1 1 0 0 1 0 0 1 0 1 1 1 1 1 1 1 1 1 0 0 1 ]

d_7_3=3.414934360430 s=[ 0 0 0 1 1 1 1 1 0 0 + - 0 0 0 1 1 1 1 0 0 1 0 0 1 0 1 1 1 1 1 1 1 1 1 0 0 1 ]

d_7_3=3.415134560631 s=[ 0 0 0 1 1 1 1 1 0 0 + - 0 0 0 1 1 1 1 0 0 1 0 0 1 0 1 1 1 1 1 1 1 1 1 0 0 1 ]

d_7_3=3.415334760831 s=[ 0 0 0 1 1 1 1 1 0 0 + - 0 0 0 1 1 1 1 0 0 1 0 0 1 0 1 1 1 1 1 1 1 1 1 0 0 1 ]

d_7_3=3.415534961031 s=[ 0 0 0 1 1 1 1 1 0 0 + - 0 0 0 1 1 1 1 0 0 1 0 0 1 0 1 1 1 1 1 1 1 1 1 0 0 1 ]

d_7_3=3.415735161231 s=[ 0 0 0 1 1 1 1 1 0 0 + - 0 0 0 1 1 1 1 0 0 1 0 0 1 0 1 1 1 1 1 1 1 1 1 0 0 1 ]

d_7_3=3.415935361431 s=[ 0 0 0 1 1 1 1 1 0 0 + - 0 0 0 1 1 1 1 0 0 1 0 0 1 0 1 1 1 1 1 1 1 1 1 0 0 1 ]

d_7_3=3.416135561632 s=[ 0 0 0 1 1 1 1 1 0 0 + - 0 0 0 1 1 1 1 0 0 1 0 0 1 0 1 1 1 1 1 1 1 1 1 0 0 1 ]

d_7_3=3.416335761832 s=[ 0 0 0 1 1 1 1 1 0 0 + - 0 0 0 1 1 1 1 0 0 1 0 0 1 0 1 1 1 1 1 1 1 1 1 0 0 1 ]

d_7_3=3.416535962032 s=[ 0 0 0 1 1 1 1 1 0 0 + - 0 0 0 1 1 1 1 0 0 1 0 0 1 0 1 1 1 1 1 1 1 1 1 0 0 1 ]

d_7_3=3.416736162232 s=[ 0 0 0 1 1 1 1 1 0 0 + - 0 0 0 1 1 1 1 0 0 1 0 0 1 0 1 1 1 1 1 1 1 1 1 0 0 1 ]

d_7_3=3.416936362432 s=[ 0 0 0 1 1 1 1 1 0 0 + - 0 0 0 1 1 1 1 0 0 1 0 0 1 0 1 1 1 1 1 1 1 1 1 0 0 1 ]

d_7_3=3.417136562633 s=[ 0 0 0 1 1 1 1 1 0 0 + - 0 0 0 1 1 1 1 0 0 1 0 0 1 0 1 1 1 1 1 1 1 1 1 0 0 1 ]

d_7_3=3.417336762833 s=[ 0 0 0 1 1 1 1 1 0 0 + - 0 0 0 1 1 1 1 0 0 1 0 0 1 0 1 1 1 1 1 1 1 1 1 0 0 1 ]

d_7_3=3.417536963033 s=[ 0 0 0 1 1 1 1 1 0 0 + - 0 0 0 1 1 1 1 0 0 1 0 0 1 0 1 1 1 1 1 1 1 1 1 0 0 1 ]

d_7_3=3.417737163233 s=[ 0 0 0 1 1 1 1 1 0 0 + - 0 0 0 1 1 1 1 0 0 1 0 0 1 0 1 1 1 1 1 1 1 1 1 0 0 1 ]

d_7_3=3.417937363433 s=[ 0 0 0 1 1 1 1 1 0 0 + - 0 0 0 1 1 1 1 0 0 1 0 0 1 0 1 1 1 1 1 1 1 1 1 0 0 1 ]

d_7_3=3.418137563634 s=[ 0 0 0 1 1 1 1 1 0 0 + - 0 0 0 1 1 1 1 0 0 1 0 0 1 0 1 1 1 1 1 1 1 1 1 0 0 1 ]

d_7_3=3.418337763834 s=[ 0 0 0 1 1 1 1 1 0 0 + - 0 0 0 1 1 1 1 0 0 1 0 0 1 0 1 1 1 1 1 1 1 1 1 0 0 1 ]

d_7_3=3.418537964034 s=[ 0 0 0 1 1 1 1 1 0 0 + - 0 0 0 1 1 1 1 0 0 1 0 0 1 0 1 1 1 1 1 1 1 1 1 0 0 1 ]

d_7_3=3.418738164234 s=[ 0 0 0 1 1 1 1 1 0 0 + - 0 0 0 1 1 1 1 0 0 1 0 0 1 0 1 1 1 1 1 1 1 1 1 0 0 1 ]

d_7_3=3.418938364434 s=[ 0 0 0 1 1 1 1 1 0 0 + - 0 0 0 1 1 1 1 0 0 1 0 0 1 0 1 1 1 1 1 1 1 1 1 0 0 1 ]

d_7_3=3.419138564635 s=[ 0 0 0 1 1 1 1 1 0 0 + - 0 0 0 1 1 1 1 0 0 1 0 0 1 0 1 1 1 1 1 1 1 1 1 0 0 1 ]

d_7_3=3.419338764835 s=[ 0 0 0 1 1 1 1 1 0 0 + - 0 0 0 1 1 1 1 0 0 1 0 0 1 0 1 1 1 1 1 1 1 1 1 0 0 1 ]

d_7_3=3.419538965035 s=[ 0 0 0 1 1 1 1 1 0 0 + - 0 0 0 1 1 1 1 0 0 1 0 0 1 0 1 1 1 1 1 1 1 1 1 0 0 1 ]

d_7_3=3.419739165235 s=[ 0 0 0 1 1 1 1 1 0 0 + - 0 0 0 1 1 1 1 0 0 1 0 0 1 0 1 1 1 1 1 1 1 1 1 0 0 1 ]

d_7_3=3.419939365435 s=[ 0 0 0 1 1 1 1 1 0 0 + - 0 0 0 1 1 1 1 0 0 1 0 0 1 0 1 1 1 1 1 1 1 1 1 0 0 1 ]

d_7_3=3.420139565636 s=[ 0 0 0 1 1 1 1 1 0 0 + - 0 0 0 1 1 1 1 0 0 1 0 0 1 0 1 1 1 1 1 1 1 1 1 0 0 1 ]

d_7_3=3.420339765836 s=[ 0 0 0 1 1 1 1 1 0 0 + - 0 0 0 1 1 1 1 0 0 1 0 0 1 0 1 1 1 1 1 1 1 1 1 0 0 1 ]

d_7_3=3.420539966036 s=[ 0 0 0 1 1 1 1 1 0 0 + - 0 0 0 1 1 1 1 0 0 1 0 0 1 0 1 1 1 1 1 1 1 1 1 0 0 1 ]

d_7_3=3.420740166236 s=[ 0 0 0 1 1 1 1 1 0 0 + - 0 0 0 1 1 1 1 0 0 1 0 0 1 0 1 1 1 1 1 1 1 1 1 0 0 1 ]

d_7_3=3.420940366436 s=[ 0 0 0 1 1 1 1 1 0 0 + - 0 0 0 1 1 1 1 0 0 1 0 0 1 0 1 1 1 1 1 1 1 1 1 0 0 1 ]

d_7_3=3.421140566637 s=[ 0 0 0 1 1 1 1 1 0 0 + - 0 0 0 1 1 1 1 0 0 1 0 0 1 0 1 1 1 1 1 1 1 1 1 0 0 1 ]

d_7_3=3.421340766837 s=[ 0 0 0 1 1 1 1 1 0 0 + - 0 0 0 1 1 1 1 0 0 1 0 0 1 0 1 1 1 1 1 1 1 1 1 0 0 1 ]

d_7_3=3.421540967037 s=[ 0 0 0 1 1 1 1 1 0 0 + - 0 0 0 1 1 1 1 0 0 1 0 0 1 0 1 1 1 1 1 1 1 1 1 0 0 1 ]

d_7_3=3.421741167237 s=[ 0 0 0 1 1 1 1 1 0 0 + - 0 0 0 1 1 1 1 0 0 1 0 0 1 0 1 1 1 1 1 1 1 1 1 0 0 1 ]

d_7_3=3.421941367437 s=[ 0 0 0 1 1 1 1 1 0 0 + - 0 0 0 1 1 1 1 0 0 1 0 0 1 0 1 1 1 1 1 1 1 1 1 0 0 1 ]

d_7_3=3.422141567638 s=[ 0 0 0 1 1 1 1 1 0 0 + - 0 0 0 1 1 1 1 0 0 1 0 0 1 0 1 1 1 1 1 1 1 1 1 0 0 1 ]

d_7_3=3.422341767838 s=[ 0 0 0 1 1 1 1 1 0 0 + - 0 0 0 1 1 1 1 0 0 1 0 0 1 0 1 1 1 1 1 1 1 1 1 0 0 1 ]

d_7_3=3.422541968038 s=[ 0 0 0 1 1 1 1 1 0 0 + - 0 0 0 1 1 1 1 0 0 1 0 0 1 0 1 1 1 1 1 1 1 1 1 0 0 1 ]

d_7_3=3.422742168238 s=[ 0 0 0 1 1 1 1 1 0 0 + - 0 0 0 1 1 1 1 0 0 1 0 0 1 0 1 1 1 1 1 1 1 1 1 0 0 1 ]

d_7_3=3.422942368438 s=[ 0 0 0 1 1 1 1 1 0 0 + - 0 0 0 1 1 1 1 0 0 1 0 0 1 0 1 1 1 1 1 1 1 1 1 0 0 1 ]

d_7_3=3.423142568639 s=[ 0 0 0 1 1 1 1 1 0 0 + - 0 0 0 1 1 1 1 0 0 1 0 0 1 0 1 1 1 1 1 1 1 1 1 0 0 1 ]

d_7_3=3.423342768839 s=[ 0 0 0 1 1 1 1 1 0 0 + - 0 0 0 1 1 1 1 0 0 1 0 0 1 0 1 1 1 1 1 1 1 1 1 0 0 1 ]

d_7_3=3.423542969039 s=[ 0 0 0 1 1 1 1 1 0 0 + - 0 0 0 1 1 1 1 0 0 1 0 0 1 0 1 1 1 1 1 1 1 1 1 0 0 1 ]

d_7_3=3.423743169239 s=[ 0 0 0 1 1 1 1 1 0 0 + - 0 0 0 1 1 1 1 0 0 1 0 0 1 0 1 1 1 1 1 1 1 1 1 0 0 1 ]

d_7_3=3.423943369439 s=[ 0 0 0 1 1 1 1 1 0 0 + - 0 0 0 1 1 1 1 0 0 1 0 0 1 0 1 1 1 1 1 1 1 1 1 0 0 1 ]

d_7_3=3.424143569640 s=[ 0 0 0 1 1 1 1 1 0 0 + - 0 0 0 1 1 1 1 0 0 1 0 0 1 0 1 1 1 1 1 1 1 1 1 0 0 1 ]

d_7_3=3.424343769840 s=[ 0 0 0 1 1 1 1 1 0 0 + - 0 0 0 1 1 1 1 0 0 1 0 0 1 0 1 1 1 1 1 1 1 1 1 0 0 1 ]

d_7_3=3.424543970040 s=[ 0 0 0 1 1 1 1 1 0 0 + - 0 0 0 1 1 1 1 0 0 1 0 0 1 0 1 1 1 1 1 1 1 1 1 0 0 1 ]

d_7_3=3.424744170240 s=[ 0 0 0 1 1 1 1 1 0 0 + - 0 0 0 1 1 1 1 0 0 1 0 0 1 0 1 1 1 1 1 1 1 1 1 0 0 1 ]

d_7_3=3.424944370440 s=[ 0 0 0 1 1 1 1 1 0 0 + - 0 0 0 1 1 1 1 0 0 1 0 0 1 0 1 1 1 1 1 1 1 1 1 0 0 1 ]

d_7_3=3.425144570641 s=[ 0 0 0 1 1 1 1 1 0 0 + - 0 0 0 1 1 1 1 0 0 1 0 0 1 0 1 1 1 1 1 1 1 1 1 0 0 1 ]

d_7_3=3.425344770841 s=[ 0 0 0 1 1 1 1 1 0 0 + - 0 0 0 1 1 1 1 0 0 1 0 0 1 0 1 1 1 1 1 1 1 1 1 0 0 1 ]

d_7_3=3.425544971041 s=[ 0 0 0 1 1 1 1 1 0 0 + - 0 0 0 1 1 1 1 0 0 1 0 0 1 0 1 1 1 1 1 1 1 1 1 0 0 1 ]

d_7_3=3.425745171241 s=[ 0 0 0 1 1 1 1 1 0 0 + - 0 0 0 1 1 1 1 0 0 1 0 0 1 0 1 1 1 1 1 1 1 1 1 0 0 1 ]

d_7_3=3.425945371441 s=[ 0 0 0 1 1 1 1 1 0 0 + - 0 0 0 1 1 1 1 0 0 1 0 0 1 0 1 1 1 1 1 1 1 1 1 0 0 1 ]

d_7_3=3.426145571642 s=[ 0 0 0 1 1 1 1 1 0 0 + - 0 0 0 1 1 1 1 0 0 1 0 0 1 0 1 1 1 1 1 1 1 1 1 0 0 1 ]

d_7_3=3.426345771842 s=[ 0 0 0 1 1 1 1 1 0 0 + - 0 0 0 1 1 1 1 0 0 1 0 0 1 0 1 1 1 1 1 1 1 1 1 0 0 1 ]

d_7_3=3.426545972042 s=[ 0 0 0 1 1 1 1 1 0 0 + - 0 0 0 1 1 1 1 0 0 1 0 0 1 0 1 1 1 1 1 1 1 1 1 0 0 1 ]

d_7_3=3.426746172242 s=[ 0 0 0 1 1 1 1 1 0 0 + - 0 0 0 1 1 1 1 0 0 1 0 0 1 0 1 1 1 1 1 1 1 1 1 0 0 1 ]

d_7_3=3.426946372442 s=[ 0 0 0 1 1 1 1 1 0 0 + - 0 0 0 1 1 1 1 0 0 1 0 0 1 0 1 1 1 1 1 1 1 1 1 0 0 1 ]

d_7_3=3.427146572643 s=[ 0 0 0 1 1 1 1 1 0 0 + - 0 0 0 1 1 1 1 0 0 1 0 0 1 0 1 1 1 1 1 1 1 1 1 0 0 1 ]

d_7_3=3.427346772843 s=[ 0 0 0 1 1 1 1 1 0 0 + - 0 0 0 1 1 1 1 0 0 1 0 0 1 0 1 1 1 1 1 1 1 1 1 0 0 1 ]

d_7_3=3.429949375445 s=[ 0 0 0 1 1 1 1 1 0 0 + + 0 1 1 0 0 0 0 1 1 0 1 1 0 1 0 0 0 0 0 0 1 1 1 0 0 1 ]

d_7_3=3.430149575646 s=[ 0 0 0 1 1 1 1 1 0 0 + + 0 1 1 0 0 0 0 1 1 0 1 1 0 1 0 0 0 0 0 0 1 1 1 0 0 1 ]

d_7_3=3.456576002072 s=[ 0 0 0 1 1 1 1 1 0 0 + + 1 0 0 1 1 1 1 0 0 1 0 0 1 0 1 1 1 1 0 0 0 0 0 1 1 0 ]

d_7_3=3.456776202272 s=[ 0 0 0 1 1 1 1 1 0 0 + + 1 0 0 1 1 1 1 0 0 1 0 0 1 0 1 1 1 1 0 0 0 0 0 1 1 0 ]

d_7_3=3.456976402472 s=[ 0 0 0 1 1 1 1 1 0 0 + + 1 0 0 1 1 1 1 0 0 1 0 0 1 0 1 1 1 1 0 0 0 0 0 1 1 0 ]

d_7_3=3.457176602673 s=[ 0 0 0 1 1 1 1 1 0 0 + + 1 0 0 1 1 1 1 0 0 1 0 0 1 0 1 1 1 1 0 0 0 0 0 1 1 0 ]

d_7_3=3.457376802873 s=[ 0 0 0 1 1 1 1 1 0 0 + + 1 0 0 1 1 1 1 0 0 1 0 0 1 0 1 1 1 1 0 0 0 0 0 1 1 0 ]

d_7_3=3.457577003073 s=[ 0 0 0 1 1 1 1 1 0 0 + + 1 0 0 1 1 1 1 0 0 1 0 0 1 0 1 1 1 1 0 0 0 0 0 1 1 0 ]

d_7_3=3.457777203273 s=[ 0 0 0 1 1 1 1 1 0 0 + + 1 0 0 1 1 1 1 0 0 1 0 0 1 0 1 1 1 1 0 0 0 0 0 1 1 0 ]

d_7_3=3.457977403473 s=[ 0 0 0 1 1 1 1 1 0 0 + + 1 0 0 1 1 1 1 0 0 1 0 0 1 0 1 1 1 1 0 0 0 0 0 1 1 0 ]

d_7_3=3.458177603674 s=[ 0 0 0 1 1 1 1 1 0 0 + + 1 0 0 1 1 1 1 0 0 1 0 0 1 0 1 1 1 1 0 0 0 0 0 1 1 0 ]

d_7_3=3.458377803874 s=[ 0 0 0 1 1 1 1 1 0 0 + + 1 0 0 1 1 1 1 0 0 1 0 0 1 0 1 1 1 1 0 0 0 0 0 1 1 0 ]

d_7_3=3.458578004074 s=[ 0 0 0 1 1 1 1 1 0 0 + + 1 0 0 1 1 1 1 0 0 1 0 0 1 0 1 1 1 1 0 0 0 0 0 1 1 0 ]

d_7_3=3.458778204274 s=[ 0 0 0 1 1 1 1 1 0 0 + + 1 0 0 1 1 1 1 0 0 1 0 0 1 0 1 1 1 1 0 0 0 0 0 1 1 0 ]

d_7_3=3.458978404474 s=[ 0 0 0 1 1 1 1 1 0 0 + + 1 0 0 1 1 1 1 0 0 1 0 0 1 0 1 1 1 1 0 0 0 0 0 1 1 0 ]

d_7_3=3.459178604675 s=[ 0 0 0 1 1 1 1 1 0 0 + + 1 0 0 1 1 1 1 0 0 1 0 0 1 0 1 1 1 1 0 0 0 0 0 1 1 0 ]

d_7_3=3.459378804875 s=[ 0 0 0 1 1 1 1 1 0 0 + + 1 0 0 1 1 1 1 0 0 1 0 0 1 0 1 1 1 1 0 0 0 0 0 1 1 0 ]

d_7_3=3.459579005075 s=[ 0 0 0 1 1 1 1 1 0 0 + + 1 0 0 1 1 1 1 0 0 1 0 0 1 0 1 1 1 1 0 0 0 0 0 1 1 0 ]

d_7_3=3.459779205275 s=[ 0 0 0 1 1 1 1 1 0 0 + + 1 0 0 1 1 1 1 0 0 1 0 0 1 0 1 1 1 1 0 0 0 0 0 1 1 0 ]

d_7_3=3.459979405475 s=[ 0 0 0 1 1 1 1 1 0 0 + + 1 0 0 1 1 1 1 0 0 1 0 0 1 0 1 1 1 1 0 0 0 0 0 1 1 0 ]

d_7_3=3.460179605676 s=[ 0 0 0 1 1 1 1 1 0 0 + + 1 0 0 1 1 1 1 0 0 1 0 0 1 0 1 1 1 1 0 0 0 0 0 1 1 0 ]

d_7_3=3.460379805876 s=[ 0 0 0 1 1 1 1 1 0 0 + + 1 0 0 1 1 1 1 0 0 1 0 0 1 0 1 1 1 1 0 0 0 0 0 1 1 0 ]

d_7_3=3.460580006076 s=[ 0 0 0 1 1 1 1 1 0 0 + + 1 0 0 1 1 1 1 0 0 1 0 0 1 0 1 1 1 1 0 0 0 0 0 1 1 0 ]

d_7_3=3.460780206276 s=[ 0 0 0 1 1 1 1 1 0 0 + + 1 0 0 1 1 1 1 0 0 1 0 0 1 0 1 1 1 1 0 0 0 0 0 1 1 0 ]

d_7_3=3.460980406476 s=[ 0 0 0 1 1 1 1 1 0 0 + + 1 0 0 1 1 1 1 0 0 1 0 0 1 0 1 1 1 1 0 0 0 0 0 1 1 0 ]

d_7_3=3.461180606677 s=[ 0 0 0 1 1 1 1 1 0 0 + + 1 0 0 1 1 1 1 0 0 1 0 0 1 0 1 1 1 1 0 0 0 0 0 1 1 0 ]

d_7_3=3.461380806877 s=[ 0 0 0 1 1 1 1 1 0 0 + + 1 0 0 1 1 1 1 0 0 1 0 0 1 0 1 1 1 1 0 0 0 0 0 1 1 0 ]

d_7_3=3.461581007077 s=[ 0 0 0 1 1 1 1 1 0 0 + + 1 0 0 1 1 1 1 0 0 1 0 0 1 0 1 1 1 1 0 0 0 0 0 1 1 0 ]

d_7_3=3.461781207277 s=[ 0 0 0 1 1 1 1 1 0 0 + + 1 0 0 1 1 1 1 0 0 1 0 0 1 0 1 1 1 1 0 0 0 0 0 1 1 0 ]

d_7_3=3.461981407477 s=[ 0 0 0 1 1 1 1 1 0 0 + + 1 0 0 1 1 1 1 0 0 1 0 0 1 0 1 1 1 1 0 0 0 0 0 1 1 0 ]

d_7_3=3.462181607678 s=[ 0 0 0 1 1 1 1 1 0 0 + + 1 0 0 1 1 1 1 0 0 1 0 0 1 0 1 1 1 1 0 0 0 0 0 1 1 0 ]

d_7_3=3.462381807878 s=[ 0 0 0 1 1 1 1 1 0 0 + + 1 0 0 1 1 1 1 0 0 1 0 0 1 0 1 1 1 1 0 0 0 0 0 1 1 0 ]

d_7_3=3.462582008078 s=[ 0 0 0 1 1 1 1 1 0 0 + + 1 0 0 1 1 1 1 0 0 1 0 0 1 0 1 1 1 1 0 0 0 0 0 1 1 0 ]

d_7_3=3.462782208278 s=[ 0 0 0 1 1 1 1 1 0 0 + + 1 0 0 1 1 1 1 0 0 1 0 0 1 0 1 1 1 1 0 0 0 0 0 1 1 0 ]

d_7_3=3.462982408478 s=[ 0 0 0 1 1 1 1 1 0 0 + + 1 0 0 1 1 1 1 0 0 1 0 0 1 0 1 1 1 1 0 0 0 0 0 1 1 0 ]

d_7_3=3.463182608679 s=[ 0 0 0 1 1 1 1 1 0 0 + + 1 0 0 1 1 1 1 0 0 1 0 0 1 0 1 1 1 1 0 0 0 0 0 1 1 0 ]

d_7_3=3.463382808879 s=[ 0 0 0 1 1 1 1 1 0 0 + + 1 0 0 1 1 1 1 0 0 1 0 0 1 0 1 1 1 1 0 0 0 0 0 1 1 0 ]

d_7_3=3.463583009079 s=[ 0 0 0 1 1 1 1 1 0 0 + + 1 0 0 1 1 1 1 0 0 1 0 0 1 0 1 1 1 1 0 0 0 0 0 1 1 0 ]

d_7_3=3.463783209279 s=[ 0 0 0 1 1 1 1 1 0 0 + + 1 0 0 1 1 1 1 0 0 1 0 0 1 0 1 1 1 1 0 0 0 0 0 1 1 0 ]

d_7_3=3.463983409479 s=[ 0 0 0 1 1 1 1 1 0 0 + + 1 0 0 1 1 1 1 0 0 1 0 0 1 0 1 1 1 1 0 0 0 0 0 1 1 0 ]

d_7_3=3.464183609680 s=[ 0 0 0 1 1 1 1 1 0 0 + + 1 0 0 1 1 1 1 0 0 1 0 0 1 0 1 1 1 1 0 0 0 0 0 1 1 0 ]

d_7_3=3.464383809880 s=[ 0 0 0 1 1 1 1 1 0 0 + + 1 0 0 1 1 1 1 0 0 1 0 0 1 0 1 1 1 1 0 0 0 0 0 1 1 0 ]

d_7_3=3.464584010080 s=[ 0 0 0 1 1 1 1 1 0 0 + + 1 0 0 1 1 1 1 0 0 1 0 0 1 0 1 1 1 1 0 0 0 0 0 1 1 0 ]

d_7_3=3.464784210280 s=[ 0 0 0 1 1 1 1 1 0 0 + + 1 0 0 1 1 1 1 0 0 1 0 0 1 0 1 1 1 1 0 0 0 0 0 1 1 0 ]

d_7_3=3.464984410480 s=[ 0 0 0 1 1 1 1 1 0 0 + + 1 0 0 1 1 1 1 0 0 1 0 0 1 0 1 1 1 1 0 0 0 0 0 1 1 0 ]

d_7_3=3.465184610681 s=[ 0 0 0 1 1 1 1 1 0 0 + + 1 0 0 1 1 1 1 0 0 1 0 0 1 0 1 1 1 1 0 0 0 0 0 1 1 0 ]

d_7_3=3.465384810881 s=[ 0 0 0 1 1 1 1 1 0 0 + + 1 0 0 1 1 1 1 0 0 1 0 0 1 0 1 1 1 1 0 0 0 0 0 1 1 0 ]

d_7_3=3.465585011081 s=[ 0 0 0 1 1 1 1 1 0 0 + + 1 0 0 1 1 1 1 0 0 1 0 0 1 0 1 1 1 1 0 0 0 0 0 1 1 0 ]

d_7_3=3.465785211281 s=[ 0 0 0 1 1 1 1 1 0 0 + + 1 0 0 1 1 1 1 0 0 1 0 0 1 0 1 1 1 1 0 0 0 0 0 1 1 0 ]

d_7_3=3.465985411481 s=[ 0 0 0 1 1 1 1 1 0 0 + + 1 0 0 1 1 1 1 0 0 1 0 0 1 0 1 1 1 1 0 0 0 0 0 1 1 0 ]

d_7_3=3.474994420490 s=[ 0 0 0 1 1 1 1 1 0 0 + + 1 0 1 0 0 0 0 1 1 0 1 1 0 1 0 0 0 0 1 0 1 1 1 0 0 1 ]

d_7_3=3.474994420490 s=[ 0 0 0 1 1 1 1 1 0 0 + + 1 0 1 0 0 0 0 1 1 0 1 1 0 1 0 0 0 0 1 1 1 1 1 0 0 1 ]

d_7_3=3.542461887958 s=[ 0 0 0 1 1 1 1 1 0 0 + - 1 0 0 1 1 1 1 0 0 1 0 0 1 0 1 1 1 1 1 0 0 0 0 1 1 0 ]

d_7_3=3.542662088158 s=[ 0 0 0 1 1 1 1 1 0 0 + - 1 0 0 1 1 1 1 0 0 1 0 0 1 0 1 1 1 1 1 0 0 0 0 1 1 0 ]

d_7_3=3.542862288358 s=[ 0 0 0 1 1 1 1 1 0 0 + - 1 0 0 1 1 1 1 0 0 1 0 0 1 0 1 1 1 1 1 0 0 0 0 1 1 0 ]

d_7_3=3.543062488559 s=[ 0 0 0 1 1 1 1 1 0 0 + - 1 0 0 1 1 1 1 0 0 1 0 0 1 0 1 1 1 1 1 0 0 0 0 1 1 0 ]

d_7_3=3.543262688759 s=[ 0 0 0 1 1 1 1 1 0 0 + - 1 0 0 1 1 1 1 0 0 1 0 0 1 0 1 1 1 1 1 0 0 0 0 1 1 0 ]

d_7_3=3.543462888959 s=[ 0 0 0 1 1 1 1 1 0 0 + - 1 0 0 1 1 1 1 0 0 1 0 0 1 0 1 1 1 1 1 0 0 0 0 1 1 0 ]

d_7_3=3.543663089159 s=[ 0 0 0 1 1 1 1 1 0 0 + - 1 0 0 1 1 1 1 0 0 1 0 0 1 0 1 1 1 1 1 0 0 0 0 1 1 0 ]

d_7_3=3.543863289359 s=[ 0 0 0 1 1 1 1 1 0 0 + - 1 0 0 1 1 1 1 0 0 1 0 0 1 0 1 1 1 1 1 0 0 0 0 1 1 0 ]

d_7_3=3.544063489560 s=[ 0 0 0 1 1 1 1 1 0 0 + - 1 0 0 1 1 1 1 0 0 1 0 0 1 0 1 1 1 1 1 0 0 0 0 1 1 0 ]

d_7_3=3.544263689760 s=[ 0 0 0 1 1 1 1 1 0 0 + - 1 0 0 1 1 1 1 0 0 1 0 0 1 0 1 1 1 1 1 0 0 0 0 1 1 0 ]

d_7_3=3.544463889960 s=[ 0 0 0 1 1 1 1 1 0 0 + - 1 0 0 1 1 1 1 0 0 1 0 0 1 0 1 1 1 1 1 0 0 0 0 1 1 0 ]

d_7_3=3.544664090160 s=[ 0 0 0 1 1 1 1 1 0 0 + - 1 0 0 1 1 1 1 0 0 1 0 0 1 0 1 1 1 1 1 0 0 0 0 1 1 0 ]

d_7_3=3.544864290360 s=[ 0 0 0 1 1 1 1 1 0 0 + - 1 0 0 1 1 1 1 0 0 1 0 0 1 0 1 1 1 1 1 0 0 0 0 1 1 0 ]

d_7_3=3.545064490561 s=[ 0 0 0 1 1 1 1 1 0 0 + - 1 0 0 1 1 1 1 0 0 1 0 0 1 0 1 1 1 1 1 0 0 0 0 1 1 0 ]

d_7_3=3.545264690761 s=[ 0 0 0 1 1 1 1 1 0 0 + - 1 0 0 1 1 1 1 0 0 1 0 0 1 0 1 1 1 1 1 0 0 0 0 1 1 0 ]

d_7_3=3.545464890961 s=[ 0 0 0 1 1 1 1 1 0 0 + - 1 0 0 1 1 1 1 0 0 1 0 0 1 0 1 1 1 1 1 0 0 0 0 1 1 0 ]

d_7_3=3.564083509580 s=[ 0 0 0 1 1 1 1 1 0 0 + + 0 0 0 1 1 1 1 0 0 1 0 0 1 0 1 1 1 1 1 1 1 1 1 0 0 1 ]

d_7_3=3.564283709780 s=[ 0 0 0 1 1 1 1 1 0 0 + + 0 0 0 1 1 1 1 0 0 1 0 0 1 0 1 1 1 1 1 1 1 1 1 0 0 1 ]

d_7_3=3.564483909980 s=[ 0 0 0 1 1 1 1 1 0 0 + + 0 0 0 1 1 1 1 0 0 1 0 0 1 0 1 1 1 1 1 1 1 1 1 0 0 1 ]

d_7_3=3.564684110180 s=[ 0 0 0 1 1 1 1 1 0 0 + + 0 0 0 1 1 1 1 0 0 1 0 0 1 0 1 1 1 1 1 1 1 1 1 0 0 1 ]

d_7_3=3.564884310380 s=[ 0 0 0 1 1 1 1 1 0 0 + + 0 0 0 1 1 1 1 0 0 1 0 0 1 0 1 1 1 1 1 1 1 1 1 0 0 1 ]

d_7_3=3.565084510581 s=[ 0 0 0 1 1 1 1 1 0 0 + + 0 0 0 1 1 1 1 0 0 1 0 0 1 0 1 1 1 1 1 1 1 1 1 0 0 1 ]

d_7_3=3.565284710781 s=[ 0 0 0 1 1 1 1 1 0 0 + + 0 0 0 1 1 1 1 0 0 1 0 0 1 0 1 1 1 1 1 1 1 1 1 0 0 1 ]

d_7_3=3.565484910981 s=[ 0 0 0 1 1 1 1 1 0 0 + + 0 0 0 1 1 1 1 0 0 1 0 0 1 0 1 1 1 1 1 1 1 1 1 0 0 1 ]

d_7_3=3.565685111181 s=[ 0 0 0 1 1 1 1 1 0 0 + + 0 0 0 1 1 1 1 0 0 1 0 0 1 0 1 1 1 1 1 1 1 1 1 0 0 1 ]

d_7_3=3.565885311381 s=[ 0 0 0 1 1 1 1 1 0 0 + + 0 0 0 1 1 1 1 0 0 1 0 0 1 0 1 1 1 1 1 1 1 1 1 0 0 1 ]

d_7_3=3.566085511582 s=[ 0 0 0 1 1 1 1 1 0 0 + + 0 0 0 1 1 1 1 0 0 1 0 0 1 0 1 1 1 1 1 1 1 1 1 0 0 1 ]

d_7_3=3.566285711782 s=[ 0 0 0 1 1 1 1 1 0 0 + + 0 0 0 1 1 1 1 0 0 1 0 0 1 0 1 1 1 1 1 1 1 1 1 0 0 1 ]

d_7_3=3.566485911982 s=[ 0 0 0 1 1 1 1 1 0 0 + + 0 0 0 1 1 1 1 0 0 1 0 0 1 0 1 1 1 1 1 1 1 1 1 0 0 1 ]

d_7_3=3.566686112182 s=[ 0 0 0 1 1 1 1 1 0 0 + + 0 0 0 1 1 1 1 0 0 1 0 0 1 0 1 1 1 1 1 1 1 1 1 0 0 1 ]

d_7_3=3.566886312382 s=[ 0 0 0 1 1 1 1 1 0 0 + + 0 0 0 1 1 1 1 0 0 1 0 0 1 0 1 1 1 1 1 1 1 1 1 0 0 1 ]

d_7_3=3.567086512583 s=[ 0 0 0 1 1 1 1 1 0 0 + + 0 0 0 1 1 1 1 0 0 1 0 0 1 0 1 1 1 1 1 1 1 1 1 0 0 1 ]

d_7_3=3.567286712783 s=[ 0 0 0 1 1 1 1 1 0 0 + + 0 0 0 1 1 1 1 0 0 1 0 0 1 0 1 1 1 1 1 1 1 1 1 0 0 1 ]

d_7_3=3.567486912983 s=[ 0 0 0 1 1 1 1 1 0 0 + + 0 0 0 1 1 1 1 0 0 1 0 0 1 0 1 1 1 1 1 1 1 1 1 0 0 1 ]

d_7_3=3.567687113183 s=[ 0 0 0 1 1 1 1 1 0 0 + + 0 0 0 1 1 1 1 0 0 1 0 0 1 0 1 1 1 1 1 1 1 1 1 0 0 1 ]

d_7_3=3.567887313383 s=[ 0 0 0 1 1 1 1 1 0 0 + + 0 0 0 1 1 1 1 0 0 1 0 0 1 0 1 1 1 1 1 1 1 1 1 0 0 1 ]

d_7_3=3.568087513584 s=[ 0 0 0 1 1 1 1 1 0 0 + + 0 0 0 1 1 1 1 0 0 1 0 0 1 0 1 1 1 1 1 1 1 1 1 0 0 1 ]

d_7_3=3.568287713784 s=[ 0 0 0 1 1 1 1 1 0 0 + + 0 0 0 1 1 1 1 0 0 1 0 0 1 0 1 1 1 1 1 1 1 1 1 0 0 1 ]

d_7_3=3.568487913984 s=[ 0 0 0 1 1 1 1 1 0 0 + + 0 0 0 1 1 1 1 0 0 1 0 0 1 0 1 1 1 1 1 1 1 1 1 0 0 1 ]

d_7_3=3.568688114184 s=[ 0 0 0 1 1 1 1 1 0 0 + + 0 0 0 1 1 1 1 0 0 1 0 0 1 0 1 1 1 1 1 1 1 1 1 0 0 1 ]

d_7_3=3.568888314384 s=[ 0 0 0 1 1 1 1 1 0 0 + + 0 0 0 1 1 1 1 0 0 1 0 0 1 0 1 1 1 1 1 1 1 1 1 0 0 1 ]

d_7_3=3.569088514585 s=[ 0 0 0 1 1 1 1 1 0 0 + + 0 0 0 1 1 1 1 0 0 1 0 0 1 0 1 1 1 1 1 1 1 1 1 0 0 1 ]

d_7_3=3.569288714785 s=[ 0 0 0 1 1 1 1 1 0 0 + + 0 0 0 1 1 1 1 0 0 1 0 0 1 0 1 1 1 1 1 1 1 1 1 0 0 1 ]

d_7_3=3.569488914985 s=[ 0 0 0 1 1 1 1 1 0 0 + + 0 0 0 1 1 1 1 0 0 1 0 0 1 0 1 1 1 1 1 1 1 1 1 0 0 1 ]

d_7_3=3.569689115185 s=[ 0 0 0 1 1 1 1 1 0 0 + + 0 0 0 1 1 1 1 0 0 1 0 0 1 0 1 1 1 1 1 1 1 1 1 0 0 1 ]

d_7_3=3.569889315385 s=[ 0 0 0 1 1 1 1 1 0 0 + + 0 0 0 1 1 1 1 0 0 1 0 0 1 0 1 1 1 1 1 1 1 1 1 0 0 1 ]

d_7_3=3.570089515586 s=[ 0 0 0 1 1 1 1 1 0 0 + + 0 0 0 1 1 1 1 0 0 1 0 0 1 0 1 1 1 1 1 1 1 1 1 0 0 1 ]

d_7_3=3.570289715786 s=[ 0 0 0 1 1 1 1 1 0 0 + + 0 0 0 1 1 1 1 0 0 1 0 0 1 0 1 1 1 1 1 1 1 1 1 0 0 1 ]

d_7_3=3.570489915986 s=[ 0 0 0 1 1 1 1 1 0 0 + + 0 0 0 1 1 1 1 0 0 1 0 0 1 0 1 1 1 1 1 1 1 1 1 0 0 1 ]

d_7_3=3.570690116186 s=[ 0 0 0 1 1 1 1 1 0 0 + + 0 0 0 1 1 1 1 0 0 1 0 0 1 0 1 1 1 1 1 1 1 1 1 0 0 1 ]

d_7_3=3.570890316386 s=[ 0 0 0 1 1 1 1 1 0 0 + + 0 0 0 1 1 1 1 0 0 1 0 0 1 0 1 1 1 1 1 1 1 1 1 0 0 1 ]

d_7_3=3.571090516587 s=[ 0 0 0 1 1 1 1 1 0 0 + + 0 0 0 1 1 1 1 0 0 1 0 0 1 0 1 1 1 1 1 1 1 1 1 0 0 1 ]

d_7_3=3.571290716787 s=[ 0 0 0 1 1 1 1 1 0 0 + + 0 0 0 1 1 1 1 0 0 1 0 0 1 0 1 1 1 1 1 1 1 1 1 0 0 1 ]

d_7_3=3.571490916987 s=[ 0 0 0 1 1 1 1 1 0 0 + + 0 0 0 1 1 1 1 0 0 1 0 0 1 0 1 1 1 1 1 1 1 1 1 0 0 1 ]

d_7_3=3.571691117187 s=[ 0 0 0 1 1 1 1 1 0 0 + + 0 0 0 1 1 1 1 0 0 1 0 0 1 0 1 1 1 1 1 1 1 1 1 0 0 1 ]

d_7_3=3.571891317387 s=[ 0 0 0 1 1 1 1 1 0 0 + + 0 0 0 1 1 1 1 0 0 1 0 0 1 0 1 1 1 1 1 1 1 1 1 0 0 1 ]

d_7_3=3.572091517588 s=[ 0 0 0 1 1 1 1 1 0 0 + + 0 0 0 1 1 1 1 0 0 1 0 0 1 0 1 1 1 1 1 1 1 1 1 0 0 1 ]

d_7_3=3.572291717788 s=[ 0 0 0 1 1 1 1 1 0 0 + + 0 0 0 1 1 1 1 0 0 1 0 0 1 0 1 1 1 1 1 1 1 1 1 0 0 1 ]

d_7_3=3.572491917988 s=[ 0 0 0 1 1 1 1 1 0 0 + + 0 0 0 1 1 1 1 0 0 1 0 0 1 0 1 1 1 1 1 1 1 1 1 0 0 1 ]

d_7_3=3.572692118188 s=[ 0 0 0 1 1 1 1 1 0 0 + + 0 0 0 1 1 1 1 0 0 1 0 0 1 0 1 1 1 1 1 1 1 1 1 0 0 1 ]

d_7_3=3.572892318388 s=[ 0 0 0 1 1 1 1 1 0 0 + + 0 0 0 1 1 1 1 0 0 1 0 0 1 0 1 1 1 1 1 1 1 1 1 0 0 1 ]

d_7_3=3.573092518589 s=[ 0 0 0 1 1 1 1 1 0 0 + + 0 0 0 1 1 1 1 0 0 1 0 0 1 0 1 1 1 1 1 1 1 1 1 0 0 1 ]

d_7_3=3.573292718789 s=[ 0 0 0 1 1 1 1 1 0 0 + + 0 0 0 1 1 1 1 0 0 1 0 0 1 0 1 1 1 1 1 1 1 1 1 0 0 1 ]

d_7_3=3.573492918989 s=[ 0 0 0 1 1 1 1 1 0 0 + + 0 0 0 1 1 1 1 0 0 1 0 0 1 0 1 1 1 1 1 1 1 1 1 0 0 1 ]

d_7_3=3.573693119189 s=[ 0 0 0 1 1 1 1 1 0 0 + + 0 0 0 1 1 1 1 0 0 1 0 0 1 0 1 1 1 1 1 1 1 1 1 0 0 1 ]

d_7_3=3.573893319389 s=[ 0 0 0 1 1 1 1 1 0 0 + + 0 0 0 1 1 1 1 0 0 1 0 0 1 0 1 1 1 1 1 1 1 1 1 0 0 1 ]

d_7_3=3.574093519590 s=[ 0 0 0 1 1 1 1 1 0 0 + + 0 0 0 1 1 1 1 0 0 1 0 0 1 0 1 1 1 1 1 1 1 1 1 0 0 1 ]

d_7_3=3.574293719790 s=[ 0 0 0 1 1 1 1 1 0 0 + + 0 0 0 1 1 1 1 0 0 1 0 0 1 0 1 1 1 1 1 1 1 1 1 0 0 1 ]

d_7_3=3.574493919990 s=[ 0 0 0 1 1 1 1 1 0 0 + + 0 0 0 1 1 1 1 0 0 1 0 0 1 0 1 1 1 1 1 1 1 1 1 0 0 1 ]

d_7_3=3.574694120190 s=[ 0 0 0 1 1 1 1 1 0 0 + + 0 0 0 1 1 1 1 0 0 1 0 0 1 0 1 1 1 1 1 1 1 1 1 0 0 1 ]

d_7_3=3.574894320390 s=[ 0 0 0 1 1 1 1 1 0 0 + + 0 0 0 1 1 1 1 0 0 1 0 0 1 0 1 1 1 1 1 1 1 1 1 0 0 1 ]

d_7_3=3.575094520591 s=[ 0 0 0 1 1 1 1 1 0 0 + + 0 0 0 1 1 1 1 0 0 1 0 0 1 0 1 1 1 1 1 1 1 1 1 0 0 1 ]

d_7_3=3.575294720791 s=[ 0 0 0 1 1 1 1 1 0 0 + + 0 0 0 1 1 1 1 0 0 1 0 0 1 0 1 1 1 1 1 1 1 1 1 0 0 1 ]

d_7_3=3.575494920991 s=[ 0 0 0 1 1 1 1 1 0 0 + + 0 0 0 1 1 1 1 0 0 1 0 0 1 0 1 1 1 1 1 1 1 1 1 0 0 1 ]

d_7_3=3.575695121191 s=[ 0 0 0 1 1 1 1 1 0 0 + + 0 0 0 1 1 1 1 0 0 1 0 0 1 0 1 1 1 1 1 1 1 1 1 0 0 1 ]

d_7_3=3.579298724795 s=[ 0 0 0 1 1 1 1 1 0 0 + - 0 1 0 1 1 1 1 0 0 1 0 0 1 0 1 1 1 1 0 0 0 0 0 1 1 0 ]

d_7_3=3.579498924995 s=[ 0 0 0 1 1 1 1 1 0 0 + - 0 1 0 1 1 1 1 0 0 1 0 0 1 0 1 1 1 1 0 0 0 0 0 1 1 0 ]

d_7_3=3.579699125195 s=[ 0 0 0 1 1 1 1 1 0 0 + - 0 1 0 1 1 1 1 0 0 1 0 0 1 0 1 1 1 1 0 0 0 0 0 1 1 0 ]

d_7_3=3.579899325395 s=[ 0 0 0 1 1 1 1 1 0 0 + + 0 1 1 0 0 0 0 1 1 0 1 1 0 1 0 0 0 0 0 0 0 0 0 1 1 0 ]

d_7_3=3.579899325395 s=[ 0 0 0 1 1 1 1 1 0 0 + - 0 1 0 1 1 1 1 0 0 1 0 0 1 0 1 1 1 1 0 0 0 0 0 1 1 0 ]

d_7_3=3.580099525596 s=[ 0 0 0 1 1 1 1 1 0 0 + + 0 1 1 0 0 0 0 1 1 0 1 1 0 1 0 0 0 0 0 0 0 0 0 1 1 0 ]

d_7_3=3.580099525596 s=[ 0 0 0 1 1 1 1 1 0 0 + - 0 1 0 1 1 1 1 0 0 1 0 0 1 0 1 1 1 1 0 0 0 0 0 1 1 0 ]

d_7_3=3.580299725796 s=[ 0 0 0 1 1 1 1 1 0 0 + + 0 1 1 0 0 0 0 1 1 0 1 1 0 1 0 0 0 0 0 0 0 0 0 1 1 0 ]

d_7_3=3.580299725796 s=[ 0 0 0 1 1 1 1 1 0 0 + - 0 1 0 1 1 1 1 0 0 1 0 0 1 0 1 1 1 1 0 0 0 0 0 1 1 0 ]

d_7_3=3.580499925996 s=[ 0 0 0 1 1 1 1 1 0 0 + + 0 1 1 0 0 0 0 1 1 0 1 1 0 1 0 0 0 0 0 0 0 0 0 1 1 0 ]

d_7_3=3.580499925996 s=[ 0 0 0 1 1 1 1 1 0 0 + - 0 1 0 1 1 1 1 0 0 1 0 0 1 0 1 1 1 1 0 0 0 0 0 1 1 0 ]

d_7_3=3.580700126196 s=[ 0 0 0 1 1 1 1 1 0 0 + + 0 1 1 0 0 0 0 1 1 0 1 1 0 1 0 0 0 0 0 0 0 0 0 1 1 0 ]

d_7_3=3.580700126196 s=[ 0 0 0 1 1 1 1 1 0 0 + - 0 1 0 1 1 1 1 0 0 1 0 0 1 0 1 1 1 1 0 0 0 0 0 1 1 0 ]

d_7_3=3.580900326396 s=[ 0 0 0 1 1 1 1 1 0 0 + + 0 1 1 0 0 0 0 1 1 0 1 1 0 1 0 0 0 0 0 0 0 0 0 1 1 0 ]

d_7_3=3.580900326396 s=[ 0 0 0 1 1 1 1 1 0 0 + - 0 1 0 1 1 1 1 0 0 1 0 0 1 0 1 1 1 1 0 0 0 0 0 1 1 0 ]

d_7_3=3.581100526597 s=[ 0 0 0 1 1 1 1 1 0 0 + + 0 1 1 0 0 0 0 1 1 0 1 1 0 1 0 0 0 0 0 0 0 0 0 1 1 0 ]

d_7_3=3.581100526597 s=[ 0 0 0 1 1 1 1 1 0 0 + - 0 1 0 1 1 1 1 0 0 1 0 0 1 0 1 1 1 1 0 0 0 0 0 1 1 0 ]

d_7_3=3.581300726797 s=[ 0 0 0 1 1 1 1 1 0 0 + + 0 1 1 0 0 0 0 1 1 0 1 1 0 1 0 0 0 0 0 0 0 0 0 1 1 0 ]

d_7_3=3.581300726797 s=[ 0 0 0 1 1 1 1 1 0 0 + - 0 1 0 1 1 1 1 0 0 1 0 0 1 0 1 1 1 1 0 0 0 0 0 1 1 0 ]

d_7_3=3.581500926997 s=[ 0 0 0 1 1 1 1 1 0 0 + + 0 1 1 0 0 0 0 1 1 0 1 1 0 1 0 0 0 0 0 0 0 0 0 1 1 0 ]

d_7_3=3.581500926997 s=[ 0 0 0 1 1 1 1 1 0 0 + - 0 1 0 1 1 1 1 0 0 1 0 0 1 0 1 1 1 1 0 0 0 0 0 1 1 0 ]

d_7_3=3.581701127197 s=[ 0 0 0 1 1 1 1 1 0 0 + + 0 1 1 0 0 0 0 1 1 0 1 1 0 1 0 0 0 0 0 0 0 0 0 1 1 0 ]

d_7_3=3.581701127197 s=[ 0 0 0 1 1 1 1 1 0 0 + - 0 1 0 1 1 1 1 0 0 1 0 0 1 0 1 1 1 1 0 0 0 0 0 1 1 0 ]

d_7_3=3.581901327397 s=[ 0 0 0 1 1 1 1 1 0 0 + + 0 1 1 0 0 0 0 1 1 0 1 1 0 1 0 0 0 0 0 0 0 0 0 1 1 0 ]

d_7_3=3.581901327397 s=[ 0 0 0 1 1 1 1 1 0 0 + - 0 1 0 1 1 1 1 0 0 1 0 0 1 0 1 1 1 1 0 0 0 0 0 1 1 0 ]

d_7_3=3.582101527598 s=[ 0 0 0 1 1 1 1 1 0 0 + + 0 1 1 0 0 0 0 1 1 0 1 1 0 1 0 0 0 0 0 0 0 0 0 1 1 0 ]

d_7_3=3.582101527598 s=[ 0 0 0 1 1 1 1 1 0 0 + - 0 1 0 1 1 1 1 0 0 1 0 0 1 0 1 1 1 1 0 0 0 0 0 1 1 0 ]

d_7_3=3.582301727798 s=[ 0 0 0 1 1 1 1 1 0 0 + + 0 1 1 0 0 0 0 1 1 0 1 1 0 1 0 0 0 0 0 0 0 0 0 1 1 0 ]

d_7_3=3.582301727798 s=[ 0 0 0 1 1 1 1 1 0 0 + - 0 1 0 1 1 1 1 0 0 1 0 0 1 0 1 1 1 1 0 0 0 0 0 1 1 0 ]

d_7_3=3.582501927998 s=[ 0 0 0 1 1 1 1 1 0 0 + + 0 1 1 0 0 0 0 1 1 0 1 1 0 1 0 0 0 0 0 0 0 0 0 1 1 0 ]

d_7_3=3.582702128198 s=[ 0 0 0 1 1 1 1 1 0 0 + + 0 1 1 0 0 0 0 1 1 0 1 1 0 1 0 0 0 0 0 0 0 0 0 1 1 0 ]

d_7_3=3.582902328398 s=[ 0 0 0 1 1 1 1 1 0 0 + + 0 1 1 0 0 0 0 1 1 0 1 1 0 1 0 0 0 0 0 0 0 0 0 1 1 0 ]

d_7_3=3.583102528599 s=[ 0 0 0 1 1 1 1 1 0 0 + + 0 1 1 0 0 0 0 1 1 0 1 1 0 1 0 0 0 0 0 0 0 0 0 1 1 0 ]

d_7_3=3.583302728799 s=[ 0 0 0 1 1 1 1 1 0 0 + + 0 1 1 0 0 0 0 1 1 0 1 1 0 1 0 0 0 0 0 0 0 0 0 1 1 0 ]

