xyz0=( 44.662271 21.326067 7.731530 )
xyz0=( 44.662353 21.326652 7.731642 )
xyz0=( 44.662435 21.327237 7.731754 )
xyz0=( 44.662517 21.327822 7.731866 )
xyz0=( 44.662598 21.328408 7.731977 )
xyz0=( 44.662679 21.328995 7.732089 )
xyz0=( 44.662761 21.329581 7.732200 )
xyz0=( 44.662842 21.330168 7.732312 )
xyz0=( 44.662922 21.330756 7.732423 )
xyz0=( 44.663003 21.331343 7.732535 )
xyz0=( 44.663083 21.331931 7.732646 )
xyz0=( 44.663163 21.332519 7.732757 )
xyz0=( 44.663243 21.333108 7.732868 )
xyz0=( 44.663323 21.333697 7.732979 )
xyz0=( 44.663403 21.334286 7.733090 )
xyz0=( 44.663482 21.334876 7.733200 )
xyz0=( 44.663562 21.335466 7.733311 )
xyz0=( 44.663641 21.336057 7.733422 )
xyz0=( 44.663720 21.336647 7.733532 )
xyz0=( 44.663798 21.337238 7.733643 )
xyz0=( 44.663877 21.337830 7.733753 )
xyz0=( 44.663955 21.338421 7.733863 )
xyz0=( 44.664033 21.339013 7.733973 )
xyz0=( 44.664111 21.339606 7.734083 )
xyz0=( 44.664189 21.340199 7.734193 )
xyz0=( 44.664267 21.340792 7.734303 )
xyz0=( 44.664344 21.341385 7.734413 )
xyz0=( 44.664422 21.341979 7.734522 )
xyz0=( 44.664499 21.342573 7.734632 )
xyz0=( 44.664576 21.343168 7.734741 )
xyz0=( 44.664652 21.343763 7.734851 )
xyz0=( 44.664729 21.344358 7.734960 )
xyz0=( 44.664805 21.344953 7.735069 )
xyz0=( 44.664881 21.345549 7.735178 )
xyz0=( 44.664957 21.346145 7.735287 )
xyz0=( 44.665033 21.346742 7.735396 )
xyz0=( 44.665109 21.347339 7.735505 )
xyz0=( 44.665184 21.347936 7.735614 )
xyz0=( 44.665259 21.348534 7.735723 )
xyz0=( 44.665334 21.349132 7.735831 )
xyz0=( 44.665409 21.349730 7.735940 )
xyz0=( 44.665484 21.350329 7.736048 )
xyz0=( 44.665558 21.350928 7.736156 )
xyz0=( 44.665632 21.351527 7.736264 )
xyz0=( 44.665706 21.352127 7.736372 )
xyz0=( 44.665780 21.352727 7.736480 )
xyz0=( 44.665854 21.353328 7.736588 )
xyz0=( 44.665927 21.353929 7.736696 )
xyz0=( 44.666001 21.354530 7.736804 )
xyz0=( 44.666074 21.355131 7.736911 )
xyz0=( 44.666147 21.355733 7.737019 )
xyz0=( 44.666219 21.356335 7.737126 )
xyz0=( 44.666292 21.356938 7.737234 )
xyz0=( 44.666364 21.357541 7.737341 )
xyz0=( 44.666436 21.358144 7.737448 )
xyz0=( 44.666508 21.358748 7.737555 )
xyz0=( 44.666580 21.359352 7.737662 )
xyz0=( 44.666652 21.359957 7.737769 )
xyz0=( 44.666723 21.360561 7.737876 )
xyz0=( 44.666794 21.361166 7.737982 )
xyz0=( 44.666865 21.361772 7.738089 )
xyz0=( 44.666936 21.362378 7.738195 )
xyz0=( 44.667007 21.362984 7.738302 )
xyz0=( 44.667077 21.363591 7.738408 )
xyz0=( 44.667147 21.364198 7.738514 )
xyz0=( 44.667217 21.364805 7.738620 )
xyz0=( 44.667287 21.365413 7.738726 )
xyz0=( 44.667357 21.366021 7.738832 )
xyz0=( 44.667426 21.366629 7.738938 )
xyz0=( 44.667495 21.367238 7.739043 )
xyz0=( 44.667564 21.367847 7.739149 )
xyz0=( 44.667633 21.368456 7.739255 )
xyz0=( 44.667702 21.369066 7.739360 )
xyz0=( 44.667770 21.369677 7.739465 )
xyz0=( 44.667838 21.370287 7.739570 )
xyz0=( 44.667906 21.370898 7.739675 )
xyz0=( 44.667974 21.371510 7.739780 )
xyz0=( 44.668042 21.372121 7.739885 )
xyz0=( 44.668109 21.372733 7.739990 )
xyz0=( 44.668176 21.373346 7.740095 )
xyz0=( 44.668243 21.373959 7.740199 )
xyz0=( 44.668310 21.374572 7.740304 )
xyz0=( 43.713136 22.950418 7.248277 )
xyz0=( 43.713653 22.950292 7.248614 )
xyz0=( 44.328792 20.591577 7.435312 )
xyz0=( 44.328383 20.591135 7.434993 )
xyz0=( 44.327974 20.590693 7.434674 )
xyz0=( 44.327564 20.590250 7.434355 )
xyz0=( 44.327154 20.589808 7.434035 )
xyz0=( 44.326744 20.589366 7.433715 )
xyz0=( 44.326332 20.588924 7.433395 )
xyz0=( 44.325921 20.588482 7.433075 )
xyz0=( 44.325509 20.588040 7.432754 )
xyz0=( 44.325097 20.587597 7.432433 )
xyz0=( 44.324684 20.587155 7.432111 )
xyz0=( 44.324270 20.586713 7.431789 )
xyz0=( 44.323857 20.586271 7.431467 )
xyz0=( 44.323442 20.585828 7.431145 )
xyz0=( 44.323027 20.585386 7.430822 )
xyz0=( 44.322612 20.584943 7.430499 )
xyz0=( 44.322197 20.584501 7.430175 )
xyz0=( 44.321780 20.584059 7.429852 )
xyz0=( 44.321364 20.583616 7.429528 )
xyz0=( 44.320947 20.583174 7.429203 )
xyz0=( 44.320529 20.582731 7.428878 )
xyz0=( 44.320111 20.582289 7.428553 )
xyz0=( 44.319692 20.581846 7.428228 )
xyz0=( 44.319273 20.581403 7.427902 )
xyz0=( 44.318854 20.580961 7.427576 )
xyz0=( 44.318434 20.580518 7.427250 )
xyz0=( 44.318014 20.580076 7.426923 )
xyz0=( 44.317593 20.579633 7.426597 )
xyz0=( 44.317171 20.579190 7.426269 )
xyz0=( 44.316749 20.578747 7.425942 )
xyz0=( 44.316327 20.578305 7.425614 )
xyz0=( 44.315904 20.577862 7.425285 )
xyz0=( 44.315481 20.577419 7.424957 )
xyz0=( 44.315057 20.576976 7.424628 )
xyz0=( 44.314633 20.576533 7.424299 )
xyz0=( 44.314208 20.576090 7.423969 )
xyz0=( 44.313783 20.575647 7.423639 )
xyz0=( 44.313357 20.575204 7.423309 )
xyz0=( 44.312931 20.574762 7.422978 )
xyz0=( 44.312504 20.574319 7.422647 )
xyz0=( 44.312076 20.573875 7.422316 )
xyz0=( 44.311649 20.573432 7.421984 )
xyz0=( 44.311221 20.572989 7.421652 )
xyz0=( 44.310792 20.572546 7.421320 )
xyz0=( 44.310363 20.572103 7.420987 )
xyz0=( 44.309933 20.571660 7.420654 )
xyz0=( 44.309503 20.571217 7.420321 )
xyz0=( 44.309072 20.570774 7.419988 )
xyz0=( 44.289157 20.550803 7.404612 )
xyz0=( 44.289157 20.550803 7.404612 )
xyz0=( 43.111463 20.399985 6.595152 )
xyz0=( 43.112264 20.399531 6.595648 )
xyz0=( 43.113066 20.399078 6.596146 )
xyz0=( 43.113869 20.398624 6.596644 )
xyz0=( 43.114674 20.398171 6.597143 )
xyz0=( 43.115481 20.397717 6.597644 )
xyz0=( 43.116289 20.397263 6.598146 )
xyz0=( 43.117099 20.396810 6.598648 )
xyz0=( 43.117911 20.396356 6.599152 )
xyz0=( 43.118724 20.395902 6.599657 )
xyz0=( 43.119539 20.395449 6.600163 )
xyz0=( 43.120356 20.394995 6.600670 )
xyz0=( 43.121174 20.394541 6.601179 )
xyz0=( 43.121994 20.394087 6.601688 )
xyz0=( 43.122815 20.393634 6.602198 )
xyz0=( 43.123638 20.393180 6.602710 )
xyz0=( 44.149753 22.728506 7.521465 )
xyz0=( 44.150670 22.727754 7.522011 )
xyz0=( 44.151589 22.726999 7.522558 )
xyz0=( 44.152510 22.726240 7.523106 )
xyz0=( 44.153433 22.725479 7.523655 )
xyz0=( 44.154357 22.724715 7.524205 )
xyz0=( 44.155284 22.723947 7.524756 )
xyz0=( 44.156212 22.723176 7.525308 )
xyz0=( 44.157142 22.722403 7.525861 )
xyz0=( 44.158075 22.721626 7.526415 )
xyz0=( 44.159009 22.720846 7.526970 )
xyz0=( 44.159945 22.720062 7.527526 )
xyz0=( 44.160884 22.719275 7.528083 )
xyz0=( 44.161824 22.718486 7.528641 )
xyz0=( 44.162766 22.717692 7.529200 )
xyz0=( 44.163711 22.716896 7.529761 )
xyz0=( 44.164657 22.716096 7.530322 )
xyz0=( 44.165606 22.715292 7.530884 )
xyz0=( 44.166557 22.714486 7.531448 )
xyz0=( 44.167509 22.713676 7.532012 )
xyz0=( 44.168464 22.712862 7.532578 )
xyz0=( 44.169422 22.712045 7.533145 )
xyz0=( 44.170381 22.711224 7.533713 )
xyz0=( 44.171342 22.710400 7.534282 )
xyz0=( 44.172306 22.709572 7.534852 )
xyz0=( 44.173272 22.708740 7.535424 )
xyz0=( 44.174240 22.707905 7.535996 )
xyz0=( 44.175211 22.707066 7.536570 )
xyz0=( 44.176184 22.706223 7.537145 )
xyz0=( 44.177159 22.705377 7.537721 )
xyz0=( 44.178137 22.704527 7.538299 )
xyz0=( 44.179116 22.703673 7.538877 )
xyz0=( 44.180099 22.702815 7.539457 )
xyz0=( 44.181083 22.701953 7.540038 )
xyz0=( 44.182071 22.701087 7.540621 )
xyz0=( 44.183060 22.700217 7.541204 )
xyz0=( 44.184052 22.699344 7.541789 )
xyz0=( 44.185047 22.698466 7.542376 )
xyz0=( 44.186044 22.697584 7.542963 )
xyz0=( 44.187044 22.696698 7.543552 )
xyz0=( 44.188046 22.695807 7.544142 )
xyz0=( 44.189051 22.694913 7.544734 )
xyz0=( 44.190058 22.694014 7.545327 )
xyz0=( 44.191068 22.693111 7.545921 )
xyz0=( 44.192081 22.692204 7.546516 )
xyz0=( 44.193096 22.691292 7.547113 )
xyz0=( 44.194115 22.690376 7.547712 )
xyz0=( 44.195136 22.689455 7.548312 )
xyz0=( 44.196159 22.688530 7.548913 )
xyz0=( 44.197186 22.687600 7.549516 )
xyz0=( 44.198215 22.686665 7.550120 )
xyz0=( 44.199248 22.685726 7.550726 )
xyz0=( 44.200283 22.684782 7.551333 )
xyz0=( 44.201321 22.683833 7.551942 )
xyz0=( 44.202362 22.682880 7.552552 )
xyz0=( 44.203406 22.681921 7.553164 )
xyz0=( 44.204454 22.680958 7.553778 )
xyz0=( 44.205504 22.679990 7.554393 )
xyz0=( 44.206557 22.679016 7.555009 )
xyz0=( 44.599433 22.048297 7.759076 )
xyz0=( 44.598920 22.049893 7.758885 )
xyz0=( 44.598403 22.051496 7.758691 )
xyz0=( 44.597882 22.053105 7.758495 )
xyz0=( 44.229463 22.657296 7.568365 )
xyz0=( 44.597357 22.054721 7.758298 )
xyz0=( 44.230595 22.656195 7.569023 )
xyz0=( 44.596828 22.056343 7.758098 )
xyz0=( 44.231731 22.655087 7.569682 )
xyz0=( 44.596295 22.057973 7.757896 )
xyz0=( 44.232871 22.653973 7.570344 )
xyz0=( 44.595758 22.059609 7.757692 )
xyz0=( 44.234016 22.652851 7.571007 )
xyz0=( 44.595216 22.061253 7.757485 )
xyz0=( 44.235164 22.651722 7.571673 )
xyz0=( 44.594670 22.062903 7.757277 )
xyz0=( 44.236317 22.650587 7.572341 )
xyz0=( 44.594120 22.064561 7.757066 )
xyz0=( 44.237475 22.649444 7.573012 )
xyz0=( 44.593565 22.066226 7.756853 )
xyz0=( 44.238637 22.648294 7.573685 )
xyz0=( 44.593006 22.067898 7.756637 )
xyz0=( 44.239803 22.647136 7.574360 )
xyz0=( 44.592442 22.069578 7.756419 )
xyz0=( 44.240974 22.645971 7.575037 )
xyz0=( 44.591874 22.071266 7.756199 )
xyz0=( 44.242150 22.644798 7.575717 )
xyz0=( 44.591300 22.072961 7.755977 )
xyz0=( 44.243330 22.643618 7.576400 )
xyz0=( 44.244515 22.642430 7.577084 )
xyz0=( 44.245706 22.641233 7.577772 )
xyz0=( 44.246901 22.640029 7.578462 )
xyz0=( 44.248101 22.638816 7.579154 )
xyz0=( 44.249306 22.637595 7.579850 )
xyz0=( 44.676373 21.612727 7.768814 )
xyz0=( 44.676397 21.612127 7.768772 )
xyz0=( 44.676421 21.611528 7.768730 )
xyz0=( 44.676444 21.610928 7.768688 )
xyz0=( 44.676467 21.610328 7.768645 )
xyz0=( 44.676490 21.609727 7.768603 )
xyz0=( 44.676513 21.609127 7.768560 )
xyz0=( 44.676535 21.608526 7.768517 )
xyz0=( 44.676557 21.607925 7.768473 )
xyz0=( 44.676579 21.607323 7.768430 )
xyz0=( 44.676601 21.606721 7.768387 )
xyz0=( 44.676623 21.606119 7.768343 )
xyz0=( 44.676644 21.605517 7.768299 )
xyz0=( 44.676665 21.604914 7.768255 )
xyz0=( 44.676686 21.604311 7.768211 )
xyz0=( 44.676707 21.603708 7.768166 )
xyz0=( 44.676728 21.603104 7.768122 )
xyz0=( 44.676748 21.602501 7.768077 )
xyz0=( 44.676768 21.601897 7.768032 )
xyz0=( 44.676788 21.601292 7.767987 )
xyz0=( 44.676808 21.600687 7.767942 )
xyz0=( 44.676827 21.600083 7.767896 )
xyz0=( 44.676847 21.599477 7.767851 )
xyz0=( 44.676866 21.598872 7.767805 )
xyz0=( 44.676885 21.598266 7.767759 )
xyz0=( 44.676903 21.597660 7.767713 )
xyz0=( 44.676922 21.597053 7.767666 )
xyz0=( 44.676940 21.596447 7.767620 )
xyz0=( 44.676958 21.595840 7.767573 )
xyz0=( 44.676976 21.595232 7.767526 )
xyz0=( 44.676993 21.594625 7.767479 )
xyz0=( 44.677011 21.594017 7.767432 )
xyz0=( 44.677028 21.593409 7.767385 )
xyz0=( 44.677045 21.592800 7.767337 )
xyz0=( 44.677061 21.592191 7.767290 )
xyz0=( 44.677078 21.591582 7.767242 )
xyz0=( 44.677094 21.590973 7.767194 )
xyz0=( 44.677110 21.590363 7.767145 )
xyz0=( 44.677126 21.589753 7.767097 )
xyz0=( 44.677141 21.589143 7.767048 )
xyz0=( 44.677157 21.588533 7.767000 )
xyz0=( 44.677172 21.587922 7.766951 )
xyz0=( 44.677187 21.587311 7.766901 )
xyz0=( 44.677201 21.586699 7.766852 )
xyz0=( 44.677216 21.586087 7.766803 )
xyz0=( 44.677230 21.585475 7.766753 )
xyz0=( 44.677244 21.584863 7.766703 )
xyz0=( 44.677258 21.584250 7.766653 )
xyz0=( 44.677271 21.583637 7.766603 )
xyz0=( 44.677285 21.583024 7.766552 )
xyz0=( 44.677298 21.582411 7.766502 )
xyz0=( 44.677311 21.581797 7.766451 )
xyz0=( 44.677323 21.581183 7.766400 )
xyz0=( 44.677336 21.580568 7.766349 )
xyz0=( 44.677348 21.579954 7.766298 )
xyz0=( 44.677360 21.579338 7.766246 )
xyz0=( 44.677372 21.578723 7.766195 )
xyz0=( 44.677383 21.578107 7.766143 )
xyz0=( 44.677395 21.577491 7.766091 )
xyz0=( 44.677406 21.576875 7.766039 )
xyz0=( 44.677417 21.576259 7.765986 )
xyz0=( 44.677427 21.575642 7.765934 )
xyz0=( 44.677438 21.575025 7.765881 )
xyz0=( 44.677448 21.574407 7.765828 )
xyz0=( 44.677458 21.573789 7.765775 )
xyz0=( 44.677468 21.573171 7.765721 )
xyz0=( 44.677477 21.572553 7.765668 )
xyz0=( 44.677486 21.571934 7.765614 )
xyz0=( 44.677495 21.571315 7.765560 )
xyz0=( 44.677504 21.570696 7.765506 )
xyz0=( 44.677513 21.570076 7.765452 )
xyz0=( 44.677521 21.569456 7.765398 )
xyz0=( 44.677529 21.568836 7.765343 )
xyz0=( 44.677537 21.568215 7.765288 )
xyz0=( 44.677545 21.567594 7.765233 )
xyz0=( 44.677552 21.566973 7.765178 )
xyz0=( 44.677559 21.566352 7.765123 )
xyz0=( 44.677566 21.565730 7.765067 )
xyz0=( 44.677573 21.565108 7.765011 )
xyz0=( 44.677579 21.564485 7.764955 )
xyz0=( 44.677585 21.563863 7.764899 )
xyz0=( 44.677591 21.563240 7.764843 )
xyz0=( 43.581026 20.264941 6.898989 )
xyz0=( 43.581549 20.264925 6.899341 )
xyz0=( 44.419090 22.427131 7.674054 )
xyz0=( 44.418730 22.427677 7.673864 )
xyz0=( 44.418370 22.428223 7.673674 )
xyz0=( 44.418009 22.428770 7.673483 )
xyz0=( 44.417647 22.429316 7.673292 )
xyz0=( 44.417285 22.429863 7.673101 )
xyz0=( 44.416923 22.430410 7.672909 )
xyz0=( 44.416560 22.430957 7.672717 )
xyz0=( 44.416197 22.431504 7.672525 )
xyz0=( 44.415833 22.432051 7.672332 )
xyz0=( 44.415469 22.432598 7.672140 )
xyz0=( 44.415104 22.433146 7.671946 )
xyz0=( 44.414739 22.433694 7.671753 )
xyz0=( 44.414373 22.434241 7.671559 )
xyz0=( 44.414007 22.434789 7.671365 )
xyz0=( 44.413641 22.435338 7.671171 )
xyz0=( 44.413274 22.435886 7.670977 )
xyz0=( 44.412906 22.436434 7.670782 )
xyz0=( 44.412539 22.436983 7.670587 )
xyz0=( 44.412170 22.437532 7.670391 )
xyz0=( 44.411801 22.438080 7.670195 )
xyz0=( 44.411432 22.438630 7.669999 )
xyz0=( 44.411062 22.439179 7.669803 )
xyz0=( 44.410692 22.439728 7.669606 )
xyz0=( 44.410321 22.440278 7.669409 )
xyz0=( 44.409950 22.440827 7.669212 )
xyz0=( 44.409579 22.441377 7.669015 )
xyz0=( 44.409207 22.441927 7.668817 )
xyz0=( 44.408834 22.442477 7.668619 )
xyz0=( 44.408461 22.443027 7.668420 )
xyz0=( 44.408087 22.443578 7.668221 )
xyz0=( 44.407713 22.444128 7.668022 )
xyz0=( 44.407339 22.444679 7.667823 )
xyz0=( 44.406964 22.445230 7.667623 )
xyz0=( 44.406589 22.445781 7.667423 )
xyz0=( 44.406213 22.446332 7.667223 )
xyz0=( 44.405836 22.446884 7.667022 )
xyz0=( 44.405460 22.447435 7.666821 )
xyz0=( 44.405082 22.447987 7.666620 )
xyz0=( 44.404704 22.448539 7.666419 )
xyz0=( 44.404326 22.449091 7.666217 )
xyz0=( 44.403947 22.449643 7.666015 )
xyz0=( 44.403568 22.450195 7.665812 )
xyz0=( 44.403188 22.450748 7.665609 )
xyz0=( 44.402808 22.451300 7.665406 )
xyz0=( 44.402427 22.451853 7.665203 )
xyz0=( 44.402046 22.452406 7.664999 )
xyz0=( 44.401664 22.452959 7.664795 )
xyz0=( 44.383964 22.478018 7.655276 )
xyz0=( 44.383964 22.478018 7.655276 )
xyz0=( 43.236582 22.943359 6.925957 )
xyz0=( 43.237417 22.943591 6.926543 )
xyz0=( 43.238252 22.943823 6.927129 )
xyz0=( 43.239089 22.944055 6.927717 )
xyz0=( 43.239928 22.944286 6.928305 )
xyz0=( 43.240769 22.944516 6.928895 )
xyz0=( 43.241611 22.944747 6.929485 )
xyz0=( 43.242454 22.944977 6.930077 )
xyz0=( 43.243300 22.945206 6.930670 )
xyz0=( 43.244146 22.945435 6.931263 )
xyz0=( 43.244995 22.945664 6.931858 )
xyz0=( 43.245845 22.945892 6.932454 )
xyz0=( 43.246697 22.946120 6.933051 )
xyz0=( 43.247550 22.946348 6.933649 )
xyz0=( 43.248405 22.946575 6.934248 )
xyz0=( 43.249262 22.946801 6.934848 )
xyz0=( 44.033560 20.366573 7.214259 )
xyz0=( 44.034538 20.367069 7.214967 )
xyz0=( 44.035519 20.367567 7.215677 )
xyz0=( 44.036502 20.368068 7.216389 )
xyz0=( 44.037487 20.368571 7.217103 )
xyz0=( 44.038474 20.369077 7.217818 )
xyz0=( 44.039463 20.369586 7.218535 )
xyz0=( 44.040454 20.370097 7.219253 )
xyz0=( 44.041448 20.370610 7.219974 )
xyz0=( 44.042444 20.371126 7.220696 )
xyz0=( 44.043442 20.371645 7.221420 )
xyz0=( 44.044443 20.372166 7.222146 )
xyz0=( 44.045445 20.372690 7.222873 )
xyz0=( 44.046451 20.373217 7.223603 )
xyz0=( 44.047458 20.373747 7.224334 )
xyz0=( 44.048468 20.374279 7.225067 )
xyz0=( 44.049480 20.374814 7.225802 )
xyz0=( 44.050495 20.375352 7.226539 )
xyz0=( 44.051512 20.375892 7.227278 )
xyz0=( 44.052531 20.376436 7.228018 )
xyz0=( 44.053553 20.376982 7.228761 )
xyz0=( 44.054577 20.377531 7.229505 )
xyz0=( 44.055604 20.378083 7.230252 )
xyz0=( 44.056633 20.378638 7.231000 )
xyz0=( 44.057665 20.379196 7.231751 )
xyz0=( 44.058700 20.379757 7.232503 )
xyz0=( 44.059737 20.380321 7.233258 )
xyz0=( 44.060777 20.380888 7.234015 )
xyz0=( 44.061819 20.381458 7.234773 )
xyz0=( 44.062864 20.382031 7.235534 )
xyz0=( 44.063912 20.382607 7.236297 )
xyz0=( 44.064962 20.383187 7.237062 )
xyz0=( 44.066015 20.383769 7.237829 )
xyz0=( 44.067071 20.384355 7.238599 )
xyz0=( 44.068130 20.384944 7.239370 )
xyz0=( 44.069191 20.385536 7.240144 )
xyz0=( 44.070256 20.386132 7.240920 )
xyz0=( 44.071323 20.386731 7.241699 )
xyz0=( 44.072393 20.387333 7.242479 )
xyz0=( 44.073466 20.387939 7.243262 )
xyz0=( 44.074542 20.388548 7.244047 )
xyz0=( 44.075621 20.389161 7.244835 )
xyz0=( 44.076703 20.389777 7.245625 )
xyz0=( 44.077788 20.390397 7.246417 )
xyz0=( 44.078876 20.391020 7.247212 )
xyz0=( 44.079967 20.391647 7.248009 )
xyz0=( 44.081062 20.392277 7.248809 )
xyz0=( 44.082159 20.392911 7.249611 )
xyz0=( 44.083260 20.393549 7.250415 )
xyz0=( 44.084364 20.394191 7.251223 )
xyz0=( 44.085471 20.394836 7.252032 )
xyz0=( 44.086581 20.395486 7.252845 )
xyz0=( 44.087695 20.396139 7.253660 )
xyz0=( 44.088812 20.396796 7.254477 )
xyz0=( 44.089933 20.397457 7.255298 )
xyz0=( 44.091057 20.398122 7.256121 )
xyz0=( 44.092184 20.398791 7.256947 )
xyz0=( 44.093315 20.399465 7.257775 )
xyz0=( 44.094450 20.400142 7.258607 )
xyz0=( 44.543777 20.916934 7.611925 )
xyz0=( 44.543114 20.915496 7.611339 )
xyz0=( 44.542448 20.914054 7.610749 )
xyz0=( 44.119176 20.415419 7.276774 )
xyz0=( 44.541776 20.912606 7.610156 )
xyz0=( 44.120401 20.416201 7.277677 )
xyz0=( 44.541100 20.911152 7.609559 )
xyz0=( 44.121630 20.416989 7.278583 )
xyz0=( 44.540420 20.909693 7.608958 )
xyz0=( 44.122864 20.417783 7.279492 )
xyz0=( 44.539734 20.908229 7.608354 )
xyz0=( 44.124103 20.418582 7.280406 )
xyz0=( 44.539044 20.906758 7.607746 )
xyz0=( 44.125346 20.419387 7.281323 )
xyz0=( 44.538349 20.905282 7.607133 )
xyz0=( 44.126595 20.420197 7.282245 )
xyz0=( 44.537649 20.903800 7.606517 )
xyz0=( 44.127849 20.421014 7.283170 )
xyz0=( 44.536944 20.902313 7.605897 )
xyz0=( 44.129108 20.421837 7.284099 )
xyz0=( 44.536234 20.900819 7.605273 )
xyz0=( 44.130372 20.422666 7.285033 )
xyz0=( 44.535519 20.899319 7.604645 )
xyz0=( 44.131642 20.423501 7.285971 )
xyz0=( 44.534798 20.897812 7.604013 )
xyz0=( 44.132916 20.424342 7.286912 )
xyz0=( 44.534072 20.896300 7.603377 )
xyz0=( 44.134197 20.425189 7.287859 )
xyz0=( 44.533341 20.894781 7.602736 )
xyz0=( 44.135482 20.426043 7.288809 )
xyz0=( 44.136774 20.426904 7.289764 )
xyz0=( 44.138071 20.427771 7.290723 )
xyz0=( 44.139374 20.428645 7.291687 )
xyz0=( 44.140682 20.429526 7.292656 )
