order:    [ 1 9 10 0 15 14 13 17 16 12 8 5 6 11 4 2 3 7 ]
atoms:    [ CA CA C N C CA N HA H HA N CA C H N C HA H ]
residues: [ 0 2 2 0 3 3 3 3 3 2 2 1 1 2 1 0 0 1 ]

We use a different pair of symbles to represent the bits values which are associated with the HA and H of the discretized distance, and another one to represent the bits of other hydrogens.
For the HA and H from the discretized distance:
	"+" means 0
	"-" means 1
For any other hydrogens:
	">" means 0
	"<" means 1

d_16_12=2.312820572323 s=[ 0 0 0 0 1 1 0 < + - 1 0 0 < 1 0 < > ] xyz8=( 0.101705, 30.088089, 13.068909 )

d_16_12=2.314840774343 s=[ 0 0 0 0 1 1 0 < + - 1 0 0 < 1 0 < > ] xyz8=( 0.094348, 30.071009, 13.065707 )

d_16_12=2.316860976364 s=[ 0 0 0 0 1 1 0 < + - 1 0 0 < 1 0 < > ] xyz8=( 0.087712, 30.055095, 13.062630 )

d_16_12=2.318881178384 s=[ 0 0 0 0 1 1 0 < + - 1 0 0 < 1 0 < > ] xyz8=( 0.081660, 30.040124, 13.059653 )

d_16_12=2.320901380404 s=[ 0 0 0 0 1 1 0 < + - 1 0 0 > 1 0 < > ] xyz8=( 0.076093, 30.025938, 13.056760 )

d_16_12=2.322921582424 s=[ 0 0 0 0 1 1 0 < + - 1 0 0 > 1 0 < > ] xyz8=( 0.070938, 30.012416, 13.053938 )

d_16_12=2.324941784444 s=[ 0 0 0 0 1 1 0 < + - 1 0 0 > 1 0 < > ] xyz8=( 0.066140, 29.999468, 13.051177 )

d_16_12=2.326961986465 s=[ 0 0 0 0 1 1 0 < + - 1 0 0 > 1 0 < > ] xyz8=( 0.061653, 29.987022, 13.048469 )

d_16_12=2.328982188485 s=[ 0 0 0 0 1 1 0 < + - 1 0 0 > 1 0 < > ] xyz8=( 0.057441, 29.975019, 13.045808 )

d_16_12=2.331002390505 s=[ 0 0 0 0 1 1 0 < + - 1 0 0 > 1 0 < > ] xyz8=( 0.053477, 29.963412, 13.043188 )

d_16_12=2.333022592525 s=[ 0 0 0 0 1 1 0 < + - 1 0 0 > 1 0 < > ] xyz8=( 0.049734, 29.952161, 13.040606 )

d_16_12=2.333022592525 s=[ 0 0 0 0 1 1 0 < + - 1 0 1 < 1 0 < > ] xyz8=( 0.049734, 29.952161, 13.040606 )

d_16_12=2.335042794545 s=[ 0 0 0 0 1 1 0 < + - 1 0 1 < 1 0 < > ] xyz8=( 0.046192, 29.941233, 13.038057 )

d_16_12=2.337062996566 s=[ 0 0 0 0 1 1 0 < + - 1 0 1 < 1 0 < > ] xyz8=( 0.042835, 29.930599, 13.035539 )

d_16_12=2.339083198586 s=[ 0 0 0 0 1 1 0 < + - 1 0 1 < 1 0 < > ] xyz8=( 0.039646, 29.920235, 13.033049 )

d_16_12=2.341103400606 s=[ 0 0 0 0 1 1 0 < + - 1 0 1 < 1 0 < > ] xyz8=( 0.036614, 29.910120, 13.030585 )

d_16_12=2.343123602626 s=[ 0 0 0 0 1 1 0 < + - 1 0 1 < 1 0 < > ] xyz8=( 0.033725, 29.900234, 13.028144 )

d_16_12=2.345143804646 s=[ 0 0 0 0 1 1 0 < + - 1 0 1 < 1 0 < > ] xyz8=( 0.030971, 29.890562, 13.025725 )

d_16_12=2.347164006667 s=[ 0 0 0 0 1 1 0 < + - 1 0 1 < 1 0 < > ] xyz8=( 0.028343, 29.881090, 13.023327 )

d_16_12=2.349184208687 s=[ 0 0 0 0 1 1 0 < + - 1 0 1 < 1 0 < > ] xyz8=( 0.025832, 29.871803, 13.020947 )

d_16_12=2.351204410707 s=[ 0 0 0 0 1 1 0 < + - 1 0 1 < 1 0 < > ] xyz8=( 0.023431, 29.862692, 13.018586 )

d_16_12=2.353224612727 s=[ 0 0 0 0 1 1 0 < + - 1 0 1 < 1 0 < > ] xyz8=( 0.021134, 29.853745, 13.016241 )

d_16_12=2.355244814747 s=[ 0 0 0 0 1 1 0 < + - 1 0 1 < 1 0 < > ] xyz8=( 0.018935, 29.844952, 13.013911 )

d_16_12=2.357265016768 s=[ 0 0 0 0 1 1 0 < + - 1 0 1 < 1 0 < > ] xyz8=( 0.016830, 29.836307, 13.011596 )

d_16_12=2.359285218788 s=[ 0 0 0 0 1 1 0 < + - 1 0 1 < 1 0 < > ] xyz8=( 0.014812, 29.827800, 13.009295 )

d_16_12=2.361305420808 s=[ 0 0 0 0 1 1 0 < + - 1 0 1 < 1 0 < > ] xyz8=( 0.012878, 29.819424, 13.007007 )

d_16_12=2.363325622828 s=[ 0 0 0 0 1 1 0 < + - 1 0 1 < 1 0 < > ] xyz8=( 0.011024, 29.811174, 13.004731 )

d_16_12=2.365345824848 s=[ 0 0 0 0 1 1 0 < + - 1 0 1 > 1 0 < > ] xyz8=( 0.009247, 29.803043, 13.002467 )

d_16_12=2.367366026869 s=[ 0 0 0 0 1 1 0 < + - 1 0 1 > 1 0 < > ] xyz8=( 0.007542, 29.795026, 13.000215 )

d_16_12=2.369386228889 s=[ 0 0 0 0 1 1 0 < + - 1 0 1 > 1 0 < > ] xyz8=( 0.005906, 29.787117, 12.997972 )

d_16_12=2.371406430909 s=[ 0 0 0 0 1 1 0 < + - 1 0 1 > 1 0 < > ] xyz8=( 0.004338, 29.779313, 12.995740 )

d_16_12=2.373426632929 s=[ 0 0 0 0 1 1 0 < + - 1 0 1 > 1 0 < > ] xyz8=( 0.002833, 29.771607, 12.993517 )

d_16_12=2.375446834949 s=[ 0 0 0 0 1 1 0 < + - 1 0 1 > 1 0 < > ] xyz8=( 0.001390, 29.763998, 12.991304 )

d_16_12=2.377467036970 s=[ 0 0 0 0 1 1 0 < + - 1 0 1 > 1 0 < > ] xyz8=( 0.000006, 29.756480, 12.989099 )

d_16_12=2.379487238990 s=[ 0 0 0 0 1 1 0 < + - 1 0 1 > 1 0 < > ] xyz8=( -0.001320, 29.749050, 12.986903 )

d_16_12=2.381507441010 s=[ 0 0 0 0 1 1 0 < + - 1 0 1 > 1 0 < > ] xyz8=( -0.002592, 29.741705, 12.984714 )

d_16_12=2.383527643030 s=[ 0 0 0 0 1 1 0 < + - 1 0 1 > 1 0 < > ] xyz8=( -0.003811, 29.734442, 12.982533 )

d_16_12=2.385547845051 s=[ 0 0 0 0 1 1 0 < + - 1 0 1 > 1 0 < > ] xyz8=( -0.004978, 29.727257, 12.980360 )

d_16_12=2.387568047071 s=[ 0 0 0 0 1 1 0 < + - 1 0 1 > 1 0 < > ] xyz8=( -0.006096, 29.720149, 12.978194 )

d_16_12=2.389588249091 s=[ 0 0 0 0 1 1 0 < + - 1 0 1 > 1 0 < > ] xyz8=( -0.007166, 29.713114, 12.976034 )

d_16_12=2.391608451111 s=[ 0 0 0 0 1 1 0 < + - 1 0 1 > 1 0 < > ] xyz8=( -0.008189, 29.706150, 12.973881 )

d_16_12=2.393628653131 s=[ 0 0 0 0 1 1 0 < + - 1 0 1 > 1 0 < > ] xyz8=( -0.009167, 29.699255, 12.971734 )

d_16_12=2.395648855152 s=[ 0 0 0 0 1 1 0 < + - 1 0 1 > 1 0 < > ] xyz8=( -0.010102, 29.692427, 12.969593 )

d_16_12=2.397669057172 s=[ 0 0 0 0 1 1 0 < + - 1 0 1 > 1 0 < > ] xyz8=( -0.010993, 29.685663, 12.967458 )

d_16_12=2.399689259192 s=[ 0 0 0 0 1 1 0 < + - 1 0 1 > 1 0 < > ] xyz8=( -0.011844, 29.678962, 12.965329 )

d_16_12=2.401709461212 s=[ 0 0 0 0 1 1 0 < + - 1 0 1 > 1 0 < > ] xyz8=( -0.012654, 29.672321, 12.963204 )

d_16_12=2.312820572323 s=[ 0 0 0 0 1 1 0 < - - 1 0 0 < 1 0 < > ] xyz8=( 0.101700, 30.088078, 13.068907 )

d_16_12=2.314840774343 s=[ 0 0 0 0 1 1 0 < - - 1 0 0 < 1 0 < > ] xyz8=( 0.094336, 30.070981, 13.065701 )

d_16_12=2.316860976364 s=[ 0 0 0 0 1 1 0 < - - 1 0 0 < 1 0 < > ] xyz8=( 0.087695, 30.055053, 13.062621 )

d_16_12=2.318881178384 s=[ 0 0 0 0 1 1 0 < - - 1 0 0 < 1 0 < > ] xyz8=( 0.081639, 30.040071, 13.059643 )

d_16_12=2.320901380404 s=[ 0 0 0 0 1 1 0 < - - 1 0 0 > 1 0 < > ] xyz8=( 0.076069, 30.025875, 13.056748 )

d_16_12=2.322921582424 s=[ 0 0 0 0 1 1 0 < - - 1 0 0 > 1 0 < > ] xyz8=( 0.070912, 30.012345, 13.053924 )

d_16_12=2.324941784444 s=[ 0 0 0 0 1 1 0 < - - 1 0 0 > 1 0 < > ] xyz8=( 0.066111, 29.999390, 13.051161 )

d_16_12=2.326961986465 s=[ 0 0 0 0 1 1 0 < - - 1 0 0 > 1 0 < > ] xyz8=( 0.061623, 29.986938, 13.048451 )

d_16_12=2.328982188485 s=[ 0 0 0 0 1 1 0 < - - 1 0 0 > 1 0 < > ] xyz8=( 0.057410, 29.974929, 13.045788 )

d_16_12=2.331002390505 s=[ 0 0 0 0 1 1 0 < - - 1 0 0 > 1 0 < > ] xyz8=( 0.053445, 29.963317, 13.043167 )

d_16_12=2.333022592525 s=[ 0 0 0 0 1 1 0 < - - 1 0 0 > 1 0 < > ] xyz8=( 0.049701, 29.952062, 13.040583 )

d_16_12=2.333022592525 s=[ 0 0 0 0 1 1 0 < - - 1 0 1 < 1 0 < > ] xyz8=( 0.049701, 29.952062, 13.040583 )

d_16_12=2.335042794545 s=[ 0 0 0 0 1 1 0 < - - 1 0 1 < 1 0 < > ] xyz8=( 0.046159, 29.941129, 13.038033 )

d_16_12=2.337062996566 s=[ 0 0 0 0 1 1 0 < - - 1 0 1 < 1 0 < > ] xyz8=( 0.042801, 29.930492, 13.035513 )

d_16_12=2.339083198586 s=[ 0 0 0 0 1 1 0 < - - 1 0 1 < 1 0 < > ] xyz8=( 0.039613, 29.920124, 13.033022 )

d_16_12=2.341103400606 s=[ 0 0 0 0 1 1 0 < - - 1 0 1 < 1 0 < > ] xyz8=( 0.036580, 29.910005, 13.030557 )

d_16_12=2.343123602626 s=[ 0 0 0 0 1 1 0 < - - 1 0 1 < 1 0 < > ] xyz8=( 0.033691, 29.900117, 13.028115 )

d_16_12=2.345143804646 s=[ 0 0 0 0 1 1 0 < - - 1 0 1 < 1 0 < > ] xyz8=( 0.030937, 29.890442, 13.025695 )

d_16_12=2.347164006667 s=[ 0 0 0 0 1 1 0 < - - 1 0 1 < 1 0 < > ] xyz8=( 0.028309, 29.880967, 13.023296 )

d_16_12=2.349184208687 s=[ 0 0 0 0 1 1 0 < - - 1 0 1 < 1 0 < > ] xyz8=( 0.025798, 29.871678, 13.020915 )

d_16_12=2.351204410707 s=[ 0 0 0 0 1 1 0 < - - 1 0 1 < 1 0 < > ] xyz8=( 0.023397, 29.862564, 13.018552 )

d_16_12=2.353224612727 s=[ 0 0 0 0 1 1 0 < - - 1 0 1 < 1 0 < > ] xyz8=( 0.021101, 29.853615, 13.016206 )

d_16_12=2.355244814747 s=[ 0 0 0 0 1 1 0 < - - 1 0 1 < 1 0 < > ] xyz8=( 0.018903, 29.844820, 13.013876 )

d_16_12=2.357265016768 s=[ 0 0 0 0 1 1 0 < - - 1 0 1 < 1 0 < > ] xyz8=( 0.016797, 29.836173, 13.011560 )

d_16_12=2.359285218788 s=[ 0 0 0 0 1 1 0 < - - 1 0 1 < 1 0 < > ] xyz8=( 0.014780, 29.827664, 13.009258 )

d_16_12=2.361305420808 s=[ 0 0 0 0 1 1 0 < - - 1 0 1 < 1 0 < > ] xyz8=( 0.012847, 29.819287, 13.006969 )

d_16_12=2.363325622828 s=[ 0 0 0 0 1 1 0 < - - 1 0 1 < 1 0 < > ] xyz8=( 0.010993, 29.811035, 13.004693 )

d_16_12=2.365345824848 s=[ 0 0 0 0 1 1 0 < - - 1 0 1 > 1 0 < > ] xyz8=( 0.009216, 29.802902, 13.002428 )

d_16_12=2.367366026869 s=[ 0 0 0 0 1 1 0 < - - 1 0 1 > 1 0 < > ] xyz8=( 0.007512, 29.794883, 13.000174 )

d_16_12=2.369386228889 s=[ 0 0 0 0 1 1 0 < - - 1 0 1 > 1 0 < > ] xyz8=( 0.005877, 29.786973, 12.997931 )

d_16_12=2.371406430909 s=[ 0 0 0 0 1 1 0 < - - 1 0 1 > 1 0 < > ] xyz8=( 0.004309, 29.779167, 12.995698 )

d_16_12=2.373426632929 s=[ 0 0 0 0 1 1 0 < - - 1 0 1 > 1 0 < > ] xyz8=( 0.002805, 29.771461, 12.993475 )

d_16_12=2.375446834949 s=[ 0 0 0 0 1 1 0 < - - 1 0 1 > 1 0 < > ] xyz8=( 0.001362, 29.763850, 12.991261 )

d_16_12=2.377467036970 s=[ 0 0 0 0 1 1 0 < - - 1 0 1 > 1 0 < > ] xyz8=( -0.000021, 29.756331, 12.989055 )

d_16_12=2.379487238990 s=[ 0 0 0 0 1 1 0 < - - 1 0 1 > 1 0 < > ] xyz8=( -0.001347, 29.748900, 12.986858 )

d_16_12=2.381507441010 s=[ 0 0 0 0 1 1 0 < - - 1 0 1 > 1 0 < > ] xyz8=( -0.002618, 29.741553, 12.984669 )

d_16_12=2.383527643030 s=[ 0 0 0 0 1 1 0 < - - 1 0 1 > 1 0 < > ] xyz8=( -0.003836, 29.734289, 12.982487 )

d_16_12=2.385547845051 s=[ 0 0 0 0 1 1 0 < - - 1 0 1 > 1 0 < > ] xyz8=( -0.005003, 29.727104, 12.980313 )

d_16_12=2.387568047071 s=[ 0 0 0 0 1 1 0 < - - 1 0 1 > 1 0 < > ] xyz8=( -0.006120, 29.719994, 12.978146 )

d_16_12=2.389588249091 s=[ 0 0 0 0 1 1 0 < - - 1 0 1 > 1 0 < > ] xyz8=( -0.007189, 29.712959, 12.975986 )

d_16_12=2.391608451111 s=[ 0 0 0 0 1 1 0 < - - 1 0 1 > 1 0 < > ] xyz8=( -0.008212, 29.705994, 12.973832 )

d_16_12=2.393628653131 s=[ 0 0 0 0 1 1 0 < - - 1 0 1 > 1 0 < > ] xyz8=( -0.009189, 29.699098, 12.971685 )

d_16_12=2.395648855152 s=[ 0 0 0 0 1 1 0 < - - 1 0 1 > 1 0 < > ] xyz8=( -0.010123, 29.692269, 12.969543 )

d_16_12=2.397669057172 s=[ 0 0 0 0 1 1 0 < - - 1 0 1 > 1 0 < > ] xyz8=( -0.011014, 29.685504, 12.967408 )

d_16_12=2.399689259192 s=[ 0 0 0 0 1 1 0 < - - 1 0 1 > 1 0 < > ] xyz8=( -0.011864, 29.678802, 12.965278 )

d_16_12=2.401709461212 s=[ 0 0 0 0 1 1 0 < - - 1 0 1 > 1 0 < > ] xyz8=( -0.012674, 29.672161, 12.963153 )

d_16_12=2.312820572323 s=[ 0 0 0 1 0 0 1 > + + 0 1 1 > 0 1 > > ] xyz8=( -0.017700, 29.622534, 12.946837 )

d_16_12=2.314840774343 s=[ 0 0 0 1 0 0 1 > + + 0 1 1 > 0 1 > > ] xyz8=( -0.016100, 29.640387, 12.952796 )

d_16_12=2.316860976364 s=[ 0 0 0 1 0 0 1 > + + 0 1 1 > 0 1 > > ] xyz8=( -0.014405, 29.656963, 12.958239 )

d_16_12=2.318881178384 s=[ 0 0 0 1 0 0 1 > + + 0 1 1 > 0 1 > > ] xyz8=( -0.012632, 29.672507, 12.963264 )

d_16_12=2.320901380404 s=[ 0 0 0 1 0 0 1 > + + 0 1 1 < 0 1 > > ] xyz8=( -0.010795, 29.687193, 12.967942 )

d_16_12=2.322921582424 s=[ 0 0 0 1 0 0 1 > + + 0 1 1 < 0 1 > > ] xyz8=( -0.008902, 29.701151, 12.972326 )

d_16_12=2.324941784444 s=[ 0 0 0 1 0 0 1 > + + 0 1 1 < 0 1 > > ] xyz8=( -0.006961, 29.714481, 12.976455 )

d_16_12=2.326961986465 s=[ 0 0 0 1 0 0 1 > + + 0 1 1 < 0 1 > > ] xyz8=( -0.004977, 29.727263, 12.980362 )

d_16_12=2.328982188485 s=[ 0 0 0 1 0 0 1 > + + 0 1 1 < 0 1 > > ] xyz8=( -0.002956, 29.739559, 12.984072 )

d_16_12=2.331002390505 s=[ 0 0 0 1 0 0 1 > + + 0 1 1 < 0 1 > > ] xyz8=( -0.000901, 29.751421, 12.987606 )

d_16_12=2.333022592525 s=[ 0 0 0 1 0 0 1 > + + 0 1 0 > 0 1 > > ] xyz8=( 0.001184, 29.762894, 12.990981 )

d_16_12=2.333022592525 s=[ 0 0 0 1 0 0 1 > + + 0 1 1 < 0 1 > > ] xyz8=( 0.001184, 29.762894, 12.990981 )

d_16_12=2.335042794545 s=[ 0 0 0 1 0 0 1 > + + 0 1 0 > 0 1 > > ] xyz8=( 0.003298, 29.774014, 12.994214 )

d_16_12=2.337062996566 s=[ 0 0 0 1 0 0 1 > + + 0 1 0 > 0 1 > > ] xyz8=( 0.005438, 29.784812, 12.997315 )

d_16_12=2.339083198586 s=[ 0 0 0 1 0 0 1 > + + 0 1 0 > 0 1 > > ] xyz8=( 0.007602, 29.795314, 13.000296 )

d_16_12=2.341103400606 s=[ 0 0 0 1 0 0 1 > + + 0 1 0 > 0 1 > > ] xyz8=( 0.009788, 29.805544, 13.003166 )

d_16_12=2.343123602626 s=[ 0 0 0 1 0 0 1 > + + 0 1 0 > 0 1 > > ] xyz8=( 0.011995, 29.815522, 13.005933 )

d_16_12=2.345143804646 s=[ 0 0 0 1 0 0 1 > + + 0 1 0 > 0 1 > > ] xyz8=( 0.014221, 29.825266, 13.008605 )

d_16_12=2.347164006667 s=[ 0 0 0 1 0 0 1 > + + 0 1 0 > 0 1 > > ] xyz8=( 0.016466, 29.834791, 13.011188 )

d_16_12=2.349184208687 s=[ 0 0 0 1 0 0 1 > + + 0 1 0 > 0 1 > > ] xyz8=( 0.018728, 29.844113, 13.013687 )

d_16_12=2.351204410707 s=[ 0 0 0 1 0 0 1 > + + 0 1 0 > 0 1 > > ] xyz8=( 0.021007, 29.853243, 13.016108 )

d_16_12=2.353224612727 s=[ 0 0 0 1 0 0 1 > + + 0 1 0 > 0 1 > > ] xyz8=( 0.023301, 29.862192, 13.018455 )

d_16_12=2.355244814747 s=[ 0 0 0 1 0 0 1 > + + 0 1 0 > 0 1 > > ] xyz8=( 0.025610, 29.870972, 13.020733 )

d_16_12=2.357265016768 s=[ 0 0 0 1 0 0 1 > + + 0 1 0 > 0 1 > > ] xyz8=( 0.027933, 29.879591, 13.022945 )

d_16_12=2.359285218788 s=[ 0 0 0 1 0 0 1 > + + 0 1 0 > 0 1 > > ] xyz8=( 0.030270, 29.888058, 13.025094 )

d_16_12=2.361305420808 s=[ 0 0 0 1 0 0 1 > + + 0 1 0 > 0 1 > > ] xyz8=( 0.032619, 29.896380, 13.027184 )

d_16_12=2.363325622828 s=[ 0 0 0 1 0 0 1 > + + 0 1 0 > 0 1 > > ] xyz8=( 0.034982, 29.904566, 13.029217 )

d_16_12=2.365345824848 s=[ 0 0 0 1 0 0 1 > + + 0 1 0 < 0 1 > > ] xyz8=( 0.037356, 29.912620, 13.031197 )

d_16_12=2.367366026869 s=[ 0 0 0 1 0 0 1 > + + 0 1 0 < 0 1 > > ] xyz8=( 0.039742, 29.920549, 13.033125 )

d_16_12=2.369386228889 s=[ 0 0 0 1 0 0 1 > + + 0 1 0 < 0 1 > > ] xyz8=( 0.042139, 29.928359, 13.035004 )

d_16_12=2.371406430909 s=[ 0 0 0 1 0 0 1 > + + 0 1 0 < 0 1 > > ] xyz8=( 0.044547, 29.936055, 13.036836 )

d_16_12=2.373426632929 s=[ 0 0 0 1 0 0 1 > + + 0 1 0 < 0 1 > > ] xyz8=( 0.046965, 29.943642, 13.038622 )

d_16_12=2.375446834949 s=[ 0 0 0 1 0 0 1 > + + 0 1 0 < 0 1 > > ] xyz8=( 0.049393, 29.951123, 13.040365 )

d_16_12=2.377467036970 s=[ 0 0 0 1 0 0 1 > + + 0 1 0 < 0 1 > > ] xyz8=( 0.051832, 29.958504, 13.042067 )

d_16_12=2.379487238990 s=[ 0 0 0 1 0 0 1 > + + 0 1 0 < 0 1 > > ] xyz8=( 0.054279, 29.965788, 13.043728 )

d_16_12=2.381507441010 s=[ 0 0 0 1 0 0 1 > + + 0 1 0 < 0 1 > > ] xyz8=( 0.056737, 29.972978, 13.045351 )

d_16_12=2.383527643030 s=[ 0 0 0 1 0 0 1 > + + 0 1 0 < 0 1 > > ] xyz8=( 0.059203, 29.980079, 13.046936 )

d_16_12=2.385547845051 s=[ 0 0 0 1 0 0 1 > + + 0 1 0 < 0 1 > > ] xyz8=( 0.061678, 29.987093, 13.048485 )

d_16_12=2.387568047071 s=[ 0 0 0 1 0 0 1 > + + 0 1 0 < 0 1 > > ] xyz8=( 0.064161, 29.994023, 13.049999 )

d_16_12=2.389588249091 s=[ 0 0 0 1 0 0 1 > + + 0 1 0 < 0 1 > > ] xyz8=( 0.066653, 30.000872, 13.051479 )

d_16_12=2.391608451111 s=[ 0 0 0 1 0 0 1 > + + 0 1 0 < 0 1 > > ] xyz8=( 0.069154, 30.007643, 13.052927 )

d_16_12=2.393628653131 s=[ 0 0 0 1 0 0 1 > + + 0 1 0 < 0 1 > > ] xyz8=( 0.071662, 30.014338, 13.054343 )

d_16_12=2.395648855152 s=[ 0 0 0 1 0 0 1 > + + 0 1 0 < 0 1 > > ] xyz8=( 0.074178, 30.020959, 13.055729 )

d_16_12=2.397669057172 s=[ 0 0 0 1 0 0 1 > + + 0 1 0 < 0 1 > > ] xyz8=( 0.076702, 30.027510, 13.057085 )

d_16_12=2.399689259192 s=[ 0 0 0 1 0 0 1 > + + 0 1 0 < 0 1 > > ] xyz8=( 0.079233, 30.033991, 13.058411 )

d_16_12=2.401709461212 s=[ 0 0 0 1 0 0 1 > + + 0 1 0 < 0 1 > > ] xyz8=( 0.081772, 30.040406, 13.059710 )

d_16_12=2.312820572323 s=[ 0 0 0 1 0 0 1 > - + 0 1 1 > 0 1 > > ] xyz8=( -0.017701, 29.622522, 12.946833 )

d_16_12=2.314840774343 s=[ 0 0 0 1 0 0 1 > - + 0 1 1 > 0 1 > > ] xyz8=( -0.016103, 29.640357, 12.952786 )

d_16_12=2.316860976364 s=[ 0 0 0 1 0 0 1 > - + 0 1 1 > 0 1 > > ] xyz8=( -0.014410, 29.656920, 12.958225 )

d_16_12=2.318881178384 s=[ 0 0 0 1 0 0 1 > - + 0 1 1 > 0 1 > > ] xyz8=( -0.012639, 29.672452, 12.963246 )

d_16_12=2.320901380404 s=[ 0 0 0 1 0 0 1 > - + 0 1 1 < 0 1 > > ] xyz8=( -0.010803, 29.687129, 12.967922 )

d_16_12=2.322921582424 s=[ 0 0 0 1 0 0 1 > - + 0 1 1 < 0 1 > > ] xyz8=( -0.008912, 29.701078, 12.972303 )

d_16_12=2.324941784444 s=[ 0 0 0 1 0 0 1 > - + 0 1 1 < 0 1 > > ] xyz8=( -0.006973, 29.714401, 12.976430 )

d_16_12=2.326961986465 s=[ 0 0 0 1 0 0 1 > - + 0 1 1 < 0 1 > > ] xyz8=( -0.004991, 29.727176, 12.980335 )

d_16_12=2.328982188485 s=[ 0 0 0 1 0 0 1 > - + 0 1 1 < 0 1 > > ] xyz8=( -0.002972, 29.739467, 12.984044 )

d_16_12=2.331002390505 s=[ 0 0 0 1 0 0 1 > - + 0 1 1 < 0 1 > > ] xyz8=( -0.000919, 29.751324, 12.987577 )

d_16_12=2.333022592525 s=[ 0 0 0 1 0 0 1 > - + 0 1 0 > 0 1 > > ] xyz8=( 0.001166, 29.762793, 12.990952 )

d_16_12=2.333022592525 s=[ 0 0 0 1 0 0 1 > - + 0 1 1 < 0 1 > > ] xyz8=( 0.001166, 29.762793, 12.990952 )

d_16_12=2.335042794545 s=[ 0 0 0 1 0 0 1 > - + 0 1 0 > 0 1 > > ] xyz8=( 0.003278, 29.773909, 12.994183 )

d_16_12=2.337062996566 s=[ 0 0 0 1 0 0 1 > - + 0 1 0 > 0 1 > > ] xyz8=( 0.005416, 29.784703, 12.997284 )

d_16_12=2.339083198586 s=[ 0 0 0 1 0 0 1 > - + 0 1 0 > 0 1 > > ] xyz8=( 0.007578, 29.795201, 13.000264 )

d_16_12=2.341103400606 s=[ 0 0 0 1 0 0 1 > - + 0 1 0 > 0 1 > > ] xyz8=( 0.009763, 29.805428, 13.003134 )

d_16_12=2.343123602626 s=[ 0 0 0 1 0 0 1 > - + 0 1 0 > 0 1 > > ] xyz8=( 0.011968, 29.815403, 13.005901 )

d_16_12=2.345143804646 s=[ 0 0 0 1 0 0 1 > - + 0 1 0 > 0 1 > > ] xyz8=( 0.014193, 29.825144, 13.008572 )

d_16_12=2.347164006667 s=[ 0 0 0 1 0 0 1 > - + 0 1 0 > 0 1 > > ] xyz8=( 0.016437, 29.834668, 13.011155 )

d_16_12=2.349184208687 s=[ 0 0 0 1 0 0 1 > - + 0 1 0 > 0 1 > > ] xyz8=( 0.018697, 29.843987, 13.013654 )

d_16_12=2.351204410707 s=[ 0 0 0 1 0 0 1 > - + 0 1 0 > 0 1 > > ] xyz8=( 0.020974, 29.853115, 13.016074 )

d_16_12=2.353224612727 s=[ 0 0 0 1 0 0 1 > - + 0 1 0 > 0 1 > > ] xyz8=( 0.023267, 29.862062, 13.018422 )

d_16_12=2.355244814747 s=[ 0 0 0 1 0 0 1 > - + 0 1 0 > 0 1 > > ] xyz8=( 0.025575, 29.870840, 13.020699 )

d_16_12=2.357265016768 s=[ 0 0 0 1 0 0 1 > - + 0 1 0 > 0 1 > > ] xyz8=( 0.027897, 29.879458, 13.022911 )

d_16_12=2.359285218788 s=[ 0 0 0 1 0 0 1 > - + 0 1 0 > 0 1 > > ] xyz8=( 0.030232, 29.887923, 13.025060 )

d_16_12=2.361305420808 s=[ 0 0 0 1 0 0 1 > - + 0 1 0 > 0 1 > > ] xyz8=( 0.032580, 29.896244, 13.027150 )

d_16_12=2.363325622828 s=[ 0 0 0 1 0 0 1 > - + 0 1 0 > 0 1 > > ] xyz8=( 0.034941, 29.904427, 13.029183 )

d_16_12=2.365345824848 s=[ 0 0 0 1 0 0 1 > - + 0 1 0 < 0 1 > > ] xyz8=( 0.037314, 29.912480, 13.031163 )

d_16_12=2.367366026869 s=[ 0 0 0 1 0 0 1 > - + 0 1 0 < 0 1 > > ] xyz8=( 0.039699, 29.920408, 13.033091 )

d_16_12=2.369386228889 s=[ 0 0 0 1 0 0 1 > - + 0 1 0 < 0 1 > > ] xyz8=( 0.042095, 29.928217, 13.034970 )

d_16_12=2.371406430909 s=[ 0 0 0 1 0 0 1 > - + 0 1 0 < 0 1 > > ] xyz8=( 0.044501, 29.935912, 13.036802 )

d_16_12=2.373426632929 s=[ 0 0 0 1 0 0 1 > - + 0 1 0 < 0 1 > > ] xyz8=( 0.046919, 29.943498, 13.038588 )

d_16_12=2.375446834949 s=[ 0 0 0 1 0 0 1 > - + 0 1 0 < 0 1 > > ] xyz8=( 0.049346, 29.950978, 13.040332 )

d_16_12=2.377467036970 s=[ 0 0 0 1 0 0 1 > - + 0 1 0 < 0 1 > > ] xyz8=( 0.051783, 29.958358, 13.042033 )

d_16_12=2.379487238990 s=[ 0 0 0 1 0 0 1 > - + 0 1 0 < 0 1 > > ] xyz8=( 0.054230, 29.965641, 13.043695 )

d_16_12=2.381507441010 s=[ 0 0 0 1 0 0 1 > - + 0 1 0 < 0 1 > > ] xyz8=( 0.056686, 29.972830, 13.045317 )

d_16_12=2.383527643030 s=[ 0 0 0 1 0 0 1 > - + 0 1 0 < 0 1 > > ] xyz8=( 0.059151, 29.979930, 13.046903 )

d_16_12=2.385547845051 s=[ 0 0 0 1 0 0 1 > - + 0 1 0 < 0 1 > > ] xyz8=( 0.061625, 29.986943, 13.048452 )

d_16_12=2.387568047071 s=[ 0 0 0 1 0 0 1 > - + 0 1 0 < 0 1 > > ] xyz8=( 0.064107, 29.993872, 13.049966 )

d_16_12=2.389588249091 s=[ 0 0 0 1 0 0 1 > - + 0 1 0 < 0 1 > > ] xyz8=( 0.066598, 30.000721, 13.051447 )

d_16_12=2.391608451111 s=[ 0 0 0 1 0 0 1 > - + 0 1 0 < 0 1 > > ] xyz8=( 0.069097, 30.007491, 13.052895 )

d_16_12=2.393628653131 s=[ 0 0 0 1 0 0 1 > - + 0 1 0 < 0 1 > > ] xyz8=( 0.071604, 30.014185, 13.054311 )

d_16_12=2.395648855152 s=[ 0 0 0 1 0 0 1 > - + 0 1 0 < 0 1 > > ] xyz8=( 0.074119, 30.020806, 13.055697 )

d_16_12=2.397669057172 s=[ 0 0 0 1 0 0 1 > - + 0 1 0 < 0 1 > > ] xyz8=( 0.076642, 30.027356, 13.057053 )

d_16_12=2.399689259192 s=[ 0 0 0 1 0 0 1 > - + 0 1 0 < 0 1 > > ] xyz8=( 0.079172, 30.033837, 13.058380 )

d_16_12=2.401709461212 s=[ 0 0 0 1 0 0 1 > - + 0 1 0 < 0 1 > > ] xyz8=( 0.081710, 30.040251, 13.059679 )

