d_16_12=2.324941784444 eijMax=1.728E-03 rmsd=6.017E-01 s=[ 0 0 0 0 1 1 0 1 0 1 1 0 0 0 1 0 1 0 ]
d_16_12=2.347164006667 eijMax=3.635E-03 rmsd=1.872E-01 s=[ 0 0 0 0 1 1 0 1 0 1 1 0 1 0 1 0 1 0 ]
d_16_12=2.347164006667 eijMax=7.900E-04 rmsd=1.322E-01 s=[ 0 0 0 0 1 1 0 1 0 1 1 0 1 1 1 0 1 0 ]
d_16_12=2.369386228889 eijMax=3.635E-03 rmsd=1.496E-01 s=[ 0 0 0 0 1 1 0 1 0 1 1 0 1 0 1 0 1 0 ]
d_16_12=2.391608451111 eijMax=3.635E-03 rmsd=3.787E-01 s=[ 0 0 0 0 1 1 0 1 0 1 1 0 1 0 1 0 1 0 ]
d_16_12=2.324941784444 eijMax=1.732E-03 rmsd=6.016E-01 s=[ 0 0 0 0 1 1 0 1 1 1 1 0 0 0 1 0 1 0 ]
d_16_12=2.347164006667 eijMax=3.635E-03 rmsd=1.870E-01 s=[ 0 0 0 0 1 1 0 1 1 1 1 0 1 0 1 0 1 0 ]
d_16_12=2.347164006667 eijMax=7.880E-04 rmsd=1.319E-01 s=[ 0 0 0 0 1 1 0 1 1 1 1 0 1 1 1 0 1 0 ]
d_16_12=2.369386228889 eijMax=3.635E-03 rmsd=1.498E-01 s=[ 0 0 0 0 1 1 0 1 1 1 1 0 1 0 1 0 1 0 ]
d_16_12=2.391608451111 eijMax=3.635E-03 rmsd=3.791E-01 s=[ 0 0 0 0 1 1 0 1 1 1 1 0 1 0 1 0 1 0 ]
d_16_12=2.324941784444 eijMax=1.732E-03 rmsd=6.016E-01 s=[ 0 0 0 1 0 0 1 0 0 0 0 1 1 1 0 1 0 0 ]
d_16_12=2.347164006667 eijMax=7.880E-04 rmsd=1.319E-01 s=[ 0 0 0 1 0 0 1 0 0 0 0 1 0 0 0 1 0 0 ]
d_16_12=2.347164006667 eijMax=3.635E-03 rmsd=1.870E-01 s=[ 0 0 0 1 0 0 1 0 0 0 0 1 0 1 0 1 0 0 ]
d_16_12=2.369386228889 eijMax=3.635E-03 rmsd=1.498E-01 s=[ 0 0 0 1 0 0 1 0 0 0 0 1 0 1 0 1 0 0 ]
d_16_12=2.391608451111 eijMax=3.635E-03 rmsd=3.791E-01 s=[ 0 0 0 1 0 0 1 0 0 0 0 1 0 1 0 1 0 0 ]
d_16_12=2.324941784444 eijMax=1.728E-03 rmsd=6.017E-01 s=[ 0 0 0 1 0 0 1 0 1 0 0 1 1 1 0 1 0 0 ]
d_16_12=2.347164006667 eijMax=7.900E-04 rmsd=1.322E-01 s=[ 0 0 0 1 0 0 1 0 1 0 0 1 0 0 0 1 0 0 ]
d_16_12=2.347164006667 eijMax=3.635E-03 rmsd=1.872E-01 s=[ 0 0 0 1 0 0 1 0 1 0 0 1 0 1 0 1 0 0 ]
d_16_12=2.369386228889 eijMax=3.635E-03 rmsd=1.496E-01 s=[ 0 0 0 1 0 0 1 0 1 0 0 1 0 1 0 1 0 0 ]
d_16_12=2.391608451111 eijMax=3.635E-03 rmsd=3.787E-01 s=[ 0 0 0 1 0 0 1 0 1 0 0 1 0 1 0 1 0 0 ]
num ..... 10
nnodes .. 18
nedges .. 64
nsols ... 20
tsecs ... 0.171829
