xyz8=( 0.066140 29.999468 13.051177 )
xyz8=( 0.028343 29.881090 13.023327 )
xyz8=( 0.028343 29.881090 13.023327 )
xyz8=( 0.005906 29.787117 12.997972 )
xyz8=( -0.008189 29.706150 12.973881 )
xyz8=( 0.066111 29.999390 13.051161 )
xyz8=( 0.028309 29.880967 13.023296 )
xyz8=( 0.028309 29.880967 13.023296 )
xyz8=( 0.005877 29.786973 12.997931 )
xyz8=( -0.008212 29.705994 12.973832 )
xyz8=( -0.006961 29.714481 12.976455 )
xyz8=( 0.016466 29.834791 13.011188 )
xyz8=( 0.016466 29.834791 13.011188 )
xyz8=( 0.042139 29.928359 13.035004 )
xyz8=( 0.069154 30.007643 13.052927 )
xyz8=( -0.006973 29.714401 12.976430 )
xyz8=( 0.016437 29.834668 13.011155 )
xyz8=( 0.016437 29.834668 13.011155 )
xyz8=( 0.042095 29.928217 13.034970 )
xyz8=( 0.069097 30.007491 13.052895 )
