xyz8=( 0.101286 30.087131 13.068732 )
xyz8=( 0.100524 30.085386 13.068409 )
xyz8=( 0.099771 30.083655 13.068088 )
xyz8=( 0.099027 30.081938 13.067768 )
xyz8=( 0.098291 30.080233 13.067449 )
xyz8=( 0.097563 30.078542 13.067132 )
xyz8=( 0.096842 30.076863 13.066816 )
xyz8=( 0.096129 30.075197 13.066502 )
xyz8=( 0.095424 30.073543 13.066188 )
xyz8=( 0.094726 30.071900 13.065876 )
xyz8=( 0.094035 30.070269 13.065566 )
xyz8=( 0.093351 30.068649 13.065256 )
xyz8=( 0.092674 30.067041 13.064948 )
xyz8=( 0.092003 30.065443 13.064641 )
xyz8=( 0.091339 30.063855 13.064335 )
xyz8=( 0.090681 30.062278 13.064030 )
xyz8=( 0.090030 30.060711 13.063726 )
xyz8=( 0.089385 30.059154 13.063423 )
xyz8=( 0.088746 30.057607 13.063121 )
xyz8=( 0.088112 30.056069 13.062820 )
xyz8=( 0.087485 30.054540 13.062521 )
xyz8=( 0.086863 30.053021 13.062222 )
xyz8=( 0.086246 30.051510 13.061924 )
xyz8=( 0.085635 30.050009 13.061627 )
xyz8=( 0.085030 30.048516 13.061331 )
xyz8=( 0.084429 30.047031 13.061036 )
xyz8=( 0.083834 30.045555 13.060742 )
xyz8=( 0.083244 30.044087 13.060449 )
xyz8=( 0.082659 30.042627 13.060156 )
xyz8=( 0.082079 30.041175 13.059865 )
xyz8=( 0.081503 30.039731 13.059574 )
xyz8=( 0.080933 30.038295 13.059284 )
xyz8=( 0.080367 30.036865 13.058995 )
xyz8=( 0.080367 30.036865 13.058995 )
xyz8=( 0.079805 30.035444 13.058707 )
xyz8=( 0.079805 30.035444 13.058707 )
xyz8=( 0.079248 30.034029 13.058419 )
xyz8=( 0.079248 30.034029 13.058419 )
xyz8=( 0.078695 30.032622 13.058132 )
xyz8=( 0.078695 30.032622 13.058132 )
xyz8=( 0.078147 30.031222 13.057846 )
xyz8=( 0.077603 30.029828 13.057561 )
xyz8=( 0.077064 30.028442 13.057276 )
xyz8=( 0.076528 30.027062 13.056992 )
xyz8=( 0.075997 30.025688 13.056709 )
xyz8=( 0.075469 30.024322 13.056427 )
xyz8=( 0.074946 30.022961 13.056145 )
xyz8=( 0.074426 30.021607 13.055864 )
xyz8=( 0.073910 30.020259 13.055583 )
xyz8=( 0.073398 30.018917 13.055303 )
xyz8=( 0.072890 30.017582 13.055024 )
xyz8=( 0.072386 30.016252 13.054745 )
xyz8=( 0.071885 30.014928 13.054467 )
xyz8=( 0.071387 30.013610 13.054190 )
xyz8=( 0.070894 30.012297 13.053913 )
xyz8=( 0.070403 30.010990 13.053637 )
xyz8=( 0.069916 30.009689 13.053362 )
xyz8=( 0.069433 30.008393 13.053087 )
xyz8=( 0.068953 30.007102 13.052812 )
xyz8=( 0.068476 30.005817 13.052538 )
xyz8=( 0.068002 30.004537 13.052265 )
xyz8=( 0.067532 30.003262 13.051992 )
xyz8=( 0.067065 30.001993 13.051720 )
xyz8=( 0.066601 30.000728 13.051448 )
xyz8=( 0.066140 29.999468 13.051177 )
xyz8=( 0.065682 29.998214 13.050907 )
xyz8=( 0.065227 29.996964 13.050637 )
xyz8=( 0.064775 29.995719 13.050367 )
xyz8=( 0.064326 29.994478 13.050098 )
xyz8=( 0.063880 29.993243 13.049829 )
xyz8=( 0.063437 29.992011 13.049561 )
xyz8=( 0.062996 29.990785 13.049294 )
xyz8=( 0.062559 29.989563 13.049026 )
xyz8=( 0.062124 29.988345 13.048760 )
xyz8=( 0.061692 29.987132 13.048493 )
xyz8=( 0.061262 29.985923 13.048228 )
xyz8=( 0.060836 29.984719 13.047962 )
xyz8=( 0.060412 29.983519 13.047697 )
xyz8=( 0.059990 29.982323 13.047433 )
xyz8=( 0.059571 29.981131 13.047169 )
xyz8=( 0.059155 29.979943 13.046905 )
xyz8=( 0.058741 29.978759 13.046642 )
xyz8=( 0.058330 29.977579 13.046380 )
xyz8=( 0.057921 29.976404 13.046117 )
xyz8=( 0.057515 29.975232 13.045855 )
xyz8=( 0.057111 29.974064 13.045594 )
xyz8=( 0.056710 29.972900 13.045333 )
xyz8=( 0.056310 29.971740 13.045072 )
xyz8=( 0.055914 29.970583 13.044812 )
xyz8=( 0.055519 29.969430 13.044552 )
xyz8=( 0.055127 29.968281 13.044293 )
xyz8=( 0.054737 29.967136 13.044034 )
xyz8=( 0.054349 29.965994 13.043775 )
xyz8=( 0.053964 29.964856 13.043516 )
xyz8=( 0.053581 29.963721 13.043258 )
xyz8=( 0.053200 29.962590 13.043001 )
xyz8=( 0.052821 29.961462 13.042744 )
xyz8=( 0.052444 29.960338 13.042487 )
xyz8=( 0.052069 29.959217 13.042230 )
xyz8=( 0.051697 29.958099 13.041974 )
xyz8=( 0.051326 29.956985 13.041718 )
xyz8=( 0.050958 29.955874 13.041463 )
xyz8=( 0.050592 29.954767 13.041208 )
xyz8=( 0.050592 29.954767 13.041208 )
xyz8=( 0.050227 29.953662 13.040953 )
xyz8=( 0.050227 29.953662 13.040953 )
xyz8=( 0.049865 29.952561 13.040698 )
xyz8=( 0.049865 29.952561 13.040698 )
xyz8=( 0.049505 29.951463 13.040444 )
xyz8=( 0.049505 29.951463 13.040444 )
xyz8=( 0.049146 29.950368 13.040190 )
xyz8=( 0.049146 29.950368 13.040190 )
xyz8=( 0.048790 29.949276 13.039937 )
xyz8=( 0.048435 29.948188 13.039684 )
xyz8=( 0.048083 29.947102 13.039431 )
xyz8=( 0.047732 29.946019 13.039178 )
xyz8=( 0.047383 29.944940 13.038926 )
xyz8=( 0.047036 29.943863 13.038674 )
xyz8=( 0.046691 29.942790 13.038423 )
xyz8=( 0.046348 29.941719 13.038171 )
xyz8=( 0.046006 29.940651 13.037920 )
xyz8=( 0.045667 29.939586 13.037670 )
xyz8=( 0.045329 29.938524 13.037419 )
xyz8=( 0.044993 29.937465 13.037169 )
xyz8=( 0.044658 29.936408 13.036919 )
xyz8=( 0.044326 29.935355 13.036670 )
xyz8=( 0.043995 29.934304 13.036420 )
xyz8=( 0.043665 29.933255 13.036172 )
xyz8=( 0.043338 29.932210 13.035923 )
xyz8=( 0.043012 29.931167 13.035674 )
xyz8=( 0.042688 29.930127 13.035426 )
xyz8=( 0.042365 29.929089 13.035178 )
xyz8=( 0.042044 29.928054 13.034931 )
xyz8=( 0.041725 29.927022 13.034684 )
xyz8=( 0.041407 29.925992 13.034437 )
xyz8=( 0.041091 29.924965 13.034190 )
xyz8=( 0.040777 29.923940 13.033943 )
xyz8=( 0.040464 29.922918 13.033697 )
xyz8=( 0.040153 29.921898 13.033451 )
xyz8=( 0.039843 29.920881 13.033205 )
xyz8=( 0.039534 29.919866 13.032960 )
xyz8=( 0.039228 29.918854 13.032715 )
xyz8=( 0.038923 29.917844 13.032470 )
xyz8=( 0.038619 29.916837 13.032225 )
xyz8=( 0.038317 29.915832 13.031980 )
xyz8=( 0.038016 29.914829 13.031736 )
xyz8=( 0.037716 29.913828 13.031492 )
xyz8=( 0.037419 29.912830 13.031248 )
xyz8=( 0.037122 29.911834 13.031005 )
xyz8=( 0.036827 29.910841 13.030761 )
xyz8=( 0.036534 29.909850 13.030518 )
xyz8=( 0.036242 29.908860 13.030276 )
xyz8=( 0.035951 29.907874 13.030033 )
xyz8=( 0.035662 29.906889 13.029791 )
xyz8=( 0.035374 29.905907 13.029548 )
xyz8=( 0.035087 29.904927 13.029307 )
xyz8=( 0.034802 29.903949 13.029065 )
xyz8=( 0.034518 29.902973 13.028823 )
xyz8=( 0.034236 29.901999 13.028582 )
xyz8=( 0.033954 29.901027 13.028341 )
xyz8=( 0.033675 29.900058 13.028100 )
xyz8=( 0.033396 29.899091 13.027860 )
xyz8=( 0.033119 29.898125 13.027619 )
xyz8=( 0.032843 29.897162 13.027379 )
xyz8=( 0.032568 29.896201 13.027139 )
xyz8=( 0.032295 29.895242 13.026899 )
xyz8=( 0.032023 29.894285 13.026660 )
xyz8=( 0.031752 29.893330 13.026420 )
xyz8=( 0.031482 29.892376 13.026181 )
xyz8=( 0.031214 29.891425 13.025942 )
xyz8=( 0.030947 29.890476 13.025704 )
xyz8=( 0.030681 29.889529 13.025465 )
xyz8=( 0.030417 29.888584 13.025227 )
xyz8=( 0.030153 29.887640 13.024988 )
xyz8=( 0.029891 29.886699 13.024751 )
xyz8=( 0.029630 29.885759 13.024513 )
xyz8=( 0.029370 29.884822 13.024275 )
xyz8=( 0.029112 29.883886 13.024038 )
xyz8=( 0.028854 29.882952 13.023801 )
xyz8=( 0.028854 29.882952 13.023801 )
xyz8=( 0.028598 29.882020 13.023564 )
xyz8=( 0.028598 29.882020 13.023564 )
xyz8=( 0.028343 29.881090 13.023327 )
xyz8=( 0.028343 29.881090 13.023327 )
xyz8=( 0.028089 29.880161 13.023090 )
xyz8=( 0.028089 29.880161 13.023090 )
xyz8=( 0.027836 29.879235 13.022854 )
xyz8=( 0.027836 29.879235 13.022854 )
xyz8=( 0.027584 29.878310 13.022618 )
xyz8=( 0.027584 29.878310 13.022618 )
xyz8=( 0.027334 29.877387 13.022381 )
xyz8=( 0.027334 29.877387 13.022381 )
xyz8=( 0.027084 29.876466 13.022146 )
xyz8=( 0.027084 29.876466 13.022146 )
xyz8=( 0.026836 29.875546 13.021910 )
xyz8=( 0.026836 29.875546 13.021910 )
xyz8=( 0.026589 29.874629 13.021674 )
xyz8=( 0.026589 29.874629 13.021674 )
xyz8=( 0.026343 29.873713 13.021439 )
xyz8=( 0.026343 29.873713 13.021439 )
xyz8=( 0.026098 29.872799 13.021204 )
xyz8=( 0.026098 29.872799 13.021204 )
xyz8=( 0.025854 29.871886 13.020969 )
xyz8=( 0.025854 29.871886 13.020969 )
xyz8=( 0.025611 29.870975 13.020734 )
xyz8=( 0.025611 29.870975 13.020734 )
xyz8=( 0.025369 29.870066 13.020499 )
xyz8=( 0.025369 29.870066 13.020499 )
xyz8=( 0.025128 29.869159 13.020265 )
xyz8=( 0.025128 29.869159 13.020265 )
xyz8=( 0.024889 29.868253 13.020030 )
xyz8=( 0.024889 29.868253 13.020030 )
xyz8=( 0.024650 29.867350 13.019796 )
xyz8=( 0.024650 29.867350 13.019796 )
xyz8=( 0.024413 29.866447 13.019562 )
xyz8=( 0.024413 29.866447 13.019562 )
xyz8=( 0.024176 29.865547 13.019329 )
xyz8=( 0.024176 29.865547 13.019329 )
xyz8=( 0.023941 29.864648 13.019095 )
xyz8=( 0.023941 29.864648 13.019095 )
xyz8=( 0.023706 29.863750 13.018861 )
xyz8=( 0.023706 29.863750 13.018861 )
xyz8=( 0.023473 29.862854 13.018628 )
xyz8=( 0.023473 29.862854 13.018628 )
xyz8=( 0.023241 29.861960 13.018395 )
xyz8=( 0.023241 29.861960 13.018395 )
xyz8=( 0.023009 29.861068 13.018162 )
xyz8=( 0.023009 29.861068 13.018162 )
xyz8=( 0.022779 29.860177 13.017929 )
xyz8=( 0.022779 29.860177 13.017929 )
xyz8=( 0.022550 29.859288 13.017696 )
xyz8=( 0.022550 29.859288 13.017696 )
xyz8=( 0.022321 29.858400 13.017464 )
xyz8=( 0.022321 29.858400 13.017464 )
xyz8=( 0.022094 29.857514 13.017232 )
xyz8=( 0.022094 29.857514 13.017232 )
xyz8=( 0.021868 29.856629 13.016999 )
xyz8=( 0.021868 29.856629 13.016999 )
xyz8=( 0.021642 29.855746 13.016767 )
xyz8=( 0.021642 29.855746 13.016767 )
xyz8=( 0.021418 29.854864 13.016535 )
xyz8=( 0.021418 29.854864 13.016535 )
xyz8=( 0.021195 29.853984 13.016304 )
xyz8=( 0.021195 29.853984 13.016304 )
xyz8=( 0.020972 29.853106 13.016072 )
xyz8=( 0.020972 29.853106 13.016072 )
xyz8=( 0.020751 29.852229 13.015841 )
xyz8=( 0.020751 29.852229 13.015841 )
xyz8=( 0.020530 29.851353 13.015609 )
xyz8=( 0.020530 29.851353 13.015609 )
xyz8=( 0.020311 29.850479 13.015378 )
xyz8=( 0.020311 29.850479 13.015378 )
xyz8=( 0.020092 29.849607 13.015147 )
xyz8=( 0.020092 29.849607 13.015147 )
xyz8=( 0.019874 29.848736 13.014917 )
xyz8=( 0.019874 29.848736 13.014917 )
xyz8=( 0.019658 29.847866 13.014686 )
xyz8=( 0.019658 29.847866 13.014686 )
xyz8=( 0.019442 29.846998 13.014455 )
xyz8=( 0.019442 29.846998 13.014455 )
xyz8=( 0.019227 29.846132 13.014225 )
xyz8=( 0.019227 29.846132 13.014225 )
xyz8=( 0.019013 29.845267 13.013995 )
xyz8=( 0.019013 29.845267 13.013995 )
xyz8=( 0.018800 29.844403 13.013765 )
xyz8=( 0.018800 29.844403 13.013765 )
xyz8=( 0.018588 29.843541 13.013535 )
xyz8=( 0.018588 29.843541 13.013535 )
xyz8=( 0.018376 29.842680 13.013305 )
xyz8=( 0.018376 29.842680 13.013305 )
xyz8=( 0.018166 29.841820 13.013075 )
xyz8=( 0.018166 29.841820 13.013075 )
xyz8=( 0.017956 29.840962 13.012846 )
xyz8=( 0.017956 29.840962 13.012846 )
xyz8=( 0.017748 29.840106 13.012616 )
xyz8=( 0.017748 29.840106 13.012616 )
xyz8=( 0.017540 29.839251 13.012387 )
xyz8=( 0.017540 29.839251 13.012387 )
xyz8=( 0.017333 29.838397 13.012158 )
xyz8=( 0.017333 29.838397 13.012158 )
xyz8=( 0.017128 29.837544 13.011929 )
xyz8=( 0.017128 29.837544 13.011929 )
xyz8=( 0.016922 29.836693 13.011700 )
xyz8=( 0.016922 29.836693 13.011700 )
xyz8=( 0.016718 29.835843 13.011471 )
xyz8=( 0.016718 29.835843 13.011471 )
xyz8=( 0.016515 29.834995 13.011243 )
xyz8=( 0.016515 29.834995 13.011243 )
xyz8=( 0.016312 29.834148 13.011014 )
xyz8=( 0.016312 29.834148 13.011014 )
xyz8=( 0.016111 29.833302 13.010786 )
xyz8=( 0.016111 29.833302 13.010786 )
xyz8=( 0.015910 29.832458 13.010558 )
xyz8=( 0.015910 29.832458 13.010558 )
xyz8=( 0.015710 29.831615 13.010330 )
xyz8=( 0.015710 29.831615 13.010330 )
xyz8=( 0.015511 29.830773 13.010102 )
xyz8=( 0.015511 29.830773 13.010102 )
xyz8=( 0.015313 29.829933 13.009874 )
xyz8=( 0.015313 29.829933 13.009874 )
xyz8=( 0.015115 29.829094 13.009647 )
xyz8=( 0.015115 29.829094 13.009647 )
xyz8=( 0.014919 29.828256 13.009419 )
xyz8=( 0.014919 29.828256 13.009419 )
xyz8=( 0.014723 29.827420 13.009192 )
xyz8=( 0.014723 29.827420 13.009192 )
xyz8=( 0.014528 29.826584 13.008964 )
xyz8=( 0.014528 29.826584 13.008964 )
xyz8=( 0.014334 29.825751 13.008737 )
xyz8=( 0.014334 29.825751 13.008737 )
xyz8=( 0.014141 29.824918 13.008510 )
xyz8=( 0.014141 29.824918 13.008510 )
xyz8=( 0.013948 29.824087 13.008283 )
xyz8=( 0.013948 29.824087 13.008283 )
xyz8=( 0.013757 29.823257 13.008057 )
xyz8=( 0.013757 29.823257 13.008057 )
xyz8=( 0.013566 29.822428 13.007830 )
xyz8=( 0.013566 29.822428 13.007830 )
xyz8=( 0.013376 29.821600 13.007604 )
xyz8=( 0.013376 29.821600 13.007604 )
xyz8=( 0.013186 29.820774 13.007377 )
xyz8=( 0.013186 29.820774 13.007377 )
xyz8=( 0.012998 29.819949 13.007151 )
xyz8=( 0.012998 29.819949 13.007151 )
xyz8=( 0.012810 29.819125 13.006925 )
xyz8=( 0.012810 29.819125 13.006925 )
xyz8=( 0.012623 29.818302 13.006699 )
xyz8=( 0.012623 29.818302 13.006699 )
xyz8=( 0.012437 29.817481 13.006473 )
xyz8=( 0.012437 29.817481 13.006473 )
xyz8=( 0.012252 29.816661 13.006247 )
xyz8=( 0.012252 29.816661 13.006247 )
xyz8=( 0.012067 29.815842 13.006021 )
xyz8=( 0.012067 29.815842 13.006021 )
xyz8=( 0.011883 29.815024 13.005796 )
xyz8=( 0.011883 29.815024 13.005796 )
xyz8=( 0.011700 29.814207 13.005571 )
xyz8=( 0.011700 29.814207 13.005571 )
xyz8=( 0.011518 29.813392 13.005345 )
xyz8=( 0.011518 29.813392 13.005345 )
xyz8=( 0.011336 29.812578 13.005120 )
xyz8=( 0.011336 29.812578 13.005120 )
xyz8=( 0.011155 29.811765 13.004895 )
xyz8=( 0.011155 29.811765 13.004895 )
xyz8=( 0.010975 29.810953 13.004670 )
xyz8=( 0.010975 29.810953 13.004670 )
xyz8=( 0.010796 29.810142 13.004445 )
xyz8=( 0.010796 29.810142 13.004445 )
xyz8=( 0.010617 29.809333 13.004220 )
xyz8=( 0.010440 29.808524 13.003996 )
xyz8=( 0.010263 29.807717 13.003771 )
xyz8=( 0.010086 29.806911 13.003547 )
xyz8=( 0.009911 29.806106 13.003323 )
xyz8=( 0.009736 29.805302 13.003099 )
xyz8=( 0.009561 29.804500 13.002874 )
xyz8=( 0.009388 29.803698 13.002651 )
xyz8=( 0.009215 29.802898 13.002427 )
xyz8=( 0.009043 29.802098 13.002203 )
xyz8=( 0.008872 29.801300 13.001979 )
xyz8=( 0.008701 29.800503 13.001756 )
xyz8=( 0.008531 29.799707 13.001532 )
xyz8=( 0.008362 29.798912 13.001309 )
xyz8=( 0.008194 29.798119 13.001086 )
xyz8=( 0.008026 29.797326 13.000863 )
xyz8=( 0.007859 29.796534 13.000640 )
xyz8=( 0.007692 29.795744 13.000417 )
xyz8=( 0.007527 29.794954 13.000194 )
xyz8=( 0.007362 29.794166 12.999972 )
xyz8=( 0.007197 29.793378 12.999749 )
xyz8=( 0.007033 29.792592 12.999527 )
xyz8=( 0.006870 29.791807 12.999304 )
xyz8=( 0.006708 29.791023 12.999082 )
xyz8=( 0.006546 29.790240 12.998860 )
xyz8=( 0.006385 29.789457 12.998638 )
xyz8=( 0.006225 29.788676 12.998416 )
xyz8=( 0.006065 29.787896 12.998194 )
xyz8=( 0.005906 29.787117 12.997972 )
xyz8=( 0.005748 29.786339 12.997751 )
xyz8=( 0.005590 29.785562 12.997529 )
xyz8=( 0.005433 29.784786 12.997308 )
xyz8=( 0.005277 29.784011 12.997086 )
xyz8=( 0.005121 29.783237 12.996865 )
xyz8=( 0.004966 29.782464 12.996644 )
xyz8=( 0.004811 29.781692 12.996423 )
xyz8=( 0.004657 29.780921 12.996202 )
xyz8=( 0.004504 29.780151 12.995981 )
xyz8=( 0.004351 29.779382 12.995760 )
xyz8=( 0.004200 29.778614 12.995539 )
xyz8=( 0.004048 29.777847 12.995319 )
xyz8=( 0.003897 29.777081 12.995098 )
xyz8=( 0.003747 29.776316 12.994878 )
xyz8=( 0.003598 29.775552 12.994658 )
xyz8=( 0.003449 29.774789 12.994437 )
xyz8=( 0.003301 29.774026 12.994217 )
xyz8=( 0.003153 29.773265 12.993997 )
xyz8=( 0.003006 29.772505 12.993777 )
xyz8=( 0.002860 29.771745 12.993557 )
xyz8=( 0.002714 29.770987 12.993338 )
xyz8=( 0.002569 29.770229 12.993118 )
xyz8=( 0.002424 29.769473 12.992898 )
xyz8=( 0.002280 29.768717 12.992679 )
xyz8=( 0.002137 29.767962 12.992459 )
xyz8=( 0.001994 29.767208 12.992240 )
xyz8=( 0.001851 29.766455 12.992021 )
xyz8=( 0.001710 29.765703 12.991802 )
xyz8=( 0.001569 29.764952 12.991583 )
xyz8=( 0.001428 29.764202 12.991364 )
xyz8=( 0.001288 29.763453 12.991145 )
xyz8=( 0.001149 29.762704 12.990926 )
xyz8=( 0.001010 29.761957 12.990707 )
xyz8=( 0.000872 29.761210 12.990488 )
xyz8=( 0.000735 29.760465 12.990270 )
xyz8=( 0.000598 29.759720 12.990051 )
xyz8=( 0.000461 29.758976 12.989833 )
xyz8=( 0.000325 29.758233 12.989615 )
xyz8=( 0.000190 29.757490 12.989397 )
xyz8=( 0.000055 29.756749 12.989178 )
xyz8=( -0.000079 29.756009 12.988960 )
xyz8=( -0.000213 29.755269 12.988742 )
xyz8=( -0.000346 29.754530 12.988524 )
xyz8=( -0.000478 29.753792 12.988307 )
xyz8=( -0.000610 29.753055 12.988089 )
xyz8=( -0.000742 29.752319 12.987871 )
xyz8=( -0.000873 29.751584 12.987654 )
xyz8=( -0.001003 29.750849 12.987436 )
xyz8=( -0.001133 29.750115 12.987219 )
xyz8=( -0.001262 29.749383 12.987001 )
xyz8=( -0.001391 29.748651 12.986784 )
xyz8=( -0.001519 29.747920 12.986567 )
xyz8=( -0.001646 29.747189 12.986350 )
xyz8=( -0.001773 29.746460 12.986133 )
xyz8=( -0.001900 29.745731 12.985916 )
xyz8=( -0.002026 29.745003 12.985699 )
xyz8=( -0.002152 29.744276 12.985482 )
xyz8=( -0.002277 29.743550 12.985265 )
xyz8=( -0.002401 29.742824 12.985049 )
xyz8=( -0.002525 29.742100 12.984832 )
xyz8=( -0.002648 29.741376 12.984616 )
xyz8=( -0.002771 29.740653 12.984399 )
xyz8=( -0.002893 29.739931 12.984183 )
xyz8=( -0.003015 29.739209 12.983967 )
xyz8=( -0.003137 29.738489 12.983751 )
xyz8=( -0.003257 29.737769 12.983534 )
xyz8=( -0.003378 29.737050 12.983318 )
xyz8=( -0.003498 29.736331 12.983102 )
xyz8=( -0.003617 29.735614 12.982887 )
xyz8=( -0.003736 29.734897 12.982671 )
xyz8=( -0.003854 29.734181 12.982455 )
xyz8=( -0.003972 29.733466 12.982239 )
xyz8=( -0.004089 29.732752 12.982024 )
xyz8=( -0.004206 29.732038 12.981808 )
xyz8=( -0.004322 29.731325 12.981593 )
xyz8=( -0.004438 29.730613 12.981377 )
xyz8=( -0.004553 29.729902 12.981162 )
xyz8=( -0.004668 29.729191 12.980947 )
xyz8=( -0.004782 29.728481 12.980731 )
xyz8=( -0.004896 29.727772 12.980516 )
xyz8=( -0.005009 29.727064 12.980301 )
xyz8=( -0.005122 29.726356 12.980086 )
xyz8=( -0.005234 29.725650 12.979871 )
xyz8=( -0.005346 29.724944 12.979657 )
xyz8=( -0.005458 29.724238 12.979442 )
xyz8=( -0.005568 29.723534 12.979227 )
xyz8=( -0.005679 29.722830 12.979012 )
xyz8=( -0.005789 29.722127 12.978798 )
xyz8=( -0.005898 29.721424 12.978583 )
xyz8=( -0.006007 29.720722 12.978369 )
xyz8=( -0.006116 29.720021 12.978155 )
xyz8=( -0.006224 29.719321 12.977940 )
xyz8=( -0.006331 29.718622 12.977726 )
xyz8=( -0.006438 29.717923 12.977512 )
xyz8=( -0.006545 29.717225 12.977298 )
xyz8=( -0.006651 29.716527 12.977084 )
xyz8=( -0.006757 29.715831 12.976870 )
xyz8=( -0.006862 29.715135 12.976656 )
xyz8=( -0.006967 29.714439 12.976442 )
xyz8=( -0.007071 29.713745 12.976228 )
xyz8=( -0.007175 29.713051 12.976014 )
xyz8=( -0.007279 29.712358 12.975801 )
xyz8=( -0.007382 29.711665 12.975587 )
xyz8=( -0.007484 29.710974 12.975374 )
xyz8=( -0.007586 29.710282 12.975160 )
xyz8=( -0.007688 29.709592 12.974947 )
xyz8=( -0.007789 29.708902 12.974734 )
xyz8=( -0.007890 29.708213 12.974520 )
xyz8=( -0.007990 29.707525 12.974307 )
xyz8=( -0.008090 29.706837 12.974094 )
xyz8=( -0.008189 29.706150 12.973881 )
xyz8=( -0.008288 29.705464 12.973668 )
xyz8=( -0.008386 29.704778 12.973455 )
xyz8=( -0.008485 29.704093 12.973242 )
xyz8=( -0.008582 29.703409 12.973029 )
xyz8=( -0.008679 29.702725 12.972816 )
xyz8=( -0.008776 29.702042 12.972604 )
xyz8=( -0.008872 29.701360 12.972391 )
xyz8=( -0.008968 29.700678 12.972178 )
xyz8=( -0.009064 29.699997 12.971966 )
xyz8=( -0.009159 29.699317 12.971753 )
xyz8=( -0.009253 29.698637 12.971541 )
xyz8=( -0.009347 29.697958 12.971328 )
xyz8=( -0.009441 29.697280 12.971116 )
xyz8=( -0.009534 29.696602 12.970904 )
xyz8=( -0.009627 29.695925 12.970692 )
xyz8=( -0.009720 29.695249 12.970480 )
xyz8=( -0.009812 29.694573 12.970267 )
xyz8=( -0.009903 29.693898 12.970055 )
xyz8=( -0.009994 29.693223 12.969843 )
xyz8=( -0.010085 29.692549 12.969632 )
xyz8=( -0.010175 29.691876 12.969420 )
xyz8=( -0.010265 29.691204 12.969208 )
xyz8=( -0.010355 29.690532 12.968996 )
xyz8=( -0.010444 29.689860 12.968785 )
xyz8=( -0.010533 29.689189 12.968573 )
xyz8=( -0.010621 29.688519 12.968361 )
xyz8=( -0.010709 29.687850 12.968150 )
xyz8=( -0.010796 29.687181 12.967938 )
xyz8=( -0.010883 29.686513 12.967727 )
xyz8=( -0.010970 29.685845 12.967516 )
xyz8=( -0.011056 29.685178 12.967304 )
xyz8=( -0.011142 29.684512 12.967093 )
xyz8=( -0.011227 29.683846 12.966882 )
xyz8=( -0.011312 29.683181 12.966671 )
xyz8=( -0.011397 29.682516 12.966460 )
xyz8=( -0.011481 29.681852 12.966249 )
xyz8=( -0.011565 29.681189 12.966038 )
xyz8=( -0.011648 29.680526 12.965827 )
xyz8=( -0.011731 29.679864 12.965616 )
xyz8=( -0.011814 29.679202 12.965405 )
xyz8=( -0.011896 29.678541 12.965194 )
xyz8=( -0.011978 29.677881 12.964984 )
xyz8=( -0.012060 29.677221 12.964773 )
xyz8=( -0.012141 29.676562 12.964562 )
xyz8=( -0.012221 29.675903 12.964352 )
xyz8=( -0.012302 29.675245 12.964141 )
xyz8=( -0.012381 29.674588 12.963931 )
xyz8=( -0.012461 29.673931 12.963721 )
xyz8=( -0.012540 29.673275 12.963510 )
xyz8=( -0.012619 29.672619 12.963300 )
xyz8=( -0.012697 29.671964 12.963090 )
xyz8=( -0.012775 29.671310 12.962880 )
xyz8=( -0.012853 29.670656 12.962669 )
xyz8=( -0.012930 29.670002 12.962459 )
xyz8=( -0.013007 29.669350 12.962249 )
xyz8=( -0.013083 29.668697 12.962039 )
xyz8=( 0.101280 30.087119 13.068730 )
xyz8=( 0.100518 30.085372 13.068406 )
xyz8=( 0.099764 30.083639 13.068085 )
xyz8=( 0.099019 30.081920 13.067764 )
xyz8=( 0.098282 30.080214 13.067445 )
xyz8=( 0.097554 30.078521 13.067128 )
xyz8=( 0.096832 30.076841 13.066812 )
xyz8=( 0.096119 30.075173 13.066497 )
xyz8=( 0.095413 30.073517 13.066183 )
xyz8=( 0.094714 30.071873 13.065871 )
xyz8=( 0.094023 30.070240 13.065560 )
xyz8=( 0.093338 30.068619 13.065250 )
xyz8=( 0.092660 30.067009 13.064942 )
xyz8=( 0.091989 30.065410 13.064634 )
xyz8=( 0.091325 30.063821 13.064328 )
xyz8=( 0.090667 30.062242 13.064023 )
xyz8=( 0.090015 30.060674 13.063719 )
xyz8=( 0.089369 30.059116 13.063415 )
xyz8=( 0.088729 30.057567 13.063113 )
xyz8=( 0.088095 30.056028 13.062812 )
xyz8=( 0.087467 30.054498 13.062512 )
xyz8=( 0.086845 30.052977 13.062213 )
xyz8=( 0.086228 30.051466 13.061915 )
xyz8=( 0.085617 30.049963 13.061618 )
xyz8=( 0.085011 30.048469 13.061322 )
xyz8=( 0.084410 30.046983 13.061027 )
xyz8=( 0.083814 30.045506 13.060732 )
xyz8=( 0.083224 30.044037 13.060439 )
xyz8=( 0.082638 30.042576 13.060146 )
xyz8=( 0.082058 30.041123 13.059854 )
xyz8=( 0.081482 30.039678 13.059563 )
xyz8=( 0.080911 30.038240 13.059273 )
xyz8=( 0.080345 30.036810 13.058984 )
xyz8=( 0.080345 30.036810 13.058984 )
xyz8=( 0.079783 30.035387 13.058695 )
xyz8=( 0.079783 30.035387 13.058695 )
xyz8=( 0.079225 30.033972 13.058407 )
xyz8=( 0.079225 30.033972 13.058407 )
xyz8=( 0.078673 30.032564 13.058120 )
xyz8=( 0.078673 30.032564 13.058120 )
xyz8=( 0.078124 30.031162 13.057834 )
xyz8=( 0.077580 30.029768 13.057548 )
xyz8=( 0.077040 30.028381 13.057264 )
xyz8=( 0.076504 30.027000 13.056980 )
xyz8=( 0.075972 30.025626 13.056696 )
xyz8=( 0.075445 30.024258 13.056413 )
xyz8=( 0.074921 30.022897 13.056131 )
xyz8=( 0.074401 30.021542 13.055850 )
xyz8=( 0.073885 30.020193 13.055569 )
xyz8=( 0.073373 30.018850 13.055289 )
xyz8=( 0.072864 30.017514 13.055010 )
xyz8=( 0.072360 30.016183 13.054731 )
xyz8=( 0.071858 30.014858 13.054453 )
xyz8=( 0.071361 30.013539 13.054175 )
xyz8=( 0.070867 30.012226 13.053898 )
xyz8=( 0.070376 30.010918 13.053622 )
xyz8=( 0.069889 30.009616 13.053346 )
xyz8=( 0.069406 30.008320 13.053071 )
xyz8=( 0.068925 30.007028 13.052797 )
xyz8=( 0.068448 30.005743 13.052523 )
xyz8=( 0.067974 30.004462 13.052249 )
xyz8=( 0.067504 30.003186 13.051976 )
xyz8=( 0.067037 30.001916 13.051704 )
xyz8=( 0.066572 30.000651 13.051432 )
xyz8=( 0.066111 29.999390 13.051161 )
xyz8=( 0.065653 29.998135 13.050890 )
xyz8=( 0.065198 29.996884 13.050619 )
xyz8=( 0.064746 29.995639 13.050350 )
xyz8=( 0.064297 29.994398 13.050080 )
xyz8=( 0.063851 29.993161 13.049812 )
xyz8=( 0.063407 29.991930 13.049543 )
xyz8=( 0.062967 29.990702 13.049276 )
xyz8=( 0.062529 29.989480 13.049008 )
xyz8=( 0.062094 29.988262 13.048741 )
xyz8=( 0.061662 29.987048 13.048475 )
xyz8=( 0.061232 29.985839 13.048209 )
xyz8=( 0.060806 29.984633 13.047944 )
xyz8=( 0.060381 29.983433 13.047678 )
xyz8=( 0.059960 29.982236 13.047414 )
xyz8=( 0.059541 29.981044 13.047150 )
xyz8=( 0.059124 29.979855 13.046886 )
xyz8=( 0.058711 29.978671 13.046623 )
xyz8=( 0.058299 29.977491 13.046360 )
xyz8=( 0.057890 29.976314 13.046097 )
xyz8=( 0.057484 29.975142 13.045835 )
xyz8=( 0.057080 29.973974 13.045574 )
xyz8=( 0.056678 29.972809 13.045313 )
xyz8=( 0.056279 29.971648 13.045052 )
xyz8=( 0.055882 29.970491 13.044791 )
xyz8=( 0.055488 29.969338 13.044531 )
xyz8=( 0.055095 29.968188 13.044272 )
xyz8=( 0.054705 29.967042 13.044012 )
xyz8=( 0.054317 29.965900 13.043754 )
xyz8=( 0.053932 29.964761 13.043495 )
xyz8=( 0.053549 29.963626 13.043237 )
xyz8=( 0.053168 29.962495 13.042979 )
xyz8=( 0.052789 29.961366 13.042722 )
xyz8=( 0.052412 29.960242 13.042465 )
xyz8=( 0.052037 29.959120 13.042208 )
xyz8=( 0.051664 29.958002 13.041952 )
xyz8=( 0.051294 29.956887 13.041696 )
xyz8=( 0.050925 29.955776 13.041440 )
xyz8=( 0.050559 29.954668 13.041185 )
xyz8=( 0.050559 29.954668 13.041185 )
xyz8=( 0.050195 29.953563 13.040930 )
xyz8=( 0.050195 29.953563 13.040930 )
xyz8=( 0.049832 29.952462 13.040675 )
xyz8=( 0.049832 29.952462 13.040675 )
xyz8=( 0.049472 29.951363 13.040421 )
xyz8=( 0.049472 29.951363 13.040421 )
xyz8=( 0.049113 29.950268 13.040167 )
xyz8=( 0.049113 29.950268 13.040167 )
xyz8=( 0.048757 29.949176 13.039913 )
xyz8=( 0.048402 29.948086 13.039660 )
xyz8=( 0.048050 29.947000 13.039407 )
xyz8=( 0.047699 29.945917 13.039154 )
xyz8=( 0.047350 29.944837 13.038902 )
xyz8=( 0.047003 29.943760 13.038650 )
xyz8=( 0.046658 29.942686 13.038398 )
xyz8=( 0.046315 29.941615 13.038147 )
xyz8=( 0.045973 29.940547 13.037896 )
xyz8=( 0.045633 29.939482 13.037645 )
xyz8=( 0.045295 29.938419 13.037394 )
xyz8=( 0.044959 29.937359 13.037144 )
xyz8=( 0.044625 29.936303 13.036894 )
xyz8=( 0.044292 29.935249 13.036645 )
xyz8=( 0.043961 29.934197 13.036395 )
xyz8=( 0.043632 29.933149 13.036146 )
xyz8=( 0.043304 29.932103 13.035897 )
xyz8=( 0.042978 29.931059 13.035649 )
xyz8=( 0.042654 29.930019 13.035401 )
xyz8=( 0.042332 29.928981 13.035153 )
xyz8=( 0.042011 29.927946 13.034905 )
xyz8=( 0.041691 29.926913 13.034657 )
xyz8=( 0.041374 29.925883 13.034410 )
xyz8=( 0.041058 29.924855 13.034163 )
xyz8=( 0.040743 29.923830 13.033917 )
xyz8=( 0.040430 29.922808 13.033670 )
xyz8=( 0.040119 29.921788 13.033424 )
xyz8=( 0.039809 29.920770 13.033178 )
xyz8=( 0.039501 29.919755 13.032933 )
xyz8=( 0.039194 29.918742 13.032687 )
xyz8=( 0.038889 29.917732 13.032442 )
xyz8=( 0.038585 29.916724 13.032197 )
xyz8=( 0.038283 29.915719 13.031953 )
xyz8=( 0.037982 29.914716 13.031709 )
xyz8=( 0.037683 29.913715 13.031464 )
xyz8=( 0.037385 29.912716 13.031221 )
xyz8=( 0.037088 29.911720 13.030977 )
xyz8=( 0.036793 29.910727 13.030733 )
xyz8=( 0.036500 29.909735 13.030490 )
xyz8=( 0.036208 29.908746 13.030247 )
xyz8=( 0.035917 29.907759 13.030005 )
xyz8=( 0.035628 29.906774 13.029762 )
xyz8=( 0.035340 29.905791 13.029520 )
xyz8=( 0.035053 29.904810 13.029278 )
xyz8=( 0.034768 29.903832 13.029036 )
xyz8=( 0.034484 29.902856 13.028794 )
xyz8=( 0.034202 29.901882 13.028553 )
xyz8=( 0.033920 29.900910 13.028312 )
xyz8=( 0.033641 29.899940 13.028071 )
xyz8=( 0.033362 29.898973 13.027830 )
xyz8=( 0.033085 29.898007 13.027590 )
xyz8=( 0.032809 29.897044 13.027349 )
xyz8=( 0.032534 29.896082 13.027109 )
xyz8=( 0.032261 29.895123 13.026870 )
xyz8=( 0.031989 29.894165 13.026630 )
xyz8=( 0.031718 29.893210 13.026390 )
xyz8=( 0.031449 29.892257 13.026151 )
xyz8=( 0.031180 29.891305 13.025912 )
xyz8=( 0.030913 29.890356 13.025673 )
xyz8=( 0.030647 29.889408 13.025435 )
xyz8=( 0.030383 29.888463 13.025196 )
xyz8=( 0.030119 29.887519 13.024958 )
xyz8=( 0.029857 29.886577 13.024720 )
xyz8=( 0.029596 29.885638 13.024482 )
xyz8=( 0.029336 29.884700 13.024244 )
xyz8=( 0.029078 29.883764 13.024007 )
xyz8=( 0.028820 29.882829 13.023770 )
xyz8=( 0.028820 29.882829 13.023770 )
xyz8=( 0.028564 29.881897 13.023532 )
xyz8=( 0.028564 29.881897 13.023532 )
xyz8=( 0.028309 29.880967 13.023296 )
xyz8=( 0.028309 29.880967 13.023296 )
xyz8=( 0.028055 29.880038 13.023059 )
xyz8=( 0.028055 29.880038 13.023059 )
xyz8=( 0.027802 29.879111 13.022822 )
xyz8=( 0.027802 29.879111 13.022822 )
xyz8=( 0.027551 29.878186 13.022586 )
xyz8=( 0.027551 29.878186 13.022586 )
xyz8=( 0.027300 29.877263 13.022350 )
xyz8=( 0.027300 29.877263 13.022350 )
xyz8=( 0.027051 29.876342 13.022114 )
xyz8=( 0.027051 29.876342 13.022114 )
xyz8=( 0.026802 29.875422 13.021878 )
xyz8=( 0.026802 29.875422 13.021878 )
xyz8=( 0.026555 29.874504 13.021642 )
xyz8=( 0.026555 29.874504 13.021642 )
xyz8=( 0.026309 29.873588 13.021407 )
xyz8=( 0.026309 29.873588 13.021407 )
xyz8=( 0.026064 29.872673 13.021172 )
xyz8=( 0.026064 29.872673 13.021172 )
xyz8=( 0.025820 29.871761 13.020936 )
xyz8=( 0.025820 29.871761 13.020936 )
xyz8=( 0.025577 29.870850 13.020701 )
xyz8=( 0.025577 29.870850 13.020701 )
xyz8=( 0.025336 29.869940 13.020467 )
xyz8=( 0.025336 29.869940 13.020467 )
xyz8=( 0.025095 29.869033 13.020232 )
xyz8=( 0.025095 29.869033 13.020232 )
xyz8=( 0.024855 29.868127 13.019998 )
xyz8=( 0.024855 29.868127 13.019998 )
xyz8=( 0.024617 29.867223 13.019764 )
xyz8=( 0.024617 29.867223 13.019764 )
xyz8=( 0.024379 29.866320 13.019529 )
xyz8=( 0.024379 29.866320 13.019529 )
xyz8=( 0.024143 29.865419 13.019296 )
xyz8=( 0.024143 29.865419 13.019296 )
xyz8=( 0.023907 29.864520 13.019062 )
xyz8=( 0.023907 29.864520 13.019062 )
xyz8=( 0.023673 29.863623 13.018828 )
xyz8=( 0.023673 29.863623 13.018828 )
xyz8=( 0.023440 29.862727 13.018595 )
xyz8=( 0.023440 29.862727 13.018595 )
xyz8=( 0.023207 29.861832 13.018362 )
xyz8=( 0.023207 29.861832 13.018362 )
xyz8=( 0.022976 29.860940 13.018128 )
xyz8=( 0.022976 29.860940 13.018128 )
xyz8=( 0.022746 29.860048 13.017896 )
xyz8=( 0.022746 29.860048 13.017896 )
xyz8=( 0.022517 29.859159 13.017663 )
xyz8=( 0.022517 29.859159 13.017663 )
xyz8=( 0.022288 29.858271 13.017430 )
xyz8=( 0.022288 29.858271 13.017430 )
xyz8=( 0.022061 29.857384 13.017198 )
xyz8=( 0.022061 29.857384 13.017198 )
xyz8=( 0.021835 29.856500 13.016965 )
xyz8=( 0.021835 29.856500 13.016965 )
xyz8=( 0.021609 29.855616 13.016733 )
xyz8=( 0.021609 29.855616 13.016733 )
xyz8=( 0.021385 29.854735 13.016501 )
xyz8=( 0.021385 29.854735 13.016501 )
xyz8=( 0.021162 29.853854 13.016269 )
xyz8=( 0.021162 29.853854 13.016269 )
xyz8=( 0.020939 29.852976 13.016038 )
xyz8=( 0.020939 29.852976 13.016038 )
xyz8=( 0.020718 29.852098 13.015806 )
xyz8=( 0.020718 29.852098 13.015806 )
xyz8=( 0.020497 29.851223 13.015575 )
xyz8=( 0.020497 29.851223 13.015575 )
xyz8=( 0.020278 29.850349 13.015344 )
xyz8=( 0.020278 29.850349 13.015344 )
xyz8=( 0.020059 29.849476 13.015113 )
xyz8=( 0.020059 29.849476 13.015113 )
xyz8=( 0.019842 29.848605 13.014882 )
xyz8=( 0.019842 29.848605 13.014882 )
xyz8=( 0.019625 29.847735 13.014651 )
xyz8=( 0.019625 29.847735 13.014651 )
xyz8=( 0.019409 29.846867 13.014420 )
xyz8=( 0.019409 29.846867 13.014420 )
xyz8=( 0.019194 29.846000 13.014190 )
xyz8=( 0.019194 29.846000 13.014190 )
xyz8=( 0.018980 29.845135 13.013960 )
xyz8=( 0.018980 29.845135 13.013960 )
xyz8=( 0.018767 29.844271 13.013729 )
xyz8=( 0.018767 29.844271 13.013729 )
xyz8=( 0.018555 29.843408 13.013499 )
xyz8=( 0.018555 29.843408 13.013499 )
xyz8=( 0.018344 29.842547 13.013269 )
xyz8=( 0.018344 29.842547 13.013269 )
xyz8=( 0.018133 29.841688 13.013040 )
xyz8=( 0.018133 29.841688 13.013040 )
xyz8=( 0.017924 29.840829 13.012810 )
xyz8=( 0.017924 29.840829 13.012810 )
xyz8=( 0.017716 29.839973 13.012581 )
xyz8=( 0.017716 29.839973 13.012581 )
xyz8=( 0.017508 29.839117 13.012351 )
xyz8=( 0.017508 29.839117 13.012351 )
xyz8=( 0.017301 29.838263 13.012122 )
xyz8=( 0.017301 29.838263 13.012122 )
xyz8=( 0.017095 29.837410 13.011893 )
xyz8=( 0.017095 29.837410 13.011893 )
xyz8=( 0.016890 29.836559 13.011664 )
xyz8=( 0.016890 29.836559 13.011664 )
xyz8=( 0.016686 29.835709 13.011435 )
xyz8=( 0.016686 29.835709 13.011435 )
xyz8=( 0.016483 29.834861 13.011207 )
xyz8=( 0.016483 29.834861 13.011207 )
xyz8=( 0.016280 29.834013 13.010978 )
xyz8=( 0.016280 29.834013 13.010978 )
xyz8=( 0.016079 29.833168 13.010750 )
xyz8=( 0.016079 29.833168 13.010750 )
xyz8=( 0.015878 29.832323 13.010521 )
xyz8=( 0.015878 29.832323 13.010521 )
xyz8=( 0.015678 29.831480 13.010293 )
xyz8=( 0.015678 29.831480 13.010293 )
xyz8=( 0.015479 29.830638 13.010065 )
xyz8=( 0.015479 29.830638 13.010065 )
xyz8=( 0.015281 29.829797 13.009838 )
xyz8=( 0.015281 29.829797 13.009838 )
xyz8=( 0.015084 29.828958 13.009610 )
xyz8=( 0.015084 29.828958 13.009610 )
xyz8=( 0.014887 29.828120 13.009382 )
xyz8=( 0.014887 29.828120 13.009382 )
xyz8=( 0.014691 29.827284 13.009155 )
xyz8=( 0.014691 29.827284 13.009155 )
xyz8=( 0.014496 29.826448 13.008927 )
xyz8=( 0.014496 29.826448 13.008927 )
xyz8=( 0.014302 29.825614 13.008700 )
xyz8=( 0.014302 29.825614 13.008700 )
xyz8=( 0.014109 29.824781 13.008473 )
xyz8=( 0.014109 29.824781 13.008473 )
xyz8=( 0.013917 29.823950 13.008246 )
xyz8=( 0.013917 29.823950 13.008246 )
xyz8=( 0.013725 29.823120 13.008019 )
xyz8=( 0.013725 29.823120 13.008019 )
xyz8=( 0.013534 29.822291 13.007793 )
xyz8=( 0.013534 29.822291 13.007793 )
xyz8=( 0.013344 29.821463 13.007566 )
xyz8=( 0.013344 29.821463 13.007566 )
xyz8=( 0.013155 29.820636 13.007340 )
xyz8=( 0.013155 29.820636 13.007340 )
xyz8=( 0.012966 29.819811 13.007113 )
xyz8=( 0.012966 29.819811 13.007113 )
xyz8=( 0.012779 29.818987 13.006887 )
xyz8=( 0.012779 29.818987 13.006887 )
xyz8=( 0.012592 29.818164 13.006661 )
xyz8=( 0.012592 29.818164 13.006661 )
xyz8=( 0.012406 29.817343 13.006435 )
xyz8=( 0.012406 29.817343 13.006435 )
xyz8=( 0.012220 29.816522 13.006209 )
xyz8=( 0.012220 29.816522 13.006209 )
xyz8=( 0.012036 29.815703 13.005983 )
xyz8=( 0.012036 29.815703 13.005983 )
xyz8=( 0.011852 29.814885 13.005758 )
xyz8=( 0.011852 29.814885 13.005758 )
xyz8=( 0.011669 29.814069 13.005532 )
xyz8=( 0.011669 29.814069 13.005532 )
xyz8=( 0.011487 29.813253 13.005307 )
xyz8=( 0.011487 29.813253 13.005307 )
xyz8=( 0.011305 29.812439 13.005082 )
xyz8=( 0.011305 29.812439 13.005082 )
xyz8=( 0.011124 29.811626 13.004856 )
xyz8=( 0.011124 29.811626 13.004856 )
xyz8=( 0.010944 29.810813 13.004631 )
xyz8=( 0.010944 29.810813 13.004631 )
xyz8=( 0.010765 29.810003 13.004406 )
xyz8=( 0.010765 29.810003 13.004406 )
xyz8=( 0.010587 29.809193 13.004182 )
xyz8=( 0.010409 29.808384 13.003957 )
xyz8=( 0.010232 29.807577 13.003732 )
xyz8=( 0.010056 29.806771 13.003508 )
xyz8=( 0.009880 29.805966 13.003284 )
xyz8=( 0.009705 29.805162 13.003059 )
xyz8=( 0.009531 29.804359 13.002835 )
xyz8=( 0.009358 29.803557 13.002611 )
xyz8=( 0.009185 29.802757 13.002387 )
xyz8=( 0.009013 29.801957 13.002163 )
xyz8=( 0.008842 29.801159 13.001940 )
xyz8=( 0.008671 29.800362 13.001716 )
xyz8=( 0.008501 29.799566 13.001493 )
xyz8=( 0.008332 29.798771 13.001269 )
xyz8=( 0.008164 29.797977 13.001046 )
xyz8=( 0.007996 29.797184 13.000823 )
xyz8=( 0.007829 29.796392 13.000600 )
xyz8=( 0.007662 29.795601 13.000377 )
xyz8=( 0.007497 29.794812 13.000154 )
xyz8=( 0.007332 29.794023 12.999931 )
xyz8=( 0.007167 29.793236 12.999709 )
xyz8=( 0.007004 29.792449 12.999486 )
xyz8=( 0.006841 29.791664 12.999264 )
xyz8=( 0.006678 29.790880 12.999041 )
xyz8=( 0.006517 29.790096 12.998819 )
xyz8=( 0.006356 29.789314 12.998597 )
xyz8=( 0.006196 29.788533 12.998375 )
xyz8=( 0.006036 29.787753 12.998153 )
xyz8=( 0.005877 29.786973 12.997931 )
xyz8=( 0.005719 29.786195 12.997710 )
xyz8=( 0.005561 29.785418 12.997488 )
xyz8=( 0.005404 29.784642 12.997266 )
xyz8=( 0.005248 29.783867 12.997045 )
xyz8=( 0.005092 29.783093 12.996824 )
xyz8=( 0.004937 29.782320 12.996602 )
xyz8=( 0.004782 29.781548 12.996381 )
xyz8=( 0.004628 29.780776 12.996160 )
xyz8=( 0.004475 29.780006 12.995939 )
xyz8=( 0.004323 29.779237 12.995718 )
xyz8=( 0.004171 29.778469 12.995498 )
xyz8=( 0.004020 29.777702 12.995277 )
xyz8=( 0.003869 29.776936 12.995056 )
xyz8=( 0.003719 29.776170 12.994836 )
xyz8=( 0.003569 29.775406 12.994615 )
xyz8=( 0.003421 29.774643 12.994395 )
xyz8=( 0.003272 29.773880 12.994175 )
xyz8=( 0.003125 29.773119 12.993955 )
xyz8=( 0.002978 29.772358 12.993735 )
xyz8=( 0.002831 29.771599 12.993515 )
xyz8=( 0.002686 29.770840 12.993295 )
xyz8=( 0.002541 29.770082 12.993075 )
xyz8=( 0.002396 29.769326 12.992856 )
xyz8=( 0.002252 29.768570 12.992636 )
xyz8=( 0.002109 29.767815 12.992417 )
xyz8=( 0.001966 29.767061 12.992197 )
xyz8=( 0.001824 29.766308 12.991978 )
xyz8=( 0.001682 29.765556 12.991759 )
xyz8=( 0.001541 29.764805 12.991539 )
xyz8=( 0.001401 29.764054 12.991320 )
xyz8=( 0.001261 29.763305 12.991101 )
xyz8=( 0.001122 29.762556 12.990883 )
xyz8=( 0.000983 29.761809 12.990664 )
xyz8=( 0.000845 29.761062 12.990445 )
xyz8=( 0.000707 29.760316 12.990226 )
xyz8=( 0.000570 29.759571 12.990008 )
xyz8=( 0.000434 29.758827 12.989789 )
xyz8=( 0.000298 29.758084 12.989571 )
xyz8=( 0.000163 29.757341 12.989353 )
xyz8=( 0.000028 29.756600 12.989134 )
xyz8=( -0.000106 29.755859 12.988916 )
xyz8=( -0.000240 29.755120 12.988698 )
xyz8=( -0.000373 29.754381 12.988480 )
xyz8=( -0.000505 29.753643 12.988262 )
xyz8=( -0.000637 29.752906 12.988045 )
xyz8=( -0.000768 29.752169 12.987827 )
xyz8=( -0.000899 29.751434 12.987609 )
xyz8=( -0.001029 29.750699 12.987392 )
xyz8=( -0.001159 29.749965 12.987174 )
xyz8=( -0.001288 29.749232 12.986957 )
xyz8=( -0.001417 29.748500 12.986740 )
xyz8=( -0.001545 29.747769 12.986522 )
xyz8=( -0.001673 29.747039 12.986305 )
xyz8=( -0.001800 29.746309 12.986088 )
xyz8=( -0.001926 29.745580 12.985871 )
xyz8=( -0.002052 29.744852 12.985654 )
xyz8=( -0.002178 29.744125 12.985437 )
xyz8=( -0.002302 29.743399 12.985220 )
xyz8=( -0.002427 29.742673 12.985004 )
xyz8=( -0.002551 29.741948 12.984787 )
xyz8=( -0.002674 29.741225 12.984570 )
xyz8=( -0.002797 29.740501 12.984354 )
xyz8=( -0.002919 29.739779 12.984138 )
xyz8=( -0.003041 29.739058 12.983921 )
xyz8=( -0.003162 29.738337 12.983705 )
xyz8=( -0.003283 29.737617 12.983489 )
xyz8=( -0.003403 29.736898 12.983273 )
xyz8=( -0.003523 29.736179 12.983057 )
xyz8=( -0.003642 29.735462 12.982841 )
xyz8=( -0.003761 29.734745 12.982625 )
xyz8=( -0.003879 29.734029 12.982409 )
xyz8=( -0.003997 29.733314 12.982193 )
xyz8=( -0.004114 29.732599 12.981978 )
xyz8=( -0.004231 29.731885 12.981762 )
xyz8=( -0.004347 29.731172 12.981546 )
xyz8=( -0.004463 29.730460 12.981331 )
xyz8=( -0.004578 29.729749 12.981116 )
xyz8=( -0.004692 29.729038 12.980900 )
xyz8=( -0.004807 29.728328 12.980685 )
xyz8=( -0.004920 29.727619 12.980470 )
xyz8=( -0.005034 29.726911 12.980255 )
xyz8=( -0.005146 29.726203 12.980040 )
xyz8=( -0.005259 29.725496 12.979825 )
xyz8=( -0.005370 29.724790 12.979610 )
xyz8=( -0.005482 29.724084 12.979395 )
xyz8=( -0.005593 29.723380 12.979180 )
xyz8=( -0.005703 29.722676 12.978965 )
xyz8=( -0.005813 29.721972 12.978751 )
xyz8=( -0.005922 29.721270 12.978536 )
xyz8=( -0.006031 29.720568 12.978322 )
xyz8=( -0.006140 29.719867 12.978107 )
xyz8=( -0.006248 29.719167 12.977893 )
xyz8=( -0.006355 29.718467 12.977679 )
xyz8=( -0.006462 29.717768 12.977464 )
xyz8=( -0.006569 29.717070 12.977250 )
xyz8=( -0.006675 29.716372 12.977036 )
xyz8=( -0.006780 29.715676 12.976822 )
xyz8=( -0.006886 29.714980 12.976608 )
xyz8=( -0.006990 29.714284 12.976394 )
xyz8=( -0.007095 29.713590 12.976180 )
xyz8=( -0.007198 29.712896 12.975967 )
xyz8=( -0.007302 29.712202 12.975753 )
xyz8=( -0.007405 29.711510 12.975539 )
xyz8=( -0.007507 29.710818 12.975326 )
xyz8=( -0.007609 29.710127 12.975112 )
xyz8=( -0.007711 29.709436 12.974899 )
xyz8=( -0.007812 29.708746 12.974685 )
xyz8=( -0.007912 29.708057 12.974472 )
xyz8=( -0.008013 29.707369 12.974259 )
xyz8=( -0.008112 29.706681 12.974045 )
xyz8=( -0.008212 29.705994 12.973832 )
xyz8=( -0.008310 29.705308 12.973619 )
xyz8=( -0.008409 29.704622 12.973406 )
xyz8=( -0.008507 29.703937 12.973193 )
xyz8=( -0.008604 29.703252 12.972980 )
xyz8=( -0.008701 29.702569 12.972767 )
xyz8=( -0.008798 29.701886 12.972555 )
xyz8=( -0.008894 29.701203 12.972342 )
xyz8=( -0.008990 29.700521 12.972129 )
xyz8=( -0.009086 29.699840 12.971917 )
xyz8=( -0.009180 29.699160 12.971704 )
xyz8=( -0.009275 29.698480 12.971492 )
xyz8=( -0.009369 29.697801 12.971279 )
xyz8=( -0.009463 29.697123 12.971067 )
xyz8=( -0.009556 29.696445 12.970855 )
xyz8=( -0.009649 29.695768 12.970642 )
xyz8=( -0.009741 29.695091 12.970430 )
xyz8=( -0.009833 29.694415 12.970218 )
xyz8=( -0.009925 29.693740 12.970006 )
xyz8=( -0.010016 29.693065 12.969794 )
xyz8=( -0.010106 29.692391 12.969582 )
xyz8=( -0.010197 29.691718 12.969370 )
xyz8=( -0.010286 29.691045 12.969158 )
xyz8=( -0.010376 29.690373 12.968946 )
xyz8=( -0.010465 29.689702 12.968735 )
xyz8=( -0.010554 29.689031 12.968523 )
xyz8=( -0.010642 29.688361 12.968311 )
xyz8=( -0.010730 29.687691 12.968100 )
xyz8=( -0.010817 29.687022 12.967888 )
xyz8=( -0.010904 29.686354 12.967677 )
xyz8=( -0.010990 29.685686 12.967465 )
xyz8=( -0.011077 29.685019 12.967254 )
xyz8=( -0.011162 29.684353 12.967043 )
xyz8=( -0.011248 29.683687 12.966831 )
xyz8=( -0.011333 29.683022 12.966620 )
xyz8=( -0.011417 29.682357 12.966409 )
xyz8=( -0.011501 29.681693 12.966198 )
xyz8=( -0.011585 29.681029 12.965987 )
xyz8=( -0.011668 29.680367 12.965776 )
xyz8=( -0.011751 29.679704 12.965565 )
xyz8=( -0.011834 29.679043 12.965354 )
xyz8=( -0.011916 29.678382 12.965143 )
xyz8=( -0.011998 29.677721 12.964933 )
xyz8=( -0.012079 29.677061 12.964722 )
xyz8=( -0.012160 29.676402 12.964511 )
xyz8=( -0.012241 29.675743 12.964301 )
xyz8=( -0.012321 29.675085 12.964090 )
xyz8=( -0.012401 29.674428 12.963880 )
xyz8=( -0.012480 29.673771 12.963669 )
xyz8=( -0.012559 29.673115 12.963459 )
xyz8=( -0.012638 29.672459 12.963249 )
xyz8=( -0.012716 29.671804 12.963038 )
xyz8=( -0.012794 29.671149 12.962828 )
xyz8=( -0.012872 29.670495 12.962618 )
xyz8=( -0.012949 29.669842 12.962408 )
xyz8=( -0.013025 29.669189 12.962198 )
xyz8=( -0.013102 29.668537 12.961988 )
xyz8=( -0.017617 29.623537 12.947174 )
xyz8=( -0.017462 29.625363 12.947788 )
xyz8=( -0.017307 29.627175 12.948396 )
xyz8=( -0.017150 29.628971 12.948997 )
xyz8=( -0.016993 29.630753 12.949593 )
xyz8=( -0.016834 29.632521 12.950183 )
xyz8=( -0.016674 29.634275 12.950767 )
xyz8=( -0.016514 29.636015 12.951346 )
xyz8=( -0.016352 29.637743 12.951920 )
xyz8=( -0.016189 29.639457 12.952488 )
xyz8=( -0.016026 29.641159 12.953051 )
xyz8=( -0.015861 29.642848 12.953609 )
xyz8=( -0.015696 29.644526 12.954163 )
xyz8=( -0.015530 29.646191 12.954712 )
xyz8=( -0.015362 29.647845 12.955256 )
xyz8=( -0.015194 29.649488 12.955795 )
xyz8=( -0.015026 29.651120 12.956330 )
xyz8=( -0.014856 29.652741 12.956860 )
xyz8=( -0.014685 29.654351 12.957387 )
xyz8=( -0.014514 29.655951 12.957909 )
xyz8=( -0.014342 29.657540 12.958427 )
xyz8=( -0.014170 29.659120 12.958940 )
xyz8=( -0.013996 29.660690 12.959450 )
xyz8=( -0.013822 29.662250 12.959956 )
xyz8=( -0.013647 29.663800 12.960458 )
xyz8=( -0.013471 29.665342 12.960957 )
xyz8=( -0.013295 29.666874 12.961452 )
xyz8=( -0.013118 29.668397 12.961943 )
xyz8=( -0.012940 29.669912 12.962430 )
xyz8=( -0.012762 29.671418 12.962914 )
xyz8=( -0.012583 29.672915 12.963395 )
xyz8=( -0.012404 29.674404 12.963872 )
xyz8=( -0.012224 29.675885 12.964346 )
xyz8=( -0.012224 29.675885 12.964346 )
xyz8=( -0.012043 29.677357 12.964817 )
xyz8=( -0.012043 29.677357 12.964817 )
xyz8=( -0.011861 29.678822 12.965284 )
xyz8=( -0.011861 29.678822 12.965284 )
xyz8=( -0.011679 29.680279 12.965748 )
xyz8=( -0.011679 29.680279 12.965748 )
xyz8=( -0.011497 29.681728 12.966209 )
xyz8=( -0.011314 29.683170 12.966667 )
xyz8=( -0.011130 29.684604 12.967122 )
xyz8=( -0.010946 29.686031 12.967575 )
xyz8=( -0.010761 29.687451 12.968024 )
xyz8=( -0.010576 29.688864 12.968470 )
xyz8=( -0.010390 29.690269 12.968913 )
xyz8=( -0.010203 29.691668 12.969354 )
xyz8=( -0.010016 29.693060 12.969792 )
xyz8=( -0.009829 29.694445 12.970227 )
xyz8=( -0.009641 29.695824 12.970660 )
xyz8=( -0.009453 29.697196 12.971090 )
xyz8=( -0.009264 29.698561 12.971517 )
xyz8=( -0.009074 29.699921 12.971942 )
xyz8=( -0.008884 29.701274 12.972364 )
xyz8=( -0.008694 29.702621 12.972784 )
xyz8=( -0.008503 29.703962 12.973201 )
xyz8=( -0.008312 29.705297 12.973616 )
xyz8=( -0.008120 29.706626 12.974028 )
xyz8=( -0.007928 29.707949 12.974439 )
xyz8=( -0.007735 29.709267 12.974846 )
xyz8=( -0.007542 29.710579 12.975252 )
xyz8=( -0.007349 29.711885 12.975655 )
xyz8=( -0.007155 29.713186 12.976056 )
xyz8=( -0.006961 29.714481 12.976455 )
xyz8=( -0.006766 29.715771 12.976852 )
xyz8=( -0.006571 29.717056 12.977246 )
xyz8=( -0.006375 29.718335 12.977638 )
xyz8=( -0.006179 29.719610 12.978029 )
xyz8=( -0.005983 29.720879 12.978417 )
xyz8=( -0.005786 29.722143 12.978803 )
xyz8=( -0.005589 29.723402 12.979187 )
xyz8=( -0.005392 29.724656 12.979569 )
xyz8=( -0.005194 29.725905 12.979949 )
xyz8=( -0.004995 29.727150 12.980327 )
xyz8=( -0.004797 29.728389 12.980704 )
xyz8=( -0.004598 29.729624 12.981078 )
xyz8=( -0.004398 29.730855 12.981450 )
xyz8=( -0.004199 29.732080 12.981821 )
xyz8=( -0.003999 29.733302 12.982190 )
xyz8=( -0.003798 29.734518 12.982557 )
xyz8=( -0.003597 29.735731 12.982922 )
xyz8=( -0.003396 29.736938 12.983285 )
xyz8=( -0.003195 29.738142 12.983646 )
xyz8=( -0.002993 29.739341 12.984006 )
xyz8=( -0.002791 29.740536 12.984364 )
xyz8=( -0.002589 29.741727 12.984721 )
xyz8=( -0.002386 29.742913 12.985075 )
xyz8=( -0.002183 29.744096 12.985428 )
xyz8=( -0.001979 29.745274 12.985780 )
xyz8=( -0.001775 29.746448 12.986129 )
xyz8=( -0.001571 29.747619 12.986478 )
xyz8=( -0.001367 29.748785 12.986824 )
xyz8=( -0.001162 29.749947 12.987169 )
xyz8=( -0.000957 29.751106 12.987512 )
xyz8=( -0.000752 29.752261 12.987854 )
xyz8=( -0.000546 29.753412 12.988194 )
xyz8=( -0.000341 29.754559 12.988533 )
xyz8=( -0.000134 29.755703 12.988870 )
xyz8=( 0.000072 29.756842 12.989206 )
xyz8=( 0.000279 29.757978 12.989540 )
xyz8=( 0.000486 29.759111 12.989873 )
xyz8=( 0.000693 29.760240 12.990204 )
xyz8=( 0.000693 29.760240 12.990204 )
xyz8=( 0.000901 29.761365 12.990534 )
xyz8=( 0.000901 29.761365 12.990534 )
xyz8=( 0.001109 29.762487 12.990862 )
xyz8=( 0.001109 29.762487 12.990862 )
xyz8=( 0.001317 29.763606 12.991189 )
xyz8=( 0.001317 29.763606 12.991189 )
xyz8=( 0.001525 29.764721 12.991515 )
xyz8=( 0.001525 29.764721 12.991515 )
xyz8=( 0.001734 29.765832 12.991839 )
xyz8=( 0.001943 29.766941 12.992162 )
xyz8=( 0.002152 29.768045 12.992484 )
xyz8=( 0.002362 29.769147 12.992804 )
xyz8=( 0.002572 29.770245 12.993122 )
xyz8=( 0.002782 29.771340 12.993440 )
xyz8=( 0.002992 29.772432 12.993756 )
xyz8=( 0.003203 29.773520 12.994071 )
xyz8=( 0.003413 29.774606 12.994385 )
xyz8=( 0.003624 29.775688 12.994697 )
xyz8=( 0.003836 29.776767 12.995008 )
xyz8=( 0.004047 29.777843 12.995318 )
xyz8=( 0.004259 29.778916 12.995626 )
xyz8=( 0.004471 29.779986 12.995933 )
xyz8=( 0.004684 29.781053 12.996239 )
xyz8=( 0.004896 29.782117 12.996544 )
xyz8=( 0.005109 29.783178 12.996848 )
xyz8=( 0.005322 29.784236 12.997150 )
xyz8=( 0.005535 29.785291 12.997452 )
xyz8=( 0.005749 29.786343 12.997752 )
xyz8=( 0.005962 29.787393 12.998051 )
xyz8=( 0.006176 29.788439 12.998348 )
xyz8=( 0.006391 29.789483 12.998645 )
xyz8=( 0.006605 29.790524 12.998940 )
xyz8=( 0.006820 29.791562 12.999235 )
xyz8=( 0.007034 29.792597 12.999528 )
xyz8=( 0.007250 29.793630 12.999820 )
xyz8=( 0.007465 29.794660 13.000111 )
xyz8=( 0.007680 29.795687 13.000401 )
xyz8=( 0.007896 29.796712 13.000690 )
xyz8=( 0.008112 29.797734 13.000978 )
xyz8=( 0.008328 29.798753 13.001264 )
xyz8=( 0.008545 29.799770 13.001550 )
xyz8=( 0.008761 29.800784 13.001835 )
xyz8=( 0.008978 29.801795 13.002118 )
xyz8=( 0.009195 29.802805 13.002401 )
xyz8=( 0.009412 29.803811 13.002682 )
xyz8=( 0.009630 29.804815 13.002963 )
xyz8=( 0.009847 29.805817 13.003242 )
xyz8=( 0.010065 29.806816 13.003520 )
xyz8=( 0.010283 29.807812 13.003798 )
xyz8=( 0.010502 29.808807 13.004074 )
xyz8=( 0.010720 29.809798 13.004350 )
xyz8=( 0.010939 29.810788 13.004624 )
xyz8=( 0.011158 29.811775 13.004898 )
xyz8=( 0.011377 29.812759 13.005170 )
xyz8=( 0.011596 29.813742 13.005442 )
xyz8=( 0.011815 29.814722 13.005713 )
xyz8=( 0.012035 29.815699 13.005982 )
xyz8=( 0.012255 29.816675 13.006251 )
xyz8=( 0.012475 29.817648 13.006519 )
xyz8=( 0.012695 29.818619 13.006786 )
xyz8=( 0.012915 29.819587 13.007052 )
xyz8=( 0.013136 29.820553 13.007317 )
xyz8=( 0.013357 29.821518 13.007581 )
xyz8=( 0.013578 29.822480 13.007844 )
xyz8=( 0.013799 29.823439 13.008107 )
xyz8=( 0.014020 29.824397 13.008368 )
xyz8=( 0.014242 29.825352 13.008629 )
xyz8=( 0.014463 29.826306 13.008889 )
xyz8=( 0.014685 29.827257 13.009147 )
xyz8=( 0.014907 29.828206 13.009405 )
xyz8=( 0.015129 29.829153 13.009663 )
xyz8=( 0.015352 29.830098 13.009919 )
xyz8=( 0.015574 29.831040 13.010174 )
xyz8=( 0.015797 29.831981 13.010429 )
xyz8=( 0.016020 29.832920 13.010683 )
xyz8=( 0.016020 29.832920 13.010683 )
xyz8=( 0.016243 29.833857 13.010936 )
xyz8=( 0.016243 29.833857 13.010936 )
xyz8=( 0.016466 29.834791 13.011188 )
xyz8=( 0.016466 29.834791 13.011188 )
xyz8=( 0.016690 29.835724 13.011439 )
xyz8=( 0.016690 29.835724 13.011439 )
xyz8=( 0.016913 29.836654 13.011690 )
xyz8=( 0.016913 29.836654 13.011690 )
xyz8=( 0.017137 29.837583 13.011939 )
xyz8=( 0.017137 29.837583 13.011939 )
xyz8=( 0.017361 29.838510 13.012188 )
xyz8=( 0.017361 29.838510 13.012188 )
xyz8=( 0.017585 29.839435 13.012436 )
xyz8=( 0.017585 29.839435 13.012436 )
xyz8=( 0.017809 29.840357 13.012684 )
xyz8=( 0.017809 29.840357 13.012684 )
xyz8=( 0.018034 29.841278 13.012930 )
xyz8=( 0.018034 29.841278 13.012930 )
xyz8=( 0.018258 29.842197 13.013176 )
xyz8=( 0.018258 29.842197 13.013176 )
xyz8=( 0.018483 29.843114 13.013421 )
xyz8=( 0.018483 29.843114 13.013421 )
xyz8=( 0.018708 29.844030 13.013665 )
xyz8=( 0.018708 29.844030 13.013665 )
xyz8=( 0.018933 29.844943 13.013908 )
xyz8=( 0.018933 29.844943 13.013908 )
xyz8=( 0.019158 29.845854 13.014151 )
xyz8=( 0.019158 29.845854 13.014151 )
xyz8=( 0.019383 29.846764 13.014393 )
xyz8=( 0.019383 29.846764 13.014393 )
xyz8=( 0.019609 29.847672 13.014634 )
xyz8=( 0.019609 29.847672 13.014634 )
xyz8=( 0.019835 29.848577 13.014874 )
xyz8=( 0.019835 29.848577 13.014874 )
xyz8=( 0.020061 29.849481 13.015114 )
xyz8=( 0.020061 29.849481 13.015114 )
xyz8=( 0.020287 29.850384 13.015353 )
xyz8=( 0.020287 29.850384 13.015353 )
xyz8=( 0.020513 29.851284 13.015591 )
xyz8=( 0.020513 29.851284 13.015591 )
xyz8=( 0.020739 29.852183 13.015829 )
xyz8=( 0.020739 29.852183 13.015829 )
xyz8=( 0.020966 29.853080 13.016065 )
xyz8=( 0.020966 29.853080 13.016065 )
xyz8=( 0.021192 29.853975 13.016301 )
xyz8=( 0.021192 29.853975 13.016301 )
xyz8=( 0.021419 29.854868 13.016536 )
xyz8=( 0.021419 29.854868 13.016536 )
xyz8=( 0.021646 29.855760 13.016771 )
xyz8=( 0.021646 29.855760 13.016771 )
xyz8=( 0.021873 29.856650 13.017005 )
xyz8=( 0.021873 29.856650 13.017005 )
xyz8=( 0.022100 29.857538 13.017238 )
xyz8=( 0.022100 29.857538 13.017238 )
xyz8=( 0.022328 29.858424 13.017470 )
xyz8=( 0.022328 29.858424 13.017470 )
xyz8=( 0.022555 29.859309 13.017702 )
xyz8=( 0.022555 29.859309 13.017702 )
xyz8=( 0.022783 29.860192 13.017933 )
xyz8=( 0.022783 29.860192 13.017933 )
xyz8=( 0.023011 29.861073 13.018163 )
xyz8=( 0.023011 29.861073 13.018163 )
xyz8=( 0.023239 29.861953 13.018393 )
xyz8=( 0.023239 29.861953 13.018393 )
xyz8=( 0.023467 29.862831 13.018622 )
xyz8=( 0.023467 29.862831 13.018622 )
xyz8=( 0.023695 29.863707 13.018850 )
xyz8=( 0.023695 29.863707 13.018850 )
xyz8=( 0.023924 29.864581 13.019078 )
xyz8=( 0.023924 29.864581 13.019078 )
xyz8=( 0.024152 29.865454 13.019305 )
xyz8=( 0.024152 29.865454 13.019305 )
xyz8=( 0.024381 29.866326 13.019531 )
xyz8=( 0.024381 29.866326 13.019531 )
xyz8=( 0.024610 29.867196 13.019756 )
xyz8=( 0.024610 29.867196 13.019756 )
xyz8=( 0.024839 29.868064 13.019981 )
xyz8=( 0.024839 29.868064 13.019981 )
xyz8=( 0.025068 29.868930 13.020206 )
xyz8=( 0.025068 29.868930 13.020206 )
xyz8=( 0.025297 29.869795 13.020429 )
xyz8=( 0.025297 29.869795 13.020429 )
xyz8=( 0.025526 29.870658 13.020652 )
xyz8=( 0.025526 29.870658 13.020652 )
xyz8=( 0.025756 29.871520 13.020874 )
xyz8=( 0.025756 29.871520 13.020874 )
xyz8=( 0.025986 29.872380 13.021096 )
xyz8=( 0.025986 29.872380 13.021096 )
xyz8=( 0.026215 29.873239 13.021317 )
xyz8=( 0.026215 29.873239 13.021317 )
xyz8=( 0.026445 29.874096 13.021537 )
xyz8=( 0.026445 29.874096 13.021537 )
xyz8=( 0.026676 29.874952 13.021757 )
xyz8=( 0.026676 29.874952 13.021757 )
xyz8=( 0.026906 29.875805 13.021976 )
xyz8=( 0.026906 29.875805 13.021976 )
xyz8=( 0.027136 29.876658 13.022195 )
xyz8=( 0.027136 29.876658 13.022195 )
xyz8=( 0.027367 29.877509 13.022413 )
xyz8=( 0.027367 29.877509 13.022413 )
xyz8=( 0.027597 29.878358 13.022630 )
xyz8=( 0.027597 29.878358 13.022630 )
xyz8=( 0.027828 29.879206 13.022846 )
xyz8=( 0.027828 29.879206 13.022846 )
xyz8=( 0.028059 29.880053 13.023062 )
xyz8=( 0.028059 29.880053 13.023062 )
xyz8=( 0.028290 29.880897 13.023278 )
xyz8=( 0.028290 29.880897 13.023278 )
xyz8=( 0.028521 29.881741 13.023493 )
xyz8=( 0.028521 29.881741 13.023493 )
xyz8=( 0.028753 29.882583 13.023707 )
xyz8=( 0.028753 29.882583 13.023707 )
xyz8=( 0.028984 29.883423 13.023920 )
xyz8=( 0.028984 29.883423 13.023920 )
xyz8=( 0.029216 29.884262 13.024133 )
xyz8=( 0.029216 29.884262 13.024133 )
xyz8=( 0.029447 29.885100 13.024346 )
xyz8=( 0.029447 29.885100 13.024346 )
xyz8=( 0.029679 29.885936 13.024558 )
xyz8=( 0.029679 29.885936 13.024558 )
xyz8=( 0.029911 29.886771 13.024769 )
xyz8=( 0.029911 29.886771 13.024769 )
xyz8=( 0.030143 29.887604 13.024979 )
xyz8=( 0.030143 29.887604 13.024979 )
xyz8=( 0.030375 29.888436 13.025189 )
xyz8=( 0.030375 29.888436 13.025189 )
xyz8=( 0.030608 29.889266 13.025399 )
xyz8=( 0.030608 29.889266 13.025399 )
xyz8=( 0.030840 29.890095 13.025608 )
xyz8=( 0.030840 29.890095 13.025608 )
xyz8=( 0.031073 29.890923 13.025816 )
xyz8=( 0.031073 29.890923 13.025816 )
xyz8=( 0.031305 29.891749 13.026024 )
xyz8=( 0.031305 29.891749 13.026024 )
xyz8=( 0.031538 29.892574 13.026231 )
xyz8=( 0.031538 29.892574 13.026231 )
xyz8=( 0.031771 29.893398 13.026437 )
xyz8=( 0.031771 29.893398 13.026437 )
xyz8=( 0.032004 29.894220 13.026643 )
xyz8=( 0.032004 29.894220 13.026643 )
xyz8=( 0.032238 29.895040 13.026849 )
xyz8=( 0.032238 29.895040 13.026849 )
xyz8=( 0.032471 29.895860 13.027054 )
xyz8=( 0.032471 29.895860 13.027054 )
xyz8=( 0.032704 29.896678 13.027258 )
xyz8=( 0.032704 29.896678 13.027258 )
xyz8=( 0.032938 29.897494 13.027462 )
xyz8=( 0.032938 29.897494 13.027462 )
xyz8=( 0.033172 29.898310 13.027665 )
xyz8=( 0.033172 29.898310 13.027665 )
xyz8=( 0.033406 29.899124 13.027868 )
xyz8=( 0.033406 29.899124 13.027868 )
xyz8=( 0.033639 29.899936 13.028070 )
xyz8=( 0.033639 29.899936 13.028070 )
xyz8=( 0.033874 29.900748 13.028272 )
xyz8=( 0.033874 29.900748 13.028272 )
xyz8=( 0.034108 29.901558 13.028473 )
xyz8=( 0.034108 29.901558 13.028473 )
xyz8=( 0.034342 29.902366 13.028673 )
xyz8=( 0.034342 29.902366 13.028673 )
xyz8=( 0.034577 29.903174 13.028873 )
xyz8=( 0.034577 29.903174 13.028873 )
xyz8=( 0.034811 29.903980 13.029073 )
xyz8=( 0.034811 29.903980 13.029073 )
xyz8=( 0.035046 29.904785 13.029272 )
xyz8=( 0.035046 29.904785 13.029272 )
xyz8=( 0.035281 29.905588 13.029470 )
xyz8=( 0.035281 29.905588 13.029470 )
xyz8=( 0.035515 29.906391 13.029668 )
xyz8=( 0.035750 29.907192 13.029865 )
xyz8=( 0.035986 29.907991 13.030062 )
xyz8=( 0.036221 29.908790 13.030258 )
xyz8=( 0.036456 29.909587 13.030454 )
xyz8=( 0.036692 29.910383 13.030649 )
xyz8=( 0.036927 29.911178 13.030844 )
xyz8=( 0.037163 29.911971 13.031038 )
xyz8=( 0.037399 29.912764 13.031232 )
xyz8=( 0.037635 29.913555 13.031425 )
xyz8=( 0.037871 29.914345 13.031618 )
xyz8=( 0.038107 29.915133 13.031810 )
xyz8=( 0.038343 29.915921 13.032002 )
xyz8=( 0.038580 29.916707 13.032193 )
xyz8=( 0.038816 29.917492 13.032384 )
xyz8=( 0.039053 29.918276 13.032574 )
xyz8=( 0.039290 29.919058 13.032764 )
xyz8=( 0.039526 29.919840 13.032953 )
xyz8=( 0.039763 29.920620 13.033142 )
xyz8=( 0.040000 29.921399 13.033330 )
xyz8=( 0.040238 29.922177 13.033518 )
xyz8=( 0.040475 29.922954 13.033706 )
xyz8=( 0.040712 29.923729 13.033893 )
xyz8=( 0.040950 29.924504 13.034079 )
xyz8=( 0.041187 29.925277 13.034265 )
xyz8=( 0.041425 29.926049 13.034450 )
xyz8=( 0.041663 29.926821 13.034635 )
xyz8=( 0.041901 29.927590 13.034820 )
xyz8=( 0.042139 29.928359 13.035004 )
xyz8=( 0.042377 29.929127 13.035187 )
xyz8=( 0.042615 29.929893 13.035371 )
xyz8=( 0.042854 29.930659 13.035553 )
xyz8=( 0.043092 29.931423 13.035736 )
xyz8=( 0.043331 29.932187 13.035917 )
xyz8=( 0.043569 29.932949 13.036099 )
xyz8=( 0.043808 29.933710 13.036279 )
xyz8=( 0.044047 29.934470 13.036460 )
xyz8=( 0.044286 29.935229 13.036640 )
xyz8=( 0.044525 29.935986 13.036819 )
xyz8=( 0.044764 29.936743 13.036998 )
xyz8=( 0.045003 29.937499 13.037177 )
xyz8=( 0.045243 29.938253 13.037355 )
xyz8=( 0.045482 29.939007 13.037533 )
xyz8=( 0.045722 29.939759 13.037710 )
xyz8=( 0.045962 29.940511 13.037887 )
xyz8=( 0.046201 29.941261 13.038064 )
xyz8=( 0.046441 29.942010 13.038240 )
xyz8=( 0.046681 29.942759 13.038415 )
xyz8=( 0.046921 29.943506 13.038590 )
xyz8=( 0.047161 29.944252 13.038765 )
xyz8=( 0.047402 29.944997 13.038939 )
xyz8=( 0.047642 29.945742 13.039113 )
xyz8=( 0.047883 29.946485 13.039287 )
xyz8=( 0.048123 29.947227 13.039460 )
xyz8=( 0.048364 29.947968 13.039633 )
xyz8=( 0.048605 29.948708 13.039805 )
xyz8=( 0.048846 29.949447 13.039977 )
xyz8=( 0.049087 29.950185 13.040148 )
xyz8=( 0.049328 29.950922 13.040319 )
xyz8=( 0.049569 29.951659 13.040489 )
xyz8=( 0.049810 29.952394 13.040660 )
xyz8=( 0.050051 29.953128 13.040829 )
xyz8=( 0.050293 29.953861 13.040999 )
xyz8=( 0.050534 29.954593 13.041168 )
xyz8=( 0.050776 29.955325 13.041336 )
xyz8=( 0.051018 29.956055 13.041504 )
xyz8=( 0.051260 29.956784 13.041672 )
xyz8=( 0.051502 29.957512 13.041839 )
xyz8=( 0.051744 29.958240 13.042006 )
xyz8=( 0.051986 29.958966 13.042173 )
xyz8=( 0.052228 29.959692 13.042339 )
xyz8=( 0.052470 29.960416 13.042505 )
xyz8=( 0.052713 29.961140 13.042670 )
xyz8=( 0.052955 29.961863 13.042835 )
xyz8=( 0.053198 29.962584 13.043000 )
xyz8=( 0.053440 29.963305 13.043164 )
xyz8=( 0.053683 29.964025 13.043328 )
xyz8=( 0.053926 29.964744 13.043491 )
xyz8=( 0.054169 29.965462 13.043654 )
xyz8=( 0.054412 29.966179 13.043817 )
xyz8=( 0.054655 29.966895 13.043979 )
xyz8=( 0.054898 29.967610 13.044141 )
xyz8=( 0.055142 29.968325 13.044302 )
xyz8=( 0.055385 29.969038 13.044464 )
xyz8=( 0.055629 29.969751 13.044624 )
xyz8=( 0.055872 29.970462 13.044785 )
xyz8=( 0.056116 29.971173 13.044945 )
xyz8=( 0.056360 29.971883 13.045105 )
xyz8=( 0.056604 29.972592 13.045264 )
xyz8=( 0.056847 29.973300 13.045423 )
xyz8=( 0.057092 29.974007 13.045581 )
xyz8=( 0.057336 29.974714 13.045740 )
xyz8=( 0.057580 29.975419 13.045897 )
xyz8=( 0.057824 29.976124 13.046055 )
xyz8=( 0.058069 29.976828 13.046212 )
xyz8=( 0.058313 29.977530 13.046369 )
xyz8=( 0.058558 29.978232 13.046525 )
xyz8=( 0.058802 29.978934 13.046681 )
xyz8=( 0.059047 29.979634 13.046837 )
xyz8=( 0.059292 29.980333 13.046992 )
xyz8=( 0.059537 29.981032 13.047147 )
xyz8=( 0.059782 29.981730 13.047302 )
xyz8=( 0.060027 29.982426 13.047456 )
xyz8=( 0.060272 29.983122 13.047610 )
xyz8=( 0.060517 29.983818 13.047764 )
xyz8=( 0.060763 29.984512 13.047917 )
xyz8=( 0.061008 29.985206 13.048070 )
xyz8=( 0.061254 29.985898 13.048222 )
xyz8=( 0.061499 29.986590 13.048374 )
xyz8=( 0.061745 29.987281 13.048526 )
xyz8=( 0.061991 29.987971 13.048678 )
xyz8=( 0.062236 29.988661 13.048829 )
xyz8=( 0.062482 29.989349 13.048980 )
xyz8=( 0.062728 29.990037 13.049130 )
xyz8=( 0.062974 29.990724 13.049280 )
xyz8=( 0.063221 29.991410 13.049430 )
xyz8=( 0.063467 29.992096 13.049580 )
xyz8=( 0.063713 29.992780 13.049729 )
xyz8=( 0.063960 29.993464 13.049877 )
xyz8=( 0.064206 29.994147 13.050026 )
xyz8=( 0.064453 29.994829 13.050174 )
xyz8=( 0.064699 29.995510 13.050322 )
xyz8=( 0.064946 29.996191 13.050469 )
xyz8=( 0.065193 29.996871 13.050617 )
xyz8=( 0.065440 29.997550 13.050763 )
xyz8=( 0.065687 29.998228 13.050910 )
xyz8=( 0.065934 29.998906 13.051056 )
xyz8=( 0.066181 29.999582 13.051202 )
xyz8=( 0.066429 30.000258 13.051347 )
xyz8=( 0.066676 30.000933 13.051493 )
xyz8=( 0.066923 30.001608 13.051638 )
xyz8=( 0.067171 30.002281 13.051782 )
xyz8=( 0.067418 30.002954 13.051926 )
xyz8=( 0.067666 30.003626 13.052070 )
xyz8=( 0.067914 30.004297 13.052214 )
xyz8=( 0.068162 30.004968 13.052357 )
xyz8=( 0.068409 30.005638 13.052500 )
xyz8=( 0.068657 30.006307 13.052643 )
xyz8=( 0.068905 30.006975 13.052785 )
xyz8=( 0.069154 30.007643 13.052927 )
xyz8=( 0.069402 30.008310 13.053069 )
xyz8=( 0.069650 30.008976 13.053210 )
xyz8=( 0.069898 30.009641 13.053352 )
xyz8=( 0.070147 30.010305 13.053492 )
xyz8=( 0.070395 30.010969 13.053633 )
xyz8=( 0.070644 30.011632 13.053773 )
xyz8=( 0.070893 30.012295 13.053913 )
xyz8=( 0.071141 30.012957 13.054052 )
xyz8=( 0.071390 30.013617 13.054192 )
xyz8=( 0.071639 30.014278 13.054331 )
xyz8=( 0.071888 30.014937 13.054469 )
xyz8=( 0.072137 30.015596 13.054608 )
xyz8=( 0.072386 30.016254 13.054746 )
xyz8=( 0.072636 30.016911 13.054884 )
xyz8=( 0.072885 30.017568 13.055021 )
xyz8=( 0.073134 30.018224 13.055158 )
xyz8=( 0.073384 30.018879 13.055295 )
xyz8=( 0.073633 30.019534 13.055432 )
xyz8=( 0.073883 30.020188 13.055568 )
xyz8=( 0.074133 30.020841 13.055704 )
xyz8=( 0.074382 30.021493 13.055840 )
xyz8=( 0.074632 30.022145 13.055975 )
xyz8=( 0.074882 30.022796 13.056110 )
xyz8=( 0.075132 30.023446 13.056245 )
xyz8=( 0.075382 30.024096 13.056380 )
xyz8=( 0.075632 30.024745 13.056514 )
xyz8=( 0.075882 30.025393 13.056648 )
xyz8=( 0.076133 30.026040 13.056782 )
xyz8=( 0.076383 30.026687 13.056915 )
xyz8=( 0.076633 30.027334 13.057048 )
xyz8=( 0.076884 30.027979 13.057181 )
xyz8=( 0.077134 30.028624 13.057314 )
xyz8=( 0.077385 30.029268 13.057446 )
xyz8=( 0.077636 30.029912 13.057578 )
xyz8=( 0.077887 30.030555 13.057710 )
xyz8=( 0.078137 30.031197 13.057841 )
xyz8=( 0.078388 30.031838 13.057972 )
xyz8=( 0.078639 30.032479 13.058103 )
xyz8=( 0.078891 30.033119 13.058234 )
xyz8=( 0.079142 30.033759 13.058364 )
xyz8=( 0.079393 30.034398 13.058494 )
xyz8=( 0.079644 30.035036 13.058624 )
xyz8=( 0.079896 30.035673 13.058753 )
xyz8=( 0.080147 30.036310 13.058882 )
xyz8=( 0.080399 30.036946 13.059011 )
xyz8=( 0.080650 30.037582 13.059140 )
xyz8=( 0.080902 30.038217 13.059268 )
xyz8=( 0.081154 30.038851 13.059397 )
xyz8=( 0.081405 30.039485 13.059524 )
xyz8=( 0.081657 30.040118 13.059652 )
xyz8=( 0.081909 30.040750 13.059779 )
xyz8=( 0.082161 30.041382 13.059906 )
xyz8=( 0.082413 30.042013 13.060033 )
xyz8=( 0.082665 30.042644 13.060160 )
xyz8=( 0.082918 30.043273 13.060286 )
xyz8=( 0.083170 30.043903 13.060412 )
xyz8=( -0.017618 29.623524 12.947170 )
xyz8=( -0.017464 29.625349 12.947783 )
xyz8=( -0.017308 29.627158 12.948390 )
xyz8=( -0.017152 29.628953 12.948991 )
xyz8=( -0.016995 29.630733 12.949586 )
xyz8=( -0.016836 29.632499 12.950175 )
xyz8=( -0.016677 29.634251 12.950759 )
xyz8=( -0.016516 29.635990 12.951338 )
xyz8=( -0.016355 29.637716 12.951911 )
xyz8=( -0.016192 29.639428 12.952478 )
xyz8=( -0.016029 29.641129 12.953041 )
xyz8=( -0.015864 29.642817 12.953599 )
xyz8=( -0.015699 29.644492 12.954152 )
xyz8=( -0.015533 29.646157 12.954700 )
xyz8=( -0.015366 29.647809 12.955244 )
xyz8=( -0.015198 29.649451 12.955783 )
xyz8=( -0.015030 29.651081 12.956317 )
xyz8=( -0.014860 29.652701 12.956847 )
xyz8=( -0.014690 29.654309 12.957373 )
xyz8=( -0.014519 29.655908 12.957895 )
xyz8=( -0.014347 29.657496 12.958412 )
xyz8=( -0.014175 29.659075 12.958926 )
xyz8=( -0.014001 29.660643 12.959435 )
xyz8=( -0.013827 29.662202 12.959941 )
xyz8=( -0.013653 29.663752 12.960443 )
xyz8=( -0.013477 29.665292 12.960941 )
xyz8=( -0.013301 29.666823 12.961435 )
xyz8=( -0.013124 29.668345 12.961926 )
xyz8=( -0.012947 29.669859 12.962413 )
xyz8=( -0.012769 29.671363 12.962897 )
xyz8=( -0.012590 29.672860 12.963377 )
xyz8=( -0.012411 29.674348 12.963854 )
xyz8=( -0.012231 29.675827 12.964328 )
xyz8=( -0.012231 29.675827 12.964328 )
xyz8=( -0.012050 29.677299 12.964798 )
xyz8=( -0.012050 29.677299 12.964798 )
xyz8=( -0.011869 29.678763 12.965265 )
xyz8=( -0.011869 29.678763 12.965265 )
xyz8=( -0.011687 29.680219 12.965729 )
xyz8=( -0.011687 29.680219 12.965729 )
xyz8=( -0.011505 29.681667 12.966190 )
xyz8=( -0.011322 29.683108 12.966648 )
xyz8=( -0.011138 29.684541 12.967102 )
xyz8=( -0.010954 29.685967 12.967554 )
xyz8=( -0.010769 29.687386 12.968003 )
xyz8=( -0.010584 29.688798 12.968449 )
xyz8=( -0.010399 29.690203 12.968892 )
xyz8=( -0.010212 29.691600 12.969333 )
xyz8=( -0.010026 29.692991 12.969771 )
xyz8=( -0.009838 29.694376 12.970206 )
xyz8=( -0.009651 29.695754 12.970638 )
xyz8=( -0.009462 29.697125 12.971068 )
xyz8=( -0.009274 29.698490 12.971495 )
xyz8=( -0.009084 29.699849 12.971919 )
xyz8=( -0.008895 29.701201 12.972341 )
xyz8=( -0.008705 29.702547 12.972761 )
xyz8=( -0.008514 29.703888 12.973178 )
xyz8=( -0.008323 29.705222 12.973593 )
xyz8=( -0.008131 29.706550 12.974005 )
xyz8=( -0.007939 29.707873 12.974415 )
xyz8=( -0.007747 29.709190 12.974822 )
xyz8=( -0.007554 29.710501 12.975228 )
xyz8=( -0.007361 29.711806 12.975631 )
xyz8=( -0.007167 29.713107 12.976032 )
xyz8=( -0.006973 29.714401 12.976430 )
xyz8=( -0.006778 29.715691 12.976827 )
xyz8=( -0.006583 29.716975 12.977221 )
xyz8=( -0.006388 29.718253 12.977613 )
xyz8=( -0.006192 29.719527 12.978003 )
xyz8=( -0.005996 29.720795 12.978391 )
xyz8=( -0.005799 29.722059 12.978777 )
xyz8=( -0.005602 29.723317 12.979161 )
xyz8=( -0.005405 29.724571 12.979543 )
xyz8=( -0.005207 29.725819 12.979923 )
xyz8=( -0.005009 29.727063 12.980301 )
xyz8=( -0.004811 29.728302 12.980677 )
xyz8=( -0.004612 29.729537 12.981051 )
xyz8=( -0.004413 29.730767 12.981424 )
xyz8=( -0.004213 29.731992 12.981794 )
xyz8=( -0.004013 29.733212 12.982163 )
xyz8=( -0.003813 29.734429 12.982529 )
xyz8=( -0.003612 29.735640 12.982894 )
xyz8=( -0.003412 29.736847 12.983258 )
xyz8=( -0.003210 29.738050 12.983619 )
xyz8=( -0.003009 29.739249 12.983979 )
xyz8=( -0.002807 29.740444 12.984337 )
xyz8=( -0.002604 29.741634 12.984693 )
xyz8=( -0.002402 29.742820 12.985047 )
xyz8=( -0.002199 29.744002 12.985400 )
xyz8=( -0.001996 29.745180 12.985752 )
xyz8=( -0.001792 29.746353 12.986101 )
xyz8=( -0.001588 29.747523 12.986449 )
xyz8=( -0.001384 29.748689 12.986796 )
xyz8=( -0.001179 29.749851 12.987140 )
xyz8=( -0.000975 29.751009 12.987484 )
xyz8=( -0.000769 29.752164 12.987825 )
xyz8=( -0.000564 29.753314 12.988165 )
xyz8=( -0.000358 29.754461 12.988504 )
xyz8=( -0.000152 29.755604 12.988841 )
xyz8=( 0.000054 29.756743 12.989177 )
xyz8=( 0.000261 29.757879 12.989511 )
xyz8=( 0.000468 29.759011 12.989843 )
xyz8=( 0.000675 29.760140 12.990175 )
xyz8=( 0.000675 29.760140 12.990175 )
xyz8=( 0.000882 29.761265 12.990504 )
xyz8=( 0.000882 29.761265 12.990504 )
xyz8=( 0.001090 29.762386 12.990833 )
xyz8=( 0.001090 29.762386 12.990833 )
xyz8=( 0.001298 29.763504 12.991160 )
xyz8=( 0.001298 29.763504 12.991160 )
xyz8=( 0.001506 29.764619 12.991485 )
xyz8=( 0.001506 29.764619 12.991485 )
xyz8=( 0.001715 29.765730 12.991809 )
xyz8=( 0.001924 29.766838 12.992132 )
xyz8=( 0.002133 29.767942 12.992453 )
xyz8=( 0.002342 29.769043 12.992774 )
xyz8=( 0.002552 29.770141 12.993092 )
xyz8=( 0.002762 29.771236 12.993410 )
xyz8=( 0.002972 29.772327 12.993726 )
xyz8=( 0.003182 29.773415 12.994040 )
xyz8=( 0.003393 29.774500 12.994354 )
xyz8=( 0.003604 29.775582 12.994666 )
xyz8=( 0.003815 29.776661 12.994977 )
xyz8=( 0.004026 29.777736 12.995287 )
xyz8=( 0.004238 29.778809 12.995595 )
xyz8=( 0.004450 29.779878 12.995903 )
xyz8=( 0.004662 29.780945 12.996209 )
xyz8=( 0.004874 29.782009 12.996513 )
xyz8=( 0.005087 29.783069 12.996817 )
xyz8=( 0.005300 29.784127 12.997119 )
xyz8=( 0.005513 29.785182 12.997420 )
xyz8=( 0.005726 29.786233 12.997720 )
xyz8=( 0.005940 29.787282 12.998019 )
xyz8=( 0.006154 29.788329 12.998317 )
xyz8=( 0.006368 29.789372 12.998614 )
xyz8=( 0.006582 29.790413 12.998909 )
xyz8=( 0.006797 29.791450 12.999203 )
xyz8=( 0.007011 29.792485 12.999496 )
xyz8=( 0.007226 29.793518 12.999788 )
xyz8=( 0.007441 29.794547 13.000079 )
xyz8=( 0.007657 29.795574 13.000369 )
xyz8=( 0.007872 29.796599 13.000658 )
xyz8=( 0.008088 29.797620 13.000946 )
xyz8=( 0.008304 29.798639 13.001232 )
xyz8=( 0.008520 29.799656 13.001518 )
xyz8=( 0.008737 29.800670 13.001803 )
xyz8=( 0.008954 29.801681 13.002086 )
xyz8=( 0.009170 29.802690 13.002368 )
xyz8=( 0.009388 29.803696 13.002650 )
xyz8=( 0.009605 29.804700 13.002930 )
xyz8=( 0.009822 29.805701 13.003210 )
xyz8=( 0.010040 29.806700 13.003488 )
xyz8=( 0.010258 29.807696 13.003765 )
xyz8=( 0.010476 29.808690 13.004042 )
xyz8=( 0.010694 29.809681 13.004317 )
xyz8=( 0.010913 29.810671 13.004592 )
xyz8=( 0.011132 29.811657 13.004865 )
xyz8=( 0.011350 29.812642 13.005138 )
xyz8=( 0.011570 29.813624 13.005409 )
xyz8=( 0.011789 29.814603 13.005680 )
xyz8=( 0.012008 29.815581 13.005950 )
xyz8=( 0.012228 29.816556 13.006218 )
xyz8=( 0.012448 29.817529 13.006486 )
xyz8=( 0.012668 29.818499 13.006753 )
xyz8=( 0.012888 29.819468 13.007019 )
xyz8=( 0.013109 29.820434 13.007284 )
xyz8=( 0.013329 29.821397 13.007548 )
xyz8=( 0.013550 29.822359 13.007811 )
xyz8=( 0.013771 29.823319 13.008074 )
xyz8=( 0.013992 29.824276 13.008335 )
xyz8=( 0.014213 29.825231 13.008596 )
xyz8=( 0.014435 29.826184 13.008855 )
xyz8=( 0.014657 29.827135 13.009114 )
xyz8=( 0.014879 29.828084 13.009372 )
xyz8=( 0.015101 29.829031 13.009629 )
xyz8=( 0.015323 29.829975 13.009886 )
xyz8=( 0.015545 29.830918 13.010141 )
xyz8=( 0.015768 29.831858 13.010396 )
xyz8=( 0.015991 29.832797 13.010650 )
xyz8=( 0.015991 29.832797 13.010650 )
xyz8=( 0.016213 29.833733 13.010902 )
xyz8=( 0.016213 29.833733 13.010902 )
xyz8=( 0.016437 29.834668 13.011155 )
xyz8=( 0.016437 29.834668 13.011155 )
xyz8=( 0.016660 29.835600 13.011406 )
xyz8=( 0.016660 29.835600 13.011406 )
xyz8=( 0.016883 29.836530 13.011656 )
xyz8=( 0.016883 29.836530 13.011656 )
xyz8=( 0.017107 29.837459 13.011906 )
xyz8=( 0.017107 29.837459 13.011906 )
xyz8=( 0.017331 29.838385 13.012155 )
xyz8=( 0.017331 29.838385 13.012155 )
xyz8=( 0.017555 29.839310 13.012403 )
xyz8=( 0.017555 29.839310 13.012403 )
xyz8=( 0.017779 29.840232 13.012650 )
xyz8=( 0.017779 29.840232 13.012650 )
xyz8=( 0.018003 29.841153 13.012897 )
xyz8=( 0.018003 29.841153 13.012897 )
xyz8=( 0.018227 29.842072 13.013142 )
xyz8=( 0.018227 29.842072 13.013142 )
xyz8=( 0.018452 29.842989 13.013387 )
xyz8=( 0.018452 29.842989 13.013387 )
xyz8=( 0.018677 29.843904 13.013632 )
xyz8=( 0.018677 29.843904 13.013632 )
xyz8=( 0.018902 29.844817 13.013875 )
xyz8=( 0.018902 29.844817 13.013875 )
xyz8=( 0.019127 29.845728 13.014118 )
xyz8=( 0.019127 29.845728 13.014118 )
xyz8=( 0.019352 29.846637 13.014359 )
xyz8=( 0.019352 29.846637 13.014359 )
xyz8=( 0.019578 29.847545 13.014600 )
xyz8=( 0.019578 29.847545 13.014600 )
xyz8=( 0.019803 29.848451 13.014841 )
xyz8=( 0.019803 29.848451 13.014841 )
xyz8=( 0.020029 29.849354 13.015080 )
xyz8=( 0.020029 29.849354 13.015080 )
xyz8=( 0.020255 29.850256 13.015319 )
xyz8=( 0.020255 29.850256 13.015319 )
xyz8=( 0.020481 29.851157 13.015557 )
xyz8=( 0.020481 29.851157 13.015557 )
xyz8=( 0.020707 29.852055 13.015795 )
xyz8=( 0.020707 29.852055 13.015795 )
xyz8=( 0.020933 29.852952 13.016032 )
xyz8=( 0.020933 29.852952 13.016032 )
xyz8=( 0.021160 29.853847 13.016267 )
xyz8=( 0.021160 29.853847 13.016267 )
xyz8=( 0.021386 29.854740 13.016503 )
xyz8=( 0.021386 29.854740 13.016503 )
xyz8=( 0.021613 29.855631 13.016737 )
xyz8=( 0.021613 29.855631 13.016737 )
xyz8=( 0.021840 29.856521 13.016971 )
xyz8=( 0.021840 29.856521 13.016971 )
xyz8=( 0.022067 29.857409 13.017204 )
xyz8=( 0.022067 29.857409 13.017204 )
xyz8=( 0.022294 29.858295 13.017436 )
xyz8=( 0.022294 29.858295 13.017436 )
xyz8=( 0.022522 29.859179 13.017668 )
xyz8=( 0.022522 29.859179 13.017668 )
xyz8=( 0.022749 29.860062 13.017899 )
xyz8=( 0.022749 29.860062 13.017899 )
xyz8=( 0.022977 29.860943 13.018129 )
xyz8=( 0.022977 29.860943 13.018129 )
xyz8=( 0.023205 29.861823 13.018359 )
xyz8=( 0.023205 29.861823 13.018359 )
xyz8=( 0.023433 29.862700 13.018588 )
xyz8=( 0.023433 29.862700 13.018588 )
xyz8=( 0.023661 29.863577 13.018816 )
xyz8=( 0.023661 29.863577 13.018816 )
xyz8=( 0.023889 29.864451 13.019044 )
xyz8=( 0.023889 29.864451 13.019044 )
xyz8=( 0.024118 29.865324 13.019271 )
xyz8=( 0.024118 29.865324 13.019271 )
xyz8=( 0.024346 29.866195 13.019497 )
xyz8=( 0.024346 29.866195 13.019497 )
xyz8=( 0.024575 29.867065 13.019722 )
xyz8=( 0.024575 29.867065 13.019722 )
xyz8=( 0.024804 29.867932 13.019947 )
xyz8=( 0.024804 29.867932 13.019947 )
xyz8=( 0.025033 29.868799 13.020172 )
xyz8=( 0.025033 29.868799 13.020172 )
xyz8=( 0.025262 29.869664 13.020395 )
xyz8=( 0.025262 29.869664 13.020395 )
xyz8=( 0.025491 29.870527 13.020618 )
xyz8=( 0.025491 29.870527 13.020618 )
xyz8=( 0.025721 29.871388 13.020840 )
xyz8=( 0.025721 29.871388 13.020840 )
xyz8=( 0.025950 29.872248 13.021062 )
xyz8=( 0.025950 29.872248 13.021062 )
xyz8=( 0.026180 29.873107 13.021283 )
xyz8=( 0.026180 29.873107 13.021283 )
xyz8=( 0.026410 29.873964 13.021503 )
xyz8=( 0.026410 29.873964 13.021503 )
xyz8=( 0.026640 29.874819 13.021723 )
xyz8=( 0.026640 29.874819 13.021723 )
xyz8=( 0.026870 29.875673 13.021942 )
xyz8=( 0.026870 29.875673 13.021942 )
xyz8=( 0.027100 29.876525 13.022161 )
xyz8=( 0.027100 29.876525 13.022161 )
xyz8=( 0.027331 29.877376 13.022379 )
xyz8=( 0.027331 29.877376 13.022379 )
xyz8=( 0.027561 29.878225 13.022596 )
xyz8=( 0.027561 29.878225 13.022596 )
xyz8=( 0.027792 29.879073 13.022812 )
xyz8=( 0.027792 29.879073 13.022812 )
xyz8=( 0.028023 29.879919 13.023028 )
xyz8=( 0.028023 29.879919 13.023028 )
xyz8=( 0.028253 29.880764 13.023244 )
xyz8=( 0.028253 29.880764 13.023244 )
xyz8=( 0.028484 29.881607 13.023459 )
xyz8=( 0.028484 29.881607 13.023459 )
xyz8=( 0.028716 29.882449 13.023673 )
xyz8=( 0.028716 29.882449 13.023673 )
xyz8=( 0.028947 29.883289 13.023886 )
xyz8=( 0.028947 29.883289 13.023886 )
xyz8=( 0.029178 29.884128 13.024099 )
xyz8=( 0.029178 29.884128 13.024099 )
xyz8=( 0.029410 29.884965 13.024312 )
xyz8=( 0.029410 29.884965 13.024312 )
xyz8=( 0.029642 29.885801 13.024523 )
xyz8=( 0.029642 29.885801 13.024523 )
xyz8=( 0.029873 29.886636 13.024735 )
xyz8=( 0.029873 29.886636 13.024735 )
xyz8=( 0.030105 29.887469 13.024945 )
xyz8=( 0.030105 29.887469 13.024945 )
xyz8=( 0.030338 29.888301 13.025155 )
xyz8=( 0.030338 29.888301 13.025155 )
xyz8=( 0.030570 29.889131 13.025365 )
xyz8=( 0.030570 29.889131 13.025365 )
xyz8=( 0.030802 29.889960 13.025574 )
xyz8=( 0.030802 29.889960 13.025574 )
xyz8=( 0.031035 29.890787 13.025782 )
xyz8=( 0.031035 29.890787 13.025782 )
xyz8=( 0.031267 29.891613 13.025990 )
xyz8=( 0.031267 29.891613 13.025990 )
xyz8=( 0.031500 29.892438 13.026197 )
xyz8=( 0.031500 29.892438 13.026197 )
xyz8=( 0.031733 29.893261 13.026403 )
xyz8=( 0.031733 29.893261 13.026403 )
xyz8=( 0.031966 29.894083 13.026609 )
xyz8=( 0.031966 29.894083 13.026609 )
xyz8=( 0.032199 29.894904 13.026815 )
xyz8=( 0.032199 29.894904 13.026815 )
xyz8=( 0.032432 29.895723 13.027020 )
xyz8=( 0.032432 29.895723 13.027020 )
xyz8=( 0.032665 29.896541 13.027224 )
xyz8=( 0.032665 29.896541 13.027224 )
xyz8=( 0.032899 29.897358 13.027428 )
xyz8=( 0.032899 29.897358 13.027428 )
xyz8=( 0.033132 29.898173 13.027631 )
xyz8=( 0.033132 29.898173 13.027631 )
xyz8=( 0.033366 29.898987 13.027834 )
xyz8=( 0.033366 29.898987 13.027834 )
xyz8=( 0.033600 29.899799 13.028036 )
xyz8=( 0.033600 29.899799 13.028036 )
xyz8=( 0.033834 29.900610 13.028237 )
xyz8=( 0.033834 29.900610 13.028237 )
xyz8=( 0.034068 29.901420 13.028438 )
xyz8=( 0.034068 29.901420 13.028438 )
xyz8=( 0.034302 29.902229 13.028639 )
xyz8=( 0.034302 29.902229 13.028639 )
xyz8=( 0.034536 29.903036 13.028839 )
xyz8=( 0.034536 29.903036 13.028839 )
xyz8=( 0.034771 29.903842 13.029038 )
xyz8=( 0.034771 29.903842 13.029038 )
xyz8=( 0.035005 29.904647 13.029237 )
xyz8=( 0.035005 29.904647 13.029237 )
xyz8=( 0.035240 29.905450 13.029436 )
xyz8=( 0.035240 29.905450 13.029436 )
xyz8=( 0.035475 29.906252 13.029634 )
xyz8=( 0.035710 29.907053 13.029831 )
xyz8=( 0.035945 29.907853 13.030028 )
xyz8=( 0.036180 29.908651 13.030224 )
xyz8=( 0.036415 29.909448 13.030420 )
xyz8=( 0.036651 29.910244 13.030615 )
xyz8=( 0.036886 29.911039 13.030810 )
xyz8=( 0.037122 29.911832 13.031004 )
xyz8=( 0.037357 29.912624 13.031198 )
xyz8=( 0.037593 29.913415 13.031391 )
xyz8=( 0.037829 29.914205 13.031584 )
xyz8=( 0.038065 29.914993 13.031776 )
xyz8=( 0.038301 29.915781 13.031968 )
xyz8=( 0.038538 29.916567 13.032159 )
xyz8=( 0.038774 29.917352 13.032350 )
xyz8=( 0.039010 29.918135 13.032540 )
xyz8=( 0.039247 29.918918 13.032730 )
xyz8=( 0.039484 29.919699 13.032919 )
xyz8=( 0.039721 29.920479 13.033108 )
xyz8=( 0.039957 29.921258 13.033296 )
xyz8=( 0.040195 29.922036 13.033484 )
xyz8=( 0.040432 29.922813 13.033672 )
xyz8=( 0.040669 29.923588 13.033858 )
xyz8=( 0.040906 29.924363 13.034045 )
xyz8=( 0.041144 29.925136 13.034231 )
xyz8=( 0.041381 29.925908 13.034416 )
xyz8=( 0.041619 29.926679 13.034601 )
xyz8=( 0.041857 29.927449 13.034786 )
xyz8=( 0.042095 29.928217 13.034970 )
xyz8=( 0.042333 29.928985 13.035154 )
xyz8=( 0.042571 29.929751 13.035337 )
xyz8=( 0.042809 29.930517 13.035519 )
xyz8=( 0.043048 29.931281 13.035702 )
xyz8=( 0.043286 29.932044 13.035883 )
xyz8=( 0.043524 29.932806 13.036065 )
xyz8=( 0.043763 29.933567 13.036246 )
xyz8=( 0.044002 29.934327 13.036426 )
xyz8=( 0.044241 29.935086 13.036606 )
xyz8=( 0.044480 29.935843 13.036785 )
xyz8=( 0.044719 29.936600 13.036965 )
xyz8=( 0.044958 29.937355 13.037143 )
xyz8=( 0.045197 29.938110 13.037321 )
xyz8=( 0.045437 29.938863 13.037499 )
xyz8=( 0.045676 29.939616 13.037677 )
xyz8=( 0.045916 29.940367 13.037853 )
xyz8=( 0.046155 29.941117 13.038030 )
xyz8=( 0.046395 29.941866 13.038206 )
xyz8=( 0.046635 29.942615 13.038381 )
xyz8=( 0.046875 29.943362 13.038557 )
xyz8=( 0.047115 29.944108 13.038731 )
xyz8=( 0.047355 29.944853 13.038906 )
xyz8=( 0.047595 29.945597 13.039080 )
xyz8=( 0.047836 29.946340 13.039253 )
xyz8=( 0.048076 29.947082 13.039426 )
xyz8=( 0.048317 29.947823 13.039599 )
xyz8=( 0.048557 29.948563 13.039771 )
xyz8=( 0.048798 29.949302 13.039943 )
xyz8=( 0.049039 29.950040 13.040114 )
xyz8=( 0.049280 29.950777 13.040285 )
xyz8=( 0.049521 29.951513 13.040456 )
xyz8=( 0.049762 29.952248 13.040626 )
xyz8=( 0.050004 29.952982 13.040796 )
xyz8=( 0.050245 29.953715 13.040965 )
xyz8=( 0.050486 29.954448 13.041134 )
xyz8=( 0.050728 29.955179 13.041303 )
xyz8=( 0.050969 29.955909 13.041471 )
xyz8=( 0.051211 29.956638 13.041638 )
xyz8=( 0.051453 29.957366 13.041806 )
xyz8=( 0.051695 29.958094 13.041973 )
xyz8=( 0.051937 29.958820 13.042139 )
xyz8=( 0.052179 29.959545 13.042305 )
xyz8=( 0.052421 29.960270 13.042471 )
xyz8=( 0.052664 29.960993 13.042637 )
xyz8=( 0.052906 29.961716 13.042802 )
xyz8=( 0.053148 29.962438 13.042966 )
xyz8=( 0.053391 29.963158 13.043130 )
xyz8=( 0.053634 29.963878 13.043294 )
xyz8=( 0.053876 29.964597 13.043458 )
xyz8=( 0.054119 29.965315 13.043621 )
xyz8=( 0.054362 29.966032 13.043783 )
xyz8=( 0.054605 29.966748 13.043946 )
xyz8=( 0.054848 29.967463 13.044108 )
xyz8=( 0.055091 29.968177 13.044269 )
xyz8=( 0.055335 29.968891 13.044430 )
xyz8=( 0.055578 29.969603 13.044591 )
xyz8=( 0.055822 29.970315 13.044752 )
xyz8=( 0.056065 29.971025 13.044912 )
xyz8=( 0.056309 29.971735 13.045071 )
xyz8=( 0.056553 29.972444 13.045231 )
xyz8=( 0.056796 29.973152 13.045390 )
xyz8=( 0.057040 29.973859 13.045548 )
xyz8=( 0.057284 29.974566 13.045706 )
xyz8=( 0.057528 29.975271 13.045864 )
xyz8=( 0.057773 29.975975 13.046022 )
xyz8=( 0.058017 29.976679 13.046179 )
xyz8=( 0.058261 29.977382 13.046336 )
xyz8=( 0.058506 29.978084 13.046492 )
xyz8=( 0.058750 29.978785 13.046648 )
xyz8=( 0.058995 29.979485 13.046804 )
xyz8=( 0.059240 29.980184 13.046959 )
xyz8=( 0.059484 29.980883 13.047114 )
xyz8=( 0.059729 29.981580 13.047269 )
xyz8=( 0.059974 29.982277 13.047423 )
xyz8=( 0.060219 29.982973 13.047577 )
xyz8=( 0.060465 29.983668 13.047731 )
xyz8=( 0.060710 29.984363 13.047884 )
xyz8=( 0.060955 29.985056 13.048037 )
xyz8=( 0.061200 29.985749 13.048189 )
xyz8=( 0.061446 29.986441 13.048341 )
xyz8=( 0.061692 29.987131 13.048493 )
xyz8=( 0.061937 29.987822 13.048645 )
xyz8=( 0.062183 29.988511 13.048796 )
xyz8=( 0.062429 29.989199 13.048947 )
xyz8=( 0.062675 29.989887 13.049097 )
xyz8=( 0.062921 29.990574 13.049247 )
xyz8=( 0.063167 29.991260 13.049397 )
xyz8=( 0.063413 29.991945 13.049547 )
xyz8=( 0.063659 29.992630 13.049696 )
xyz8=( 0.063905 29.993314 13.049845 )
xyz8=( 0.064152 29.993997 13.049993 )
xyz8=( 0.064398 29.994679 13.050141 )
xyz8=( 0.064645 29.995360 13.050289 )
xyz8=( 0.064892 29.996040 13.050437 )
xyz8=( 0.065138 29.996720 13.050584 )
xyz8=( 0.065385 29.997399 13.050731 )
xyz8=( 0.065632 29.998077 13.050877 )
xyz8=( 0.065879 29.998755 13.051023 )
xyz8=( 0.066126 29.999431 13.051169 )
xyz8=( 0.066373 30.000107 13.051315 )
xyz8=( 0.066620 30.000782 13.051460 )
xyz8=( 0.066868 30.001456 13.051605 )
xyz8=( 0.067115 30.002130 13.051750 )
xyz8=( 0.067363 30.002803 13.051894 )
xyz8=( 0.067610 30.003475 13.052038 )
xyz8=( 0.067858 30.004146 13.052181 )
xyz8=( 0.068106 30.004816 13.052325 )
xyz8=( 0.068353 30.005486 13.052468 )
xyz8=( 0.068601 30.006155 13.052610 )
xyz8=( 0.068849 30.006823 13.052753 )
xyz8=( 0.069097 30.007491 13.052895 )
xyz8=( 0.069345 30.008158 13.053037 )
xyz8=( 0.069593 30.008824 13.053178 )
xyz8=( 0.069842 30.009489 13.053319 )
xyz8=( 0.070090 30.010153 13.053460 )
xyz8=( 0.070338 30.010817 13.053601 )
xyz8=( 0.070587 30.011480 13.053741 )
xyz8=( 0.070836 30.012143 13.053881 )
xyz8=( 0.071084 30.012804 13.054020 )
xyz8=( 0.071333 30.013465 13.054160 )
xyz8=( 0.071582 30.014125 13.054299 )
xyz8=( 0.071831 30.014785 13.054437 )
xyz8=( 0.072080 30.015443 13.054576 )
xyz8=( 0.072329 30.016101 13.054714 )
xyz8=( 0.072578 30.016759 13.054852 )
xyz8=( 0.072827 30.017415 13.054989 )
xyz8=( 0.073076 30.018071 13.055126 )
xyz8=( 0.073325 30.018726 13.055263 )
xyz8=( 0.073575 30.019381 13.055400 )
xyz8=( 0.073824 30.020034 13.055536 )
xyz8=( 0.074074 30.020688 13.055672 )
xyz8=( 0.074324 30.021340 13.055808 )
xyz8=( 0.074573 30.021992 13.055943 )
xyz8=( 0.074823 30.022643 13.056079 )
xyz8=( 0.075073 30.023293 13.056213 )
xyz8=( 0.075323 30.023942 13.056348 )
xyz8=( 0.075573 30.024591 13.056482 )
xyz8=( 0.075823 30.025239 13.056616 )
xyz8=( 0.076073 30.025887 13.056750 )
xyz8=( 0.076324 30.026534 13.056883 )
xyz8=( 0.076574 30.027180 13.057017 )
xyz8=( 0.076824 30.027825 13.057149 )
xyz8=( 0.077075 30.028470 13.057282 )
xyz8=( 0.077325 30.029114 13.057414 )
xyz8=( 0.077576 30.029758 13.057546 )
xyz8=( 0.077827 30.030401 13.057678 )
xyz8=( 0.078077 30.031043 13.057810 )
xyz8=( 0.078328 30.031684 13.057941 )
xyz8=( 0.078579 30.032325 13.058072 )
xyz8=( 0.078830 30.032965 13.058202 )
xyz8=( 0.079081 30.033605 13.058333 )
xyz8=( 0.079332 30.034243 13.058463 )
xyz8=( 0.079583 30.034881 13.058592 )
xyz8=( 0.079835 30.035519 13.058722 )
xyz8=( 0.080086 30.036156 13.058851 )
xyz8=( 0.080337 30.036792 13.058980 )
xyz8=( 0.080589 30.037428 13.059109 )
xyz8=( 0.080841 30.038062 13.059237 )
xyz8=( 0.081092 30.038697 13.059365 )
xyz8=( 0.081344 30.039330 13.059493 )
xyz8=( 0.081596 30.039963 13.059621 )
xyz8=( 0.081847 30.040596 13.059748 )
xyz8=( 0.082099 30.041227 13.059875 )
xyz8=( 0.082351 30.041858 13.060002 )
xyz8=( 0.082603 30.042489 13.060129 )
xyz8=( 0.082856 30.043119 13.060255 )
xyz8=( 0.083108 30.043748 13.060381 )
