d_16_12=2.312820572323 eijMax=3.635E-03 rmsd=7.884E-01 s=[ 0 0 0 0 1 1 0 1 0 1 1 0 0 1 1 0 1 0 ]
d_16_12=2.314840774343 eijMax=3.635E-03 rmsd=7.518E-01 s=[ 0 0 0 0 1 1 0 1 0 1 1 0 0 1 1 0 1 0 ]
d_16_12=2.316860976364 eijMax=3.635E-03 rmsd=7.183E-01 s=[ 0 0 0 0 1 1 0 1 0 1 1 0 0 1 1 0 1 0 ]
d_16_12=2.318881178384 eijMax=3.635E-03 rmsd=6.874E-01 s=[ 0 0 0 0 1 1 0 1 0 1 1 0 0 1 1 0 1 0 ]
d_16_12=2.320901380404 eijMax=5.907E-04 rmsd=6.592E-01 s=[ 0 0 0 0 1 1 0 1 0 1 1 0 0 0 1 0 1 0 ]
d_16_12=2.322921582424 eijMax=1.159E-03 rmsd=6.296E-01 s=[ 0 0 0 0 1 1 0 1 0 1 1 0 0 0 1 0 1 0 ]
d_16_12=2.324941784444 eijMax=1.728E-03 rmsd=6.017E-01 s=[ 0 0 0 0 1 1 0 1 0 1 1 0 0 0 1 0 1 0 ]
d_16_12=2.326961986465 eijMax=2.292E-03 rmsd=5.754E-01 s=[ 0 0 0 0 1 1 0 1 0 1 1 0 0 0 1 0 1 0 ]
d_16_12=2.328982188485 eijMax=2.847E-03 rmsd=5.506E-01 s=[ 0 0 0 0 1 1 0 1 0 1 1 0 0 0 1 0 1 0 ]
d_16_12=2.331002390505 eijMax=3.390E-03 rmsd=5.272E-01 s=[ 0 0 0 0 1 1 0 1 0 1 1 0 0 0 1 0 1 0 ]
d_16_12=2.333022592525 eijMax=3.921E-03 rmsd=5.051E-01 s=[ 0 0 0 0 1 1 0 1 0 1 1 0 0 0 1 0 1 0 ]
d_16_12=2.333022592525 eijMax=1.783E-03 rmsd=3.372E-01 s=[ 0 0 0 0 1 1 0 1 0 1 1 0 1 1 1 0 1 0 ]
d_16_12=2.335042794545 eijMax=1.665E-03 rmsd=3.058E-01 s=[ 0 0 0 0 1 1 0 1 0 1 1 0 1 1 1 0 1 0 ]
d_16_12=2.337062996566 eijMax=1.535E-03 rmsd=2.753E-01 s=[ 0 0 0 0 1 1 0 1 0 1 1 0 1 1 1 0 1 0 ]
d_16_12=2.339083198586 eijMax=1.397E-03 rmsd=2.454E-01 s=[ 0 0 0 0 1 1 0 1 0 1 1 0 1 1 1 0 1 0 ]
d_16_12=2.341103400606 eijMax=1.251E-03 rmsd=2.163E-01 s=[ 0 0 0 0 1 1 0 1 0 1 1 0 1 1 1 0 1 0 ]
d_16_12=2.343123602626 eijMax=1.100E-03 rmsd=1.877E-01 s=[ 0 0 0 0 1 1 0 1 0 1 1 0 1 1 1 0 1 0 ]
d_16_12=2.345143804646 eijMax=9.463E-04 rmsd=1.597E-01 s=[ 0 0 0 0 1 1 0 1 0 1 1 0 1 1 1 0 1 0 ]
d_16_12=2.347164006667 eijMax=3.635E-03 rmsd=1.872E-01 s=[ 0 0 0 0 1 1 0 1 0 1 1 0 1 0 1 0 1 0 ]
d_16_12=2.347164006667 eijMax=7.900E-04 rmsd=1.322E-01 s=[ 0 0 0 0 1 1 0 1 0 1 1 0 1 1 1 0 1 0 ]
d_16_12=2.349184208687 eijMax=3.635E-03 rmsd=1.638E-01 s=[ 0 0 0 0 1 1 0 1 0 1 1 0 1 0 1 0 1 0 ]
d_16_12=2.349184208687 eijMax=6.327E-04 rmsd=1.052E-01 s=[ 0 0 0 0 1 1 0 1 0 1 1 0 1 1 1 0 1 0 ]
d_16_12=2.351204410707 eijMax=3.635E-03 rmsd=1.422E-01 s=[ 0 0 0 0 1 1 0 1 0 1 1 0 1 0 1 0 1 0 ]
d_16_12=2.351204410707 eijMax=4.751E-04 rmsd=7.862E-02 s=[ 0 0 0 0 1 1 0 1 0 1 1 0 1 1 1 0 1 0 ]
d_16_12=2.353224612727 eijMax=3.635E-03 rmsd=1.231E-01 s=[ 0 0 0 0 1 1 0 1 0 1 1 0 1 0 1 0 1 0 ]
d_16_12=2.353224612727 eijMax=3.181E-04 rmsd=5.247E-02 s=[ 0 0 0 0 1 1 0 1 0 1 1 0 1 1 1 0 1 0 ]
d_16_12=2.355244814747 eijMax=3.635E-03 rmsd=1.074E-01 s=[ 0 0 0 0 1 1 0 1 0 1 1 0 1 0 1 0 1 0 ]
d_16_12=2.355244814747 eijMax=1.622E-04 rmsd=2.672E-02 s=[ 0 0 0 0 1 1 0 1 0 1 1 0 1 1 1 0 1 0 ]
d_16_12=2.357265016768 eijMax=3.635E-03 rmsd=9.651E-02 s=[ 0 0 0 0 1 1 0 1 0 1 1 0 1 0 1 0 1 0 ]
d_16_12=2.357265016768 eijMax=8.232E-06 rmsd=1.349E-03 s=[ 0 0 0 0 1 1 0 1 0 1 1 0 1 1 1 0 1 0 ]
d_16_12=2.359285218788 eijMax=3.635E-03 rmsd=9.184E-02 s=[ 0 0 0 0 1 1 0 1 0 1 1 0 1 0 1 0 1 0 ]
d_16_12=2.359285218788 eijMax=1.439E-04 rmsd=2.370E-02 s=[ 0 0 0 0 1 1 0 1 0 1 1 0 1 1 1 0 1 0 ]
d_16_12=2.361305420808 eijMax=3.635E-03 rmsd=9.400E-02 s=[ 0 0 0 0 1 1 0 1 0 1 1 0 1 0 1 0 1 0 ]
d_16_12=2.361305420808 eijMax=2.935E-04 rmsd=4.841E-02 s=[ 0 0 0 0 1 1 0 1 0 1 1 0 1 1 1 0 1 0 ]
d_16_12=2.363325622828 eijMax=3.635E-03 rmsd=1.023E-01 s=[ 0 0 0 0 1 1 0 1 0 1 1 0 1 0 1 0 1 0 ]
d_16_12=2.363325622828 eijMax=4.401E-04 rmsd=7.281E-02 s=[ 0 0 0 0 1 1 0 1 0 1 1 0 1 1 1 0 1 0 ]
d_16_12=2.365345824848 eijMax=3.635E-03 rmsd=1.153E-01 s=[ 0 0 0 0 1 1 0 1 0 1 1 0 1 0 1 0 1 0 ]
d_16_12=2.367366026869 eijMax=3.635E-03 rmsd=1.315E-01 s=[ 0 0 0 0 1 1 0 1 0 1 1 0 1 0 1 0 1 0 ]
d_16_12=2.369386228889 eijMax=3.635E-03 rmsd=1.496E-01 s=[ 0 0 0 0 1 1 0 1 0 1 1 0 1 0 1 0 1 0 ]
d_16_12=2.371406430909 eijMax=3.635E-03 rmsd=1.689E-01 s=[ 0 0 0 0 1 1 0 1 0 1 1 0 1 0 1 0 1 0 ]
d_16_12=2.373426632929 eijMax=3.635E-03 rmsd=1.891E-01 s=[ 0 0 0 0 1 1 0 1 0 1 1 0 1 0 1 0 1 0 ]
d_16_12=2.375446834949 eijMax=3.635E-03 rmsd=2.097E-01 s=[ 0 0 0 0 1 1 0 1 0 1 1 0 1 0 1 0 1 0 ]
d_16_12=2.377467036970 eijMax=3.635E-03 rmsd=2.307E-01 s=[ 0 0 0 0 1 1 0 1 0 1 1 0 1 0 1 0 1 0 ]
d_16_12=2.379487238990 eijMax=3.635E-03 rmsd=2.518E-01 s=[ 0 0 0 0 1 1 0 1 0 1 1 0 1 0 1 0 1 0 ]
d_16_12=2.381507441010 eijMax=3.635E-03 rmsd=2.729E-01 s=[ 0 0 0 0 1 1 0 1 0 1 1 0 1 0 1 0 1 0 ]
d_16_12=2.383527643030 eijMax=3.635E-03 rmsd=2.942E-01 s=[ 0 0 0 0 1 1 0 1 0 1 1 0 1 0 1 0 1 0 ]
d_16_12=2.385547845051 eijMax=3.635E-03 rmsd=3.154E-01 s=[ 0 0 0 0 1 1 0 1 0 1 1 0 1 0 1 0 1 0 ]
d_16_12=2.387568047071 eijMax=3.635E-03 rmsd=3.366E-01 s=[ 0 0 0 0 1 1 0 1 0 1 1 0 1 0 1 0 1 0 ]
d_16_12=2.389588249091 eijMax=3.635E-03 rmsd=3.577E-01 s=[ 0 0 0 0 1 1 0 1 0 1 1 0 1 0 1 0 1 0 ]
d_16_12=2.391608451111 eijMax=3.635E-03 rmsd=3.787E-01 s=[ 0 0 0 0 1 1 0 1 0 1 1 0 1 0 1 0 1 0 ]
d_16_12=2.393628653131 eijMax=3.635E-03 rmsd=3.997E-01 s=[ 0 0 0 0 1 1 0 1 0 1 1 0 1 0 1 0 1 0 ]
d_16_12=2.395648855152 eijMax=3.635E-03 rmsd=4.206E-01 s=[ 0 0 0 0 1 1 0 1 0 1 1 0 1 0 1 0 1 0 ]
d_16_12=2.397669057172 eijMax=3.635E-03 rmsd=4.414E-01 s=[ 0 0 0 0 1 1 0 1 0 1 1 0 1 0 1 0 1 0 ]
d_16_12=2.399689259192 eijMax=3.635E-03 rmsd=4.621E-01 s=[ 0 0 0 0 1 1 0 1 0 1 1 0 1 0 1 0 1 0 ]
d_16_12=2.401709461212 eijMax=3.635E-03 rmsd=4.828E-01 s=[ 0 0 0 0 1 1 0 1 0 1 1 0 1 0 1 0 1 0 ]
d_16_12=2.312820572323 eijMax=3.635E-03 rmsd=7.885E-01 s=[ 0 0 0 0 1 1 0 1 1 1 1 0 0 1 1 0 1 0 ]
d_16_12=2.314840774343 eijMax=3.635E-03 rmsd=7.518E-01 s=[ 0 0 0 0 1 1 0 1 1 1 1 0 0 1 1 0 1 0 ]
d_16_12=2.316860976364 eijMax=3.635E-03 rmsd=7.183E-01 s=[ 0 0 0 0 1 1 0 1 1 1 1 0 0 1 1 0 1 0 ]
d_16_12=2.318881178384 eijMax=3.635E-03 rmsd=6.874E-01 s=[ 0 0 0 0 1 1 0 1 1 1 1 0 0 1 1 0 1 0 ]
d_16_12=2.320901380404 eijMax=5.932E-04 rmsd=6.592E-01 s=[ 0 0 0 0 1 1 0 1 1 1 1 0 0 0 1 0 1 0 ]
d_16_12=2.322921582424 eijMax=1.162E-03 rmsd=6.296E-01 s=[ 0 0 0 0 1 1 0 1 1 1 1 0 0 0 1 0 1 0 ]
d_16_12=2.324941784444 eijMax=1.732E-03 rmsd=6.016E-01 s=[ 0 0 0 0 1 1 0 1 1 1 1 0 0 0 1 0 1 0 ]
d_16_12=2.326961986465 eijMax=2.296E-03 rmsd=5.753E-01 s=[ 0 0 0 0 1 1 0 1 1 1 1 0 0 0 1 0 1 0 ]
d_16_12=2.328982188485 eijMax=2.851E-03 rmsd=5.505E-01 s=[ 0 0 0 0 1 1 0 1 1 1 1 0 0 0 1 0 1 0 ]
d_16_12=2.331002390505 eijMax=3.395E-03 rmsd=5.271E-01 s=[ 0 0 0 0 1 1 0 1 1 1 1 0 0 0 1 0 1 0 ]
d_16_12=2.333022592525 eijMax=3.926E-03 rmsd=5.050E-01 s=[ 0 0 0 0 1 1 0 1 1 1 1 0 0 0 1 0 1 0 ]
d_16_12=2.333022592525 eijMax=1.782E-03 rmsd=3.370E-01 s=[ 0 0 0 0 1 1 0 1 1 1 1 0 1 1 1 0 1 0 ]
d_16_12=2.335042794545 eijMax=1.664E-03 rmsd=3.056E-01 s=[ 0 0 0 0 1 1 0 1 1 1 1 0 1 1 1 0 1 0 ]
d_16_12=2.337062996566 eijMax=1.534E-03 rmsd=2.751E-01 s=[ 0 0 0 0 1 1 0 1 1 1 1 0 1 1 1 0 1 0 ]
d_16_12=2.339083198586 eijMax=1.395E-03 rmsd=2.452E-01 s=[ 0 0 0 0 1 1 0 1 1 1 1 0 1 1 1 0 1 0 ]
d_16_12=2.341103400606 eijMax=1.249E-03 rmsd=2.160E-01 s=[ 0 0 0 0 1 1 0 1 1 1 1 0 1 1 1 0 1 0 ]
d_16_12=2.343123602626 eijMax=1.098E-03 rmsd=1.875E-01 s=[ 0 0 0 0 1 1 0 1 1 1 1 0 1 1 1 0 1 0 ]
d_16_12=2.345143804646 eijMax=9.443E-04 rmsd=1.594E-01 s=[ 0 0 0 0 1 1 0 1 1 1 1 0 1 1 1 0 1 0 ]
d_16_12=2.347164006667 eijMax=3.635E-03 rmsd=1.870E-01 s=[ 0 0 0 0 1 1 0 1 1 1 1 0 1 0 1 0 1 0 ]
d_16_12=2.347164006667 eijMax=7.880E-04 rmsd=1.319E-01 s=[ 0 0 0 0 1 1 0 1 1 1 1 0 1 1 1 0 1 0 ]
d_16_12=2.349184208687 eijMax=3.635E-03 rmsd=1.636E-01 s=[ 0 0 0 0 1 1 0 1 1 1 1 0 1 0 1 0 1 0 ]
d_16_12=2.349184208687 eijMax=6.305E-04 rmsd=1.049E-01 s=[ 0 0 0 0 1 1 0 1 1 1 1 0 1 1 1 0 1 0 ]
d_16_12=2.351204410707 eijMax=3.635E-03 rmsd=1.420E-01 s=[ 0 0 0 0 1 1 0 1 1 1 1 0 1 0 1 0 1 0 ]
d_16_12=2.351204410707 eijMax=4.729E-04 rmsd=7.835E-02 s=[ 0 0 0 0 1 1 0 1 1 1 1 0 1 1 1 0 1 0 ]
d_16_12=2.353224612727 eijMax=3.635E-03 rmsd=1.229E-01 s=[ 0 0 0 0 1 1 0 1 1 1 1 0 1 0 1 0 1 0 ]
d_16_12=2.353224612727 eijMax=3.158E-04 rmsd=5.220E-02 s=[ 0 0 0 0 1 1 0 1 1 1 1 0 1 1 1 0 1 0 ]
d_16_12=2.355244814747 eijMax=3.635E-03 rmsd=1.072E-01 s=[ 0 0 0 0 1 1 0 1 1 1 1 0 1 0 1 0 1 0 ]
d_16_12=2.355244814747 eijMax=1.599E-04 rmsd=2.644E-02 s=[ 0 0 0 0 1 1 0 1 1 1 1 0 1 1 1 0 1 0 ]
d_16_12=2.357265016768 eijMax=3.635E-03 rmsd=9.641E-02 s=[ 0 0 0 0 1 1 0 1 1 1 1 0 1 0 1 0 1 0 ]
d_16_12=2.357265016768 eijMax=8.172E-06 rmsd=1.057E-03 s=[ 0 0 0 0 1 1 0 1 1 1 1 0 1 1 1 0 1 0 ]
d_16_12=2.359285218788 eijMax=3.635E-03 rmsd=9.181E-02 s=[ 0 0 0 0 1 1 0 1 1 1 1 0 1 0 1 0 1 0 ]
d_16_12=2.359285218788 eijMax=1.464E-04 rmsd=2.400E-02 s=[ 0 0 0 0 1 1 0 1 1 1 1 0 1 1 1 0 1 0 ]
d_16_12=2.361305420808 eijMax=3.635E-03 rmsd=9.406E-02 s=[ 0 0 0 0 1 1 0 1 1 1 1 0 1 0 1 0 1 0 ]
d_16_12=2.361305420808 eijMax=2.959E-04 rmsd=4.871E-02 s=[ 0 0 0 0 1 1 0 1 1 1 1 0 1 1 1 0 1 0 ]
d_16_12=2.363325622828 eijMax=3.635E-03 rmsd=1.025E-01 s=[ 0 0 0 0 1 1 0 1 1 1 1 0 1 0 1 0 1 0 ]
d_16_12=2.363325622828 eijMax=4.426E-04 rmsd=7.312E-02 s=[ 0 0 0 0 1 1 0 1 1 1 1 0 1 1 1 0 1 0 ]
d_16_12=2.365345824848 eijMax=3.635E-03 rmsd=1.155E-01 s=[ 0 0 0 0 1 1 0 1 1 1 1 0 1 0 1 0 1 0 ]
d_16_12=2.367366026869 eijMax=3.635E-03 rmsd=1.317E-01 s=[ 0 0 0 0 1 1 0 1 1 1 1 0 1 0 1 0 1 0 ]
d_16_12=2.369386228889 eijMax=3.635E-03 rmsd=1.498E-01 s=[ 0 0 0 0 1 1 0 1 1 1 1 0 1 0 1 0 1 0 ]
d_16_12=2.371406430909 eijMax=3.635E-03 rmsd=1.692E-01 s=[ 0 0 0 0 1 1 0 1 1 1 1 0 1 0 1 0 1 0 ]
d_16_12=2.373426632929 eijMax=3.635E-03 rmsd=1.894E-01 s=[ 0 0 0 0 1 1 0 1 1 1 1 0 1 0 1 0 1 0 ]
d_16_12=2.375446834949 eijMax=3.635E-03 rmsd=2.100E-01 s=[ 0 0 0 0 1 1 0 1 1 1 1 0 1 0 1 0 1 0 ]
d_16_12=2.377467036970 eijMax=3.635E-03 rmsd=2.310E-01 s=[ 0 0 0 0 1 1 0 1 1 1 1 0 1 0 1 0 1 0 ]
d_16_12=2.379487238990 eijMax=3.635E-03 rmsd=2.521E-01 s=[ 0 0 0 0 1 1 0 1 1 1 1 0 1 0 1 0 1 0 ]
d_16_12=2.381507441010 eijMax=3.635E-03 rmsd=2.733E-01 s=[ 0 0 0 0 1 1 0 1 1 1 1 0 1 0 1 0 1 0 ]
d_16_12=2.383527643030 eijMax=3.635E-03 rmsd=2.945E-01 s=[ 0 0 0 0 1 1 0 1 1 1 1 0 1 0 1 0 1 0 ]
d_16_12=2.385547845051 eijMax=3.635E-03 rmsd=3.157E-01 s=[ 0 0 0 0 1 1 0 1 1 1 1 0 1 0 1 0 1 0 ]
d_16_12=2.387568047071 eijMax=3.635E-03 rmsd=3.369E-01 s=[ 0 0 0 0 1 1 0 1 1 1 1 0 1 0 1 0 1 0 ]
d_16_12=2.389588249091 eijMax=3.635E-03 rmsd=3.580E-01 s=[ 0 0 0 0 1 1 0 1 1 1 1 0 1 0 1 0 1 0 ]
d_16_12=2.391608451111 eijMax=3.635E-03 rmsd=3.791E-01 s=[ 0 0 0 0 1 1 0 1 1 1 1 0 1 0 1 0 1 0 ]
d_16_12=2.393628653131 eijMax=3.635E-03 rmsd=4.001E-01 s=[ 0 0 0 0 1 1 0 1 1 1 1 0 1 0 1 0 1 0 ]
d_16_12=2.395648855152 eijMax=3.635E-03 rmsd=4.210E-01 s=[ 0 0 0 0 1 1 0 1 1 1 1 0 1 0 1 0 1 0 ]
d_16_12=2.397669057172 eijMax=3.635E-03 rmsd=4.418E-01 s=[ 0 0 0 0 1 1 0 1 1 1 1 0 1 0 1 0 1 0 ]
d_16_12=2.399689259192 eijMax=3.635E-03 rmsd=4.625E-01 s=[ 0 0 0 0 1 1 0 1 1 1 1 0 1 0 1 0 1 0 ]
d_16_12=2.401709461212 eijMax=3.635E-03 rmsd=4.832E-01 s=[ 0 0 0 0 1 1 0 1 1 1 1 0 1 0 1 0 1 0 ]
d_16_12=2.312820572323 eijMax=3.635E-03 rmsd=7.885E-01 s=[ 0 0 0 1 0 0 1 0 0 0 0 1 1 0 0 1 0 0 ]
d_16_12=2.314840774343 eijMax=3.635E-03 rmsd=7.518E-01 s=[ 0 0 0 1 0 0 1 0 0 0 0 1 1 0 0 1 0 0 ]
d_16_12=2.316860976364 eijMax=3.635E-03 rmsd=7.183E-01 s=[ 0 0 0 1 0 0 1 0 0 0 0 1 1 0 0 1 0 0 ]
d_16_12=2.318881178384 eijMax=3.635E-03 rmsd=6.874E-01 s=[ 0 0 0 1 0 0 1 0 0 0 0 1 1 0 0 1 0 0 ]
d_16_12=2.320901380404 eijMax=5.932E-04 rmsd=6.592E-01 s=[ 0 0 0 1 0 0 1 0 0 0 0 1 1 1 0 1 0 0 ]
d_16_12=2.322921582424 eijMax=1.162E-03 rmsd=6.296E-01 s=[ 0 0 0 1 0 0 1 0 0 0 0 1 1 1 0 1 0 0 ]
d_16_12=2.324941784444 eijMax=1.732E-03 rmsd=6.016E-01 s=[ 0 0 0 1 0 0 1 0 0 0 0 1 1 1 0 1 0 0 ]
d_16_12=2.326961986465 eijMax=2.296E-03 rmsd=5.753E-01 s=[ 0 0 0 1 0 0 1 0 0 0 0 1 1 1 0 1 0 0 ]
d_16_12=2.328982188485 eijMax=2.851E-03 rmsd=5.505E-01 s=[ 0 0 0 1 0 0 1 0 0 0 0 1 1 1 0 1 0 0 ]
d_16_12=2.331002390505 eijMax=3.395E-03 rmsd=5.271E-01 s=[ 0 0 0 1 0 0 1 0 0 0 0 1 1 1 0 1 0 0 ]
d_16_12=2.333022592525 eijMax=1.782E-03 rmsd=3.370E-01 s=[ 0 0 0 1 0 0 1 0 0 0 0 1 0 0 0 1 0 0 ]
d_16_12=2.333022592525 eijMax=3.926E-03 rmsd=5.050E-01 s=[ 0 0 0 1 0 0 1 0 0 0 0 1 1 1 0 1 0 0 ]
d_16_12=2.335042794545 eijMax=1.664E-03 rmsd=3.056E-01 s=[ 0 0 0 1 0 0 1 0 0 0 0 1 0 0 0 1 0 0 ]
d_16_12=2.337062996566 eijMax=1.534E-03 rmsd=2.751E-01 s=[ 0 0 0 1 0 0 1 0 0 0 0 1 0 0 0 1 0 0 ]
d_16_12=2.339083198586 eijMax=1.395E-03 rmsd=2.452E-01 s=[ 0 0 0 1 0 0 1 0 0 0 0 1 0 0 0 1 0 0 ]
d_16_12=2.341103400606 eijMax=1.249E-03 rmsd=2.160E-01 s=[ 0 0 0 1 0 0 1 0 0 0 0 1 0 0 0 1 0 0 ]
d_16_12=2.343123602626 eijMax=1.098E-03 rmsd=1.875E-01 s=[ 0 0 0 1 0 0 1 0 0 0 0 1 0 0 0 1 0 0 ]
d_16_12=2.345143804646 eijMax=9.443E-04 rmsd=1.594E-01 s=[ 0 0 0 1 0 0 1 0 0 0 0 1 0 0 0 1 0 0 ]
d_16_12=2.347164006667 eijMax=7.880E-04 rmsd=1.319E-01 s=[ 0 0 0 1 0 0 1 0 0 0 0 1 0 0 0 1 0 0 ]
d_16_12=2.347164006667 eijMax=3.635E-03 rmsd=1.870E-01 s=[ 0 0 0 1 0 0 1 0 0 0 0 1 0 1 0 1 0 0 ]
d_16_12=2.349184208687 eijMax=6.305E-04 rmsd=1.049E-01 s=[ 0 0 0 1 0 0 1 0 0 0 0 1 0 0 0 1 0 0 ]
d_16_12=2.349184208687 eijMax=3.635E-03 rmsd=1.636E-01 s=[ 0 0 0 1 0 0 1 0 0 0 0 1 0 1 0 1 0 0 ]
d_16_12=2.351204410707 eijMax=4.729E-04 rmsd=7.835E-02 s=[ 0 0 0 1 0 0 1 0 0 0 0 1 0 0 0 1 0 0 ]
d_16_12=2.351204410707 eijMax=3.635E-03 rmsd=1.420E-01 s=[ 0 0 0 1 0 0 1 0 0 0 0 1 0 1 0 1 0 0 ]
d_16_12=2.353224612727 eijMax=3.158E-04 rmsd=5.220E-02 s=[ 0 0 0 1 0 0 1 0 0 0 0 1 0 0 0 1 0 0 ]
d_16_12=2.353224612727 eijMax=3.635E-03 rmsd=1.229E-01 s=[ 0 0 0 1 0 0 1 0 0 0 0 1 0 1 0 1 0 0 ]
d_16_12=2.355244814747 eijMax=1.599E-04 rmsd=2.644E-02 s=[ 0 0 0 1 0 0 1 0 0 0 0 1 0 0 0 1 0 0 ]
d_16_12=2.355244814747 eijMax=3.635E-03 rmsd=1.072E-01 s=[ 0 0 0 1 0 0 1 0 0 0 0 1 0 1 0 1 0 0 ]
d_16_12=2.357265016768 eijMax=8.172E-06 rmsd=1.057E-03 s=[ 0 0 0 1 0 0 1 0 0 0 0 1 0 0 0 1 0 0 ]
d_16_12=2.357265016768 eijMax=3.635E-03 rmsd=9.641E-02 s=[ 0 0 0 1 0 0 1 0 0 0 0 1 0 1 0 1 0 0 ]
d_16_12=2.359285218788 eijMax=1.464E-04 rmsd=2.400E-02 s=[ 0 0 0 1 0 0 1 0 0 0 0 1 0 0 0 1 0 0 ]
d_16_12=2.359285218788 eijMax=3.635E-03 rmsd=9.181E-02 s=[ 0 0 0 1 0 0 1 0 0 0 0 1 0 1 0 1 0 0 ]
d_16_12=2.361305420808 eijMax=2.959E-04 rmsd=4.871E-02 s=[ 0 0 0 1 0 0 1 0 0 0 0 1 0 0 0 1 0 0 ]
d_16_12=2.361305420808 eijMax=3.635E-03 rmsd=9.406E-02 s=[ 0 0 0 1 0 0 1 0 0 0 0 1 0 1 0 1 0 0 ]
d_16_12=2.363325622828 eijMax=4.426E-04 rmsd=7.312E-02 s=[ 0 0 0 1 0 0 1 0 0 0 0 1 0 0 0 1 0 0 ]
d_16_12=2.363325622828 eijMax=3.635E-03 rmsd=1.025E-01 s=[ 0 0 0 1 0 0 1 0 0 0 0 1 0 1 0 1 0 0 ]
d_16_12=2.365345824848 eijMax=3.635E-03 rmsd=1.155E-01 s=[ 0 0 0 1 0 0 1 0 0 0 0 1 0 1 0 1 0 0 ]
d_16_12=2.367366026869 eijMax=3.635E-03 rmsd=1.317E-01 s=[ 0 0 0 1 0 0 1 0 0 0 0 1 0 1 0 1 0 0 ]
d_16_12=2.369386228889 eijMax=3.635E-03 rmsd=1.498E-01 s=[ 0 0 0 1 0 0 1 0 0 0 0 1 0 1 0 1 0 0 ]
d_16_12=2.371406430909 eijMax=3.635E-03 rmsd=1.692E-01 s=[ 0 0 0 1 0 0 1 0 0 0 0 1 0 1 0 1 0 0 ]
d_16_12=2.373426632929 eijMax=3.635E-03 rmsd=1.894E-01 s=[ 0 0 0 1 0 0 1 0 0 0 0 1 0 1 0 1 0 0 ]
d_16_12=2.375446834949 eijMax=3.635E-03 rmsd=2.100E-01 s=[ 0 0 0 1 0 0 1 0 0 0 0 1 0 1 0 1 0 0 ]
d_16_12=2.377467036970 eijMax=3.635E-03 rmsd=2.310E-01 s=[ 0 0 0 1 0 0 1 0 0 0 0 1 0 1 0 1 0 0 ]
d_16_12=2.379487238990 eijMax=3.635E-03 rmsd=2.521E-01 s=[ 0 0 0 1 0 0 1 0 0 0 0 1 0 1 0 1 0 0 ]
d_16_12=2.381507441010 eijMax=3.635E-03 rmsd=2.733E-01 s=[ 0 0 0 1 0 0 1 0 0 0 0 1 0 1 0 1 0 0 ]
d_16_12=2.383527643030 eijMax=3.635E-03 rmsd=2.945E-01 s=[ 0 0 0 1 0 0 1 0 0 0 0 1 0 1 0 1 0 0 ]
d_16_12=2.385547845051 eijMax=3.635E-03 rmsd=3.157E-01 s=[ 0 0 0 1 0 0 1 0 0 0 0 1 0 1 0 1 0 0 ]
d_16_12=2.387568047071 eijMax=3.635E-03 rmsd=3.369E-01 s=[ 0 0 0 1 0 0 1 0 0 0 0 1 0 1 0 1 0 0 ]
d_16_12=2.389588249091 eijMax=3.635E-03 rmsd=3.580E-01 s=[ 0 0 0 1 0 0 1 0 0 0 0 1 0 1 0 1 0 0 ]
d_16_12=2.391608451111 eijMax=3.635E-03 rmsd=3.791E-01 s=[ 0 0 0 1 0 0 1 0 0 0 0 1 0 1 0 1 0 0 ]
d_16_12=2.393628653131 eijMax=3.635E-03 rmsd=4.001E-01 s=[ 0 0 0 1 0 0 1 0 0 0 0 1 0 1 0 1 0 0 ]
d_16_12=2.395648855152 eijMax=3.635E-03 rmsd=4.210E-01 s=[ 0 0 0 1 0 0 1 0 0 0 0 1 0 1 0 1 0 0 ]
d_16_12=2.397669057172 eijMax=3.635E-03 rmsd=4.418E-01 s=[ 0 0 0 1 0 0 1 0 0 0 0 1 0 1 0 1 0 0 ]
d_16_12=2.399689259192 eijMax=3.635E-03 rmsd=4.625E-01 s=[ 0 0 0 1 0 0 1 0 0 0 0 1 0 1 0 1 0 0 ]
d_16_12=2.401709461212 eijMax=3.635E-03 rmsd=4.832E-01 s=[ 0 0 0 1 0 0 1 0 0 0 0 1 0 1 0 1 0 0 ]
d_16_12=2.312820572323 eijMax=3.635E-03 rmsd=7.884E-01 s=[ 0 0 0 1 0 0 1 0 1 0 0 1 1 0 0 1 0 0 ]
d_16_12=2.314840774343 eijMax=3.635E-03 rmsd=7.518E-01 s=[ 0 0 0 1 0 0 1 0 1 0 0 1 1 0 0 1 0 0 ]
d_16_12=2.316860976364 eijMax=3.635E-03 rmsd=7.183E-01 s=[ 0 0 0 1 0 0 1 0 1 0 0 1 1 0 0 1 0 0 ]
d_16_12=2.318881178384 eijMax=3.635E-03 rmsd=6.874E-01 s=[ 0 0 0 1 0 0 1 0 1 0 0 1 1 0 0 1 0 0 ]
d_16_12=2.320901380404 eijMax=5.907E-04 rmsd=6.592E-01 s=[ 0 0 0 1 0 0 1 0 1 0 0 1 1 1 0 1 0 0 ]
d_16_12=2.322921582424 eijMax=1.159E-03 rmsd=6.296E-01 s=[ 0 0 0 1 0 0 1 0 1 0 0 1 1 1 0 1 0 0 ]
d_16_12=2.324941784444 eijMax=1.728E-03 rmsd=6.017E-01 s=[ 0 0 0 1 0 0 1 0 1 0 0 1 1 1 0 1 0 0 ]
d_16_12=2.326961986465 eijMax=2.292E-03 rmsd=5.754E-01 s=[ 0 0 0 1 0 0 1 0 1 0 0 1 1 1 0 1 0 0 ]
d_16_12=2.328982188485 eijMax=2.847E-03 rmsd=5.506E-01 s=[ 0 0 0 1 0 0 1 0 1 0 0 1 1 1 0 1 0 0 ]
d_16_12=2.331002390505 eijMax=3.390E-03 rmsd=5.272E-01 s=[ 0 0 0 1 0 0 1 0 1 0 0 1 1 1 0 1 0 0 ]
d_16_12=2.333022592525 eijMax=1.783E-03 rmsd=3.372E-01 s=[ 0 0 0 1 0 0 1 0 1 0 0 1 0 0 0 1 0 0 ]
d_16_12=2.333022592525 eijMax=3.921E-03 rmsd=5.051E-01 s=[ 0 0 0 1 0 0 1 0 1 0 0 1 1 1 0 1 0 0 ]
d_16_12=2.335042794545 eijMax=1.665E-03 rmsd=3.058E-01 s=[ 0 0 0 1 0 0 1 0 1 0 0 1 0 0 0 1 0 0 ]
d_16_12=2.337062996566 eijMax=1.535E-03 rmsd=2.753E-01 s=[ 0 0 0 1 0 0 1 0 1 0 0 1 0 0 0 1 0 0 ]
d_16_12=2.339083198586 eijMax=1.397E-03 rmsd=2.454E-01 s=[ 0 0 0 1 0 0 1 0 1 0 0 1 0 0 0 1 0 0 ]
d_16_12=2.341103400606 eijMax=1.251E-03 rmsd=2.163E-01 s=[ 0 0 0 1 0 0 1 0 1 0 0 1 0 0 0 1 0 0 ]
d_16_12=2.343123602626 eijMax=1.100E-03 rmsd=1.877E-01 s=[ 0 0 0 1 0 0 1 0 1 0 0 1 0 0 0 1 0 0 ]
d_16_12=2.345143804646 eijMax=9.463E-04 rmsd=1.597E-01 s=[ 0 0 0 1 0 0 1 0 1 0 0 1 0 0 0 1 0 0 ]
d_16_12=2.347164006667 eijMax=7.900E-04 rmsd=1.322E-01 s=[ 0 0 0 1 0 0 1 0 1 0 0 1 0 0 0 1 0 0 ]
d_16_12=2.347164006667 eijMax=3.635E-03 rmsd=1.872E-01 s=[ 0 0 0 1 0 0 1 0 1 0 0 1 0 1 0 1 0 0 ]
d_16_12=2.349184208687 eijMax=6.327E-04 rmsd=1.052E-01 s=[ 0 0 0 1 0 0 1 0 1 0 0 1 0 0 0 1 0 0 ]
d_16_12=2.349184208687 eijMax=3.635E-03 rmsd=1.638E-01 s=[ 0 0 0 1 0 0 1 0 1 0 0 1 0 1 0 1 0 0 ]
d_16_12=2.351204410707 eijMax=4.751E-04 rmsd=7.862E-02 s=[ 0 0 0 1 0 0 1 0 1 0 0 1 0 0 0 1 0 0 ]
d_16_12=2.351204410707 eijMax=3.635E-03 rmsd=1.422E-01 s=[ 0 0 0 1 0 0 1 0 1 0 0 1 0 1 0 1 0 0 ]
d_16_12=2.353224612727 eijMax=3.181E-04 rmsd=5.247E-02 s=[ 0 0 0 1 0 0 1 0 1 0 0 1 0 0 0 1 0 0 ]
d_16_12=2.353224612727 eijMax=3.635E-03 rmsd=1.231E-01 s=[ 0 0 0 1 0 0 1 0 1 0 0 1 0 1 0 1 0 0 ]
d_16_12=2.355244814747 eijMax=1.622E-04 rmsd=2.672E-02 s=[ 0 0 0 1 0 0 1 0 1 0 0 1 0 0 0 1 0 0 ]
d_16_12=2.355244814747 eijMax=3.635E-03 rmsd=1.074E-01 s=[ 0 0 0 1 0 0 1 0 1 0 0 1 0 1 0 1 0 0 ]
d_16_12=2.357265016768 eijMax=8.232E-06 rmsd=1.349E-03 s=[ 0 0 0 1 0 0 1 0 1 0 0 1 0 0 0 1 0 0 ]
d_16_12=2.357265016768 eijMax=3.635E-03 rmsd=9.651E-02 s=[ 0 0 0 1 0 0 1 0 1 0 0 1 0 1 0 1 0 0 ]
d_16_12=2.359285218788 eijMax=1.439E-04 rmsd=2.370E-02 s=[ 0 0 0 1 0 0 1 0 1 0 0 1 0 0 0 1 0 0 ]
d_16_12=2.359285218788 eijMax=3.635E-03 rmsd=9.184E-02 s=[ 0 0 0 1 0 0 1 0 1 0 0 1 0 1 0 1 0 0 ]
d_16_12=2.361305420808 eijMax=2.935E-04 rmsd=4.841E-02 s=[ 0 0 0 1 0 0 1 0 1 0 0 1 0 0 0 1 0 0 ]
d_16_12=2.361305420808 eijMax=3.635E-03 rmsd=9.400E-02 s=[ 0 0 0 1 0 0 1 0 1 0 0 1 0 1 0 1 0 0 ]
d_16_12=2.363325622828 eijMax=4.401E-04 rmsd=7.281E-02 s=[ 0 0 0 1 0 0 1 0 1 0 0 1 0 0 0 1 0 0 ]
d_16_12=2.363325622828 eijMax=3.635E-03 rmsd=1.023E-01 s=[ 0 0 0 1 0 0 1 0 1 0 0 1 0 1 0 1 0 0 ]
d_16_12=2.365345824848 eijMax=3.635E-03 rmsd=1.153E-01 s=[ 0 0 0 1 0 0 1 0 1 0 0 1 0 1 0 1 0 0 ]
d_16_12=2.367366026869 eijMax=3.635E-03 rmsd=1.315E-01 s=[ 0 0 0 1 0 0 1 0 1 0 0 1 0 1 0 1 0 0 ]
d_16_12=2.369386228889 eijMax=3.635E-03 rmsd=1.496E-01 s=[ 0 0 0 1 0 0 1 0 1 0 0 1 0 1 0 1 0 0 ]
d_16_12=2.371406430909 eijMax=3.635E-03 rmsd=1.689E-01 s=[ 0 0 0 1 0 0 1 0 1 0 0 1 0 1 0 1 0 0 ]
d_16_12=2.373426632929 eijMax=3.635E-03 rmsd=1.891E-01 s=[ 0 0 0 1 0 0 1 0 1 0 0 1 0 1 0 1 0 0 ]
d_16_12=2.375446834949 eijMax=3.635E-03 rmsd=2.097E-01 s=[ 0 0 0 1 0 0 1 0 1 0 0 1 0 1 0 1 0 0 ]
d_16_12=2.377467036970 eijMax=3.635E-03 rmsd=2.307E-01 s=[ 0 0 0 1 0 0 1 0 1 0 0 1 0 1 0 1 0 0 ]
d_16_12=2.379487238990 eijMax=3.635E-03 rmsd=2.518E-01 s=[ 0 0 0 1 0 0 1 0 1 0 0 1 0 1 0 1 0 0 ]
d_16_12=2.381507441010 eijMax=3.635E-03 rmsd=2.729E-01 s=[ 0 0 0 1 0 0 1 0 1 0 0 1 0 1 0 1 0 0 ]
d_16_12=2.383527643030 eijMax=3.635E-03 rmsd=2.942E-01 s=[ 0 0 0 1 0 0 1 0 1 0 0 1 0 1 0 1 0 0 ]
d_16_12=2.385547845051 eijMax=3.635E-03 rmsd=3.154E-01 s=[ 0 0 0 1 0 0 1 0 1 0 0 1 0 1 0 1 0 0 ]
d_16_12=2.387568047071 eijMax=3.635E-03 rmsd=3.366E-01 s=[ 0 0 0 1 0 0 1 0 1 0 0 1 0 1 0 1 0 0 ]
d_16_12=2.389588249091 eijMax=3.635E-03 rmsd=3.577E-01 s=[ 0 0 0 1 0 0 1 0 1 0 0 1 0 1 0 1 0 0 ]
d_16_12=2.391608451111 eijMax=3.635E-03 rmsd=3.787E-01 s=[ 0 0 0 1 0 0 1 0 1 0 0 1 0 1 0 1 0 0 ]
d_16_12=2.393628653131 eijMax=3.635E-03 rmsd=3.997E-01 s=[ 0 0 0 1 0 0 1 0 1 0 0 1 0 1 0 1 0 0 ]
d_16_12=2.395648855152 eijMax=3.635E-03 rmsd=4.206E-01 s=[ 0 0 0 1 0 0 1 0 1 0 0 1 0 1 0 1 0 0 ]
d_16_12=2.397669057172 eijMax=3.635E-03 rmsd=4.414E-01 s=[ 0 0 0 1 0 0 1 0 1 0 0 1 0 1 0 1 0 0 ]
d_16_12=2.399689259192 eijMax=3.635E-03 rmsd=4.621E-01 s=[ 0 0 0 1 0 0 1 0 1 0 0 1 0 1 0 1 0 0 ]
d_16_12=2.401709461212 eijMax=3.635E-03 rmsd=4.828E-01 s=[ 0 0 0 1 0 0 1 0 1 0 0 1 0 1 0 1 0 0 ]
num ..... 100
nnodes .. 18
nedges .. 64
nsols ... 220
tsecs ... 3.569447
