order:    [ 5 1 2 4 7 3 0 10 11 15 14 13 17 16 9 6 8 12 ]
atoms:    [ CA CA C N H HA N CA C C CA N HA H N C HA H ]
residues: [ 1 0 0 1 1 0 0 2 2 3 3 3 3 3 2 1 1 2 ]

We use a different pair of symbles to represent the bits values which are associated with the HA and H of the discretized distance, and another one to represent the bits of other hydrogens.
For the HA and H from the discretized distance:
	"+" means 0
	"-" means 1
For any other hydrogens:
	">" means 0
	"<" means 1

d_7_3=2.909359559860 s=[ 0 0 0 0 + + 1 1 1 0 1 0 < > 1 1 < > ]

d_7_3=2.909559760060 s=[ 0 0 0 0 + + 1 1 1 0 1 0 < > 1 1 < > ]

d_7_3=2.909759960260 s=[ 0 0 0 0 + + 1 1 1 0 1 0 < > 1 1 < > ]

d_7_3=2.909960160460 s=[ 0 0 0 0 + + 1 1 1 0 1 0 < > 1 1 < > ]

d_7_3=2.910160360661 s=[ 0 0 0 0 + + 1 1 1 0 1 0 < > 1 1 < > ]

d_7_3=2.910360560861 s=[ 0 0 0 0 + + 1 1 1 0 1 0 < > 1 1 < > ]

d_7_3=2.910560761061 s=[ 0 0 0 0 + + 1 1 1 0 1 0 < > 1 1 < > ]

d_7_3=2.910760961261 s=[ 0 0 0 0 + + 1 1 1 0 1 0 < > 1 1 < > ]

d_7_3=2.910961161461 s=[ 0 0 0 0 + + 1 1 1 0 1 0 < > 1 1 < > ]

d_7_3=2.911161361662 s=[ 0 0 0 0 + + 1 1 1 0 1 0 < > 1 1 < > ]

d_7_3=2.911361561862 s=[ 0 0 0 0 + + 1 1 1 0 1 0 < > 1 1 < > ]

d_7_3=2.911561762062 s=[ 0 0 0 0 + + 1 1 1 0 1 0 < > 1 1 < > ]

d_7_3=2.911761962262 s=[ 0 0 0 0 + + 1 1 1 0 1 0 < > 1 1 < > ]

d_7_3=2.911962162462 s=[ 0 0 0 0 + + 1 1 1 0 1 0 < > 1 1 < > ]

d_7_3=2.912162362663 s=[ 0 0 0 0 + + 1 1 1 0 1 0 < > 1 1 < > ]

d_7_3=2.912362562863 s=[ 0 0 0 0 + + 1 1 1 0 1 0 < > 1 1 < > ]

d_7_3=2.912562763063 s=[ 0 0 0 0 + + 1 1 1 0 1 0 < > 1 1 < > ]

d_7_3=2.912762963263 s=[ 0 0 0 0 + + 1 1 1 0 1 0 < > 1 1 < > ]

d_7_3=2.912963163463 s=[ 0 0 0 0 + + 1 1 1 0 1 0 < > 1 1 < > ]

d_7_3=2.913163363664 s=[ 0 0 0 0 + + 1 1 1 0 1 0 < > 1 1 < > ]

d_7_3=2.913363563864 s=[ 0 0 0 0 + + 1 1 1 0 1 0 < > 1 1 < > ]

d_7_3=2.913563764064 s=[ 0 0 0 0 + + 1 1 1 0 1 0 < > 1 1 < > ]

d_7_3=2.913763964264 s=[ 0 0 0 0 + + 1 1 1 0 1 0 < > 1 1 < > ]

d_7_3=2.913964164464 s=[ 0 0 0 0 + + 1 1 1 0 1 0 < > 1 1 < > ]

d_7_3=2.914164364665 s=[ 0 0 0 0 + + 1 1 1 0 1 0 < > 1 1 < > ]

d_7_3=2.914164364665 s=[ 0 0 0 0 + - 0 0 0 1 0 1 > > 0 0 > > ]

d_7_3=2.914364564865 s=[ 0 0 0 0 + + 1 1 1 0 1 0 < > 1 1 < > ]

d_7_3=2.914364564865 s=[ 0 0 0 0 + - 0 0 0 1 0 1 > > 0 0 > > ]

d_7_3=2.914564765065 s=[ 0 0 0 0 + + 1 1 1 0 1 0 < > 1 1 < > ]

d_7_3=2.914564765065 s=[ 0 0 0 0 + - 0 0 0 1 0 1 > > 0 0 > > ]

d_7_3=2.914764965265 s=[ 0 0 0 0 + + 1 1 1 0 1 0 < > 1 1 < > ]

d_7_3=2.914764965265 s=[ 0 0 0 0 + - 0 0 0 1 0 1 > > 0 0 > > ]

d_7_3=2.914965165465 s=[ 0 0 0 0 + + 1 1 1 0 1 0 < > 1 1 < > ]

d_7_3=2.914965165465 s=[ 0 0 0 0 + - 0 0 0 1 0 1 > > 0 0 > > ]

d_7_3=2.915165365666 s=[ 0 0 0 0 + + 1 1 1 0 1 0 < > 1 1 < > ]

d_7_3=2.915165365666 s=[ 0 0 0 0 + - 0 0 0 1 0 1 > > 0 0 > > ]

d_7_3=2.915365565866 s=[ 0 0 0 0 + + 1 1 1 0 1 0 < > 1 1 < > ]

d_7_3=2.915365565866 s=[ 0 0 0 0 + - 0 0 0 1 0 1 > > 0 0 > > ]

d_7_3=2.915565766066 s=[ 0 0 0 0 + + 1 1 1 0 1 0 < > 1 1 < > ]

d_7_3=2.915565766066 s=[ 0 0 0 0 + - 0 0 0 1 0 1 > > 0 0 > > ]

d_7_3=2.915765966266 s=[ 0 0 0 0 + + 1 1 1 0 1 0 < > 1 1 < > ]

d_7_3=2.915765966266 s=[ 0 0 0 0 + - 0 0 0 1 0 1 > > 0 0 > > ]

d_7_3=2.915966166466 s=[ 0 0 0 0 + + 1 1 1 0 1 0 < > 1 1 < > ]

d_7_3=2.915966166466 s=[ 0 0 0 0 + - 0 0 0 1 0 1 > > 0 0 > > ]

d_7_3=2.916166366667 s=[ 0 0 0 0 + + 1 1 1 0 1 0 < > 1 1 < > ]

d_7_3=2.916166366667 s=[ 0 0 0 0 + - 0 0 0 1 0 1 > > 0 0 > > ]

d_7_3=2.916366566867 s=[ 0 0 0 0 + + 1 1 1 0 1 0 < > 1 1 < > ]

d_7_3=2.916366566867 s=[ 0 0 0 0 + - 0 0 0 1 0 1 > > 0 0 > > ]

d_7_3=2.916566767067 s=[ 0 0 0 0 + + 1 1 1 0 1 0 < > 1 1 < > ]

d_7_3=2.916566767067 s=[ 0 0 0 0 + - 0 0 0 1 0 1 > > 0 0 > > ]

d_7_3=2.916766967267 s=[ 0 0 0 0 + + 1 1 1 0 1 0 < > 1 1 < > ]

d_7_3=2.916766967267 s=[ 0 0 0 0 + - 0 0 0 1 0 1 > > 0 0 > > ]

d_7_3=2.916967167467 s=[ 0 0 0 0 + + 1 1 1 0 1 0 < > 1 1 < > ]

d_7_3=2.916967167467 s=[ 0 0 0 0 + - 0 0 0 1 0 1 > > 0 0 > > ]

d_7_3=2.917167367668 s=[ 0 0 0 0 + + 1 1 1 0 1 0 < > 1 1 < > ]

d_7_3=2.917167367668 s=[ 0 0 0 0 + - 0 0 0 1 0 1 > > 0 0 > > ]

d_7_3=2.917367567868 s=[ 0 0 0 0 + + 1 1 1 0 1 0 < > 1 1 < > ]

d_7_3=2.917367567868 s=[ 0 0 0 0 + - 0 0 0 1 0 1 > > 0 0 > > ]

d_7_3=2.917567768068 s=[ 0 0 0 0 + + 1 1 1 0 1 0 < > 1 1 < > ]

d_7_3=2.917567768068 s=[ 0 0 0 0 + - 0 0 0 1 0 1 > > 0 0 > > ]

d_7_3=2.917767968268 s=[ 0 0 0 0 + + 1 1 1 0 1 0 < > 1 1 < > ]

d_7_3=2.917767968268 s=[ 0 0 0 0 + - 0 0 0 1 0 1 > > 0 0 > > ]

d_7_3=2.917968168468 s=[ 0 0 0 0 + + 1 1 1 0 1 0 < > 1 1 < > ]

d_7_3=2.917968168468 s=[ 0 0 0 0 + - 0 0 0 1 0 1 > > 0 0 > > ]

d_7_3=2.918168368669 s=[ 0 0 0 0 + + 1 1 1 0 1 0 < > 1 1 < > ]

d_7_3=2.918168368669 s=[ 0 0 0 0 + - 0 0 0 1 0 1 > > 0 0 > > ]

d_7_3=2.918368568869 s=[ 0 0 0 0 + + 1 1 1 0 1 0 < > 1 1 < > ]

d_7_3=2.918368568869 s=[ 0 0 0 0 + - 0 0 0 1 0 1 > > 0 0 > > ]

d_7_3=2.918568769069 s=[ 0 0 0 0 + + 1 1 1 0 1 0 < > 1 1 < > ]

d_7_3=2.918568769069 s=[ 0 0 0 0 + - 0 0 0 1 0 1 > > 0 0 > > ]

d_7_3=2.918768969269 s=[ 0 0 0 0 + + 1 1 1 0 1 0 < > 1 1 < > ]

d_7_3=2.918768969269 s=[ 0 0 0 0 + - 0 0 0 1 0 1 > > 0 0 > > ]

d_7_3=2.918969169469 s=[ 0 0 0 0 + + 1 1 1 0 1 0 < > 1 1 < > ]

d_7_3=2.918969169469 s=[ 0 0 0 0 + - 0 0 0 1 0 1 > > 0 0 > > ]

d_7_3=2.919169369670 s=[ 0 0 0 0 + + 1 1 1 0 1 0 < > 1 1 < > ]

d_7_3=2.919169369670 s=[ 0 0 0 0 + - 0 0 0 1 0 1 > > 0 0 > > ]

d_7_3=2.919369569870 s=[ 0 0 0 0 + + 1 1 1 0 1 0 < > 1 1 < > ]

d_7_3=2.919369569870 s=[ 0 0 0 0 + - 0 0 0 1 0 1 > > 0 0 > > ]

d_7_3=2.919569770070 s=[ 0 0 0 0 + + 1 1 1 0 1 0 < > 1 1 < > ]

d_7_3=2.919569770070 s=[ 0 0 0 0 + - 0 0 0 1 0 1 > > 0 0 > > ]

d_7_3=2.919769970270 s=[ 0 0 0 0 + + 1 1 1 0 1 0 < > 1 1 < > ]

d_7_3=2.919769970270 s=[ 0 0 0 0 + - 0 0 0 1 0 1 > > 0 0 > > ]

d_7_3=2.919970170470 s=[ 0 0 0 0 + + 1 1 1 0 1 0 < > 1 1 < > ]

d_7_3=2.919970170470 s=[ 0 0 0 0 + - 0 0 0 1 0 1 > > 0 0 > > ]

d_7_3=2.920170370671 s=[ 0 0 0 0 + + 1 1 1 0 1 0 < > 1 1 < > ]

d_7_3=2.920170370671 s=[ 0 0 0 0 + - 0 0 0 1 0 1 > > 0 0 > > ]

d_7_3=2.920370570871 s=[ 0 0 0 0 + + 1 1 1 0 1 0 < > 1 1 < > ]

d_7_3=2.920370570871 s=[ 0 0 0 0 + - 0 0 0 1 0 1 > > 0 0 > > ]

d_7_3=2.920570771071 s=[ 0 0 0 0 + + 1 1 1 0 1 0 < > 1 1 < > ]

d_7_3=2.920570771071 s=[ 0 0 0 0 + - 0 0 0 1 0 1 > > 0 0 > > ]

d_7_3=2.920770971271 s=[ 0 0 0 0 + + 1 1 1 0 1 0 < > 1 1 < > ]

d_7_3=2.920770971271 s=[ 0 0 0 0 + - 0 0 0 1 0 1 > > 0 0 > > ]

d_7_3=2.920971171471 s=[ 0 0 0 0 + + 1 1 1 0 1 0 < > 1 1 < > ]

d_7_3=2.920971171471 s=[ 0 0 0 0 + - 0 0 0 1 0 1 > > 0 0 > > ]

d_7_3=2.921171371672 s=[ 0 0 0 0 + + 1 1 1 0 1 0 < > 1 1 < > ]

d_7_3=2.921171371672 s=[ 0 0 0 0 + - 0 0 0 1 0 1 > > 0 0 > > ]

d_7_3=2.921371571872 s=[ 0 0 0 0 + + 1 1 1 0 1 0 < > 1 1 < > ]

d_7_3=2.921371571872 s=[ 0 0 0 0 + - 0 0 0 1 0 1 > > 0 0 > > ]

d_7_3=2.921571772072 s=[ 0 0 0 0 + + 1 1 1 0 1 0 < > 1 1 < > ]

d_7_3=2.921571772072 s=[ 0 0 0 0 + - 0 0 0 1 0 1 > > 0 0 > > ]

d_7_3=2.921771972272 s=[ 0 0 0 0 + + 1 1 1 0 1 0 < > 1 1 < > ]

d_7_3=2.921771972272 s=[ 0 0 0 0 + - 0 0 0 1 0 1 > > 0 0 > > ]

d_7_3=2.921972172472 s=[ 0 0 0 0 + + 1 1 1 0 1 0 < > 1 1 < > ]

d_7_3=2.921972172472 s=[ 0 0 0 0 + - 0 0 0 1 0 1 > > 0 0 > > ]

d_7_3=2.922172372673 s=[ 0 0 0 0 + + 1 1 1 0 1 0 < > 1 1 < > ]

d_7_3=2.922172372673 s=[ 0 0 0 0 + - 0 0 0 1 0 1 > > 0 0 > > ]

d_7_3=2.922372572873 s=[ 0 0 0 0 + + 1 1 1 0 1 0 < > 1 1 < > ]

d_7_3=2.922372572873 s=[ 0 0 0 0 + - 0 0 0 1 0 1 > > 0 0 > > ]

d_7_3=2.922572773073 s=[ 0 0 0 0 + + 1 1 1 0 1 0 < > 1 1 < > ]

d_7_3=2.922572773073 s=[ 0 0 0 0 + - 0 0 0 1 0 1 > > 0 0 > > ]

d_7_3=2.922772973273 s=[ 0 0 0 0 + + 1 1 1 0 1 0 < > 1 1 < > ]

d_7_3=2.922772973273 s=[ 0 0 0 0 + - 0 0 0 1 0 1 > > 0 0 > > ]

d_7_3=2.922973173473 s=[ 0 0 0 0 + + 1 1 1 0 1 0 < > 1 1 < > ]

d_7_3=2.922973173473 s=[ 0 0 0 0 + - 0 0 0 1 0 1 > > 0 0 > > ]

d_7_3=2.923173373674 s=[ 0 0 0 0 + + 1 1 1 0 1 0 < > 1 1 < > ]

d_7_3=2.923173373674 s=[ 0 0 0 0 + - 0 0 0 1 0 1 > > 0 0 > > ]

d_7_3=2.923373573874 s=[ 0 0 0 0 + + 1 1 1 0 1 0 < > 1 1 < > ]

d_7_3=2.923373573874 s=[ 0 0 0 0 + - 0 0 0 1 0 1 > > 0 0 > > ]

d_7_3=2.923573774074 s=[ 0 0 0 0 + + 1 1 1 0 1 0 < > 1 1 < > ]

d_7_3=2.923573774074 s=[ 0 0 0 0 + - 0 0 0 1 0 1 > > 0 0 > > ]

d_7_3=2.923773974274 s=[ 0 0 0 0 + + 1 1 1 0 1 0 < > 1 1 < > ]

d_7_3=2.923773974274 s=[ 0 0 0 0 + - 0 0 0 1 0 1 > > 0 0 > > ]

d_7_3=2.923974174474 s=[ 0 0 0 0 + + 1 1 1 0 1 0 < > 1 1 < > ]

d_7_3=2.923974174474 s=[ 0 0 0 0 + - 0 0 0 1 0 1 > > 0 0 > > ]

d_7_3=2.924174374675 s=[ 0 0 0 0 + + 1 1 1 0 1 0 < > 1 1 < > ]

d_7_3=2.924174374675 s=[ 0 0 0 0 + - 0 0 0 1 0 1 > > 0 0 > > ]

d_7_3=2.924374574875 s=[ 0 0 0 0 + + 1 1 1 0 1 0 < > 1 1 < > ]

d_7_3=2.924374574875 s=[ 0 0 0 0 + - 0 0 0 1 0 1 > > 0 0 > > ]

d_7_3=2.924574775075 s=[ 0 0 0 0 + + 1 1 1 0 1 0 < > 1 1 < > ]

d_7_3=2.924574775075 s=[ 0 0 0 0 + - 0 0 0 1 0 1 > > 0 0 > > ]

d_7_3=2.924774975275 s=[ 0 0 0 0 + + 1 1 1 0 1 0 < > 1 1 < > ]

d_7_3=2.924774975275 s=[ 0 0 0 0 + - 0 0 0 1 0 1 > > 0 0 > > ]

d_7_3=2.924975175475 s=[ 0 0 0 0 + + 1 1 1 0 1 0 < > 1 1 < > ]

d_7_3=2.924975175475 s=[ 0 0 0 0 + - 0 0 0 1 0 1 > > 0 0 > > ]

d_7_3=2.925175375676 s=[ 0 0 0 0 + + 1 1 1 0 1 0 < > 1 1 < > ]

d_7_3=2.925175375676 s=[ 0 0 0 0 + - 0 0 0 1 0 1 > > 0 0 > > ]

d_7_3=2.925375575876 s=[ 0 0 0 0 + + 1 1 1 0 1 0 < > 1 1 < > ]

d_7_3=2.925375575876 s=[ 0 0 0 0 + - 0 0 0 1 0 1 > > 0 0 > > ]

d_7_3=2.925575776076 s=[ 0 0 0 0 + + 1 1 1 0 1 0 < > 1 1 < > ]

d_7_3=2.925575776076 s=[ 0 0 0 0 + - 0 0 0 1 0 1 > > 0 0 > > ]

d_7_3=2.925775976276 s=[ 0 0 0 0 + + 1 1 1 0 1 0 < > 1 1 < > ]

d_7_3=2.925775976276 s=[ 0 0 0 0 + - 0 0 0 1 0 1 > > 0 0 > > ]

d_7_3=2.925976176476 s=[ 0 0 0 0 + + 1 1 1 0 1 0 < > 1 1 < > ]

d_7_3=2.925976176476 s=[ 0 0 0 0 + - 0 0 0 1 0 1 > > 0 0 > > ]

d_7_3=2.926176376677 s=[ 0 0 0 0 + + 1 1 1 0 1 0 < > 1 1 < > ]

d_7_3=2.926176376677 s=[ 0 0 0 0 + - 0 0 0 1 0 1 > > 0 0 > > ]

d_7_3=2.926376576877 s=[ 0 0 0 0 + + 1 1 1 0 1 0 < > 1 1 < > ]

d_7_3=2.926376576877 s=[ 0 0 0 0 + - 0 0 0 1 0 1 > > 0 0 > > ]

d_7_3=2.926576777077 s=[ 0 0 0 0 + + 1 1 1 0 1 0 < > 1 1 < > ]

d_7_3=2.926576777077 s=[ 0 0 0 0 + - 0 0 0 1 0 1 > > 0 0 > > ]

d_7_3=2.926776977277 s=[ 0 0 0 0 + + 1 1 1 0 1 0 < > 1 1 < > ]

d_7_3=2.926776977277 s=[ 0 0 0 0 + - 0 0 0 1 0 1 > > 0 0 > > ]

d_7_3=2.926977177477 s=[ 0 0 0 0 + + 1 1 1 0 1 0 < > 1 1 < > ]

d_7_3=2.926977177477 s=[ 0 0 0 0 + - 0 0 0 1 0 1 > > 0 0 > > ]

d_7_3=2.927177377678 s=[ 0 0 0 0 + + 1 1 1 0 1 0 < > 1 1 < > ]

d_7_3=2.927177377678 s=[ 0 0 0 0 + - 0 0 0 1 0 1 > > 0 0 > > ]

d_7_3=2.927377577878 s=[ 0 0 0 0 + + 1 1 1 0 1 0 < > 1 1 < > ]

d_7_3=2.927377577878 s=[ 0 0 0 0 + - 0 0 0 1 0 1 > > 0 0 > > ]

d_7_3=2.927577778078 s=[ 0 0 0 0 + + 1 1 1 0 1 0 < > 1 1 < > ]

d_7_3=2.927577778078 s=[ 0 0 0 0 + - 0 0 0 1 0 1 > > 0 0 > > ]

d_7_3=2.927777978278 s=[ 0 0 0 0 + + 1 1 1 0 1 0 < > 1 1 < > ]

d_7_3=2.927777978278 s=[ 0 0 0 0 + - 0 0 0 1 0 1 > > 0 0 > > ]

d_7_3=2.927978178478 s=[ 0 0 0 0 + + 1 1 1 0 1 0 < > 1 1 < > ]

d_7_3=2.927978178478 s=[ 0 0 0 0 + - 0 0 0 1 0 1 > > 0 0 > > ]

d_7_3=2.928178378679 s=[ 0 0 0 0 + + 1 1 1 0 1 0 < > 1 1 < > ]

d_7_3=2.928178378679 s=[ 0 0 0 0 + - 0 0 0 1 0 1 > > 0 0 > > ]

d_7_3=2.928378578879 s=[ 0 0 0 0 + + 1 1 1 0 1 0 < > 1 1 < > ]

d_7_3=2.928378578879 s=[ 0 0 0 0 + - 0 0 0 1 0 1 > > 0 0 > > ]

d_7_3=2.928578779079 s=[ 0 0 0 0 + + 1 1 1 0 1 0 < > 1 1 < > ]

d_7_3=2.928578779079 s=[ 0 0 0 0 + - 0 0 0 1 0 1 > > 0 0 > > ]

d_7_3=2.928778979279 s=[ 0 0 0 0 + + 1 1 1 0 1 0 < > 1 1 < > ]

d_7_3=2.928778979279 s=[ 0 0 0 0 + - 0 0 0 1 0 1 > > 0 0 > > ]

d_7_3=2.928979179479 s=[ 0 0 0 0 + + 1 1 1 0 1 0 < > 1 1 < > ]

d_7_3=2.928979179479 s=[ 0 0 0 0 + - 0 0 0 1 0 1 > > 0 0 > > ]

d_7_3=2.929179379680 s=[ 0 0 0 0 + + 1 1 1 0 1 0 < > 1 1 < > ]

d_7_3=2.929179379680 s=[ 0 0 0 0 + - 0 0 0 1 0 1 > > 0 0 > > ]

d_7_3=2.929379579880 s=[ 0 0 0 0 + + 1 1 1 0 1 0 < > 1 1 < > ]

d_7_3=2.929379579880 s=[ 0 0 0 0 + - 0 0 0 1 0 1 > > 0 0 > > ]

d_7_3=2.929579780080 s=[ 0 0 0 0 + + 1 1 1 0 1 0 < > 1 1 < > ]

d_7_3=2.929579780080 s=[ 0 0 0 0 + - 0 0 0 1 0 1 > > 0 0 > > ]

d_7_3=2.929779980280 s=[ 0 0 0 0 + + 1 1 1 0 1 0 < > 1 1 < > ]

d_7_3=2.929779980280 s=[ 0 0 0 0 + - 0 0 0 1 0 1 > > 0 0 > > ]

d_7_3=2.929980180480 s=[ 0 0 0 0 + + 1 1 1 0 1 0 < > 1 1 < > ]

d_7_3=2.929980180480 s=[ 0 0 0 0 + - 0 0 0 1 0 1 > > 0 0 > > ]

d_7_3=2.930180380681 s=[ 0 0 0 0 + + 1 1 1 0 1 0 < > 1 1 < > ]

d_7_3=2.930180380681 s=[ 0 0 0 0 + - 0 0 0 1 0 1 > > 0 0 > > ]

d_7_3=2.930380580881 s=[ 0 0 0 0 + + 1 1 1 0 1 0 < > 1 1 < > ]

d_7_3=2.930380580881 s=[ 0 0 0 0 + - 0 0 0 1 0 1 > > 0 0 > > ]

d_7_3=2.930580781081 s=[ 0 0 0 0 + + 1 1 1 0 1 0 < > 1 1 < > ]

d_7_3=2.930580781081 s=[ 0 0 0 0 + - 0 0 0 1 0 1 > > 0 0 > > ]

d_7_3=2.930780981281 s=[ 0 0 0 0 + + 1 1 1 0 1 0 < > 1 1 < > ]

d_7_3=2.930780981281 s=[ 0 0 0 0 + - 0 0 0 1 0 1 > > 0 0 > > ]

d_7_3=2.930981181481 s=[ 0 0 0 0 + + 1 1 1 0 1 0 < > 1 1 < > ]

d_7_3=2.930981181481 s=[ 0 0 0 0 + - 0 0 0 1 0 1 > > 0 0 > > ]

d_7_3=2.931181381682 s=[ 0 0 0 0 + + 1 1 1 0 1 0 < > 1 1 < > ]

d_7_3=2.931181381682 s=[ 0 0 0 0 + - 0 0 0 1 0 1 > > 0 0 > > ]

d_7_3=2.931381581882 s=[ 0 0 0 0 + + 1 1 1 0 1 0 < > 1 1 < > ]

d_7_3=2.931381581882 s=[ 0 0 0 0 + - 0 0 0 1 0 1 > > 0 0 > > ]

d_7_3=2.931581782082 s=[ 0 0 0 0 + + 1 1 1 0 1 0 < > 1 1 < > ]

d_7_3=2.931581782082 s=[ 0 0 0 0 + - 0 0 0 1 0 1 > > 0 0 > > ]

d_7_3=2.931781982282 s=[ 0 0 0 0 + + 1 1 1 0 1 0 < > 1 1 < > ]

d_7_3=2.931781982282 s=[ 0 0 0 0 + - 0 0 0 1 0 1 > > 0 0 > > ]

d_7_3=2.931982182482 s=[ 0 0 0 0 + + 1 1 1 0 1 0 < > 1 1 < > ]

d_7_3=2.931982182482 s=[ 0 0 0 0 + - 0 0 0 1 0 1 > > 0 0 > > ]

d_7_3=2.932182382683 s=[ 0 0 0 0 + + 1 1 1 0 1 0 < > 1 1 < > ]

d_7_3=2.932182382683 s=[ 0 0 0 0 + - 0 0 0 1 0 1 > > 0 0 > > ]

d_7_3=2.932382582883 s=[ 0 0 0 0 + + 1 1 1 0 1 0 < > 1 1 < > ]

d_7_3=2.932382582883 s=[ 0 0 0 0 + - 0 0 0 1 0 1 > > 0 0 > > ]

d_7_3=2.932582783083 s=[ 0 0 0 0 + + 1 1 1 0 1 0 < > 1 1 < > ]

d_7_3=2.932582783083 s=[ 0 0 0 0 + - 0 0 0 1 0 1 > > 0 0 > > ]

d_7_3=2.932782983283 s=[ 0 0 0 0 + + 1 1 1 0 1 0 < > 1 1 < > ]

d_7_3=2.932782983283 s=[ 0 0 0 0 + - 0 0 0 1 0 1 > > 0 0 > > ]

d_7_3=2.932983183483 s=[ 0 0 0 0 + + 1 1 1 0 1 0 < > 1 1 < > ]

d_7_3=2.932983183483 s=[ 0 0 0 0 + - 0 0 0 1 0 1 > > 0 0 > > ]

d_7_3=2.933183383684 s=[ 0 0 0 0 + + 1 1 1 0 1 0 < > 1 1 < > ]

d_7_3=2.933183383684 s=[ 0 0 0 0 + - 0 0 0 1 0 1 > > 0 0 > > ]

d_7_3=2.933383583884 s=[ 0 0 0 0 + + 1 1 1 0 1 0 < > 1 1 < > ]

d_7_3=2.933383583884 s=[ 0 0 0 0 + - 0 0 0 1 0 1 > > 0 0 > > ]

d_7_3=2.933583784084 s=[ 0 0 0 0 + + 1 1 1 0 1 0 < > 1 1 < > ]

d_7_3=2.933583784084 s=[ 0 0 0 0 + - 0 0 0 1 0 1 > > 0 0 > > ]

d_7_3=2.933783984284 s=[ 0 0 0 0 + + 1 1 1 0 1 0 < > 1 1 < > ]

d_7_3=2.933783984284 s=[ 0 0 0 0 + - 0 0 0 1 0 1 > > 0 0 > > ]

d_7_3=2.933984184484 s=[ 0 0 0 0 + + 1 1 1 0 1 0 < > 1 1 < > ]

d_7_3=2.933984184484 s=[ 0 0 0 0 + - 0 0 0 1 0 1 > > 0 0 > > ]

d_7_3=2.934184384685 s=[ 0 0 0 0 + + 1 1 1 0 1 0 < > 1 1 < > ]

d_7_3=2.934184384685 s=[ 0 0 0 0 + - 0 0 0 1 0 1 > > 0 0 > > ]

d_7_3=2.934384584885 s=[ 0 0 0 0 + + 1 1 1 0 1 0 < > 1 1 < > ]

d_7_3=2.934384584885 s=[ 0 0 0 0 + - 0 0 0 1 0 1 > > 0 0 > > ]

d_7_3=2.934584785085 s=[ 0 0 0 0 + - 0 0 0 1 0 1 > > 0 0 > > ]

d_7_3=2.934784985285 s=[ 0 0 0 0 + - 0 0 0 1 0 1 > > 0 0 > > ]

d_7_3=2.934985185485 s=[ 0 0 0 0 + - 0 0 0 1 0 1 > > 0 0 > > ]

d_7_3=2.935185385686 s=[ 0 0 0 0 + - 0 0 0 1 0 1 > > 0 0 > > ]

d_7_3=2.935385585886 s=[ 0 0 0 0 + - 0 0 0 1 0 1 > > 0 0 > > ]

d_7_3=2.910560761061 s=[ 0 0 0 0 - + 1 1 1 0 1 0 < > 1 1 < > ]

d_7_3=2.910760961261 s=[ 0 0 0 0 - + 1 1 1 0 1 0 < > 1 1 < > ]

d_7_3=2.910961161461 s=[ 0 0 0 0 - + 1 1 1 0 1 0 < > 1 1 < > ]

d_7_3=2.911161361662 s=[ 0 0 0 0 - + 1 1 1 0 1 0 < > 1 1 < > ]

d_7_3=2.911361561862 s=[ 0 0 0 0 - + 1 1 1 0 1 0 < > 1 1 < > ]

d_7_3=2.911561762062 s=[ 0 0 0 0 - + 1 1 1 0 1 0 < > 1 1 < > ]

d_7_3=2.911761962262 s=[ 0 0 0 0 - + 1 1 1 0 1 0 < > 1 1 < > ]

d_7_3=2.911962162462 s=[ 0 0 0 0 - + 1 1 1 0 1 0 < > 1 1 < > ]

d_7_3=2.912162362663 s=[ 0 0 0 0 - + 1 1 1 0 1 0 < > 1 1 < > ]

d_7_3=2.912362562863 s=[ 0 0 0 0 - + 1 1 1 0 1 0 < > 1 1 < > ]

d_7_3=2.912562763063 s=[ 0 0 0 0 - + 1 1 1 0 1 0 < > 1 1 < > ]

d_7_3=2.912762963263 s=[ 0 0 0 0 - + 1 1 1 0 1 0 < > 1 1 < > ]

d_7_3=2.912963163463 s=[ 0 0 0 0 - + 1 1 1 0 1 0 < > 1 1 < > ]

d_7_3=2.912963163463 s=[ 0 0 0 0 - - 0 0 0 1 0 1 > > 0 0 > > ]

d_7_3=2.913163363664 s=[ 0 0 0 0 - + 1 1 1 0 1 0 < > 1 1 < > ]

d_7_3=2.913163363664 s=[ 0 0 0 0 - - 0 0 0 1 0 1 > > 0 0 > > ]

d_7_3=2.913363563864 s=[ 0 0 0 0 - + 1 1 1 0 1 0 < > 1 1 < > ]

d_7_3=2.913363563864 s=[ 0 0 0 0 - - 0 0 0 1 0 1 > > 0 0 > > ]

d_7_3=2.913563764064 s=[ 0 0 0 0 - + 1 1 1 0 1 0 < > 1 1 < > ]

d_7_3=2.913563764064 s=[ 0 0 0 0 - - 0 0 0 1 0 1 > > 0 0 > > ]

d_7_3=2.913763964264 s=[ 0 0 0 0 - + 1 1 1 0 1 0 < > 1 1 < > ]

d_7_3=2.913763964264 s=[ 0 0 0 0 - - 0 0 0 1 0 1 > > 0 0 > > ]

d_7_3=2.913964164464 s=[ 0 0 0 0 - + 1 1 1 0 1 0 < > 1 1 < > ]

d_7_3=2.913964164464 s=[ 0 0 0 0 - - 0 0 0 1 0 1 > > 0 0 > > ]

d_7_3=2.914164364665 s=[ 0 0 0 0 - + 1 1 1 0 1 0 < > 1 1 < > ]

d_7_3=2.914164364665 s=[ 0 0 0 0 - - 0 0 0 1 0 1 > > 0 0 > > ]

d_7_3=2.914364564865 s=[ 0 0 0 0 - + 1 1 1 0 1 0 < > 1 1 < > ]

d_7_3=2.914364564865 s=[ 0 0 0 0 - - 0 0 0 1 0 1 > > 0 0 > > ]

d_7_3=2.914564765065 s=[ 0 0 0 0 - + 1 1 1 0 1 0 < > 1 1 < > ]

d_7_3=2.914564765065 s=[ 0 0 0 0 - - 0 0 0 1 0 1 > > 0 0 > > ]

d_7_3=2.914764965265 s=[ 0 0 0 0 - + 1 1 1 0 1 0 < > 1 1 < > ]

d_7_3=2.914764965265 s=[ 0 0 0 0 - - 0 0 0 1 0 1 > > 0 0 > > ]

d_7_3=2.914965165465 s=[ 0 0 0 0 - + 1 1 1 0 1 0 < > 1 1 < > ]

d_7_3=2.914965165465 s=[ 0 0 0 0 - - 0 0 0 1 0 1 > > 0 0 > > ]

d_7_3=2.915165365666 s=[ 0 0 0 0 - + 1 1 1 0 1 0 < > 1 1 < > ]

d_7_3=2.915165365666 s=[ 0 0 0 0 - - 0 0 0 1 0 1 > > 0 0 > > ]

d_7_3=2.915365565866 s=[ 0 0 0 0 - + 1 1 1 0 1 0 < > 1 1 < > ]

d_7_3=2.915365565866 s=[ 0 0 0 0 - - 0 0 0 1 0 1 > > 0 0 > > ]

d_7_3=2.915565766066 s=[ 0 0 0 0 - + 1 1 1 0 1 0 < > 1 1 < > ]

d_7_3=2.915565766066 s=[ 0 0 0 0 - - 0 0 0 1 0 1 > > 0 0 > > ]

d_7_3=2.915765966266 s=[ 0 0 0 0 - + 1 1 1 0 1 0 < > 1 1 < > ]

d_7_3=2.915765966266 s=[ 0 0 0 0 - - 0 0 0 1 0 1 > > 0 0 > > ]

d_7_3=2.915966166466 s=[ 0 0 0 0 - + 1 1 1 0 1 0 < > 1 1 < > ]

d_7_3=2.915966166466 s=[ 0 0 0 0 - - 0 0 0 1 0 1 > > 0 0 > > ]

d_7_3=2.916166366667 s=[ 0 0 0 0 - + 1 1 1 0 1 0 < > 1 1 < > ]

d_7_3=2.916166366667 s=[ 0 0 0 0 - - 0 0 0 1 0 1 > > 0 0 > > ]

d_7_3=2.916366566867 s=[ 0 0 0 0 - + 1 1 1 0 1 0 < > 1 1 < > ]

d_7_3=2.916366566867 s=[ 0 0 0 0 - - 0 0 0 1 0 1 > > 0 0 > > ]

d_7_3=2.916566767067 s=[ 0 0 0 0 - + 1 1 1 0 1 0 < > 1 1 < > ]

d_7_3=2.916566767067 s=[ 0 0 0 0 - - 0 0 0 1 0 1 > > 0 0 > > ]

d_7_3=2.916766967267 s=[ 0 0 0 0 - + 1 1 1 0 1 0 < > 1 1 < > ]

d_7_3=2.916766967267 s=[ 0 0 0 0 - - 0 0 0 1 0 1 > > 0 0 > > ]

d_7_3=2.916967167467 s=[ 0 0 0 0 - + 1 1 1 0 1 0 < > 1 1 < > ]

d_7_3=2.916967167467 s=[ 0 0 0 0 - - 0 0 0 1 0 1 > > 0 0 > > ]

d_7_3=2.917167367668 s=[ 0 0 0 0 - + 1 1 1 0 1 0 < > 1 1 < > ]

d_7_3=2.917167367668 s=[ 0 0 0 0 - - 0 0 0 1 0 1 > > 0 0 > > ]

d_7_3=2.917367567868 s=[ 0 0 0 0 - + 1 1 1 0 1 0 < > 1 1 < > ]

d_7_3=2.917367567868 s=[ 0 0 0 0 - - 0 0 0 1 0 1 > > 0 0 > > ]

d_7_3=2.917567768068 s=[ 0 0 0 0 - + 1 1 1 0 1 0 < > 1 1 < > ]

d_7_3=2.917567768068 s=[ 0 0 0 0 - - 0 0 0 1 0 1 > > 0 0 > > ]

d_7_3=2.917767968268 s=[ 0 0 0 0 - + 1 1 1 0 1 0 < > 1 1 < > ]

d_7_3=2.917767968268 s=[ 0 0 0 0 - - 0 0 0 1 0 1 > > 0 0 > > ]

d_7_3=2.917968168468 s=[ 0 0 0 0 - + 1 1 1 0 1 0 < > 1 1 < > ]

d_7_3=2.917968168468 s=[ 0 0 0 0 - - 0 0 0 1 0 1 > > 0 0 > > ]

d_7_3=2.918168368669 s=[ 0 0 0 0 - + 1 1 1 0 1 0 < > 1 1 < > ]

d_7_3=2.918168368669 s=[ 0 0 0 0 - - 0 0 0 1 0 1 > > 0 0 > > ]

d_7_3=2.918368568869 s=[ 0 0 0 0 - + 1 1 1 0 1 0 < > 1 1 < > ]

d_7_3=2.918368568869 s=[ 0 0 0 0 - - 0 0 0 1 0 1 > > 0 0 > > ]

d_7_3=2.918568769069 s=[ 0 0 0 0 - + 1 1 1 0 1 0 < > 1 1 < > ]

d_7_3=2.918568769069 s=[ 0 0 0 0 - - 0 0 0 1 0 1 > > 0 0 > > ]

d_7_3=2.918768969269 s=[ 0 0 0 0 - + 1 1 1 0 1 0 < > 1 1 < > ]

d_7_3=2.918768969269 s=[ 0 0 0 0 - - 0 0 0 1 0 1 > > 0 0 > > ]

d_7_3=2.918969169469 s=[ 0 0 0 0 - + 1 1 1 0 1 0 < > 1 1 < > ]

d_7_3=2.918969169469 s=[ 0 0 0 0 - - 0 0 0 1 0 1 > > 0 0 > > ]

d_7_3=2.919169369670 s=[ 0 0 0 0 - + 1 1 1 0 1 0 < > 1 1 < > ]

d_7_3=2.919169369670 s=[ 0 0 0 0 - - 0 0 0 1 0 1 > > 0 0 > > ]

d_7_3=2.919369569870 s=[ 0 0 0 0 - + 1 1 1 0 1 0 < > 1 1 < > ]

d_7_3=2.919369569870 s=[ 0 0 0 0 - - 0 0 0 1 0 1 > > 0 0 > > ]

d_7_3=2.919569770070 s=[ 0 0 0 0 - + 1 1 1 0 1 0 < > 1 1 < > ]

d_7_3=2.919569770070 s=[ 0 0 0 0 - - 0 0 0 1 0 1 > > 0 0 > > ]

d_7_3=2.919769970270 s=[ 0 0 0 0 - + 1 1 1 0 1 0 < > 1 1 < > ]

d_7_3=2.919769970270 s=[ 0 0 0 0 - - 0 0 0 1 0 1 > > 0 0 > > ]

d_7_3=2.919970170470 s=[ 0 0 0 0 - + 1 1 1 0 1 0 < > 1 1 < > ]

d_7_3=2.919970170470 s=[ 0 0 0 0 - - 0 0 0 1 0 1 > > 0 0 > > ]

d_7_3=2.920170370671 s=[ 0 0 0 0 - + 1 1 1 0 1 0 < > 1 1 < > ]

d_7_3=2.920170370671 s=[ 0 0 0 0 - - 0 0 0 1 0 1 > > 0 0 > > ]

d_7_3=2.920370570871 s=[ 0 0 0 0 - + 1 1 1 0 1 0 < > 1 1 < > ]

d_7_3=2.920370570871 s=[ 0 0 0 0 - - 0 0 0 1 0 1 > > 0 0 > > ]

d_7_3=2.920570771071 s=[ 0 0 0 0 - + 1 1 1 0 1 0 < > 1 1 < > ]

d_7_3=2.920570771071 s=[ 0 0 0 0 - - 0 0 0 1 0 1 > > 0 0 > > ]

d_7_3=2.920770971271 s=[ 0 0 0 0 - + 1 1 1 0 1 0 < > 1 1 < > ]

d_7_3=2.920770971271 s=[ 0 0 0 0 - - 0 0 0 1 0 1 > > 0 0 > > ]

d_7_3=2.920971171471 s=[ 0 0 0 0 - + 1 1 1 0 1 0 < > 1 1 < > ]

d_7_3=2.920971171471 s=[ 0 0 0 0 - - 0 0 0 1 0 1 > > 0 0 > > ]

d_7_3=2.921171371672 s=[ 0 0 0 0 - + 1 1 1 0 1 0 < > 1 1 < > ]

d_7_3=2.921171371672 s=[ 0 0 0 0 - - 0 0 0 1 0 1 > > 0 0 > > ]

d_7_3=2.921371571872 s=[ 0 0 0 0 - + 1 1 1 0 1 0 < > 1 1 < > ]

d_7_3=2.921371571872 s=[ 0 0 0 0 - - 0 0 0 1 0 1 > > 0 0 > > ]

d_7_3=2.921571772072 s=[ 0 0 0 0 - + 1 1 1 0 1 0 < > 1 1 < > ]

d_7_3=2.921571772072 s=[ 0 0 0 0 - - 0 0 0 1 0 1 > > 0 0 > > ]

d_7_3=2.921771972272 s=[ 0 0 0 0 - + 1 1 1 0 1 0 < > 1 1 < > ]

d_7_3=2.921771972272 s=[ 0 0 0 0 - - 0 0 0 1 0 1 > > 0 0 > > ]

d_7_3=2.921972172472 s=[ 0 0 0 0 - + 1 1 1 0 1 0 < > 1 1 < > ]

d_7_3=2.921972172472 s=[ 0 0 0 0 - - 0 0 0 1 0 1 > > 0 0 > > ]

d_7_3=2.922172372673 s=[ 0 0 0 0 - + 1 1 1 0 1 0 < > 1 1 < > ]

d_7_3=2.922172372673 s=[ 0 0 0 0 - - 0 0 0 1 0 1 > > 0 0 > > ]

d_7_3=2.922372572873 s=[ 0 0 0 0 - + 1 1 1 0 1 0 < > 1 1 < > ]

d_7_3=2.922372572873 s=[ 0 0 0 0 - - 0 0 0 1 0 1 > > 0 0 > > ]

d_7_3=2.922572773073 s=[ 0 0 0 0 - + 1 1 1 0 1 0 < > 1 1 < > ]

d_7_3=2.922572773073 s=[ 0 0 0 0 - - 0 0 0 1 0 1 > > 0 0 > > ]

d_7_3=2.922772973273 s=[ 0 0 0 0 - + 1 1 1 0 1 0 < > 1 1 < > ]

d_7_3=2.922772973273 s=[ 0 0 0 0 - - 0 0 0 1 0 1 > > 0 0 > > ]

d_7_3=2.922973173473 s=[ 0 0 0 0 - + 1 1 1 0 1 0 < > 1 1 < > ]

d_7_3=2.922973173473 s=[ 0 0 0 0 - - 0 0 0 1 0 1 > > 0 0 > > ]

d_7_3=2.923173373674 s=[ 0 0 0 0 - + 1 1 1 0 1 0 < > 1 1 < > ]

d_7_3=2.923173373674 s=[ 0 0 0 0 - - 0 0 0 1 0 1 > > 0 0 > > ]

d_7_3=2.923373573874 s=[ 0 0 0 0 - + 1 1 1 0 1 0 < > 1 1 < > ]

d_7_3=2.923373573874 s=[ 0 0 0 0 - - 0 0 0 1 0 1 > > 0 0 > > ]

d_7_3=2.923573774074 s=[ 0 0 0 0 - + 1 1 1 0 1 0 < > 1 1 < > ]

d_7_3=2.923573774074 s=[ 0 0 0 0 - - 0 0 0 1 0 1 > > 0 0 > > ]

d_7_3=2.923773974274 s=[ 0 0 0 0 - + 1 1 1 0 1 0 < > 1 1 < > ]

d_7_3=2.923773974274 s=[ 0 0 0 0 - - 0 0 0 1 0 1 > > 0 0 > > ]

d_7_3=2.923974174474 s=[ 0 0 0 0 - + 1 1 1 0 1 0 < > 1 1 < > ]

d_7_3=2.923974174474 s=[ 0 0 0 0 - - 0 0 0 1 0 1 > > 0 0 > > ]

d_7_3=2.924174374675 s=[ 0 0 0 0 - + 1 1 1 0 1 0 < > 1 1 < > ]

d_7_3=2.924174374675 s=[ 0 0 0 0 - - 0 0 0 1 0 1 > > 0 0 > > ]

d_7_3=2.924374574875 s=[ 0 0 0 0 - + 1 1 1 0 1 0 < > 1 1 < > ]

d_7_3=2.924374574875 s=[ 0 0 0 0 - - 0 0 0 1 0 1 > > 0 0 > > ]

d_7_3=2.924574775075 s=[ 0 0 0 0 - + 1 1 1 0 1 0 < > 1 1 < > ]

d_7_3=2.924574775075 s=[ 0 0 0 0 - - 0 0 0 1 0 1 > > 0 0 > > ]

d_7_3=2.924774975275 s=[ 0 0 0 0 - + 1 1 1 0 1 0 < > 1 1 < > ]

d_7_3=2.924774975275 s=[ 0 0 0 0 - - 0 0 0 1 0 1 > > 0 0 > > ]

d_7_3=2.924975175475 s=[ 0 0 0 0 - + 1 1 1 0 1 0 < > 1 1 < > ]

d_7_3=2.924975175475 s=[ 0 0 0 0 - - 0 0 0 1 0 1 > > 0 0 > > ]

d_7_3=2.925175375676 s=[ 0 0 0 0 - + 1 1 1 0 1 0 < > 1 1 < > ]

d_7_3=2.925175375676 s=[ 0 0 0 0 - - 0 0 0 1 0 1 > > 0 0 > > ]

d_7_3=2.925375575876 s=[ 0 0 0 0 - + 1 1 1 0 1 0 < > 1 1 < > ]

d_7_3=2.925375575876 s=[ 0 0 0 0 - - 0 0 0 1 0 1 > > 0 0 > > ]

d_7_3=2.925575776076 s=[ 0 0 0 0 - + 1 1 1 0 1 0 < > 1 1 < > ]

d_7_3=2.925575776076 s=[ 0 0 0 0 - - 0 0 0 1 0 1 > > 0 0 > > ]

d_7_3=2.925775976276 s=[ 0 0 0 0 - + 1 1 1 0 1 0 < > 1 1 < > ]

d_7_3=2.925775976276 s=[ 0 0 0 0 - - 0 0 0 1 0 1 > > 0 0 > > ]

d_7_3=2.925976176476 s=[ 0 0 0 0 - + 1 1 1 0 1 0 < > 1 1 < > ]

d_7_3=2.925976176476 s=[ 0 0 0 0 - - 0 0 0 1 0 1 > > 0 0 > > ]

d_7_3=2.926176376677 s=[ 0 0 0 0 - + 1 1 1 0 1 0 < > 1 1 < > ]

d_7_3=2.926176376677 s=[ 0 0 0 0 - - 0 0 0 1 0 1 > > 0 0 > > ]

d_7_3=2.926376576877 s=[ 0 0 0 0 - + 1 1 1 0 1 0 < > 1 1 < > ]

d_7_3=2.926376576877 s=[ 0 0 0 0 - - 0 0 0 1 0 1 > > 0 0 > > ]

d_7_3=2.926576777077 s=[ 0 0 0 0 - + 1 1 1 0 1 0 < > 1 1 < > ]

d_7_3=2.926576777077 s=[ 0 0 0 0 - - 0 0 0 1 0 1 > > 0 0 > > ]

d_7_3=2.926776977277 s=[ 0 0 0 0 - + 1 1 1 0 1 0 < > 1 1 < > ]

d_7_3=2.926776977277 s=[ 0 0 0 0 - - 0 0 0 1 0 1 > > 0 0 > > ]

d_7_3=2.926977177477 s=[ 0 0 0 0 - + 1 1 1 0 1 0 < > 1 1 < > ]

d_7_3=2.926977177477 s=[ 0 0 0 0 - - 0 0 0 1 0 1 > > 0 0 > > ]

d_7_3=2.927177377678 s=[ 0 0 0 0 - + 1 1 1 0 1 0 < > 1 1 < > ]

d_7_3=2.927177377678 s=[ 0 0 0 0 - - 0 0 0 1 0 1 > > 0 0 > > ]

d_7_3=2.927377577878 s=[ 0 0 0 0 - + 1 1 1 0 1 0 < > 1 1 < > ]

d_7_3=2.927377577878 s=[ 0 0 0 0 - - 0 0 0 1 0 1 > > 0 0 > > ]

d_7_3=2.927577778078 s=[ 0 0 0 0 - + 1 1 1 0 1 0 < > 1 1 < > ]

d_7_3=2.927577778078 s=[ 0 0 0 0 - - 0 0 0 1 0 1 > > 0 0 > > ]

d_7_3=2.927777978278 s=[ 0 0 0 0 - + 1 1 1 0 1 0 < > 1 1 < > ]

d_7_3=2.927777978278 s=[ 0 0 0 0 - - 0 0 0 1 0 1 > > 0 0 > > ]

d_7_3=2.927978178478 s=[ 0 0 0 0 - + 1 1 1 0 1 0 < > 1 1 < > ]

d_7_3=2.927978178478 s=[ 0 0 0 0 - - 0 0 0 1 0 1 > > 0 0 > > ]

d_7_3=2.928178378679 s=[ 0 0 0 0 - + 1 1 1 0 1 0 < > 1 1 < > ]

d_7_3=2.928178378679 s=[ 0 0 0 0 - - 0 0 0 1 0 1 > > 0 0 > > ]

d_7_3=2.928378578879 s=[ 0 0 0 0 - + 1 1 1 0 1 0 < > 1 1 < > ]

d_7_3=2.928378578879 s=[ 0 0 0 0 - - 0 0 0 1 0 1 > > 0 0 > > ]

d_7_3=2.928578779079 s=[ 0 0 0 0 - + 1 1 1 0 1 0 < > 1 1 < > ]

d_7_3=2.928578779079 s=[ 0 0 0 0 - - 0 0 0 1 0 1 > > 0 0 > > ]

d_7_3=2.928778979279 s=[ 0 0 0 0 - + 1 1 1 0 1 0 < > 1 1 < > ]

d_7_3=2.928778979279 s=[ 0 0 0 0 - - 0 0 0 1 0 1 > > 0 0 > > ]

d_7_3=2.928979179479 s=[ 0 0 0 0 - + 1 1 1 0 1 0 < > 1 1 < > ]

d_7_3=2.928979179479 s=[ 0 0 0 0 - - 0 0 0 1 0 1 > > 0 0 > > ]

d_7_3=2.929179379680 s=[ 0 0 0 0 - + 1 1 1 0 1 0 < > 1 1 < > ]

d_7_3=2.929179379680 s=[ 0 0 0 0 - - 0 0 0 1 0 1 > > 0 0 > > ]

d_7_3=2.929379579880 s=[ 0 0 0 0 - + 1 1 1 0 1 0 < > 1 1 < > ]

d_7_3=2.929379579880 s=[ 0 0 0 0 - - 0 0 0 1 0 1 > > 0 0 > > ]

d_7_3=2.929579780080 s=[ 0 0 0 0 - + 1 1 1 0 1 0 < > 1 1 < > ]

d_7_3=2.929579780080 s=[ 0 0 0 0 - - 0 0 0 1 0 1 > > 0 0 > > ]

d_7_3=2.929779980280 s=[ 0 0 0 0 - + 1 1 1 0 1 0 < > 1 1 < > ]

d_7_3=2.929779980280 s=[ 0 0 0 0 - - 0 0 0 1 0 1 > > 0 0 > > ]

d_7_3=2.929980180480 s=[ 0 0 0 0 - + 1 1 1 0 1 0 < > 1 1 < > ]

d_7_3=2.929980180480 s=[ 0 0 0 0 - - 0 0 0 1 0 1 > > 0 0 > > ]

d_7_3=2.930180380681 s=[ 0 0 0 0 - + 1 1 1 0 1 0 < > 1 1 < > ]

d_7_3=2.930180380681 s=[ 0 0 0 0 - - 0 0 0 1 0 1 > > 0 0 > > ]

d_7_3=2.930380580881 s=[ 0 0 0 0 - + 1 1 1 0 1 0 < > 1 1 < > ]

d_7_3=2.930380580881 s=[ 0 0 0 0 - - 0 0 0 1 0 1 > > 0 0 > > ]

d_7_3=2.930580781081 s=[ 0 0 0 0 - + 1 1 1 0 1 0 < > 1 1 < > ]

d_7_3=2.930580781081 s=[ 0 0 0 0 - - 0 0 0 1 0 1 > > 0 0 > > ]

d_7_3=2.930780981281 s=[ 0 0 0 0 - + 1 1 1 0 1 0 < > 1 1 < > ]

d_7_3=2.930780981281 s=[ 0 0 0 0 - - 0 0 0 1 0 1 > > 0 0 > > ]

d_7_3=2.930981181481 s=[ 0 0 0 0 - + 1 1 1 0 1 0 < > 1 1 < > ]

d_7_3=2.930981181481 s=[ 0 0 0 0 - - 0 0 0 1 0 1 > > 0 0 > > ]

d_7_3=2.931181381682 s=[ 0 0 0 0 - + 1 1 1 0 1 0 < > 1 1 < > ]

d_7_3=2.931181381682 s=[ 0 0 0 0 - - 0 0 0 1 0 1 > > 0 0 > > ]

d_7_3=2.931381581882 s=[ 0 0 0 0 - + 1 1 1 0 1 0 < > 1 1 < > ]

d_7_3=2.931381581882 s=[ 0 0 0 0 - - 0 0 0 1 0 1 > > 0 0 > > ]

d_7_3=2.931581782082 s=[ 0 0 0 0 - + 1 1 1 0 1 0 < > 1 1 < > ]

d_7_3=2.931581782082 s=[ 0 0 0 0 - - 0 0 0 1 0 1 > > 0 0 > > ]

d_7_3=2.931781982282 s=[ 0 0 0 0 - + 1 1 1 0 1 0 < > 1 1 < > ]

d_7_3=2.931781982282 s=[ 0 0 0 0 - - 0 0 0 1 0 1 > > 0 0 > > ]

d_7_3=2.931982182482 s=[ 0 0 0 0 - + 1 1 1 0 1 0 < > 1 1 < > ]

d_7_3=2.931982182482 s=[ 0 0 0 0 - - 0 0 0 1 0 1 > > 0 0 > > ]

d_7_3=2.932182382683 s=[ 0 0 0 0 - + 1 1 1 0 1 0 < > 1 1 < > ]

d_7_3=2.932182382683 s=[ 0 0 0 0 - - 0 0 0 1 0 1 > > 0 0 > > ]

d_7_3=2.932382582883 s=[ 0 0 0 0 - + 1 1 1 0 1 0 < > 1 1 < > ]

d_7_3=2.932382582883 s=[ 0 0 0 0 - - 0 0 0 1 0 1 > > 0 0 > > ]

d_7_3=2.932582783083 s=[ 0 0 0 0 - + 1 1 1 0 1 0 < > 1 1 < > ]

d_7_3=2.932582783083 s=[ 0 0 0 0 - - 0 0 0 1 0 1 > > 0 0 > > ]

d_7_3=2.932782983283 s=[ 0 0 0 0 - + 1 1 1 0 1 0 < > 1 1 < > ]

d_7_3=2.932782983283 s=[ 0 0 0 0 - - 0 0 0 1 0 1 > > 0 0 > > ]

d_7_3=2.932983183483 s=[ 0 0 0 0 - + 1 1 1 0 1 0 < > 1 1 < > ]

d_7_3=2.932983183483 s=[ 0 0 0 0 - - 0 0 0 1 0 1 > > 0 0 > > ]

d_7_3=2.933183383684 s=[ 0 0 0 0 - + 1 1 1 0 1 0 < > 1 1 < > ]

d_7_3=2.933183383684 s=[ 0 0 0 0 - - 0 0 0 1 0 1 > > 0 0 > > ]

d_7_3=2.933383583884 s=[ 0 0 0 0 - + 1 1 1 0 1 0 < > 1 1 < > ]

d_7_3=2.933383583884 s=[ 0 0 0 0 - - 0 0 0 1 0 1 > > 0 0 > > ]

d_7_3=2.933583784084 s=[ 0 0 0 0 - + 1 1 1 0 1 0 < > 1 1 < > ]

d_7_3=2.933583784084 s=[ 0 0 0 0 - - 0 0 0 1 0 1 > > 0 0 > > ]

d_7_3=2.933783984284 s=[ 0 0 0 0 - + 1 1 1 0 1 0 < > 1 1 < > ]

d_7_3=2.933783984284 s=[ 0 0 0 0 - - 0 0 0 1 0 1 > > 0 0 > > ]

d_7_3=2.933984184484 s=[ 0 0 0 0 - + 1 1 1 0 1 0 < > 1 1 < > ]

d_7_3=2.933984184484 s=[ 0 0 0 0 - - 0 0 0 1 0 1 > > 0 0 > > ]

d_7_3=2.934184384685 s=[ 0 0 0 0 - - 0 0 0 1 0 1 > > 0 0 > > ]

d_7_3=2.934384584885 s=[ 0 0 0 0 - - 0 0 0 1 0 1 > > 0 0 > > ]

d_7_3=2.934584785085 s=[ 0 0 0 0 - - 0 0 0 1 0 1 > > 0 0 > > ]

d_7_3=2.934784985285 s=[ 0 0 0 0 - - 0 0 0 1 0 1 > > 0 0 > > ]

d_7_3=2.934985185485 s=[ 0 0 0 0 - - 0 0 0 1 0 1 > > 0 0 > > ]

d_7_3=2.935185385686 s=[ 0 0 0 0 - - 0 0 0 1 0 1 > > 0 0 > > ]

d_7_3=2.935385585886 s=[ 0 0 0 0 - - 0 0 0 1 0 1 > > 0 0 > > ]

d_7_3=2.935585786086 s=[ 0 0 0 0 - - 0 0 0 1 0 1 > > 0 0 > > ]

d_7_3=2.935785986286 s=[ 0 0 0 0 - - 0 0 0 1 0 1 > > 0 0 > > ]

d_7_3=2.935986186486 s=[ 0 0 0 0 - - 0 0 0 1 0 1 > > 0 0 > > ]

d_7_3=2.910560761061 s=[ 0 0 0 1 + - 0 0 0 1 0 1 > > 0 0 > > ]

d_7_3=2.910760961261 s=[ 0 0 0 1 + - 0 0 0 1 0 1 > > 0 0 > > ]

d_7_3=2.910961161461 s=[ 0 0 0 1 + - 0 0 0 1 0 1 > > 0 0 > > ]

d_7_3=2.911161361662 s=[ 0 0 0 1 + - 0 0 0 1 0 1 > > 0 0 > > ]

d_7_3=2.911361561862 s=[ 0 0 0 1 + - 0 0 0 1 0 1 > > 0 0 > > ]

d_7_3=2.911561762062 s=[ 0 0 0 1 + - 0 0 0 1 0 1 > > 0 0 > > ]

d_7_3=2.911761962262 s=[ 0 0 0 1 + - 0 0 0 1 0 1 > > 0 0 > > ]

d_7_3=2.911962162462 s=[ 0 0 0 1 + - 0 0 0 1 0 1 > > 0 0 > > ]

d_7_3=2.912162362663 s=[ 0 0 0 1 + - 0 0 0 1 0 1 > > 0 0 > > ]

d_7_3=2.912362562863 s=[ 0 0 0 1 + - 0 0 0 1 0 1 > > 0 0 > > ]

d_7_3=2.912562763063 s=[ 0 0 0 1 + - 0 0 0 1 0 1 > > 0 0 > > ]

d_7_3=2.912762963263 s=[ 0 0 0 1 + - 0 0 0 1 0 1 > > 0 0 > > ]

d_7_3=2.912963163463 s=[ 0 0 0 1 + + 1 1 1 0 1 0 < > 1 1 < > ]

d_7_3=2.912963163463 s=[ 0 0 0 1 + - 0 0 0 1 0 1 > > 0 0 > > ]

d_7_3=2.913163363664 s=[ 0 0 0 1 + + 1 1 1 0 1 0 < > 1 1 < > ]

d_7_3=2.913163363664 s=[ 0 0 0 1 + - 0 0 0 1 0 1 > > 0 0 > > ]

d_7_3=2.913363563864 s=[ 0 0 0 1 + + 1 1 1 0 1 0 < > 1 1 < > ]

d_7_3=2.913363563864 s=[ 0 0 0 1 + - 0 0 0 1 0 1 > > 0 0 > > ]

d_7_3=2.913563764064 s=[ 0 0 0 1 + + 1 1 1 0 1 0 < > 1 1 < > ]

d_7_3=2.913563764064 s=[ 0 0 0 1 + - 0 0 0 1 0 1 > > 0 0 > > ]

d_7_3=2.913763964264 s=[ 0 0 0 1 + + 1 1 1 0 1 0 < > 1 1 < > ]

d_7_3=2.913763964264 s=[ 0 0 0 1 + - 0 0 0 1 0 1 > > 0 0 > > ]

d_7_3=2.913964164464 s=[ 0 0 0 1 + + 1 1 1 0 1 0 < > 1 1 < > ]

d_7_3=2.913964164464 s=[ 0 0 0 1 + - 0 0 0 1 0 1 > > 0 0 > > ]

d_7_3=2.914164364665 s=[ 0 0 0 1 + + 1 1 1 0 1 0 < > 1 1 < > ]

d_7_3=2.914164364665 s=[ 0 0 0 1 + - 0 0 0 1 0 1 > > 0 0 > > ]

d_7_3=2.914364564865 s=[ 0 0 0 1 + + 1 1 1 0 1 0 < > 1 1 < > ]

d_7_3=2.914364564865 s=[ 0 0 0 1 + - 0 0 0 1 0 1 > > 0 0 > > ]

d_7_3=2.914564765065 s=[ 0 0 0 1 + + 1 1 1 0 1 0 < > 1 1 < > ]

d_7_3=2.914564765065 s=[ 0 0 0 1 + - 0 0 0 1 0 1 > > 0 0 > > ]

d_7_3=2.914764965265 s=[ 0 0 0 1 + + 1 1 1 0 1 0 < > 1 1 < > ]

d_7_3=2.914764965265 s=[ 0 0 0 1 + - 0 0 0 1 0 1 > > 0 0 > > ]

d_7_3=2.914965165465 s=[ 0 0 0 1 + + 1 1 1 0 1 0 < > 1 1 < > ]

d_7_3=2.914965165465 s=[ 0 0 0 1 + - 0 0 0 1 0 1 > > 0 0 > > ]

d_7_3=2.915165365666 s=[ 0 0 0 1 + + 1 1 1 0 1 0 < > 1 1 < > ]

d_7_3=2.915165365666 s=[ 0 0 0 1 + - 0 0 0 1 0 1 > > 0 0 > > ]

d_7_3=2.915365565866 s=[ 0 0 0 1 + + 1 1 1 0 1 0 < > 1 1 < > ]

d_7_3=2.915365565866 s=[ 0 0 0 1 + - 0 0 0 1 0 1 > > 0 0 > > ]

d_7_3=2.915565766066 s=[ 0 0 0 1 + + 1 1 1 0 1 0 < > 1 1 < > ]

d_7_3=2.915565766066 s=[ 0 0 0 1 + - 0 0 0 1 0 1 > > 0 0 > > ]

d_7_3=2.915765966266 s=[ 0 0 0 1 + + 1 1 1 0 1 0 < > 1 1 < > ]

d_7_3=2.915765966266 s=[ 0 0 0 1 + - 0 0 0 1 0 1 > > 0 0 > > ]

d_7_3=2.915966166466 s=[ 0 0 0 1 + + 1 1 1 0 1 0 < > 1 1 < > ]

d_7_3=2.915966166466 s=[ 0 0 0 1 + - 0 0 0 1 0 1 > > 0 0 > > ]

d_7_3=2.916166366667 s=[ 0 0 0 1 + + 1 1 1 0 1 0 < > 1 1 < > ]

d_7_3=2.916166366667 s=[ 0 0 0 1 + - 0 0 0 1 0 1 > > 0 0 > > ]

d_7_3=2.916366566867 s=[ 0 0 0 1 + + 1 1 1 0 1 0 < > 1 1 < > ]

d_7_3=2.916366566867 s=[ 0 0 0 1 + - 0 0 0 1 0 1 > > 0 0 > > ]

d_7_3=2.916566767067 s=[ 0 0 0 1 + + 1 1 1 0 1 0 < > 1 1 < > ]

d_7_3=2.916566767067 s=[ 0 0 0 1 + - 0 0 0 1 0 1 > > 0 0 > > ]

d_7_3=2.916766967267 s=[ 0 0 0 1 + + 1 1 1 0 1 0 < > 1 1 < > ]

d_7_3=2.916766967267 s=[ 0 0 0 1 + - 0 0 0 1 0 1 > > 0 0 > > ]

d_7_3=2.916967167467 s=[ 0 0 0 1 + + 1 1 1 0 1 0 < > 1 1 < > ]

d_7_3=2.916967167467 s=[ 0 0 0 1 + - 0 0 0 1 0 1 > > 0 0 > > ]

d_7_3=2.917167367668 s=[ 0 0 0 1 + + 1 1 1 0 1 0 < > 1 1 < > ]

d_7_3=2.917167367668 s=[ 0 0 0 1 + - 0 0 0 1 0 1 > > 0 0 > > ]

d_7_3=2.917367567868 s=[ 0 0 0 1 + + 1 1 1 0 1 0 < > 1 1 < > ]

d_7_3=2.917367567868 s=[ 0 0 0 1 + - 0 0 0 1 0 1 > > 0 0 > > ]

d_7_3=2.917567768068 s=[ 0 0 0 1 + + 1 1 1 0 1 0 < > 1 1 < > ]

d_7_3=2.917567768068 s=[ 0 0 0 1 + - 0 0 0 1 0 1 > > 0 0 > > ]

d_7_3=2.917767968268 s=[ 0 0 0 1 + + 1 1 1 0 1 0 < > 1 1 < > ]

d_7_3=2.917767968268 s=[ 0 0 0 1 + - 0 0 0 1 0 1 > > 0 0 > > ]

d_7_3=2.917968168468 s=[ 0 0 0 1 + + 1 1 1 0 1 0 < > 1 1 < > ]

d_7_3=2.917968168468 s=[ 0 0 0 1 + - 0 0 0 1 0 1 > > 0 0 > > ]

d_7_3=2.918168368669 s=[ 0 0 0 1 + + 1 1 1 0 1 0 < > 1 1 < > ]

d_7_3=2.918168368669 s=[ 0 0 0 1 + - 0 0 0 1 0 1 > > 0 0 > > ]

d_7_3=2.918368568869 s=[ 0 0 0 1 + + 1 1 1 0 1 0 < > 1 1 < > ]

d_7_3=2.918368568869 s=[ 0 0 0 1 + - 0 0 0 1 0 1 > > 0 0 > > ]

d_7_3=2.918568769069 s=[ 0 0 0 1 + + 1 1 1 0 1 0 < > 1 1 < > ]

d_7_3=2.918568769069 s=[ 0 0 0 1 + - 0 0 0 1 0 1 > > 0 0 > > ]

d_7_3=2.918768969269 s=[ 0 0 0 1 + + 1 1 1 0 1 0 < > 1 1 < > ]

d_7_3=2.918768969269 s=[ 0 0 0 1 + - 0 0 0 1 0 1 > > 0 0 > > ]

d_7_3=2.918969169469 s=[ 0 0 0 1 + + 1 1 1 0 1 0 < > 1 1 < > ]

d_7_3=2.918969169469 s=[ 0 0 0 1 + - 0 0 0 1 0 1 > > 0 0 > > ]

d_7_3=2.919169369670 s=[ 0 0 0 1 + + 1 1 1 0 1 0 < > 1 1 < > ]

d_7_3=2.919169369670 s=[ 0 0 0 1 + - 0 0 0 1 0 1 > > 0 0 > > ]

d_7_3=2.919369569870 s=[ 0 0 0 1 + + 1 1 1 0 1 0 < > 1 1 < > ]

d_7_3=2.919369569870 s=[ 0 0 0 1 + - 0 0 0 1 0 1 > > 0 0 > > ]

d_7_3=2.919569770070 s=[ 0 0 0 1 + + 1 1 1 0 1 0 < > 1 1 < > ]

d_7_3=2.919569770070 s=[ 0 0 0 1 + - 0 0 0 1 0 1 > > 0 0 > > ]

d_7_3=2.919769970270 s=[ 0 0 0 1 + + 1 1 1 0 1 0 < > 1 1 < > ]

d_7_3=2.919769970270 s=[ 0 0 0 1 + - 0 0 0 1 0 1 > > 0 0 > > ]

d_7_3=2.919970170470 s=[ 0 0 0 1 + + 1 1 1 0 1 0 < > 1 1 < > ]

d_7_3=2.919970170470 s=[ 0 0 0 1 + - 0 0 0 1 0 1 > > 0 0 > > ]

d_7_3=2.920170370671 s=[ 0 0 0 1 + + 1 1 1 0 1 0 < > 1 1 < > ]

d_7_3=2.920170370671 s=[ 0 0 0 1 + - 0 0 0 1 0 1 > > 0 0 > > ]

d_7_3=2.920370570871 s=[ 0 0 0 1 + + 1 1 1 0 1 0 < > 1 1 < > ]

d_7_3=2.920370570871 s=[ 0 0 0 1 + - 0 0 0 1 0 1 > > 0 0 > > ]

d_7_3=2.920570771071 s=[ 0 0 0 1 + + 1 1 1 0 1 0 < > 1 1 < > ]

d_7_3=2.920570771071 s=[ 0 0 0 1 + - 0 0 0 1 0 1 > > 0 0 > > ]

d_7_3=2.920770971271 s=[ 0 0 0 1 + + 1 1 1 0 1 0 < > 1 1 < > ]

d_7_3=2.920770971271 s=[ 0 0 0 1 + - 0 0 0 1 0 1 > > 0 0 > > ]

d_7_3=2.920971171471 s=[ 0 0 0 1 + + 1 1 1 0 1 0 < > 1 1 < > ]

d_7_3=2.920971171471 s=[ 0 0 0 1 + - 0 0 0 1 0 1 > > 0 0 > > ]

d_7_3=2.921171371672 s=[ 0 0 0 1 + + 1 1 1 0 1 0 < > 1 1 < > ]

d_7_3=2.921171371672 s=[ 0 0 0 1 + - 0 0 0 1 0 1 > > 0 0 > > ]

d_7_3=2.921371571872 s=[ 0 0 0 1 + + 1 1 1 0 1 0 < > 1 1 < > ]

d_7_3=2.921371571872 s=[ 0 0 0 1 + - 0 0 0 1 0 1 > > 0 0 > > ]

d_7_3=2.921571772072 s=[ 0 0 0 1 + + 1 1 1 0 1 0 < > 1 1 < > ]

d_7_3=2.921571772072 s=[ 0 0 0 1 + - 0 0 0 1 0 1 > > 0 0 > > ]

d_7_3=2.921771972272 s=[ 0 0 0 1 + + 1 1 1 0 1 0 < > 1 1 < > ]

d_7_3=2.921771972272 s=[ 0 0 0 1 + - 0 0 0 1 0 1 > > 0 0 > > ]

d_7_3=2.921972172472 s=[ 0 0 0 1 + + 1 1 1 0 1 0 < > 1 1 < > ]

d_7_3=2.921972172472 s=[ 0 0 0 1 + - 0 0 0 1 0 1 > > 0 0 > > ]

d_7_3=2.922172372673 s=[ 0 0 0 1 + + 1 1 1 0 1 0 < > 1 1 < > ]

d_7_3=2.922172372673 s=[ 0 0 0 1 + - 0 0 0 1 0 1 > > 0 0 > > ]

d_7_3=2.922372572873 s=[ 0 0 0 1 + + 1 1 1 0 1 0 < > 1 1 < > ]

d_7_3=2.922372572873 s=[ 0 0 0 1 + - 0 0 0 1 0 1 > > 0 0 > > ]

d_7_3=2.922572773073 s=[ 0 0 0 1 + + 1 1 1 0 1 0 < > 1 1 < > ]

d_7_3=2.922572773073 s=[ 0 0 0 1 + - 0 0 0 1 0 1 > > 0 0 > > ]

d_7_3=2.922772973273 s=[ 0 0 0 1 + + 1 1 1 0 1 0 < > 1 1 < > ]

d_7_3=2.922772973273 s=[ 0 0 0 1 + - 0 0 0 1 0 1 > > 0 0 > > ]

d_7_3=2.922973173473 s=[ 0 0 0 1 + + 1 1 1 0 1 0 < > 1 1 < > ]

d_7_3=2.922973173473 s=[ 0 0 0 1 + - 0 0 0 1 0 1 > > 0 0 > > ]

d_7_3=2.923173373674 s=[ 0 0 0 1 + + 1 1 1 0 1 0 < > 1 1 < > ]

d_7_3=2.923173373674 s=[ 0 0 0 1 + - 0 0 0 1 0 1 > > 0 0 > > ]

d_7_3=2.923373573874 s=[ 0 0 0 1 + + 1 1 1 0 1 0 < > 1 1 < > ]

d_7_3=2.923373573874 s=[ 0 0 0 1 + - 0 0 0 1 0 1 > > 0 0 > > ]

d_7_3=2.923573774074 s=[ 0 0 0 1 + + 1 1 1 0 1 0 < > 1 1 < > ]

d_7_3=2.923573774074 s=[ 0 0 0 1 + - 0 0 0 1 0 1 > > 0 0 > > ]

d_7_3=2.923773974274 s=[ 0 0 0 1 + + 1 1 1 0 1 0 < > 1 1 < > ]

d_7_3=2.923773974274 s=[ 0 0 0 1 + - 0 0 0 1 0 1 > > 0 0 > > ]

d_7_3=2.923974174474 s=[ 0 0 0 1 + + 1 1 1 0 1 0 < > 1 1 < > ]

d_7_3=2.923974174474 s=[ 0 0 0 1 + - 0 0 0 1 0 1 > > 0 0 > > ]

d_7_3=2.924174374675 s=[ 0 0 0 1 + + 1 1 1 0 1 0 < > 1 1 < > ]

d_7_3=2.924174374675 s=[ 0 0 0 1 + - 0 0 0 1 0 1 > > 0 0 > > ]

d_7_3=2.924374574875 s=[ 0 0 0 1 + + 1 1 1 0 1 0 < > 1 1 < > ]

d_7_3=2.924374574875 s=[ 0 0 0 1 + - 0 0 0 1 0 1 > > 0 0 > > ]

d_7_3=2.924574775075 s=[ 0 0 0 1 + + 1 1 1 0 1 0 < > 1 1 < > ]

d_7_3=2.924574775075 s=[ 0 0 0 1 + - 0 0 0 1 0 1 > > 0 0 > > ]

d_7_3=2.924774975275 s=[ 0 0 0 1 + + 1 1 1 0 1 0 < > 1 1 < > ]

d_7_3=2.924774975275 s=[ 0 0 0 1 + - 0 0 0 1 0 1 > > 0 0 > > ]

d_7_3=2.924975175475 s=[ 0 0 0 1 + + 1 1 1 0 1 0 < > 1 1 < > ]

d_7_3=2.924975175475 s=[ 0 0 0 1 + - 0 0 0 1 0 1 > > 0 0 > > ]

d_7_3=2.925175375676 s=[ 0 0 0 1 + + 1 1 1 0 1 0 < > 1 1 < > ]

d_7_3=2.925175375676 s=[ 0 0 0 1 + - 0 0 0 1 0 1 > > 0 0 > > ]

d_7_3=2.925375575876 s=[ 0 0 0 1 + + 1 1 1 0 1 0 < > 1 1 < > ]

d_7_3=2.925375575876 s=[ 0 0 0 1 + - 0 0 0 1 0 1 > > 0 0 > > ]

d_7_3=2.925575776076 s=[ 0 0 0 1 + + 1 1 1 0 1 0 < > 1 1 < > ]

d_7_3=2.925575776076 s=[ 0 0 0 1 + - 0 0 0 1 0 1 > > 0 0 > > ]

d_7_3=2.925775976276 s=[ 0 0 0 1 + + 1 1 1 0 1 0 < > 1 1 < > ]

d_7_3=2.925775976276 s=[ 0 0 0 1 + - 0 0 0 1 0 1 > > 0 0 > > ]

d_7_3=2.925976176476 s=[ 0 0 0 1 + + 1 1 1 0 1 0 < > 1 1 < > ]

d_7_3=2.925976176476 s=[ 0 0 0 1 + - 0 0 0 1 0 1 > > 0 0 > > ]

d_7_3=2.926176376677 s=[ 0 0 0 1 + + 1 1 1 0 1 0 < > 1 1 < > ]

d_7_3=2.926176376677 s=[ 0 0 0 1 + - 0 0 0 1 0 1 > > 0 0 > > ]

d_7_3=2.926376576877 s=[ 0 0 0 1 + + 1 1 1 0 1 0 < > 1 1 < > ]

d_7_3=2.926376576877 s=[ 0 0 0 1 + - 0 0 0 1 0 1 > > 0 0 > > ]

d_7_3=2.926576777077 s=[ 0 0 0 1 + + 1 1 1 0 1 0 < > 1 1 < > ]

d_7_3=2.926576777077 s=[ 0 0 0 1 + - 0 0 0 1 0 1 > > 0 0 > > ]

d_7_3=2.926776977277 s=[ 0 0 0 1 + + 1 1 1 0 1 0 < > 1 1 < > ]

d_7_3=2.926776977277 s=[ 0 0 0 1 + - 0 0 0 1 0 1 > > 0 0 > > ]

d_7_3=2.926977177477 s=[ 0 0 0 1 + + 1 1 1 0 1 0 < > 1 1 < > ]

d_7_3=2.926977177477 s=[ 0 0 0 1 + - 0 0 0 1 0 1 > > 0 0 > > ]

d_7_3=2.927177377678 s=[ 0 0 0 1 + + 1 1 1 0 1 0 < > 1 1 < > ]

d_7_3=2.927177377678 s=[ 0 0 0 1 + - 0 0 0 1 0 1 > > 0 0 > > ]

d_7_3=2.927377577878 s=[ 0 0 0 1 + + 1 1 1 0 1 0 < > 1 1 < > ]

d_7_3=2.927377577878 s=[ 0 0 0 1 + - 0 0 0 1 0 1 > > 0 0 > > ]

d_7_3=2.927577778078 s=[ 0 0 0 1 + + 1 1 1 0 1 0 < > 1 1 < > ]

d_7_3=2.927577778078 s=[ 0 0 0 1 + - 0 0 0 1 0 1 > > 0 0 > > ]

d_7_3=2.927777978278 s=[ 0 0 0 1 + + 1 1 1 0 1 0 < > 1 1 < > ]

d_7_3=2.927777978278 s=[ 0 0 0 1 + - 0 0 0 1 0 1 > > 0 0 > > ]

d_7_3=2.927978178478 s=[ 0 0 0 1 + + 1 1 1 0 1 0 < > 1 1 < > ]

d_7_3=2.927978178478 s=[ 0 0 0 1 + - 0 0 0 1 0 1 > > 0 0 > > ]

d_7_3=2.928178378679 s=[ 0 0 0 1 + + 1 1 1 0 1 0 < > 1 1 < > ]

d_7_3=2.928178378679 s=[ 0 0 0 1 + - 0 0 0 1 0 1 > > 0 0 > > ]

d_7_3=2.928378578879 s=[ 0 0 0 1 + + 1 1 1 0 1 0 < > 1 1 < > ]

d_7_3=2.928378578879 s=[ 0 0 0 1 + - 0 0 0 1 0 1 > > 0 0 > > ]

d_7_3=2.928578779079 s=[ 0 0 0 1 + + 1 1 1 0 1 0 < > 1 1 < > ]

d_7_3=2.928578779079 s=[ 0 0 0 1 + - 0 0 0 1 0 1 > > 0 0 > > ]

d_7_3=2.928778979279 s=[ 0 0 0 1 + + 1 1 1 0 1 0 < > 1 1 < > ]

d_7_3=2.928778979279 s=[ 0 0 0 1 + - 0 0 0 1 0 1 > > 0 0 > > ]

d_7_3=2.928979179479 s=[ 0 0 0 1 + + 1 1 1 0 1 0 < > 1 1 < > ]

d_7_3=2.928979179479 s=[ 0 0 0 1 + - 0 0 0 1 0 1 > > 0 0 > > ]

d_7_3=2.929179379680 s=[ 0 0 0 1 + + 1 1 1 0 1 0 < > 1 1 < > ]

d_7_3=2.929179379680 s=[ 0 0 0 1 + - 0 0 0 1 0 1 > > 0 0 > > ]

d_7_3=2.929379579880 s=[ 0 0 0 1 + + 1 1 1 0 1 0 < > 1 1 < > ]

d_7_3=2.929379579880 s=[ 0 0 0 1 + - 0 0 0 1 0 1 > > 0 0 > > ]

d_7_3=2.929579780080 s=[ 0 0 0 1 + + 1 1 1 0 1 0 < > 1 1 < > ]

d_7_3=2.929579780080 s=[ 0 0 0 1 + - 0 0 0 1 0 1 > > 0 0 > > ]

d_7_3=2.929779980280 s=[ 0 0 0 1 + + 1 1 1 0 1 0 < > 1 1 < > ]

d_7_3=2.929779980280 s=[ 0 0 0 1 + - 0 0 0 1 0 1 > > 0 0 > > ]

d_7_3=2.929980180480 s=[ 0 0 0 1 + + 1 1 1 0 1 0 < > 1 1 < > ]

d_7_3=2.929980180480 s=[ 0 0 0 1 + - 0 0 0 1 0 1 > > 0 0 > > ]

d_7_3=2.930180380681 s=[ 0 0 0 1 + + 1 1 1 0 1 0 < > 1 1 < > ]

d_7_3=2.930180380681 s=[ 0 0 0 1 + - 0 0 0 1 0 1 > > 0 0 > > ]

d_7_3=2.930380580881 s=[ 0 0 0 1 + + 1 1 1 0 1 0 < > 1 1 < > ]

d_7_3=2.930380580881 s=[ 0 0 0 1 + - 0 0 0 1 0 1 > > 0 0 > > ]

d_7_3=2.930580781081 s=[ 0 0 0 1 + + 1 1 1 0 1 0 < > 1 1 < > ]

d_7_3=2.930580781081 s=[ 0 0 0 1 + - 0 0 0 1 0 1 > > 0 0 > > ]

d_7_3=2.930780981281 s=[ 0 0 0 1 + + 1 1 1 0 1 0 < > 1 1 < > ]

d_7_3=2.930780981281 s=[ 0 0 0 1 + - 0 0 0 1 0 1 > > 0 0 > > ]

d_7_3=2.930981181481 s=[ 0 0 0 1 + + 1 1 1 0 1 0 < > 1 1 < > ]

d_7_3=2.930981181481 s=[ 0 0 0 1 + - 0 0 0 1 0 1 > > 0 0 > > ]

d_7_3=2.931181381682 s=[ 0 0 0 1 + + 1 1 1 0 1 0 < > 1 1 < > ]

d_7_3=2.931181381682 s=[ 0 0 0 1 + - 0 0 0 1 0 1 > > 0 0 > > ]

d_7_3=2.931381581882 s=[ 0 0 0 1 + + 1 1 1 0 1 0 < > 1 1 < > ]

d_7_3=2.931381581882 s=[ 0 0 0 1 + - 0 0 0 1 0 1 > > 0 0 > > ]

d_7_3=2.931581782082 s=[ 0 0 0 1 + + 1 1 1 0 1 0 < > 1 1 < > ]

d_7_3=2.931581782082 s=[ 0 0 0 1 + - 0 0 0 1 0 1 > > 0 0 > > ]

d_7_3=2.931781982282 s=[ 0 0 0 1 + + 1 1 1 0 1 0 < > 1 1 < > ]

d_7_3=2.931781982282 s=[ 0 0 0 1 + - 0 0 0 1 0 1 > > 0 0 > > ]

d_7_3=2.931982182482 s=[ 0 0 0 1 + + 1 1 1 0 1 0 < > 1 1 < > ]

d_7_3=2.931982182482 s=[ 0 0 0 1 + - 0 0 0 1 0 1 > > 0 0 > > ]

d_7_3=2.932182382683 s=[ 0 0 0 1 + + 1 1 1 0 1 0 < > 1 1 < > ]

d_7_3=2.932182382683 s=[ 0 0 0 1 + - 0 0 0 1 0 1 > > 0 0 > > ]

d_7_3=2.932382582883 s=[ 0 0 0 1 + + 1 1 1 0 1 0 < > 1 1 < > ]

d_7_3=2.932382582883 s=[ 0 0 0 1 + - 0 0 0 1 0 1 > > 0 0 > > ]

d_7_3=2.932582783083 s=[ 0 0 0 1 + + 1 1 1 0 1 0 < > 1 1 < > ]

d_7_3=2.932582783083 s=[ 0 0 0 1 + - 0 0 0 1 0 1 > > 0 0 > > ]

d_7_3=2.932782983283 s=[ 0 0 0 1 + + 1 1 1 0 1 0 < > 1 1 < > ]

d_7_3=2.932782983283 s=[ 0 0 0 1 + - 0 0 0 1 0 1 > > 0 0 > > ]

d_7_3=2.932983183483 s=[ 0 0 0 1 + + 1 1 1 0 1 0 < > 1 1 < > ]

d_7_3=2.932983183483 s=[ 0 0 0 1 + - 0 0 0 1 0 1 > > 0 0 > > ]

d_7_3=2.933183383684 s=[ 0 0 0 1 + + 1 1 1 0 1 0 < > 1 1 < > ]

d_7_3=2.933183383684 s=[ 0 0 0 1 + - 0 0 0 1 0 1 > > 0 0 > > ]

d_7_3=2.933383583884 s=[ 0 0 0 1 + + 1 1 1 0 1 0 < > 1 1 < > ]

d_7_3=2.933383583884 s=[ 0 0 0 1 + - 0 0 0 1 0 1 > > 0 0 > > ]

d_7_3=2.933583784084 s=[ 0 0 0 1 + + 1 1 1 0 1 0 < > 1 1 < > ]

d_7_3=2.933583784084 s=[ 0 0 0 1 + - 0 0 0 1 0 1 > > 0 0 > > ]

d_7_3=2.933783984284 s=[ 0 0 0 1 + + 1 1 1 0 1 0 < > 1 1 < > ]

d_7_3=2.933783984284 s=[ 0 0 0 1 + - 0 0 0 1 0 1 > > 0 0 > > ]

d_7_3=2.933984184484 s=[ 0 0 0 1 + + 1 1 1 0 1 0 < > 1 1 < > ]

d_7_3=2.933984184484 s=[ 0 0 0 1 + - 0 0 0 1 0 1 > > 0 0 > > ]

d_7_3=2.934184384685 s=[ 0 0 0 1 + + 1 1 1 0 1 0 < > 1 1 < > ]

d_7_3=2.934384584885 s=[ 0 0 0 1 + + 1 1 1 0 1 0 < > 1 1 < > ]

d_7_3=2.934584785085 s=[ 0 0 0 1 + + 1 1 1 0 1 0 < > 1 1 < > ]

d_7_3=2.934784985285 s=[ 0 0 0 1 + + 1 1 1 0 1 0 < > 1 1 < > ]

d_7_3=2.934985185485 s=[ 0 0 0 1 + + 1 1 1 0 1 0 < > 1 1 < > ]

d_7_3=2.935185385686 s=[ 0 0 0 1 + + 1 1 1 0 1 0 < > 1 1 < > ]

d_7_3=2.935385585886 s=[ 0 0 0 1 + + 1 1 1 0 1 0 < > 1 1 < > ]

d_7_3=2.935585786086 s=[ 0 0 0 1 + + 1 1 1 0 1 0 < > 1 1 < > ]

d_7_3=2.935785986286 s=[ 0 0 0 1 + + 1 1 1 0 1 0 < > 1 1 < > ]

d_7_3=2.935986186486 s=[ 0 0 0 1 + + 1 1 1 0 1 0 < > 1 1 < > ]

d_7_3=2.909359559860 s=[ 0 0 0 1 - - 0 0 0 1 0 1 > > 0 0 > > ]

d_7_3=2.909559760060 s=[ 0 0 0 1 - - 0 0 0 1 0 1 > > 0 0 > > ]

d_7_3=2.909759960260 s=[ 0 0 0 1 - - 0 0 0 1 0 1 > > 0 0 > > ]

d_7_3=2.909960160460 s=[ 0 0 0 1 - - 0 0 0 1 0 1 > > 0 0 > > ]

d_7_3=2.910160360661 s=[ 0 0 0 1 - - 0 0 0 1 0 1 > > 0 0 > > ]

d_7_3=2.910360560861 s=[ 0 0 0 1 - - 0 0 0 1 0 1 > > 0 0 > > ]

d_7_3=2.910560761061 s=[ 0 0 0 1 - - 0 0 0 1 0 1 > > 0 0 > > ]

d_7_3=2.910760961261 s=[ 0 0 0 1 - - 0 0 0 1 0 1 > > 0 0 > > ]

d_7_3=2.910961161461 s=[ 0 0 0 1 - - 0 0 0 1 0 1 > > 0 0 > > ]

d_7_3=2.911161361662 s=[ 0 0 0 1 - - 0 0 0 1 0 1 > > 0 0 > > ]

d_7_3=2.911361561862 s=[ 0 0 0 1 - - 0 0 0 1 0 1 > > 0 0 > > ]

d_7_3=2.911561762062 s=[ 0 0 0 1 - - 0 0 0 1 0 1 > > 0 0 > > ]

d_7_3=2.911761962262 s=[ 0 0 0 1 - - 0 0 0 1 0 1 > > 0 0 > > ]

d_7_3=2.911962162462 s=[ 0 0 0 1 - - 0 0 0 1 0 1 > > 0 0 > > ]

d_7_3=2.912162362663 s=[ 0 0 0 1 - - 0 0 0 1 0 1 > > 0 0 > > ]

d_7_3=2.912362562863 s=[ 0 0 0 1 - - 0 0 0 1 0 1 > > 0 0 > > ]

d_7_3=2.912562763063 s=[ 0 0 0 1 - - 0 0 0 1 0 1 > > 0 0 > > ]

d_7_3=2.912762963263 s=[ 0 0 0 1 - - 0 0 0 1 0 1 > > 0 0 > > ]

d_7_3=2.912963163463 s=[ 0 0 0 1 - - 0 0 0 1 0 1 > > 0 0 > > ]

d_7_3=2.913163363664 s=[ 0 0 0 1 - - 0 0 0 1 0 1 > > 0 0 > > ]

d_7_3=2.913363563864 s=[ 0 0 0 1 - - 0 0 0 1 0 1 > > 0 0 > > ]

d_7_3=2.913563764064 s=[ 0 0 0 1 - - 0 0 0 1 0 1 > > 0 0 > > ]

d_7_3=2.913763964264 s=[ 0 0 0 1 - - 0 0 0 1 0 1 > > 0 0 > > ]

d_7_3=2.913964164464 s=[ 0 0 0 1 - - 0 0 0 1 0 1 > > 0 0 > > ]

d_7_3=2.914164364665 s=[ 0 0 0 1 - + 1 1 1 0 1 0 < > 1 1 < > ]

d_7_3=2.914164364665 s=[ 0 0 0 1 - - 0 0 0 1 0 1 > > 0 0 > > ]

d_7_3=2.914364564865 s=[ 0 0 0 1 - + 1 1 1 0 1 0 < > 1 1 < > ]

d_7_3=2.914364564865 s=[ 0 0 0 1 - - 0 0 0 1 0 1 > > 0 0 > > ]

d_7_3=2.914564765065 s=[ 0 0 0 1 - + 1 1 1 0 1 0 < > 1 1 < > ]

d_7_3=2.914564765065 s=[ 0 0 0 1 - - 0 0 0 1 0 1 > > 0 0 > > ]

d_7_3=2.914764965265 s=[ 0 0 0 1 - + 1 1 1 0 1 0 < > 1 1 < > ]

d_7_3=2.914764965265 s=[ 0 0 0 1 - - 0 0 0 1 0 1 > > 0 0 > > ]

d_7_3=2.914965165465 s=[ 0 0 0 1 - + 1 1 1 0 1 0 < > 1 1 < > ]

d_7_3=2.914965165465 s=[ 0 0 0 1 - - 0 0 0 1 0 1 > > 0 0 > > ]

d_7_3=2.915165365666 s=[ 0 0 0 1 - + 1 1 1 0 1 0 < > 1 1 < > ]

d_7_3=2.915165365666 s=[ 0 0 0 1 - - 0 0 0 1 0 1 > > 0 0 > > ]

d_7_3=2.915365565866 s=[ 0 0 0 1 - + 1 1 1 0 1 0 < > 1 1 < > ]

d_7_3=2.915365565866 s=[ 0 0 0 1 - - 0 0 0 1 0 1 > > 0 0 > > ]

d_7_3=2.915565766066 s=[ 0 0 0 1 - + 1 1 1 0 1 0 < > 1 1 < > ]

d_7_3=2.915565766066 s=[ 0 0 0 1 - - 0 0 0 1 0 1 > > 0 0 > > ]

d_7_3=2.915765966266 s=[ 0 0 0 1 - + 1 1 1 0 1 0 < > 1 1 < > ]

d_7_3=2.915765966266 s=[ 0 0 0 1 - - 0 0 0 1 0 1 > > 0 0 > > ]

d_7_3=2.915966166466 s=[ 0 0 0 1 - + 1 1 1 0 1 0 < > 1 1 < > ]

d_7_3=2.915966166466 s=[ 0 0 0 1 - - 0 0 0 1 0 1 > > 0 0 > > ]

d_7_3=2.916166366667 s=[ 0 0 0 1 - + 1 1 1 0 1 0 < > 1 1 < > ]

d_7_3=2.916166366667 s=[ 0 0 0 1 - - 0 0 0 1 0 1 > > 0 0 > > ]

d_7_3=2.916366566867 s=[ 0 0 0 1 - + 1 1 1 0 1 0 < > 1 1 < > ]

d_7_3=2.916366566867 s=[ 0 0 0 1 - - 0 0 0 1 0 1 > > 0 0 > > ]

d_7_3=2.916566767067 s=[ 0 0 0 1 - + 1 1 1 0 1 0 < > 1 1 < > ]

d_7_3=2.916566767067 s=[ 0 0 0 1 - - 0 0 0 1 0 1 > > 0 0 > > ]

d_7_3=2.916766967267 s=[ 0 0 0 1 - + 1 1 1 0 1 0 < > 1 1 < > ]

d_7_3=2.916766967267 s=[ 0 0 0 1 - - 0 0 0 1 0 1 > > 0 0 > > ]

d_7_3=2.916967167467 s=[ 0 0 0 1 - + 1 1 1 0 1 0 < > 1 1 < > ]

d_7_3=2.916967167467 s=[ 0 0 0 1 - - 0 0 0 1 0 1 > > 0 0 > > ]

d_7_3=2.917167367668 s=[ 0 0 0 1 - + 1 1 1 0 1 0 < > 1 1 < > ]

d_7_3=2.917167367668 s=[ 0 0 0 1 - - 0 0 0 1 0 1 > > 0 0 > > ]

d_7_3=2.917367567868 s=[ 0 0 0 1 - + 1 1 1 0 1 0 < > 1 1 < > ]

d_7_3=2.917367567868 s=[ 0 0 0 1 - - 0 0 0 1 0 1 > > 0 0 > > ]

d_7_3=2.917567768068 s=[ 0 0 0 1 - + 1 1 1 0 1 0 < > 1 1 < > ]

d_7_3=2.917567768068 s=[ 0 0 0 1 - - 0 0 0 1 0 1 > > 0 0 > > ]

d_7_3=2.917767968268 s=[ 0 0 0 1 - + 1 1 1 0 1 0 < > 1 1 < > ]

d_7_3=2.917767968268 s=[ 0 0 0 1 - - 0 0 0 1 0 1 > > 0 0 > > ]

d_7_3=2.917968168468 s=[ 0 0 0 1 - + 1 1 1 0 1 0 < > 1 1 < > ]

d_7_3=2.917968168468 s=[ 0 0 0 1 - - 0 0 0 1 0 1 > > 0 0 > > ]

d_7_3=2.918168368669 s=[ 0 0 0 1 - + 1 1 1 0 1 0 < > 1 1 < > ]

d_7_3=2.918168368669 s=[ 0 0 0 1 - - 0 0 0 1 0 1 > > 0 0 > > ]

d_7_3=2.918368568869 s=[ 0 0 0 1 - + 1 1 1 0 1 0 < > 1 1 < > ]

d_7_3=2.918368568869 s=[ 0 0 0 1 - - 0 0 0 1 0 1 > > 0 0 > > ]

d_7_3=2.918568769069 s=[ 0 0 0 1 - + 1 1 1 0 1 0 < > 1 1 < > ]

d_7_3=2.918568769069 s=[ 0 0 0 1 - - 0 0 0 1 0 1 > > 0 0 > > ]

d_7_3=2.918768969269 s=[ 0 0 0 1 - + 1 1 1 0 1 0 < > 1 1 < > ]

d_7_3=2.918768969269 s=[ 0 0 0 1 - - 0 0 0 1 0 1 > > 0 0 > > ]

d_7_3=2.918969169469 s=[ 0 0 0 1 - + 1 1 1 0 1 0 < > 1 1 < > ]

d_7_3=2.918969169469 s=[ 0 0 0 1 - - 0 0 0 1 0 1 > > 0 0 > > ]

d_7_3=2.919169369670 s=[ 0 0 0 1 - + 1 1 1 0 1 0 < > 1 1 < > ]

d_7_3=2.919169369670 s=[ 0 0 0 1 - - 0 0 0 1 0 1 > > 0 0 > > ]

d_7_3=2.919369569870 s=[ 0 0 0 1 - + 1 1 1 0 1 0 < > 1 1 < > ]

d_7_3=2.919369569870 s=[ 0 0 0 1 - - 0 0 0 1 0 1 > > 0 0 > > ]

d_7_3=2.919569770070 s=[ 0 0 0 1 - + 1 1 1 0 1 0 < > 1 1 < > ]

d_7_3=2.919569770070 s=[ 0 0 0 1 - - 0 0 0 1 0 1 > > 0 0 > > ]

d_7_3=2.919769970270 s=[ 0 0 0 1 - + 1 1 1 0 1 0 < > 1 1 < > ]

d_7_3=2.919769970270 s=[ 0 0 0 1 - - 0 0 0 1 0 1 > > 0 0 > > ]

d_7_3=2.919970170470 s=[ 0 0 0 1 - + 1 1 1 0 1 0 < > 1 1 < > ]

d_7_3=2.919970170470 s=[ 0 0 0 1 - - 0 0 0 1 0 1 > > 0 0 > > ]

d_7_3=2.920170370671 s=[ 0 0 0 1 - + 1 1 1 0 1 0 < > 1 1 < > ]

d_7_3=2.920170370671 s=[ 0 0 0 1 - - 0 0 0 1 0 1 > > 0 0 > > ]

d_7_3=2.920370570871 s=[ 0 0 0 1 - + 1 1 1 0 1 0 < > 1 1 < > ]

d_7_3=2.920370570871 s=[ 0 0 0 1 - - 0 0 0 1 0 1 > > 0 0 > > ]

d_7_3=2.920570771071 s=[ 0 0 0 1 - + 1 1 1 0 1 0 < > 1 1 < > ]

d_7_3=2.920570771071 s=[ 0 0 0 1 - - 0 0 0 1 0 1 > > 0 0 > > ]

d_7_3=2.920770971271 s=[ 0 0 0 1 - + 1 1 1 0 1 0 < > 1 1 < > ]

d_7_3=2.920770971271 s=[ 0 0 0 1 - - 0 0 0 1 0 1 > > 0 0 > > ]

d_7_3=2.920971171471 s=[ 0 0 0 1 - + 1 1 1 0 1 0 < > 1 1 < > ]

d_7_3=2.920971171471 s=[ 0 0 0 1 - - 0 0 0 1 0 1 > > 0 0 > > ]

d_7_3=2.921171371672 s=[ 0 0 0 1 - + 1 1 1 0 1 0 < > 1 1 < > ]

d_7_3=2.921171371672 s=[ 0 0 0 1 - - 0 0 0 1 0 1 > > 0 0 > > ]

d_7_3=2.921371571872 s=[ 0 0 0 1 - + 1 1 1 0 1 0 < > 1 1 < > ]

d_7_3=2.921371571872 s=[ 0 0 0 1 - - 0 0 0 1 0 1 > > 0 0 > > ]

d_7_3=2.921571772072 s=[ 0 0 0 1 - + 1 1 1 0 1 0 < > 1 1 < > ]

d_7_3=2.921571772072 s=[ 0 0 0 1 - - 0 0 0 1 0 1 > > 0 0 > > ]

d_7_3=2.921771972272 s=[ 0 0 0 1 - + 1 1 1 0 1 0 < > 1 1 < > ]

d_7_3=2.921771972272 s=[ 0 0 0 1 - - 0 0 0 1 0 1 > > 0 0 > > ]

d_7_3=2.921972172472 s=[ 0 0 0 1 - + 1 1 1 0 1 0 < > 1 1 < > ]

d_7_3=2.921972172472 s=[ 0 0 0 1 - - 0 0 0 1 0 1 > > 0 0 > > ]

d_7_3=2.922172372673 s=[ 0 0 0 1 - + 1 1 1 0 1 0 < > 1 1 < > ]

d_7_3=2.922172372673 s=[ 0 0 0 1 - - 0 0 0 1 0 1 > > 0 0 > > ]

d_7_3=2.922372572873 s=[ 0 0 0 1 - + 1 1 1 0 1 0 < > 1 1 < > ]

d_7_3=2.922372572873 s=[ 0 0 0 1 - - 0 0 0 1 0 1 > > 0 0 > > ]

d_7_3=2.922572773073 s=[ 0 0 0 1 - + 1 1 1 0 1 0 < > 1 1 < > ]

d_7_3=2.922572773073 s=[ 0 0 0 1 - - 0 0 0 1 0 1 > > 0 0 > > ]

d_7_3=2.922772973273 s=[ 0 0 0 1 - + 1 1 1 0 1 0 < > 1 1 < > ]

d_7_3=2.922772973273 s=[ 0 0 0 1 - - 0 0 0 1 0 1 > > 0 0 > > ]

d_7_3=2.922973173473 s=[ 0 0 0 1 - + 1 1 1 0 1 0 < > 1 1 < > ]

d_7_3=2.922973173473 s=[ 0 0 0 1 - - 0 0 0 1 0 1 > > 0 0 > > ]

d_7_3=2.923173373674 s=[ 0 0 0 1 - + 1 1 1 0 1 0 < > 1 1 < > ]

d_7_3=2.923173373674 s=[ 0 0 0 1 - - 0 0 0 1 0 1 > > 0 0 > > ]

d_7_3=2.923373573874 s=[ 0 0 0 1 - + 1 1 1 0 1 0 < > 1 1 < > ]

d_7_3=2.923373573874 s=[ 0 0 0 1 - - 0 0 0 1 0 1 > > 0 0 > > ]

d_7_3=2.923573774074 s=[ 0 0 0 1 - + 1 1 1 0 1 0 < > 1 1 < > ]

d_7_3=2.923573774074 s=[ 0 0 0 1 - - 0 0 0 1 0 1 > > 0 0 > > ]

d_7_3=2.923773974274 s=[ 0 0 0 1 - + 1 1 1 0 1 0 < > 1 1 < > ]

d_7_3=2.923773974274 s=[ 0 0 0 1 - - 0 0 0 1 0 1 > > 0 0 > > ]

d_7_3=2.923974174474 s=[ 0 0 0 1 - + 1 1 1 0 1 0 < > 1 1 < > ]

d_7_3=2.923974174474 s=[ 0 0 0 1 - - 0 0 0 1 0 1 > > 0 0 > > ]

d_7_3=2.924174374675 s=[ 0 0 0 1 - + 1 1 1 0 1 0 < > 1 1 < > ]

d_7_3=2.924174374675 s=[ 0 0 0 1 - - 0 0 0 1 0 1 > > 0 0 > > ]

d_7_3=2.924374574875 s=[ 0 0 0 1 - + 1 1 1 0 1 0 < > 1 1 < > ]

d_7_3=2.924374574875 s=[ 0 0 0 1 - - 0 0 0 1 0 1 > > 0 0 > > ]

d_7_3=2.924574775075 s=[ 0 0 0 1 - + 1 1 1 0 1 0 < > 1 1 < > ]

d_7_3=2.924574775075 s=[ 0 0 0 1 - - 0 0 0 1 0 1 > > 0 0 > > ]

d_7_3=2.924774975275 s=[ 0 0 0 1 - + 1 1 1 0 1 0 < > 1 1 < > ]

d_7_3=2.924774975275 s=[ 0 0 0 1 - - 0 0 0 1 0 1 > > 0 0 > > ]

d_7_3=2.924975175475 s=[ 0 0 0 1 - + 1 1 1 0 1 0 < > 1 1 < > ]

d_7_3=2.924975175475 s=[ 0 0 0 1 - - 0 0 0 1 0 1 > > 0 0 > > ]

d_7_3=2.925175375676 s=[ 0 0 0 1 - + 1 1 1 0 1 0 < > 1 1 < > ]

d_7_3=2.925175375676 s=[ 0 0 0 1 - - 0 0 0 1 0 1 > > 0 0 > > ]

d_7_3=2.925375575876 s=[ 0 0 0 1 - + 1 1 1 0 1 0 < > 1 1 < > ]

d_7_3=2.925375575876 s=[ 0 0 0 1 - - 0 0 0 1 0 1 > > 0 0 > > ]

d_7_3=2.925575776076 s=[ 0 0 0 1 - + 1 1 1 0 1 0 < > 1 1 < > ]

d_7_3=2.925575776076 s=[ 0 0 0 1 - - 0 0 0 1 0 1 > > 0 0 > > ]

d_7_3=2.925775976276 s=[ 0 0 0 1 - + 1 1 1 0 1 0 < > 1 1 < > ]

d_7_3=2.925775976276 s=[ 0 0 0 1 - - 0 0 0 1 0 1 > > 0 0 > > ]

d_7_3=2.925976176476 s=[ 0 0 0 1 - + 1 1 1 0 1 0 < > 1 1 < > ]

d_7_3=2.925976176476 s=[ 0 0 0 1 - - 0 0 0 1 0 1 > > 0 0 > > ]

d_7_3=2.926176376677 s=[ 0 0 0 1 - + 1 1 1 0 1 0 < > 1 1 < > ]

d_7_3=2.926176376677 s=[ 0 0 0 1 - - 0 0 0 1 0 1 > > 0 0 > > ]

d_7_3=2.926376576877 s=[ 0 0 0 1 - + 1 1 1 0 1 0 < > 1 1 < > ]

d_7_3=2.926376576877 s=[ 0 0 0 1 - - 0 0 0 1 0 1 > > 0 0 > > ]

d_7_3=2.926576777077 s=[ 0 0 0 1 - + 1 1 1 0 1 0 < > 1 1 < > ]

d_7_3=2.926576777077 s=[ 0 0 0 1 - - 0 0 0 1 0 1 > > 0 0 > > ]

d_7_3=2.926776977277 s=[ 0 0 0 1 - + 1 1 1 0 1 0 < > 1 1 < > ]

d_7_3=2.926776977277 s=[ 0 0 0 1 - - 0 0 0 1 0 1 > > 0 0 > > ]

d_7_3=2.926977177477 s=[ 0 0 0 1 - + 1 1 1 0 1 0 < > 1 1 < > ]

d_7_3=2.926977177477 s=[ 0 0 0 1 - - 0 0 0 1 0 1 > > 0 0 > > ]

d_7_3=2.927177377678 s=[ 0 0 0 1 - + 1 1 1 0 1 0 < > 1 1 < > ]

d_7_3=2.927177377678 s=[ 0 0 0 1 - - 0 0 0 1 0 1 > > 0 0 > > ]

d_7_3=2.927377577878 s=[ 0 0 0 1 - + 1 1 1 0 1 0 < > 1 1 < > ]

d_7_3=2.927377577878 s=[ 0 0 0 1 - - 0 0 0 1 0 1 > > 0 0 > > ]

d_7_3=2.927577778078 s=[ 0 0 0 1 - + 1 1 1 0 1 0 < > 1 1 < > ]

d_7_3=2.927577778078 s=[ 0 0 0 1 - - 0 0 0 1 0 1 > > 0 0 > > ]

d_7_3=2.927777978278 s=[ 0 0 0 1 - + 1 1 1 0 1 0 < > 1 1 < > ]

d_7_3=2.927777978278 s=[ 0 0 0 1 - - 0 0 0 1 0 1 > > 0 0 > > ]

d_7_3=2.927978178478 s=[ 0 0 0 1 - + 1 1 1 0 1 0 < > 1 1 < > ]

d_7_3=2.927978178478 s=[ 0 0 0 1 - - 0 0 0 1 0 1 > > 0 0 > > ]

d_7_3=2.928178378679 s=[ 0 0 0 1 - + 1 1 1 0 1 0 < > 1 1 < > ]

d_7_3=2.928178378679 s=[ 0 0 0 1 - - 0 0 0 1 0 1 > > 0 0 > > ]

d_7_3=2.928378578879 s=[ 0 0 0 1 - + 1 1 1 0 1 0 < > 1 1 < > ]

d_7_3=2.928378578879 s=[ 0 0 0 1 - - 0 0 0 1 0 1 > > 0 0 > > ]

d_7_3=2.928578779079 s=[ 0 0 0 1 - + 1 1 1 0 1 0 < > 1 1 < > ]

d_7_3=2.928578779079 s=[ 0 0 0 1 - - 0 0 0 1 0 1 > > 0 0 > > ]

d_7_3=2.928778979279 s=[ 0 0 0 1 - + 1 1 1 0 1 0 < > 1 1 < > ]

d_7_3=2.928778979279 s=[ 0 0 0 1 - - 0 0 0 1 0 1 > > 0 0 > > ]

d_7_3=2.928979179479 s=[ 0 0 0 1 - + 1 1 1 0 1 0 < > 1 1 < > ]

d_7_3=2.928979179479 s=[ 0 0 0 1 - - 0 0 0 1 0 1 > > 0 0 > > ]

d_7_3=2.929179379680 s=[ 0 0 0 1 - + 1 1 1 0 1 0 < > 1 1 < > ]

d_7_3=2.929179379680 s=[ 0 0 0 1 - - 0 0 0 1 0 1 > > 0 0 > > ]

d_7_3=2.929379579880 s=[ 0 0 0 1 - + 1 1 1 0 1 0 < > 1 1 < > ]

d_7_3=2.929379579880 s=[ 0 0 0 1 - - 0 0 0 1 0 1 > > 0 0 > > ]

d_7_3=2.929579780080 s=[ 0 0 0 1 - + 1 1 1 0 1 0 < > 1 1 < > ]

d_7_3=2.929579780080 s=[ 0 0 0 1 - - 0 0 0 1 0 1 > > 0 0 > > ]

d_7_3=2.929779980280 s=[ 0 0 0 1 - + 1 1 1 0 1 0 < > 1 1 < > ]

d_7_3=2.929779980280 s=[ 0 0 0 1 - - 0 0 0 1 0 1 > > 0 0 > > ]

d_7_3=2.929980180480 s=[ 0 0 0 1 - + 1 1 1 0 1 0 < > 1 1 < > ]

d_7_3=2.929980180480 s=[ 0 0 0 1 - - 0 0 0 1 0 1 > > 0 0 > > ]

d_7_3=2.930180380681 s=[ 0 0 0 1 - + 1 1 1 0 1 0 < > 1 1 < > ]

d_7_3=2.930180380681 s=[ 0 0 0 1 - - 0 0 0 1 0 1 > > 0 0 > > ]

d_7_3=2.930380580881 s=[ 0 0 0 1 - + 1 1 1 0 1 0 < > 1 1 < > ]

d_7_3=2.930380580881 s=[ 0 0 0 1 - - 0 0 0 1 0 1 > > 0 0 > > ]

d_7_3=2.930580781081 s=[ 0 0 0 1 - + 1 1 1 0 1 0 < > 1 1 < > ]

d_7_3=2.930580781081 s=[ 0 0 0 1 - - 0 0 0 1 0 1 > > 0 0 > > ]

d_7_3=2.930780981281 s=[ 0 0 0 1 - + 1 1 1 0 1 0 < > 1 1 < > ]

d_7_3=2.930780981281 s=[ 0 0 0 1 - - 0 0 0 1 0 1 > > 0 0 > > ]

d_7_3=2.930981181481 s=[ 0 0 0 1 - + 1 1 1 0 1 0 < > 1 1 < > ]

d_7_3=2.930981181481 s=[ 0 0 0 1 - - 0 0 0 1 0 1 > > 0 0 > > ]

d_7_3=2.931181381682 s=[ 0 0 0 1 - + 1 1 1 0 1 0 < > 1 1 < > ]

d_7_3=2.931181381682 s=[ 0 0 0 1 - - 0 0 0 1 0 1 > > 0 0 > > ]

d_7_3=2.931381581882 s=[ 0 0 0 1 - + 1 1 1 0 1 0 < > 1 1 < > ]

d_7_3=2.931381581882 s=[ 0 0 0 1 - - 0 0 0 1 0 1 > > 0 0 > > ]

d_7_3=2.931581782082 s=[ 0 0 0 1 - + 1 1 1 0 1 0 < > 1 1 < > ]

d_7_3=2.931581782082 s=[ 0 0 0 1 - - 0 0 0 1 0 1 > > 0 0 > > ]

d_7_3=2.931781982282 s=[ 0 0 0 1 - + 1 1 1 0 1 0 < > 1 1 < > ]

d_7_3=2.931781982282 s=[ 0 0 0 1 - - 0 0 0 1 0 1 > > 0 0 > > ]

d_7_3=2.931982182482 s=[ 0 0 0 1 - + 1 1 1 0 1 0 < > 1 1 < > ]

d_7_3=2.931982182482 s=[ 0 0 0 1 - - 0 0 0 1 0 1 > > 0 0 > > ]

d_7_3=2.932182382683 s=[ 0 0 0 1 - + 1 1 1 0 1 0 < > 1 1 < > ]

d_7_3=2.932182382683 s=[ 0 0 0 1 - - 0 0 0 1 0 1 > > 0 0 > > ]

d_7_3=2.932382582883 s=[ 0 0 0 1 - + 1 1 1 0 1 0 < > 1 1 < > ]

d_7_3=2.932382582883 s=[ 0 0 0 1 - - 0 0 0 1 0 1 > > 0 0 > > ]

d_7_3=2.932582783083 s=[ 0 0 0 1 - + 1 1 1 0 1 0 < > 1 1 < > ]

d_7_3=2.932582783083 s=[ 0 0 0 1 - - 0 0 0 1 0 1 > > 0 0 > > ]

d_7_3=2.932782983283 s=[ 0 0 0 1 - + 1 1 1 0 1 0 < > 1 1 < > ]

d_7_3=2.932782983283 s=[ 0 0 0 1 - - 0 0 0 1 0 1 > > 0 0 > > ]

d_7_3=2.932983183483 s=[ 0 0 0 1 - + 1 1 1 0 1 0 < > 1 1 < > ]

d_7_3=2.932983183483 s=[ 0 0 0 1 - - 0 0 0 1 0 1 > > 0 0 > > ]

d_7_3=2.933183383684 s=[ 0 0 0 1 - + 1 1 1 0 1 0 < > 1 1 < > ]

d_7_3=2.933183383684 s=[ 0 0 0 1 - - 0 0 0 1 0 1 > > 0 0 > > ]

d_7_3=2.933383583884 s=[ 0 0 0 1 - + 1 1 1 0 1 0 < > 1 1 < > ]

d_7_3=2.933383583884 s=[ 0 0 0 1 - - 0 0 0 1 0 1 > > 0 0 > > ]

d_7_3=2.933583784084 s=[ 0 0 0 1 - + 1 1 1 0 1 0 < > 1 1 < > ]

d_7_3=2.933583784084 s=[ 0 0 0 1 - - 0 0 0 1 0 1 > > 0 0 > > ]

d_7_3=2.933783984284 s=[ 0 0 0 1 - + 1 1 1 0 1 0 < > 1 1 < > ]

d_7_3=2.933783984284 s=[ 0 0 0 1 - - 0 0 0 1 0 1 > > 0 0 > > ]

d_7_3=2.933984184484 s=[ 0 0 0 1 - + 1 1 1 0 1 0 < > 1 1 < > ]

d_7_3=2.933984184484 s=[ 0 0 0 1 - - 0 0 0 1 0 1 > > 0 0 > > ]

d_7_3=2.934184384685 s=[ 0 0 0 1 - + 1 1 1 0 1 0 < > 1 1 < > ]

d_7_3=2.934184384685 s=[ 0 0 0 1 - - 0 0 0 1 0 1 > > 0 0 > > ]

d_7_3=2.934384584885 s=[ 0 0 0 1 - + 1 1 1 0 1 0 < > 1 1 < > ]

d_7_3=2.934384584885 s=[ 0 0 0 1 - - 0 0 0 1 0 1 > > 0 0 > > ]

d_7_3=2.934584785085 s=[ 0 0 0 1 - + 1 1 1 0 1 0 < > 1 1 < > ]

d_7_3=2.934784985285 s=[ 0 0 0 1 - + 1 1 1 0 1 0 < > 1 1 < > ]

d_7_3=2.934985185485 s=[ 0 0 0 1 - + 1 1 1 0 1 0 < > 1 1 < > ]

d_7_3=2.935185385686 s=[ 0 0 0 1 - + 1 1 1 0 1 0 < > 1 1 < > ]

d_7_3=2.935385585886 s=[ 0 0 0 1 - + 1 1 1 0 1 0 < > 1 1 < > ]

