xyz0=( 6.512287 -20.818339 37.081711 )
xyz0=( 6.512160 -20.818038 37.081595 )
xyz0=( 6.512032 -20.817737 37.081479 )
xyz0=( 6.511904 -20.817435 37.081363 )
xyz0=( 6.511777 -20.817134 37.081246 )
xyz0=( 6.511649 -20.816833 37.081130 )
xyz0=( 6.511521 -20.816532 37.081014 )
xyz0=( 6.511394 -20.816230 37.080899 )
xyz0=( 6.511266 -20.815929 37.080783 )
xyz0=( 6.511138 -20.815628 37.080667 )
xyz0=( 6.511010 -20.815326 37.080551 )
xyz0=( 6.510882 -20.815025 37.080436 )
xyz0=( 6.510755 -20.814723 37.080320 )
xyz0=( 6.510627 -20.814422 37.080205 )
xyz0=( 6.510499 -20.814120 37.080090 )
xyz0=( 6.510371 -20.813818 37.079975 )
xyz0=( 6.510243 -20.813517 37.079859 )
xyz0=( 6.510115 -20.813215 37.079744 )
xyz0=( 6.509987 -20.812913 37.079629 )
xyz0=( 6.509859 -20.812611 37.079515 )
xyz0=( 6.509731 -20.812310 37.079400 )
xyz0=( 6.509603 -20.812008 37.079285 )
xyz0=( 6.509475 -20.811706 37.079170 )
xyz0=( 6.509346 -20.811404 37.079056 )
xyz0=( 6.509218 -20.811102 37.078941 )
xyz0=( 5.997950 -19.738279 37.255457 )
xyz0=( 6.509090 -20.810800 37.078827 )
xyz0=( 5.998084 -19.738526 37.255252 )
xyz0=( 6.508962 -20.810498 37.078713 )
xyz0=( 5.998217 -19.738773 37.255047 )
xyz0=( 6.508833 -20.810196 37.078598 )
xyz0=( 5.998351 -19.739020 37.254843 )
xyz0=( 6.508705 -20.809893 37.078484 )
xyz0=( 5.998484 -19.739267 37.254638 )
xyz0=( 6.508577 -20.809591 37.078370 )
xyz0=( 5.998618 -19.739515 37.254434 )
xyz0=( 6.508449 -20.809289 37.078256 )
xyz0=( 5.998752 -19.739762 37.254229 )
xyz0=( 6.508320 -20.808987 37.078142 )
xyz0=( 5.998885 -19.740009 37.254025 )
xyz0=( 6.508192 -20.808684 37.078029 )
xyz0=( 5.999019 -19.740257 37.253821 )
xyz0=( 6.508063 -20.808382 37.077915 )
xyz0=( 5.999153 -19.740504 37.253617 )
xyz0=( 6.507935 -20.808080 37.077801 )
xyz0=( 5.999286 -19.740752 37.253412 )
xyz0=( 6.507806 -20.807777 37.077688 )
xyz0=( 5.999420 -19.741000 37.253208 )
xyz0=( 6.507678 -20.807475 37.077574 )
xyz0=( 5.999554 -19.741247 37.253004 )
xyz0=( 6.507549 -20.807172 37.077461 )
xyz0=( 5.999687 -19.741495 37.252800 )
xyz0=( 6.507421 -20.806870 37.077347 )
xyz0=( 5.999821 -19.741743 37.252596 )
xyz0=( 6.507292 -20.806567 37.077234 )
xyz0=( 5.999955 -19.741991 37.252393 )
xyz0=( 6.507164 -20.806264 37.077121 )
xyz0=( 6.000089 -19.742239 37.252189 )
xyz0=( 6.507035 -20.805962 37.077008 )
xyz0=( 6.000223 -19.742487 37.251985 )
xyz0=( 6.506906 -20.805659 37.076895 )
xyz0=( 6.000356 -19.742735 37.251782 )
xyz0=( 6.506778 -20.805356 37.076782 )
xyz0=( 6.000490 -19.742984 37.251578 )
xyz0=( 6.506649 -20.805053 37.076669 )
xyz0=( 6.000624 -19.743232 37.251374 )
xyz0=( 6.506520 -20.804750 37.076556 )
xyz0=( 6.000758 -19.743480 37.251171 )
xyz0=( 6.506392 -20.804448 37.076444 )
xyz0=( 6.000892 -19.743729 37.250968 )
xyz0=( 6.506263 -20.804145 37.076331 )
xyz0=( 6.001026 -19.743977 37.250764 )
xyz0=( 6.506134 -20.803842 37.076219 )
xyz0=( 6.001160 -19.744226 37.250561 )
xyz0=( 6.506005 -20.803539 37.076106 )
xyz0=( 6.001294 -19.744474 37.250358 )
xyz0=( 6.505876 -20.803236 37.075994 )
xyz0=( 6.001428 -19.744723 37.250155 )
xyz0=( 6.505747 -20.802932 37.075882 )
xyz0=( 6.001562 -19.744972 37.249952 )
xyz0=( 6.505618 -20.802629 37.075770 )
xyz0=( 6.001697 -19.745220 37.249749 )
xyz0=( 6.505489 -20.802326 37.075657 )
xyz0=( 6.001831 -19.745469 37.249546 )
xyz0=( 6.505360 -20.802023 37.075545 )
xyz0=( 6.001965 -19.745718 37.249343 )
xyz0=( 6.505231 -20.801720 37.075434 )
xyz0=( 6.002099 -19.745967 37.249140 )
xyz0=( 6.505102 -20.801416 37.075322 )
xyz0=( 6.002233 -19.746216 37.248938 )
xyz0=( 6.504973 -20.801113 37.075210 )
xyz0=( 6.002367 -19.746465 37.248735 )
xyz0=( 6.504844 -20.800810 37.075098 )
xyz0=( 6.002502 -19.746715 37.248532 )
xyz0=( 6.504715 -20.800506 37.074987 )
xyz0=( 6.002636 -19.746964 37.248330 )
xyz0=( 6.504586 -20.800203 37.074875 )
xyz0=( 6.002770 -19.747213 37.248127 )
xyz0=( 6.504457 -20.799899 37.074764 )
xyz0=( 6.002905 -19.747463 37.247925 )
xyz0=( 6.504328 -20.799596 37.074652 )
xyz0=( 6.003039 -19.747712 37.247723 )
xyz0=( 6.504198 -20.799292 37.074541 )
xyz0=( 6.003173 -19.747962 37.247520 )
xyz0=( 6.504069 -20.798989 37.074430 )
xyz0=( 6.003308 -19.748211 37.247318 )
xyz0=( 6.503940 -20.798685 37.074319 )
xyz0=( 6.003442 -19.748461 37.247116 )
xyz0=( 6.503811 -20.798381 37.074208 )
xyz0=( 6.003577 -19.748711 37.246914 )
xyz0=( 6.503681 -20.798078 37.074097 )
xyz0=( 6.003711 -19.748960 37.246712 )
xyz0=( 6.503552 -20.797774 37.073986 )
xyz0=( 6.003846 -19.749210 37.246510 )
xyz0=( 6.503423 -20.797470 37.073875 )
xyz0=( 6.003980 -19.749460 37.246308 )
xyz0=( 6.503293 -20.797166 37.073765 )
xyz0=( 6.004115 -19.749710 37.246106 )
xyz0=( 6.503164 -20.796862 37.073654 )
xyz0=( 6.004249 -19.749960 37.245905 )
xyz0=( 6.503034 -20.796558 37.073544 )
xyz0=( 6.004384 -19.750210 37.245703 )
xyz0=( 6.502905 -20.796254 37.073433 )
xyz0=( 6.004518 -19.750461 37.245501 )
xyz0=( 6.502775 -20.795950 37.073323 )
xyz0=( 6.004653 -19.750711 37.245300 )
xyz0=( 6.502646 -20.795646 37.073213 )
xyz0=( 6.004788 -19.750961 37.245098 )
xyz0=( 6.502516 -20.795342 37.073102 )
xyz0=( 6.004922 -19.751212 37.244897 )
xyz0=( 6.502387 -20.795038 37.072992 )
xyz0=( 6.005057 -19.751462 37.244696 )
xyz0=( 6.502257 -20.794734 37.072882 )
xyz0=( 6.005192 -19.751713 37.244494 )
xyz0=( 6.502127 -20.794430 37.072772 )
xyz0=( 6.005327 -19.751963 37.244293 )
xyz0=( 6.501998 -20.794125 37.072663 )
xyz0=( 6.005461 -19.752214 37.244092 )
xyz0=( 6.501868 -20.793821 37.072553 )
xyz0=( 6.005596 -19.752464 37.243891 )
xyz0=( 6.501738 -20.793517 37.072443 )
xyz0=( 6.005731 -19.752715 37.243690 )
xyz0=( 6.501609 -20.793212 37.072333 )
xyz0=( 6.005866 -19.752966 37.243489 )
xyz0=( 6.501479 -20.792908 37.072224 )
xyz0=( 6.006001 -19.753217 37.243288 )
xyz0=( 6.501349 -20.792603 37.072115 )
xyz0=( 6.006136 -19.753468 37.243087 )
xyz0=( 6.501219 -20.792299 37.072005 )
xyz0=( 6.006271 -19.753719 37.242886 )
xyz0=( 6.501089 -20.791994 37.071896 )
xyz0=( 6.006406 -19.753970 37.242686 )
xyz0=( 6.500960 -20.791690 37.071787 )
xyz0=( 6.006541 -19.754221 37.242485 )
xyz0=( 6.500830 -20.791385 37.071678 )
xyz0=( 6.006676 -19.754473 37.242285 )
xyz0=( 6.500700 -20.791080 37.071569 )
xyz0=( 6.006811 -19.754724 37.242084 )
xyz0=( 6.500570 -20.790776 37.071460 )
xyz0=( 6.006946 -19.754975 37.241884 )
xyz0=( 6.500440 -20.790471 37.071351 )
xyz0=( 6.007081 -19.755227 37.241683 )
xyz0=( 6.500310 -20.790166 37.071242 )
xyz0=( 6.007216 -19.755478 37.241483 )
xyz0=( 6.500180 -20.789861 37.071133 )
xyz0=( 6.007351 -19.755730 37.241283 )
xyz0=( 6.500050 -20.789557 37.071025 )
xyz0=( 6.007486 -19.755981 37.241083 )
xyz0=( 6.499920 -20.789252 37.070916 )
xyz0=( 6.007621 -19.756233 37.240883 )
xyz0=( 6.499789 -20.788947 37.070808 )
xyz0=( 6.007756 -19.756485 37.240683 )
xyz0=( 6.499659 -20.788642 37.070700 )
xyz0=( 6.007892 -19.756737 37.240483 )
xyz0=( 6.499529 -20.788337 37.070591 )
xyz0=( 6.008027 -19.756989 37.240283 )
xyz0=( 6.499399 -20.788032 37.070483 )
xyz0=( 6.008162 -19.757241 37.240083 )
xyz0=( 6.499269 -20.787726 37.070375 )
xyz0=( 6.008298 -19.757493 37.239883 )
xyz0=( 6.499138 -20.787421 37.070267 )
xyz0=( 6.008433 -19.757745 37.239683 )
xyz0=( 6.499008 -20.787116 37.070159 )
xyz0=( 6.008568 -19.757997 37.239484 )
xyz0=( 6.498878 -20.786811 37.070051 )
xyz0=( 6.008704 -19.758249 37.239284 )
xyz0=( 6.498748 -20.786506 37.069943 )
xyz0=( 6.008839 -19.758502 37.239085 )
xyz0=( 6.498617 -20.786200 37.069836 )
xyz0=( 6.008974 -19.758754 37.238885 )
xyz0=( 6.498487 -20.785895 37.069728 )
xyz0=( 6.009110 -19.759006 37.238686 )
xyz0=( 6.498356 -20.785590 37.069621 )
xyz0=( 6.009245 -19.759259 37.238487 )
xyz0=( 6.498226 -20.785284 37.069513 )
xyz0=( 6.009381 -19.759511 37.238287 )
xyz0=( 6.498095 -20.784979 37.069406 )
xyz0=( 6.009516 -19.759764 37.238088 )
xyz0=( 6.497965 -20.784673 37.069299 )
xyz0=( 6.009652 -19.760017 37.237889 )
xyz0=( 6.497834 -20.784368 37.069191 )
xyz0=( 6.009787 -19.760270 37.237690 )
xyz0=( 6.497704 -20.784062 37.069084 )
xyz0=( 6.009923 -19.760522 37.237491 )
xyz0=( 6.497573 -20.783756 37.068977 )
xyz0=( 6.010059 -19.760775 37.237292 )
xyz0=( 6.497443 -20.783451 37.068870 )
xyz0=( 6.010194 -19.761028 37.237093 )
xyz0=( 6.497312 -20.783145 37.068764 )
xyz0=( 6.010330 -19.761281 37.236895 )
xyz0=( 6.497181 -20.782839 37.068657 )
xyz0=( 6.010465 -19.761534 37.236696 )
xyz0=( 6.497051 -20.782533 37.068550 )
xyz0=( 6.010601 -19.761788 37.236497 )
xyz0=( 6.496920 -20.782228 37.068444 )
xyz0=( 6.010737 -19.762041 37.236299 )
xyz0=( 6.496789 -20.781922 37.068337 )
xyz0=( 6.010873 -19.762294 37.236100 )
xyz0=( 6.496659 -20.781616 37.068231 )
xyz0=( 6.011008 -19.762547 37.235902 )
xyz0=( 6.496528 -20.781310 37.068124 )
xyz0=( 6.011144 -19.762801 37.235703 )
xyz0=( 6.496397 -20.781004 37.068018 )
xyz0=( 6.011280 -19.763054 37.235505 )
xyz0=( 6.496266 -20.780698 37.067912 )
xyz0=( 6.011416 -19.763308 37.235307 )
xyz0=( 6.496135 -20.780392 37.067806 )
xyz0=( 6.011552 -19.763562 37.235109 )
xyz0=( 6.011688 -19.763815 37.234910 )
xyz0=( 6.011824 -19.764069 37.234712 )
xyz0=( 6.011960 -19.764323 37.234514 )
xyz0=( 6.012096 -19.764577 37.234316 )
xyz0=( 6.012232 -19.764831 37.234119 )
xyz0=( 6.512310 -20.818394 37.081733 )
xyz0=( 6.512183 -20.818092 37.081616 )
xyz0=( 6.512055 -20.817791 37.081500 )
xyz0=( 6.511928 -20.817490 37.081384 )
xyz0=( 6.511800 -20.817189 37.081267 )
xyz0=( 6.511672 -20.816887 37.081151 )
xyz0=( 6.511544 -20.816586 37.081035 )
xyz0=( 6.511417 -20.816285 37.080919 )
xyz0=( 6.511289 -20.815983 37.080804 )
xyz0=( 6.511161 -20.815682 37.080688 )
xyz0=( 6.511033 -20.815380 37.080572 )
xyz0=( 6.510905 -20.815079 37.080457 )
xyz0=( 6.510777 -20.814777 37.080341 )
xyz0=( 5.997974 -19.738322 37.255421 )
xyz0=( 6.510650 -20.814475 37.080226 )
xyz0=( 5.998107 -19.738569 37.255216 )
xyz0=( 6.510522 -20.814174 37.080110 )
xyz0=( 5.998241 -19.738816 37.255011 )
xyz0=( 6.510394 -20.813872 37.079995 )
xyz0=( 5.998374 -19.739063 37.254807 )
xyz0=( 6.510266 -20.813570 37.079880 )
xyz0=( 5.998508 -19.739311 37.254602 )
xyz0=( 6.510138 -20.813268 37.079765 )
xyz0=( 5.998641 -19.739558 37.254398 )
xyz0=( 6.510009 -20.812966 37.079650 )
xyz0=( 5.998775 -19.739805 37.254194 )
xyz0=( 6.509881 -20.812665 37.079535 )
xyz0=( 5.998909 -19.740052 37.253989 )
xyz0=( 6.509753 -20.812363 37.079420 )
xyz0=( 5.999042 -19.740300 37.253785 )
xyz0=( 6.509625 -20.812061 37.079305 )
xyz0=( 5.999176 -19.740547 37.253581 )
xyz0=( 6.509497 -20.811759 37.079190 )
xyz0=( 5.999309 -19.740795 37.253377 )
xyz0=( 6.509369 -20.811457 37.079076 )
xyz0=( 5.999443 -19.741042 37.253173 )
xyz0=( 6.509241 -20.811155 37.078961 )
xyz0=( 5.999577 -19.741290 37.252969 )
xyz0=( 6.509112 -20.810852 37.078847 )
xyz0=( 5.999710 -19.741538 37.252765 )
xyz0=( 6.508984 -20.810550 37.078733 )
xyz0=( 5.999844 -19.741786 37.252561 )
xyz0=( 6.508856 -20.810248 37.078618 )
xyz0=( 5.999978 -19.742034 37.252358 )
xyz0=( 6.508727 -20.809946 37.078504 )
xyz0=( 6.000112 -19.742282 37.252154 )
xyz0=( 6.508599 -20.809643 37.078390 )
xyz0=( 6.000246 -19.742530 37.251950 )
xyz0=( 6.508471 -20.809341 37.078276 )
xyz0=( 6.000379 -19.742778 37.251747 )
xyz0=( 6.508342 -20.809039 37.078162 )
xyz0=( 6.000513 -19.743026 37.251543 )
xyz0=( 6.508214 -20.808736 37.078048 )
xyz0=( 6.000647 -19.743274 37.251340 )
xyz0=( 6.508085 -20.808434 37.077934 )
xyz0=( 6.000781 -19.743522 37.251137 )
xyz0=( 6.507957 -20.808131 37.077821 )
xyz0=( 6.000915 -19.743771 37.250933 )
xyz0=( 6.507828 -20.807829 37.077707 )
xyz0=( 6.001049 -19.744019 37.250730 )
xyz0=( 6.507700 -20.807526 37.077593 )
xyz0=( 6.001183 -19.744268 37.250527 )
xyz0=( 6.507571 -20.807224 37.077480 )
xyz0=( 6.001317 -19.744516 37.250324 )
xyz0=( 6.507443 -20.806921 37.077367 )
xyz0=( 6.001451 -19.744765 37.250121 )
xyz0=( 6.507314 -20.806618 37.077253 )
xyz0=( 6.001585 -19.745013 37.249918 )
xyz0=( 6.507185 -20.806316 37.077140 )
xyz0=( 6.001719 -19.745262 37.249715 )
xyz0=( 6.507057 -20.806013 37.077027 )
xyz0=( 6.001853 -19.745511 37.249512 )
xyz0=( 6.506928 -20.805710 37.076914 )
xyz0=( 6.001987 -19.745760 37.249309 )
xyz0=( 6.506799 -20.805407 37.076801 )
xyz0=( 6.002121 -19.746009 37.249107 )
xyz0=( 6.506671 -20.805104 37.076688 )
xyz0=( 6.002256 -19.746258 37.248904 )
xyz0=( 6.506542 -20.804801 37.076575 )
xyz0=( 6.002390 -19.746507 37.248701 )
xyz0=( 6.506413 -20.804498 37.076463 )
xyz0=( 6.002524 -19.746756 37.248499 )
xyz0=( 6.506284 -20.804195 37.076350 )
xyz0=( 6.002658 -19.747005 37.248296 )
xyz0=( 6.506155 -20.803892 37.076237 )
xyz0=( 6.002792 -19.747254 37.248094 )
xyz0=( 6.506027 -20.803589 37.076125 )
xyz0=( 6.002927 -19.747504 37.247892 )
xyz0=( 6.505898 -20.803286 37.076013 )
xyz0=( 6.003061 -19.747753 37.247689 )
xyz0=( 6.505769 -20.802983 37.075900 )
xyz0=( 6.003195 -19.748003 37.247487 )
xyz0=( 6.505640 -20.802680 37.075788 )
xyz0=( 6.003330 -19.748252 37.247285 )
xyz0=( 6.505511 -20.802376 37.075676 )
xyz0=( 6.003464 -19.748502 37.247083 )
xyz0=( 6.505382 -20.802073 37.075564 )
xyz0=( 6.003599 -19.748751 37.246881 )
xyz0=( 6.505253 -20.801770 37.075452 )
xyz0=( 6.003733 -19.749001 37.246679 )
xyz0=( 6.505124 -20.801466 37.075340 )
xyz0=( 6.003867 -19.749251 37.246477 )
xyz0=( 6.504995 -20.801163 37.075228 )
xyz0=( 6.004002 -19.749501 37.246276 )
xyz0=( 6.504865 -20.800859 37.075117 )
xyz0=( 6.004136 -19.749751 37.246074 )
xyz0=( 6.504736 -20.800556 37.075005 )
xyz0=( 6.004271 -19.750001 37.245872 )
xyz0=( 6.504607 -20.800252 37.074893 )
xyz0=( 6.004405 -19.750251 37.245671 )
xyz0=( 6.504478 -20.799949 37.074782 )
xyz0=( 6.004540 -19.750501 37.245469 )
xyz0=( 6.504349 -20.799645 37.074670 )
xyz0=( 6.004675 -19.750751 37.245268 )
xyz0=( 6.504219 -20.799341 37.074559 )
xyz0=( 6.004809 -19.751001 37.245066 )
xyz0=( 6.504090 -20.799038 37.074448 )
xyz0=( 6.004944 -19.751252 37.244865 )
xyz0=( 6.503961 -20.798734 37.074337 )
xyz0=( 6.005079 -19.751502 37.244664 )
xyz0=( 6.503832 -20.798430 37.074226 )
xyz0=( 6.005213 -19.751752 37.244462 )
xyz0=( 6.503702 -20.798126 37.074115 )
xyz0=( 6.005348 -19.752003 37.244261 )
xyz0=( 6.503573 -20.797822 37.074004 )
xyz0=( 6.005483 -19.752253 37.244060 )
xyz0=( 6.503443 -20.797519 37.073893 )
xyz0=( 6.005618 -19.752504 37.243859 )
xyz0=( 6.503314 -20.797215 37.073782 )
xyz0=( 6.005752 -19.752755 37.243658 )
xyz0=( 6.503184 -20.796911 37.073672 )
xyz0=( 6.005887 -19.753006 37.243457 )
xyz0=( 6.503055 -20.796607 37.073561 )
xyz0=( 6.006022 -19.753256 37.243257 )
xyz0=( 6.502925 -20.796303 37.073451 )
xyz0=( 6.006157 -19.753507 37.243056 )
xyz0=( 6.502796 -20.795998 37.073340 )
xyz0=( 6.006292 -19.753758 37.242855 )
xyz0=( 6.502666 -20.795694 37.073230 )
xyz0=( 6.006427 -19.754009 37.242655 )
xyz0=( 6.502537 -20.795390 37.073120 )
xyz0=( 6.006562 -19.754260 37.242454 )
xyz0=( 6.502407 -20.795086 37.073010 )
xyz0=( 6.006697 -19.754512 37.242253 )
xyz0=( 6.502277 -20.794782 37.072900 )
xyz0=( 6.006832 -19.754763 37.242053 )
xyz0=( 6.502148 -20.794477 37.072790 )
xyz0=( 6.006967 -19.755014 37.241853 )
xyz0=( 6.502018 -20.794173 37.072680 )
xyz0=( 6.007102 -19.755266 37.241652 )
xyz0=( 6.501888 -20.793868 37.072570 )
xyz0=( 6.007237 -19.755517 37.241452 )
xyz0=( 6.501759 -20.793564 37.072460 )
xyz0=( 6.007372 -19.755768 37.241252 )
xyz0=( 6.501629 -20.793260 37.072350 )
xyz0=( 6.007507 -19.756020 37.241052 )
xyz0=( 6.501499 -20.792955 37.072241 )
xyz0=( 6.007642 -19.756272 37.240852 )
xyz0=( 6.501369 -20.792650 37.072131 )
xyz0=( 6.007777 -19.756523 37.240652 )
xyz0=( 6.501239 -20.792346 37.072022 )
xyz0=( 6.007912 -19.756775 37.240452 )
xyz0=( 6.501109 -20.792041 37.071913 )
xyz0=( 6.008047 -19.757027 37.240252 )
xyz0=( 6.500979 -20.791737 37.071804 )
xyz0=( 6.008183 -19.757279 37.240053 )
xyz0=( 6.500850 -20.791432 37.071694 )
xyz0=( 6.008318 -19.757531 37.239853 )
xyz0=( 6.500720 -20.791127 37.071585 )
xyz0=( 6.008453 -19.757783 37.239653 )
xyz0=( 6.500590 -20.790822 37.071476 )
xyz0=( 6.008589 -19.758035 37.239454 )
xyz0=( 6.500460 -20.790517 37.071367 )
xyz0=( 6.008724 -19.758287 37.239254 )
xyz0=( 6.500329 -20.790213 37.071259 )
xyz0=( 6.008859 -19.758539 37.239055 )
xyz0=( 6.500199 -20.789908 37.071150 )
xyz0=( 6.008995 -19.758792 37.238855 )
xyz0=( 6.500069 -20.789603 37.071041 )
xyz0=( 6.009130 -19.759044 37.238656 )
xyz0=( 6.499939 -20.789298 37.070933 )
xyz0=( 6.009265 -19.759296 37.238457 )
xyz0=( 6.499809 -20.788993 37.070824 )
xyz0=( 6.009401 -19.759549 37.238258 )
xyz0=( 6.499679 -20.788688 37.070716 )
xyz0=( 6.009536 -19.759801 37.238059 )
xyz0=( 6.499549 -20.788382 37.070607 )
xyz0=( 6.009672 -19.760054 37.237860 )
xyz0=( 6.499418 -20.788077 37.070499 )
xyz0=( 6.009807 -19.760307 37.237661 )
xyz0=( 6.499288 -20.787772 37.070391 )
xyz0=( 6.009943 -19.760560 37.237462 )
xyz0=( 6.499158 -20.787467 37.070283 )
xyz0=( 6.010078 -19.760812 37.237263 )
xyz0=( 6.499028 -20.787161 37.070175 )
xyz0=( 6.010214 -19.761065 37.237064 )
xyz0=( 6.498897 -20.786856 37.070067 )
xyz0=( 6.010350 -19.761318 37.236865 )
xyz0=( 6.498767 -20.786551 37.069959 )
xyz0=( 6.010485 -19.761571 37.236667 )
xyz0=( 6.498636 -20.786245 37.069852 )
xyz0=( 6.010621 -19.761824 37.236468 )
xyz0=( 6.498506 -20.785940 37.069744 )
xyz0=( 6.010757 -19.762077 37.236270 )
xyz0=( 6.498376 -20.785634 37.069636 )
xyz0=( 6.010892 -19.762331 37.236071 )
xyz0=( 6.498245 -20.785329 37.069529 )
xyz0=( 6.011028 -19.762584 37.235873 )
xyz0=( 6.498115 -20.785023 37.069422 )
xyz0=( 6.011164 -19.762837 37.235675 )
xyz0=( 6.497984 -20.784718 37.069314 )
xyz0=( 6.011300 -19.763091 37.235476 )
xyz0=( 6.497853 -20.784412 37.069207 )
xyz0=( 6.011435 -19.763344 37.235278 )
xyz0=( 6.497723 -20.784106 37.069100 )
xyz0=( 6.011571 -19.763598 37.235080 )
xyz0=( 6.497592 -20.783801 37.068993 )
xyz0=( 6.011707 -19.763851 37.234882 )
xyz0=( 6.497462 -20.783495 37.068886 )
xyz0=( 6.011843 -19.764105 37.234684 )
xyz0=( 6.497331 -20.783189 37.068779 )
xyz0=( 6.011979 -19.764359 37.234486 )
xyz0=( 6.497200 -20.782883 37.068672 )
xyz0=( 6.012115 -19.764613 37.234288 )
xyz0=( 6.012251 -19.764867 37.234091 )
xyz0=( 6.012387 -19.765121 37.233893 )
xyz0=( 6.012523 -19.765375 37.233695 )
xyz0=( 6.012659 -19.765629 37.233498 )
xyz0=( 6.012795 -19.765883 37.233300 )
xyz0=( 6.012931 -19.766137 37.233103 )
xyz0=( 6.013067 -19.766391 37.232905 )
xyz0=( 6.013203 -19.766646 37.232708 )
xyz0=( 6.013339 -19.766900 37.232511 )
xyz0=( 6.013475 -19.767154 37.232314 )
xyz0=( 5.993568 -19.730178 37.262237 )
xyz0=( 5.993701 -19.730423 37.262030 )
xyz0=( 5.993833 -19.730668 37.261823 )
xyz0=( 5.993966 -19.730914 37.261616 )
xyz0=( 5.994099 -19.731159 37.261409 )
xyz0=( 5.994232 -19.731404 37.261202 )
xyz0=( 5.994365 -19.731650 37.260996 )
xyz0=( 5.994498 -19.731895 37.260789 )
xyz0=( 5.994631 -19.732141 37.260582 )
xyz0=( 5.994764 -19.732386 37.260376 )
xyz0=( 5.994897 -19.732632 37.260169 )
xyz0=( 5.995030 -19.732878 37.259963 )
xyz0=( 6.508074 -20.808407 37.077924 )
xyz0=( 5.995163 -19.733123 37.259757 )
xyz0=( 6.507945 -20.808104 37.077810 )
xyz0=( 5.995296 -19.733369 37.259551 )
xyz0=( 6.507817 -20.807802 37.077697 )
xyz0=( 5.995429 -19.733615 37.259344 )
xyz0=( 6.507689 -20.807500 37.077584 )
xyz0=( 5.995562 -19.733861 37.259138 )
xyz0=( 6.507560 -20.807198 37.077470 )
xyz0=( 5.995695 -19.734107 37.258932 )
xyz0=( 6.507432 -20.806895 37.077357 )
xyz0=( 5.995828 -19.734353 37.258726 )
xyz0=( 6.507303 -20.806593 37.077244 )
xyz0=( 5.995961 -19.734599 37.258520 )
xyz0=( 6.507175 -20.806290 37.077131 )
xyz0=( 5.996095 -19.734846 37.258314 )
xyz0=( 6.507046 -20.805988 37.077018 )
xyz0=( 5.996228 -19.735092 37.258109 )
xyz0=( 6.506918 -20.805685 37.076905 )
xyz0=( 5.996361 -19.735338 37.257903 )
xyz0=( 6.506789 -20.805383 37.076792 )
xyz0=( 5.996494 -19.735585 37.257697 )
xyz0=( 6.506661 -20.805080 37.076679 )
xyz0=( 5.996628 -19.735831 37.257492 )
xyz0=( 6.506532 -20.804778 37.076567 )
xyz0=( 5.996761 -19.736078 37.257286 )
xyz0=( 6.506403 -20.804475 37.076454 )
xyz0=( 5.996894 -19.736324 37.257081 )
xyz0=( 6.506275 -20.804172 37.076342 )
xyz0=( 5.997028 -19.736571 37.256875 )
xyz0=( 6.506146 -20.803870 37.076229 )
xyz0=( 5.997161 -19.736818 37.256670 )
xyz0=( 6.506017 -20.803567 37.076117 )
xyz0=( 5.997294 -19.737065 37.256465 )
xyz0=( 6.505888 -20.803264 37.076004 )
xyz0=( 5.997428 -19.737312 37.256259 )
xyz0=( 6.505760 -20.802961 37.075892 )
xyz0=( 5.997561 -19.737559 37.256054 )
xyz0=( 6.505631 -20.802658 37.075780 )
xyz0=( 5.997695 -19.737806 37.255849 )
xyz0=( 6.505502 -20.802355 37.075668 )
xyz0=( 5.997828 -19.738053 37.255644 )
xyz0=( 6.505373 -20.802052 37.075556 )
xyz0=( 5.997962 -19.738300 37.255439 )
xyz0=( 6.505244 -20.801749 37.075444 )
xyz0=( 5.998096 -19.738547 37.255234 )
xyz0=( 6.505115 -20.801446 37.075333 )
xyz0=( 5.998229 -19.738794 37.255030 )
xyz0=( 6.504986 -20.801143 37.075221 )
xyz0=( 5.998363 -19.739042 37.254825 )
xyz0=( 6.504857 -20.800840 37.075109 )
xyz0=( 5.998496 -19.739289 37.254620 )
xyz0=( 6.504728 -20.800537 37.074998 )
xyz0=( 5.998630 -19.739537 37.254415 )
xyz0=( 6.504599 -20.800234 37.074887 )
xyz0=( 5.998764 -19.739784 37.254211 )
xyz0=( 6.504470 -20.799931 37.074775 )
xyz0=( 5.998897 -19.740032 37.254006 )
xyz0=( 6.504341 -20.799627 37.074664 )
xyz0=( 5.999031 -19.740280 37.253802 )
xyz0=( 6.504212 -20.799324 37.074553 )
xyz0=( 5.999165 -19.740527 37.253598 )
xyz0=( 6.504083 -20.799021 37.074442 )
xyz0=( 5.999299 -19.740775 37.253393 )
xyz0=( 6.503954 -20.798717 37.074331 )
xyz0=( 5.999433 -19.741023 37.253189 )
xyz0=( 6.503824 -20.798414 37.074220 )
xyz0=( 5.999566 -19.741271 37.252985 )
xyz0=( 6.503695 -20.798110 37.074109 )
xyz0=( 5.999700 -19.741519 37.252781 )
xyz0=( 6.503566 -20.797807 37.073998 )
xyz0=( 5.999834 -19.741767 37.252577 )
xyz0=( 6.503437 -20.797503 37.073887 )
xyz0=( 5.999968 -19.742015 37.252373 )
xyz0=( 6.503307 -20.797199 37.073777 )
xyz0=( 6.000102 -19.742263 37.252169 )
xyz0=( 6.503178 -20.796896 37.073666 )
xyz0=( 6.000236 -19.742512 37.251965 )
xyz0=( 6.503049 -20.796592 37.073556 )
xyz0=( 6.000370 -19.742760 37.251761 )
xyz0=( 6.502919 -20.796288 37.073446 )
xyz0=( 6.000504 -19.743008 37.251558 )
xyz0=( 6.502790 -20.795985 37.073335 )
xyz0=( 6.000638 -19.743257 37.251354 )
xyz0=( 6.502661 -20.795681 37.073225 )
xyz0=( 6.000772 -19.743506 37.251150 )
xyz0=( 6.502531 -20.795377 37.073115 )
xyz0=( 6.000906 -19.743754 37.250947 )
xyz0=( 6.502402 -20.795073 37.073005 )
xyz0=( 6.001040 -19.744003 37.250743 )
xyz0=( 6.502272 -20.794769 37.072895 )
xyz0=( 6.001174 -19.744252 37.250540 )
xyz0=( 6.502143 -20.794465 37.072785 )
xyz0=( 6.001308 -19.744500 37.250337 )
xyz0=( 6.502013 -20.794161 37.072675 )
xyz0=( 6.001443 -19.744749 37.250133 )
xyz0=( 6.501883 -20.793857 37.072566 )
xyz0=( 6.001577 -19.744998 37.249930 )
xyz0=( 6.501754 -20.793553 37.072456 )
xyz0=( 6.001711 -19.745247 37.249727 )
xyz0=( 6.501624 -20.793249 37.072347 )
xyz0=( 6.001845 -19.745496 37.249524 )
xyz0=( 6.501495 -20.792945 37.072237 )
xyz0=( 6.001979 -19.745745 37.249321 )
xyz0=( 6.501365 -20.792640 37.072128 )
xyz0=( 6.002114 -19.745995 37.249118 )
xyz0=( 6.501235 -20.792336 37.072019 )
xyz0=( 6.002248 -19.746244 37.248915 )
xyz0=( 6.501105 -20.792032 37.071909 )
xyz0=( 6.002382 -19.746493 37.248712 )
xyz0=( 6.500976 -20.791728 37.071800 )
xyz0=( 6.002517 -19.746743 37.248510 )
xyz0=( 6.500846 -20.791423 37.071691 )
xyz0=( 6.002651 -19.746992 37.248307 )
xyz0=( 6.500716 -20.791119 37.071582 )
xyz0=( 6.002786 -19.747242 37.248104 )
xyz0=( 6.500586 -20.790814 37.071473 )
xyz0=( 6.002920 -19.747491 37.247902 )
xyz0=( 6.500456 -20.790510 37.071365 )
xyz0=( 6.003054 -19.747741 37.247699 )
xyz0=( 6.500326 -20.790205 37.071256 )
xyz0=( 6.003189 -19.747991 37.247497 )
xyz0=( 6.500196 -20.789901 37.071147 )
xyz0=( 6.003323 -19.748240 37.247295 )
xyz0=( 6.500067 -20.789596 37.071039 )
xyz0=( 6.003458 -19.748490 37.247092 )
xyz0=( 6.499937 -20.789291 37.070930 )
xyz0=( 6.003593 -19.748740 37.246890 )
xyz0=( 6.499807 -20.788987 37.070822 )
xyz0=( 6.003727 -19.748990 37.246688 )
xyz0=( 6.499676 -20.788682 37.070714 )
xyz0=( 6.003862 -19.749240 37.246486 )
xyz0=( 6.499546 -20.788377 37.070606 )
xyz0=( 6.003996 -19.749490 37.246284 )
xyz0=( 6.499416 -20.788072 37.070498 )
xyz0=( 6.004131 -19.749741 37.246082 )
xyz0=( 6.499286 -20.787768 37.070390 )
xyz0=( 6.004266 -19.749991 37.245880 )
xyz0=( 6.499156 -20.787463 37.070282 )
xyz0=( 6.004400 -19.750241 37.245678 )
xyz0=( 6.499026 -20.787158 37.070174 )
xyz0=( 6.004535 -19.750492 37.245476 )
xyz0=( 6.498896 -20.786853 37.070066 )
xyz0=( 6.004670 -19.750742 37.245275 )
xyz0=( 6.498766 -20.786548 37.069958 )
xyz0=( 6.004805 -19.750993 37.245073 )
xyz0=( 6.498635 -20.786243 37.069851 )
xyz0=( 6.004939 -19.751243 37.244871 )
xyz0=( 6.498505 -20.785938 37.069743 )
xyz0=( 6.005074 -19.751494 37.244670 )
xyz0=( 6.498375 -20.785633 37.069636 )
xyz0=( 6.005209 -19.751745 37.244469 )
xyz0=( 6.498244 -20.785327 37.069528 )
xyz0=( 6.005344 -19.751995 37.244267 )
xyz0=( 6.498114 -20.785022 37.069421 )
xyz0=( 6.005479 -19.752246 37.244066 )
xyz0=( 6.497984 -20.784717 37.069314 )
xyz0=( 6.005614 -19.752497 37.243865 )
xyz0=( 6.497853 -20.784412 37.069207 )
xyz0=( 6.005749 -19.752748 37.243663 )
xyz0=( 6.497723 -20.784106 37.069100 )
xyz0=( 6.005884 -19.752999 37.243462 )
xyz0=( 6.497592 -20.783801 37.068993 )
xyz0=( 6.006019 -19.753250 37.243261 )
xyz0=( 6.497462 -20.783495 37.068886 )
xyz0=( 6.006154 -19.753502 37.243060 )
xyz0=( 6.497331 -20.783190 37.068779 )
xyz0=( 6.006289 -19.753753 37.242859 )
xyz0=( 6.497201 -20.782884 37.068673 )
xyz0=( 6.006424 -19.754004 37.242659 )
xyz0=( 6.497070 -20.782579 37.068566 )
xyz0=( 6.006559 -19.754256 37.242458 )
xyz0=( 6.496940 -20.782273 37.068459 )
xyz0=( 6.006694 -19.754507 37.242257 )
xyz0=( 6.496809 -20.781968 37.068353 )
xyz0=( 6.006829 -19.754759 37.242056 )
xyz0=( 6.496678 -20.781662 37.068247 )
xyz0=( 6.006964 -19.755010 37.241856 )
xyz0=( 6.496548 -20.781356 37.068140 )
xyz0=( 6.007100 -19.755262 37.241655 )
xyz0=( 6.496417 -20.781051 37.068034 )
xyz0=( 6.007235 -19.755514 37.241455 )
xyz0=( 6.496286 -20.780745 37.067928 )
xyz0=( 6.007370 -19.755765 37.241255 )
xyz0=( 6.496156 -20.780439 37.067822 )
xyz0=( 6.007505 -19.756017 37.241054 )
xyz0=( 6.496025 -20.780133 37.067716 )
xyz0=( 6.007641 -19.756269 37.240854 )
xyz0=( 6.495894 -20.779827 37.067610 )
xyz0=( 6.007776 -19.756521 37.240654 )
xyz0=( 6.495763 -20.779521 37.067505 )
xyz0=( 6.007911 -19.756773 37.240454 )
xyz0=( 6.495632 -20.779215 37.067399 )
xyz0=( 6.008047 -19.757025 37.240254 )
xyz0=( 6.495501 -20.778909 37.067293 )
xyz0=( 6.008182 -19.757278 37.240054 )
xyz0=( 6.495371 -20.778603 37.067188 )
xyz0=( 6.008317 -19.757530 37.239854 )
xyz0=( 6.495240 -20.778297 37.067082 )
xyz0=( 6.008453 -19.757782 37.239654 )
xyz0=( 6.495109 -20.777991 37.066977 )
xyz0=( 6.008588 -19.758035 37.239454 )
xyz0=( 6.494978 -20.777685 37.066872 )
xyz0=( 6.008724 -19.758287 37.239254 )
xyz0=( 6.494847 -20.777379 37.066767 )
xyz0=( 6.008859 -19.758540 37.239055 )
xyz0=( 6.494716 -20.777072 37.066662 )
xyz0=( 6.008995 -19.758792 37.238855 )
xyz0=( 6.494585 -20.776766 37.066557 )
xyz0=( 6.009130 -19.759045 37.238656 )
xyz0=( 6.494453 -20.776460 37.066452 )
xyz0=( 6.009266 -19.759298 37.238456 )
xyz0=( 6.494322 -20.776153 37.066347 )
xyz0=( 6.494191 -20.775847 37.066242 )
xyz0=( 6.494060 -20.775541 37.066137 )
xyz0=( 6.493929 -20.775234 37.066033 )
xyz0=( 6.493798 -20.774928 37.065928 )
xyz0=( 6.493666 -20.774621 37.065824 )
xyz0=( 6.493535 -20.774314 37.065720 )
xyz0=( 6.493404 -20.774008 37.065615 )
xyz0=( 6.493272 -20.773701 37.065511 )
xyz0=( 6.493141 -20.773394 37.065407 )
xyz0=( 5.993592 -19.730223 37.262199 )
xyz0=( 5.993725 -19.730468 37.261992 )
xyz0=( 5.993857 -19.730713 37.261785 )
xyz0=( 5.993990 -19.730958 37.261578 )
xyz0=( 5.994123 -19.731203 37.261372 )
xyz0=( 5.994256 -19.731448 37.261165 )
xyz0=( 5.994389 -19.731694 37.260958 )
xyz0=( 5.994522 -19.731939 37.260752 )
xyz0=( 5.994654 -19.732185 37.260545 )
xyz0=( 5.994787 -19.732430 37.260339 )
xyz0=( 5.994920 -19.732676 37.260133 )
xyz0=( 5.995053 -19.732921 37.259926 )
xyz0=( 5.995186 -19.733167 37.259720 )
xyz0=( 5.995319 -19.733413 37.259514 )
xyz0=( 5.995452 -19.733659 37.259308 )
xyz0=( 5.995585 -19.733905 37.259102 )
xyz0=( 5.995719 -19.734151 37.258896 )
xyz0=( 5.995852 -19.734397 37.258690 )
xyz0=( 5.995985 -19.734643 37.258484 )
xyz0=( 5.996118 -19.734889 37.258278 )
xyz0=( 5.996251 -19.735135 37.258073 )
xyz0=( 5.996384 -19.735381 37.257867 )
xyz0=( 5.996518 -19.735628 37.257661 )
xyz0=( 5.996651 -19.735874 37.257456 )
xyz0=( 6.508096 -20.808460 37.077944 )
xyz0=( 5.996784 -19.736121 37.257250 )
xyz0=( 6.507968 -20.808158 37.077830 )
xyz0=( 5.996918 -19.736367 37.257045 )
xyz0=( 6.507840 -20.807855 37.077717 )
xyz0=( 5.997051 -19.736614 37.256840 )
xyz0=( 6.507711 -20.807553 37.077603 )
xyz0=( 5.997184 -19.736861 37.256634 )
xyz0=( 6.507583 -20.807251 37.077490 )
xyz0=( 5.997318 -19.737107 37.256429 )
xyz0=( 6.507454 -20.806948 37.077377 )
xyz0=( 5.997451 -19.737354 37.256224 )
xyz0=( 6.507326 -20.806646 37.077264 )
xyz0=( 5.997584 -19.737601 37.256019 )
xyz0=( 6.507197 -20.806343 37.077150 )
xyz0=( 5.997718 -19.737848 37.255814 )
xyz0=( 6.507069 -20.806041 37.077037 )
xyz0=( 5.997851 -19.738095 37.255609 )
xyz0=( 6.506940 -20.805738 37.076924 )
xyz0=( 5.997985 -19.738342 37.255404 )
xyz0=( 6.506811 -20.805435 37.076812 )
xyz0=( 5.998118 -19.738589 37.255199 )
xyz0=( 6.506683 -20.805133 37.076699 )
xyz0=( 5.998252 -19.738837 37.254995 )
xyz0=( 6.506554 -20.804830 37.076586 )
xyz0=( 5.998386 -19.739084 37.254790 )
xyz0=( 6.506425 -20.804527 37.076473 )
xyz0=( 5.998519 -19.739331 37.254585 )
xyz0=( 6.506297 -20.804225 37.076361 )
xyz0=( 5.998653 -19.739579 37.254381 )
xyz0=( 6.506168 -20.803922 37.076248 )
xyz0=( 5.998786 -19.739826 37.254176 )
xyz0=( 6.506039 -20.803619 37.076136 )
xyz0=( 5.998920 -19.740074 37.253972 )
xyz0=( 6.505910 -20.803316 37.076024 )
xyz0=( 5.999054 -19.740321 37.253767 )
xyz0=( 6.505782 -20.803013 37.075911 )
xyz0=( 5.999187 -19.740569 37.253563 )
xyz0=( 6.505653 -20.802710 37.075799 )
xyz0=( 5.999321 -19.740817 37.253359 )
xyz0=( 6.505524 -20.802407 37.075687 )
xyz0=( 5.999455 -19.741065 37.253155 )
xyz0=( 6.505395 -20.802104 37.075575 )
xyz0=( 5.999589 -19.741313 37.252951 )
xyz0=( 6.505266 -20.801801 37.075463 )
xyz0=( 5.999723 -19.741561 37.252747 )
xyz0=( 6.505137 -20.801498 37.075352 )
xyz0=( 5.999856 -19.741809 37.252543 )
xyz0=( 6.505008 -20.801194 37.075240 )
xyz0=( 5.999990 -19.742057 37.252339 )
xyz0=( 6.504879 -20.800891 37.075128 )
xyz0=( 6.000124 -19.742305 37.252135 )
xyz0=( 6.504750 -20.800588 37.075017 )
xyz0=( 6.000258 -19.742553 37.251931 )
xyz0=( 6.504621 -20.800285 37.074905 )
xyz0=( 6.000392 -19.742801 37.251727 )
xyz0=( 6.504492 -20.799981 37.074794 )
xyz0=( 6.000526 -19.743050 37.251524 )
xyz0=( 6.504363 -20.799678 37.074683 )
xyz0=( 6.000660 -19.743298 37.251320 )
xyz0=( 6.504234 -20.799375 37.074571 )
xyz0=( 6.000794 -19.743546 37.251117 )
xyz0=( 6.504104 -20.799071 37.074460 )
xyz0=( 6.000928 -19.743795 37.250913 )
xyz0=( 6.503975 -20.798768 37.074349 )
xyz0=( 6.001062 -19.744044 37.250710 )
xyz0=( 6.503846 -20.798464 37.074238 )
xyz0=( 6.001196 -19.744292 37.250507 )
xyz0=( 6.503717 -20.798160 37.074127 )
xyz0=( 6.001330 -19.744541 37.250303 )
xyz0=( 6.503587 -20.797857 37.074016 )
xyz0=( 6.001464 -19.744790 37.250100 )
xyz0=( 6.503458 -20.797553 37.073906 )
xyz0=( 6.001599 -19.745039 37.249897 )
xyz0=( 6.503329 -20.797249 37.073795 )
xyz0=( 6.001733 -19.745288 37.249694 )
xyz0=( 6.503199 -20.796946 37.073684 )
xyz0=( 6.001867 -19.745537 37.249491 )
xyz0=( 6.503070 -20.796642 37.073574 )
xyz0=( 6.002001 -19.745786 37.249288 )
xyz0=( 6.502941 -20.796338 37.073464 )
xyz0=( 6.002135 -19.746035 37.249085 )
xyz0=( 6.502811 -20.796034 37.073353 )
xyz0=( 6.002270 -19.746284 37.248882 )
xyz0=( 6.502682 -20.795730 37.073243 )
xyz0=( 6.002404 -19.746533 37.248680 )
xyz0=( 6.502552 -20.795426 37.073133 )
xyz0=( 6.002538 -19.746783 37.248477 )
xyz0=( 6.502423 -20.795122 37.073023 )
xyz0=( 6.002673 -19.747032 37.248274 )
xyz0=( 6.502293 -20.794818 37.072913 )
xyz0=( 6.002807 -19.747282 37.248072 )
xyz0=( 6.502164 -20.794514 37.072803 )
xyz0=( 6.002941 -19.747531 37.247869 )
xyz0=( 6.502034 -20.794210 37.072693 )
xyz0=( 6.003076 -19.747781 37.247667 )
xyz0=( 6.501904 -20.793906 37.072583 )
xyz0=( 6.003210 -19.748030 37.247465 )
xyz0=( 6.501775 -20.793602 37.072474 )
xyz0=( 6.003345 -19.748280 37.247262 )
xyz0=( 6.501645 -20.793298 37.072364 )
xyz0=( 6.003479 -19.748530 37.247060 )
xyz0=( 6.501515 -20.792993 37.072255 )
xyz0=( 6.003614 -19.748780 37.246858 )
xyz0=( 6.501386 -20.792689 37.072145 )
xyz0=( 6.003748 -19.749030 37.246656 )
xyz0=( 6.501256 -20.792385 37.072036 )
xyz0=( 6.003883 -19.749280 37.246454 )
xyz0=( 6.501126 -20.792080 37.071927 )
xyz0=( 6.004018 -19.749530 37.246252 )
xyz0=( 6.500996 -20.791776 37.071818 )
xyz0=( 6.004152 -19.749780 37.246050 )
xyz0=( 6.500866 -20.791471 37.071709 )
xyz0=( 6.004287 -19.750030 37.245848 )
xyz0=( 6.500737 -20.791167 37.071600 )
xyz0=( 6.004421 -19.750280 37.245647 )
xyz0=( 6.500607 -20.790862 37.071491 )
xyz0=( 6.004556 -19.750531 37.245445 )
xyz0=( 6.500477 -20.790558 37.071382 )
xyz0=( 6.004691 -19.750781 37.245243 )
xyz0=( 6.500347 -20.790253 37.071273 )
xyz0=( 6.004826 -19.751032 37.245042 )
xyz0=( 6.500217 -20.789948 37.071164 )
xyz0=( 6.004960 -19.751282 37.244840 )
xyz0=( 6.500087 -20.789644 37.071056 )
xyz0=( 6.005095 -19.751533 37.244639 )
xyz0=( 6.499957 -20.789339 37.070947 )
xyz0=( 6.005230 -19.751783 37.244438 )
xyz0=( 6.499827 -20.789034 37.070839 )
xyz0=( 6.005365 -19.752034 37.244236 )
xyz0=( 6.499697 -20.788729 37.070731 )
xyz0=( 6.005500 -19.752285 37.244035 )
xyz0=( 6.499567 -20.788425 37.070622 )
xyz0=( 6.005635 -19.752536 37.243834 )
xyz0=( 6.499436 -20.788120 37.070514 )
xyz0=( 6.005769 -19.752787 37.243633 )
xyz0=( 6.499306 -20.787815 37.070406 )
xyz0=( 6.005904 -19.753038 37.243432 )
xyz0=( 6.499176 -20.787510 37.070298 )
xyz0=( 6.006039 -19.753289 37.243231 )
xyz0=( 6.499046 -20.787205 37.070190 )
xyz0=( 6.006174 -19.753540 37.243030 )
xyz0=( 6.498916 -20.786900 37.070083 )
xyz0=( 6.006309 -19.753791 37.242829 )
xyz0=( 6.498785 -20.786594 37.069975 )
xyz0=( 6.006444 -19.754042 37.242628 )
xyz0=( 6.498655 -20.786289 37.069867 )
xyz0=( 6.006579 -19.754294 37.242428 )
xyz0=( 6.498525 -20.785984 37.069760 )
xyz0=( 6.006714 -19.754545 37.242227 )
xyz0=( 6.498395 -20.785679 37.069652 )
xyz0=( 6.006850 -19.754796 37.242026 )
xyz0=( 6.498264 -20.785374 37.069545 )
xyz0=( 6.006985 -19.755048 37.241826 )
xyz0=( 6.498134 -20.785068 37.069437 )
xyz0=( 6.007120 -19.755299 37.241625 )
xyz0=( 6.498003 -20.784763 37.069330 )
xyz0=( 6.007255 -19.755551 37.241425 )
xyz0=( 6.497873 -20.784458 37.069223 )
xyz0=( 6.007390 -19.755803 37.241225 )
xyz0=( 6.497742 -20.784152 37.069116 )
xyz0=( 6.007525 -19.756055 37.241025 )
xyz0=( 6.497612 -20.783847 37.069009 )
xyz0=( 6.007661 -19.756306 37.240824 )
xyz0=( 6.497481 -20.783541 37.068902 )
xyz0=( 6.007796 -19.756558 37.240624 )
xyz0=( 6.497351 -20.783236 37.068795 )
xyz0=( 6.007931 -19.756810 37.240424 )
xyz0=( 6.497220 -20.782930 37.068688 )
xyz0=( 6.008067 -19.757062 37.240224 )
xyz0=( 6.497090 -20.782624 37.068582 )
xyz0=( 6.008202 -19.757315 37.240024 )
xyz0=( 6.496959 -20.782319 37.068475 )
xyz0=( 6.008337 -19.757567 37.239824 )
xyz0=( 6.496828 -20.782013 37.068369 )
xyz0=( 6.008473 -19.757819 37.239625 )
xyz0=( 6.496698 -20.781707 37.068262 )
xyz0=( 6.008608 -19.758071 37.239425 )
xyz0=( 6.496567 -20.781401 37.068156 )
xyz0=( 6.008743 -19.758324 37.239225 )
xyz0=( 6.496436 -20.781096 37.068050 )
xyz0=( 6.008879 -19.758576 37.239026 )
xyz0=( 6.496305 -20.780790 37.067944 )
xyz0=( 6.009014 -19.758829 37.238826 )
xyz0=( 6.496175 -20.780484 37.067838 )
xyz0=( 6.009150 -19.759081 37.238627 )
xyz0=( 6.496044 -20.780178 37.067732 )
xyz0=( 6.009285 -19.759334 37.238427 )
xyz0=( 6.495913 -20.779872 37.067626 )
xyz0=( 6.009421 -19.759587 37.238228 )
xyz0=( 6.495782 -20.779566 37.067520 )
xyz0=( 6.009557 -19.759839 37.238029 )
xyz0=( 6.495651 -20.779260 37.067414 )
xyz0=( 6.009692 -19.760092 37.237830 )
xyz0=( 6.495520 -20.778954 37.067309 )
xyz0=( 6.009828 -19.760345 37.237631 )
xyz0=( 6.495389 -20.778647 37.067203 )
xyz0=( 6.009964 -19.760598 37.237431 )
xyz0=( 6.495258 -20.778341 37.067098 )
xyz0=( 6.010099 -19.760851 37.237232 )
xyz0=( 6.495127 -20.778035 37.066992 )
xyz0=( 6.010235 -19.761104 37.237034 )
xyz0=( 6.494996 -20.777729 37.066887 )
xyz0=( 6.010371 -19.761357 37.236835 )
xyz0=( 6.494865 -20.777422 37.066782 )
xyz0=( 6.494734 -20.777116 37.066676 )
xyz0=( 6.494603 -20.776810 37.066571 )
xyz0=( 6.494472 -20.776503 37.066466 )
xyz0=( 6.494341 -20.776197 37.066362 )
