order:    [ 5 1 2 4 7 3 0 10 11 15 14 13 17 16 9 6 8 12 ]
atoms:    [ CA CA C N H HA N CA C C CA N HA H N C HA H ]
residues: [ 1 0 0 1 1 0 0 2 2 3 3 3 3 3 2 1 1 2 ]

We use a different pair of symbles to represent the bits values which are associated with the HA and H of the discretized distance, and another one to represent the bits of other hydrogens.
For the HA and H from the discretized distance:
	"+" means 0
	"-" means 1
For any other hydrogens:
	">" means 0
	"<" means 1

d_7_3=2.910105760606 s=[ 0 0 0 0 + + 1 1 1 0 1 0 < > 1 1 < > ] xyz0=( 6.511812, -20.817216, 37.081278 )

d_7_3=2.912125962626 s=[ 0 0 0 0 + + 1 1 1 0 1 0 < > 1 1 < > ] xyz0=( 6.510522, -20.814175, 37.080111 )

d_7_3=2.914146164646 s=[ 0 0 0 0 + + 1 1 1 0 1 0 < > 1 1 < > ] xyz0=( 6.509230, -20.811129, 37.078952 )

d_7_3=2.914146164646 s=[ 0 0 0 0 + - 0 0 0 1 0 1 > > 0 0 > > ] xyz0=( 5.997938, -19.738256, 37.255475 )

d_7_3=2.916166366667 s=[ 0 0 0 0 + + 1 1 1 0 1 0 < > 1 1 < > ] xyz0=( 6.507935, -20.808080, 37.077801 )

d_7_3=2.916166366667 s=[ 0 0 0 0 + - 0 0 0 1 0 1 > > 0 0 > > ] xyz0=( 5.999286, -19.740752, 37.253412 )

d_7_3=2.918186568687 s=[ 0 0 0 0 + + 1 1 1 0 1 0 < > 1 1 < > ] xyz0=( 6.506637, -20.805026, 37.076659 )

d_7_3=2.918186568687 s=[ 0 0 0 0 + - 0 0 0 1 0 1 > > 0 0 > > ] xyz0=( 6.000636, -19.743254, 37.251356 )

d_7_3=2.920206770707 s=[ 0 0 0 0 + + 1 1 1 0 1 0 < > 1 1 < > ] xyz0=( 6.505337, -20.801968, 37.075525 )

d_7_3=2.920206770707 s=[ 0 0 0 0 + - 0 0 0 1 0 1 > > 0 0 > > ] xyz0=( 6.001989, -19.745764, 37.249306 )

d_7_3=2.922226972727 s=[ 0 0 0 0 + + 1 1 1 0 1 0 < > 1 1 < > ] xyz0=( 6.504034, -20.798906, 37.074400 )

d_7_3=2.922226972727 s=[ 0 0 0 0 + - 0 0 0 1 0 1 > > 0 0 > > ] xyz0=( 6.003344, -19.748279, 37.247263 )

d_7_3=2.924247174747 s=[ 0 0 0 0 + + 1 1 1 0 1 0 < > 1 1 < > ] xyz0=( 6.502728, -20.795840, 37.073283 )

d_7_3=2.924247174747 s=[ 0 0 0 0 + - 0 0 0 1 0 1 > > 0 0 > > ] xyz0=( 6.004702, -19.750802, 37.245227 )

d_7_3=2.926267376768 s=[ 0 0 0 0 + + 1 1 1 0 1 0 < > 1 1 < > ] xyz0=( 6.501420, -20.792769, 37.072174 )

d_7_3=2.926267376768 s=[ 0 0 0 0 + - 0 0 0 1 0 1 > > 0 0 > > ] xyz0=( 6.006062, -19.753331, 37.243197 )

d_7_3=2.928287578788 s=[ 0 0 0 0 + + 1 1 1 0 1 0 < > 1 1 < > ] xyz0=( 6.500109, -20.789695, 37.071074 )

d_7_3=2.928287578788 s=[ 0 0 0 0 + - 0 0 0 1 0 1 > > 0 0 > > ] xyz0=( 6.007425, -19.755867, 37.241174 )

d_7_3=2.930307780808 s=[ 0 0 0 0 + + 1 1 1 0 1 0 < > 1 1 < > ] xyz0=( 6.498795, -20.786617, 37.069983 )

d_7_3=2.930307780808 s=[ 0 0 0 0 + - 0 0 0 1 0 1 > > 0 0 > > ] xyz0=( 6.008790, -19.758410, 37.239157 )

d_7_3=2.932327982828 s=[ 0 0 0 0 + + 1 1 1 0 1 0 < > 1 1 < > ] xyz0=( 6.497478, -20.783534, 37.068900 )

d_7_3=2.932327982828 s=[ 0 0 0 0 + - 0 0 0 1 0 1 > > 0 0 > > ] xyz0=( 6.010157, -19.760959, 37.237148 )

d_7_3=2.934348184848 s=[ 0 0 0 0 + + 1 1 1 0 1 0 < > 1 1 < > ] xyz0=( 6.496159, -20.780447, 37.067825 )

d_7_3=2.934348184848 s=[ 0 0 0 0 + - 0 0 0 1 0 1 > > 0 0 > > ] xyz0=( 6.011527, -19.763515, 37.235145 )

d_7_3=2.912125962626 s=[ 0 0 0 0 - + 1 1 1 0 1 0 < > 1 1 < > ] xyz0=( 6.511312, -20.816038, 37.080825 )

d_7_3=2.914146164646 s=[ 0 0 0 0 - + 1 1 1 0 1 0 < > 1 1 < > ] xyz0=( 6.510021, -20.812994, 37.079660 )

d_7_3=2.914146164646 s=[ 0 0 0 0 - - 0 0 0 1 0 1 > > 0 0 > > ] xyz0=( 5.998763, -19.739783, 37.254212 )

d_7_3=2.916166366667 s=[ 0 0 0 0 - + 1 1 1 0 1 0 < > 1 1 < > ] xyz0=( 6.508727, -20.809946, 37.078504 )

d_7_3=2.916166366667 s=[ 0 0 0 0 - - 0 0 0 1 0 1 > > 0 0 > > ] xyz0=( 6.000112, -19.742282, 37.252154 )

d_7_3=2.918186568687 s=[ 0 0 0 0 - + 1 1 1 0 1 0 < > 1 1 < > ] xyz0=( 6.507431, -20.806893, 37.077356 )

d_7_3=2.918186568687 s=[ 0 0 0 0 - - 0 0 0 1 0 1 > > 0 0 > > ] xyz0=( 6.001463, -19.744787, 37.250102 )

d_7_3=2.920206770707 s=[ 0 0 0 0 - + 1 1 1 0 1 0 < > 1 1 < > ] xyz0=( 6.506132, -20.803837, 37.076217 )

d_7_3=2.920206770707 s=[ 0 0 0 0 - - 0 0 0 1 0 1 > > 0 0 > > ] xyz0=( 6.002817, -19.747300, 37.248057 )

d_7_3=2.922226972727 s=[ 0 0 0 0 - + 1 1 1 0 1 0 < > 1 1 < > ] xyz0=( 6.504830, -20.800777, 37.075086 )

d_7_3=2.922226972727 s=[ 0 0 0 0 - - 0 0 0 1 0 1 > > 0 0 > > ] xyz0=( 6.004173, -19.749819, 37.246019 )

d_7_3=2.924247174747 s=[ 0 0 0 0 - + 1 1 1 0 1 0 < > 1 1 < > ] xyz0=( 6.503526, -20.797712, 37.073964 )

d_7_3=2.924247174747 s=[ 0 0 0 0 - - 0 0 0 1 0 1 > > 0 0 > > ] xyz0=( 6.005532, -19.752345, 37.243987 )

d_7_3=2.926267376768 s=[ 0 0 0 0 - + 1 1 1 0 1 0 < > 1 1 < > ] xyz0=( 6.502219, -20.794643, 37.072850 )

d_7_3=2.926267376768 s=[ 0 0 0 0 - - 0 0 0 1 0 1 > > 0 0 > > ] xyz0=( 6.006893, -19.754877, 37.241962 )

d_7_3=2.928287578788 s=[ 0 0 0 0 - + 1 1 1 0 1 0 < > 1 1 < > ] xyz0=( 6.500909, -20.791570, 37.071744 )

d_7_3=2.928287578788 s=[ 0 0 0 0 - - 0 0 0 1 0 1 > > 0 0 > > ] xyz0=( 6.008256, -19.757416, 37.239944 )

d_7_3=2.930307780808 s=[ 0 0 0 0 - + 1 1 1 0 1 0 < > 1 1 < > ] xyz0=( 6.499596, -20.788493, 37.070647 )

d_7_3=2.930307780808 s=[ 0 0 0 0 - - 0 0 0 1 0 1 > > 0 0 > > ] xyz0=( 6.009623, -19.759962, 37.237932 )

d_7_3=2.932327982828 s=[ 0 0 0 0 - + 1 1 1 0 1 0 < > 1 1 < > ] xyz0=( 6.498281, -20.785412, 37.069558 )

d_7_3=2.932327982828 s=[ 0 0 0 0 - - 0 0 0 1 0 1 > > 0 0 > > ] xyz0=( 6.010991, -19.762515, 37.235927 )

d_7_3=2.934348184848 s=[ 0 0 0 0 - - 0 0 0 1 0 1 > > 0 0 > > ] xyz0=( 6.012362, -19.765074, 37.233929 )

d_7_3=2.912125962626 s=[ 0 0 0 1 + - 0 0 0 1 0 1 > > 0 0 > > ] xyz0=( 5.994606, -19.732096, 37.260620 )

d_7_3=2.914146164646 s=[ 0 0 0 1 + + 1 1 1 0 1 0 < > 1 1 < > ] xyz0=( 6.507315, -20.806620, 37.077254 )

d_7_3=2.914146164646 s=[ 0 0 0 1 + - 0 0 0 1 0 1 > > 0 0 > > ] xyz0=( 5.995949, -19.734577, 37.258539 )

d_7_3=2.916166366667 s=[ 0 0 0 1 + + 1 1 1 0 1 0 < > 1 1 < > ] xyz0=( 6.506017, -20.803567, 37.076117 )

d_7_3=2.916166366667 s=[ 0 0 0 1 + - 0 0 0 1 0 1 > > 0 0 > > ] xyz0=( 5.997294, -19.737065, 37.256465 )

d_7_3=2.918186568687 s=[ 0 0 0 1 + + 1 1 1 0 1 0 < > 1 1 < > ] xyz0=( 6.504717, -20.800509, 37.074988 )

d_7_3=2.918186568687 s=[ 0 0 0 1 + - 0 0 0 1 0 1 > > 0 0 > > ] xyz0=( 5.998642, -19.739559, 37.254397 )

d_7_3=2.920206770707 s=[ 0 0 0 1 + + 1 1 1 0 1 0 < > 1 1 < > ] xyz0=( 6.503413, -20.797448, 37.073867 )

d_7_3=2.920206770707 s=[ 0 0 0 1 + - 0 0 0 1 0 1 > > 0 0 > > ] xyz0=( 5.999992, -19.742060, 37.252336 )

d_7_3=2.922226972727 s=[ 0 0 0 1 + + 1 1 1 0 1 0 < > 1 1 < > ] xyz0=( 6.502107, -20.794382, 37.072755 )

d_7_3=2.922226972727 s=[ 0 0 0 1 + - 0 0 0 1 0 1 > > 0 0 > > ] xyz0=( 6.001345, -19.744568, 37.250281 )

d_7_3=2.924247174747 s=[ 0 0 0 1 + + 1 1 1 0 1 0 < > 1 1 < > ] xyz0=( 6.500799, -20.791313, 37.071652 )

d_7_3=2.924247174747 s=[ 0 0 0 1 + - 0 0 0 1 0 1 > > 0 0 > > ] xyz0=( 6.002700, -19.747083, 37.248233 )

d_7_3=2.926267376768 s=[ 0 0 0 1 + + 1 1 1 0 1 0 < > 1 1 < > ] xyz0=( 6.499487, -20.788239, 37.070557 )

d_7_3=2.926267376768 s=[ 0 0 0 1 + - 0 0 0 1 0 1 > > 0 0 > > ] xyz0=( 6.004058, -19.749604, 37.246192 )

d_7_3=2.928287578788 s=[ 0 0 0 1 + + 1 1 1 0 1 0 < > 1 1 < > ] xyz0=( 6.498173, -20.785161, 37.069470 )

d_7_3=2.928287578788 s=[ 0 0 0 1 + - 0 0 0 1 0 1 > > 0 0 > > ] xyz0=( 6.005418, -19.752132, 37.244157 )

d_7_3=2.930307780808 s=[ 0 0 0 1 + + 1 1 1 0 1 0 < > 1 1 < > ] xyz0=( 6.496857, -20.782079, 37.068392 )

d_7_3=2.930307780808 s=[ 0 0 0 1 + - 0 0 0 1 0 1 > > 0 0 > > ] xyz0=( 6.006780, -19.754667, 37.242129 )

d_7_3=2.932327982828 s=[ 0 0 0 1 + + 1 1 1 0 1 0 < > 1 1 < > ] xyz0=( 6.495537, -20.778993, 37.067322 )

d_7_3=2.932327982828 s=[ 0 0 0 1 + - 0 0 0 1 0 1 > > 0 0 > > ] xyz0=( 6.008145, -19.757209, 37.240108 )

d_7_3=2.934348184848 s=[ 0 0 0 1 + + 1 1 1 0 1 0 < > 1 1 < > ] xyz0=( 6.494215, -20.775903, 37.066261 )

d_7_3=2.910105760606 s=[ 0 0 0 1 - - 0 0 0 1 0 1 > > 0 0 > > ] xyz0=( 5.994087, -19.731136, 37.261428 )

d_7_3=2.912125962626 s=[ 0 0 0 1 - - 0 0 0 1 0 1 > > 0 0 > > ] xyz0=( 5.995428, -19.733614, 37.259345 )

d_7_3=2.914146164646 s=[ 0 0 0 1 - + 1 1 1 0 1 0 < > 1 1 < > ] xyz0=( 6.508108, -20.808487, 37.077954 )

d_7_3=2.914146164646 s=[ 0 0 0 1 - - 0 0 0 1 0 1 > > 0 0 > > ] xyz0=( 5.996772, -19.736098, 37.257269 )

d_7_3=2.916166366667 s=[ 0 0 0 1 - + 1 1 1 0 1 0 < > 1 1 < > ] xyz0=( 6.506811, -20.805435, 37.076812 )

d_7_3=2.916166366667 s=[ 0 0 0 1 - - 0 0 0 1 0 1 > > 0 0 > > ] xyz0=( 5.998118, -19.738589, 37.255199 )

d_7_3=2.918186568687 s=[ 0 0 0 1 - + 1 1 1 0 1 0 < > 1 1 < > ] xyz0=( 6.505512, -20.802379, 37.075677 )

d_7_3=2.918186568687 s=[ 0 0 0 1 - - 0 0 0 1 0 1 > > 0 0 > > ] xyz0=( 5.999467, -19.741087, 37.253136 )

d_7_3=2.920206770707 s=[ 0 0 0 1 - + 1 1 1 0 1 0 < > 1 1 < > ] xyz0=( 6.504210, -20.799319, 37.074551 )

d_7_3=2.920206770707 s=[ 0 0 0 1 - - 0 0 0 1 0 1 > > 0 0 > > ] xyz0=( 6.000818, -19.743592, 37.251080 )

d_7_3=2.922226972727 s=[ 0 0 0 1 - + 1 1 1 0 1 0 < > 1 1 < > ] xyz0=( 6.502905, -20.796255, 37.073434 )

d_7_3=2.922226972727 s=[ 0 0 0 1 - - 0 0 0 1 0 1 > > 0 0 > > ] xyz0=( 6.002172, -19.746103, 37.249030 )

d_7_3=2.924247174747 s=[ 0 0 0 1 - + 1 1 1 0 1 0 < > 1 1 < > ] xyz0=( 6.501598, -20.793187, 37.072324 )

d_7_3=2.924247174747 s=[ 0 0 0 1 - - 0 0 0 1 0 1 > > 0 0 > > ] xyz0=( 6.003528, -19.748621, 37.246987 )

d_7_3=2.926267376768 s=[ 0 0 0 1 - + 1 1 1 0 1 0 < > 1 1 < > ] xyz0=( 6.500288, -20.790115, 37.071224 )

d_7_3=2.926267376768 s=[ 0 0 0 1 - - 0 0 0 1 0 1 > > 0 0 > > ] xyz0=( 6.004887, -19.751145, 37.244950 )

d_7_3=2.928287578788 s=[ 0 0 0 1 - + 1 1 1 0 1 0 < > 1 1 < > ] xyz0=( 6.498975, -20.787038, 37.070132 )

d_7_3=2.928287578788 s=[ 0 0 0 1 - - 0 0 0 1 0 1 > > 0 0 > > ] xyz0=( 6.006248, -19.753677, 37.242920 )

d_7_3=2.930307780808 s=[ 0 0 0 1 - + 1 1 1 0 1 0 < > 1 1 < > ] xyz0=( 6.497659, -20.783958, 37.069048 )

d_7_3=2.930307780808 s=[ 0 0 0 1 - - 0 0 0 1 0 1 > > 0 0 > > ] xyz0=( 6.007611, -19.756215, 37.240897 )

d_7_3=2.932327982828 s=[ 0 0 0 1 - + 1 1 1 0 1 0 < > 1 1 < > ] xyz0=( 6.496341, -20.780873, 37.067973 )

d_7_3=2.932327982828 s=[ 0 0 0 1 - - 0 0 0 1 0 1 > > 0 0 > > ] xyz0=( 6.008977, -19.758760, 37.238881 )

d_7_3=2.934348184848 s=[ 0 0 0 1 - + 1 1 1 0 1 0 < > 1 1 < > ] xyz0=( 6.495020, -20.777784, 37.066906 )

d_7_3=2.934348184848 s=[ 0 0 0 1 - - 0 0 0 1 0 1 > > 0 0 > > ] xyz0=( 6.010346, -19.761311, 37.236871 )

