order:    [ 1 8 9 0 14 13 12 15 11 7 4 5 10 3 2 6 ]
atoms:    [ CA CA C N C CA N H HA N CA C H N C H ]
residues: [ 0 2 2 0 3 3 3 3 2 2 1 1 2 1 0 1 ]

d_15_11=3.416959306677 eijMax=9.529E-04 rmsd=3.905E-02 s=[ 0 0 0 0 0 0 1 0 0 1 1 0 1 1 0 1 ]
d_15_11=3.417159506877 eijMax=5.608E-05 rmsd=1.858E-03 s=[ 0 0 0 0 0 0 1 0 0 1 1 0 0 1 0 0 ]
d_15_11=3.417159506877 eijMax=1.185E-03 rmsd=8.887E-02 s=[ 0 0 0 0 0 0 1 0 0 1 1 0 0 1 1 1 ]
d_15_11=3.417359707077 eijMax=7.092E-04 rmsd=2.202E-02 s=[ 0 0 0 0 0 0 1 0 0 1 1 0 0 1 0 0 ]
d_15_11=3.417359707077 eijMax=1.020E-03 rmsd=1.082E-01 s=[ 0 0 0 0 0 0 1 0 0 1 1 0 1 1 1 1 ]
d_15_11=3.417559907277 eijMax=1.288E-03 rmsd=3.763E-02 s=[ 0 0 0 0 0 0 1 0 0 1 1 0 0 1 0 0 ]
d_15_11=3.417559907277 eijMax=7.803E-04 rmsd=1.230E-01 s=[ 0 0 0 0 0 0 1 0 0 1 1 0 1 1 1 1 ]
d_15_11=3.417760107477 eijMax=5.008E-04 rmsd=1.354E-01 s=[ 0 0 0 0 0 0 1 0 0 1 1 0 0 1 1 1 ]
d_15_11=3.417960307678 eijMax=1.943E-04 rmsd=1.464E-01 s=[ 0 0 0 0 0 0 1 0 0 1 1 0 0 1 1 1 ]
d_15_11=3.418160507878 eijMax=1.323E-04 rmsd=1.564E-01 s=[ 0 0 0 0 0 0 1 0 0 1 1 0 0 1 1 1 ]
d_15_11=3.418360708078 eijMax=4.750E-04 rmsd=1.657E-01 s=[ 0 0 0 0 0 0 1 0 0 1 1 0 1 1 1 1 ]
d_15_11=3.418560908278 eijMax=8.309E-04 rmsd=1.743E-01 s=[ 0 0 0 0 0 0 1 0 0 1 1 0 0 1 1 1 ]
d_15_11=3.418761108478 eijMax=1.198E-03 rmsd=1.824E-01 s=[ 0 0 0 0 0 0 1 0 0 1 1 0 0 1 1 1 ]
d_15_11=3.418961308679 eijMax=1.575E-03 rmsd=1.902E-01 s=[ 0 0 0 0 0 0 1 0 0 1 1 0 0 1 1 1 ]
d_15_11=3.419161508879 eijMax=1.961E-03 rmsd=1.976E-01 s=[ 0 0 0 0 0 0 1 0 0 1 1 0 0 1 1 1 ]
d_15_11=3.419361709079 eijMax=2.355E-03 rmsd=2.048E-01 s=[ 0 0 0 0 0 0 1 0 0 1 1 0 1 1 1 1 ]
d_15_11=3.419561909279 eijMax=2.755E-03 rmsd=2.116E-01 s=[ 0 0 0 0 0 0 1 0 0 1 1 0 0 1 1 1 ]
d_15_11=3.419762109479 eijMax=3.163E-03 rmsd=2.183E-01 s=[ 0 0 0 0 0 0 1 0 0 1 1 0 0 1 1 1 ]
d_15_11=3.419962309680 eijMax=3.576E-03 rmsd=2.247E-01 s=[ 0 0 0 0 0 0 1 0 0 1 1 0 0 1 1 1 ]
d_15_11=3.420162509880 eijMax=3.995E-03 rmsd=2.310E-01 s=[ 0 0 0 0 0 0 1 0 0 1 1 0 0 1 1 1 ]
d_15_11=3.420362710080 eijMax=4.419E-03 rmsd=2.372E-01 s=[ 0 0 0 0 0 0 1 0 0 1 1 0 0 1 1 1 ]
d_15_11=3.420562910280 eijMax=4.848E-03 rmsd=2.431E-01 s=[ 0 0 0 0 0 0 1 0 0 1 1 0 0 1 1 1 ]
d_15_11=3.420763110480 eijMax=5.281E-03 rmsd=2.490E-01 s=[ 0 0 0 0 0 0 1 0 0 1 1 0 0 1 1 1 ]
d_15_11=3.420963310681 eijMax=5.719E-03 rmsd=2.547E-01 s=[ 0 0 0 0 0 0 1 0 0 1 1 0 0 1 1 1 ]
d_15_11=3.421163510881 eijMax=6.162E-03 rmsd=2.604E-01 s=[ 0 0 0 0 0 0 1 0 0 1 1 0 0 1 1 1 ]
d_15_11=3.421363711081 eijMax=6.608E-03 rmsd=2.659E-01 s=[ 0 0 0 0 0 0 1 0 0 1 1 0 0 1 1 1 ]
d_15_11=3.421563911281 eijMax=7.058E-03 rmsd=2.713E-01 s=[ 0 0 0 0 0 0 1 0 0 1 1 0 0 1 1 1 ]
d_15_11=3.421764111481 eijMax=7.511E-03 rmsd=2.767E-01 s=[ 0 0 0 0 0 0 1 0 0 1 1 0 0 1 1 1 ]
d_15_11=3.421964311682 eijMax=7.968E-03 rmsd=2.819E-01 s=[ 0 0 0 0 0 0 1 0 0 1 1 0 0 1 1 1 ]
d_15_11=3.422164511882 eijMax=8.429E-03 rmsd=2.871E-01 s=[ 0 0 0 0 0 0 1 0 0 1 1 0 0 1 1 1 ]
d_15_11=3.422364712082 eijMax=8.892E-03 rmsd=2.922E-01 s=[ 0 0 0 0 0 0 1 0 0 1 1 0 0 1 1 1 ]
d_15_11=3.422564912282 eijMax=9.359E-03 rmsd=2.973E-01 s=[ 0 0 0 0 0 0 1 0 0 1 1 0 0 1 1 1 ]
d_15_11=3.416959306677 eijMax=9.529E-04 rmsd=3.905E-02 s=[ 0 0 0 1 1 1 0 0 1 0 0 0 0 0 0 0 ]
d_15_11=3.417159506877 eijMax=1.185E-03 rmsd=8.887E-02 s=[ 0 0 0 1 1 1 0 0 1 0 0 0 1 0 0 0 ]
d_15_11=3.417159506877 eijMax=5.608E-05 rmsd=1.858E-03 s=[ 0 0 0 1 1 1 0 0 1 0 0 0 1 0 1 1 ]
d_15_11=3.417359707077 eijMax=1.020E-03 rmsd=1.082E-01 s=[ 0 0 0 1 1 1 0 0 1 0 0 0 1 0 0 0 ]
d_15_11=3.417359707077 eijMax=7.092E-04 rmsd=2.202E-02 s=[ 0 0 0 1 1 1 0 0 1 0 0 0 1 0 1 1 ]
d_15_11=3.417559907277 eijMax=7.803E-04 rmsd=1.230E-01 s=[ 0 0 0 1 1 1 0 0 1 0 0 0 1 0 0 0 ]
d_15_11=3.417559907277 eijMax=1.288E-03 rmsd=3.763E-02 s=[ 0 0 0 1 1 1 0 0 1 0 0 0 1 0 1 1 ]
d_15_11=3.417760107477 eijMax=5.008E-04 rmsd=1.354E-01 s=[ 0 0 0 1 1 1 0 0 1 0 0 0 1 0 0 0 ]
d_15_11=3.417960307678 eijMax=1.943E-04 rmsd=1.464E-01 s=[ 0 0 0 1 1 1 0 0 1 0 0 0 1 0 0 0 ]
d_15_11=3.418160507878 eijMax=1.323E-04 rmsd=1.564E-01 s=[ 0 0 0 1 1 1 0 0 1 0 0 0 1 0 0 0 ]
d_15_11=3.418360708078 eijMax=4.750E-04 rmsd=1.657E-01 s=[ 0 0 0 1 1 1 0 0 1 0 0 0 1 0 0 0 ]
d_15_11=3.418560908278 eijMax=8.309E-04 rmsd=1.743E-01 s=[ 0 0 0 1 1 1 0 0 1 0 0 0 1 0 0 0 ]
d_15_11=3.418761108478 eijMax=1.198E-03 rmsd=1.824E-01 s=[ 0 0 0 1 1 1 0 0 1 0 0 0 1 0 0 0 ]
d_15_11=3.418961308679 eijMax=1.575E-03 rmsd=1.902E-01 s=[ 0 0 0 1 1 1 0 0 1 0 0 0 1 0 0 0 ]
d_15_11=3.419161508879 eijMax=1.961E-03 rmsd=1.976E-01 s=[ 0 0 0 1 1 1 0 0 1 0 0 0 1 0 0 0 ]
d_15_11=3.419361709079 eijMax=2.355E-03 rmsd=2.048E-01 s=[ 0 0 0 1 1 1 0 0 1 0 0 0 1 0 0 0 ]
d_15_11=3.419561909279 eijMax=2.755E-03 rmsd=2.116E-01 s=[ 0 0 0 1 1 1 0 0 1 0 0 0 1 0 0 0 ]
d_15_11=3.419762109479 eijMax=3.163E-03 rmsd=2.183E-01 s=[ 0 0 0 1 1 1 0 0 1 0 0 0 1 0 0 0 ]
d_15_11=3.419962309680 eijMax=3.576E-03 rmsd=2.247E-01 s=[ 0 0 0 1 1 1 0 0 1 0 0 0 1 0 0 0 ]
d_15_11=3.420162509880 eijMax=3.995E-03 rmsd=2.310E-01 s=[ 0 0 0 1 1 1 0 0 1 0 0 0 1 0 0 0 ]
d_15_11=3.420362710080 eijMax=4.419E-03 rmsd=2.372E-01 s=[ 0 0 0 1 1 1 0 0 1 0 0 0 1 0 0 0 ]
d_15_11=3.420562910280 eijMax=4.848E-03 rmsd=2.431E-01 s=[ 0 0 0 1 1 1 0 0 1 0 0 0 1 0 0 0 ]
d_15_11=3.420763110480 eijMax=5.281E-03 rmsd=2.490E-01 s=[ 0 0 0 1 1 1 0 0 1 0 0 0 1 0 0 0 ]
d_15_11=3.420963310681 eijMax=5.719E-03 rmsd=2.547E-01 s=[ 0 0 0 1 1 1 0 0 1 0 0 0 1 0 0 0 ]
d_15_11=3.421163510881 eijMax=6.162E-03 rmsd=2.604E-01 s=[ 0 0 0 1 1 1 0 0 1 0 0 0 1 0 0 0 ]
d_15_11=3.421363711081 eijMax=6.608E-03 rmsd=2.659E-01 s=[ 0 0 0 1 1 1 0 0 1 0 0 0 1 0 0 0 ]
d_15_11=3.421563911281 eijMax=7.058E-03 rmsd=2.713E-01 s=[ 0 0 0 1 1 1 0 0 1 0 0 0 1 0 0 0 ]
d_15_11=3.421764111481 eijMax=7.511E-03 rmsd=2.767E-01 s=[ 0 0 0 1 1 1 0 0 1 0 0 0 1 0 0 0 ]
d_15_11=3.421964311682 eijMax=7.968E-03 rmsd=2.819E-01 s=[ 0 0 0 1 1 1 0 0 1 0 0 0 1 0 0 0 ]
d_15_11=3.422164511882 eijMax=8.429E-03 rmsd=2.871E-01 s=[ 0 0 0 1 1 1 0 0 1 0 0 0 1 0 0 0 ]
d_15_11=3.422364712082 eijMax=8.892E-03 rmsd=2.922E-01 s=[ 0 0 0 1 1 1 0 0 1 0 0 0 1 0 0 0 ]
d_15_11=3.422564912282 eijMax=9.359E-03 rmsd=2.973E-01 s=[ 0 0 0 1 1 1 0 0 1 0 0 0 1 0 0 0 ]
num ..... 1000
nnodes .. 16
nedges .. 55
nsols ... 256
nnonhsols 64
tsecs ... 6.086901
