d_15_11=3.417050306768 eijMax=3.755E-04 rmsd=1.412E-02 s=[ 0 0 0 0 0 0 1 0 0 1 1 0 0 1 0 0 ]
d_15_11=3.417050306768 eijMax=3.755E-04 rmsd=1.401E-02 s=[ 0 0 0 0 0 0 1 0 0 1 1 0 0 1 0 1 ]
d_15_11=3.417050306768 eijMax=1.200E-03 rmsd=7.350E-02 s=[ 0 0 0 0 0 0 1 0 0 1 1 0 0 1 1 0 ]
d_15_11=3.417050306768 eijMax=1.200E-03 rmsd=7.339E-02 s=[ 0 0 0 0 0 0 1 0 0 1 1 0 0 1 1 1 ]
d_15_11=3.417050306768 eijMax=3.755E-04 rmsd=1.409E-02 s=[ 0 0 0 0 0 0 1 0 0 1 1 0 1 1 0 0 ]
d_15_11=3.417050306768 eijMax=3.755E-04 rmsd=1.398E-02 s=[ 0 0 0 0 0 0 1 0 0 1 1 0 1 1 0 1 ]
d_15_11=3.417050306768 eijMax=1.200E-03 rmsd=7.350E-02 s=[ 0 0 0 0 0 0 1 0 0 1 1 0 1 1 1 0 ]
d_15_11=3.417050306768 eijMax=1.200E-03 rmsd=7.339E-02 s=[ 0 0 0 0 0 0 1 0 0 1 1 0 1 1 1 1 ]
d_15_11=3.419070508788 eijMax=1.785E-03 rmsd=1.944E-01 s=[ 0 0 0 0 0 0 1 0 0 1 1 0 0 1 1 0 ]
d_15_11=3.419070508788 eijMax=1.785E-03 rmsd=1.943E-01 s=[ 0 0 0 0 0 0 1 0 0 1 1 0 0 1 1 1 ]
d_15_11=3.419070508788 eijMax=1.785E-03 rmsd=1.945E-01 s=[ 0 0 0 0 0 0 1 0 0 1 1 0 1 1 1 0 ]
d_15_11=3.419070508788 eijMax=1.785E-03 rmsd=1.944E-01 s=[ 0 0 0 0 0 0 1 0 0 1 1 0 1 1 1 1 ]
d_15_11=3.421090710808 eijMax=6.000E-03 rmsd=2.584E-01 s=[ 0 0 0 0 0 0 1 0 0 1 1 0 0 1 1 0 ]
d_15_11=3.421090710808 eijMax=6.000E-03 rmsd=2.583E-01 s=[ 0 0 0 0 0 0 1 0 0 1 1 0 0 1 1 1 ]
d_15_11=3.421090710808 eijMax=6.000E-03 rmsd=2.585E-01 s=[ 0 0 0 0 0 0 1 0 0 1 1 0 1 1 1 0 ]
d_15_11=3.421090710808 eijMax=6.000E-03 rmsd=2.584E-01 s=[ 0 0 0 0 0 0 1 0 0 1 1 0 1 1 1 1 ]
d_15_11=3.417050306768 eijMax=1.200E-03 rmsd=7.339E-02 s=[ 0 0 0 1 1 1 0 0 1 0 0 0 0 0 0 0 ]
d_15_11=3.417050306768 eijMax=1.200E-03 rmsd=7.350E-02 s=[ 0 0 0 1 1 1 0 0 1 0 0 0 0 0 0 1 ]
d_15_11=3.417050306768 eijMax=3.755E-04 rmsd=1.398E-02 s=[ 0 0 0 1 1 1 0 0 1 0 0 0 0 0 1 0 ]
d_15_11=3.417050306768 eijMax=3.755E-04 rmsd=1.409E-02 s=[ 0 0 0 1 1 1 0 0 1 0 0 0 0 0 1 1 ]
d_15_11=3.417050306768 eijMax=1.200E-03 rmsd=7.339E-02 s=[ 0 0 0 1 1 1 0 0 1 0 0 0 1 0 0 0 ]
d_15_11=3.417050306768 eijMax=1.200E-03 rmsd=7.350E-02 s=[ 0 0 0 1 1 1 0 0 1 0 0 0 1 0 0 1 ]
d_15_11=3.417050306768 eijMax=3.755E-04 rmsd=1.401E-02 s=[ 0 0 0 1 1 1 0 0 1 0 0 0 1 0 1 0 ]
d_15_11=3.417050306768 eijMax=3.755E-04 rmsd=1.412E-02 s=[ 0 0 0 1 1 1 0 0 1 0 0 0 1 0 1 1 ]
d_15_11=3.419070508788 eijMax=1.785E-03 rmsd=1.944E-01 s=[ 0 0 0 1 1 1 0 0 1 0 0 0 0 0 0 0 ]
d_15_11=3.419070508788 eijMax=1.785E-03 rmsd=1.945E-01 s=[ 0 0 0 1 1 1 0 0 1 0 0 0 0 0 0 1 ]
d_15_11=3.419070508788 eijMax=1.785E-03 rmsd=1.943E-01 s=[ 0 0 0 1 1 1 0 0 1 0 0 0 1 0 0 0 ]
d_15_11=3.419070508788 eijMax=1.785E-03 rmsd=1.944E-01 s=[ 0 0 0 1 1 1 0 0 1 0 0 0 1 0 0 1 ]
d_15_11=3.421090710808 eijMax=6.000E-03 rmsd=2.584E-01 s=[ 0 0 0 1 1 1 0 0 1 0 0 0 0 0 0 0 ]
d_15_11=3.421090710808 eijMax=6.000E-03 rmsd=2.585E-01 s=[ 0 0 0 1 1 1 0 0 1 0 0 0 0 0 0 1 ]
d_15_11=3.421090710808 eijMax=6.000E-03 rmsd=2.583E-01 s=[ 0 0 0 1 1 1 0 0 1 0 0 0 1 0 0 0 ]
d_15_11=3.421090710808 eijMax=6.000E-03 rmsd=2.584E-01 s=[ 0 0 0 1 1 1 0 0 1 0 0 0 1 0 0 1 ]
num ..... 100
nnodes .. 16
nedges .. 55
nsols ... 32
tsecs ... 0.656461
