order:    [ 1 8 9 0 14 13 12 15 11 7 4 5 10 3 2 6 ]
atoms:    [ CA CA C N C CA N H HA N CA C H N C H ]
residues: [ 0 2 2 0 3 3 3 3 2 2 1 1 2 1 0 1 ]

We use a different pair of symbles to represent the bits values which are associated with the HA and H of the discretized distance, and another one to represent the bits of other hydrogens.
For the HA and H from the discretized distance:
	"+" means 0
	"-" means 1
For any other hydrogens:
	">" means 0
	"<" means 1

d_15_11=3.416959306677 s=[ 0 0 0 0 0 0 1 + + 1 1 0 < 1 0 < ] xyz7=( 12.228871, 49.050594, -1.666758 )

d_15_11=3.417159506877 s=[ 0 0 0 0 0 0 1 + + 1 1 0 > 1 0 > ] xyz7=( 12.228524, 49.050524, -1.667141 )

d_15_11=3.417159506877 s=[ 0 0 0 0 0 0 1 + + 1 1 0 > 1 1 < ] xyz7=( 12.228524, 49.050524, -1.667141 )

d_15_11=3.417359707077 s=[ 0 0 0 0 0 0 1 + + 1 1 0 > 1 0 > ] xyz7=( 12.228177, 49.050455, -1.667525 )

d_15_11=3.417359707077 s=[ 0 0 0 0 0 0 1 + + 1 1 0 < 1 1 < ] xyz7=( 12.228177, 49.050455, -1.667525 )

d_15_11=3.417559907277 s=[ 0 0 0 0 0 0 1 + + 1 1 0 > 1 0 > ] xyz7=( 12.227829, 49.050385, -1.667908 )

d_15_11=3.417559907277 s=[ 0 0 0 0 0 0 1 + + 1 1 0 < 1 1 < ] xyz7=( 12.227829, 49.050385, -1.667908 )

d_15_11=3.417760107477 s=[ 0 0 0 0 0 0 1 + + 1 1 0 > 1 1 < ] xyz7=( 12.227482, 49.050314, -1.668292 )

d_15_11=3.417960307678 s=[ 0 0 0 0 0 0 1 + + 1 1 0 > 1 1 < ] xyz7=( 12.227135, 49.050244, -1.668676 )

d_15_11=3.418160507878 s=[ 0 0 0 0 0 0 1 + + 1 1 0 > 1 1 < ] xyz7=( 12.226788, 49.050174, -1.669061 )

d_15_11=3.418360708078 s=[ 0 0 0 0 0 0 1 + + 1 1 0 < 1 1 < ] xyz7=( 12.226441, 49.050103, -1.669445 )

d_15_11=3.418560908278 s=[ 0 0 0 0 0 0 1 + + 1 1 0 > 1 1 < ] xyz7=( 12.226094, 49.050033, -1.669830 )

d_15_11=3.418761108478 s=[ 0 0 0 0 0 0 1 + + 1 1 0 > 1 1 < ] xyz7=( 12.225747, 49.049962, -1.670215 )

d_15_11=3.418961308679 s=[ 0 0 0 0 0 0 1 + + 1 1 0 > 1 1 < ] xyz7=( 12.225400, 49.049891, -1.670601 )

d_15_11=3.419161508879 s=[ 0 0 0 0 0 0 1 + + 1 1 0 > 1 1 < ] xyz7=( 12.225053, 49.049820, -1.670986 )

d_15_11=3.419361709079 s=[ 0 0 0 0 0 0 1 + + 1 1 0 < 1 1 < ] xyz7=( 12.224706, 49.049749, -1.671372 )

d_15_11=3.419561909279 s=[ 0 0 0 0 0 0 1 + + 1 1 0 > 1 1 < ] xyz7=( 12.224359, 49.049678, -1.671758 )

d_15_11=3.419762109479 s=[ 0 0 0 0 0 0 1 + + 1 1 0 > 1 1 < ] xyz7=( 12.224012, 49.049607, -1.672144 )

d_15_11=3.419962309680 s=[ 0 0 0 0 0 0 1 + + 1 1 0 > 1 1 < ] xyz7=( 12.223666, 49.049535, -1.672531 )

d_15_11=3.420162509880 s=[ 0 0 0 0 0 0 1 + + 1 1 0 > 1 1 < ] xyz7=( 12.223319, 49.049464, -1.672917 )

d_15_11=3.420362710080 s=[ 0 0 0 0 0 0 1 + + 1 1 0 > 1 1 < ] xyz7=( 12.222972, 49.049392, -1.673304 )

d_15_11=3.420562910280 s=[ 0 0 0 0 0 0 1 + + 1 1 0 > 1 1 < ] xyz7=( 12.222625, 49.049320, -1.673692 )

d_15_11=3.420763110480 s=[ 0 0 0 0 0 0 1 + + 1 1 0 > 1 1 < ] xyz7=( 12.222279, 49.049248, -1.674079 )

d_15_11=3.420963310681 s=[ 0 0 0 0 0 0 1 + + 1 1 0 > 1 1 < ] xyz7=( 12.221932, 49.049176, -1.674467 )

d_15_11=3.421163510881 s=[ 0 0 0 0 0 0 1 + + 1 1 0 > 1 1 < ] xyz7=( 12.221585, 49.049104, -1.674855 )

d_15_11=3.421363711081 s=[ 0 0 0 0 0 0 1 + + 1 1 0 > 1 1 < ] xyz7=( 12.221239, 49.049032, -1.675243 )

d_15_11=3.421563911281 s=[ 0 0 0 0 0 0 1 + + 1 1 0 > 1 1 < ] xyz7=( 12.220892, 49.048960, -1.675631 )

d_15_11=3.421764111481 s=[ 0 0 0 0 0 0 1 + + 1 1 0 > 1 1 < ] xyz7=( 12.220546, 49.048887, -1.676020 )

d_15_11=3.421964311682 s=[ 0 0 0 0 0 0 1 + + 1 1 0 > 1 1 < ] xyz7=( 12.220199, 49.048815, -1.676409 )

d_15_11=3.422164511882 s=[ 0 0 0 0 0 0 1 + + 1 1 0 > 1 1 < ] xyz7=( 12.219853, 49.048742, -1.676798 )

d_15_11=3.422364712082 s=[ 0 0 0 0 0 0 1 + + 1 1 0 > 1 1 < ] xyz7=( 12.219506, 49.048669, -1.677187 )

d_15_11=3.422564912282 s=[ 0 0 0 0 0 0 1 + + 1 1 0 > 1 1 < ] xyz7=( 12.219160, 49.048596, -1.677577 )

d_15_11=3.416959306677 s=[ 0 0 0 1 1 1 0 + - 0 0 0 > 0 0 > ] xyz7=( 12.940352, 49.039323, -1.225344 )

d_15_11=3.417159506877 s=[ 0 0 0 1 1 1 0 + - 0 0 0 < 0 0 > ] xyz7=( 12.940848, 49.039239, -1.225204 )

d_15_11=3.417159506877 s=[ 0 0 0 1 1 1 0 + - 0 0 0 < 0 1 < ] xyz7=( 12.940848, 49.039239, -1.225204 )

d_15_11=3.417359707077 s=[ 0 0 0 1 1 1 0 + - 0 0 0 < 0 0 > ] xyz7=( 12.941344, 49.039156, -1.225064 )

d_15_11=3.417359707077 s=[ 0 0 0 1 1 1 0 + - 0 0 0 < 0 1 < ] xyz7=( 12.941344, 49.039156, -1.225064 )

d_15_11=3.417559907277 s=[ 0 0 0 1 1 1 0 + - 0 0 0 < 0 0 > ] xyz7=( 12.941840, 49.039073, -1.224925 )

d_15_11=3.417559907277 s=[ 0 0 0 1 1 1 0 + - 0 0 0 < 0 1 < ] xyz7=( 12.941840, 49.039073, -1.224925 )

d_15_11=3.417760107477 s=[ 0 0 0 1 1 1 0 + - 0 0 0 < 0 0 > ] xyz7=( 12.942336, 49.038989, -1.224785 )

d_15_11=3.417960307678 s=[ 0 0 0 1 1 1 0 + - 0 0 0 < 0 0 > ] xyz7=( 12.942833, 49.038906, -1.224646 )

d_15_11=3.418160507878 s=[ 0 0 0 1 1 1 0 + - 0 0 0 < 0 0 > ] xyz7=( 12.943329, 49.038822, -1.224507 )

d_15_11=3.418360708078 s=[ 0 0 0 1 1 1 0 + - 0 0 0 < 0 0 > ] xyz7=( 12.943826, 49.038738, -1.224368 )

d_15_11=3.418560908278 s=[ 0 0 0 1 1 1 0 + - 0 0 0 < 0 0 > ] xyz7=( 12.944324, 49.038654, -1.224229 )

d_15_11=3.418761108478 s=[ 0 0 0 1 1 1 0 + - 0 0 0 < 0 0 > ] xyz7=( 12.944821, 49.038570, -1.224090 )

d_15_11=3.418961308679 s=[ 0 0 0 1 1 1 0 + - 0 0 0 < 0 0 > ] xyz7=( 12.945318, 49.038486, -1.223951 )

d_15_11=3.419161508879 s=[ 0 0 0 1 1 1 0 + - 0 0 0 < 0 0 > ] xyz7=( 12.945816, 49.038401, -1.223813 )

d_15_11=3.419361709079 s=[ 0 0 0 1 1 1 0 + - 0 0 0 < 0 0 > ] xyz7=( 12.946314, 49.038317, -1.223675 )

d_15_11=3.419561909279 s=[ 0 0 0 1 1 1 0 + - 0 0 0 < 0 0 > ] xyz7=( 12.946812, 49.038232, -1.223536 )

d_15_11=3.419762109479 s=[ 0 0 0 1 1 1 0 + - 0 0 0 < 0 0 > ] xyz7=( 12.947311, 49.038148, -1.223398 )

d_15_11=3.419962309680 s=[ 0 0 0 1 1 1 0 + - 0 0 0 < 0 0 > ] xyz7=( 12.947809, 49.038063, -1.223260 )

d_15_11=3.420162509880 s=[ 0 0 0 1 1 1 0 + - 0 0 0 < 0 0 > ] xyz7=( 12.948308, 49.037978, -1.223122 )

d_15_11=3.420362710080 s=[ 0 0 0 1 1 1 0 + - 0 0 0 < 0 0 > ] xyz7=( 12.948807, 49.037893, -1.222985 )

d_15_11=3.420562910280 s=[ 0 0 0 1 1 1 0 + - 0 0 0 < 0 0 > ] xyz7=( 12.949306, 49.037808, -1.222847 )

d_15_11=3.420763110480 s=[ 0 0 0 1 1 1 0 + - 0 0 0 < 0 0 > ] xyz7=( 12.949805, 49.037722, -1.222710 )

d_15_11=3.420963310681 s=[ 0 0 0 1 1 1 0 + - 0 0 0 < 0 0 > ] xyz7=( 12.950305, 49.037637, -1.222572 )

d_15_11=3.421163510881 s=[ 0 0 0 1 1 1 0 + - 0 0 0 < 0 0 > ] xyz7=( 12.950804, 49.037551, -1.222435 )

d_15_11=3.421363711081 s=[ 0 0 0 1 1 1 0 + - 0 0 0 < 0 0 > ] xyz7=( 12.951304, 49.037466, -1.222298 )

d_15_11=3.421563911281 s=[ 0 0 0 1 1 1 0 + - 0 0 0 < 0 0 > ] xyz7=( 12.951805, 49.037380, -1.222161 )

d_15_11=3.421764111481 s=[ 0 0 0 1 1 1 0 + - 0 0 0 < 0 0 > ] xyz7=( 12.952305, 49.037294, -1.222024 )

d_15_11=3.421964311682 s=[ 0 0 0 1 1 1 0 + - 0 0 0 < 0 0 > ] xyz7=( 12.952805, 49.037208, -1.221888 )

d_15_11=3.422164511882 s=[ 0 0 0 1 1 1 0 + - 0 0 0 < 0 0 > ] xyz7=( 12.953306, 49.037122, -1.221751 )

d_15_11=3.422364712082 s=[ 0 0 0 1 1 1 0 + - 0 0 0 < 0 0 > ] xyz7=( 12.953807, 49.037036, -1.221615 )

d_15_11=3.422564912282 s=[ 0 0 0 1 1 1 0 + - 0 0 0 < 0 0 > ] xyz7=( 12.954308, 49.036950, -1.221479 )

