order:    [ 5 1 2 4 7 3 0 10 11 15 14 13 17 16 9 6 8 12 ]
atoms:    [ CA CA C N H HA N CA C C CA N HA H N C HA H ]
residues: [ 1 0 0 1 1 0 0 2 2 3 3 3 3 3 2 1 1 2 ]

We use a different pair of symbles to represent the bits values which are associated with the HA and H of the discretized distance, and another one to represent the bits of other hydrogens.
For the HA and H from the discretized distance:
	"+" means 0
	"-" means 1
For any other hydrogens:
	">" means 0
	"<" means 1

d_7_3=2.136005201021 s=[ 0 0 0 0 - + 1 0 0 1 1 0 < > 0 0 < < ] xyz0=( 17.125087, 30.834771, 19.319952 )

d_7_3=2.136005201021 s=[ 0 0 0 0 - - 1 0 0 1 1 0 < > 0 0 < < ] xyz0=( 17.096795, 30.856662, 19.316779 )

d_7_3=2.136205401221 s=[ 0 0 0 0 - + 1 0 0 1 1 0 < > 0 0 < < ] xyz0=( 17.136867, 30.825306, 19.321246 )

d_7_3=2.136205401221 s=[ 0 0 0 0 - - 1 0 0 1 1 0 < > 0 0 < < ] xyz0=( 17.084683, 30.865685, 19.315393 )

d_7_3=2.136405601421 s=[ 0 0 0 0 - + 1 0 0 1 1 0 < > 0 0 < < ] xyz0=( 17.144689, 30.818904, 19.322097 )

d_7_3=2.136405601421 s=[ 0 0 0 0 - - 1 0 0 1 1 0 < > 0 0 < < ] xyz0=( 17.076529, 30.871645, 19.314452 )

d_7_3=2.136605801622 s=[ 0 0 0 0 - - 1 0 0 1 1 0 < > 0 0 < < ] xyz0=( 17.069921, 30.876408, 19.313684 )

d_7_3=2.136806001822 s=[ 0 0 0 0 - - 1 0 0 1 1 0 < > 0 0 < < ] xyz0=( 17.064206, 30.880481, 19.313016 )

d_7_3=2.137006202022 s=[ 0 0 0 0 - - 1 0 0 1 1 0 < > 0 0 < < ] xyz0=( 17.059091, 30.884090, 19.312416 )

d_7_3=2.137206402222 s=[ 0 0 0 0 - - 1 0 0 1 1 0 < > 0 0 < < ] xyz0=( 17.054416, 30.887357, 19.311865 )

d_7_3=2.137406602422 s=[ 0 0 0 0 - - 1 0 0 1 1 0 < > 0 0 < < ] xyz0=( 17.050081, 30.890362, 19.311352 )

d_7_3=2.137606802623 s=[ 0 0 0 0 - - 1 0 0 1 1 0 < > 0 0 < < ] xyz0=( 17.046019, 30.893155, 19.310869 )

d_7_3=2.137807002823 s=[ 0 0 0 0 - - 1 0 0 1 1 0 < > 0 0 < < ] xyz0=( 17.042183, 30.895774, 19.310412 )

d_7_3=2.138007203023 s=[ 0 0 0 0 - - 1 0 0 1 1 0 < > 0 0 < < ] xyz0=( 17.038537, 30.898246, 19.309977 )

d_7_3=2.138207403223 s=[ 0 0 0 0 - - 1 0 0 1 1 0 < > 0 0 < < ] xyz0=( 17.035055, 30.900590, 19.309559 )

d_7_3=2.138407603423 s=[ 0 0 0 0 - - 1 0 0 1 1 0 < > 0 0 < < ] xyz0=( 17.031715, 30.902824, 19.309158 )

d_7_3=2.138607803624 s=[ 0 0 0 0 - - 1 0 0 1 1 0 < > 0 0 < < ] xyz0=( 17.028501, 30.904961, 19.308771 )

d_7_3=2.138808003824 s=[ 0 0 0 0 - - 1 0 0 1 1 0 < > 0 0 < < ] xyz0=( 17.025399, 30.907012, 19.308396 )

d_7_3=2.139008204024 s=[ 0 0 0 0 - - 1 0 0 1 1 0 < > 0 0 < < ] xyz0=( 17.022397, 30.908985, 19.308032 )

d_7_3=2.139208404224 s=[ 0 0 0 0 - - 1 0 0 1 1 0 < > 0 0 < < ] xyz0=( 17.019487, 30.910887, 19.307679 )

d_7_3=2.139408604424 s=[ 0 0 0 0 - - 1 0 0 1 1 0 < > 0 0 < < ] xyz0=( 17.016658, 30.912725, 19.307335 )

d_7_3=2.139608804625 s=[ 0 0 0 0 - - 1 0 0 1 1 0 < > 0 0 < < ] xyz0=( 17.013906, 30.914505, 19.307000 )

d_7_3=2.139809004825 s=[ 0 0 0 0 - - 1 0 0 1 1 0 < > 0 0 < < ] xyz0=( 17.011222, 30.916232, 19.306672 )

d_7_3=2.140009205025 s=[ 0 0 0 0 - - 1 0 0 1 1 0 < > 0 0 < < ] xyz0=( 17.008604, 30.917908, 19.306351 )

d_7_3=2.140209405225 s=[ 0 0 0 0 - - 1 0 0 1 1 0 < > 0 0 < < ] xyz0=( 17.006044, 30.919538, 19.306037 )

d_7_3=2.140409605425 s=[ 0 0 0 0 - - 1 0 0 1 1 0 < > 0 0 < < ] xyz0=( 17.003540, 30.921126, 19.305730 )

d_7_3=2.140609805626 s=[ 0 0 0 0 - - 1 0 0 1 1 0 < > 0 0 < < ] xyz0=( 17.001088, 30.922673, 19.305428 )

d_7_3=2.140810005826 s=[ 0 0 0 0 - - 1 0 0 1 1 0 < > 0 0 < < ] xyz0=( 16.998684, 30.924183, 19.305131 )

d_7_3=2.141010206026 s=[ 0 0 0 0 - - 1 0 0 1 1 0 < > 0 0 < < ] xyz0=( 16.996326, 30.925657, 19.304840 )

d_7_3=2.141210406226 s=[ 0 0 0 0 - - 1 0 0 1 1 0 < > 0 0 < < ] xyz0=( 16.994011, 30.927099, 19.304553 )

d_7_3=2.141410606426 s=[ 0 0 0 0 - - 1 0 0 1 1 0 < > 0 0 < < ] xyz0=( 16.991736, 30.928509, 19.304272 )

d_7_3=2.151220416236 s=[ 0 0 0 0 - - 0 1 1 0 0 1 > > 1 1 > < ] xyz0=( 14.929943, 29.712857, 18.857548 )

d_7_3=2.151420616436 s=[ 0 0 0 0 - - 0 1 1 0 0 1 > > 1 1 > < ] xyz0=( 14.930012, 29.711261, 18.857437 )

d_7_3=2.151620816637 s=[ 0 0 0 0 - - 0 1 1 0 0 1 > > 1 1 > < ] xyz0=( 14.930083, 29.709675, 18.857328 )

d_7_3=2.151821016837 s=[ 0 0 0 0 - - 0 1 1 0 0 1 > > 1 1 > < ] xyz0=( 14.930154, 29.708098, 18.857219 )

d_7_3=2.152021217037 s=[ 0 0 0 0 - - 0 1 1 0 0 1 > > 1 1 > < ] xyz0=( 14.930227, 29.706532, 18.857112 )

d_7_3=2.152221417237 s=[ 0 0 0 0 - - 0 1 1 0 0 1 > > 1 1 > < ] xyz0=( 14.930302, 29.704975, 18.857005 )

d_7_3=2.152421617437 s=[ 0 0 0 0 - - 0 1 1 0 0 1 > > 1 1 > < ] xyz0=( 14.930377, 29.703428, 18.856900 )

d_7_3=2.152621817638 s=[ 0 0 0 0 - - 0 1 1 0 0 1 > > 1 1 > < ] xyz0=( 14.930454, 29.701889, 18.856795 )

d_7_3=2.152822017838 s=[ 0 0 0 0 - - 0 1 1 0 0 1 > > 1 1 > < ] xyz0=( 14.930532, 29.700360, 18.856691 )

d_7_3=2.153022218038 s=[ 0 0 0 0 - - 0 1 1 0 0 1 > > 1 1 > < ] xyz0=( 14.930612, 29.698840, 18.856588 )

d_7_3=2.153222418238 s=[ 0 0 0 0 - - 0 1 1 0 0 1 > > 1 1 > < ] xyz0=( 14.930692, 29.697329, 18.856486 )

d_7_3=2.153422618438 s=[ 0 0 0 0 - - 0 1 1 0 0 1 > > 1 1 > < ] xyz0=( 14.930774, 29.695826, 18.856385 )

d_7_3=2.153622818639 s=[ 0 0 0 0 - - 0 1 1 0 0 1 > > 1 1 > < ] xyz0=( 14.930857, 29.694331, 18.856285 )

d_7_3=2.153823018839 s=[ 0 0 0 0 - - 0 1 1 0 0 1 > > 1 1 > < ] xyz0=( 14.930941, 29.692845, 18.856185 )

d_7_3=2.154023219039 s=[ 0 0 0 0 - - 0 1 1 0 0 1 > > 1 1 > < ] xyz0=( 14.931026, 29.691367, 18.856086 )

d_7_3=2.154223419239 s=[ 0 0 0 0 - - 0 1 1 0 0 1 > > 1 1 > < ] xyz0=( 14.931112, 29.689897, 18.855988 )

d_7_3=2.154423619439 s=[ 0 0 0 0 - - 0 1 1 0 0 1 > > 1 1 > < ] xyz0=( 14.931199, 29.688436, 18.855891 )

d_7_3=2.154623819640 s=[ 0 0 0 0 - - 0 1 1 0 0 1 > > 1 1 > < ] xyz0=( 14.931288, 29.686981, 18.855795 )

d_7_3=2.154824019840 s=[ 0 0 0 0 - - 0 1 1 0 0 1 > > 1 1 > < ] xyz0=( 14.931377, 29.685535, 18.855699 )

d_7_3=2.155024220040 s=[ 0 0 0 0 - - 0 1 1 0 0 1 > > 1 1 > < ] xyz0=( 14.931467, 29.684096, 18.855605 )

d_7_3=2.155224420240 s=[ 0 0 0 0 - - 0 1 1 0 0 1 > > 1 1 > < ] xyz0=( 14.931559, 29.682664, 18.855511 )

d_7_3=2.155424620440 s=[ 0 0 0 0 - - 0 1 1 0 0 1 > > 1 1 > < ] xyz0=( 14.931651, 29.681240, 18.855417 )

d_7_3=2.155624820641 s=[ 0 0 0 0 - - 0 1 1 0 0 1 > > 1 1 > < ] xyz0=( 14.931745, 29.679823, 18.855325 )

d_7_3=2.155825020841 s=[ 0 0 0 0 - - 0 1 1 0 0 1 > > 1 1 > < ] xyz0=( 14.931839, 29.678413, 18.855233 )

d_7_3=2.156025221041 s=[ 0 0 0 0 - - 0 1 1 0 0 1 > > 1 1 > < ] xyz0=( 14.931934, 29.677010, 18.855141 )

d_7_3=2.156225421241 s=[ 0 0 0 0 - - 0 1 1 0 0 1 > > 1 1 > < ] xyz0=( 14.932030, 29.675614, 18.855051 )

d_7_3=2.156425621441 s=[ 0 0 0 0 - - 0 1 1 0 0 1 > > 1 1 > < ] xyz0=( 14.932128, 29.674225, 18.854961 )

d_7_3=2.156625821642 s=[ 0 0 0 0 - - 0 1 1 0 0 1 > > 1 1 > < ] xyz0=( 14.932226, 29.672842, 18.854872 )

d_7_3=2.156826021842 s=[ 0 0 0 0 - - 0 1 1 0 0 1 > > 1 1 > < ] xyz0=( 14.932325, 29.671466, 18.854783 )

d_7_3=2.157026222042 s=[ 0 0 0 0 - - 0 1 1 0 0 1 > > 1 1 > < ] xyz0=( 14.932425, 29.670097, 18.854696 )

d_7_3=2.157226422242 s=[ 0 0 0 0 - - 0 1 1 0 0 1 > > 1 1 > < ] xyz0=( 14.932525, 29.668734, 18.854608 )

d_7_3=2.157426622442 s=[ 0 0 0 0 - - 0 1 1 0 0 1 > > 1 1 > < ] xyz0=( 14.932627, 29.667377, 18.854522 )

d_7_3=2.157626822643 s=[ 0 0 0 0 - - 0 1 1 0 0 1 > > 1 1 > < ] xyz0=( 14.932729, 29.666026, 18.854436 )

d_7_3=2.157827022843 s=[ 0 0 0 0 - - 0 1 1 0 0 1 > > 1 1 > < ] xyz0=( 14.932833, 29.664682, 18.854350 )

d_7_3=2.158027223043 s=[ 0 0 0 0 - - 0 1 1 0 0 1 > > 1 1 > < ] xyz0=( 14.932937, 29.663343, 18.854266 )

d_7_3=2.158227423243 s=[ 0 0 0 0 - - 0 1 1 0 0 1 > > 1 1 > < ] xyz0=( 14.933042, 29.662011, 18.854182 )

d_7_3=2.158427623443 s=[ 0 0 0 0 - - 0 1 1 0 0 1 > > 1 1 > < ] xyz0=( 14.933147, 29.660684, 18.854098 )

d_7_3=2.158627823644 s=[ 0 0 0 0 - - 0 1 1 0 0 1 > > 1 1 > < ] xyz0=( 14.933254, 29.659363, 18.854015 )

d_7_3=2.158828023844 s=[ 0 0 0 0 - - 0 1 1 0 0 1 > > 1 1 > < ] xyz0=( 14.933361, 29.658048, 18.853933 )

d_7_3=2.159028224044 s=[ 0 0 0 0 - - 0 1 1 0 0 1 > > 1 1 > < ] xyz0=( 14.933470, 29.656739, 18.853851 )

d_7_3=2.159228424244 s=[ 0 0 0 0 - - 0 1 1 0 0 1 > > 1 1 > < ] xyz0=( 14.933578, 29.655435, 18.853770 )

d_7_3=2.159428624444 s=[ 0 0 0 0 - - 0 1 1 0 0 1 > > 1 1 > < ] xyz0=( 14.933688, 29.654137, 18.853689 )

d_7_3=2.159628824645 s=[ 0 0 0 0 - - 0 1 1 0 0 1 > > 1 1 > < ] xyz0=( 14.933798, 29.652844, 18.853609 )

d_7_3=2.159829024845 s=[ 0 0 0 0 - - 0 1 1 0 0 1 > > 1 1 > < ] xyz0=( 14.933910, 29.651557, 18.853529 )

d_7_3=2.160029225045 s=[ 0 0 0 0 - - 0 1 1 0 0 1 > > 1 1 > < ] xyz0=( 14.934022, 29.650275, 18.853450 )

d_7_3=2.160229425245 s=[ 0 0 0 0 - - 0 1 1 0 0 1 > > 1 1 > < ] xyz0=( 14.934134, 29.648998, 18.853371 )

d_7_3=2.160429625445 s=[ 0 0 0 0 - - 0 1 1 0 0 1 > > 1 1 > < ] xyz0=( 14.934247, 29.647726, 18.853293 )

d_7_3=2.160629825646 s=[ 0 0 0 0 - - 0 1 1 0 0 1 > > 1 1 > < ] xyz0=( 14.934361, 29.646460, 18.853216 )

d_7_3=2.160830025846 s=[ 0 0 0 0 - - 0 1 1 0 0 1 > > 1 1 > < ] xyz0=( 14.934476, 29.645198, 18.853139 )

d_7_3=2.161030226046 s=[ 0 0 0 0 - - 0 1 1 0 0 1 > > 1 1 > < ] xyz0=( 14.934592, 29.643942, 18.853062 )

d_7_3=2.161230426246 s=[ 0 0 0 0 - - 0 1 1 0 0 1 > > 1 1 > < ] xyz0=( 14.934708, 29.642690, 18.852986 )

d_7_3=2.161430626446 s=[ 0 0 0 0 - - 0 1 1 0 0 1 > > 1 1 > < ] xyz0=( 14.934824, 29.641444, 18.852911 )

d_7_3=2.161630826647 s=[ 0 0 0 0 - - 0 1 1 0 0 1 > > 1 1 > < ] xyz0=( 14.934942, 29.640202, 18.852836 )

d_7_3=2.161831026847 s=[ 0 0 0 0 - - 0 1 1 0 0 1 > > 1 1 > < ] xyz0=( 14.935060, 29.638965, 18.852761 )

d_7_3=2.162031227047 s=[ 0 0 0 0 - - 0 1 1 0 0 1 > > 1 1 > < ] xyz0=( 14.935179, 29.637732, 18.852687 )

d_7_3=2.162231427247 s=[ 0 0 0 0 - - 0 1 1 0 0 1 > > 1 1 > < ] xyz0=( 14.935298, 29.636505, 18.852613 )

d_7_3=2.162431627447 s=[ 0 0 0 0 - - 0 1 1 0 0 1 > > 1 1 > < ] xyz0=( 14.935418, 29.635282, 18.852540 )

d_7_3=2.162631827648 s=[ 0 0 0 0 - - 0 1 1 0 0 1 > > 1 1 > < ] xyz0=( 14.935539, 29.634063, 18.852467 )

d_7_3=2.162832027848 s=[ 0 0 0 0 - - 0 1 1 0 0 1 > > 1 1 > < ] xyz0=( 14.935660, 29.632849, 18.852395 )

d_7_3=2.163032228048 s=[ 0 0 0 0 - - 0 1 1 0 0 1 > > 1 1 > < ] xyz0=( 14.935782, 29.631639, 18.852323 )

d_7_3=2.163232428248 s=[ 0 0 0 0 - - 0 1 1 0 0 1 > > 1 1 > < ] xyz0=( 14.935905, 29.630434, 18.852252 )

d_7_3=2.163432628448 s=[ 0 0 0 0 - - 0 1 1 0 0 1 > > 1 1 > < ] xyz0=( 14.936028, 29.629233, 18.852181 )

d_7_3=2.163632828649 s=[ 0 0 0 0 - - 0 1 1 0 0 1 > > 1 1 > < ] xyz0=( 14.936151, 29.628037, 18.852111 )

d_7_3=2.163833028849 s=[ 0 0 0 0 - - 0 1 1 0 0 1 > > 1 1 > < ] xyz0=( 14.936276, 29.626845, 18.852040 )

d_7_3=2.164033229049 s=[ 0 0 0 0 - - 0 1 1 0 0 1 > > 1 1 > < ] xyz0=( 14.936401, 29.625657, 18.851971 )

d_7_3=2.164233429249 s=[ 0 0 0 0 - - 0 1 1 0 0 1 > > 1 1 > < ] xyz0=( 14.936526, 29.624473, 18.851902 )

d_7_3=2.164433629449 s=[ 0 0 0 0 - - 0 1 1 0 0 1 > > 1 1 > < ] xyz0=( 14.936652, 29.623293, 18.851833 )

d_7_3=2.164633829650 s=[ 0 0 0 0 - - 0 1 1 0 0 1 > > 1 1 > < ] xyz0=( 14.936779, 29.622118, 18.851764 )

d_7_3=2.164834029850 s=[ 0 0 0 0 - - 0 1 1 0 0 1 > > 1 1 > < ] xyz0=( 14.936906, 29.620946, 18.851696 )

d_7_3=2.165034230050 s=[ 0 0 0 0 - - 0 1 1 0 0 1 > > 1 1 > < ] xyz0=( 14.937034, 29.619778, 18.851629 )

d_7_3=2.165234430250 s=[ 0 0 0 0 - - 0 1 1 0 0 1 > > 1 1 > < ] xyz0=( 14.937162, 29.618615, 18.851562 )

d_7_3=2.165434630450 s=[ 0 0 0 0 - - 0 1 1 0 0 1 > > 1 1 > < ] xyz0=( 14.937291, 29.617455, 18.851495 )

d_7_3=2.165634830651 s=[ 0 0 0 0 - - 0 1 1 0 0 1 > > 1 1 > < ] xyz0=( 14.937420, 29.616299, 18.851428 )

d_7_3=2.165835030851 s=[ 0 0 0 0 - - 0 1 1 0 0 1 > > 1 1 > < ] xyz0=( 14.937550, 29.615147, 18.851362 )

d_7_3=2.166035231051 s=[ 0 0 0 0 - - 0 1 1 0 0 1 > > 1 1 > < ] xyz0=( 14.937681, 29.613999, 18.851297 )

d_7_3=2.166235431251 s=[ 0 0 0 0 - - 0 1 1 0 0 1 > > 1 1 > < ] xyz0=( 14.937812, 29.612855, 18.851231 )

d_7_3=2.166435631451 s=[ 0 0 0 0 - - 0 1 1 0 0 1 > > 1 1 > < ] xyz0=( 14.937943, 29.611714, 18.851167 )

d_7_3=2.166635831652 s=[ 0 0 0 0 - - 0 1 1 0 0 1 > > 1 1 > < ] xyz0=( 14.938075, 29.610577, 18.851102 )

d_7_3=2.166836031852 s=[ 0 0 0 0 - - 0 1 1 0 0 1 > > 1 1 > < ] xyz0=( 14.938208, 29.609444, 18.851038 )

d_7_3=2.167036232052 s=[ 0 0 0 0 - - 0 1 1 0 0 1 > > 1 1 > < ] xyz0=( 14.938341, 29.608314, 18.850974 )

d_7_3=2.167236432252 s=[ 0 0 0 0 - - 0 1 1 0 0 1 > > 1 1 > < ] xyz0=( 14.938474, 29.607188, 18.850911 )

d_7_3=2.167436632452 s=[ 0 0 0 0 - - 0 1 1 0 0 1 > > 1 1 > < ] xyz0=( 14.938608, 29.606066, 18.850848 )

d_7_3=2.167636832653 s=[ 0 0 0 0 - - 0 1 1 0 0 1 > > 1 1 > < ] xyz0=( 14.938743, 29.604947, 18.850785 )

d_7_3=2.167837032853 s=[ 0 0 0 0 - - 0 1 1 0 0 1 > > 1 1 > < ] xyz0=( 14.938878, 29.603831, 18.850723 )

d_7_3=2.168037233053 s=[ 0 0 0 0 - - 0 1 1 0 0 1 > > 1 1 > < ] xyz0=( 14.939013, 29.602719, 18.850661 )

d_7_3=2.168237433253 s=[ 0 0 0 0 - - 0 1 1 0 0 1 > > 1 1 > < ] xyz0=( 14.939149, 29.601611, 18.850599 )

d_7_3=2.168437633453 s=[ 0 0 0 0 - - 0 1 1 0 0 1 > > 1 1 > < ] xyz0=( 14.939286, 29.600505, 18.850538 )

d_7_3=2.168637833654 s=[ 0 0 0 0 - - 0 1 1 0 0 1 > > 1 1 > < ] xyz0=( 14.939423, 29.599404, 18.850477 )

d_7_3=2.168838033854 s=[ 0 0 0 0 - - 0 1 1 0 0 1 > > 1 1 > < ] xyz0=( 14.939560, 29.598305, 18.850416 )

d_7_3=2.169038234054 s=[ 0 0 0 0 - - 0 1 1 0 0 1 > > 1 1 > < ] xyz0=( 14.939698, 29.597210, 18.850356 )

d_7_3=2.169238434254 s=[ 0 0 0 0 - - 0 1 1 0 0 1 > > 1 1 > < ] xyz0=( 14.939836, 29.596118, 18.850296 )

d_7_3=2.169438634454 s=[ 0 0 0 0 - - 0 1 1 0 0 1 > > 1 1 > < ] xyz0=( 14.939975, 29.595029, 18.850236 )

d_7_3=2.169638834655 s=[ 0 0 0 0 - - 0 1 1 0 0 1 > > 1 1 > < ] xyz0=( 14.940114, 29.593944, 18.850177 )

d_7_3=2.169839034855 s=[ 0 0 0 0 - - 0 1 1 0 0 1 > > 1 1 > < ] xyz0=( 14.940254, 29.592861, 18.850118 )

d_7_3=2.170039235055 s=[ 0 0 0 0 - - 0 1 1 0 0 1 > > 1 1 > < ] xyz0=( 14.940394, 29.591782, 18.850059 )

d_7_3=2.170239435255 s=[ 0 0 0 0 - - 0 1 1 0 0 1 > > 1 1 > < ] xyz0=( 14.940535, 29.590706, 18.850001 )

d_7_3=2.170439635455 s=[ 0 0 0 0 - - 0 1 1 0 0 1 > > 1 1 > < ] xyz0=( 14.940676, 29.589633, 18.849943 )

d_7_3=2.170639835656 s=[ 0 0 0 0 - - 0 1 1 0 0 1 > > 1 1 > < ] xyz0=( 14.940817, 29.588564, 18.849885 )

d_7_3=2.170840035856 s=[ 0 0 0 0 - - 0 1 1 0 0 1 > > 1 1 > < ] xyz0=( 14.940959, 29.587497, 18.849827 )

d_7_3=2.171040236056 s=[ 0 0 0 0 - - 0 1 1 0 0 1 > > 1 1 > < ] xyz0=( 14.941101, 29.586433, 18.849770 )

d_7_3=2.171240436256 s=[ 0 0 0 0 - - 0 1 1 0 0 1 > > 1 1 > < ] xyz0=( 14.941244, 29.585372, 18.849713 )

d_7_3=2.171440636456 s=[ 0 0 0 0 - - 0 1 1 0 0 1 > > 1 1 > < ] xyz0=( 14.941387, 29.584314, 18.849657 )

d_7_3=2.171640836657 s=[ 0 0 0 0 - - 0 1 1 0 0 1 > > 1 1 > < ] xyz0=( 14.941531, 29.583260, 18.849601 )

d_7_3=2.171841036857 s=[ 0 0 0 0 - - 0 1 1 0 0 1 > > 1 1 > < ] xyz0=( 14.941675, 29.582208, 18.849545 )

d_7_3=2.172041237057 s=[ 0 0 0 0 - - 0 1 1 0 0 1 > > 1 1 > < ] xyz0=( 14.941819, 29.581159, 18.849489 )

d_7_3=2.172241437257 s=[ 0 0 0 0 - - 0 1 1 0 0 1 > > 1 1 > < ] xyz0=( 14.941964, 29.580113, 18.849434 )

d_7_3=2.172441637457 s=[ 0 0 0 0 - - 0 1 1 0 0 1 > > 1 1 > < ] xyz0=( 14.942109, 29.579069, 18.849379 )

d_7_3=2.172641837658 s=[ 0 0 0 0 - - 0 1 1 0 0 1 > > 1 1 > < ] xyz0=( 14.942255, 29.578029, 18.849324 )

d_7_3=2.172842037858 s=[ 0 0 0 0 - - 0 1 1 0 0 1 > > 1 1 > < ] xyz0=( 14.942401, 29.576991, 18.849269 )

d_7_3=2.173042238058 s=[ 0 0 0 0 - - 0 1 1 0 0 1 > > 1 1 > < ] xyz0=( 14.942547, 29.575956, 18.849215 )

d_7_3=2.173242438258 s=[ 0 0 0 0 - - 0 1 1 0 0 1 > > 1 1 > < ] xyz0=( 14.942694, 29.574924, 18.849161 )

d_7_3=2.173442638458 s=[ 0 0 0 0 - - 0 1 1 0 0 1 > > 1 1 > < ] xyz0=( 14.942841, 29.573895, 18.849107 )

d_7_3=2.173642838659 s=[ 0 0 0 0 - - 0 1 1 0 0 1 > > 1 1 > < ] xyz0=( 14.942989, 29.572868, 18.849054 )

d_7_3=2.173843038859 s=[ 0 0 0 0 - - 0 1 1 0 0 1 > > 1 1 > < ] xyz0=( 14.943137, 29.571845, 18.849001 )

d_7_3=2.174043239059 s=[ 0 0 0 0 - - 0 1 1 0 0 1 > > 1 1 > < ] xyz0=( 14.943285, 29.570823, 18.848948 )

d_7_3=2.174243439259 s=[ 0 0 0 0 - - 0 1 1 0 0 1 > > 1 1 > < ] xyz0=( 14.943434, 29.569805, 18.848896 )

d_7_3=2.174443639459 s=[ 0 0 0 0 - - 0 1 1 0 0 1 > > 1 1 > < ] xyz0=( 14.943583, 29.568789, 18.848843 )

d_7_3=2.174643839660 s=[ 0 0 0 0 - - 0 1 1 0 0 1 > > 1 1 > < ] xyz0=( 14.943733, 29.567775, 18.848791 )

d_7_3=2.174844039860 s=[ 0 0 0 0 - - 0 1 1 0 0 1 > > 1 1 > < ] xyz0=( 14.943883, 29.566765, 18.848739 )

d_7_3=2.175044240060 s=[ 0 0 0 0 - - 0 1 1 0 0 1 > > 1 1 > < ] xyz0=( 14.944033, 29.565757, 18.848688 )

d_7_3=2.175244440260 s=[ 0 0 0 0 - - 0 1 1 0 0 1 > > 1 1 > < ] xyz0=( 14.944183, 29.564751, 18.848637 )

d_7_3=2.175444640460 s=[ 0 0 0 0 - - 0 1 1 0 0 1 > > 1 1 > < ] xyz0=( 14.944334, 29.563748, 18.848586 )

d_7_3=2.175644840661 s=[ 0 0 0 0 - - 0 1 1 0 0 1 > > 1 1 > < ] xyz0=( 14.944486, 29.562747, 18.848535 )

d_7_3=2.175845040861 s=[ 0 0 0 0 - - 0 1 1 0 0 1 > > 1 1 > < ] xyz0=( 14.944637, 29.561749, 18.848484 )

d_7_3=2.176045241061 s=[ 0 0 0 0 - - 0 1 1 0 0 1 > > 1 1 > < ] xyz0=( 14.944789, 29.560754, 18.848434 )

d_7_3=2.176245441261 s=[ 0 0 0 0 - - 0 1 1 0 0 1 > > 1 1 > < ] xyz0=( 14.944942, 29.559761, 18.848384 )

d_7_3=2.176445641461 s=[ 0 0 0 0 - - 0 1 1 0 0 1 > > 1 1 > < ] xyz0=( 14.945094, 29.558770, 18.848334 )

d_7_3=2.176645841662 s=[ 0 0 0 0 - - 0 1 1 0 0 1 > > 1 1 > < ] xyz0=( 14.945248, 29.557782, 18.848285 )

d_7_3=2.176846041862 s=[ 0 0 0 0 - - 0 1 1 0 0 1 > > 1 1 > < ] xyz0=( 14.945401, 29.556796, 18.848236 )

d_7_3=2.177046242062 s=[ 0 0 0 0 - - 0 1 1 0 0 1 > > 1 1 > < ] xyz0=( 14.945555, 29.555812, 18.848187 )

d_7_3=2.177246442262 s=[ 0 0 0 0 - - 0 1 1 0 0 1 > > 1 1 > < ] xyz0=( 14.945709, 29.554831, 18.848138 )

d_7_3=2.177446642462 s=[ 0 0 0 0 - - 0 1 1 0 0 1 > > 1 1 > < ] xyz0=( 14.945863, 29.553853, 18.848089 )

d_7_3=2.177646842663 s=[ 0 0 0 0 - - 0 1 1 0 0 1 > > 1 1 > < ] xyz0=( 14.946018, 29.552876, 18.848041 )

d_7_3=2.177847042863 s=[ 0 0 0 0 - - 0 1 1 0 0 1 > > 1 1 > < ] xyz0=( 14.946173, 29.551902, 18.847993 )

d_7_3=2.178047243063 s=[ 0 0 0 0 - - 0 1 1 0 0 1 > > 1 1 > < ] xyz0=( 14.946329, 29.550931, 18.847945 )

d_7_3=2.178247443263 s=[ 0 0 0 0 - - 0 1 1 0 0 1 > > 1 1 > < ] xyz0=( 14.946484, 29.549961, 18.847897 )

d_7_3=2.178447643463 s=[ 0 0 0 0 - - 0 1 1 0 0 1 > > 1 1 > < ] xyz0=( 14.946641, 29.548994, 18.847850 )

d_7_3=2.178647843664 s=[ 0 0 0 0 - - 0 1 1 0 0 1 > > 1 1 > < ] xyz0=( 14.946797, 29.548029, 18.847803 )

d_7_3=2.178848043864 s=[ 0 0 0 0 - - 0 1 1 0 0 1 > > 1 1 > < ] xyz0=( 14.946954, 29.547066, 18.847756 )

d_7_3=2.179048244064 s=[ 0 0 0 0 - - 0 1 1 0 0 1 > > 1 1 > < ] xyz0=( 14.947111, 29.546106, 18.847709 )

d_7_3=2.179248444264 s=[ 0 0 0 0 - - 0 1 1 0 0 1 > > 1 1 > < ] xyz0=( 14.947268, 29.545148, 18.847663 )

d_7_3=2.179448644464 s=[ 0 0 0 0 - - 0 1 1 0 0 1 > > 1 1 > < ] xyz0=( 14.947426, 29.544192, 18.847617 )

d_7_3=2.179648844665 s=[ 0 0 0 0 - - 0 1 1 0 0 1 > > 1 1 > < ] xyz0=( 14.947584, 29.543238, 18.847571 )

d_7_3=2.179849044865 s=[ 0 0 0 0 - - 0 1 1 0 0 1 > > 1 1 > < ] xyz0=( 14.947742, 29.542286, 18.847525 )

d_7_3=2.180049245065 s=[ 0 0 0 0 - - 0 1 1 0 0 1 > > 1 1 > < ] xyz0=( 14.947901, 29.541337, 18.847479 )

d_7_3=2.180249445265 s=[ 0 0 0 0 - - 0 1 1 0 0 1 > > 1 1 > < ] xyz0=( 14.948060, 29.540389, 18.847434 )

d_7_3=2.180449645465 s=[ 0 0 0 0 - - 0 1 1 0 0 1 > > 1 1 > < ] xyz0=( 14.948219, 29.539444, 18.847389 )

d_7_3=2.180649845666 s=[ 0 0 0 0 - - 0 1 1 0 0 1 > > 1 1 > < ] xyz0=( 14.948379, 29.538501, 18.847344 )

d_7_3=2.180850045866 s=[ 0 0 0 0 - - 0 1 1 0 0 1 > > 1 1 > < ] xyz0=( 14.948539, 29.537560, 18.847299 )

d_7_3=2.181050246066 s=[ 0 0 0 0 - - 0 1 1 0 0 1 > > 1 1 > < ] xyz0=( 14.948699, 29.536621, 18.847255 )

d_7_3=2.181250446266 s=[ 0 0 0 0 - - 0 1 1 0 0 1 > > 1 1 > < ] xyz0=( 14.948860, 29.535684, 18.847210 )

d_7_3=2.181450646466 s=[ 0 0 0 0 - - 0 1 1 0 0 1 > > 1 1 > < ] xyz0=( 14.949020, 29.534749, 18.847166 )

d_7_3=2.181650846667 s=[ 0 0 0 0 - - 0 1 1 0 0 1 > > 1 1 > < ] xyz0=( 14.949181, 29.533817, 18.847122 )

d_7_3=2.181851046867 s=[ 0 0 0 0 - - 0 1 1 0 0 1 > > 1 1 > < ] xyz0=( 14.949343, 29.532886, 18.847079 )

d_7_3=2.182051247067 s=[ 0 0 0 0 - - 0 1 1 0 0 1 > > 1 1 > < ] xyz0=( 14.949505, 29.531957, 18.847035 )

d_7_3=2.182251447267 s=[ 0 0 0 0 - - 0 1 1 0 0 1 > > 1 1 > < ] xyz0=( 14.949667, 29.531030, 18.846992 )

d_7_3=2.182451647467 s=[ 0 0 0 0 - - 0 1 1 0 0 1 > > 1 1 > < ] xyz0=( 14.949829, 29.530106, 18.846949 )

d_7_3=2.182651847668 s=[ 0 0 0 0 - - 0 1 1 0 0 1 > > 1 1 > < ] xyz0=( 14.949991, 29.529183, 18.846906 )

d_7_3=2.182852047868 s=[ 0 0 0 0 - - 0 1 1 0 0 1 > > 1 1 > < ] xyz0=( 14.950154, 29.528262, 18.846863 )

d_7_3=2.183052248068 s=[ 0 0 0 0 - - 0 1 1 0 0 1 > > 1 1 > < ] xyz0=( 14.950317, 29.527343, 18.846821 )

d_7_3=2.183252448268 s=[ 0 0 0 0 - - 0 1 1 0 0 1 > > 1 1 > < ] xyz0=( 14.950481, 29.526426, 18.846779 )

d_7_3=2.183452648468 s=[ 0 0 0 0 - - 0 1 1 0 0 1 > > 1 1 > < ] xyz0=( 14.950644, 29.525511, 18.846737 )

d_7_3=2.183652848669 s=[ 0 0 0 0 - - 0 1 1 0 0 1 > > 1 1 > < ] xyz0=( 14.950808, 29.524598, 18.846695 )

d_7_3=2.183853048869 s=[ 0 0 0 0 - - 0 1 1 0 0 1 > > 1 1 > < ] xyz0=( 14.950973, 29.523687, 18.846653 )

d_7_3=2.184053249069 s=[ 0 0 0 0 - - 0 1 1 0 0 1 > > 1 1 > < ] xyz0=( 14.951137, 29.522778, 18.846611 )

d_7_3=2.184253449269 s=[ 0 0 0 0 - - 0 1 1 0 0 1 > > 1 1 > < ] xyz0=( 14.951302, 29.521870, 18.846570 )

d_7_3=2.184453649469 s=[ 0 0 0 0 - - 0 1 1 0 0 1 > > 1 1 > < ] xyz0=( 14.951467, 29.520965, 18.846529 )

d_7_3=2.184653849670 s=[ 0 0 0 0 - - 0 1 1 0 0 1 > > 1 1 > < ] xyz0=( 14.951633, 29.520061, 18.846488 )

d_7_3=2.184854049870 s=[ 0 0 0 0 - - 0 1 1 0 0 1 > > 1 1 > < ] xyz0=( 14.951798, 29.519159, 18.846447 )

d_7_3=2.185054250070 s=[ 0 0 0 0 - - 0 1 1 0 0 1 > > 1 1 > < ] xyz0=( 14.951964, 29.518260, 18.846407 )

d_7_3=2.185254450270 s=[ 0 0 0 0 - - 0 1 1 0 0 1 > > 1 1 > < ] xyz0=( 14.952130, 29.517361, 18.846367 )

d_7_3=2.185454650470 s=[ 0 0 0 0 - - 0 1 1 0 0 1 > > 1 1 > < ] xyz0=( 14.952297, 29.516465, 18.846326 )

d_7_3=2.185654850671 s=[ 0 0 0 0 - - 0 1 1 0 0 1 > > 1 1 > < ] xyz0=( 14.952463, 29.515571, 18.846286 )

d_7_3=2.185855050871 s=[ 0 0 0 0 - - 0 1 1 0 0 1 > > 1 1 > < ] xyz0=( 14.952630, 29.514678, 18.846247 )

d_7_3=2.186055251071 s=[ 0 0 0 0 - - 0 1 1 0 0 1 > > 1 1 > < ] xyz0=( 14.952798, 29.513787, 18.846207 )

d_7_3=2.186255451271 s=[ 0 0 0 0 - - 0 1 1 0 0 1 > > 1 1 > < ] xyz0=( 14.952965, 29.512898, 18.846168 )

d_7_3=2.186455651471 s=[ 0 0 0 0 - - 0 1 1 0 0 1 > > 1 1 > < ] xyz0=( 14.953133, 29.512010, 18.846128 )

d_7_3=2.186655851672 s=[ 0 0 0 0 - - 0 1 1 0 0 1 > > 1 1 > < ] xyz0=( 14.953301, 29.511125, 18.846089 )

d_7_3=2.186856051872 s=[ 0 0 0 0 - - 0 1 1 0 0 1 > > 1 1 > < ] xyz0=( 14.953469, 29.510241, 18.846050 )

d_7_3=2.187056252072 s=[ 0 0 0 0 - - 0 1 1 0 0 1 > > 1 1 > < ] xyz0=( 14.953638, 29.509359, 18.846012 )

d_7_3=2.187256452272 s=[ 0 0 0 0 - - 0 1 1 0 0 1 > > 1 1 > < ] xyz0=( 14.953806, 29.508478, 18.845973 )

d_7_3=2.187456652472 s=[ 0 0 0 0 - - 0 1 1 0 0 1 > > 1 1 > < ] xyz0=( 14.953975, 29.507599, 18.845935 )

d_7_3=2.187656852673 s=[ 0 0 0 0 - - 0 1 1 0 0 1 > > 1 1 > < ] xyz0=( 14.954145, 29.506722, 18.845896 )

d_7_3=2.187857052873 s=[ 0 0 0 0 - - 0 1 1 0 0 1 > > 1 1 > < ] xyz0=( 14.954314, 29.505847, 18.845858 )

d_7_3=2.188057253073 s=[ 0 0 0 0 - - 0 1 1 0 0 1 > > 1 1 > < ] xyz0=( 14.954484, 29.504973, 18.845821 )

d_7_3=2.188257453273 s=[ 0 0 0 0 - - 0 1 1 0 0 1 > > 1 1 > < ] xyz0=( 14.954654, 29.504101, 18.845783 )

d_7_3=2.188457653473 s=[ 0 0 0 0 - - 0 1 1 0 0 1 > > 1 1 > < ] xyz0=( 14.954824, 29.503231, 18.845745 )

d_7_3=2.188657853674 s=[ 0 0 0 0 - - 0 1 1 0 0 1 > > 1 1 > < ] xyz0=( 14.954995, 29.502362, 18.845708 )

d_7_3=2.188858053874 s=[ 0 0 0 0 - - 0 1 1 0 0 1 > > 1 1 > < ] xyz0=( 14.955166, 29.501495, 18.845671 )

d_7_3=2.189058254074 s=[ 0 0 0 0 - - 0 1 1 0 0 1 > > 1 1 > < ] xyz0=( 14.955337, 29.500630, 18.845634 )

d_7_3=2.189258454274 s=[ 0 0 0 0 - - 0 1 1 0 0 1 > > 1 1 > < ] xyz0=( 14.955508, 29.499766, 18.845597 )

d_7_3=2.189458654474 s=[ 0 0 0 0 - - 0 1 1 0 0 1 > > 1 1 > < ] xyz0=( 14.955679, 29.498904, 18.845560 )

d_7_3=2.189658854675 s=[ 0 0 0 0 - - 0 1 1 0 0 1 > > 1 1 > < ] xyz0=( 14.955851, 29.498043, 18.845524 )

d_7_3=2.189859054875 s=[ 0 0 0 0 - - 0 1 1 0 0 1 > > 1 1 > < ] xyz0=( 14.956023, 29.497184, 18.845487 )

d_7_3=2.190059255075 s=[ 0 0 0 0 - - 0 1 1 0 0 1 > > 1 1 > < ] xyz0=( 14.956195, 29.496327, 18.845451 )

d_7_3=2.190259455275 s=[ 0 0 0 0 - - 0 1 1 0 0 1 > > 1 1 > < ] xyz0=( 14.956368, 29.495471, 18.845415 )

d_7_3=2.190459655475 s=[ 0 0 0 0 - - 0 1 1 0 0 1 > > 1 1 > < ] xyz0=( 14.956541, 29.494617, 18.845379 )

d_7_3=2.190659855676 s=[ 0 0 0 0 - - 0 1 1 0 0 1 > > 1 1 > < ] xyz0=( 14.956713, 29.493765, 18.845344 )

d_7_3=2.190860055876 s=[ 0 0 0 0 - - 0 1 1 0 0 1 > > 1 1 > < ] xyz0=( 14.956887, 29.492913, 18.845308 )

d_7_3=2.191060256076 s=[ 0 0 0 0 - - 0 1 1 0 0 1 > > 1 1 > < ] xyz0=( 14.957060, 29.492064, 18.845273 )

d_7_3=2.191260456276 s=[ 0 0 0 0 - - 0 1 1 0 0 1 > > 1 1 > < ] xyz0=( 14.957234, 29.491216, 18.845237 )

d_7_3=2.191460656476 s=[ 0 0 0 0 - - 0 1 1 0 0 1 > > 1 1 > < ] xyz0=( 14.957407, 29.490369, 18.845202 )

d_7_3=2.191660856677 s=[ 0 0 0 0 - - 0 1 1 0 0 1 > > 1 1 > < ] xyz0=( 14.957582, 29.489525, 18.845167 )

d_7_3=2.191861056877 s=[ 0 0 0 0 - - 0 1 1 0 0 1 > > 1 1 > > ] xyz0=( 14.957756, 29.488681, 18.845133 )

d_7_3=2.192061257077 s=[ 0 0 0 0 - - 0 1 1 0 0 1 > > 1 1 > > ] xyz0=( 14.957930, 29.487839, 18.845098 )

d_7_3=2.192261457277 s=[ 0 0 0 0 - - 0 1 1 0 0 1 > > 1 1 > > ] xyz0=( 14.958105, 29.486999, 18.845064 )

d_7_3=2.192461657477 s=[ 0 0 0 0 - - 0 1 1 0 0 1 > > 1 1 > > ] xyz0=( 14.958280, 29.486160, 18.845029 )

d_7_3=2.192661857678 s=[ 0 0 0 0 - - 0 1 1 0 0 1 > > 1 1 > > ] xyz0=( 14.958455, 29.485323, 18.844995 )

d_7_3=2.192862057878 s=[ 0 0 0 0 - - 0 1 1 0 0 1 > > 1 1 > > ] xyz0=( 14.958631, 29.484487, 18.844961 )

d_7_3=2.193062258078 s=[ 0 0 0 0 - - 0 1 1 0 0 1 > > 1 1 > > ] xyz0=( 14.958806, 29.483652, 18.844927 )

d_7_3=2.193262458278 s=[ 0 0 0 0 - - 0 1 1 0 0 1 > > 1 1 > > ] xyz0=( 14.958982, 29.482819, 18.844894 )

d_7_3=2.193462658478 s=[ 0 0 0 0 - - 0 1 1 0 0 1 > > 1 1 > > ] xyz0=( 14.959158, 29.481988, 18.844860 )

d_7_3=2.193662858679 s=[ 0 0 0 0 - - 0 1 1 0 0 1 > > 1 1 > > ] xyz0=( 14.959335, 29.481157, 18.844827 )

d_7_3=2.193863058879 s=[ 0 0 0 0 - - 0 1 1 0 0 1 > > 1 1 > > ] xyz0=( 14.959511, 29.480329, 18.844793 )

d_7_3=2.194063259079 s=[ 0 0 0 0 - - 0 1 1 0 0 1 > > 1 1 > > ] xyz0=( 14.959688, 29.479502, 18.844760 )

d_7_3=2.194263459279 s=[ 0 0 0 0 - - 0 1 1 0 0 1 > > 1 1 > > ] xyz0=( 14.959865, 29.478676, 18.844727 )

d_7_3=2.194463659479 s=[ 0 0 0 0 - - 0 1 1 0 0 1 > > 1 1 > > ] xyz0=( 14.960042, 29.477851, 18.844695 )

d_7_3=2.194663859680 s=[ 0 0 0 0 - - 0 1 1 0 0 1 > > 1 1 > > ] xyz0=( 14.960219, 29.477028, 18.844662 )

d_7_3=2.194864059880 s=[ 0 0 0 0 - - 0 1 1 0 0 1 > > 1 1 > > ] xyz0=( 14.960397, 29.476207, 18.844629 )

d_7_3=2.195064260080 s=[ 0 0 0 0 - - 0 1 1 0 0 1 > > 1 1 > > ] xyz0=( 14.960575, 29.475387, 18.844597 )

d_7_3=2.195264460280 s=[ 0 0 0 0 - - 0 1 1 0 0 1 > > 1 1 > > ] xyz0=( 14.960753, 29.474568, 18.844565 )

d_7_3=2.195464660480 s=[ 0 0 0 0 - - 0 1 1 0 0 1 > > 1 1 > > ] xyz0=( 14.960931, 29.473750, 18.844533 )

d_7_3=2.195664860681 s=[ 0 0 0 0 - - 0 1 1 0 0 1 > > 1 1 > > ] xyz0=( 14.961110, 29.472934, 18.844501 )

d_7_3=2.195865060881 s=[ 0 0 0 0 - - 0 1 1 0 0 1 > > 1 1 > > ] xyz0=( 14.961288, 29.472120, 18.844469 )

d_7_3=2.196065261081 s=[ 0 0 0 0 - - 0 1 1 0 0 1 > > 1 1 > > ] xyz0=( 14.961467, 29.471306, 18.844437 )

d_7_3=2.196265461281 s=[ 0 0 0 0 - - 0 1 1 0 0 1 > > 1 1 > > ] xyz0=( 14.961646, 29.470494, 18.844406 )

d_7_3=2.196465661481 s=[ 0 0 0 0 - - 0 1 1 0 0 1 > > 1 1 > > ] xyz0=( 14.961825, 29.469684, 18.844374 )

d_7_3=2.196665861682 s=[ 0 0 0 0 - - 0 1 1 0 0 1 > > 1 1 > > ] xyz0=( 14.962005, 29.468875, 18.844343 )

d_7_3=2.196866061882 s=[ 0 0 0 0 - - 0 1 1 0 0 1 > > 1 1 > > ] xyz0=( 14.962185, 29.468067, 18.844312 )

d_7_3=2.197066262082 s=[ 0 0 0 0 - - 0 1 1 0 0 1 > > 1 1 > > ] xyz0=( 14.962364, 29.467260, 18.844281 )

d_7_3=2.197266462282 s=[ 0 0 0 0 - - 0 1 1 0 0 1 > > 1 1 > > ] xyz0=( 14.962544, 29.466455, 18.844250 )

d_7_3=2.197466662482 s=[ 0 0 0 0 - - 0 1 1 0 0 1 > > 1 1 > > ] xyz0=( 14.962725, 29.465651, 18.844219 )

d_7_3=2.197666862683 s=[ 0 0 0 0 - - 0 1 1 0 0 1 > > 1 1 > > ] xyz0=( 14.962905, 29.464848, 18.844189 )

d_7_3=2.197867062883 s=[ 0 0 0 0 - - 0 1 1 0 0 1 > > 1 1 > > ] xyz0=( 14.963086, 29.464047, 18.844158 )

d_7_3=2.198067263083 s=[ 0 0 0 0 - - 0 1 1 0 0 1 > > 1 1 > > ] xyz0=( 14.963267, 29.463247, 18.844128 )

d_7_3=2.198267463283 s=[ 0 0 0 0 - - 0 1 1 0 0 1 > > 1 1 > > ] xyz0=( 14.963448, 29.462448, 18.844098 )

d_7_3=2.198467663483 s=[ 0 0 0 0 - - 0 1 1 0 0 1 > > 1 1 > > ] xyz0=( 14.963629, 29.461651, 18.844068 )

d_7_3=2.198667863684 s=[ 0 0 0 0 - - 0 1 1 0 0 1 > > 1 1 > > ] xyz0=( 14.963811, 29.460854, 18.844038 )

d_7_3=2.198868063884 s=[ 0 0 0 0 - - 0 1 1 0 0 1 > > 1 1 > > ] xyz0=( 14.963992, 29.460060, 18.844008 )

d_7_3=2.199068264084 s=[ 0 0 0 0 - - 0 1 1 0 0 1 > > 1 1 > > ] xyz0=( 14.964174, 29.459266, 18.843978 )

d_7_3=2.199268464284 s=[ 0 0 0 0 - - 0 1 1 0 0 1 > > 1 1 > > ] xyz0=( 14.964356, 29.458474, 18.843949 )

d_7_3=2.199468664484 s=[ 0 0 0 0 - - 0 1 1 0 0 1 > > 1 1 > > ] xyz0=( 14.964538, 29.457682, 18.843919 )

d_7_3=2.199668864685 s=[ 0 0 0 0 - - 0 1 1 0 0 1 > > 1 1 > > ] xyz0=( 14.964721, 29.456893, 18.843890 )

d_7_3=2.199869064885 s=[ 0 0 0 0 - - 0 1 1 0 0 1 > > 1 1 > > ] xyz0=( 14.964903, 29.456104, 18.843861 )

d_7_3=2.200069265085 s=[ 0 0 0 0 - - 0 1 1 0 0 1 > > 1 1 > > ] xyz0=( 14.965086, 29.455317, 18.843832 )

d_7_3=2.200269465285 s=[ 0 0 0 0 - - 0 1 1 0 0 1 > > 1 1 > > ] xyz0=( 14.965269, 29.454531, 18.843803 )

d_7_3=2.200469665485 s=[ 0 0 0 0 - - 0 1 1 0 0 1 > > 1 1 > > ] xyz0=( 14.965453, 29.453746, 18.843774 )

d_7_3=2.200669865686 s=[ 0 0 0 0 - - 0 1 1 0 0 1 > > 1 1 > > ] xyz0=( 14.965636, 29.452962, 18.843746 )

d_7_3=2.200870065886 s=[ 0 0 0 0 - - 0 1 1 0 0 1 > > 1 1 > > ] xyz0=( 14.965819, 29.452179, 18.843717 )

d_7_3=2.201070266086 s=[ 0 0 0 0 - - 0 1 1 0 0 1 > > 1 1 > > ] xyz0=( 14.966003, 29.451398, 18.843689 )

d_7_3=2.201270466286 s=[ 0 0 0 0 - - 0 1 1 0 0 1 > > 1 1 > > ] xyz0=( 14.966187, 29.450618, 18.843661 )

d_7_3=2.201470666486 s=[ 0 0 0 0 - - 0 1 1 0 0 1 > > 1 1 > > ] xyz0=( 14.966371, 29.449839, 18.843633 )

d_7_3=2.201670866687 s=[ 0 0 0 0 - - 0 1 1 0 0 1 > > 1 1 > > ] xyz0=( 14.966556, 29.449062, 18.843605 )

d_7_3=2.201871066887 s=[ 0 0 0 0 - - 0 1 1 0 0 1 > > 1 1 > > ] xyz0=( 14.966740, 29.448285, 18.843577 )

d_7_3=2.202071267087 s=[ 0 0 0 0 - - 0 1 1 0 0 1 > > 1 1 > > ] xyz0=( 14.966925, 29.447510, 18.843549 )

d_7_3=2.202271467287 s=[ 0 0 0 0 - - 0 1 1 0 0 1 > > 1 1 > > ] xyz0=( 14.967110, 29.446736, 18.843521 )

d_7_3=2.202471667487 s=[ 0 0 0 0 - - 0 1 1 0 0 1 > > 1 1 > > ] xyz0=( 14.967295, 29.445963, 18.843494 )

d_7_3=2.202671867688 s=[ 0 0 0 0 - - 0 1 1 0 0 1 > > 1 1 > > ] xyz0=( 14.967480, 29.445191, 18.843466 )

d_7_3=2.202872067888 s=[ 0 0 0 0 - - 0 1 1 0 0 1 > > 1 1 > > ] xyz0=( 14.967665, 29.444421, 18.843439 )

d_7_3=2.203072268088 s=[ 0 0 0 0 - - 0 1 1 0 0 1 > > 1 1 > > ] xyz0=( 14.967851, 29.443651, 18.843412 )

d_7_3=2.203272468288 s=[ 0 0 0 0 - - 0 1 1 0 0 1 > > 1 1 > > ] xyz0=( 14.968037, 29.442883, 18.843385 )

d_7_3=2.203472668488 s=[ 0 0 0 0 - - 0 1 1 0 0 1 > > 1 1 > > ] xyz0=( 14.968223, 29.442116, 18.843358 )

d_7_3=2.203672868689 s=[ 0 0 0 0 - - 0 1 1 0 0 1 > > 1 1 > > ] xyz0=( 14.968409, 29.441350, 18.843331 )

d_7_3=2.203873068889 s=[ 0 0 0 0 - - 0 1 1 0 0 1 > > 1 1 > < ] xyz0=( 14.968595, 29.440585, 18.843304 )

d_7_3=2.204073269089 s=[ 0 0 0 0 - - 0 1 1 0 0 1 > > 1 1 > > ] xyz0=( 14.968782, 29.439821, 18.843278 )

d_7_3=2.204273469289 s=[ 0 0 0 0 - - 0 1 1 0 0 1 > > 1 1 > > ] xyz0=( 14.968968, 29.439059, 18.843251 )

d_7_3=2.204473669489 s=[ 0 0 0 0 - - 0 1 1 0 0 1 > > 1 1 > > ] xyz0=( 14.969155, 29.438297, 18.843225 )

d_7_3=2.204673869690 s=[ 0 0 0 0 - - 0 1 1 0 0 1 > > 1 1 > > ] xyz0=( 14.969342, 29.437537, 18.843199 )

d_7_3=2.204874069890 s=[ 0 0 0 0 - - 0 1 1 0 0 1 > > 1 1 > > ] xyz0=( 14.969529, 29.436778, 18.843173 )

d_7_3=2.205074270090 s=[ 0 0 0 0 - - 0 1 1 0 0 1 > > 1 1 > > ] xyz0=( 14.969717, 29.436019, 18.843147 )

d_7_3=2.205274470290 s=[ 0 0 0 0 - - 0 1 1 0 0 1 > > 1 1 > > ] xyz0=( 14.969904, 29.435262, 18.843121 )

d_7_3=2.205474670490 s=[ 0 0 0 0 - - 0 1 1 0 0 1 > > 1 1 > < ] xyz0=( 14.970092, 29.434507, 18.843095 )

d_7_3=2.205674870691 s=[ 0 0 0 0 - - 0 1 1 0 0 1 > > 1 1 > > ] xyz0=( 14.970280, 29.433752, 18.843070 )

d_7_3=2.205875070891 s=[ 0 0 0 0 - - 0 1 1 0 0 1 > > 1 1 > < ] xyz0=( 14.970468, 29.432998, 18.843044 )

d_7_3=2.206075271091 s=[ 0 0 0 0 - - 0 1 1 0 0 1 > > 1 1 > > ] xyz0=( 14.970656, 29.432245, 18.843019 )

d_7_3=2.206275471291 s=[ 0 0 0 0 - - 0 1 1 0 0 1 > > 1 1 > > ] xyz0=( 14.970845, 29.431494, 18.842993 )

d_7_3=2.206475671491 s=[ 0 0 0 0 - - 0 1 1 0 0 1 > > 1 1 > < ] xyz0=( 14.971033, 29.430743, 18.842968 )

d_7_3=2.206675871692 s=[ 0 0 0 0 - - 0 1 1 0 0 1 > > 1 1 > > ] xyz0=( 14.971222, 29.429994, 18.842943 )

d_7_3=2.206876071892 s=[ 0 0 0 0 - - 0 1 1 0 0 1 > > 1 1 > < ] xyz0=( 14.971411, 29.429246, 18.842918 )

d_7_3=2.207076272092 s=[ 0 0 0 0 - - 0 1 1 0 0 1 > > 1 1 > < ] xyz0=( 14.971600, 29.428498, 18.842893 )

d_7_3=2.207276472292 s=[ 0 0 0 0 - - 0 1 1 0 0 1 > > 1 1 > > ] xyz0=( 14.971789, 29.427752, 18.842868 )

d_7_3=2.207476672492 s=[ 0 0 0 0 - - 0 1 1 0 0 1 > > 1 1 > > ] xyz0=( 14.971978, 29.427007, 18.842844 )

d_7_3=2.207676872693 s=[ 0 0 0 0 - - 0 1 1 0 0 1 > > 1 1 > < ] xyz0=( 14.972168, 29.426263, 18.842819 )

d_7_3=2.207877072893 s=[ 0 0 0 0 - - 0 1 1 0 0 1 > > 1 1 > > ] xyz0=( 14.972358, 29.425520, 18.842795 )

d_7_3=2.208077273093 s=[ 0 0 0 0 - - 0 1 1 0 0 1 > > 1 1 > > ] xyz0=( 14.972548, 29.424778, 18.842771 )

d_7_3=2.208277473293 s=[ 0 0 0 0 - - 0 1 1 0 0 1 > > 1 1 > < ] xyz0=( 14.972738, 29.424037, 18.842746 )

d_7_3=2.208477673493 s=[ 0 0 0 0 - - 0 1 1 0 0 1 > > 1 1 > < ] xyz0=( 14.972928, 29.423297, 18.842722 )

d_7_3=2.208677873694 s=[ 0 0 0 0 - - 0 1 1 0 0 1 > > 1 1 > > ] xyz0=( 14.973118, 29.422558, 18.842698 )

d_7_3=2.208878073894 s=[ 0 0 0 0 - - 0 1 1 0 0 1 > > 1 1 > > ] xyz0=( 14.973309, 29.421820, 18.842674 )

d_7_3=2.209078274094 s=[ 0 0 0 0 - - 0 1 1 0 0 1 > > 1 1 > > ] xyz0=( 14.973499, 29.421084, 18.842651 )

d_7_3=2.209278474294 s=[ 0 0 0 0 - - 0 1 1 0 0 1 > > 1 1 > < ] xyz0=( 14.973690, 29.420348, 18.842627 )

d_7_3=2.209478674494 s=[ 0 0 0 0 - - 0 1 1 0 0 1 > > 1 1 > < ] xyz0=( 14.973881, 29.419613, 18.842603 )

d_7_3=2.209678874695 s=[ 0 0 0 0 - - 0 1 1 0 0 1 > > 1 1 > > ] xyz0=( 14.974073, 29.418879, 18.842580 )

d_7_3=2.209879074895 s=[ 0 0 0 0 - - 0 1 1 0 0 1 > > 1 1 > > ] xyz0=( 14.974264, 29.418146, 18.842556 )

d_7_3=2.210079275095 s=[ 0 0 0 0 - - 0 1 1 0 0 1 > > 1 1 > > ] xyz0=( 14.974455, 29.417415, 18.842533 )

d_7_3=2.210279475295 s=[ 0 0 0 0 - - 0 1 1 0 0 1 > > 1 1 > > ] xyz0=( 14.974647, 29.416684, 18.842510 )

d_7_3=2.210479675495 s=[ 0 0 0 0 - - 0 1 1 0 0 1 > > 1 1 > < ] xyz0=( 14.974839, 29.415954, 18.842487 )

d_7_3=2.210679875696 s=[ 0 0 0 0 - - 0 1 1 0 0 1 > > 1 1 > < ] xyz0=( 14.975031, 29.415225, 18.842464 )

d_7_3=2.210880075896 s=[ 0 0 0 0 - - 0 1 1 0 0 1 > > 1 1 > < ] xyz0=( 14.975223, 29.414497, 18.842441 )

d_7_3=2.211080276096 s=[ 0 0 0 0 - - 0 1 1 0 0 1 > > 1 1 > < ] xyz0=( 14.975415, 29.413771, 18.842418 )

d_7_3=2.211280476296 s=[ 0 0 0 0 - - 0 1 1 0 0 1 > > 1 1 > < ] xyz0=( 14.975608, 29.413045, 18.842396 )

d_7_3=2.211480676496 s=[ 0 0 0 0 - - 0 1 1 0 0 1 > > 1 1 > > ] xyz0=( 14.975800, 29.412320, 18.842373 )

d_7_3=2.211680876697 s=[ 0 0 0 0 - - 0 1 1 0 0 1 > > 1 1 > > ] xyz0=( 14.975993, 29.411596, 18.842351 )

d_7_3=2.211881076897 s=[ 0 0 0 0 - - 0 1 1 0 0 1 > > 1 1 > > ] xyz0=( 14.976186, 29.410873, 18.842329 )

d_7_3=2.212081277097 s=[ 0 0 0 0 - - 0 1 1 0 0 1 > > 1 1 > > ] xyz0=( 14.976379, 29.410151, 18.842306 )

d_7_3=2.212281477297 s=[ 0 0 0 0 - - 0 1 1 0 0 1 > > 1 1 > > ] xyz0=( 14.976572, 29.409430, 18.842284 )

d_7_3=2.212481677497 s=[ 0 0 0 0 - - 0 1 1 0 0 1 > > 1 1 > > ] xyz0=( 14.976766, 29.408710, 18.842262 )

d_7_3=2.212681877698 s=[ 0 0 0 0 - - 0 1 1 0 0 1 > > 1 1 > > ] xyz0=( 14.976959, 29.407991, 18.842240 )

d_7_3=2.212882077898 s=[ 0 0 0 0 - - 0 1 1 0 0 1 > > 1 1 > > ] xyz0=( 14.977153, 29.407273, 18.842218 )

d_7_3=2.213082278098 s=[ 0 0 0 0 - - 0 1 1 0 0 1 > > 1 1 > > ] xyz0=( 14.977347, 29.406555, 18.842197 )

d_7_3=2.213282478298 s=[ 0 0 0 0 - - 0 1 1 0 0 1 > > 1 1 > > ] xyz0=( 14.977541, 29.405839, 18.842175 )

d_7_3=2.213482678498 s=[ 0 0 0 0 - - 0 1 1 0 0 1 > > 1 1 > < ] xyz0=( 14.977735, 29.405124, 18.842153 )

d_7_3=2.213682878699 s=[ 0 0 0 0 - - 0 1 1 0 0 1 > > 1 1 > < ] xyz0=( 14.977929, 29.404409, 18.842132 )

d_7_3=2.213883078899 s=[ 0 0 0 0 - - 0 1 1 0 0 1 > > 1 1 > < ] xyz0=( 14.978124, 29.403696, 18.842111 )

d_7_3=2.214083279099 s=[ 0 0 0 0 - - 0 1 1 0 0 1 > > 1 1 > < ] xyz0=( 14.978318, 29.402983, 18.842089 )

d_7_3=2.214283479299 s=[ 0 0 0 0 - - 0 1 1 0 0 1 > > 1 1 > < ] xyz0=( 14.978513, 29.402272, 18.842068 )

d_7_3=2.214483679499 s=[ 0 0 0 0 - - 0 1 1 0 0 1 > > 1 1 > > ] xyz0=( 14.978708, 29.401561, 18.842047 )

d_7_3=2.214683879700 s=[ 0 0 0 0 - - 0 1 1 0 0 1 > > 1 1 > > ] xyz0=( 14.978903, 29.400851, 18.842026 )

d_7_3=2.214884079900 s=[ 0 0 0 0 - - 0 1 1 0 0 1 > > 1 1 > > ] xyz0=( 14.979098, 29.400143, 18.842005 )

d_7_3=2.215084280100 s=[ 0 0 0 0 - - 0 1 1 0 0 1 > > 1 1 > > ] xyz0=( 14.979294, 29.399435, 18.841985 )

d_7_3=2.215284480300 s=[ 0 0 0 0 - - 0 1 1 0 0 1 > > 1 1 > < ] xyz0=( 14.979489, 29.398728, 18.841964 )

d_7_3=2.215484680501 s=[ 0 0 0 0 - - 0 1 1 0 0 1 > > 1 1 > < ] xyz0=( 14.979685, 29.398022, 18.841943 )

d_7_3=2.215684880701 s=[ 0 0 0 0 - - 0 1 1 0 0 1 > > 1 1 > > ] xyz0=( 14.979880, 29.397316, 18.841923 )

d_7_3=2.215885080901 s=[ 0 0 0 0 - - 0 1 1 0 0 1 > > 1 1 > > ] xyz0=( 14.980076, 29.396612, 18.841902 )

d_7_3=2.216085281101 s=[ 0 0 0 0 - - 0 1 1 0 0 1 > > 1 1 > > ] xyz0=( 14.980272, 29.395909, 18.841882 )

d_7_3=2.216285481301 s=[ 0 0 0 0 - - 0 1 1 0 0 1 > > 1 1 > < ] xyz0=( 14.980469, 29.395206, 18.841862 )

d_7_3=2.216485681502 s=[ 0 0 0 0 - - 0 1 1 0 0 1 > > 1 1 > < ] xyz0=( 14.980665, 29.394504, 18.841842 )

d_7_3=2.216685881702 s=[ 0 0 0 0 - - 0 1 1 0 0 1 > > 1 1 > > ] xyz0=( 14.980861, 29.393804, 18.841822 )

d_7_3=2.216886081902 s=[ 0 0 0 0 - - 0 1 1 0 0 1 > > 1 1 > > ] xyz0=( 14.981058, 29.393104, 18.841802 )

d_7_3=2.217086282102 s=[ 0 0 0 0 - - 0 1 1 0 0 1 > > 1 1 > > ] xyz0=( 14.981255, 29.392405, 18.841782 )

d_7_3=2.217286482302 s=[ 0 0 0 0 - - 0 1 1 0 0 1 > > 1 1 > < ] xyz0=( 14.981452, 29.391707, 18.841762 )

d_7_3=2.217486682503 s=[ 0 0 0 0 - - 0 1 1 0 0 1 > > 1 1 > > ] xyz0=( 14.981649, 29.391009, 18.841743 )

d_7_3=2.217686882703 s=[ 0 0 0 0 - - 0 1 1 0 0 1 > > 1 1 > > ] xyz0=( 14.981846, 29.390313, 18.841723 )

d_7_3=2.217887082903 s=[ 0 0 0 0 - - 0 1 1 0 0 1 > > 1 1 > < ] xyz0=( 14.982043, 29.389617, 18.841704 )

d_7_3=2.218087283103 s=[ 0 0 0 0 - - 0 1 1 0 0 1 > > 1 1 > < ] xyz0=( 14.982241, 29.388923, 18.841684 )

d_7_3=2.218287483303 s=[ 0 0 0 0 - - 0 1 1 0 0 1 > > 1 1 > > ] xyz0=( 14.982439, 29.388229, 18.841665 )

d_7_3=2.218487683504 s=[ 0 0 0 0 - - 0 1 1 0 0 1 > > 1 1 > > ] xyz0=( 14.982636, 29.387536, 18.841646 )

d_7_3=2.218687883704 s=[ 0 0 0 0 - - 0 1 1 0 0 1 > > 1 1 > < ] xyz0=( 14.982834, 29.386844, 18.841627 )

d_7_3=2.218888083904 s=[ 0 0 0 0 - - 0 1 1 0 0 1 > > 1 1 > > ] xyz0=( 14.983032, 29.386153, 18.841607 )

d_7_3=2.219088284104 s=[ 0 0 0 0 - - 0 1 1 0 0 1 > > 1 1 > < ] xyz0=( 14.983230, 29.385462, 18.841589 )

d_7_3=2.219288484304 s=[ 0 0 0 0 - - 0 1 1 0 0 1 > > 1 1 > < ] xyz0=( 14.983429, 29.384773, 18.841570 )

d_7_3=2.219488684505 s=[ 0 0 0 0 - - 0 1 1 0 0 1 > > 1 1 > > ] xyz0=( 14.983627, 29.384084, 18.841551 )

d_7_3=2.219688884705 s=[ 0 0 0 0 - - 0 1 1 0 0 1 > > 1 1 > < ] xyz0=( 14.983826, 29.383396, 18.841532 )

d_7_3=2.219889084905 s=[ 0 0 0 0 - - 0 1 1 0 0 1 > > 1 1 > > ] xyz0=( 14.984025, 29.382709, 18.841514 )

d_7_3=2.220089285105 s=[ 0 0 0 0 - - 0 1 1 0 0 1 > > 1 1 > > ] xyz0=( 14.984223, 29.382023, 18.841495 )

d_7_3=2.220289485305 s=[ 0 0 0 0 - - 0 1 1 0 0 1 > > 1 1 > < ] xyz0=( 14.984422, 29.381338, 18.841477 )

d_7_3=2.220489685506 s=[ 0 0 0 0 - - 0 1 1 0 0 1 > > 1 1 > > ] xyz0=( 14.984622, 29.380653, 18.841458 )

d_7_3=2.220689885706 s=[ 0 0 0 0 - - 0 1 1 0 0 1 > > 1 1 > < ] xyz0=( 14.984821, 29.379970, 18.841440 )

d_7_3=2.220890085906 s=[ 0 0 0 0 - - 0 1 1 0 0 1 > > 1 1 > > ] xyz0=( 14.985020, 29.379287, 18.841422 )

d_7_3=2.221090286106 s=[ 0 0 0 0 - - 0 1 1 0 0 1 > > 1 1 > < ] xyz0=( 14.985220, 29.378605, 18.841404 )

d_7_3=2.221290486306 s=[ 0 0 0 0 - - 0 1 1 0 0 1 > > 1 1 > > ] xyz0=( 14.985420, 29.377923, 18.841386 )

d_7_3=2.221490686507 s=[ 0 0 0 0 - - 0 1 1 0 0 1 > > 1 1 > > ] xyz0=( 14.985619, 29.377243, 18.841368 )

d_7_3=2.221690886707 s=[ 0 0 0 0 - - 0 1 1 0 0 1 > > 1 1 > > ] xyz0=( 14.985819, 29.376563, 18.841350 )

d_7_3=2.221891086907 s=[ 0 0 0 0 - - 0 1 1 0 0 1 > > 1 1 > > ] xyz0=( 14.986019, 29.375885, 18.841333 )

d_7_3=2.222091287107 s=[ 0 0 0 0 - - 0 1 1 0 0 1 > > 1 1 > < ] xyz0=( 14.986220, 29.375207, 18.841315 )

d_7_3=2.222291487307 s=[ 0 0 0 0 - - 0 1 1 0 0 1 > > 1 1 > > ] xyz0=( 14.986420, 29.374529, 18.841297 )

d_7_3=2.222491687508 s=[ 0 0 0 0 - - 0 1 1 0 0 1 > > 1 1 > < ] xyz0=( 14.986621, 29.373853, 18.841280 )

d_7_3=2.136005201021 s=[ 0 0 0 1 + + 0 1 1 0 0 1 > > 1 1 > < ] xyz0=( 15.105989, 30.450069, 18.944246 )

d_7_3=2.136005201021 s=[ 0 0 0 1 + - 0 1 1 0 0 1 > > 1 1 > < ] xyz0=( 15.088932, 30.418916, 18.938933 )

d_7_3=2.136205401221 s=[ 0 0 0 1 + + 0 1 1 0 0 1 > > 1 1 > < ] xyz0=( 15.113434, 30.463086, 18.946520 )

d_7_3=2.136205401221 s=[ 0 0 0 1 + - 0 1 1 0 0 1 > > 1 1 > < ] xyz0=( 15.081971, 30.405623, 18.936721 )

d_7_3=2.136405601421 s=[ 0 0 0 1 + + 0 1 1 0 0 1 > > 1 1 > < ] xyz0=( 15.118492, 30.471744, 18.948051 )

d_7_3=2.136405601421 s=[ 0 0 0 1 + - 0 1 1 0 0 1 > > 1 1 > < ] xyz0=( 15.077397, 30.396690, 18.935251 )

d_7_3=2.136605801622 s=[ 0 0 0 1 + + 0 1 1 0 0 1 > > 1 1 > < ] xyz0=( 15.122618, 30.478700, 18.949292 )

d_7_3=2.136806001822 s=[ 0 0 0 1 + + 0 1 1 0 0 1 > > 1 1 > < ] xyz0=( 15.126205, 30.484673, 18.950365 )

d_7_3=2.137006202022 s=[ 0 0 0 1 + + 0 1 1 0 0 1 > > 1 1 > < ] xyz0=( 15.129431, 30.489985, 18.951325 )

d_7_3=2.137206402222 s=[ 0 0 0 1 + + 0 1 1 0 0 1 > > 1 1 > < ] xyz0=( 15.132392, 30.494812, 18.952203 )

d_7_3=2.137406602422 s=[ 0 0 0 1 + + 0 1 1 0 0 1 > > 1 1 > < ] xyz0=( 15.135147, 30.499265, 18.953017 )

d_7_3=2.137606802623 s=[ 0 0 0 1 + + 0 1 1 0 0 1 > > 1 1 > < ] xyz0=( 15.137738, 30.503417, 18.953780 )

d_7_3=2.137807002823 s=[ 0 0 0 1 + + 0 1 1 0 0 1 > > 1 1 > < ] xyz0=( 15.140193, 30.507321, 18.954500 )

d_7_3=2.138007203023 s=[ 0 0 0 1 + + 0 1 1 0 0 1 > > 1 1 > < ] xyz0=( 15.142534, 30.511014, 18.955184 )

d_7_3=2.138207403223 s=[ 0 0 0 1 + + 0 1 1 0 0 1 > > 1 1 > < ] xyz0=( 15.144775, 30.514528, 18.955838 )

d_7_3=2.138407603423 s=[ 0 0 0 1 + + 0 1 1 0 0 1 > > 1 1 > < ] xyz0=( 15.146930, 30.517885, 18.956465 )

d_7_3=2.138607803624 s=[ 0 0 0 1 + + 0 1 1 0 0 1 > > 1 1 > < ] xyz0=( 15.149010, 30.521103, 18.957068 )

d_7_3=2.138808003824 s=[ 0 0 0 1 + + 0 1 1 0 0 1 > > 1 1 > < ] xyz0=( 15.151023, 30.524198, 18.957650 )

d_7_3=2.139008204024 s=[ 0 0 0 1 + + 0 1 1 0 0 1 > > 1 1 > < ] xyz0=( 15.152974, 30.527182, 18.958214 )

d_7_3=2.139208404224 s=[ 0 0 0 1 + + 0 1 1 0 0 1 > > 1 1 > < ] xyz0=( 15.154871, 30.530067, 18.958760 )

d_7_3=2.139408604424 s=[ 0 0 0 1 + + 0 1 1 0 0 1 > > 1 1 > < ] xyz0=( 15.156719, 30.532860, 18.959291 )

d_7_3=2.139608804625 s=[ 0 0 0 1 + + 0 1 1 0 0 1 > > 1 1 > < ] xyz0=( 15.158521, 30.535570, 18.959808 )

d_7_3=2.139809004825 s=[ 0 0 0 1 + + 0 1 1 0 0 1 > > 1 1 > < ] xyz0=( 15.160280, 30.538204, 18.960311 )

d_7_3=2.140009205025 s=[ 0 0 0 1 + + 0 1 1 0 0 1 > > 1 1 > < ] xyz0=( 15.162002, 30.540767, 18.960803 )

d_7_3=2.140209405225 s=[ 0 0 0 1 + + 0 1 1 0 0 1 > > 1 1 > < ] xyz0=( 15.163687, 30.543264, 18.961283 )

d_7_3=2.140409605425 s=[ 0 0 0 1 + + 0 1 1 0 0 1 > > 1 1 > < ] xyz0=( 15.165339, 30.545700, 18.961753 )

d_7_3=2.140609805626 s=[ 0 0 0 1 + + 0 1 1 0 0 1 > > 1 1 > < ] xyz0=( 15.166959, 30.548079, 18.962214 )

d_7_3=2.140810005826 s=[ 0 0 0 1 + + 0 1 1 0 0 1 > > 1 1 > < ] xyz0=( 15.168551, 30.550405, 18.962665 )

d_7_3=2.141010206026 s=[ 0 0 0 1 + + 0 1 1 0 0 1 > > 1 1 > < ] xyz0=( 15.170115, 30.552680, 18.963107 )

d_7_3=2.141210406226 s=[ 0 0 0 1 + + 0 1 1 0 0 1 > > 1 1 > < ] xyz0=( 15.171653, 30.554909, 18.963542 )

d_7_3=2.141410606426 s=[ 0 0 0 1 + + 0 1 1 0 0 1 > > 1 1 > < ] xyz0=( 15.173167, 30.557092, 18.963969 )

d_7_3=2.151220416236 s=[ 0 0 0 1 + + 1 0 0 1 1 0 < > 0 0 < < ] xyz0=( 17.557557, 30.249509, 19.349244 )

d_7_3=2.151420616436 s=[ 0 0 0 1 + + 1 0 0 1 1 0 < > 0 0 < < ] xyz0=( 17.558141, 30.248018, 19.349230 )

d_7_3=2.151620816637 s=[ 0 0 0 1 + + 1 0 0 1 1 0 < > 0 0 < > ] xyz0=( 17.558721, 30.246536, 19.349216 )

d_7_3=2.151821016837 s=[ 0 0 0 1 + + 1 0 0 1 1 0 < > 0 0 < > ] xyz0=( 17.559295, 30.245062, 19.349201 )

d_7_3=2.152021217037 s=[ 0 0 0 1 + + 1 0 0 1 1 0 < > 0 0 < > ] xyz0=( 17.559864, 30.243597, 19.349187 )

d_7_3=2.152221417237 s=[ 0 0 0 1 + + 1 0 0 1 1 0 < > 0 0 < > ] xyz0=( 17.560428, 30.242140, 19.349172 )

d_7_3=2.152421617437 s=[ 0 0 0 1 + + 1 0 0 1 1 0 < > 0 0 < < ] xyz0=( 17.560987, 30.240691, 19.349156 )

d_7_3=2.152621817638 s=[ 0 0 0 1 + + 1 0 0 1 1 0 < > 0 0 < > ] xyz0=( 17.561541, 30.239250, 19.349141 )

d_7_3=2.152822017838 s=[ 0 0 0 1 + + 1 0 0 1 1 0 < > 0 0 < < ] xyz0=( 17.562090, 30.237818, 19.349125 )

d_7_3=2.153022218038 s=[ 0 0 0 1 + + 1 0 0 1 1 0 < > 0 0 < < ] xyz0=( 17.562634, 30.236392, 19.349109 )

d_7_3=2.153222418238 s=[ 0 0 0 1 + + 1 0 0 1 1 0 < > 0 0 < < ] xyz0=( 17.563174, 30.234975, 19.349093 )

d_7_3=2.153422618438 s=[ 0 0 0 1 + + 1 0 0 1 1 0 < > 0 0 < < ] xyz0=( 17.563709, 30.233564, 19.349077 )

d_7_3=2.153622818639 s=[ 0 0 0 1 + + 1 0 0 1 1 0 < > 0 0 < > ] xyz0=( 17.564240, 30.232161, 19.349060 )

d_7_3=2.153823018839 s=[ 0 0 0 1 + + 1 0 0 1 1 0 < > 0 0 < > ] xyz0=( 17.564767, 30.230766, 19.349044 )

d_7_3=2.154023219039 s=[ 0 0 0 1 + + 1 0 0 1 1 0 < > 0 0 < < ] xyz0=( 17.565289, 30.229377, 19.349027 )

d_7_3=2.154223419239 s=[ 0 0 0 1 + + 1 0 0 1 1 0 < > 0 0 < < ] xyz0=( 17.565806, 30.227995, 19.349010 )

d_7_3=2.154423619439 s=[ 0 0 0 1 + + 1 0 0 1 1 0 < > 0 0 < > ] xyz0=( 17.566320, 30.226620, 19.348992 )

d_7_3=2.154623819640 s=[ 0 0 0 1 + + 1 0 0 1 1 0 < > 0 0 < > ] xyz0=( 17.566829, 30.225252, 19.348975 )

d_7_3=2.154824019840 s=[ 0 0 0 1 + + 1 0 0 1 1 0 < > 0 0 < > ] xyz0=( 17.567335, 30.223891, 19.348957 )

d_7_3=2.155024220040 s=[ 0 0 0 1 + + 1 0 0 1 1 0 < > 0 0 < > ] xyz0=( 17.567836, 30.222536, 19.348939 )

d_7_3=2.155224420240 s=[ 0 0 0 1 + + 1 0 0 1 1 0 < > 0 0 < < ] xyz0=( 17.568333, 30.221187, 19.348921 )

d_7_3=2.155424620440 s=[ 0 0 0 1 + + 1 0 0 1 1 0 < > 0 0 < > ] xyz0=( 17.568827, 30.219845, 19.348903 )

d_7_3=2.155624820641 s=[ 0 0 0 1 + + 1 0 0 1 1 0 < > 0 0 < < ] xyz0=( 17.569317, 30.218509, 19.348884 )

d_7_3=2.155825020841 s=[ 0 0 0 1 + + 1 0 0 1 1 0 < > 0 0 < > ] xyz0=( 17.569802, 30.217179, 19.348866 )

d_7_3=2.156025221041 s=[ 0 0 0 1 + + 1 0 0 1 1 0 < > 0 0 < < ] xyz0=( 17.570285, 30.215855, 19.348847 )

d_7_3=2.156225421241 s=[ 0 0 0 1 + + 1 0 0 1 1 0 < > 0 0 < < ] xyz0=( 17.570763, 30.214537, 19.348828 )

d_7_3=2.156425621441 s=[ 0 0 0 1 + + 1 0 0 1 1 0 < > 0 0 < < ] xyz0=( 17.571238, 30.213225, 19.348809 )

d_7_3=2.156625821642 s=[ 0 0 0 1 + + 1 0 0 1 1 0 < > 0 0 < < ] xyz0=( 17.571710, 30.211918, 19.348789 )

d_7_3=2.156826021842 s=[ 0 0 0 1 + + 1 0 0 1 1 0 < > 0 0 < < ] xyz0=( 17.572177, 30.210618, 19.348770 )

d_7_3=2.157026222042 s=[ 0 0 0 1 + + 1 0 0 1 1 0 < > 0 0 < > ] xyz0=( 17.572642, 30.209323, 19.348750 )

d_7_3=2.157226422242 s=[ 0 0 0 1 + + 1 0 0 1 1 0 < > 0 0 < < ] xyz0=( 17.573103, 30.208033, 19.348731 )

d_7_3=2.157426622442 s=[ 0 0 0 1 + + 1 0 0 1 1 0 < > 0 0 < > ] xyz0=( 17.573561, 30.206749, 19.348711 )

d_7_3=2.157626822643 s=[ 0 0 0 1 + + 1 0 0 1 1 0 < > 0 0 < < ] xyz0=( 17.574015, 30.205470, 19.348691 )

d_7_3=2.157827022843 s=[ 0 0 0 1 + + 1 0 0 1 1 0 < > 0 0 < > ] xyz0=( 17.574466, 30.204197, 19.348670 )

d_7_3=2.158027223043 s=[ 0 0 0 1 + + 1 0 0 1 1 0 < > 0 0 < > ] xyz0=( 17.574914, 30.202929, 19.348650 )

d_7_3=2.158227423243 s=[ 0 0 0 1 + + 1 0 0 1 1 0 < > 0 0 < < ] xyz0=( 17.575359, 30.201665, 19.348629 )

d_7_3=2.158427623443 s=[ 0 0 0 1 + + 1 0 0 1 1 0 < > 0 0 < < ] xyz0=( 17.575800, 30.200408, 19.348609 )

d_7_3=2.158627823644 s=[ 0 0 0 1 + + 1 0 0 1 1 0 < > 0 0 < < ] xyz0=( 17.576239, 30.199155, 19.348588 )

d_7_3=2.158828023844 s=[ 0 0 0 1 + + 1 0 0 1 1 0 < > 0 0 < > ] xyz0=( 17.576674, 30.197907, 19.348567 )

d_7_3=2.159028224044 s=[ 0 0 0 1 + + 1 0 0 1 1 0 < > 0 0 < > ] xyz0=( 17.577107, 30.196663, 19.348546 )

d_7_3=2.159228424244 s=[ 0 0 0 1 + + 1 0 0 1 1 0 < > 0 0 < < ] xyz0=( 17.577536, 30.195425, 19.348524 )

d_7_3=2.159428624444 s=[ 0 0 0 1 + + 1 0 0 1 1 0 < > 0 0 < > ] xyz0=( 17.577963, 30.194192, 19.348503 )

d_7_3=2.159628824645 s=[ 0 0 0 1 + + 1 0 0 1 1 0 < > 0 0 < < ] xyz0=( 17.578386, 30.192963, 19.348481 )

d_7_3=2.159829024845 s=[ 0 0 0 1 + + 1 0 0 1 1 0 < > 0 0 < > ] xyz0=( 17.578807, 30.191739, 19.348460 )

d_7_3=2.160029225045 s=[ 0 0 0 1 + + 1 0 0 1 1 0 < > 0 0 < < ] xyz0=( 17.579225, 30.190519, 19.348438 )

d_7_3=2.160229425245 s=[ 0 0 0 1 + + 1 0 0 1 1 0 < > 0 0 < < ] xyz0=( 17.579640, 30.189304, 19.348416 )

d_7_3=2.160429625445 s=[ 0 0 0 1 + + 1 0 0 1 1 0 < > 0 0 < > ] xyz0=( 17.580053, 30.188093, 19.348394 )

d_7_3=2.160629825646 s=[ 0 0 0 1 + + 1 0 0 1 1 0 < > 0 0 < > ] xyz0=( 17.580462, 30.186887, 19.348372 )

d_7_3=2.160830025846 s=[ 0 0 0 1 + + 1 0 0 1 1 0 < > 0 0 < > ] xyz0=( 17.580869, 30.185685, 19.348349 )

d_7_3=2.161030226046 s=[ 0 0 0 1 + + 1 0 0 1 1 0 < > 0 0 < < ] xyz0=( 17.581274, 30.184488, 19.348327 )

d_7_3=2.161230426246 s=[ 0 0 0 1 + + 1 0 0 1 1 0 < > 0 0 < < ] xyz0=( 17.581675, 30.183295, 19.348304 )

d_7_3=2.161430626446 s=[ 0 0 0 1 + + 1 0 0 1 1 0 < > 0 0 < < ] xyz0=( 17.582074, 30.182106, 19.348281 )

d_7_3=2.161630826647 s=[ 0 0 0 1 + + 1 0 0 1 1 0 < > 0 0 < > ] xyz0=( 17.582471, 30.180921, 19.348259 )

d_7_3=2.161831026847 s=[ 0 0 0 1 + + 1 0 0 1 1 0 < > 0 0 < < ] xyz0=( 17.582865, 30.179740, 19.348236 )

d_7_3=2.162031227047 s=[ 0 0 0 1 + + 1 0 0 1 1 0 < > 0 0 < > ] xyz0=( 17.583256, 30.178564, 19.348213 )

d_7_3=2.162231427247 s=[ 0 0 0 1 + + 1 0 0 1 1 0 < > 0 0 < < ] xyz0=( 17.583645, 30.177391, 19.348189 )

d_7_3=2.162431627447 s=[ 0 0 0 1 + + 1 0 0 1 1 0 < > 0 0 < > ] xyz0=( 17.584032, 30.176222, 19.348166 )

d_7_3=2.162631827648 s=[ 0 0 0 1 + + 1 0 0 1 1 0 < > 0 0 < > ] xyz0=( 17.584416, 30.175058, 19.348143 )

d_7_3=2.162832027848 s=[ 0 0 0 1 + + 1 0 0 1 1 0 < > 0 0 < < ] xyz0=( 17.584797, 30.173897, 19.348119 )

d_7_3=2.163032228048 s=[ 0 0 0 1 + + 1 0 0 1 1 0 < > 0 0 < < ] xyz0=( 17.585177, 30.172740, 19.348095 )

d_7_3=2.163232428248 s=[ 0 0 0 1 + + 1 0 0 1 1 0 < > 0 0 < < ] xyz0=( 17.585554, 30.171586, 19.348072 )

d_7_3=2.163432628448 s=[ 0 0 0 1 + + 1 0 0 1 1 0 < > 0 0 < > ] xyz0=( 17.585928, 30.170437, 19.348048 )

d_7_3=2.163632828649 s=[ 0 0 0 1 + + 1 0 0 1 1 0 < > 0 0 < < ] xyz0=( 17.586301, 30.169291, 19.348024 )

d_7_3=2.163833028849 s=[ 0 0 0 1 + + 1 0 0 1 1 0 < > 0 0 < < ] xyz0=( 17.586671, 30.168149, 19.348000 )

d_7_3=2.164033229049 s=[ 0 0 0 1 + + 1 0 0 1 1 0 < > 0 0 < < ] xyz0=( 17.587039, 30.167011, 19.347976 )

d_7_3=2.164233429249 s=[ 0 0 0 1 + + 1 0 0 1 1 0 < > 0 0 < > ] xyz0=( 17.587404, 30.165876, 19.347951 )

d_7_3=2.164433629449 s=[ 0 0 0 1 + + 1 0 0 1 1 0 < > 0 0 < > ] xyz0=( 17.587767, 30.164745, 19.347927 )

d_7_3=2.164633829650 s=[ 0 0 0 1 + + 1 0 0 1 1 0 < > 0 0 < < ] xyz0=( 17.588129, 30.163617, 19.347902 )

d_7_3=2.164834029850 s=[ 0 0 0 1 + + 1 0 0 1 1 0 < > 0 0 < > ] xyz0=( 17.588488, 30.162493, 19.347878 )

d_7_3=2.165034230050 s=[ 0 0 0 1 + + 1 0 0 1 1 0 < > 0 0 < < ] xyz0=( 17.588845, 30.161372, 19.347853 )

d_7_3=2.165234430250 s=[ 0 0 0 1 + + 1 0 0 1 1 0 < > 0 0 < > ] xyz0=( 17.589199, 30.160255, 19.347828 )

d_7_3=2.165434630450 s=[ 0 0 0 1 + + 1 0 0 1 1 0 < > 0 0 < < ] xyz0=( 17.589552, 30.159141, 19.347803 )

d_7_3=2.165634830651 s=[ 0 0 0 1 + + 1 0 0 1 1 0 < > 0 0 < < ] xyz0=( 17.589903, 30.158030, 19.347778 )

d_7_3=2.165835030851 s=[ 0 0 0 1 + + 1 0 0 1 1 0 < > 0 0 < > ] xyz0=( 17.590251, 30.156923, 19.347753 )

d_7_3=2.166035231051 s=[ 0 0 0 1 + + 1 0 0 1 1 0 < > 0 0 < > ] xyz0=( 17.590598, 30.155819, 19.347728 )

d_7_3=2.166235431251 s=[ 0 0 0 1 + + 1 0 0 1 1 0 < > 0 0 < > ] xyz0=( 17.590942, 30.154718, 19.347703 )

d_7_3=2.166435631451 s=[ 0 0 0 1 + + 1 0 0 1 1 0 < > 0 0 < < ] xyz0=( 17.591285, 30.153621, 19.347677 )

d_7_3=2.166635831652 s=[ 0 0 0 1 + + 1 0 0 1 1 0 < > 0 0 < < ] xyz0=( 17.591625, 30.152526, 19.347652 )

d_7_3=2.166836031852 s=[ 0 0 0 1 + + 1 0 0 1 1 0 < > 0 0 < < ] xyz0=( 17.591964, 30.151435, 19.347626 )

d_7_3=2.167036232052 s=[ 0 0 0 1 + + 1 0 0 1 1 0 < > 0 0 < > ] xyz0=( 17.592300, 30.150347, 19.347600 )

d_7_3=2.167236432252 s=[ 0 0 0 1 + + 1 0 0 1 1 0 < > 0 0 < > ] xyz0=( 17.592635, 30.149262, 19.347575 )

d_7_3=2.167436632452 s=[ 0 0 0 1 + + 1 0 0 1 1 0 < > 0 0 < > ] xyz0=( 17.592968, 30.148180, 19.347549 )

d_7_3=2.167636832653 s=[ 0 0 0 1 + + 1 0 0 1 1 0 < > 0 0 < < ] xyz0=( 17.593299, 30.147101, 19.347523 )

d_7_3=2.167837032853 s=[ 0 0 0 1 + + 1 0 0 1 1 0 < > 0 0 < > ] xyz0=( 17.593628, 30.146025, 19.347497 )

d_7_3=2.168037233053 s=[ 0 0 0 1 + + 1 0 0 1 1 0 < > 0 0 < > ] xyz0=( 17.593955, 30.144952, 19.347471 )

d_7_3=2.168237433253 s=[ 0 0 0 1 + + 1 0 0 1 1 0 < > 0 0 < < ] xyz0=( 17.594281, 30.143883, 19.347444 )

d_7_3=2.168437633453 s=[ 0 0 0 1 + + 1 0 0 1 1 0 < > 0 0 < > ] xyz0=( 17.594604, 30.142816, 19.347418 )

d_7_3=2.168637833654 s=[ 0 0 0 1 + + 1 0 0 1 1 0 < > 0 0 < < ] xyz0=( 17.594926, 30.141751, 19.347392 )

d_7_3=2.168838033854 s=[ 0 0 0 1 + + 1 0 0 1 1 0 < > 0 0 < > ] xyz0=( 17.595246, 30.140690, 19.347365 )

d_7_3=2.169038234054 s=[ 0 0 0 1 + + 1 0 0 1 1 0 < > 0 0 < > ] xyz0=( 17.595564, 30.139632, 19.347339 )

d_7_3=2.169238434254 s=[ 0 0 0 1 + + 1 0 0 1 1 0 < > 0 0 < < ] xyz0=( 17.595881, 30.138576, 19.347312 )

d_7_3=2.169438634454 s=[ 0 0 0 1 + + 1 0 0 1 1 0 < > 0 0 < > ] xyz0=( 17.596195, 30.137523, 19.347285 )

d_7_3=2.169638834655 s=[ 0 0 0 1 + + 1 0 0 1 1 0 < > 0 0 < > ] xyz0=( 17.596508, 30.136473, 19.347258 )

d_7_3=2.169839034855 s=[ 0 0 0 1 + + 1 0 0 1 1 0 < > 0 0 < > ] xyz0=( 17.596820, 30.135426, 19.347232 )

d_7_3=2.170039235055 s=[ 0 0 0 1 + + 1 0 0 1 1 0 < > 0 0 < < ] xyz0=( 17.597129, 30.134382, 19.347205 )

d_7_3=2.170239435255 s=[ 0 0 0 1 + + 1 0 0 1 1 0 < > 0 0 < < ] xyz0=( 17.597437, 30.133340, 19.347178 )

d_7_3=2.170439635455 s=[ 0 0 0 1 + + 1 0 0 1 1 0 < > 0 0 < < ] xyz0=( 17.597744, 30.132301, 19.347150 )

d_7_3=2.170639835656 s=[ 0 0 0 1 + + 1 0 0 1 1 0 < > 0 0 < < ] xyz0=( 17.598048, 30.131264, 19.347123 )

d_7_3=2.170840035856 s=[ 0 0 0 1 + + 1 0 0 1 1 0 < > 0 0 < > ] xyz0=( 17.598351, 30.130230, 19.347096 )

d_7_3=2.171040236056 s=[ 0 0 0 1 + + 1 0 0 1 1 0 < > 0 0 < > ] xyz0=( 17.598653, 30.129199, 19.347069 )

d_7_3=2.171240436256 s=[ 0 0 0 1 + + 1 0 0 1 1 0 < > 0 0 < > ] xyz0=( 17.598952, 30.128170, 19.347041 )

d_7_3=2.171440636456 s=[ 0 0 0 1 + + 1 0 0 1 1 0 < > 0 0 < > ] xyz0=( 17.599250, 30.127144, 19.347014 )

d_7_3=2.171640836657 s=[ 0 0 0 1 + + 1 0 0 1 1 0 < > 0 0 < < ] xyz0=( 17.599547, 30.126121, 19.346986 )

d_7_3=2.171841036857 s=[ 0 0 0 1 + + 1 0 0 1 1 0 < > 0 0 < > ] xyz0=( 17.599842, 30.125100, 19.346958 )

d_7_3=2.172041237057 s=[ 0 0 0 1 + + 1 0 0 1 1 0 < > 0 0 < > ] xyz0=( 17.600136, 30.124081, 19.346930 )

d_7_3=2.172241437257 s=[ 0 0 0 1 + + 1 0 0 1 1 0 < > 0 0 < < ] xyz0=( 17.600427, 30.123065, 19.346903 )

d_7_3=2.172441637457 s=[ 0 0 0 1 + + 1 0 0 1 1 0 < > 0 0 < > ] xyz0=( 17.600718, 30.122051, 19.346875 )

d_7_3=2.172641837658 s=[ 0 0 0 1 + + 1 0 0 1 1 0 < > 0 0 < < ] xyz0=( 17.601007, 30.121040, 19.346847 )

d_7_3=2.172842037858 s=[ 0 0 0 1 + + 1 0 0 1 1 0 < > 0 0 < > ] xyz0=( 17.601294, 30.120031, 19.346819 )

d_7_3=2.173042238058 s=[ 0 0 0 1 + + 1 0 0 1 1 0 < > 0 0 < < ] xyz0=( 17.601580, 30.119025, 19.346791 )

d_7_3=2.173242438258 s=[ 0 0 0 1 + + 1 0 0 1 1 0 < > 0 0 < > ] xyz0=( 17.601864, 30.118021, 19.346762 )

d_7_3=2.173442638458 s=[ 0 0 0 1 + + 1 0 0 1 1 0 < > 0 0 < > ] xyz0=( 17.602147, 30.117020, 19.346734 )

d_7_3=2.173642838659 s=[ 0 0 0 1 + + 1 0 0 1 1 0 < > 0 0 < < ] xyz0=( 17.602429, 30.116020, 19.346706 )

d_7_3=2.173843038859 s=[ 0 0 0 1 + + 1 0 0 1 1 0 < > 0 0 < < ] xyz0=( 17.602709, 30.115023, 19.346677 )

d_7_3=2.174043239059 s=[ 0 0 0 1 + + 1 0 0 1 1 0 < > 0 0 < > ] xyz0=( 17.602987, 30.114029, 19.346649 )

d_7_3=2.174243439259 s=[ 0 0 0 1 + + 1 0 0 1 1 0 < > 0 0 < > ] xyz0=( 17.603264, 30.113036, 19.346620 )

d_7_3=2.174443639459 s=[ 0 0 0 1 + + 1 0 0 1 1 0 < > 0 0 < < ] xyz0=( 17.603540, 30.112046, 19.346592 )

d_7_3=2.174643839660 s=[ 0 0 0 1 + + 1 0 0 1 1 0 < > 0 0 < < ] xyz0=( 17.603815, 30.111058, 19.346563 )

d_7_3=2.174844039860 s=[ 0 0 0 1 + + 1 0 0 1 1 0 < > 0 0 < < ] xyz0=( 17.604087, 30.110073, 19.346534 )

d_7_3=2.175044240060 s=[ 0 0 0 1 + + 1 0 0 1 1 0 < > 0 0 < < ] xyz0=( 17.604359, 30.109089, 19.346505 )

d_7_3=2.175244440260 s=[ 0 0 0 1 + + 1 0 0 1 1 0 < > 0 0 < < ] xyz0=( 17.604629, 30.108108, 19.346477 )

d_7_3=2.175444640460 s=[ 0 0 0 1 + + 1 0 0 1 1 0 < > 0 0 < < ] xyz0=( 17.604898, 30.107129, 19.346448 )

d_7_3=2.175644840661 s=[ 0 0 0 1 + + 1 0 0 1 1 0 < > 0 0 < < ] xyz0=( 17.605165, 30.106152, 19.346419 )

d_7_3=2.175845040861 s=[ 0 0 0 1 + + 1 0 0 1 1 0 < > 0 0 < > ] xyz0=( 17.605432, 30.105178, 19.346390 )

d_7_3=2.176045241061 s=[ 0 0 0 1 + + 1 0 0 1 1 0 < > 0 0 < > ] xyz0=( 17.605696, 30.104205, 19.346360 )

d_7_3=2.176245441261 s=[ 0 0 0 1 + + 1 0 0 1 1 0 < > 0 0 < > ] xyz0=( 17.605960, 30.103235, 19.346331 )

d_7_3=2.176445641461 s=[ 0 0 0 1 + + 1 0 0 1 1 0 < > 0 0 < < ] xyz0=( 17.606222, 30.102266, 19.346302 )

d_7_3=2.176645841662 s=[ 0 0 0 1 + + 1 0 0 1 1 0 < > 0 0 < < ] xyz0=( 17.606483, 30.101300, 19.346273 )

d_7_3=2.176846041862 s=[ 0 0 0 1 + + 1 0 0 1 1 0 < > 0 0 < > ] xyz0=( 17.606742, 30.100336, 19.346243 )

d_7_3=2.177046242062 s=[ 0 0 0 1 + + 1 0 0 1 1 0 < > 0 0 < < ] xyz0=( 17.607001, 30.099374, 19.346214 )

d_7_3=2.177246442262 s=[ 0 0 0 1 + + 1 0 0 1 1 0 < > 0 0 < < ] xyz0=( 17.607258, 30.098414, 19.346184 )

d_7_3=2.177446642462 s=[ 0 0 0 1 + + 1 0 0 1 1 0 < > 0 0 < > ] xyz0=( 17.607513, 30.097456, 19.346155 )

d_7_3=2.177646842663 s=[ 0 0 0 1 + + 1 0 0 1 1 0 < > 0 0 < < ] xyz0=( 17.607768, 30.096500, 19.346125 )

d_7_3=2.177847042863 s=[ 0 0 0 1 + + 1 0 0 1 1 0 < > 0 0 < > ] xyz0=( 17.608021, 30.095546, 19.346095 )

d_7_3=2.178047243063 s=[ 0 0 0 1 + + 1 0 0 1 1 0 < > 0 0 < < ] xyz0=( 17.608273, 30.094594, 19.346065 )

d_7_3=2.178247443263 s=[ 0 0 0 1 + + 1 0 0 1 1 0 < > 0 0 < > ] xyz0=( 17.608524, 30.093644, 19.346036 )

d_7_3=2.178447643463 s=[ 0 0 0 1 + + 1 0 0 1 1 0 < > 0 0 < > ] xyz0=( 17.608773, 30.092696, 19.346006 )

d_7_3=2.178647843664 s=[ 0 0 0 1 + + 1 0 0 1 1 0 < > 0 0 < < ] xyz0=( 17.609021, 30.091750, 19.345976 )

d_7_3=2.178848043864 s=[ 0 0 0 1 + + 1 0 0 1 1 0 < > 0 0 < > ] xyz0=( 17.609269, 30.090805, 19.345946 )

d_7_3=2.179048244064 s=[ 0 0 0 1 + + 1 0 0 1 1 0 < > 0 0 < > ] xyz0=( 17.609514, 30.089863, 19.345916 )

d_7_3=2.179248444264 s=[ 0 0 0 1 + + 1 0 0 1 1 0 < > 0 0 < < ] xyz0=( 17.609759, 30.088923, 19.345886 )

d_7_3=2.179448644464 s=[ 0 0 0 1 + + 1 0 0 1 1 0 < > 0 0 < > ] xyz0=( 17.610003, 30.087984, 19.345855 )

d_7_3=2.179648844665 s=[ 0 0 0 1 + + 1 0 0 1 1 0 < > 0 0 < > ] xyz0=( 17.610245, 30.087048, 19.345825 )

d_7_3=2.179849044865 s=[ 0 0 0 1 + + 1 0 0 1 1 0 < > 0 0 < > ] xyz0=( 17.610486, 30.086113, 19.345795 )

d_7_3=2.180049245065 s=[ 0 0 0 1 + + 1 0 0 1 1 0 < > 0 0 < < ] xyz0=( 17.610726, 30.085180, 19.345764 )

d_7_3=2.180249445265 s=[ 0 0 0 1 + + 1 0 0 1 1 0 < > 0 0 < < ] xyz0=( 17.610965, 30.084249, 19.345734 )

d_7_3=2.180449645465 s=[ 0 0 0 1 + + 1 0 0 1 1 0 < > 0 0 < < ] xyz0=( 17.611203, 30.083320, 19.345704 )

d_7_3=2.180649845666 s=[ 0 0 0 1 + + 1 0 0 1 1 0 < > 0 0 < < ] xyz0=( 17.611439, 30.082392, 19.345673 )

d_7_3=2.180850045866 s=[ 0 0 0 1 + + 1 0 0 1 1 0 < > 0 0 < < ] xyz0=( 17.611675, 30.081467, 19.345642 )

d_7_3=2.181050246066 s=[ 0 0 0 1 + + 1 0 0 1 1 0 < > 0 0 < > ] xyz0=( 17.611909, 30.080543, 19.345612 )

d_7_3=2.181250446266 s=[ 0 0 0 1 + + 1 0 0 1 1 0 < > 0 0 < > ] xyz0=( 17.612142, 30.079621, 19.345581 )

d_7_3=2.181450646466 s=[ 0 0 0 1 + + 1 0 0 1 1 0 < > 0 0 < > ] xyz0=( 17.612374, 30.078701, 19.345550 )

d_7_3=2.181650846667 s=[ 0 0 0 1 + + 1 0 0 1 1 0 < > 0 0 < > ] xyz0=( 17.612605, 30.077782, 19.345520 )

d_7_3=2.181851046867 s=[ 0 0 0 1 + + 1 0 0 1 1 0 < > 0 0 < > ] xyz0=( 17.612835, 30.076865, 19.345489 )

d_7_3=2.182051247067 s=[ 0 0 0 1 + + 1 0 0 1 1 0 < > 0 0 < > ] xyz0=( 17.613064, 30.075950, 19.345458 )

d_7_3=2.182251447267 s=[ 0 0 0 1 + + 1 0 0 1 1 0 < > 0 0 < > ] xyz0=( 17.613292, 30.075037, 19.345427 )

d_7_3=2.182451647467 s=[ 0 0 0 1 + + 1 0 0 1 1 0 < > 0 0 < > ] xyz0=( 17.613518, 30.074125, 19.345396 )

d_7_3=2.182651847668 s=[ 0 0 0 1 + + 1 0 0 1 1 0 < > 0 0 < > ] xyz0=( 17.613744, 30.073215, 19.345365 )

d_7_3=2.182852047868 s=[ 0 0 0 1 + + 1 0 0 1 1 0 < > 0 0 < > ] xyz0=( 17.613968, 30.072307, 19.345334 )

d_7_3=2.183052248068 s=[ 0 0 0 1 + + 1 0 0 1 1 0 < > 0 0 < > ] xyz0=( 17.614192, 30.071401, 19.345302 )

d_7_3=2.183252448268 s=[ 0 0 0 1 + + 1 0 0 1 1 0 < > 0 0 < > ] xyz0=( 17.614414, 30.070496, 19.345271 )

d_7_3=2.183452648468 s=[ 0 0 0 1 + + 1 0 0 1 1 0 < > 0 0 < > ] xyz0=( 17.614635, 30.069593, 19.345240 )

d_7_3=2.183652848669 s=[ 0 0 0 1 + + 1 0 0 1 1 0 < > 0 0 < > ] xyz0=( 17.614856, 30.068691, 19.345209 )

d_7_3=2.183853048869 s=[ 0 0 0 1 + + 1 0 0 1 1 0 < > 0 0 < > ] xyz0=( 17.615075, 30.067791, 19.345177 )

d_7_3=2.184053249069 s=[ 0 0 0 1 + + 1 0 0 1 1 0 < > 0 0 < > ] xyz0=( 17.615293, 30.066893, 19.345146 )

d_7_3=2.184253449269 s=[ 0 0 0 1 + + 1 0 0 1 1 0 < > 0 0 < > ] xyz0=( 17.615511, 30.065996, 19.345114 )

d_7_3=2.184453649469 s=[ 0 0 0 1 + + 1 0 0 1 1 0 < > 0 0 < > ] xyz0=( 17.615727, 30.065101, 19.345083 )

d_7_3=2.184653849670 s=[ 0 0 0 1 + + 1 0 0 1 1 0 < > 0 0 < > ] xyz0=( 17.615942, 30.064208, 19.345051 )

d_7_3=2.184854049870 s=[ 0 0 0 1 + + 1 0 0 1 1 0 < > 0 0 < > ] xyz0=( 17.616156, 30.063316, 19.345020 )

d_7_3=2.185054250070 s=[ 0 0 0 1 + + 1 0 0 1 1 0 < > 0 0 < > ] xyz0=( 17.616370, 30.062426, 19.344988 )

d_7_3=2.185254450270 s=[ 0 0 0 1 + + 1 0 0 1 1 0 < > 0 0 < > ] xyz0=( 17.616582, 30.061537, 19.344956 )

d_7_3=2.185454650470 s=[ 0 0 0 1 + + 1 0 0 1 1 0 < > 0 0 < > ] xyz0=( 17.616793, 30.060650, 19.344924 )

d_7_3=2.185654850671 s=[ 0 0 0 1 + + 1 0 0 1 1 0 < > 0 0 < > ] xyz0=( 17.617003, 30.059764, 19.344893 )

d_7_3=2.185855050871 s=[ 0 0 0 1 + + 1 0 0 1 1 0 < > 0 0 < > ] xyz0=( 17.617213, 30.058880, 19.344861 )

d_7_3=2.186055251071 s=[ 0 0 0 1 + + 1 0 0 1 1 0 < > 0 0 < > ] xyz0=( 17.617421, 30.057997, 19.344829 )

d_7_3=2.186255451271 s=[ 0 0 0 1 + + 1 0 0 1 1 0 < > 0 0 < > ] xyz0=( 17.617629, 30.057116, 19.344797 )

d_7_3=2.186455651471 s=[ 0 0 0 1 + + 1 0 0 1 1 0 < > 0 0 < > ] xyz0=( 17.617835, 30.056237, 19.344765 )

d_7_3=2.186655851672 s=[ 0 0 0 1 + + 1 0 0 1 1 0 < > 0 0 < > ] xyz0=( 17.618040, 30.055359, 19.344733 )

d_7_3=2.186856051872 s=[ 0 0 0 1 + + 1 0 0 1 1 0 < > 0 0 < > ] xyz0=( 17.618245, 30.054482, 19.344701 )

d_7_3=2.187056252072 s=[ 0 0 0 1 + + 1 0 0 1 1 0 < > 0 0 < > ] xyz0=( 17.618449, 30.053607, 19.344668 )

d_7_3=2.187256452272 s=[ 0 0 0 1 + + 1 0 0 1 1 0 < > 0 0 < > ] xyz0=( 17.618651, 30.052734, 19.344636 )

d_7_3=2.187456652472 s=[ 0 0 0 1 + + 1 0 0 1 1 0 < > 0 0 < > ] xyz0=( 17.618853, 30.051862, 19.344604 )

d_7_3=2.187656852673 s=[ 0 0 0 1 + + 1 0 0 1 1 0 < > 0 0 < > ] xyz0=( 17.619054, 30.050991, 19.344572 )

d_7_3=2.187857052873 s=[ 0 0 0 1 + + 1 0 0 1 1 0 < > 0 0 < > ] xyz0=( 17.619254, 30.050122, 19.344539 )

d_7_3=2.188057253073 s=[ 0 0 0 1 + + 1 0 0 1 1 0 < > 0 0 < > ] xyz0=( 17.619453, 30.049254, 19.344507 )

d_7_3=2.188257453273 s=[ 0 0 0 1 + + 1 0 0 1 1 0 < > 0 0 < > ] xyz0=( 17.619651, 30.048388, 19.344475 )

d_7_3=2.188457653473 s=[ 0 0 0 1 + + 1 0 0 1 1 0 < > 0 0 < > ] xyz0=( 17.619848, 30.047523, 19.344442 )

d_7_3=2.188657853674 s=[ 0 0 0 1 + + 1 0 0 1 1 0 < > 0 0 < > ] xyz0=( 17.620044, 30.046660, 19.344410 )

d_7_3=2.188858053874 s=[ 0 0 0 1 + + 1 0 0 1 1 0 < > 0 0 < > ] xyz0=( 17.620240, 30.045798, 19.344377 )

d_7_3=2.189058254074 s=[ 0 0 0 1 + + 1 0 0 1 1 0 < > 0 0 < > ] xyz0=( 17.620434, 30.044937, 19.344344 )

d_7_3=2.189258454274 s=[ 0 0 0 1 + + 1 0 0 1 1 0 < > 0 0 < > ] xyz0=( 17.620628, 30.044078, 19.344312 )

d_7_3=2.189458654474 s=[ 0 0 0 1 + + 1 0 0 1 1 0 < > 0 0 < > ] xyz0=( 17.620821, 30.043220, 19.344279 )

d_7_3=2.189658854675 s=[ 0 0 0 1 + + 1 0 0 1 1 0 < > 0 0 < > ] xyz0=( 17.621013, 30.042364, 19.344246 )

d_7_3=2.189859054875 s=[ 0 0 0 1 + + 1 0 0 1 1 0 < > 0 0 < > ] xyz0=( 17.621204, 30.041509, 19.344213 )

d_7_3=2.190059255075 s=[ 0 0 0 1 + + 1 0 0 1 1 0 < > 0 0 < > ] xyz0=( 17.621394, 30.040655, 19.344181 )

d_7_3=2.190259455275 s=[ 0 0 0 1 + + 1 0 0 1 1 0 < > 0 0 < > ] xyz0=( 17.621583, 30.039803, 19.344148 )

d_7_3=2.190459655475 s=[ 0 0 0 1 + + 1 0 0 1 1 0 < > 0 0 < > ] xyz0=( 17.621772, 30.038952, 19.344115 )

d_7_3=2.190659855676 s=[ 0 0 0 1 + + 1 0 0 1 1 0 < > 0 0 < > ] xyz0=( 17.621959, 30.038102, 19.344082 )

d_7_3=2.190860055876 s=[ 0 0 0 1 + + 1 0 0 1 1 0 < > 0 0 < > ] xyz0=( 17.622146, 30.037254, 19.344049 )

d_7_3=2.191060256076 s=[ 0 0 0 1 + + 1 0 0 1 1 0 < > 0 0 < > ] xyz0=( 17.622332, 30.036407, 19.344016 )

d_7_3=2.191260456276 s=[ 0 0 0 1 + + 1 0 0 1 1 0 < > 0 0 < > ] xyz0=( 17.622517, 30.035561, 19.343983 )

d_7_3=2.191460656476 s=[ 0 0 0 1 + + 1 0 0 1 1 0 < > 0 0 < > ] xyz0=( 17.622701, 30.034717, 19.343950 )

d_7_3=2.191660856677 s=[ 0 0 0 1 + + 1 0 0 1 1 0 < > 0 0 < > ] xyz0=( 17.622884, 30.033874, 19.343916 )

d_7_3=2.191861056877 s=[ 0 0 0 1 + + 1 0 0 1 1 0 < > 0 0 < < ] xyz0=( 17.623067, 30.033032, 19.343883 )

d_7_3=2.192061257077 s=[ 0 0 0 1 + + 1 0 0 1 1 0 < > 0 0 < < ] xyz0=( 17.623249, 30.032192, 19.343850 )

d_7_3=2.192261457277 s=[ 0 0 0 1 + + 1 0 0 1 1 0 < > 0 0 < < ] xyz0=( 17.623430, 30.031353, 19.343817 )

d_7_3=2.192461657477 s=[ 0 0 0 1 + + 1 0 0 1 1 0 < > 0 0 < < ] xyz0=( 17.623610, 30.030515, 19.343783 )

d_7_3=2.192661857678 s=[ 0 0 0 1 + + 1 0 0 1 1 0 < > 0 0 < < ] xyz0=( 17.623789, 30.029678, 19.343750 )

d_7_3=2.192862057878 s=[ 0 0 0 1 + + 1 0 0 1 1 0 < > 0 0 < < ] xyz0=( 17.623968, 30.028843, 19.343716 )

d_7_3=2.193062258078 s=[ 0 0 0 1 + + 1 0 0 1 1 0 < > 0 0 < < ] xyz0=( 17.624145, 30.028009, 19.343683 )

d_7_3=2.193262458278 s=[ 0 0 0 1 + + 1 0 0 1 1 0 < > 0 0 < < ] xyz0=( 17.624322, 30.027176, 19.343650 )

d_7_3=2.193462658478 s=[ 0 0 0 1 + + 1 0 0 1 1 0 < > 0 0 < < ] xyz0=( 17.624499, 30.026344, 19.343616 )

d_7_3=2.193662858679 s=[ 0 0 0 1 + + 1 0 0 1 1 0 < > 0 0 < < ] xyz0=( 17.624674, 30.025514, 19.343582 )

d_7_3=2.193863058879 s=[ 0 0 0 1 + + 1 0 0 1 1 0 < > 0 0 < < ] xyz0=( 17.624848, 30.024685, 19.343549 )

d_7_3=2.194063259079 s=[ 0 0 0 1 + + 1 0 0 1 1 0 < > 0 0 < < ] xyz0=( 17.625022, 30.023857, 19.343515 )

d_7_3=2.194263459279 s=[ 0 0 0 1 + + 1 0 0 1 1 0 < > 0 0 < < ] xyz0=( 17.625195, 30.023031, 19.343481 )

d_7_3=2.194463659479 s=[ 0 0 0 1 + + 1 0 0 1 1 0 < > 0 0 < < ] xyz0=( 17.625367, 30.022205, 19.343448 )

d_7_3=2.194663859680 s=[ 0 0 0 1 + + 1 0 0 1 1 0 < > 0 0 < < ] xyz0=( 17.625539, 30.021381, 19.343414 )

d_7_3=2.194864059880 s=[ 0 0 0 1 + + 1 0 0 1 1 0 < > 0 0 < < ] xyz0=( 17.625710, 30.020558, 19.343380 )

d_7_3=2.195064260080 s=[ 0 0 0 1 + + 1 0 0 1 1 0 < > 0 0 < < ] xyz0=( 17.625880, 30.019736, 19.343346 )

d_7_3=2.195264460280 s=[ 0 0 0 1 + + 1 0 0 1 1 0 < > 0 0 < < ] xyz0=( 17.626049, 30.018916, 19.343312 )

d_7_3=2.195464660480 s=[ 0 0 0 1 + + 1 0 0 1 1 0 < > 0 0 < < ] xyz0=( 17.626217, 30.018096, 19.343278 )

d_7_3=2.195664860681 s=[ 0 0 0 1 + + 1 0 0 1 1 0 < > 0 0 < < ] xyz0=( 17.626385, 30.017278, 19.343244 )

d_7_3=2.195865060881 s=[ 0 0 0 1 + + 1 0 0 1 1 0 < > 0 0 < < ] xyz0=( 17.626552, 30.016461, 19.343210 )

d_7_3=2.196065261081 s=[ 0 0 0 1 + + 1 0 0 1 1 0 < > 0 0 < < ] xyz0=( 17.626718, 30.015645, 19.343176 )

d_7_3=2.196265461281 s=[ 0 0 0 1 + + 1 0 0 1 1 0 < > 0 0 < < ] xyz0=( 17.626883, 30.014830, 19.343142 )

d_7_3=2.196465661481 s=[ 0 0 0 1 + + 1 0 0 1 1 0 < > 0 0 < < ] xyz0=( 17.627048, 30.014017, 19.343108 )

d_7_3=2.196665861682 s=[ 0 0 0 1 + + 1 0 0 1 1 0 < > 0 0 < < ] xyz0=( 17.627212, 30.013204, 19.343074 )

d_7_3=2.196866061882 s=[ 0 0 0 1 + + 1 0 0 1 1 0 < > 0 0 < < ] xyz0=( 17.627375, 30.012393, 19.343040 )

d_7_3=2.197066262082 s=[ 0 0 0 1 + + 1 0 0 1 1 0 < > 0 0 < < ] xyz0=( 17.627538, 30.011583, 19.343006 )

d_7_3=2.197266462282 s=[ 0 0 0 1 + + 1 0 0 1 1 0 < > 0 0 < < ] xyz0=( 17.627700, 30.010774, 19.342971 )

d_7_3=2.197466662482 s=[ 0 0 0 1 + + 1 0 0 1 1 0 < > 0 0 < < ] xyz0=( 17.627861, 30.009966, 19.342937 )

d_7_3=2.197666862683 s=[ 0 0 0 1 + + 1 0 0 1 1 0 < > 0 0 < < ] xyz0=( 17.628021, 30.009159, 19.342903 )

d_7_3=2.197867062883 s=[ 0 0 0 1 + + 1 0 0 1 1 0 < > 0 0 < < ] xyz0=( 17.628181, 30.008354, 19.342868 )

d_7_3=2.198067263083 s=[ 0 0 0 1 + + 1 0 0 1 1 0 < > 0 0 < < ] xyz0=( 17.628340, 30.007549, 19.342834 )

d_7_3=2.198267463283 s=[ 0 0 0 1 + + 1 0 0 1 1 0 < > 0 0 < < ] xyz0=( 17.628498, 30.006746, 19.342799 )

d_7_3=2.198467663483 s=[ 0 0 0 1 + + 1 0 0 1 1 0 < > 0 0 < < ] xyz0=( 17.628655, 30.005943, 19.342765 )

d_7_3=2.198667863684 s=[ 0 0 0 1 + + 1 0 0 1 1 0 < > 0 0 < < ] xyz0=( 17.628812, 30.005142, 19.342730 )

d_7_3=2.198868063884 s=[ 0 0 0 1 + + 1 0 0 1 1 0 < > 0 0 < < ] xyz0=( 17.628968, 30.004342, 19.342696 )

d_7_3=2.199068264084 s=[ 0 0 0 1 + + 1 0 0 1 1 0 < > 0 0 < < ] xyz0=( 17.629124, 30.003543, 19.342661 )

d_7_3=2.199268464284 s=[ 0 0 0 1 + + 1 0 0 1 1 0 < > 0 0 < < ] xyz0=( 17.629279, 30.002745, 19.342627 )

d_7_3=2.199468664484 s=[ 0 0 0 1 + + 1 0 0 1 1 0 < > 0 0 < < ] xyz0=( 17.629433, 30.001948, 19.342592 )

d_7_3=2.199668864685 s=[ 0 0 0 1 + + 1 0 0 1 1 0 < > 0 0 < < ] xyz0=( 17.629586, 30.001152, 19.342557 )

d_7_3=2.199869064885 s=[ 0 0 0 1 + + 1 0 0 1 1 0 < > 0 0 < < ] xyz0=( 17.629739, 30.000358, 19.342522 )

d_7_3=2.200069265085 s=[ 0 0 0 1 + + 1 0 0 1 1 0 < > 0 0 < < ] xyz0=( 17.629891, 29.999564, 19.342488 )

d_7_3=2.200269465285 s=[ 0 0 0 1 + + 1 0 0 1 1 0 < > 0 0 < < ] xyz0=( 17.630042, 29.998772, 19.342453 )

d_7_3=2.200469665485 s=[ 0 0 0 1 + + 1 0 0 1 1 0 < > 0 0 < < ] xyz0=( 17.630193, 29.997980, 19.342418 )

d_7_3=2.200669865686 s=[ 0 0 0 1 + + 1 0 0 1 1 0 < > 0 0 < < ] xyz0=( 17.630343, 29.997189, 19.342383 )

d_7_3=2.200870065886 s=[ 0 0 0 1 + + 1 0 0 1 1 0 < > 0 0 < < ] xyz0=( 17.630492, 29.996400, 19.342348 )

d_7_3=2.201070266086 s=[ 0 0 0 1 + + 1 0 0 1 1 0 < > 0 0 < < ] xyz0=( 17.630641, 29.995612, 19.342313 )

d_7_3=2.201270466286 s=[ 0 0 0 1 + + 1 0 0 1 1 0 < > 0 0 < < ] xyz0=( 17.630789, 29.994824, 19.342278 )

d_7_3=2.201470666486 s=[ 0 0 0 1 + + 1 0 0 1 1 0 < > 0 0 < < ] xyz0=( 17.630936, 29.994038, 19.342243 )

d_7_3=2.201670866687 s=[ 0 0 0 1 + + 1 0 0 1 1 0 < > 0 0 < < ] xyz0=( 17.631083, 29.993252, 19.342208 )

d_7_3=2.201871066887 s=[ 0 0 0 1 + + 1 0 0 1 1 0 < > 0 0 < < ] xyz0=( 17.631229, 29.992468, 19.342173 )

d_7_3=2.202071267087 s=[ 0 0 0 1 + + 1 0 0 1 1 0 < > 0 0 < < ] xyz0=( 17.631374, 29.991685, 19.342138 )

d_7_3=2.202271467287 s=[ 0 0 0 1 + + 1 0 0 1 1 0 < > 0 0 < < ] xyz0=( 17.631519, 29.990903, 19.342103 )

d_7_3=2.202471667487 s=[ 0 0 0 1 + + 1 0 0 1 1 0 < > 0 0 < < ] xyz0=( 17.631663, 29.990121, 19.342068 )

d_7_3=2.202671867688 s=[ 0 0 0 1 + + 1 0 0 1 1 0 < > 0 0 < < ] xyz0=( 17.631807, 29.989341, 19.342033 )

d_7_3=2.202872067888 s=[ 0 0 0 1 + + 1 0 0 1 1 0 < > 0 0 < < ] xyz0=( 17.631949, 29.988562, 19.341997 )

d_7_3=2.203072268088 s=[ 0 0 0 1 + + 1 0 0 1 1 0 < > 0 0 < < ] xyz0=( 17.632092, 29.987783, 19.341962 )

d_7_3=2.203272468288 s=[ 0 0 0 1 + + 1 0 0 1 1 0 < > 0 0 < < ] xyz0=( 17.632233, 29.987006, 19.341927 )

d_7_3=2.203472668488 s=[ 0 0 0 1 + + 1 0 0 1 1 0 < > 0 0 < < ] xyz0=( 17.632374, 29.986230, 19.341891 )

d_7_3=2.203672868689 s=[ 0 0 0 1 + + 1 0 0 1 1 0 < > 0 0 < < ] xyz0=( 17.632514, 29.985454, 19.341856 )

d_7_3=2.203873068889 s=[ 0 0 0 1 + + 1 0 0 1 1 0 < > 0 0 < < ] xyz0=( 17.632654, 29.984680, 19.341821 )

d_7_3=2.204073269089 s=[ 0 0 0 1 + + 1 0 0 1 1 0 < > 0 0 < < ] xyz0=( 17.632793, 29.983907, 19.341785 )

d_7_3=2.204273469289 s=[ 0 0 0 1 + + 1 0 0 1 1 0 < > 0 0 < < ] xyz0=( 17.632931, 29.983134, 19.341750 )

d_7_3=2.204473669489 s=[ 0 0 0 1 + + 1 0 0 1 1 0 < > 0 0 < < ] xyz0=( 17.633069, 29.982363, 19.341714 )

d_7_3=2.204673869690 s=[ 0 0 0 1 + + 1 0 0 1 1 0 < > 0 0 < < ] xyz0=( 17.633206, 29.981592, 19.341679 )

d_7_3=2.204874069890 s=[ 0 0 0 1 + + 1 0 0 1 1 0 < > 0 0 < < ] xyz0=( 17.633343, 29.980823, 19.341643 )

d_7_3=2.205074270090 s=[ 0 0 0 1 + + 1 0 0 1 1 0 < > 0 0 < < ] xyz0=( 17.633479, 29.980054, 19.341607 )

d_7_3=2.205274470290 s=[ 0 0 0 1 + + 1 0 0 1 1 0 < > 0 0 < < ] xyz0=( 17.633614, 29.979286, 19.341572 )

d_7_3=2.205474670490 s=[ 0 0 0 1 + + 1 0 0 1 1 0 < > 0 0 < < ] xyz0=( 17.633749, 29.978520, 19.341536 )

d_7_3=2.205674870691 s=[ 0 0 0 1 + + 1 0 0 1 1 0 < > 0 0 < < ] xyz0=( 17.633883, 29.977754, 19.341500 )

d_7_3=2.205875070891 s=[ 0 0 0 1 + + 1 0 0 1 1 0 < > 0 0 < < ] xyz0=( 17.634017, 29.976989, 19.341465 )

d_7_3=2.206075271091 s=[ 0 0 0 1 + + 1 0 0 1 1 0 < > 0 0 < < ] xyz0=( 17.634150, 29.976225, 19.341429 )

d_7_3=2.206275471291 s=[ 0 0 0 1 + + 1 0 0 1 1 0 < > 0 0 < < ] xyz0=( 17.634282, 29.975462, 19.341393 )

d_7_3=2.206475671491 s=[ 0 0 0 1 + + 1 0 0 1 1 0 < > 0 0 < < ] xyz0=( 17.634414, 29.974700, 19.341357 )

d_7_3=2.206675871692 s=[ 0 0 0 1 + + 1 0 0 1 1 0 < > 0 0 < < ] xyz0=( 17.634545, 29.973939, 19.341322 )

d_7_3=2.206876071892 s=[ 0 0 0 1 + + 1 0 0 1 1 0 < > 0 0 < < ] xyz0=( 17.634676, 29.973179, 19.341286 )

d_7_3=2.207076272092 s=[ 0 0 0 1 + + 1 0 0 1 1 0 < > 0 0 < < ] xyz0=( 17.634806, 29.972419, 19.341250 )

d_7_3=2.207276472292 s=[ 0 0 0 1 + + 1 0 0 1 1 0 < > 0 0 < < ] xyz0=( 17.634935, 29.971661, 19.341214 )

d_7_3=2.207476672492 s=[ 0 0 0 1 + + 1 0 0 1 1 0 < > 0 0 < < ] xyz0=( 17.635064, 29.970904, 19.341178 )

d_7_3=2.207676872693 s=[ 0 0 0 1 + + 1 0 0 1 1 0 < > 0 0 < < ] xyz0=( 17.635192, 29.970147, 19.341142 )

d_7_3=2.207877072893 s=[ 0 0 0 1 + + 1 0 0 1 1 0 < > 0 0 < < ] xyz0=( 17.635320, 29.969391, 19.341106 )

d_7_3=2.208077273093 s=[ 0 0 0 1 + + 1 0 0 1 1 0 < > 0 0 < < ] xyz0=( 17.635447, 29.968636, 19.341070 )

d_7_3=2.208277473293 s=[ 0 0 0 1 + + 1 0 0 1 1 0 < > 0 0 < < ] xyz0=( 17.635574, 29.967882, 19.341034 )

d_7_3=2.208477673493 s=[ 0 0 0 1 + + 1 0 0 1 1 0 < > 0 0 < < ] xyz0=( 17.635700, 29.967129, 19.340997 )

d_7_3=2.208677873694 s=[ 0 0 0 1 + + 1 0 0 1 1 0 < > 0 0 < < ] xyz0=( 17.635825, 29.966377, 19.340961 )

d_7_3=2.208878073894 s=[ 0 0 0 1 + + 1 0 0 1 1 0 < > 0 0 < < ] xyz0=( 17.635950, 29.965626, 19.340925 )

d_7_3=2.209078274094 s=[ 0 0 0 1 + + 1 0 0 1 1 0 < > 0 0 < < ] xyz0=( 17.636074, 29.964876, 19.340889 )

d_7_3=2.209278474294 s=[ 0 0 0 1 + + 1 0 0 1 1 0 < > 0 0 < < ] xyz0=( 17.636198, 29.964126, 19.340853 )

d_7_3=2.209478674494 s=[ 0 0 0 1 + + 1 0 0 1 1 0 < > 0 0 < < ] xyz0=( 17.636321, 29.963377, 19.340816 )

d_7_3=2.209678874695 s=[ 0 0 0 1 + + 1 0 0 1 1 0 < > 0 0 < < ] xyz0=( 17.636443, 29.962630, 19.340780 )

d_7_3=2.209879074895 s=[ 0 0 0 1 + + 1 0 0 1 1 0 < > 0 0 < < ] xyz0=( 17.636566, 29.961883, 19.340744 )

d_7_3=2.210079275095 s=[ 0 0 0 1 + + 1 0 0 1 1 0 < > 0 0 < < ] xyz0=( 17.636687, 29.961137, 19.340707 )

d_7_3=2.210279475295 s=[ 0 0 0 1 + + 1 0 0 1 1 0 < > 0 0 < < ] xyz0=( 17.636808, 29.960391, 19.340671 )

d_7_3=2.210479675495 s=[ 0 0 0 1 + + 1 0 0 1 1 0 < > 0 0 < < ] xyz0=( 17.636928, 29.959647, 19.340635 )

d_7_3=2.210679875696 s=[ 0 0 0 1 + + 1 0 0 1 1 0 < > 0 0 < < ] xyz0=( 17.637048, 29.958903, 19.340598 )

d_7_3=2.210880075896 s=[ 0 0 0 1 + + 1 0 0 1 1 0 < > 0 0 < < ] xyz0=( 17.637167, 29.958161, 19.340562 )

d_7_3=2.211080276096 s=[ 0 0 0 1 + + 1 0 0 1 1 0 < > 0 0 < < ] xyz0=( 17.637286, 29.957419, 19.340525 )

d_7_3=2.211280476296 s=[ 0 0 0 1 + + 1 0 0 1 1 0 < > 0 0 < < ] xyz0=( 17.637404, 29.956678, 19.340489 )

d_7_3=2.211480676496 s=[ 0 0 0 1 + + 1 0 0 1 1 0 < > 0 0 < < ] xyz0=( 17.637522, 29.955938, 19.340452 )

d_7_3=2.211680876697 s=[ 0 0 0 1 + + 1 0 0 1 1 0 < > 0 0 < < ] xyz0=( 17.637639, 29.955198, 19.340415 )

d_7_3=2.211881076897 s=[ 0 0 0 1 + + 1 0 0 1 1 0 < > 0 0 < < ] xyz0=( 17.637756, 29.954460, 19.340379 )

d_7_3=2.212081277097 s=[ 0 0 0 1 + + 1 0 0 1 1 0 < > 0 0 < < ] xyz0=( 17.637872, 29.953722, 19.340342 )

d_7_3=2.212281477297 s=[ 0 0 0 1 + + 1 0 0 1 1 0 < > 0 0 < < ] xyz0=( 17.637987, 29.952985, 19.340306 )

d_7_3=2.212481677497 s=[ 0 0 0 1 + + 1 0 0 1 1 0 < > 0 0 < < ] xyz0=( 17.638102, 29.952249, 19.340269 )

d_7_3=2.212681877698 s=[ 0 0 0 1 + + 1 0 0 1 1 0 < > 0 0 < < ] xyz0=( 17.638217, 29.951514, 19.340232 )

d_7_3=2.212882077898 s=[ 0 0 0 1 + + 1 0 0 1 1 0 < > 0 0 < < ] xyz0=( 17.638331, 29.950779, 19.340195 )

d_7_3=2.213082278098 s=[ 0 0 0 1 + + 1 0 0 1 1 0 < > 0 0 < < ] xyz0=( 17.638444, 29.950046, 19.340159 )

d_7_3=2.213282478298 s=[ 0 0 0 1 + + 1 0 0 1 1 0 < > 0 0 < < ] xyz0=( 17.638557, 29.949313, 19.340122 )

d_7_3=2.213482678499 s=[ 0 0 0 1 + + 1 0 0 1 1 0 < > 0 0 < < ] xyz0=( 17.638669, 29.948581, 19.340085 )

d_7_3=2.213682878699 s=[ 0 0 0 1 + + 1 0 0 1 1 0 < > 0 0 < < ] xyz0=( 17.638781, 29.947850, 19.340048 )

d_7_3=2.213883078899 s=[ 0 0 0 1 + + 1 0 0 1 1 0 < > 0 0 < < ] xyz0=( 17.638893, 29.947119, 19.340011 )

d_7_3=2.214083279099 s=[ 0 0 0 1 + + 1 0 0 1 1 0 < > 0 0 < < ] xyz0=( 17.639004, 29.946390, 19.339974 )

d_7_3=2.214283479299 s=[ 0 0 0 1 + + 1 0 0 1 1 0 < > 0 0 < < ] xyz0=( 17.639114, 29.945661, 19.339937 )

d_7_3=2.214483679499 s=[ 0 0 0 1 + + 1 0 0 1 1 0 < > 0 0 < < ] xyz0=( 17.639224, 29.944933, 19.339900 )

d_7_3=2.214683879700 s=[ 0 0 0 1 + + 1 0 0 1 1 0 < > 0 0 < < ] xyz0=( 17.639333, 29.944205, 19.339863 )

d_7_3=2.214884079900 s=[ 0 0 0 1 + + 1 0 0 1 1 0 < > 0 0 < < ] xyz0=( 17.639442, 29.943479, 19.339826 )

d_7_3=2.215084280100 s=[ 0 0 0 1 + + 1 0 0 1 1 0 < > 0 0 < < ] xyz0=( 17.639550, 29.942753, 19.339789 )

d_7_3=2.215284480300 s=[ 0 0 0 1 + + 1 0 0 1 1 0 < > 0 0 < < ] xyz0=( 17.639658, 29.942028, 19.339752 )

d_7_3=2.215484680500 s=[ 0 0 0 1 + + 1 0 0 1 1 0 < > 0 0 < < ] xyz0=( 17.639765, 29.941304, 19.339715 )

d_7_3=2.215684880701 s=[ 0 0 0 1 + + 1 0 0 1 1 0 < > 0 0 < < ] xyz0=( 17.639872, 29.940581, 19.339678 )

d_7_3=2.215885080901 s=[ 0 0 0 1 + + 1 0 0 1 1 0 < > 0 0 < < ] xyz0=( 17.639978, 29.939858, 19.339641 )

d_7_3=2.216085281101 s=[ 0 0 0 1 + + 1 0 0 1 1 0 < > 0 0 < < ] xyz0=( 17.640084, 29.939136, 19.339603 )

d_7_3=2.216285481301 s=[ 0 0 0 1 + + 1 0 0 1 1 0 < > 0 0 < < ] xyz0=( 17.640189, 29.938415, 19.339566 )

d_7_3=2.216485681501 s=[ 0 0 0 1 + + 1 0 0 1 1 0 < > 0 0 < < ] xyz0=( 17.640294, 29.937695, 19.339529 )

d_7_3=2.216685881702 s=[ 0 0 0 1 + + 1 0 0 1 1 0 < > 0 0 < < ] xyz0=( 17.640398, 29.936975, 19.339492 )

d_7_3=2.216886081902 s=[ 0 0 0 1 + + 1 0 0 1 1 0 < > 0 0 < < ] xyz0=( 17.640502, 29.936256, 19.339454 )

d_7_3=2.217086282102 s=[ 0 0 0 1 + + 1 0 0 1 1 0 < > 0 0 < < ] xyz0=( 17.640606, 29.935538, 19.339417 )

d_7_3=2.217286482302 s=[ 0 0 0 1 + + 1 0 0 1 1 0 < > 0 0 < < ] xyz0=( 17.640708, 29.934821, 19.339380 )

d_7_3=2.217486682502 s=[ 0 0 0 1 + + 1 0 0 1 1 0 < > 0 0 < < ] xyz0=( 17.640811, 29.934104, 19.339342 )

d_7_3=2.217686882703 s=[ 0 0 0 1 + + 1 0 0 1 1 0 < > 0 0 < < ] xyz0=( 17.640913, 29.933389, 19.339305 )

d_7_3=2.217887082903 s=[ 0 0 0 1 + + 1 0 0 1 1 0 < > 0 0 < < ] xyz0=( 17.641014, 29.932673, 19.339268 )

d_7_3=2.218087283103 s=[ 0 0 0 1 + + 1 0 0 1 1 0 < > 0 0 < < ] xyz0=( 17.641115, 29.931959, 19.339230 )

d_7_3=2.218287483303 s=[ 0 0 0 1 + + 1 0 0 1 1 0 < > 0 0 < < ] xyz0=( 17.641215, 29.931245, 19.339193 )

d_7_3=2.218487683504 s=[ 0 0 0 1 + + 1 0 0 1 1 0 < > 0 0 < < ] xyz0=( 17.641315, 29.930533, 19.339155 )

d_7_3=2.218687883704 s=[ 0 0 0 1 + + 1 0 0 1 1 0 < > 0 0 < < ] xyz0=( 17.641415, 29.929820, 19.339118 )

d_7_3=2.218888083904 s=[ 0 0 0 1 + + 1 0 0 1 1 0 < > 0 0 < < ] xyz0=( 17.641514, 29.929109, 19.339080 )

d_7_3=2.219088284104 s=[ 0 0 0 1 + + 1 0 0 1 1 0 < > 0 0 < < ] xyz0=( 17.641612, 29.928398, 19.339042 )

d_7_3=2.219288484304 s=[ 0 0 0 1 + + 1 0 0 1 1 0 < > 0 0 < < ] xyz0=( 17.641710, 29.927688, 19.339005 )

d_7_3=2.219488684505 s=[ 0 0 0 1 + + 1 0 0 1 1 0 < > 0 0 < < ] xyz0=( 17.641808, 29.926979, 19.338967 )

d_7_3=2.219688884705 s=[ 0 0 0 1 + + 1 0 0 1 1 0 < > 0 0 < < ] xyz0=( 17.641905, 29.926270, 19.338929 )

d_7_3=2.219889084905 s=[ 0 0 0 1 + + 1 0 0 1 1 0 < > 0 0 < < ] xyz0=( 17.642002, 29.925562, 19.338892 )

d_7_3=2.220089285105 s=[ 0 0 0 1 + + 1 0 0 1 1 0 < > 0 0 < < ] xyz0=( 17.642098, 29.924855, 19.338854 )

d_7_3=2.220289485305 s=[ 0 0 0 1 + + 1 0 0 1 1 0 < > 0 0 < < ] xyz0=( 17.642194, 29.924149, 19.338816 )

d_7_3=2.220489685506 s=[ 0 0 0 1 + + 1 0 0 1 1 0 < > 0 0 < < ] xyz0=( 17.642289, 29.923443, 19.338779 )

d_7_3=2.220689885706 s=[ 0 0 0 1 + + 1 0 0 1 1 0 < > 0 0 < < ] xyz0=( 17.642384, 29.922738, 19.338741 )

d_7_3=2.220890085906 s=[ 0 0 0 1 + + 1 0 0 1 1 0 < > 0 0 < < ] xyz0=( 17.642478, 29.922034, 19.338703 )

d_7_3=2.221090286106 s=[ 0 0 0 1 + + 1 0 0 1 1 0 < > 0 0 < < ] xyz0=( 17.642572, 29.921330, 19.338665 )

d_7_3=2.221290486306 s=[ 0 0 0 1 + + 1 0 0 1 1 0 < > 0 0 < < ] xyz0=( 17.642666, 29.920627, 19.338627 )

d_7_3=2.221490686507 s=[ 0 0 0 1 + + 1 0 0 1 1 0 < > 0 0 < < ] xyz0=( 17.642759, 29.919925, 19.338589 )

d_7_3=2.221690886707 s=[ 0 0 0 1 + + 1 0 0 1 1 0 < > 0 0 < < ] xyz0=( 17.642851, 29.919223, 19.338552 )

d_7_3=2.221891086907 s=[ 0 0 0 1 + + 1 0 0 1 1 0 < > 0 0 < < ] xyz0=( 17.642943, 29.918523, 19.338514 )

d_7_3=2.222091287107 s=[ 0 0 0 1 + + 1 0 0 1 1 0 < > 0 0 < < ] xyz0=( 17.643035, 29.917822, 19.338476 )

d_7_3=2.222291487307 s=[ 0 0 0 1 + + 1 0 0 1 1 0 < > 0 0 < < ] xyz0=( 17.643126, 29.917123, 19.338438 )

d_7_3=2.222491687508 s=[ 0 0 0 1 + + 1 0 0 1 1 0 < > 0 0 < < ] xyz0=( 17.643217, 29.916424, 19.338400 )

