order:    [ 5 1 2 4 7 3 0 10 11 15 14 13 17 16 9 6 8 12 ]
atoms:    [ CA CA C N H HA N CA C C CA N HA H N C HA H ]
residues: [ 1 0 0 1 1 0 0 2 2 3 3 3 3 3 2 1 1 2 ]

We use a different pair of symbles to represent the bits values which are associated with the HA and H of the discretized distance, and another one to represent the bits of other hydrogens.
For the HA and H from the discretized distance:
	"+" means 0
	"-" means 1
For any other hydrogens:
	">" means 0
	"<" means 1

d_7_3=2.137206402222 s=[ 0 0 0 0 - - 1 0 0 1 1 0 < > 0 0 < < ] xyz0=( 17.054416, 30.887357, 19.311865 )

d_7_3=2.139226604242 s=[ 0 0 0 0 - - 1 0 0 1 1 0 < > 0 0 < < ] xyz0=( 17.019226, 30.911057, 19.307648 )

d_7_3=2.141246806263 s=[ 0 0 0 0 - - 1 0 0 1 1 0 < > 0 0 < < ] xyz0=( 16.993594, 30.927357, 19.304502 )

d_7_3=2.151347816364 s=[ 0 0 0 0 - - 0 1 1 0 0 1 > > 1 1 > < ] xyz0=( 14.929987, 29.711840, 18.857477 )

d_7_3=2.153368018384 s=[ 0 0 0 0 - - 0 1 1 0 0 1 > > 1 1 > < ] xyz0=( 14.930752, 29.696235, 18.856412 )

d_7_3=2.155388220404 s=[ 0 0 0 0 - - 0 1 1 0 0 1 > > 1 1 > < ] xyz0=( 14.931634, 29.681499, 18.855434 )

d_7_3=2.157408422424 s=[ 0 0 0 0 - - 0 1 1 0 0 1 > > 1 1 > < ] xyz0=( 14.932618, 29.667500, 18.854530 )

d_7_3=2.159428624444 s=[ 0 0 0 0 - - 0 1 1 0 0 1 > > 1 1 > < ] xyz0=( 14.933688, 29.654137, 18.853689 )

d_7_3=2.161448826465 s=[ 0 0 0 0 - - 0 1 1 0 0 1 > > 1 1 > < ] xyz0=( 14.934835, 29.641330, 18.852904 )

d_7_3=2.163469028485 s=[ 0 0 0 0 - - 0 1 1 0 0 1 > > 1 1 > < ] xyz0=( 14.936050, 29.629016, 18.852168 )

d_7_3=2.165489230505 s=[ 0 0 0 0 - - 0 1 1 0 0 1 > > 1 1 > < ] xyz0=( 14.937326, 29.617140, 18.851477 )

d_7_3=2.167509432525 s=[ 0 0 0 0 - - 0 1 1 0 0 1 > > 1 1 > < ] xyz0=( 14.938657, 29.605658, 18.850825 )

d_7_3=2.169529634545 s=[ 0 0 0 0 - - 0 1 1 0 0 1 > > 1 1 > < ] xyz0=( 14.940038, 29.594535, 18.850209 )

d_7_3=2.171549836566 s=[ 0 0 0 0 - - 0 1 1 0 0 1 > > 1 1 > < ] xyz0=( 14.941466, 29.583739, 18.849626 )

d_7_3=2.173570038586 s=[ 0 0 0 0 - - 0 1 1 0 0 1 > > 1 1 > < ] xyz0=( 14.942935, 29.573241, 18.849073 )

d_7_3=2.175590240606 s=[ 0 0 0 0 - - 0 1 1 0 0 1 > > 1 1 > < ] xyz0=( 14.944444, 29.563020, 18.848549 )

d_7_3=2.177610442626 s=[ 0 0 0 0 - - 0 1 1 0 0 1 > > 1 1 > < ] xyz0=( 14.945990, 29.553054, 18.848050 )

d_7_3=2.179630644646 s=[ 0 0 0 0 - - 0 1 1 0 0 1 > > 1 1 > < ] xyz0=( 14.947570, 29.543325, 18.847575 )

d_7_3=2.181650846667 s=[ 0 0 0 0 - - 0 1 1 0 0 1 > > 1 1 > < ] xyz0=( 14.949181, 29.533817, 18.847122 )

d_7_3=2.183671048687 s=[ 0 0 0 0 - - 0 1 1 0 0 1 > > 1 1 > < ] xyz0=( 14.950823, 29.524515, 18.846691 )

d_7_3=2.185691250707 s=[ 0 0 0 0 - - 0 1 1 0 0 1 > > 1 1 > < ] xyz0=( 14.952494, 29.515408, 18.846279 )

d_7_3=2.187711452727 s=[ 0 0 0 0 - - 0 1 1 0 0 1 > > 1 1 > < ] xyz0=( 14.954191, 29.506483, 18.845886 )

d_7_3=2.189731654747 s=[ 0 0 0 0 - - 0 1 1 0 0 1 > > 1 1 > < ] xyz0=( 14.955914, 29.497731, 18.845511 )

d_7_3=2.191751856768 s=[ 0 0 0 0 - - 0 1 1 0 0 1 > > 1 1 > < ] xyz0=( 14.957661, 29.489141, 18.845152 )

d_7_3=2.193772058788 s=[ 0 0 0 0 - - 0 1 1 0 0 1 > > 1 1 > > ] xyz0=( 14.959431, 29.480705, 18.844809 )

d_7_3=2.195792260808 s=[ 0 0 0 0 - - 0 1 1 0 0 1 > > 1 1 > > ] xyz0=( 14.961223, 29.472416, 18.844480 )

d_7_3=2.197812462828 s=[ 0 0 0 0 - - 0 1 1 0 0 1 > > 1 1 > > ] xyz0=( 14.963037, 29.464265, 18.844167 )

d_7_3=2.199832664848 s=[ 0 0 0 0 - - 0 1 1 0 0 1 > > 1 1 > > ] xyz0=( 14.964870, 29.456247, 18.843866 )

d_7_3=2.201852866869 s=[ 0 0 0 0 - - 0 1 1 0 0 1 > > 1 1 > > ] xyz0=( 14.966723, 29.448356, 18.843579 )

d_7_3=2.203873068889 s=[ 0 0 0 0 - - 0 1 1 0 0 1 > > 1 1 > < ] xyz0=( 14.968595, 29.440585, 18.843304 )

d_7_3=2.205893270909 s=[ 0 0 0 0 - - 0 1 1 0 0 1 > > 1 1 > > ] xyz0=( 14.970485, 29.432930, 18.843042 )

d_7_3=2.207913472929 s=[ 0 0 0 0 - - 0 1 1 0 0 1 > > 1 1 > > ] xyz0=( 14.972392, 29.425385, 18.842790 )

d_7_3=2.209933674949 s=[ 0 0 0 0 - - 0 1 1 0 0 1 > > 1 1 > < ] xyz0=( 14.974316, 29.417947, 18.842550 )

d_7_3=2.211953876970 s=[ 0 0 0 0 - - 0 1 1 0 0 1 > > 1 1 > < ] xyz0=( 14.976256, 29.410610, 18.842320 )

d_7_3=2.213974078990 s=[ 0 0 0 0 - - 0 1 1 0 0 1 > > 1 1 > > ] xyz0=( 14.978212, 29.403372, 18.842101 )

d_7_3=2.215994281010 s=[ 0 0 0 0 - - 0 1 1 0 0 1 > > 1 1 > > ] xyz0=( 14.980183, 29.396228, 18.841891 )

d_7_3=2.218014483030 s=[ 0 0 0 0 - - 0 1 1 0 0 1 > > 1 1 > < ] xyz0=( 14.982169, 29.389175, 18.841691 )

d_7_3=2.220034685051 s=[ 0 0 0 0 - - 0 1 1 0 0 1 > > 1 1 > < ] xyz0=( 14.984169, 29.382210, 18.841500 )

d_7_3=2.222054887071 s=[ 0 0 0 0 - - 0 1 1 0 0 1 > > 1 1 > < ] xyz0=( 14.986183, 29.375330, 18.841318 )

d_7_3=2.137206402222 s=[ 0 0 0 1 + + 0 1 1 0 0 1 > > 1 1 > < ] xyz0=( 15.132392, 30.494812, 18.952203 )

d_7_3=2.139226604242 s=[ 0 0 0 1 + + 0 1 1 0 0 1 > > 1 1 > < ] xyz0=( 15.155041, 30.530324, 18.958809 )

d_7_3=2.141246806263 s=[ 0 0 0 1 + + 0 1 1 0 0 1 > > 1 1 > < ] xyz0=( 15.171930, 30.555309, 18.963620 )

d_7_3=2.151347816364 s=[ 0 0 0 1 + + 1 0 0 1 1 0 < > 0 0 < > ] xyz0=( 17.557929, 30.248559, 19.349235 )

d_7_3=2.153368018384 s=[ 0 0 0 1 + + 1 0 0 1 1 0 < > 0 0 < > ] xyz0=( 17.563564, 30.233948, 19.349081 )

d_7_3=2.155388220404 s=[ 0 0 0 1 + + 1 0 0 1 1 0 < > 0 0 < < ] xyz0=( 17.568737, 30.220088, 19.348906 )

d_7_3=2.157408422424 s=[ 0 0 0 1 + + 1 0 0 1 1 0 < > 0 0 < > ] xyz0=( 17.573519, 30.206865, 19.348712 )

d_7_3=2.159428624444 s=[ 0 0 0 1 + + 1 0 0 1 1 0 < > 0 0 < > ] xyz0=( 17.577963, 30.194192, 19.348503 )

d_7_3=2.161448826465 s=[ 0 0 0 1 + + 1 0 0 1 1 0 < > 0 0 < < ] xyz0=( 17.582111, 30.181998, 19.348279 )

d_7_3=2.163469028485 s=[ 0 0 0 1 + + 1 0 0 1 1 0 < > 0 0 < > ] xyz0=( 17.585996, 30.170228, 19.348043 )

d_7_3=2.165489230505 s=[ 0 0 0 1 + + 1 0 0 1 1 0 < > 0 0 < < ] xyz0=( 17.589648, 30.158838, 19.347796 )

d_7_3=2.167509432525 s=[ 0 0 0 1 + + 1 0 0 1 1 0 < > 0 0 < < ] xyz0=( 17.593089, 30.147787, 19.347539 )

d_7_3=2.169529634545 s=[ 0 0 0 1 + + 1 0 0 1 1 0 < > 0 0 < < ] xyz0=( 17.596338, 30.137046, 19.347273 )

d_7_3=2.171549836566 s=[ 0 0 0 1 + + 1 0 0 1 1 0 < > 0 0 < > ] xyz0=( 17.599412, 30.126586, 19.346998 )

d_7_3=2.173570038586 s=[ 0 0 0 1 + + 1 0 0 1 1 0 < > 0 0 < > ] xyz0=( 17.602327, 30.116383, 19.346716 )

d_7_3=2.175590240606 s=[ 0 0 0 1 + + 1 0 0 1 1 0 < > 0 0 < > ] xyz0=( 17.605093, 30.106419, 19.346427 )

d_7_3=2.177610442626 s=[ 0 0 0 1 + + 1 0 0 1 1 0 < > 0 0 < > ] xyz0=( 17.607722, 30.096674, 19.346130 )

d_7_3=2.179630644646 s=[ 0 0 0 1 + + 1 0 0 1 1 0 < > 0 0 < > ] xyz0=( 17.610223, 30.087133, 19.345828 )

d_7_3=2.181650846667 s=[ 0 0 0 1 + + 1 0 0 1 1 0 < > 0 0 < > ] xyz0=( 17.612605, 30.077782, 19.345520 )

d_7_3=2.183671048687 s=[ 0 0 0 1 + + 1 0 0 1 1 0 < > 0 0 < > ] xyz0=( 17.614876, 30.068609, 19.345206 )

d_7_3=2.185691250707 s=[ 0 0 0 1 + + 1 0 0 1 1 0 < > 0 0 < > ] xyz0=( 17.617042, 30.059603, 19.344887 )

d_7_3=2.187711452727 s=[ 0 0 0 1 + + 1 0 0 1 1 0 < > 0 0 < > ] xyz0=( 17.619109, 30.050754, 19.344563 )

d_7_3=2.189731654747 s=[ 0 0 0 1 + + 1 0 0 1 1 0 < > 0 0 < > ] xyz0=( 17.621082, 30.042053, 19.344234 )

d_7_3=2.191751856768 s=[ 0 0 0 1 + + 1 0 0 1 1 0 < > 0 0 < > ] xyz0=( 17.622968, 30.033491, 19.343901 )

d_7_3=2.193772058788 s=[ 0 0 0 1 + + 1 0 0 1 1 0 < > 0 0 < < ] xyz0=( 17.624769, 30.025062, 19.343564 )

d_7_3=2.195792260808 s=[ 0 0 0 1 + + 1 0 0 1 1 0 < > 0 0 < < ] xyz0=( 17.626491, 30.016758, 19.343223 )

d_7_3=2.197812462828 s=[ 0 0 0 1 + + 1 0 0 1 1 0 < > 0 0 < < ] xyz0=( 17.628137, 30.008573, 19.342878 )

d_7_3=2.199832664848 s=[ 0 0 0 1 + + 1 0 0 1 1 0 < > 0 0 < < ] xyz0=( 17.629711, 30.000502, 19.342529 )

d_7_3=2.201852866869 s=[ 0 0 0 1 + + 1 0 0 1 1 0 < > 0 0 < < ] xyz0=( 17.631216, 29.992539, 19.342176 )

d_7_3=2.203873068889 s=[ 0 0 0 1 + + 1 0 0 1 1 0 < > 0 0 < < ] xyz0=( 17.632654, 29.984680, 19.341821 )

d_7_3=2.205893270909 s=[ 0 0 0 1 + + 1 0 0 1 1 0 < > 0 0 < < ] xyz0=( 17.634029, 29.976920, 19.341461 )

d_7_3=2.207913472929 s=[ 0 0 0 1 + + 1 0 0 1 1 0 < > 0 0 < < ] xyz0=( 17.635343, 29.969254, 19.341099 )

d_7_3=2.209933674949 s=[ 0 0 0 1 + + 1 0 0 1 1 0 < > 0 0 < < ] xyz0=( 17.636599, 29.961679, 19.340734 )

d_7_3=2.211953876970 s=[ 0 0 0 1 + + 1 0 0 1 1 0 < > 0 0 < < ] xyz0=( 17.637798, 29.954191, 19.340366 )

d_7_3=2.213974078990 s=[ 0 0 0 1 + + 1 0 0 1 1 0 < > 0 0 < < ] xyz0=( 17.638943, 29.946788, 19.339994 )

d_7_3=2.215994281010 s=[ 0 0 0 1 + + 1 0 0 1 1 0 < > 0 0 < < ] xyz0=( 17.640036, 29.939464, 19.339620 )

d_7_3=2.218014483030 s=[ 0 0 0 1 + + 1 0 0 1 1 0 < > 0 0 < < ] xyz0=( 17.641078, 29.932219, 19.339244 )

d_7_3=2.220034685051 s=[ 0 0 0 1 + + 1 0 0 1 1 0 < > 0 0 < < ] xyz0=( 17.642072, 29.925048, 19.338864 )

d_7_3=2.222054887071 s=[ 0 0 0 1 + + 1 0 0 1 1 0 < > 0 0 < < ] xyz0=( 17.643018, 29.917950, 19.338483 )

