xyz0=( 17.125087 30.834771 19.319952 )
xyz0=( 17.125087 30.834771 19.319952 )
xyz0=( 17.096795 30.856662 19.316779 )
xyz0=( 17.096795 30.856662 19.316779 )
xyz0=( 17.136867 30.825306 19.321246 )
xyz0=( 17.136867 30.825306 19.321246 )
xyz0=( 17.084683 30.865685 19.315393 )
xyz0=( 17.084683 30.865685 19.315393 )
xyz0=( 17.144689 30.818904 19.322097 )
xyz0=( 17.144689 30.818904 19.322097 )
xyz0=( 17.076529 30.871645 19.314452 )
xyz0=( 17.076529 30.871645 19.314452 )
xyz0=( 17.069921 30.876408 19.313684 )
xyz0=( 17.069921 30.876408 19.313684 )
xyz0=( 17.064206 30.880481 19.313016 )
xyz0=( 17.064206 30.880481 19.313016 )
xyz0=( 17.059091 30.884090 19.312416 )
xyz0=( 17.059091 30.884090 19.312416 )
xyz0=( 17.054416 30.887357 19.311865 )
xyz0=( 17.054416 30.887357 19.311865 )
xyz0=( 17.050081 30.890362 19.311352 )
xyz0=( 17.050081 30.890362 19.311352 )
xyz0=( 17.046019 30.893155 19.310869 )
xyz0=( 17.046019 30.893155 19.310869 )
xyz0=( 17.042183 30.895774 19.310412 )
xyz0=( 17.042183 30.895774 19.310412 )
xyz0=( 17.038537 30.898246 19.309977 )
xyz0=( 17.038537 30.898246 19.309977 )
xyz0=( 17.035055 30.900590 19.309559 )
xyz0=( 17.035055 30.900590 19.309559 )
xyz0=( 17.031715 30.902824 19.309158 )
xyz0=( 17.031715 30.902824 19.309158 )
xyz0=( 17.028501 30.904961 19.308771 )
xyz0=( 17.028501 30.904961 19.308771 )
xyz0=( 17.025399 30.907012 19.308396 )
xyz0=( 17.025399 30.907012 19.308396 )
xyz0=( 17.022397 30.908985 19.308032 )
xyz0=( 17.022397 30.908985 19.308032 )
xyz0=( 17.019487 30.910887 19.307679 )
xyz0=( 17.019487 30.910887 19.307679 )
xyz0=( 17.016658 30.912725 19.307335 )
xyz0=( 17.016658 30.912725 19.307335 )
xyz0=( 17.013906 30.914505 19.307000 )
xyz0=( 17.013906 30.914505 19.307000 )
xyz0=( 17.011222 30.916232 19.306672 )
xyz0=( 17.011222 30.916232 19.306672 )
xyz0=( 17.008604 30.917908 19.306351 )
xyz0=( 17.008604 30.917908 19.306351 )
xyz0=( 17.006044 30.919538 19.306037 )
xyz0=( 17.006044 30.919538 19.306037 )
xyz0=( 17.003540 30.921126 19.305730 )
xyz0=( 17.003540 30.921126 19.305730 )
xyz0=( 17.001088 30.922673 19.305428 )
xyz0=( 17.001088 30.922673 19.305428 )
xyz0=( 16.998684 30.924183 19.305131 )
xyz0=( 16.998684 30.924183 19.305131 )
xyz0=( 16.996326 30.925657 19.304840 )
xyz0=( 16.996326 30.925657 19.304840 )
xyz0=( 16.994011 30.927099 19.304553 )
xyz0=( 16.994011 30.927099 19.304553 )
xyz0=( 16.991736 30.928509 19.304272 )
xyz0=( 16.991736 30.928509 19.304272 )
xyz0=( 14.929943 29.712857 18.857548 )
xyz0=( 14.929943 29.712857 18.857548 )
xyz0=( 14.930012 29.711261 18.857437 )
xyz0=( 14.930012 29.711261 18.857437 )
xyz0=( 14.930083 29.709675 18.857328 )
xyz0=( 14.930083 29.709675 18.857328 )
xyz0=( 14.930154 29.708098 18.857219 )
xyz0=( 14.930154 29.708098 18.857219 )
xyz0=( 14.930227 29.706532 18.857112 )
xyz0=( 14.930227 29.706532 18.857112 )
xyz0=( 14.930302 29.704975 18.857005 )
xyz0=( 14.930302 29.704975 18.857005 )
xyz0=( 14.930377 29.703428 18.856900 )
xyz0=( 14.930377 29.703428 18.856900 )
xyz0=( 14.930454 29.701889 18.856795 )
xyz0=( 14.930454 29.701889 18.856795 )
xyz0=( 14.930532 29.700360 18.856691 )
xyz0=( 14.930532 29.700360 18.856691 )
xyz0=( 14.930612 29.698840 18.856588 )
xyz0=( 14.930612 29.698840 18.856588 )
xyz0=( 14.930692 29.697329 18.856486 )
xyz0=( 14.930692 29.697329 18.856486 )
xyz0=( 14.930774 29.695826 18.856385 )
xyz0=( 14.930774 29.695826 18.856385 )
xyz0=( 14.930857 29.694331 18.856285 )
xyz0=( 14.930857 29.694331 18.856285 )
xyz0=( 14.930941 29.692845 18.856185 )
xyz0=( 14.930941 29.692845 18.856185 )
xyz0=( 14.931026 29.691367 18.856086 )
xyz0=( 14.931026 29.691367 18.856086 )
xyz0=( 14.931112 29.689897 18.855988 )
xyz0=( 14.931112 29.689897 18.855988 )
xyz0=( 14.931199 29.688436 18.855891 )
xyz0=( 14.931199 29.688436 18.855891 )
xyz0=( 14.931288 29.686981 18.855795 )
xyz0=( 14.931288 29.686981 18.855795 )
xyz0=( 14.931377 29.685535 18.855699 )
xyz0=( 14.931377 29.685535 18.855699 )
xyz0=( 14.931467 29.684096 18.855605 )
xyz0=( 14.931467 29.684096 18.855605 )
xyz0=( 14.931559 29.682664 18.855511 )
xyz0=( 14.931559 29.682664 18.855511 )
xyz0=( 14.931651 29.681240 18.855417 )
xyz0=( 14.931651 29.681240 18.855417 )
xyz0=( 14.931745 29.679823 18.855325 )
xyz0=( 14.931745 29.679823 18.855325 )
xyz0=( 14.931839 29.678413 18.855233 )
xyz0=( 14.931839 29.678413 18.855233 )
xyz0=( 14.931934 29.677010 18.855141 )
xyz0=( 14.931934 29.677010 18.855141 )
xyz0=( 14.932030 29.675614 18.855051 )
xyz0=( 14.932030 29.675614 18.855051 )
xyz0=( 14.932128 29.674225 18.854961 )
xyz0=( 14.932128 29.674225 18.854961 )
xyz0=( 14.932226 29.672842 18.854872 )
xyz0=( 14.932226 29.672842 18.854872 )
xyz0=( 14.932325 29.671466 18.854783 )
xyz0=( 14.932325 29.671466 18.854783 )
xyz0=( 14.932425 29.670097 18.854696 )
xyz0=( 14.932425 29.670097 18.854696 )
xyz0=( 14.932525 29.668734 18.854608 )
xyz0=( 14.932525 29.668734 18.854608 )
xyz0=( 14.932627 29.667377 18.854522 )
xyz0=( 14.932627 29.667377 18.854522 )
xyz0=( 14.932729 29.666026 18.854436 )
xyz0=( 14.932729 29.666026 18.854436 )
xyz0=( 14.932833 29.664682 18.854350 )
xyz0=( 14.932833 29.664682 18.854350 )
xyz0=( 14.932937 29.663343 18.854266 )
xyz0=( 14.932937 29.663343 18.854266 )
xyz0=( 14.933042 29.662011 18.854182 )
xyz0=( 14.933042 29.662011 18.854182 )
xyz0=( 14.933147 29.660684 18.854098 )
xyz0=( 14.933147 29.660684 18.854098 )
xyz0=( 14.933254 29.659363 18.854015 )
xyz0=( 14.933254 29.659363 18.854015 )
xyz0=( 14.933361 29.658048 18.853933 )
xyz0=( 14.933361 29.658048 18.853933 )
xyz0=( 14.933470 29.656739 18.853851 )
xyz0=( 14.933470 29.656739 18.853851 )
xyz0=( 14.933578 29.655435 18.853770 )
xyz0=( 14.933578 29.655435 18.853770 )
xyz0=( 14.933688 29.654137 18.853689 )
xyz0=( 14.933688 29.654137 18.853689 )
xyz0=( 14.933798 29.652844 18.853609 )
xyz0=( 14.933798 29.652844 18.853609 )
xyz0=( 14.933910 29.651557 18.853529 )
xyz0=( 14.933910 29.651557 18.853529 )
xyz0=( 14.934022 29.650275 18.853450 )
xyz0=( 14.934022 29.650275 18.853450 )
xyz0=( 14.934134 29.648998 18.853371 )
xyz0=( 14.934134 29.648998 18.853371 )
xyz0=( 14.934247 29.647726 18.853293 )
xyz0=( 14.934247 29.647726 18.853293 )
xyz0=( 14.934361 29.646460 18.853216 )
xyz0=( 14.934361 29.646460 18.853216 )
xyz0=( 14.934476 29.645198 18.853139 )
xyz0=( 14.934476 29.645198 18.853139 )
xyz0=( 14.934592 29.643942 18.853062 )
xyz0=( 14.934592 29.643942 18.853062 )
xyz0=( 14.934708 29.642690 18.852986 )
xyz0=( 14.934708 29.642690 18.852986 )
xyz0=( 14.934824 29.641444 18.852911 )
xyz0=( 14.934824 29.641444 18.852911 )
xyz0=( 14.934942 29.640202 18.852836 )
xyz0=( 14.934942 29.640202 18.852836 )
xyz0=( 14.935060 29.638965 18.852761 )
xyz0=( 14.935060 29.638965 18.852761 )
xyz0=( 14.935179 29.637732 18.852687 )
xyz0=( 14.935179 29.637732 18.852687 )
xyz0=( 14.935298 29.636505 18.852613 )
xyz0=( 14.935298 29.636505 18.852613 )
xyz0=( 14.935418 29.635282 18.852540 )
xyz0=( 14.935418 29.635282 18.852540 )
xyz0=( 14.935539 29.634063 18.852467 )
xyz0=( 14.935539 29.634063 18.852467 )
xyz0=( 14.935660 29.632849 18.852395 )
xyz0=( 14.935660 29.632849 18.852395 )
xyz0=( 14.935782 29.631639 18.852323 )
xyz0=( 14.935782 29.631639 18.852323 )
xyz0=( 14.935905 29.630434 18.852252 )
xyz0=( 14.935905 29.630434 18.852252 )
xyz0=( 14.936028 29.629233 18.852181 )
xyz0=( 14.936028 29.629233 18.852181 )
xyz0=( 14.936151 29.628037 18.852111 )
xyz0=( 14.936151 29.628037 18.852111 )
xyz0=( 14.936276 29.626845 18.852040 )
xyz0=( 14.936276 29.626845 18.852040 )
xyz0=( 14.936401 29.625657 18.851971 )
xyz0=( 14.936401 29.625657 18.851971 )
xyz0=( 14.936526 29.624473 18.851902 )
xyz0=( 14.936526 29.624473 18.851902 )
xyz0=( 14.936652 29.623293 18.851833 )
xyz0=( 14.936652 29.623293 18.851833 )
xyz0=( 14.936779 29.622118 18.851764 )
xyz0=( 14.936779 29.622118 18.851764 )
xyz0=( 14.936906 29.620946 18.851696 )
xyz0=( 14.936906 29.620946 18.851696 )
xyz0=( 14.937034 29.619778 18.851629 )
xyz0=( 14.937034 29.619778 18.851629 )
xyz0=( 14.937162 29.618615 18.851562 )
xyz0=( 14.937162 29.618615 18.851562 )
xyz0=( 14.937291 29.617455 18.851495 )
xyz0=( 14.937291 29.617455 18.851495 )
xyz0=( 14.937420 29.616299 18.851428 )
xyz0=( 14.937420 29.616299 18.851428 )
xyz0=( 14.937550 29.615147 18.851362 )
xyz0=( 14.937550 29.615147 18.851362 )
xyz0=( 14.937681 29.613999 18.851297 )
xyz0=( 14.937681 29.613999 18.851297 )
xyz0=( 14.937812 29.612855 18.851231 )
xyz0=( 14.937812 29.612855 18.851231 )
xyz0=( 14.937943 29.611714 18.851167 )
xyz0=( 14.937943 29.611714 18.851167 )
xyz0=( 14.938075 29.610577 18.851102 )
xyz0=( 14.938075 29.610577 18.851102 )
xyz0=( 14.938208 29.609444 18.851038 )
xyz0=( 14.938208 29.609444 18.851038 )
xyz0=( 14.938341 29.608314 18.850974 )
xyz0=( 14.938341 29.608314 18.850974 )
xyz0=( 14.938474 29.607188 18.850911 )
xyz0=( 14.938474 29.607188 18.850911 )
xyz0=( 14.938608 29.606066 18.850848 )
xyz0=( 14.938608 29.606066 18.850848 )
xyz0=( 14.938743 29.604947 18.850785 )
xyz0=( 14.938743 29.604947 18.850785 )
xyz0=( 14.938878 29.603831 18.850723 )
xyz0=( 14.938878 29.603831 18.850723 )
xyz0=( 14.939013 29.602719 18.850661 )
xyz0=( 14.939013 29.602719 18.850661 )
xyz0=( 14.939149 29.601611 18.850599 )
xyz0=( 14.939149 29.601611 18.850599 )
xyz0=( 14.939286 29.600505 18.850538 )
xyz0=( 14.939286 29.600505 18.850538 )
xyz0=( 14.939423 29.599404 18.850477 )
xyz0=( 14.939423 29.599404 18.850477 )
xyz0=( 14.939560 29.598305 18.850416 )
xyz0=( 14.939560 29.598305 18.850416 )
xyz0=( 14.939698 29.597210 18.850356 )
xyz0=( 14.939698 29.597210 18.850356 )
xyz0=( 14.939836 29.596118 18.850296 )
xyz0=( 14.939836 29.596118 18.850296 )
xyz0=( 14.939975 29.595029 18.850236 )
xyz0=( 14.939975 29.595029 18.850236 )
xyz0=( 14.940114 29.593944 18.850177 )
xyz0=( 14.940114 29.593944 18.850177 )
xyz0=( 14.940254 29.592861 18.850118 )
xyz0=( 14.940254 29.592861 18.850118 )
xyz0=( 14.940394 29.591782 18.850059 )
xyz0=( 14.940394 29.591782 18.850059 )
xyz0=( 14.940535 29.590706 18.850001 )
xyz0=( 14.940535 29.590706 18.850001 )
xyz0=( 14.940676 29.589633 18.849943 )
xyz0=( 14.940676 29.589633 18.849943 )
xyz0=( 14.940817 29.588564 18.849885 )
xyz0=( 14.940817 29.588564 18.849885 )
xyz0=( 14.940959 29.587497 18.849827 )
xyz0=( 14.940959 29.587497 18.849827 )
xyz0=( 14.941101 29.586433 18.849770 )
xyz0=( 14.941101 29.586433 18.849770 )
xyz0=( 14.941244 29.585372 18.849713 )
xyz0=( 14.941244 29.585372 18.849713 )
xyz0=( 14.941387 29.584314 18.849657 )
xyz0=( 14.941387 29.584314 18.849657 )
xyz0=( 14.941531 29.583260 18.849601 )
xyz0=( 14.941531 29.583260 18.849601 )
xyz0=( 14.941675 29.582208 18.849545 )
xyz0=( 14.941675 29.582208 18.849545 )
xyz0=( 14.941819 29.581159 18.849489 )
xyz0=( 14.941819 29.581159 18.849489 )
xyz0=( 14.941964 29.580113 18.849434 )
xyz0=( 14.941964 29.580113 18.849434 )
xyz0=( 14.942109 29.579069 18.849379 )
xyz0=( 14.942109 29.579069 18.849379 )
xyz0=( 14.942255 29.578029 18.849324 )
xyz0=( 14.942255 29.578029 18.849324 )
xyz0=( 14.942401 29.576991 18.849269 )
xyz0=( 14.942401 29.576991 18.849269 )
xyz0=( 14.942547 29.575956 18.849215 )
xyz0=( 14.942547 29.575956 18.849215 )
xyz0=( 14.942694 29.574924 18.849161 )
xyz0=( 14.942694 29.574924 18.849161 )
xyz0=( 14.942841 29.573895 18.849107 )
xyz0=( 14.942841 29.573895 18.849107 )
xyz0=( 14.942989 29.572868 18.849054 )
xyz0=( 14.942989 29.572868 18.849054 )
xyz0=( 14.943137 29.571845 18.849001 )
xyz0=( 14.943137 29.571845 18.849001 )
xyz0=( 14.943285 29.570823 18.848948 )
xyz0=( 14.943285 29.570823 18.848948 )
xyz0=( 14.943434 29.569805 18.848896 )
xyz0=( 14.943434 29.569805 18.848896 )
xyz0=( 14.943583 29.568789 18.848843 )
xyz0=( 14.943583 29.568789 18.848843 )
xyz0=( 14.943733 29.567775 18.848791 )
xyz0=( 14.943733 29.567775 18.848791 )
xyz0=( 14.943883 29.566765 18.848739 )
xyz0=( 14.943883 29.566765 18.848739 )
xyz0=( 14.944033 29.565757 18.848688 )
xyz0=( 14.944033 29.565757 18.848688 )
xyz0=( 14.944183 29.564751 18.848637 )
xyz0=( 14.944183 29.564751 18.848637 )
xyz0=( 14.944334 29.563748 18.848586 )
xyz0=( 14.944334 29.563748 18.848586 )
xyz0=( 14.944486 29.562747 18.848535 )
xyz0=( 14.944486 29.562747 18.848535 )
xyz0=( 14.944637 29.561749 18.848484 )
xyz0=( 14.944637 29.561749 18.848484 )
xyz0=( 14.944789 29.560754 18.848434 )
xyz0=( 14.944789 29.560754 18.848434 )
xyz0=( 14.944942 29.559761 18.848384 )
xyz0=( 14.944942 29.559761 18.848384 )
xyz0=( 14.945094 29.558770 18.848334 )
xyz0=( 14.945094 29.558770 18.848334 )
xyz0=( 14.945248 29.557782 18.848285 )
xyz0=( 14.945248 29.557782 18.848285 )
xyz0=( 14.945401 29.556796 18.848236 )
xyz0=( 14.945401 29.556796 18.848236 )
xyz0=( 14.945555 29.555812 18.848187 )
xyz0=( 14.945555 29.555812 18.848187 )
xyz0=( 14.945709 29.554831 18.848138 )
xyz0=( 14.945709 29.554831 18.848138 )
xyz0=( 14.945863 29.553853 18.848089 )
xyz0=( 14.945863 29.553853 18.848089 )
xyz0=( 14.946018 29.552876 18.848041 )
xyz0=( 14.946018 29.552876 18.848041 )
xyz0=( 14.946173 29.551902 18.847993 )
xyz0=( 14.946173 29.551902 18.847993 )
xyz0=( 14.946329 29.550931 18.847945 )
xyz0=( 14.946329 29.550931 18.847945 )
xyz0=( 14.946484 29.549961 18.847897 )
xyz0=( 14.946484 29.549961 18.847897 )
xyz0=( 14.946641 29.548994 18.847850 )
xyz0=( 14.946641 29.548994 18.847850 )
xyz0=( 14.946797 29.548029 18.847803 )
xyz0=( 14.946797 29.548029 18.847803 )
xyz0=( 14.946954 29.547066 18.847756 )
xyz0=( 14.946954 29.547066 18.847756 )
xyz0=( 14.947111 29.546106 18.847709 )
xyz0=( 14.947111 29.546106 18.847709 )
xyz0=( 14.947268 29.545148 18.847663 )
xyz0=( 14.947268 29.545148 18.847663 )
xyz0=( 14.947426 29.544192 18.847617 )
xyz0=( 14.947426 29.544192 18.847617 )
xyz0=( 14.947584 29.543238 18.847571 )
xyz0=( 14.947584 29.543238 18.847571 )
xyz0=( 14.947742 29.542286 18.847525 )
xyz0=( 14.947742 29.542286 18.847525 )
xyz0=( 14.947901 29.541337 18.847479 )
xyz0=( 14.947901 29.541337 18.847479 )
xyz0=( 14.948060 29.540389 18.847434 )
xyz0=( 14.948060 29.540389 18.847434 )
xyz0=( 14.948219 29.539444 18.847389 )
xyz0=( 14.948219 29.539444 18.847389 )
xyz0=( 14.948379 29.538501 18.847344 )
xyz0=( 14.948379 29.538501 18.847344 )
xyz0=( 14.948539 29.537560 18.847299 )
xyz0=( 14.948539 29.537560 18.847299 )
xyz0=( 14.948699 29.536621 18.847255 )
xyz0=( 14.948699 29.536621 18.847255 )
xyz0=( 14.948860 29.535684 18.847210 )
xyz0=( 14.948860 29.535684 18.847210 )
xyz0=( 14.949020 29.534749 18.847166 )
xyz0=( 14.949020 29.534749 18.847166 )
xyz0=( 14.949181 29.533817 18.847122 )
xyz0=( 14.949181 29.533817 18.847122 )
xyz0=( 14.949343 29.532886 18.847079 )
xyz0=( 14.949343 29.532886 18.847079 )
xyz0=( 14.949505 29.531957 18.847035 )
xyz0=( 14.949505 29.531957 18.847035 )
xyz0=( 14.949667 29.531030 18.846992 )
xyz0=( 14.949667 29.531030 18.846992 )
xyz0=( 14.949829 29.530106 18.846949 )
xyz0=( 14.949829 29.530106 18.846949 )
xyz0=( 14.949991 29.529183 18.846906 )
xyz0=( 14.949991 29.529183 18.846906 )
xyz0=( 14.950154 29.528262 18.846863 )
xyz0=( 14.950154 29.528262 18.846863 )
xyz0=( 14.950317 29.527343 18.846821 )
xyz0=( 14.950317 29.527343 18.846821 )
xyz0=( 14.950481 29.526426 18.846779 )
xyz0=( 14.950481 29.526426 18.846779 )
xyz0=( 14.950644 29.525511 18.846737 )
xyz0=( 14.950644 29.525511 18.846737 )
xyz0=( 14.950808 29.524598 18.846695 )
xyz0=( 14.950808 29.524598 18.846695 )
xyz0=( 14.950973 29.523687 18.846653 )
xyz0=( 14.950973 29.523687 18.846653 )
xyz0=( 14.951137 29.522778 18.846611 )
xyz0=( 14.951137 29.522778 18.846611 )
xyz0=( 14.951302 29.521870 18.846570 )
xyz0=( 14.951302 29.521870 18.846570 )
xyz0=( 14.951467 29.520965 18.846529 )
xyz0=( 14.951467 29.520965 18.846529 )
xyz0=( 14.951633 29.520061 18.846488 )
xyz0=( 14.951633 29.520061 18.846488 )
xyz0=( 14.951798 29.519159 18.846447 )
xyz0=( 14.951798 29.519159 18.846447 )
xyz0=( 14.951964 29.518260 18.846407 )
xyz0=( 14.951964 29.518260 18.846407 )
xyz0=( 14.952130 29.517361 18.846367 )
xyz0=( 14.952130 29.517361 18.846367 )
xyz0=( 14.952297 29.516465 18.846326 )
xyz0=( 14.952297 29.516465 18.846326 )
xyz0=( 14.952463 29.515571 18.846286 )
xyz0=( 14.952463 29.515571 18.846286 )
xyz0=( 14.952630 29.514678 18.846247 )
xyz0=( 14.952630 29.514678 18.846247 )
xyz0=( 14.952798 29.513787 18.846207 )
xyz0=( 14.952798 29.513787 18.846207 )
xyz0=( 14.952965 29.512898 18.846168 )
xyz0=( 14.952965 29.512898 18.846168 )
xyz0=( 14.953133 29.512010 18.846128 )
xyz0=( 14.953133 29.512010 18.846128 )
xyz0=( 14.953301 29.511125 18.846089 )
xyz0=( 14.953301 29.511125 18.846089 )
xyz0=( 14.953469 29.510241 18.846050 )
xyz0=( 14.953469 29.510241 18.846050 )
xyz0=( 14.953638 29.509359 18.846012 )
xyz0=( 14.953638 29.509359 18.846012 )
xyz0=( 14.953806 29.508478 18.845973 )
xyz0=( 14.953806 29.508478 18.845973 )
xyz0=( 14.953975 29.507599 18.845935 )
xyz0=( 14.953975 29.507599 18.845935 )
xyz0=( 14.954145 29.506722 18.845896 )
xyz0=( 14.954145 29.506722 18.845896 )
xyz0=( 14.954314 29.505847 18.845858 )
xyz0=( 14.954314 29.505847 18.845858 )
xyz0=( 14.954484 29.504973 18.845821 )
xyz0=( 14.954484 29.504973 18.845821 )
xyz0=( 14.954654 29.504101 18.845783 )
xyz0=( 14.954654 29.504101 18.845783 )
xyz0=( 14.954824 29.503231 18.845745 )
xyz0=( 14.954824 29.503231 18.845745 )
xyz0=( 14.954995 29.502362 18.845708 )
xyz0=( 14.954995 29.502362 18.845708 )
xyz0=( 14.955166 29.501495 18.845671 )
xyz0=( 14.955166 29.501495 18.845671 )
xyz0=( 14.955337 29.500630 18.845634 )
xyz0=( 14.955337 29.500630 18.845634 )
xyz0=( 14.955508 29.499766 18.845597 )
xyz0=( 14.955508 29.499766 18.845597 )
xyz0=( 14.955679 29.498904 18.845560 )
xyz0=( 14.955679 29.498904 18.845560 )
xyz0=( 14.955851 29.498043 18.845524 )
xyz0=( 14.955851 29.498043 18.845524 )
xyz0=( 14.956023 29.497184 18.845487 )
xyz0=( 14.956023 29.497184 18.845487 )
xyz0=( 14.956195 29.496327 18.845451 )
xyz0=( 14.956195 29.496327 18.845451 )
xyz0=( 14.956368 29.495471 18.845415 )
xyz0=( 14.956368 29.495471 18.845415 )
xyz0=( 14.956541 29.494617 18.845379 )
xyz0=( 14.956541 29.494617 18.845379 )
xyz0=( 14.956713 29.493765 18.845344 )
xyz0=( 14.956713 29.493765 18.845344 )
xyz0=( 14.956887 29.492913 18.845308 )
xyz0=( 14.956887 29.492913 18.845308 )
xyz0=( 14.957060 29.492064 18.845273 )
xyz0=( 14.957060 29.492064 18.845273 )
xyz0=( 14.957234 29.491216 18.845237 )
xyz0=( 14.957234 29.491216 18.845237 )
xyz0=( 14.957407 29.490369 18.845202 )
xyz0=( 14.957407 29.490369 18.845202 )
xyz0=( 14.957582 29.489525 18.845167 )
xyz0=( 14.957582 29.489525 18.845167 )
xyz0=( 14.957756 29.488681 18.845133 )
xyz0=( 14.957756 29.488681 18.845133 )
xyz0=( 14.957930 29.487839 18.845098 )
xyz0=( 14.957930 29.487839 18.845098 )
xyz0=( 14.958105 29.486999 18.845064 )
xyz0=( 14.958105 29.486999 18.845064 )
xyz0=( 14.958280 29.486160 18.845029 )
xyz0=( 14.958280 29.486160 18.845029 )
xyz0=( 14.958455 29.485323 18.844995 )
xyz0=( 14.958455 29.485323 18.844995 )
xyz0=( 14.958631 29.484487 18.844961 )
xyz0=( 14.958631 29.484487 18.844961 )
xyz0=( 14.958806 29.483652 18.844927 )
xyz0=( 14.958806 29.483652 18.844927 )
xyz0=( 14.958982 29.482819 18.844894 )
xyz0=( 14.958982 29.482819 18.844894 )
xyz0=( 14.959158 29.481988 18.844860 )
xyz0=( 14.959158 29.481988 18.844860 )
xyz0=( 14.959335 29.481157 18.844827 )
xyz0=( 14.959335 29.481157 18.844827 )
xyz0=( 14.959511 29.480329 18.844793 )
xyz0=( 14.959511 29.480329 18.844793 )
xyz0=( 14.959688 29.479502 18.844760 )
xyz0=( 14.959688 29.479502 18.844760 )
xyz0=( 14.959865 29.478676 18.844727 )
xyz0=( 14.959865 29.478676 18.844727 )
xyz0=( 14.960042 29.477851 18.844695 )
xyz0=( 14.960042 29.477851 18.844695 )
xyz0=( 14.960219 29.477028 18.844662 )
xyz0=( 14.960219 29.477028 18.844662 )
xyz0=( 14.960397 29.476207 18.844629 )
xyz0=( 14.960397 29.476207 18.844629 )
xyz0=( 14.960575 29.475387 18.844597 )
xyz0=( 14.960575 29.475387 18.844597 )
xyz0=( 14.960753 29.474568 18.844565 )
xyz0=( 14.960753 29.474568 18.844565 )
xyz0=( 14.960931 29.473750 18.844533 )
xyz0=( 14.960931 29.473750 18.844533 )
xyz0=( 14.961110 29.472934 18.844501 )
xyz0=( 14.961110 29.472934 18.844501 )
xyz0=( 14.961288 29.472120 18.844469 )
xyz0=( 14.961288 29.472120 18.844469 )
xyz0=( 14.961467 29.471306 18.844437 )
xyz0=( 14.961467 29.471306 18.844437 )
xyz0=( 14.961646 29.470494 18.844406 )
xyz0=( 14.961646 29.470494 18.844406 )
xyz0=( 14.961825 29.469684 18.844374 )
xyz0=( 14.961825 29.469684 18.844374 )
xyz0=( 14.962005 29.468875 18.844343 )
xyz0=( 14.962005 29.468875 18.844343 )
xyz0=( 14.962185 29.468067 18.844312 )
xyz0=( 14.962185 29.468067 18.844312 )
xyz0=( 14.962364 29.467260 18.844281 )
xyz0=( 14.962364 29.467260 18.844281 )
xyz0=( 14.962544 29.466455 18.844250 )
xyz0=( 14.962544 29.466455 18.844250 )
xyz0=( 14.962725 29.465651 18.844219 )
xyz0=( 14.962725 29.465651 18.844219 )
xyz0=( 14.962905 29.464848 18.844189 )
xyz0=( 14.962905 29.464848 18.844189 )
xyz0=( 14.963086 29.464047 18.844158 )
xyz0=( 14.963086 29.464047 18.844158 )
xyz0=( 14.963267 29.463247 18.844128 )
xyz0=( 14.963267 29.463247 18.844128 )
xyz0=( 14.963448 29.462448 18.844098 )
xyz0=( 14.963448 29.462448 18.844098 )
xyz0=( 14.963629 29.461651 18.844068 )
xyz0=( 14.963629 29.461651 18.844068 )
xyz0=( 14.963811 29.460854 18.844038 )
xyz0=( 14.963811 29.460854 18.844038 )
xyz0=( 14.963992 29.460060 18.844008 )
xyz0=( 14.963992 29.460060 18.844008 )
xyz0=( 14.964174 29.459266 18.843978 )
xyz0=( 14.964174 29.459266 18.843978 )
xyz0=( 14.964356 29.458474 18.843949 )
xyz0=( 14.964356 29.458474 18.843949 )
xyz0=( 14.964538 29.457682 18.843919 )
xyz0=( 14.964538 29.457682 18.843919 )
xyz0=( 14.964721 29.456893 18.843890 )
xyz0=( 14.964721 29.456893 18.843890 )
xyz0=( 14.964903 29.456104 18.843861 )
xyz0=( 14.964903 29.456104 18.843861 )
xyz0=( 14.965086 29.455317 18.843832 )
xyz0=( 14.965086 29.455317 18.843832 )
xyz0=( 14.965269 29.454531 18.843803 )
xyz0=( 14.965269 29.454531 18.843803 )
xyz0=( 14.965453 29.453746 18.843774 )
xyz0=( 14.965453 29.453746 18.843774 )
xyz0=( 14.965636 29.452962 18.843746 )
xyz0=( 14.965636 29.452962 18.843746 )
xyz0=( 14.965819 29.452179 18.843717 )
xyz0=( 14.965819 29.452179 18.843717 )
xyz0=( 14.966003 29.451398 18.843689 )
xyz0=( 14.966003 29.451398 18.843689 )
xyz0=( 14.966187 29.450618 18.843661 )
xyz0=( 14.966187 29.450618 18.843661 )
xyz0=( 14.966371 29.449839 18.843633 )
xyz0=( 14.966371 29.449839 18.843633 )
xyz0=( 14.966556 29.449062 18.843605 )
xyz0=( 14.966556 29.449062 18.843605 )
xyz0=( 14.966740 29.448285 18.843577 )
xyz0=( 14.966740 29.448285 18.843577 )
xyz0=( 14.966925 29.447510 18.843549 )
xyz0=( 14.966925 29.447510 18.843549 )
xyz0=( 14.967110 29.446736 18.843521 )
xyz0=( 14.967110 29.446736 18.843521 )
xyz0=( 14.967295 29.445963 18.843494 )
xyz0=( 14.967295 29.445963 18.843494 )
xyz0=( 14.967480 29.445191 18.843466 )
xyz0=( 14.967480 29.445191 18.843466 )
xyz0=( 14.967665 29.444421 18.843439 )
xyz0=( 14.967665 29.444421 18.843439 )
xyz0=( 14.967851 29.443651 18.843412 )
xyz0=( 14.967851 29.443651 18.843412 )
xyz0=( 14.968037 29.442883 18.843385 )
xyz0=( 14.968037 29.442883 18.843385 )
xyz0=( 14.968223 29.442116 18.843358 )
xyz0=( 14.968223 29.442116 18.843358 )
xyz0=( 14.968409 29.441350 18.843331 )
xyz0=( 14.968409 29.441350 18.843331 )
xyz0=( 14.968595 29.440585 18.843304 )
xyz0=( 14.968595 29.440585 18.843304 )
xyz0=( 14.968782 29.439821 18.843278 )
xyz0=( 14.968782 29.439821 18.843278 )
xyz0=( 14.968968 29.439059 18.843251 )
xyz0=( 14.968968 29.439059 18.843251 )
xyz0=( 14.969155 29.438297 18.843225 )
xyz0=( 14.969155 29.438297 18.843225 )
xyz0=( 14.969342 29.437537 18.843199 )
xyz0=( 14.969342 29.437537 18.843199 )
xyz0=( 14.969529 29.436778 18.843173 )
xyz0=( 14.969529 29.436778 18.843173 )
xyz0=( 14.969717 29.436019 18.843147 )
xyz0=( 14.969717 29.436019 18.843147 )
xyz0=( 14.969904 29.435262 18.843121 )
xyz0=( 14.969904 29.435262 18.843121 )
xyz0=( 14.970092 29.434507 18.843095 )
xyz0=( 14.970092 29.434507 18.843095 )
xyz0=( 14.970280 29.433752 18.843070 )
xyz0=( 14.970280 29.433752 18.843070 )
xyz0=( 14.970468 29.432998 18.843044 )
xyz0=( 14.970468 29.432998 18.843044 )
xyz0=( 14.970656 29.432245 18.843019 )
xyz0=( 14.970656 29.432245 18.843019 )
xyz0=( 14.970845 29.431494 18.842993 )
xyz0=( 14.970845 29.431494 18.842993 )
xyz0=( 14.971033 29.430743 18.842968 )
xyz0=( 14.971033 29.430743 18.842968 )
xyz0=( 14.971222 29.429994 18.842943 )
xyz0=( 14.971222 29.429994 18.842943 )
xyz0=( 14.971411 29.429246 18.842918 )
xyz0=( 14.971411 29.429246 18.842918 )
xyz0=( 14.971600 29.428498 18.842893 )
xyz0=( 14.971600 29.428498 18.842893 )
xyz0=( 14.971789 29.427752 18.842868 )
xyz0=( 14.971789 29.427752 18.842868 )
xyz0=( 14.971978 29.427007 18.842844 )
xyz0=( 14.971978 29.427007 18.842844 )
xyz0=( 14.972168 29.426263 18.842819 )
xyz0=( 14.972168 29.426263 18.842819 )
xyz0=( 14.972358 29.425520 18.842795 )
xyz0=( 14.972358 29.425520 18.842795 )
xyz0=( 14.972548 29.424778 18.842771 )
xyz0=( 14.972548 29.424778 18.842771 )
xyz0=( 14.972738 29.424037 18.842746 )
xyz0=( 14.972738 29.424037 18.842746 )
xyz0=( 14.972928 29.423297 18.842722 )
xyz0=( 14.972928 29.423297 18.842722 )
xyz0=( 14.973118 29.422558 18.842698 )
xyz0=( 14.973118 29.422558 18.842698 )
xyz0=( 14.973309 29.421820 18.842674 )
xyz0=( 14.973309 29.421820 18.842674 )
xyz0=( 14.973499 29.421084 18.842651 )
xyz0=( 14.973499 29.421084 18.842651 )
xyz0=( 14.973690 29.420348 18.842627 )
xyz0=( 14.973690 29.420348 18.842627 )
xyz0=( 14.973881 29.419613 18.842603 )
xyz0=( 14.973881 29.419613 18.842603 )
xyz0=( 14.974073 29.418879 18.842580 )
xyz0=( 14.974073 29.418879 18.842580 )
xyz0=( 14.974264 29.418146 18.842556 )
xyz0=( 14.974264 29.418146 18.842556 )
xyz0=( 14.974455 29.417415 18.842533 )
xyz0=( 14.974455 29.417415 18.842533 )
xyz0=( 14.974647 29.416684 18.842510 )
xyz0=( 14.974647 29.416684 18.842510 )
xyz0=( 14.974839 29.415954 18.842487 )
xyz0=( 14.974839 29.415954 18.842487 )
xyz0=( 14.975031 29.415225 18.842464 )
xyz0=( 14.975031 29.415225 18.842464 )
xyz0=( 14.975223 29.414497 18.842441 )
xyz0=( 14.975223 29.414497 18.842441 )
xyz0=( 14.975415 29.413771 18.842418 )
xyz0=( 14.975415 29.413771 18.842418 )
xyz0=( 14.975608 29.413045 18.842396 )
xyz0=( 14.975608 29.413045 18.842396 )
xyz0=( 14.975800 29.412320 18.842373 )
xyz0=( 14.975800 29.412320 18.842373 )
xyz0=( 14.975993 29.411596 18.842351 )
xyz0=( 14.975993 29.411596 18.842351 )
xyz0=( 14.976186 29.410873 18.842329 )
xyz0=( 14.976186 29.410873 18.842329 )
xyz0=( 14.976379 29.410151 18.842306 )
xyz0=( 14.976379 29.410151 18.842306 )
xyz0=( 14.976572 29.409430 18.842284 )
xyz0=( 14.976572 29.409430 18.842284 )
xyz0=( 14.976766 29.408710 18.842262 )
xyz0=( 14.976766 29.408710 18.842262 )
xyz0=( 14.976959 29.407991 18.842240 )
xyz0=( 14.976959 29.407991 18.842240 )
xyz0=( 14.977153 29.407273 18.842218 )
xyz0=( 14.977153 29.407273 18.842218 )
xyz0=( 14.977347 29.406555 18.842197 )
xyz0=( 14.977347 29.406555 18.842197 )
xyz0=( 14.977541 29.405839 18.842175 )
xyz0=( 14.977541 29.405839 18.842175 )
xyz0=( 14.977735 29.405124 18.842153 )
xyz0=( 14.977735 29.405124 18.842153 )
xyz0=( 14.977929 29.404409 18.842132 )
xyz0=( 14.977929 29.404409 18.842132 )
xyz0=( 14.978124 29.403696 18.842111 )
xyz0=( 14.978124 29.403696 18.842111 )
xyz0=( 14.978318 29.402983 18.842089 )
xyz0=( 14.978318 29.402983 18.842089 )
xyz0=( 14.978513 29.402272 18.842068 )
xyz0=( 14.978513 29.402272 18.842068 )
xyz0=( 14.978708 29.401561 18.842047 )
xyz0=( 14.978708 29.401561 18.842047 )
xyz0=( 14.978903 29.400851 18.842026 )
xyz0=( 14.978903 29.400851 18.842026 )
xyz0=( 14.979098 29.400143 18.842005 )
xyz0=( 14.979098 29.400143 18.842005 )
xyz0=( 14.979294 29.399435 18.841985 )
xyz0=( 14.979294 29.399435 18.841985 )
xyz0=( 14.979489 29.398728 18.841964 )
xyz0=( 14.979489 29.398728 18.841964 )
xyz0=( 14.979685 29.398022 18.841943 )
xyz0=( 14.979685 29.398022 18.841943 )
xyz0=( 14.979880 29.397316 18.841923 )
xyz0=( 14.979880 29.397316 18.841923 )
xyz0=( 14.980076 29.396612 18.841902 )
xyz0=( 14.980076 29.396612 18.841902 )
xyz0=( 14.980272 29.395909 18.841882 )
xyz0=( 14.980272 29.395909 18.841882 )
xyz0=( 14.980469 29.395206 18.841862 )
xyz0=( 14.980469 29.395206 18.841862 )
xyz0=( 14.980665 29.394504 18.841842 )
xyz0=( 14.980665 29.394504 18.841842 )
xyz0=( 14.980861 29.393804 18.841822 )
xyz0=( 14.980861 29.393804 18.841822 )
xyz0=( 14.981058 29.393104 18.841802 )
xyz0=( 14.981058 29.393104 18.841802 )
xyz0=( 14.981255 29.392405 18.841782 )
xyz0=( 14.981255 29.392405 18.841782 )
xyz0=( 14.981452 29.391707 18.841762 )
xyz0=( 14.981452 29.391707 18.841762 )
xyz0=( 14.981649 29.391009 18.841743 )
xyz0=( 14.981649 29.391009 18.841743 )
xyz0=( 14.981846 29.390313 18.841723 )
xyz0=( 14.981846 29.390313 18.841723 )
xyz0=( 14.982043 29.389617 18.841704 )
xyz0=( 14.982043 29.389617 18.841704 )
xyz0=( 14.982241 29.388923 18.841684 )
xyz0=( 14.982241 29.388923 18.841684 )
xyz0=( 14.982439 29.388229 18.841665 )
xyz0=( 14.982439 29.388229 18.841665 )
xyz0=( 14.982636 29.387536 18.841646 )
xyz0=( 14.982636 29.387536 18.841646 )
xyz0=( 14.982834 29.386844 18.841627 )
xyz0=( 14.982834 29.386844 18.841627 )
xyz0=( 14.983032 29.386153 18.841607 )
xyz0=( 14.983032 29.386153 18.841607 )
xyz0=( 14.983230 29.385462 18.841589 )
xyz0=( 14.983230 29.385462 18.841589 )
xyz0=( 14.983429 29.384773 18.841570 )
xyz0=( 14.983429 29.384773 18.841570 )
xyz0=( 14.983627 29.384084 18.841551 )
xyz0=( 14.983627 29.384084 18.841551 )
xyz0=( 14.983826 29.383396 18.841532 )
xyz0=( 14.983826 29.383396 18.841532 )
xyz0=( 14.984025 29.382709 18.841514 )
xyz0=( 14.984025 29.382709 18.841514 )
xyz0=( 14.984223 29.382023 18.841495 )
xyz0=( 14.984223 29.382023 18.841495 )
xyz0=( 14.984422 29.381338 18.841477 )
xyz0=( 14.984422 29.381338 18.841477 )
xyz0=( 14.984622 29.380653 18.841458 )
xyz0=( 14.984622 29.380653 18.841458 )
xyz0=( 14.984821 29.379970 18.841440 )
xyz0=( 14.984821 29.379970 18.841440 )
xyz0=( 14.985020 29.379287 18.841422 )
xyz0=( 14.985020 29.379287 18.841422 )
xyz0=( 14.985220 29.378605 18.841404 )
xyz0=( 14.985220 29.378605 18.841404 )
xyz0=( 14.985420 29.377923 18.841386 )
xyz0=( 14.985420 29.377923 18.841386 )
xyz0=( 14.985619 29.377243 18.841368 )
xyz0=( 14.985619 29.377243 18.841368 )
xyz0=( 14.985819 29.376563 18.841350 )
xyz0=( 14.985819 29.376563 18.841350 )
xyz0=( 14.986019 29.375885 18.841333 )
xyz0=( 14.986019 29.375885 18.841333 )
xyz0=( 14.986220 29.375207 18.841315 )
xyz0=( 14.986220 29.375207 18.841315 )
xyz0=( 14.986420 29.374529 18.841297 )
xyz0=( 14.986420 29.374529 18.841297 )
xyz0=( 14.986621 29.373853 18.841280 )
xyz0=( 14.986621 29.373853 18.841280 )
xyz0=( 15.105989 30.450069 18.944246 )
xyz0=( 15.105989 30.450069 18.944246 )
xyz0=( 15.088932 30.418916 18.938933 )
xyz0=( 15.088932 30.418916 18.938933 )
xyz0=( 15.113434 30.463086 18.946520 )
xyz0=( 15.113434 30.463086 18.946520 )
xyz0=( 15.081971 30.405623 18.936721 )
xyz0=( 15.081971 30.405623 18.936721 )
xyz0=( 15.118492 30.471744 18.948051 )
xyz0=( 15.118492 30.471744 18.948051 )
xyz0=( 15.077397 30.396690 18.935251 )
xyz0=( 15.077397 30.396690 18.935251 )
xyz0=( 15.122618 30.478700 18.949292 )
xyz0=( 15.122618 30.478700 18.949292 )
xyz0=( 15.126205 30.484673 18.950365 )
xyz0=( 15.126205 30.484673 18.950365 )
xyz0=( 15.129431 30.489985 18.951325 )
xyz0=( 15.129431 30.489985 18.951325 )
xyz0=( 15.132392 30.494812 18.952203 )
xyz0=( 15.132392 30.494812 18.952203 )
xyz0=( 15.135147 30.499265 18.953017 )
xyz0=( 15.135147 30.499265 18.953017 )
xyz0=( 15.137738 30.503417 18.953780 )
xyz0=( 15.137738 30.503417 18.953780 )
xyz0=( 15.140193 30.507321 18.954500 )
xyz0=( 15.140193 30.507321 18.954500 )
xyz0=( 15.142534 30.511014 18.955184 )
xyz0=( 15.142534 30.511014 18.955184 )
xyz0=( 15.144775 30.514528 18.955838 )
xyz0=( 15.144775 30.514528 18.955838 )
xyz0=( 15.146930 30.517885 18.956465 )
xyz0=( 15.146930 30.517885 18.956465 )
xyz0=( 15.149010 30.521103 18.957068 )
xyz0=( 15.149010 30.521103 18.957068 )
xyz0=( 15.151023 30.524198 18.957650 )
xyz0=( 15.151023 30.524198 18.957650 )
xyz0=( 15.152974 30.527182 18.958214 )
xyz0=( 15.152974 30.527182 18.958214 )
xyz0=( 15.154871 30.530067 18.958760 )
xyz0=( 15.154871 30.530067 18.958760 )
xyz0=( 15.156719 30.532860 18.959291 )
xyz0=( 15.156719 30.532860 18.959291 )
xyz0=( 15.158521 30.535570 18.959808 )
xyz0=( 15.158521 30.535570 18.959808 )
xyz0=( 15.160280 30.538204 18.960311 )
xyz0=( 15.160280 30.538204 18.960311 )
xyz0=( 15.162002 30.540767 18.960803 )
xyz0=( 15.162002 30.540767 18.960803 )
xyz0=( 15.163687 30.543264 18.961283 )
xyz0=( 15.163687 30.543264 18.961283 )
xyz0=( 15.165339 30.545700 18.961753 )
xyz0=( 15.165339 30.545700 18.961753 )
xyz0=( 15.166959 30.548079 18.962214 )
xyz0=( 15.166959 30.548079 18.962214 )
xyz0=( 15.168551 30.550405 18.962665 )
xyz0=( 15.168551 30.550405 18.962665 )
xyz0=( 15.170115 30.552680 18.963107 )
xyz0=( 15.170115 30.552680 18.963107 )
xyz0=( 15.171653 30.554909 18.963542 )
xyz0=( 15.171653 30.554909 18.963542 )
xyz0=( 15.173167 30.557092 18.963969 )
xyz0=( 15.173167 30.557092 18.963969 )
xyz0=( 17.557557 30.249509 19.349244 )
xyz0=( 17.557557 30.249509 19.349244 )
xyz0=( 17.558141 30.248018 19.349230 )
xyz0=( 17.558141 30.248018 19.349230 )
xyz0=( 17.558721 30.246536 19.349216 )
xyz0=( 17.558721 30.246536 19.349216 )
xyz0=( 17.559295 30.245062 19.349201 )
xyz0=( 17.559295 30.245062 19.349201 )
xyz0=( 17.559864 30.243597 19.349187 )
xyz0=( 17.559864 30.243597 19.349187 )
xyz0=( 17.560428 30.242140 19.349172 )
xyz0=( 17.560428 30.242140 19.349172 )
xyz0=( 17.560987 30.240691 19.349156 )
xyz0=( 17.560987 30.240691 19.349156 )
xyz0=( 17.561541 30.239250 19.349141 )
xyz0=( 17.561541 30.239250 19.349141 )
xyz0=( 17.562090 30.237818 19.349125 )
xyz0=( 17.562090 30.237818 19.349125 )
xyz0=( 17.562634 30.236392 19.349109 )
xyz0=( 17.562634 30.236392 19.349109 )
xyz0=( 17.563174 30.234975 19.349093 )
xyz0=( 17.563174 30.234975 19.349093 )
xyz0=( 17.563709 30.233564 19.349077 )
xyz0=( 17.563709 30.233564 19.349077 )
xyz0=( 17.564240 30.232161 19.349060 )
xyz0=( 17.564240 30.232161 19.349060 )
xyz0=( 17.564767 30.230766 19.349044 )
xyz0=( 17.564767 30.230766 19.349044 )
xyz0=( 17.565289 30.229377 19.349027 )
xyz0=( 17.565289 30.229377 19.349027 )
xyz0=( 17.565806 30.227995 19.349010 )
xyz0=( 17.565806 30.227995 19.349010 )
xyz0=( 17.566320 30.226620 19.348992 )
xyz0=( 17.566320 30.226620 19.348992 )
xyz0=( 17.566829 30.225252 19.348975 )
xyz0=( 17.566829 30.225252 19.348975 )
xyz0=( 17.567335 30.223891 19.348957 )
xyz0=( 17.567335 30.223891 19.348957 )
xyz0=( 17.567836 30.222536 19.348939 )
xyz0=( 17.567836 30.222536 19.348939 )
xyz0=( 17.568333 30.221187 19.348921 )
xyz0=( 17.568333 30.221187 19.348921 )
xyz0=( 17.568827 30.219845 19.348903 )
xyz0=( 17.568827 30.219845 19.348903 )
xyz0=( 17.569317 30.218509 19.348884 )
xyz0=( 17.569317 30.218509 19.348884 )
xyz0=( 17.569802 30.217179 19.348866 )
xyz0=( 17.569802 30.217179 19.348866 )
xyz0=( 17.570285 30.215855 19.348847 )
xyz0=( 17.570285 30.215855 19.348847 )
xyz0=( 17.570763 30.214537 19.348828 )
xyz0=( 17.570763 30.214537 19.348828 )
xyz0=( 17.571238 30.213225 19.348809 )
xyz0=( 17.571238 30.213225 19.348809 )
xyz0=( 17.571710 30.211918 19.348789 )
xyz0=( 17.571710 30.211918 19.348789 )
xyz0=( 17.572177 30.210618 19.348770 )
xyz0=( 17.572177 30.210618 19.348770 )
xyz0=( 17.572642 30.209323 19.348750 )
xyz0=( 17.572642 30.209323 19.348750 )
xyz0=( 17.573103 30.208033 19.348731 )
xyz0=( 17.573103 30.208033 19.348731 )
xyz0=( 17.573561 30.206749 19.348711 )
xyz0=( 17.573561 30.206749 19.348711 )
xyz0=( 17.574015 30.205470 19.348691 )
xyz0=( 17.574015 30.205470 19.348691 )
xyz0=( 17.574466 30.204197 19.348670 )
xyz0=( 17.574466 30.204197 19.348670 )
xyz0=( 17.574914 30.202929 19.348650 )
xyz0=( 17.574914 30.202929 19.348650 )
xyz0=( 17.575359 30.201665 19.348629 )
xyz0=( 17.575359 30.201665 19.348629 )
xyz0=( 17.575800 30.200408 19.348609 )
xyz0=( 17.575800 30.200408 19.348609 )
xyz0=( 17.576239 30.199155 19.348588 )
xyz0=( 17.576239 30.199155 19.348588 )
xyz0=( 17.576674 30.197907 19.348567 )
xyz0=( 17.576674 30.197907 19.348567 )
xyz0=( 17.577107 30.196663 19.348546 )
xyz0=( 17.577107 30.196663 19.348546 )
xyz0=( 17.577536 30.195425 19.348524 )
xyz0=( 17.577536 30.195425 19.348524 )
xyz0=( 17.577963 30.194192 19.348503 )
xyz0=( 17.577963 30.194192 19.348503 )
xyz0=( 17.578386 30.192963 19.348481 )
xyz0=( 17.578386 30.192963 19.348481 )
xyz0=( 17.578807 30.191739 19.348460 )
xyz0=( 17.578807 30.191739 19.348460 )
xyz0=( 17.579225 30.190519 19.348438 )
xyz0=( 17.579225 30.190519 19.348438 )
xyz0=( 17.579640 30.189304 19.348416 )
xyz0=( 17.579640 30.189304 19.348416 )
xyz0=( 17.580053 30.188093 19.348394 )
xyz0=( 17.580053 30.188093 19.348394 )
xyz0=( 17.580462 30.186887 19.348372 )
xyz0=( 17.580462 30.186887 19.348372 )
xyz0=( 17.580869 30.185685 19.348349 )
xyz0=( 17.580869 30.185685 19.348349 )
xyz0=( 17.581274 30.184488 19.348327 )
xyz0=( 17.581274 30.184488 19.348327 )
xyz0=( 17.581675 30.183295 19.348304 )
xyz0=( 17.581675 30.183295 19.348304 )
xyz0=( 17.582074 30.182106 19.348281 )
xyz0=( 17.582074 30.182106 19.348281 )
xyz0=( 17.582471 30.180921 19.348259 )
xyz0=( 17.582471 30.180921 19.348259 )
xyz0=( 17.582865 30.179740 19.348236 )
xyz0=( 17.582865 30.179740 19.348236 )
xyz0=( 17.583256 30.178564 19.348213 )
xyz0=( 17.583256 30.178564 19.348213 )
xyz0=( 17.583645 30.177391 19.348189 )
xyz0=( 17.583645 30.177391 19.348189 )
xyz0=( 17.584032 30.176222 19.348166 )
xyz0=( 17.584032 30.176222 19.348166 )
xyz0=( 17.584416 30.175058 19.348143 )
xyz0=( 17.584416 30.175058 19.348143 )
xyz0=( 17.584797 30.173897 19.348119 )
xyz0=( 17.584797 30.173897 19.348119 )
xyz0=( 17.585177 30.172740 19.348095 )
xyz0=( 17.585177 30.172740 19.348095 )
xyz0=( 17.585554 30.171586 19.348072 )
xyz0=( 17.585554 30.171586 19.348072 )
xyz0=( 17.585928 30.170437 19.348048 )
xyz0=( 17.585928 30.170437 19.348048 )
xyz0=( 17.586301 30.169291 19.348024 )
xyz0=( 17.586301 30.169291 19.348024 )
xyz0=( 17.586671 30.168149 19.348000 )
xyz0=( 17.586671 30.168149 19.348000 )
xyz0=( 17.587039 30.167011 19.347976 )
xyz0=( 17.587039 30.167011 19.347976 )
xyz0=( 17.587404 30.165876 19.347951 )
xyz0=( 17.587404 30.165876 19.347951 )
xyz0=( 17.587767 30.164745 19.347927 )
xyz0=( 17.587767 30.164745 19.347927 )
xyz0=( 17.588129 30.163617 19.347902 )
xyz0=( 17.588129 30.163617 19.347902 )
xyz0=( 17.588488 30.162493 19.347878 )
xyz0=( 17.588488 30.162493 19.347878 )
xyz0=( 17.588845 30.161372 19.347853 )
xyz0=( 17.588845 30.161372 19.347853 )
xyz0=( 17.589199 30.160255 19.347828 )
xyz0=( 17.589199 30.160255 19.347828 )
xyz0=( 17.589552 30.159141 19.347803 )
xyz0=( 17.589552 30.159141 19.347803 )
xyz0=( 17.589903 30.158030 19.347778 )
xyz0=( 17.589903 30.158030 19.347778 )
xyz0=( 17.590251 30.156923 19.347753 )
xyz0=( 17.590251 30.156923 19.347753 )
xyz0=( 17.590598 30.155819 19.347728 )
xyz0=( 17.590598 30.155819 19.347728 )
xyz0=( 17.590942 30.154718 19.347703 )
xyz0=( 17.590942 30.154718 19.347703 )
xyz0=( 17.591285 30.153621 19.347677 )
xyz0=( 17.591285 30.153621 19.347677 )
xyz0=( 17.591625 30.152526 19.347652 )
xyz0=( 17.591625 30.152526 19.347652 )
xyz0=( 17.591964 30.151435 19.347626 )
xyz0=( 17.591964 30.151435 19.347626 )
xyz0=( 17.592300 30.150347 19.347600 )
xyz0=( 17.592300 30.150347 19.347600 )
xyz0=( 17.592635 30.149262 19.347575 )
xyz0=( 17.592635 30.149262 19.347575 )
xyz0=( 17.592968 30.148180 19.347549 )
xyz0=( 17.592968 30.148180 19.347549 )
xyz0=( 17.593299 30.147101 19.347523 )
xyz0=( 17.593299 30.147101 19.347523 )
xyz0=( 17.593628 30.146025 19.347497 )
xyz0=( 17.593628 30.146025 19.347497 )
xyz0=( 17.593955 30.144952 19.347471 )
xyz0=( 17.593955 30.144952 19.347471 )
xyz0=( 17.594281 30.143883 19.347444 )
xyz0=( 17.594281 30.143883 19.347444 )
xyz0=( 17.594604 30.142816 19.347418 )
xyz0=( 17.594604 30.142816 19.347418 )
xyz0=( 17.594926 30.141751 19.347392 )
xyz0=( 17.594926 30.141751 19.347392 )
xyz0=( 17.595246 30.140690 19.347365 )
xyz0=( 17.595246 30.140690 19.347365 )
xyz0=( 17.595564 30.139632 19.347339 )
xyz0=( 17.595564 30.139632 19.347339 )
xyz0=( 17.595881 30.138576 19.347312 )
xyz0=( 17.595881 30.138576 19.347312 )
xyz0=( 17.596195 30.137523 19.347285 )
xyz0=( 17.596195 30.137523 19.347285 )
xyz0=( 17.596508 30.136473 19.347258 )
xyz0=( 17.596508 30.136473 19.347258 )
xyz0=( 17.596820 30.135426 19.347232 )
xyz0=( 17.596820 30.135426 19.347232 )
xyz0=( 17.597129 30.134382 19.347205 )
xyz0=( 17.597129 30.134382 19.347205 )
xyz0=( 17.597437 30.133340 19.347178 )
xyz0=( 17.597437 30.133340 19.347178 )
xyz0=( 17.597744 30.132301 19.347150 )
xyz0=( 17.597744 30.132301 19.347150 )
xyz0=( 17.598048 30.131264 19.347123 )
xyz0=( 17.598048 30.131264 19.347123 )
xyz0=( 17.598351 30.130230 19.347096 )
xyz0=( 17.598351 30.130230 19.347096 )
xyz0=( 17.598653 30.129199 19.347069 )
xyz0=( 17.598653 30.129199 19.347069 )
xyz0=( 17.598952 30.128170 19.347041 )
xyz0=( 17.598952 30.128170 19.347041 )
xyz0=( 17.599250 30.127144 19.347014 )
xyz0=( 17.599250 30.127144 19.347014 )
xyz0=( 17.599547 30.126121 19.346986 )
xyz0=( 17.599547 30.126121 19.346986 )
xyz0=( 17.599842 30.125100 19.346958 )
xyz0=( 17.599842 30.125100 19.346958 )
xyz0=( 17.600136 30.124081 19.346930 )
xyz0=( 17.600136 30.124081 19.346930 )
xyz0=( 17.600427 30.123065 19.346903 )
xyz0=( 17.600427 30.123065 19.346903 )
xyz0=( 17.600718 30.122051 19.346875 )
xyz0=( 17.600718 30.122051 19.346875 )
xyz0=( 17.601007 30.121040 19.346847 )
xyz0=( 17.601007 30.121040 19.346847 )
xyz0=( 17.601294 30.120031 19.346819 )
xyz0=( 17.601294 30.120031 19.346819 )
xyz0=( 17.601580 30.119025 19.346791 )
xyz0=( 17.601580 30.119025 19.346791 )
xyz0=( 17.601864 30.118021 19.346762 )
xyz0=( 17.601864 30.118021 19.346762 )
xyz0=( 17.602147 30.117020 19.346734 )
xyz0=( 17.602147 30.117020 19.346734 )
xyz0=( 17.602429 30.116020 19.346706 )
xyz0=( 17.602429 30.116020 19.346706 )
xyz0=( 17.602709 30.115023 19.346677 )
xyz0=( 17.602709 30.115023 19.346677 )
xyz0=( 17.602987 30.114029 19.346649 )
xyz0=( 17.602987 30.114029 19.346649 )
xyz0=( 17.603264 30.113036 19.346620 )
xyz0=( 17.603264 30.113036 19.346620 )
xyz0=( 17.603540 30.112046 19.346592 )
xyz0=( 17.603540 30.112046 19.346592 )
xyz0=( 17.603815 30.111058 19.346563 )
xyz0=( 17.603815 30.111058 19.346563 )
xyz0=( 17.604087 30.110073 19.346534 )
xyz0=( 17.604087 30.110073 19.346534 )
xyz0=( 17.604359 30.109089 19.346505 )
xyz0=( 17.604359 30.109089 19.346505 )
xyz0=( 17.604629 30.108108 19.346477 )
xyz0=( 17.604629 30.108108 19.346477 )
xyz0=( 17.604898 30.107129 19.346448 )
xyz0=( 17.604898 30.107129 19.346448 )
xyz0=( 17.605165 30.106152 19.346419 )
xyz0=( 17.605165 30.106152 19.346419 )
xyz0=( 17.605432 30.105178 19.346390 )
xyz0=( 17.605432 30.105178 19.346390 )
xyz0=( 17.605696 30.104205 19.346360 )
xyz0=( 17.605696 30.104205 19.346360 )
xyz0=( 17.605960 30.103235 19.346331 )
xyz0=( 17.605960 30.103235 19.346331 )
xyz0=( 17.606222 30.102266 19.346302 )
xyz0=( 17.606222 30.102266 19.346302 )
xyz0=( 17.606483 30.101300 19.346273 )
xyz0=( 17.606483 30.101300 19.346273 )
xyz0=( 17.606742 30.100336 19.346243 )
xyz0=( 17.606742 30.100336 19.346243 )
xyz0=( 17.607001 30.099374 19.346214 )
xyz0=( 17.607001 30.099374 19.346214 )
xyz0=( 17.607258 30.098414 19.346184 )
xyz0=( 17.607258 30.098414 19.346184 )
xyz0=( 17.607513 30.097456 19.346155 )
xyz0=( 17.607513 30.097456 19.346155 )
xyz0=( 17.607768 30.096500 19.346125 )
xyz0=( 17.607768 30.096500 19.346125 )
xyz0=( 17.608021 30.095546 19.346095 )
xyz0=( 17.608021 30.095546 19.346095 )
xyz0=( 17.608273 30.094594 19.346065 )
xyz0=( 17.608273 30.094594 19.346065 )
xyz0=( 17.608524 30.093644 19.346036 )
xyz0=( 17.608524 30.093644 19.346036 )
xyz0=( 17.608773 30.092696 19.346006 )
xyz0=( 17.608773 30.092696 19.346006 )
xyz0=( 17.609021 30.091750 19.345976 )
xyz0=( 17.609021 30.091750 19.345976 )
xyz0=( 17.609269 30.090805 19.345946 )
xyz0=( 17.609269 30.090805 19.345946 )
xyz0=( 17.609514 30.089863 19.345916 )
xyz0=( 17.609514 30.089863 19.345916 )
xyz0=( 17.609759 30.088923 19.345886 )
xyz0=( 17.609759 30.088923 19.345886 )
xyz0=( 17.610003 30.087984 19.345855 )
xyz0=( 17.610003 30.087984 19.345855 )
xyz0=( 17.610245 30.087048 19.345825 )
xyz0=( 17.610245 30.087048 19.345825 )
xyz0=( 17.610486 30.086113 19.345795 )
xyz0=( 17.610486 30.086113 19.345795 )
xyz0=( 17.610726 30.085180 19.345764 )
xyz0=( 17.610726 30.085180 19.345764 )
xyz0=( 17.610965 30.084249 19.345734 )
xyz0=( 17.610965 30.084249 19.345734 )
xyz0=( 17.611203 30.083320 19.345704 )
xyz0=( 17.611203 30.083320 19.345704 )
xyz0=( 17.611439 30.082392 19.345673 )
xyz0=( 17.611439 30.082392 19.345673 )
xyz0=( 17.611675 30.081467 19.345642 )
xyz0=( 17.611675 30.081467 19.345642 )
xyz0=( 17.611909 30.080543 19.345612 )
xyz0=( 17.611909 30.080543 19.345612 )
xyz0=( 17.612142 30.079621 19.345581 )
xyz0=( 17.612142 30.079621 19.345581 )
xyz0=( 17.612374 30.078701 19.345550 )
xyz0=( 17.612374 30.078701 19.345550 )
xyz0=( 17.612605 30.077782 19.345520 )
xyz0=( 17.612605 30.077782 19.345520 )
xyz0=( 17.612835 30.076865 19.345489 )
xyz0=( 17.612835 30.076865 19.345489 )
xyz0=( 17.613064 30.075950 19.345458 )
xyz0=( 17.613064 30.075950 19.345458 )
xyz0=( 17.613292 30.075037 19.345427 )
xyz0=( 17.613292 30.075037 19.345427 )
xyz0=( 17.613518 30.074125 19.345396 )
xyz0=( 17.613518 30.074125 19.345396 )
xyz0=( 17.613744 30.073215 19.345365 )
xyz0=( 17.613744 30.073215 19.345365 )
xyz0=( 17.613968 30.072307 19.345334 )
xyz0=( 17.613968 30.072307 19.345334 )
xyz0=( 17.614192 30.071401 19.345302 )
xyz0=( 17.614192 30.071401 19.345302 )
xyz0=( 17.614414 30.070496 19.345271 )
xyz0=( 17.614414 30.070496 19.345271 )
xyz0=( 17.614635 30.069593 19.345240 )
xyz0=( 17.614635 30.069593 19.345240 )
xyz0=( 17.614856 30.068691 19.345209 )
xyz0=( 17.614856 30.068691 19.345209 )
xyz0=( 17.615075 30.067791 19.345177 )
xyz0=( 17.615075 30.067791 19.345177 )
xyz0=( 17.615293 30.066893 19.345146 )
xyz0=( 17.615293 30.066893 19.345146 )
xyz0=( 17.615511 30.065996 19.345114 )
xyz0=( 17.615511 30.065996 19.345114 )
xyz0=( 17.615727 30.065101 19.345083 )
xyz0=( 17.615727 30.065101 19.345083 )
xyz0=( 17.615942 30.064208 19.345051 )
xyz0=( 17.615942 30.064208 19.345051 )
xyz0=( 17.616156 30.063316 19.345020 )
xyz0=( 17.616156 30.063316 19.345020 )
xyz0=( 17.616370 30.062426 19.344988 )
xyz0=( 17.616370 30.062426 19.344988 )
xyz0=( 17.616582 30.061537 19.344956 )
xyz0=( 17.616582 30.061537 19.344956 )
xyz0=( 17.616793 30.060650 19.344924 )
xyz0=( 17.616793 30.060650 19.344924 )
xyz0=( 17.617003 30.059764 19.344893 )
xyz0=( 17.617003 30.059764 19.344893 )
xyz0=( 17.617213 30.058880 19.344861 )
xyz0=( 17.617213 30.058880 19.344861 )
xyz0=( 17.617421 30.057997 19.344829 )
xyz0=( 17.617421 30.057997 19.344829 )
xyz0=( 17.617629 30.057116 19.344797 )
xyz0=( 17.617629 30.057116 19.344797 )
xyz0=( 17.617835 30.056237 19.344765 )
xyz0=( 17.617835 30.056237 19.344765 )
xyz0=( 17.618040 30.055359 19.344733 )
xyz0=( 17.618040 30.055359 19.344733 )
xyz0=( 17.618245 30.054482 19.344701 )
xyz0=( 17.618245 30.054482 19.344701 )
xyz0=( 17.618449 30.053607 19.344668 )
xyz0=( 17.618449 30.053607 19.344668 )
xyz0=( 17.618651 30.052734 19.344636 )
xyz0=( 17.618651 30.052734 19.344636 )
xyz0=( 17.618853 30.051862 19.344604 )
xyz0=( 17.618853 30.051862 19.344604 )
xyz0=( 17.619054 30.050991 19.344572 )
xyz0=( 17.619054 30.050991 19.344572 )
xyz0=( 17.619254 30.050122 19.344539 )
xyz0=( 17.619254 30.050122 19.344539 )
xyz0=( 17.619453 30.049254 19.344507 )
xyz0=( 17.619453 30.049254 19.344507 )
xyz0=( 17.619651 30.048388 19.344475 )
xyz0=( 17.619651 30.048388 19.344475 )
xyz0=( 17.619848 30.047523 19.344442 )
xyz0=( 17.619848 30.047523 19.344442 )
xyz0=( 17.620044 30.046660 19.344410 )
xyz0=( 17.620044 30.046660 19.344410 )
xyz0=( 17.620240 30.045798 19.344377 )
xyz0=( 17.620240 30.045798 19.344377 )
xyz0=( 17.620434 30.044937 19.344344 )
xyz0=( 17.620434 30.044937 19.344344 )
xyz0=( 17.620628 30.044078 19.344312 )
xyz0=( 17.620628 30.044078 19.344312 )
xyz0=( 17.620821 30.043220 19.344279 )
xyz0=( 17.620821 30.043220 19.344279 )
xyz0=( 17.621013 30.042364 19.344246 )
xyz0=( 17.621013 30.042364 19.344246 )
xyz0=( 17.621204 30.041509 19.344213 )
xyz0=( 17.621204 30.041509 19.344213 )
xyz0=( 17.621394 30.040655 19.344181 )
xyz0=( 17.621394 30.040655 19.344181 )
xyz0=( 17.621583 30.039803 19.344148 )
xyz0=( 17.621583 30.039803 19.344148 )
xyz0=( 17.621772 30.038952 19.344115 )
xyz0=( 17.621772 30.038952 19.344115 )
xyz0=( 17.621959 30.038102 19.344082 )
xyz0=( 17.621959 30.038102 19.344082 )
xyz0=( 17.622146 30.037254 19.344049 )
xyz0=( 17.622146 30.037254 19.344049 )
xyz0=( 17.622332 30.036407 19.344016 )
xyz0=( 17.622332 30.036407 19.344016 )
xyz0=( 17.622517 30.035561 19.343983 )
xyz0=( 17.622517 30.035561 19.343983 )
xyz0=( 17.622701 30.034717 19.343950 )
xyz0=( 17.622701 30.034717 19.343950 )
xyz0=( 17.622884 30.033874 19.343916 )
xyz0=( 17.622884 30.033874 19.343916 )
xyz0=( 17.623067 30.033032 19.343883 )
xyz0=( 17.623067 30.033032 19.343883 )
xyz0=( 17.623249 30.032192 19.343850 )
xyz0=( 17.623249 30.032192 19.343850 )
xyz0=( 17.623430 30.031353 19.343817 )
xyz0=( 17.623430 30.031353 19.343817 )
xyz0=( 17.623610 30.030515 19.343783 )
xyz0=( 17.623610 30.030515 19.343783 )
xyz0=( 17.623789 30.029678 19.343750 )
xyz0=( 17.623789 30.029678 19.343750 )
xyz0=( 17.623968 30.028843 19.343716 )
xyz0=( 17.623968 30.028843 19.343716 )
xyz0=( 17.624145 30.028009 19.343683 )
xyz0=( 17.624145 30.028009 19.343683 )
xyz0=( 17.624322 30.027176 19.343650 )
xyz0=( 17.624322 30.027176 19.343650 )
xyz0=( 17.624499 30.026344 19.343616 )
xyz0=( 17.624499 30.026344 19.343616 )
xyz0=( 17.624674 30.025514 19.343582 )
xyz0=( 17.624674 30.025514 19.343582 )
xyz0=( 17.624848 30.024685 19.343549 )
xyz0=( 17.624848 30.024685 19.343549 )
xyz0=( 17.625022 30.023857 19.343515 )
xyz0=( 17.625022 30.023857 19.343515 )
xyz0=( 17.625195 30.023031 19.343481 )
xyz0=( 17.625195 30.023031 19.343481 )
xyz0=( 17.625367 30.022205 19.343448 )
xyz0=( 17.625367 30.022205 19.343448 )
xyz0=( 17.625539 30.021381 19.343414 )
xyz0=( 17.625539 30.021381 19.343414 )
xyz0=( 17.625710 30.020558 19.343380 )
xyz0=( 17.625710 30.020558 19.343380 )
xyz0=( 17.625880 30.019736 19.343346 )
xyz0=( 17.625880 30.019736 19.343346 )
xyz0=( 17.626049 30.018916 19.343312 )
xyz0=( 17.626049 30.018916 19.343312 )
xyz0=( 17.626217 30.018096 19.343278 )
xyz0=( 17.626217 30.018096 19.343278 )
xyz0=( 17.626385 30.017278 19.343244 )
xyz0=( 17.626385 30.017278 19.343244 )
xyz0=( 17.626552 30.016461 19.343210 )
xyz0=( 17.626552 30.016461 19.343210 )
xyz0=( 17.626718 30.015645 19.343176 )
xyz0=( 17.626718 30.015645 19.343176 )
xyz0=( 17.626883 30.014830 19.343142 )
xyz0=( 17.626883 30.014830 19.343142 )
xyz0=( 17.627048 30.014017 19.343108 )
xyz0=( 17.627048 30.014017 19.343108 )
xyz0=( 17.627212 30.013204 19.343074 )
xyz0=( 17.627212 30.013204 19.343074 )
xyz0=( 17.627375 30.012393 19.343040 )
xyz0=( 17.627375 30.012393 19.343040 )
xyz0=( 17.627538 30.011583 19.343006 )
xyz0=( 17.627538 30.011583 19.343006 )
xyz0=( 17.627700 30.010774 19.342971 )
xyz0=( 17.627700 30.010774 19.342971 )
xyz0=( 17.627861 30.009966 19.342937 )
xyz0=( 17.627861 30.009966 19.342937 )
xyz0=( 17.628021 30.009159 19.342903 )
xyz0=( 17.628021 30.009159 19.342903 )
xyz0=( 17.628181 30.008354 19.342868 )
xyz0=( 17.628181 30.008354 19.342868 )
xyz0=( 17.628340 30.007549 19.342834 )
xyz0=( 17.628340 30.007549 19.342834 )
xyz0=( 17.628498 30.006746 19.342799 )
xyz0=( 17.628498 30.006746 19.342799 )
xyz0=( 17.628655 30.005943 19.342765 )
xyz0=( 17.628655 30.005943 19.342765 )
xyz0=( 17.628812 30.005142 19.342730 )
xyz0=( 17.628812 30.005142 19.342730 )
xyz0=( 17.628968 30.004342 19.342696 )
xyz0=( 17.628968 30.004342 19.342696 )
xyz0=( 17.629124 30.003543 19.342661 )
xyz0=( 17.629124 30.003543 19.342661 )
xyz0=( 17.629279 30.002745 19.342627 )
xyz0=( 17.629279 30.002745 19.342627 )
xyz0=( 17.629433 30.001948 19.342592 )
xyz0=( 17.629433 30.001948 19.342592 )
xyz0=( 17.629586 30.001152 19.342557 )
xyz0=( 17.629586 30.001152 19.342557 )
xyz0=( 17.629739 30.000358 19.342522 )
xyz0=( 17.629739 30.000358 19.342522 )
xyz0=( 17.629891 29.999564 19.342488 )
xyz0=( 17.629891 29.999564 19.342488 )
xyz0=( 17.630042 29.998772 19.342453 )
xyz0=( 17.630042 29.998772 19.342453 )
xyz0=( 17.630193 29.997980 19.342418 )
xyz0=( 17.630193 29.997980 19.342418 )
xyz0=( 17.630343 29.997189 19.342383 )
xyz0=( 17.630343 29.997189 19.342383 )
xyz0=( 17.630492 29.996400 19.342348 )
xyz0=( 17.630492 29.996400 19.342348 )
xyz0=( 17.630641 29.995612 19.342313 )
xyz0=( 17.630641 29.995612 19.342313 )
xyz0=( 17.630789 29.994824 19.342278 )
xyz0=( 17.630789 29.994824 19.342278 )
xyz0=( 17.630936 29.994038 19.342243 )
xyz0=( 17.630936 29.994038 19.342243 )
xyz0=( 17.631083 29.993252 19.342208 )
xyz0=( 17.631083 29.993252 19.342208 )
xyz0=( 17.631229 29.992468 19.342173 )
xyz0=( 17.631229 29.992468 19.342173 )
xyz0=( 17.631374 29.991685 19.342138 )
xyz0=( 17.631374 29.991685 19.342138 )
xyz0=( 17.631519 29.990903 19.342103 )
xyz0=( 17.631519 29.990903 19.342103 )
xyz0=( 17.631663 29.990121 19.342068 )
xyz0=( 17.631663 29.990121 19.342068 )
xyz0=( 17.631807 29.989341 19.342033 )
xyz0=( 17.631807 29.989341 19.342033 )
xyz0=( 17.631949 29.988562 19.341997 )
xyz0=( 17.631949 29.988562 19.341997 )
xyz0=( 17.632092 29.987783 19.341962 )
xyz0=( 17.632092 29.987783 19.341962 )
xyz0=( 17.632233 29.987006 19.341927 )
xyz0=( 17.632233 29.987006 19.341927 )
xyz0=( 17.632374 29.986230 19.341891 )
xyz0=( 17.632374 29.986230 19.341891 )
xyz0=( 17.632514 29.985454 19.341856 )
xyz0=( 17.632514 29.985454 19.341856 )
xyz0=( 17.632654 29.984680 19.341821 )
xyz0=( 17.632654 29.984680 19.341821 )
xyz0=( 17.632793 29.983907 19.341785 )
xyz0=( 17.632793 29.983907 19.341785 )
xyz0=( 17.632931 29.983134 19.341750 )
xyz0=( 17.632931 29.983134 19.341750 )
xyz0=( 17.633069 29.982363 19.341714 )
xyz0=( 17.633069 29.982363 19.341714 )
xyz0=( 17.633206 29.981592 19.341679 )
xyz0=( 17.633206 29.981592 19.341679 )
xyz0=( 17.633343 29.980823 19.341643 )
xyz0=( 17.633343 29.980823 19.341643 )
xyz0=( 17.633479 29.980054 19.341607 )
xyz0=( 17.633479 29.980054 19.341607 )
xyz0=( 17.633614 29.979286 19.341572 )
xyz0=( 17.633614 29.979286 19.341572 )
xyz0=( 17.633749 29.978520 19.341536 )
xyz0=( 17.633749 29.978520 19.341536 )
xyz0=( 17.633883 29.977754 19.341500 )
xyz0=( 17.633883 29.977754 19.341500 )
xyz0=( 17.634017 29.976989 19.341465 )
xyz0=( 17.634017 29.976989 19.341465 )
xyz0=( 17.634150 29.976225 19.341429 )
xyz0=( 17.634150 29.976225 19.341429 )
xyz0=( 17.634282 29.975462 19.341393 )
xyz0=( 17.634282 29.975462 19.341393 )
xyz0=( 17.634414 29.974700 19.341357 )
xyz0=( 17.634414 29.974700 19.341357 )
xyz0=( 17.634545 29.973939 19.341322 )
xyz0=( 17.634545 29.973939 19.341322 )
xyz0=( 17.634676 29.973179 19.341286 )
xyz0=( 17.634676 29.973179 19.341286 )
xyz0=( 17.634806 29.972419 19.341250 )
xyz0=( 17.634806 29.972419 19.341250 )
xyz0=( 17.634935 29.971661 19.341214 )
xyz0=( 17.634935 29.971661 19.341214 )
xyz0=( 17.635064 29.970904 19.341178 )
xyz0=( 17.635064 29.970904 19.341178 )
xyz0=( 17.635192 29.970147 19.341142 )
xyz0=( 17.635192 29.970147 19.341142 )
xyz0=( 17.635320 29.969391 19.341106 )
xyz0=( 17.635320 29.969391 19.341106 )
xyz0=( 17.635447 29.968636 19.341070 )
xyz0=( 17.635447 29.968636 19.341070 )
xyz0=( 17.635574 29.967882 19.341034 )
xyz0=( 17.635574 29.967882 19.341034 )
xyz0=( 17.635700 29.967129 19.340997 )
xyz0=( 17.635700 29.967129 19.340997 )
xyz0=( 17.635825 29.966377 19.340961 )
xyz0=( 17.635825 29.966377 19.340961 )
xyz0=( 17.635950 29.965626 19.340925 )
xyz0=( 17.635950 29.965626 19.340925 )
xyz0=( 17.636074 29.964876 19.340889 )
xyz0=( 17.636074 29.964876 19.340889 )
xyz0=( 17.636198 29.964126 19.340853 )
xyz0=( 17.636198 29.964126 19.340853 )
xyz0=( 17.636321 29.963377 19.340816 )
xyz0=( 17.636321 29.963377 19.340816 )
xyz0=( 17.636443 29.962630 19.340780 )
xyz0=( 17.636443 29.962630 19.340780 )
xyz0=( 17.636566 29.961883 19.340744 )
xyz0=( 17.636566 29.961883 19.340744 )
xyz0=( 17.636687 29.961137 19.340707 )
xyz0=( 17.636687 29.961137 19.340707 )
xyz0=( 17.636808 29.960391 19.340671 )
xyz0=( 17.636808 29.960391 19.340671 )
xyz0=( 17.636928 29.959647 19.340635 )
xyz0=( 17.636928 29.959647 19.340635 )
xyz0=( 17.637048 29.958903 19.340598 )
xyz0=( 17.637048 29.958903 19.340598 )
xyz0=( 17.637167 29.958161 19.340562 )
xyz0=( 17.637167 29.958161 19.340562 )
xyz0=( 17.637286 29.957419 19.340525 )
xyz0=( 17.637286 29.957419 19.340525 )
xyz0=( 17.637404 29.956678 19.340489 )
xyz0=( 17.637404 29.956678 19.340489 )
xyz0=( 17.637522 29.955938 19.340452 )
xyz0=( 17.637522 29.955938 19.340452 )
xyz0=( 17.637639 29.955198 19.340415 )
xyz0=( 17.637639 29.955198 19.340415 )
xyz0=( 17.637756 29.954460 19.340379 )
xyz0=( 17.637756 29.954460 19.340379 )
xyz0=( 17.637872 29.953722 19.340342 )
xyz0=( 17.637872 29.953722 19.340342 )
xyz0=( 17.637987 29.952985 19.340306 )
xyz0=( 17.637987 29.952985 19.340306 )
xyz0=( 17.638102 29.952249 19.340269 )
xyz0=( 17.638102 29.952249 19.340269 )
xyz0=( 17.638217 29.951514 19.340232 )
xyz0=( 17.638217 29.951514 19.340232 )
xyz0=( 17.638331 29.950779 19.340195 )
xyz0=( 17.638331 29.950779 19.340195 )
xyz0=( 17.638444 29.950046 19.340159 )
xyz0=( 17.638444 29.950046 19.340159 )
xyz0=( 17.638557 29.949313 19.340122 )
xyz0=( 17.638557 29.949313 19.340122 )
xyz0=( 17.638669 29.948581 19.340085 )
xyz0=( 17.638669 29.948581 19.340085 )
xyz0=( 17.638781 29.947850 19.340048 )
xyz0=( 17.638781 29.947850 19.340048 )
xyz0=( 17.638893 29.947119 19.340011 )
xyz0=( 17.638893 29.947119 19.340011 )
xyz0=( 17.639004 29.946390 19.339974 )
xyz0=( 17.639004 29.946390 19.339974 )
xyz0=( 17.639114 29.945661 19.339937 )
xyz0=( 17.639114 29.945661 19.339937 )
xyz0=( 17.639224 29.944933 19.339900 )
xyz0=( 17.639224 29.944933 19.339900 )
xyz0=( 17.639333 29.944205 19.339863 )
xyz0=( 17.639333 29.944205 19.339863 )
xyz0=( 17.639442 29.943479 19.339826 )
xyz0=( 17.639442 29.943479 19.339826 )
xyz0=( 17.639550 29.942753 19.339789 )
xyz0=( 17.639550 29.942753 19.339789 )
xyz0=( 17.639658 29.942028 19.339752 )
xyz0=( 17.639658 29.942028 19.339752 )
xyz0=( 17.639765 29.941304 19.339715 )
xyz0=( 17.639765 29.941304 19.339715 )
xyz0=( 17.639872 29.940581 19.339678 )
xyz0=( 17.639872 29.940581 19.339678 )
xyz0=( 17.639978 29.939858 19.339641 )
xyz0=( 17.639978 29.939858 19.339641 )
xyz0=( 17.640084 29.939136 19.339603 )
xyz0=( 17.640084 29.939136 19.339603 )
xyz0=( 17.640189 29.938415 19.339566 )
xyz0=( 17.640189 29.938415 19.339566 )
xyz0=( 17.640294 29.937695 19.339529 )
xyz0=( 17.640294 29.937695 19.339529 )
xyz0=( 17.640398 29.936975 19.339492 )
xyz0=( 17.640398 29.936975 19.339492 )
xyz0=( 17.640502 29.936256 19.339454 )
xyz0=( 17.640502 29.936256 19.339454 )
xyz0=( 17.640606 29.935538 19.339417 )
xyz0=( 17.640606 29.935538 19.339417 )
xyz0=( 17.640708 29.934821 19.339380 )
xyz0=( 17.640708 29.934821 19.339380 )
xyz0=( 17.640811 29.934104 19.339342 )
xyz0=( 17.640811 29.934104 19.339342 )
xyz0=( 17.640913 29.933389 19.339305 )
xyz0=( 17.640913 29.933389 19.339305 )
xyz0=( 17.641014 29.932673 19.339268 )
xyz0=( 17.641014 29.932673 19.339268 )
xyz0=( 17.641115 29.931959 19.339230 )
xyz0=( 17.641115 29.931959 19.339230 )
xyz0=( 17.641215 29.931245 19.339193 )
xyz0=( 17.641215 29.931245 19.339193 )
xyz0=( 17.641315 29.930533 19.339155 )
xyz0=( 17.641315 29.930533 19.339155 )
xyz0=( 17.641415 29.929820 19.339118 )
xyz0=( 17.641415 29.929820 19.339118 )
xyz0=( 17.641514 29.929109 19.339080 )
xyz0=( 17.641514 29.929109 19.339080 )
xyz0=( 17.641612 29.928398 19.339042 )
xyz0=( 17.641612 29.928398 19.339042 )
xyz0=( 17.641710 29.927688 19.339005 )
xyz0=( 17.641710 29.927688 19.339005 )
xyz0=( 17.641808 29.926979 19.338967 )
xyz0=( 17.641808 29.926979 19.338967 )
xyz0=( 17.641905 29.926270 19.338929 )
xyz0=( 17.641905 29.926270 19.338929 )
xyz0=( 17.642002 29.925562 19.338892 )
xyz0=( 17.642002 29.925562 19.338892 )
xyz0=( 17.642098 29.924855 19.338854 )
xyz0=( 17.642098 29.924855 19.338854 )
xyz0=( 17.642194 29.924149 19.338816 )
xyz0=( 17.642194 29.924149 19.338816 )
xyz0=( 17.642289 29.923443 19.338779 )
xyz0=( 17.642289 29.923443 19.338779 )
xyz0=( 17.642384 29.922738 19.338741 )
xyz0=( 17.642384 29.922738 19.338741 )
xyz0=( 17.642478 29.922034 19.338703 )
xyz0=( 17.642478 29.922034 19.338703 )
xyz0=( 17.642572 29.921330 19.338665 )
xyz0=( 17.642572 29.921330 19.338665 )
xyz0=( 17.642666 29.920627 19.338627 )
xyz0=( 17.642666 29.920627 19.338627 )
xyz0=( 17.642759 29.919925 19.338589 )
xyz0=( 17.642759 29.919925 19.338589 )
xyz0=( 17.642851 29.919223 19.338552 )
xyz0=( 17.642851 29.919223 19.338552 )
xyz0=( 17.642943 29.918523 19.338514 )
xyz0=( 17.642943 29.918523 19.338514 )
xyz0=( 17.643035 29.917822 19.338476 )
xyz0=( 17.643035 29.917822 19.338476 )
xyz0=( 17.643126 29.917123 19.338438 )
xyz0=( 17.643126 29.917123 19.338438 )
xyz0=( 17.643217 29.916424 19.338400 )
xyz0=( 17.643217 29.916424 19.338400 )
