xyz0=( 17.054416 30.887357 19.311865 )
xyz0=( 17.054416 30.887357 19.311865 )
xyz0=( 17.019226 30.911057 19.307648 )
xyz0=( 17.019226 30.911057 19.307648 )
xyz0=( 16.993594 30.927357 19.304502 )
xyz0=( 16.993594 30.927357 19.304502 )
xyz0=( 14.929987 29.711840 18.857477 )
xyz0=( 14.929987 29.711840 18.857477 )
xyz0=( 14.930752 29.696235 18.856412 )
xyz0=( 14.930752 29.696235 18.856412 )
xyz0=( 14.931634 29.681499 18.855434 )
xyz0=( 14.931634 29.681499 18.855434 )
xyz0=( 14.932618 29.667500 18.854530 )
xyz0=( 14.932618 29.667500 18.854530 )
xyz0=( 14.933688 29.654137 18.853689 )
xyz0=( 14.933688 29.654137 18.853689 )
xyz0=( 14.934835 29.641330 18.852904 )
xyz0=( 14.934835 29.641330 18.852904 )
xyz0=( 14.936050 29.629016 18.852168 )
xyz0=( 14.936050 29.629016 18.852168 )
xyz0=( 14.937326 29.617140 18.851477 )
xyz0=( 14.937326 29.617140 18.851477 )
xyz0=( 14.938657 29.605658 18.850825 )
xyz0=( 14.938657 29.605658 18.850825 )
xyz0=( 14.940038 29.594535 18.850209 )
xyz0=( 14.940038 29.594535 18.850209 )
xyz0=( 14.941466 29.583739 18.849626 )
xyz0=( 14.941466 29.583739 18.849626 )
xyz0=( 14.942935 29.573241 18.849073 )
xyz0=( 14.942935 29.573241 18.849073 )
xyz0=( 14.944444 29.563020 18.848549 )
xyz0=( 14.944444 29.563020 18.848549 )
xyz0=( 14.945990 29.553054 18.848050 )
xyz0=( 14.945990 29.553054 18.848050 )
xyz0=( 14.947570 29.543325 18.847575 )
xyz0=( 14.947570 29.543325 18.847575 )
xyz0=( 14.949181 29.533817 18.847122 )
xyz0=( 14.949181 29.533817 18.847122 )
xyz0=( 14.950823 29.524515 18.846691 )
xyz0=( 14.950823 29.524515 18.846691 )
xyz0=( 14.952494 29.515408 18.846279 )
xyz0=( 14.952494 29.515408 18.846279 )
xyz0=( 14.954191 29.506483 18.845886 )
xyz0=( 14.954191 29.506483 18.845886 )
xyz0=( 14.955914 29.497731 18.845511 )
xyz0=( 14.955914 29.497731 18.845511 )
xyz0=( 14.957661 29.489141 18.845152 )
xyz0=( 14.957661 29.489141 18.845152 )
xyz0=( 14.959431 29.480705 18.844809 )
xyz0=( 14.959431 29.480705 18.844809 )
xyz0=( 14.961223 29.472416 18.844480 )
xyz0=( 14.961223 29.472416 18.844480 )
xyz0=( 14.963037 29.464265 18.844167 )
xyz0=( 14.963037 29.464265 18.844167 )
xyz0=( 14.964870 29.456247 18.843866 )
xyz0=( 14.964870 29.456247 18.843866 )
xyz0=( 14.966723 29.448356 18.843579 )
xyz0=( 14.966723 29.448356 18.843579 )
xyz0=( 14.968595 29.440585 18.843304 )
xyz0=( 14.968595 29.440585 18.843304 )
xyz0=( 14.970485 29.432930 18.843042 )
xyz0=( 14.970485 29.432930 18.843042 )
xyz0=( 14.972392 29.425385 18.842790 )
xyz0=( 14.972392 29.425385 18.842790 )
xyz0=( 14.974316 29.417947 18.842550 )
xyz0=( 14.974316 29.417947 18.842550 )
xyz0=( 14.976256 29.410610 18.842320 )
xyz0=( 14.976256 29.410610 18.842320 )
xyz0=( 14.978212 29.403372 18.842101 )
xyz0=( 14.978212 29.403372 18.842101 )
xyz0=( 14.980183 29.396228 18.841891 )
xyz0=( 14.980183 29.396228 18.841891 )
xyz0=( 14.982169 29.389175 18.841691 )
xyz0=( 14.982169 29.389175 18.841691 )
xyz0=( 14.984169 29.382210 18.841500 )
xyz0=( 14.984169 29.382210 18.841500 )
xyz0=( 14.986183 29.375330 18.841318 )
xyz0=( 14.986183 29.375330 18.841318 )
xyz0=( 15.132392 30.494812 18.952203 )
xyz0=( 15.132392 30.494812 18.952203 )
xyz0=( 15.155041 30.530324 18.958809 )
xyz0=( 15.155041 30.530324 18.958809 )
xyz0=( 15.171930 30.555309 18.963620 )
xyz0=( 15.171930 30.555309 18.963620 )
xyz0=( 17.557929 30.248559 19.349235 )
xyz0=( 17.557929 30.248559 19.349235 )
xyz0=( 17.563564 30.233948 19.349081 )
xyz0=( 17.563564 30.233948 19.349081 )
xyz0=( 17.568737 30.220088 19.348906 )
xyz0=( 17.568737 30.220088 19.348906 )
xyz0=( 17.573519 30.206865 19.348712 )
xyz0=( 17.573519 30.206865 19.348712 )
xyz0=( 17.577963 30.194192 19.348503 )
xyz0=( 17.577963 30.194192 19.348503 )
xyz0=( 17.582111 30.181998 19.348279 )
xyz0=( 17.582111 30.181998 19.348279 )
xyz0=( 17.585996 30.170228 19.348043 )
xyz0=( 17.585996 30.170228 19.348043 )
xyz0=( 17.589648 30.158838 19.347796 )
xyz0=( 17.589648 30.158838 19.347796 )
xyz0=( 17.593089 30.147787 19.347539 )
xyz0=( 17.593089 30.147787 19.347539 )
xyz0=( 17.596338 30.137046 19.347273 )
xyz0=( 17.596338 30.137046 19.347273 )
xyz0=( 17.599412 30.126586 19.346998 )
xyz0=( 17.599412 30.126586 19.346998 )
xyz0=( 17.602327 30.116383 19.346716 )
xyz0=( 17.602327 30.116383 19.346716 )
xyz0=( 17.605093 30.106419 19.346427 )
xyz0=( 17.605093 30.106419 19.346427 )
xyz0=( 17.607722 30.096674 19.346130 )
xyz0=( 17.607722 30.096674 19.346130 )
xyz0=( 17.610223 30.087133 19.345828 )
xyz0=( 17.610223 30.087133 19.345828 )
xyz0=( 17.612605 30.077782 19.345520 )
xyz0=( 17.612605 30.077782 19.345520 )
xyz0=( 17.614876 30.068609 19.345206 )
xyz0=( 17.614876 30.068609 19.345206 )
xyz0=( 17.617042 30.059603 19.344887 )
xyz0=( 17.617042 30.059603 19.344887 )
xyz0=( 17.619109 30.050754 19.344563 )
xyz0=( 17.619109 30.050754 19.344563 )
xyz0=( 17.621082 30.042053 19.344234 )
xyz0=( 17.621082 30.042053 19.344234 )
xyz0=( 17.622968 30.033491 19.343901 )
xyz0=( 17.622968 30.033491 19.343901 )
xyz0=( 17.624769 30.025062 19.343564 )
xyz0=( 17.624769 30.025062 19.343564 )
xyz0=( 17.626491 30.016758 19.343223 )
xyz0=( 17.626491 30.016758 19.343223 )
xyz0=( 17.628137 30.008573 19.342878 )
xyz0=( 17.628137 30.008573 19.342878 )
xyz0=( 17.629711 30.000502 19.342529 )
xyz0=( 17.629711 30.000502 19.342529 )
xyz0=( 17.631216 29.992539 19.342176 )
xyz0=( 17.631216 29.992539 19.342176 )
xyz0=( 17.632654 29.984680 19.341821 )
xyz0=( 17.632654 29.984680 19.341821 )
xyz0=( 17.634029 29.976920 19.341461 )
xyz0=( 17.634029 29.976920 19.341461 )
xyz0=( 17.635343 29.969254 19.341099 )
xyz0=( 17.635343 29.969254 19.341099 )
xyz0=( 17.636599 29.961679 19.340734 )
xyz0=( 17.636599 29.961679 19.340734 )
xyz0=( 17.637798 29.954191 19.340366 )
xyz0=( 17.637798 29.954191 19.340366 )
xyz0=( 17.638943 29.946788 19.339994 )
xyz0=( 17.638943 29.946788 19.339994 )
xyz0=( 17.640036 29.939464 19.339620 )
xyz0=( 17.640036 29.939464 19.339620 )
xyz0=( 17.641078 29.932219 19.339244 )
xyz0=( 17.641078 29.932219 19.339244 )
xyz0=( 17.642072 29.925048 19.338864 )
xyz0=( 17.642072 29.925048 19.338864 )
xyz0=( 17.643018 29.917950 19.338483 )
xyz0=( 17.643018 29.917950 19.338483 )
