order:    [ 1 10 11 0 16 15 14 18 17 13 9 5 6 12 4 8 2 3 7 ]
atoms:    [ CA CA C N C CA N HA H HA N CA C H N HA C HA H ]
residues: [ 0 2 2 0 3 3 3 3 3 2 2 1 1 2 1 1 0 0 1 ]

d_17_13=3.287192979670 eijMax=4.255E-03 rmsd=1.605E-01 s=[ 0 0 0 0 1 1 0 0 0 1 0 0 1 1 0 1 0 0 1 ]
d_17_13=3.287393179870 eijMax=3.927E-03 rmsd=1.536E-01 s=[ 0 0 0 0 1 1 0 0 0 1 0 0 1 1 0 1 0 0 1 ]
d_17_13=3.287593380070 eijMax=3.629E-03 rmsd=1.470E-01 s=[ 0 0 0 0 1 1 0 0 0 1 0 0 1 1 0 1 0 0 1 ]
d_17_13=3.287793580270 eijMax=3.357E-03 rmsd=1.408E-01 s=[ 0 0 0 0 1 1 0 0 0 1 0 0 1 1 0 1 0 0 1 ]
d_17_13=3.287993780470 eijMax=3.107E-03 rmsd=1.348E-01 s=[ 0 0 0 0 1 1 0 0 0 1 0 0 1 1 0 1 0 0 1 ]
d_17_13=3.288193980671 eijMax=2.877E-03 rmsd=1.290E-01 s=[ 0 0 0 0 1 1 0 0 0 1 0 0 1 1 0 1 0 0 1 ]
d_17_13=3.288394180871 eijMax=2.663E-03 rmsd=1.235E-01 s=[ 0 0 0 0 1 1 0 0 0 1 0 0 1 1 0 1 0 0 1 ]
d_17_13=3.288594381071 eijMax=2.464E-03 rmsd=1.181E-01 s=[ 0 0 0 0 1 1 0 0 0 1 0 0 1 1 0 1 0 0 1 ]
d_17_13=3.288794581271 eijMax=2.279E-03 rmsd=1.129E-01 s=[ 0 0 0 0 1 1 0 0 0 1 0 0 1 1 0 1 0 0 1 ]
d_17_13=3.288994781471 eijMax=2.107E-03 rmsd=1.079E-01 s=[ 0 0 0 0 1 1 0 0 0 1 0 0 1 1 0 1 0 0 1 ]
d_17_13=3.289194981672 eijMax=1.945E-03 rmsd=1.029E-01 s=[ 0 0 0 0 1 1 0 0 0 1 0 0 1 1 0 1 0 0 1 ]
d_17_13=3.289395181872 eijMax=1.793E-03 rmsd=9.812E-02 s=[ 0 0 0 0 1 1 0 0 0 1 0 0 1 1 0 1 0 0 1 ]
d_17_13=3.289595382072 eijMax=1.651E-03 rmsd=9.342E-02 s=[ 0 0 0 0 1 1 0 0 0 1 0 0 1 1 0 1 0 0 1 ]
d_17_13=3.289795582272 eijMax=1.518E-03 rmsd=8.881E-02 s=[ 0 0 0 0 1 1 0 0 0 1 0 0 1 1 0 1 0 0 1 ]
d_17_13=3.289995782472 eijMax=1.393E-03 rmsd=8.429E-02 s=[ 0 0 0 0 1 1 0 0 0 1 0 0 1 1 0 1 0 0 1 ]
d_17_13=3.290195982673 eijMax=1.275E-03 rmsd=7.986E-02 s=[ 0 0 0 0 1 1 0 0 0 1 0 0 1 1 0 1 0 0 1 ]
d_17_13=3.290396182873 eijMax=1.165E-03 rmsd=7.551E-02 s=[ 0 0 0 0 1 1 0 0 0 1 0 0 1 1 0 1 0 0 1 ]
d_17_13=3.290596383073 eijMax=1.061E-03 rmsd=7.124E-02 s=[ 0 0 0 0 1 1 0 0 0 1 0 0 1 1 0 1 0 0 1 ]
d_17_13=3.290796583273 eijMax=9.633E-04 rmsd=6.703E-02 s=[ 0 0 0 0 1 1 0 0 0 1 0 0 1 1 0 1 0 0 1 ]
d_17_13=3.290996783473 eijMax=8.717E-04 rmsd=6.289E-02 s=[ 0 0 0 0 1 1 0 0 0 1 0 0 1 1 0 1 0 0 1 ]
d_17_13=3.291196983674 eijMax=7.857E-04 rmsd=5.881E-02 s=[ 0 0 0 0 1 1 0 0 0 1 0 0 1 1 0 1 0 0 1 ]
d_17_13=3.291397183874 eijMax=7.050E-04 rmsd=5.479E-02 s=[ 0 0 0 0 1 1 0 0 0 1 0 0 1 1 0 1 0 0 1 ]
d_17_13=3.291597384074 eijMax=6.294E-04 rmsd=5.082E-02 s=[ 0 0 0 0 1 1 0 0 0 1 0 0 1 1 0 1 0 0 1 ]
d_17_13=3.291797584274 eijMax=5.587E-04 rmsd=4.690E-02 s=[ 0 0 0 0 1 1 0 0 0 1 0 0 1 1 0 1 0 0 1 ]
d_17_13=3.291997784474 eijMax=4.925E-04 rmsd=4.303E-02 s=[ 0 0 0 0 1 1 0 0 0 1 0 0 1 1 0 1 0 0 1 ]
d_17_13=3.292197984675 eijMax=4.308E-04 rmsd=3.921E-02 s=[ 0 0 0 0 1 1 0 0 0 1 0 0 1 1 0 1 0 0 1 ]
d_17_13=3.292398184875 eijMax=3.733E-04 rmsd=3.544E-02 s=[ 0 0 0 0 1 1 0 0 0 1 0 0 1 1 0 1 0 0 1 ]
d_17_13=3.292598385075 eijMax=3.199E-04 rmsd=3.170E-02 s=[ 0 0 0 0 1 1 0 0 0 1 0 0 1 1 0 1 0 0 1 ]
d_17_13=3.292798585275 eijMax=2.704E-04 rmsd=2.801E-02 s=[ 0 0 0 0 1 1 0 0 0 1 0 0 1 1 0 1 0 0 1 ]
d_17_13=3.292998785475 eijMax=2.246E-04 rmsd=2.435E-02 s=[ 0 0 0 0 1 1 0 0 0 1 0 0 1 1 0 1 0 0 1 ]
d_17_13=3.293198985676 eijMax=1.825E-04 rmsd=2.073E-02 s=[ 0 0 0 0 1 1 0 0 0 1 0 0 1 1 0 1 0 0 1 ]
d_17_13=3.293399185876 eijMax=1.438E-04 rmsd=1.715E-02 s=[ 0 0 0 0 1 1 0 0 0 1 0 0 1 1 0 1 0 0 1 ]
d_17_13=3.293599386076 eijMax=1.085E-04 rmsd=1.360E-02 s=[ 0 0 0 0 1 1 0 0 0 1 0 0 1 1 0 1 0 0 1 ]
d_17_13=3.293799586276 eijMax=7.649E-05 rmsd=1.008E-02 s=[ 0 0 0 0 1 1 0 0 0 1 0 0 1 1 0 1 0 0 1 ]
d_17_13=3.293999786476 eijMax=4.760E-05 rmsd=6.594E-03 s=[ 0 0 0 0 1 1 0 0 0 1 0 0 1 1 0 1 0 0 1 ]
d_17_13=3.294199986677 eijMax=2.176E-05 rmsd=3.140E-03 s=[ 0 0 0 0 1 1 0 0 0 1 0 0 1 1 0 1 0 0 1 ]
d_17_13=3.294400186877 eijMax=1.114E-06 rmsd=2.058E-04 s=[ 0 0 0 0 1 1 0 0 0 1 0 0 1 1 0 1 0 0 0 ]
d_17_13=3.294600387077 eijMax=2.112E-05 rmsd=3.560E-03 s=[ 0 0 0 0 1 1 0 0 0 1 0 0 1 1 0 1 0 0 0 ]
d_17_13=3.294800587277 eijMax=3.835E-05 rmsd=6.933E-03 s=[ 0 0 0 0 1 1 0 0 0 1 0 0 1 1 0 1 0 0 0 ]
d_17_13=3.295000787477 eijMax=5.286E-05 rmsd=1.028E-02 s=[ 0 0 0 0 1 1 0 0 0 1 0 0 1 1 0 1 0 0 0 ]
d_17_13=3.295200987678 eijMax=6.474E-05 rmsd=1.360E-02 s=[ 0 0 0 0 1 1 0 0 0 1 0 0 1 1 0 1 0 0 0 ]
d_17_13=3.295401187878 eijMax=7.405E-05 rmsd=1.690E-02 s=[ 0 0 0 0 1 1 0 0 0 1 0 0 1 1 0 1 0 0 0 ]
d_17_13=3.287192979670 eijMax=4.255E-03 rmsd=1.605E-01 s=[ 0 0 0 1 0 0 1 1 0 0 1 1 0 0 1 0 1 1 0 ]
d_17_13=3.287393179870 eijMax=3.927E-03 rmsd=1.536E-01 s=[ 0 0 0 1 0 0 1 1 0 0 1 1 0 0 1 0 1 1 0 ]
d_17_13=3.287593380070 eijMax=3.629E-03 rmsd=1.470E-01 s=[ 0 0 0 1 0 0 1 1 0 0 1 1 0 0 1 0 1 1 0 ]
d_17_13=3.287793580270 eijMax=3.357E-03 rmsd=1.408E-01 s=[ 0 0 0 1 0 0 1 1 0 0 1 1 0 0 1 0 1 1 0 ]
d_17_13=3.287993780470 eijMax=3.107E-03 rmsd=1.348E-01 s=[ 0 0 0 1 0 0 1 1 0 0 1 1 0 0 1 0 1 1 0 ]
d_17_13=3.288193980671 eijMax=2.877E-03 rmsd=1.290E-01 s=[ 0 0 0 1 0 0 1 1 0 0 1 1 0 0 1 0 1 1 0 ]
d_17_13=3.288394180871 eijMax=2.663E-03 rmsd=1.235E-01 s=[ 0 0 0 1 0 0 1 1 0 0 1 1 0 0 1 0 1 1 0 ]
d_17_13=3.288594381071 eijMax=2.464E-03 rmsd=1.181E-01 s=[ 0 0 0 1 0 0 1 1 0 0 1 1 0 0 1 0 1 1 0 ]
d_17_13=3.288794581271 eijMax=2.279E-03 rmsd=1.129E-01 s=[ 0 0 0 1 0 0 1 1 0 0 1 1 0 0 1 0 1 1 0 ]
d_17_13=3.288994781471 eijMax=2.107E-03 rmsd=1.079E-01 s=[ 0 0 0 1 0 0 1 1 0 0 1 1 0 0 1 0 1 1 0 ]
d_17_13=3.289194981672 eijMax=1.945E-03 rmsd=1.029E-01 s=[ 0 0 0 1 0 0 1 1 0 0 1 1 0 0 1 0 1 1 0 ]
d_17_13=3.289395181872 eijMax=1.793E-03 rmsd=9.812E-02 s=[ 0 0 0 1 0 0 1 1 0 0 1 1 0 0 1 0 1 1 0 ]
d_17_13=3.289595382072 eijMax=1.651E-03 rmsd=9.342E-02 s=[ 0 0 0 1 0 0 1 1 0 0 1 1 0 0 1 0 1 1 0 ]
d_17_13=3.289795582272 eijMax=1.518E-03 rmsd=8.881E-02 s=[ 0 0 0 1 0 0 1 1 0 0 1 1 0 0 1 0 1 1 0 ]
d_17_13=3.289995782472 eijMax=1.393E-03 rmsd=8.429E-02 s=[ 0 0 0 1 0 0 1 1 0 0 1 1 0 0 1 0 1 1 0 ]
d_17_13=3.290195982673 eijMax=1.275E-03 rmsd=7.986E-02 s=[ 0 0 0 1 0 0 1 1 0 0 1 1 0 0 1 0 1 1 0 ]
d_17_13=3.290396182873 eijMax=1.165E-03 rmsd=7.551E-02 s=[ 0 0 0 1 0 0 1 1 0 0 1 1 0 0 1 0 1 1 0 ]
d_17_13=3.290596383073 eijMax=1.061E-03 rmsd=7.124E-02 s=[ 0 0 0 1 0 0 1 1 0 0 1 1 0 0 1 0 1 1 0 ]
d_17_13=3.290796583273 eijMax=9.633E-04 rmsd=6.703E-02 s=[ 0 0 0 1 0 0 1 1 0 0 1 1 0 0 1 0 1 1 0 ]
d_17_13=3.290996783473 eijMax=8.717E-04 rmsd=6.289E-02 s=[ 0 0 0 1 0 0 1 1 0 0 1 1 0 0 1 0 1 1 0 ]
d_17_13=3.291196983674 eijMax=7.857E-04 rmsd=5.881E-02 s=[ 0 0 0 1 0 0 1 1 0 0 1 1 0 0 1 0 1 1 0 ]
d_17_13=3.291397183874 eijMax=7.050E-04 rmsd=5.479E-02 s=[ 0 0 0 1 0 0 1 1 0 0 1 1 0 0 1 0 1 1 0 ]
d_17_13=3.291597384074 eijMax=6.294E-04 rmsd=5.082E-02 s=[ 0 0 0 1 0 0 1 1 0 0 1 1 0 0 1 0 1 1 0 ]
d_17_13=3.291797584274 eijMax=5.587E-04 rmsd=4.690E-02 s=[ 0 0 0 1 0 0 1 1 0 0 1 1 0 0 1 0 1 1 0 ]
d_17_13=3.291997784474 eijMax=4.925E-04 rmsd=4.303E-02 s=[ 0 0 0 1 0 0 1 1 0 0 1 1 0 0 1 0 1 1 0 ]
d_17_13=3.292197984675 eijMax=4.308E-04 rmsd=3.921E-02 s=[ 0 0 0 1 0 0 1 1 0 0 1 1 0 0 1 0 1 1 0 ]
d_17_13=3.292398184875 eijMax=3.733E-04 rmsd=3.544E-02 s=[ 0 0 0 1 0 0 1 1 0 0 1 1 0 0 1 0 1 1 0 ]
d_17_13=3.292598385075 eijMax=3.199E-04 rmsd=3.170E-02 s=[ 0 0 0 1 0 0 1 1 0 0 1 1 0 0 1 0 1 1 0 ]
d_17_13=3.292798585275 eijMax=2.704E-04 rmsd=2.801E-02 s=[ 0 0 0 1 0 0 1 1 0 0 1 1 0 0 1 0 1 1 0 ]
d_17_13=3.292998785475 eijMax=2.246E-04 rmsd=2.435E-02 s=[ 0 0 0 1 0 0 1 1 0 0 1 1 0 0 1 0 1 1 0 ]
d_17_13=3.293198985676 eijMax=1.825E-04 rmsd=2.073E-02 s=[ 0 0 0 1 0 0 1 1 0 0 1 1 0 0 1 0 1 1 0 ]
d_17_13=3.293399185876 eijMax=1.438E-04 rmsd=1.715E-02 s=[ 0 0 0 1 0 0 1 1 0 0 1 1 0 0 1 0 1 1 0 ]
d_17_13=3.293599386076 eijMax=1.085E-04 rmsd=1.360E-02 s=[ 0 0 0 1 0 0 1 1 0 0 1 1 0 0 1 0 1 1 0 ]
d_17_13=3.293799586276 eijMax=7.649E-05 rmsd=1.008E-02 s=[ 0 0 0 1 0 0 1 1 0 0 1 1 0 0 1 0 1 1 0 ]
d_17_13=3.293999786476 eijMax=4.760E-05 rmsd=6.594E-03 s=[ 0 0 0 1 0 0 1 1 0 0 1 1 0 0 1 0 1 1 0 ]
d_17_13=3.294199986677 eijMax=2.176E-05 rmsd=3.140E-03 s=[ 0 0 0 1 0 0 1 1 0 0 1 1 0 0 1 0 1 1 0 ]
d_17_13=3.294400186877 eijMax=1.114E-06 rmsd=2.058E-04 s=[ 0 0 0 1 0 0 1 1 0 0 1 1 0 0 1 0 1 1 1 ]
d_17_13=3.294600387077 eijMax=2.112E-05 rmsd=3.560E-03 s=[ 0 0 0 1 0 0 1 1 0 0 1 1 0 0 1 0 1 1 1 ]
d_17_13=3.294800587277 eijMax=3.835E-05 rmsd=6.933E-03 s=[ 0 0 0 1 0 0 1 1 0 0 1 1 0 0 1 0 1 1 1 ]
d_17_13=3.295000787477 eijMax=5.286E-05 rmsd=1.028E-02 s=[ 0 0 0 1 0 0 1 1 0 0 1 1 0 0 1 0 1 1 1 ]
d_17_13=3.295200987678 eijMax=6.474E-05 rmsd=1.360E-02 s=[ 0 0 0 1 0 0 1 1 0 0 1 1 0 0 1 0 1 1 1 ]
d_17_13=3.295401187878 eijMax=7.405E-05 rmsd=1.690E-02 s=[ 0 0 0 1 0 0 1 1 0 0 1 1 0 0 1 0 1 1 1 ]
num ..... 1000
nnodes .. 19
nedges .. 75
nsols ... 168
nnonhsols 84
tsecs ... 9.028894
