order:    [ 1 10 11 0 16 15 14 18 17 13 9 5 6 12 4 8 2 3 7 ]
atoms:    [ CA CA C N C CA N HA H HA N CA C H N HA C HA H ]
residues: [ 0 2 2 0 3 3 3 3 3 2 2 1 1 2 1 1 0 0 1 ]

We use a different pair of symbles to represent the bits values which are associated with the HA and H of the discretized distance, and another one to represent the bits of other hydrogens.
For the HA and H from the discretized distance:
	"+" means 0
	"-" means 1
For any other hydrogens:
	">" means 0
	"<" means 1

d_17_13=3.287192979670 s=[ 0 0 0 0 1 1 0 > + - 0 0 1 < 0 < 0 > < ] xyz9=( 21.422266, 45.287552, 7.779162 )

d_17_13=3.287393179870 s=[ 0 0 0 0 1 1 0 > + - 0 0 1 < 0 < 0 > < ] xyz9=( 21.422476, 45.287283, 7.779459 )

d_17_13=3.287593380070 s=[ 0 0 0 0 1 1 0 > + - 0 0 1 < 0 < 0 > < ] xyz9=( 21.422686, 45.287015, 7.779755 )

d_17_13=3.287793580270 s=[ 0 0 0 0 1 1 0 > + - 0 0 1 < 0 < 0 > < ] xyz9=( 21.422896, 45.286746, 7.780052 )

d_17_13=3.287993780470 s=[ 0 0 0 0 1 1 0 > + - 0 0 1 < 0 < 0 > < ] xyz9=( 21.423106, 45.286478, 7.780349 )

d_17_13=3.288193980671 s=[ 0 0 0 0 1 1 0 > + - 0 0 1 < 0 < 0 > < ] xyz9=( 21.423316, 45.286209, 7.780646 )

d_17_13=3.288394180871 s=[ 0 0 0 0 1 1 0 > + - 0 0 1 < 0 < 0 > < ] xyz9=( 21.423527, 45.285941, 7.780943 )

d_17_13=3.288594381071 s=[ 0 0 0 0 1 1 0 > + - 0 0 1 < 0 < 0 > < ] xyz9=( 21.423737, 45.285673, 7.781240 )

d_17_13=3.288794581271 s=[ 0 0 0 0 1 1 0 > + - 0 0 1 < 0 < 0 > < ] xyz9=( 21.423948, 45.285405, 7.781538 )

d_17_13=3.288994781471 s=[ 0 0 0 0 1 1 0 > + - 0 0 1 < 0 < 0 > < ] xyz9=( 21.424159, 45.285136, 7.781835 )

d_17_13=3.289194981672 s=[ 0 0 0 0 1 1 0 > + - 0 0 1 < 0 < 0 > < ] xyz9=( 21.424369, 45.284868, 7.782133 )

d_17_13=3.289395181872 s=[ 0 0 0 0 1 1 0 > + - 0 0 1 < 0 < 0 > < ] xyz9=( 21.424581, 45.284600, 7.782431 )

d_17_13=3.289595382072 s=[ 0 0 0 0 1 1 0 > + - 0 0 1 < 0 < 0 > < ] xyz9=( 21.424792, 45.284332, 7.782728 )

d_17_13=3.289795582272 s=[ 0 0 0 0 1 1 0 > + - 0 0 1 < 0 < 0 > < ] xyz9=( 21.425003, 45.284064, 7.783026 )

d_17_13=3.289995782472 s=[ 0 0 0 0 1 1 0 > + - 0 0 1 < 0 < 0 > < ] xyz9=( 21.425215, 45.283796, 7.783324 )

d_17_13=3.290195982673 s=[ 0 0 0 0 1 1 0 > + - 0 0 1 < 0 < 0 > < ] xyz9=( 21.425426, 45.283529, 7.783622 )

d_17_13=3.290396182873 s=[ 0 0 0 0 1 1 0 > + - 0 0 1 < 0 < 0 > < ] xyz9=( 21.425638, 45.283261, 7.783921 )

d_17_13=3.290596383073 s=[ 0 0 0 0 1 1 0 > + - 0 0 1 < 0 < 0 > < ] xyz9=( 21.425850, 45.282993, 7.784219 )

d_17_13=3.290796583273 s=[ 0 0 0 0 1 1 0 > + - 0 0 1 < 0 < 0 > < ] xyz9=( 21.426062, 45.282725, 7.784518 )

d_17_13=3.290996783473 s=[ 0 0 0 0 1 1 0 > + - 0 0 1 < 0 < 0 > < ] xyz9=( 21.426274, 45.282458, 7.784816 )

d_17_13=3.291196983674 s=[ 0 0 0 0 1 1 0 > + - 0 0 1 < 0 < 0 > < ] xyz9=( 21.426487, 45.282190, 7.785115 )

d_17_13=3.291397183874 s=[ 0 0 0 0 1 1 0 > + - 0 0 1 < 0 < 0 > < ] xyz9=( 21.426699, 45.281923, 7.785414 )

d_17_13=3.291597384074 s=[ 0 0 0 0 1 1 0 > + - 0 0 1 < 0 < 0 > < ] xyz9=( 21.426912, 45.281655, 7.785713 )

d_17_13=3.291797584274 s=[ 0 0 0 0 1 1 0 > + - 0 0 1 < 0 < 0 > < ] xyz9=( 21.427125, 45.281388, 7.786012 )

d_17_13=3.291997784474 s=[ 0 0 0 0 1 1 0 > + - 0 0 1 < 0 < 0 > < ] xyz9=( 21.427338, 45.281120, 7.786311 )

d_17_13=3.292197984675 s=[ 0 0 0 0 1 1 0 > + - 0 0 1 < 0 < 0 > < ] xyz9=( 21.427551, 45.280853, 7.786610 )

d_17_13=3.292398184875 s=[ 0 0 0 0 1 1 0 > + - 0 0 1 < 0 < 0 > < ] xyz9=( 21.427764, 45.280586, 7.786910 )

d_17_13=3.292598385075 s=[ 0 0 0 0 1 1 0 > + - 0 0 1 < 0 < 0 > < ] xyz9=( 21.427977, 45.280319, 7.787209 )

d_17_13=3.292798585275 s=[ 0 0 0 0 1 1 0 > + - 0 0 1 < 0 < 0 > < ] xyz9=( 21.428191, 45.280052, 7.787509 )

d_17_13=3.292998785475 s=[ 0 0 0 0 1 1 0 > + - 0 0 1 < 0 < 0 > < ] xyz9=( 21.428404, 45.279785, 7.787809 )

d_17_13=3.293198985676 s=[ 0 0 0 0 1 1 0 > + - 0 0 1 < 0 < 0 > < ] xyz9=( 21.428618, 45.279518, 7.788109 )

d_17_13=3.293399185876 s=[ 0 0 0 0 1 1 0 > + - 0 0 1 < 0 < 0 > < ] xyz9=( 21.428832, 45.279251, 7.788409 )

d_17_13=3.293599386076 s=[ 0 0 0 0 1 1 0 > + - 0 0 1 < 0 < 0 > < ] xyz9=( 21.429046, 45.278984, 7.788709 )

d_17_13=3.293799586276 s=[ 0 0 0 0 1 1 0 > + - 0 0 1 < 0 < 0 > < ] xyz9=( 21.429260, 45.278717, 7.789009 )

d_17_13=3.293999786476 s=[ 0 0 0 0 1 1 0 > + - 0 0 1 < 0 < 0 > < ] xyz9=( 21.429475, 45.278450, 7.789309 )

d_17_13=3.294199986677 s=[ 0 0 0 0 1 1 0 > + - 0 0 1 < 0 < 0 > < ] xyz9=( 21.429689, 45.278183, 7.789610 )

d_17_13=3.294400186877 s=[ 0 0 0 0 1 1 0 > + - 0 0 1 < 0 < 0 > > ] xyz9=( 21.429904, 45.277917, 7.789910 )

d_17_13=3.294600387077 s=[ 0 0 0 0 1 1 0 > + - 0 0 1 < 0 < 0 > > ] xyz9=( 21.430119, 45.277650, 7.790211 )

d_17_13=3.294800587277 s=[ 0 0 0 0 1 1 0 > + - 0 0 1 < 0 < 0 > > ] xyz9=( 21.430334, 45.277383, 7.790512 )

d_17_13=3.295000787477 s=[ 0 0 0 0 1 1 0 > + - 0 0 1 < 0 < 0 > > ] xyz9=( 21.430549, 45.277117, 7.790813 )

d_17_13=3.295200987678 s=[ 0 0 0 0 1 1 0 > + - 0 0 1 < 0 < 0 > > ] xyz9=( 21.430764, 45.276850, 7.791114 )

d_17_13=3.295401187878 s=[ 0 0 0 0 1 1 0 > + - 0 0 1 < 0 < 0 > > ] xyz9=( 21.430980, 45.276584, 7.791415 )

d_17_13=3.287192979670 s=[ 0 0 0 1 0 0 1 < + + 1 1 0 > 1 > 1 < > ] xyz9=( 21.555361, 45.154818, 7.953723 )

d_17_13=3.287393179870 s=[ 0 0 0 1 0 0 1 < + + 1 1 0 > 1 > 1 < > ] xyz9=( 21.555105, 45.155014, 7.953408 )

d_17_13=3.287593380070 s=[ 0 0 0 1 0 0 1 < + + 1 1 0 > 1 > 1 < > ] xyz9=( 21.554848, 45.155211, 7.953093 )

d_17_13=3.287793580270 s=[ 0 0 0 1 0 0 1 < + + 1 1 0 > 1 > 1 < > ] xyz9=( 21.554591, 45.155408, 7.952777 )

d_17_13=3.287993780470 s=[ 0 0 0 1 0 0 1 < + + 1 1 0 > 1 > 1 < > ] xyz9=( 21.554334, 45.155605, 7.952462 )

d_17_13=3.288193980671 s=[ 0 0 0 1 0 0 1 < + + 1 1 0 > 1 > 1 < > ] xyz9=( 21.554077, 45.155803, 7.952146 )

d_17_13=3.288394180871 s=[ 0 0 0 1 0 0 1 < + + 1 1 0 > 1 > 1 < > ] xyz9=( 21.553821, 45.156000, 7.951831 )

d_17_13=3.288594381071 s=[ 0 0 0 1 0 0 1 < + + 1 1 0 > 1 > 1 < > ] xyz9=( 21.553564, 45.156198, 7.951515 )

d_17_13=3.288794581271 s=[ 0 0 0 1 0 0 1 < + + 1 1 0 > 1 > 1 < > ] xyz9=( 21.553307, 45.156396, 7.951200 )

d_17_13=3.288994781471 s=[ 0 0 0 1 0 0 1 < + + 1 1 0 > 1 > 1 < > ] xyz9=( 21.553050, 45.156594, 7.950884 )

d_17_13=3.289194981672 s=[ 0 0 0 1 0 0 1 < + + 1 1 0 > 1 > 1 < > ] xyz9=( 21.552794, 45.156792, 7.950568 )

d_17_13=3.289395181872 s=[ 0 0 0 1 0 0 1 < + + 1 1 0 > 1 > 1 < > ] xyz9=( 21.552537, 45.156991, 7.950252 )

d_17_13=3.289595382072 s=[ 0 0 0 1 0 0 1 < + + 1 1 0 > 1 > 1 < > ] xyz9=( 21.552280, 45.157189, 7.949936 )

d_17_13=3.289795582272 s=[ 0 0 0 1 0 0 1 < + + 1 1 0 > 1 > 1 < > ] xyz9=( 21.552024, 45.157388, 7.949620 )

d_17_13=3.289995782472 s=[ 0 0 0 1 0 0 1 < + + 1 1 0 > 1 > 1 < > ] xyz9=( 21.551767, 45.157587, 7.949304 )

d_17_13=3.290195982673 s=[ 0 0 0 1 0 0 1 < + + 1 1 0 > 1 > 1 < > ] xyz9=( 21.551510, 45.157786, 7.948988 )

d_17_13=3.290396182873 s=[ 0 0 0 1 0 0 1 < + + 1 1 0 > 1 > 1 < > ] xyz9=( 21.551254, 45.157986, 7.948672 )

d_17_13=3.290596383073 s=[ 0 0 0 1 0 0 1 < + + 1 1 0 > 1 > 1 < > ] xyz9=( 21.550997, 45.158185, 7.948356 )

d_17_13=3.290796583273 s=[ 0 0 0 1 0 0 1 < + + 1 1 0 > 1 > 1 < > ] xyz9=( 21.550741, 45.158385, 7.948040 )

d_17_13=3.290996783473 s=[ 0 0 0 1 0 0 1 < + + 1 1 0 > 1 > 1 < > ] xyz9=( 21.550484, 45.158585, 7.947724 )

d_17_13=3.291196983674 s=[ 0 0 0 1 0 0 1 < + + 1 1 0 > 1 > 1 < > ] xyz9=( 21.550227, 45.158785, 7.947407 )

d_17_13=3.291397183874 s=[ 0 0 0 1 0 0 1 < + + 1 1 0 > 1 > 1 < > ] xyz9=( 21.549971, 45.158985, 7.947091 )

d_17_13=3.291597384074 s=[ 0 0 0 1 0 0 1 < + + 1 1 0 > 1 > 1 < > ] xyz9=( 21.549714, 45.159186, 7.946775 )

d_17_13=3.291797584274 s=[ 0 0 0 1 0 0 1 < + + 1 1 0 > 1 > 1 < > ] xyz9=( 21.549458, 45.159386, 7.946458 )

d_17_13=3.291997784474 s=[ 0 0 0 1 0 0 1 < + + 1 1 0 > 1 > 1 < > ] xyz9=( 21.549201, 45.159587, 7.946142 )

d_17_13=3.292197984675 s=[ 0 0 0 1 0 0 1 < + + 1 1 0 > 1 > 1 < > ] xyz9=( 21.548945, 45.159788, 7.945825 )

d_17_13=3.292398184875 s=[ 0 0 0 1 0 0 1 < + + 1 1 0 > 1 > 1 < > ] xyz9=( 21.548688, 45.159990, 7.945508 )

d_17_13=3.292598385075 s=[ 0 0 0 1 0 0 1 < + + 1 1 0 > 1 > 1 < > ] xyz9=( 21.548432, 45.160191, 7.945192 )

d_17_13=3.292798585275 s=[ 0 0 0 1 0 0 1 < + + 1 1 0 > 1 > 1 < > ] xyz9=( 21.548175, 45.160393, 7.944875 )

d_17_13=3.292998785475 s=[ 0 0 0 1 0 0 1 < + + 1 1 0 > 1 > 1 < > ] xyz9=( 21.547919, 45.160594, 7.944558 )

d_17_13=3.293198985676 s=[ 0 0 0 1 0 0 1 < + + 1 1 0 > 1 > 1 < > ] xyz9=( 21.547662, 45.160796, 7.944241 )

d_17_13=3.293399185876 s=[ 0 0 0 1 0 0 1 < + + 1 1 0 > 1 > 1 < > ] xyz9=( 21.547406, 45.160998, 7.943924 )

d_17_13=3.293599386076 s=[ 0 0 0 1 0 0 1 < + + 1 1 0 > 1 > 1 < > ] xyz9=( 21.547149, 45.161201, 7.943607 )

d_17_13=3.293799586276 s=[ 0 0 0 1 0 0 1 < + + 1 1 0 > 1 > 1 < > ] xyz9=( 21.546893, 45.161403, 7.943290 )

d_17_13=3.293999786476 s=[ 0 0 0 1 0 0 1 < + + 1 1 0 > 1 > 1 < > ] xyz9=( 21.546637, 45.161606, 7.942973 )

d_17_13=3.294199986677 s=[ 0 0 0 1 0 0 1 < + + 1 1 0 > 1 > 1 < > ] xyz9=( 21.546380, 45.161809, 7.942656 )

d_17_13=3.294400186877 s=[ 0 0 0 1 0 0 1 < + + 1 1 0 > 1 > 1 < < ] xyz9=( 21.546124, 45.162012, 7.942339 )

d_17_13=3.294600387077 s=[ 0 0 0 1 0 0 1 < + + 1 1 0 > 1 > 1 < < ] xyz9=( 21.545868, 45.162215, 7.942022 )

d_17_13=3.294800587277 s=[ 0 0 0 1 0 0 1 < + + 1 1 0 > 1 > 1 < < ] xyz9=( 21.545611, 45.162419, 7.941704 )

d_17_13=3.295000787477 s=[ 0 0 0 1 0 0 1 < + + 1 1 0 > 1 > 1 < < ] xyz9=( 21.545355, 45.162622, 7.941387 )

d_17_13=3.295200987678 s=[ 0 0 0 1 0 0 1 < + + 1 1 0 > 1 > 1 < < ] xyz9=( 21.545099, 45.162826, 7.941070 )

d_17_13=3.295401187878 s=[ 0 0 0 1 0 0 1 < + + 1 1 0 > 1 > 1 < < ] xyz9=( 21.544842, 45.163030, 7.940752 )

