xyz9=( 15.007743 44.992940 10.315960 )
xyz9=( 15.007145 44.992922 10.315722 )
xyz9=( 15.006547 44.992904 10.315485 )
xyz9=( 15.006547 44.992904 10.315485 )
xyz9=( 15.005948 44.992885 10.315249 )
xyz9=( 15.005948 44.992885 10.315249 )
xyz9=( 15.005349 44.992867 10.315012 )
xyz9=( 15.005349 44.992867 10.315012 )
xyz9=( 15.004750 44.992849 10.314775 )
xyz9=( 15.004750 44.992849 10.314775 )
xyz9=( 15.004150 44.992832 10.314539 )
xyz9=( 15.004150 44.992832 10.314539 )
xyz9=( 15.003549 44.992814 10.314303 )
xyz9=( 15.003549 44.992814 10.314303 )
xyz9=( 15.003549 44.992814 10.314303 )
xyz9=( 15.002948 44.992796 10.314066 )
xyz9=( 15.002948 44.992796 10.314066 )
xyz9=( 15.002346 44.992779 10.313830 )
xyz9=( 15.002346 44.992779 10.313830 )
xyz9=( 15.001744 44.992761 10.313594 )
xyz9=( 15.001744 44.992761 10.313594 )
xyz9=( 15.001142 44.992744 10.313359 )
xyz9=( 15.001142 44.992744 10.313359 )
xyz9=( 15.000539 44.992727 10.313123 )
xyz9=( 15.000539 44.992727 10.313123 )
xyz9=( 14.999935 44.992710 10.312888 )
xyz9=( 14.999935 44.992710 10.312888 )
xyz9=( 14.999331 44.992693 10.312652 )
xyz9=( 14.999331 44.992693 10.312652 )
xyz9=( 14.998727 44.992676 10.312417 )
xyz9=( 14.998727 44.992676 10.312417 )
xyz9=( 14.998122 44.992659 10.312182 )
xyz9=( 14.998122 44.992659 10.312182 )
xyz9=( 14.997517 44.992642 10.311947 )
xyz9=( 14.997517 44.992642 10.311947 )
xyz9=( 14.996911 44.992626 10.311712 )
xyz9=( 14.996911 44.992626 10.311712 )
xyz9=( 14.996304 44.992609 10.311477 )
xyz9=( 14.996304 44.992609 10.311477 )
xyz9=( 14.995697 44.992593 10.311243 )
xyz9=( 14.995697 44.992593 10.311243 )
xyz9=( 14.995090 44.992577 10.311008 )
xyz9=( 14.995090 44.992577 10.311008 )
xyz9=( 14.994482 44.992561 10.310774 )
xyz9=( 14.994482 44.992561 10.310774 )
xyz9=( 14.993873 44.992544 10.310540 )
xyz9=( 14.993873 44.992544 10.310540 )
xyz9=( 15.801211 45.221756 11.199654 )
xyz9=( 15.801359 45.221953 11.200248 )
xyz9=( 15.801508 45.222150 11.200843 )
xyz9=( 15.801508 45.222150 11.200843 )
xyz9=( 15.801656 45.222348 11.201437 )
xyz9=( 15.801656 45.222348 11.201437 )
xyz9=( 15.801804 45.222545 11.202033 )
xyz9=( 15.801804 45.222545 11.202033 )
xyz9=( 15.801952 45.222743 11.202629 )
xyz9=( 15.801952 45.222743 11.202629 )
xyz9=( 15.802099 45.222940 11.203225 )
xyz9=( 15.802099 45.222940 11.203225 )
xyz9=( 15.802247 45.223138 11.203821 )
xyz9=( 15.802247 45.223138 11.203821 )
xyz9=( 15.802247 45.223138 11.203821 )
xyz9=( 15.802394 45.223337 11.204418 )
xyz9=( 15.802394 45.223337 11.204418 )
xyz9=( 15.802541 45.223535 11.205016 )
xyz9=( 15.802541 45.223535 11.205016 )
xyz9=( 15.802687 45.223733 11.205614 )
xyz9=( 15.802687 45.223733 11.205614 )
xyz9=( 15.802834 45.223932 11.206212 )
xyz9=( 15.802834 45.223932 11.206212 )
xyz9=( 15.802980 45.224131 11.206811 )
xyz9=( 15.802980 45.224131 11.206811 )
xyz9=( 15.803126 45.224330 11.207410 )
xyz9=( 15.803126 45.224330 11.207410 )
xyz9=( 15.803272 45.224529 11.208010 )
xyz9=( 15.803272 45.224529 11.208010 )
xyz9=( 15.803417 45.224728 11.208610 )
xyz9=( 15.803417 45.224728 11.208610 )
xyz9=( 15.803563 45.224928 11.209210 )
xyz9=( 15.803563 45.224928 11.209210 )
xyz9=( 15.803708 45.225128 11.209811 )
xyz9=( 15.803708 45.225128 11.209811 )
xyz9=( 15.803852 45.225328 11.210412 )
xyz9=( 15.803852 45.225328 11.210412 )
xyz9=( 15.803997 45.225528 11.211014 )
xyz9=( 15.803997 45.225528 11.211014 )
xyz9=( 15.804142 45.225728 11.211617 )
xyz9=( 15.804142 45.225728 11.211617 )
xyz9=( 15.804286 45.225929 11.212219 )
xyz9=( 15.804286 45.225929 11.212219 )
xyz9=( 15.804430 45.226129 11.212822 )
xyz9=( 15.804430 45.226129 11.212822 )
xyz9=( 15.804573 45.226330 11.213426 )
xyz9=( 15.804573 45.226330 11.213426 )
