order:    [ 1 10 11 0 16 15 14 18 17 13 9 5 6 12 4 8 2 3 7 ]
atoms:    [ CA CA C N C CA N HA H HA N CA C H N HA C HA H ]
residues: [ 0 2 2 0 3 3 3 3 3 2 2 1 1 2 1 1 0 0 1 ]

We use a different pair of symbles to represent the bits values which are associated with the HA and H of the discretized distance, and another one to represent the bits of other hydrogens.
For the HA and H from the discretized distance:
	"+" means 0
	"-" means 1
For any other hydrogens:
	">" means 0
	"<" means 1

d_17_13=3.521974544875 s=[ 0 0 0 0 1 1 0 > + - 0 0 1 > 0 < 1 > > ]

d_17_13=3.522174745075 s=[ 0 0 0 0 1 1 0 > + - 0 0 1 > 0 < 1 > > ]

d_17_13=3.522374945275 s=[ 0 0 0 0 1 1 0 > + - 0 0 1 > 0 < 1 > > ]
3.522374945275 s=[ 0 0 0 0 1 1 0 > + - 0 0 1 < 0 < 1 > > ]

d_17_13=3.522575145475 s=[ 0 0 0 0 1 1 0 > + - 0 0 1 > 0 < 1 > > ]
3.522575145475 s=[ 0 0 0 0 1 1 0 > + - 0 0 1 < 0 < 1 > > ]

d_17_13=3.522775345676 s=[ 0 0 0 0 1 1 0 > + - 0 0 1 > 0 < 1 > > ]
3.522775345676 s=[ 0 0 0 0 1 1 0 > + - 0 0 1 < 0 < 1 > > ]

d_17_13=3.522975545876 s=[ 0 0 0 0 1 1 0 > + - 0 0 1 > 0 < 1 > > ]
3.522975545876 s=[ 0 0 0 0 1 1 0 > + - 0 0 1 < 0 < 1 > > ]

d_17_13=3.523175746076 s=[ 0 0 0 0 1 1 0 > + - 0 0 1 > 0 < 1 > > ]
3.523175746076 s=[ 0 0 0 0 1 1 0 > + - 0 0 1 < 0 < 1 > > ]

d_17_13=3.523375946276 s=[ 0 0 0 0 1 1 0 > + - 0 0 0 > 0 < 1 > > ]

d_17_13=3.523375946276 s=[ 0 0 0 0 1 1 0 > + - 0 0 1 > 0 < 1 > > ]
3.523375946276 s=[ 0 0 0 0 1 1 0 > + - 0 0 1 < 0 < 1 > > ]

d_17_13=3.523576146476 s=[ 0 0 0 0 1 1 0 > + - 0 0 0 > 0 < 1 > > ]

d_17_13=3.523576146476 s=[ 0 0 0 0 1 1 0 > + - 0 0 1 < 0 < 1 > > ]

d_17_13=3.523776346677 s=[ 0 0 0 0 1 1 0 > + - 0 0 0 > 0 < 1 > > ]

d_17_13=3.523776346677 s=[ 0 0 0 0 1 1 0 > + - 0 0 1 < 0 < 1 > > ]

d_17_13=3.523976546877 s=[ 0 0 0 0 1 1 0 > + - 0 0 0 > 0 < 1 > > ]

d_17_13=3.523976546877 s=[ 0 0 0 0 1 1 0 > + - 0 0 1 < 0 < 1 > > ]

d_17_13=3.524176747077 s=[ 0 0 0 0 1 1 0 > + - 0 0 0 > 0 < 1 > > ]

d_17_13=3.524176747077 s=[ 0 0 0 0 1 1 0 > + - 0 0 1 < 0 < 1 > > ]

d_17_13=3.524376947277 s=[ 0 0 0 0 1 1 0 > + - 0 0 0 > 0 < 1 > > ]
3.524376947277 s=[ 0 0 0 0 1 1 0 > + - 0 0 0 < 0 < 1 > > ]

d_17_13=3.524577147477 s=[ 0 0 0 0 1 1 0 > + - 0 0 0 > 0 < 1 > > ]
3.524577147477 s=[ 0 0 0 0 1 1 0 > + - 0 0 0 < 0 < 1 > > ]

d_17_13=3.524777347678 s=[ 0 0 0 0 1 1 0 > + - 0 0 0 > 0 < 1 > > ]
3.524777347678 s=[ 0 0 0 0 1 1 0 > + - 0 0 0 < 0 < 1 > > ]

d_17_13=3.524977547878 s=[ 0 0 0 0 1 1 0 > + - 0 0 0 > 0 < 1 > > ]
3.524977547878 s=[ 0 0 0 0 1 1 0 > + - 0 0 0 < 0 < 1 > > ]

d_17_13=3.525177748078 s=[ 0 0 0 0 1 1 0 > + - 0 0 0 > 0 < 1 > > ]
3.525177748078 s=[ 0 0 0 0 1 1 0 > + - 0 0 0 < 0 < 1 > > ]

d_17_13=3.525377948278 s=[ 0 0 0 0 1 1 0 > + - 0 0 0 > 0 < 1 > > ]
3.525377948278 s=[ 0 0 0 0 1 1 0 > + - 0 0 0 < 0 < 1 > > ]

d_17_13=3.525578148478 s=[ 0 0 0 0 1 1 0 > + - 0 0 0 > 0 < 1 > > ]
3.525578148478 s=[ 0 0 0 0 1 1 0 > + - 0 0 0 < 0 < 1 > > ]

d_17_13=3.525778348679 s=[ 0 0 0 0 1 1 0 > + - 0 0 0 > 0 < 1 > > ]
3.525778348679 s=[ 0 0 0 0 1 1 0 > + - 0 0 0 < 0 < 1 > > ]

d_17_13=3.525978548879 s=[ 0 0 0 0 1 1 0 > + - 0 0 0 > 0 < 1 > > ]
3.525978548879 s=[ 0 0 0 0 1 1 0 > + - 0 0 0 < 0 < 1 > > ]

d_17_13=3.526178749079 s=[ 0 0 0 0 1 1 0 > + - 0 0 0 < 0 < 1 > > ]
3.526178749079 s=[ 0 0 0 0 1 1 0 > + - 0 0 0 > 0 < 1 > > ]

d_17_13=3.526378949279 s=[ 0 0 0 0 1 1 0 > + - 0 0 0 < 0 < 1 > > ]
3.526378949279 s=[ 0 0 0 0 1 1 0 > + - 0 0 0 > 0 < 1 > > ]

d_17_13=3.526579149479 s=[ 0 0 0 0 1 1 0 > + - 0 0 0 < 0 < 1 > > ]
3.526579149479 s=[ 0 0 0 0 1 1 0 > + - 0 0 0 > 0 < 1 > > ]

d_17_13=3.521974544875 s=[ 0 0 0 1 0 0 1 < + + 1 1 0 < 1 > 0 < > ]

d_17_13=3.522174745075 s=[ 0 0 0 1 0 0 1 < + + 1 1 0 < 1 > 0 < > ]

d_17_13=3.522374945275 s=[ 0 0 0 1 0 0 1 < + + 1 1 0 < 1 > 0 < > ]
3.522374945275 s=[ 0 0 0 1 0 0 1 < + + 1 1 0 > 1 > 0 < > ]

d_17_13=3.522575145475 s=[ 0 0 0 1 0 0 1 < + + 1 1 0 < 1 > 0 < > ]
3.522575145475 s=[ 0 0 0 1 0 0 1 < + + 1 1 0 > 1 > 0 < > ]

d_17_13=3.522775345676 s=[ 0 0 0 1 0 0 1 < + + 1 1 0 < 1 > 0 < > ]
3.522775345676 s=[ 0 0 0 1 0 0 1 < + + 1 1 0 > 1 > 0 < > ]

d_17_13=3.522975545876 s=[ 0 0 0 1 0 0 1 < + + 1 1 0 < 1 > 0 < > ]
3.522975545876 s=[ 0 0 0 1 0 0 1 < + + 1 1 0 > 1 > 0 < > ]

d_17_13=3.523175746076 s=[ 0 0 0 1 0 0 1 < + + 1 1 0 < 1 > 0 < > ]
3.523175746076 s=[ 0 0 0 1 0 0 1 < + + 1 1 0 > 1 > 0 < > ]

d_17_13=3.523375946276 s=[ 0 0 0 1 0 0 1 < + + 1 1 0 < 1 > 0 < > ]
3.523375946276 s=[ 0 0 0 1 0 0 1 < + + 1 1 0 > 1 > 0 < > ]

d_17_13=3.523375946276 s=[ 0 0 0 1 0 0 1 < + + 1 1 1 < 1 > 0 < > ]

d_17_13=3.523576146476 s=[ 0 0 0 1 0 0 1 < + + 1 1 0 > 1 > 0 < > ]

d_17_13=3.523576146476 s=[ 0 0 0 1 0 0 1 < + + 1 1 1 < 1 > 0 < > ]

d_17_13=3.523776346677 s=[ 0 0 0 1 0 0 1 < + + 1 1 0 > 1 > 0 < > ]

d_17_13=3.523776346677 s=[ 0 0 0 1 0 0 1 < + + 1 1 1 < 1 > 0 < > ]

d_17_13=3.523976546877 s=[ 0 0 0 1 0 0 1 < + + 1 1 0 > 1 > 0 < > ]

d_17_13=3.523976546877 s=[ 0 0 0 1 0 0 1 < + + 1 1 1 < 1 > 0 < > ]

d_17_13=3.524176747077 s=[ 0 0 0 1 0 0 1 < + + 1 1 0 > 1 > 0 < > ]

d_17_13=3.524176747077 s=[ 0 0 0 1 0 0 1 < + + 1 1 1 < 1 > 0 < > ]

d_17_13=3.524376947277 s=[ 0 0 0 1 0 0 1 < + + 1 1 1 < 1 > 0 < > ]
3.524376947277 s=[ 0 0 0 1 0 0 1 < + + 1 1 1 > 1 > 0 < > ]

d_17_13=3.524577147477 s=[ 0 0 0 1 0 0 1 < + + 1 1 1 < 1 > 0 < > ]
3.524577147477 s=[ 0 0 0 1 0 0 1 < + + 1 1 1 > 1 > 0 < > ]

d_17_13=3.524777347678 s=[ 0 0 0 1 0 0 1 < + + 1 1 1 < 1 > 0 < > ]
3.524777347678 s=[ 0 0 0 1 0 0 1 < + + 1 1 1 > 1 > 0 < > ]

d_17_13=3.524977547878 s=[ 0 0 0 1 0 0 1 < + + 1 1 1 < 1 > 0 < > ]
3.524977547878 s=[ 0 0 0 1 0 0 1 < + + 1 1 1 > 1 > 0 < > ]

d_17_13=3.525177748078 s=[ 0 0 0 1 0 0 1 < + + 1 1 1 < 1 > 0 < > ]
3.525177748078 s=[ 0 0 0 1 0 0 1 < + + 1 1 1 > 1 > 0 < > ]

d_17_13=3.525377948278 s=[ 0 0 0 1 0 0 1 < + + 1 1 1 < 1 > 0 < > ]
3.525377948278 s=[ 0 0 0 1 0 0 1 < + + 1 1 1 > 1 > 0 < > ]

d_17_13=3.525578148478 s=[ 0 0 0 1 0 0 1 < + + 1 1 1 < 1 > 0 < > ]
3.525578148478 s=[ 0 0 0 1 0 0 1 < + + 1 1 1 > 1 > 0 < > ]

d_17_13=3.525778348679 s=[ 0 0 0 1 0 0 1 < + + 1 1 1 < 1 > 0 < > ]
3.525778348679 s=[ 0 0 0 1 0 0 1 < + + 1 1 1 > 1 > 0 < > ]

d_17_13=3.525978548879 s=[ 0 0 0 1 0 0 1 < + + 1 1 1 < 1 > 0 < > ]
3.525978548879 s=[ 0 0 0 1 0 0 1 < + + 1 1 1 > 1 > 0 < > ]

d_17_13=3.526178749079 s=[ 0 0 0 1 0 0 1 < + + 1 1 1 > 1 > 0 < > ]
3.526178749079 s=[ 0 0 0 1 0 0 1 < + + 1 1 1 < 1 > 0 < > ]

d_17_13=3.526378949279 s=[ 0 0 0 1 0 0 1 < + + 1 1 1 > 1 > 0 < > ]
3.526378949279 s=[ 0 0 0 1 0 0 1 < + + 1 1 1 < 1 > 0 < > ]

d_17_13=3.526579149479 s=[ 0 0 0 1 0 0 1 < + + 1 1 1 > 1 > 0 < > ]
3.526579149479 s=[ 0 0 0 1 0 0 1 < + + 1 1 1 < 1 > 0 < > ]

