xyz8=( 34.608623 34.314377 20.570417 )
xyz8=( 34.608623 34.314377 20.570417 )
xyz8=( 34.613984 34.319347 20.571227 )
xyz8=( 34.613984 34.319347 20.571227 )
xyz8=( 34.619414 34.324331 20.572026 )
xyz8=( 34.619414 34.324331 20.572026 )
xyz8=( 34.624914 34.329330 20.572812 )
xyz8=( 34.624914 34.329330 20.572812 )
xyz8=( 34.630487 34.334344 20.573586 )
xyz8=( 34.630487 34.334344 20.573586 )
xyz8=( 34.630487 34.334344 20.573586 )
xyz8=( 34.636134 34.339374 20.574346 )
xyz8=( 34.636134 34.339374 20.574346 )
xyz8=( 34.636134 34.339374 20.574346 )
xyz8=( 34.641856 34.344419 20.575093 )
xyz8=( 34.641856 34.344419 20.575093 )
xyz8=( 34.641856 34.344419 20.575093 )
xyz8=( 34.647657 34.349480 20.575827 )
xyz8=( 34.647657 34.349480 20.575827 )
xyz8=( 34.653538 34.354558 20.576546 )
xyz8=( 34.659500 34.359652 20.577250 )
xyz8=( 34.665547 34.364764 20.577940 )
xyz8=( 34.671680 34.369893 20.578614 )
xyz8=( 34.677902 34.375040 20.579273 )
xyz8=( 36.494653 34.346825 20.075422 )
xyz8=( 36.494653 34.346825 20.075422 )
xyz8=( 36.490224 34.351626 20.078802 )
xyz8=( 36.490224 34.351626 20.078802 )
xyz8=( 36.485729 34.356440 20.082206 )
xyz8=( 36.485729 34.356440 20.082206 )
xyz8=( 36.481165 34.361266 20.085633 )
xyz8=( 36.481165 34.361266 20.085633 )
xyz8=( 36.476532 34.366104 20.089085 )
xyz8=( 36.476532 34.366104 20.089085 )
xyz8=( 36.476532 34.366104 20.089085 )
xyz8=( 36.471827 34.370956 20.092563 )
xyz8=( 36.471827 34.370956 20.092563 )
xyz8=( 36.471827 34.370956 20.092563 )
xyz8=( 36.467049 34.375820 20.096066 )
xyz8=( 36.467049 34.375820 20.096066 )
xyz8=( 36.467049 34.375820 20.096066 )
xyz8=( 36.462197 34.380698 20.099595 )
xyz8=( 36.462197 34.380698 20.099595 )
xyz8=( 36.457267 34.385590 20.103151 )
xyz8=( 36.452258 34.390496 20.106736 )
xyz8=( 36.447167 34.395416 20.110348 )
xyz8=( 36.441994 34.400350 20.113990 )
xyz8=( 36.436734 34.405300 20.117662 )
