order:    [ 1 9 10 0 15 14 13 17 16 12 8 4 5 11 3 7 2 6 ]
atoms:    [ CA CA C N C CA N HA H HA N CA C H N HA C H ]
residues: [ 0 2 2 0 3 3 3 3 3 2 2 1 1 2 1 1 0 1 ]

We use a different pair of symbles to represent the bits values which are associated with the HA and H of the discretized distance, and another one to represent the bits of other hydrogens.
For the HA and H from the discretized distance:
	"+" means 0
	"-" means 1
For any other hydrogens:
	">" means 0
	"<" means 1

d_16_12=3.459266196867 s=[ 0 0 0 0 1 1 0 < + + 1 0 0 > 1 > 0 > ] xyz8=( 34.603852, 34.309912, 20.569676 )

d_16_12=3.459466397067 s=[ 0 0 0 0 1 1 0 < + + 1 0 0 > 1 > 0 > ] xyz8=( 34.604374, 34.310403, 20.569758 )

d_16_12=3.459666597267 s=[ 0 0 0 0 1 1 0 < + + 1 0 0 > 1 > 0 > ] xyz8=( 34.604897, 34.310894, 20.569840 )

d_16_12=3.459866797467 s=[ 0 0 0 0 1 1 0 < + + 1 0 0 > 1 > 0 > ] xyz8=( 34.605420, 34.311384, 20.569922 )

d_16_12=3.460066997668 s=[ 0 0 0 0 1 1 0 < + + 1 0 0 > 1 > 0 > ] xyz8=( 34.605945, 34.311875, 20.570003 )

d_16_12=3.460267197868 s=[ 0 0 0 0 1 1 0 < + + 1 0 0 > 1 > 0 > ] xyz8=( 34.606469, 34.312367, 20.570085 )

d_16_12=3.460467398068 s=[ 0 0 0 0 1 1 0 < + + 1 0 0 > 1 > 0 > ] xyz8=( 34.606995, 34.312858, 20.570166 )

d_16_12=3.460667598268 s=[ 0 0 0 0 1 1 0 < + + 1 0 0 > 1 > 0 > ] xyz8=( 34.607521, 34.313349, 20.570247 )

d_16_12=3.460867798468 s=[ 0 0 0 0 1 1 0 < + + 1 0 0 > 1 > 0 > ] xyz8=( 34.608048, 34.313841, 20.570329 )

d_16_12=3.461067998669 s=[ 0 0 0 0 1 1 0 < + + 1 0 0 > 1 > 0 > ] xyz8=( 34.608575, 34.314333, 20.570409 )

d_16_12=3.461268198869 s=[ 0 0 0 0 1 1 0 < + + 1 0 0 > 1 > 0 > ] xyz8=( 34.609104, 34.314824, 20.570490 )

d_16_12=3.461468399069 s=[ 0 0 0 0 1 1 0 < + + 1 0 0 > 1 > 0 > ] xyz8=( 34.609632, 34.315316, 20.570571 )

d_16_12=3.461668599269 s=[ 0 0 0 0 1 1 0 < + + 1 0 0 > 1 > 0 > ] xyz8=( 34.610162, 34.315808, 20.570652 )

d_16_12=3.461868799469 s=[ 0 0 0 0 1 1 0 < + + 1 0 0 > 1 > 0 > ] xyz8=( 34.610692, 34.316301, 20.570732 )

d_16_12=3.462068999670 s=[ 0 0 0 0 1 1 0 < + + 1 0 0 > 1 > 0 > ] xyz8=( 34.611223, 34.316793, 20.570813 )

d_16_12=3.462269199870 s=[ 0 0 0 0 1 1 0 < + + 1 0 0 > 1 > 0 > ] xyz8=( 34.611754, 34.317286, 20.570893 )

d_16_12=3.462469400070 s=[ 0 0 0 0 1 1 0 < + + 1 0 0 > 1 > 0 > ] xyz8=( 34.612286, 34.317778, 20.570973 )

d_16_12=3.462669600270 s=[ 0 0 0 0 1 1 0 < + + 1 0 0 > 1 > 0 > ] xyz8=( 34.612819, 34.318271, 20.571053 )

d_16_12=3.462869800470 s=[ 0 0 0 0 1 1 0 < + + 1 0 0 > 1 > 0 > ] xyz8=( 34.613353, 34.318764, 20.571133 )

d_16_12=3.463070000671 s=[ 0 0 0 0 1 1 0 < + + 1 0 0 > 1 > 0 > ] xyz8=( 34.613887, 34.319257, 20.571213 )

d_16_12=3.463270200871 s=[ 0 0 0 0 1 1 0 < + + 1 0 0 > 1 > 0 > ] xyz8=( 34.614422, 34.319750, 20.571293 )

d_16_12=3.463470401071 s=[ 0 0 0 0 1 1 0 < + + 1 0 0 > 1 > 0 > ] xyz8=( 34.614957, 34.320244, 20.571372 )

d_16_12=3.463670601271 s=[ 0 0 0 0 1 1 0 < + + 1 0 0 > 1 > 0 > ] xyz8=( 34.615493, 34.320737, 20.571452 )

d_16_12=3.463870801471 s=[ 0 0 0 0 1 1 0 < + + 1 0 0 > 1 > 0 > ] xyz8=( 34.616030, 34.321231, 20.571531 )

d_16_12=3.464071001672 s=[ 0 0 0 0 1 1 0 < + + 1 0 0 > 1 > 0 > ] xyz8=( 34.616568, 34.321725, 20.571610 )

d_16_12=3.464271201872 s=[ 0 0 0 0 1 1 0 < + + 1 0 0 > 1 > 0 > ] xyz8=( 34.617106, 34.322219, 20.571689 )

d_16_12=3.464471402072 s=[ 0 0 0 0 1 1 0 < + + 1 0 0 > 1 > 0 > ] xyz8=( 34.617645, 34.322713, 20.571768 )

d_16_12=3.464671602272 s=[ 0 0 0 0 1 1 0 < + + 1 0 0 > 1 > 0 > ] xyz8=( 34.618185, 34.323207, 20.571847 )

d_16_12=3.464871802472 s=[ 0 0 0 0 1 1 0 < + + 1 0 0 > 1 > 0 > ] xyz8=( 34.618725, 34.323702, 20.571926 )

d_16_12=3.465072002673 s=[ 0 0 0 0 1 1 0 < + + 1 0 0 > 1 > 0 > ] xyz8=( 34.619266, 34.324196, 20.572005 )

d_16_12=3.465272202873 s=[ 0 0 0 0 1 1 0 < + + 1 0 0 > 1 > 0 > ] xyz8=( 34.619808, 34.324691, 20.572083 )

d_16_12=3.465472403073 s=[ 0 0 0 0 1 1 0 < + + 1 0 0 > 1 > 0 > ] xyz8=( 34.620350, 34.325186, 20.572161 )

d_16_12=3.465672603273 s=[ 0 0 0 0 1 1 0 < + + 1 0 0 > 1 > 0 > ] xyz8=( 34.620893, 34.325681, 20.572240 )

d_16_12=3.465872803473 s=[ 0 0 0 0 1 1 0 < + + 1 0 0 > 1 > 0 > ] xyz8=( 34.621437, 34.326176, 20.572318 )

d_16_12=3.466073003674 s=[ 0 0 0 0 1 1 0 < + + 1 0 0 > 1 > 0 > ] xyz8=( 34.621981, 34.326671, 20.572396 )

d_16_12=3.466273203874 s=[ 0 0 0 0 1 1 0 < + + 1 0 0 > 1 > 0 > ] xyz8=( 34.622527, 34.327166, 20.572474 )

d_16_12=3.466473404074 s=[ 0 0 0 0 1 1 0 < + + 1 0 0 > 1 > 0 > ] xyz8=( 34.623073, 34.327662, 20.572552 )

d_16_12=3.466673604274 s=[ 0 0 0 0 1 1 0 < + + 1 0 0 > 1 > 0 > ] xyz8=( 34.623619, 34.328158, 20.572629 )

d_16_12=3.466873804474 s=[ 0 0 0 0 1 1 0 < + + 1 0 0 > 1 > 0 > ] xyz8=( 34.624166, 34.328654, 20.572707 )

d_16_12=3.467074004675 s=[ 0 0 0 0 1 1 0 < + + 1 0 0 > 1 > 0 > ] xyz8=( 34.624714, 34.329150, 20.572784 )

d_16_12=3.467274204875 s=[ 0 0 0 0 1 1 0 < + + 1 0 0 > 1 > 0 > ] xyz8=( 34.625263, 34.329646, 20.572861 )

d_16_12=3.467474405075 s=[ 0 0 0 0 1 1 0 < + + 1 0 0 > 1 > 0 > ] xyz8=( 34.625813, 34.330142, 20.572939 )

d_16_12=3.467674605275 s=[ 0 0 0 0 1 1 0 < + + 1 0 0 > 1 > 0 > ] xyz8=( 34.626363, 34.330639, 20.573016 )

d_16_12=3.467674605275 s=[ 0 0 0 0 1 1 0 < + + 1 0 1 < 1 > 0 > ] xyz8=( 34.626363, 34.330639, 20.573016 )

d_16_12=3.467874805475 s=[ 0 0 0 0 1 1 0 < + + 1 0 0 > 1 > 0 > ] xyz8=( 34.626914, 34.331135, 20.573092 )

d_16_12=3.467874805475 s=[ 0 0 0 0 1 1 0 < + + 1 0 1 < 1 > 0 > ] xyz8=( 34.626914, 34.331135, 20.573092 )

d_16_12=3.468075005676 s=[ 0 0 0 0 1 1 0 < + + 1 0 0 > 1 > 0 > ] xyz8=( 34.627465, 34.331632, 20.573169 )

d_16_12=3.468075005676 s=[ 0 0 0 0 1 1 0 < + + 1 0 1 < 1 > 0 > ] xyz8=( 34.627465, 34.331632, 20.573169 )

d_16_12=3.468275205876 s=[ 0 0 0 0 1 1 0 < + + 1 0 0 > 1 > 0 > ] xyz8=( 34.628018, 34.332129, 20.573246 )

d_16_12=3.468275205876 s=[ 0 0 0 0 1 1 0 < + + 1 0 1 < 1 > 0 > ] xyz8=( 34.628018, 34.332129, 20.573246 )

d_16_12=3.468475406076 s=[ 0 0 0 0 1 1 0 < + + 1 0 0 > 1 > 0 > ] xyz8=( 34.628571, 34.332626, 20.573322 )

d_16_12=3.468475406076 s=[ 0 0 0 0 1 1 0 < + + 1 0 1 < 1 > 0 > ] xyz8=( 34.628571, 34.332626, 20.573322 )

d_16_12=3.468675606276 s=[ 0 0 0 0 1 1 0 < + + 1 0 0 > 1 > 0 > ] xyz8=( 34.629124, 34.333123, 20.573399 )

d_16_12=3.468675606276 s=[ 0 0 0 0 1 1 0 < + + 1 0 1 < 1 > 0 > ] xyz8=( 34.629124, 34.333123, 20.573399 )

d_16_12=3.468875806476 s=[ 0 0 0 0 1 1 0 < + + 1 0 0 > 1 > 0 > ] xyz8=( 34.629679, 34.333620, 20.573475 )

d_16_12=3.468875806476 s=[ 0 0 0 0 1 1 0 < + + 1 0 1 < 1 > 0 > ] xyz8=( 34.629679, 34.333620, 20.573475 )

d_16_12=3.469076006677 s=[ 0 0 0 0 1 1 0 < + + 1 0 0 > 1 > 0 > ] xyz8=( 34.630234, 34.334118, 20.573551 )

d_16_12=3.469076006677 s=[ 0 0 0 0 1 1 0 < + + 1 0 1 < 1 > 0 > ] xyz8=( 34.630234, 34.334118, 20.573551 )

d_16_12=3.469276206877 s=[ 0 0 0 0 1 1 0 < + + 1 0 0 > 1 > 0 > ] xyz8=( 34.630790, 34.334616, 20.573627 )

d_16_12=3.469276206877 s=[ 0 0 0 0 1 1 0 < + + 1 0 1 < 1 > 0 > ] xyz8=( 34.630790, 34.334616, 20.573627 )

d_16_12=3.469476407077 s=[ 0 0 0 0 1 1 0 < + + 1 0 0 > 1 > 0 > ] xyz8=( 34.631347, 34.335113, 20.573703 )

d_16_12=3.469476407077 s=[ 0 0 0 0 1 1 0 < + + 1 0 1 < 1 > 0 > ] xyz8=( 34.631347, 34.335113, 20.573703 )

d_16_12=3.469676607277 s=[ 0 0 0 0 1 1 0 < + + 1 0 0 > 1 > 0 > ] xyz8=( 34.631904, 34.335611, 20.573779 )

d_16_12=3.469676607277 s=[ 0 0 0 0 1 1 0 < + + 1 0 1 < 1 > 0 > ] xyz8=( 34.631904, 34.335611, 20.573779 )

d_16_12=3.469876807477 s=[ 0 0 0 0 1 1 0 < + + 1 0 0 > 1 > 0 > ] xyz8=( 34.632462, 34.336109, 20.573854 )

d_16_12=3.469876807477 s=[ 0 0 0 0 1 1 0 < + + 1 0 1 < 1 > 0 > ] xyz8=( 34.632462, 34.336109, 20.573854 )

d_16_12=3.470077007678 s=[ 0 0 0 0 1 1 0 < + + 1 0 0 > 1 > 0 > ] xyz8=( 34.633021, 34.336608, 20.573930 )

d_16_12=3.470077007678 s=[ 0 0 0 0 1 1 0 < + + 1 0 1 < 1 > 0 > ] xyz8=( 34.633021, 34.336608, 20.573930 )

d_16_12=3.470277207878 s=[ 0 0 0 0 1 1 0 < + + 1 0 0 > 1 > 0 > ] xyz8=( 34.633581, 34.337106, 20.574005 )

d_16_12=3.470277207878 s=[ 0 0 0 0 1 1 0 < + + 1 0 1 < 1 > 0 > ] xyz8=( 34.633581, 34.337106, 20.574005 )

d_16_12=3.470477408078 s=[ 0 0 0 0 1 1 0 < + + 1 0 0 > 1 > 0 > ] xyz8=( 34.634141, 34.337605, 20.574080 )

d_16_12=3.470477408078 s=[ 0 0 0 0 1 1 0 < + + 1 0 1 < 1 > 0 > ] xyz8=( 34.634141, 34.337605, 20.574080 )

d_16_12=3.470677608278 s=[ 0 0 0 0 1 1 0 < + + 1 0 0 > 1 > 0 > ] xyz8=( 34.634702, 34.338103, 20.574156 )

d_16_12=3.470677608278 s=[ 0 0 0 0 1 1 0 < + + 1 0 1 < 1 > 0 > ] xyz8=( 34.634702, 34.338103, 20.574156 )

d_16_12=3.470877808478 s=[ 0 0 0 0 1 1 0 < + + 1 0 0 > 1 > 0 > ] xyz8=( 34.635264, 34.338602, 20.574231 )

d_16_12=3.470877808478 s=[ 0 0 0 0 1 1 0 < + + 1 0 1 < 1 > 0 > ] xyz8=( 34.635264, 34.338602, 20.574231 )

d_16_12=3.471078008679 s=[ 0 0 0 0 1 1 0 < + + 1 0 0 > 1 > 0 > ] xyz8=( 34.635826, 34.339101, 20.574305 )

d_16_12=3.471078008679 s=[ 0 0 0 0 1 1 0 < + + 1 0 1 < 1 > 0 > ] xyz8=( 34.635826, 34.339101, 20.574305 )

d_16_12=3.471278208879 s=[ 0 0 0 0 1 1 0 < + + 1 0 0 > 1 > 0 > ] xyz8=( 34.636390, 34.339600, 20.574380 )

d_16_12=3.471278208879 s=[ 0 0 0 0 1 1 0 < + + 1 0 1 < 1 > 0 > ] xyz8=( 34.636390, 34.339600, 20.574380 )

d_16_12=3.471478409079 s=[ 0 0 0 0 1 1 0 < + + 1 0 0 > 1 > 0 > ] xyz8=( 34.636954, 34.340100, 20.574455 )

d_16_12=3.471478409079 s=[ 0 0 0 0 1 1 0 < + + 1 0 1 < 1 > 0 > ] xyz8=( 34.636954, 34.340100, 20.574455 )

d_16_12=3.471678609279 s=[ 0 0 0 0 1 1 0 < + + 1 0 0 > 1 > 0 > ] xyz8=( 34.637519, 34.340599, 20.574529 )

d_16_12=3.471678609279 s=[ 0 0 0 0 1 1 0 < + + 1 0 1 < 1 > 0 > ] xyz8=( 34.637519, 34.340599, 20.574529 )

d_16_12=3.471878809479 s=[ 0 0 0 0 1 1 0 < + + 1 0 0 > 1 > 0 > ] xyz8=( 34.638084, 34.341099, 20.574603 )

d_16_12=3.471878809479 s=[ 0 0 0 0 1 1 0 < + + 1 0 1 < 1 > 0 > ] xyz8=( 34.638084, 34.341099, 20.574603 )

d_16_12=3.472079009680 s=[ 0 0 0 0 1 1 0 < + + 1 0 0 > 1 > 0 > ] xyz8=( 34.638650, 34.341599, 20.574678 )

d_16_12=3.472079009680 s=[ 0 0 0 0 1 1 0 < + + 1 0 1 < 1 > 0 > ] xyz8=( 34.638650, 34.341599, 20.574678 )

d_16_12=3.472279209880 s=[ 0 0 0 0 1 1 0 < + + 1 0 0 > 1 > 0 > ] xyz8=( 34.639217, 34.342099, 20.574752 )

d_16_12=3.472279209880 s=[ 0 0 0 0 1 1 0 < + + 1 0 1 < 1 > 0 > ] xyz8=( 34.639217, 34.342099, 20.574752 )

d_16_12=3.472479410080 s=[ 0 0 0 0 1 1 0 < + + 1 0 0 > 1 > 0 > ] xyz8=( 34.639785, 34.342599, 20.574826 )

d_16_12=3.472479410080 s=[ 0 0 0 0 1 1 0 < + + 1 0 1 < 1 > 0 > ] xyz8=( 34.639785, 34.342599, 20.574826 )

d_16_12=3.472679610280 s=[ 0 0 0 0 1 1 0 < + + 1 0 0 > 1 > 0 > ] xyz8=( 34.640354, 34.343099, 20.574899 )

d_16_12=3.472679610280 s=[ 0 0 0 0 1 1 0 < + + 1 0 1 < 1 > 0 > ] xyz8=( 34.640354, 34.343099, 20.574899 )

d_16_12=3.472879810480 s=[ 0 0 0 0 1 1 0 < + + 1 0 0 > 1 > 0 > ] xyz8=( 34.640923, 34.343600, 20.574973 )

d_16_12=3.472879810480 s=[ 0 0 0 0 1 1 0 < + + 1 0 1 < 1 > 0 > ] xyz8=( 34.640923, 34.343600, 20.574973 )

d_16_12=3.473080010681 s=[ 0 0 0 0 1 1 0 < + + 1 0 0 > 1 > 0 > ] xyz8=( 34.641493, 34.344100, 20.575046 )

d_16_12=3.473080010681 s=[ 0 0 0 0 1 1 0 < + + 1 0 1 < 1 > 0 > ] xyz8=( 34.641493, 34.344100, 20.575046 )

d_16_12=3.473280210881 s=[ 0 0 0 0 1 1 0 < + + 1 0 0 > 1 > 0 > ] xyz8=( 34.642064, 34.344601, 20.575120 )

d_16_12=3.473280210881 s=[ 0 0 0 0 1 1 0 < + + 1 0 1 < 1 > 0 > ] xyz8=( 34.642064, 34.344601, 20.575120 )

d_16_12=3.473480411081 s=[ 0 0 0 0 1 1 0 < + + 1 0 0 > 1 > 0 > ] xyz8=( 34.642636, 34.345102, 20.575193 )

d_16_12=3.473480411081 s=[ 0 0 0 0 1 1 0 < + + 1 0 1 < 1 > 0 > ] xyz8=( 34.642636, 34.345102, 20.575193 )

d_16_12=3.473680611281 s=[ 0 0 0 0 1 1 0 < + + 1 0 0 > 1 > 0 > ] xyz8=( 34.643208, 34.345603, 20.575266 )

d_16_12=3.473680611281 s=[ 0 0 0 0 1 1 0 < + + 1 0 1 < 1 > 0 > ] xyz8=( 34.643208, 34.345603, 20.575266 )

d_16_12=3.473880811481 s=[ 0 0 0 0 1 1 0 < + + 1 0 0 > 1 > 0 > ] xyz8=( 34.643781, 34.346104, 20.575339 )

d_16_12=3.473880811481 s=[ 0 0 0 0 1 1 0 < + + 1 0 1 < 1 > 0 > ] xyz8=( 34.643781, 34.346104, 20.575339 )

d_16_12=3.474081011682 s=[ 0 0 0 0 1 1 0 < + + 1 0 0 > 1 > 0 > ] xyz8=( 34.644355, 34.346605, 20.575412 )

d_16_12=3.474081011682 s=[ 0 0 0 0 1 1 0 < + + 1 0 1 < 1 > 0 > ] xyz8=( 34.644355, 34.346605, 20.575412 )

d_16_12=3.474281211882 s=[ 0 0 0 0 1 1 0 < + + 1 0 0 > 1 > 0 > ] xyz8=( 34.644930, 34.347107, 20.575485 )

d_16_12=3.474281211882 s=[ 0 0 0 0 1 1 0 < + + 1 0 1 < 1 > 0 > ] xyz8=( 34.644930, 34.347107, 20.575485 )

d_16_12=3.474481412082 s=[ 0 0 0 0 1 1 0 < + + 1 0 0 > 1 > 0 > ] xyz8=( 34.645505, 34.347609, 20.575557 )

d_16_12=3.474481412082 s=[ 0 0 0 0 1 1 0 < + + 1 0 1 < 1 > 0 > ] xyz8=( 34.645505, 34.347609, 20.575557 )

d_16_12=3.474681612282 s=[ 0 0 0 0 1 1 0 < + + 1 0 0 > 1 > 0 > ] xyz8=( 34.646082, 34.348111, 20.575630 )

d_16_12=3.474681612282 s=[ 0 0 0 0 1 1 0 < + + 1 0 1 < 1 > 0 > ] xyz8=( 34.646082, 34.348111, 20.575630 )

d_16_12=3.474881812482 s=[ 0 0 0 0 1 1 0 < + + 1 0 0 > 1 > 0 > ] xyz8=( 34.646659, 34.348613, 20.575702 )

d_16_12=3.474881812482 s=[ 0 0 0 0 1 1 0 < + + 1 0 1 > 1 > 0 > ] xyz8=( 34.646659, 34.348613, 20.575702 )

d_16_12=3.475082012683 s=[ 0 0 0 0 1 1 0 < + + 1 0 0 > 1 > 0 > ] xyz8=( 34.647236, 34.349115, 20.575774 )

d_16_12=3.475282212883 s=[ 0 0 0 0 1 1 0 < + + 1 0 0 > 1 > 0 > ] xyz8=( 34.647815, 34.349617, 20.575846 )

d_16_12=3.475482413083 s=[ 0 0 0 0 1 1 0 < + + 1 0 0 > 1 > 0 > ] xyz8=( 34.648394, 34.350120, 20.575918 )

d_16_12=3.475682613283 s=[ 0 0 0 0 1 1 0 < + + 1 0 0 > 1 > 0 > ] xyz8=( 34.648974, 34.350622, 20.575990 )

d_16_12=3.475882813483 s=[ 0 0 0 0 1 1 0 < + + 1 0 0 > 1 > 0 > ] xyz8=( 34.649555, 34.351125, 20.576061 )

d_16_12=3.476083013684 s=[ 0 0 0 0 1 1 0 < + + 1 0 0 > 1 > 0 > ] xyz8=( 34.650137, 34.351628, 20.576133 )

d_16_12=3.476283213884 s=[ 0 0 0 0 1 1 0 < + + 1 0 0 > 1 > 0 > ] xyz8=( 34.650720, 34.352131, 20.576204 )

d_16_12=3.476483414084 s=[ 0 0 0 0 1 1 0 < + + 1 0 0 > 1 > 0 > ] xyz8=( 34.651303, 34.352634, 20.576275 )

d_16_12=3.476683614284 s=[ 0 0 0 0 1 1 0 < + + 1 0 0 > 1 > 0 > ] xyz8=( 34.651887, 34.353138, 20.576346 )

d_16_12=3.476883814484 s=[ 0 0 0 0 1 1 0 < + + 1 0 0 > 1 > 0 > ] xyz8=( 34.652472, 34.353642, 20.576417 )

d_16_12=3.477084014685 s=[ 0 0 0 0 1 1 0 < + + 1 0 0 > 1 > 0 > ] xyz8=( 34.653058, 34.354145, 20.576488 )

d_16_12=3.477284214885 s=[ 0 0 0 0 1 1 0 < + + 1 0 0 > 1 > 0 > ] xyz8=( 34.653644, 34.354649, 20.576559 )

d_16_12=3.477484415085 s=[ 0 0 0 0 1 1 0 < + + 1 0 0 > 1 > 0 > ] xyz8=( 34.654232, 34.355154, 20.576629 )

d_16_12=3.477684615285 s=[ 0 0 0 0 1 1 0 < + + 1 0 0 > 1 > 0 > ] xyz8=( 34.654820, 34.355658, 20.576699 )

d_16_12=3.477884815485 s=[ 0 0 0 0 1 1 0 < + + 1 0 0 > 1 > 0 > ] xyz8=( 34.655409, 34.356162, 20.576769 )

d_16_12=3.478085015686 s=[ 0 0 0 0 1 1 0 < + + 1 0 0 > 1 > 0 > ] xyz8=( 34.655999, 34.356667, 20.576840 )

d_16_12=3.478285215886 s=[ 0 0 0 0 1 1 0 < + + 1 0 0 > 1 > 0 > ] xyz8=( 34.656589, 34.357172, 20.576909 )

d_16_12=3.478485416086 s=[ 0 0 0 0 1 1 0 < + + 1 0 0 > 1 > 0 > ] xyz8=( 34.657181, 34.357677, 20.576979 )

d_16_12=3.478685616286 s=[ 0 0 0 0 1 1 0 < + + 1 0 0 > 1 > 0 > ] xyz8=( 34.657773, 34.358182, 20.577049 )

d_16_12=3.478885816486 s=[ 0 0 0 0 1 1 0 < + + 1 0 0 > 1 > 0 > ] xyz8=( 34.658366, 34.358687, 20.577118 )

d_16_12=3.479086016687 s=[ 0 0 0 0 1 1 0 < + + 1 0 0 > 1 > 0 > ] xyz8=( 34.658960, 34.359193, 20.577187 )

d_16_12=3.479286216887 s=[ 0 0 0 0 1 1 0 < + + 1 0 0 > 1 > 0 > ] xyz8=( 34.659554, 34.359698, 20.577257 )

d_16_12=3.479486417087 s=[ 0 0 0 0 1 1 0 < + + 1 0 0 > 1 > 0 > ] xyz8=( 34.660150, 34.360204, 20.577326 )

d_16_12=3.479686617287 s=[ 0 0 0 0 1 1 0 < + + 1 0 0 > 1 > 0 > ] xyz8=( 34.660746, 34.360710, 20.577395 )

d_16_12=3.479886817487 s=[ 0 0 0 0 1 1 0 < + + 1 0 0 > 1 > 0 > ] xyz8=( 34.661343, 34.361216, 20.577463 )

d_16_12=3.480087017688 s=[ 0 0 0 0 1 1 0 < + + 1 0 0 > 1 > 0 > ] xyz8=( 34.661941, 34.361722, 20.577532 )

d_16_12=3.480287217888 s=[ 0 0 0 0 1 1 0 < + + 1 0 0 > 1 > 0 > ] xyz8=( 34.662540, 34.362229, 20.577600 )

d_16_12=3.480487418088 s=[ 0 0 0 0 1 1 0 < + + 1 0 0 > 1 > 0 > ] xyz8=( 34.663140, 34.362736, 20.577669 )

d_16_12=3.480687618288 s=[ 0 0 0 0 1 1 0 < + + 1 0 0 > 1 > 0 > ] xyz8=( 34.663740, 34.363242, 20.577737 )

d_16_12=3.480887818488 s=[ 0 0 0 0 1 1 0 < + + 1 0 0 > 1 > 0 > ] xyz8=( 34.664342, 34.363749, 20.577805 )

d_16_12=3.481088018689 s=[ 0 0 0 0 1 1 0 < + + 1 0 0 > 1 > 0 > ] xyz8=( 34.664944, 34.364257, 20.577872 )

d_16_12=3.481288218889 s=[ 0 0 0 0 1 1 0 < + + 1 0 0 > 1 > 0 > ] xyz8=( 34.665547, 34.364764, 20.577940 )

d_16_12=3.481488419089 s=[ 0 0 0 0 1 1 0 < + + 1 0 0 > 1 > 0 > ] xyz8=( 34.666151, 34.365271, 20.578008 )

d_16_12=3.481688619289 s=[ 0 0 0 0 1 1 0 < + + 1 0 0 > 1 > 0 > ] xyz8=( 34.666756, 34.365779, 20.578075 )

d_16_12=3.481888819489 s=[ 0 0 0 0 1 1 0 < + + 1 0 0 > 1 > 0 > ] xyz8=( 34.667361, 34.366287, 20.578142 )

d_16_12=3.482089019690 s=[ 0 0 0 0 1 1 0 < + + 1 0 0 > 1 > 0 > ] xyz8=( 34.667968, 34.366795, 20.578209 )

d_16_12=3.482289219890 s=[ 0 0 0 0 1 1 0 < + + 1 0 0 > 1 > 0 > ] xyz8=( 34.668575, 34.367303, 20.578276 )

d_16_12=3.482489420090 s=[ 0 0 0 0 1 1 0 < + + 1 0 0 > 1 > 0 > ] xyz8=( 34.669183, 34.367812, 20.578343 )

d_16_12=3.482689620290 s=[ 0 0 0 0 1 1 0 < + + 1 0 0 > 1 > 0 > ] xyz8=( 34.669792, 34.368320, 20.578410 )

d_16_12=3.482889820490 s=[ 0 0 0 0 1 1 0 < + + 1 0 0 > 1 > 0 > ] xyz8=( 34.670402, 34.368829, 20.578476 )

d_16_12=3.483090020691 s=[ 0 0 0 0 1 1 0 < + + 1 0 0 > 1 > 0 > ] xyz8=( 34.671013, 34.369338, 20.578542 )

d_16_12=3.483290220891 s=[ 0 0 0 0 1 1 0 < + + 1 0 0 > 1 > 0 > ] xyz8=( 34.671625, 34.369847, 20.578608 )

d_16_12=3.483490421091 s=[ 0 0 0 0 1 1 0 < + + 1 0 0 > 1 > 0 > ] xyz8=( 34.672237, 34.370356, 20.578674 )

d_16_12=3.483690621291 s=[ 0 0 0 0 1 1 0 < + + 1 0 0 > 1 > 0 > ] xyz8=( 34.672851, 34.370865, 20.578740 )

d_16_12=3.483890821491 s=[ 0 0 0 0 1 1 0 < + + 1 0 0 > 1 > 0 > ] xyz8=( 34.673465, 34.371375, 20.578806 )

d_16_12=3.484091021692 s=[ 0 0 0 0 1 1 0 < + + 1 0 0 > 1 > 0 > ] xyz8=( 34.674080, 34.371885, 20.578871 )

d_16_12=3.484291221892 s=[ 0 0 0 0 1 1 0 < + + 1 0 0 > 1 > 0 > ] xyz8=( 34.674696, 34.372395, 20.578937 )

d_16_12=3.484491422092 s=[ 0 0 0 0 1 1 0 < + + 1 0 0 > 1 > 0 > ] xyz8=( 34.675313, 34.372905, 20.579002 )

d_16_12=3.484691622292 s=[ 0 0 0 0 1 1 0 < + + 1 0 0 > 1 > 0 > ] xyz8=( 34.675931, 34.373415, 20.579067 )

d_16_12=3.484891822492 s=[ 0 0 0 0 1 1 0 < + + 1 0 0 > 1 > 0 > ] xyz8=( 34.676549, 34.373926, 20.579132 )

d_16_12=3.485092022693 s=[ 0 0 0 0 1 1 0 < + + 1 0 0 > 1 > 0 > ] xyz8=( 34.677169, 34.374437, 20.579197 )

d_16_12=3.485292222893 s=[ 0 0 0 0 1 1 0 < + + 1 0 0 > 1 > 0 > ] xyz8=( 34.677790, 34.374947, 20.579261 )

d_16_12=3.485492423093 s=[ 0 0 0 0 1 1 0 < + + 1 0 0 > 1 > 0 > ] xyz8=( 34.678411, 34.375458, 20.579326 )

d_16_12=3.485692623293 s=[ 0 0 0 0 1 1 0 < + + 1 0 0 > 1 > 0 > ] xyz8=( 34.679033, 34.375970, 20.579390 )

d_16_12=3.485892823493 s=[ 0 0 0 0 1 1 0 < + + 1 0 0 > 1 > 0 > ] xyz8=( 34.679656, 34.376481, 20.579454 )

d_16_12=3.459266196867 s=[ 0 0 0 1 0 0 1 > + - 0 1 1 < 0 < 1 > ] xyz8=( 36.498587, 34.342510, 20.072397 )

d_16_12=3.459466397067 s=[ 0 0 0 1 0 0 1 > + - 0 1 1 < 0 < 1 > ] xyz8=( 36.498157, 34.342984, 20.072729 )

d_16_12=3.459666597267 s=[ 0 0 0 1 0 0 1 > + - 0 1 1 < 0 < 1 > ] xyz8=( 36.497726, 34.343459, 20.073061 )

d_16_12=3.459866797467 s=[ 0 0 0 1 0 0 1 > + - 0 1 1 < 0 < 1 > ] xyz8=( 36.497295, 34.343933, 20.073394 )

d_16_12=3.460066997668 s=[ 0 0 0 1 0 0 1 > + - 0 1 1 < 0 < 1 > ] xyz8=( 36.496863, 34.344408, 20.073726 )

d_16_12=3.460267197868 s=[ 0 0 0 1 0 0 1 > + - 0 1 1 < 0 < 1 > ] xyz8=( 36.496430, 34.344882, 20.074059 )

d_16_12=3.460467398068 s=[ 0 0 0 1 0 0 1 > + - 0 1 1 < 0 < 1 > ] xyz8=( 36.495997, 34.345357, 20.074392 )

d_16_12=3.460667598268 s=[ 0 0 0 1 0 0 1 > + - 0 1 1 < 0 < 1 > ] xyz8=( 36.495563, 34.345832, 20.074725 )

d_16_12=3.460867798468 s=[ 0 0 0 1 0 0 1 > + - 0 1 1 < 0 < 1 > ] xyz8=( 36.495128, 34.346307, 20.075058 )

d_16_12=3.461067998669 s=[ 0 0 0 1 0 0 1 > + - 0 1 1 < 0 < 1 > ] xyz8=( 36.494693, 34.346782, 20.075392 )

d_16_12=3.461268198869 s=[ 0 0 0 1 0 0 1 > + - 0 1 1 < 0 < 1 > ] xyz8=( 36.494257, 34.347257, 20.075726 )

d_16_12=3.461468399069 s=[ 0 0 0 1 0 0 1 > + - 0 1 1 < 0 < 1 > ] xyz8=( 36.493820, 34.347733, 20.076060 )

d_16_12=3.461668599269 s=[ 0 0 0 1 0 0 1 > + - 0 1 1 < 0 < 1 > ] xyz8=( 36.493383, 34.348208, 20.076394 )

d_16_12=3.461868799469 s=[ 0 0 0 1 0 0 1 > + - 0 1 1 < 0 < 1 > ] xyz8=( 36.492945, 34.348684, 20.076729 )

d_16_12=3.462068999670 s=[ 0 0 0 1 0 0 1 > + - 0 1 1 < 0 < 1 > ] xyz8=( 36.492507, 34.349159, 20.077064 )

d_16_12=3.462269199870 s=[ 0 0 0 1 0 0 1 > + - 0 1 1 < 0 < 1 > ] xyz8=( 36.492068, 34.349635, 20.077399 )

d_16_12=3.462469400070 s=[ 0 0 0 1 0 0 1 > + - 0 1 1 < 0 < 1 > ] xyz8=( 36.491628, 34.350111, 20.077734 )

d_16_12=3.462669600270 s=[ 0 0 0 1 0 0 1 > + - 0 1 1 < 0 < 1 > ] xyz8=( 36.491187, 34.350587, 20.078070 )

d_16_12=3.462869800470 s=[ 0 0 0 1 0 0 1 > + - 0 1 1 < 0 < 1 > ] xyz8=( 36.490746, 34.351064, 20.078405 )

d_16_12=3.463070000671 s=[ 0 0 0 1 0 0 1 > + - 0 1 1 < 0 < 1 > ] xyz8=( 36.490305, 34.351540, 20.078741 )

d_16_12=3.463270200871 s=[ 0 0 0 1 0 0 1 > + - 0 1 1 < 0 < 1 > ] xyz8=( 36.489862, 34.352016, 20.079077 )

d_16_12=3.463470401071 s=[ 0 0 0 1 0 0 1 > + - 0 1 1 < 0 < 1 > ] xyz8=( 36.489419, 34.352493, 20.079414 )

d_16_12=3.463670601271 s=[ 0 0 0 1 0 0 1 > + - 0 1 1 < 0 < 1 > ] xyz8=( 36.488975, 34.352970, 20.079751 )

d_16_12=3.463870801471 s=[ 0 0 0 1 0 0 1 > + - 0 1 1 < 0 < 1 > ] xyz8=( 36.488531, 34.353446, 20.080087 )

d_16_12=3.464071001672 s=[ 0 0 0 1 0 0 1 > + - 0 1 1 < 0 < 1 > ] xyz8=( 36.488086, 34.353923, 20.080424 )

d_16_12=3.464271201872 s=[ 0 0 0 1 0 0 1 > + - 0 1 1 < 0 < 1 > ] xyz8=( 36.487640, 34.354400, 20.080762 )

d_16_12=3.464471402072 s=[ 0 0 0 1 0 0 1 > + - 0 1 1 < 0 < 1 > ] xyz8=( 36.487194, 34.354877, 20.081099 )

d_16_12=3.464671602272 s=[ 0 0 0 1 0 0 1 > + - 0 1 1 < 0 < 1 > ] xyz8=( 36.486747, 34.355355, 20.081437 )

d_16_12=3.464871802472 s=[ 0 0 0 1 0 0 1 > + - 0 1 1 < 0 < 1 > ] xyz8=( 36.486299, 34.355832, 20.081775 )

d_16_12=3.465072002673 s=[ 0 0 0 1 0 0 1 > + - 0 1 1 < 0 < 1 > ] xyz8=( 36.485851, 34.356310, 20.082114 )

d_16_12=3.465272202873 s=[ 0 0 0 1 0 0 1 > + - 0 1 1 < 0 < 1 > ] xyz8=( 36.485402, 34.356787, 20.082452 )

d_16_12=3.465472403073 s=[ 0 0 0 1 0 0 1 > + - 0 1 1 < 0 < 1 > ] xyz8=( 36.484952, 34.357265, 20.082791 )

d_16_12=3.465672603273 s=[ 0 0 0 1 0 0 1 > + - 0 1 1 < 0 < 1 > ] xyz8=( 36.484502, 34.357743, 20.083130 )

d_16_12=3.465872803473 s=[ 0 0 0 1 0 0 1 > + - 0 1 1 < 0 < 1 > ] xyz8=( 36.484051, 34.358221, 20.083469 )

d_16_12=3.466073003674 s=[ 0 0 0 1 0 0 1 > + - 0 1 1 < 0 < 1 > ] xyz8=( 36.483599, 34.358699, 20.083808 )

d_16_12=3.466273203874 s=[ 0 0 0 1 0 0 1 > + - 0 1 1 < 0 < 1 > ] xyz8=( 36.483147, 34.359177, 20.084148 )

d_16_12=3.466473404074 s=[ 0 0 0 1 0 0 1 > + - 0 1 1 < 0 < 1 > ] xyz8=( 36.482694, 34.359656, 20.084488 )

d_16_12=3.466673604274 s=[ 0 0 0 1 0 0 1 > + - 0 1 1 < 0 < 1 > ] xyz8=( 36.482240, 34.360134, 20.084828 )

d_16_12=3.466873804474 s=[ 0 0 0 1 0 0 1 > + - 0 1 1 < 0 < 1 > ] xyz8=( 36.481786, 34.360613, 20.085169 )

d_16_12=3.467074004675 s=[ 0 0 0 1 0 0 1 > + - 0 1 1 < 0 < 1 > ] xyz8=( 36.481331, 34.361092, 20.085509 )

d_16_12=3.467274204875 s=[ 0 0 0 1 0 0 1 > + - 0 1 1 < 0 < 1 > ] xyz8=( 36.480875, 34.361570, 20.085850 )

d_16_12=3.467474405075 s=[ 0 0 0 1 0 0 1 > + - 0 1 1 < 0 < 1 > ] xyz8=( 36.480419, 34.362049, 20.086191 )

d_16_12=3.467674605275 s=[ 0 0 0 1 0 0 1 > + - 0 1 0 > 0 < 1 > ] xyz8=( 36.479962, 34.362529, 20.086533 )

d_16_12=3.467674605275 s=[ 0 0 0 1 0 0 1 > + - 0 1 1 < 0 < 1 > ] xyz8=( 36.479962, 34.362529, 20.086533 )

d_16_12=3.467874805475 s=[ 0 0 0 1 0 0 1 > + - 0 1 0 > 0 < 1 > ] xyz8=( 36.479504, 34.363008, 20.086874 )

d_16_12=3.467874805475 s=[ 0 0 0 1 0 0 1 > + - 0 1 1 < 0 < 1 > ] xyz8=( 36.479504, 34.363008, 20.086874 )

d_16_12=3.468075005676 s=[ 0 0 0 1 0 0 1 > + - 0 1 0 > 0 < 1 > ] xyz8=( 36.479045, 34.363487, 20.087216 )

d_16_12=3.468075005676 s=[ 0 0 0 1 0 0 1 > + - 0 1 1 < 0 < 1 > ] xyz8=( 36.479045, 34.363487, 20.087216 )

d_16_12=3.468275205876 s=[ 0 0 0 1 0 0 1 > + - 0 1 0 > 0 < 1 > ] xyz8=( 36.478586, 34.363967, 20.087558 )

d_16_12=3.468275205876 s=[ 0 0 0 1 0 0 1 > + - 0 1 1 < 0 < 1 > ] xyz8=( 36.478586, 34.363967, 20.087558 )

d_16_12=3.468475406076 s=[ 0 0 0 1 0 0 1 > + - 0 1 0 > 0 < 1 > ] xyz8=( 36.478126, 34.364446, 20.087901 )

d_16_12=3.468475406076 s=[ 0 0 0 1 0 0 1 > + - 0 1 1 < 0 < 1 > ] xyz8=( 36.478126, 34.364446, 20.087901 )

d_16_12=3.468675606276 s=[ 0 0 0 1 0 0 1 > + - 0 1 0 > 0 < 1 > ] xyz8=( 36.477666, 34.364926, 20.088243 )

d_16_12=3.468675606276 s=[ 0 0 0 1 0 0 1 > + - 0 1 1 < 0 < 1 > ] xyz8=( 36.477666, 34.364926, 20.088243 )

d_16_12=3.468875806476 s=[ 0 0 0 1 0 0 1 > + - 0 1 0 > 0 < 1 > ] xyz8=( 36.477204, 34.365406, 20.088586 )

d_16_12=3.468875806476 s=[ 0 0 0 1 0 0 1 > + - 0 1 1 < 0 < 1 > ] xyz8=( 36.477204, 34.365406, 20.088586 )

d_16_12=3.469076006677 s=[ 0 0 0 1 0 0 1 > + - 0 1 0 > 0 < 1 > ] xyz8=( 36.476742, 34.365886, 20.088929 )

d_16_12=3.469076006677 s=[ 0 0 0 1 0 0 1 > + - 0 1 1 < 0 < 1 > ] xyz8=( 36.476742, 34.365886, 20.088929 )

d_16_12=3.469276206877 s=[ 0 0 0 1 0 0 1 > + - 0 1 0 > 0 < 1 > ] xyz8=( 36.476280, 34.366366, 20.089273 )

d_16_12=3.469276206877 s=[ 0 0 0 1 0 0 1 > + - 0 1 1 < 0 < 1 > ] xyz8=( 36.476280, 34.366366, 20.089273 )

d_16_12=3.469476407077 s=[ 0 0 0 1 0 0 1 > + - 0 1 0 > 0 < 1 > ] xyz8=( 36.475816, 34.366846, 20.089616 )

d_16_12=3.469476407077 s=[ 0 0 0 1 0 0 1 > + - 0 1 1 < 0 < 1 > ] xyz8=( 36.475816, 34.366846, 20.089616 )

d_16_12=3.469676607277 s=[ 0 0 0 1 0 0 1 > + - 0 1 0 > 0 < 1 > ] xyz8=( 36.475352, 34.367327, 20.089960 )

d_16_12=3.469676607277 s=[ 0 0 0 1 0 0 1 > + - 0 1 1 < 0 < 1 > ] xyz8=( 36.475352, 34.367327, 20.089960 )

d_16_12=3.469876807477 s=[ 0 0 0 1 0 0 1 > + - 0 1 0 > 0 < 1 > ] xyz8=( 36.474887, 34.367807, 20.090304 )

d_16_12=3.469876807477 s=[ 0 0 0 1 0 0 1 > + - 0 1 1 < 0 < 1 > ] xyz8=( 36.474887, 34.367807, 20.090304 )

d_16_12=3.470077007678 s=[ 0 0 0 1 0 0 1 > + - 0 1 0 > 0 < 1 > ] xyz8=( 36.474422, 34.368288, 20.090649 )

d_16_12=3.470077007678 s=[ 0 0 0 1 0 0 1 > + - 0 1 1 < 0 < 1 > ] xyz8=( 36.474422, 34.368288, 20.090649 )

d_16_12=3.470277207878 s=[ 0 0 0 1 0 0 1 > + - 0 1 0 > 0 < 1 > ] xyz8=( 36.473956, 34.368769, 20.090993 )

d_16_12=3.470277207878 s=[ 0 0 0 1 0 0 1 > + - 0 1 1 < 0 < 1 > ] xyz8=( 36.473956, 34.368769, 20.090993 )

d_16_12=3.470477408078 s=[ 0 0 0 1 0 0 1 > + - 0 1 0 > 0 < 1 > ] xyz8=( 36.473489, 34.369250, 20.091338 )

d_16_12=3.470477408078 s=[ 0 0 0 1 0 0 1 > + - 0 1 1 < 0 < 1 > ] xyz8=( 36.473489, 34.369250, 20.091338 )

d_16_12=3.470677608278 s=[ 0 0 0 1 0 0 1 > + - 0 1 0 > 0 < 1 > ] xyz8=( 36.473021, 34.369731, 20.091683 )

d_16_12=3.470677608278 s=[ 0 0 0 1 0 0 1 > + - 0 1 1 < 0 < 1 > ] xyz8=( 36.473021, 34.369731, 20.091683 )

d_16_12=3.470877808478 s=[ 0 0 0 1 0 0 1 > + - 0 1 0 > 0 < 1 > ] xyz8=( 36.472553, 34.370212, 20.092028 )

d_16_12=3.470877808478 s=[ 0 0 0 1 0 0 1 > + - 0 1 1 < 0 < 1 > ] xyz8=( 36.472553, 34.370212, 20.092028 )

d_16_12=3.471078008679 s=[ 0 0 0 1 0 0 1 > + - 0 1 0 > 0 < 1 > ] xyz8=( 36.472084, 34.370693, 20.092374 )

d_16_12=3.471078008679 s=[ 0 0 0 1 0 0 1 > + - 0 1 1 < 0 < 1 > ] xyz8=( 36.472084, 34.370693, 20.092374 )

d_16_12=3.471278208879 s=[ 0 0 0 1 0 0 1 > + - 0 1 0 > 0 < 1 > ] xyz8=( 36.471614, 34.371174, 20.092720 )

d_16_12=3.471278208879 s=[ 0 0 0 1 0 0 1 > + - 0 1 1 < 0 < 1 > ] xyz8=( 36.471614, 34.371174, 20.092720 )

d_16_12=3.471478409079 s=[ 0 0 0 1 0 0 1 > + - 0 1 0 > 0 < 1 > ] xyz8=( 36.471143, 34.371656, 20.093066 )

d_16_12=3.471478409079 s=[ 0 0 0 1 0 0 1 > + - 0 1 1 < 0 < 1 > ] xyz8=( 36.471143, 34.371656, 20.093066 )

d_16_12=3.471678609279 s=[ 0 0 0 1 0 0 1 > + - 0 1 0 > 0 < 1 > ] xyz8=( 36.470672, 34.372138, 20.093412 )

d_16_12=3.471678609279 s=[ 0 0 0 1 0 0 1 > + - 0 1 1 < 0 < 1 > ] xyz8=( 36.470672, 34.372138, 20.093412 )

d_16_12=3.471878809479 s=[ 0 0 0 1 0 0 1 > + - 0 1 0 > 0 < 1 > ] xyz8=( 36.470200, 34.372619, 20.093759 )

d_16_12=3.471878809479 s=[ 0 0 0 1 0 0 1 > + - 0 1 1 < 0 < 1 > ] xyz8=( 36.470200, 34.372619, 20.093759 )

d_16_12=3.472079009680 s=[ 0 0 0 1 0 0 1 > + - 0 1 0 > 0 < 1 > ] xyz8=( 36.469727, 34.373101, 20.094106 )

d_16_12=3.472079009680 s=[ 0 0 0 1 0 0 1 > + - 0 1 1 < 0 < 1 > ] xyz8=( 36.469727, 34.373101, 20.094106 )

d_16_12=3.472279209880 s=[ 0 0 0 1 0 0 1 > + - 0 1 0 > 0 < 1 > ] xyz8=( 36.469254, 34.373583, 20.094453 )

d_16_12=3.472279209880 s=[ 0 0 0 1 0 0 1 > + - 0 1 1 < 0 < 1 > ] xyz8=( 36.469254, 34.373583, 20.094453 )

d_16_12=3.472479410080 s=[ 0 0 0 1 0 0 1 > + - 0 1 0 > 0 < 1 > ] xyz8=( 36.468780, 34.374066, 20.094800 )

d_16_12=3.472479410080 s=[ 0 0 0 1 0 0 1 > + - 0 1 1 < 0 < 1 > ] xyz8=( 36.468780, 34.374066, 20.094800 )

d_16_12=3.472679610280 s=[ 0 0 0 1 0 0 1 > + - 0 1 0 > 0 < 1 > ] xyz8=( 36.468305, 34.374548, 20.095148 )

d_16_12=3.472679610280 s=[ 0 0 0 1 0 0 1 > + - 0 1 1 < 0 < 1 > ] xyz8=( 36.468305, 34.374548, 20.095148 )

d_16_12=3.472879810480 s=[ 0 0 0 1 0 0 1 > + - 0 1 0 > 0 < 1 > ] xyz8=( 36.467829, 34.375030, 20.095496 )

d_16_12=3.472879810480 s=[ 0 0 0 1 0 0 1 > + - 0 1 1 < 0 < 1 > ] xyz8=( 36.467829, 34.375030, 20.095496 )

d_16_12=3.473080010681 s=[ 0 0 0 1 0 0 1 > + - 0 1 0 > 0 < 1 > ] xyz8=( 36.467353, 34.375513, 20.095844 )

d_16_12=3.473080010681 s=[ 0 0 0 1 0 0 1 > + - 0 1 1 < 0 < 1 > ] xyz8=( 36.467353, 34.375513, 20.095844 )

d_16_12=3.473280210881 s=[ 0 0 0 1 0 0 1 > + - 0 1 0 > 0 < 1 > ] xyz8=( 36.466876, 34.375996, 20.096192 )

d_16_12=3.473280210881 s=[ 0 0 0 1 0 0 1 > + - 0 1 1 < 0 < 1 > ] xyz8=( 36.466876, 34.375996, 20.096192 )

d_16_12=3.473480411081 s=[ 0 0 0 1 0 0 1 > + - 0 1 0 > 0 < 1 > ] xyz8=( 36.466398, 34.376479, 20.096541 )

d_16_12=3.473480411081 s=[ 0 0 0 1 0 0 1 > + - 0 1 1 < 0 < 1 > ] xyz8=( 36.466398, 34.376479, 20.096541 )

d_16_12=3.473680611281 s=[ 0 0 0 1 0 0 1 > + - 0 1 0 > 0 < 1 > ] xyz8=( 36.465920, 34.376962, 20.096890 )

d_16_12=3.473680611281 s=[ 0 0 0 1 0 0 1 > + - 0 1 1 < 0 < 1 > ] xyz8=( 36.465920, 34.376962, 20.096890 )

d_16_12=3.473880811481 s=[ 0 0 0 1 0 0 1 > + - 0 1 0 > 0 < 1 > ] xyz8=( 36.465440, 34.377445, 20.097239 )

d_16_12=3.473880811481 s=[ 0 0 0 1 0 0 1 > + - 0 1 1 < 0 < 1 > ] xyz8=( 36.465440, 34.377445, 20.097239 )

d_16_12=3.474081011682 s=[ 0 0 0 1 0 0 1 > + - 0 1 0 > 0 < 1 > ] xyz8=( 36.464960, 34.377928, 20.097589 )

d_16_12=3.474081011682 s=[ 0 0 0 1 0 0 1 > + - 0 1 1 < 0 < 1 > ] xyz8=( 36.464960, 34.377928, 20.097589 )

d_16_12=3.474281211882 s=[ 0 0 0 1 0 0 1 > + - 0 1 0 > 0 < 1 > ] xyz8=( 36.464479, 34.378411, 20.097938 )

d_16_12=3.474281211882 s=[ 0 0 0 1 0 0 1 > + - 0 1 1 < 0 < 1 > ] xyz8=( 36.464479, 34.378411, 20.097938 )

d_16_12=3.474481412082 s=[ 0 0 0 1 0 0 1 > + - 0 1 0 > 0 < 1 > ] xyz8=( 36.463998, 34.378895, 20.098288 )

d_16_12=3.474481412082 s=[ 0 0 0 1 0 0 1 > + - 0 1 1 < 0 < 1 > ] xyz8=( 36.463998, 34.378895, 20.098288 )

d_16_12=3.474681612282 s=[ 0 0 0 1 0 0 1 > + - 0 1 0 > 0 < 1 > ] xyz8=( 36.463516, 34.379378, 20.098638 )

d_16_12=3.474681612282 s=[ 0 0 0 1 0 0 1 > + - 0 1 1 < 0 < 1 > ] xyz8=( 36.463516, 34.379378, 20.098638 )

d_16_12=3.474881812482 s=[ 0 0 0 1 0 0 1 > + - 0 1 0 < 0 < 1 > ] xyz8=( 36.463033, 34.379862, 20.098989 )

d_16_12=3.474881812482 s=[ 0 0 0 1 0 0 1 > + - 0 1 1 < 0 < 1 > ] xyz8=( 36.463033, 34.379862, 20.098989 )

d_16_12=3.475082012683 s=[ 0 0 0 1 0 0 1 > + - 0 1 1 < 0 < 1 > ] xyz8=( 36.462549, 34.380346, 20.099340 )

d_16_12=3.475282212883 s=[ 0 0 0 1 0 0 1 > + - 0 1 1 < 0 < 1 > ] xyz8=( 36.462064, 34.380830, 20.099691 )

d_16_12=3.475482413083 s=[ 0 0 0 1 0 0 1 > + - 0 1 1 < 0 < 1 > ] xyz8=( 36.461579, 34.381314, 20.100042 )

d_16_12=3.475682613283 s=[ 0 0 0 1 0 0 1 > + - 0 1 1 < 0 < 1 > ] xyz8=( 36.461093, 34.381799, 20.100394 )

d_16_12=3.475882813483 s=[ 0 0 0 1 0 0 1 > + - 0 1 1 < 0 < 1 > ] xyz8=( 36.460606, 34.382283, 20.100745 )

d_16_12=3.476083013684 s=[ 0 0 0 1 0 0 1 > + - 0 1 1 < 0 < 1 > ] xyz8=( 36.460119, 34.382768, 20.101098 )

d_16_12=3.476283213884 s=[ 0 0 0 1 0 0 1 > + - 0 1 1 < 0 < 1 > ] xyz8=( 36.459630, 34.383252, 20.101450 )

d_16_12=3.476483414084 s=[ 0 0 0 1 0 0 1 > + - 0 1 1 < 0 < 1 > ] xyz8=( 36.459141, 34.383737, 20.101803 )

d_16_12=3.476683614284 s=[ 0 0 0 1 0 0 1 > + - 0 1 1 < 0 < 1 > ] xyz8=( 36.458651, 34.384222, 20.102155 )

d_16_12=3.476883814484 s=[ 0 0 0 1 0 0 1 > + - 0 1 1 < 0 < 1 > ] xyz8=( 36.458161, 34.384707, 20.102509 )

d_16_12=3.477084014685 s=[ 0 0 0 1 0 0 1 > + - 0 1 1 < 0 < 1 > ] xyz8=( 36.457669, 34.385193, 20.102862 )

d_16_12=3.477284214885 s=[ 0 0 0 1 0 0 1 > + - 0 1 1 < 0 < 1 > ] xyz8=( 36.457177, 34.385678, 20.103216 )

d_16_12=3.477484415085 s=[ 0 0 0 1 0 0 1 > + - 0 1 1 < 0 < 1 > ] xyz8=( 36.456684, 34.386164, 20.103570 )

d_16_12=3.477684615285 s=[ 0 0 0 1 0 0 1 > + - 0 1 1 < 0 < 1 > ] xyz8=( 36.456190, 34.386649, 20.103924 )

d_16_12=3.477884815485 s=[ 0 0 0 1 0 0 1 > + - 0 1 1 < 0 < 1 > ] xyz8=( 36.455696, 34.387135, 20.104279 )

d_16_12=3.478085015686 s=[ 0 0 0 1 0 0 1 > + - 0 1 1 < 0 < 1 > ] xyz8=( 36.455201, 34.387621, 20.104633 )

d_16_12=3.478285215886 s=[ 0 0 0 1 0 0 1 > + - 0 1 1 < 0 < 1 > ] xyz8=( 36.454704, 34.388107, 20.104988 )

d_16_12=3.478485416086 s=[ 0 0 0 1 0 0 1 > + - 0 1 1 < 0 < 1 > ] xyz8=( 36.454208, 34.388593, 20.105344 )

d_16_12=3.478685616286 s=[ 0 0 0 1 0 0 1 > + - 0 1 1 < 0 < 1 > ] xyz8=( 36.453710, 34.389080, 20.105699 )

d_16_12=3.478885816486 s=[ 0 0 0 1 0 0 1 > + - 0 1 1 < 0 < 1 > ] xyz8=( 36.453211, 34.389566, 20.106055 )

d_16_12=3.479086016687 s=[ 0 0 0 1 0 0 1 > + - 0 1 1 < 0 < 1 > ] xyz8=( 36.452712, 34.390053, 20.106412 )

d_16_12=3.479286216887 s=[ 0 0 0 1 0 0 1 > + - 0 1 1 < 0 < 1 > ] xyz8=( 36.452212, 34.390540, 20.106768 )

d_16_12=3.479486417087 s=[ 0 0 0 1 0 0 1 > + - 0 1 1 < 0 < 1 > ] xyz8=( 36.451711, 34.391027, 20.107125 )

d_16_12=3.479686617287 s=[ 0 0 0 1 0 0 1 > + - 0 1 1 < 0 < 1 > ] xyz8=( 36.451210, 34.391514, 20.107482 )

d_16_12=3.479886817487 s=[ 0 0 0 1 0 0 1 > + - 0 1 1 < 0 < 1 > ] xyz8=( 36.450707, 34.392001, 20.107839 )

d_16_12=3.480087017688 s=[ 0 0 0 1 0 0 1 > + - 0 1 1 < 0 < 1 > ] xyz8=( 36.450204, 34.392488, 20.108197 )

d_16_12=3.480287217888 s=[ 0 0 0 1 0 0 1 > + - 0 1 1 < 0 < 1 > ] xyz8=( 36.449700, 34.392976, 20.108555 )

d_16_12=3.480487418088 s=[ 0 0 0 1 0 0 1 > + - 0 1 1 < 0 < 1 > ] xyz8=( 36.449195, 34.393464, 20.108913 )

d_16_12=3.480687618288 s=[ 0 0 0 1 0 0 1 > + - 0 1 1 < 0 < 1 > ] xyz8=( 36.448689, 34.393951, 20.109271 )

d_16_12=3.480887818488 s=[ 0 0 0 1 0 0 1 > + - 0 1 1 < 0 < 1 > ] xyz8=( 36.448183, 34.394439, 20.109630 )

d_16_12=3.481088018689 s=[ 0 0 0 1 0 0 1 > + - 0 1 1 < 0 < 1 > ] xyz8=( 36.447676, 34.394927, 20.109989 )

d_16_12=3.481288218889 s=[ 0 0 0 1 0 0 1 > + - 0 1 1 < 0 < 1 > ] xyz8=( 36.447167, 34.395416, 20.110348 )

d_16_12=3.481488419089 s=[ 0 0 0 1 0 0 1 > + - 0 1 1 < 0 < 1 > ] xyz8=( 36.446658, 34.395904, 20.110708 )

d_16_12=3.481688619289 s=[ 0 0 0 1 0 0 1 > + - 0 1 1 < 0 < 1 > ] xyz8=( 36.446149, 34.396392, 20.111068 )

d_16_12=3.481888819489 s=[ 0 0 0 1 0 0 1 > + - 0 1 1 < 0 < 1 > ] xyz8=( 36.445638, 34.396881, 20.111428 )

d_16_12=3.482089019690 s=[ 0 0 0 1 0 0 1 > + - 0 1 1 < 0 < 1 > ] xyz8=( 36.445127, 34.397370, 20.111788 )

d_16_12=3.482289219890 s=[ 0 0 0 1 0 0 1 > + - 0 1 1 < 0 < 1 > ] xyz8=( 36.444614, 34.397859, 20.112149 )

d_16_12=3.482489420090 s=[ 0 0 0 1 0 0 1 > + - 0 1 1 < 0 < 1 > ] xyz8=( 36.444101, 34.398348, 20.112510 )

d_16_12=3.482689620290 s=[ 0 0 0 1 0 0 1 > + - 0 1 1 < 0 < 1 > ] xyz8=( 36.443588, 34.398837, 20.112871 )

d_16_12=3.482889820490 s=[ 0 0 0 1 0 0 1 > + - 0 1 1 < 0 < 1 > ] xyz8=( 36.443073, 34.399327, 20.113233 )

d_16_12=3.483090020691 s=[ 0 0 0 1 0 0 1 > + - 0 1 1 < 0 < 1 > ] xyz8=( 36.442557, 34.399816, 20.113595 )

d_16_12=3.483290220891 s=[ 0 0 0 1 0 0 1 > + - 0 1 1 < 0 < 1 > ] xyz8=( 36.442041, 34.400306, 20.113957 )

d_16_12=3.483490421091 s=[ 0 0 0 1 0 0 1 > + - 0 1 1 < 0 < 1 > ] xyz8=( 36.441524, 34.400796, 20.114320 )

d_16_12=3.483690621291 s=[ 0 0 0 1 0 0 1 > + - 0 1 1 < 0 < 1 > ] xyz8=( 36.441005, 34.401286, 20.114682 )

d_16_12=3.483890821491 s=[ 0 0 0 1 0 0 1 > + - 0 1 1 < 0 < 1 > ] xyz8=( 36.440486, 34.401776, 20.115046 )

d_16_12=3.484091021692 s=[ 0 0 0 1 0 0 1 > + - 0 1 1 < 0 < 1 > ] xyz8=( 36.439967, 34.402266, 20.115409 )

d_16_12=3.484291221892 s=[ 0 0 0 1 0 0 1 > + - 0 1 1 < 0 < 1 > ] xyz8=( 36.439446, 34.402756, 20.115773 )

d_16_12=3.484491422092 s=[ 0 0 0 1 0 0 1 > + - 0 1 1 < 0 < 1 > ] xyz8=( 36.438925, 34.403247, 20.116137 )

d_16_12=3.484691622292 s=[ 0 0 0 1 0 0 1 > + - 0 1 1 < 0 < 1 > ] xyz8=( 36.438402, 34.403738, 20.116501 )

d_16_12=3.484891822492 s=[ 0 0 0 1 0 0 1 > + - 0 1 1 < 0 < 1 > ] xyz8=( 36.437879, 34.404228, 20.116865 )

d_16_12=3.485092022693 s=[ 0 0 0 1 0 0 1 > + - 0 1 1 < 0 < 1 > ] xyz8=( 36.437355, 34.404720, 20.117230 )

d_16_12=3.485292222893 s=[ 0 0 0 1 0 0 1 > + - 0 1 1 < 0 < 1 > ] xyz8=( 36.436830, 34.405211, 20.117596 )

d_16_12=3.485492423093 s=[ 0 0 0 1 0 0 1 > + - 0 1 1 < 0 < 1 > ] xyz8=( 36.436304, 34.405702, 20.117961 )

d_16_12=3.485692623293 s=[ 0 0 0 1 0 0 1 > + - 0 1 1 < 0 < 1 > ] xyz8=( 36.435777, 34.406193, 20.118327 )

d_16_12=3.485892823493 s=[ 0 0 0 1 0 0 1 > + - 0 1 1 < 0 < 1 > ] xyz8=( 36.435250, 34.406685, 20.118693 )

