order:    [ 1 9 10 0 15 14 13 17 16 12 8 4 5 11 3 7 2 6 ]
atoms:    [ CA CA C N C CA N HA H HA N CA C H N HA C H ]
residues: [ 0 2 2 0 3 3 3 3 3 2 2 1 1 2 1 1 0 1 ]

d_16_12=3.459266196867 eijMax=9.731E-03 rmsd=3.320E-01 s=[ 0 0 0 0 1 1 0 1 0 0 1 0 0 0 1 0 0 0 ]
d_16_12=3.459466397067 eijMax=8.871E-03 rmsd=3.256E-01 s=[ 0 0 0 0 1 1 0 1 0 0 1 0 0 0 1 0 0 0 ]
d_16_12=3.459666597267 eijMax=8.076E-03 rmsd=3.196E-01 s=[ 0 0 0 0 1 1 0 1 0 0 1 0 0 0 1 0 0 0 ]
d_16_12=3.459866797467 eijMax=7.341E-03 rmsd=3.139E-01 s=[ 0 0 0 0 1 1 0 1 0 0 1 0 0 0 1 0 0 0 ]
d_16_12=3.460066997668 eijMax=6.662E-03 rmsd=3.084E-01 s=[ 0 0 0 0 1 1 0 1 0 0 1 0 0 0 1 0 0 0 ]
d_16_12=3.460267197868 eijMax=6.035E-03 rmsd=3.032E-01 s=[ 0 0 0 0 1 1 0 1 0 0 1 0 0 0 1 0 0 0 ]
d_16_12=3.460467398068 eijMax=5.456E-03 rmsd=2.983E-01 s=[ 0 0 0 0 1 1 0 1 0 0 1 0 0 0 1 0 0 0 ]
d_16_12=3.460667598268 eijMax=4.921E-03 rmsd=2.936E-01 s=[ 0 0 0 0 1 1 0 1 0 0 1 0 0 0 1 0 0 0 ]
d_16_12=3.460867798468 eijMax=4.428E-03 rmsd=2.892E-01 s=[ 0 0 0 0 1 1 0 1 0 0 1 0 0 0 1 0 0 0 ]
d_16_12=3.461067998669 eijMax=3.974E-03 rmsd=2.850E-01 s=[ 0 0 0 0 1 1 0 1 0 0 1 0 0 0 1 0 0 0 ]
d_16_12=3.461268198869 eijMax=3.555E-03 rmsd=2.810E-01 s=[ 0 0 0 0 1 1 0 1 0 0 1 0 0 0 1 0 0 0 ]
d_16_12=3.461468399069 eijMax=3.170E-03 rmsd=2.773E-01 s=[ 0 0 0 0 1 1 0 1 0 0 1 0 0 0 1 0 0 0 ]
d_16_12=3.461668599269 eijMax=2.816E-03 rmsd=2.737E-01 s=[ 0 0 0 0 1 1 0 1 0 0 1 0 0 0 1 0 0 0 ]
d_16_12=3.461868799469 eijMax=2.491E-03 rmsd=2.704E-01 s=[ 0 0 0 0 1 1 0 1 0 0 1 0 0 0 1 0 0 0 ]
d_16_12=3.462068999670 eijMax=2.194E-03 rmsd=2.672E-01 s=[ 0 0 0 0 1 1 0 1 0 0 1 0 0 0 1 0 0 0 ]
d_16_12=3.462269199870 eijMax=1.921E-03 rmsd=2.643E-01 s=[ 0 0 0 0 1 1 0 1 0 0 1 0 0 0 1 0 0 0 ]
d_16_12=3.462469400070 eijMax=1.673E-03 rmsd=2.615E-01 s=[ 0 0 0 0 1 1 0 1 0 0 1 0 0 0 1 0 0 0 ]
d_16_12=3.462669600270 eijMax=1.446E-03 rmsd=2.589E-01 s=[ 0 0 0 0 1 1 0 1 0 0 1 0 0 0 1 0 0 0 ]
d_16_12=3.462869800470 eijMax=1.240E-03 rmsd=2.565E-01 s=[ 0 0 0 0 1 1 0 1 0 0 1 0 0 0 1 0 0 0 ]
d_16_12=3.463070000671 eijMax=1.054E-03 rmsd=2.543E-01 s=[ 0 0 0 0 1 1 0 1 0 0 1 0 0 0 1 0 0 0 ]
d_16_12=3.463270200871 eijMax=8.855E-04 rmsd=2.522E-01 s=[ 0 0 0 0 1 1 0 1 0 0 1 0 0 0 1 0 0 0 ]
d_16_12=3.463470401071 eijMax=7.342E-04 rmsd=2.503E-01 s=[ 0 0 0 0 1 1 0 1 0 0 1 0 0 0 1 0 0 0 ]
d_16_12=3.463670601271 eijMax=5.988E-04 rmsd=2.485E-01 s=[ 0 0 0 0 1 1 0 1 0 0 1 0 0 0 1 0 0 0 ]
d_16_12=3.463870801471 eijMax=4.785E-04 rmsd=2.469E-01 s=[ 0 0 0 0 1 1 0 1 0 0 1 0 0 0 1 0 0 0 ]
d_16_12=3.464071001672 eijMax=3.722E-04 rmsd=2.455E-01 s=[ 0 0 0 0 1 1 0 1 0 0 1 0 0 0 1 0 0 0 ]
d_16_12=3.464271201872 eijMax=2.790E-04 rmsd=2.442E-01 s=[ 0 0 0 0 1 1 0 1 0 0 1 0 0 0 1 0 0 0 ]
d_16_12=3.464471402072 eijMax=1.982E-04 rmsd=2.431E-01 s=[ 0 0 0 0 1 1 0 1 0 0 1 0 0 0 1 0 0 0 ]
d_16_12=3.464671602272 eijMax=1.291E-04 rmsd=2.420E-01 s=[ 0 0 0 0 1 1 0 1 0 0 1 0 0 0 1 0 0 0 ]
d_16_12=3.464871802472 eijMax=7.088E-05 rmsd=2.412E-01 s=[ 0 0 0 0 1 1 0 1 0 0 1 0 0 0 1 0 0 0 ]
d_16_12=3.465072002673 eijMax=2.296E-05 rmsd=2.404E-01 s=[ 0 0 0 0 1 1 0 1 0 0 1 0 0 0 1 0 0 0 ]
d_16_12=3.465272202873 eijMax=1.529E-05 rmsd=2.398E-01 s=[ 0 0 0 0 1 1 0 1 0 0 1 0 0 0 1 0 0 0 ]
d_16_12=3.465472403073 eijMax=4.445E-05 rmsd=2.393E-01 s=[ 0 0 0 0 1 1 0 1 0 0 1 0 0 0 1 0 0 0 ]
d_16_12=3.465672603273 eijMax=6.503E-05 rmsd=2.390E-01 s=[ 0 0 0 0 1 1 0 1 0 0 1 0 0 0 1 0 0 0 ]
d_16_12=3.465872803473 eijMax=7.754E-05 rmsd=2.388E-01 s=[ 0 0 0 0 1 1 0 1 0 0 1 0 0 0 1 0 0 0 ]
d_16_12=3.466073003674 eijMax=8.245E-05 rmsd=2.386E-01 s=[ 0 0 0 0 1 1 0 1 0 0 1 0 0 0 1 0 0 0 ]
d_16_12=3.466273203874 eijMax=8.019E-05 rmsd=2.386E-01 s=[ 0 0 0 0 1 1 0 1 0 0 1 0 0 0 1 0 0 0 ]
d_16_12=3.466473404074 eijMax=7.118E-05 rmsd=2.387E-01 s=[ 0 0 0 0 1 1 0 1 0 0 1 0 0 0 1 0 0 0 ]
d_16_12=3.466673604274 eijMax=5.581E-05 rmsd=2.390E-01 s=[ 0 0 0 0 1 1 0 1 0 0 1 0 0 0 1 0 0 0 ]
d_16_12=3.466873804474 eijMax=3.442E-05 rmsd=2.393E-01 s=[ 0 0 0 0 1 1 0 1 0 0 1 0 0 0 1 0 0 0 ]
d_16_12=3.467074004675 eijMax=7.377E-06 rmsd=2.397E-01 s=[ 0 0 0 0 1 1 0 1 0 0 1 0 0 0 1 0 0 0 ]
d_16_12=3.467274204875 eijMax=2.502E-05 rmsd=2.402E-01 s=[ 0 0 0 0 1 1 0 1 0 0 1 0 0 0 1 0 0 0 ]
d_16_12=3.467474405075 eijMax=6.246E-05 rmsd=2.409E-01 s=[ 0 0 0 0 1 1 0 1 0 0 1 0 0 0 1 0 0 0 ]
d_16_12=3.467674605275 eijMax=1.047E-04 rmsd=2.416E-01 s=[ 0 0 0 0 1 1 0 1 0 0 1 0 0 0 1 0 0 0 ]
d_16_12=3.467674605275 eijMax=7.450E-03 rmsd=1.450E-01 s=[ 0 0 0 0 1 1 0 1 0 0 1 0 1 1 1 0 0 0 ]
d_16_12=3.467874805475 eijMax=1.514E-04 rmsd=2.424E-01 s=[ 0 0 0 0 1 1 0 1 0 0 1 0 0 0 1 0 0 0 ]
d_16_12=3.467874805475 eijMax=5.311E-03 rmsd=1.194E-01 s=[ 0 0 0 0 1 1 0 1 0 0 1 0 1 1 1 0 0 0 ]
d_16_12=3.468075005676 eijMax=2.023E-04 rmsd=2.433E-01 s=[ 0 0 0 0 1 1 0 1 0 0 1 0 0 0 1 0 0 0 ]
d_16_12=3.468075005676 eijMax=3.683E-03 rmsd=9.644E-02 s=[ 0 0 0 0 1 1 0 1 0 0 1 0 1 1 1 0 0 0 ]
d_16_12=3.468275205876 eijMax=2.573E-04 rmsd=2.443E-01 s=[ 0 0 0 0 1 1 0 1 0 0 1 0 0 0 1 0 0 0 ]
d_16_12=3.468275205876 eijMax=2.459E-03 rmsd=7.582E-02 s=[ 0 0 0 0 1 1 0 1 0 0 1 0 1 1 1 0 0 0 ]
d_16_12=3.468475406076 eijMax=3.160E-04 rmsd=2.454E-01 s=[ 0 0 0 0 1 1 0 1 0 0 1 0 0 0 1 0 0 0 ]
d_16_12=3.468475406076 eijMax=1.556E-03 rmsd=5.727E-02 s=[ 0 0 0 0 1 1 0 1 0 0 1 0 1 1 1 0 0 0 ]
d_16_12=3.468675606276 eijMax=3.784E-04 rmsd=2.465E-01 s=[ 0 0 0 0 1 1 0 1 0 0 1 0 0 0 1 0 0 0 ]
d_16_12=3.468675606276 eijMax=9.053E-04 rmsd=4.055E-02 s=[ 0 0 0 0 1 1 0 1 0 0 1 0 1 1 1 0 0 0 ]
d_16_12=3.468875806476 eijMax=4.441E-04 rmsd=2.478E-01 s=[ 0 0 0 0 1 1 0 1 0 0 1 0 0 0 1 0 0 0 ]
d_16_12=3.468875806476 eijMax=4.547E-04 rmsd=2.545E-02 s=[ 0 0 0 0 1 1 0 1 0 0 1 0 1 1 1 0 0 0 ]
d_16_12=3.469076006677 eijMax=5.131E-04 rmsd=2.491E-01 s=[ 0 0 0 0 1 1 0 1 0 0 1 0 0 0 1 0 0 0 ]
d_16_12=3.469076006677 eijMax=1.619E-04 rmsd=1.177E-02 s=[ 0 0 0 0 1 1 0 1 0 0 1 0 1 1 1 0 0 0 ]
d_16_12=3.469276206877 eijMax=5.850E-04 rmsd=2.505E-01 s=[ 0 0 0 0 1 1 0 1 0 0 1 0 0 0 1 0 0 0 ]
d_16_12=3.469276206877 eijMax=6.510E-06 rmsd=6.454E-04 s=[ 0 0 0 0 1 1 0 1 0 0 1 0 1 1 1 0 0 0 ]
d_16_12=3.469476407077 eijMax=6.598E-04 rmsd=2.519E-01 s=[ 0 0 0 0 1 1 0 1 0 0 1 0 0 0 1 0 0 0 ]
d_16_12=3.469476407077 eijMax=7.697E-05 rmsd=1.195E-02 s=[ 0 0 0 0 1 1 0 1 0 0 1 0 1 1 1 0 0 0 ]
d_16_12=3.469676607277 eijMax=7.374E-04 rmsd=2.535E-01 s=[ 0 0 0 0 1 1 0 1 0 0 1 0 0 0 1 0 0 0 ]
d_16_12=3.469676607277 eijMax=7.035E-05 rmsd=2.227E-02 s=[ 0 0 0 0 1 1 0 1 0 0 1 0 1 1 1 0 0 0 ]
d_16_12=3.469876807477 eijMax=8.174E-04 rmsd=2.551E-01 s=[ 0 0 0 0 1 1 0 1 0 0 1 0 0 0 1 0 0 0 ]
d_16_12=3.469876807477 eijMax=3.229E-06 rmsd=3.173E-02 s=[ 0 0 0 0 1 1 0 1 0 0 1 0 1 1 1 0 0 0 ]
d_16_12=3.470077007678 eijMax=9.000E-04 rmsd=2.567E-01 s=[ 0 0 0 0 1 1 0 1 0 0 1 0 0 0 1 0 0 0 ]
d_16_12=3.470077007678 eijMax=1.112E-04 rmsd=4.041E-02 s=[ 0 0 0 0 1 1 0 1 0 0 1 0 1 1 1 0 0 0 ]
d_16_12=3.470277207878 eijMax=9.847E-04 rmsd=2.585E-01 s=[ 0 0 0 0 1 1 0 1 0 0 1 0 0 0 1 0 0 0 ]
d_16_12=3.470277207878 eijMax=2.625E-04 rmsd=4.841E-02 s=[ 0 0 0 0 1 1 0 1 0 0 1 0 1 1 1 0 0 0 ]
d_16_12=3.470477408078 eijMax=1.072E-03 rmsd=2.603E-01 s=[ 0 0 0 0 1 1 0 1 0 0 1 0 0 0 1 0 0 0 ]
d_16_12=3.470477408078 eijMax=4.422E-04 rmsd=5.580E-02 s=[ 0 0 0 0 1 1 0 1 0 0 1 0 1 1 1 0 0 0 ]
d_16_12=3.470677608278 eijMax=1.161E-03 rmsd=2.621E-01 s=[ 0 0 0 0 1 1 0 1 0 0 1 0 0 0 1 0 0 0 ]
d_16_12=3.470677608278 eijMax=6.438E-04 rmsd=6.264E-02 s=[ 0 0 0 0 1 1 0 1 0 0 1 0 1 1 1 0 0 0 ]
d_16_12=3.470877808478 eijMax=1.252E-03 rmsd=2.640E-01 s=[ 0 0 0 0 1 1 0 1 0 0 1 0 0 0 1 0 0 0 ]
d_16_12=3.470877808478 eijMax=8.619E-04 rmsd=6.901E-02 s=[ 0 0 0 0 1 1 0 1 0 0 1 0 1 1 1 0 0 0 ]
d_16_12=3.471078008679 eijMax=1.344E-03 rmsd=2.660E-01 s=[ 0 0 0 0 1 1 0 1 0 0 1 0 0 0 1 0 0 0 ]
d_16_12=3.471078008679 eijMax=1.092E-03 rmsd=7.495E-02 s=[ 0 0 0 0 1 1 0 1 0 0 1 0 1 1 1 0 0 0 ]
d_16_12=3.471278208879 eijMax=1.439E-03 rmsd=2.681E-01 s=[ 0 0 0 0 1 1 0 1 0 0 1 0 0 0 1 0 0 0 ]
d_16_12=3.471278208879 eijMax=1.331E-03 rmsd=8.050E-02 s=[ 0 0 0 0 1 1 0 1 0 0 1 0 1 1 1 0 0 0 ]
d_16_12=3.471478409079 eijMax=1.535E-03 rmsd=2.701E-01 s=[ 0 0 0 0 1 1 0 1 0 0 1 0 0 0 1 0 0 0 ]
d_16_12=3.471478409079 eijMax=1.576E-03 rmsd=8.571E-02 s=[ 0 0 0 0 1 1 0 1 0 0 1 0 1 1 1 0 0 0 ]
d_16_12=3.471678609279 eijMax=1.633E-03 rmsd=2.723E-01 s=[ 0 0 0 0 1 1 0 1 0 0 1 0 0 0 1 0 0 0 ]
d_16_12=3.471678609279 eijMax=1.825E-03 rmsd=9.062E-02 s=[ 0 0 0 0 1 1 0 1 0 0 1 0 1 1 1 0 0 0 ]
d_16_12=3.471878809479 eijMax=1.732E-03 rmsd=2.745E-01 s=[ 0 0 0 0 1 1 0 1 0 0 1 0 0 0 1 0 0 0 ]
d_16_12=3.471878809479 eijMax=2.077E-03 rmsd=9.526E-02 s=[ 0 0 0 0 1 1 0 1 0 0 1 0 1 1 1 0 0 0 ]
d_16_12=3.472079009680 eijMax=1.833E-03 rmsd=2.767E-01 s=[ 0 0 0 0 1 1 0 1 0 0 1 0 0 0 1 0 0 0 ]
d_16_12=3.472079009680 eijMax=2.329E-03 rmsd=9.965E-02 s=[ 0 0 0 0 1 1 0 1 0 0 1 0 1 1 1 0 0 0 ]
d_16_12=3.472279209880 eijMax=1.934E-03 rmsd=2.790E-01 s=[ 0 0 0 0 1 1 0 1 0 0 1 0 0 0 1 0 0 0 ]
d_16_12=3.472279209880 eijMax=2.580E-03 rmsd=1.038E-01 s=[ 0 0 0 0 1 1 0 1 0 0 1 0 1 1 1 0 0 0 ]
d_16_12=3.472479410080 eijMax=2.038E-03 rmsd=2.813E-01 s=[ 0 0 0 0 1 1 0 1 0 0 1 0 0 0 1 0 0 0 ]
d_16_12=3.472479410080 eijMax=2.831E-03 rmsd=1.078E-01 s=[ 0 0 0 0 1 1 0 1 0 0 1 0 1 1 1 0 0 0 ]
d_16_12=3.472679610280 eijMax=2.142E-03 rmsd=2.837E-01 s=[ 0 0 0 0 1 1 0 1 0 0 1 0 0 0 1 0 0 0 ]
d_16_12=3.472679610280 eijMax=3.079E-03 rmsd=1.116E-01 s=[ 0 0 0 0 1 1 0 1 0 0 1 0 1 1 1 0 0 0 ]
d_16_12=3.472879810480 eijMax=2.247E-03 rmsd=2.861E-01 s=[ 0 0 0 0 1 1 0 1 0 0 1 0 0 0 1 0 0 0 ]
d_16_12=3.472879810480 eijMax=3.325E-03 rmsd=1.153E-01 s=[ 0 0 0 0 1 1 0 1 0 0 1 0 1 1 1 0 0 0 ]
d_16_12=3.473080010681 eijMax=2.354E-03 rmsd=2.885E-01 s=[ 0 0 0 0 1 1 0 1 0 0 1 0 0 0 1 0 0 0 ]
d_16_12=3.473080010681 eijMax=3.568E-03 rmsd=1.188E-01 s=[ 0 0 0 0 1 1 0 1 0 0 1 0 1 1 1 0 0 0 ]
d_16_12=3.473280210881 eijMax=2.461E-03 rmsd=2.910E-01 s=[ 0 0 0 0 1 1 0 1 0 0 1 0 0 0 1 0 0 0 ]
d_16_12=3.473280210881 eijMax=3.809E-03 rmsd=1.222E-01 s=[ 0 0 0 0 1 1 0 1 0 0 1 0 1 1 1 0 0 0 ]
d_16_12=3.473480411081 eijMax=2.570E-03 rmsd=2.935E-01 s=[ 0 0 0 0 1 1 0 1 0 0 1 0 0 0 1 0 0 0 ]
d_16_12=3.473480411081 eijMax=4.045E-03 rmsd=1.254E-01 s=[ 0 0 0 0 1 1 0 1 0 0 1 0 1 1 1 0 0 0 ]
d_16_12=3.473680611281 eijMax=2.679E-03 rmsd=2.961E-01 s=[ 0 0 0 0 1 1 0 1 0 0 1 0 0 0 1 0 0 0 ]
d_16_12=3.473680611281 eijMax=4.279E-03 rmsd=1.286E-01 s=[ 0 0 0 0 1 1 0 1 0 0 1 0 1 1 1 0 0 0 ]
d_16_12=3.473880811481 eijMax=2.789E-03 rmsd=2.987E-01 s=[ 0 0 0 0 1 1 0 1 0 0 1 0 0 0 1 0 0 0 ]
d_16_12=3.473880811481 eijMax=4.508E-03 rmsd=1.317E-01 s=[ 0 0 0 0 1 1 0 1 0 0 1 0 1 1 1 0 0 0 ]
d_16_12=3.474081011682 eijMax=2.900E-03 rmsd=3.014E-01 s=[ 0 0 0 0 1 1 0 1 0 0 1 0 0 0 1 0 0 0 ]
d_16_12=3.474081011682 eijMax=4.734E-03 rmsd=1.348E-01 s=[ 0 0 0 0 1 1 0 1 0 0 1 0 1 1 1 0 0 0 ]
d_16_12=3.474281211882 eijMax=3.011E-03 rmsd=3.040E-01 s=[ 0 0 0 0 1 1 0 1 0 0 1 0 0 0 1 0 0 0 ]
d_16_12=3.474281211882 eijMax=4.956E-03 rmsd=1.377E-01 s=[ 0 0 0 0 1 1 0 1 0 0 1 0 1 1 1 0 0 0 ]
d_16_12=3.474481412082 eijMax=3.124E-03 rmsd=3.068E-01 s=[ 0 0 0 0 1 1 0 1 0 0 1 0 0 0 1 0 0 0 ]
d_16_12=3.474481412082 eijMax=5.174E-03 rmsd=1.406E-01 s=[ 0 0 0 0 1 1 0 1 0 0 1 0 1 1 1 0 0 0 ]
d_16_12=3.474681612282 eijMax=3.237E-03 rmsd=3.095E-01 s=[ 0 0 0 0 1 1 0 1 0 0 1 0 0 0 1 0 0 0 ]
d_16_12=3.474681612282 eijMax=5.389E-03 rmsd=1.435E-01 s=[ 0 0 0 0 1 1 0 1 0 0 1 0 1 1 1 0 0 0 ]
d_16_12=3.474881812482 eijMax=3.350E-03 rmsd=3.123E-01 s=[ 0 0 0 0 1 1 0 1 0 0 1 0 0 0 1 0 0 0 ]
d_16_12=3.474881812482 eijMax=5.600E-03 rmsd=1.462E-01 s=[ 0 0 0 0 1 1 0 1 0 0 1 0 1 0 1 0 0 0 ]
d_16_12=3.475082012683 eijMax=3.465E-03 rmsd=3.151E-01 s=[ 0 0 0 0 1 1 0 1 0 0 1 0 0 0 1 0 0 0 ]
d_16_12=3.475282212883 eijMax=3.579E-03 rmsd=3.179E-01 s=[ 0 0 0 0 1 1 0 1 0 0 1 0 0 0 1 0 0 0 ]
d_16_12=3.475482413083 eijMax=3.695E-03 rmsd=3.208E-01 s=[ 0 0 0 0 1 1 0 1 0 0 1 0 0 0 1 0 0 0 ]
d_16_12=3.475682613283 eijMax=3.811E-03 rmsd=3.237E-01 s=[ 0 0 0 0 1 1 0 1 0 0 1 0 0 0 1 0 0 0 ]
d_16_12=3.475882813483 eijMax=3.927E-03 rmsd=3.266E-01 s=[ 0 0 0 0 1 1 0 1 0 0 1 0 0 0 1 0 0 0 ]
d_16_12=3.476083013684 eijMax=4.044E-03 rmsd=3.295E-01 s=[ 0 0 0 0 1 1 0 1 0 0 1 0 0 0 1 0 0 0 ]
d_16_12=3.476283213884 eijMax=4.161E-03 rmsd=3.325E-01 s=[ 0 0 0 0 1 1 0 1 0 0 1 0 0 0 1 0 0 0 ]
d_16_12=3.476483414084 eijMax=4.278E-03 rmsd=3.355E-01 s=[ 0 0 0 0 1 1 0 1 0 0 1 0 0 0 1 0 0 0 ]
d_16_12=3.476683614284 eijMax=4.396E-03 rmsd=3.385E-01 s=[ 0 0 0 0 1 1 0 1 0 0 1 0 0 0 1 0 0 0 ]
d_16_12=3.476883814484 eijMax=4.514E-03 rmsd=3.415E-01 s=[ 0 0 0 0 1 1 0 1 0 0 1 0 0 0 1 0 0 0 ]
d_16_12=3.477084014685 eijMax=4.633E-03 rmsd=3.446E-01 s=[ 0 0 0 0 1 1 0 1 0 0 1 0 0 0 1 0 0 0 ]
d_16_12=3.477284214885 eijMax=4.752E-03 rmsd=3.477E-01 s=[ 0 0 0 0 1 1 0 1 0 0 1 0 0 0 1 0 0 0 ]
d_16_12=3.477484415085 eijMax=4.871E-03 rmsd=3.508E-01 s=[ 0 0 0 0 1 1 0 1 0 0 1 0 0 0 1 0 0 0 ]
d_16_12=3.477684615285 eijMax=4.991E-03 rmsd=3.539E-01 s=[ 0 0 0 0 1 1 0 1 0 0 1 0 0 0 1 0 0 0 ]
d_16_12=3.477884815485 eijMax=5.110E-03 rmsd=3.571E-01 s=[ 0 0 0 0 1 1 0 1 0 0 1 0 0 0 1 0 0 0 ]
d_16_12=3.478085015686 eijMax=5.230E-03 rmsd=3.602E-01 s=[ 0 0 0 0 1 1 0 1 0 0 1 0 0 0 1 0 0 0 ]
d_16_12=3.478285215886 eijMax=5.350E-03 rmsd=3.634E-01 s=[ 0 0 0 0 1 1 0 1 0 0 1 0 0 0 1 0 0 0 ]
d_16_12=3.478485416086 eijMax=5.471E-03 rmsd=3.666E-01 s=[ 0 0 0 0 1 1 0 1 0 0 1 0 0 0 1 0 0 0 ]
d_16_12=3.478685616286 eijMax=5.591E-03 rmsd=3.699E-01 s=[ 0 0 0 0 1 1 0 1 0 0 1 0 0 0 1 0 0 0 ]
d_16_12=3.478885816486 eijMax=5.712E-03 rmsd=3.731E-01 s=[ 0 0 0 0 1 1 0 1 0 0 1 0 0 0 1 0 0 0 ]
d_16_12=3.479086016687 eijMax=5.833E-03 rmsd=3.764E-01 s=[ 0 0 0 0 1 1 0 1 0 0 1 0 0 0 1 0 0 0 ]
d_16_12=3.479286216887 eijMax=5.954E-03 rmsd=3.796E-01 s=[ 0 0 0 0 1 1 0 1 0 0 1 0 0 0 1 0 0 0 ]
d_16_12=3.479486417087 eijMax=6.075E-03 rmsd=3.829E-01 s=[ 0 0 0 0 1 1 0 1 0 0 1 0 0 0 1 0 0 0 ]
d_16_12=3.479686617287 eijMax=6.196E-03 rmsd=3.862E-01 s=[ 0 0 0 0 1 1 0 1 0 0 1 0 0 0 1 0 0 0 ]
d_16_12=3.479886817487 eijMax=6.318E-03 rmsd=3.896E-01 s=[ 0 0 0 0 1 1 0 1 0 0 1 0 0 0 1 0 0 0 ]
d_16_12=3.480087017688 eijMax=6.439E-03 rmsd=3.929E-01 s=[ 0 0 0 0 1 1 0 1 0 0 1 0 0 0 1 0 0 0 ]
d_16_12=3.480287217888 eijMax=6.561E-03 rmsd=3.963E-01 s=[ 0 0 0 0 1 1 0 1 0 0 1 0 0 0 1 0 0 0 ]
d_16_12=3.480487418088 eijMax=6.683E-03 rmsd=3.996E-01 s=[ 0 0 0 0 1 1 0 1 0 0 1 0 0 0 1 0 0 0 ]
d_16_12=3.480687618288 eijMax=6.805E-03 rmsd=4.030E-01 s=[ 0 0 0 0 1 1 0 1 0 0 1 0 0 0 1 0 0 0 ]
d_16_12=3.480887818488 eijMax=6.927E-03 rmsd=4.064E-01 s=[ 0 0 0 0 1 1 0 1 0 0 1 0 0 0 1 0 0 0 ]
d_16_12=3.481088018689 eijMax=7.049E-03 rmsd=4.098E-01 s=[ 0 0 0 0 1 1 0 1 0 0 1 0 0 0 1 0 0 0 ]
d_16_12=3.481288218889 eijMax=7.171E-03 rmsd=4.133E-01 s=[ 0 0 0 0 1 1 0 1 0 0 1 0 0 0 1 0 0 0 ]
d_16_12=3.481488419089 eijMax=7.293E-03 rmsd=4.167E-01 s=[ 0 0 0 0 1 1 0 1 0 0 1 0 0 0 1 0 0 0 ]
d_16_12=3.481688619289 eijMax=7.415E-03 rmsd=4.202E-01 s=[ 0 0 0 0 1 1 0 1 0 0 1 0 0 0 1 0 0 0 ]
d_16_12=3.481888819489 eijMax=7.537E-03 rmsd=4.236E-01 s=[ 0 0 0 0 1 1 0 1 0 0 1 0 0 0 1 0 0 0 ]
d_16_12=3.482089019690 eijMax=7.660E-03 rmsd=4.271E-01 s=[ 0 0 0 0 1 1 0 1 0 0 1 0 0 0 1 0 0 0 ]
d_16_12=3.482289219890 eijMax=7.782E-03 rmsd=4.306E-01 s=[ 0 0 0 0 1 1 0 1 0 0 1 0 0 0 1 0 0 0 ]
d_16_12=3.482489420090 eijMax=7.904E-03 rmsd=4.341E-01 s=[ 0 0 0 0 1 1 0 1 0 0 1 0 0 0 1 0 0 0 ]
d_16_12=3.482689620290 eijMax=8.027E-03 rmsd=4.376E-01 s=[ 0 0 0 0 1 1 0 1 0 0 1 0 0 0 1 0 0 0 ]
d_16_12=3.482889820490 eijMax=8.149E-03 rmsd=4.411E-01 s=[ 0 0 0 0 1 1 0 1 0 0 1 0 0 0 1 0 0 0 ]
d_16_12=3.483090020691 eijMax=8.272E-03 rmsd=4.447E-01 s=[ 0 0 0 0 1 1 0 1 0 0 1 0 0 0 1 0 0 0 ]
d_16_12=3.483290220891 eijMax=8.394E-03 rmsd=4.482E-01 s=[ 0 0 0 0 1 1 0 1 0 0 1 0 0 0 1 0 0 0 ]
d_16_12=3.483490421091 eijMax=8.517E-03 rmsd=4.518E-01 s=[ 0 0 0 0 1 1 0 1 0 0 1 0 0 0 1 0 0 0 ]
d_16_12=3.483690621291 eijMax=8.639E-03 rmsd=4.554E-01 s=[ 0 0 0 0 1 1 0 1 0 0 1 0 0 0 1 0 0 0 ]
d_16_12=3.483890821491 eijMax=8.762E-03 rmsd=4.589E-01 s=[ 0 0 0 0 1 1 0 1 0 0 1 0 0 0 1 0 0 0 ]
d_16_12=3.484091021692 eijMax=8.885E-03 rmsd=4.625E-01 s=[ 0 0 0 0 1 1 0 1 0 0 1 0 0 0 1 0 0 0 ]
d_16_12=3.484291221892 eijMax=9.007E-03 rmsd=4.661E-01 s=[ 0 0 0 0 1 1 0 1 0 0 1 0 0 0 1 0 0 0 ]
d_16_12=3.484491422092 eijMax=9.130E-03 rmsd=4.697E-01 s=[ 0 0 0 0 1 1 0 1 0 0 1 0 0 0 1 0 0 0 ]
d_16_12=3.484691622292 eijMax=9.252E-03 rmsd=4.734E-01 s=[ 0 0 0 0 1 1 0 1 0 0 1 0 0 0 1 0 0 0 ]
d_16_12=3.484891822492 eijMax=9.375E-03 rmsd=4.770E-01 s=[ 0 0 0 0 1 1 0 1 0 0 1 0 0 0 1 0 0 0 ]
d_16_12=3.485092022693 eijMax=9.498E-03 rmsd=4.806E-01 s=[ 0 0 0 0 1 1 0 1 0 0 1 0 0 0 1 0 0 0 ]
d_16_12=3.485292222893 eijMax=9.620E-03 rmsd=4.843E-01 s=[ 0 0 0 0 1 1 0 1 0 0 1 0 0 0 1 0 0 0 ]
d_16_12=3.485492423093 eijMax=9.743E-03 rmsd=4.879E-01 s=[ 0 0 0 0 1 1 0 1 0 0 1 0 0 0 1 0 0 0 ]
d_16_12=3.485692623293 eijMax=9.866E-03 rmsd=4.916E-01 s=[ 0 0 0 0 1 1 0 1 0 0 1 0 0 0 1 0 0 0 ]
d_16_12=3.485892823493 eijMax=9.988E-03 rmsd=4.953E-01 s=[ 0 0 0 0 1 1 0 1 0 0 1 0 0 0 1 0 0 0 ]
d_16_12=3.459266196867 eijMax=9.731E-03 rmsd=3.320E-01 s=[ 0 0 0 1 0 0 1 0 0 1 0 1 1 1 0 1 1 0 ]
d_16_12=3.459466397067 eijMax=8.871E-03 rmsd=3.256E-01 s=[ 0 0 0 1 0 0 1 0 0 1 0 1 1 1 0 1 1 0 ]
d_16_12=3.459666597267 eijMax=8.076E-03 rmsd=3.196E-01 s=[ 0 0 0 1 0 0 1 0 0 1 0 1 1 1 0 1 1 0 ]
d_16_12=3.459866797467 eijMax=7.341E-03 rmsd=3.139E-01 s=[ 0 0 0 1 0 0 1 0 0 1 0 1 1 1 0 1 1 0 ]
d_16_12=3.460066997668 eijMax=6.662E-03 rmsd=3.084E-01 s=[ 0 0 0 1 0 0 1 0 0 1 0 1 1 1 0 1 1 0 ]
d_16_12=3.460267197868 eijMax=6.035E-03 rmsd=3.032E-01 s=[ 0 0 0 1 0 0 1 0 0 1 0 1 1 1 0 1 1 0 ]
d_16_12=3.460467398068 eijMax=5.456E-03 rmsd=2.983E-01 s=[ 0 0 0 1 0 0 1 0 0 1 0 1 1 1 0 1 1 0 ]
d_16_12=3.460667598268 eijMax=4.921E-03 rmsd=2.936E-01 s=[ 0 0 0 1 0 0 1 0 0 1 0 1 1 1 0 1 1 0 ]
d_16_12=3.460867798468 eijMax=4.428E-03 rmsd=2.892E-01 s=[ 0 0 0 1 0 0 1 0 0 1 0 1 1 1 0 1 1 0 ]
d_16_12=3.461067998669 eijMax=3.974E-03 rmsd=2.850E-01 s=[ 0 0 0 1 0 0 1 0 0 1 0 1 1 1 0 1 1 0 ]
d_16_12=3.461268198869 eijMax=3.555E-03 rmsd=2.810E-01 s=[ 0 0 0 1 0 0 1 0 0 1 0 1 1 1 0 1 1 0 ]
d_16_12=3.461468399069 eijMax=3.170E-03 rmsd=2.773E-01 s=[ 0 0 0 1 0 0 1 0 0 1 0 1 1 1 0 1 1 0 ]
d_16_12=3.461668599269 eijMax=2.816E-03 rmsd=2.737E-01 s=[ 0 0 0 1 0 0 1 0 0 1 0 1 1 1 0 1 1 0 ]
d_16_12=3.461868799469 eijMax=2.491E-03 rmsd=2.704E-01 s=[ 0 0 0 1 0 0 1 0 0 1 0 1 1 1 0 1 1 0 ]
d_16_12=3.462068999670 eijMax=2.194E-03 rmsd=2.672E-01 s=[ 0 0 0 1 0 0 1 0 0 1 0 1 1 1 0 1 1 0 ]
d_16_12=3.462269199870 eijMax=1.921E-03 rmsd=2.643E-01 s=[ 0 0 0 1 0 0 1 0 0 1 0 1 1 1 0 1 1 0 ]
d_16_12=3.462469400070 eijMax=1.673E-03 rmsd=2.615E-01 s=[ 0 0 0 1 0 0 1 0 0 1 0 1 1 1 0 1 1 0 ]
d_16_12=3.462669600270 eijMax=1.446E-03 rmsd=2.589E-01 s=[ 0 0 0 1 0 0 1 0 0 1 0 1 1 1 0 1 1 0 ]
d_16_12=3.462869800470 eijMax=1.240E-03 rmsd=2.565E-01 s=[ 0 0 0 1 0 0 1 0 0 1 0 1 1 1 0 1 1 0 ]
d_16_12=3.463070000671 eijMax=1.054E-03 rmsd=2.543E-01 s=[ 0 0 0 1 0 0 1 0 0 1 0 1 1 1 0 1 1 0 ]
d_16_12=3.463270200871 eijMax=8.855E-04 rmsd=2.522E-01 s=[ 0 0 0 1 0 0 1 0 0 1 0 1 1 1 0 1 1 0 ]
d_16_12=3.463470401071 eijMax=7.342E-04 rmsd=2.503E-01 s=[ 0 0 0 1 0 0 1 0 0 1 0 1 1 1 0 1 1 0 ]
d_16_12=3.463670601271 eijMax=5.988E-04 rmsd=2.485E-01 s=[ 0 0 0 1 0 0 1 0 0 1 0 1 1 1 0 1 1 0 ]
d_16_12=3.463870801471 eijMax=4.785E-04 rmsd=2.469E-01 s=[ 0 0 0 1 0 0 1 0 0 1 0 1 1 1 0 1 1 0 ]
d_16_12=3.464071001672 eijMax=3.722E-04 rmsd=2.455E-01 s=[ 0 0 0 1 0 0 1 0 0 1 0 1 1 1 0 1 1 0 ]
d_16_12=3.464271201872 eijMax=2.790E-04 rmsd=2.442E-01 s=[ 0 0 0 1 0 0 1 0 0 1 0 1 1 1 0 1 1 0 ]
d_16_12=3.464471402072 eijMax=1.982E-04 rmsd=2.431E-01 s=[ 0 0 0 1 0 0 1 0 0 1 0 1 1 1 0 1 1 0 ]
d_16_12=3.464671602272 eijMax=1.291E-04 rmsd=2.420E-01 s=[ 0 0 0 1 0 0 1 0 0 1 0 1 1 1 0 1 1 0 ]
d_16_12=3.464871802472 eijMax=7.088E-05 rmsd=2.412E-01 s=[ 0 0 0 1 0 0 1 0 0 1 0 1 1 1 0 1 1 0 ]
d_16_12=3.465072002673 eijMax=2.296E-05 rmsd=2.404E-01 s=[ 0 0 0 1 0 0 1 0 0 1 0 1 1 1 0 1 1 0 ]
d_16_12=3.465272202873 eijMax=1.529E-05 rmsd=2.398E-01 s=[ 0 0 0 1 0 0 1 0 0 1 0 1 1 1 0 1 1 0 ]
d_16_12=3.465472403073 eijMax=4.445E-05 rmsd=2.393E-01 s=[ 0 0 0 1 0 0 1 0 0 1 0 1 1 1 0 1 1 0 ]
d_16_12=3.465672603273 eijMax=6.503E-05 rmsd=2.390E-01 s=[ 0 0 0 1 0 0 1 0 0 1 0 1 1 1 0 1 1 0 ]
d_16_12=3.465872803473 eijMax=7.754E-05 rmsd=2.388E-01 s=[ 0 0 0 1 0 0 1 0 0 1 0 1 1 1 0 1 1 0 ]
d_16_12=3.466073003674 eijMax=8.245E-05 rmsd=2.386E-01 s=[ 0 0 0 1 0 0 1 0 0 1 0 1 1 1 0 1 1 0 ]
d_16_12=3.466273203874 eijMax=8.019E-05 rmsd=2.386E-01 s=[ 0 0 0 1 0 0 1 0 0 1 0 1 1 1 0 1 1 0 ]
d_16_12=3.466473404074 eijMax=7.118E-05 rmsd=2.387E-01 s=[ 0 0 0 1 0 0 1 0 0 1 0 1 1 1 0 1 1 0 ]
d_16_12=3.466673604274 eijMax=5.581E-05 rmsd=2.390E-01 s=[ 0 0 0 1 0 0 1 0 0 1 0 1 1 1 0 1 1 0 ]
d_16_12=3.466873804474 eijMax=3.442E-05 rmsd=2.393E-01 s=[ 0 0 0 1 0 0 1 0 0 1 0 1 1 1 0 1 1 0 ]
d_16_12=3.467074004675 eijMax=7.377E-06 rmsd=2.397E-01 s=[ 0 0 0 1 0 0 1 0 0 1 0 1 1 1 0 1 1 0 ]
d_16_12=3.467274204875 eijMax=2.502E-05 rmsd=2.402E-01 s=[ 0 0 0 1 0 0 1 0 0 1 0 1 1 1 0 1 1 0 ]
d_16_12=3.467474405075 eijMax=6.246E-05 rmsd=2.409E-01 s=[ 0 0 0 1 0 0 1 0 0 1 0 1 1 1 0 1 1 0 ]
d_16_12=3.467674605275 eijMax=7.450E-03 rmsd=1.450E-01 s=[ 0 0 0 1 0 0 1 0 0 1 0 1 0 0 0 1 1 0 ]
d_16_12=3.467674605275 eijMax=1.047E-04 rmsd=2.416E-01 s=[ 0 0 0 1 0 0 1 0 0 1 0 1 1 1 0 1 1 0 ]
d_16_12=3.467874805475 eijMax=5.311E-03 rmsd=1.194E-01 s=[ 0 0 0 1 0 0 1 0 0 1 0 1 0 0 0 1 1 0 ]
d_16_12=3.467874805475 eijMax=1.514E-04 rmsd=2.424E-01 s=[ 0 0 0 1 0 0 1 0 0 1 0 1 1 1 0 1 1 0 ]
d_16_12=3.468075005676 eijMax=3.683E-03 rmsd=9.644E-02 s=[ 0 0 0 1 0 0 1 0 0 1 0 1 0 0 0 1 1 0 ]
d_16_12=3.468075005676 eijMax=2.023E-04 rmsd=2.433E-01 s=[ 0 0 0 1 0 0 1 0 0 1 0 1 1 1 0 1 1 0 ]
d_16_12=3.468275205876 eijMax=2.459E-03 rmsd=7.582E-02 s=[ 0 0 0 1 0 0 1 0 0 1 0 1 0 0 0 1 1 0 ]
d_16_12=3.468275205876 eijMax=2.573E-04 rmsd=2.443E-01 s=[ 0 0 0 1 0 0 1 0 0 1 0 1 1 1 0 1 1 0 ]
d_16_12=3.468475406076 eijMax=1.556E-03 rmsd=5.727E-02 s=[ 0 0 0 1 0 0 1 0 0 1 0 1 0 0 0 1 1 0 ]
d_16_12=3.468475406076 eijMax=3.160E-04 rmsd=2.454E-01 s=[ 0 0 0 1 0 0 1 0 0 1 0 1 1 1 0 1 1 0 ]
d_16_12=3.468675606276 eijMax=9.053E-04 rmsd=4.055E-02 s=[ 0 0 0 1 0 0 1 0 0 1 0 1 0 0 0 1 1 0 ]
d_16_12=3.468675606276 eijMax=3.784E-04 rmsd=2.465E-01 s=[ 0 0 0 1 0 0 1 0 0 1 0 1 1 1 0 1 1 0 ]
d_16_12=3.468875806476 eijMax=4.547E-04 rmsd=2.545E-02 s=[ 0 0 0 1 0 0 1 0 0 1 0 1 0 0 0 1 1 0 ]
d_16_12=3.468875806476 eijMax=4.441E-04 rmsd=2.478E-01 s=[ 0 0 0 1 0 0 1 0 0 1 0 1 1 1 0 1 1 0 ]
d_16_12=3.469076006677 eijMax=1.619E-04 rmsd=1.177E-02 s=[ 0 0 0 1 0 0 1 0 0 1 0 1 0 0 0 1 1 0 ]
d_16_12=3.469076006677 eijMax=5.131E-04 rmsd=2.491E-01 s=[ 0 0 0 1 0 0 1 0 0 1 0 1 1 1 0 1 1 0 ]
d_16_12=3.469276206877 eijMax=6.510E-06 rmsd=6.454E-04 s=[ 0 0 0 1 0 0 1 0 0 1 0 1 0 0 0 1 1 0 ]
d_16_12=3.469276206877 eijMax=5.850E-04 rmsd=2.505E-01 s=[ 0 0 0 1 0 0 1 0 0 1 0 1 1 1 0 1 1 0 ]
d_16_12=3.469476407077 eijMax=7.697E-05 rmsd=1.195E-02 s=[ 0 0 0 1 0 0 1 0 0 1 0 1 0 0 0 1 1 0 ]
d_16_12=3.469476407077 eijMax=6.598E-04 rmsd=2.519E-01 s=[ 0 0 0 1 0 0 1 0 0 1 0 1 1 1 0 1 1 0 ]
d_16_12=3.469676607277 eijMax=7.035E-05 rmsd=2.227E-02 s=[ 0 0 0 1 0 0 1 0 0 1 0 1 0 0 0 1 1 0 ]
d_16_12=3.469676607277 eijMax=7.374E-04 rmsd=2.535E-01 s=[ 0 0 0 1 0 0 1 0 0 1 0 1 1 1 0 1 1 0 ]
d_16_12=3.469876807477 eijMax=3.229E-06 rmsd=3.173E-02 s=[ 0 0 0 1 0 0 1 0 0 1 0 1 0 0 0 1 1 0 ]
d_16_12=3.469876807477 eijMax=8.174E-04 rmsd=2.551E-01 s=[ 0 0 0 1 0 0 1 0 0 1 0 1 1 1 0 1 1 0 ]
d_16_12=3.470077007678 eijMax=1.112E-04 rmsd=4.041E-02 s=[ 0 0 0 1 0 0 1 0 0 1 0 1 0 0 0 1 1 0 ]
d_16_12=3.470077007678 eijMax=9.000E-04 rmsd=2.567E-01 s=[ 0 0 0 1 0 0 1 0 0 1 0 1 1 1 0 1 1 0 ]
d_16_12=3.470277207878 eijMax=2.625E-04 rmsd=4.841E-02 s=[ 0 0 0 1 0 0 1 0 0 1 0 1 0 0 0 1 1 0 ]
d_16_12=3.470277207878 eijMax=9.847E-04 rmsd=2.585E-01 s=[ 0 0 0 1 0 0 1 0 0 1 0 1 1 1 0 1 1 0 ]
d_16_12=3.470477408078 eijMax=4.422E-04 rmsd=5.580E-02 s=[ 0 0 0 1 0 0 1 0 0 1 0 1 0 0 0 1 1 0 ]
d_16_12=3.470477408078 eijMax=1.072E-03 rmsd=2.603E-01 s=[ 0 0 0 1 0 0 1 0 0 1 0 1 1 1 0 1 1 0 ]
d_16_12=3.470677608278 eijMax=6.438E-04 rmsd=6.264E-02 s=[ 0 0 0 1 0 0 1 0 0 1 0 1 0 0 0 1 1 0 ]
d_16_12=3.470677608278 eijMax=1.161E-03 rmsd=2.621E-01 s=[ 0 0 0 1 0 0 1 0 0 1 0 1 1 1 0 1 1 0 ]
d_16_12=3.470877808478 eijMax=8.619E-04 rmsd=6.901E-02 s=[ 0 0 0 1 0 0 1 0 0 1 0 1 0 0 0 1 1 0 ]
d_16_12=3.470877808478 eijMax=1.252E-03 rmsd=2.640E-01 s=[ 0 0 0 1 0 0 1 0 0 1 0 1 1 1 0 1 1 0 ]
d_16_12=3.471078008679 eijMax=1.092E-03 rmsd=7.495E-02 s=[ 0 0 0 1 0 0 1 0 0 1 0 1 0 0 0 1 1 0 ]
d_16_12=3.471078008679 eijMax=1.344E-03 rmsd=2.660E-01 s=[ 0 0 0 1 0 0 1 0 0 1 0 1 1 1 0 1 1 0 ]
d_16_12=3.471278208879 eijMax=1.331E-03 rmsd=8.050E-02 s=[ 0 0 0 1 0 0 1 0 0 1 0 1 0 0 0 1 1 0 ]
d_16_12=3.471278208879 eijMax=1.439E-03 rmsd=2.681E-01 s=[ 0 0 0 1 0 0 1 0 0 1 0 1 1 1 0 1 1 0 ]
d_16_12=3.471478409079 eijMax=1.576E-03 rmsd=8.571E-02 s=[ 0 0 0 1 0 0 1 0 0 1 0 1 0 0 0 1 1 0 ]
d_16_12=3.471478409079 eijMax=1.535E-03 rmsd=2.701E-01 s=[ 0 0 0 1 0 0 1 0 0 1 0 1 1 1 0 1 1 0 ]
d_16_12=3.471678609279 eijMax=1.825E-03 rmsd=9.062E-02 s=[ 0 0 0 1 0 0 1 0 0 1 0 1 0 0 0 1 1 0 ]
d_16_12=3.471678609279 eijMax=1.633E-03 rmsd=2.723E-01 s=[ 0 0 0 1 0 0 1 0 0 1 0 1 1 1 0 1 1 0 ]
d_16_12=3.471878809479 eijMax=2.077E-03 rmsd=9.526E-02 s=[ 0 0 0 1 0 0 1 0 0 1 0 1 0 0 0 1 1 0 ]
d_16_12=3.471878809479 eijMax=1.732E-03 rmsd=2.745E-01 s=[ 0 0 0 1 0 0 1 0 0 1 0 1 1 1 0 1 1 0 ]
d_16_12=3.472079009680 eijMax=2.329E-03 rmsd=9.965E-02 s=[ 0 0 0 1 0 0 1 0 0 1 0 1 0 0 0 1 1 0 ]
d_16_12=3.472079009680 eijMax=1.833E-03 rmsd=2.767E-01 s=[ 0 0 0 1 0 0 1 0 0 1 0 1 1 1 0 1 1 0 ]
d_16_12=3.472279209880 eijMax=2.580E-03 rmsd=1.038E-01 s=[ 0 0 0 1 0 0 1 0 0 1 0 1 0 0 0 1 1 0 ]
d_16_12=3.472279209880 eijMax=1.934E-03 rmsd=2.790E-01 s=[ 0 0 0 1 0 0 1 0 0 1 0 1 1 1 0 1 1 0 ]
d_16_12=3.472479410080 eijMax=2.831E-03 rmsd=1.078E-01 s=[ 0 0 0 1 0 0 1 0 0 1 0 1 0 0 0 1 1 0 ]
d_16_12=3.472479410080 eijMax=2.038E-03 rmsd=2.813E-01 s=[ 0 0 0 1 0 0 1 0 0 1 0 1 1 1 0 1 1 0 ]
d_16_12=3.472679610280 eijMax=3.079E-03 rmsd=1.116E-01 s=[ 0 0 0 1 0 0 1 0 0 1 0 1 0 0 0 1 1 0 ]
d_16_12=3.472679610280 eijMax=2.142E-03 rmsd=2.837E-01 s=[ 0 0 0 1 0 0 1 0 0 1 0 1 1 1 0 1 1 0 ]
d_16_12=3.472879810480 eijMax=3.325E-03 rmsd=1.153E-01 s=[ 0 0 0 1 0 0 1 0 0 1 0 1 0 0 0 1 1 0 ]
d_16_12=3.472879810480 eijMax=2.247E-03 rmsd=2.861E-01 s=[ 0 0 0 1 0 0 1 0 0 1 0 1 1 1 0 1 1 0 ]
d_16_12=3.473080010681 eijMax=3.568E-03 rmsd=1.188E-01 s=[ 0 0 0 1 0 0 1 0 0 1 0 1 0 0 0 1 1 0 ]
d_16_12=3.473080010681 eijMax=2.354E-03 rmsd=2.885E-01 s=[ 0 0 0 1 0 0 1 0 0 1 0 1 1 1 0 1 1 0 ]
d_16_12=3.473280210881 eijMax=3.809E-03 rmsd=1.222E-01 s=[ 0 0 0 1 0 0 1 0 0 1 0 1 0 0 0 1 1 0 ]
d_16_12=3.473280210881 eijMax=2.461E-03 rmsd=2.910E-01 s=[ 0 0 0 1 0 0 1 0 0 1 0 1 1 1 0 1 1 0 ]
d_16_12=3.473480411081 eijMax=4.045E-03 rmsd=1.254E-01 s=[ 0 0 0 1 0 0 1 0 0 1 0 1 0 0 0 1 1 0 ]
d_16_12=3.473480411081 eijMax=2.570E-03 rmsd=2.935E-01 s=[ 0 0 0 1 0 0 1 0 0 1 0 1 1 1 0 1 1 0 ]
d_16_12=3.473680611281 eijMax=4.279E-03 rmsd=1.286E-01 s=[ 0 0 0 1 0 0 1 0 0 1 0 1 0 0 0 1 1 0 ]
d_16_12=3.473680611281 eijMax=2.679E-03 rmsd=2.961E-01 s=[ 0 0 0 1 0 0 1 0 0 1 0 1 1 1 0 1 1 0 ]
d_16_12=3.473880811481 eijMax=4.508E-03 rmsd=1.317E-01 s=[ 0 0 0 1 0 0 1 0 0 1 0 1 0 0 0 1 1 0 ]
d_16_12=3.473880811481 eijMax=2.789E-03 rmsd=2.987E-01 s=[ 0 0 0 1 0 0 1 0 0 1 0 1 1 1 0 1 1 0 ]
d_16_12=3.474081011682 eijMax=4.734E-03 rmsd=1.348E-01 s=[ 0 0 0 1 0 0 1 0 0 1 0 1 0 0 0 1 1 0 ]
d_16_12=3.474081011682 eijMax=2.900E-03 rmsd=3.014E-01 s=[ 0 0 0 1 0 0 1 0 0 1 0 1 1 1 0 1 1 0 ]
d_16_12=3.474281211882 eijMax=4.956E-03 rmsd=1.377E-01 s=[ 0 0 0 1 0 0 1 0 0 1 0 1 0 0 0 1 1 0 ]
d_16_12=3.474281211882 eijMax=3.011E-03 rmsd=3.040E-01 s=[ 0 0 0 1 0 0 1 0 0 1 0 1 1 1 0 1 1 0 ]
d_16_12=3.474481412082 eijMax=5.174E-03 rmsd=1.406E-01 s=[ 0 0 0 1 0 0 1 0 0 1 0 1 0 0 0 1 1 0 ]
d_16_12=3.474481412082 eijMax=3.124E-03 rmsd=3.068E-01 s=[ 0 0 0 1 0 0 1 0 0 1 0 1 1 1 0 1 1 0 ]
d_16_12=3.474681612282 eijMax=5.389E-03 rmsd=1.435E-01 s=[ 0 0 0 1 0 0 1 0 0 1 0 1 0 0 0 1 1 0 ]
d_16_12=3.474681612282 eijMax=3.237E-03 rmsd=3.095E-01 s=[ 0 0 0 1 0 0 1 0 0 1 0 1 1 1 0 1 1 0 ]
d_16_12=3.474881812482 eijMax=5.600E-03 rmsd=1.462E-01 s=[ 0 0 0 1 0 0 1 0 0 1 0 1 0 1 0 1 1 0 ]
d_16_12=3.474881812482 eijMax=3.350E-03 rmsd=3.123E-01 s=[ 0 0 0 1 0 0 1 0 0 1 0 1 1 1 0 1 1 0 ]
d_16_12=3.475082012683 eijMax=3.465E-03 rmsd=3.151E-01 s=[ 0 0 0 1 0 0 1 0 0 1 0 1 1 1 0 1 1 0 ]
d_16_12=3.475282212883 eijMax=3.579E-03 rmsd=3.179E-01 s=[ 0 0 0 1 0 0 1 0 0 1 0 1 1 1 0 1 1 0 ]
d_16_12=3.475482413083 eijMax=3.695E-03 rmsd=3.208E-01 s=[ 0 0 0 1 0 0 1 0 0 1 0 1 1 1 0 1 1 0 ]
d_16_12=3.475682613283 eijMax=3.811E-03 rmsd=3.237E-01 s=[ 0 0 0 1 0 0 1 0 0 1 0 1 1 1 0 1 1 0 ]
d_16_12=3.475882813483 eijMax=3.927E-03 rmsd=3.266E-01 s=[ 0 0 0 1 0 0 1 0 0 1 0 1 1 1 0 1 1 0 ]
d_16_12=3.476083013684 eijMax=4.044E-03 rmsd=3.295E-01 s=[ 0 0 0 1 0 0 1 0 0 1 0 1 1 1 0 1 1 0 ]
d_16_12=3.476283213884 eijMax=4.161E-03 rmsd=3.325E-01 s=[ 0 0 0 1 0 0 1 0 0 1 0 1 1 1 0 1 1 0 ]
d_16_12=3.476483414084 eijMax=4.278E-03 rmsd=3.355E-01 s=[ 0 0 0 1 0 0 1 0 0 1 0 1 1 1 0 1 1 0 ]
d_16_12=3.476683614284 eijMax=4.396E-03 rmsd=3.385E-01 s=[ 0 0 0 1 0 0 1 0 0 1 0 1 1 1 0 1 1 0 ]
d_16_12=3.476883814484 eijMax=4.514E-03 rmsd=3.415E-01 s=[ 0 0 0 1 0 0 1 0 0 1 0 1 1 1 0 1 1 0 ]
d_16_12=3.477084014685 eijMax=4.633E-03 rmsd=3.446E-01 s=[ 0 0 0 1 0 0 1 0 0 1 0 1 1 1 0 1 1 0 ]
d_16_12=3.477284214885 eijMax=4.752E-03 rmsd=3.477E-01 s=[ 0 0 0 1 0 0 1 0 0 1 0 1 1 1 0 1 1 0 ]
d_16_12=3.477484415085 eijMax=4.871E-03 rmsd=3.508E-01 s=[ 0 0 0 1 0 0 1 0 0 1 0 1 1 1 0 1 1 0 ]
d_16_12=3.477684615285 eijMax=4.991E-03 rmsd=3.539E-01 s=[ 0 0 0 1 0 0 1 0 0 1 0 1 1 1 0 1 1 0 ]
d_16_12=3.477884815485 eijMax=5.110E-03 rmsd=3.571E-01 s=[ 0 0 0 1 0 0 1 0 0 1 0 1 1 1 0 1 1 0 ]
d_16_12=3.478085015686 eijMax=5.230E-03 rmsd=3.602E-01 s=[ 0 0 0 1 0 0 1 0 0 1 0 1 1 1 0 1 1 0 ]
d_16_12=3.478285215886 eijMax=5.350E-03 rmsd=3.634E-01 s=[ 0 0 0 1 0 0 1 0 0 1 0 1 1 1 0 1 1 0 ]
d_16_12=3.478485416086 eijMax=5.471E-03 rmsd=3.666E-01 s=[ 0 0 0 1 0 0 1 0 0 1 0 1 1 1 0 1 1 0 ]
d_16_12=3.478685616286 eijMax=5.591E-03 rmsd=3.699E-01 s=[ 0 0 0 1 0 0 1 0 0 1 0 1 1 1 0 1 1 0 ]
d_16_12=3.478885816486 eijMax=5.712E-03 rmsd=3.731E-01 s=[ 0 0 0 1 0 0 1 0 0 1 0 1 1 1 0 1 1 0 ]
d_16_12=3.479086016687 eijMax=5.833E-03 rmsd=3.764E-01 s=[ 0 0 0 1 0 0 1 0 0 1 0 1 1 1 0 1 1 0 ]
d_16_12=3.479286216887 eijMax=5.954E-03 rmsd=3.796E-01 s=[ 0 0 0 1 0 0 1 0 0 1 0 1 1 1 0 1 1 0 ]
d_16_12=3.479486417087 eijMax=6.075E-03 rmsd=3.829E-01 s=[ 0 0 0 1 0 0 1 0 0 1 0 1 1 1 0 1 1 0 ]
d_16_12=3.479686617287 eijMax=6.196E-03 rmsd=3.862E-01 s=[ 0 0 0 1 0 0 1 0 0 1 0 1 1 1 0 1 1 0 ]
d_16_12=3.479886817487 eijMax=6.318E-03 rmsd=3.896E-01 s=[ 0 0 0 1 0 0 1 0 0 1 0 1 1 1 0 1 1 0 ]
d_16_12=3.480087017688 eijMax=6.439E-03 rmsd=3.929E-01 s=[ 0 0 0 1 0 0 1 0 0 1 0 1 1 1 0 1 1 0 ]
d_16_12=3.480287217888 eijMax=6.561E-03 rmsd=3.963E-01 s=[ 0 0 0 1 0 0 1 0 0 1 0 1 1 1 0 1 1 0 ]
d_16_12=3.480487418088 eijMax=6.683E-03 rmsd=3.996E-01 s=[ 0 0 0 1 0 0 1 0 0 1 0 1 1 1 0 1 1 0 ]
d_16_12=3.480687618288 eijMax=6.805E-03 rmsd=4.030E-01 s=[ 0 0 0 1 0 0 1 0 0 1 0 1 1 1 0 1 1 0 ]
d_16_12=3.480887818488 eijMax=6.927E-03 rmsd=4.064E-01 s=[ 0 0 0 1 0 0 1 0 0 1 0 1 1 1 0 1 1 0 ]
d_16_12=3.481088018689 eijMax=7.049E-03 rmsd=4.098E-01 s=[ 0 0 0 1 0 0 1 0 0 1 0 1 1 1 0 1 1 0 ]
d_16_12=3.481288218889 eijMax=7.171E-03 rmsd=4.133E-01 s=[ 0 0 0 1 0 0 1 0 0 1 0 1 1 1 0 1 1 0 ]
d_16_12=3.481488419089 eijMax=7.293E-03 rmsd=4.167E-01 s=[ 0 0 0 1 0 0 1 0 0 1 0 1 1 1 0 1 1 0 ]
d_16_12=3.481688619289 eijMax=7.415E-03 rmsd=4.202E-01 s=[ 0 0 0 1 0 0 1 0 0 1 0 1 1 1 0 1 1 0 ]
d_16_12=3.481888819489 eijMax=7.537E-03 rmsd=4.236E-01 s=[ 0 0 0 1 0 0 1 0 0 1 0 1 1 1 0 1 1 0 ]
d_16_12=3.482089019690 eijMax=7.660E-03 rmsd=4.271E-01 s=[ 0 0 0 1 0 0 1 0 0 1 0 1 1 1 0 1 1 0 ]
d_16_12=3.482289219890 eijMax=7.782E-03 rmsd=4.306E-01 s=[ 0 0 0 1 0 0 1 0 0 1 0 1 1 1 0 1 1 0 ]
d_16_12=3.482489420090 eijMax=7.904E-03 rmsd=4.341E-01 s=[ 0 0 0 1 0 0 1 0 0 1 0 1 1 1 0 1 1 0 ]
d_16_12=3.482689620290 eijMax=8.027E-03 rmsd=4.376E-01 s=[ 0 0 0 1 0 0 1 0 0 1 0 1 1 1 0 1 1 0 ]
d_16_12=3.482889820490 eijMax=8.149E-03 rmsd=4.411E-01 s=[ 0 0 0 1 0 0 1 0 0 1 0 1 1 1 0 1 1 0 ]
d_16_12=3.483090020691 eijMax=8.272E-03 rmsd=4.447E-01 s=[ 0 0 0 1 0 0 1 0 0 1 0 1 1 1 0 1 1 0 ]
d_16_12=3.483290220891 eijMax=8.394E-03 rmsd=4.482E-01 s=[ 0 0 0 1 0 0 1 0 0 1 0 1 1 1 0 1 1 0 ]
d_16_12=3.483490421091 eijMax=8.517E-03 rmsd=4.518E-01 s=[ 0 0 0 1 0 0 1 0 0 1 0 1 1 1 0 1 1 0 ]
d_16_12=3.483690621291 eijMax=8.639E-03 rmsd=4.554E-01 s=[ 0 0 0 1 0 0 1 0 0 1 0 1 1 1 0 1 1 0 ]
d_16_12=3.483890821491 eijMax=8.762E-03 rmsd=4.589E-01 s=[ 0 0 0 1 0 0 1 0 0 1 0 1 1 1 0 1 1 0 ]
d_16_12=3.484091021692 eijMax=8.885E-03 rmsd=4.625E-01 s=[ 0 0 0 1 0 0 1 0 0 1 0 1 1 1 0 1 1 0 ]
d_16_12=3.484291221892 eijMax=9.007E-03 rmsd=4.661E-01 s=[ 0 0 0 1 0 0 1 0 0 1 0 1 1 1 0 1 1 0 ]
d_16_12=3.484491422092 eijMax=9.130E-03 rmsd=4.697E-01 s=[ 0 0 0 1 0 0 1 0 0 1 0 1 1 1 0 1 1 0 ]
d_16_12=3.484691622292 eijMax=9.252E-03 rmsd=4.734E-01 s=[ 0 0 0 1 0 0 1 0 0 1 0 1 1 1 0 1 1 0 ]
d_16_12=3.484891822492 eijMax=9.375E-03 rmsd=4.770E-01 s=[ 0 0 0 1 0 0 1 0 0 1 0 1 1 1 0 1 1 0 ]
d_16_12=3.485092022693 eijMax=9.498E-03 rmsd=4.806E-01 s=[ 0 0 0 1 0 0 1 0 0 1 0 1 1 1 0 1 1 0 ]
d_16_12=3.485292222893 eijMax=9.620E-03 rmsd=4.843E-01 s=[ 0 0 0 1 0 0 1 0 0 1 0 1 1 1 0 1 1 0 ]
d_16_12=3.485492423093 eijMax=9.743E-03 rmsd=4.879E-01 s=[ 0 0 0 1 0 0 1 0 0 1 0 1 1 1 0 1 1 0 ]
d_16_12=3.485692623293 eijMax=9.866E-03 rmsd=4.916E-01 s=[ 0 0 0 1 0 0 1 0 0 1 0 1 1 1 0 1 1 0 ]
d_16_12=3.485892823493 eijMax=9.988E-03 rmsd=4.953E-01 s=[ 0 0 0 1 0 0 1 0 0 1 0 1 1 1 0 1 1 0 ]
num ..... 1000
nnodes .. 18
nedges .. 66
nsols ... 522
nnonhsols 342
tsecs ... 5.618159
