d_16_12=2.249146372626 eijMax=3.048E-03 rmsd=2.461E-01 s=[ 0 0 0 0 1 1 0 1 0 1 1 0 0 0 0 0 0 0 ]
d_16_12=2.249146372626 eijMax=3.048E-03 rmsd=2.461E-01 s=[ 0 0 0 0 1 1 0 1 0 1 1 0 0 0 0 0 0 1 ]
d_16_12=2.249146372626 eijMax=3.048E-03 rmsd=2.260E-01 s=[ 0 0 0 0 1 1 0 1 0 1 1 0 0 1 0 0 0 0 ]
d_16_12=2.249146372626 eijMax=3.048E-03 rmsd=2.260E-01 s=[ 0 0 0 0 1 1 0 1 0 1 1 0 0 1 0 0 0 1 ]
d_16_12=2.251166574646 eijMax=3.359E-03 rmsd=2.141E-01 s=[ 0 0 0 0 1 1 0 1 0 1 1 0 0 0 0 0 0 0 ]
d_16_12=2.251166574646 eijMax=3.359E-03 rmsd=2.141E-01 s=[ 0 0 0 0 1 1 0 1 0 1 1 0 0 0 0 0 0 1 ]
d_16_12=2.263287786768 eijMax=2.145E-06 rmsd=2.784E-03 s=[ 0 0 0 0 1 1 0 1 0 1 1 0 1 1 0 0 0 0 ]
d_16_12=2.263287786768 eijMax=1.529E-06 rmsd=2.632E-03 s=[ 0 0 0 0 1 1 0 1 0 1 1 0 1 1 0 0 0 1 ]
d_16_12=2.265307988788 eijMax=1.200E-03 rmsd=5.835E-02 s=[ 0 0 0 0 1 1 0 1 0 1 1 0 1 0 0 0 0 0 ]
d_16_12=2.265307988788 eijMax=1.200E-03 rmsd=5.850E-02 s=[ 0 0 0 0 1 1 0 1 0 1 1 0 1 0 0 0 0 1 ]
d_16_12=2.265307988788 eijMax=4.583E-05 rmsd=5.520E-02 s=[ 0 0 0 0 1 1 0 1 0 1 1 0 1 1 0 0 0 0 ]
d_16_12=2.265307988788 eijMax=4.583E-05 rmsd=5.535E-02 s=[ 0 0 0 0 1 1 0 1 0 1 1 0 1 1 0 0 0 1 ]
d_16_12=2.267328190808 eijMax=1.200E-03 rmsd=1.006E-01 s=[ 0 0 0 0 1 1 0 1 0 1 1 0 1 0 0 0 0 0 ]
d_16_12=2.267328190808 eijMax=1.200E-03 rmsd=1.007E-01 s=[ 0 0 0 0 1 1 0 1 0 1 1 0 1 0 0 0 0 1 ]
d_16_12=2.249146372626 eijMax=3.048E-03 rmsd=2.260E-01 s=[ 0 0 0 1 0 0 1 0 0 0 0 1 1 0 1 1 1 0 ]
d_16_12=2.249146372626 eijMax=3.048E-03 rmsd=2.260E-01 s=[ 0 0 0 1 0 0 1 0 0 0 0 1 1 0 1 1 1 1 ]
d_16_12=2.249146372626 eijMax=3.048E-03 rmsd=2.461E-01 s=[ 0 0 0 1 0 0 1 0 0 0 0 1 1 1 1 1 1 0 ]
d_16_12=2.249146372626 eijMax=3.048E-03 rmsd=2.461E-01 s=[ 0 0 0 1 0 0 1 0 0 0 0 1 1 1 1 1 1 1 ]
d_16_12=2.251166574646 eijMax=3.359E-03 rmsd=2.141E-01 s=[ 0 0 0 1 0 0 1 0 0 0 0 1 1 1 1 1 1 0 ]
d_16_12=2.251166574646 eijMax=3.359E-03 rmsd=2.141E-01 s=[ 0 0 0 1 0 0 1 0 0 0 0 1 1 1 1 1 1 1 ]
d_16_12=2.263287786768 eijMax=1.529E-06 rmsd=2.632E-03 s=[ 0 0 0 1 0 0 1 0 0 0 0 1 0 0 1 1 1 0 ]
d_16_12=2.263287786768 eijMax=2.145E-06 rmsd=2.784E-03 s=[ 0 0 0 1 0 0 1 0 0 0 0 1 0 0 1 1 1 1 ]
d_16_12=2.265307988788 eijMax=4.583E-05 rmsd=5.535E-02 s=[ 0 0 0 1 0 0 1 0 0 0 0 1 0 0 1 1 1 0 ]
d_16_12=2.265307988788 eijMax=4.583E-05 rmsd=5.520E-02 s=[ 0 0 0 1 0 0 1 0 0 0 0 1 0 0 1 1 1 1 ]
d_16_12=2.265307988788 eijMax=1.200E-03 rmsd=5.850E-02 s=[ 0 0 0 1 0 0 1 0 0 0 0 1 0 1 1 1 1 0 ]
d_16_12=2.265307988788 eijMax=1.200E-03 rmsd=5.835E-02 s=[ 0 0 0 1 0 0 1 0 0 0 0 1 0 1 1 1 1 1 ]
d_16_12=2.267328190808 eijMax=1.200E-03 rmsd=1.007E-01 s=[ 0 0 0 1 0 0 1 0 0 0 0 1 0 1 1 1 1 0 ]
d_16_12=2.267328190808 eijMax=1.200E-03 rmsd=1.006E-01 s=[ 0 0 0 1 0 0 1 0 0 0 0 1 0 1 1 1 1 1 ]
num ..... 100
nnodes .. 18
nedges .. 65
nsols ... 28
tsecs ... 0.724717
