xyz8=( -29.693056 18.099313 -1.101715 )
xyz8=( -29.693056 18.099313 -1.101715 )
xyz8=( -29.693056 18.099313 -1.101715 )
xyz8=( -29.693056 18.099313 -1.101715 )
xyz8=( -29.694318 18.104448 -1.109801 )
xyz8=( -29.694318 18.104448 -1.109801 )
xyz8=( -29.700195 18.133659 -1.155131 )
xyz8=( -29.700195 18.133659 -1.155131 )
xyz8=( -29.700931 18.138300 -1.162230 )
xyz8=( -29.700931 18.138300 -1.162230 )
xyz8=( -29.700931 18.138300 -1.162230 )
xyz8=( -29.700931 18.138300 -1.162230 )
xyz8=( -29.701606 18.142884 -1.169215 )
xyz8=( -29.701606 18.142884 -1.169215 )
xyz8=( -28.927308 19.104202 -2.158534 )
xyz8=( -28.927308 19.104202 -2.158534 )
xyz8=( -28.927308 19.104202 -2.158534 )
xyz8=( -28.927308 19.104202 -2.158534 )
xyz8=( -28.935761 19.099899 -2.156695 )
xyz8=( -28.935761 19.099899 -2.156695 )
xyz8=( -28.982711 19.075212 -2.145341 )
xyz8=( -28.982711 19.075212 -2.145341 )
xyz8=( -28.989996 19.071258 -2.143401 )
xyz8=( -28.989996 19.071258 -2.143401 )
xyz8=( -28.989996 19.071258 -2.143401 )
xyz8=( -28.989996 19.071258 -2.143401 )
xyz8=( -28.997147 19.067345 -2.141449 )
xyz8=( -28.997147 19.067345 -2.141449 )
