xyz8=( -29.692286 18.096312 -1.096972 )
xyz8=( -29.692286 18.096312 -1.096972 )
xyz8=( -29.692421 18.096830 -1.097791 )
xyz8=( -29.692421 18.096830 -1.097791 )
xyz8=( -29.692555 18.097347 -1.098609 )
xyz8=( -29.692555 18.097347 -1.098609 )
xyz8=( -29.692687 18.097863 -1.099425 )
xyz8=( -29.692687 18.097863 -1.099425 )
xyz8=( -29.692819 18.098378 -1.100239 )
xyz8=( -29.692819 18.098378 -1.100239 )
xyz8=( -29.692950 18.098893 -1.101051 )
xyz8=( -29.692950 18.098893 -1.101051 )
xyz8=( -29.692950 18.098893 -1.101051 )
xyz8=( -29.692950 18.098893 -1.101051 )
xyz8=( -29.693080 18.099406 -1.101862 )
xyz8=( -29.693080 18.099406 -1.101862 )
xyz8=( -29.693209 18.099919 -1.102671 )
xyz8=( -29.693209 18.099919 -1.102671 )
xyz8=( -29.693337 18.100430 -1.103478 )
xyz8=( -29.693337 18.100430 -1.103478 )
xyz8=( -29.693464 18.100941 -1.104283 )
xyz8=( -29.693464 18.100941 -1.104283 )
xyz8=( -29.693590 18.101451 -1.105087 )
xyz8=( -29.693590 18.101451 -1.105087 )
xyz8=( -29.693716 18.101960 -1.105889 )
xyz8=( -29.693716 18.101960 -1.105889 )
xyz8=( -29.693840 18.102469 -1.106689 )
xyz8=( -29.693840 18.102469 -1.106689 )
xyz8=( -29.693964 18.102976 -1.107488 )
xyz8=( -29.693964 18.102976 -1.107488 )
xyz8=( -29.694086 18.103483 -1.108285 )
xyz8=( -29.694086 18.103483 -1.108285 )
xyz8=( -29.694208 18.103988 -1.109080 )
xyz8=( -29.694208 18.103988 -1.109080 )
xyz8=( -29.694329 18.104493 -1.109873 )
xyz8=( -29.694329 18.104493 -1.109873 )
xyz8=( -29.694449 18.104998 -1.110665 )
xyz8=( -29.694449 18.104998 -1.110665 )
xyz8=( -29.694568 18.105501 -1.111456 )
xyz8=( -29.694568 18.105501 -1.111456 )
xyz8=( -29.699929 18.132057 -1.152674 )
xyz8=( -29.699929 18.132057 -1.152674 )
xyz8=( -29.700007 18.132522 -1.153387 )
xyz8=( -29.700007 18.132522 -1.153387 )
xyz8=( -29.700084 18.132986 -1.154098 )
xyz8=( -29.700084 18.132986 -1.154098 )
xyz8=( -29.700161 18.133449 -1.154809 )
xyz8=( -29.700161 18.133449 -1.154809 )
xyz8=( -29.700237 18.133912 -1.155518 )
xyz8=( -29.700237 18.133912 -1.155518 )
xyz8=( -29.700237 18.133912 -1.155518 )
xyz8=( -29.700237 18.133912 -1.155518 )
xyz8=( -29.700312 18.134374 -1.156226 )
xyz8=( -29.700312 18.134374 -1.156226 )
xyz8=( -29.700312 18.134374 -1.156226 )
xyz8=( -29.700312 18.134374 -1.156226 )
xyz8=( -29.700387 18.134836 -1.156933 )
xyz8=( -29.700387 18.134836 -1.156933 )
xyz8=( -29.700387 18.134836 -1.156933 )
xyz8=( -29.700387 18.134836 -1.156933 )
xyz8=( -29.700461 18.135297 -1.157639 )
xyz8=( -29.700461 18.135297 -1.157639 )
xyz8=( -29.700461 18.135297 -1.157639 )
xyz8=( -29.700461 18.135297 -1.157639 )
xyz8=( -29.700534 18.135757 -1.158343 )
xyz8=( -29.700534 18.135757 -1.158343 )
xyz8=( -29.700534 18.135757 -1.158343 )
xyz8=( -29.700534 18.135757 -1.158343 )
xyz8=( -29.700607 18.136217 -1.159047 )
xyz8=( -29.700607 18.136217 -1.159047 )
xyz8=( -29.700607 18.136217 -1.159047 )
xyz8=( -29.700607 18.136217 -1.159047 )
xyz8=( -29.700680 18.136676 -1.159749 )
xyz8=( -29.700680 18.136676 -1.159749 )
xyz8=( -29.700680 18.136676 -1.159749 )
xyz8=( -29.700680 18.136676 -1.159749 )
xyz8=( -29.700751 18.137135 -1.160450 )
xyz8=( -29.700751 18.137135 -1.160450 )
xyz8=( -29.700751 18.137135 -1.160450 )
xyz8=( -29.700751 18.137135 -1.160450 )
xyz8=( -29.700823 18.137593 -1.161150 )
xyz8=( -29.700823 18.137593 -1.161150 )
xyz8=( -29.700823 18.137593 -1.161150 )
xyz8=( -29.700823 18.137593 -1.161150 )
xyz8=( -29.700893 18.138051 -1.161849 )
xyz8=( -29.700893 18.138051 -1.161849 )
xyz8=( -29.700893 18.138051 -1.161849 )
xyz8=( -29.700893 18.138051 -1.161849 )
xyz8=( -29.700963 18.138508 -1.162547 )
xyz8=( -29.700963 18.138508 -1.162547 )
xyz8=( -29.700963 18.138508 -1.162547 )
xyz8=( -29.700963 18.138508 -1.162547 )
xyz8=( -29.701032 18.138964 -1.163243 )
xyz8=( -29.701032 18.138964 -1.163243 )
xyz8=( -29.701032 18.138964 -1.163243 )
xyz8=( -29.701032 18.138964 -1.163243 )
xyz8=( -29.701101 18.139420 -1.163939 )
xyz8=( -29.701101 18.139420 -1.163939 )
xyz8=( -29.701101 18.139420 -1.163939 )
xyz8=( -29.701101 18.139420 -1.163939 )
xyz8=( -29.701169 18.139876 -1.164633 )
xyz8=( -29.701169 18.139876 -1.164633 )
xyz8=( -29.701237 18.140330 -1.165327 )
xyz8=( -29.701237 18.140330 -1.165327 )
xyz8=( -29.701304 18.140785 -1.166019 )
xyz8=( -29.701304 18.140785 -1.166019 )
xyz8=( -29.701370 18.141239 -1.166710 )
xyz8=( -29.701370 18.141239 -1.166710 )
xyz8=( -29.701436 18.141692 -1.167400 )
xyz8=( -29.701436 18.141692 -1.167400 )
xyz8=( -29.701501 18.142144 -1.168090 )
xyz8=( -29.701501 18.142144 -1.168090 )
xyz8=( -29.701566 18.142597 -1.168778 )
xyz8=( -29.701566 18.142597 -1.168778 )
xyz8=( -29.701630 18.143048 -1.169465 )
xyz8=( -29.701630 18.143048 -1.169465 )
xyz8=( -29.701693 18.143499 -1.170150 )
xyz8=( -29.701693 18.143499 -1.170150 )
xyz8=( -29.701756 18.143950 -1.170835 )
xyz8=( -29.701756 18.143950 -1.170835 )
xyz8=( -29.701818 18.144400 -1.171519 )
xyz8=( -29.701818 18.144400 -1.171519 )
xyz8=( -29.701880 18.144850 -1.172202 )
xyz8=( -29.701880 18.144850 -1.172202 )
xyz8=( -29.701942 18.145299 -1.172883 )
xyz8=( -29.701942 18.145299 -1.172883 )
xyz8=( -29.702002 18.145747 -1.173564 )
xyz8=( -29.702002 18.145747 -1.173564 )
xyz8=( -29.702062 18.146195 -1.174244 )
xyz8=( -29.702062 18.146195 -1.174244 )
xyz8=( -28.922339 19.106711 -2.159586 )
xyz8=( -28.922339 19.106711 -2.159586 )
xyz8=( -28.923198 19.106279 -2.159406 )
xyz8=( -28.923198 19.106279 -2.159406 )
xyz8=( -28.924055 19.105846 -2.159225 )
xyz8=( -28.924055 19.105846 -2.159225 )
xyz8=( -28.924910 19.105415 -2.159044 )
xyz8=( -28.924910 19.105415 -2.159044 )
xyz8=( -28.925763 19.104984 -2.158863 )
xyz8=( -28.925763 19.104984 -2.158863 )
xyz8=( -28.926613 19.104554 -2.158682 )
xyz8=( -28.926613 19.104554 -2.158682 )
xyz8=( -28.926613 19.104554 -2.158682 )
xyz8=( -28.926613 19.104554 -2.158682 )
xyz8=( -28.927462 19.104124 -2.158501 )
xyz8=( -28.927462 19.104124 -2.158501 )
xyz8=( -28.928308 19.103695 -2.158319 )
xyz8=( -28.928308 19.103695 -2.158319 )
xyz8=( -28.929153 19.103267 -2.158138 )
xyz8=( -28.929153 19.103267 -2.158138 )
xyz8=( -28.929995 19.102839 -2.157956 )
xyz8=( -28.929995 19.102839 -2.157956 )
xyz8=( -28.930836 19.102412 -2.157774 )
xyz8=( -28.930836 19.102412 -2.157774 )
xyz8=( -28.931674 19.101985 -2.157592 )
xyz8=( -28.931674 19.101985 -2.157592 )
xyz8=( -28.932510 19.101559 -2.157410 )
xyz8=( -28.932510 19.101559 -2.157410 )
xyz8=( -28.933345 19.101134 -2.157227 )
xyz8=( -28.933345 19.101134 -2.157227 )
xyz8=( -28.934177 19.100709 -2.157044 )
xyz8=( -28.934177 19.100709 -2.157044 )
xyz8=( -28.935008 19.100285 -2.156862 )
xyz8=( -28.935008 19.100285 -2.156862 )
xyz8=( -28.935836 19.099861 -2.156679 )
xyz8=( -28.935836 19.099861 -2.156679 )
xyz8=( -28.936663 19.099438 -2.156495 )
xyz8=( -28.936663 19.099438 -2.156495 )
xyz8=( -28.937487 19.099015 -2.156312 )
xyz8=( -28.937487 19.099015 -2.156312 )
xyz8=( -28.980185 19.076575 -2.146002 )
xyz8=( -28.980185 19.076575 -2.146002 )
xyz8=( -28.980918 19.076180 -2.145811 )
xyz8=( -28.980918 19.076180 -2.145811 )
xyz8=( -28.981649 19.075785 -2.145619 )
xyz8=( -28.981649 19.075785 -2.145619 )
xyz8=( -28.982379 19.075391 -2.145428 )
xyz8=( -28.982379 19.075391 -2.145428 )
xyz8=( -28.983108 19.074997 -2.145236 )
xyz8=( -28.983108 19.074997 -2.145236 )
xyz8=( -28.983108 19.074997 -2.145236 )
xyz8=( -28.983108 19.074997 -2.145236 )
xyz8=( -28.983835 19.074604 -2.145044 )
xyz8=( -28.983835 19.074604 -2.145044 )
xyz8=( -28.983835 19.074604 -2.145044 )
xyz8=( -28.983835 19.074604 -2.145044 )
xyz8=( -28.984561 19.074211 -2.144852 )
xyz8=( -28.984561 19.074211 -2.144852 )
xyz8=( -28.984561 19.074211 -2.144852 )
xyz8=( -28.984561 19.074211 -2.144852 )
xyz8=( -28.985286 19.073818 -2.144660 )
xyz8=( -28.985286 19.073818 -2.144660 )
xyz8=( -28.985286 19.073818 -2.144660 )
xyz8=( -28.985286 19.073818 -2.144660 )
xyz8=( -28.986009 19.073426 -2.144468 )
xyz8=( -28.986009 19.073426 -2.144468 )
xyz8=( -28.986009 19.073426 -2.144468 )
xyz8=( -28.986009 19.073426 -2.144468 )
xyz8=( -28.986731 19.073034 -2.144276 )
xyz8=( -28.986731 19.073034 -2.144276 )
xyz8=( -28.986731 19.073034 -2.144276 )
xyz8=( -28.986731 19.073034 -2.144276 )
xyz8=( -28.987452 19.072643 -2.144084 )
xyz8=( -28.987452 19.072643 -2.144084 )
xyz8=( -28.987452 19.072643 -2.144084 )
xyz8=( -28.987452 19.072643 -2.144084 )
xyz8=( -28.988171 19.072252 -2.143891 )
xyz8=( -28.988171 19.072252 -2.143891 )
xyz8=( -28.988171 19.072252 -2.143891 )
xyz8=( -28.988171 19.072252 -2.143891 )
xyz8=( -28.988889 19.071861 -2.143699 )
xyz8=( -28.988889 19.071861 -2.143699 )
xyz8=( -28.988889 19.071861 -2.143699 )
xyz8=( -28.988889 19.071861 -2.143699 )
xyz8=( -28.989605 19.071471 -2.143506 )
xyz8=( -28.989605 19.071471 -2.143506 )
xyz8=( -28.989605 19.071471 -2.143506 )
xyz8=( -28.989605 19.071471 -2.143506 )
xyz8=( -28.990321 19.071081 -2.143313 )
xyz8=( -28.990321 19.071081 -2.143313 )
xyz8=( -28.990321 19.071081 -2.143313 )
xyz8=( -28.990321 19.071081 -2.143313 )
xyz8=( -28.991035 19.070692 -2.143120 )
xyz8=( -28.991035 19.070692 -2.143120 )
xyz8=( -28.991035 19.070692 -2.143120 )
xyz8=( -28.991035 19.070692 -2.143120 )
xyz8=( -28.991747 19.070303 -2.142927 )
xyz8=( -28.991747 19.070303 -2.142927 )
xyz8=( -28.991747 19.070303 -2.142927 )
xyz8=( -28.991747 19.070303 -2.142927 )
xyz8=( -28.992458 19.069914 -2.142734 )
xyz8=( -28.992458 19.069914 -2.142734 )
xyz8=( -28.993168 19.069526 -2.142541 )
xyz8=( -28.993168 19.069526 -2.142541 )
xyz8=( -28.993877 19.069138 -2.142347 )
xyz8=( -28.993877 19.069138 -2.142347 )
xyz8=( -28.994585 19.068751 -2.142154 )
xyz8=( -28.994585 19.068751 -2.142154 )
xyz8=( -28.995291 19.068363 -2.141960 )
xyz8=( -28.995291 19.068363 -2.141960 )
xyz8=( -28.995996 19.067977 -2.141766 )
xyz8=( -28.995996 19.067977 -2.141766 )
xyz8=( -28.996699 19.067590 -2.141572 )
xyz8=( -28.996699 19.067590 -2.141572 )
xyz8=( -28.997402 19.067204 -2.141378 )
xyz8=( -28.997402 19.067204 -2.141378 )
xyz8=( -28.998103 19.066819 -2.141184 )
xyz8=( -28.998103 19.066819 -2.141184 )
xyz8=( -28.998803 19.066433 -2.140990 )
xyz8=( -28.998803 19.066433 -2.140990 )
xyz8=( -28.999501 19.066049 -2.140796 )
xyz8=( -28.999501 19.066049 -2.140796 )
xyz8=( -29.000199 19.065664 -2.140601 )
xyz8=( -29.000199 19.065664 -2.140601 )
xyz8=( -29.000895 19.065280 -2.140407 )
xyz8=( -29.000895 19.065280 -2.140407 )
xyz8=( -29.001590 19.064896 -2.140212 )
xyz8=( -29.001590 19.064896 -2.140212 )
xyz8=( -29.002284 19.064513 -2.140017 )
xyz8=( -29.002284 19.064513 -2.140017 )
