order:    [ 1 9 10 0 15 14 13 17 16 12 8 4 5 11 3 7 2 6 ]
atoms:    [ CA CA C N C CA N HA H HA N CA C H N HA C H ]
residues: [ 0 2 2 0 3 3 3 3 3 2 2 1 1 2 1 1 0 1 ]

We use a different pair of symbles to represent the bits values which are associated with the HA and H of the discretized distance, and another one to represent the bits of other hydrogens.
For the HA and H from the discretized distance:
	"+" means 0
	"-" means 1
For any other hydrogens:
	">" means 0
	"<" means 1

d_16_12=3.480625704747 s=[ 0 0 0 0 1 1 0 > + - 0 0 1 > 0 < 1 > ] xyz8=( 13.580947, 37.793653, 7.729724 )

d_16_12=3.482645906768 s=[ 0 0 0 0 1 1 0 > + - 0 0 1 < 0 < 1 > ] xyz8=( 13.585782, 37.793495, 7.725588 )

d_16_12=3.484666108788 s=[ 0 0 0 0 1 1 0 > + - 0 0 0 > 0 < 1 > ] xyz8=( 13.590654, 37.793310, 7.721442 )

d_16_12=3.486686310808 s=[ 0 0 0 0 1 1 0 > + - 0 0 0 > 0 < 1 > ] xyz8=( 13.595563, 37.793099, 7.717286 )

d_16_12=3.488706512828 s=[ 0 0 0 0 1 1 0 > + - 0 0 0 < 0 < 1 > ] xyz8=( 13.600510, 37.792860, 7.713120 )

d_16_12=3.490726714848 s=[ 0 0 0 0 1 1 0 > + - 0 0 0 < 0 < 1 > ] xyz8=( 13.605495, 37.792594, 7.708944 )

d_16_12=3.480625704747 s=[ 0 0 0 1 0 0 1 < + + 1 1 0 < 1 > 0 > ] xyz8=( 12.939847, 37.343816, 8.682642 )

d_16_12=3.482645906768 s=[ 0 0 0 1 0 0 1 < + + 1 1 0 > 1 > 0 > ] xyz8=( 12.938808, 37.339536, 8.687237 )

d_16_12=3.484666108788 s=[ 0 0 0 1 0 0 1 < + + 1 1 1 < 1 > 0 > ] xyz8=( 12.937788, 37.335218, 8.691849 )

d_16_12=3.486686310808 s=[ 0 0 0 1 0 0 1 < + + 1 1 1 < 1 > 0 > ] xyz8=( 12.936787, 37.330860, 8.696477 )

d_16_12=3.488706512828 s=[ 0 0 0 1 0 0 1 < + + 1 1 1 > 1 > 0 > ] xyz8=( 12.935806, 37.326462, 8.701122 )

d_16_12=3.490726714848 s=[ 0 0 0 1 0 0 1 < + + 1 1 1 > 1 > 0 > ] xyz8=( 12.934845, 37.322023, 8.705785 )

