d_16_12=3.480625704747 eijMax=3.274E-04 rmsd=4.712E-02 s=[ 0 0 0 0 1 1 0 0 0 1 0 0 1 0 0 1 1 0 ]
d_16_12=3.480625704747 eijMax=1.414E-06 rmsd=5.298E-02 s=[ 0 0 0 0 1 1 0 0 0 1 0 0 1 1 0 1 1 0 ]
d_16_12=3.482645906768 eijMax=3.274E-04 rmsd=2.906E-02 s=[ 0 0 0 0 1 1 0 0 0 1 0 0 1 0 0 1 1 0 ]
d_16_12=3.482645906768 eijMax=4.890E-07 rmsd=2.349E-03 s=[ 0 0 0 0 1 1 0 0 0 1 0 0 1 1 0 1 1 0 ]
d_16_12=3.484666108788 eijMax=6.532E-04 rmsd=7.954E-02 s=[ 0 0 0 0 1 1 0 0 0 1 0 0 0 0 0 1 1 0 ]
d_16_12=3.486686310808 eijMax=8.322E-04 rmsd=8.552E-02 s=[ 0 0 0 0 1 1 0 0 0 1 0 0 0 0 0 1 1 0 ]
d_16_12=3.486686310808 eijMax=8.322E-04 rmsd=8.862E-02 s=[ 0 0 0 0 1 1 0 0 0 1 0 0 0 1 0 1 1 0 ]
d_16_12=3.488706512828 eijMax=1.001E-03 rmsd=1.123E-01 s=[ 0 0 0 0 1 1 0 0 0 1 0 0 0 0 0 1 1 0 ]
d_16_12=3.488706512828 eijMax=1.001E-03 rmsd=1.084E-01 s=[ 0 0 0 0 1 1 0 0 0 1 0 0 0 1 0 1 1 0 ]
d_16_12=3.490726714848 eijMax=1.155E-03 rmsd=1.485E-01 s=[ 0 0 0 0 1 1 0 0 0 1 0 0 0 0 0 1 1 0 ]
d_16_12=3.490726714848 eijMax=1.155E-03 rmsd=1.407E-01 s=[ 0 0 0 0 1 1 0 0 0 1 0 0 0 1 0 1 1 0 ]
d_16_12=3.480625704747 eijMax=1.414E-06 rmsd=5.298E-02 s=[ 0 0 0 1 0 0 1 1 0 0 1 1 0 0 1 0 0 0 ]
d_16_12=3.480625704747 eijMax=3.274E-04 rmsd=4.712E-02 s=[ 0 0 0 1 0 0 1 1 0 0 1 1 0 1 1 0 0 0 ]
d_16_12=3.482645906768 eijMax=4.890E-07 rmsd=2.349E-03 s=[ 0 0 0 1 0 0 1 1 0 0 1 1 0 0 1 0 0 0 ]
d_16_12=3.482645906768 eijMax=3.274E-04 rmsd=2.906E-02 s=[ 0 0 0 1 0 0 1 1 0 0 1 1 0 1 1 0 0 0 ]
d_16_12=3.484666108788 eijMax=6.532E-04 rmsd=7.954E-02 s=[ 0 0 0 1 0 0 1 1 0 0 1 1 1 1 1 0 0 0 ]
d_16_12=3.486686310808 eijMax=8.322E-04 rmsd=8.862E-02 s=[ 0 0 0 1 0 0 1 1 0 0 1 1 1 0 1 0 0 0 ]
d_16_12=3.486686310808 eijMax=8.322E-04 rmsd=8.552E-02 s=[ 0 0 0 1 0 0 1 1 0 0 1 1 1 1 1 0 0 0 ]
d_16_12=3.488706512828 eijMax=1.001E-03 rmsd=1.084E-01 s=[ 0 0 0 1 0 0 1 1 0 0 1 1 1 0 1 0 0 0 ]
d_16_12=3.488706512828 eijMax=1.001E-03 rmsd=1.123E-01 s=[ 0 0 0 1 0 0 1 1 0 0 1 1 1 1 1 0 0 0 ]
d_16_12=3.490726714848 eijMax=1.155E-03 rmsd=1.407E-01 s=[ 0 0 0 1 0 0 1 1 0 0 1 1 1 0 1 0 0 0 ]
d_16_12=3.490726714848 eijMax=1.155E-03 rmsd=1.485E-01 s=[ 0 0 0 1 0 0 1 1 0 0 1 1 1 1 1 0 0 0 ]
num ..... 100
nnodes .. 18
nedges .. 67
nsols ... 22
tsecs ... 1.001601
