xyz8=( 13.580774 37.793658 7.729873 )
xyz8=( 13.580774 37.793658 7.729873 )
xyz8=( 13.581251 37.793644 7.729464 )
xyz8=( 13.581251 37.793644 7.729464 )
xyz8=( 13.581729 37.793629 7.729054 )
xyz8=( 13.581729 37.793629 7.729054 )
xyz8=( 13.582207 37.793614 7.728644 )
xyz8=( 13.582207 37.793614 7.728644 )
xyz8=( 13.582685 37.793599 7.728235 )
xyz8=( 13.582685 37.793599 7.728235 )
xyz8=( 13.583164 37.793583 7.727825 )
xyz8=( 13.583164 37.793583 7.727825 )
xyz8=( 13.583643 37.793568 7.727415 )
xyz8=( 13.583643 37.793568 7.727415 )
xyz8=( 13.584123 37.793552 7.727005 )
xyz8=( 13.584123 37.793552 7.727005 )
xyz8=( 13.584603 37.793536 7.726595 )
xyz8=( 13.584603 37.793536 7.726595 )
xyz8=( 13.585083 37.793519 7.726185 )
xyz8=( 13.585083 37.793519 7.726185 )
xyz8=( 13.585564 37.793502 7.725774 )
xyz8=( 13.585564 37.793502 7.725774 )
xyz8=( 13.586045 37.793485 7.725364 )
xyz8=( 13.586045 37.793485 7.725364 )
xyz8=( 13.586526 37.793468 7.724954 )
xyz8=( 13.586526 37.793468 7.724954 )
xyz8=( 13.587008 37.793451 7.724543 )
xyz8=( 13.587008 37.793451 7.724543 )
xyz8=( 13.587490 37.793433 7.724132 )
xyz8=( 13.587490 37.793433 7.724132 )
xyz8=( 13.587972 37.793415 7.723722 )
xyz8=( 13.587972 37.793415 7.723722 )
xyz8=( 13.587972 37.793415 7.723722 )
xyz8=( 13.588455 37.793397 7.723311 )
xyz8=( 13.588455 37.793397 7.723311 )
xyz8=( 13.588455 37.793397 7.723311 )
xyz8=( 13.588938 37.793378 7.722900 )
xyz8=( 13.588938 37.793378 7.722900 )
xyz8=( 13.588938 37.793378 7.722900 )
xyz8=( 13.589422 37.793359 7.722489 )
xyz8=( 13.589422 37.793359 7.722489 )
xyz8=( 13.589422 37.793359 7.722489 )
xyz8=( 13.589905 37.793340 7.722078 )
xyz8=( 13.589905 37.793340 7.722078 )
xyz8=( 13.590390 37.793321 7.721666 )
xyz8=( 13.590874 37.793301 7.721255 )
xyz8=( 13.591359 37.793281 7.720844 )
xyz8=( 13.591845 37.793261 7.720432 )
xyz8=( 13.592330 37.793241 7.720020 )
xyz8=( 13.592330 37.793241 7.720020 )
xyz8=( 13.592816 37.793220 7.719609 )
xyz8=( 13.592816 37.793220 7.719609 )
xyz8=( 13.593303 37.793199 7.719197 )
xyz8=( 13.593303 37.793199 7.719197 )
xyz8=( 13.593790 37.793178 7.718785 )
xyz8=( 13.593790 37.793178 7.718785 )
xyz8=( 13.594277 37.793157 7.718373 )
xyz8=( 13.594277 37.793157 7.718373 )
xyz8=( 13.594764 37.793135 7.717961 )
xyz8=( 13.594764 37.793135 7.717961 )
xyz8=( 13.595252 37.793113 7.717548 )
xyz8=( 13.595252 37.793113 7.717548 )
xyz8=( 13.595741 37.793091 7.717136 )
xyz8=( 13.595741 37.793091 7.717136 )
xyz8=( 13.596229 37.793068 7.716724 )
xyz8=( 13.596229 37.793068 7.716724 )
xyz8=( 13.596718 37.793045 7.716311 )
xyz8=( 13.596718 37.793045 7.716311 )
xyz8=( 13.597208 37.793022 7.715898 )
xyz8=( 13.597208 37.793022 7.715898 )
xyz8=( 13.597697 37.792999 7.715486 )
xyz8=( 13.597697 37.792999 7.715486 )
xyz8=( 13.598188 37.792975 7.715073 )
xyz8=( 13.598188 37.792975 7.715073 )
xyz8=( 13.598678 37.792952 7.714660 )
xyz8=( 13.598678 37.792952 7.714660 )
xyz8=( 13.599169 37.792927 7.714247 )
xyz8=( 13.599169 37.792927 7.714247 )
xyz8=( 13.599660 37.792903 7.713834 )
xyz8=( 13.599660 37.792903 7.713834 )
xyz8=( 13.600152 37.792878 7.713421 )
xyz8=( 13.600152 37.792878 7.713421 )
xyz8=( 13.600644 37.792853 7.713007 )
xyz8=( 13.600644 37.792853 7.713007 )
xyz8=( 13.601136 37.792828 7.712594 )
xyz8=( 13.601136 37.792828 7.712594 )
xyz8=( 13.601629 37.792803 7.712180 )
xyz8=( 13.601629 37.792803 7.712180 )
xyz8=( 13.602122 37.792777 7.711767 )
xyz8=( 13.602122 37.792777 7.711767 )
xyz8=( 13.602616 37.792751 7.711353 )
xyz8=( 13.602616 37.792751 7.711353 )
xyz8=( 13.603110 37.792725 7.710939 )
xyz8=( 13.603110 37.792725 7.710939 )
xyz8=( 13.603604 37.792698 7.710525 )
xyz8=( 13.603604 37.792698 7.710525 )
xyz8=( 13.604099 37.792671 7.710111 )
xyz8=( 13.604099 37.792671 7.710111 )
xyz8=( 13.604594 37.792644 7.709697 )
xyz8=( 13.604594 37.792644 7.709697 )
xyz8=( 13.605090 37.792616 7.709283 )
xyz8=( 13.605090 37.792616 7.709283 )
xyz8=( 13.605585 37.792589 7.708868 )
xyz8=( 13.605585 37.792589 7.708868 )
xyz8=( 13.606082 37.792561 7.708454 )
xyz8=( 13.606082 37.792561 7.708454 )
xyz8=( 13.606578 37.792533 7.708039 )
xyz8=( 13.606578 37.792533 7.708039 )
xyz8=( 13.607075 37.792504 7.707625 )
xyz8=( 13.607075 37.792504 7.707625 )
xyz8=( 13.607573 37.792475 7.707210 )
xyz8=( 13.607573 37.792475 7.707210 )
xyz8=( 13.608070 37.792446 7.706795 )
xyz8=( 13.608070 37.792446 7.706795 )
xyz8=( 13.608569 37.792417 7.706380 )
xyz8=( 12.939885 37.343970 8.682477 )
xyz8=( 12.939885 37.343970 8.682477 )
xyz8=( 12.939781 37.343547 8.682932 )
xyz8=( 12.939781 37.343547 8.682932 )
xyz8=( 12.939677 37.343125 8.683386 )
xyz8=( 12.939677 37.343125 8.683386 )
xyz8=( 12.939574 37.342702 8.683841 )
xyz8=( 12.939574 37.342702 8.683841 )
xyz8=( 12.939470 37.342278 8.684296 )
xyz8=( 12.939470 37.342278 8.684296 )
xyz8=( 12.939367 37.341855 8.684751 )
xyz8=( 12.939367 37.341855 8.684751 )
xyz8=( 12.939264 37.341430 8.685207 )
xyz8=( 12.939264 37.341430 8.685207 )
xyz8=( 12.939162 37.341006 8.685662 )
xyz8=( 12.939162 37.341006 8.685662 )
xyz8=( 12.939059 37.340581 8.686118 )
xyz8=( 12.939059 37.340581 8.686118 )
xyz8=( 12.938957 37.340156 8.686574 )
xyz8=( 12.938957 37.340156 8.686574 )
xyz8=( 12.938854 37.339730 8.687030 )
xyz8=( 12.938854 37.339730 8.687030 )
xyz8=( 12.938752 37.339304 8.687486 )
xyz8=( 12.938752 37.339304 8.687486 )
xyz8=( 12.938650 37.338877 8.687942 )
xyz8=( 12.938650 37.338877 8.687942 )
xyz8=( 12.938549 37.338451 8.688399 )
xyz8=( 12.938549 37.338451 8.688399 )
xyz8=( 12.938447 37.338023 8.688856 )
xyz8=( 12.938447 37.338023 8.688856 )
xyz8=( 12.938346 37.337596 8.689312 )
xyz8=( 12.938346 37.337596 8.689312 )
xyz8=( 12.938346 37.337596 8.689312 )
xyz8=( 12.938245 37.337168 8.689769 )
xyz8=( 12.938245 37.337168 8.689769 )
xyz8=( 12.938245 37.337168 8.689769 )
xyz8=( 12.938144 37.336740 8.690227 )
xyz8=( 12.938144 37.336740 8.690227 )
xyz8=( 12.938144 37.336740 8.690227 )
xyz8=( 12.938043 37.336311 8.690684 )
xyz8=( 12.938043 37.336311 8.690684 )
xyz8=( 12.938043 37.336311 8.690684 )
xyz8=( 12.937943 37.335882 8.691141 )
xyz8=( 12.937943 37.335882 8.691141 )
xyz8=( 12.937843 37.335452 8.691599 )
xyz8=( 12.937742 37.335022 8.692057 )
xyz8=( 12.937642 37.334592 8.692515 )
xyz8=( 12.937543 37.334161 8.692973 )
xyz8=( 12.937443 37.333730 8.693431 )
xyz8=( 12.937443 37.333730 8.693431 )
xyz8=( 12.937344 37.333299 8.693890 )
xyz8=( 12.937344 37.333299 8.693890 )
xyz8=( 12.937244 37.332867 8.694348 )
xyz8=( 12.937244 37.332867 8.694348 )
xyz8=( 12.937145 37.332435 8.694807 )
xyz8=( 12.937145 37.332435 8.694807 )
xyz8=( 12.937047 37.332002 8.695266 )
xyz8=( 12.937047 37.332002 8.695266 )
xyz8=( 12.936948 37.331569 8.695725 )
xyz8=( 12.936948 37.331569 8.695725 )
xyz8=( 12.936850 37.331136 8.696185 )
xyz8=( 12.936850 37.331136 8.696185 )
xyz8=( 12.936751 37.330702 8.696644 )
xyz8=( 12.936751 37.330702 8.696644 )
xyz8=( 12.936653 37.330268 8.697104 )
xyz8=( 12.936653 37.330268 8.697104 )
xyz8=( 12.936555 37.329833 8.697563 )
xyz8=( 12.936555 37.329833 8.697563 )
xyz8=( 12.936458 37.329398 8.698023 )
xyz8=( 12.936458 37.329398 8.698023 )
xyz8=( 12.936360 37.328963 8.698484 )
xyz8=( 12.936360 37.328963 8.698484 )
xyz8=( 12.936263 37.328527 8.698944 )
xyz8=( 12.936263 37.328527 8.698944 )
xyz8=( 12.936166 37.328091 8.699404 )
xyz8=( 12.936166 37.328091 8.699404 )
xyz8=( 12.936069 37.327654 8.699865 )
xyz8=( 12.936069 37.327654 8.699865 )
xyz8=( 12.935972 37.327217 8.700326 )
xyz8=( 12.935972 37.327217 8.700326 )
xyz8=( 12.935876 37.326780 8.700787 )
xyz8=( 12.935876 37.326780 8.700787 )
xyz8=( 12.935780 37.326342 8.701248 )
xyz8=( 12.935780 37.326342 8.701248 )
xyz8=( 12.935684 37.325904 8.701709 )
xyz8=( 12.935684 37.325904 8.701709 )
xyz8=( 12.935588 37.325465 8.702171 )
xyz8=( 12.935588 37.325465 8.702171 )
xyz8=( 12.935492 37.325026 8.702632 )
xyz8=( 12.935492 37.325026 8.702632 )
xyz8=( 12.935397 37.324587 8.703094 )
xyz8=( 12.935397 37.324587 8.703094 )
xyz8=( 12.935301 37.324147 8.703556 )
xyz8=( 12.935301 37.324147 8.703556 )
xyz8=( 12.935206 37.323707 8.704019 )
xyz8=( 12.935206 37.323707 8.704019 )
xyz8=( 12.935111 37.323267 8.704481 )
xyz8=( 12.935111 37.323267 8.704481 )
xyz8=( 12.935016 37.322826 8.704943 )
xyz8=( 12.935016 37.322826 8.704943 )
xyz8=( 12.934922 37.322384 8.705406 )
xyz8=( 12.934922 37.322384 8.705406 )
xyz8=( 12.934828 37.321942 8.705869 )
xyz8=( 12.934828 37.321942 8.705869 )
xyz8=( 12.934734 37.321500 8.706332 )
xyz8=( 12.934734 37.321500 8.706332 )
xyz8=( 12.934640 37.321058 8.706795 )
xyz8=( 12.934640 37.321058 8.706795 )
xyz8=( 12.934546 37.320615 8.707259 )
xyz8=( 12.934546 37.320615 8.707259 )
xyz8=( 12.934452 37.320171 8.707722 )
xyz8=( 12.934452 37.320171 8.707722 )
xyz8=( 12.934359 37.319727 8.708186 )
xyz8=( 12.934359 37.319727 8.708186 )
xyz8=( 12.934266 37.319283 8.708650 )
