xyz8=( 13.580947 37.793653 7.729724 )
xyz8=( 13.580947 37.793653 7.729724 )
xyz8=( 13.585782 37.793495 7.725588 )
xyz8=( 13.585782 37.793495 7.725588 )
xyz8=( 13.590654 37.793310 7.721442 )
xyz8=( 13.595563 37.793099 7.717286 )
xyz8=( 13.595563 37.793099 7.717286 )
xyz8=( 13.600510 37.792860 7.713120 )
xyz8=( 13.600510 37.792860 7.713120 )
xyz8=( 13.605495 37.792594 7.708944 )
xyz8=( 13.605495 37.792594 7.708944 )
xyz8=( 12.939847 37.343816 8.682642 )
xyz8=( 12.939847 37.343816 8.682642 )
xyz8=( 12.938808 37.339536 8.687237 )
xyz8=( 12.938808 37.339536 8.687237 )
xyz8=( 12.937788 37.335218 8.691849 )
xyz8=( 12.936787 37.330860 8.696477 )
xyz8=( 12.936787 37.330860 8.696477 )
xyz8=( 12.935806 37.326462 8.701122 )
xyz8=( 12.935806 37.326462 8.701122 )
xyz8=( 12.934845 37.322023 8.705785 )
xyz8=( 12.934845 37.322023 8.705785 )
